[
  {
    "query": "with ssr as\n (select  s_store_id as store_id,\n          sum(ss_ext_sales_price) as sales,\n          sum(coalesce(sr_return_amt, 0)) as returns,\n          sum(ss_net_profit - coalesce(sr_net_loss, 0)) as profit\n  from store_sales left outer join store_returns on\n         (ss_item_sk = sr_item_sk and ss_ticket_number = sr_ticket_number),\n     date_dim,\n     store,\n     item,\n     promotion\n where ss_sold_date_sk = d_date_sk\n       and d_date between cast('2000-08-25' as date) \n                  and (cast('2000-08-25' as date) +  interval '30 days')\n       and ss_store_sk = s_store_sk\n       and ss_item_sk = i_item_sk\n       and i_current_price > 50\n       and ss_promo_sk = p_promo_sk\n       and p_channel_tv = 'N'\n group by s_store_id)\n ,\n csr as\n (select  cp_catalog_page_id as catalog_page_id,\n          sum(cs_ext_sales_price) as sales,\n          sum(coalesce(cr_return_amount, 0)) as returns,\n          sum(cs_net_profit - coalesce(cr_net_loss, 0)) as profit\n  from catalog_sales left outer join catalog_returns on\n         (cs_item_sk = cr_item_sk and cs_order_number = cr_order_number),\n     date_dim,\n     catalog_page,\n     item,\n     promotion\n where cs_sold_date_sk = d_date_sk\n       and d_date between cast('2000-08-25' as date)\n                  and (cast('2000-08-25' as date) +  interval '30 days')\n        and cs_catalog_page_sk = cp_catalog_page_sk\n       and cs_item_sk = i_item_sk\n       and i_current_price > 50\n       and cs_promo_sk = p_promo_sk\n       and p_channel_tv = 'N'\ngroup by cp_catalog_page_id)\n ,\n wsr as\n (select  web_site_id,\n          sum(ws_ext_sales_price) as sales,\n          sum(coalesce(wr_return_amt, 0)) as returns,\n          sum(ws_net_profit - coalesce(wr_net_loss, 0)) as profit\n  from web_sales left outer join web_returns on\n         (ws_item_sk = wr_item_sk and ws_order_number = wr_order_number),\n     date_dim,\n     web_site,\n     item,\n     promotion\n where ws_sold_date_sk = d_date_sk\n       and d_date between cast('2000-08-25' as date)\n                  and (cast('2000-08-25' as date) +  interval '30 days')\n        and ws_web_site_sk = web_site_sk\n       and ws_item_sk = i_item_sk\n       and i_current_price > 50\n       and ws_promo_sk = p_promo_sk\n       and p_channel_tv = 'N'\ngroup by web_site_id)\n  select  channel\n        , id\n        , sum(sales) as sales\n        , sum(returns) as returns\n        , sum(profit) as profit\n from \n (select 'store channel' as channel\n        , 'store' || store_id as id\n        , sales\n        , returns\n        , profit\n from   ssr\n union all\n select 'catalog channel' as channel\n        , 'catalog_page' || catalog_page_id as id\n        , sales\n        , returns\n        , profit\n from  csr\n union all\n select 'web channel' as channel\n        , 'web_site' || web_site_id as id\n        , sales\n        , returns\n        , profit\n from   wsr\n ) x\n group by rollup (channel, id)\n order by channel\n         ,id\n limit 100;\n\n-- end query 61 in stream 1 using template query80.tpl\n",
    "indexes": "promotion.p_promo_sk",
    "wo plan est": {
      "Node Type": "Limit",
      "Parallel Aware": false,
      "Async Capable": false,
      "Startup Cost": 1566793.64,
      "Total Cost": 1566796.93,
      "Plan Rows": 100,
      "Plan Width": 160,
      "Plans": [
        {
          "Node Type": "Aggregate",
          "Strategy": "Sorted",
          "Partial Mode": "Simple",
          "Parent Relationship": "Outer",
          "Parallel Aware": false,
          "Async Capable": false,
          "Startup Cost": 1566793.64,
          "Total Cost": 1566806.84,
          "Plan Rows": 401,
          "Plan Width": 160,
          "Grouping Sets": [
            {
              "Group Keys": [
                [
                  "('store channel'::text)",
                  "(('store'::text || (ssr.store_id)::text))"
                ],
                [
                  "('store channel'::text)"
                ],
                []
              ]
            }
          ],
          "Plans": [
            {
              "Node Type": "Sort",
              "Parent Relationship": "Outer",
              "Parallel Aware": false,
              "Async Capable": false,
              "Startup Cost": 1566793.64,
              "Total Cost": 1566794.67,
              "Plan Rows": 412,
              "Plan Width": 160,
              "Sort Key": [
                "('store channel'::text)",
                "(('store'::text || (ssr.store_id)::text))"
              ],
              "Plans": [
                {
                  "Node Type": "Append",
                  "Parent Relationship": "Outer",
                  "Parallel Aware": false,
                  "Async Capable": false,
                  "Startup Cost": 784596.3,
                  "Total Cost": 1566775.74,
                  "Plan Rows": 412,
                  "Plan Width": 160,
                  "Subplans Removed": 0,
                  "Plans": [
                    {
                      "Node Type": "Subquery Scan",
                      "Parent Relationship": "Member",
                      "Parallel Aware": false,
                      "Async Capable": false,
                      "Alias": "ssr",
                      "Startup Cost": 784596.3,
                      "Total Cost": 784616.16,
                      "Plan Rows": 51,
                      "Plan Width": 160,
                      "Plans": [
                        {
                          "Node Type": "Aggregate",
                          "Strategy": "Sorted",
                          "Partial Mode": "Finalize",
                          "Parent Relationship": "Subquery",
                          "Parallel Aware": false,
                          "Async Capable": false,
                          "Startup Cost": 784596.3,
                          "Total Cost": 784615.39,
                          "Plan Rows": 51,
                          "Plan Width": 113,
                          "Group Key": [
                            "store.s_store_id"
                          ],
                          "Plans": [
                            {
                              "Node Type": "Gather Merge",
                              "Parent Relationship": "Outer",
                              "Parallel Aware": false,
                              "Async Capable": false,
                              "Startup Cost": 784596.3,
                              "Total Cost": 784612.71,
                              "Plan Rows": 102,
                              "Plan Width": 113,
                              "Workers Planned": 2,
                              "Plans": [
                                {
                                  "Node Type": "Aggregate",
                                  "Strategy": "Sorted",
                                  "Partial Mode": "Partial",
                                  "Parent Relationship": "Outer",
                                  "Parallel Aware": false,
                                  "Async Capable": false,
                                  "Startup Cost": 783596.27,
                                  "Total Cost": 783600.92,
                                  "Plan Rows": 51,
                                  "Plan Width": 113,
                                  "Group Key": [
                                    "store.s_store_id"
                                  ],
                                  "Plans": [
                                    {
                                      "Node Type": "Sort",
                                      "Parent Relationship": "Outer",
                                      "Parallel Aware": false,
                                      "Async Capable": false,
                                      "Startup Cost": 783596.27,
                                      "Total Cost": 783596.9,
                                      "Plan Rows": 250,
                                      "Plan Width": 41,
                                      "Sort Key": [
                                        "store.s_store_id"
                                      ],
                                      "Plans": [
                                        {
                                          "Node Type": "Hash Join",
                                          "Parent Relationship": "Outer",
                                          "Parallel Aware": false,
                                          "Async Capable": false,
                                          "Join Type": "Inner",
                                          "Startup Cost": 94489.35,
                                          "Total Cost": 783586.32,
                                          "Plan Rows": 250,
                                          "Plan Width": 41,
                                          "Inner Unique": false,
                                          "Hash Cond": "(store_sales.ss_store_sk = store.s_store_sk)",
                                          "Plans": [
                                            {
                                              "Node Type": "Hash Join",
                                              "Parent Relationship": "Outer",
                                              "Parallel Aware": false,
                                              "Async Capable": false,
                                              "Join Type": "Inner",
                                              "Startup Cost": 94482.05,
                                              "Total Cost": 783575.54,
                                              "Plan Rows": 262,
                                              "Plan Width": 28,
                                              "Inner Unique": false,
                                              "Hash Cond": "(store_sales.ss_promo_sk = promotion.p_promo_sk)",
                                              "Plans": [
                                                {
                                                  "Node Type": "Hash Join",
                                                  "Parent Relationship": "Outer",
                                                  "Parallel Aware": true,
                                                  "Async Capable": false,
                                                  "Join Type": "Inner",
                                                  "Startup Cost": 94456.65,
                                                  "Total Cost": 783546.47,
                                                  "Plan Rows": 279,
                                                  "Plan Width": 32,
                                                  "Inner Unique": false,
                                                  "Hash Cond": "(store_sales.ss_item_sk = item.i_item_sk)",
                                                  "Plans": [
                                                    {
                                                      "Node Type": "Hash Join",
                                                      "Parent Relationship": "Outer",
                                                      "Parallel Aware": true,
                                                      "Async Capable": false,
                                                      "Join Type": "Left",
                                                      "Startup Cost": 86930.88,
                                                      "Total Cost": 776001.31,
                                                      "Plan Rows": 4860,
                                                      "Plan Width": 36,
                                                      "Inner Unique": false,
                                                      "Hash Cond": "((store_sales.ss_item_sk = store_returns.sr_item_sk) AND (store_sales.ss_ticket_number = store_returns.sr_ticket_number))",
                                                      "Plans": [
                                                        {
                                                          "Node Type": "Hash Join",
                                                          "Parent Relationship": "Outer",
                                                          "Parallel Aware": true,
                                                          "Async Capable": false,
                                                          "Join Type": "Inner",
                                                          "Startup Cost": 2049.78,
                                                          "Total Cost": 683994.75,
                                                          "Plan Rows": 4860,
                                                          "Plan Width": 28,
                                                          "Inner Unique": false,
                                                          "Hash Cond": "(store_sales.ss_sold_date_sk = date_dim.d_date_sk)",
                                                          "Plans": [
                                                            {
                                                              "Node Type": "Seq Scan",
                                                              "Parent Relationship": "Outer",
                                                              "Parallel Aware": true,
                                                              "Async Capable": false,
                                                              "Relation Name": "store_sales",
                                                              "Alias": "store_sales",
                                                              "Startup Cost": 0.0,
                                                              "Total Cost": 636914.37,
                                                              "Plan Rows": 12000637,
                                                              "Plan Width": 32,
                                                              "parent": 13,
                                                              "ID": 14
                                                            },
                                                            {
                                                              "Node Type": "Hash",
                                                              "Parent Relationship": "Inner",
                                                              "Parallel Aware": true,
                                                              "Async Capable": false,
                                                              "Startup Cost": 2049.55,
                                                              "Total Cost": 2049.55,
                                                              "Plan Rows": 18,
                                                              "Plan Width": 4,
                                                              "Plans": [
                                                                {
                                                                  "Node Type": "Seq Scan",
                                                                  "Parent Relationship": "Outer",
                                                                  "Parallel Aware": true,
                                                                  "Async Capable": false,
                                                                  "Relation Name": "date_dim",
                                                                  "Alias": "date_dim",
                                                                  "Startup Cost": 0.0,
                                                                  "Total Cost": 2049.55,
                                                                  "Plan Rows": 18,
                                                                  "Plan Width": 4,
                                                                  "Filter": "((d_date >= '2000-08-25'::date) AND (d_date <= '2000-09-24 00:00:00'::timestamp without time zone))",
                                                                  "parent": 15,
                                                                  "ID": 16
                                                                }
                                                              ],
                                                              "parent": 13,
                                                              "ID": 15,
                                                              "left": 16
                                                            }
                                                          ],
                                                          "parent": 12,
                                                          "ID": 13,
                                                          "left": 14,
                                                          "right": 15
                                                        },
                                                        {
                                                          "Node Type": "Hash",
                                                          "Parent Relationship": "Inner",
                                                          "Parallel Aware": true,
                                                          "Async Capable": false,
                                                          "Startup Cost": 59887.64,
                                                          "Total Cost": 59887.64,
                                                          "Plan Rows": 1198164,
                                                          "Plan Width": 20,
                                                          "Plans": [
                                                            {
                                                              "Node Type": "Seq Scan",
                                                              "Parent Relationship": "Outer",
                                                              "Parallel Aware": true,
                                                              "Async Capable": false,
                                                              "Relation Name": "store_returns",
                                                              "Alias": "store_returns",
                                                              "Startup Cost": 0.0,
                                                              "Total Cost": 59887.64,
                                                              "Plan Rows": 1198164,
                                                              "Plan Width": 20,
                                                              "parent": 17,
                                                              "ID": 18
                                                            }
                                                          ],
                                                          "parent": 12,
                                                          "ID": 17,
                                                          "left": 18
                                                        }
                                                      ],
                                                      "parent": 11,
                                                      "ID": 12,
                                                      "left": 13,
                                                      "right": 17
                                                    },
                                                    {
                                                      "Node Type": "Hash",
                                                      "Parent Relationship": "Inner",
                                                      "Parallel Aware": true,
                                                      "Async Capable": false,
                                                      "Startup Cost": 7495.25,
                                                      "Total Cost": 7495.25,
                                                      "Plan Rows": 2442,
                                                      "Plan Width": 4,
                                                      "Plans": [
                                                        {
                                                          "Node Type": "Seq Scan",
                                                          "Parent Relationship": "Outer",
                                                          "Parallel Aware": true,
                                                          "Async Capable": false,
                                                          "Relation Name": "item",
                                                          "Alias": "item",
                                                          "Startup Cost": 0.0,
                                                          "Total Cost": 7495.25,
                                                          "Plan Rows": 2442,
                                                          "Plan Width": 4,
                                                          "Filter": "(i_current_price > '50'::numeric)",
                                                          "parent": 19,
                                                          "ID": 20
                                                        }
                                                      ],
                                                      "parent": 11,
                                                      "ID": 19,
                                                      "left": 20
                                                    }
                                                  ],
                                                  "parent": 10,
                                                  "ID": 11,
                                                  "left": 12,
                                                  "right": 19
                                                },
                                                {
                                                  "Node Type": "Hash",
                                                  "Parent Relationship": "Inner",
                                                  "Parallel Aware": false,
                                                  "Async Capable": false,
                                                  "Startup Cost": 19.25,
                                                  "Total Cost": 19.25,
                                                  "Plan Rows": 492,
                                                  "Plan Width": 4,
                                                  "Plans": [
                                                    {
                                                      "Node Type": "Seq Scan",
                                                      "Parent Relationship": "Outer",
                                                      "Parallel Aware": false,
                                                      "Async Capable": false,
                                                      "Relation Name": "promotion",
                                                      "Alias": "promotion",
                                                      "Startup Cost": 0.0,
                                                      "Total Cost": 19.25,
                                                      "Plan Rows": 492,
                                                      "Plan Width": 4,
                                                      "Filter": "(p_channel_tv = 'N'::bpchar)",
                                                      "parent": 21,
                                                      "ID": 22
                                                    }
                                                  ],
                                                  "parent": 10,
                                                  "ID": 21,
                                                  "left": 22
                                                }
                                              ],
                                              "parent": 9,
                                              "ID": 10,
                                              "left": 11,
                                              "right": 21
                                            },
                                            {
                                              "Node Type": "Hash",
                                              "Parent Relationship": "Inner",
                                              "Parallel Aware": false,
                                              "Async Capable": false,
                                              "Startup Cost": 6.02,
                                              "Total Cost": 6.02,
                                              "Plan Rows": 102,
                                              "Plan Width": 21,
                                              "Plans": [
                                                {
                                                  "Node Type": "Seq Scan",
                                                  "Parent Relationship": "Outer",
                                                  "Parallel Aware": false,
                                                  "Async Capable": false,
                                                  "Relation Name": "store",
                                                  "Alias": "store",
                                                  "Startup Cost": 0.0,
                                                  "Total Cost": 6.02,
                                                  "Plan Rows": 102,
                                                  "Plan Width": 21,
                                                  "parent": 23,
                                                  "ID": 24
                                                }
                                              ],
                                              "parent": 9,
                                              "ID": 23,
                                              "left": 24
                                            }
                                          ],
                                          "parent": 8,
                                          "ID": 9,
                                          "left": 10,
                                          "right": 23
                                        }
                                      ],
                                      "parent": 7,
                                      "ID": 8,
                                      "left": 9
                                    }
                                  ],
                                  "parent": 6,
                                  "ID": 7,
                                  "left": 8
                                }
                              ],
                              "parent": 5,
                              "ID": 6,
                              "left": 7
                            }
                          ],
                          "parent": 4,
                          "ID": 5,
                          "left": 6
                        }
                      ],
                      "parent": 3,
                      "ID": 4,
                      "left": 5
                    },
                    {
                      "Node Type": "Subquery Scan",
                      "Parent Relationship": "Member",
                      "Parallel Aware": false,
                      "Async Capable": false,
                      "Alias": "csr",
                      "Startup Cost": 518177.36,
                      "Total Cost": 518230.78,
                      "Plan Rows": 340,
                      "Plan Width": 160,
                      "Plans": [
                        {
                          "Node Type": "Aggregate",
                          "Strategy": "Sorted",
                          "Partial Mode": "Finalize",
                          "Parent Relationship": "Subquery",
                          "Parallel Aware": false,
                          "Async Capable": false,
                          "Startup Cost": 518177.36,
                          "Total Cost": 518225.68,
                          "Plan Rows": 340,
                          "Plan Width": 113,
                          "Group Key": [
                            "catalog_page.cp_catalog_page_id"
                          ],
                          "Plans": [
                            {
                              "Node Type": "Gather Merge",
                              "Parent Relationship": "Outer",
                              "Parallel Aware": false,
                              "Async Capable": false,
                              "Startup Cost": 518177.36,
                              "Total Cost": 518214.76,
                              "Plan Rows": 284,
                              "Plan Width": 113,
                              "Workers Planned": 2,
                              "Plans": [
                                {
                                  "Node Type": "Aggregate",
                                  "Strategy": "Sorted",
                                  "Partial Mode": "Partial",
                                  "Parent Relationship": "Outer",
                                  "Parallel Aware": false,
                                  "Async Capable": false,
                                  "Startup Cost": 517177.34,
                                  "Total Cost": 517181.95,
                                  "Plan Rows": 142,
                                  "Plan Width": 113,
                                  "Group Key": [
                                    "catalog_page.cp_catalog_page_id"
                                  ],
                                  "Plans": [
                                    {
                                      "Node Type": "Sort",
                                      "Parent Relationship": "Outer",
                                      "Parallel Aware": false,
                                      "Async Capable": false,
                                      "Startup Cost": 517177.34,
                                      "Total Cost": 517177.69,
                                      "Plan Rows": 142,
                                      "Plan Width": 41,
                                      "Sort Key": [
                                        "catalog_page.cp_catalog_page_id"
                                      ],
                                      "Plans": [
                                        {
                                          "Node Type": "Hash Join",
                                          "Parent Relationship": "Outer",
                                          "Parallel Aware": false,
                                          "Async Capable": false,
                                          "Join Type": "Inner",
                                          "Startup Cost": 57382.33,
                                          "Total Cost": 517172.26,
                                          "Plan Rows": 142,
                                          "Plan Width": 41,
                                          "Inner Unique": false,
                                          "Hash Cond": "(catalog_sales.cs_catalog_page_sk = catalog_page.cp_catalog_page_sk)",
                                          "Plans": [
                                            {
                                              "Node Type": "Hash Join",
                                              "Parent Relationship": "Outer",
                                              "Parallel Aware": false,
                                              "Async Capable": false,
                                              "Join Type": "Inner",
                                              "Startup Cost": 56864.33,
                                              "Total Cost": 516652.32,
                                              "Plan Rows": 142,
                                              "Plan Width": 28,
                                              "Inner Unique": false,
                                              "Hash Cond": "(catalog_sales.cs_promo_sk = promotion_1.p_promo_sk)",
                                              "Plans": [
                                                {
                                                  "Node Type": "Hash Join",
                                                  "Parent Relationship": "Outer",
                                                  "Parallel Aware": true,
                                                  "Async Capable": false,
                                                  "Join Type": "Inner",
                                                  "Startup Cost": 56838.93,
                                                  "Total Cost": 516624.96,
                                                  "Plan Rows": 145,
                                                  "Plan Width": 32,
                                                  "Inner Unique": false,
                                                  "Hash Cond": "(catalog_sales.cs_item_sk = item_1.i_item_sk)",
                                                  "Plans": [
                                                    {
                                                      "Node Type": "Hash Join",
                                                      "Parent Relationship": "Outer",
                                                      "Parallel Aware": true,
                                                      "Async Capable": false,
                                                      "Join Type": "Left",
                                                      "Startup Cost": 49313.15,
                                                      "Total Cost": 509089.08,
                                                      "Plan Rows": 2532,
                                                      "Plan Width": 36,
                                                      "Inner Unique": false,
                                                      "Hash Cond": "((catalog_sales.cs_item_sk = catalog_returns.cr_item_sk) AND (catalog_sales.cs_order_number = catalog_returns.cr_order_number))",
                                                      "Plans": [
                                                        {
                                                          "Node Type": "Hash Join",
                                                          "Parent Relationship": "Outer",
                                                          "Parallel Aware": true,
                                                          "Async Capable": false,
                                                          "Join Type": "Inner",
                                                          "Startup Cost": 2049.78,
                                                          "Total Cost": 458254.7,
                                                          "Plan Rows": 2532,
                                                          "Plan Width": 28,
                                                          "Inner Unique": false,
                                                          "Hash Cond": "(catalog_sales.cs_sold_date_sk = date_dim_1.d_date_sk)",
                                                          "Plans": [
                                                            {
                                                              "Node Type": "Seq Scan",
                                                              "Parent Relationship": "Outer",
                                                              "Parallel Aware": true,
                                                              "Async Capable": false,
                                                              "Relation Name": "catalog_sales",
                                                              "Alias": "catalog_sales",
                                                              "Startup Cost": 0.0,
                                                              "Total Cost": 433688.25,
                                                              "Plan Rows": 6000525,
                                                              "Plan Width": 32,
                                                              "parent": 34,
                                                              "ID": 35
                                                            },
                                                            {
                                                              "Node Type": "Hash",
                                                              "Parent Relationship": "Inner",
                                                              "Parallel Aware": true,
                                                              "Async Capable": false,
                                                              "Startup Cost": 2049.55,
                                                              "Total Cost": 2049.55,
                                                              "Plan Rows": 18,
                                                              "Plan Width": 4,
                                                              "Plans": [
                                                                {
                                                                  "Node Type": "Seq Scan",
                                                                  "Parent Relationship": "Outer",
                                                                  "Parallel Aware": true,
                                                                  "Async Capable": false,
                                                                  "Relation Name": "date_dim",
                                                                  "Alias": "date_dim_1",
                                                                  "Startup Cost": 0.0,
                                                                  "Total Cost": 2049.55,
                                                                  "Plan Rows": 18,
                                                                  "Plan Width": 4,
                                                                  "Filter": "((d_date >= '2000-08-25'::date) AND (d_date <= '2000-09-24 00:00:00'::timestamp without time zone))",
                                                                  "parent": 36,
                                                                  "ID": 37
                                                                }
                                                              ],
                                                              "parent": 34,
                                                              "ID": 36,
                                                              "left": 37
                                                            }
                                                          ],
                                                          "parent": 33,
                                                          "ID": 34,
                                                          "left": 35,
                                                          "right": 36
                                                        },
                                                        {
                                                          "Node Type": "Hash",
                                                          "Parent Relationship": "Inner",
                                                          "Parallel Aware": true,
                                                          "Async Capable": false,
                                                          "Startup Cost": 34748.95,
                                                          "Total Cost": 34748.95,
                                                          "Plan Rows": 599895,
                                                          "Plan Width": 20,
                                                          "Plans": [
                                                            {
                                                              "Node Type": "Seq Scan",
                                                              "Parent Relationship": "Outer",
                                                              "Parallel Aware": true,
                                                              "Async Capable": false,
                                                              "Relation Name": "catalog_returns",
                                                              "Alias": "catalog_returns",
                                                              "Startup Cost": 0.0,
                                                              "Total Cost": 34748.95,
                                                              "Plan Rows": 599895,
                                                              "Plan Width": 20,
                                                              "parent": 38,
                                                              "ID": 39
                                                            }
                                                          ],
                                                          "parent": 33,
                                                          "ID": 38,
                                                          "left": 39
                                                        }
                                                      ],
                                                      "parent": 32,
                                                      "ID": 33,
                                                      "left": 34,
                                                      "right": 38
                                                    },
                                                    {
                                                      "Node Type": "Hash",
                                                      "Parent Relationship": "Inner",
                                                      "Parallel Aware": true,
                                                      "Async Capable": false,
                                                      "Startup Cost": 7495.25,
                                                      "Total Cost": 7495.25,
                                                      "Plan Rows": 2442,
                                                      "Plan Width": 4,
                                                      "Plans": [
                                                        {
                                                          "Node Type": "Seq Scan",
                                                          "Parent Relationship": "Outer",
                                                          "Parallel Aware": true,
                                                          "Async Capable": false,
                                                          "Relation Name": "item",
                                                          "Alias": "item_1",
                                                          "Startup Cost": 0.0,
                                                          "Total Cost": 7495.25,
                                                          "Plan Rows": 2442,
                                                          "Plan Width": 4,
                                                          "Filter": "(i_current_price > '50'::numeric)",
                                                          "parent": 40,
                                                          "ID": 41
                                                        }
                                                      ],
                                                      "parent": 32,
                                                      "ID": 40,
                                                      "left": 41
                                                    }
                                                  ],
                                                  "parent": 31,
                                                  "ID": 32,
                                                  "left": 33,
                                                  "right": 40
                                                },
                                                {
                                                  "Node Type": "Hash",
                                                  "Parent Relationship": "Inner",
                                                  "Parallel Aware": false,
                                                  "Async Capable": false,
                                                  "Startup Cost": 19.25,
                                                  "Total Cost": 19.25,
                                                  "Plan Rows": 492,
                                                  "Plan Width": 4,
                                                  "Plans": [
                                                    {
                                                      "Node Type": "Seq Scan",
                                                      "Parent Relationship": "Outer",
                                                      "Parallel Aware": false,
                                                      "Async Capable": false,
                                                      "Relation Name": "promotion",
                                                      "Alias": "promotion_1",
                                                      "Startup Cost": 0.0,
                                                      "Total Cost": 19.25,
                                                      "Plan Rows": 492,
                                                      "Plan Width": 4,
                                                      "Filter": "(p_channel_tv = 'N'::bpchar)",
                                                      "parent": 42,
                                                      "ID": 43
                                                    }
                                                  ],
                                                  "parent": 31,
                                                  "ID": 42,
                                                  "left": 43
                                                }
                                              ],
                                              "parent": 30,
                                              "ID": 31,
                                              "left": 32,
                                              "right": 42
                                            },
                                            {
                                              "Node Type": "Hash",
                                              "Parent Relationship": "Inner",
                                              "Parallel Aware": false,
                                              "Async Capable": false,
                                              "Startup Cost": 368.0,
                                              "Total Cost": 368.0,
                                              "Plan Rows": 12000,
                                              "Plan Width": 21,
                                              "Plans": [
                                                {
                                                  "Node Type": "Seq Scan",
                                                  "Parent Relationship": "Outer",
                                                  "Parallel Aware": false,
                                                  "Async Capable": false,
                                                  "Relation Name": "catalog_page",
                                                  "Alias": "catalog_page",
                                                  "Startup Cost": 0.0,
                                                  "Total Cost": 368.0,
                                                  "Plan Rows": 12000,
                                                  "Plan Width": 21,
                                                  "parent": 44,
                                                  "ID": 45
                                                }
                                              ],
                                              "parent": 30,
                                              "ID": 44,
                                              "left": 45
                                            }
                                          ],
                                          "parent": 29,
                                          "ID": 30,
                                          "left": 31,
                                          "right": 44
                                        }
                                      ],
                                      "parent": 28,
                                      "ID": 29,
                                      "left": 30
                                    }
                                  ],
                                  "parent": 27,
                                  "ID": 28,
                                  "left": 29
                                }
                              ],
                              "parent": 26,
                              "ID": 27,
                              "left": 28
                            }
                          ],
                          "parent": 25,
                          "ID": 26,
                          "left": 27
                        }
                      ],
                      "parent": 3,
                      "ID": 25,
                      "left": 26
                    },
                    {
                      "Node Type": "Subquery Scan",
                      "Parent Relationship": "Member",
                      "Parallel Aware": false,
                      "Async Capable": false,
                      "Alias": "wsr",
                      "Startup Cost": 263919.04,
                      "Total Cost": 263926.75,
                      "Plan Rows": 21,
                      "Plan Width": 160,
                      "Plans": [
                        {
                          "Node Type": "Aggregate",
                          "Strategy": "Sorted",
                          "Partial Mode": "Finalize",
                          "Parent Relationship": "Subquery",
                          "Parallel Aware": false,
                          "Async Capable": false,
                          "Startup Cost": 263919.04,
                          "Total Cost": 263926.43,
                          "Plan Rows": 21,
                          "Plan Width": 113,
                          "Group Key": [
                            "web_site.web_site_id"
                          ],
                          "Plans": [
                            {
                              "Node Type": "Gather Merge",
                              "Parent Relationship": "Outer",
                              "Parallel Aware": false,
                              "Async Capable": false,
                              "Startup Cost": 263919.04,
                              "Total Cost": 263925.33,
                              "Plan Rows": 42,
                              "Plan Width": 113,
                              "Workers Planned": 2,
                              "Plans": [
                                {
                                  "Node Type": "Aggregate",
                                  "Strategy": "Sorted",
                                  "Partial Mode": "Partial",
                                  "Parent Relationship": "Outer",
                                  "Parallel Aware": false,
                                  "Async Capable": false,
                                  "Startup Cost": 262919.01,
                                  "Total Cost": 262920.46,
                                  "Plan Rows": 21,
                                  "Plan Width": 113,
                                  "Group Key": [
                                    "web_site.web_site_id"
                                  ],
                                  "Plans": [
                                    {
                                      "Node Type": "Sort",
                                      "Parent Relationship": "Outer",
                                      "Parallel Aware": false,
                                      "Async Capable": false,
                                      "Startup Cost": 262919.01,
                                      "Total Cost": 262919.19,
                                      "Plan Rows": 72,
                                      "Plan Width": 41,
                                      "Sort Key": [
                                        "web_site.web_site_id"
                                      ],
                                      "Plans": [
                                        {
                                          "Node Type": "Hash Join",
                                          "Parent Relationship": "Outer",
                                          "Parallel Aware": false,
                                          "Async Capable": false,
                                          "Join Type": "Inner",
                                          "Startup Cost": 32134.74,
                                          "Total Cost": 262916.79,
                                          "Plan Rows": 72,
                                          "Plan Width": 41,
                                          "Inner Unique": false,
                                          "Hash Cond": "(web_sales.ws_web_site_sk = web_site.web_site_sk)",
                                          "Plans": [
                                            {
                                              "Node Type": "Hash Join",
                                              "Parent Relationship": "Outer",
                                              "Parallel Aware": false,
                                              "Async Capable": false,
                                              "Join Type": "Inner",
                                              "Startup Cost": 32130.8,
                                              "Total Cost": 262911.86,
                                              "Plan Rows": 72,
                                              "Plan Width": 28,
                                              "Inner Unique": false,
                                              "Hash Cond": "(web_sales.ws_promo_sk = promotion_2.p_promo_sk)",
                                              "Plans": [
                                                {
                                                  "Node Type": "Hash Join",
                                                  "Parent Relationship": "Outer",
                                                  "Parallel Aware": true,
                                                  "Async Capable": false,
                                                  "Join Type": "Inner",
                                                  "Startup Cost": 32105.4,
                                                  "Total Cost": 262885.46,
                                                  "Plan Rows": 73,
                                                  "Plan Width": 32,
                                                  "Inner Unique": false,
                                                  "Hash Cond": "(web_sales.ws_item_sk = item_2.i_item_sk)",
                                                  "Plans": [
                                                    {
                                                      "Node Type": "Hash Join",
                                                      "Parent Relationship": "Outer",
                                                      "Parallel Aware": true,
                                                      "Async Capable": false,
                                                      "Join Type": "Left",
                                                      "Startup Cost": 24579.62,
                                                      "Total Cost": 255354.62,
                                                      "Plan Rows": 1272,
                                                      "Plan Width": 36,
                                                      "Inner Unique": false,
                                                      "Hash Cond": "((web_sales.ws_item_sk = web_returns.wr_item_sk) AND (web_sales.ws_order_number = web_returns.wr_order_number))",
                                                      "Plans": [
                                                        {
                                                          "Node Type": "Hash Join",
                                                          "Parent Relationship": "Outer",
                                                          "Parallel Aware": true,
                                                          "Async Capable": false,
                                                          "Join Type": "Inner",
                                                          "Startup Cost": 2049.78,
                                                          "Total Cost": 231041.22,
                                                          "Plan Rows": 1272,
                                                          "Plan Width": 28,
                                                          "Inner Unique": false,
                                                          "Hash Cond": "(web_sales.ws_sold_date_sk = date_dim_2.d_date_sk)",
                                                          "Plans": [
                                                            {
                                                              "Node Type": "Seq Scan",
                                                              "Parent Relationship": "Outer",
                                                              "Parallel Aware": true,
                                                              "Async Capable": false,
                                                              "Relation Name": "web_sales",
                                                              "Alias": "web_sales",
                                                              "Startup Cost": 0.0,
                                                              "Total Cost": 217737.86,
                                                              "Plan Rows": 2998986,
                                                              "Plan Width": 32,
                                                              "parent": 55,
                                                              "ID": 56
                                                            },
                                                            {
                                                              "Node Type": "Hash",
                                                              "Parent Relationship": "Inner",
                                                              "Parallel Aware": true,
                                                              "Async Capable": false,
                                                              "Startup Cost": 2049.55,
                                                              "Total Cost": 2049.55,
                                                              "Plan Rows": 18,
                                                              "Plan Width": 4,
                                                              "Plans": [
                                                                {
                                                                  "Node Type": "Seq Scan",
                                                                  "Parent Relationship": "Outer",
                                                                  "Parallel Aware": true,
                                                                  "Async Capable": false,
                                                                  "Relation Name": "date_dim",
                                                                  "Alias": "date_dim_2",
                                                                  "Startup Cost": 0.0,
                                                                  "Total Cost": 2049.55,
                                                                  "Plan Rows": 18,
                                                                  "Plan Width": 4,
                                                                  "Filter": "((d_date >= '2000-08-25'::date) AND (d_date <= '2000-09-24 00:00:00'::timestamp without time zone))",
                                                                  "parent": 57,
                                                                  "ID": 58
                                                                }
                                                              ],
                                                              "parent": 55,
                                                              "ID": 57,
                                                              "left": 58
                                                            }
                                                          ],
                                                          "parent": 54,
                                                          "ID": 55,
                                                          "left": 56,
                                                          "right": 57
                                                        },
                                                        {
                                                          "Node Type": "Hash",
                                                          "Parent Relationship": "Inner",
                                                          "Parallel Aware": true,
                                                          "Async Capable": false,
                                                          "Startup Cost": 16278.74,
                                                          "Total Cost": 16278.74,
                                                          "Plan Rows": 299674,
                                                          "Plan Width": 20,
                                                          "Plans": [
                                                            {
                                                              "Node Type": "Seq Scan",
                                                              "Parent Relationship": "Outer",
                                                              "Parallel Aware": true,
                                                              "Async Capable": false,
                                                              "Relation Name": "web_returns",
                                                              "Alias": "web_returns",
                                                              "Startup Cost": 0.0,
                                                              "Total Cost": 16278.74,
                                                              "Plan Rows": 299674,
                                                              "Plan Width": 20,
                                                              "parent": 59,
                                                              "ID": 60
                                                            }
                                                          ],
                                                          "parent": 54,
                                                          "ID": 59,
                                                          "left": 60
                                                        }
                                                      ],
                                                      "parent": 53,
                                                      "ID": 54,
                                                      "left": 55,
                                                      "right": 59
                                                    },
                                                    {
                                                      "Node Type": "Hash",
                                                      "Parent Relationship": "Inner",
                                                      "Parallel Aware": true,
                                                      "Async Capable": false,
                                                      "Startup Cost": 7495.25,
                                                      "Total Cost": 7495.25,
                                                      "Plan Rows": 2442,
                                                      "Plan Width": 4,
                                                      "Plans": [
                                                        {
                                                          "Node Type": "Seq Scan",
                                                          "Parent Relationship": "Outer",
                                                          "Parallel Aware": true,
                                                          "Async Capable": false,
                                                          "Relation Name": "item",
                                                          "Alias": "item_2",
                                                          "Startup Cost": 0.0,
                                                          "Total Cost": 7495.25,
                                                          "Plan Rows": 2442,
                                                          "Plan Width": 4,
                                                          "Filter": "(i_current_price > '50'::numeric)",
                                                          "parent": 61,
                                                          "ID": 62
                                                        }
                                                      ],
                                                      "parent": 53,
                                                      "ID": 61,
                                                      "left": 62
                                                    }
                                                  ],
                                                  "parent": 52,
                                                  "ID": 53,
                                                  "left": 54,
                                                  "right": 61
                                                },
                                                {
                                                  "Node Type": "Hash",
                                                  "Parent Relationship": "Inner",
                                                  "Parallel Aware": false,
                                                  "Async Capable": false,
                                                  "Startup Cost": 19.25,
                                                  "Total Cost": 19.25,
                                                  "Plan Rows": 492,
                                                  "Plan Width": 4,
                                                  "Plans": [
                                                    {
                                                      "Node Type": "Seq Scan",
                                                      "Parent Relationship": "Outer",
                                                      "Parallel Aware": false,
                                                      "Async Capable": false,
                                                      "Relation Name": "promotion",
                                                      "Alias": "promotion_2",
                                                      "Startup Cost": 0.0,
                                                      "Total Cost": 19.25,
                                                      "Plan Rows": 492,
                                                      "Plan Width": 4,
                                                      "Filter": "(p_channel_tv = 'N'::bpchar)",
                                                      "parent": 63,
                                                      "ID": 64
                                                    }
                                                  ],
                                                  "parent": 52,
                                                  "ID": 63,
                                                  "left": 64
                                                }
                                              ],
                                              "parent": 51,
                                              "ID": 52,
                                              "left": 53,
                                              "right": 63
                                            },
                                            {
                                              "Node Type": "Hash",
                                              "Parent Relationship": "Inner",
                                              "Parallel Aware": false,
                                              "Async Capable": false,
                                              "Startup Cost": 3.42,
                                              "Total Cost": 3.42,
                                              "Plan Rows": 42,
                                              "Plan Width": 21,
                                              "Plans": [
                                                {
                                                  "Node Type": "Seq Scan",
                                                  "Parent Relationship": "Outer",
                                                  "Parallel Aware": false,
                                                  "Async Capable": false,
                                                  "Relation Name": "web_site",
                                                  "Alias": "web_site",
                                                  "Startup Cost": 0.0,
                                                  "Total Cost": 3.42,
                                                  "Plan Rows": 42,
                                                  "Plan Width": 21,
                                                  "parent": 65,
                                                  "ID": 66
                                                }
                                              ],
                                              "parent": 51,
                                              "ID": 65,
                                              "left": 66
                                            }
                                          ],
                                          "parent": 50,
                                          "ID": 51,
                                          "left": 52,
                                          "right": 65
                                        }
                                      ],
                                      "parent": 49,
                                      "ID": 50,
                                      "left": 51
                                    }
                                  ],
                                  "parent": 48,
                                  "ID": 49,
                                  "left": 50
                                }
                              ],
                              "parent": 47,
                              "ID": 48,
                              "left": 49
                            }
                          ],
                          "parent": 46,
                          "ID": 47,
                          "left": 48
                        }
                      ],
                      "parent": 3,
                      "ID": 46,
                      "left": 47
                    }
                  ],
                  "parent": 2,
                  "ID": 3,
                  "left": 4,
                  "right": 25
                }
              ],
              "parent": 1,
              "ID": 2,
              "left": 3
            }
          ],
          "parent": 0,
          "ID": 1,
          "left": 2
        }
      ],
      "parent": null,
      "ID": 0,
      "left": 1
    },
    "feat": {
      "utility": 6.2579122959007095e-06,
      "query_shape": [
        [
          "Seq Scan",
          "Hash Join",
          "Sort",
          "Aggregate",
          "Gather Merge",
          "Subquery Scan",
          "Append"
        ],
        [
          "Seq Scan",
          "Hash",
          "Hash Join",
          "Sort",
          "Aggregate",
          "Gather Merge",
          "Subquery Scan",
          "Append"
        ],
        [
          "Seq Scan",
          "Hash",
          "Hash Join",
          "Sort",
          "Aggregate",
          "Gather Merge",
          "Subquery Scan",
          "Append"
        ],
        [
          "Seq Scan",
          "Hash",
          "Hash Join",
          "Sort",
          "Aggregate",
          "Gather Merge",
          "Subquery Scan",
          "Append"
        ],
        [
          "Seq Scan",
          "Hash",
          "Hash Join",
          "Sort",
          "Aggregate",
          "Gather Merge",
          "Subquery Scan",
          "Append"
        ],
        [
          "Seq Scan",
          "Hash",
          "Hash Join",
          "Sort",
          "Aggregate",
          "Gather Merge",
          "Subquery Scan",
          "Append"
        ],
        [
          "Seq Scan",
          "Hash Join",
          "Sort",
          "Aggregate",
          "Gather Merge",
          "Subquery Scan",
          "Append"
        ],
        [
          "Seq Scan",
          "Hash",
          "Hash Join",
          "Sort",
          "Aggregate",
          "Gather Merge",
          "Subquery Scan",
          "Append"
        ],
        [
          "Seq Scan",
          "Hash",
          "Hash Join",
          "Sort",
          "Aggregate",
          "Gather Merge",
          "Subquery Scan",
          "Append"
        ],
        [
          "Seq Scan",
          "Hash",
          "Hash Join",
          "Sort",
          "Aggregate",
          "Gather Merge",
          "Subquery Scan",
          "Append"
        ],
        [
          "Seq Scan",
          "Hash",
          "Hash Join",
          "Sort",
          "Aggregate",
          "Gather Merge",
          "Subquery Scan",
          "Append"
        ],
        [
          "Seq Scan",
          "Hash",
          "Hash Join",
          "Sort",
          "Aggregate",
          "Gather Merge",
          "Subquery Scan",
          "Append"
        ],
        [
          "Seq Scan",
          "Hash Join",
          "Sort",
          "Aggregate",
          "Gather Merge",
          "Subquery Scan",
          "Append"
        ],
        [
          "Seq Scan",
          "Hash",
          "Hash Join",
          "Sort",
          "Aggregate",
          "Gather Merge",
          "Subquery Scan",
          "Append"
        ],
        [
          "Seq Scan",
          "Hash",
          "Hash Join",
          "Sort",
          "Aggregate",
          "Gather Merge",
          "Subquery Scan",
          "Append"
        ],
        [
          "Seq Scan",
          "Hash",
          "Hash Join",
          "Sort",
          "Aggregate",
          "Gather Merge",
          "Subquery Scan",
          "Append"
        ],
        [
          "Seq Scan",
          "Hash",
          "Hash Join",
          "Sort",
          "Aggregate",
          "Gather Merge",
          "Subquery Scan",
          "Append"
        ],
        [
          "Seq Scan",
          "Hash",
          "Hash Join",
          "Sort",
          "Aggregate",
          "Gather Merge",
          "Subquery Scan",
          "Append"
        ]
      ],
      "index_shape": [
        "join"
      ],
      "physical_operator": {
        "Hash Join": [
          0.04368838519250284,
          0.04461466329071502,
          0.04477362595348276
        ]
      }
    }
  },
  {
    "query": "with ssr as\n (select  s_store_id as store_id,\n          sum(ss_ext_sales_price) as sales,\n          sum(coalesce(sr_return_amt, 0)) as returns,\n          sum(ss_net_profit - coalesce(sr_net_loss, 0)) as profit\n  from store_sales left outer join store_returns on\n         (ss_item_sk = sr_item_sk and ss_ticket_number = sr_ticket_number),\n     date_dim,\n     store,\n     item,\n     promotion\n where ss_sold_date_sk = d_date_sk\n       and d_date between cast('2000-08-25' as date) \n                  and (cast('2000-08-25' as date) +  interval '30 days')\n       and ss_store_sk = s_store_sk\n       and ss_item_sk = i_item_sk\n       and i_current_price > 50\n       and ss_promo_sk = p_promo_sk\n       and p_channel_tv = 'N'\n group by s_store_id)\n ,\n csr as\n (select  cp_catalog_page_id as catalog_page_id,\n          sum(cs_ext_sales_price) as sales,\n          sum(coalesce(cr_return_amount, 0)) as returns,\n          sum(cs_net_profit - coalesce(cr_net_loss, 0)) as profit\n  from catalog_sales left outer join catalog_returns on\n         (cs_item_sk = cr_item_sk and cs_order_number = cr_order_number),\n     date_dim,\n     catalog_page,\n     item,\n     promotion\n where cs_sold_date_sk = d_date_sk\n       and d_date between cast('2000-08-25' as date)\n                  and (cast('2000-08-25' as date) +  interval '30 days')\n        and cs_catalog_page_sk = cp_catalog_page_sk\n       and cs_item_sk = i_item_sk\n       and i_current_price > 50\n       and cs_promo_sk = p_promo_sk\n       and p_channel_tv = 'N'\ngroup by cp_catalog_page_id)\n ,\n wsr as\n (select  web_site_id,\n          sum(ws_ext_sales_price) as sales,\n          sum(coalesce(wr_return_amt, 0)) as returns,\n          sum(ws_net_profit - coalesce(wr_net_loss, 0)) as profit\n  from web_sales left outer join web_returns on\n         (ws_item_sk = wr_item_sk and ws_order_number = wr_order_number),\n     date_dim,\n     web_site,\n     item,\n     promotion\n where ws_sold_date_sk = d_date_sk\n       and d_date between cast('2000-08-25' as date)\n                  and (cast('2000-08-25' as date) +  interval '30 days')\n        and ws_web_site_sk = web_site_sk\n       and ws_item_sk = i_item_sk\n       and i_current_price > 50\n       and ws_promo_sk = p_promo_sk\n       and p_channel_tv = 'N'\ngroup by web_site_id)\n  select  channel\n        , id\n        , sum(sales) as sales\n        , sum(returns) as returns\n        , sum(profit) as profit\n from \n (select 'store channel' as channel\n        , 'store' || store_id as id\n        , sales\n        , returns\n        , profit\n from   ssr\n union all\n select 'catalog channel' as channel\n        , 'catalog_page' || catalog_page_id as id\n        , sales\n        , returns\n        , profit\n from  csr\n union all\n select 'web channel' as channel\n        , 'web_site' || web_site_id as id\n        , sales\n        , returns\n        , profit\n from   wsr\n ) x\n group by rollup (channel, id)\n order by channel\n         ,id\n limit 100;\n\n-- end query 61 in stream 1 using template query80.tpl\n",
    "indexes": "promotion.p_channel_tv",
    "wo plan est": {
      "Node Type": "Limit",
      "Parallel Aware": false,
      "Async Capable": false,
      "Startup Cost": 1566793.64,
      "Total Cost": 1566796.93,
      "Plan Rows": 100,
      "Plan Width": 160,
      "Plans": [
        {
          "Node Type": "Aggregate",
          "Strategy": "Sorted",
          "Partial Mode": "Simple",
          "Parent Relationship": "Outer",
          "Parallel Aware": false,
          "Async Capable": false,
          "Startup Cost": 1566793.64,
          "Total Cost": 1566806.84,
          "Plan Rows": 401,
          "Plan Width": 160,
          "Grouping Sets": [
            {
              "Group Keys": [
                [
                  "('store channel'::text)",
                  "(('store'::text || (ssr.store_id)::text))"
                ],
                [
                  "('store channel'::text)"
                ],
                []
              ]
            }
          ],
          "Plans": [
            {
              "Node Type": "Sort",
              "Parent Relationship": "Outer",
              "Parallel Aware": false,
              "Async Capable": false,
              "Startup Cost": 1566793.64,
              "Total Cost": 1566794.67,
              "Plan Rows": 412,
              "Plan Width": 160,
              "Sort Key": [
                "('store channel'::text)",
                "(('store'::text || (ssr.store_id)::text))"
              ],
              "Plans": [
                {
                  "Node Type": "Append",
                  "Parent Relationship": "Outer",
                  "Parallel Aware": false,
                  "Async Capable": false,
                  "Startup Cost": 784596.3,
                  "Total Cost": 1566775.74,
                  "Plan Rows": 412,
                  "Plan Width": 160,
                  "Subplans Removed": 0,
                  "Plans": [
                    {
                      "Node Type": "Subquery Scan",
                      "Parent Relationship": "Member",
                      "Parallel Aware": false,
                      "Async Capable": false,
                      "Alias": "ssr",
                      "Startup Cost": 784596.3,
                      "Total Cost": 784616.16,
                      "Plan Rows": 51,
                      "Plan Width": 160,
                      "Plans": [
                        {
                          "Node Type": "Aggregate",
                          "Strategy": "Sorted",
                          "Partial Mode": "Finalize",
                          "Parent Relationship": "Subquery",
                          "Parallel Aware": false,
                          "Async Capable": false,
                          "Startup Cost": 784596.3,
                          "Total Cost": 784615.39,
                          "Plan Rows": 51,
                          "Plan Width": 113,
                          "Group Key": [
                            "store.s_store_id"
                          ],
                          "Plans": [
                            {
                              "Node Type": "Gather Merge",
                              "Parent Relationship": "Outer",
                              "Parallel Aware": false,
                              "Async Capable": false,
                              "Startup Cost": 784596.3,
                              "Total Cost": 784612.71,
                              "Plan Rows": 102,
                              "Plan Width": 113,
                              "Workers Planned": 2,
                              "Plans": [
                                {
                                  "Node Type": "Aggregate",
                                  "Strategy": "Sorted",
                                  "Partial Mode": "Partial",
                                  "Parent Relationship": "Outer",
                                  "Parallel Aware": false,
                                  "Async Capable": false,
                                  "Startup Cost": 783596.27,
                                  "Total Cost": 783600.92,
                                  "Plan Rows": 51,
                                  "Plan Width": 113,
                                  "Group Key": [
                                    "store.s_store_id"
                                  ],
                                  "Plans": [
                                    {
                                      "Node Type": "Sort",
                                      "Parent Relationship": "Outer",
                                      "Parallel Aware": false,
                                      "Async Capable": false,
                                      "Startup Cost": 783596.27,
                                      "Total Cost": 783596.9,
                                      "Plan Rows": 250,
                                      "Plan Width": 41,
                                      "Sort Key": [
                                        "store.s_store_id"
                                      ],
                                      "Plans": [
                                        {
                                          "Node Type": "Hash Join",
                                          "Parent Relationship": "Outer",
                                          "Parallel Aware": false,
                                          "Async Capable": false,
                                          "Join Type": "Inner",
                                          "Startup Cost": 94489.35,
                                          "Total Cost": 783586.32,
                                          "Plan Rows": 250,
                                          "Plan Width": 41,
                                          "Inner Unique": false,
                                          "Hash Cond": "(store_sales.ss_store_sk = store.s_store_sk)",
                                          "Plans": [
                                            {
                                              "Node Type": "Hash Join",
                                              "Parent Relationship": "Outer",
                                              "Parallel Aware": false,
                                              "Async Capable": false,
                                              "Join Type": "Inner",
                                              "Startup Cost": 94482.05,
                                              "Total Cost": 783575.54,
                                              "Plan Rows": 262,
                                              "Plan Width": 28,
                                              "Inner Unique": false,
                                              "Hash Cond": "(store_sales.ss_promo_sk = promotion.p_promo_sk)",
                                              "Plans": [
                                                {
                                                  "Node Type": "Hash Join",
                                                  "Parent Relationship": "Outer",
                                                  "Parallel Aware": true,
                                                  "Async Capable": false,
                                                  "Join Type": "Inner",
                                                  "Startup Cost": 94456.65,
                                                  "Total Cost": 783546.47,
                                                  "Plan Rows": 279,
                                                  "Plan Width": 32,
                                                  "Inner Unique": false,
                                                  "Hash Cond": "(store_sales.ss_item_sk = item.i_item_sk)",
                                                  "Plans": [
                                                    {
                                                      "Node Type": "Hash Join",
                                                      "Parent Relationship": "Outer",
                                                      "Parallel Aware": true,
                                                      "Async Capable": false,
                                                      "Join Type": "Left",
                                                      "Startup Cost": 86930.88,
                                                      "Total Cost": 776001.31,
                                                      "Plan Rows": 4860,
                                                      "Plan Width": 36,
                                                      "Inner Unique": false,
                                                      "Hash Cond": "((store_sales.ss_item_sk = store_returns.sr_item_sk) AND (store_sales.ss_ticket_number = store_returns.sr_ticket_number))",
                                                      "Plans": [
                                                        {
                                                          "Node Type": "Hash Join",
                                                          "Parent Relationship": "Outer",
                                                          "Parallel Aware": true,
                                                          "Async Capable": false,
                                                          "Join Type": "Inner",
                                                          "Startup Cost": 2049.78,
                                                          "Total Cost": 683994.75,
                                                          "Plan Rows": 4860,
                                                          "Plan Width": 28,
                                                          "Inner Unique": false,
                                                          "Hash Cond": "(store_sales.ss_sold_date_sk = date_dim.d_date_sk)",
                                                          "Plans": [
                                                            {
                                                              "Node Type": "Seq Scan",
                                                              "Parent Relationship": "Outer",
                                                              "Parallel Aware": true,
                                                              "Async Capable": false,
                                                              "Relation Name": "store_sales",
                                                              "Alias": "store_sales",
                                                              "Startup Cost": 0.0,
                                                              "Total Cost": 636914.37,
                                                              "Plan Rows": 12000637,
                                                              "Plan Width": 32,
                                                              "parent": 13,
                                                              "ID": 14
                                                            },
                                                            {
                                                              "Node Type": "Hash",
                                                              "Parent Relationship": "Inner",
                                                              "Parallel Aware": true,
                                                              "Async Capable": false,
                                                              "Startup Cost": 2049.55,
                                                              "Total Cost": 2049.55,
                                                              "Plan Rows": 18,
                                                              "Plan Width": 4,
                                                              "Plans": [
                                                                {
                                                                  "Node Type": "Seq Scan",
                                                                  "Parent Relationship": "Outer",
                                                                  "Parallel Aware": true,
                                                                  "Async Capable": false,
                                                                  "Relation Name": "date_dim",
                                                                  "Alias": "date_dim",
                                                                  "Startup Cost": 0.0,
                                                                  "Total Cost": 2049.55,
                                                                  "Plan Rows": 18,
                                                                  "Plan Width": 4,
                                                                  "Filter": "((d_date >= '2000-08-25'::date) AND (d_date <= '2000-09-24 00:00:00'::timestamp without time zone))",
                                                                  "parent": 15,
                                                                  "ID": 16
                                                                }
                                                              ],
                                                              "parent": 13,
                                                              "ID": 15,
                                                              "left": 16
                                                            }
                                                          ],
                                                          "parent": 12,
                                                          "ID": 13,
                                                          "left": 14,
                                                          "right": 15
                                                        },
                                                        {
                                                          "Node Type": "Hash",
                                                          "Parent Relationship": "Inner",
                                                          "Parallel Aware": true,
                                                          "Async Capable": false,
                                                          "Startup Cost": 59887.64,
                                                          "Total Cost": 59887.64,
                                                          "Plan Rows": 1198164,
                                                          "Plan Width": 20,
                                                          "Plans": [
                                                            {
                                                              "Node Type": "Seq Scan",
                                                              "Parent Relationship": "Outer",
                                                              "Parallel Aware": true,
                                                              "Async Capable": false,
                                                              "Relation Name": "store_returns",
                                                              "Alias": "store_returns",
                                                              "Startup Cost": 0.0,
                                                              "Total Cost": 59887.64,
                                                              "Plan Rows": 1198164,
                                                              "Plan Width": 20,
                                                              "parent": 17,
                                                              "ID": 18
                                                            }
                                                          ],
                                                          "parent": 12,
                                                          "ID": 17,
                                                          "left": 18
                                                        }
                                                      ],
                                                      "parent": 11,
                                                      "ID": 12,
                                                      "left": 13,
                                                      "right": 17
                                                    },
                                                    {
                                                      "Node Type": "Hash",
                                                      "Parent Relationship": "Inner",
                                                      "Parallel Aware": true,
                                                      "Async Capable": false,
                                                      "Startup Cost": 7495.25,
                                                      "Total Cost": 7495.25,
                                                      "Plan Rows": 2442,
                                                      "Plan Width": 4,
                                                      "Plans": [
                                                        {
                                                          "Node Type": "Seq Scan",
                                                          "Parent Relationship": "Outer",
                                                          "Parallel Aware": true,
                                                          "Async Capable": false,
                                                          "Relation Name": "item",
                                                          "Alias": "item",
                                                          "Startup Cost": 0.0,
                                                          "Total Cost": 7495.25,
                                                          "Plan Rows": 2442,
                                                          "Plan Width": 4,
                                                          "Filter": "(i_current_price > '50'::numeric)",
                                                          "parent": 19,
                                                          "ID": 20
                                                        }
                                                      ],
                                                      "parent": 11,
                                                      "ID": 19,
                                                      "left": 20
                                                    }
                                                  ],
                                                  "parent": 10,
                                                  "ID": 11,
                                                  "left": 12,
                                                  "right": 19
                                                },
                                                {
                                                  "Node Type": "Hash",
                                                  "Parent Relationship": "Inner",
                                                  "Parallel Aware": false,
                                                  "Async Capable": false,
                                                  "Startup Cost": 19.25,
                                                  "Total Cost": 19.25,
                                                  "Plan Rows": 492,
                                                  "Plan Width": 4,
                                                  "Plans": [
                                                    {
                                                      "Node Type": "Seq Scan",
                                                      "Parent Relationship": "Outer",
                                                      "Parallel Aware": false,
                                                      "Async Capable": false,
                                                      "Relation Name": "promotion",
                                                      "Alias": "promotion",
                                                      "Startup Cost": 0.0,
                                                      "Total Cost": 19.25,
                                                      "Plan Rows": 492,
                                                      "Plan Width": 4,
                                                      "Filter": "(p_channel_tv = 'N'::bpchar)",
                                                      "parent": 21,
                                                      "ID": 22
                                                    }
                                                  ],
                                                  "parent": 10,
                                                  "ID": 21,
                                                  "left": 22
                                                }
                                              ],
                                              "parent": 9,
                                              "ID": 10,
                                              "left": 11,
                                              "right": 21
                                            },
                                            {
                                              "Node Type": "Hash",
                                              "Parent Relationship": "Inner",
                                              "Parallel Aware": false,
                                              "Async Capable": false,
                                              "Startup Cost": 6.02,
                                              "Total Cost": 6.02,
                                              "Plan Rows": 102,
                                              "Plan Width": 21,
                                              "Plans": [
                                                {
                                                  "Node Type": "Seq Scan",
                                                  "Parent Relationship": "Outer",
                                                  "Parallel Aware": false,
                                                  "Async Capable": false,
                                                  "Relation Name": "store",
                                                  "Alias": "store",
                                                  "Startup Cost": 0.0,
                                                  "Total Cost": 6.02,
                                                  "Plan Rows": 102,
                                                  "Plan Width": 21,
                                                  "parent": 23,
                                                  "ID": 24
                                                }
                                              ],
                                              "parent": 9,
                                              "ID": 23,
                                              "left": 24
                                            }
                                          ],
                                          "parent": 8,
                                          "ID": 9,
                                          "left": 10,
                                          "right": 23
                                        }
                                      ],
                                      "parent": 7,
                                      "ID": 8,
                                      "left": 9
                                    }
                                  ],
                                  "parent": 6,
                                  "ID": 7,
                                  "left": 8
                                }
                              ],
                              "parent": 5,
                              "ID": 6,
                              "left": 7
                            }
                          ],
                          "parent": 4,
                          "ID": 5,
                          "left": 6
                        }
                      ],
                      "parent": 3,
                      "ID": 4,
                      "left": 5
                    },
                    {
                      "Node Type": "Subquery Scan",
                      "Parent Relationship": "Member",
                      "Parallel Aware": false,
                      "Async Capable": false,
                      "Alias": "csr",
                      "Startup Cost": 518177.36,
                      "Total Cost": 518230.78,
                      "Plan Rows": 340,
                      "Plan Width": 160,
                      "Plans": [
                        {
                          "Node Type": "Aggregate",
                          "Strategy": "Sorted",
                          "Partial Mode": "Finalize",
                          "Parent Relationship": "Subquery",
                          "Parallel Aware": false,
                          "Async Capable": false,
                          "Startup Cost": 518177.36,
                          "Total Cost": 518225.68,
                          "Plan Rows": 340,
                          "Plan Width": 113,
                          "Group Key": [
                            "catalog_page.cp_catalog_page_id"
                          ],
                          "Plans": [
                            {
                              "Node Type": "Gather Merge",
                              "Parent Relationship": "Outer",
                              "Parallel Aware": false,
                              "Async Capable": false,
                              "Startup Cost": 518177.36,
                              "Total Cost": 518214.76,
                              "Plan Rows": 284,
                              "Plan Width": 113,
                              "Workers Planned": 2,
                              "Plans": [
                                {
                                  "Node Type": "Aggregate",
                                  "Strategy": "Sorted",
                                  "Partial Mode": "Partial",
                                  "Parent Relationship": "Outer",
                                  "Parallel Aware": false,
                                  "Async Capable": false,
                                  "Startup Cost": 517177.34,
                                  "Total Cost": 517181.95,
                                  "Plan Rows": 142,
                                  "Plan Width": 113,
                                  "Group Key": [
                                    "catalog_page.cp_catalog_page_id"
                                  ],
                                  "Plans": [
                                    {
                                      "Node Type": "Sort",
                                      "Parent Relationship": "Outer",
                                      "Parallel Aware": false,
                                      "Async Capable": false,
                                      "Startup Cost": 517177.34,
                                      "Total Cost": 517177.69,
                                      "Plan Rows": 142,
                                      "Plan Width": 41,
                                      "Sort Key": [
                                        "catalog_page.cp_catalog_page_id"
                                      ],
                                      "Plans": [
                                        {
                                          "Node Type": "Hash Join",
                                          "Parent Relationship": "Outer",
                                          "Parallel Aware": false,
                                          "Async Capable": false,
                                          "Join Type": "Inner",
                                          "Startup Cost": 57382.33,
                                          "Total Cost": 517172.26,
                                          "Plan Rows": 142,
                                          "Plan Width": 41,
                                          "Inner Unique": false,
                                          "Hash Cond": "(catalog_sales.cs_catalog_page_sk = catalog_page.cp_catalog_page_sk)",
                                          "Plans": [
                                            {
                                              "Node Type": "Hash Join",
                                              "Parent Relationship": "Outer",
                                              "Parallel Aware": false,
                                              "Async Capable": false,
                                              "Join Type": "Inner",
                                              "Startup Cost": 56864.33,
                                              "Total Cost": 516652.32,
                                              "Plan Rows": 142,
                                              "Plan Width": 28,
                                              "Inner Unique": false,
                                              "Hash Cond": "(catalog_sales.cs_promo_sk = promotion_1.p_promo_sk)",
                                              "Plans": [
                                                {
                                                  "Node Type": "Hash Join",
                                                  "Parent Relationship": "Outer",
                                                  "Parallel Aware": true,
                                                  "Async Capable": false,
                                                  "Join Type": "Inner",
                                                  "Startup Cost": 56838.93,
                                                  "Total Cost": 516624.96,
                                                  "Plan Rows": 145,
                                                  "Plan Width": 32,
                                                  "Inner Unique": false,
                                                  "Hash Cond": "(catalog_sales.cs_item_sk = item_1.i_item_sk)",
                                                  "Plans": [
                                                    {
                                                      "Node Type": "Hash Join",
                                                      "Parent Relationship": "Outer",
                                                      "Parallel Aware": true,
                                                      "Async Capable": false,
                                                      "Join Type": "Left",
                                                      "Startup Cost": 49313.15,
                                                      "Total Cost": 509089.08,
                                                      "Plan Rows": 2532,
                                                      "Plan Width": 36,
                                                      "Inner Unique": false,
                                                      "Hash Cond": "((catalog_sales.cs_item_sk = catalog_returns.cr_item_sk) AND (catalog_sales.cs_order_number = catalog_returns.cr_order_number))",
                                                      "Plans": [
                                                        {
                                                          "Node Type": "Hash Join",
                                                          "Parent Relationship": "Outer",
                                                          "Parallel Aware": true,
                                                          "Async Capable": false,
                                                          "Join Type": "Inner",
                                                          "Startup Cost": 2049.78,
                                                          "Total Cost": 458254.7,
                                                          "Plan Rows": 2532,
                                                          "Plan Width": 28,
                                                          "Inner Unique": false,
                                                          "Hash Cond": "(catalog_sales.cs_sold_date_sk = date_dim_1.d_date_sk)",
                                                          "Plans": [
                                                            {
                                                              "Node Type": "Seq Scan",
                                                              "Parent Relationship": "Outer",
                                                              "Parallel Aware": true,
                                                              "Async Capable": false,
                                                              "Relation Name": "catalog_sales",
                                                              "Alias": "catalog_sales",
                                                              "Startup Cost": 0.0,
                                                              "Total Cost": 433688.25,
                                                              "Plan Rows": 6000525,
                                                              "Plan Width": 32,
                                                              "parent": 34,
                                                              "ID": 35
                                                            },
                                                            {
                                                              "Node Type": "Hash",
                                                              "Parent Relationship": "Inner",
                                                              "Parallel Aware": true,
                                                              "Async Capable": false,
                                                              "Startup Cost": 2049.55,
                                                              "Total Cost": 2049.55,
                                                              "Plan Rows": 18,
                                                              "Plan Width": 4,
                                                              "Plans": [
                                                                {
                                                                  "Node Type": "Seq Scan",
                                                                  "Parent Relationship": "Outer",
                                                                  "Parallel Aware": true,
                                                                  "Async Capable": false,
                                                                  "Relation Name": "date_dim",
                                                                  "Alias": "date_dim_1",
                                                                  "Startup Cost": 0.0,
                                                                  "Total Cost": 2049.55,
                                                                  "Plan Rows": 18,
                                                                  "Plan Width": 4,
                                                                  "Filter": "((d_date >= '2000-08-25'::date) AND (d_date <= '2000-09-24 00:00:00'::timestamp without time zone))",
                                                                  "parent": 36,
                                                                  "ID": 37
                                                                }
                                                              ],
                                                              "parent": 34,
                                                              "ID": 36,
                                                              "left": 37
                                                            }
                                                          ],
                                                          "parent": 33,
                                                          "ID": 34,
                                                          "left": 35,
                                                          "right": 36
                                                        },
                                                        {
                                                          "Node Type": "Hash",
                                                          "Parent Relationship": "Inner",
                                                          "Parallel Aware": true,
                                                          "Async Capable": false,
                                                          "Startup Cost": 34748.95,
                                                          "Total Cost": 34748.95,
                                                          "Plan Rows": 599895,
                                                          "Plan Width": 20,
                                                          "Plans": [
                                                            {
                                                              "Node Type": "Seq Scan",
                                                              "Parent Relationship": "Outer",
                                                              "Parallel Aware": true,
                                                              "Async Capable": false,
                                                              "Relation Name": "catalog_returns",
                                                              "Alias": "catalog_returns",
                                                              "Startup Cost": 0.0,
                                                              "Total Cost": 34748.95,
                                                              "Plan Rows": 599895,
                                                              "Plan Width": 20,
                                                              "parent": 38,
                                                              "ID": 39
                                                            }
                                                          ],
                                                          "parent": 33,
                                                          "ID": 38,
                                                          "left": 39
                                                        }
                                                      ],
                                                      "parent": 32,
                                                      "ID": 33,
                                                      "left": 34,
                                                      "right": 38
                                                    },
                                                    {
                                                      "Node Type": "Hash",
                                                      "Parent Relationship": "Inner",
                                                      "Parallel Aware": true,
                                                      "Async Capable": false,
                                                      "Startup Cost": 7495.25,
                                                      "Total Cost": 7495.25,
                                                      "Plan Rows": 2442,
                                                      "Plan Width": 4,
                                                      "Plans": [
                                                        {
                                                          "Node Type": "Seq Scan",
                                                          "Parent Relationship": "Outer",
                                                          "Parallel Aware": true,
                                                          "Async Capable": false,
                                                          "Relation Name": "item",
                                                          "Alias": "item_1",
                                                          "Startup Cost": 0.0,
                                                          "Total Cost": 7495.25,
                                                          "Plan Rows": 2442,
                                                          "Plan Width": 4,
                                                          "Filter": "(i_current_price > '50'::numeric)",
                                                          "parent": 40,
                                                          "ID": 41
                                                        }
                                                      ],
                                                      "parent": 32,
                                                      "ID": 40,
                                                      "left": 41
                                                    }
                                                  ],
                                                  "parent": 31,
                                                  "ID": 32,
                                                  "left": 33,
                                                  "right": 40
                                                },
                                                {
                                                  "Node Type": "Hash",
                                                  "Parent Relationship": "Inner",
                                                  "Parallel Aware": false,
                                                  "Async Capable": false,
                                                  "Startup Cost": 19.25,
                                                  "Total Cost": 19.25,
                                                  "Plan Rows": 492,
                                                  "Plan Width": 4,
                                                  "Plans": [
                                                    {
                                                      "Node Type": "Seq Scan",
                                                      "Parent Relationship": "Outer",
                                                      "Parallel Aware": false,
                                                      "Async Capable": false,
                                                      "Relation Name": "promotion",
                                                      "Alias": "promotion_1",
                                                      "Startup Cost": 0.0,
                                                      "Total Cost": 19.25,
                                                      "Plan Rows": 492,
                                                      "Plan Width": 4,
                                                      "Filter": "(p_channel_tv = 'N'::bpchar)",
                                                      "parent": 42,
                                                      "ID": 43
                                                    }
                                                  ],
                                                  "parent": 31,
                                                  "ID": 42,
                                                  "left": 43
                                                }
                                              ],
                                              "parent": 30,
                                              "ID": 31,
                                              "left": 32,
                                              "right": 42
                                            },
                                            {
                                              "Node Type": "Hash",
                                              "Parent Relationship": "Inner",
                                              "Parallel Aware": false,
                                              "Async Capable": false,
                                              "Startup Cost": 368.0,
                                              "Total Cost": 368.0,
                                              "Plan Rows": 12000,
                                              "Plan Width": 21,
                                              "Plans": [
                                                {
                                                  "Node Type": "Seq Scan",
                                                  "Parent Relationship": "Outer",
                                                  "Parallel Aware": false,
                                                  "Async Capable": false,
                                                  "Relation Name": "catalog_page",
                                                  "Alias": "catalog_page",
                                                  "Startup Cost": 0.0,
                                                  "Total Cost": 368.0,
                                                  "Plan Rows": 12000,
                                                  "Plan Width": 21,
                                                  "parent": 44,
                                                  "ID": 45
                                                }
                                              ],
                                              "parent": 30,
                                              "ID": 44,
                                              "left": 45
                                            }
                                          ],
                                          "parent": 29,
                                          "ID": 30,
                                          "left": 31,
                                          "right": 44
                                        }
                                      ],
                                      "parent": 28,
                                      "ID": 29,
                                      "left": 30
                                    }
                                  ],
                                  "parent": 27,
                                  "ID": 28,
                                  "left": 29
                                }
                              ],
                              "parent": 26,
                              "ID": 27,
                              "left": 28
                            }
                          ],
                          "parent": 25,
                          "ID": 26,
                          "left": 27
                        }
                      ],
                      "parent": 3,
                      "ID": 25,
                      "left": 26
                    },
                    {
                      "Node Type": "Subquery Scan",
                      "Parent Relationship": "Member",
                      "Parallel Aware": false,
                      "Async Capable": false,
                      "Alias": "wsr",
                      "Startup Cost": 263919.04,
                      "Total Cost": 263926.75,
                      "Plan Rows": 21,
                      "Plan Width": 160,
                      "Plans": [
                        {
                          "Node Type": "Aggregate",
                          "Strategy": "Sorted",
                          "Partial Mode": "Finalize",
                          "Parent Relationship": "Subquery",
                          "Parallel Aware": false,
                          "Async Capable": false,
                          "Startup Cost": 263919.04,
                          "Total Cost": 263926.43,
                          "Plan Rows": 21,
                          "Plan Width": 113,
                          "Group Key": [
                            "web_site.web_site_id"
                          ],
                          "Plans": [
                            {
                              "Node Type": "Gather Merge",
                              "Parent Relationship": "Outer",
                              "Parallel Aware": false,
                              "Async Capable": false,
                              "Startup Cost": 263919.04,
                              "Total Cost": 263925.33,
                              "Plan Rows": 42,
                              "Plan Width": 113,
                              "Workers Planned": 2,
                              "Plans": [
                                {
                                  "Node Type": "Aggregate",
                                  "Strategy": "Sorted",
                                  "Partial Mode": "Partial",
                                  "Parent Relationship": "Outer",
                                  "Parallel Aware": false,
                                  "Async Capable": false,
                                  "Startup Cost": 262919.01,
                                  "Total Cost": 262920.46,
                                  "Plan Rows": 21,
                                  "Plan Width": 113,
                                  "Group Key": [
                                    "web_site.web_site_id"
                                  ],
                                  "Plans": [
                                    {
                                      "Node Type": "Sort",
                                      "Parent Relationship": "Outer",
                                      "Parallel Aware": false,
                                      "Async Capable": false,
                                      "Startup Cost": 262919.01,
                                      "Total Cost": 262919.19,
                                      "Plan Rows": 72,
                                      "Plan Width": 41,
                                      "Sort Key": [
                                        "web_site.web_site_id"
                                      ],
                                      "Plans": [
                                        {
                                          "Node Type": "Hash Join",
                                          "Parent Relationship": "Outer",
                                          "Parallel Aware": false,
                                          "Async Capable": false,
                                          "Join Type": "Inner",
                                          "Startup Cost": 32134.74,
                                          "Total Cost": 262916.79,
                                          "Plan Rows": 72,
                                          "Plan Width": 41,
                                          "Inner Unique": false,
                                          "Hash Cond": "(web_sales.ws_web_site_sk = web_site.web_site_sk)",
                                          "Plans": [
                                            {
                                              "Node Type": "Hash Join",
                                              "Parent Relationship": "Outer",
                                              "Parallel Aware": false,
                                              "Async Capable": false,
                                              "Join Type": "Inner",
                                              "Startup Cost": 32130.8,
                                              "Total Cost": 262911.86,
                                              "Plan Rows": 72,
                                              "Plan Width": 28,
                                              "Inner Unique": false,
                                              "Hash Cond": "(web_sales.ws_promo_sk = promotion_2.p_promo_sk)",
                                              "Plans": [
                                                {
                                                  "Node Type": "Hash Join",
                                                  "Parent Relationship": "Outer",
                                                  "Parallel Aware": true,
                                                  "Async Capable": false,
                                                  "Join Type": "Inner",
                                                  "Startup Cost": 32105.4,
                                                  "Total Cost": 262885.46,
                                                  "Plan Rows": 73,
                                                  "Plan Width": 32,
                                                  "Inner Unique": false,
                                                  "Hash Cond": "(web_sales.ws_item_sk = item_2.i_item_sk)",
                                                  "Plans": [
                                                    {
                                                      "Node Type": "Hash Join",
                                                      "Parent Relationship": "Outer",
                                                      "Parallel Aware": true,
                                                      "Async Capable": false,
                                                      "Join Type": "Left",
                                                      "Startup Cost": 24579.62,
                                                      "Total Cost": 255354.62,
                                                      "Plan Rows": 1272,
                                                      "Plan Width": 36,
                                                      "Inner Unique": false,
                                                      "Hash Cond": "((web_sales.ws_item_sk = web_returns.wr_item_sk) AND (web_sales.ws_order_number = web_returns.wr_order_number))",
                                                      "Plans": [
                                                        {
                                                          "Node Type": "Hash Join",
                                                          "Parent Relationship": "Outer",
                                                          "Parallel Aware": true,
                                                          "Async Capable": false,
                                                          "Join Type": "Inner",
                                                          "Startup Cost": 2049.78,
                                                          "Total Cost": 231041.22,
                                                          "Plan Rows": 1272,
                                                          "Plan Width": 28,
                                                          "Inner Unique": false,
                                                          "Hash Cond": "(web_sales.ws_sold_date_sk = date_dim_2.d_date_sk)",
                                                          "Plans": [
                                                            {
                                                              "Node Type": "Seq Scan",
                                                              "Parent Relationship": "Outer",
                                                              "Parallel Aware": true,
                                                              "Async Capable": false,
                                                              "Relation Name": "web_sales",
                                                              "Alias": "web_sales",
                                                              "Startup Cost": 0.0,
                                                              "Total Cost": 217737.86,
                                                              "Plan Rows": 2998986,
                                                              "Plan Width": 32,
                                                              "parent": 55,
                                                              "ID": 56
                                                            },
                                                            {
                                                              "Node Type": "Hash",
                                                              "Parent Relationship": "Inner",
                                                              "Parallel Aware": true,
                                                              "Async Capable": false,
                                                              "Startup Cost": 2049.55,
                                                              "Total Cost": 2049.55,
                                                              "Plan Rows": 18,
                                                              "Plan Width": 4,
                                                              "Plans": [
                                                                {
                                                                  "Node Type": "Seq Scan",
                                                                  "Parent Relationship": "Outer",
                                                                  "Parallel Aware": true,
                                                                  "Async Capable": false,
                                                                  "Relation Name": "date_dim",
                                                                  "Alias": "date_dim_2",
                                                                  "Startup Cost": 0.0,
                                                                  "Total Cost": 2049.55,
                                                                  "Plan Rows": 18,
                                                                  "Plan Width": 4,
                                                                  "Filter": "((d_date >= '2000-08-25'::date) AND (d_date <= '2000-09-24 00:00:00'::timestamp without time zone))",
                                                                  "parent": 57,
                                                                  "ID": 58
                                                                }
                                                              ],
                                                              "parent": 55,
                                                              "ID": 57,
                                                              "left": 58
                                                            }
                                                          ],
                                                          "parent": 54,
                                                          "ID": 55,
                                                          "left": 56,
                                                          "right": 57
                                                        },
                                                        {
                                                          "Node Type": "Hash",
                                                          "Parent Relationship": "Inner",
                                                          "Parallel Aware": true,
                                                          "Async Capable": false,
                                                          "Startup Cost": 16278.74,
                                                          "Total Cost": 16278.74,
                                                          "Plan Rows": 299674,
                                                          "Plan Width": 20,
                                                          "Plans": [
                                                            {
                                                              "Node Type": "Seq Scan",
                                                              "Parent Relationship": "Outer",
                                                              "Parallel Aware": true,
                                                              "Async Capable": false,
                                                              "Relation Name": "web_returns",
                                                              "Alias": "web_returns",
                                                              "Startup Cost": 0.0,
                                                              "Total Cost": 16278.74,
                                                              "Plan Rows": 299674,
                                                              "Plan Width": 20,
                                                              "parent": 59,
                                                              "ID": 60
                                                            }
                                                          ],
                                                          "parent": 54,
                                                          "ID": 59,
                                                          "left": 60
                                                        }
                                                      ],
                                                      "parent": 53,
                                                      "ID": 54,
                                                      "left": 55,
                                                      "right": 59
                                                    },
                                                    {
                                                      "Node Type": "Hash",
                                                      "Parent Relationship": "Inner",
                                                      "Parallel Aware": true,
                                                      "Async Capable": false,
                                                      "Startup Cost": 7495.25,
                                                      "Total Cost": 7495.25,
                                                      "Plan Rows": 2442,
                                                      "Plan Width": 4,
                                                      "Plans": [
                                                        {
                                                          "Node Type": "Seq Scan",
                                                          "Parent Relationship": "Outer",
                                                          "Parallel Aware": true,
                                                          "Async Capable": false,
                                                          "Relation Name": "item",
                                                          "Alias": "item_2",
                                                          "Startup Cost": 0.0,
                                                          "Total Cost": 7495.25,
                                                          "Plan Rows": 2442,
                                                          "Plan Width": 4,
                                                          "Filter": "(i_current_price > '50'::numeric)",
                                                          "parent": 61,
                                                          "ID": 62
                                                        }
                                                      ],
                                                      "parent": 53,
                                                      "ID": 61,
                                                      "left": 62
                                                    }
                                                  ],
                                                  "parent": 52,
                                                  "ID": 53,
                                                  "left": 54,
                                                  "right": 61
                                                },
                                                {
                                                  "Node Type": "Hash",
                                                  "Parent Relationship": "Inner",
                                                  "Parallel Aware": false,
                                                  "Async Capable": false,
                                                  "Startup Cost": 19.25,
                                                  "Total Cost": 19.25,
                                                  "Plan Rows": 492,
                                                  "Plan Width": 4,
                                                  "Plans": [
                                                    {
                                                      "Node Type": "Seq Scan",
                                                      "Parent Relationship": "Outer",
                                                      "Parallel Aware": false,
                                                      "Async Capable": false,
                                                      "Relation Name": "promotion",
                                                      "Alias": "promotion_2",
                                                      "Startup Cost": 0.0,
                                                      "Total Cost": 19.25,
                                                      "Plan Rows": 492,
                                                      "Plan Width": 4,
                                                      "Filter": "(p_channel_tv = 'N'::bpchar)",
                                                      "parent": 63,
                                                      "ID": 64
                                                    }
                                                  ],
                                                  "parent": 52,
                                                  "ID": 63,
                                                  "left": 64
                                                }
                                              ],
                                              "parent": 51,
                                              "ID": 52,
                                              "left": 53,
                                              "right": 63
                                            },
                                            {
                                              "Node Type": "Hash",
                                              "Parent Relationship": "Inner",
                                              "Parallel Aware": false,
                                              "Async Capable": false,
                                              "Startup Cost": 3.42,
                                              "Total Cost": 3.42,
                                              "Plan Rows": 42,
                                              "Plan Width": 21,
                                              "Plans": [
                                                {
                                                  "Node Type": "Seq Scan",
                                                  "Parent Relationship": "Outer",
                                                  "Parallel Aware": false,
                                                  "Async Capable": false,
                                                  "Relation Name": "web_site",
                                                  "Alias": "web_site",
                                                  "Startup Cost": 0.0,
                                                  "Total Cost": 3.42,
                                                  "Plan Rows": 42,
                                                  "Plan Width": 21,
                                                  "parent": 65,
                                                  "ID": 66
                                                }
                                              ],
                                              "parent": 51,
                                              "ID": 65,
                                              "left": 66
                                            }
                                          ],
                                          "parent": 50,
                                          "ID": 51,
                                          "left": 52,
                                          "right": 65
                                        }
                                      ],
                                      "parent": 49,
                                      "ID": 50,
                                      "left": 51
                                    }
                                  ],
                                  "parent": 48,
                                  "ID": 49,
                                  "left": 50
                                }
                              ],
                              "parent": 47,
                              "ID": 48,
                              "left": 49
                            }
                          ],
                          "parent": 46,
                          "ID": 47,
                          "left": 48
                        }
                      ],
                      "parent": 3,
                      "ID": 46,
                      "left": 47
                    }
                  ],
                  "parent": 2,
                  "ID": 3,
                  "left": 4,
                  "right": 25
                }
              ],
              "parent": 1,
              "ID": 2,
              "left": 3
            }
          ],
          "parent": 0,
          "ID": 1,
          "left": 2
        }
      ],
      "parent": null,
      "ID": 0,
      "left": 1
    },
    "feat": {
      "utility": 5.89738199193434e-07,
      "query_shape": [
        [
          "Seq Scan",
          "Hash Join",
          "Sort",
          "Aggregate",
          "Gather Merge",
          "Subquery Scan",
          "Append"
        ],
        [
          "Seq Scan",
          "Hash",
          "Hash Join",
          "Sort",
          "Aggregate",
          "Gather Merge",
          "Subquery Scan",
          "Append"
        ],
        [
          "Seq Scan",
          "Hash",
          "Hash Join",
          "Sort",
          "Aggregate",
          "Gather Merge",
          "Subquery Scan",
          "Append"
        ],
        [
          "Seq Scan",
          "Hash",
          "Hash Join",
          "Sort",
          "Aggregate",
          "Gather Merge",
          "Subquery Scan",
          "Append"
        ],
        [
          "Seq Scan",
          "Hash",
          "Hash Join",
          "Sort",
          "Aggregate",
          "Gather Merge",
          "Subquery Scan",
          "Append"
        ],
        [
          "Seq Scan",
          "Hash",
          "Hash Join",
          "Sort",
          "Aggregate",
          "Gather Merge",
          "Subquery Scan",
          "Append"
        ],
        [
          "Seq Scan",
          "Hash Join",
          "Sort",
          "Aggregate",
          "Gather Merge",
          "Subquery Scan",
          "Append"
        ],
        [
          "Seq Scan",
          "Hash",
          "Hash Join",
          "Sort",
          "Aggregate",
          "Gather Merge",
          "Subquery Scan",
          "Append"
        ],
        [
          "Seq Scan",
          "Hash",
          "Hash Join",
          "Sort",
          "Aggregate",
          "Gather Merge",
          "Subquery Scan",
          "Append"
        ],
        [
          "Seq Scan",
          "Hash",
          "Hash Join",
          "Sort",
          "Aggregate",
          "Gather Merge",
          "Subquery Scan",
          "Append"
        ],
        [
          "Seq Scan",
          "Hash",
          "Hash Join",
          "Sort",
          "Aggregate",
          "Gather Merge",
          "Subquery Scan",
          "Append"
        ],
        [
          "Seq Scan",
          "Hash",
          "Hash Join",
          "Sort",
          "Aggregate",
          "Gather Merge",
          "Subquery Scan",
          "Append"
        ],
        [
          "Seq Scan",
          "Hash Join",
          "Sort",
          "Aggregate",
          "Gather Merge",
          "Subquery Scan",
          "Append"
        ],
        [
          "Seq Scan",
          "Hash",
          "Hash Join",
          "Sort",
          "Aggregate",
          "Gather Merge",
          "Subquery Scan",
          "Append"
        ],
        [
          "Seq Scan",
          "Hash",
          "Hash Join",
          "Sort",
          "Aggregate",
          "Gather Merge",
          "Subquery Scan",
          "Append"
        ],
        [
          "Seq Scan",
          "Hash",
          "Hash Join",
          "Sort",
          "Aggregate",
          "Gather Merge",
          "Subquery Scan",
          "Append"
        ],
        [
          "Seq Scan",
          "Hash",
          "Hash Join",
          "Sort",
          "Aggregate",
          "Gather Merge",
          "Subquery Scan",
          "Append"
        ],
        [
          "Seq Scan",
          "Hash",
          "Hash Join",
          "Sort",
          "Aggregate",
          "Gather Merge",
          "Subquery Scan",
          "Append"
        ]
      ],
      "index_shape": [
        "selection"
      ],
      "physical_operator": {
        "Seq Scan": [
          0.984,
          0.984,
          0.984
        ]
      }
    }
  },
  {
    "query": "with ssr as\n (select  s_store_id as store_id,\n          sum(ss_ext_sales_price) as sales,\n          sum(coalesce(sr_return_amt, 0)) as returns,\n          sum(ss_net_profit - coalesce(sr_net_loss, 0)) as profit\n  from store_sales left outer join store_returns on\n         (ss_item_sk = sr_item_sk and ss_ticket_number = sr_ticket_number),\n     date_dim,\n     store,\n     item,\n     promotion\n where ss_sold_date_sk = d_date_sk\n       and d_date between cast('2000-08-25' as date) \n                  and (cast('2000-08-25' as date) +  interval '30 days')\n       and ss_store_sk = s_store_sk\n       and ss_item_sk = i_item_sk\n       and i_current_price > 50\n       and ss_promo_sk = p_promo_sk\n       and p_channel_tv = 'N'\n group by s_store_id)\n ,\n csr as\n (select  cp_catalog_page_id as catalog_page_id,\n          sum(cs_ext_sales_price) as sales,\n          sum(coalesce(cr_return_amount, 0)) as returns,\n          sum(cs_net_profit - coalesce(cr_net_loss, 0)) as profit\n  from catalog_sales left outer join catalog_returns on\n         (cs_item_sk = cr_item_sk and cs_order_number = cr_order_number),\n     date_dim,\n     catalog_page,\n     item,\n     promotion\n where cs_sold_date_sk = d_date_sk\n       and d_date between cast('2000-08-25' as date)\n                  and (cast('2000-08-25' as date) +  interval '30 days')\n        and cs_catalog_page_sk = cp_catalog_page_sk\n       and cs_item_sk = i_item_sk\n       and i_current_price > 50\n       and cs_promo_sk = p_promo_sk\n       and p_channel_tv = 'N'\ngroup by cp_catalog_page_id)\n ,\n wsr as\n (select  web_site_id,\n          sum(ws_ext_sales_price) as sales,\n          sum(coalesce(wr_return_amt, 0)) as returns,\n          sum(ws_net_profit - coalesce(wr_net_loss, 0)) as profit\n  from web_sales left outer join web_returns on\n         (ws_item_sk = wr_item_sk and ws_order_number = wr_order_number),\n     date_dim,\n     web_site,\n     item,\n     promotion\n where ws_sold_date_sk = d_date_sk\n       and d_date between cast('2000-08-25' as date)\n                  and (cast('2000-08-25' as date) +  interval '30 days')\n        and ws_web_site_sk = web_site_sk\n       and ws_item_sk = i_item_sk\n       and i_current_price > 50\n       and ws_promo_sk = p_promo_sk\n       and p_channel_tv = 'N'\ngroup by web_site_id)\n  select  channel\n        , id\n        , sum(sales) as sales\n        , sum(returns) as returns\n        , sum(profit) as profit\n from \n (select 'store channel' as channel\n        , 'store' || store_id as id\n        , sales\n        , returns\n        , profit\n from   ssr\n union all\n select 'catalog channel' as channel\n        , 'catalog_page' || catalog_page_id as id\n        , sales\n        , returns\n        , profit\n from  csr\n union all\n select 'web channel' as channel\n        , 'web_site' || web_site_id as id\n        , sales\n        , returns\n        , profit\n from   wsr\n ) x\n group by rollup (channel, id)\n order by channel\n         ,id\n limit 100;\n\n-- end query 61 in stream 1 using template query80.tpl\n",
    "indexes": "store_returns.sr_item_sk",
    "wo plan est": {
      "Node Type": "Limit",
      "Parallel Aware": false,
      "Async Capable": false,
      "Startup Cost": 1566793.64,
      "Total Cost": 1566796.93,
      "Plan Rows": 100,
      "Plan Width": 160,
      "Plans": [
        {
          "Node Type": "Aggregate",
          "Strategy": "Sorted",
          "Partial Mode": "Simple",
          "Parent Relationship": "Outer",
          "Parallel Aware": false,
          "Async Capable": false,
          "Startup Cost": 1566793.64,
          "Total Cost": 1566806.84,
          "Plan Rows": 401,
          "Plan Width": 160,
          "Grouping Sets": [
            {
              "Group Keys": [
                [
                  "('store channel'::text)",
                  "(('store'::text || (ssr.store_id)::text))"
                ],
                [
                  "('store channel'::text)"
                ],
                []
              ]
            }
          ],
          "Plans": [
            {
              "Node Type": "Sort",
              "Parent Relationship": "Outer",
              "Parallel Aware": false,
              "Async Capable": false,
              "Startup Cost": 1566793.64,
              "Total Cost": 1566794.67,
              "Plan Rows": 412,
              "Plan Width": 160,
              "Sort Key": [
                "('store channel'::text)",
                "(('store'::text || (ssr.store_id)::text))"
              ],
              "Plans": [
                {
                  "Node Type": "Append",
                  "Parent Relationship": "Outer",
                  "Parallel Aware": false,
                  "Async Capable": false,
                  "Startup Cost": 784596.3,
                  "Total Cost": 1566775.74,
                  "Plan Rows": 412,
                  "Plan Width": 160,
                  "Subplans Removed": 0,
                  "Plans": [
                    {
                      "Node Type": "Subquery Scan",
                      "Parent Relationship": "Member",
                      "Parallel Aware": false,
                      "Async Capable": false,
                      "Alias": "ssr",
                      "Startup Cost": 784596.3,
                      "Total Cost": 784616.16,
                      "Plan Rows": 51,
                      "Plan Width": 160,
                      "Plans": [
                        {
                          "Node Type": "Aggregate",
                          "Strategy": "Sorted",
                          "Partial Mode": "Finalize",
                          "Parent Relationship": "Subquery",
                          "Parallel Aware": false,
                          "Async Capable": false,
                          "Startup Cost": 784596.3,
                          "Total Cost": 784615.39,
                          "Plan Rows": 51,
                          "Plan Width": 113,
                          "Group Key": [
                            "store.s_store_id"
                          ],
                          "Plans": [
                            {
                              "Node Type": "Gather Merge",
                              "Parent Relationship": "Outer",
                              "Parallel Aware": false,
                              "Async Capable": false,
                              "Startup Cost": 784596.3,
                              "Total Cost": 784612.71,
                              "Plan Rows": 102,
                              "Plan Width": 113,
                              "Workers Planned": 2,
                              "Plans": [
                                {
                                  "Node Type": "Aggregate",
                                  "Strategy": "Sorted",
                                  "Partial Mode": "Partial",
                                  "Parent Relationship": "Outer",
                                  "Parallel Aware": false,
                                  "Async Capable": false,
                                  "Startup Cost": 783596.27,
                                  "Total Cost": 783600.92,
                                  "Plan Rows": 51,
                                  "Plan Width": 113,
                                  "Group Key": [
                                    "store.s_store_id"
                                  ],
                                  "Plans": [
                                    {
                                      "Node Type": "Sort",
                                      "Parent Relationship": "Outer",
                                      "Parallel Aware": false,
                                      "Async Capable": false,
                                      "Startup Cost": 783596.27,
                                      "Total Cost": 783596.9,
                                      "Plan Rows": 250,
                                      "Plan Width": 41,
                                      "Sort Key": [
                                        "store.s_store_id"
                                      ],
                                      "Plans": [
                                        {
                                          "Node Type": "Hash Join",
                                          "Parent Relationship": "Outer",
                                          "Parallel Aware": false,
                                          "Async Capable": false,
                                          "Join Type": "Inner",
                                          "Startup Cost": 94489.35,
                                          "Total Cost": 783586.32,
                                          "Plan Rows": 250,
                                          "Plan Width": 41,
                                          "Inner Unique": false,
                                          "Hash Cond": "(store_sales.ss_store_sk = store.s_store_sk)",
                                          "Plans": [
                                            {
                                              "Node Type": "Hash Join",
                                              "Parent Relationship": "Outer",
                                              "Parallel Aware": false,
                                              "Async Capable": false,
                                              "Join Type": "Inner",
                                              "Startup Cost": 94482.05,
                                              "Total Cost": 783575.54,
                                              "Plan Rows": 262,
                                              "Plan Width": 28,
                                              "Inner Unique": false,
                                              "Hash Cond": "(store_sales.ss_promo_sk = promotion.p_promo_sk)",
                                              "Plans": [
                                                {
                                                  "Node Type": "Hash Join",
                                                  "Parent Relationship": "Outer",
                                                  "Parallel Aware": true,
                                                  "Async Capable": false,
                                                  "Join Type": "Inner",
                                                  "Startup Cost": 94456.65,
                                                  "Total Cost": 783546.47,
                                                  "Plan Rows": 279,
                                                  "Plan Width": 32,
                                                  "Inner Unique": false,
                                                  "Hash Cond": "(store_sales.ss_item_sk = item.i_item_sk)",
                                                  "Plans": [
                                                    {
                                                      "Node Type": "Hash Join",
                                                      "Parent Relationship": "Outer",
                                                      "Parallel Aware": true,
                                                      "Async Capable": false,
                                                      "Join Type": "Left",
                                                      "Startup Cost": 86930.88,
                                                      "Total Cost": 776001.31,
                                                      "Plan Rows": 4860,
                                                      "Plan Width": 36,
                                                      "Inner Unique": false,
                                                      "Hash Cond": "((store_sales.ss_item_sk = store_returns.sr_item_sk) AND (store_sales.ss_ticket_number = store_returns.sr_ticket_number))",
                                                      "Plans": [
                                                        {
                                                          "Node Type": "Hash Join",
                                                          "Parent Relationship": "Outer",
                                                          "Parallel Aware": true,
                                                          "Async Capable": false,
                                                          "Join Type": "Inner",
                                                          "Startup Cost": 2049.78,
                                                          "Total Cost": 683994.75,
                                                          "Plan Rows": 4860,
                                                          "Plan Width": 28,
                                                          "Inner Unique": false,
                                                          "Hash Cond": "(store_sales.ss_sold_date_sk = date_dim.d_date_sk)",
                                                          "Plans": [
                                                            {
                                                              "Node Type": "Seq Scan",
                                                              "Parent Relationship": "Outer",
                                                              "Parallel Aware": true,
                                                              "Async Capable": false,
                                                              "Relation Name": "store_sales",
                                                              "Alias": "store_sales",
                                                              "Startup Cost": 0.0,
                                                              "Total Cost": 636914.37,
                                                              "Plan Rows": 12000637,
                                                              "Plan Width": 32,
                                                              "parent": 13,
                                                              "ID": 14
                                                            },
                                                            {
                                                              "Node Type": "Hash",
                                                              "Parent Relationship": "Inner",
                                                              "Parallel Aware": true,
                                                              "Async Capable": false,
                                                              "Startup Cost": 2049.55,
                                                              "Total Cost": 2049.55,
                                                              "Plan Rows": 18,
                                                              "Plan Width": 4,
                                                              "Plans": [
                                                                {
                                                                  "Node Type": "Seq Scan",
                                                                  "Parent Relationship": "Outer",
                                                                  "Parallel Aware": true,
                                                                  "Async Capable": false,
                                                                  "Relation Name": "date_dim",
                                                                  "Alias": "date_dim",
                                                                  "Startup Cost": 0.0,
                                                                  "Total Cost": 2049.55,
                                                                  "Plan Rows": 18,
                                                                  "Plan Width": 4,
                                                                  "Filter": "((d_date >= '2000-08-25'::date) AND (d_date <= '2000-09-24 00:00:00'::timestamp without time zone))",
                                                                  "parent": 15,
                                                                  "ID": 16
                                                                }
                                                              ],
                                                              "parent": 13,
                                                              "ID": 15,
                                                              "left": 16
                                                            }
                                                          ],
                                                          "parent": 12,
                                                          "ID": 13,
                                                          "left": 14,
                                                          "right": 15
                                                        },
                                                        {
                                                          "Node Type": "Hash",
                                                          "Parent Relationship": "Inner",
                                                          "Parallel Aware": true,
                                                          "Async Capable": false,
                                                          "Startup Cost": 59887.64,
                                                          "Total Cost": 59887.64,
                                                          "Plan Rows": 1198164,
                                                          "Plan Width": 20,
                                                          "Plans": [
                                                            {
                                                              "Node Type": "Seq Scan",
                                                              "Parent Relationship": "Outer",
                                                              "Parallel Aware": true,
                                                              "Async Capable": false,
                                                              "Relation Name": "store_returns",
                                                              "Alias": "store_returns",
                                                              "Startup Cost": 0.0,
                                                              "Total Cost": 59887.64,
                                                              "Plan Rows": 1198164,
                                                              "Plan Width": 20,
                                                              "parent": 17,
                                                              "ID": 18
                                                            }
                                                          ],
                                                          "parent": 12,
                                                          "ID": 17,
                                                          "left": 18
                                                        }
                                                      ],
                                                      "parent": 11,
                                                      "ID": 12,
                                                      "left": 13,
                                                      "right": 17
                                                    },
                                                    {
                                                      "Node Type": "Hash",
                                                      "Parent Relationship": "Inner",
                                                      "Parallel Aware": true,
                                                      "Async Capable": false,
                                                      "Startup Cost": 7495.25,
                                                      "Total Cost": 7495.25,
                                                      "Plan Rows": 2442,
                                                      "Plan Width": 4,
                                                      "Plans": [
                                                        {
                                                          "Node Type": "Seq Scan",
                                                          "Parent Relationship": "Outer",
                                                          "Parallel Aware": true,
                                                          "Async Capable": false,
                                                          "Relation Name": "item",
                                                          "Alias": "item",
                                                          "Startup Cost": 0.0,
                                                          "Total Cost": 7495.25,
                                                          "Plan Rows": 2442,
                                                          "Plan Width": 4,
                                                          "Filter": "(i_current_price > '50'::numeric)",
                                                          "parent": 19,
                                                          "ID": 20
                                                        }
                                                      ],
                                                      "parent": 11,
                                                      "ID": 19,
                                                      "left": 20
                                                    }
                                                  ],
                                                  "parent": 10,
                                                  "ID": 11,
                                                  "left": 12,
                                                  "right": 19
                                                },
                                                {
                                                  "Node Type": "Hash",
                                                  "Parent Relationship": "Inner",
                                                  "Parallel Aware": false,
                                                  "Async Capable": false,
                                                  "Startup Cost": 19.25,
                                                  "Total Cost": 19.25,
                                                  "Plan Rows": 492,
                                                  "Plan Width": 4,
                                                  "Plans": [
                                                    {
                                                      "Node Type": "Seq Scan",
                                                      "Parent Relationship": "Outer",
                                                      "Parallel Aware": false,
                                                      "Async Capable": false,
                                                      "Relation Name": "promotion",
                                                      "Alias": "promotion",
                                                      "Startup Cost": 0.0,
                                                      "Total Cost": 19.25,
                                                      "Plan Rows": 492,
                                                      "Plan Width": 4,
                                                      "Filter": "(p_channel_tv = 'N'::bpchar)",
                                                      "parent": 21,
                                                      "ID": 22
                                                    }
                                                  ],
                                                  "parent": 10,
                                                  "ID": 21,
                                                  "left": 22
                                                }
                                              ],
                                              "parent": 9,
                                              "ID": 10,
                                              "left": 11,
                                              "right": 21
                                            },
                                            {
                                              "Node Type": "Hash",
                                              "Parent Relationship": "Inner",
                                              "Parallel Aware": false,
                                              "Async Capable": false,
                                              "Startup Cost": 6.02,
                                              "Total Cost": 6.02,
                                              "Plan Rows": 102,
                                              "Plan Width": 21,
                                              "Plans": [
                                                {
                                                  "Node Type": "Seq Scan",
                                                  "Parent Relationship": "Outer",
                                                  "Parallel Aware": false,
                                                  "Async Capable": false,
                                                  "Relation Name": "store",
                                                  "Alias": "store",
                                                  "Startup Cost": 0.0,
                                                  "Total Cost": 6.02,
                                                  "Plan Rows": 102,
                                                  "Plan Width": 21,
                                                  "parent": 23,
                                                  "ID": 24
                                                }
                                              ],
                                              "parent": 9,
                                              "ID": 23,
                                              "left": 24
                                            }
                                          ],
                                          "parent": 8,
                                          "ID": 9,
                                          "left": 10,
                                          "right": 23
                                        }
                                      ],
                                      "parent": 7,
                                      "ID": 8,
                                      "left": 9
                                    }
                                  ],
                                  "parent": 6,
                                  "ID": 7,
                                  "left": 8
                                }
                              ],
                              "parent": 5,
                              "ID": 6,
                              "left": 7
                            }
                          ],
                          "parent": 4,
                          "ID": 5,
                          "left": 6
                        }
                      ],
                      "parent": 3,
                      "ID": 4,
                      "left": 5
                    },
                    {
                      "Node Type": "Subquery Scan",
                      "Parent Relationship": "Member",
                      "Parallel Aware": false,
                      "Async Capable": false,
                      "Alias": "csr",
                      "Startup Cost": 518177.36,
                      "Total Cost": 518230.78,
                      "Plan Rows": 340,
                      "Plan Width": 160,
                      "Plans": [
                        {
                          "Node Type": "Aggregate",
                          "Strategy": "Sorted",
                          "Partial Mode": "Finalize",
                          "Parent Relationship": "Subquery",
                          "Parallel Aware": false,
                          "Async Capable": false,
                          "Startup Cost": 518177.36,
                          "Total Cost": 518225.68,
                          "Plan Rows": 340,
                          "Plan Width": 113,
                          "Group Key": [
                            "catalog_page.cp_catalog_page_id"
                          ],
                          "Plans": [
                            {
                              "Node Type": "Gather Merge",
                              "Parent Relationship": "Outer",
                              "Parallel Aware": false,
                              "Async Capable": false,
                              "Startup Cost": 518177.36,
                              "Total Cost": 518214.76,
                              "Plan Rows": 284,
                              "Plan Width": 113,
                              "Workers Planned": 2,
                              "Plans": [
                                {
                                  "Node Type": "Aggregate",
                                  "Strategy": "Sorted",
                                  "Partial Mode": "Partial",
                                  "Parent Relationship": "Outer",
                                  "Parallel Aware": false,
                                  "Async Capable": false,
                                  "Startup Cost": 517177.34,
                                  "Total Cost": 517181.95,
                                  "Plan Rows": 142,
                                  "Plan Width": 113,
                                  "Group Key": [
                                    "catalog_page.cp_catalog_page_id"
                                  ],
                                  "Plans": [
                                    {
                                      "Node Type": "Sort",
                                      "Parent Relationship": "Outer",
                                      "Parallel Aware": false,
                                      "Async Capable": false,
                                      "Startup Cost": 517177.34,
                                      "Total Cost": 517177.69,
                                      "Plan Rows": 142,
                                      "Plan Width": 41,
                                      "Sort Key": [
                                        "catalog_page.cp_catalog_page_id"
                                      ],
                                      "Plans": [
                                        {
                                          "Node Type": "Hash Join",
                                          "Parent Relationship": "Outer",
                                          "Parallel Aware": false,
                                          "Async Capable": false,
                                          "Join Type": "Inner",
                                          "Startup Cost": 57382.33,
                                          "Total Cost": 517172.26,
                                          "Plan Rows": 142,
                                          "Plan Width": 41,
                                          "Inner Unique": false,
                                          "Hash Cond": "(catalog_sales.cs_catalog_page_sk = catalog_page.cp_catalog_page_sk)",
                                          "Plans": [
                                            {
                                              "Node Type": "Hash Join",
                                              "Parent Relationship": "Outer",
                                              "Parallel Aware": false,
                                              "Async Capable": false,
                                              "Join Type": "Inner",
                                              "Startup Cost": 56864.33,
                                              "Total Cost": 516652.32,
                                              "Plan Rows": 142,
                                              "Plan Width": 28,
                                              "Inner Unique": false,
                                              "Hash Cond": "(catalog_sales.cs_promo_sk = promotion_1.p_promo_sk)",
                                              "Plans": [
                                                {
                                                  "Node Type": "Hash Join",
                                                  "Parent Relationship": "Outer",
                                                  "Parallel Aware": true,
                                                  "Async Capable": false,
                                                  "Join Type": "Inner",
                                                  "Startup Cost": 56838.93,
                                                  "Total Cost": 516624.96,
                                                  "Plan Rows": 145,
                                                  "Plan Width": 32,
                                                  "Inner Unique": false,
                                                  "Hash Cond": "(catalog_sales.cs_item_sk = item_1.i_item_sk)",
                                                  "Plans": [
                                                    {
                                                      "Node Type": "Hash Join",
                                                      "Parent Relationship": "Outer",
                                                      "Parallel Aware": true,
                                                      "Async Capable": false,
                                                      "Join Type": "Left",
                                                      "Startup Cost": 49313.15,
                                                      "Total Cost": 509089.08,
                                                      "Plan Rows": 2532,
                                                      "Plan Width": 36,
                                                      "Inner Unique": false,
                                                      "Hash Cond": "((catalog_sales.cs_item_sk = catalog_returns.cr_item_sk) AND (catalog_sales.cs_order_number = catalog_returns.cr_order_number))",
                                                      "Plans": [
                                                        {
                                                          "Node Type": "Hash Join",
                                                          "Parent Relationship": "Outer",
                                                          "Parallel Aware": true,
                                                          "Async Capable": false,
                                                          "Join Type": "Inner",
                                                          "Startup Cost": 2049.78,
                                                          "Total Cost": 458254.7,
                                                          "Plan Rows": 2532,
                                                          "Plan Width": 28,
                                                          "Inner Unique": false,
                                                          "Hash Cond": "(catalog_sales.cs_sold_date_sk = date_dim_1.d_date_sk)",
                                                          "Plans": [
                                                            {
                                                              "Node Type": "Seq Scan",
                                                              "Parent Relationship": "Outer",
                                                              "Parallel Aware": true,
                                                              "Async Capable": false,
                                                              "Relation Name": "catalog_sales",
                                                              "Alias": "catalog_sales",
                                                              "Startup Cost": 0.0,
                                                              "Total Cost": 433688.25,
                                                              "Plan Rows": 6000525,
                                                              "Plan Width": 32,
                                                              "parent": 34,
                                                              "ID": 35
                                                            },
                                                            {
                                                              "Node Type": "Hash",
                                                              "Parent Relationship": "Inner",
                                                              "Parallel Aware": true,
                                                              "Async Capable": false,
                                                              "Startup Cost": 2049.55,
                                                              "Total Cost": 2049.55,
                                                              "Plan Rows": 18,
                                                              "Plan Width": 4,
                                                              "Plans": [
                                                                {
                                                                  "Node Type": "Seq Scan",
                                                                  "Parent Relationship": "Outer",
                                                                  "Parallel Aware": true,
                                                                  "Async Capable": false,
                                                                  "Relation Name": "date_dim",
                                                                  "Alias": "date_dim_1",
                                                                  "Startup Cost": 0.0,
                                                                  "Total Cost": 2049.55,
                                                                  "Plan Rows": 18,
                                                                  "Plan Width": 4,
                                                                  "Filter": "((d_date >= '2000-08-25'::date) AND (d_date <= '2000-09-24 00:00:00'::timestamp without time zone))",
                                                                  "parent": 36,
                                                                  "ID": 37
                                                                }
                                                              ],
                                                              "parent": 34,
                                                              "ID": 36,
                                                              "left": 37
                                                            }
                                                          ],
                                                          "parent": 33,
                                                          "ID": 34,
                                                          "left": 35,
                                                          "right": 36
                                                        },
                                                        {
                                                          "Node Type": "Hash",
                                                          "Parent Relationship": "Inner",
                                                          "Parallel Aware": true,
                                                          "Async Capable": false,
                                                          "Startup Cost": 34748.95,
                                                          "Total Cost": 34748.95,
                                                          "Plan Rows": 599895,
                                                          "Plan Width": 20,
                                                          "Plans": [
                                                            {
                                                              "Node Type": "Seq Scan",
                                                              "Parent Relationship": "Outer",
                                                              "Parallel Aware": true,
                                                              "Async Capable": false,
                                                              "Relation Name": "catalog_returns",
                                                              "Alias": "catalog_returns",
                                                              "Startup Cost": 0.0,
                                                              "Total Cost": 34748.95,
                                                              "Plan Rows": 599895,
                                                              "Plan Width": 20,
                                                              "parent": 38,
                                                              "ID": 39
                                                            }
                                                          ],
                                                          "parent": 33,
                                                          "ID": 38,
                                                          "left": 39
                                                        }
                                                      ],
                                                      "parent": 32,
                                                      "ID": 33,
                                                      "left": 34,
                                                      "right": 38
                                                    },
                                                    {
                                                      "Node Type": "Hash",
                                                      "Parent Relationship": "Inner",
                                                      "Parallel Aware": true,
                                                      "Async Capable": false,
                                                      "Startup Cost": 7495.25,
                                                      "Total Cost": 7495.25,
                                                      "Plan Rows": 2442,
                                                      "Plan Width": 4,
                                                      "Plans": [
                                                        {
                                                          "Node Type": "Seq Scan",
                                                          "Parent Relationship": "Outer",
                                                          "Parallel Aware": true,
                                                          "Async Capable": false,
                                                          "Relation Name": "item",
                                                          "Alias": "item_1",
                                                          "Startup Cost": 0.0,
                                                          "Total Cost": 7495.25,
                                                          "Plan Rows": 2442,
                                                          "Plan Width": 4,
                                                          "Filter": "(i_current_price > '50'::numeric)",
                                                          "parent": 40,
                                                          "ID": 41
                                                        }
                                                      ],
                                                      "parent": 32,
                                                      "ID": 40,
                                                      "left": 41
                                                    }
                                                  ],
                                                  "parent": 31,
                                                  "ID": 32,
                                                  "left": 33,
                                                  "right": 40
                                                },
                                                {
                                                  "Node Type": "Hash",
                                                  "Parent Relationship": "Inner",
                                                  "Parallel Aware": false,
                                                  "Async Capable": false,
                                                  "Startup Cost": 19.25,
                                                  "Total Cost": 19.25,
                                                  "Plan Rows": 492,
                                                  "Plan Width": 4,
                                                  "Plans": [
                                                    {
                                                      "Node Type": "Seq Scan",
                                                      "Parent Relationship": "Outer",
                                                      "Parallel Aware": false,
                                                      "Async Capable": false,
                                                      "Relation Name": "promotion",
                                                      "Alias": "promotion_1",
                                                      "Startup Cost": 0.0,
                                                      "Total Cost": 19.25,
                                                      "Plan Rows": 492,
                                                      "Plan Width": 4,
                                                      "Filter": "(p_channel_tv = 'N'::bpchar)",
                                                      "parent": 42,
                                                      "ID": 43
                                                    }
                                                  ],
                                                  "parent": 31,
                                                  "ID": 42,
                                                  "left": 43
                                                }
                                              ],
                                              "parent": 30,
                                              "ID": 31,
                                              "left": 32,
                                              "right": 42
                                            },
                                            {
                                              "Node Type": "Hash",
                                              "Parent Relationship": "Inner",
                                              "Parallel Aware": false,
                                              "Async Capable": false,
                                              "Startup Cost": 368.0,
                                              "Total Cost": 368.0,
                                              "Plan Rows": 12000,
                                              "Plan Width": 21,
                                              "Plans": [
                                                {
                                                  "Node Type": "Seq Scan",
                                                  "Parent Relationship": "Outer",
                                                  "Parallel Aware": false,
                                                  "Async Capable": false,
                                                  "Relation Name": "catalog_page",
                                                  "Alias": "catalog_page",
                                                  "Startup Cost": 0.0,
                                                  "Total Cost": 368.0,
                                                  "Plan Rows": 12000,
                                                  "Plan Width": 21,
                                                  "parent": 44,
                                                  "ID": 45
                                                }
                                              ],
                                              "parent": 30,
                                              "ID": 44,
                                              "left": 45
                                            }
                                          ],
                                          "parent": 29,
                                          "ID": 30,
                                          "left": 31,
                                          "right": 44
                                        }
                                      ],
                                      "parent": 28,
                                      "ID": 29,
                                      "left": 30
                                    }
                                  ],
                                  "parent": 27,
                                  "ID": 28,
                                  "left": 29
                                }
                              ],
                              "parent": 26,
                              "ID": 27,
                              "left": 28
                            }
                          ],
                          "parent": 25,
                          "ID": 26,
                          "left": 27
                        }
                      ],
                      "parent": 3,
                      "ID": 25,
                      "left": 26
                    },
                    {
                      "Node Type": "Subquery Scan",
                      "Parent Relationship": "Member",
                      "Parallel Aware": false,
                      "Async Capable": false,
                      "Alias": "wsr",
                      "Startup Cost": 263919.04,
                      "Total Cost": 263926.75,
                      "Plan Rows": 21,
                      "Plan Width": 160,
                      "Plans": [
                        {
                          "Node Type": "Aggregate",
                          "Strategy": "Sorted",
                          "Partial Mode": "Finalize",
                          "Parent Relationship": "Subquery",
                          "Parallel Aware": false,
                          "Async Capable": false,
                          "Startup Cost": 263919.04,
                          "Total Cost": 263926.43,
                          "Plan Rows": 21,
                          "Plan Width": 113,
                          "Group Key": [
                            "web_site.web_site_id"
                          ],
                          "Plans": [
                            {
                              "Node Type": "Gather Merge",
                              "Parent Relationship": "Outer",
                              "Parallel Aware": false,
                              "Async Capable": false,
                              "Startup Cost": 263919.04,
                              "Total Cost": 263925.33,
                              "Plan Rows": 42,
                              "Plan Width": 113,
                              "Workers Planned": 2,
                              "Plans": [
                                {
                                  "Node Type": "Aggregate",
                                  "Strategy": "Sorted",
                                  "Partial Mode": "Partial",
                                  "Parent Relationship": "Outer",
                                  "Parallel Aware": false,
                                  "Async Capable": false,
                                  "Startup Cost": 262919.01,
                                  "Total Cost": 262920.46,
                                  "Plan Rows": 21,
                                  "Plan Width": 113,
                                  "Group Key": [
                                    "web_site.web_site_id"
                                  ],
                                  "Plans": [
                                    {
                                      "Node Type": "Sort",
                                      "Parent Relationship": "Outer",
                                      "Parallel Aware": false,
                                      "Async Capable": false,
                                      "Startup Cost": 262919.01,
                                      "Total Cost": 262919.19,
                                      "Plan Rows": 72,
                                      "Plan Width": 41,
                                      "Sort Key": [
                                        "web_site.web_site_id"
                                      ],
                                      "Plans": [
                                        {
                                          "Node Type": "Hash Join",
                                          "Parent Relationship": "Outer",
                                          "Parallel Aware": false,
                                          "Async Capable": false,
                                          "Join Type": "Inner",
                                          "Startup Cost": 32134.74,
                                          "Total Cost": 262916.79,
                                          "Plan Rows": 72,
                                          "Plan Width": 41,
                                          "Inner Unique": false,
                                          "Hash Cond": "(web_sales.ws_web_site_sk = web_site.web_site_sk)",
                                          "Plans": [
                                            {
                                              "Node Type": "Hash Join",
                                              "Parent Relationship": "Outer",
                                              "Parallel Aware": false,
                                              "Async Capable": false,
                                              "Join Type": "Inner",
                                              "Startup Cost": 32130.8,
                                              "Total Cost": 262911.86,
                                              "Plan Rows": 72,
                                              "Plan Width": 28,
                                              "Inner Unique": false,
                                              "Hash Cond": "(web_sales.ws_promo_sk = promotion_2.p_promo_sk)",
                                              "Plans": [
                                                {
                                                  "Node Type": "Hash Join",
                                                  "Parent Relationship": "Outer",
                                                  "Parallel Aware": true,
                                                  "Async Capable": false,
                                                  "Join Type": "Inner",
                                                  "Startup Cost": 32105.4,
                                                  "Total Cost": 262885.46,
                                                  "Plan Rows": 73,
                                                  "Plan Width": 32,
                                                  "Inner Unique": false,
                                                  "Hash Cond": "(web_sales.ws_item_sk = item_2.i_item_sk)",
                                                  "Plans": [
                                                    {
                                                      "Node Type": "Hash Join",
                                                      "Parent Relationship": "Outer",
                                                      "Parallel Aware": true,
                                                      "Async Capable": false,
                                                      "Join Type": "Left",
                                                      "Startup Cost": 24579.62,
                                                      "Total Cost": 255354.62,
                                                      "Plan Rows": 1272,
                                                      "Plan Width": 36,
                                                      "Inner Unique": false,
                                                      "Hash Cond": "((web_sales.ws_item_sk = web_returns.wr_item_sk) AND (web_sales.ws_order_number = web_returns.wr_order_number))",
                                                      "Plans": [
                                                        {
                                                          "Node Type": "Hash Join",
                                                          "Parent Relationship": "Outer",
                                                          "Parallel Aware": true,
                                                          "Async Capable": false,
                                                          "Join Type": "Inner",
                                                          "Startup Cost": 2049.78,
                                                          "Total Cost": 231041.22,
                                                          "Plan Rows": 1272,
                                                          "Plan Width": 28,
                                                          "Inner Unique": false,
                                                          "Hash Cond": "(web_sales.ws_sold_date_sk = date_dim_2.d_date_sk)",
                                                          "Plans": [
                                                            {
                                                              "Node Type": "Seq Scan",
                                                              "Parent Relationship": "Outer",
                                                              "Parallel Aware": true,
                                                              "Async Capable": false,
                                                              "Relation Name": "web_sales",
                                                              "Alias": "web_sales",
                                                              "Startup Cost": 0.0,
                                                              "Total Cost": 217737.86,
                                                              "Plan Rows": 2998986,
                                                              "Plan Width": 32,
                                                              "parent": 55,
                                                              "ID": 56
                                                            },
                                                            {
                                                              "Node Type": "Hash",
                                                              "Parent Relationship": "Inner",
                                                              "Parallel Aware": true,
                                                              "Async Capable": false,
                                                              "Startup Cost": 2049.55,
                                                              "Total Cost": 2049.55,
                                                              "Plan Rows": 18,
                                                              "Plan Width": 4,
                                                              "Plans": [
                                                                {
                                                                  "Node Type": "Seq Scan",
                                                                  "Parent Relationship": "Outer",
                                                                  "Parallel Aware": true,
                                                                  "Async Capable": false,
                                                                  "Relation Name": "date_dim",
                                                                  "Alias": "date_dim_2",
                                                                  "Startup Cost": 0.0,
                                                                  "Total Cost": 2049.55,
                                                                  "Plan Rows": 18,
                                                                  "Plan Width": 4,
                                                                  "Filter": "((d_date >= '2000-08-25'::date) AND (d_date <= '2000-09-24 00:00:00'::timestamp without time zone))",
                                                                  "parent": 57,
                                                                  "ID": 58
                                                                }
                                                              ],
                                                              "parent": 55,
                                                              "ID": 57,
                                                              "left": 58
                                                            }
                                                          ],
                                                          "parent": 54,
                                                          "ID": 55,
                                                          "left": 56,
                                                          "right": 57
                                                        },
                                                        {
                                                          "Node Type": "Hash",
                                                          "Parent Relationship": "Inner",
                                                          "Parallel Aware": true,
                                                          "Async Capable": false,
                                                          "Startup Cost": 16278.74,
                                                          "Total Cost": 16278.74,
                                                          "Plan Rows": 299674,
                                                          "Plan Width": 20,
                                                          "Plans": [
                                                            {
                                                              "Node Type": "Seq Scan",
                                                              "Parent Relationship": "Outer",
                                                              "Parallel Aware": true,
                                                              "Async Capable": false,
                                                              "Relation Name": "web_returns",
                                                              "Alias": "web_returns",
                                                              "Startup Cost": 0.0,
                                                              "Total Cost": 16278.74,
                                                              "Plan Rows": 299674,
                                                              "Plan Width": 20,
                                                              "parent": 59,
                                                              "ID": 60
                                                            }
                                                          ],
                                                          "parent": 54,
                                                          "ID": 59,
                                                          "left": 60
                                                        }
                                                      ],
                                                      "parent": 53,
                                                      "ID": 54,
                                                      "left": 55,
                                                      "right": 59
                                                    },
                                                    {
                                                      "Node Type": "Hash",
                                                      "Parent Relationship": "Inner",
                                                      "Parallel Aware": true,
                                                      "Async Capable": false,
                                                      "Startup Cost": 7495.25,
                                                      "Total Cost": 7495.25,
                                                      "Plan Rows": 2442,
                                                      "Plan Width": 4,
                                                      "Plans": [
                                                        {
                                                          "Node Type": "Seq Scan",
                                                          "Parent Relationship": "Outer",
                                                          "Parallel Aware": true,
                                                          "Async Capable": false,
                                                          "Relation Name": "item",
                                                          "Alias": "item_2",
                                                          "Startup Cost": 0.0,
                                                          "Total Cost": 7495.25,
                                                          "Plan Rows": 2442,
                                                          "Plan Width": 4,
                                                          "Filter": "(i_current_price > '50'::numeric)",
                                                          "parent": 61,
                                                          "ID": 62
                                                        }
                                                      ],
                                                      "parent": 53,
                                                      "ID": 61,
                                                      "left": 62
                                                    }
                                                  ],
                                                  "parent": 52,
                                                  "ID": 53,
                                                  "left": 54,
                                                  "right": 61
                                                },
                                                {
                                                  "Node Type": "Hash",
                                                  "Parent Relationship": "Inner",
                                                  "Parallel Aware": false,
                                                  "Async Capable": false,
                                                  "Startup Cost": 19.25,
                                                  "Total Cost": 19.25,
                                                  "Plan Rows": 492,
                                                  "Plan Width": 4,
                                                  "Plans": [
                                                    {
                                                      "Node Type": "Seq Scan",
                                                      "Parent Relationship": "Outer",
                                                      "Parallel Aware": false,
                                                      "Async Capable": false,
                                                      "Relation Name": "promotion",
                                                      "Alias": "promotion_2",
                                                      "Startup Cost": 0.0,
                                                      "Total Cost": 19.25,
                                                      "Plan Rows": 492,
                                                      "Plan Width": 4,
                                                      "Filter": "(p_channel_tv = 'N'::bpchar)",
                                                      "parent": 63,
                                                      "ID": 64
                                                    }
                                                  ],
                                                  "parent": 52,
                                                  "ID": 63,
                                                  "left": 64
                                                }
                                              ],
                                              "parent": 51,
                                              "ID": 52,
                                              "left": 53,
                                              "right": 63
                                            },
                                            {
                                              "Node Type": "Hash",
                                              "Parent Relationship": "Inner",
                                              "Parallel Aware": false,
                                              "Async Capable": false,
                                              "Startup Cost": 3.42,
                                              "Total Cost": 3.42,
                                              "Plan Rows": 42,
                                              "Plan Width": 21,
                                              "Plans": [
                                                {
                                                  "Node Type": "Seq Scan",
                                                  "Parent Relationship": "Outer",
                                                  "Parallel Aware": false,
                                                  "Async Capable": false,
                                                  "Relation Name": "web_site",
                                                  "Alias": "web_site",
                                                  "Startup Cost": 0.0,
                                                  "Total Cost": 3.42,
                                                  "Plan Rows": 42,
                                                  "Plan Width": 21,
                                                  "parent": 65,
                                                  "ID": 66
                                                }
                                              ],
                                              "parent": 51,
                                              "ID": 65,
                                              "left": 66
                                            }
                                          ],
                                          "parent": 50,
                                          "ID": 51,
                                          "left": 52,
                                          "right": 65
                                        }
                                      ],
                                      "parent": 49,
                                      "ID": 50,
                                      "left": 51
                                    }
                                  ],
                                  "parent": 48,
                                  "ID": 49,
                                  "left": 50
                                }
                              ],
                              "parent": 47,
                              "ID": 48,
                              "left": 49
                            }
                          ],
                          "parent": 46,
                          "ID": 47,
                          "left": 48
                        }
                      ],
                      "parent": 3,
                      "ID": 46,
                      "left": 47
                    }
                  ],
                  "parent": 2,
                  "ID": 3,
                  "left": 4,
                  "right": 25
                }
              ],
              "parent": 1,
              "ID": 2,
              "left": 3
            }
          ],
          "parent": 0,
          "ID": 1,
          "left": 2
        }
      ],
      "parent": null,
      "ID": 0,
      "left": 1
    },
    "feat": {
      "utility": 2.180803092544919e-06,
      "query_shape": [
        [
          "Seq Scan",
          "Hash Join",
          "Sort",
          "Aggregate",
          "Gather Merge",
          "Subquery Scan",
          "Append"
        ],
        [
          "Seq Scan",
          "Hash",
          "Hash Join",
          "Sort",
          "Aggregate",
          "Gather Merge",
          "Subquery Scan",
          "Append"
        ],
        [
          "Seq Scan",
          "Hash",
          "Hash Join",
          "Sort",
          "Aggregate",
          "Gather Merge",
          "Subquery Scan",
          "Append"
        ],
        [
          "Seq Scan",
          "Hash",
          "Hash Join",
          "Sort",
          "Aggregate",
          "Gather Merge",
          "Subquery Scan",
          "Append"
        ],
        [
          "Seq Scan",
          "Hash",
          "Hash Join",
          "Sort",
          "Aggregate",
          "Gather Merge",
          "Subquery Scan",
          "Append"
        ],
        [
          "Seq Scan",
          "Hash",
          "Hash Join",
          "Sort",
          "Aggregate",
          "Gather Merge",
          "Subquery Scan",
          "Append"
        ],
        [
          "Seq Scan",
          "Hash Join",
          "Sort",
          "Aggregate",
          "Gather Merge",
          "Subquery Scan",
          "Append"
        ],
        [
          "Seq Scan",
          "Hash",
          "Hash Join",
          "Sort",
          "Aggregate",
          "Gather Merge",
          "Subquery Scan",
          "Append"
        ],
        [
          "Seq Scan",
          "Hash",
          "Hash Join",
          "Sort",
          "Aggregate",
          "Gather Merge",
          "Subquery Scan",
          "Append"
        ],
        [
          "Seq Scan",
          "Hash",
          "Hash Join",
          "Sort",
          "Aggregate",
          "Gather Merge",
          "Subquery Scan",
          "Append"
        ],
        [
          "Seq Scan",
          "Hash",
          "Hash Join",
          "Sort",
          "Aggregate",
          "Gather Merge",
          "Subquery Scan",
          "Append"
        ],
        [
          "Seq Scan",
          "Hash",
          "Hash Join",
          "Sort",
          "Aggregate",
          "Gather Merge",
          "Subquery Scan",
          "Append"
        ],
        [
          "Seq Scan",
          "Hash Join",
          "Sort",
          "Aggregate",
          "Gather Merge",
          "Subquery Scan",
          "Append"
        ],
        [
          "Seq Scan",
          "Hash",
          "Hash Join",
          "Sort",
          "Aggregate",
          "Gather Merge",
          "Subquery Scan",
          "Append"
        ],
        [
          "Seq Scan",
          "Hash",
          "Hash Join",
          "Sort",
          "Aggregate",
          "Gather Merge",
          "Subquery Scan",
          "Append"
        ],
        [
          "Seq Scan",
          "Hash",
          "Hash Join",
          "Sort",
          "Aggregate",
          "Gather Merge",
          "Subquery Scan",
          "Append"
        ],
        [
          "Seq Scan",
          "Hash",
          "Hash Join",
          "Sort",
          "Aggregate",
          "Gather Merge",
          "Subquery Scan",
          "Append"
        ],
        [
          "Seq Scan",
          "Hash",
          "Hash Join",
          "Sort",
          "Aggregate",
          "Gather Merge",
          "Subquery Scan",
          "Append"
        ]
      ],
      "index_shape": [
        "join"
      ],
      "physical_operator": {
        "Hash Join": [
          0.0009135700778115242
        ]
      }
    }
  },
  {
    "query": "with ssr as\n (select  s_store_id as store_id,\n          sum(ss_ext_sales_price) as sales,\n          sum(coalesce(sr_return_amt, 0)) as returns,\n          sum(ss_net_profit - coalesce(sr_net_loss, 0)) as profit\n  from store_sales left outer join store_returns on\n         (ss_item_sk = sr_item_sk and ss_ticket_number = sr_ticket_number),\n     date_dim,\n     store,\n     item,\n     promotion\n where ss_sold_date_sk = d_date_sk\n       and d_date between cast('2000-08-25' as date) \n                  and (cast('2000-08-25' as date) +  interval '30 days')\n       and ss_store_sk = s_store_sk\n       and ss_item_sk = i_item_sk\n       and i_current_price > 50\n       and ss_promo_sk = p_promo_sk\n       and p_channel_tv = 'N'\n group by s_store_id)\n ,\n csr as\n (select  cp_catalog_page_id as catalog_page_id,\n          sum(cs_ext_sales_price) as sales,\n          sum(coalesce(cr_return_amount, 0)) as returns,\n          sum(cs_net_profit - coalesce(cr_net_loss, 0)) as profit\n  from catalog_sales left outer join catalog_returns on\n         (cs_item_sk = cr_item_sk and cs_order_number = cr_order_number),\n     date_dim,\n     catalog_page,\n     item,\n     promotion\n where cs_sold_date_sk = d_date_sk\n       and d_date between cast('2000-08-25' as date)\n                  and (cast('2000-08-25' as date) +  interval '30 days')\n        and cs_catalog_page_sk = cp_catalog_page_sk\n       and cs_item_sk = i_item_sk\n       and i_current_price > 50\n       and cs_promo_sk = p_promo_sk\n       and p_channel_tv = 'N'\ngroup by cp_catalog_page_id)\n ,\n wsr as\n (select  web_site_id,\n          sum(ws_ext_sales_price) as sales,\n          sum(coalesce(wr_return_amt, 0)) as returns,\n          sum(ws_net_profit - coalesce(wr_net_loss, 0)) as profit\n  from web_sales left outer join web_returns on\n         (ws_item_sk = wr_item_sk and ws_order_number = wr_order_number),\n     date_dim,\n     web_site,\n     item,\n     promotion\n where ws_sold_date_sk = d_date_sk\n       and d_date between cast('2000-08-25' as date)\n                  and (cast('2000-08-25' as date) +  interval '30 days')\n        and ws_web_site_sk = web_site_sk\n       and ws_item_sk = i_item_sk\n       and i_current_price > 50\n       and ws_promo_sk = p_promo_sk\n       and p_channel_tv = 'N'\ngroup by web_site_id)\n  select  channel\n        , id\n        , sum(sales) as sales\n        , sum(returns) as returns\n        , sum(profit) as profit\n from \n (select 'store channel' as channel\n        , 'store' || store_id as id\n        , sales\n        , returns\n        , profit\n from   ssr\n union all\n select 'catalog channel' as channel\n        , 'catalog_page' || catalog_page_id as id\n        , sales\n        , returns\n        , profit\n from  csr\n union all\n select 'web channel' as channel\n        , 'web_site' || web_site_id as id\n        , sales\n        , returns\n        , profit\n from   wsr\n ) x\n group by rollup (channel, id)\n order by channel\n         ,id\n limit 100;\n\n-- end query 61 in stream 1 using template query80.tpl\n",
    "indexes": "store_returns.sr_ticket_number",
    "wo plan est": {
      "Node Type": "Limit",
      "Parallel Aware": false,
      "Async Capable": false,
      "Startup Cost": 1566793.64,
      "Total Cost": 1566796.93,
      "Plan Rows": 100,
      "Plan Width": 160,
      "Plans": [
        {
          "Node Type": "Aggregate",
          "Strategy": "Sorted",
          "Partial Mode": "Simple",
          "Parent Relationship": "Outer",
          "Parallel Aware": false,
          "Async Capable": false,
          "Startup Cost": 1566793.64,
          "Total Cost": 1566806.84,
          "Plan Rows": 401,
          "Plan Width": 160,
          "Grouping Sets": [
            {
              "Group Keys": [
                [
                  "('store channel'::text)",
                  "(('store'::text || (ssr.store_id)::text))"
                ],
                [
                  "('store channel'::text)"
                ],
                []
              ]
            }
          ],
          "Plans": [
            {
              "Node Type": "Sort",
              "Parent Relationship": "Outer",
              "Parallel Aware": false,
              "Async Capable": false,
              "Startup Cost": 1566793.64,
              "Total Cost": 1566794.67,
              "Plan Rows": 412,
              "Plan Width": 160,
              "Sort Key": [
                "('store channel'::text)",
                "(('store'::text || (ssr.store_id)::text))"
              ],
              "Plans": [
                {
                  "Node Type": "Append",
                  "Parent Relationship": "Outer",
                  "Parallel Aware": false,
                  "Async Capable": false,
                  "Startup Cost": 784596.3,
                  "Total Cost": 1566775.74,
                  "Plan Rows": 412,
                  "Plan Width": 160,
                  "Subplans Removed": 0,
                  "Plans": [
                    {
                      "Node Type": "Subquery Scan",
                      "Parent Relationship": "Member",
                      "Parallel Aware": false,
                      "Async Capable": false,
                      "Alias": "ssr",
                      "Startup Cost": 784596.3,
                      "Total Cost": 784616.16,
                      "Plan Rows": 51,
                      "Plan Width": 160,
                      "Plans": [
                        {
                          "Node Type": "Aggregate",
                          "Strategy": "Sorted",
                          "Partial Mode": "Finalize",
                          "Parent Relationship": "Subquery",
                          "Parallel Aware": false,
                          "Async Capable": false,
                          "Startup Cost": 784596.3,
                          "Total Cost": 784615.39,
                          "Plan Rows": 51,
                          "Plan Width": 113,
                          "Group Key": [
                            "store.s_store_id"
                          ],
                          "Plans": [
                            {
                              "Node Type": "Gather Merge",
                              "Parent Relationship": "Outer",
                              "Parallel Aware": false,
                              "Async Capable": false,
                              "Startup Cost": 784596.3,
                              "Total Cost": 784612.71,
                              "Plan Rows": 102,
                              "Plan Width": 113,
                              "Workers Planned": 2,
                              "Plans": [
                                {
                                  "Node Type": "Aggregate",
                                  "Strategy": "Sorted",
                                  "Partial Mode": "Partial",
                                  "Parent Relationship": "Outer",
                                  "Parallel Aware": false,
                                  "Async Capable": false,
                                  "Startup Cost": 783596.27,
                                  "Total Cost": 783600.92,
                                  "Plan Rows": 51,
                                  "Plan Width": 113,
                                  "Group Key": [
                                    "store.s_store_id"
                                  ],
                                  "Plans": [
                                    {
                                      "Node Type": "Sort",
                                      "Parent Relationship": "Outer",
                                      "Parallel Aware": false,
                                      "Async Capable": false,
                                      "Startup Cost": 783596.27,
                                      "Total Cost": 783596.9,
                                      "Plan Rows": 250,
                                      "Plan Width": 41,
                                      "Sort Key": [
                                        "store.s_store_id"
                                      ],
                                      "Plans": [
                                        {
                                          "Node Type": "Hash Join",
                                          "Parent Relationship": "Outer",
                                          "Parallel Aware": false,
                                          "Async Capable": false,
                                          "Join Type": "Inner",
                                          "Startup Cost": 94489.35,
                                          "Total Cost": 783586.32,
                                          "Plan Rows": 250,
                                          "Plan Width": 41,
                                          "Inner Unique": false,
                                          "Hash Cond": "(store_sales.ss_store_sk = store.s_store_sk)",
                                          "Plans": [
                                            {
                                              "Node Type": "Hash Join",
                                              "Parent Relationship": "Outer",
                                              "Parallel Aware": false,
                                              "Async Capable": false,
                                              "Join Type": "Inner",
                                              "Startup Cost": 94482.05,
                                              "Total Cost": 783575.54,
                                              "Plan Rows": 262,
                                              "Plan Width": 28,
                                              "Inner Unique": false,
                                              "Hash Cond": "(store_sales.ss_promo_sk = promotion.p_promo_sk)",
                                              "Plans": [
                                                {
                                                  "Node Type": "Hash Join",
                                                  "Parent Relationship": "Outer",
                                                  "Parallel Aware": true,
                                                  "Async Capable": false,
                                                  "Join Type": "Inner",
                                                  "Startup Cost": 94456.65,
                                                  "Total Cost": 783546.47,
                                                  "Plan Rows": 279,
                                                  "Plan Width": 32,
                                                  "Inner Unique": false,
                                                  "Hash Cond": "(store_sales.ss_item_sk = item.i_item_sk)",
                                                  "Plans": [
                                                    {
                                                      "Node Type": "Hash Join",
                                                      "Parent Relationship": "Outer",
                                                      "Parallel Aware": true,
                                                      "Async Capable": false,
                                                      "Join Type": "Left",
                                                      "Startup Cost": 86930.88,
                                                      "Total Cost": 776001.31,
                                                      "Plan Rows": 4860,
                                                      "Plan Width": 36,
                                                      "Inner Unique": false,
                                                      "Hash Cond": "((store_sales.ss_item_sk = store_returns.sr_item_sk) AND (store_sales.ss_ticket_number = store_returns.sr_ticket_number))",
                                                      "Plans": [
                                                        {
                                                          "Node Type": "Hash Join",
                                                          "Parent Relationship": "Outer",
                                                          "Parallel Aware": true,
                                                          "Async Capable": false,
                                                          "Join Type": "Inner",
                                                          "Startup Cost": 2049.78,
                                                          "Total Cost": 683994.75,
                                                          "Plan Rows": 4860,
                                                          "Plan Width": 28,
                                                          "Inner Unique": false,
                                                          "Hash Cond": "(store_sales.ss_sold_date_sk = date_dim.d_date_sk)",
                                                          "Plans": [
                                                            {
                                                              "Node Type": "Seq Scan",
                                                              "Parent Relationship": "Outer",
                                                              "Parallel Aware": true,
                                                              "Async Capable": false,
                                                              "Relation Name": "store_sales",
                                                              "Alias": "store_sales",
                                                              "Startup Cost": 0.0,
                                                              "Total Cost": 636914.37,
                                                              "Plan Rows": 12000637,
                                                              "Plan Width": 32,
                                                              "parent": 13,
                                                              "ID": 14
                                                            },
                                                            {
                                                              "Node Type": "Hash",
                                                              "Parent Relationship": "Inner",
                                                              "Parallel Aware": true,
                                                              "Async Capable": false,
                                                              "Startup Cost": 2049.55,
                                                              "Total Cost": 2049.55,
                                                              "Plan Rows": 18,
                                                              "Plan Width": 4,
                                                              "Plans": [
                                                                {
                                                                  "Node Type": "Seq Scan",
                                                                  "Parent Relationship": "Outer",
                                                                  "Parallel Aware": true,
                                                                  "Async Capable": false,
                                                                  "Relation Name": "date_dim",
                                                                  "Alias": "date_dim",
                                                                  "Startup Cost": 0.0,
                                                                  "Total Cost": 2049.55,
                                                                  "Plan Rows": 18,
                                                                  "Plan Width": 4,
                                                                  "Filter": "((d_date >= '2000-08-25'::date) AND (d_date <= '2000-09-24 00:00:00'::timestamp without time zone))",
                                                                  "parent": 15,
                                                                  "ID": 16
                                                                }
                                                              ],
                                                              "parent": 13,
                                                              "ID": 15,
                                                              "left": 16
                                                            }
                                                          ],
                                                          "parent": 12,
                                                          "ID": 13,
                                                          "left": 14,
                                                          "right": 15
                                                        },
                                                        {
                                                          "Node Type": "Hash",
                                                          "Parent Relationship": "Inner",
                                                          "Parallel Aware": true,
                                                          "Async Capable": false,
                                                          "Startup Cost": 59887.64,
                                                          "Total Cost": 59887.64,
                                                          "Plan Rows": 1198164,
                                                          "Plan Width": 20,
                                                          "Plans": [
                                                            {
                                                              "Node Type": "Seq Scan",
                                                              "Parent Relationship": "Outer",
                                                              "Parallel Aware": true,
                                                              "Async Capable": false,
                                                              "Relation Name": "store_returns",
                                                              "Alias": "store_returns",
                                                              "Startup Cost": 0.0,
                                                              "Total Cost": 59887.64,
                                                              "Plan Rows": 1198164,
                                                              "Plan Width": 20,
                                                              "parent": 17,
                                                              "ID": 18
                                                            }
                                                          ],
                                                          "parent": 12,
                                                          "ID": 17,
                                                          "left": 18
                                                        }
                                                      ],
                                                      "parent": 11,
                                                      "ID": 12,
                                                      "left": 13,
                                                      "right": 17
                                                    },
                                                    {
                                                      "Node Type": "Hash",
                                                      "Parent Relationship": "Inner",
                                                      "Parallel Aware": true,
                                                      "Async Capable": false,
                                                      "Startup Cost": 7495.25,
                                                      "Total Cost": 7495.25,
                                                      "Plan Rows": 2442,
                                                      "Plan Width": 4,
                                                      "Plans": [
                                                        {
                                                          "Node Type": "Seq Scan",
                                                          "Parent Relationship": "Outer",
                                                          "Parallel Aware": true,
                                                          "Async Capable": false,
                                                          "Relation Name": "item",
                                                          "Alias": "item",
                                                          "Startup Cost": 0.0,
                                                          "Total Cost": 7495.25,
                                                          "Plan Rows": 2442,
                                                          "Plan Width": 4,
                                                          "Filter": "(i_current_price > '50'::numeric)",
                                                          "parent": 19,
                                                          "ID": 20
                                                        }
                                                      ],
                                                      "parent": 11,
                                                      "ID": 19,
                                                      "left": 20
                                                    }
                                                  ],
                                                  "parent": 10,
                                                  "ID": 11,
                                                  "left": 12,
                                                  "right": 19
                                                },
                                                {
                                                  "Node Type": "Hash",
                                                  "Parent Relationship": "Inner",
                                                  "Parallel Aware": false,
                                                  "Async Capable": false,
                                                  "Startup Cost": 19.25,
                                                  "Total Cost": 19.25,
                                                  "Plan Rows": 492,
                                                  "Plan Width": 4,
                                                  "Plans": [
                                                    {
                                                      "Node Type": "Seq Scan",
                                                      "Parent Relationship": "Outer",
                                                      "Parallel Aware": false,
                                                      "Async Capable": false,
                                                      "Relation Name": "promotion",
                                                      "Alias": "promotion",
                                                      "Startup Cost": 0.0,
                                                      "Total Cost": 19.25,
                                                      "Plan Rows": 492,
                                                      "Plan Width": 4,
                                                      "Filter": "(p_channel_tv = 'N'::bpchar)",
                                                      "parent": 21,
                                                      "ID": 22
                                                    }
                                                  ],
                                                  "parent": 10,
                                                  "ID": 21,
                                                  "left": 22
                                                }
                                              ],
                                              "parent": 9,
                                              "ID": 10,
                                              "left": 11,
                                              "right": 21
                                            },
                                            {
                                              "Node Type": "Hash",
                                              "Parent Relationship": "Inner",
                                              "Parallel Aware": false,
                                              "Async Capable": false,
                                              "Startup Cost": 6.02,
                                              "Total Cost": 6.02,
                                              "Plan Rows": 102,
                                              "Plan Width": 21,
                                              "Plans": [
                                                {
                                                  "Node Type": "Seq Scan",
                                                  "Parent Relationship": "Outer",
                                                  "Parallel Aware": false,
                                                  "Async Capable": false,
                                                  "Relation Name": "store",
                                                  "Alias": "store",
                                                  "Startup Cost": 0.0,
                                                  "Total Cost": 6.02,
                                                  "Plan Rows": 102,
                                                  "Plan Width": 21,
                                                  "parent": 23,
                                                  "ID": 24
                                                }
                                              ],
                                              "parent": 9,
                                              "ID": 23,
                                              "left": 24
                                            }
                                          ],
                                          "parent": 8,
                                          "ID": 9,
                                          "left": 10,
                                          "right": 23
                                        }
                                      ],
                                      "parent": 7,
                                      "ID": 8,
                                      "left": 9
                                    }
                                  ],
                                  "parent": 6,
                                  "ID": 7,
                                  "left": 8
                                }
                              ],
                              "parent": 5,
                              "ID": 6,
                              "left": 7
                            }
                          ],
                          "parent": 4,
                          "ID": 5,
                          "left": 6
                        }
                      ],
                      "parent": 3,
                      "ID": 4,
                      "left": 5
                    },
                    {
                      "Node Type": "Subquery Scan",
                      "Parent Relationship": "Member",
                      "Parallel Aware": false,
                      "Async Capable": false,
                      "Alias": "csr",
                      "Startup Cost": 518177.36,
                      "Total Cost": 518230.78,
                      "Plan Rows": 340,
                      "Plan Width": 160,
                      "Plans": [
                        {
                          "Node Type": "Aggregate",
                          "Strategy": "Sorted",
                          "Partial Mode": "Finalize",
                          "Parent Relationship": "Subquery",
                          "Parallel Aware": false,
                          "Async Capable": false,
                          "Startup Cost": 518177.36,
                          "Total Cost": 518225.68,
                          "Plan Rows": 340,
                          "Plan Width": 113,
                          "Group Key": [
                            "catalog_page.cp_catalog_page_id"
                          ],
                          "Plans": [
                            {
                              "Node Type": "Gather Merge",
                              "Parent Relationship": "Outer",
                              "Parallel Aware": false,
                              "Async Capable": false,
                              "Startup Cost": 518177.36,
                              "Total Cost": 518214.76,
                              "Plan Rows": 284,
                              "Plan Width": 113,
                              "Workers Planned": 2,
                              "Plans": [
                                {
                                  "Node Type": "Aggregate",
                                  "Strategy": "Sorted",
                                  "Partial Mode": "Partial",
                                  "Parent Relationship": "Outer",
                                  "Parallel Aware": false,
                                  "Async Capable": false,
                                  "Startup Cost": 517177.34,
                                  "Total Cost": 517181.95,
                                  "Plan Rows": 142,
                                  "Plan Width": 113,
                                  "Group Key": [
                                    "catalog_page.cp_catalog_page_id"
                                  ],
                                  "Plans": [
                                    {
                                      "Node Type": "Sort",
                                      "Parent Relationship": "Outer",
                                      "Parallel Aware": false,
                                      "Async Capable": false,
                                      "Startup Cost": 517177.34,
                                      "Total Cost": 517177.69,
                                      "Plan Rows": 142,
                                      "Plan Width": 41,
                                      "Sort Key": [
                                        "catalog_page.cp_catalog_page_id"
                                      ],
                                      "Plans": [
                                        {
                                          "Node Type": "Hash Join",
                                          "Parent Relationship": "Outer",
                                          "Parallel Aware": false,
                                          "Async Capable": false,
                                          "Join Type": "Inner",
                                          "Startup Cost": 57382.33,
                                          "Total Cost": 517172.26,
                                          "Plan Rows": 142,
                                          "Plan Width": 41,
                                          "Inner Unique": false,
                                          "Hash Cond": "(catalog_sales.cs_catalog_page_sk = catalog_page.cp_catalog_page_sk)",
                                          "Plans": [
                                            {
                                              "Node Type": "Hash Join",
                                              "Parent Relationship": "Outer",
                                              "Parallel Aware": false,
                                              "Async Capable": false,
                                              "Join Type": "Inner",
                                              "Startup Cost": 56864.33,
                                              "Total Cost": 516652.32,
                                              "Plan Rows": 142,
                                              "Plan Width": 28,
                                              "Inner Unique": false,
                                              "Hash Cond": "(catalog_sales.cs_promo_sk = promotion_1.p_promo_sk)",
                                              "Plans": [
                                                {
                                                  "Node Type": "Hash Join",
                                                  "Parent Relationship": "Outer",
                                                  "Parallel Aware": true,
                                                  "Async Capable": false,
                                                  "Join Type": "Inner",
                                                  "Startup Cost": 56838.93,
                                                  "Total Cost": 516624.96,
                                                  "Plan Rows": 145,
                                                  "Plan Width": 32,
                                                  "Inner Unique": false,
                                                  "Hash Cond": "(catalog_sales.cs_item_sk = item_1.i_item_sk)",
                                                  "Plans": [
                                                    {
                                                      "Node Type": "Hash Join",
                                                      "Parent Relationship": "Outer",
                                                      "Parallel Aware": true,
                                                      "Async Capable": false,
                                                      "Join Type": "Left",
                                                      "Startup Cost": 49313.15,
                                                      "Total Cost": 509089.08,
                                                      "Plan Rows": 2532,
                                                      "Plan Width": 36,
                                                      "Inner Unique": false,
                                                      "Hash Cond": "((catalog_sales.cs_item_sk = catalog_returns.cr_item_sk) AND (catalog_sales.cs_order_number = catalog_returns.cr_order_number))",
                                                      "Plans": [
                                                        {
                                                          "Node Type": "Hash Join",
                                                          "Parent Relationship": "Outer",
                                                          "Parallel Aware": true,
                                                          "Async Capable": false,
                                                          "Join Type": "Inner",
                                                          "Startup Cost": 2049.78,
                                                          "Total Cost": 458254.7,
                                                          "Plan Rows": 2532,
                                                          "Plan Width": 28,
                                                          "Inner Unique": false,
                                                          "Hash Cond": "(catalog_sales.cs_sold_date_sk = date_dim_1.d_date_sk)",
                                                          "Plans": [
                                                            {
                                                              "Node Type": "Seq Scan",
                                                              "Parent Relationship": "Outer",
                                                              "Parallel Aware": true,
                                                              "Async Capable": false,
                                                              "Relation Name": "catalog_sales",
                                                              "Alias": "catalog_sales",
                                                              "Startup Cost": 0.0,
                                                              "Total Cost": 433688.25,
                                                              "Plan Rows": 6000525,
                                                              "Plan Width": 32,
                                                              "parent": 34,
                                                              "ID": 35
                                                            },
                                                            {
                                                              "Node Type": "Hash",
                                                              "Parent Relationship": "Inner",
                                                              "Parallel Aware": true,
                                                              "Async Capable": false,
                                                              "Startup Cost": 2049.55,
                                                              "Total Cost": 2049.55,
                                                              "Plan Rows": 18,
                                                              "Plan Width": 4,
                                                              "Plans": [
                                                                {
                                                                  "Node Type": "Seq Scan",
                                                                  "Parent Relationship": "Outer",
                                                                  "Parallel Aware": true,
                                                                  "Async Capable": false,
                                                                  "Relation Name": "date_dim",
                                                                  "Alias": "date_dim_1",
                                                                  "Startup Cost": 0.0,
                                                                  "Total Cost": 2049.55,
                                                                  "Plan Rows": 18,
                                                                  "Plan Width": 4,
                                                                  "Filter": "((d_date >= '2000-08-25'::date) AND (d_date <= '2000-09-24 00:00:00'::timestamp without time zone))",
                                                                  "parent": 36,
                                                                  "ID": 37
                                                                }
                                                              ],
                                                              "parent": 34,
                                                              "ID": 36,
                                                              "left": 37
                                                            }
                                                          ],
                                                          "parent": 33,
                                                          "ID": 34,
                                                          "left": 35,
                                                          "right": 36
                                                        },
                                                        {
                                                          "Node Type": "Hash",
                                                          "Parent Relationship": "Inner",
                                                          "Parallel Aware": true,
                                                          "Async Capable": false,
                                                          "Startup Cost": 34748.95,
                                                          "Total Cost": 34748.95,
                                                          "Plan Rows": 599895,
                                                          "Plan Width": 20,
                                                          "Plans": [
                                                            {
                                                              "Node Type": "Seq Scan",
                                                              "Parent Relationship": "Outer",
                                                              "Parallel Aware": true,
                                                              "Async Capable": false,
                                                              "Relation Name": "catalog_returns",
                                                              "Alias": "catalog_returns",
                                                              "Startup Cost": 0.0,
                                                              "Total Cost": 34748.95,
                                                              "Plan Rows": 599895,
                                                              "Plan Width": 20,
                                                              "parent": 38,
                                                              "ID": 39
                                                            }
                                                          ],
                                                          "parent": 33,
                                                          "ID": 38,
                                                          "left": 39
                                                        }
                                                      ],
                                                      "parent": 32,
                                                      "ID": 33,
                                                      "left": 34,
                                                      "right": 38
                                                    },
                                                    {
                                                      "Node Type": "Hash",
                                                      "Parent Relationship": "Inner",
                                                      "Parallel Aware": true,
                                                      "Async Capable": false,
                                                      "Startup Cost": 7495.25,
                                                      "Total Cost": 7495.25,
                                                      "Plan Rows": 2442,
                                                      "Plan Width": 4,
                                                      "Plans": [
                                                        {
                                                          "Node Type": "Seq Scan",
                                                          "Parent Relationship": "Outer",
                                                          "Parallel Aware": true,
                                                          "Async Capable": false,
                                                          "Relation Name": "item",
                                                          "Alias": "item_1",
                                                          "Startup Cost": 0.0,
                                                          "Total Cost": 7495.25,
                                                          "Plan Rows": 2442,
                                                          "Plan Width": 4,
                                                          "Filter": "(i_current_price > '50'::numeric)",
                                                          "parent": 40,
                                                          "ID": 41
                                                        }
                                                      ],
                                                      "parent": 32,
                                                      "ID": 40,
                                                      "left": 41
                                                    }
                                                  ],
                                                  "parent": 31,
                                                  "ID": 32,
                                                  "left": 33,
                                                  "right": 40
                                                },
                                                {
                                                  "Node Type": "Hash",
                                                  "Parent Relationship": "Inner",
                                                  "Parallel Aware": false,
                                                  "Async Capable": false,
                                                  "Startup Cost": 19.25,
                                                  "Total Cost": 19.25,
                                                  "Plan Rows": 492,
                                                  "Plan Width": 4,
                                                  "Plans": [
                                                    {
                                                      "Node Type": "Seq Scan",
                                                      "Parent Relationship": "Outer",
                                                      "Parallel Aware": false,
                                                      "Async Capable": false,
                                                      "Relation Name": "promotion",
                                                      "Alias": "promotion_1",
                                                      "Startup Cost": 0.0,
                                                      "Total Cost": 19.25,
                                                      "Plan Rows": 492,
                                                      "Plan Width": 4,
                                                      "Filter": "(p_channel_tv = 'N'::bpchar)",
                                                      "parent": 42,
                                                      "ID": 43
                                                    }
                                                  ],
                                                  "parent": 31,
                                                  "ID": 42,
                                                  "left": 43
                                                }
                                              ],
                                              "parent": 30,
                                              "ID": 31,
                                              "left": 32,
                                              "right": 42
                                            },
                                            {
                                              "Node Type": "Hash",
                                              "Parent Relationship": "Inner",
                                              "Parallel Aware": false,
                                              "Async Capable": false,
                                              "Startup Cost": 368.0,
                                              "Total Cost": 368.0,
                                              "Plan Rows": 12000,
                                              "Plan Width": 21,
                                              "Plans": [
                                                {
                                                  "Node Type": "Seq Scan",
                                                  "Parent Relationship": "Outer",
                                                  "Parallel Aware": false,
                                                  "Async Capable": false,
                                                  "Relation Name": "catalog_page",
                                                  "Alias": "catalog_page",
                                                  "Startup Cost": 0.0,
                                                  "Total Cost": 368.0,
                                                  "Plan Rows": 12000,
                                                  "Plan Width": 21,
                                                  "parent": 44,
                                                  "ID": 45
                                                }
                                              ],
                                              "parent": 30,
                                              "ID": 44,
                                              "left": 45
                                            }
                                          ],
                                          "parent": 29,
                                          "ID": 30,
                                          "left": 31,
                                          "right": 44
                                        }
                                      ],
                                      "parent": 28,
                                      "ID": 29,
                                      "left": 30
                                    }
                                  ],
                                  "parent": 27,
                                  "ID": 28,
                                  "left": 29
                                }
                              ],
                              "parent": 26,
                              "ID": 27,
                              "left": 28
                            }
                          ],
                          "parent": 25,
                          "ID": 26,
                          "left": 27
                        }
                      ],
                      "parent": 3,
                      "ID": 25,
                      "left": 26
                    },
                    {
                      "Node Type": "Subquery Scan",
                      "Parent Relationship": "Member",
                      "Parallel Aware": false,
                      "Async Capable": false,
                      "Alias": "wsr",
                      "Startup Cost": 263919.04,
                      "Total Cost": 263926.75,
                      "Plan Rows": 21,
                      "Plan Width": 160,
                      "Plans": [
                        {
                          "Node Type": "Aggregate",
                          "Strategy": "Sorted",
                          "Partial Mode": "Finalize",
                          "Parent Relationship": "Subquery",
                          "Parallel Aware": false,
                          "Async Capable": false,
                          "Startup Cost": 263919.04,
                          "Total Cost": 263926.43,
                          "Plan Rows": 21,
                          "Plan Width": 113,
                          "Group Key": [
                            "web_site.web_site_id"
                          ],
                          "Plans": [
                            {
                              "Node Type": "Gather Merge",
                              "Parent Relationship": "Outer",
                              "Parallel Aware": false,
                              "Async Capable": false,
                              "Startup Cost": 263919.04,
                              "Total Cost": 263925.33,
                              "Plan Rows": 42,
                              "Plan Width": 113,
                              "Workers Planned": 2,
                              "Plans": [
                                {
                                  "Node Type": "Aggregate",
                                  "Strategy": "Sorted",
                                  "Partial Mode": "Partial",
                                  "Parent Relationship": "Outer",
                                  "Parallel Aware": false,
                                  "Async Capable": false,
                                  "Startup Cost": 262919.01,
                                  "Total Cost": 262920.46,
                                  "Plan Rows": 21,
                                  "Plan Width": 113,
                                  "Group Key": [
                                    "web_site.web_site_id"
                                  ],
                                  "Plans": [
                                    {
                                      "Node Type": "Sort",
                                      "Parent Relationship": "Outer",
                                      "Parallel Aware": false,
                                      "Async Capable": false,
                                      "Startup Cost": 262919.01,
                                      "Total Cost": 262919.19,
                                      "Plan Rows": 72,
                                      "Plan Width": 41,
                                      "Sort Key": [
                                        "web_site.web_site_id"
                                      ],
                                      "Plans": [
                                        {
                                          "Node Type": "Hash Join",
                                          "Parent Relationship": "Outer",
                                          "Parallel Aware": false,
                                          "Async Capable": false,
                                          "Join Type": "Inner",
                                          "Startup Cost": 32134.74,
                                          "Total Cost": 262916.79,
                                          "Plan Rows": 72,
                                          "Plan Width": 41,
                                          "Inner Unique": false,
                                          "Hash Cond": "(web_sales.ws_web_site_sk = web_site.web_site_sk)",
                                          "Plans": [
                                            {
                                              "Node Type": "Hash Join",
                                              "Parent Relationship": "Outer",
                                              "Parallel Aware": false,
                                              "Async Capable": false,
                                              "Join Type": "Inner",
                                              "Startup Cost": 32130.8,
                                              "Total Cost": 262911.86,
                                              "Plan Rows": 72,
                                              "Plan Width": 28,
                                              "Inner Unique": false,
                                              "Hash Cond": "(web_sales.ws_promo_sk = promotion_2.p_promo_sk)",
                                              "Plans": [
                                                {
                                                  "Node Type": "Hash Join",
                                                  "Parent Relationship": "Outer",
                                                  "Parallel Aware": true,
                                                  "Async Capable": false,
                                                  "Join Type": "Inner",
                                                  "Startup Cost": 32105.4,
                                                  "Total Cost": 262885.46,
                                                  "Plan Rows": 73,
                                                  "Plan Width": 32,
                                                  "Inner Unique": false,
                                                  "Hash Cond": "(web_sales.ws_item_sk = item_2.i_item_sk)",
                                                  "Plans": [
                                                    {
                                                      "Node Type": "Hash Join",
                                                      "Parent Relationship": "Outer",
                                                      "Parallel Aware": true,
                                                      "Async Capable": false,
                                                      "Join Type": "Left",
                                                      "Startup Cost": 24579.62,
                                                      "Total Cost": 255354.62,
                                                      "Plan Rows": 1272,
                                                      "Plan Width": 36,
                                                      "Inner Unique": false,
                                                      "Hash Cond": "((web_sales.ws_item_sk = web_returns.wr_item_sk) AND (web_sales.ws_order_number = web_returns.wr_order_number))",
                                                      "Plans": [
                                                        {
                                                          "Node Type": "Hash Join",
                                                          "Parent Relationship": "Outer",
                                                          "Parallel Aware": true,
                                                          "Async Capable": false,
                                                          "Join Type": "Inner",
                                                          "Startup Cost": 2049.78,
                                                          "Total Cost": 231041.22,
                                                          "Plan Rows": 1272,
                                                          "Plan Width": 28,
                                                          "Inner Unique": false,
                                                          "Hash Cond": "(web_sales.ws_sold_date_sk = date_dim_2.d_date_sk)",
                                                          "Plans": [
                                                            {
                                                              "Node Type": "Seq Scan",
                                                              "Parent Relationship": "Outer",
                                                              "Parallel Aware": true,
                                                              "Async Capable": false,
                                                              "Relation Name": "web_sales",
                                                              "Alias": "web_sales",
                                                              "Startup Cost": 0.0,
                                                              "Total Cost": 217737.86,
                                                              "Plan Rows": 2998986,
                                                              "Plan Width": 32,
                                                              "parent": 55,
                                                              "ID": 56
                                                            },
                                                            {
                                                              "Node Type": "Hash",
                                                              "Parent Relationship": "Inner",
                                                              "Parallel Aware": true,
                                                              "Async Capable": false,
                                                              "Startup Cost": 2049.55,
                                                              "Total Cost": 2049.55,
                                                              "Plan Rows": 18,
                                                              "Plan Width": 4,
                                                              "Plans": [
                                                                {
                                                                  "Node Type": "Seq Scan",
                                                                  "Parent Relationship": "Outer",
                                                                  "Parallel Aware": true,
                                                                  "Async Capable": false,
                                                                  "Relation Name": "date_dim",
                                                                  "Alias": "date_dim_2",
                                                                  "Startup Cost": 0.0,
                                                                  "Total Cost": 2049.55,
                                                                  "Plan Rows": 18,
                                                                  "Plan Width": 4,
                                                                  "Filter": "((d_date >= '2000-08-25'::date) AND (d_date <= '2000-09-24 00:00:00'::timestamp without time zone))",
                                                                  "parent": 57,
                                                                  "ID": 58
                                                                }
                                                              ],
                                                              "parent": 55,
                                                              "ID": 57,
                                                              "left": 58
                                                            }
                                                          ],
                                                          "parent": 54,
                                                          "ID": 55,
                                                          "left": 56,
                                                          "right": 57
                                                        },
                                                        {
                                                          "Node Type": "Hash",
                                                          "Parent Relationship": "Inner",
                                                          "Parallel Aware": true,
                                                          "Async Capable": false,
                                                          "Startup Cost": 16278.74,
                                                          "Total Cost": 16278.74,
                                                          "Plan Rows": 299674,
                                                          "Plan Width": 20,
                                                          "Plans": [
                                                            {
                                                              "Node Type": "Seq Scan",
                                                              "Parent Relationship": "Outer",
                                                              "Parallel Aware": true,
                                                              "Async Capable": false,
                                                              "Relation Name": "web_returns",
                                                              "Alias": "web_returns",
                                                              "Startup Cost": 0.0,
                                                              "Total Cost": 16278.74,
                                                              "Plan Rows": 299674,
                                                              "Plan Width": 20,
                                                              "parent": 59,
                                                              "ID": 60
                                                            }
                                                          ],
                                                          "parent": 54,
                                                          "ID": 59,
                                                          "left": 60
                                                        }
                                                      ],
                                                      "parent": 53,
                                                      "ID": 54,
                                                      "left": 55,
                                                      "right": 59
                                                    },
                                                    {
                                                      "Node Type": "Hash",
                                                      "Parent Relationship": "Inner",
                                                      "Parallel Aware": true,
                                                      "Async Capable": false,
                                                      "Startup Cost": 7495.25,
                                                      "Total Cost": 7495.25,
                                                      "Plan Rows": 2442,
                                                      "Plan Width": 4,
                                                      "Plans": [
                                                        {
                                                          "Node Type": "Seq Scan",
                                                          "Parent Relationship": "Outer",
                                                          "Parallel Aware": true,
                                                          "Async Capable": false,
                                                          "Relation Name": "item",
                                                          "Alias": "item_2",
                                                          "Startup Cost": 0.0,
                                                          "Total Cost": 7495.25,
                                                          "Plan Rows": 2442,
                                                          "Plan Width": 4,
                                                          "Filter": "(i_current_price > '50'::numeric)",
                                                          "parent": 61,
                                                          "ID": 62
                                                        }
                                                      ],
                                                      "parent": 53,
                                                      "ID": 61,
                                                      "left": 62
                                                    }
                                                  ],
                                                  "parent": 52,
                                                  "ID": 53,
                                                  "left": 54,
                                                  "right": 61
                                                },
                                                {
                                                  "Node Type": "Hash",
                                                  "Parent Relationship": "Inner",
                                                  "Parallel Aware": false,
                                                  "Async Capable": false,
                                                  "Startup Cost": 19.25,
                                                  "Total Cost": 19.25,
                                                  "Plan Rows": 492,
                                                  "Plan Width": 4,
                                                  "Plans": [
                                                    {
                                                      "Node Type": "Seq Scan",
                                                      "Parent Relationship": "Outer",
                                                      "Parallel Aware": false,
                                                      "Async Capable": false,
                                                      "Relation Name": "promotion",
                                                      "Alias": "promotion_2",
                                                      "Startup Cost": 0.0,
                                                      "Total Cost": 19.25,
                                                      "Plan Rows": 492,
                                                      "Plan Width": 4,
                                                      "Filter": "(p_channel_tv = 'N'::bpchar)",
                                                      "parent": 63,
                                                      "ID": 64
                                                    }
                                                  ],
                                                  "parent": 52,
                                                  "ID": 63,
                                                  "left": 64
                                                }
                                              ],
                                              "parent": 51,
                                              "ID": 52,
                                              "left": 53,
                                              "right": 63
                                            },
                                            {
                                              "Node Type": "Hash",
                                              "Parent Relationship": "Inner",
                                              "Parallel Aware": false,
                                              "Async Capable": false,
                                              "Startup Cost": 3.42,
                                              "Total Cost": 3.42,
                                              "Plan Rows": 42,
                                              "Plan Width": 21,
                                              "Plans": [
                                                {
                                                  "Node Type": "Seq Scan",
                                                  "Parent Relationship": "Outer",
                                                  "Parallel Aware": false,
                                                  "Async Capable": false,
                                                  "Relation Name": "web_site",
                                                  "Alias": "web_site",
                                                  "Startup Cost": 0.0,
                                                  "Total Cost": 3.42,
                                                  "Plan Rows": 42,
                                                  "Plan Width": 21,
                                                  "parent": 65,
                                                  "ID": 66
                                                }
                                              ],
                                              "parent": 51,
                                              "ID": 65,
                                              "left": 66
                                            }
                                          ],
                                          "parent": 50,
                                          "ID": 51,
                                          "left": 52,
                                          "right": 65
                                        }
                                      ],
                                      "parent": 49,
                                      "ID": 50,
                                      "left": 51
                                    }
                                  ],
                                  "parent": 48,
                                  "ID": 49,
                                  "left": 50
                                }
                              ],
                              "parent": 47,
                              "ID": 48,
                              "left": 49
                            }
                          ],
                          "parent": 46,
                          "ID": 47,
                          "left": 48
                        }
                      ],
                      "parent": 3,
                      "ID": 46,
                      "left": 47
                    }
                  ],
                  "parent": 2,
                  "ID": 3,
                  "left": 4,
                  "right": 25
                }
              ],
              "parent": 1,
              "ID": 2,
              "left": 3
            }
          ],
          "parent": 0,
          "ID": 1,
          "left": 2
        }
      ],
      "parent": null,
      "ID": 0,
      "left": 1
    },
    "feat": {
      "utility": 2.180803092544919e-06,
      "query_shape": [
        [
          "Seq Scan",
          "Hash Join",
          "Sort",
          "Aggregate",
          "Gather Merge",
          "Subquery Scan",
          "Append"
        ],
        [
          "Seq Scan",
          "Hash",
          "Hash Join",
          "Sort",
          "Aggregate",
          "Gather Merge",
          "Subquery Scan",
          "Append"
        ],
        [
          "Seq Scan",
          "Hash",
          "Hash Join",
          "Sort",
          "Aggregate",
          "Gather Merge",
          "Subquery Scan",
          "Append"
        ],
        [
          "Seq Scan",
          "Hash",
          "Hash Join",
          "Sort",
          "Aggregate",
          "Gather Merge",
          "Subquery Scan",
          "Append"
        ],
        [
          "Seq Scan",
          "Hash",
          "Hash Join",
          "Sort",
          "Aggregate",
          "Gather Merge",
          "Subquery Scan",
          "Append"
        ],
        [
          "Seq Scan",
          "Hash",
          "Hash Join",
          "Sort",
          "Aggregate",
          "Gather Merge",
          "Subquery Scan",
          "Append"
        ],
        [
          "Seq Scan",
          "Hash Join",
          "Sort",
          "Aggregate",
          "Gather Merge",
          "Subquery Scan",
          "Append"
        ],
        [
          "Seq Scan",
          "Hash",
          "Hash Join",
          "Sort",
          "Aggregate",
          "Gather Merge",
          "Subquery Scan",
          "Append"
        ],
        [
          "Seq Scan",
          "Hash",
          "Hash Join",
          "Sort",
          "Aggregate",
          "Gather Merge",
          "Subquery Scan",
          "Append"
        ],
        [
          "Seq Scan",
          "Hash",
          "Hash Join",
          "Sort",
          "Aggregate",
          "Gather Merge",
          "Subquery Scan",
          "Append"
        ],
        [
          "Seq Scan",
          "Hash",
          "Hash Join",
          "Sort",
          "Aggregate",
          "Gather Merge",
          "Subquery Scan",
          "Append"
        ],
        [
          "Seq Scan",
          "Hash",
          "Hash Join",
          "Sort",
          "Aggregate",
          "Gather Merge",
          "Subquery Scan",
          "Append"
        ],
        [
          "Seq Scan",
          "Hash Join",
          "Sort",
          "Aggregate",
          "Gather Merge",
          "Subquery Scan",
          "Append"
        ],
        [
          "Seq Scan",
          "Hash",
          "Hash Join",
          "Sort",
          "Aggregate",
          "Gather Merge",
          "Subquery Scan",
          "Append"
        ],
        [
          "Seq Scan",
          "Hash",
          "Hash Join",
          "Sort",
          "Aggregate",
          "Gather Merge",
          "Subquery Scan",
          "Append"
        ],
        [
          "Seq Scan",
          "Hash",
          "Hash Join",
          "Sort",
          "Aggregate",
          "Gather Merge",
          "Subquery Scan",
          "Append"
        ],
        [
          "Seq Scan",
          "Hash",
          "Hash Join",
          "Sort",
          "Aggregate",
          "Gather Merge",
          "Subquery Scan",
          "Append"
        ],
        [
          "Seq Scan",
          "Hash",
          "Hash Join",
          "Sort",
          "Aggregate",
          "Gather Merge",
          "Subquery Scan",
          "Append"
        ]
      ],
      "index_shape": [
        "join"
      ],
      "physical_operator": {
        "Hash Join": [
          0.0009135700778115242
        ]
      }
    }
  },
  {
    "query": "with ssr as\n (select  s_store_id as store_id,\n          sum(ss_ext_sales_price) as sales,\n          sum(coalesce(sr_return_amt, 0)) as returns,\n          sum(ss_net_profit - coalesce(sr_net_loss, 0)) as profit\n  from store_sales left outer join store_returns on\n         (ss_item_sk = sr_item_sk and ss_ticket_number = sr_ticket_number),\n     date_dim,\n     store,\n     item,\n     promotion\n where ss_sold_date_sk = d_date_sk\n       and d_date between cast('2000-08-25' as date) \n                  and (cast('2000-08-25' as date) +  interval '30 days')\n       and ss_store_sk = s_store_sk\n       and ss_item_sk = i_item_sk\n       and i_current_price > 50\n       and ss_promo_sk = p_promo_sk\n       and p_channel_tv = 'N'\n group by s_store_id)\n ,\n csr as\n (select  cp_catalog_page_id as catalog_page_id,\n          sum(cs_ext_sales_price) as sales,\n          sum(coalesce(cr_return_amount, 0)) as returns,\n          sum(cs_net_profit - coalesce(cr_net_loss, 0)) as profit\n  from catalog_sales left outer join catalog_returns on\n         (cs_item_sk = cr_item_sk and cs_order_number = cr_order_number),\n     date_dim,\n     catalog_page,\n     item,\n     promotion\n where cs_sold_date_sk = d_date_sk\n       and d_date between cast('2000-08-25' as date)\n                  and (cast('2000-08-25' as date) +  interval '30 days')\n        and cs_catalog_page_sk = cp_catalog_page_sk\n       and cs_item_sk = i_item_sk\n       and i_current_price > 50\n       and cs_promo_sk = p_promo_sk\n       and p_channel_tv = 'N'\ngroup by cp_catalog_page_id)\n ,\n wsr as\n (select  web_site_id,\n          sum(ws_ext_sales_price) as sales,\n          sum(coalesce(wr_return_amt, 0)) as returns,\n          sum(ws_net_profit - coalesce(wr_net_loss, 0)) as profit\n  from web_sales left outer join web_returns on\n         (ws_item_sk = wr_item_sk and ws_order_number = wr_order_number),\n     date_dim,\n     web_site,\n     item,\n     promotion\n where ws_sold_date_sk = d_date_sk\n       and d_date between cast('2000-08-25' as date)\n                  and (cast('2000-08-25' as date) +  interval '30 days')\n        and ws_web_site_sk = web_site_sk\n       and ws_item_sk = i_item_sk\n       and i_current_price > 50\n       and ws_promo_sk = p_promo_sk\n       and p_channel_tv = 'N'\ngroup by web_site_id)\n  select  channel\n        , id\n        , sum(sales) as sales\n        , sum(returns) as returns\n        , sum(profit) as profit\n from \n (select 'store channel' as channel\n        , 'store' || store_id as id\n        , sales\n        , returns\n        , profit\n from   ssr\n union all\n select 'catalog channel' as channel\n        , 'catalog_page' || catalog_page_id as id\n        , sales\n        , returns\n        , profit\n from  csr\n union all\n select 'web channel' as channel\n        , 'web_site' || web_site_id as id\n        , sales\n        , returns\n        , profit\n from   wsr\n ) x\n group by rollup (channel, id)\n order by channel\n         ,id\n limit 100;\n\n-- end query 61 in stream 1 using template query80.tpl\n",
    "indexes": "store_returns.sr_return_amt",
    "wo plan est": {
      "Node Type": "Limit",
      "Parallel Aware": false,
      "Async Capable": false,
      "Startup Cost": 1566793.64,
      "Total Cost": 1566796.93,
      "Plan Rows": 100,
      "Plan Width": 160,
      "Plans": [
        {
          "Node Type": "Aggregate",
          "Strategy": "Sorted",
          "Partial Mode": "Simple",
          "Parent Relationship": "Outer",
          "Parallel Aware": false,
          "Async Capable": false,
          "Startup Cost": 1566793.64,
          "Total Cost": 1566806.84,
          "Plan Rows": 401,
          "Plan Width": 160,
          "Grouping Sets": [
            {
              "Group Keys": [
                [
                  "('store channel'::text)",
                  "(('store'::text || (ssr.store_id)::text))"
                ],
                [
                  "('store channel'::text)"
                ],
                []
              ]
            }
          ],
          "Plans": [
            {
              "Node Type": "Sort",
              "Parent Relationship": "Outer",
              "Parallel Aware": false,
              "Async Capable": false,
              "Startup Cost": 1566793.64,
              "Total Cost": 1566794.67,
              "Plan Rows": 412,
              "Plan Width": 160,
              "Sort Key": [
                "('store channel'::text)",
                "(('store'::text || (ssr.store_id)::text))"
              ],
              "Plans": [
                {
                  "Node Type": "Append",
                  "Parent Relationship": "Outer",
                  "Parallel Aware": false,
                  "Async Capable": false,
                  "Startup Cost": 784596.3,
                  "Total Cost": 1566775.74,
                  "Plan Rows": 412,
                  "Plan Width": 160,
                  "Subplans Removed": 0,
                  "Plans": [
                    {
                      "Node Type": "Subquery Scan",
                      "Parent Relationship": "Member",
                      "Parallel Aware": false,
                      "Async Capable": false,
                      "Alias": "ssr",
                      "Startup Cost": 784596.3,
                      "Total Cost": 784616.16,
                      "Plan Rows": 51,
                      "Plan Width": 160,
                      "Plans": [
                        {
                          "Node Type": "Aggregate",
                          "Strategy": "Sorted",
                          "Partial Mode": "Finalize",
                          "Parent Relationship": "Subquery",
                          "Parallel Aware": false,
                          "Async Capable": false,
                          "Startup Cost": 784596.3,
                          "Total Cost": 784615.39,
                          "Plan Rows": 51,
                          "Plan Width": 113,
                          "Group Key": [
                            "store.s_store_id"
                          ],
                          "Plans": [
                            {
                              "Node Type": "Gather Merge",
                              "Parent Relationship": "Outer",
                              "Parallel Aware": false,
                              "Async Capable": false,
                              "Startup Cost": 784596.3,
                              "Total Cost": 784612.71,
                              "Plan Rows": 102,
                              "Plan Width": 113,
                              "Workers Planned": 2,
                              "Plans": [
                                {
                                  "Node Type": "Aggregate",
                                  "Strategy": "Sorted",
                                  "Partial Mode": "Partial",
                                  "Parent Relationship": "Outer",
                                  "Parallel Aware": false,
                                  "Async Capable": false,
                                  "Startup Cost": 783596.27,
                                  "Total Cost": 783600.92,
                                  "Plan Rows": 51,
                                  "Plan Width": 113,
                                  "Group Key": [
                                    "store.s_store_id"
                                  ],
                                  "Plans": [
                                    {
                                      "Node Type": "Sort",
                                      "Parent Relationship": "Outer",
                                      "Parallel Aware": false,
                                      "Async Capable": false,
                                      "Startup Cost": 783596.27,
                                      "Total Cost": 783596.9,
                                      "Plan Rows": 250,
                                      "Plan Width": 41,
                                      "Sort Key": [
                                        "store.s_store_id"
                                      ],
                                      "Plans": [
                                        {
                                          "Node Type": "Hash Join",
                                          "Parent Relationship": "Outer",
                                          "Parallel Aware": false,
                                          "Async Capable": false,
                                          "Join Type": "Inner",
                                          "Startup Cost": 94489.35,
                                          "Total Cost": 783586.32,
                                          "Plan Rows": 250,
                                          "Plan Width": 41,
                                          "Inner Unique": false,
                                          "Hash Cond": "(store_sales.ss_store_sk = store.s_store_sk)",
                                          "Plans": [
                                            {
                                              "Node Type": "Hash Join",
                                              "Parent Relationship": "Outer",
                                              "Parallel Aware": false,
                                              "Async Capable": false,
                                              "Join Type": "Inner",
                                              "Startup Cost": 94482.05,
                                              "Total Cost": 783575.54,
                                              "Plan Rows": 262,
                                              "Plan Width": 28,
                                              "Inner Unique": false,
                                              "Hash Cond": "(store_sales.ss_promo_sk = promotion.p_promo_sk)",
                                              "Plans": [
                                                {
                                                  "Node Type": "Hash Join",
                                                  "Parent Relationship": "Outer",
                                                  "Parallel Aware": true,
                                                  "Async Capable": false,
                                                  "Join Type": "Inner",
                                                  "Startup Cost": 94456.65,
                                                  "Total Cost": 783546.47,
                                                  "Plan Rows": 279,
                                                  "Plan Width": 32,
                                                  "Inner Unique": false,
                                                  "Hash Cond": "(store_sales.ss_item_sk = item.i_item_sk)",
                                                  "Plans": [
                                                    {
                                                      "Node Type": "Hash Join",
                                                      "Parent Relationship": "Outer",
                                                      "Parallel Aware": true,
                                                      "Async Capable": false,
                                                      "Join Type": "Left",
                                                      "Startup Cost": 86930.88,
                                                      "Total Cost": 776001.31,
                                                      "Plan Rows": 4860,
                                                      "Plan Width": 36,
                                                      "Inner Unique": false,
                                                      "Hash Cond": "((store_sales.ss_item_sk = store_returns.sr_item_sk) AND (store_sales.ss_ticket_number = store_returns.sr_ticket_number))",
                                                      "Plans": [
                                                        {
                                                          "Node Type": "Hash Join",
                                                          "Parent Relationship": "Outer",
                                                          "Parallel Aware": true,
                                                          "Async Capable": false,
                                                          "Join Type": "Inner",
                                                          "Startup Cost": 2049.78,
                                                          "Total Cost": 683994.75,
                                                          "Plan Rows": 4860,
                                                          "Plan Width": 28,
                                                          "Inner Unique": false,
                                                          "Hash Cond": "(store_sales.ss_sold_date_sk = date_dim.d_date_sk)",
                                                          "Plans": [
                                                            {
                                                              "Node Type": "Seq Scan",
                                                              "Parent Relationship": "Outer",
                                                              "Parallel Aware": true,
                                                              "Async Capable": false,
                                                              "Relation Name": "store_sales",
                                                              "Alias": "store_sales",
                                                              "Startup Cost": 0.0,
                                                              "Total Cost": 636914.37,
                                                              "Plan Rows": 12000637,
                                                              "Plan Width": 32,
                                                              "parent": 13,
                                                              "ID": 14
                                                            },
                                                            {
                                                              "Node Type": "Hash",
                                                              "Parent Relationship": "Inner",
                                                              "Parallel Aware": true,
                                                              "Async Capable": false,
                                                              "Startup Cost": 2049.55,
                                                              "Total Cost": 2049.55,
                                                              "Plan Rows": 18,
                                                              "Plan Width": 4,
                                                              "Plans": [
                                                                {
                                                                  "Node Type": "Seq Scan",
                                                                  "Parent Relationship": "Outer",
                                                                  "Parallel Aware": true,
                                                                  "Async Capable": false,
                                                                  "Relation Name": "date_dim",
                                                                  "Alias": "date_dim",
                                                                  "Startup Cost": 0.0,
                                                                  "Total Cost": 2049.55,
                                                                  "Plan Rows": 18,
                                                                  "Plan Width": 4,
                                                                  "Filter": "((d_date >= '2000-08-25'::date) AND (d_date <= '2000-09-24 00:00:00'::timestamp without time zone))",
                                                                  "parent": 15,
                                                                  "ID": 16
                                                                }
                                                              ],
                                                              "parent": 13,
                                                              "ID": 15,
                                                              "left": 16
                                                            }
                                                          ],
                                                          "parent": 12,
                                                          "ID": 13,
                                                          "left": 14,
                                                          "right": 15
                                                        },
                                                        {
                                                          "Node Type": "Hash",
                                                          "Parent Relationship": "Inner",
                                                          "Parallel Aware": true,
                                                          "Async Capable": false,
                                                          "Startup Cost": 59887.64,
                                                          "Total Cost": 59887.64,
                                                          "Plan Rows": 1198164,
                                                          "Plan Width": 20,
                                                          "Plans": [
                                                            {
                                                              "Node Type": "Seq Scan",
                                                              "Parent Relationship": "Outer",
                                                              "Parallel Aware": true,
                                                              "Async Capable": false,
                                                              "Relation Name": "store_returns",
                                                              "Alias": "store_returns",
                                                              "Startup Cost": 0.0,
                                                              "Total Cost": 59887.64,
                                                              "Plan Rows": 1198164,
                                                              "Plan Width": 20,
                                                              "parent": 17,
                                                              "ID": 18
                                                            }
                                                          ],
                                                          "parent": 12,
                                                          "ID": 17,
                                                          "left": 18
                                                        }
                                                      ],
                                                      "parent": 11,
                                                      "ID": 12,
                                                      "left": 13,
                                                      "right": 17
                                                    },
                                                    {
                                                      "Node Type": "Hash",
                                                      "Parent Relationship": "Inner",
                                                      "Parallel Aware": true,
                                                      "Async Capable": false,
                                                      "Startup Cost": 7495.25,
                                                      "Total Cost": 7495.25,
                                                      "Plan Rows": 2442,
                                                      "Plan Width": 4,
                                                      "Plans": [
                                                        {
                                                          "Node Type": "Seq Scan",
                                                          "Parent Relationship": "Outer",
                                                          "Parallel Aware": true,
                                                          "Async Capable": false,
                                                          "Relation Name": "item",
                                                          "Alias": "item",
                                                          "Startup Cost": 0.0,
                                                          "Total Cost": 7495.25,
                                                          "Plan Rows": 2442,
                                                          "Plan Width": 4,
                                                          "Filter": "(i_current_price > '50'::numeric)",
                                                          "parent": 19,
                                                          "ID": 20
                                                        }
                                                      ],
                                                      "parent": 11,
                                                      "ID": 19,
                                                      "left": 20
                                                    }
                                                  ],
                                                  "parent": 10,
                                                  "ID": 11,
                                                  "left": 12,
                                                  "right": 19
                                                },
                                                {
                                                  "Node Type": "Hash",
                                                  "Parent Relationship": "Inner",
                                                  "Parallel Aware": false,
                                                  "Async Capable": false,
                                                  "Startup Cost": 19.25,
                                                  "Total Cost": 19.25,
                                                  "Plan Rows": 492,
                                                  "Plan Width": 4,
                                                  "Plans": [
                                                    {
                                                      "Node Type": "Seq Scan",
                                                      "Parent Relationship": "Outer",
                                                      "Parallel Aware": false,
                                                      "Async Capable": false,
                                                      "Relation Name": "promotion",
                                                      "Alias": "promotion",
                                                      "Startup Cost": 0.0,
                                                      "Total Cost": 19.25,
                                                      "Plan Rows": 492,
                                                      "Plan Width": 4,
                                                      "Filter": "(p_channel_tv = 'N'::bpchar)",
                                                      "parent": 21,
                                                      "ID": 22
                                                    }
                                                  ],
                                                  "parent": 10,
                                                  "ID": 21,
                                                  "left": 22
                                                }
                                              ],
                                              "parent": 9,
                                              "ID": 10,
                                              "left": 11,
                                              "right": 21
                                            },
                                            {
                                              "Node Type": "Hash",
                                              "Parent Relationship": "Inner",
                                              "Parallel Aware": false,
                                              "Async Capable": false,
                                              "Startup Cost": 6.02,
                                              "Total Cost": 6.02,
                                              "Plan Rows": 102,
                                              "Plan Width": 21,
                                              "Plans": [
                                                {
                                                  "Node Type": "Seq Scan",
                                                  "Parent Relationship": "Outer",
                                                  "Parallel Aware": false,
                                                  "Async Capable": false,
                                                  "Relation Name": "store",
                                                  "Alias": "store",
                                                  "Startup Cost": 0.0,
                                                  "Total Cost": 6.02,
                                                  "Plan Rows": 102,
                                                  "Plan Width": 21,
                                                  "parent": 23,
                                                  "ID": 24
                                                }
                                              ],
                                              "parent": 9,
                                              "ID": 23,
                                              "left": 24
                                            }
                                          ],
                                          "parent": 8,
                                          "ID": 9,
                                          "left": 10,
                                          "right": 23
                                        }
                                      ],
                                      "parent": 7,
                                      "ID": 8,
                                      "left": 9
                                    }
                                  ],
                                  "parent": 6,
                                  "ID": 7,
                                  "left": 8
                                }
                              ],
                              "parent": 5,
                              "ID": 6,
                              "left": 7
                            }
                          ],
                          "parent": 4,
                          "ID": 5,
                          "left": 6
                        }
                      ],
                      "parent": 3,
                      "ID": 4,
                      "left": 5
                    },
                    {
                      "Node Type": "Subquery Scan",
                      "Parent Relationship": "Member",
                      "Parallel Aware": false,
                      "Async Capable": false,
                      "Alias": "csr",
                      "Startup Cost": 518177.36,
                      "Total Cost": 518230.78,
                      "Plan Rows": 340,
                      "Plan Width": 160,
                      "Plans": [
                        {
                          "Node Type": "Aggregate",
                          "Strategy": "Sorted",
                          "Partial Mode": "Finalize",
                          "Parent Relationship": "Subquery",
                          "Parallel Aware": false,
                          "Async Capable": false,
                          "Startup Cost": 518177.36,
                          "Total Cost": 518225.68,
                          "Plan Rows": 340,
                          "Plan Width": 113,
                          "Group Key": [
                            "catalog_page.cp_catalog_page_id"
                          ],
                          "Plans": [
                            {
                              "Node Type": "Gather Merge",
                              "Parent Relationship": "Outer",
                              "Parallel Aware": false,
                              "Async Capable": false,
                              "Startup Cost": 518177.36,
                              "Total Cost": 518214.76,
                              "Plan Rows": 284,
                              "Plan Width": 113,
                              "Workers Planned": 2,
                              "Plans": [
                                {
                                  "Node Type": "Aggregate",
                                  "Strategy": "Sorted",
                                  "Partial Mode": "Partial",
                                  "Parent Relationship": "Outer",
                                  "Parallel Aware": false,
                                  "Async Capable": false,
                                  "Startup Cost": 517177.34,
                                  "Total Cost": 517181.95,
                                  "Plan Rows": 142,
                                  "Plan Width": 113,
                                  "Group Key": [
                                    "catalog_page.cp_catalog_page_id"
                                  ],
                                  "Plans": [
                                    {
                                      "Node Type": "Sort",
                                      "Parent Relationship": "Outer",
                                      "Parallel Aware": false,
                                      "Async Capable": false,
                                      "Startup Cost": 517177.34,
                                      "Total Cost": 517177.69,
                                      "Plan Rows": 142,
                                      "Plan Width": 41,
                                      "Sort Key": [
                                        "catalog_page.cp_catalog_page_id"
                                      ],
                                      "Plans": [
                                        {
                                          "Node Type": "Hash Join",
                                          "Parent Relationship": "Outer",
                                          "Parallel Aware": false,
                                          "Async Capable": false,
                                          "Join Type": "Inner",
                                          "Startup Cost": 57382.33,
                                          "Total Cost": 517172.26,
                                          "Plan Rows": 142,
                                          "Plan Width": 41,
                                          "Inner Unique": false,
                                          "Hash Cond": "(catalog_sales.cs_catalog_page_sk = catalog_page.cp_catalog_page_sk)",
                                          "Plans": [
                                            {
                                              "Node Type": "Hash Join",
                                              "Parent Relationship": "Outer",
                                              "Parallel Aware": false,
                                              "Async Capable": false,
                                              "Join Type": "Inner",
                                              "Startup Cost": 56864.33,
                                              "Total Cost": 516652.32,
                                              "Plan Rows": 142,
                                              "Plan Width": 28,
                                              "Inner Unique": false,
                                              "Hash Cond": "(catalog_sales.cs_promo_sk = promotion_1.p_promo_sk)",
                                              "Plans": [
                                                {
                                                  "Node Type": "Hash Join",
                                                  "Parent Relationship": "Outer",
                                                  "Parallel Aware": true,
                                                  "Async Capable": false,
                                                  "Join Type": "Inner",
                                                  "Startup Cost": 56838.93,
                                                  "Total Cost": 516624.96,
                                                  "Plan Rows": 145,
                                                  "Plan Width": 32,
                                                  "Inner Unique": false,
                                                  "Hash Cond": "(catalog_sales.cs_item_sk = item_1.i_item_sk)",
                                                  "Plans": [
                                                    {
                                                      "Node Type": "Hash Join",
                                                      "Parent Relationship": "Outer",
                                                      "Parallel Aware": true,
                                                      "Async Capable": false,
                                                      "Join Type": "Left",
                                                      "Startup Cost": 49313.15,
                                                      "Total Cost": 509089.08,
                                                      "Plan Rows": 2532,
                                                      "Plan Width": 36,
                                                      "Inner Unique": false,
                                                      "Hash Cond": "((catalog_sales.cs_item_sk = catalog_returns.cr_item_sk) AND (catalog_sales.cs_order_number = catalog_returns.cr_order_number))",
                                                      "Plans": [
                                                        {
                                                          "Node Type": "Hash Join",
                                                          "Parent Relationship": "Outer",
                                                          "Parallel Aware": true,
                                                          "Async Capable": false,
                                                          "Join Type": "Inner",
                                                          "Startup Cost": 2049.78,
                                                          "Total Cost": 458254.7,
                                                          "Plan Rows": 2532,
                                                          "Plan Width": 28,
                                                          "Inner Unique": false,
                                                          "Hash Cond": "(catalog_sales.cs_sold_date_sk = date_dim_1.d_date_sk)",
                                                          "Plans": [
                                                            {
                                                              "Node Type": "Seq Scan",
                                                              "Parent Relationship": "Outer",
                                                              "Parallel Aware": true,
                                                              "Async Capable": false,
                                                              "Relation Name": "catalog_sales",
                                                              "Alias": "catalog_sales",
                                                              "Startup Cost": 0.0,
                                                              "Total Cost": 433688.25,
                                                              "Plan Rows": 6000525,
                                                              "Plan Width": 32,
                                                              "parent": 34,
                                                              "ID": 35
                                                            },
                                                            {
                                                              "Node Type": "Hash",
                                                              "Parent Relationship": "Inner",
                                                              "Parallel Aware": true,
                                                              "Async Capable": false,
                                                              "Startup Cost": 2049.55,
                                                              "Total Cost": 2049.55,
                                                              "Plan Rows": 18,
                                                              "Plan Width": 4,
                                                              "Plans": [
                                                                {
                                                                  "Node Type": "Seq Scan",
                                                                  "Parent Relationship": "Outer",
                                                                  "Parallel Aware": true,
                                                                  "Async Capable": false,
                                                                  "Relation Name": "date_dim",
                                                                  "Alias": "date_dim_1",
                                                                  "Startup Cost": 0.0,
                                                                  "Total Cost": 2049.55,
                                                                  "Plan Rows": 18,
                                                                  "Plan Width": 4,
                                                                  "Filter": "((d_date >= '2000-08-25'::date) AND (d_date <= '2000-09-24 00:00:00'::timestamp without time zone))",
                                                                  "parent": 36,
                                                                  "ID": 37
                                                                }
                                                              ],
                                                              "parent": 34,
                                                              "ID": 36,
                                                              "left": 37
                                                            }
                                                          ],
                                                          "parent": 33,
                                                          "ID": 34,
                                                          "left": 35,
                                                          "right": 36
                                                        },
                                                        {
                                                          "Node Type": "Hash",
                                                          "Parent Relationship": "Inner",
                                                          "Parallel Aware": true,
                                                          "Async Capable": false,
                                                          "Startup Cost": 34748.95,
                                                          "Total Cost": 34748.95,
                                                          "Plan Rows": 599895,
                                                          "Plan Width": 20,
                                                          "Plans": [
                                                            {
                                                              "Node Type": "Seq Scan",
                                                              "Parent Relationship": "Outer",
                                                              "Parallel Aware": true,
                                                              "Async Capable": false,
                                                              "Relation Name": "catalog_returns",
                                                              "Alias": "catalog_returns",
                                                              "Startup Cost": 0.0,
                                                              "Total Cost": 34748.95,
                                                              "Plan Rows": 599895,
                                                              "Plan Width": 20,
                                                              "parent": 38,
                                                              "ID": 39
                                                            }
                                                          ],
                                                          "parent": 33,
                                                          "ID": 38,
                                                          "left": 39
                                                        }
                                                      ],
                                                      "parent": 32,
                                                      "ID": 33,
                                                      "left": 34,
                                                      "right": 38
                                                    },
                                                    {
                                                      "Node Type": "Hash",
                                                      "Parent Relationship": "Inner",
                                                      "Parallel Aware": true,
                                                      "Async Capable": false,
                                                      "Startup Cost": 7495.25,
                                                      "Total Cost": 7495.25,
                                                      "Plan Rows": 2442,
                                                      "Plan Width": 4,
                                                      "Plans": [
                                                        {
                                                          "Node Type": "Seq Scan",
                                                          "Parent Relationship": "Outer",
                                                          "Parallel Aware": true,
                                                          "Async Capable": false,
                                                          "Relation Name": "item",
                                                          "Alias": "item_1",
                                                          "Startup Cost": 0.0,
                                                          "Total Cost": 7495.25,
                                                          "Plan Rows": 2442,
                                                          "Plan Width": 4,
                                                          "Filter": "(i_current_price > '50'::numeric)",
                                                          "parent": 40,
                                                          "ID": 41
                                                        }
                                                      ],
                                                      "parent": 32,
                                                      "ID": 40,
                                                      "left": 41
                                                    }
                                                  ],
                                                  "parent": 31,
                                                  "ID": 32,
                                                  "left": 33,
                                                  "right": 40
                                                },
                                                {
                                                  "Node Type": "Hash",
                                                  "Parent Relationship": "Inner",
                                                  "Parallel Aware": false,
                                                  "Async Capable": false,
                                                  "Startup Cost": 19.25,
                                                  "Total Cost": 19.25,
                                                  "Plan Rows": 492,
                                                  "Plan Width": 4,
                                                  "Plans": [
                                                    {
                                                      "Node Type": "Seq Scan",
                                                      "Parent Relationship": "Outer",
                                                      "Parallel Aware": false,
                                                      "Async Capable": false,
                                                      "Relation Name": "promotion",
                                                      "Alias": "promotion_1",
                                                      "Startup Cost": 0.0,
                                                      "Total Cost": 19.25,
                                                      "Plan Rows": 492,
                                                      "Plan Width": 4,
                                                      "Filter": "(p_channel_tv = 'N'::bpchar)",
                                                      "parent": 42,
                                                      "ID": 43
                                                    }
                                                  ],
                                                  "parent": 31,
                                                  "ID": 42,
                                                  "left": 43
                                                }
                                              ],
                                              "parent": 30,
                                              "ID": 31,
                                              "left": 32,
                                              "right": 42
                                            },
                                            {
                                              "Node Type": "Hash",
                                              "Parent Relationship": "Inner",
                                              "Parallel Aware": false,
                                              "Async Capable": false,
                                              "Startup Cost": 368.0,
                                              "Total Cost": 368.0,
                                              "Plan Rows": 12000,
                                              "Plan Width": 21,
                                              "Plans": [
                                                {
                                                  "Node Type": "Seq Scan",
                                                  "Parent Relationship": "Outer",
                                                  "Parallel Aware": false,
                                                  "Async Capable": false,
                                                  "Relation Name": "catalog_page",
                                                  "Alias": "catalog_page",
                                                  "Startup Cost": 0.0,
                                                  "Total Cost": 368.0,
                                                  "Plan Rows": 12000,
                                                  "Plan Width": 21,
                                                  "parent": 44,
                                                  "ID": 45
                                                }
                                              ],
                                              "parent": 30,
                                              "ID": 44,
                                              "left": 45
                                            }
                                          ],
                                          "parent": 29,
                                          "ID": 30,
                                          "left": 31,
                                          "right": 44
                                        }
                                      ],
                                      "parent": 28,
                                      "ID": 29,
                                      "left": 30
                                    }
                                  ],
                                  "parent": 27,
                                  "ID": 28,
                                  "left": 29
                                }
                              ],
                              "parent": 26,
                              "ID": 27,
                              "left": 28
                            }
                          ],
                          "parent": 25,
                          "ID": 26,
                          "left": 27
                        }
                      ],
                      "parent": 3,
                      "ID": 25,
                      "left": 26
                    },
                    {
                      "Node Type": "Subquery Scan",
                      "Parent Relationship": "Member",
                      "Parallel Aware": false,
                      "Async Capable": false,
                      "Alias": "wsr",
                      "Startup Cost": 263919.04,
                      "Total Cost": 263926.75,
                      "Plan Rows": 21,
                      "Plan Width": 160,
                      "Plans": [
                        {
                          "Node Type": "Aggregate",
                          "Strategy": "Sorted",
                          "Partial Mode": "Finalize",
                          "Parent Relationship": "Subquery",
                          "Parallel Aware": false,
                          "Async Capable": false,
                          "Startup Cost": 263919.04,
                          "Total Cost": 263926.43,
                          "Plan Rows": 21,
                          "Plan Width": 113,
                          "Group Key": [
                            "web_site.web_site_id"
                          ],
                          "Plans": [
                            {
                              "Node Type": "Gather Merge",
                              "Parent Relationship": "Outer",
                              "Parallel Aware": false,
                              "Async Capable": false,
                              "Startup Cost": 263919.04,
                              "Total Cost": 263925.33,
                              "Plan Rows": 42,
                              "Plan Width": 113,
                              "Workers Planned": 2,
                              "Plans": [
                                {
                                  "Node Type": "Aggregate",
                                  "Strategy": "Sorted",
                                  "Partial Mode": "Partial",
                                  "Parent Relationship": "Outer",
                                  "Parallel Aware": false,
                                  "Async Capable": false,
                                  "Startup Cost": 262919.01,
                                  "Total Cost": 262920.46,
                                  "Plan Rows": 21,
                                  "Plan Width": 113,
                                  "Group Key": [
                                    "web_site.web_site_id"
                                  ],
                                  "Plans": [
                                    {
                                      "Node Type": "Sort",
                                      "Parent Relationship": "Outer",
                                      "Parallel Aware": false,
                                      "Async Capable": false,
                                      "Startup Cost": 262919.01,
                                      "Total Cost": 262919.19,
                                      "Plan Rows": 72,
                                      "Plan Width": 41,
                                      "Sort Key": [
                                        "web_site.web_site_id"
                                      ],
                                      "Plans": [
                                        {
                                          "Node Type": "Hash Join",
                                          "Parent Relationship": "Outer",
                                          "Parallel Aware": false,
                                          "Async Capable": false,
                                          "Join Type": "Inner",
                                          "Startup Cost": 32134.74,
                                          "Total Cost": 262916.79,
                                          "Plan Rows": 72,
                                          "Plan Width": 41,
                                          "Inner Unique": false,
                                          "Hash Cond": "(web_sales.ws_web_site_sk = web_site.web_site_sk)",
                                          "Plans": [
                                            {
                                              "Node Type": "Hash Join",
                                              "Parent Relationship": "Outer",
                                              "Parallel Aware": false,
                                              "Async Capable": false,
                                              "Join Type": "Inner",
                                              "Startup Cost": 32130.8,
                                              "Total Cost": 262911.86,
                                              "Plan Rows": 72,
                                              "Plan Width": 28,
                                              "Inner Unique": false,
                                              "Hash Cond": "(web_sales.ws_promo_sk = promotion_2.p_promo_sk)",
                                              "Plans": [
                                                {
                                                  "Node Type": "Hash Join",
                                                  "Parent Relationship": "Outer",
                                                  "Parallel Aware": true,
                                                  "Async Capable": false,
                                                  "Join Type": "Inner",
                                                  "Startup Cost": 32105.4,
                                                  "Total Cost": 262885.46,
                                                  "Plan Rows": 73,
                                                  "Plan Width": 32,
                                                  "Inner Unique": false,
                                                  "Hash Cond": "(web_sales.ws_item_sk = item_2.i_item_sk)",
                                                  "Plans": [
                                                    {
                                                      "Node Type": "Hash Join",
                                                      "Parent Relationship": "Outer",
                                                      "Parallel Aware": true,
                                                      "Async Capable": false,
                                                      "Join Type": "Left",
                                                      "Startup Cost": 24579.62,
                                                      "Total Cost": 255354.62,
                                                      "Plan Rows": 1272,
                                                      "Plan Width": 36,
                                                      "Inner Unique": false,
                                                      "Hash Cond": "((web_sales.ws_item_sk = web_returns.wr_item_sk) AND (web_sales.ws_order_number = web_returns.wr_order_number))",
                                                      "Plans": [
                                                        {
                                                          "Node Type": "Hash Join",
                                                          "Parent Relationship": "Outer",
                                                          "Parallel Aware": true,
                                                          "Async Capable": false,
                                                          "Join Type": "Inner",
                                                          "Startup Cost": 2049.78,
                                                          "Total Cost": 231041.22,
                                                          "Plan Rows": 1272,
                                                          "Plan Width": 28,
                                                          "Inner Unique": false,
                                                          "Hash Cond": "(web_sales.ws_sold_date_sk = date_dim_2.d_date_sk)",
                                                          "Plans": [
                                                            {
                                                              "Node Type": "Seq Scan",
                                                              "Parent Relationship": "Outer",
                                                              "Parallel Aware": true,
                                                              "Async Capable": false,
                                                              "Relation Name": "web_sales",
                                                              "Alias": "web_sales",
                                                              "Startup Cost": 0.0,
                                                              "Total Cost": 217737.86,
                                                              "Plan Rows": 2998986,
                                                              "Plan Width": 32,
                                                              "parent": 55,
                                                              "ID": 56
                                                            },
                                                            {
                                                              "Node Type": "Hash",
                                                              "Parent Relationship": "Inner",
                                                              "Parallel Aware": true,
                                                              "Async Capable": false,
                                                              "Startup Cost": 2049.55,
                                                              "Total Cost": 2049.55,
                                                              "Plan Rows": 18,
                                                              "Plan Width": 4,
                                                              "Plans": [
                                                                {
                                                                  "Node Type": "Seq Scan",
                                                                  "Parent Relationship": "Outer",
                                                                  "Parallel Aware": true,
                                                                  "Async Capable": false,
                                                                  "Relation Name": "date_dim",
                                                                  "Alias": "date_dim_2",
                                                                  "Startup Cost": 0.0,
                                                                  "Total Cost": 2049.55,
                                                                  "Plan Rows": 18,
                                                                  "Plan Width": 4,
                                                                  "Filter": "((d_date >= '2000-08-25'::date) AND (d_date <= '2000-09-24 00:00:00'::timestamp without time zone))",
                                                                  "parent": 57,
                                                                  "ID": 58
                                                                }
                                                              ],
                                                              "parent": 55,
                                                              "ID": 57,
                                                              "left": 58
                                                            }
                                                          ],
                                                          "parent": 54,
                                                          "ID": 55,
                                                          "left": 56,
                                                          "right": 57
                                                        },
                                                        {
                                                          "Node Type": "Hash",
                                                          "Parent Relationship": "Inner",
                                                          "Parallel Aware": true,
                                                          "Async Capable": false,
                                                          "Startup Cost": 16278.74,
                                                          "Total Cost": 16278.74,
                                                          "Plan Rows": 299674,
                                                          "Plan Width": 20,
                                                          "Plans": [
                                                            {
                                                              "Node Type": "Seq Scan",
                                                              "Parent Relationship": "Outer",
                                                              "Parallel Aware": true,
                                                              "Async Capable": false,
                                                              "Relation Name": "web_returns",
                                                              "Alias": "web_returns",
                                                              "Startup Cost": 0.0,
                                                              "Total Cost": 16278.74,
                                                              "Plan Rows": 299674,
                                                              "Plan Width": 20,
                                                              "parent": 59,
                                                              "ID": 60
                                                            }
                                                          ],
                                                          "parent": 54,
                                                          "ID": 59,
                                                          "left": 60
                                                        }
                                                      ],
                                                      "parent": 53,
                                                      "ID": 54,
                                                      "left": 55,
                                                      "right": 59
                                                    },
                                                    {
                                                      "Node Type": "Hash",
                                                      "Parent Relationship": "Inner",
                                                      "Parallel Aware": true,
                                                      "Async Capable": false,
                                                      "Startup Cost": 7495.25,
                                                      "Total Cost": 7495.25,
                                                      "Plan Rows": 2442,
                                                      "Plan Width": 4,
                                                      "Plans": [
                                                        {
                                                          "Node Type": "Seq Scan",
                                                          "Parent Relationship": "Outer",
                                                          "Parallel Aware": true,
                                                          "Async Capable": false,
                                                          "Relation Name": "item",
                                                          "Alias": "item_2",
                                                          "Startup Cost": 0.0,
                                                          "Total Cost": 7495.25,
                                                          "Plan Rows": 2442,
                                                          "Plan Width": 4,
                                                          "Filter": "(i_current_price > '50'::numeric)",
                                                          "parent": 61,
                                                          "ID": 62
                                                        }
                                                      ],
                                                      "parent": 53,
                                                      "ID": 61,
                                                      "left": 62
                                                    }
                                                  ],
                                                  "parent": 52,
                                                  "ID": 53,
                                                  "left": 54,
                                                  "right": 61
                                                },
                                                {
                                                  "Node Type": "Hash",
                                                  "Parent Relationship": "Inner",
                                                  "Parallel Aware": false,
                                                  "Async Capable": false,
                                                  "Startup Cost": 19.25,
                                                  "Total Cost": 19.25,
                                                  "Plan Rows": 492,
                                                  "Plan Width": 4,
                                                  "Plans": [
                                                    {
                                                      "Node Type": "Seq Scan",
                                                      "Parent Relationship": "Outer",
                                                      "Parallel Aware": false,
                                                      "Async Capable": false,
                                                      "Relation Name": "promotion",
                                                      "Alias": "promotion_2",
                                                      "Startup Cost": 0.0,
                                                      "Total Cost": 19.25,
                                                      "Plan Rows": 492,
                                                      "Plan Width": 4,
                                                      "Filter": "(p_channel_tv = 'N'::bpchar)",
                                                      "parent": 63,
                                                      "ID": 64
                                                    }
                                                  ],
                                                  "parent": 52,
                                                  "ID": 63,
                                                  "left": 64
                                                }
                                              ],
                                              "parent": 51,
                                              "ID": 52,
                                              "left": 53,
                                              "right": 63
                                            },
                                            {
                                              "Node Type": "Hash",
                                              "Parent Relationship": "Inner",
                                              "Parallel Aware": false,
                                              "Async Capable": false,
                                              "Startup Cost": 3.42,
                                              "Total Cost": 3.42,
                                              "Plan Rows": 42,
                                              "Plan Width": 21,
                                              "Plans": [
                                                {
                                                  "Node Type": "Seq Scan",
                                                  "Parent Relationship": "Outer",
                                                  "Parallel Aware": false,
                                                  "Async Capable": false,
                                                  "Relation Name": "web_site",
                                                  "Alias": "web_site",
                                                  "Startup Cost": 0.0,
                                                  "Total Cost": 3.42,
                                                  "Plan Rows": 42,
                                                  "Plan Width": 21,
                                                  "parent": 65,
                                                  "ID": 66
                                                }
                                              ],
                                              "parent": 51,
                                              "ID": 65,
                                              "left": 66
                                            }
                                          ],
                                          "parent": 50,
                                          "ID": 51,
                                          "left": 52,
                                          "right": 65
                                        }
                                      ],
                                      "parent": 49,
                                      "ID": 50,
                                      "left": 51
                                    }
                                  ],
                                  "parent": 48,
                                  "ID": 49,
                                  "left": 50
                                }
                              ],
                              "parent": 47,
                              "ID": 48,
                              "left": 49
                            }
                          ],
                          "parent": 46,
                          "ID": 47,
                          "left": 48
                        }
                      ],
                      "parent": 3,
                      "ID": 46,
                      "left": 47
                    }
                  ],
                  "parent": 2,
                  "ID": 3,
                  "left": 4,
                  "right": 25
                }
              ],
              "parent": 1,
              "ID": 2,
              "left": 3
            }
          ],
          "parent": 0,
          "ID": 1,
          "left": 2
        }
      ],
      "parent": null,
      "ID": 0,
      "left": 1
    },
    "feat": {
      "utility": 0.0,
      "query_shape": [
        [
          "Seq Scan",
          "Hash Join",
          "Sort",
          "Aggregate",
          "Gather Merge",
          "Subquery Scan",
          "Append"
        ],
        [
          "Seq Scan",
          "Hash",
          "Hash Join",
          "Sort",
          "Aggregate",
          "Gather Merge",
          "Subquery Scan",
          "Append"
        ],
        [
          "Seq Scan",
          "Hash",
          "Hash Join",
          "Sort",
          "Aggregate",
          "Gather Merge",
          "Subquery Scan",
          "Append"
        ],
        [
          "Seq Scan",
          "Hash",
          "Hash Join",
          "Sort",
          "Aggregate",
          "Gather Merge",
          "Subquery Scan",
          "Append"
        ],
        [
          "Seq Scan",
          "Hash",
          "Hash Join",
          "Sort",
          "Aggregate",
          "Gather Merge",
          "Subquery Scan",
          "Append"
        ],
        [
          "Seq Scan",
          "Hash",
          "Hash Join",
          "Sort",
          "Aggregate",
          "Gather Merge",
          "Subquery Scan",
          "Append"
        ],
        [
          "Seq Scan",
          "Hash Join",
          "Sort",
          "Aggregate",
          "Gather Merge",
          "Subquery Scan",
          "Append"
        ],
        [
          "Seq Scan",
          "Hash",
          "Hash Join",
          "Sort",
          "Aggregate",
          "Gather Merge",
          "Subquery Scan",
          "Append"
        ],
        [
          "Seq Scan",
          "Hash",
          "Hash Join",
          "Sort",
          "Aggregate",
          "Gather Merge",
          "Subquery Scan",
          "Append"
        ],
        [
          "Seq Scan",
          "Hash",
          "Hash Join",
          "Sort",
          "Aggregate",
          "Gather Merge",
          "Subquery Scan",
          "Append"
        ],
        [
          "Seq Scan",
          "Hash",
          "Hash Join",
          "Sort",
          "Aggregate",
          "Gather Merge",
          "Subquery Scan",
          "Append"
        ],
        [
          "Seq Scan",
          "Hash",
          "Hash Join",
          "Sort",
          "Aggregate",
          "Gather Merge",
          "Subquery Scan",
          "Append"
        ],
        [
          "Seq Scan",
          "Hash Join",
          "Sort",
          "Aggregate",
          "Gather Merge",
          "Subquery Scan",
          "Append"
        ],
        [
          "Seq Scan",
          "Hash",
          "Hash Join",
          "Sort",
          "Aggregate",
          "Gather Merge",
          "Subquery Scan",
          "Append"
        ],
        [
          "Seq Scan",
          "Hash",
          "Hash Join",
          "Sort",
          "Aggregate",
          "Gather Merge",
          "Subquery Scan",
          "Append"
        ],
        [
          "Seq Scan",
          "Hash",
          "Hash Join",
          "Sort",
          "Aggregate",
          "Gather Merge",
          "Subquery Scan",
          "Append"
        ],
        [
          "Seq Scan",
          "Hash",
          "Hash Join",
          "Sort",
          "Aggregate",
          "Gather Merge",
          "Subquery Scan",
          "Append"
        ],
        [
          "Seq Scan",
          "Hash",
          "Hash Join",
          "Sort",
          "Aggregate",
          "Gather Merge",
          "Subquery Scan",
          "Append"
        ]
      ],
      "index_shape": [],
      "physical_operator": {}
    }
  },
  {
    "query": "with ssr as\n (select  s_store_id as store_id,\n          sum(ss_ext_sales_price) as sales,\n          sum(coalesce(sr_return_amt, 0)) as returns,\n          sum(ss_net_profit - coalesce(sr_net_loss, 0)) as profit\n  from store_sales left outer join store_returns on\n         (ss_item_sk = sr_item_sk and ss_ticket_number = sr_ticket_number),\n     date_dim,\n     store,\n     item,\n     promotion\n where ss_sold_date_sk = d_date_sk\n       and d_date between cast('2000-08-25' as date) \n                  and (cast('2000-08-25' as date) +  interval '30 days')\n       and ss_store_sk = s_store_sk\n       and ss_item_sk = i_item_sk\n       and i_current_price > 50\n       and ss_promo_sk = p_promo_sk\n       and p_channel_tv = 'N'\n group by s_store_id)\n ,\n csr as\n (select  cp_catalog_page_id as catalog_page_id,\n          sum(cs_ext_sales_price) as sales,\n          sum(coalesce(cr_return_amount, 0)) as returns,\n          sum(cs_net_profit - coalesce(cr_net_loss, 0)) as profit\n  from catalog_sales left outer join catalog_returns on\n         (cs_item_sk = cr_item_sk and cs_order_number = cr_order_number),\n     date_dim,\n     catalog_page,\n     item,\n     promotion\n where cs_sold_date_sk = d_date_sk\n       and d_date between cast('2000-08-25' as date)\n                  and (cast('2000-08-25' as date) +  interval '30 days')\n        and cs_catalog_page_sk = cp_catalog_page_sk\n       and cs_item_sk = i_item_sk\n       and i_current_price > 50\n       and cs_promo_sk = p_promo_sk\n       and p_channel_tv = 'N'\ngroup by cp_catalog_page_id)\n ,\n wsr as\n (select  web_site_id,\n          sum(ws_ext_sales_price) as sales,\n          sum(coalesce(wr_return_amt, 0)) as returns,\n          sum(ws_net_profit - coalesce(wr_net_loss, 0)) as profit\n  from web_sales left outer join web_returns on\n         (ws_item_sk = wr_item_sk and ws_order_number = wr_order_number),\n     date_dim,\n     web_site,\n     item,\n     promotion\n where ws_sold_date_sk = d_date_sk\n       and d_date between cast('2000-08-25' as date)\n                  and (cast('2000-08-25' as date) +  interval '30 days')\n        and ws_web_site_sk = web_site_sk\n       and ws_item_sk = i_item_sk\n       and i_current_price > 50\n       and ws_promo_sk = p_promo_sk\n       and p_channel_tv = 'N'\ngroup by web_site_id)\n  select  channel\n        , id\n        , sum(sales) as sales\n        , sum(returns) as returns\n        , sum(profit) as profit\n from \n (select 'store channel' as channel\n        , 'store' || store_id as id\n        , sales\n        , returns\n        , profit\n from   ssr\n union all\n select 'catalog channel' as channel\n        , 'catalog_page' || catalog_page_id as id\n        , sales\n        , returns\n        , profit\n from  csr\n union all\n select 'web channel' as channel\n        , 'web_site' || web_site_id as id\n        , sales\n        , returns\n        , profit\n from   wsr\n ) x\n group by rollup (channel, id)\n order by channel\n         ,id\n limit 100;\n\n-- end query 61 in stream 1 using template query80.tpl\n",
    "indexes": "store_returns.sr_net_loss",
    "wo plan est": {
      "Node Type": "Limit",
      "Parallel Aware": false,
      "Async Capable": false,
      "Startup Cost": 1566793.64,
      "Total Cost": 1566796.93,
      "Plan Rows": 100,
      "Plan Width": 160,
      "Plans": [
        {
          "Node Type": "Aggregate",
          "Strategy": "Sorted",
          "Partial Mode": "Simple",
          "Parent Relationship": "Outer",
          "Parallel Aware": false,
          "Async Capable": false,
          "Startup Cost": 1566793.64,
          "Total Cost": 1566806.84,
          "Plan Rows": 401,
          "Plan Width": 160,
          "Grouping Sets": [
            {
              "Group Keys": [
                [
                  "('store channel'::text)",
                  "(('store'::text || (ssr.store_id)::text))"
                ],
                [
                  "('store channel'::text)"
                ],
                []
              ]
            }
          ],
          "Plans": [
            {
              "Node Type": "Sort",
              "Parent Relationship": "Outer",
              "Parallel Aware": false,
              "Async Capable": false,
              "Startup Cost": 1566793.64,
              "Total Cost": 1566794.67,
              "Plan Rows": 412,
              "Plan Width": 160,
              "Sort Key": [
                "('store channel'::text)",
                "(('store'::text || (ssr.store_id)::text))"
              ],
              "Plans": [
                {
                  "Node Type": "Append",
                  "Parent Relationship": "Outer",
                  "Parallel Aware": false,
                  "Async Capable": false,
                  "Startup Cost": 784596.3,
                  "Total Cost": 1566775.74,
                  "Plan Rows": 412,
                  "Plan Width": 160,
                  "Subplans Removed": 0,
                  "Plans": [
                    {
                      "Node Type": "Subquery Scan",
                      "Parent Relationship": "Member",
                      "Parallel Aware": false,
                      "Async Capable": false,
                      "Alias": "ssr",
                      "Startup Cost": 784596.3,
                      "Total Cost": 784616.16,
                      "Plan Rows": 51,
                      "Plan Width": 160,
                      "Plans": [
                        {
                          "Node Type": "Aggregate",
                          "Strategy": "Sorted",
                          "Partial Mode": "Finalize",
                          "Parent Relationship": "Subquery",
                          "Parallel Aware": false,
                          "Async Capable": false,
                          "Startup Cost": 784596.3,
                          "Total Cost": 784615.39,
                          "Plan Rows": 51,
                          "Plan Width": 113,
                          "Group Key": [
                            "store.s_store_id"
                          ],
                          "Plans": [
                            {
                              "Node Type": "Gather Merge",
                              "Parent Relationship": "Outer",
                              "Parallel Aware": false,
                              "Async Capable": false,
                              "Startup Cost": 784596.3,
                              "Total Cost": 784612.71,
                              "Plan Rows": 102,
                              "Plan Width": 113,
                              "Workers Planned": 2,
                              "Plans": [
                                {
                                  "Node Type": "Aggregate",
                                  "Strategy": "Sorted",
                                  "Partial Mode": "Partial",
                                  "Parent Relationship": "Outer",
                                  "Parallel Aware": false,
                                  "Async Capable": false,
                                  "Startup Cost": 783596.27,
                                  "Total Cost": 783600.92,
                                  "Plan Rows": 51,
                                  "Plan Width": 113,
                                  "Group Key": [
                                    "store.s_store_id"
                                  ],
                                  "Plans": [
                                    {
                                      "Node Type": "Sort",
                                      "Parent Relationship": "Outer",
                                      "Parallel Aware": false,
                                      "Async Capable": false,
                                      "Startup Cost": 783596.27,
                                      "Total Cost": 783596.9,
                                      "Plan Rows": 250,
                                      "Plan Width": 41,
                                      "Sort Key": [
                                        "store.s_store_id"
                                      ],
                                      "Plans": [
                                        {
                                          "Node Type": "Hash Join",
                                          "Parent Relationship": "Outer",
                                          "Parallel Aware": false,
                                          "Async Capable": false,
                                          "Join Type": "Inner",
                                          "Startup Cost": 94489.35,
                                          "Total Cost": 783586.32,
                                          "Plan Rows": 250,
                                          "Plan Width": 41,
                                          "Inner Unique": false,
                                          "Hash Cond": "(store_sales.ss_store_sk = store.s_store_sk)",
                                          "Plans": [
                                            {
                                              "Node Type": "Hash Join",
                                              "Parent Relationship": "Outer",
                                              "Parallel Aware": false,
                                              "Async Capable": false,
                                              "Join Type": "Inner",
                                              "Startup Cost": 94482.05,
                                              "Total Cost": 783575.54,
                                              "Plan Rows": 262,
                                              "Plan Width": 28,
                                              "Inner Unique": false,
                                              "Hash Cond": "(store_sales.ss_promo_sk = promotion.p_promo_sk)",
                                              "Plans": [
                                                {
                                                  "Node Type": "Hash Join",
                                                  "Parent Relationship": "Outer",
                                                  "Parallel Aware": true,
                                                  "Async Capable": false,
                                                  "Join Type": "Inner",
                                                  "Startup Cost": 94456.65,
                                                  "Total Cost": 783546.47,
                                                  "Plan Rows": 279,
                                                  "Plan Width": 32,
                                                  "Inner Unique": false,
                                                  "Hash Cond": "(store_sales.ss_item_sk = item.i_item_sk)",
                                                  "Plans": [
                                                    {
                                                      "Node Type": "Hash Join",
                                                      "Parent Relationship": "Outer",
                                                      "Parallel Aware": true,
                                                      "Async Capable": false,
                                                      "Join Type": "Left",
                                                      "Startup Cost": 86930.88,
                                                      "Total Cost": 776001.31,
                                                      "Plan Rows": 4860,
                                                      "Plan Width": 36,
                                                      "Inner Unique": false,
                                                      "Hash Cond": "((store_sales.ss_item_sk = store_returns.sr_item_sk) AND (store_sales.ss_ticket_number = store_returns.sr_ticket_number))",
                                                      "Plans": [
                                                        {
                                                          "Node Type": "Hash Join",
                                                          "Parent Relationship": "Outer",
                                                          "Parallel Aware": true,
                                                          "Async Capable": false,
                                                          "Join Type": "Inner",
                                                          "Startup Cost": 2049.78,
                                                          "Total Cost": 683994.75,
                                                          "Plan Rows": 4860,
                                                          "Plan Width": 28,
                                                          "Inner Unique": false,
                                                          "Hash Cond": "(store_sales.ss_sold_date_sk = date_dim.d_date_sk)",
                                                          "Plans": [
                                                            {
                                                              "Node Type": "Seq Scan",
                                                              "Parent Relationship": "Outer",
                                                              "Parallel Aware": true,
                                                              "Async Capable": false,
                                                              "Relation Name": "store_sales",
                                                              "Alias": "store_sales",
                                                              "Startup Cost": 0.0,
                                                              "Total Cost": 636914.37,
                                                              "Plan Rows": 12000637,
                                                              "Plan Width": 32,
                                                              "parent": 13,
                                                              "ID": 14
                                                            },
                                                            {
                                                              "Node Type": "Hash",
                                                              "Parent Relationship": "Inner",
                                                              "Parallel Aware": true,
                                                              "Async Capable": false,
                                                              "Startup Cost": 2049.55,
                                                              "Total Cost": 2049.55,
                                                              "Plan Rows": 18,
                                                              "Plan Width": 4,
                                                              "Plans": [
                                                                {
                                                                  "Node Type": "Seq Scan",
                                                                  "Parent Relationship": "Outer",
                                                                  "Parallel Aware": true,
                                                                  "Async Capable": false,
                                                                  "Relation Name": "date_dim",
                                                                  "Alias": "date_dim",
                                                                  "Startup Cost": 0.0,
                                                                  "Total Cost": 2049.55,
                                                                  "Plan Rows": 18,
                                                                  "Plan Width": 4,
                                                                  "Filter": "((d_date >= '2000-08-25'::date) AND (d_date <= '2000-09-24 00:00:00'::timestamp without time zone))",
                                                                  "parent": 15,
                                                                  "ID": 16
                                                                }
                                                              ],
                                                              "parent": 13,
                                                              "ID": 15,
                                                              "left": 16
                                                            }
                                                          ],
                                                          "parent": 12,
                                                          "ID": 13,
                                                          "left": 14,
                                                          "right": 15
                                                        },
                                                        {
                                                          "Node Type": "Hash",
                                                          "Parent Relationship": "Inner",
                                                          "Parallel Aware": true,
                                                          "Async Capable": false,
                                                          "Startup Cost": 59887.64,
                                                          "Total Cost": 59887.64,
                                                          "Plan Rows": 1198164,
                                                          "Plan Width": 20,
                                                          "Plans": [
                                                            {
                                                              "Node Type": "Seq Scan",
                                                              "Parent Relationship": "Outer",
                                                              "Parallel Aware": true,
                                                              "Async Capable": false,
                                                              "Relation Name": "store_returns",
                                                              "Alias": "store_returns",
                                                              "Startup Cost": 0.0,
                                                              "Total Cost": 59887.64,
                                                              "Plan Rows": 1198164,
                                                              "Plan Width": 20,
                                                              "parent": 17,
                                                              "ID": 18
                                                            }
                                                          ],
                                                          "parent": 12,
                                                          "ID": 17,
                                                          "left": 18
                                                        }
                                                      ],
                                                      "parent": 11,
                                                      "ID": 12,
                                                      "left": 13,
                                                      "right": 17
                                                    },
                                                    {
                                                      "Node Type": "Hash",
                                                      "Parent Relationship": "Inner",
                                                      "Parallel Aware": true,
                                                      "Async Capable": false,
                                                      "Startup Cost": 7495.25,
                                                      "Total Cost": 7495.25,
                                                      "Plan Rows": 2442,
                                                      "Plan Width": 4,
                                                      "Plans": [
                                                        {
                                                          "Node Type": "Seq Scan",
                                                          "Parent Relationship": "Outer",
                                                          "Parallel Aware": true,
                                                          "Async Capable": false,
                                                          "Relation Name": "item",
                                                          "Alias": "item",
                                                          "Startup Cost": 0.0,
                                                          "Total Cost": 7495.25,
                                                          "Plan Rows": 2442,
                                                          "Plan Width": 4,
                                                          "Filter": "(i_current_price > '50'::numeric)",
                                                          "parent": 19,
                                                          "ID": 20
                                                        }
                                                      ],
                                                      "parent": 11,
                                                      "ID": 19,
                                                      "left": 20
                                                    }
                                                  ],
                                                  "parent": 10,
                                                  "ID": 11,
                                                  "left": 12,
                                                  "right": 19
                                                },
                                                {
                                                  "Node Type": "Hash",
                                                  "Parent Relationship": "Inner",
                                                  "Parallel Aware": false,
                                                  "Async Capable": false,
                                                  "Startup Cost": 19.25,
                                                  "Total Cost": 19.25,
                                                  "Plan Rows": 492,
                                                  "Plan Width": 4,
                                                  "Plans": [
                                                    {
                                                      "Node Type": "Seq Scan",
                                                      "Parent Relationship": "Outer",
                                                      "Parallel Aware": false,
                                                      "Async Capable": false,
                                                      "Relation Name": "promotion",
                                                      "Alias": "promotion",
                                                      "Startup Cost": 0.0,
                                                      "Total Cost": 19.25,
                                                      "Plan Rows": 492,
                                                      "Plan Width": 4,
                                                      "Filter": "(p_channel_tv = 'N'::bpchar)",
                                                      "parent": 21,
                                                      "ID": 22
                                                    }
                                                  ],
                                                  "parent": 10,
                                                  "ID": 21,
                                                  "left": 22
                                                }
                                              ],
                                              "parent": 9,
                                              "ID": 10,
                                              "left": 11,
                                              "right": 21
                                            },
                                            {
                                              "Node Type": "Hash",
                                              "Parent Relationship": "Inner",
                                              "Parallel Aware": false,
                                              "Async Capable": false,
                                              "Startup Cost": 6.02,
                                              "Total Cost": 6.02,
                                              "Plan Rows": 102,
                                              "Plan Width": 21,
                                              "Plans": [
                                                {
                                                  "Node Type": "Seq Scan",
                                                  "Parent Relationship": "Outer",
                                                  "Parallel Aware": false,
                                                  "Async Capable": false,
                                                  "Relation Name": "store",
                                                  "Alias": "store",
                                                  "Startup Cost": 0.0,
                                                  "Total Cost": 6.02,
                                                  "Plan Rows": 102,
                                                  "Plan Width": 21,
                                                  "parent": 23,
                                                  "ID": 24
                                                }
                                              ],
                                              "parent": 9,
                                              "ID": 23,
                                              "left": 24
                                            }
                                          ],
                                          "parent": 8,
                                          "ID": 9,
                                          "left": 10,
                                          "right": 23
                                        }
                                      ],
                                      "parent": 7,
                                      "ID": 8,
                                      "left": 9
                                    }
                                  ],
                                  "parent": 6,
                                  "ID": 7,
                                  "left": 8
                                }
                              ],
                              "parent": 5,
                              "ID": 6,
                              "left": 7
                            }
                          ],
                          "parent": 4,
                          "ID": 5,
                          "left": 6
                        }
                      ],
                      "parent": 3,
                      "ID": 4,
                      "left": 5
                    },
                    {
                      "Node Type": "Subquery Scan",
                      "Parent Relationship": "Member",
                      "Parallel Aware": false,
                      "Async Capable": false,
                      "Alias": "csr",
                      "Startup Cost": 518177.36,
                      "Total Cost": 518230.78,
                      "Plan Rows": 340,
                      "Plan Width": 160,
                      "Plans": [
                        {
                          "Node Type": "Aggregate",
                          "Strategy": "Sorted",
                          "Partial Mode": "Finalize",
                          "Parent Relationship": "Subquery",
                          "Parallel Aware": false,
                          "Async Capable": false,
                          "Startup Cost": 518177.36,
                          "Total Cost": 518225.68,
                          "Plan Rows": 340,
                          "Plan Width": 113,
                          "Group Key": [
                            "catalog_page.cp_catalog_page_id"
                          ],
                          "Plans": [
                            {
                              "Node Type": "Gather Merge",
                              "Parent Relationship": "Outer",
                              "Parallel Aware": false,
                              "Async Capable": false,
                              "Startup Cost": 518177.36,
                              "Total Cost": 518214.76,
                              "Plan Rows": 284,
                              "Plan Width": 113,
                              "Workers Planned": 2,
                              "Plans": [
                                {
                                  "Node Type": "Aggregate",
                                  "Strategy": "Sorted",
                                  "Partial Mode": "Partial",
                                  "Parent Relationship": "Outer",
                                  "Parallel Aware": false,
                                  "Async Capable": false,
                                  "Startup Cost": 517177.34,
                                  "Total Cost": 517181.95,
                                  "Plan Rows": 142,
                                  "Plan Width": 113,
                                  "Group Key": [
                                    "catalog_page.cp_catalog_page_id"
                                  ],
                                  "Plans": [
                                    {
                                      "Node Type": "Sort",
                                      "Parent Relationship": "Outer",
                                      "Parallel Aware": false,
                                      "Async Capable": false,
                                      "Startup Cost": 517177.34,
                                      "Total Cost": 517177.69,
                                      "Plan Rows": 142,
                                      "Plan Width": 41,
                                      "Sort Key": [
                                        "catalog_page.cp_catalog_page_id"
                                      ],
                                      "Plans": [
                                        {
                                          "Node Type": "Hash Join",
                                          "Parent Relationship": "Outer",
                                          "Parallel Aware": false,
                                          "Async Capable": false,
                                          "Join Type": "Inner",
                                          "Startup Cost": 57382.33,
                                          "Total Cost": 517172.26,
                                          "Plan Rows": 142,
                                          "Plan Width": 41,
                                          "Inner Unique": false,
                                          "Hash Cond": "(catalog_sales.cs_catalog_page_sk = catalog_page.cp_catalog_page_sk)",
                                          "Plans": [
                                            {
                                              "Node Type": "Hash Join",
                                              "Parent Relationship": "Outer",
                                              "Parallel Aware": false,
                                              "Async Capable": false,
                                              "Join Type": "Inner",
                                              "Startup Cost": 56864.33,
                                              "Total Cost": 516652.32,
                                              "Plan Rows": 142,
                                              "Plan Width": 28,
                                              "Inner Unique": false,
                                              "Hash Cond": "(catalog_sales.cs_promo_sk = promotion_1.p_promo_sk)",
                                              "Plans": [
                                                {
                                                  "Node Type": "Hash Join",
                                                  "Parent Relationship": "Outer",
                                                  "Parallel Aware": true,
                                                  "Async Capable": false,
                                                  "Join Type": "Inner",
                                                  "Startup Cost": 56838.93,
                                                  "Total Cost": 516624.96,
                                                  "Plan Rows": 145,
                                                  "Plan Width": 32,
                                                  "Inner Unique": false,
                                                  "Hash Cond": "(catalog_sales.cs_item_sk = item_1.i_item_sk)",
                                                  "Plans": [
                                                    {
                                                      "Node Type": "Hash Join",
                                                      "Parent Relationship": "Outer",
                                                      "Parallel Aware": true,
                                                      "Async Capable": false,
                                                      "Join Type": "Left",
                                                      "Startup Cost": 49313.15,
                                                      "Total Cost": 509089.08,
                                                      "Plan Rows": 2532,
                                                      "Plan Width": 36,
                                                      "Inner Unique": false,
                                                      "Hash Cond": "((catalog_sales.cs_item_sk = catalog_returns.cr_item_sk) AND (catalog_sales.cs_order_number = catalog_returns.cr_order_number))",
                                                      "Plans": [
                                                        {
                                                          "Node Type": "Hash Join",
                                                          "Parent Relationship": "Outer",
                                                          "Parallel Aware": true,
                                                          "Async Capable": false,
                                                          "Join Type": "Inner",
                                                          "Startup Cost": 2049.78,
                                                          "Total Cost": 458254.7,
                                                          "Plan Rows": 2532,
                                                          "Plan Width": 28,
                                                          "Inner Unique": false,
                                                          "Hash Cond": "(catalog_sales.cs_sold_date_sk = date_dim_1.d_date_sk)",
                                                          "Plans": [
                                                            {
                                                              "Node Type": "Seq Scan",
                                                              "Parent Relationship": "Outer",
                                                              "Parallel Aware": true,
                                                              "Async Capable": false,
                                                              "Relation Name": "catalog_sales",
                                                              "Alias": "catalog_sales",
                                                              "Startup Cost": 0.0,
                                                              "Total Cost": 433688.25,
                                                              "Plan Rows": 6000525,
                                                              "Plan Width": 32,
                                                              "parent": 34,
                                                              "ID": 35
                                                            },
                                                            {
                                                              "Node Type": "Hash",
                                                              "Parent Relationship": "Inner",
                                                              "Parallel Aware": true,
                                                              "Async Capable": false,
                                                              "Startup Cost": 2049.55,
                                                              "Total Cost": 2049.55,
                                                              "Plan Rows": 18,
                                                              "Plan Width": 4,
                                                              "Plans": [
                                                                {
                                                                  "Node Type": "Seq Scan",
                                                                  "Parent Relationship": "Outer",
                                                                  "Parallel Aware": true,
                                                                  "Async Capable": false,
                                                                  "Relation Name": "date_dim",
                                                                  "Alias": "date_dim_1",
                                                                  "Startup Cost": 0.0,
                                                                  "Total Cost": 2049.55,
                                                                  "Plan Rows": 18,
                                                                  "Plan Width": 4,
                                                                  "Filter": "((d_date >= '2000-08-25'::date) AND (d_date <= '2000-09-24 00:00:00'::timestamp without time zone))",
                                                                  "parent": 36,
                                                                  "ID": 37
                                                                }
                                                              ],
                                                              "parent": 34,
                                                              "ID": 36,
                                                              "left": 37
                                                            }
                                                          ],
                                                          "parent": 33,
                                                          "ID": 34,
                                                          "left": 35,
                                                          "right": 36
                                                        },
                                                        {
                                                          "Node Type": "Hash",
                                                          "Parent Relationship": "Inner",
                                                          "Parallel Aware": true,
                                                          "Async Capable": false,
                                                          "Startup Cost": 34748.95,
                                                          "Total Cost": 34748.95,
                                                          "Plan Rows": 599895,
                                                          "Plan Width": 20,
                                                          "Plans": [
                                                            {
                                                              "Node Type": "Seq Scan",
                                                              "Parent Relationship": "Outer",
                                                              "Parallel Aware": true,
                                                              "Async Capable": false,
                                                              "Relation Name": "catalog_returns",
                                                              "Alias": "catalog_returns",
                                                              "Startup Cost": 0.0,
                                                              "Total Cost": 34748.95,
                                                              "Plan Rows": 599895,
                                                              "Plan Width": 20,
                                                              "parent": 38,
                                                              "ID": 39
                                                            }
                                                          ],
                                                          "parent": 33,
                                                          "ID": 38,
                                                          "left": 39
                                                        }
                                                      ],
                                                      "parent": 32,
                                                      "ID": 33,
                                                      "left": 34,
                                                      "right": 38
                                                    },
                                                    {
                                                      "Node Type": "Hash",
                                                      "Parent Relationship": "Inner",
                                                      "Parallel Aware": true,
                                                      "Async Capable": false,
                                                      "Startup Cost": 7495.25,
                                                      "Total Cost": 7495.25,
                                                      "Plan Rows": 2442,
                                                      "Plan Width": 4,
                                                      "Plans": [
                                                        {
                                                          "Node Type": "Seq Scan",
                                                          "Parent Relationship": "Outer",
                                                          "Parallel Aware": true,
                                                          "Async Capable": false,
                                                          "Relation Name": "item",
                                                          "Alias": "item_1",
                                                          "Startup Cost": 0.0,
                                                          "Total Cost": 7495.25,
                                                          "Plan Rows": 2442,
                                                          "Plan Width": 4,
                                                          "Filter": "(i_current_price > '50'::numeric)",
                                                          "parent": 40,
                                                          "ID": 41
                                                        }
                                                      ],
                                                      "parent": 32,
                                                      "ID": 40,
                                                      "left": 41
                                                    }
                                                  ],
                                                  "parent": 31,
                                                  "ID": 32,
                                                  "left": 33,
                                                  "right": 40
                                                },
                                                {
                                                  "Node Type": "Hash",
                                                  "Parent Relationship": "Inner",
                                                  "Parallel Aware": false,
                                                  "Async Capable": false,
                                                  "Startup Cost": 19.25,
                                                  "Total Cost": 19.25,
                                                  "Plan Rows": 492,
                                                  "Plan Width": 4,
                                                  "Plans": [
                                                    {
                                                      "Node Type": "Seq Scan",
                                                      "Parent Relationship": "Outer",
                                                      "Parallel Aware": false,
                                                      "Async Capable": false,
                                                      "Relation Name": "promotion",
                                                      "Alias": "promotion_1",
                                                      "Startup Cost": 0.0,
                                                      "Total Cost": 19.25,
                                                      "Plan Rows": 492,
                                                      "Plan Width": 4,
                                                      "Filter": "(p_channel_tv = 'N'::bpchar)",
                                                      "parent": 42,
                                                      "ID": 43
                                                    }
                                                  ],
                                                  "parent": 31,
                                                  "ID": 42,
                                                  "left": 43
                                                }
                                              ],
                                              "parent": 30,
                                              "ID": 31,
                                              "left": 32,
                                              "right": 42
                                            },
                                            {
                                              "Node Type": "Hash",
                                              "Parent Relationship": "Inner",
                                              "Parallel Aware": false,
                                              "Async Capable": false,
                                              "Startup Cost": 368.0,
                                              "Total Cost": 368.0,
                                              "Plan Rows": 12000,
                                              "Plan Width": 21,
                                              "Plans": [
                                                {
                                                  "Node Type": "Seq Scan",
                                                  "Parent Relationship": "Outer",
                                                  "Parallel Aware": false,
                                                  "Async Capable": false,
                                                  "Relation Name": "catalog_page",
                                                  "Alias": "catalog_page",
                                                  "Startup Cost": 0.0,
                                                  "Total Cost": 368.0,
                                                  "Plan Rows": 12000,
                                                  "Plan Width": 21,
                                                  "parent": 44,
                                                  "ID": 45
                                                }
                                              ],
                                              "parent": 30,
                                              "ID": 44,
                                              "left": 45
                                            }
                                          ],
                                          "parent": 29,
                                          "ID": 30,
                                          "left": 31,
                                          "right": 44
                                        }
                                      ],
                                      "parent": 28,
                                      "ID": 29,
                                      "left": 30
                                    }
                                  ],
                                  "parent": 27,
                                  "ID": 28,
                                  "left": 29
                                }
                              ],
                              "parent": 26,
                              "ID": 27,
                              "left": 28
                            }
                          ],
                          "parent": 25,
                          "ID": 26,
                          "left": 27
                        }
                      ],
                      "parent": 3,
                      "ID": 25,
                      "left": 26
                    },
                    {
                      "Node Type": "Subquery Scan",
                      "Parent Relationship": "Member",
                      "Parallel Aware": false,
                      "Async Capable": false,
                      "Alias": "wsr",
                      "Startup Cost": 263919.04,
                      "Total Cost": 263926.75,
                      "Plan Rows": 21,
                      "Plan Width": 160,
                      "Plans": [
                        {
                          "Node Type": "Aggregate",
                          "Strategy": "Sorted",
                          "Partial Mode": "Finalize",
                          "Parent Relationship": "Subquery",
                          "Parallel Aware": false,
                          "Async Capable": false,
                          "Startup Cost": 263919.04,
                          "Total Cost": 263926.43,
                          "Plan Rows": 21,
                          "Plan Width": 113,
                          "Group Key": [
                            "web_site.web_site_id"
                          ],
                          "Plans": [
                            {
                              "Node Type": "Gather Merge",
                              "Parent Relationship": "Outer",
                              "Parallel Aware": false,
                              "Async Capable": false,
                              "Startup Cost": 263919.04,
                              "Total Cost": 263925.33,
                              "Plan Rows": 42,
                              "Plan Width": 113,
                              "Workers Planned": 2,
                              "Plans": [
                                {
                                  "Node Type": "Aggregate",
                                  "Strategy": "Sorted",
                                  "Partial Mode": "Partial",
                                  "Parent Relationship": "Outer",
                                  "Parallel Aware": false,
                                  "Async Capable": false,
                                  "Startup Cost": 262919.01,
                                  "Total Cost": 262920.46,
                                  "Plan Rows": 21,
                                  "Plan Width": 113,
                                  "Group Key": [
                                    "web_site.web_site_id"
                                  ],
                                  "Plans": [
                                    {
                                      "Node Type": "Sort",
                                      "Parent Relationship": "Outer",
                                      "Parallel Aware": false,
                                      "Async Capable": false,
                                      "Startup Cost": 262919.01,
                                      "Total Cost": 262919.19,
                                      "Plan Rows": 72,
                                      "Plan Width": 41,
                                      "Sort Key": [
                                        "web_site.web_site_id"
                                      ],
                                      "Plans": [
                                        {
                                          "Node Type": "Hash Join",
                                          "Parent Relationship": "Outer",
                                          "Parallel Aware": false,
                                          "Async Capable": false,
                                          "Join Type": "Inner",
                                          "Startup Cost": 32134.74,
                                          "Total Cost": 262916.79,
                                          "Plan Rows": 72,
                                          "Plan Width": 41,
                                          "Inner Unique": false,
                                          "Hash Cond": "(web_sales.ws_web_site_sk = web_site.web_site_sk)",
                                          "Plans": [
                                            {
                                              "Node Type": "Hash Join",
                                              "Parent Relationship": "Outer",
                                              "Parallel Aware": false,
                                              "Async Capable": false,
                                              "Join Type": "Inner",
                                              "Startup Cost": 32130.8,
                                              "Total Cost": 262911.86,
                                              "Plan Rows": 72,
                                              "Plan Width": 28,
                                              "Inner Unique": false,
                                              "Hash Cond": "(web_sales.ws_promo_sk = promotion_2.p_promo_sk)",
                                              "Plans": [
                                                {
                                                  "Node Type": "Hash Join",
                                                  "Parent Relationship": "Outer",
                                                  "Parallel Aware": true,
                                                  "Async Capable": false,
                                                  "Join Type": "Inner",
                                                  "Startup Cost": 32105.4,
                                                  "Total Cost": 262885.46,
                                                  "Plan Rows": 73,
                                                  "Plan Width": 32,
                                                  "Inner Unique": false,
                                                  "Hash Cond": "(web_sales.ws_item_sk = item_2.i_item_sk)",
                                                  "Plans": [
                                                    {
                                                      "Node Type": "Hash Join",
                                                      "Parent Relationship": "Outer",
                                                      "Parallel Aware": true,
                                                      "Async Capable": false,
                                                      "Join Type": "Left",
                                                      "Startup Cost": 24579.62,
                                                      "Total Cost": 255354.62,
                                                      "Plan Rows": 1272,
                                                      "Plan Width": 36,
                                                      "Inner Unique": false,
                                                      "Hash Cond": "((web_sales.ws_item_sk = web_returns.wr_item_sk) AND (web_sales.ws_order_number = web_returns.wr_order_number))",
                                                      "Plans": [
                                                        {
                                                          "Node Type": "Hash Join",
                                                          "Parent Relationship": "Outer",
                                                          "Parallel Aware": true,
                                                          "Async Capable": false,
                                                          "Join Type": "Inner",
                                                          "Startup Cost": 2049.78,
                                                          "Total Cost": 231041.22,
                                                          "Plan Rows": 1272,
                                                          "Plan Width": 28,
                                                          "Inner Unique": false,
                                                          "Hash Cond": "(web_sales.ws_sold_date_sk = date_dim_2.d_date_sk)",
                                                          "Plans": [
                                                            {
                                                              "Node Type": "Seq Scan",
                                                              "Parent Relationship": "Outer",
                                                              "Parallel Aware": true,
                                                              "Async Capable": false,
                                                              "Relation Name": "web_sales",
                                                              "Alias": "web_sales",
                                                              "Startup Cost": 0.0,
                                                              "Total Cost": 217737.86,
                                                              "Plan Rows": 2998986,
                                                              "Plan Width": 32,
                                                              "parent": 55,
                                                              "ID": 56
                                                            },
                                                            {
                                                              "Node Type": "Hash",
                                                              "Parent Relationship": "Inner",
                                                              "Parallel Aware": true,
                                                              "Async Capable": false,
                                                              "Startup Cost": 2049.55,
                                                              "Total Cost": 2049.55,
                                                              "Plan Rows": 18,
                                                              "Plan Width": 4,
                                                              "Plans": [
                                                                {
                                                                  "Node Type": "Seq Scan",
                                                                  "Parent Relationship": "Outer",
                                                                  "Parallel Aware": true,
                                                                  "Async Capable": false,
                                                                  "Relation Name": "date_dim",
                                                                  "Alias": "date_dim_2",
                                                                  "Startup Cost": 0.0,
                                                                  "Total Cost": 2049.55,
                                                                  "Plan Rows": 18,
                                                                  "Plan Width": 4,
                                                                  "Filter": "((d_date >= '2000-08-25'::date) AND (d_date <= '2000-09-24 00:00:00'::timestamp without time zone))",
                                                                  "parent": 57,
                                                                  "ID": 58
                                                                }
                                                              ],
                                                              "parent": 55,
                                                              "ID": 57,
                                                              "left": 58
                                                            }
                                                          ],
                                                          "parent": 54,
                                                          "ID": 55,
                                                          "left": 56,
                                                          "right": 57
                                                        },
                                                        {
                                                          "Node Type": "Hash",
                                                          "Parent Relationship": "Inner",
                                                          "Parallel Aware": true,
                                                          "Async Capable": false,
                                                          "Startup Cost": 16278.74,
                                                          "Total Cost": 16278.74,
                                                          "Plan Rows": 299674,
                                                          "Plan Width": 20,
                                                          "Plans": [
                                                            {
                                                              "Node Type": "Seq Scan",
                                                              "Parent Relationship": "Outer",
                                                              "Parallel Aware": true,
                                                              "Async Capable": false,
                                                              "Relation Name": "web_returns",
                                                              "Alias": "web_returns",
                                                              "Startup Cost": 0.0,
                                                              "Total Cost": 16278.74,
                                                              "Plan Rows": 299674,
                                                              "Plan Width": 20,
                                                              "parent": 59,
                                                              "ID": 60
                                                            }
                                                          ],
                                                          "parent": 54,
                                                          "ID": 59,
                                                          "left": 60
                                                        }
                                                      ],
                                                      "parent": 53,
                                                      "ID": 54,
                                                      "left": 55,
                                                      "right": 59
                                                    },
                                                    {
                                                      "Node Type": "Hash",
                                                      "Parent Relationship": "Inner",
                                                      "Parallel Aware": true,
                                                      "Async Capable": false,
                                                      "Startup Cost": 7495.25,
                                                      "Total Cost": 7495.25,
                                                      "Plan Rows": 2442,
                                                      "Plan Width": 4,
                                                      "Plans": [
                                                        {
                                                          "Node Type": "Seq Scan",
                                                          "Parent Relationship": "Outer",
                                                          "Parallel Aware": true,
                                                          "Async Capable": false,
                                                          "Relation Name": "item",
                                                          "Alias": "item_2",
                                                          "Startup Cost": 0.0,
                                                          "Total Cost": 7495.25,
                                                          "Plan Rows": 2442,
                                                          "Plan Width": 4,
                                                          "Filter": "(i_current_price > '50'::numeric)",
                                                          "parent": 61,
                                                          "ID": 62
                                                        }
                                                      ],
                                                      "parent": 53,
                                                      "ID": 61,
                                                      "left": 62
                                                    }
                                                  ],
                                                  "parent": 52,
                                                  "ID": 53,
                                                  "left": 54,
                                                  "right": 61
                                                },
                                                {
                                                  "Node Type": "Hash",
                                                  "Parent Relationship": "Inner",
                                                  "Parallel Aware": false,
                                                  "Async Capable": false,
                                                  "Startup Cost": 19.25,
                                                  "Total Cost": 19.25,
                                                  "Plan Rows": 492,
                                                  "Plan Width": 4,
                                                  "Plans": [
                                                    {
                                                      "Node Type": "Seq Scan",
                                                      "Parent Relationship": "Outer",
                                                      "Parallel Aware": false,
                                                      "Async Capable": false,
                                                      "Relation Name": "promotion",
                                                      "Alias": "promotion_2",
                                                      "Startup Cost": 0.0,
                                                      "Total Cost": 19.25,
                                                      "Plan Rows": 492,
                                                      "Plan Width": 4,
                                                      "Filter": "(p_channel_tv = 'N'::bpchar)",
                                                      "parent": 63,
                                                      "ID": 64
                                                    }
                                                  ],
                                                  "parent": 52,
                                                  "ID": 63,
                                                  "left": 64
                                                }
                                              ],
                                              "parent": 51,
                                              "ID": 52,
                                              "left": 53,
                                              "right": 63
                                            },
                                            {
                                              "Node Type": "Hash",
                                              "Parent Relationship": "Inner",
                                              "Parallel Aware": false,
                                              "Async Capable": false,
                                              "Startup Cost": 3.42,
                                              "Total Cost": 3.42,
                                              "Plan Rows": 42,
                                              "Plan Width": 21,
                                              "Plans": [
                                                {
                                                  "Node Type": "Seq Scan",
                                                  "Parent Relationship": "Outer",
                                                  "Parallel Aware": false,
                                                  "Async Capable": false,
                                                  "Relation Name": "web_site",
                                                  "Alias": "web_site",
                                                  "Startup Cost": 0.0,
                                                  "Total Cost": 3.42,
                                                  "Plan Rows": 42,
                                                  "Plan Width": 21,
                                                  "parent": 65,
                                                  "ID": 66
                                                }
                                              ],
                                              "parent": 51,
                                              "ID": 65,
                                              "left": 66
                                            }
                                          ],
                                          "parent": 50,
                                          "ID": 51,
                                          "left": 52,
                                          "right": 65
                                        }
                                      ],
                                      "parent": 49,
                                      "ID": 50,
                                      "left": 51
                                    }
                                  ],
                                  "parent": 48,
                                  "ID": 49,
                                  "left": 50
                                }
                              ],
                              "parent": 47,
                              "ID": 48,
                              "left": 49
                            }
                          ],
                          "parent": 46,
                          "ID": 47,
                          "left": 48
                        }
                      ],
                      "parent": 3,
                      "ID": 46,
                      "left": 47
                    }
                  ],
                  "parent": 2,
                  "ID": 3,
                  "left": 4,
                  "right": 25
                }
              ],
              "parent": 1,
              "ID": 2,
              "left": 3
            }
          ],
          "parent": 0,
          "ID": 1,
          "left": 2
        }
      ],
      "parent": null,
      "ID": 0,
      "left": 1
    },
    "feat": {
      "utility": 0.0,
      "query_shape": [
        [
          "Seq Scan",
          "Hash Join",
          "Sort",
          "Aggregate",
          "Gather Merge",
          "Subquery Scan",
          "Append"
        ],
        [
          "Seq Scan",
          "Hash",
          "Hash Join",
          "Sort",
          "Aggregate",
          "Gather Merge",
          "Subquery Scan",
          "Append"
        ],
        [
          "Seq Scan",
          "Hash",
          "Hash Join",
          "Sort",
          "Aggregate",
          "Gather Merge",
          "Subquery Scan",
          "Append"
        ],
        [
          "Seq Scan",
          "Hash",
          "Hash Join",
          "Sort",
          "Aggregate",
          "Gather Merge",
          "Subquery Scan",
          "Append"
        ],
        [
          "Seq Scan",
          "Hash",
          "Hash Join",
          "Sort",
          "Aggregate",
          "Gather Merge",
          "Subquery Scan",
          "Append"
        ],
        [
          "Seq Scan",
          "Hash",
          "Hash Join",
          "Sort",
          "Aggregate",
          "Gather Merge",
          "Subquery Scan",
          "Append"
        ],
        [
          "Seq Scan",
          "Hash Join",
          "Sort",
          "Aggregate",
          "Gather Merge",
          "Subquery Scan",
          "Append"
        ],
        [
          "Seq Scan",
          "Hash",
          "Hash Join",
          "Sort",
          "Aggregate",
          "Gather Merge",
          "Subquery Scan",
          "Append"
        ],
        [
          "Seq Scan",
          "Hash",
          "Hash Join",
          "Sort",
          "Aggregate",
          "Gather Merge",
          "Subquery Scan",
          "Append"
        ],
        [
          "Seq Scan",
          "Hash",
          "Hash Join",
          "Sort",
          "Aggregate",
          "Gather Merge",
          "Subquery Scan",
          "Append"
        ],
        [
          "Seq Scan",
          "Hash",
          "Hash Join",
          "Sort",
          "Aggregate",
          "Gather Merge",
          "Subquery Scan",
          "Append"
        ],
        [
          "Seq Scan",
          "Hash",
          "Hash Join",
          "Sort",
          "Aggregate",
          "Gather Merge",
          "Subquery Scan",
          "Append"
        ],
        [
          "Seq Scan",
          "Hash Join",
          "Sort",
          "Aggregate",
          "Gather Merge",
          "Subquery Scan",
          "Append"
        ],
        [
          "Seq Scan",
          "Hash",
          "Hash Join",
          "Sort",
          "Aggregate",
          "Gather Merge",
          "Subquery Scan",
          "Append"
        ],
        [
          "Seq Scan",
          "Hash",
          "Hash Join",
          "Sort",
          "Aggregate",
          "Gather Merge",
          "Subquery Scan",
          "Append"
        ],
        [
          "Seq Scan",
          "Hash",
          "Hash Join",
          "Sort",
          "Aggregate",
          "Gather Merge",
          "Subquery Scan",
          "Append"
        ],
        [
          "Seq Scan",
          "Hash",
          "Hash Join",
          "Sort",
          "Aggregate",
          "Gather Merge",
          "Subquery Scan",
          "Append"
        ],
        [
          "Seq Scan",
          "Hash",
          "Hash Join",
          "Sort",
          "Aggregate",
          "Gather Merge",
          "Subquery Scan",
          "Append"
        ]
      ],
      "index_shape": [],
      "physical_operator": {}
    }
  },
  {
    "query": "with ssr as\n (select  s_store_id as store_id,\n          sum(ss_ext_sales_price) as sales,\n          sum(coalesce(sr_return_amt, 0)) as returns,\n          sum(ss_net_profit - coalesce(sr_net_loss, 0)) as profit\n  from store_sales left outer join store_returns on\n         (ss_item_sk = sr_item_sk and ss_ticket_number = sr_ticket_number),\n     date_dim,\n     store,\n     item,\n     promotion\n where ss_sold_date_sk = d_date_sk\n       and d_date between cast('2000-08-25' as date) \n                  and (cast('2000-08-25' as date) +  interval '30 days')\n       and ss_store_sk = s_store_sk\n       and ss_item_sk = i_item_sk\n       and i_current_price > 50\n       and ss_promo_sk = p_promo_sk\n       and p_channel_tv = 'N'\n group by s_store_id)\n ,\n csr as\n (select  cp_catalog_page_id as catalog_page_id,\n          sum(cs_ext_sales_price) as sales,\n          sum(coalesce(cr_return_amount, 0)) as returns,\n          sum(cs_net_profit - coalesce(cr_net_loss, 0)) as profit\n  from catalog_sales left outer join catalog_returns on\n         (cs_item_sk = cr_item_sk and cs_order_number = cr_order_number),\n     date_dim,\n     catalog_page,\n     item,\n     promotion\n where cs_sold_date_sk = d_date_sk\n       and d_date between cast('2000-08-25' as date)\n                  and (cast('2000-08-25' as date) +  interval '30 days')\n        and cs_catalog_page_sk = cp_catalog_page_sk\n       and cs_item_sk = i_item_sk\n       and i_current_price > 50\n       and cs_promo_sk = p_promo_sk\n       and p_channel_tv = 'N'\ngroup by cp_catalog_page_id)\n ,\n wsr as\n (select  web_site_id,\n          sum(ws_ext_sales_price) as sales,\n          sum(coalesce(wr_return_amt, 0)) as returns,\n          sum(ws_net_profit - coalesce(wr_net_loss, 0)) as profit\n  from web_sales left outer join web_returns on\n         (ws_item_sk = wr_item_sk and ws_order_number = wr_order_number),\n     date_dim,\n     web_site,\n     item,\n     promotion\n where ws_sold_date_sk = d_date_sk\n       and d_date between cast('2000-08-25' as date)\n                  and (cast('2000-08-25' as date) +  interval '30 days')\n        and ws_web_site_sk = web_site_sk\n       and ws_item_sk = i_item_sk\n       and i_current_price > 50\n       and ws_promo_sk = p_promo_sk\n       and p_channel_tv = 'N'\ngroup by web_site_id)\n  select  channel\n        , id\n        , sum(sales) as sales\n        , sum(returns) as returns\n        , sum(profit) as profit\n from \n (select 'store channel' as channel\n        , 'store' || store_id as id\n        , sales\n        , returns\n        , profit\n from   ssr\n union all\n select 'catalog channel' as channel\n        , 'catalog_page' || catalog_page_id as id\n        , sales\n        , returns\n        , profit\n from  csr\n union all\n select 'web channel' as channel\n        , 'web_site' || web_site_id as id\n        , sales\n        , returns\n        , profit\n from   wsr\n ) x\n group by rollup (channel, id)\n order by channel\n         ,id\n limit 100;\n\n-- end query 61 in stream 1 using template query80.tpl\n",
    "indexes": "date_dim.d_date_sk",
    "wo plan est": {
      "Node Type": "Limit",
      "Parallel Aware": false,
      "Async Capable": false,
      "Startup Cost": 1566793.64,
      "Total Cost": 1566796.93,
      "Plan Rows": 100,
      "Plan Width": 160,
      "Plans": [
        {
          "Node Type": "Aggregate",
          "Strategy": "Sorted",
          "Partial Mode": "Simple",
          "Parent Relationship": "Outer",
          "Parallel Aware": false,
          "Async Capable": false,
          "Startup Cost": 1566793.64,
          "Total Cost": 1566806.84,
          "Plan Rows": 401,
          "Plan Width": 160,
          "Grouping Sets": [
            {
              "Group Keys": [
                [
                  "('store channel'::text)",
                  "(('store'::text || (ssr.store_id)::text))"
                ],
                [
                  "('store channel'::text)"
                ],
                []
              ]
            }
          ],
          "Plans": [
            {
              "Node Type": "Sort",
              "Parent Relationship": "Outer",
              "Parallel Aware": false,
              "Async Capable": false,
              "Startup Cost": 1566793.64,
              "Total Cost": 1566794.67,
              "Plan Rows": 412,
              "Plan Width": 160,
              "Sort Key": [
                "('store channel'::text)",
                "(('store'::text || (ssr.store_id)::text))"
              ],
              "Plans": [
                {
                  "Node Type": "Append",
                  "Parent Relationship": "Outer",
                  "Parallel Aware": false,
                  "Async Capable": false,
                  "Startup Cost": 784596.3,
                  "Total Cost": 1566775.74,
                  "Plan Rows": 412,
                  "Plan Width": 160,
                  "Subplans Removed": 0,
                  "Plans": [
                    {
                      "Node Type": "Subquery Scan",
                      "Parent Relationship": "Member",
                      "Parallel Aware": false,
                      "Async Capable": false,
                      "Alias": "ssr",
                      "Startup Cost": 784596.3,
                      "Total Cost": 784616.16,
                      "Plan Rows": 51,
                      "Plan Width": 160,
                      "Plans": [
                        {
                          "Node Type": "Aggregate",
                          "Strategy": "Sorted",
                          "Partial Mode": "Finalize",
                          "Parent Relationship": "Subquery",
                          "Parallel Aware": false,
                          "Async Capable": false,
                          "Startup Cost": 784596.3,
                          "Total Cost": 784615.39,
                          "Plan Rows": 51,
                          "Plan Width": 113,
                          "Group Key": [
                            "store.s_store_id"
                          ],
                          "Plans": [
                            {
                              "Node Type": "Gather Merge",
                              "Parent Relationship": "Outer",
                              "Parallel Aware": false,
                              "Async Capable": false,
                              "Startup Cost": 784596.3,
                              "Total Cost": 784612.71,
                              "Plan Rows": 102,
                              "Plan Width": 113,
                              "Workers Planned": 2,
                              "Plans": [
                                {
                                  "Node Type": "Aggregate",
                                  "Strategy": "Sorted",
                                  "Partial Mode": "Partial",
                                  "Parent Relationship": "Outer",
                                  "Parallel Aware": false,
                                  "Async Capable": false,
                                  "Startup Cost": 783596.27,
                                  "Total Cost": 783600.92,
                                  "Plan Rows": 51,
                                  "Plan Width": 113,
                                  "Group Key": [
                                    "store.s_store_id"
                                  ],
                                  "Plans": [
                                    {
                                      "Node Type": "Sort",
                                      "Parent Relationship": "Outer",
                                      "Parallel Aware": false,
                                      "Async Capable": false,
                                      "Startup Cost": 783596.27,
                                      "Total Cost": 783596.9,
                                      "Plan Rows": 250,
                                      "Plan Width": 41,
                                      "Sort Key": [
                                        "store.s_store_id"
                                      ],
                                      "Plans": [
                                        {
                                          "Node Type": "Hash Join",
                                          "Parent Relationship": "Outer",
                                          "Parallel Aware": false,
                                          "Async Capable": false,
                                          "Join Type": "Inner",
                                          "Startup Cost": 94489.35,
                                          "Total Cost": 783586.32,
                                          "Plan Rows": 250,
                                          "Plan Width": 41,
                                          "Inner Unique": false,
                                          "Hash Cond": "(store_sales.ss_store_sk = store.s_store_sk)",
                                          "Plans": [
                                            {
                                              "Node Type": "Hash Join",
                                              "Parent Relationship": "Outer",
                                              "Parallel Aware": false,
                                              "Async Capable": false,
                                              "Join Type": "Inner",
                                              "Startup Cost": 94482.05,
                                              "Total Cost": 783575.54,
                                              "Plan Rows": 262,
                                              "Plan Width": 28,
                                              "Inner Unique": false,
                                              "Hash Cond": "(store_sales.ss_promo_sk = promotion.p_promo_sk)",
                                              "Plans": [
                                                {
                                                  "Node Type": "Hash Join",
                                                  "Parent Relationship": "Outer",
                                                  "Parallel Aware": true,
                                                  "Async Capable": false,
                                                  "Join Type": "Inner",
                                                  "Startup Cost": 94456.65,
                                                  "Total Cost": 783546.47,
                                                  "Plan Rows": 279,
                                                  "Plan Width": 32,
                                                  "Inner Unique": false,
                                                  "Hash Cond": "(store_sales.ss_item_sk = item.i_item_sk)",
                                                  "Plans": [
                                                    {
                                                      "Node Type": "Hash Join",
                                                      "Parent Relationship": "Outer",
                                                      "Parallel Aware": true,
                                                      "Async Capable": false,
                                                      "Join Type": "Left",
                                                      "Startup Cost": 86930.88,
                                                      "Total Cost": 776001.31,
                                                      "Plan Rows": 4860,
                                                      "Plan Width": 36,
                                                      "Inner Unique": false,
                                                      "Hash Cond": "((store_sales.ss_item_sk = store_returns.sr_item_sk) AND (store_sales.ss_ticket_number = store_returns.sr_ticket_number))",
                                                      "Plans": [
                                                        {
                                                          "Node Type": "Hash Join",
                                                          "Parent Relationship": "Outer",
                                                          "Parallel Aware": true,
                                                          "Async Capable": false,
                                                          "Join Type": "Inner",
                                                          "Startup Cost": 2049.78,
                                                          "Total Cost": 683994.75,
                                                          "Plan Rows": 4860,
                                                          "Plan Width": 28,
                                                          "Inner Unique": false,
                                                          "Hash Cond": "(store_sales.ss_sold_date_sk = date_dim.d_date_sk)",
                                                          "Plans": [
                                                            {
                                                              "Node Type": "Seq Scan",
                                                              "Parent Relationship": "Outer",
                                                              "Parallel Aware": true,
                                                              "Async Capable": false,
                                                              "Relation Name": "store_sales",
                                                              "Alias": "store_sales",
                                                              "Startup Cost": 0.0,
                                                              "Total Cost": 636914.37,
                                                              "Plan Rows": 12000637,
                                                              "Plan Width": 32,
                                                              "parent": 13,
                                                              "ID": 14
                                                            },
                                                            {
                                                              "Node Type": "Hash",
                                                              "Parent Relationship": "Inner",
                                                              "Parallel Aware": true,
                                                              "Async Capable": false,
                                                              "Startup Cost": 2049.55,
                                                              "Total Cost": 2049.55,
                                                              "Plan Rows": 18,
                                                              "Plan Width": 4,
                                                              "Plans": [
                                                                {
                                                                  "Node Type": "Seq Scan",
                                                                  "Parent Relationship": "Outer",
                                                                  "Parallel Aware": true,
                                                                  "Async Capable": false,
                                                                  "Relation Name": "date_dim",
                                                                  "Alias": "date_dim",
                                                                  "Startup Cost": 0.0,
                                                                  "Total Cost": 2049.55,
                                                                  "Plan Rows": 18,
                                                                  "Plan Width": 4,
                                                                  "Filter": "((d_date >= '2000-08-25'::date) AND (d_date <= '2000-09-24 00:00:00'::timestamp without time zone))",
                                                                  "parent": 15,
                                                                  "ID": 16
                                                                }
                                                              ],
                                                              "parent": 13,
                                                              "ID": 15,
                                                              "left": 16
                                                            }
                                                          ],
                                                          "parent": 12,
                                                          "ID": 13,
                                                          "left": 14,
                                                          "right": 15
                                                        },
                                                        {
                                                          "Node Type": "Hash",
                                                          "Parent Relationship": "Inner",
                                                          "Parallel Aware": true,
                                                          "Async Capable": false,
                                                          "Startup Cost": 59887.64,
                                                          "Total Cost": 59887.64,
                                                          "Plan Rows": 1198164,
                                                          "Plan Width": 20,
                                                          "Plans": [
                                                            {
                                                              "Node Type": "Seq Scan",
                                                              "Parent Relationship": "Outer",
                                                              "Parallel Aware": true,
                                                              "Async Capable": false,
                                                              "Relation Name": "store_returns",
                                                              "Alias": "store_returns",
                                                              "Startup Cost": 0.0,
                                                              "Total Cost": 59887.64,
                                                              "Plan Rows": 1198164,
                                                              "Plan Width": 20,
                                                              "parent": 17,
                                                              "ID": 18
                                                            }
                                                          ],
                                                          "parent": 12,
                                                          "ID": 17,
                                                          "left": 18
                                                        }
                                                      ],
                                                      "parent": 11,
                                                      "ID": 12,
                                                      "left": 13,
                                                      "right": 17
                                                    },
                                                    {
                                                      "Node Type": "Hash",
                                                      "Parent Relationship": "Inner",
                                                      "Parallel Aware": true,
                                                      "Async Capable": false,
                                                      "Startup Cost": 7495.25,
                                                      "Total Cost": 7495.25,
                                                      "Plan Rows": 2442,
                                                      "Plan Width": 4,
                                                      "Plans": [
                                                        {
                                                          "Node Type": "Seq Scan",
                                                          "Parent Relationship": "Outer",
                                                          "Parallel Aware": true,
                                                          "Async Capable": false,
                                                          "Relation Name": "item",
                                                          "Alias": "item",
                                                          "Startup Cost": 0.0,
                                                          "Total Cost": 7495.25,
                                                          "Plan Rows": 2442,
                                                          "Plan Width": 4,
                                                          "Filter": "(i_current_price > '50'::numeric)",
                                                          "parent": 19,
                                                          "ID": 20
                                                        }
                                                      ],
                                                      "parent": 11,
                                                      "ID": 19,
                                                      "left": 20
                                                    }
                                                  ],
                                                  "parent": 10,
                                                  "ID": 11,
                                                  "left": 12,
                                                  "right": 19
                                                },
                                                {
                                                  "Node Type": "Hash",
                                                  "Parent Relationship": "Inner",
                                                  "Parallel Aware": false,
                                                  "Async Capable": false,
                                                  "Startup Cost": 19.25,
                                                  "Total Cost": 19.25,
                                                  "Plan Rows": 492,
                                                  "Plan Width": 4,
                                                  "Plans": [
                                                    {
                                                      "Node Type": "Seq Scan",
                                                      "Parent Relationship": "Outer",
                                                      "Parallel Aware": false,
                                                      "Async Capable": false,
                                                      "Relation Name": "promotion",
                                                      "Alias": "promotion",
                                                      "Startup Cost": 0.0,
                                                      "Total Cost": 19.25,
                                                      "Plan Rows": 492,
                                                      "Plan Width": 4,
                                                      "Filter": "(p_channel_tv = 'N'::bpchar)",
                                                      "parent": 21,
                                                      "ID": 22
                                                    }
                                                  ],
                                                  "parent": 10,
                                                  "ID": 21,
                                                  "left": 22
                                                }
                                              ],
                                              "parent": 9,
                                              "ID": 10,
                                              "left": 11,
                                              "right": 21
                                            },
                                            {
                                              "Node Type": "Hash",
                                              "Parent Relationship": "Inner",
                                              "Parallel Aware": false,
                                              "Async Capable": false,
                                              "Startup Cost": 6.02,
                                              "Total Cost": 6.02,
                                              "Plan Rows": 102,
                                              "Plan Width": 21,
                                              "Plans": [
                                                {
                                                  "Node Type": "Seq Scan",
                                                  "Parent Relationship": "Outer",
                                                  "Parallel Aware": false,
                                                  "Async Capable": false,
                                                  "Relation Name": "store",
                                                  "Alias": "store",
                                                  "Startup Cost": 0.0,
                                                  "Total Cost": 6.02,
                                                  "Plan Rows": 102,
                                                  "Plan Width": 21,
                                                  "parent": 23,
                                                  "ID": 24
                                                }
                                              ],
                                              "parent": 9,
                                              "ID": 23,
                                              "left": 24
                                            }
                                          ],
                                          "parent": 8,
                                          "ID": 9,
                                          "left": 10,
                                          "right": 23
                                        }
                                      ],
                                      "parent": 7,
                                      "ID": 8,
                                      "left": 9
                                    }
                                  ],
                                  "parent": 6,
                                  "ID": 7,
                                  "left": 8
                                }
                              ],
                              "parent": 5,
                              "ID": 6,
                              "left": 7
                            }
                          ],
                          "parent": 4,
                          "ID": 5,
                          "left": 6
                        }
                      ],
                      "parent": 3,
                      "ID": 4,
                      "left": 5
                    },
                    {
                      "Node Type": "Subquery Scan",
                      "Parent Relationship": "Member",
                      "Parallel Aware": false,
                      "Async Capable": false,
                      "Alias": "csr",
                      "Startup Cost": 518177.36,
                      "Total Cost": 518230.78,
                      "Plan Rows": 340,
                      "Plan Width": 160,
                      "Plans": [
                        {
                          "Node Type": "Aggregate",
                          "Strategy": "Sorted",
                          "Partial Mode": "Finalize",
                          "Parent Relationship": "Subquery",
                          "Parallel Aware": false,
                          "Async Capable": false,
                          "Startup Cost": 518177.36,
                          "Total Cost": 518225.68,
                          "Plan Rows": 340,
                          "Plan Width": 113,
                          "Group Key": [
                            "catalog_page.cp_catalog_page_id"
                          ],
                          "Plans": [
                            {
                              "Node Type": "Gather Merge",
                              "Parent Relationship": "Outer",
                              "Parallel Aware": false,
                              "Async Capable": false,
                              "Startup Cost": 518177.36,
                              "Total Cost": 518214.76,
                              "Plan Rows": 284,
                              "Plan Width": 113,
                              "Workers Planned": 2,
                              "Plans": [
                                {
                                  "Node Type": "Aggregate",
                                  "Strategy": "Sorted",
                                  "Partial Mode": "Partial",
                                  "Parent Relationship": "Outer",
                                  "Parallel Aware": false,
                                  "Async Capable": false,
                                  "Startup Cost": 517177.34,
                                  "Total Cost": 517181.95,
                                  "Plan Rows": 142,
                                  "Plan Width": 113,
                                  "Group Key": [
                                    "catalog_page.cp_catalog_page_id"
                                  ],
                                  "Plans": [
                                    {
                                      "Node Type": "Sort",
                                      "Parent Relationship": "Outer",
                                      "Parallel Aware": false,
                                      "Async Capable": false,
                                      "Startup Cost": 517177.34,
                                      "Total Cost": 517177.69,
                                      "Plan Rows": 142,
                                      "Plan Width": 41,
                                      "Sort Key": [
                                        "catalog_page.cp_catalog_page_id"
                                      ],
                                      "Plans": [
                                        {
                                          "Node Type": "Hash Join",
                                          "Parent Relationship": "Outer",
                                          "Parallel Aware": false,
                                          "Async Capable": false,
                                          "Join Type": "Inner",
                                          "Startup Cost": 57382.33,
                                          "Total Cost": 517172.26,
                                          "Plan Rows": 142,
                                          "Plan Width": 41,
                                          "Inner Unique": false,
                                          "Hash Cond": "(catalog_sales.cs_catalog_page_sk = catalog_page.cp_catalog_page_sk)",
                                          "Plans": [
                                            {
                                              "Node Type": "Hash Join",
                                              "Parent Relationship": "Outer",
                                              "Parallel Aware": false,
                                              "Async Capable": false,
                                              "Join Type": "Inner",
                                              "Startup Cost": 56864.33,
                                              "Total Cost": 516652.32,
                                              "Plan Rows": 142,
                                              "Plan Width": 28,
                                              "Inner Unique": false,
                                              "Hash Cond": "(catalog_sales.cs_promo_sk = promotion_1.p_promo_sk)",
                                              "Plans": [
                                                {
                                                  "Node Type": "Hash Join",
                                                  "Parent Relationship": "Outer",
                                                  "Parallel Aware": true,
                                                  "Async Capable": false,
                                                  "Join Type": "Inner",
                                                  "Startup Cost": 56838.93,
                                                  "Total Cost": 516624.96,
                                                  "Plan Rows": 145,
                                                  "Plan Width": 32,
                                                  "Inner Unique": false,
                                                  "Hash Cond": "(catalog_sales.cs_item_sk = item_1.i_item_sk)",
                                                  "Plans": [
                                                    {
                                                      "Node Type": "Hash Join",
                                                      "Parent Relationship": "Outer",
                                                      "Parallel Aware": true,
                                                      "Async Capable": false,
                                                      "Join Type": "Left",
                                                      "Startup Cost": 49313.15,
                                                      "Total Cost": 509089.08,
                                                      "Plan Rows": 2532,
                                                      "Plan Width": 36,
                                                      "Inner Unique": false,
                                                      "Hash Cond": "((catalog_sales.cs_item_sk = catalog_returns.cr_item_sk) AND (catalog_sales.cs_order_number = catalog_returns.cr_order_number))",
                                                      "Plans": [
                                                        {
                                                          "Node Type": "Hash Join",
                                                          "Parent Relationship": "Outer",
                                                          "Parallel Aware": true,
                                                          "Async Capable": false,
                                                          "Join Type": "Inner",
                                                          "Startup Cost": 2049.78,
                                                          "Total Cost": 458254.7,
                                                          "Plan Rows": 2532,
                                                          "Plan Width": 28,
                                                          "Inner Unique": false,
                                                          "Hash Cond": "(catalog_sales.cs_sold_date_sk = date_dim_1.d_date_sk)",
                                                          "Plans": [
                                                            {
                                                              "Node Type": "Seq Scan",
                                                              "Parent Relationship": "Outer",
                                                              "Parallel Aware": true,
                                                              "Async Capable": false,
                                                              "Relation Name": "catalog_sales",
                                                              "Alias": "catalog_sales",
                                                              "Startup Cost": 0.0,
                                                              "Total Cost": 433688.25,
                                                              "Plan Rows": 6000525,
                                                              "Plan Width": 32,
                                                              "parent": 34,
                                                              "ID": 35
                                                            },
                                                            {
                                                              "Node Type": "Hash",
                                                              "Parent Relationship": "Inner",
                                                              "Parallel Aware": true,
                                                              "Async Capable": false,
                                                              "Startup Cost": 2049.55,
                                                              "Total Cost": 2049.55,
                                                              "Plan Rows": 18,
                                                              "Plan Width": 4,
                                                              "Plans": [
                                                                {
                                                                  "Node Type": "Seq Scan",
                                                                  "Parent Relationship": "Outer",
                                                                  "Parallel Aware": true,
                                                                  "Async Capable": false,
                                                                  "Relation Name": "date_dim",
                                                                  "Alias": "date_dim_1",
                                                                  "Startup Cost": 0.0,
                                                                  "Total Cost": 2049.55,
                                                                  "Plan Rows": 18,
                                                                  "Plan Width": 4,
                                                                  "Filter": "((d_date >= '2000-08-25'::date) AND (d_date <= '2000-09-24 00:00:00'::timestamp without time zone))",
                                                                  "parent": 36,
                                                                  "ID": 37
                                                                }
                                                              ],
                                                              "parent": 34,
                                                              "ID": 36,
                                                              "left": 37
                                                            }
                                                          ],
                                                          "parent": 33,
                                                          "ID": 34,
                                                          "left": 35,
                                                          "right": 36
                                                        },
                                                        {
                                                          "Node Type": "Hash",
                                                          "Parent Relationship": "Inner",
                                                          "Parallel Aware": true,
                                                          "Async Capable": false,
                                                          "Startup Cost": 34748.95,
                                                          "Total Cost": 34748.95,
                                                          "Plan Rows": 599895,
                                                          "Plan Width": 20,
                                                          "Plans": [
                                                            {
                                                              "Node Type": "Seq Scan",
                                                              "Parent Relationship": "Outer",
                                                              "Parallel Aware": true,
                                                              "Async Capable": false,
                                                              "Relation Name": "catalog_returns",
                                                              "Alias": "catalog_returns",
                                                              "Startup Cost": 0.0,
                                                              "Total Cost": 34748.95,
                                                              "Plan Rows": 599895,
                                                              "Plan Width": 20,
                                                              "parent": 38,
                                                              "ID": 39
                                                            }
                                                          ],
                                                          "parent": 33,
                                                          "ID": 38,
                                                          "left": 39
                                                        }
                                                      ],
                                                      "parent": 32,
                                                      "ID": 33,
                                                      "left": 34,
                                                      "right": 38
                                                    },
                                                    {
                                                      "Node Type": "Hash",
                                                      "Parent Relationship": "Inner",
                                                      "Parallel Aware": true,
                                                      "Async Capable": false,
                                                      "Startup Cost": 7495.25,
                                                      "Total Cost": 7495.25,
                                                      "Plan Rows": 2442,
                                                      "Plan Width": 4,
                                                      "Plans": [
                                                        {
                                                          "Node Type": "Seq Scan",
                                                          "Parent Relationship": "Outer",
                                                          "Parallel Aware": true,
                                                          "Async Capable": false,
                                                          "Relation Name": "item",
                                                          "Alias": "item_1",
                                                          "Startup Cost": 0.0,
                                                          "Total Cost": 7495.25,
                                                          "Plan Rows": 2442,
                                                          "Plan Width": 4,
                                                          "Filter": "(i_current_price > '50'::numeric)",
                                                          "parent": 40,
                                                          "ID": 41
                                                        }
                                                      ],
                                                      "parent": 32,
                                                      "ID": 40,
                                                      "left": 41
                                                    }
                                                  ],
                                                  "parent": 31,
                                                  "ID": 32,
                                                  "left": 33,
                                                  "right": 40
                                                },
                                                {
                                                  "Node Type": "Hash",
                                                  "Parent Relationship": "Inner",
                                                  "Parallel Aware": false,
                                                  "Async Capable": false,
                                                  "Startup Cost": 19.25,
                                                  "Total Cost": 19.25,
                                                  "Plan Rows": 492,
                                                  "Plan Width": 4,
                                                  "Plans": [
                                                    {
                                                      "Node Type": "Seq Scan",
                                                      "Parent Relationship": "Outer",
                                                      "Parallel Aware": false,
                                                      "Async Capable": false,
                                                      "Relation Name": "promotion",
                                                      "Alias": "promotion_1",
                                                      "Startup Cost": 0.0,
                                                      "Total Cost": 19.25,
                                                      "Plan Rows": 492,
                                                      "Plan Width": 4,
                                                      "Filter": "(p_channel_tv = 'N'::bpchar)",
                                                      "parent": 42,
                                                      "ID": 43
                                                    }
                                                  ],
                                                  "parent": 31,
                                                  "ID": 42,
                                                  "left": 43
                                                }
                                              ],
                                              "parent": 30,
                                              "ID": 31,
                                              "left": 32,
                                              "right": 42
                                            },
                                            {
                                              "Node Type": "Hash",
                                              "Parent Relationship": "Inner",
                                              "Parallel Aware": false,
                                              "Async Capable": false,
                                              "Startup Cost": 368.0,
                                              "Total Cost": 368.0,
                                              "Plan Rows": 12000,
                                              "Plan Width": 21,
                                              "Plans": [
                                                {
                                                  "Node Type": "Seq Scan",
                                                  "Parent Relationship": "Outer",
                                                  "Parallel Aware": false,
                                                  "Async Capable": false,
                                                  "Relation Name": "catalog_page",
                                                  "Alias": "catalog_page",
                                                  "Startup Cost": 0.0,
                                                  "Total Cost": 368.0,
                                                  "Plan Rows": 12000,
                                                  "Plan Width": 21,
                                                  "parent": 44,
                                                  "ID": 45
                                                }
                                              ],
                                              "parent": 30,
                                              "ID": 44,
                                              "left": 45
                                            }
                                          ],
                                          "parent": 29,
                                          "ID": 30,
                                          "left": 31,
                                          "right": 44
                                        }
                                      ],
                                      "parent": 28,
                                      "ID": 29,
                                      "left": 30
                                    }
                                  ],
                                  "parent": 27,
                                  "ID": 28,
                                  "left": 29
                                }
                              ],
                              "parent": 26,
                              "ID": 27,
                              "left": 28
                            }
                          ],
                          "parent": 25,
                          "ID": 26,
                          "left": 27
                        }
                      ],
                      "parent": 3,
                      "ID": 25,
                      "left": 26
                    },
                    {
                      "Node Type": "Subquery Scan",
                      "Parent Relationship": "Member",
                      "Parallel Aware": false,
                      "Async Capable": false,
                      "Alias": "wsr",
                      "Startup Cost": 263919.04,
                      "Total Cost": 263926.75,
                      "Plan Rows": 21,
                      "Plan Width": 160,
                      "Plans": [
                        {
                          "Node Type": "Aggregate",
                          "Strategy": "Sorted",
                          "Partial Mode": "Finalize",
                          "Parent Relationship": "Subquery",
                          "Parallel Aware": false,
                          "Async Capable": false,
                          "Startup Cost": 263919.04,
                          "Total Cost": 263926.43,
                          "Plan Rows": 21,
                          "Plan Width": 113,
                          "Group Key": [
                            "web_site.web_site_id"
                          ],
                          "Plans": [
                            {
                              "Node Type": "Gather Merge",
                              "Parent Relationship": "Outer",
                              "Parallel Aware": false,
                              "Async Capable": false,
                              "Startup Cost": 263919.04,
                              "Total Cost": 263925.33,
                              "Plan Rows": 42,
                              "Plan Width": 113,
                              "Workers Planned": 2,
                              "Plans": [
                                {
                                  "Node Type": "Aggregate",
                                  "Strategy": "Sorted",
                                  "Partial Mode": "Partial",
                                  "Parent Relationship": "Outer",
                                  "Parallel Aware": false,
                                  "Async Capable": false,
                                  "Startup Cost": 262919.01,
                                  "Total Cost": 262920.46,
                                  "Plan Rows": 21,
                                  "Plan Width": 113,
                                  "Group Key": [
                                    "web_site.web_site_id"
                                  ],
                                  "Plans": [
                                    {
                                      "Node Type": "Sort",
                                      "Parent Relationship": "Outer",
                                      "Parallel Aware": false,
                                      "Async Capable": false,
                                      "Startup Cost": 262919.01,
                                      "Total Cost": 262919.19,
                                      "Plan Rows": 72,
                                      "Plan Width": 41,
                                      "Sort Key": [
                                        "web_site.web_site_id"
                                      ],
                                      "Plans": [
                                        {
                                          "Node Type": "Hash Join",
                                          "Parent Relationship": "Outer",
                                          "Parallel Aware": false,
                                          "Async Capable": false,
                                          "Join Type": "Inner",
                                          "Startup Cost": 32134.74,
                                          "Total Cost": 262916.79,
                                          "Plan Rows": 72,
                                          "Plan Width": 41,
                                          "Inner Unique": false,
                                          "Hash Cond": "(web_sales.ws_web_site_sk = web_site.web_site_sk)",
                                          "Plans": [
                                            {
                                              "Node Type": "Hash Join",
                                              "Parent Relationship": "Outer",
                                              "Parallel Aware": false,
                                              "Async Capable": false,
                                              "Join Type": "Inner",
                                              "Startup Cost": 32130.8,
                                              "Total Cost": 262911.86,
                                              "Plan Rows": 72,
                                              "Plan Width": 28,
                                              "Inner Unique": false,
                                              "Hash Cond": "(web_sales.ws_promo_sk = promotion_2.p_promo_sk)",
                                              "Plans": [
                                                {
                                                  "Node Type": "Hash Join",
                                                  "Parent Relationship": "Outer",
                                                  "Parallel Aware": true,
                                                  "Async Capable": false,
                                                  "Join Type": "Inner",
                                                  "Startup Cost": 32105.4,
                                                  "Total Cost": 262885.46,
                                                  "Plan Rows": 73,
                                                  "Plan Width": 32,
                                                  "Inner Unique": false,
                                                  "Hash Cond": "(web_sales.ws_item_sk = item_2.i_item_sk)",
                                                  "Plans": [
                                                    {
                                                      "Node Type": "Hash Join",
                                                      "Parent Relationship": "Outer",
                                                      "Parallel Aware": true,
                                                      "Async Capable": false,
                                                      "Join Type": "Left",
                                                      "Startup Cost": 24579.62,
                                                      "Total Cost": 255354.62,
                                                      "Plan Rows": 1272,
                                                      "Plan Width": 36,
                                                      "Inner Unique": false,
                                                      "Hash Cond": "((web_sales.ws_item_sk = web_returns.wr_item_sk) AND (web_sales.ws_order_number = web_returns.wr_order_number))",
                                                      "Plans": [
                                                        {
                                                          "Node Type": "Hash Join",
                                                          "Parent Relationship": "Outer",
                                                          "Parallel Aware": true,
                                                          "Async Capable": false,
                                                          "Join Type": "Inner",
                                                          "Startup Cost": 2049.78,
                                                          "Total Cost": 231041.22,
                                                          "Plan Rows": 1272,
                                                          "Plan Width": 28,
                                                          "Inner Unique": false,
                                                          "Hash Cond": "(web_sales.ws_sold_date_sk = date_dim_2.d_date_sk)",
                                                          "Plans": [
                                                            {
                                                              "Node Type": "Seq Scan",
                                                              "Parent Relationship": "Outer",
                                                              "Parallel Aware": true,
                                                              "Async Capable": false,
                                                              "Relation Name": "web_sales",
                                                              "Alias": "web_sales",
                                                              "Startup Cost": 0.0,
                                                              "Total Cost": 217737.86,
                                                              "Plan Rows": 2998986,
                                                              "Plan Width": 32,
                                                              "parent": 55,
                                                              "ID": 56
                                                            },
                                                            {
                                                              "Node Type": "Hash",
                                                              "Parent Relationship": "Inner",
                                                              "Parallel Aware": true,
                                                              "Async Capable": false,
                                                              "Startup Cost": 2049.55,
                                                              "Total Cost": 2049.55,
                                                              "Plan Rows": 18,
                                                              "Plan Width": 4,
                                                              "Plans": [
                                                                {
                                                                  "Node Type": "Seq Scan",
                                                                  "Parent Relationship": "Outer",
                                                                  "Parallel Aware": true,
                                                                  "Async Capable": false,
                                                                  "Relation Name": "date_dim",
                                                                  "Alias": "date_dim_2",
                                                                  "Startup Cost": 0.0,
                                                                  "Total Cost": 2049.55,
                                                                  "Plan Rows": 18,
                                                                  "Plan Width": 4,
                                                                  "Filter": "((d_date >= '2000-08-25'::date) AND (d_date <= '2000-09-24 00:00:00'::timestamp without time zone))",
                                                                  "parent": 57,
                                                                  "ID": 58
                                                                }
                                                              ],
                                                              "parent": 55,
                                                              "ID": 57,
                                                              "left": 58
                                                            }
                                                          ],
                                                          "parent": 54,
                                                          "ID": 55,
                                                          "left": 56,
                                                          "right": 57
                                                        },
                                                        {
                                                          "Node Type": "Hash",
                                                          "Parent Relationship": "Inner",
                                                          "Parallel Aware": true,
                                                          "Async Capable": false,
                                                          "Startup Cost": 16278.74,
                                                          "Total Cost": 16278.74,
                                                          "Plan Rows": 299674,
                                                          "Plan Width": 20,
                                                          "Plans": [
                                                            {
                                                              "Node Type": "Seq Scan",
                                                              "Parent Relationship": "Outer",
                                                              "Parallel Aware": true,
                                                              "Async Capable": false,
                                                              "Relation Name": "web_returns",
                                                              "Alias": "web_returns",
                                                              "Startup Cost": 0.0,
                                                              "Total Cost": 16278.74,
                                                              "Plan Rows": 299674,
                                                              "Plan Width": 20,
                                                              "parent": 59,
                                                              "ID": 60
                                                            }
                                                          ],
                                                          "parent": 54,
                                                          "ID": 59,
                                                          "left": 60
                                                        }
                                                      ],
                                                      "parent": 53,
                                                      "ID": 54,
                                                      "left": 55,
                                                      "right": 59
                                                    },
                                                    {
                                                      "Node Type": "Hash",
                                                      "Parent Relationship": "Inner",
                                                      "Parallel Aware": true,
                                                      "Async Capable": false,
                                                      "Startup Cost": 7495.25,
                                                      "Total Cost": 7495.25,
                                                      "Plan Rows": 2442,
                                                      "Plan Width": 4,
                                                      "Plans": [
                                                        {
                                                          "Node Type": "Seq Scan",
                                                          "Parent Relationship": "Outer",
                                                          "Parallel Aware": true,
                                                          "Async Capable": false,
                                                          "Relation Name": "item",
                                                          "Alias": "item_2",
                                                          "Startup Cost": 0.0,
                                                          "Total Cost": 7495.25,
                                                          "Plan Rows": 2442,
                                                          "Plan Width": 4,
                                                          "Filter": "(i_current_price > '50'::numeric)",
                                                          "parent": 61,
                                                          "ID": 62
                                                        }
                                                      ],
                                                      "parent": 53,
                                                      "ID": 61,
                                                      "left": 62
                                                    }
                                                  ],
                                                  "parent": 52,
                                                  "ID": 53,
                                                  "left": 54,
                                                  "right": 61
                                                },
                                                {
                                                  "Node Type": "Hash",
                                                  "Parent Relationship": "Inner",
                                                  "Parallel Aware": false,
                                                  "Async Capable": false,
                                                  "Startup Cost": 19.25,
                                                  "Total Cost": 19.25,
                                                  "Plan Rows": 492,
                                                  "Plan Width": 4,
                                                  "Plans": [
                                                    {
                                                      "Node Type": "Seq Scan",
                                                      "Parent Relationship": "Outer",
                                                      "Parallel Aware": false,
                                                      "Async Capable": false,
                                                      "Relation Name": "promotion",
                                                      "Alias": "promotion_2",
                                                      "Startup Cost": 0.0,
                                                      "Total Cost": 19.25,
                                                      "Plan Rows": 492,
                                                      "Plan Width": 4,
                                                      "Filter": "(p_channel_tv = 'N'::bpchar)",
                                                      "parent": 63,
                                                      "ID": 64
                                                    }
                                                  ],
                                                  "parent": 52,
                                                  "ID": 63,
                                                  "left": 64
                                                }
                                              ],
                                              "parent": 51,
                                              "ID": 52,
                                              "left": 53,
                                              "right": 63
                                            },
                                            {
                                              "Node Type": "Hash",
                                              "Parent Relationship": "Inner",
                                              "Parallel Aware": false,
                                              "Async Capable": false,
                                              "Startup Cost": 3.42,
                                              "Total Cost": 3.42,
                                              "Plan Rows": 42,
                                              "Plan Width": 21,
                                              "Plans": [
                                                {
                                                  "Node Type": "Seq Scan",
                                                  "Parent Relationship": "Outer",
                                                  "Parallel Aware": false,
                                                  "Async Capable": false,
                                                  "Relation Name": "web_site",
                                                  "Alias": "web_site",
                                                  "Startup Cost": 0.0,
                                                  "Total Cost": 3.42,
                                                  "Plan Rows": 42,
                                                  "Plan Width": 21,
                                                  "parent": 65,
                                                  "ID": 66
                                                }
                                              ],
                                              "parent": 51,
                                              "ID": 65,
                                              "left": 66
                                            }
                                          ],
                                          "parent": 50,
                                          "ID": 51,
                                          "left": 52,
                                          "right": 65
                                        }
                                      ],
                                      "parent": 49,
                                      "ID": 50,
                                      "left": 51
                                    }
                                  ],
                                  "parent": 48,
                                  "ID": 49,
                                  "left": 50
                                }
                              ],
                              "parent": 47,
                              "ID": 48,
                              "left": 49
                            }
                          ],
                          "parent": 46,
                          "ID": 47,
                          "left": 48
                        }
                      ],
                      "parent": 3,
                      "ID": 46,
                      "left": 47
                    }
                  ],
                  "parent": 2,
                  "ID": 3,
                  "left": 4,
                  "right": 25
                }
              ],
              "parent": 1,
              "ID": 2,
              "left": 3
            }
          ],
          "parent": 0,
          "ID": 1,
          "left": 2
        }
      ],
      "parent": null,
      "ID": 0,
      "left": 1
    },
    "feat": {
      "utility": 6.516873732732561e-06,
      "query_shape": [
        [
          "Seq Scan",
          "Hash Join",
          "Sort",
          "Aggregate",
          "Gather Merge",
          "Subquery Scan",
          "Append"
        ],
        [
          "Seq Scan",
          "Hash",
          "Hash Join",
          "Sort",
          "Aggregate",
          "Gather Merge",
          "Subquery Scan",
          "Append"
        ],
        [
          "Seq Scan",
          "Hash",
          "Hash Join",
          "Sort",
          "Aggregate",
          "Gather Merge",
          "Subquery Scan",
          "Append"
        ],
        [
          "Seq Scan",
          "Hash",
          "Hash Join",
          "Sort",
          "Aggregate",
          "Gather Merge",
          "Subquery Scan",
          "Append"
        ],
        [
          "Seq Scan",
          "Hash",
          "Hash Join",
          "Sort",
          "Aggregate",
          "Gather Merge",
          "Subquery Scan",
          "Append"
        ],
        [
          "Seq Scan",
          "Hash",
          "Hash Join",
          "Sort",
          "Aggregate",
          "Gather Merge",
          "Subquery Scan",
          "Append"
        ],
        [
          "Seq Scan",
          "Hash Join",
          "Sort",
          "Aggregate",
          "Gather Merge",
          "Subquery Scan",
          "Append"
        ],
        [
          "Seq Scan",
          "Hash",
          "Hash Join",
          "Sort",
          "Aggregate",
          "Gather Merge",
          "Subquery Scan",
          "Append"
        ],
        [
          "Seq Scan",
          "Hash",
          "Hash Join",
          "Sort",
          "Aggregate",
          "Gather Merge",
          "Subquery Scan",
          "Append"
        ],
        [
          "Seq Scan",
          "Hash",
          "Hash Join",
          "Sort",
          "Aggregate",
          "Gather Merge",
          "Subquery Scan",
          "Append"
        ],
        [
          "Seq Scan",
          "Hash",
          "Hash Join",
          "Sort",
          "Aggregate",
          "Gather Merge",
          "Subquery Scan",
          "Append"
        ],
        [
          "Seq Scan",
          "Hash",
          "Hash Join",
          "Sort",
          "Aggregate",
          "Gather Merge",
          "Subquery Scan",
          "Append"
        ],
        [
          "Seq Scan",
          "Hash Join",
          "Sort",
          "Aggregate",
          "Gather Merge",
          "Subquery Scan",
          "Append"
        ],
        [
          "Seq Scan",
          "Hash",
          "Hash Join",
          "Sort",
          "Aggregate",
          "Gather Merge",
          "Subquery Scan",
          "Append"
        ],
        [
          "Seq Scan",
          "Hash",
          "Hash Join",
          "Sort",
          "Aggregate",
          "Gather Merge",
          "Subquery Scan",
          "Append"
        ],
        [
          "Seq Scan",
          "Hash",
          "Hash Join",
          "Sort",
          "Aggregate",
          "Gather Merge",
          "Subquery Scan",
          "Append"
        ],
        [
          "Seq Scan",
          "Hash",
          "Hash Join",
          "Sort",
          "Aggregate",
          "Gather Merge",
          "Subquery Scan",
          "Append"
        ],
        [
          "Seq Scan",
          "Hash",
          "Hash Join",
          "Sort",
          "Aggregate",
          "Gather Merge",
          "Subquery Scan",
          "Append"
        ]
      ],
      "index_shape": [
        "join"
      ],
      "physical_operator": {
        "Hash Join": [
          0.004743290597085323,
          0.004841734527525892,
          0.004854227026553673
        ]
      }
    }
  },
  {
    "query": "with ssr as\n (select  s_store_id as store_id,\n          sum(ss_ext_sales_price) as sales,\n          sum(coalesce(sr_return_amt, 0)) as returns,\n          sum(ss_net_profit - coalesce(sr_net_loss, 0)) as profit\n  from store_sales left outer join store_returns on\n         (ss_item_sk = sr_item_sk and ss_ticket_number = sr_ticket_number),\n     date_dim,\n     store,\n     item,\n     promotion\n where ss_sold_date_sk = d_date_sk\n       and d_date between cast('2000-08-25' as date) \n                  and (cast('2000-08-25' as date) +  interval '30 days')\n       and ss_store_sk = s_store_sk\n       and ss_item_sk = i_item_sk\n       and i_current_price > 50\n       and ss_promo_sk = p_promo_sk\n       and p_channel_tv = 'N'\n group by s_store_id)\n ,\n csr as\n (select  cp_catalog_page_id as catalog_page_id,\n          sum(cs_ext_sales_price) as sales,\n          sum(coalesce(cr_return_amount, 0)) as returns,\n          sum(cs_net_profit - coalesce(cr_net_loss, 0)) as profit\n  from catalog_sales left outer join catalog_returns on\n         (cs_item_sk = cr_item_sk and cs_order_number = cr_order_number),\n     date_dim,\n     catalog_page,\n     item,\n     promotion\n where cs_sold_date_sk = d_date_sk\n       and d_date between cast('2000-08-25' as date)\n                  and (cast('2000-08-25' as date) +  interval '30 days')\n        and cs_catalog_page_sk = cp_catalog_page_sk\n       and cs_item_sk = i_item_sk\n       and i_current_price > 50\n       and cs_promo_sk = p_promo_sk\n       and p_channel_tv = 'N'\ngroup by cp_catalog_page_id)\n ,\n wsr as\n (select  web_site_id,\n          sum(ws_ext_sales_price) as sales,\n          sum(coalesce(wr_return_amt, 0)) as returns,\n          sum(ws_net_profit - coalesce(wr_net_loss, 0)) as profit\n  from web_sales left outer join web_returns on\n         (ws_item_sk = wr_item_sk and ws_order_number = wr_order_number),\n     date_dim,\n     web_site,\n     item,\n     promotion\n where ws_sold_date_sk = d_date_sk\n       and d_date between cast('2000-08-25' as date)\n                  and (cast('2000-08-25' as date) +  interval '30 days')\n        and ws_web_site_sk = web_site_sk\n       and ws_item_sk = i_item_sk\n       and i_current_price > 50\n       and ws_promo_sk = p_promo_sk\n       and p_channel_tv = 'N'\ngroup by web_site_id)\n  select  channel\n        , id\n        , sum(sales) as sales\n        , sum(returns) as returns\n        , sum(profit) as profit\n from \n (select 'store channel' as channel\n        , 'store' || store_id as id\n        , sales\n        , returns\n        , profit\n from   ssr\n union all\n select 'catalog channel' as channel\n        , 'catalog_page' || catalog_page_id as id\n        , sales\n        , returns\n        , profit\n from  csr\n union all\n select 'web channel' as channel\n        , 'web_site' || web_site_id as id\n        , sales\n        , returns\n        , profit\n from   wsr\n ) x\n group by rollup (channel, id)\n order by channel\n         ,id\n limit 100;\n\n-- end query 61 in stream 1 using template query80.tpl\n",
    "indexes": "date_dim.d_date",
    "wo plan est": {
      "Node Type": "Limit",
      "Parallel Aware": false,
      "Async Capable": false,
      "Startup Cost": 1566793.64,
      "Total Cost": 1566796.93,
      "Plan Rows": 100,
      "Plan Width": 160,
      "Plans": [
        {
          "Node Type": "Aggregate",
          "Strategy": "Sorted",
          "Partial Mode": "Simple",
          "Parent Relationship": "Outer",
          "Parallel Aware": false,
          "Async Capable": false,
          "Startup Cost": 1566793.64,
          "Total Cost": 1566806.84,
          "Plan Rows": 401,
          "Plan Width": 160,
          "Grouping Sets": [
            {
              "Group Keys": [
                [
                  "('store channel'::text)",
                  "(('store'::text || (ssr.store_id)::text))"
                ],
                [
                  "('store channel'::text)"
                ],
                []
              ]
            }
          ],
          "Plans": [
            {
              "Node Type": "Sort",
              "Parent Relationship": "Outer",
              "Parallel Aware": false,
              "Async Capable": false,
              "Startup Cost": 1566793.64,
              "Total Cost": 1566794.67,
              "Plan Rows": 412,
              "Plan Width": 160,
              "Sort Key": [
                "('store channel'::text)",
                "(('store'::text || (ssr.store_id)::text))"
              ],
              "Plans": [
                {
                  "Node Type": "Append",
                  "Parent Relationship": "Outer",
                  "Parallel Aware": false,
                  "Async Capable": false,
                  "Startup Cost": 784596.3,
                  "Total Cost": 1566775.74,
                  "Plan Rows": 412,
                  "Plan Width": 160,
                  "Subplans Removed": 0,
                  "Plans": [
                    {
                      "Node Type": "Subquery Scan",
                      "Parent Relationship": "Member",
                      "Parallel Aware": false,
                      "Async Capable": false,
                      "Alias": "ssr",
                      "Startup Cost": 784596.3,
                      "Total Cost": 784616.16,
                      "Plan Rows": 51,
                      "Plan Width": 160,
                      "Plans": [
                        {
                          "Node Type": "Aggregate",
                          "Strategy": "Sorted",
                          "Partial Mode": "Finalize",
                          "Parent Relationship": "Subquery",
                          "Parallel Aware": false,
                          "Async Capable": false,
                          "Startup Cost": 784596.3,
                          "Total Cost": 784615.39,
                          "Plan Rows": 51,
                          "Plan Width": 113,
                          "Group Key": [
                            "store.s_store_id"
                          ],
                          "Plans": [
                            {
                              "Node Type": "Gather Merge",
                              "Parent Relationship": "Outer",
                              "Parallel Aware": false,
                              "Async Capable": false,
                              "Startup Cost": 784596.3,
                              "Total Cost": 784612.71,
                              "Plan Rows": 102,
                              "Plan Width": 113,
                              "Workers Planned": 2,
                              "Plans": [
                                {
                                  "Node Type": "Aggregate",
                                  "Strategy": "Sorted",
                                  "Partial Mode": "Partial",
                                  "Parent Relationship": "Outer",
                                  "Parallel Aware": false,
                                  "Async Capable": false,
                                  "Startup Cost": 783596.27,
                                  "Total Cost": 783600.92,
                                  "Plan Rows": 51,
                                  "Plan Width": 113,
                                  "Group Key": [
                                    "store.s_store_id"
                                  ],
                                  "Plans": [
                                    {
                                      "Node Type": "Sort",
                                      "Parent Relationship": "Outer",
                                      "Parallel Aware": false,
                                      "Async Capable": false,
                                      "Startup Cost": 783596.27,
                                      "Total Cost": 783596.9,
                                      "Plan Rows": 250,
                                      "Plan Width": 41,
                                      "Sort Key": [
                                        "store.s_store_id"
                                      ],
                                      "Plans": [
                                        {
                                          "Node Type": "Hash Join",
                                          "Parent Relationship": "Outer",
                                          "Parallel Aware": false,
                                          "Async Capable": false,
                                          "Join Type": "Inner",
                                          "Startup Cost": 94489.35,
                                          "Total Cost": 783586.32,
                                          "Plan Rows": 250,
                                          "Plan Width": 41,
                                          "Inner Unique": false,
                                          "Hash Cond": "(store_sales.ss_store_sk = store.s_store_sk)",
                                          "Plans": [
                                            {
                                              "Node Type": "Hash Join",
                                              "Parent Relationship": "Outer",
                                              "Parallel Aware": false,
                                              "Async Capable": false,
                                              "Join Type": "Inner",
                                              "Startup Cost": 94482.05,
                                              "Total Cost": 783575.54,
                                              "Plan Rows": 262,
                                              "Plan Width": 28,
                                              "Inner Unique": false,
                                              "Hash Cond": "(store_sales.ss_promo_sk = promotion.p_promo_sk)",
                                              "Plans": [
                                                {
                                                  "Node Type": "Hash Join",
                                                  "Parent Relationship": "Outer",
                                                  "Parallel Aware": true,
                                                  "Async Capable": false,
                                                  "Join Type": "Inner",
                                                  "Startup Cost": 94456.65,
                                                  "Total Cost": 783546.47,
                                                  "Plan Rows": 279,
                                                  "Plan Width": 32,
                                                  "Inner Unique": false,
                                                  "Hash Cond": "(store_sales.ss_item_sk = item.i_item_sk)",
                                                  "Plans": [
                                                    {
                                                      "Node Type": "Hash Join",
                                                      "Parent Relationship": "Outer",
                                                      "Parallel Aware": true,
                                                      "Async Capable": false,
                                                      "Join Type": "Left",
                                                      "Startup Cost": 86930.88,
                                                      "Total Cost": 776001.31,
                                                      "Plan Rows": 4860,
                                                      "Plan Width": 36,
                                                      "Inner Unique": false,
                                                      "Hash Cond": "((store_sales.ss_item_sk = store_returns.sr_item_sk) AND (store_sales.ss_ticket_number = store_returns.sr_ticket_number))",
                                                      "Plans": [
                                                        {
                                                          "Node Type": "Hash Join",
                                                          "Parent Relationship": "Outer",
                                                          "Parallel Aware": true,
                                                          "Async Capable": false,
                                                          "Join Type": "Inner",
                                                          "Startup Cost": 2049.78,
                                                          "Total Cost": 683994.75,
                                                          "Plan Rows": 4860,
                                                          "Plan Width": 28,
                                                          "Inner Unique": false,
                                                          "Hash Cond": "(store_sales.ss_sold_date_sk = date_dim.d_date_sk)",
                                                          "Plans": [
                                                            {
                                                              "Node Type": "Seq Scan",
                                                              "Parent Relationship": "Outer",
                                                              "Parallel Aware": true,
                                                              "Async Capable": false,
                                                              "Relation Name": "store_sales",
                                                              "Alias": "store_sales",
                                                              "Startup Cost": 0.0,
                                                              "Total Cost": 636914.37,
                                                              "Plan Rows": 12000637,
                                                              "Plan Width": 32,
                                                              "parent": 13,
                                                              "ID": 14
                                                            },
                                                            {
                                                              "Node Type": "Hash",
                                                              "Parent Relationship": "Inner",
                                                              "Parallel Aware": true,
                                                              "Async Capable": false,
                                                              "Startup Cost": 2049.55,
                                                              "Total Cost": 2049.55,
                                                              "Plan Rows": 18,
                                                              "Plan Width": 4,
                                                              "Plans": [
                                                                {
                                                                  "Node Type": "Seq Scan",
                                                                  "Parent Relationship": "Outer",
                                                                  "Parallel Aware": true,
                                                                  "Async Capable": false,
                                                                  "Relation Name": "date_dim",
                                                                  "Alias": "date_dim",
                                                                  "Startup Cost": 0.0,
                                                                  "Total Cost": 2049.55,
                                                                  "Plan Rows": 18,
                                                                  "Plan Width": 4,
                                                                  "Filter": "((d_date >= '2000-08-25'::date) AND (d_date <= '2000-09-24 00:00:00'::timestamp without time zone))",
                                                                  "parent": 15,
                                                                  "ID": 16
                                                                }
                                                              ],
                                                              "parent": 13,
                                                              "ID": 15,
                                                              "left": 16
                                                            }
                                                          ],
                                                          "parent": 12,
                                                          "ID": 13,
                                                          "left": 14,
                                                          "right": 15
                                                        },
                                                        {
                                                          "Node Type": "Hash",
                                                          "Parent Relationship": "Inner",
                                                          "Parallel Aware": true,
                                                          "Async Capable": false,
                                                          "Startup Cost": 59887.64,
                                                          "Total Cost": 59887.64,
                                                          "Plan Rows": 1198164,
                                                          "Plan Width": 20,
                                                          "Plans": [
                                                            {
                                                              "Node Type": "Seq Scan",
                                                              "Parent Relationship": "Outer",
                                                              "Parallel Aware": true,
                                                              "Async Capable": false,
                                                              "Relation Name": "store_returns",
                                                              "Alias": "store_returns",
                                                              "Startup Cost": 0.0,
                                                              "Total Cost": 59887.64,
                                                              "Plan Rows": 1198164,
                                                              "Plan Width": 20,
                                                              "parent": 17,
                                                              "ID": 18
                                                            }
                                                          ],
                                                          "parent": 12,
                                                          "ID": 17,
                                                          "left": 18
                                                        }
                                                      ],
                                                      "parent": 11,
                                                      "ID": 12,
                                                      "left": 13,
                                                      "right": 17
                                                    },
                                                    {
                                                      "Node Type": "Hash",
                                                      "Parent Relationship": "Inner",
                                                      "Parallel Aware": true,
                                                      "Async Capable": false,
                                                      "Startup Cost": 7495.25,
                                                      "Total Cost": 7495.25,
                                                      "Plan Rows": 2442,
                                                      "Plan Width": 4,
                                                      "Plans": [
                                                        {
                                                          "Node Type": "Seq Scan",
                                                          "Parent Relationship": "Outer",
                                                          "Parallel Aware": true,
                                                          "Async Capable": false,
                                                          "Relation Name": "item",
                                                          "Alias": "item",
                                                          "Startup Cost": 0.0,
                                                          "Total Cost": 7495.25,
                                                          "Plan Rows": 2442,
                                                          "Plan Width": 4,
                                                          "Filter": "(i_current_price > '50'::numeric)",
                                                          "parent": 19,
                                                          "ID": 20
                                                        }
                                                      ],
                                                      "parent": 11,
                                                      "ID": 19,
                                                      "left": 20
                                                    }
                                                  ],
                                                  "parent": 10,
                                                  "ID": 11,
                                                  "left": 12,
                                                  "right": 19
                                                },
                                                {
                                                  "Node Type": "Hash",
                                                  "Parent Relationship": "Inner",
                                                  "Parallel Aware": false,
                                                  "Async Capable": false,
                                                  "Startup Cost": 19.25,
                                                  "Total Cost": 19.25,
                                                  "Plan Rows": 492,
                                                  "Plan Width": 4,
                                                  "Plans": [
                                                    {
                                                      "Node Type": "Seq Scan",
                                                      "Parent Relationship": "Outer",
                                                      "Parallel Aware": false,
                                                      "Async Capable": false,
                                                      "Relation Name": "promotion",
                                                      "Alias": "promotion",
                                                      "Startup Cost": 0.0,
                                                      "Total Cost": 19.25,
                                                      "Plan Rows": 492,
                                                      "Plan Width": 4,
                                                      "Filter": "(p_channel_tv = 'N'::bpchar)",
                                                      "parent": 21,
                                                      "ID": 22
                                                    }
                                                  ],
                                                  "parent": 10,
                                                  "ID": 21,
                                                  "left": 22
                                                }
                                              ],
                                              "parent": 9,
                                              "ID": 10,
                                              "left": 11,
                                              "right": 21
                                            },
                                            {
                                              "Node Type": "Hash",
                                              "Parent Relationship": "Inner",
                                              "Parallel Aware": false,
                                              "Async Capable": false,
                                              "Startup Cost": 6.02,
                                              "Total Cost": 6.02,
                                              "Plan Rows": 102,
                                              "Plan Width": 21,
                                              "Plans": [
                                                {
                                                  "Node Type": "Seq Scan",
                                                  "Parent Relationship": "Outer",
                                                  "Parallel Aware": false,
                                                  "Async Capable": false,
                                                  "Relation Name": "store",
                                                  "Alias": "store",
                                                  "Startup Cost": 0.0,
                                                  "Total Cost": 6.02,
                                                  "Plan Rows": 102,
                                                  "Plan Width": 21,
                                                  "parent": 23,
                                                  "ID": 24
                                                }
                                              ],
                                              "parent": 9,
                                              "ID": 23,
                                              "left": 24
                                            }
                                          ],
                                          "parent": 8,
                                          "ID": 9,
                                          "left": 10,
                                          "right": 23
                                        }
                                      ],
                                      "parent": 7,
                                      "ID": 8,
                                      "left": 9
                                    }
                                  ],
                                  "parent": 6,
                                  "ID": 7,
                                  "left": 8
                                }
                              ],
                              "parent": 5,
                              "ID": 6,
                              "left": 7
                            }
                          ],
                          "parent": 4,
                          "ID": 5,
                          "left": 6
                        }
                      ],
                      "parent": 3,
                      "ID": 4,
                      "left": 5
                    },
                    {
                      "Node Type": "Subquery Scan",
                      "Parent Relationship": "Member",
                      "Parallel Aware": false,
                      "Async Capable": false,
                      "Alias": "csr",
                      "Startup Cost": 518177.36,
                      "Total Cost": 518230.78,
                      "Plan Rows": 340,
                      "Plan Width": 160,
                      "Plans": [
                        {
                          "Node Type": "Aggregate",
                          "Strategy": "Sorted",
                          "Partial Mode": "Finalize",
                          "Parent Relationship": "Subquery",
                          "Parallel Aware": false,
                          "Async Capable": false,
                          "Startup Cost": 518177.36,
                          "Total Cost": 518225.68,
                          "Plan Rows": 340,
                          "Plan Width": 113,
                          "Group Key": [
                            "catalog_page.cp_catalog_page_id"
                          ],
                          "Plans": [
                            {
                              "Node Type": "Gather Merge",
                              "Parent Relationship": "Outer",
                              "Parallel Aware": false,
                              "Async Capable": false,
                              "Startup Cost": 518177.36,
                              "Total Cost": 518214.76,
                              "Plan Rows": 284,
                              "Plan Width": 113,
                              "Workers Planned": 2,
                              "Plans": [
                                {
                                  "Node Type": "Aggregate",
                                  "Strategy": "Sorted",
                                  "Partial Mode": "Partial",
                                  "Parent Relationship": "Outer",
                                  "Parallel Aware": false,
                                  "Async Capable": false,
                                  "Startup Cost": 517177.34,
                                  "Total Cost": 517181.95,
                                  "Plan Rows": 142,
                                  "Plan Width": 113,
                                  "Group Key": [
                                    "catalog_page.cp_catalog_page_id"
                                  ],
                                  "Plans": [
                                    {
                                      "Node Type": "Sort",
                                      "Parent Relationship": "Outer",
                                      "Parallel Aware": false,
                                      "Async Capable": false,
                                      "Startup Cost": 517177.34,
                                      "Total Cost": 517177.69,
                                      "Plan Rows": 142,
                                      "Plan Width": 41,
                                      "Sort Key": [
                                        "catalog_page.cp_catalog_page_id"
                                      ],
                                      "Plans": [
                                        {
                                          "Node Type": "Hash Join",
                                          "Parent Relationship": "Outer",
                                          "Parallel Aware": false,
                                          "Async Capable": false,
                                          "Join Type": "Inner",
                                          "Startup Cost": 57382.33,
                                          "Total Cost": 517172.26,
                                          "Plan Rows": 142,
                                          "Plan Width": 41,
                                          "Inner Unique": false,
                                          "Hash Cond": "(catalog_sales.cs_catalog_page_sk = catalog_page.cp_catalog_page_sk)",
                                          "Plans": [
                                            {
                                              "Node Type": "Hash Join",
                                              "Parent Relationship": "Outer",
                                              "Parallel Aware": false,
                                              "Async Capable": false,
                                              "Join Type": "Inner",
                                              "Startup Cost": 56864.33,
                                              "Total Cost": 516652.32,
                                              "Plan Rows": 142,
                                              "Plan Width": 28,
                                              "Inner Unique": false,
                                              "Hash Cond": "(catalog_sales.cs_promo_sk = promotion_1.p_promo_sk)",
                                              "Plans": [
                                                {
                                                  "Node Type": "Hash Join",
                                                  "Parent Relationship": "Outer",
                                                  "Parallel Aware": true,
                                                  "Async Capable": false,
                                                  "Join Type": "Inner",
                                                  "Startup Cost": 56838.93,
                                                  "Total Cost": 516624.96,
                                                  "Plan Rows": 145,
                                                  "Plan Width": 32,
                                                  "Inner Unique": false,
                                                  "Hash Cond": "(catalog_sales.cs_item_sk = item_1.i_item_sk)",
                                                  "Plans": [
                                                    {
                                                      "Node Type": "Hash Join",
                                                      "Parent Relationship": "Outer",
                                                      "Parallel Aware": true,
                                                      "Async Capable": false,
                                                      "Join Type": "Left",
                                                      "Startup Cost": 49313.15,
                                                      "Total Cost": 509089.08,
                                                      "Plan Rows": 2532,
                                                      "Plan Width": 36,
                                                      "Inner Unique": false,
                                                      "Hash Cond": "((catalog_sales.cs_item_sk = catalog_returns.cr_item_sk) AND (catalog_sales.cs_order_number = catalog_returns.cr_order_number))",
                                                      "Plans": [
                                                        {
                                                          "Node Type": "Hash Join",
                                                          "Parent Relationship": "Outer",
                                                          "Parallel Aware": true,
                                                          "Async Capable": false,
                                                          "Join Type": "Inner",
                                                          "Startup Cost": 2049.78,
                                                          "Total Cost": 458254.7,
                                                          "Plan Rows": 2532,
                                                          "Plan Width": 28,
                                                          "Inner Unique": false,
                                                          "Hash Cond": "(catalog_sales.cs_sold_date_sk = date_dim_1.d_date_sk)",
                                                          "Plans": [
                                                            {
                                                              "Node Type": "Seq Scan",
                                                              "Parent Relationship": "Outer",
                                                              "Parallel Aware": true,
                                                              "Async Capable": false,
                                                              "Relation Name": "catalog_sales",
                                                              "Alias": "catalog_sales",
                                                              "Startup Cost": 0.0,
                                                              "Total Cost": 433688.25,
                                                              "Plan Rows": 6000525,
                                                              "Plan Width": 32,
                                                              "parent": 34,
                                                              "ID": 35
                                                            },
                                                            {
                                                              "Node Type": "Hash",
                                                              "Parent Relationship": "Inner",
                                                              "Parallel Aware": true,
                                                              "Async Capable": false,
                                                              "Startup Cost": 2049.55,
                                                              "Total Cost": 2049.55,
                                                              "Plan Rows": 18,
                                                              "Plan Width": 4,
                                                              "Plans": [
                                                                {
                                                                  "Node Type": "Seq Scan",
                                                                  "Parent Relationship": "Outer",
                                                                  "Parallel Aware": true,
                                                                  "Async Capable": false,
                                                                  "Relation Name": "date_dim",
                                                                  "Alias": "date_dim_1",
                                                                  "Startup Cost": 0.0,
                                                                  "Total Cost": 2049.55,
                                                                  "Plan Rows": 18,
                                                                  "Plan Width": 4,
                                                                  "Filter": "((d_date >= '2000-08-25'::date) AND (d_date <= '2000-09-24 00:00:00'::timestamp without time zone))",
                                                                  "parent": 36,
                                                                  "ID": 37
                                                                }
                                                              ],
                                                              "parent": 34,
                                                              "ID": 36,
                                                              "left": 37
                                                            }
                                                          ],
                                                          "parent": 33,
                                                          "ID": 34,
                                                          "left": 35,
                                                          "right": 36
                                                        },
                                                        {
                                                          "Node Type": "Hash",
                                                          "Parent Relationship": "Inner",
                                                          "Parallel Aware": true,
                                                          "Async Capable": false,
                                                          "Startup Cost": 34748.95,
                                                          "Total Cost": 34748.95,
                                                          "Plan Rows": 599895,
                                                          "Plan Width": 20,
                                                          "Plans": [
                                                            {
                                                              "Node Type": "Seq Scan",
                                                              "Parent Relationship": "Outer",
                                                              "Parallel Aware": true,
                                                              "Async Capable": false,
                                                              "Relation Name": "catalog_returns",
                                                              "Alias": "catalog_returns",
                                                              "Startup Cost": 0.0,
                                                              "Total Cost": 34748.95,
                                                              "Plan Rows": 599895,
                                                              "Plan Width": 20,
                                                              "parent": 38,
                                                              "ID": 39
                                                            }
                                                          ],
                                                          "parent": 33,
                                                          "ID": 38,
                                                          "left": 39
                                                        }
                                                      ],
                                                      "parent": 32,
                                                      "ID": 33,
                                                      "left": 34,
                                                      "right": 38
                                                    },
                                                    {
                                                      "Node Type": "Hash",
                                                      "Parent Relationship": "Inner",
                                                      "Parallel Aware": true,
                                                      "Async Capable": false,
                                                      "Startup Cost": 7495.25,
                                                      "Total Cost": 7495.25,
                                                      "Plan Rows": 2442,
                                                      "Plan Width": 4,
                                                      "Plans": [
                                                        {
                                                          "Node Type": "Seq Scan",
                                                          "Parent Relationship": "Outer",
                                                          "Parallel Aware": true,
                                                          "Async Capable": false,
                                                          "Relation Name": "item",
                                                          "Alias": "item_1",
                                                          "Startup Cost": 0.0,
                                                          "Total Cost": 7495.25,
                                                          "Plan Rows": 2442,
                                                          "Plan Width": 4,
                                                          "Filter": "(i_current_price > '50'::numeric)",
                                                          "parent": 40,
                                                          "ID": 41
                                                        }
                                                      ],
                                                      "parent": 32,
                                                      "ID": 40,
                                                      "left": 41
                                                    }
                                                  ],
                                                  "parent": 31,
                                                  "ID": 32,
                                                  "left": 33,
                                                  "right": 40
                                                },
                                                {
                                                  "Node Type": "Hash",
                                                  "Parent Relationship": "Inner",
                                                  "Parallel Aware": false,
                                                  "Async Capable": false,
                                                  "Startup Cost": 19.25,
                                                  "Total Cost": 19.25,
                                                  "Plan Rows": 492,
                                                  "Plan Width": 4,
                                                  "Plans": [
                                                    {
                                                      "Node Type": "Seq Scan",
                                                      "Parent Relationship": "Outer",
                                                      "Parallel Aware": false,
                                                      "Async Capable": false,
                                                      "Relation Name": "promotion",
                                                      "Alias": "promotion_1",
                                                      "Startup Cost": 0.0,
                                                      "Total Cost": 19.25,
                                                      "Plan Rows": 492,
                                                      "Plan Width": 4,
                                                      "Filter": "(p_channel_tv = 'N'::bpchar)",
                                                      "parent": 42,
                                                      "ID": 43
                                                    }
                                                  ],
                                                  "parent": 31,
                                                  "ID": 42,
                                                  "left": 43
                                                }
                                              ],
                                              "parent": 30,
                                              "ID": 31,
                                              "left": 32,
                                              "right": 42
                                            },
                                            {
                                              "Node Type": "Hash",
                                              "Parent Relationship": "Inner",
                                              "Parallel Aware": false,
                                              "Async Capable": false,
                                              "Startup Cost": 368.0,
                                              "Total Cost": 368.0,
                                              "Plan Rows": 12000,
                                              "Plan Width": 21,
                                              "Plans": [
                                                {
                                                  "Node Type": "Seq Scan",
                                                  "Parent Relationship": "Outer",
                                                  "Parallel Aware": false,
                                                  "Async Capable": false,
                                                  "Relation Name": "catalog_page",
                                                  "Alias": "catalog_page",
                                                  "Startup Cost": 0.0,
                                                  "Total Cost": 368.0,
                                                  "Plan Rows": 12000,
                                                  "Plan Width": 21,
                                                  "parent": 44,
                                                  "ID": 45
                                                }
                                              ],
                                              "parent": 30,
                                              "ID": 44,
                                              "left": 45
                                            }
                                          ],
                                          "parent": 29,
                                          "ID": 30,
                                          "left": 31,
                                          "right": 44
                                        }
                                      ],
                                      "parent": 28,
                                      "ID": 29,
                                      "left": 30
                                    }
                                  ],
                                  "parent": 27,
                                  "ID": 28,
                                  "left": 29
                                }
                              ],
                              "parent": 26,
                              "ID": 27,
                              "left": 28
                            }
                          ],
                          "parent": 25,
                          "ID": 26,
                          "left": 27
                        }
                      ],
                      "parent": 3,
                      "ID": 25,
                      "left": 26
                    },
                    {
                      "Node Type": "Subquery Scan",
                      "Parent Relationship": "Member",
                      "Parallel Aware": false,
                      "Async Capable": false,
                      "Alias": "wsr",
                      "Startup Cost": 263919.04,
                      "Total Cost": 263926.75,
                      "Plan Rows": 21,
                      "Plan Width": 160,
                      "Plans": [
                        {
                          "Node Type": "Aggregate",
                          "Strategy": "Sorted",
                          "Partial Mode": "Finalize",
                          "Parent Relationship": "Subquery",
                          "Parallel Aware": false,
                          "Async Capable": false,
                          "Startup Cost": 263919.04,
                          "Total Cost": 263926.43,
                          "Plan Rows": 21,
                          "Plan Width": 113,
                          "Group Key": [
                            "web_site.web_site_id"
                          ],
                          "Plans": [
                            {
                              "Node Type": "Gather Merge",
                              "Parent Relationship": "Outer",
                              "Parallel Aware": false,
                              "Async Capable": false,
                              "Startup Cost": 263919.04,
                              "Total Cost": 263925.33,
                              "Plan Rows": 42,
                              "Plan Width": 113,
                              "Workers Planned": 2,
                              "Plans": [
                                {
                                  "Node Type": "Aggregate",
                                  "Strategy": "Sorted",
                                  "Partial Mode": "Partial",
                                  "Parent Relationship": "Outer",
                                  "Parallel Aware": false,
                                  "Async Capable": false,
                                  "Startup Cost": 262919.01,
                                  "Total Cost": 262920.46,
                                  "Plan Rows": 21,
                                  "Plan Width": 113,
                                  "Group Key": [
                                    "web_site.web_site_id"
                                  ],
                                  "Plans": [
                                    {
                                      "Node Type": "Sort",
                                      "Parent Relationship": "Outer",
                                      "Parallel Aware": false,
                                      "Async Capable": false,
                                      "Startup Cost": 262919.01,
                                      "Total Cost": 262919.19,
                                      "Plan Rows": 72,
                                      "Plan Width": 41,
                                      "Sort Key": [
                                        "web_site.web_site_id"
                                      ],
                                      "Plans": [
                                        {
                                          "Node Type": "Hash Join",
                                          "Parent Relationship": "Outer",
                                          "Parallel Aware": false,
                                          "Async Capable": false,
                                          "Join Type": "Inner",
                                          "Startup Cost": 32134.74,
                                          "Total Cost": 262916.79,
                                          "Plan Rows": 72,
                                          "Plan Width": 41,
                                          "Inner Unique": false,
                                          "Hash Cond": "(web_sales.ws_web_site_sk = web_site.web_site_sk)",
                                          "Plans": [
                                            {
                                              "Node Type": "Hash Join",
                                              "Parent Relationship": "Outer",
                                              "Parallel Aware": false,
                                              "Async Capable": false,
                                              "Join Type": "Inner",
                                              "Startup Cost": 32130.8,
                                              "Total Cost": 262911.86,
                                              "Plan Rows": 72,
                                              "Plan Width": 28,
                                              "Inner Unique": false,
                                              "Hash Cond": "(web_sales.ws_promo_sk = promotion_2.p_promo_sk)",
                                              "Plans": [
                                                {
                                                  "Node Type": "Hash Join",
                                                  "Parent Relationship": "Outer",
                                                  "Parallel Aware": true,
                                                  "Async Capable": false,
                                                  "Join Type": "Inner",
                                                  "Startup Cost": 32105.4,
                                                  "Total Cost": 262885.46,
                                                  "Plan Rows": 73,
                                                  "Plan Width": 32,
                                                  "Inner Unique": false,
                                                  "Hash Cond": "(web_sales.ws_item_sk = item_2.i_item_sk)",
                                                  "Plans": [
                                                    {
                                                      "Node Type": "Hash Join",
                                                      "Parent Relationship": "Outer",
                                                      "Parallel Aware": true,
                                                      "Async Capable": false,
                                                      "Join Type": "Left",
                                                      "Startup Cost": 24579.62,
                                                      "Total Cost": 255354.62,
                                                      "Plan Rows": 1272,
                                                      "Plan Width": 36,
                                                      "Inner Unique": false,
                                                      "Hash Cond": "((web_sales.ws_item_sk = web_returns.wr_item_sk) AND (web_sales.ws_order_number = web_returns.wr_order_number))",
                                                      "Plans": [
                                                        {
                                                          "Node Type": "Hash Join",
                                                          "Parent Relationship": "Outer",
                                                          "Parallel Aware": true,
                                                          "Async Capable": false,
                                                          "Join Type": "Inner",
                                                          "Startup Cost": 2049.78,
                                                          "Total Cost": 231041.22,
                                                          "Plan Rows": 1272,
                                                          "Plan Width": 28,
                                                          "Inner Unique": false,
                                                          "Hash Cond": "(web_sales.ws_sold_date_sk = date_dim_2.d_date_sk)",
                                                          "Plans": [
                                                            {
                                                              "Node Type": "Seq Scan",
                                                              "Parent Relationship": "Outer",
                                                              "Parallel Aware": true,
                                                              "Async Capable": false,
                                                              "Relation Name": "web_sales",
                                                              "Alias": "web_sales",
                                                              "Startup Cost": 0.0,
                                                              "Total Cost": 217737.86,
                                                              "Plan Rows": 2998986,
                                                              "Plan Width": 32,
                                                              "parent": 55,
                                                              "ID": 56
                                                            },
                                                            {
                                                              "Node Type": "Hash",
                                                              "Parent Relationship": "Inner",
                                                              "Parallel Aware": true,
                                                              "Async Capable": false,
                                                              "Startup Cost": 2049.55,
                                                              "Total Cost": 2049.55,
                                                              "Plan Rows": 18,
                                                              "Plan Width": 4,
                                                              "Plans": [
                                                                {
                                                                  "Node Type": "Seq Scan",
                                                                  "Parent Relationship": "Outer",
                                                                  "Parallel Aware": true,
                                                                  "Async Capable": false,
                                                                  "Relation Name": "date_dim",
                                                                  "Alias": "date_dim_2",
                                                                  "Startup Cost": 0.0,
                                                                  "Total Cost": 2049.55,
                                                                  "Plan Rows": 18,
                                                                  "Plan Width": 4,
                                                                  "Filter": "((d_date >= '2000-08-25'::date) AND (d_date <= '2000-09-24 00:00:00'::timestamp without time zone))",
                                                                  "parent": 57,
                                                                  "ID": 58
                                                                }
                                                              ],
                                                              "parent": 55,
                                                              "ID": 57,
                                                              "left": 58
                                                            }
                                                          ],
                                                          "parent": 54,
                                                          "ID": 55,
                                                          "left": 56,
                                                          "right": 57
                                                        },
                                                        {
                                                          "Node Type": "Hash",
                                                          "Parent Relationship": "Inner",
                                                          "Parallel Aware": true,
                                                          "Async Capable": false,
                                                          "Startup Cost": 16278.74,
                                                          "Total Cost": 16278.74,
                                                          "Plan Rows": 299674,
                                                          "Plan Width": 20,
                                                          "Plans": [
                                                            {
                                                              "Node Type": "Seq Scan",
                                                              "Parent Relationship": "Outer",
                                                              "Parallel Aware": true,
                                                              "Async Capable": false,
                                                              "Relation Name": "web_returns",
                                                              "Alias": "web_returns",
                                                              "Startup Cost": 0.0,
                                                              "Total Cost": 16278.74,
                                                              "Plan Rows": 299674,
                                                              "Plan Width": 20,
                                                              "parent": 59,
                                                              "ID": 60
                                                            }
                                                          ],
                                                          "parent": 54,
                                                          "ID": 59,
                                                          "left": 60
                                                        }
                                                      ],
                                                      "parent": 53,
                                                      "ID": 54,
                                                      "left": 55,
                                                      "right": 59
                                                    },
                                                    {
                                                      "Node Type": "Hash",
                                                      "Parent Relationship": "Inner",
                                                      "Parallel Aware": true,
                                                      "Async Capable": false,
                                                      "Startup Cost": 7495.25,
                                                      "Total Cost": 7495.25,
                                                      "Plan Rows": 2442,
                                                      "Plan Width": 4,
                                                      "Plans": [
                                                        {
                                                          "Node Type": "Seq Scan",
                                                          "Parent Relationship": "Outer",
                                                          "Parallel Aware": true,
                                                          "Async Capable": false,
                                                          "Relation Name": "item",
                                                          "Alias": "item_2",
                                                          "Startup Cost": 0.0,
                                                          "Total Cost": 7495.25,
                                                          "Plan Rows": 2442,
                                                          "Plan Width": 4,
                                                          "Filter": "(i_current_price > '50'::numeric)",
                                                          "parent": 61,
                                                          "ID": 62
                                                        }
                                                      ],
                                                      "parent": 53,
                                                      "ID": 61,
                                                      "left": 62
                                                    }
                                                  ],
                                                  "parent": 52,
                                                  "ID": 53,
                                                  "left": 54,
                                                  "right": 61
                                                },
                                                {
                                                  "Node Type": "Hash",
                                                  "Parent Relationship": "Inner",
                                                  "Parallel Aware": false,
                                                  "Async Capable": false,
                                                  "Startup Cost": 19.25,
                                                  "Total Cost": 19.25,
                                                  "Plan Rows": 492,
                                                  "Plan Width": 4,
                                                  "Plans": [
                                                    {
                                                      "Node Type": "Seq Scan",
                                                      "Parent Relationship": "Outer",
                                                      "Parallel Aware": false,
                                                      "Async Capable": false,
                                                      "Relation Name": "promotion",
                                                      "Alias": "promotion_2",
                                                      "Startup Cost": 0.0,
                                                      "Total Cost": 19.25,
                                                      "Plan Rows": 492,
                                                      "Plan Width": 4,
                                                      "Filter": "(p_channel_tv = 'N'::bpchar)",
                                                      "parent": 63,
                                                      "ID": 64
                                                    }
                                                  ],
                                                  "parent": 52,
                                                  "ID": 63,
                                                  "left": 64
                                                }
                                              ],
                                              "parent": 51,
                                              "ID": 52,
                                              "left": 53,
                                              "right": 63
                                            },
                                            {
                                              "Node Type": "Hash",
                                              "Parent Relationship": "Inner",
                                              "Parallel Aware": false,
                                              "Async Capable": false,
                                              "Startup Cost": 3.42,
                                              "Total Cost": 3.42,
                                              "Plan Rows": 42,
                                              "Plan Width": 21,
                                              "Plans": [
                                                {
                                                  "Node Type": "Seq Scan",
                                                  "Parent Relationship": "Outer",
                                                  "Parallel Aware": false,
                                                  "Async Capable": false,
                                                  "Relation Name": "web_site",
                                                  "Alias": "web_site",
                                                  "Startup Cost": 0.0,
                                                  "Total Cost": 3.42,
                                                  "Plan Rows": 42,
                                                  "Plan Width": 21,
                                                  "parent": 65,
                                                  "ID": 66
                                                }
                                              ],
                                              "parent": 51,
                                              "ID": 65,
                                              "left": 66
                                            }
                                          ],
                                          "parent": 50,
                                          "ID": 51,
                                          "left": 52,
                                          "right": 65
                                        }
                                      ],
                                      "parent": 49,
                                      "ID": 50,
                                      "left": 51
                                    }
                                  ],
                                  "parent": 48,
                                  "ID": 49,
                                  "left": 50
                                }
                              ],
                              "parent": 47,
                              "ID": 48,
                              "left": 49
                            }
                          ],
                          "parent": 46,
                          "ID": 47,
                          "left": 48
                        }
                      ],
                      "parent": 3,
                      "ID": 46,
                      "left": 47
                    }
                  ],
                  "parent": 2,
                  "ID": 3,
                  "left": 4,
                  "right": 25
                }
              ],
              "parent": 1,
              "ID": 2,
              "left": 3
            }
          ],
          "parent": 0,
          "ID": 1,
          "left": 2
        }
      ],
      "parent": null,
      "ID": 0,
      "left": 1
    },
    "feat": {
      "utility": 0.003929893792461928,
      "query_shape": [
        [
          "Seq Scan",
          "Hash Join",
          "Sort",
          "Aggregate",
          "Gather Merge",
          "Subquery Scan",
          "Append"
        ],
        [
          "Seq Scan",
          "Hash",
          "Hash Join",
          "Sort",
          "Aggregate",
          "Gather Merge",
          "Subquery Scan",
          "Append"
        ],
        [
          "Seq Scan",
          "Hash",
          "Hash Join",
          "Sort",
          "Aggregate",
          "Gather Merge",
          "Subquery Scan",
          "Append"
        ],
        [
          "Seq Scan",
          "Hash",
          "Hash Join",
          "Sort",
          "Aggregate",
          "Gather Merge",
          "Subquery Scan",
          "Append"
        ],
        [
          "Seq Scan",
          "Hash",
          "Hash Join",
          "Sort",
          "Aggregate",
          "Gather Merge",
          "Subquery Scan",
          "Append"
        ],
        [
          "Seq Scan",
          "Hash",
          "Hash Join",
          "Sort",
          "Aggregate",
          "Gather Merge",
          "Subquery Scan",
          "Append"
        ],
        [
          "Seq Scan",
          "Hash Join",
          "Sort",
          "Aggregate",
          "Gather Merge",
          "Subquery Scan",
          "Append"
        ],
        [
          "Seq Scan",
          "Hash",
          "Hash Join",
          "Sort",
          "Aggregate",
          "Gather Merge",
          "Subquery Scan",
          "Append"
        ],
        [
          "Seq Scan",
          "Hash",
          "Hash Join",
          "Sort",
          "Aggregate",
          "Gather Merge",
          "Subquery Scan",
          "Append"
        ],
        [
          "Seq Scan",
          "Hash",
          "Hash Join",
          "Sort",
          "Aggregate",
          "Gather Merge",
          "Subquery Scan",
          "Append"
        ],
        [
          "Seq Scan",
          "Hash",
          "Hash Join",
          "Sort",
          "Aggregate",
          "Gather Merge",
          "Subquery Scan",
          "Append"
        ],
        [
          "Seq Scan",
          "Hash",
          "Hash Join",
          "Sort",
          "Aggregate",
          "Gather Merge",
          "Subquery Scan",
          "Append"
        ],
        [
          "Seq Scan",
          "Hash Join",
          "Sort",
          "Aggregate",
          "Gather Merge",
          "Subquery Scan",
          "Append"
        ],
        [
          "Seq Scan",
          "Hash",
          "Hash Join",
          "Sort",
          "Aggregate",
          "Gather Merge",
          "Subquery Scan",
          "Append"
        ],
        [
          "Seq Scan",
          "Hash",
          "Hash Join",
          "Sort",
          "Aggregate",
          "Gather Merge",
          "Subquery Scan",
          "Append"
        ],
        [
          "Seq Scan",
          "Hash",
          "Hash Join",
          "Sort",
          "Aggregate",
          "Gather Merge",
          "Subquery Scan",
          "Append"
        ],
        [
          "Seq Scan",
          "Hash",
          "Hash Join",
          "Sort",
          "Aggregate",
          "Gather Merge",
          "Subquery Scan",
          "Append"
        ],
        [
          "Seq Scan",
          "Hash",
          "Hash Join",
          "Sort",
          "Aggregate",
          "Gather Merge",
          "Subquery Scan",
          "Append"
        ]
      ],
      "index_shape": [
        "join"
      ],
      "physical_operator": {
        "Seq Scan": [
          0.0002464099440101508,
          0.0002464099440101508,
          0.0002464099440101508
        ],
        "Hash Join": [
          0.004743290597085323,
          0.004841734527525892,
          0.004854227026553673
        ]
      }
    }
  },
  {
    "query": "with ssr as\n (select  s_store_id as store_id,\n          sum(ss_ext_sales_price) as sales,\n          sum(coalesce(sr_return_amt, 0)) as returns,\n          sum(ss_net_profit - coalesce(sr_net_loss, 0)) as profit\n  from store_sales left outer join store_returns on\n         (ss_item_sk = sr_item_sk and ss_ticket_number = sr_ticket_number),\n     date_dim,\n     store,\n     item,\n     promotion\n where ss_sold_date_sk = d_date_sk\n       and d_date between cast('2000-08-25' as date) \n                  and (cast('2000-08-25' as date) +  interval '30 days')\n       and ss_store_sk = s_store_sk\n       and ss_item_sk = i_item_sk\n       and i_current_price > 50\n       and ss_promo_sk = p_promo_sk\n       and p_channel_tv = 'N'\n group by s_store_id)\n ,\n csr as\n (select  cp_catalog_page_id as catalog_page_id,\n          sum(cs_ext_sales_price) as sales,\n          sum(coalesce(cr_return_amount, 0)) as returns,\n          sum(cs_net_profit - coalesce(cr_net_loss, 0)) as profit\n  from catalog_sales left outer join catalog_returns on\n         (cs_item_sk = cr_item_sk and cs_order_number = cr_order_number),\n     date_dim,\n     catalog_page,\n     item,\n     promotion\n where cs_sold_date_sk = d_date_sk\n       and d_date between cast('2000-08-25' as date)\n                  and (cast('2000-08-25' as date) +  interval '30 days')\n        and cs_catalog_page_sk = cp_catalog_page_sk\n       and cs_item_sk = i_item_sk\n       and i_current_price > 50\n       and cs_promo_sk = p_promo_sk\n       and p_channel_tv = 'N'\ngroup by cp_catalog_page_id)\n ,\n wsr as\n (select  web_site_id,\n          sum(ws_ext_sales_price) as sales,\n          sum(coalesce(wr_return_amt, 0)) as returns,\n          sum(ws_net_profit - coalesce(wr_net_loss, 0)) as profit\n  from web_sales left outer join web_returns on\n         (ws_item_sk = wr_item_sk and ws_order_number = wr_order_number),\n     date_dim,\n     web_site,\n     item,\n     promotion\n where ws_sold_date_sk = d_date_sk\n       and d_date between cast('2000-08-25' as date)\n                  and (cast('2000-08-25' as date) +  interval '30 days')\n        and ws_web_site_sk = web_site_sk\n       and ws_item_sk = i_item_sk\n       and i_current_price > 50\n       and ws_promo_sk = p_promo_sk\n       and p_channel_tv = 'N'\ngroup by web_site_id)\n  select  channel\n        , id\n        , sum(sales) as sales\n        , sum(returns) as returns\n        , sum(profit) as profit\n from \n (select 'store channel' as channel\n        , 'store' || store_id as id\n        , sales\n        , returns\n        , profit\n from   ssr\n union all\n select 'catalog channel' as channel\n        , 'catalog_page' || catalog_page_id as id\n        , sales\n        , returns\n        , profit\n from  csr\n union all\n select 'web channel' as channel\n        , 'web_site' || web_site_id as id\n        , sales\n        , returns\n        , profit\n from   wsr\n ) x\n group by rollup (channel, id)\n order by channel\n         ,id\n limit 100;\n\n-- end query 61 in stream 1 using template query80.tpl\n",
    "indexes": "item.i_item_sk",
    "wo plan est": {
      "Node Type": "Limit",
      "Parallel Aware": false,
      "Async Capable": false,
      "Startup Cost": 1566793.64,
      "Total Cost": 1566796.93,
      "Plan Rows": 100,
      "Plan Width": 160,
      "Plans": [
        {
          "Node Type": "Aggregate",
          "Strategy": "Sorted",
          "Partial Mode": "Simple",
          "Parent Relationship": "Outer",
          "Parallel Aware": false,
          "Async Capable": false,
          "Startup Cost": 1566793.64,
          "Total Cost": 1566806.84,
          "Plan Rows": 401,
          "Plan Width": 160,
          "Grouping Sets": [
            {
              "Group Keys": [
                [
                  "('store channel'::text)",
                  "(('store'::text || (ssr.store_id)::text))"
                ],
                [
                  "('store channel'::text)"
                ],
                []
              ]
            }
          ],
          "Plans": [
            {
              "Node Type": "Sort",
              "Parent Relationship": "Outer",
              "Parallel Aware": false,
              "Async Capable": false,
              "Startup Cost": 1566793.64,
              "Total Cost": 1566794.67,
              "Plan Rows": 412,
              "Plan Width": 160,
              "Sort Key": [
                "('store channel'::text)",
                "(('store'::text || (ssr.store_id)::text))"
              ],
              "Plans": [
                {
                  "Node Type": "Append",
                  "Parent Relationship": "Outer",
                  "Parallel Aware": false,
                  "Async Capable": false,
                  "Startup Cost": 784596.3,
                  "Total Cost": 1566775.74,
                  "Plan Rows": 412,
                  "Plan Width": 160,
                  "Subplans Removed": 0,
                  "Plans": [
                    {
                      "Node Type": "Subquery Scan",
                      "Parent Relationship": "Member",
                      "Parallel Aware": false,
                      "Async Capable": false,
                      "Alias": "ssr",
                      "Startup Cost": 784596.3,
                      "Total Cost": 784616.16,
                      "Plan Rows": 51,
                      "Plan Width": 160,
                      "Plans": [
                        {
                          "Node Type": "Aggregate",
                          "Strategy": "Sorted",
                          "Partial Mode": "Finalize",
                          "Parent Relationship": "Subquery",
                          "Parallel Aware": false,
                          "Async Capable": false,
                          "Startup Cost": 784596.3,
                          "Total Cost": 784615.39,
                          "Plan Rows": 51,
                          "Plan Width": 113,
                          "Group Key": [
                            "store.s_store_id"
                          ],
                          "Plans": [
                            {
                              "Node Type": "Gather Merge",
                              "Parent Relationship": "Outer",
                              "Parallel Aware": false,
                              "Async Capable": false,
                              "Startup Cost": 784596.3,
                              "Total Cost": 784612.71,
                              "Plan Rows": 102,
                              "Plan Width": 113,
                              "Workers Planned": 2,
                              "Plans": [
                                {
                                  "Node Type": "Aggregate",
                                  "Strategy": "Sorted",
                                  "Partial Mode": "Partial",
                                  "Parent Relationship": "Outer",
                                  "Parallel Aware": false,
                                  "Async Capable": false,
                                  "Startup Cost": 783596.27,
                                  "Total Cost": 783600.92,
                                  "Plan Rows": 51,
                                  "Plan Width": 113,
                                  "Group Key": [
                                    "store.s_store_id"
                                  ],
                                  "Plans": [
                                    {
                                      "Node Type": "Sort",
                                      "Parent Relationship": "Outer",
                                      "Parallel Aware": false,
                                      "Async Capable": false,
                                      "Startup Cost": 783596.27,
                                      "Total Cost": 783596.9,
                                      "Plan Rows": 250,
                                      "Plan Width": 41,
                                      "Sort Key": [
                                        "store.s_store_id"
                                      ],
                                      "Plans": [
                                        {
                                          "Node Type": "Hash Join",
                                          "Parent Relationship": "Outer",
                                          "Parallel Aware": false,
                                          "Async Capable": false,
                                          "Join Type": "Inner",
                                          "Startup Cost": 94489.35,
                                          "Total Cost": 783586.32,
                                          "Plan Rows": 250,
                                          "Plan Width": 41,
                                          "Inner Unique": false,
                                          "Hash Cond": "(store_sales.ss_store_sk = store.s_store_sk)",
                                          "Plans": [
                                            {
                                              "Node Type": "Hash Join",
                                              "Parent Relationship": "Outer",
                                              "Parallel Aware": false,
                                              "Async Capable": false,
                                              "Join Type": "Inner",
                                              "Startup Cost": 94482.05,
                                              "Total Cost": 783575.54,
                                              "Plan Rows": 262,
                                              "Plan Width": 28,
                                              "Inner Unique": false,
                                              "Hash Cond": "(store_sales.ss_promo_sk = promotion.p_promo_sk)",
                                              "Plans": [
                                                {
                                                  "Node Type": "Hash Join",
                                                  "Parent Relationship": "Outer",
                                                  "Parallel Aware": true,
                                                  "Async Capable": false,
                                                  "Join Type": "Inner",
                                                  "Startup Cost": 94456.65,
                                                  "Total Cost": 783546.47,
                                                  "Plan Rows": 279,
                                                  "Plan Width": 32,
                                                  "Inner Unique": false,
                                                  "Hash Cond": "(store_sales.ss_item_sk = item.i_item_sk)",
                                                  "Plans": [
                                                    {
                                                      "Node Type": "Hash Join",
                                                      "Parent Relationship": "Outer",
                                                      "Parallel Aware": true,
                                                      "Async Capable": false,
                                                      "Join Type": "Left",
                                                      "Startup Cost": 86930.88,
                                                      "Total Cost": 776001.31,
                                                      "Plan Rows": 4860,
                                                      "Plan Width": 36,
                                                      "Inner Unique": false,
                                                      "Hash Cond": "((store_sales.ss_item_sk = store_returns.sr_item_sk) AND (store_sales.ss_ticket_number = store_returns.sr_ticket_number))",
                                                      "Plans": [
                                                        {
                                                          "Node Type": "Hash Join",
                                                          "Parent Relationship": "Outer",
                                                          "Parallel Aware": true,
                                                          "Async Capable": false,
                                                          "Join Type": "Inner",
                                                          "Startup Cost": 2049.78,
                                                          "Total Cost": 683994.75,
                                                          "Plan Rows": 4860,
                                                          "Plan Width": 28,
                                                          "Inner Unique": false,
                                                          "Hash Cond": "(store_sales.ss_sold_date_sk = date_dim.d_date_sk)",
                                                          "Plans": [
                                                            {
                                                              "Node Type": "Seq Scan",
                                                              "Parent Relationship": "Outer",
                                                              "Parallel Aware": true,
                                                              "Async Capable": false,
                                                              "Relation Name": "store_sales",
                                                              "Alias": "store_sales",
                                                              "Startup Cost": 0.0,
                                                              "Total Cost": 636914.37,
                                                              "Plan Rows": 12000637,
                                                              "Plan Width": 32,
                                                              "parent": 13,
                                                              "ID": 14
                                                            },
                                                            {
                                                              "Node Type": "Hash",
                                                              "Parent Relationship": "Inner",
                                                              "Parallel Aware": true,
                                                              "Async Capable": false,
                                                              "Startup Cost": 2049.55,
                                                              "Total Cost": 2049.55,
                                                              "Plan Rows": 18,
                                                              "Plan Width": 4,
                                                              "Plans": [
                                                                {
                                                                  "Node Type": "Seq Scan",
                                                                  "Parent Relationship": "Outer",
                                                                  "Parallel Aware": true,
                                                                  "Async Capable": false,
                                                                  "Relation Name": "date_dim",
                                                                  "Alias": "date_dim",
                                                                  "Startup Cost": 0.0,
                                                                  "Total Cost": 2049.55,
                                                                  "Plan Rows": 18,
                                                                  "Plan Width": 4,
                                                                  "Filter": "((d_date >= '2000-08-25'::date) AND (d_date <= '2000-09-24 00:00:00'::timestamp without time zone))",
                                                                  "parent": 15,
                                                                  "ID": 16
                                                                }
                                                              ],
                                                              "parent": 13,
                                                              "ID": 15,
                                                              "left": 16
                                                            }
                                                          ],
                                                          "parent": 12,
                                                          "ID": 13,
                                                          "left": 14,
                                                          "right": 15
                                                        },
                                                        {
                                                          "Node Type": "Hash",
                                                          "Parent Relationship": "Inner",
                                                          "Parallel Aware": true,
                                                          "Async Capable": false,
                                                          "Startup Cost": 59887.64,
                                                          "Total Cost": 59887.64,
                                                          "Plan Rows": 1198164,
                                                          "Plan Width": 20,
                                                          "Plans": [
                                                            {
                                                              "Node Type": "Seq Scan",
                                                              "Parent Relationship": "Outer",
                                                              "Parallel Aware": true,
                                                              "Async Capable": false,
                                                              "Relation Name": "store_returns",
                                                              "Alias": "store_returns",
                                                              "Startup Cost": 0.0,
                                                              "Total Cost": 59887.64,
                                                              "Plan Rows": 1198164,
                                                              "Plan Width": 20,
                                                              "parent": 17,
                                                              "ID": 18
                                                            }
                                                          ],
                                                          "parent": 12,
                                                          "ID": 17,
                                                          "left": 18
                                                        }
                                                      ],
                                                      "parent": 11,
                                                      "ID": 12,
                                                      "left": 13,
                                                      "right": 17
                                                    },
                                                    {
                                                      "Node Type": "Hash",
                                                      "Parent Relationship": "Inner",
                                                      "Parallel Aware": true,
                                                      "Async Capable": false,
                                                      "Startup Cost": 7495.25,
                                                      "Total Cost": 7495.25,
                                                      "Plan Rows": 2442,
                                                      "Plan Width": 4,
                                                      "Plans": [
                                                        {
                                                          "Node Type": "Seq Scan",
                                                          "Parent Relationship": "Outer",
                                                          "Parallel Aware": true,
                                                          "Async Capable": false,
                                                          "Relation Name": "item",
                                                          "Alias": "item",
                                                          "Startup Cost": 0.0,
                                                          "Total Cost": 7495.25,
                                                          "Plan Rows": 2442,
                                                          "Plan Width": 4,
                                                          "Filter": "(i_current_price > '50'::numeric)",
                                                          "parent": 19,
                                                          "ID": 20
                                                        }
                                                      ],
                                                      "parent": 11,
                                                      "ID": 19,
                                                      "left": 20
                                                    }
                                                  ],
                                                  "parent": 10,
                                                  "ID": 11,
                                                  "left": 12,
                                                  "right": 19
                                                },
                                                {
                                                  "Node Type": "Hash",
                                                  "Parent Relationship": "Inner",
                                                  "Parallel Aware": false,
                                                  "Async Capable": false,
                                                  "Startup Cost": 19.25,
                                                  "Total Cost": 19.25,
                                                  "Plan Rows": 492,
                                                  "Plan Width": 4,
                                                  "Plans": [
                                                    {
                                                      "Node Type": "Seq Scan",
                                                      "Parent Relationship": "Outer",
                                                      "Parallel Aware": false,
                                                      "Async Capable": false,
                                                      "Relation Name": "promotion",
                                                      "Alias": "promotion",
                                                      "Startup Cost": 0.0,
                                                      "Total Cost": 19.25,
                                                      "Plan Rows": 492,
                                                      "Plan Width": 4,
                                                      "Filter": "(p_channel_tv = 'N'::bpchar)",
                                                      "parent": 21,
                                                      "ID": 22
                                                    }
                                                  ],
                                                  "parent": 10,
                                                  "ID": 21,
                                                  "left": 22
                                                }
                                              ],
                                              "parent": 9,
                                              "ID": 10,
                                              "left": 11,
                                              "right": 21
                                            },
                                            {
                                              "Node Type": "Hash",
                                              "Parent Relationship": "Inner",
                                              "Parallel Aware": false,
                                              "Async Capable": false,
                                              "Startup Cost": 6.02,
                                              "Total Cost": 6.02,
                                              "Plan Rows": 102,
                                              "Plan Width": 21,
                                              "Plans": [
                                                {
                                                  "Node Type": "Seq Scan",
                                                  "Parent Relationship": "Outer",
                                                  "Parallel Aware": false,
                                                  "Async Capable": false,
                                                  "Relation Name": "store",
                                                  "Alias": "store",
                                                  "Startup Cost": 0.0,
                                                  "Total Cost": 6.02,
                                                  "Plan Rows": 102,
                                                  "Plan Width": 21,
                                                  "parent": 23,
                                                  "ID": 24
                                                }
                                              ],
                                              "parent": 9,
                                              "ID": 23,
                                              "left": 24
                                            }
                                          ],
                                          "parent": 8,
                                          "ID": 9,
                                          "left": 10,
                                          "right": 23
                                        }
                                      ],
                                      "parent": 7,
                                      "ID": 8,
                                      "left": 9
                                    }
                                  ],
                                  "parent": 6,
                                  "ID": 7,
                                  "left": 8
                                }
                              ],
                              "parent": 5,
                              "ID": 6,
                              "left": 7
                            }
                          ],
                          "parent": 4,
                          "ID": 5,
                          "left": 6
                        }
                      ],
                      "parent": 3,
                      "ID": 4,
                      "left": 5
                    },
                    {
                      "Node Type": "Subquery Scan",
                      "Parent Relationship": "Member",
                      "Parallel Aware": false,
                      "Async Capable": false,
                      "Alias": "csr",
                      "Startup Cost": 518177.36,
                      "Total Cost": 518230.78,
                      "Plan Rows": 340,
                      "Plan Width": 160,
                      "Plans": [
                        {
                          "Node Type": "Aggregate",
                          "Strategy": "Sorted",
                          "Partial Mode": "Finalize",
                          "Parent Relationship": "Subquery",
                          "Parallel Aware": false,
                          "Async Capable": false,
                          "Startup Cost": 518177.36,
                          "Total Cost": 518225.68,
                          "Plan Rows": 340,
                          "Plan Width": 113,
                          "Group Key": [
                            "catalog_page.cp_catalog_page_id"
                          ],
                          "Plans": [
                            {
                              "Node Type": "Gather Merge",
                              "Parent Relationship": "Outer",
                              "Parallel Aware": false,
                              "Async Capable": false,
                              "Startup Cost": 518177.36,
                              "Total Cost": 518214.76,
                              "Plan Rows": 284,
                              "Plan Width": 113,
                              "Workers Planned": 2,
                              "Plans": [
                                {
                                  "Node Type": "Aggregate",
                                  "Strategy": "Sorted",
                                  "Partial Mode": "Partial",
                                  "Parent Relationship": "Outer",
                                  "Parallel Aware": false,
                                  "Async Capable": false,
                                  "Startup Cost": 517177.34,
                                  "Total Cost": 517181.95,
                                  "Plan Rows": 142,
                                  "Plan Width": 113,
                                  "Group Key": [
                                    "catalog_page.cp_catalog_page_id"
                                  ],
                                  "Plans": [
                                    {
                                      "Node Type": "Sort",
                                      "Parent Relationship": "Outer",
                                      "Parallel Aware": false,
                                      "Async Capable": false,
                                      "Startup Cost": 517177.34,
                                      "Total Cost": 517177.69,
                                      "Plan Rows": 142,
                                      "Plan Width": 41,
                                      "Sort Key": [
                                        "catalog_page.cp_catalog_page_id"
                                      ],
                                      "Plans": [
                                        {
                                          "Node Type": "Hash Join",
                                          "Parent Relationship": "Outer",
                                          "Parallel Aware": false,
                                          "Async Capable": false,
                                          "Join Type": "Inner",
                                          "Startup Cost": 57382.33,
                                          "Total Cost": 517172.26,
                                          "Plan Rows": 142,
                                          "Plan Width": 41,
                                          "Inner Unique": false,
                                          "Hash Cond": "(catalog_sales.cs_catalog_page_sk = catalog_page.cp_catalog_page_sk)",
                                          "Plans": [
                                            {
                                              "Node Type": "Hash Join",
                                              "Parent Relationship": "Outer",
                                              "Parallel Aware": false,
                                              "Async Capable": false,
                                              "Join Type": "Inner",
                                              "Startup Cost": 56864.33,
                                              "Total Cost": 516652.32,
                                              "Plan Rows": 142,
                                              "Plan Width": 28,
                                              "Inner Unique": false,
                                              "Hash Cond": "(catalog_sales.cs_promo_sk = promotion_1.p_promo_sk)",
                                              "Plans": [
                                                {
                                                  "Node Type": "Hash Join",
                                                  "Parent Relationship": "Outer",
                                                  "Parallel Aware": true,
                                                  "Async Capable": false,
                                                  "Join Type": "Inner",
                                                  "Startup Cost": 56838.93,
                                                  "Total Cost": 516624.96,
                                                  "Plan Rows": 145,
                                                  "Plan Width": 32,
                                                  "Inner Unique": false,
                                                  "Hash Cond": "(catalog_sales.cs_item_sk = item_1.i_item_sk)",
                                                  "Plans": [
                                                    {
                                                      "Node Type": "Hash Join",
                                                      "Parent Relationship": "Outer",
                                                      "Parallel Aware": true,
                                                      "Async Capable": false,
                                                      "Join Type": "Left",
                                                      "Startup Cost": 49313.15,
                                                      "Total Cost": 509089.08,
                                                      "Plan Rows": 2532,
                                                      "Plan Width": 36,
                                                      "Inner Unique": false,
                                                      "Hash Cond": "((catalog_sales.cs_item_sk = catalog_returns.cr_item_sk) AND (catalog_sales.cs_order_number = catalog_returns.cr_order_number))",
                                                      "Plans": [
                                                        {
                                                          "Node Type": "Hash Join",
                                                          "Parent Relationship": "Outer",
                                                          "Parallel Aware": true,
                                                          "Async Capable": false,
                                                          "Join Type": "Inner",
                                                          "Startup Cost": 2049.78,
                                                          "Total Cost": 458254.7,
                                                          "Plan Rows": 2532,
                                                          "Plan Width": 28,
                                                          "Inner Unique": false,
                                                          "Hash Cond": "(catalog_sales.cs_sold_date_sk = date_dim_1.d_date_sk)",
                                                          "Plans": [
                                                            {
                                                              "Node Type": "Seq Scan",
                                                              "Parent Relationship": "Outer",
                                                              "Parallel Aware": true,
                                                              "Async Capable": false,
                                                              "Relation Name": "catalog_sales",
                                                              "Alias": "catalog_sales",
                                                              "Startup Cost": 0.0,
                                                              "Total Cost": 433688.25,
                                                              "Plan Rows": 6000525,
                                                              "Plan Width": 32,
                                                              "parent": 34,
                                                              "ID": 35
                                                            },
                                                            {
                                                              "Node Type": "Hash",
                                                              "Parent Relationship": "Inner",
                                                              "Parallel Aware": true,
                                                              "Async Capable": false,
                                                              "Startup Cost": 2049.55,
                                                              "Total Cost": 2049.55,
                                                              "Plan Rows": 18,
                                                              "Plan Width": 4,
                                                              "Plans": [
                                                                {
                                                                  "Node Type": "Seq Scan",
                                                                  "Parent Relationship": "Outer",
                                                                  "Parallel Aware": true,
                                                                  "Async Capable": false,
                                                                  "Relation Name": "date_dim",
                                                                  "Alias": "date_dim_1",
                                                                  "Startup Cost": 0.0,
                                                                  "Total Cost": 2049.55,
                                                                  "Plan Rows": 18,
                                                                  "Plan Width": 4,
                                                                  "Filter": "((d_date >= '2000-08-25'::date) AND (d_date <= '2000-09-24 00:00:00'::timestamp without time zone))",
                                                                  "parent": 36,
                                                                  "ID": 37
                                                                }
                                                              ],
                                                              "parent": 34,
                                                              "ID": 36,
                                                              "left": 37
                                                            }
                                                          ],
                                                          "parent": 33,
                                                          "ID": 34,
                                                          "left": 35,
                                                          "right": 36
                                                        },
                                                        {
                                                          "Node Type": "Hash",
                                                          "Parent Relationship": "Inner",
                                                          "Parallel Aware": true,
                                                          "Async Capable": false,
                                                          "Startup Cost": 34748.95,
                                                          "Total Cost": 34748.95,
                                                          "Plan Rows": 599895,
                                                          "Plan Width": 20,
                                                          "Plans": [
                                                            {
                                                              "Node Type": "Seq Scan",
                                                              "Parent Relationship": "Outer",
                                                              "Parallel Aware": true,
                                                              "Async Capable": false,
                                                              "Relation Name": "catalog_returns",
                                                              "Alias": "catalog_returns",
                                                              "Startup Cost": 0.0,
                                                              "Total Cost": 34748.95,
                                                              "Plan Rows": 599895,
                                                              "Plan Width": 20,
                                                              "parent": 38,
                                                              "ID": 39
                                                            }
                                                          ],
                                                          "parent": 33,
                                                          "ID": 38,
                                                          "left": 39
                                                        }
                                                      ],
                                                      "parent": 32,
                                                      "ID": 33,
                                                      "left": 34,
                                                      "right": 38
                                                    },
                                                    {
                                                      "Node Type": "Hash",
                                                      "Parent Relationship": "Inner",
                                                      "Parallel Aware": true,
                                                      "Async Capable": false,
                                                      "Startup Cost": 7495.25,
                                                      "Total Cost": 7495.25,
                                                      "Plan Rows": 2442,
                                                      "Plan Width": 4,
                                                      "Plans": [
                                                        {
                                                          "Node Type": "Seq Scan",
                                                          "Parent Relationship": "Outer",
                                                          "Parallel Aware": true,
                                                          "Async Capable": false,
                                                          "Relation Name": "item",
                                                          "Alias": "item_1",
                                                          "Startup Cost": 0.0,
                                                          "Total Cost": 7495.25,
                                                          "Plan Rows": 2442,
                                                          "Plan Width": 4,
                                                          "Filter": "(i_current_price > '50'::numeric)",
                                                          "parent": 40,
                                                          "ID": 41
                                                        }
                                                      ],
                                                      "parent": 32,
                                                      "ID": 40,
                                                      "left": 41
                                                    }
                                                  ],
                                                  "parent": 31,
                                                  "ID": 32,
                                                  "left": 33,
                                                  "right": 40
                                                },
                                                {
                                                  "Node Type": "Hash",
                                                  "Parent Relationship": "Inner",
                                                  "Parallel Aware": false,
                                                  "Async Capable": false,
                                                  "Startup Cost": 19.25,
                                                  "Total Cost": 19.25,
                                                  "Plan Rows": 492,
                                                  "Plan Width": 4,
                                                  "Plans": [
                                                    {
                                                      "Node Type": "Seq Scan",
                                                      "Parent Relationship": "Outer",
                                                      "Parallel Aware": false,
                                                      "Async Capable": false,
                                                      "Relation Name": "promotion",
                                                      "Alias": "promotion_1",
                                                      "Startup Cost": 0.0,
                                                      "Total Cost": 19.25,
                                                      "Plan Rows": 492,
                                                      "Plan Width": 4,
                                                      "Filter": "(p_channel_tv = 'N'::bpchar)",
                                                      "parent": 42,
                                                      "ID": 43
                                                    }
                                                  ],
                                                  "parent": 31,
                                                  "ID": 42,
                                                  "left": 43
                                                }
                                              ],
                                              "parent": 30,
                                              "ID": 31,
                                              "left": 32,
                                              "right": 42
                                            },
                                            {
                                              "Node Type": "Hash",
                                              "Parent Relationship": "Inner",
                                              "Parallel Aware": false,
                                              "Async Capable": false,
                                              "Startup Cost": 368.0,
                                              "Total Cost": 368.0,
                                              "Plan Rows": 12000,
                                              "Plan Width": 21,
                                              "Plans": [
                                                {
                                                  "Node Type": "Seq Scan",
                                                  "Parent Relationship": "Outer",
                                                  "Parallel Aware": false,
                                                  "Async Capable": false,
                                                  "Relation Name": "catalog_page",
                                                  "Alias": "catalog_page",
                                                  "Startup Cost": 0.0,
                                                  "Total Cost": 368.0,
                                                  "Plan Rows": 12000,
                                                  "Plan Width": 21,
                                                  "parent": 44,
                                                  "ID": 45
                                                }
                                              ],
                                              "parent": 30,
                                              "ID": 44,
                                              "left": 45
                                            }
                                          ],
                                          "parent": 29,
                                          "ID": 30,
                                          "left": 31,
                                          "right": 44
                                        }
                                      ],
                                      "parent": 28,
                                      "ID": 29,
                                      "left": 30
                                    }
                                  ],
                                  "parent": 27,
                                  "ID": 28,
                                  "left": 29
                                }
                              ],
                              "parent": 26,
                              "ID": 27,
                              "left": 28
                            }
                          ],
                          "parent": 25,
                          "ID": 26,
                          "left": 27
                        }
                      ],
                      "parent": 3,
                      "ID": 25,
                      "left": 26
                    },
                    {
                      "Node Type": "Subquery Scan",
                      "Parent Relationship": "Member",
                      "Parallel Aware": false,
                      "Async Capable": false,
                      "Alias": "wsr",
                      "Startup Cost": 263919.04,
                      "Total Cost": 263926.75,
                      "Plan Rows": 21,
                      "Plan Width": 160,
                      "Plans": [
                        {
                          "Node Type": "Aggregate",
                          "Strategy": "Sorted",
                          "Partial Mode": "Finalize",
                          "Parent Relationship": "Subquery",
                          "Parallel Aware": false,
                          "Async Capable": false,
                          "Startup Cost": 263919.04,
                          "Total Cost": 263926.43,
                          "Plan Rows": 21,
                          "Plan Width": 113,
                          "Group Key": [
                            "web_site.web_site_id"
                          ],
                          "Plans": [
                            {
                              "Node Type": "Gather Merge",
                              "Parent Relationship": "Outer",
                              "Parallel Aware": false,
                              "Async Capable": false,
                              "Startup Cost": 263919.04,
                              "Total Cost": 263925.33,
                              "Plan Rows": 42,
                              "Plan Width": 113,
                              "Workers Planned": 2,
                              "Plans": [
                                {
                                  "Node Type": "Aggregate",
                                  "Strategy": "Sorted",
                                  "Partial Mode": "Partial",
                                  "Parent Relationship": "Outer",
                                  "Parallel Aware": false,
                                  "Async Capable": false,
                                  "Startup Cost": 262919.01,
                                  "Total Cost": 262920.46,
                                  "Plan Rows": 21,
                                  "Plan Width": 113,
                                  "Group Key": [
                                    "web_site.web_site_id"
                                  ],
                                  "Plans": [
                                    {
                                      "Node Type": "Sort",
                                      "Parent Relationship": "Outer",
                                      "Parallel Aware": false,
                                      "Async Capable": false,
                                      "Startup Cost": 262919.01,
                                      "Total Cost": 262919.19,
                                      "Plan Rows": 72,
                                      "Plan Width": 41,
                                      "Sort Key": [
                                        "web_site.web_site_id"
                                      ],
                                      "Plans": [
                                        {
                                          "Node Type": "Hash Join",
                                          "Parent Relationship": "Outer",
                                          "Parallel Aware": false,
                                          "Async Capable": false,
                                          "Join Type": "Inner",
                                          "Startup Cost": 32134.74,
                                          "Total Cost": 262916.79,
                                          "Plan Rows": 72,
                                          "Plan Width": 41,
                                          "Inner Unique": false,
                                          "Hash Cond": "(web_sales.ws_web_site_sk = web_site.web_site_sk)",
                                          "Plans": [
                                            {
                                              "Node Type": "Hash Join",
                                              "Parent Relationship": "Outer",
                                              "Parallel Aware": false,
                                              "Async Capable": false,
                                              "Join Type": "Inner",
                                              "Startup Cost": 32130.8,
                                              "Total Cost": 262911.86,
                                              "Plan Rows": 72,
                                              "Plan Width": 28,
                                              "Inner Unique": false,
                                              "Hash Cond": "(web_sales.ws_promo_sk = promotion_2.p_promo_sk)",
                                              "Plans": [
                                                {
                                                  "Node Type": "Hash Join",
                                                  "Parent Relationship": "Outer",
                                                  "Parallel Aware": true,
                                                  "Async Capable": false,
                                                  "Join Type": "Inner",
                                                  "Startup Cost": 32105.4,
                                                  "Total Cost": 262885.46,
                                                  "Plan Rows": 73,
                                                  "Plan Width": 32,
                                                  "Inner Unique": false,
                                                  "Hash Cond": "(web_sales.ws_item_sk = item_2.i_item_sk)",
                                                  "Plans": [
                                                    {
                                                      "Node Type": "Hash Join",
                                                      "Parent Relationship": "Outer",
                                                      "Parallel Aware": true,
                                                      "Async Capable": false,
                                                      "Join Type": "Left",
                                                      "Startup Cost": 24579.62,
                                                      "Total Cost": 255354.62,
                                                      "Plan Rows": 1272,
                                                      "Plan Width": 36,
                                                      "Inner Unique": false,
                                                      "Hash Cond": "((web_sales.ws_item_sk = web_returns.wr_item_sk) AND (web_sales.ws_order_number = web_returns.wr_order_number))",
                                                      "Plans": [
                                                        {
                                                          "Node Type": "Hash Join",
                                                          "Parent Relationship": "Outer",
                                                          "Parallel Aware": true,
                                                          "Async Capable": false,
                                                          "Join Type": "Inner",
                                                          "Startup Cost": 2049.78,
                                                          "Total Cost": 231041.22,
                                                          "Plan Rows": 1272,
                                                          "Plan Width": 28,
                                                          "Inner Unique": false,
                                                          "Hash Cond": "(web_sales.ws_sold_date_sk = date_dim_2.d_date_sk)",
                                                          "Plans": [
                                                            {
                                                              "Node Type": "Seq Scan",
                                                              "Parent Relationship": "Outer",
                                                              "Parallel Aware": true,
                                                              "Async Capable": false,
                                                              "Relation Name": "web_sales",
                                                              "Alias": "web_sales",
                                                              "Startup Cost": 0.0,
                                                              "Total Cost": 217737.86,
                                                              "Plan Rows": 2998986,
                                                              "Plan Width": 32,
                                                              "parent": 55,
                                                              "ID": 56
                                                            },
                                                            {
                                                              "Node Type": "Hash",
                                                              "Parent Relationship": "Inner",
                                                              "Parallel Aware": true,
                                                              "Async Capable": false,
                                                              "Startup Cost": 2049.55,
                                                              "Total Cost": 2049.55,
                                                              "Plan Rows": 18,
                                                              "Plan Width": 4,
                                                              "Plans": [
                                                                {
                                                                  "Node Type": "Seq Scan",
                                                                  "Parent Relationship": "Outer",
                                                                  "Parallel Aware": true,
                                                                  "Async Capable": false,
                                                                  "Relation Name": "date_dim",
                                                                  "Alias": "date_dim_2",
                                                                  "Startup Cost": 0.0,
                                                                  "Total Cost": 2049.55,
                                                                  "Plan Rows": 18,
                                                                  "Plan Width": 4,
                                                                  "Filter": "((d_date >= '2000-08-25'::date) AND (d_date <= '2000-09-24 00:00:00'::timestamp without time zone))",
                                                                  "parent": 57,
                                                                  "ID": 58
                                                                }
                                                              ],
                                                              "parent": 55,
                                                              "ID": 57,
                                                              "left": 58
                                                            }
                                                          ],
                                                          "parent": 54,
                                                          "ID": 55,
                                                          "left": 56,
                                                          "right": 57
                                                        },
                                                        {
                                                          "Node Type": "Hash",
                                                          "Parent Relationship": "Inner",
                                                          "Parallel Aware": true,
                                                          "Async Capable": false,
                                                          "Startup Cost": 16278.74,
                                                          "Total Cost": 16278.74,
                                                          "Plan Rows": 299674,
                                                          "Plan Width": 20,
                                                          "Plans": [
                                                            {
                                                              "Node Type": "Seq Scan",
                                                              "Parent Relationship": "Outer",
                                                              "Parallel Aware": true,
                                                              "Async Capable": false,
                                                              "Relation Name": "web_returns",
                                                              "Alias": "web_returns",
                                                              "Startup Cost": 0.0,
                                                              "Total Cost": 16278.74,
                                                              "Plan Rows": 299674,
                                                              "Plan Width": 20,
                                                              "parent": 59,
                                                              "ID": 60
                                                            }
                                                          ],
                                                          "parent": 54,
                                                          "ID": 59,
                                                          "left": 60
                                                        }
                                                      ],
                                                      "parent": 53,
                                                      "ID": 54,
                                                      "left": 55,
                                                      "right": 59
                                                    },
                                                    {
                                                      "Node Type": "Hash",
                                                      "Parent Relationship": "Inner",
                                                      "Parallel Aware": true,
                                                      "Async Capable": false,
                                                      "Startup Cost": 7495.25,
                                                      "Total Cost": 7495.25,
                                                      "Plan Rows": 2442,
                                                      "Plan Width": 4,
                                                      "Plans": [
                                                        {
                                                          "Node Type": "Seq Scan",
                                                          "Parent Relationship": "Outer",
                                                          "Parallel Aware": true,
                                                          "Async Capable": false,
                                                          "Relation Name": "item",
                                                          "Alias": "item_2",
                                                          "Startup Cost": 0.0,
                                                          "Total Cost": 7495.25,
                                                          "Plan Rows": 2442,
                                                          "Plan Width": 4,
                                                          "Filter": "(i_current_price > '50'::numeric)",
                                                          "parent": 61,
                                                          "ID": 62
                                                        }
                                                      ],
                                                      "parent": 53,
                                                      "ID": 61,
                                                      "left": 62
                                                    }
                                                  ],
                                                  "parent": 52,
                                                  "ID": 53,
                                                  "left": 54,
                                                  "right": 61
                                                },
                                                {
                                                  "Node Type": "Hash",
                                                  "Parent Relationship": "Inner",
                                                  "Parallel Aware": false,
                                                  "Async Capable": false,
                                                  "Startup Cost": 19.25,
                                                  "Total Cost": 19.25,
                                                  "Plan Rows": 492,
                                                  "Plan Width": 4,
                                                  "Plans": [
                                                    {
                                                      "Node Type": "Seq Scan",
                                                      "Parent Relationship": "Outer",
                                                      "Parallel Aware": false,
                                                      "Async Capable": false,
                                                      "Relation Name": "promotion",
                                                      "Alias": "promotion_2",
                                                      "Startup Cost": 0.0,
                                                      "Total Cost": 19.25,
                                                      "Plan Rows": 492,
                                                      "Plan Width": 4,
                                                      "Filter": "(p_channel_tv = 'N'::bpchar)",
                                                      "parent": 63,
                                                      "ID": 64
                                                    }
                                                  ],
                                                  "parent": 52,
                                                  "ID": 63,
                                                  "left": 64
                                                }
                                              ],
                                              "parent": 51,
                                              "ID": 52,
                                              "left": 53,
                                              "right": 63
                                            },
                                            {
                                              "Node Type": "Hash",
                                              "Parent Relationship": "Inner",
                                              "Parallel Aware": false,
                                              "Async Capable": false,
                                              "Startup Cost": 3.42,
                                              "Total Cost": 3.42,
                                              "Plan Rows": 42,
                                              "Plan Width": 21,
                                              "Plans": [
                                                {
                                                  "Node Type": "Seq Scan",
                                                  "Parent Relationship": "Outer",
                                                  "Parallel Aware": false,
                                                  "Async Capable": false,
                                                  "Relation Name": "web_site",
                                                  "Alias": "web_site",
                                                  "Startup Cost": 0.0,
                                                  "Total Cost": 3.42,
                                                  "Plan Rows": 42,
                                                  "Plan Width": 21,
                                                  "parent": 65,
                                                  "ID": 66
                                                }
                                              ],
                                              "parent": 51,
                                              "ID": 65,
                                              "left": 66
                                            }
                                          ],
                                          "parent": 50,
                                          "ID": 51,
                                          "left": 52,
                                          "right": 65
                                        }
                                      ],
                                      "parent": 49,
                                      "ID": 50,
                                      "left": 51
                                    }
                                  ],
                                  "parent": 48,
                                  "ID": 49,
                                  "left": 50
                                }
                              ],
                              "parent": 47,
                              "ID": 48,
                              "left": 49
                            }
                          ],
                          "parent": 46,
                          "ID": 47,
                          "left": 48
                        }
                      ],
                      "parent": 3,
                      "ID": 46,
                      "left": 47
                    }
                  ],
                  "parent": 2,
                  "ID": 3,
                  "left": 4,
                  "right": 25
                }
              ],
              "parent": 1,
              "ID": 2,
              "left": 3
            }
          ],
          "parent": 0,
          "ID": 1,
          "left": 2
        }
      ],
      "parent": null,
      "ID": 0,
      "left": 1
    },
    "feat": {
      "utility": 6.516656104480737e-06,
      "query_shape": [
        [
          "Seq Scan",
          "Hash Join",
          "Sort",
          "Aggregate",
          "Gather Merge",
          "Subquery Scan",
          "Append"
        ],
        [
          "Seq Scan",
          "Hash",
          "Hash Join",
          "Sort",
          "Aggregate",
          "Gather Merge",
          "Subquery Scan",
          "Append"
        ],
        [
          "Seq Scan",
          "Hash",
          "Hash Join",
          "Sort",
          "Aggregate",
          "Gather Merge",
          "Subquery Scan",
          "Append"
        ],
        [
          "Seq Scan",
          "Hash",
          "Hash Join",
          "Sort",
          "Aggregate",
          "Gather Merge",
          "Subquery Scan",
          "Append"
        ],
        [
          "Seq Scan",
          "Hash",
          "Hash Join",
          "Sort",
          "Aggregate",
          "Gather Merge",
          "Subquery Scan",
          "Append"
        ],
        [
          "Seq Scan",
          "Hash",
          "Hash Join",
          "Sort",
          "Aggregate",
          "Gather Merge",
          "Subquery Scan",
          "Append"
        ],
        [
          "Seq Scan",
          "Hash Join",
          "Sort",
          "Aggregate",
          "Gather Merge",
          "Subquery Scan",
          "Append"
        ],
        [
          "Seq Scan",
          "Hash",
          "Hash Join",
          "Sort",
          "Aggregate",
          "Gather Merge",
          "Subquery Scan",
          "Append"
        ],
        [
          "Seq Scan",
          "Hash",
          "Hash Join",
          "Sort",
          "Aggregate",
          "Gather Merge",
          "Subquery Scan",
          "Append"
        ],
        [
          "Seq Scan",
          "Hash",
          "Hash Join",
          "Sort",
          "Aggregate",
          "Gather Merge",
          "Subquery Scan",
          "Append"
        ],
        [
          "Seq Scan",
          "Hash",
          "Hash Join",
          "Sort",
          "Aggregate",
          "Gather Merge",
          "Subquery Scan",
          "Append"
        ],
        [
          "Seq Scan",
          "Hash",
          "Hash Join",
          "Sort",
          "Aggregate",
          "Gather Merge",
          "Subquery Scan",
          "Append"
        ],
        [
          "Seq Scan",
          "Hash Join",
          "Sort",
          "Aggregate",
          "Gather Merge",
          "Subquery Scan",
          "Append"
        ],
        [
          "Seq Scan",
          "Hash",
          "Hash Join",
          "Sort",
          "Aggregate",
          "Gather Merge",
          "Subquery Scan",
          "Append"
        ],
        [
          "Seq Scan",
          "Hash",
          "Hash Join",
          "Sort",
          "Aggregate",
          "Gather Merge",
          "Subquery Scan",
          "Append"
        ],
        [
          "Seq Scan",
          "Hash",
          "Hash Join",
          "Sort",
          "Aggregate",
          "Gather Merge",
          "Subquery Scan",
          "Append"
        ],
        [
          "Seq Scan",
          "Hash",
          "Hash Join",
          "Sort",
          "Aggregate",
          "Gather Merge",
          "Subquery Scan",
          "Append"
        ],
        [
          "Seq Scan",
          "Hash",
          "Hash Join",
          "Sort",
          "Aggregate",
          "Gather Merge",
          "Subquery Scan",
          "Append"
        ]
      ],
      "index_shape": [
        "join"
      ],
      "physical_operator": {
        "Hash Join": [
          0.004848541723208141,
          0.004842608061235092,
          0.004847803909657007
        ]
      }
    }
  },
  {
    "query": "with ssr as\n (select  s_store_id as store_id,\n          sum(ss_ext_sales_price) as sales,\n          sum(coalesce(sr_return_amt, 0)) as returns,\n          sum(ss_net_profit - coalesce(sr_net_loss, 0)) as profit\n  from store_sales left outer join store_returns on\n         (ss_item_sk = sr_item_sk and ss_ticket_number = sr_ticket_number),\n     date_dim,\n     store,\n     item,\n     promotion\n where ss_sold_date_sk = d_date_sk\n       and d_date between cast('2000-08-25' as date) \n                  and (cast('2000-08-25' as date) +  interval '30 days')\n       and ss_store_sk = s_store_sk\n       and ss_item_sk = i_item_sk\n       and i_current_price > 50\n       and ss_promo_sk = p_promo_sk\n       and p_channel_tv = 'N'\n group by s_store_id)\n ,\n csr as\n (select  cp_catalog_page_id as catalog_page_id,\n          sum(cs_ext_sales_price) as sales,\n          sum(coalesce(cr_return_amount, 0)) as returns,\n          sum(cs_net_profit - coalesce(cr_net_loss, 0)) as profit\n  from catalog_sales left outer join catalog_returns on\n         (cs_item_sk = cr_item_sk and cs_order_number = cr_order_number),\n     date_dim,\n     catalog_page,\n     item,\n     promotion\n where cs_sold_date_sk = d_date_sk\n       and d_date between cast('2000-08-25' as date)\n                  and (cast('2000-08-25' as date) +  interval '30 days')\n        and cs_catalog_page_sk = cp_catalog_page_sk\n       and cs_item_sk = i_item_sk\n       and i_current_price > 50\n       and cs_promo_sk = p_promo_sk\n       and p_channel_tv = 'N'\ngroup by cp_catalog_page_id)\n ,\n wsr as\n (select  web_site_id,\n          sum(ws_ext_sales_price) as sales,\n          sum(coalesce(wr_return_amt, 0)) as returns,\n          sum(ws_net_profit - coalesce(wr_net_loss, 0)) as profit\n  from web_sales left outer join web_returns on\n         (ws_item_sk = wr_item_sk and ws_order_number = wr_order_number),\n     date_dim,\n     web_site,\n     item,\n     promotion\n where ws_sold_date_sk = d_date_sk\n       and d_date between cast('2000-08-25' as date)\n                  and (cast('2000-08-25' as date) +  interval '30 days')\n        and ws_web_site_sk = web_site_sk\n       and ws_item_sk = i_item_sk\n       and i_current_price > 50\n       and ws_promo_sk = p_promo_sk\n       and p_channel_tv = 'N'\ngroup by web_site_id)\n  select  channel\n        , id\n        , sum(sales) as sales\n        , sum(returns) as returns\n        , sum(profit) as profit\n from \n (select 'store channel' as channel\n        , 'store' || store_id as id\n        , sales\n        , returns\n        , profit\n from   ssr\n union all\n select 'catalog channel' as channel\n        , 'catalog_page' || catalog_page_id as id\n        , sales\n        , returns\n        , profit\n from  csr\n union all\n select 'web channel' as channel\n        , 'web_site' || web_site_id as id\n        , sales\n        , returns\n        , profit\n from   wsr\n ) x\n group by rollup (channel, id)\n order by channel\n         ,id\n limit 100;\n\n-- end query 61 in stream 1 using template query80.tpl\n",
    "indexes": "item.i_current_price",
    "wo plan est": {
      "Node Type": "Limit",
      "Parallel Aware": false,
      "Async Capable": false,
      "Startup Cost": 1566793.64,
      "Total Cost": 1566796.93,
      "Plan Rows": 100,
      "Plan Width": 160,
      "Plans": [
        {
          "Node Type": "Aggregate",
          "Strategy": "Sorted",
          "Partial Mode": "Simple",
          "Parent Relationship": "Outer",
          "Parallel Aware": false,
          "Async Capable": false,
          "Startup Cost": 1566793.64,
          "Total Cost": 1566806.84,
          "Plan Rows": 401,
          "Plan Width": 160,
          "Grouping Sets": [
            {
              "Group Keys": [
                [
                  "('store channel'::text)",
                  "(('store'::text || (ssr.store_id)::text))"
                ],
                [
                  "('store channel'::text)"
                ],
                []
              ]
            }
          ],
          "Plans": [
            {
              "Node Type": "Sort",
              "Parent Relationship": "Outer",
              "Parallel Aware": false,
              "Async Capable": false,
              "Startup Cost": 1566793.64,
              "Total Cost": 1566794.67,
              "Plan Rows": 412,
              "Plan Width": 160,
              "Sort Key": [
                "('store channel'::text)",
                "(('store'::text || (ssr.store_id)::text))"
              ],
              "Plans": [
                {
                  "Node Type": "Append",
                  "Parent Relationship": "Outer",
                  "Parallel Aware": false,
                  "Async Capable": false,
                  "Startup Cost": 784596.3,
                  "Total Cost": 1566775.74,
                  "Plan Rows": 412,
                  "Plan Width": 160,
                  "Subplans Removed": 0,
                  "Plans": [
                    {
                      "Node Type": "Subquery Scan",
                      "Parent Relationship": "Member",
                      "Parallel Aware": false,
                      "Async Capable": false,
                      "Alias": "ssr",
                      "Startup Cost": 784596.3,
                      "Total Cost": 784616.16,
                      "Plan Rows": 51,
                      "Plan Width": 160,
                      "Plans": [
                        {
                          "Node Type": "Aggregate",
                          "Strategy": "Sorted",
                          "Partial Mode": "Finalize",
                          "Parent Relationship": "Subquery",
                          "Parallel Aware": false,
                          "Async Capable": false,
                          "Startup Cost": 784596.3,
                          "Total Cost": 784615.39,
                          "Plan Rows": 51,
                          "Plan Width": 113,
                          "Group Key": [
                            "store.s_store_id"
                          ],
                          "Plans": [
                            {
                              "Node Type": "Gather Merge",
                              "Parent Relationship": "Outer",
                              "Parallel Aware": false,
                              "Async Capable": false,
                              "Startup Cost": 784596.3,
                              "Total Cost": 784612.71,
                              "Plan Rows": 102,
                              "Plan Width": 113,
                              "Workers Planned": 2,
                              "Plans": [
                                {
                                  "Node Type": "Aggregate",
                                  "Strategy": "Sorted",
                                  "Partial Mode": "Partial",
                                  "Parent Relationship": "Outer",
                                  "Parallel Aware": false,
                                  "Async Capable": false,
                                  "Startup Cost": 783596.27,
                                  "Total Cost": 783600.92,
                                  "Plan Rows": 51,
                                  "Plan Width": 113,
                                  "Group Key": [
                                    "store.s_store_id"
                                  ],
                                  "Plans": [
                                    {
                                      "Node Type": "Sort",
                                      "Parent Relationship": "Outer",
                                      "Parallel Aware": false,
                                      "Async Capable": false,
                                      "Startup Cost": 783596.27,
                                      "Total Cost": 783596.9,
                                      "Plan Rows": 250,
                                      "Plan Width": 41,
                                      "Sort Key": [
                                        "store.s_store_id"
                                      ],
                                      "Plans": [
                                        {
                                          "Node Type": "Hash Join",
                                          "Parent Relationship": "Outer",
                                          "Parallel Aware": false,
                                          "Async Capable": false,
                                          "Join Type": "Inner",
                                          "Startup Cost": 94489.35,
                                          "Total Cost": 783586.32,
                                          "Plan Rows": 250,
                                          "Plan Width": 41,
                                          "Inner Unique": false,
                                          "Hash Cond": "(store_sales.ss_store_sk = store.s_store_sk)",
                                          "Plans": [
                                            {
                                              "Node Type": "Hash Join",
                                              "Parent Relationship": "Outer",
                                              "Parallel Aware": false,
                                              "Async Capable": false,
                                              "Join Type": "Inner",
                                              "Startup Cost": 94482.05,
                                              "Total Cost": 783575.54,
                                              "Plan Rows": 262,
                                              "Plan Width": 28,
                                              "Inner Unique": false,
                                              "Hash Cond": "(store_sales.ss_promo_sk = promotion.p_promo_sk)",
                                              "Plans": [
                                                {
                                                  "Node Type": "Hash Join",
                                                  "Parent Relationship": "Outer",
                                                  "Parallel Aware": true,
                                                  "Async Capable": false,
                                                  "Join Type": "Inner",
                                                  "Startup Cost": 94456.65,
                                                  "Total Cost": 783546.47,
                                                  "Plan Rows": 279,
                                                  "Plan Width": 32,
                                                  "Inner Unique": false,
                                                  "Hash Cond": "(store_sales.ss_item_sk = item.i_item_sk)",
                                                  "Plans": [
                                                    {
                                                      "Node Type": "Hash Join",
                                                      "Parent Relationship": "Outer",
                                                      "Parallel Aware": true,
                                                      "Async Capable": false,
                                                      "Join Type": "Left",
                                                      "Startup Cost": 86930.88,
                                                      "Total Cost": 776001.31,
                                                      "Plan Rows": 4860,
                                                      "Plan Width": 36,
                                                      "Inner Unique": false,
                                                      "Hash Cond": "((store_sales.ss_item_sk = store_returns.sr_item_sk) AND (store_sales.ss_ticket_number = store_returns.sr_ticket_number))",
                                                      "Plans": [
                                                        {
                                                          "Node Type": "Hash Join",
                                                          "Parent Relationship": "Outer",
                                                          "Parallel Aware": true,
                                                          "Async Capable": false,
                                                          "Join Type": "Inner",
                                                          "Startup Cost": 2049.78,
                                                          "Total Cost": 683994.75,
                                                          "Plan Rows": 4860,
                                                          "Plan Width": 28,
                                                          "Inner Unique": false,
                                                          "Hash Cond": "(store_sales.ss_sold_date_sk = date_dim.d_date_sk)",
                                                          "Plans": [
                                                            {
                                                              "Node Type": "Seq Scan",
                                                              "Parent Relationship": "Outer",
                                                              "Parallel Aware": true,
                                                              "Async Capable": false,
                                                              "Relation Name": "store_sales",
                                                              "Alias": "store_sales",
                                                              "Startup Cost": 0.0,
                                                              "Total Cost": 636914.37,
                                                              "Plan Rows": 12000637,
                                                              "Plan Width": 32,
                                                              "parent": 13,
                                                              "ID": 14
                                                            },
                                                            {
                                                              "Node Type": "Hash",
                                                              "Parent Relationship": "Inner",
                                                              "Parallel Aware": true,
                                                              "Async Capable": false,
                                                              "Startup Cost": 2049.55,
                                                              "Total Cost": 2049.55,
                                                              "Plan Rows": 18,
                                                              "Plan Width": 4,
                                                              "Plans": [
                                                                {
                                                                  "Node Type": "Seq Scan",
                                                                  "Parent Relationship": "Outer",
                                                                  "Parallel Aware": true,
                                                                  "Async Capable": false,
                                                                  "Relation Name": "date_dim",
                                                                  "Alias": "date_dim",
                                                                  "Startup Cost": 0.0,
                                                                  "Total Cost": 2049.55,
                                                                  "Plan Rows": 18,
                                                                  "Plan Width": 4,
                                                                  "Filter": "((d_date >= '2000-08-25'::date) AND (d_date <= '2000-09-24 00:00:00'::timestamp without time zone))",
                                                                  "parent": 15,
                                                                  "ID": 16
                                                                }
                                                              ],
                                                              "parent": 13,
                                                              "ID": 15,
                                                              "left": 16
                                                            }
                                                          ],
                                                          "parent": 12,
                                                          "ID": 13,
                                                          "left": 14,
                                                          "right": 15
                                                        },
                                                        {
                                                          "Node Type": "Hash",
                                                          "Parent Relationship": "Inner",
                                                          "Parallel Aware": true,
                                                          "Async Capable": false,
                                                          "Startup Cost": 59887.64,
                                                          "Total Cost": 59887.64,
                                                          "Plan Rows": 1198164,
                                                          "Plan Width": 20,
                                                          "Plans": [
                                                            {
                                                              "Node Type": "Seq Scan",
                                                              "Parent Relationship": "Outer",
                                                              "Parallel Aware": true,
                                                              "Async Capable": false,
                                                              "Relation Name": "store_returns",
                                                              "Alias": "store_returns",
                                                              "Startup Cost": 0.0,
                                                              "Total Cost": 59887.64,
                                                              "Plan Rows": 1198164,
                                                              "Plan Width": 20,
                                                              "parent": 17,
                                                              "ID": 18
                                                            }
                                                          ],
                                                          "parent": 12,
                                                          "ID": 17,
                                                          "left": 18
                                                        }
                                                      ],
                                                      "parent": 11,
                                                      "ID": 12,
                                                      "left": 13,
                                                      "right": 17
                                                    },
                                                    {
                                                      "Node Type": "Hash",
                                                      "Parent Relationship": "Inner",
                                                      "Parallel Aware": true,
                                                      "Async Capable": false,
                                                      "Startup Cost": 7495.25,
                                                      "Total Cost": 7495.25,
                                                      "Plan Rows": 2442,
                                                      "Plan Width": 4,
                                                      "Plans": [
                                                        {
                                                          "Node Type": "Seq Scan",
                                                          "Parent Relationship": "Outer",
                                                          "Parallel Aware": true,
                                                          "Async Capable": false,
                                                          "Relation Name": "item",
                                                          "Alias": "item",
                                                          "Startup Cost": 0.0,
                                                          "Total Cost": 7495.25,
                                                          "Plan Rows": 2442,
                                                          "Plan Width": 4,
                                                          "Filter": "(i_current_price > '50'::numeric)",
                                                          "parent": 19,
                                                          "ID": 20
                                                        }
                                                      ],
                                                      "parent": 11,
                                                      "ID": 19,
                                                      "left": 20
                                                    }
                                                  ],
                                                  "parent": 10,
                                                  "ID": 11,
                                                  "left": 12,
                                                  "right": 19
                                                },
                                                {
                                                  "Node Type": "Hash",
                                                  "Parent Relationship": "Inner",
                                                  "Parallel Aware": false,
                                                  "Async Capable": false,
                                                  "Startup Cost": 19.25,
                                                  "Total Cost": 19.25,
                                                  "Plan Rows": 492,
                                                  "Plan Width": 4,
                                                  "Plans": [
                                                    {
                                                      "Node Type": "Seq Scan",
                                                      "Parent Relationship": "Outer",
                                                      "Parallel Aware": false,
                                                      "Async Capable": false,
                                                      "Relation Name": "promotion",
                                                      "Alias": "promotion",
                                                      "Startup Cost": 0.0,
                                                      "Total Cost": 19.25,
                                                      "Plan Rows": 492,
                                                      "Plan Width": 4,
                                                      "Filter": "(p_channel_tv = 'N'::bpchar)",
                                                      "parent": 21,
                                                      "ID": 22
                                                    }
                                                  ],
                                                  "parent": 10,
                                                  "ID": 21,
                                                  "left": 22
                                                }
                                              ],
                                              "parent": 9,
                                              "ID": 10,
                                              "left": 11,
                                              "right": 21
                                            },
                                            {
                                              "Node Type": "Hash",
                                              "Parent Relationship": "Inner",
                                              "Parallel Aware": false,
                                              "Async Capable": false,
                                              "Startup Cost": 6.02,
                                              "Total Cost": 6.02,
                                              "Plan Rows": 102,
                                              "Plan Width": 21,
                                              "Plans": [
                                                {
                                                  "Node Type": "Seq Scan",
                                                  "Parent Relationship": "Outer",
                                                  "Parallel Aware": false,
                                                  "Async Capable": false,
                                                  "Relation Name": "store",
                                                  "Alias": "store",
                                                  "Startup Cost": 0.0,
                                                  "Total Cost": 6.02,
                                                  "Plan Rows": 102,
                                                  "Plan Width": 21,
                                                  "parent": 23,
                                                  "ID": 24
                                                }
                                              ],
                                              "parent": 9,
                                              "ID": 23,
                                              "left": 24
                                            }
                                          ],
                                          "parent": 8,
                                          "ID": 9,
                                          "left": 10,
                                          "right": 23
                                        }
                                      ],
                                      "parent": 7,
                                      "ID": 8,
                                      "left": 9
                                    }
                                  ],
                                  "parent": 6,
                                  "ID": 7,
                                  "left": 8
                                }
                              ],
                              "parent": 5,
                              "ID": 6,
                              "left": 7
                            }
                          ],
                          "parent": 4,
                          "ID": 5,
                          "left": 6
                        }
                      ],
                      "parent": 3,
                      "ID": 4,
                      "left": 5
                    },
                    {
                      "Node Type": "Subquery Scan",
                      "Parent Relationship": "Member",
                      "Parallel Aware": false,
                      "Async Capable": false,
                      "Alias": "csr",
                      "Startup Cost": 518177.36,
                      "Total Cost": 518230.78,
                      "Plan Rows": 340,
                      "Plan Width": 160,
                      "Plans": [
                        {
                          "Node Type": "Aggregate",
                          "Strategy": "Sorted",
                          "Partial Mode": "Finalize",
                          "Parent Relationship": "Subquery",
                          "Parallel Aware": false,
                          "Async Capable": false,
                          "Startup Cost": 518177.36,
                          "Total Cost": 518225.68,
                          "Plan Rows": 340,
                          "Plan Width": 113,
                          "Group Key": [
                            "catalog_page.cp_catalog_page_id"
                          ],
                          "Plans": [
                            {
                              "Node Type": "Gather Merge",
                              "Parent Relationship": "Outer",
                              "Parallel Aware": false,
                              "Async Capable": false,
                              "Startup Cost": 518177.36,
                              "Total Cost": 518214.76,
                              "Plan Rows": 284,
                              "Plan Width": 113,
                              "Workers Planned": 2,
                              "Plans": [
                                {
                                  "Node Type": "Aggregate",
                                  "Strategy": "Sorted",
                                  "Partial Mode": "Partial",
                                  "Parent Relationship": "Outer",
                                  "Parallel Aware": false,
                                  "Async Capable": false,
                                  "Startup Cost": 517177.34,
                                  "Total Cost": 517181.95,
                                  "Plan Rows": 142,
                                  "Plan Width": 113,
                                  "Group Key": [
                                    "catalog_page.cp_catalog_page_id"
                                  ],
                                  "Plans": [
                                    {
                                      "Node Type": "Sort",
                                      "Parent Relationship": "Outer",
                                      "Parallel Aware": false,
                                      "Async Capable": false,
                                      "Startup Cost": 517177.34,
                                      "Total Cost": 517177.69,
                                      "Plan Rows": 142,
                                      "Plan Width": 41,
                                      "Sort Key": [
                                        "catalog_page.cp_catalog_page_id"
                                      ],
                                      "Plans": [
                                        {
                                          "Node Type": "Hash Join",
                                          "Parent Relationship": "Outer",
                                          "Parallel Aware": false,
                                          "Async Capable": false,
                                          "Join Type": "Inner",
                                          "Startup Cost": 57382.33,
                                          "Total Cost": 517172.26,
                                          "Plan Rows": 142,
                                          "Plan Width": 41,
                                          "Inner Unique": false,
                                          "Hash Cond": "(catalog_sales.cs_catalog_page_sk = catalog_page.cp_catalog_page_sk)",
                                          "Plans": [
                                            {
                                              "Node Type": "Hash Join",
                                              "Parent Relationship": "Outer",
                                              "Parallel Aware": false,
                                              "Async Capable": false,
                                              "Join Type": "Inner",
                                              "Startup Cost": 56864.33,
                                              "Total Cost": 516652.32,
                                              "Plan Rows": 142,
                                              "Plan Width": 28,
                                              "Inner Unique": false,
                                              "Hash Cond": "(catalog_sales.cs_promo_sk = promotion_1.p_promo_sk)",
                                              "Plans": [
                                                {
                                                  "Node Type": "Hash Join",
                                                  "Parent Relationship": "Outer",
                                                  "Parallel Aware": true,
                                                  "Async Capable": false,
                                                  "Join Type": "Inner",
                                                  "Startup Cost": 56838.93,
                                                  "Total Cost": 516624.96,
                                                  "Plan Rows": 145,
                                                  "Plan Width": 32,
                                                  "Inner Unique": false,
                                                  "Hash Cond": "(catalog_sales.cs_item_sk = item_1.i_item_sk)",
                                                  "Plans": [
                                                    {
                                                      "Node Type": "Hash Join",
                                                      "Parent Relationship": "Outer",
                                                      "Parallel Aware": true,
                                                      "Async Capable": false,
                                                      "Join Type": "Left",
                                                      "Startup Cost": 49313.15,
                                                      "Total Cost": 509089.08,
                                                      "Plan Rows": 2532,
                                                      "Plan Width": 36,
                                                      "Inner Unique": false,
                                                      "Hash Cond": "((catalog_sales.cs_item_sk = catalog_returns.cr_item_sk) AND (catalog_sales.cs_order_number = catalog_returns.cr_order_number))",
                                                      "Plans": [
                                                        {
                                                          "Node Type": "Hash Join",
                                                          "Parent Relationship": "Outer",
                                                          "Parallel Aware": true,
                                                          "Async Capable": false,
                                                          "Join Type": "Inner",
                                                          "Startup Cost": 2049.78,
                                                          "Total Cost": 458254.7,
                                                          "Plan Rows": 2532,
                                                          "Plan Width": 28,
                                                          "Inner Unique": false,
                                                          "Hash Cond": "(catalog_sales.cs_sold_date_sk = date_dim_1.d_date_sk)",
                                                          "Plans": [
                                                            {
                                                              "Node Type": "Seq Scan",
                                                              "Parent Relationship": "Outer",
                                                              "Parallel Aware": true,
                                                              "Async Capable": false,
                                                              "Relation Name": "catalog_sales",
                                                              "Alias": "catalog_sales",
                                                              "Startup Cost": 0.0,
                                                              "Total Cost": 433688.25,
                                                              "Plan Rows": 6000525,
                                                              "Plan Width": 32,
                                                              "parent": 34,
                                                              "ID": 35
                                                            },
                                                            {
                                                              "Node Type": "Hash",
                                                              "Parent Relationship": "Inner",
                                                              "Parallel Aware": true,
                                                              "Async Capable": false,
                                                              "Startup Cost": 2049.55,
                                                              "Total Cost": 2049.55,
                                                              "Plan Rows": 18,
                                                              "Plan Width": 4,
                                                              "Plans": [
                                                                {
                                                                  "Node Type": "Seq Scan",
                                                                  "Parent Relationship": "Outer",
                                                                  "Parallel Aware": true,
                                                                  "Async Capable": false,
                                                                  "Relation Name": "date_dim",
                                                                  "Alias": "date_dim_1",
                                                                  "Startup Cost": 0.0,
                                                                  "Total Cost": 2049.55,
                                                                  "Plan Rows": 18,
                                                                  "Plan Width": 4,
                                                                  "Filter": "((d_date >= '2000-08-25'::date) AND (d_date <= '2000-09-24 00:00:00'::timestamp without time zone))",
                                                                  "parent": 36,
                                                                  "ID": 37
                                                                }
                                                              ],
                                                              "parent": 34,
                                                              "ID": 36,
                                                              "left": 37
                                                            }
                                                          ],
                                                          "parent": 33,
                                                          "ID": 34,
                                                          "left": 35,
                                                          "right": 36
                                                        },
                                                        {
                                                          "Node Type": "Hash",
                                                          "Parent Relationship": "Inner",
                                                          "Parallel Aware": true,
                                                          "Async Capable": false,
                                                          "Startup Cost": 34748.95,
                                                          "Total Cost": 34748.95,
                                                          "Plan Rows": 599895,
                                                          "Plan Width": 20,
                                                          "Plans": [
                                                            {
                                                              "Node Type": "Seq Scan",
                                                              "Parent Relationship": "Outer",
                                                              "Parallel Aware": true,
                                                              "Async Capable": false,
                                                              "Relation Name": "catalog_returns",
                                                              "Alias": "catalog_returns",
                                                              "Startup Cost": 0.0,
                                                              "Total Cost": 34748.95,
                                                              "Plan Rows": 599895,
                                                              "Plan Width": 20,
                                                              "parent": 38,
                                                              "ID": 39
                                                            }
                                                          ],
                                                          "parent": 33,
                                                          "ID": 38,
                                                          "left": 39
                                                        }
                                                      ],
                                                      "parent": 32,
                                                      "ID": 33,
                                                      "left": 34,
                                                      "right": 38
                                                    },
                                                    {
                                                      "Node Type": "Hash",
                                                      "Parent Relationship": "Inner",
                                                      "Parallel Aware": true,
                                                      "Async Capable": false,
                                                      "Startup Cost": 7495.25,
                                                      "Total Cost": 7495.25,
                                                      "Plan Rows": 2442,
                                                      "Plan Width": 4,
                                                      "Plans": [
                                                        {
                                                          "Node Type": "Seq Scan",
                                                          "Parent Relationship": "Outer",
                                                          "Parallel Aware": true,
                                                          "Async Capable": false,
                                                          "Relation Name": "item",
                                                          "Alias": "item_1",
                                                          "Startup Cost": 0.0,
                                                          "Total Cost": 7495.25,
                                                          "Plan Rows": 2442,
                                                          "Plan Width": 4,
                                                          "Filter": "(i_current_price > '50'::numeric)",
                                                          "parent": 40,
                                                          "ID": 41
                                                        }
                                                      ],
                                                      "parent": 32,
                                                      "ID": 40,
                                                      "left": 41
                                                    }
                                                  ],
                                                  "parent": 31,
                                                  "ID": 32,
                                                  "left": 33,
                                                  "right": 40
                                                },
                                                {
                                                  "Node Type": "Hash",
                                                  "Parent Relationship": "Inner",
                                                  "Parallel Aware": false,
                                                  "Async Capable": false,
                                                  "Startup Cost": 19.25,
                                                  "Total Cost": 19.25,
                                                  "Plan Rows": 492,
                                                  "Plan Width": 4,
                                                  "Plans": [
                                                    {
                                                      "Node Type": "Seq Scan",
                                                      "Parent Relationship": "Outer",
                                                      "Parallel Aware": false,
                                                      "Async Capable": false,
                                                      "Relation Name": "promotion",
                                                      "Alias": "promotion_1",
                                                      "Startup Cost": 0.0,
                                                      "Total Cost": 19.25,
                                                      "Plan Rows": 492,
                                                      "Plan Width": 4,
                                                      "Filter": "(p_channel_tv = 'N'::bpchar)",
                                                      "parent": 42,
                                                      "ID": 43
                                                    }
                                                  ],
                                                  "parent": 31,
                                                  "ID": 42,
                                                  "left": 43
                                                }
                                              ],
                                              "parent": 30,
                                              "ID": 31,
                                              "left": 32,
                                              "right": 42
                                            },
                                            {
                                              "Node Type": "Hash",
                                              "Parent Relationship": "Inner",
                                              "Parallel Aware": false,
                                              "Async Capable": false,
                                              "Startup Cost": 368.0,
                                              "Total Cost": 368.0,
                                              "Plan Rows": 12000,
                                              "Plan Width": 21,
                                              "Plans": [
                                                {
                                                  "Node Type": "Seq Scan",
                                                  "Parent Relationship": "Outer",
                                                  "Parallel Aware": false,
                                                  "Async Capable": false,
                                                  "Relation Name": "catalog_page",
                                                  "Alias": "catalog_page",
                                                  "Startup Cost": 0.0,
                                                  "Total Cost": 368.0,
                                                  "Plan Rows": 12000,
                                                  "Plan Width": 21,
                                                  "parent": 44,
                                                  "ID": 45
                                                }
                                              ],
                                              "parent": 30,
                                              "ID": 44,
                                              "left": 45
                                            }
                                          ],
                                          "parent": 29,
                                          "ID": 30,
                                          "left": 31,
                                          "right": 44
                                        }
                                      ],
                                      "parent": 28,
                                      "ID": 29,
                                      "left": 30
                                    }
                                  ],
                                  "parent": 27,
                                  "ID": 28,
                                  "left": 29
                                }
                              ],
                              "parent": 26,
                              "ID": 27,
                              "left": 28
                            }
                          ],
                          "parent": 25,
                          "ID": 26,
                          "left": 27
                        }
                      ],
                      "parent": 3,
                      "ID": 25,
                      "left": 26
                    },
                    {
                      "Node Type": "Subquery Scan",
                      "Parent Relationship": "Member",
                      "Parallel Aware": false,
                      "Async Capable": false,
                      "Alias": "wsr",
                      "Startup Cost": 263919.04,
                      "Total Cost": 263926.75,
                      "Plan Rows": 21,
                      "Plan Width": 160,
                      "Plans": [
                        {
                          "Node Type": "Aggregate",
                          "Strategy": "Sorted",
                          "Partial Mode": "Finalize",
                          "Parent Relationship": "Subquery",
                          "Parallel Aware": false,
                          "Async Capable": false,
                          "Startup Cost": 263919.04,
                          "Total Cost": 263926.43,
                          "Plan Rows": 21,
                          "Plan Width": 113,
                          "Group Key": [
                            "web_site.web_site_id"
                          ],
                          "Plans": [
                            {
                              "Node Type": "Gather Merge",
                              "Parent Relationship": "Outer",
                              "Parallel Aware": false,
                              "Async Capable": false,
                              "Startup Cost": 263919.04,
                              "Total Cost": 263925.33,
                              "Plan Rows": 42,
                              "Plan Width": 113,
                              "Workers Planned": 2,
                              "Plans": [
                                {
                                  "Node Type": "Aggregate",
                                  "Strategy": "Sorted",
                                  "Partial Mode": "Partial",
                                  "Parent Relationship": "Outer",
                                  "Parallel Aware": false,
                                  "Async Capable": false,
                                  "Startup Cost": 262919.01,
                                  "Total Cost": 262920.46,
                                  "Plan Rows": 21,
                                  "Plan Width": 113,
                                  "Group Key": [
                                    "web_site.web_site_id"
                                  ],
                                  "Plans": [
                                    {
                                      "Node Type": "Sort",
                                      "Parent Relationship": "Outer",
                                      "Parallel Aware": false,
                                      "Async Capable": false,
                                      "Startup Cost": 262919.01,
                                      "Total Cost": 262919.19,
                                      "Plan Rows": 72,
                                      "Plan Width": 41,
                                      "Sort Key": [
                                        "web_site.web_site_id"
                                      ],
                                      "Plans": [
                                        {
                                          "Node Type": "Hash Join",
                                          "Parent Relationship": "Outer",
                                          "Parallel Aware": false,
                                          "Async Capable": false,
                                          "Join Type": "Inner",
                                          "Startup Cost": 32134.74,
                                          "Total Cost": 262916.79,
                                          "Plan Rows": 72,
                                          "Plan Width": 41,
                                          "Inner Unique": false,
                                          "Hash Cond": "(web_sales.ws_web_site_sk = web_site.web_site_sk)",
                                          "Plans": [
                                            {
                                              "Node Type": "Hash Join",
                                              "Parent Relationship": "Outer",
                                              "Parallel Aware": false,
                                              "Async Capable": false,
                                              "Join Type": "Inner",
                                              "Startup Cost": 32130.8,
                                              "Total Cost": 262911.86,
                                              "Plan Rows": 72,
                                              "Plan Width": 28,
                                              "Inner Unique": false,
                                              "Hash Cond": "(web_sales.ws_promo_sk = promotion_2.p_promo_sk)",
                                              "Plans": [
                                                {
                                                  "Node Type": "Hash Join",
                                                  "Parent Relationship": "Outer",
                                                  "Parallel Aware": true,
                                                  "Async Capable": false,
                                                  "Join Type": "Inner",
                                                  "Startup Cost": 32105.4,
                                                  "Total Cost": 262885.46,
                                                  "Plan Rows": 73,
                                                  "Plan Width": 32,
                                                  "Inner Unique": false,
                                                  "Hash Cond": "(web_sales.ws_item_sk = item_2.i_item_sk)",
                                                  "Plans": [
                                                    {
                                                      "Node Type": "Hash Join",
                                                      "Parent Relationship": "Outer",
                                                      "Parallel Aware": true,
                                                      "Async Capable": false,
                                                      "Join Type": "Left",
                                                      "Startup Cost": 24579.62,
                                                      "Total Cost": 255354.62,
                                                      "Plan Rows": 1272,
                                                      "Plan Width": 36,
                                                      "Inner Unique": false,
                                                      "Hash Cond": "((web_sales.ws_item_sk = web_returns.wr_item_sk) AND (web_sales.ws_order_number = web_returns.wr_order_number))",
                                                      "Plans": [
                                                        {
                                                          "Node Type": "Hash Join",
                                                          "Parent Relationship": "Outer",
                                                          "Parallel Aware": true,
                                                          "Async Capable": false,
                                                          "Join Type": "Inner",
                                                          "Startup Cost": 2049.78,
                                                          "Total Cost": 231041.22,
                                                          "Plan Rows": 1272,
                                                          "Plan Width": 28,
                                                          "Inner Unique": false,
                                                          "Hash Cond": "(web_sales.ws_sold_date_sk = date_dim_2.d_date_sk)",
                                                          "Plans": [
                                                            {
                                                              "Node Type": "Seq Scan",
                                                              "Parent Relationship": "Outer",
                                                              "Parallel Aware": true,
                                                              "Async Capable": false,
                                                              "Relation Name": "web_sales",
                                                              "Alias": "web_sales",
                                                              "Startup Cost": 0.0,
                                                              "Total Cost": 217737.86,
                                                              "Plan Rows": 2998986,
                                                              "Plan Width": 32,
                                                              "parent": 55,
                                                              "ID": 56
                                                            },
                                                            {
                                                              "Node Type": "Hash",
                                                              "Parent Relationship": "Inner",
                                                              "Parallel Aware": true,
                                                              "Async Capable": false,
                                                              "Startup Cost": 2049.55,
                                                              "Total Cost": 2049.55,
                                                              "Plan Rows": 18,
                                                              "Plan Width": 4,
                                                              "Plans": [
                                                                {
                                                                  "Node Type": "Seq Scan",
                                                                  "Parent Relationship": "Outer",
                                                                  "Parallel Aware": true,
                                                                  "Async Capable": false,
                                                                  "Relation Name": "date_dim",
                                                                  "Alias": "date_dim_2",
                                                                  "Startup Cost": 0.0,
                                                                  "Total Cost": 2049.55,
                                                                  "Plan Rows": 18,
                                                                  "Plan Width": 4,
                                                                  "Filter": "((d_date >= '2000-08-25'::date) AND (d_date <= '2000-09-24 00:00:00'::timestamp without time zone))",
                                                                  "parent": 57,
                                                                  "ID": 58
                                                                }
                                                              ],
                                                              "parent": 55,
                                                              "ID": 57,
                                                              "left": 58
                                                            }
                                                          ],
                                                          "parent": 54,
                                                          "ID": 55,
                                                          "left": 56,
                                                          "right": 57
                                                        },
                                                        {
                                                          "Node Type": "Hash",
                                                          "Parent Relationship": "Inner",
                                                          "Parallel Aware": true,
                                                          "Async Capable": false,
                                                          "Startup Cost": 16278.74,
                                                          "Total Cost": 16278.74,
                                                          "Plan Rows": 299674,
                                                          "Plan Width": 20,
                                                          "Plans": [
                                                            {
                                                              "Node Type": "Seq Scan",
                                                              "Parent Relationship": "Outer",
                                                              "Parallel Aware": true,
                                                              "Async Capable": false,
                                                              "Relation Name": "web_returns",
                                                              "Alias": "web_returns",
                                                              "Startup Cost": 0.0,
                                                              "Total Cost": 16278.74,
                                                              "Plan Rows": 299674,
                                                              "Plan Width": 20,
                                                              "parent": 59,
                                                              "ID": 60
                                                            }
                                                          ],
                                                          "parent": 54,
                                                          "ID": 59,
                                                          "left": 60
                                                        }
                                                      ],
                                                      "parent": 53,
                                                      "ID": 54,
                                                      "left": 55,
                                                      "right": 59
                                                    },
                                                    {
                                                      "Node Type": "Hash",
                                                      "Parent Relationship": "Inner",
                                                      "Parallel Aware": true,
                                                      "Async Capable": false,
                                                      "Startup Cost": 7495.25,
                                                      "Total Cost": 7495.25,
                                                      "Plan Rows": 2442,
                                                      "Plan Width": 4,
                                                      "Plans": [
                                                        {
                                                          "Node Type": "Seq Scan",
                                                          "Parent Relationship": "Outer",
                                                          "Parallel Aware": true,
                                                          "Async Capable": false,
                                                          "Relation Name": "item",
                                                          "Alias": "item_2",
                                                          "Startup Cost": 0.0,
                                                          "Total Cost": 7495.25,
                                                          "Plan Rows": 2442,
                                                          "Plan Width": 4,
                                                          "Filter": "(i_current_price > '50'::numeric)",
                                                          "parent": 61,
                                                          "ID": 62
                                                        }
                                                      ],
                                                      "parent": 53,
                                                      "ID": 61,
                                                      "left": 62
                                                    }
                                                  ],
                                                  "parent": 52,
                                                  "ID": 53,
                                                  "left": 54,
                                                  "right": 61
                                                },
                                                {
                                                  "Node Type": "Hash",
                                                  "Parent Relationship": "Inner",
                                                  "Parallel Aware": false,
                                                  "Async Capable": false,
                                                  "Startup Cost": 19.25,
                                                  "Total Cost": 19.25,
                                                  "Plan Rows": 492,
                                                  "Plan Width": 4,
                                                  "Plans": [
                                                    {
                                                      "Node Type": "Seq Scan",
                                                      "Parent Relationship": "Outer",
                                                      "Parallel Aware": false,
                                                      "Async Capable": false,
                                                      "Relation Name": "promotion",
                                                      "Alias": "promotion_2",
                                                      "Startup Cost": 0.0,
                                                      "Total Cost": 19.25,
                                                      "Plan Rows": 492,
                                                      "Plan Width": 4,
                                                      "Filter": "(p_channel_tv = 'N'::bpchar)",
                                                      "parent": 63,
                                                      "ID": 64
                                                    }
                                                  ],
                                                  "parent": 52,
                                                  "ID": 63,
                                                  "left": 64
                                                }
                                              ],
                                              "parent": 51,
                                              "ID": 52,
                                              "left": 53,
                                              "right": 63
                                            },
                                            {
                                              "Node Type": "Hash",
                                              "Parent Relationship": "Inner",
                                              "Parallel Aware": false,
                                              "Async Capable": false,
                                              "Startup Cost": 3.42,
                                              "Total Cost": 3.42,
                                              "Plan Rows": 42,
                                              "Plan Width": 21,
                                              "Plans": [
                                                {
                                                  "Node Type": "Seq Scan",
                                                  "Parent Relationship": "Outer",
                                                  "Parallel Aware": false,
                                                  "Async Capable": false,
                                                  "Relation Name": "web_site",
                                                  "Alias": "web_site",
                                                  "Startup Cost": 0.0,
                                                  "Total Cost": 3.42,
                                                  "Plan Rows": 42,
                                                  "Plan Width": 21,
                                                  "parent": 65,
                                                  "ID": 66
                                                }
                                              ],
                                              "parent": 51,
                                              "ID": 65,
                                              "left": 66
                                            }
                                          ],
                                          "parent": 50,
                                          "ID": 51,
                                          "left": 52,
                                          "right": 65
                                        }
                                      ],
                                      "parent": 49,
                                      "ID": 50,
                                      "left": 51
                                    }
                                  ],
                                  "parent": 48,
                                  "ID": 49,
                                  "left": 50
                                }
                              ],
                              "parent": 47,
                              "ID": 48,
                              "left": 49
                            }
                          ],
                          "parent": 46,
                          "ID": 47,
                          "left": 48
                        }
                      ],
                      "parent": 3,
                      "ID": 46,
                      "left": 47
                    }
                  ],
                  "parent": 2,
                  "ID": 3,
                  "left": 4,
                  "right": 25
                }
              ],
              "parent": 1,
              "ID": 2,
              "left": 3
            }
          ],
          "parent": 0,
          "ID": 1,
          "left": 2
        }
      ],
      "parent": null,
      "ID": 0,
      "left": 1
    },
    "feat": {
      "utility": 0.014007823394941468,
      "query_shape": [
        [
          "Seq Scan",
          "Hash Join",
          "Sort",
          "Aggregate",
          "Gather Merge",
          "Subquery Scan",
          "Append"
        ],
        [
          "Seq Scan",
          "Hash",
          "Hash Join",
          "Sort",
          "Aggregate",
          "Gather Merge",
          "Subquery Scan",
          "Append"
        ],
        [
          "Seq Scan",
          "Hash",
          "Hash Join",
          "Sort",
          "Aggregate",
          "Gather Merge",
          "Subquery Scan",
          "Append"
        ],
        [
          "Seq Scan",
          "Hash",
          "Hash Join",
          "Sort",
          "Aggregate",
          "Gather Merge",
          "Subquery Scan",
          "Append"
        ],
        [
          "Seq Scan",
          "Hash",
          "Hash Join",
          "Sort",
          "Aggregate",
          "Gather Merge",
          "Subquery Scan",
          "Append"
        ],
        [
          "Seq Scan",
          "Hash",
          "Hash Join",
          "Sort",
          "Aggregate",
          "Gather Merge",
          "Subquery Scan",
          "Append"
        ],
        [
          "Seq Scan",
          "Hash Join",
          "Sort",
          "Aggregate",
          "Gather Merge",
          "Subquery Scan",
          "Append"
        ],
        [
          "Seq Scan",
          "Hash",
          "Hash Join",
          "Sort",
          "Aggregate",
          "Gather Merge",
          "Subquery Scan",
          "Append"
        ],
        [
          "Seq Scan",
          "Hash",
          "Hash Join",
          "Sort",
          "Aggregate",
          "Gather Merge",
          "Subquery Scan",
          "Append"
        ],
        [
          "Seq Scan",
          "Hash",
          "Hash Join",
          "Sort",
          "Aggregate",
          "Gather Merge",
          "Subquery Scan",
          "Append"
        ],
        [
          "Seq Scan",
          "Hash",
          "Hash Join",
          "Sort",
          "Aggregate",
          "Gather Merge",
          "Subquery Scan",
          "Append"
        ],
        [
          "Seq Scan",
          "Hash",
          "Hash Join",
          "Sort",
          "Aggregate",
          "Gather Merge",
          "Subquery Scan",
          "Append"
        ],
        [
          "Seq Scan",
          "Hash Join",
          "Sort",
          "Aggregate",
          "Gather Merge",
          "Subquery Scan",
          "Append"
        ],
        [
          "Seq Scan",
          "Hash",
          "Hash Join",
          "Sort",
          "Aggregate",
          "Gather Merge",
          "Subquery Scan",
          "Append"
        ],
        [
          "Seq Scan",
          "Hash",
          "Hash Join",
          "Sort",
          "Aggregate",
          "Gather Merge",
          "Subquery Scan",
          "Append"
        ],
        [
          "Seq Scan",
          "Hash",
          "Hash Join",
          "Sort",
          "Aggregate",
          "Gather Merge",
          "Subquery Scan",
          "Append"
        ],
        [
          "Seq Scan",
          "Hash",
          "Hash Join",
          "Sort",
          "Aggregate",
          "Gather Merge",
          "Subquery Scan",
          "Append"
        ],
        [
          "Seq Scan",
          "Hash",
          "Hash Join",
          "Sort",
          "Aggregate",
          "Gather Merge",
          "Subquery Scan",
          "Append"
        ]
      ],
      "index_shape": [
        "selection"
      ],
      "physical_operator": {
        "Seq Scan": [
          0.023941176470588243,
          0.023941176470588243,
          0.023941176470588243
        ]
      }
    }
  },
  {
    "query": "with ssr as\n (select  s_store_id as store_id,\n          sum(ss_ext_sales_price) as sales,\n          sum(coalesce(sr_return_amt, 0)) as returns,\n          sum(ss_net_profit - coalesce(sr_net_loss, 0)) as profit\n  from store_sales left outer join store_returns on\n         (ss_item_sk = sr_item_sk and ss_ticket_number = sr_ticket_number),\n     date_dim,\n     store,\n     item,\n     promotion\n where ss_sold_date_sk = d_date_sk\n       and d_date between cast('2000-08-25' as date) \n                  and (cast('2000-08-25' as date) +  interval '30 days')\n       and ss_store_sk = s_store_sk\n       and ss_item_sk = i_item_sk\n       and i_current_price > 50\n       and ss_promo_sk = p_promo_sk\n       and p_channel_tv = 'N'\n group by s_store_id)\n ,\n csr as\n (select  cp_catalog_page_id as catalog_page_id,\n          sum(cs_ext_sales_price) as sales,\n          sum(coalesce(cr_return_amount, 0)) as returns,\n          sum(cs_net_profit - coalesce(cr_net_loss, 0)) as profit\n  from catalog_sales left outer join catalog_returns on\n         (cs_item_sk = cr_item_sk and cs_order_number = cr_order_number),\n     date_dim,\n     catalog_page,\n     item,\n     promotion\n where cs_sold_date_sk = d_date_sk\n       and d_date between cast('2000-08-25' as date)\n                  and (cast('2000-08-25' as date) +  interval '30 days')\n        and cs_catalog_page_sk = cp_catalog_page_sk\n       and cs_item_sk = i_item_sk\n       and i_current_price > 50\n       and cs_promo_sk = p_promo_sk\n       and p_channel_tv = 'N'\ngroup by cp_catalog_page_id)\n ,\n wsr as\n (select  web_site_id,\n          sum(ws_ext_sales_price) as sales,\n          sum(coalesce(wr_return_amt, 0)) as returns,\n          sum(ws_net_profit - coalesce(wr_net_loss, 0)) as profit\n  from web_sales left outer join web_returns on\n         (ws_item_sk = wr_item_sk and ws_order_number = wr_order_number),\n     date_dim,\n     web_site,\n     item,\n     promotion\n where ws_sold_date_sk = d_date_sk\n       and d_date between cast('2000-08-25' as date)\n                  and (cast('2000-08-25' as date) +  interval '30 days')\n        and ws_web_site_sk = web_site_sk\n       and ws_item_sk = i_item_sk\n       and i_current_price > 50\n       and ws_promo_sk = p_promo_sk\n       and p_channel_tv = 'N'\ngroup by web_site_id)\n  select  channel\n        , id\n        , sum(sales) as sales\n        , sum(returns) as returns\n        , sum(profit) as profit\n from \n (select 'store channel' as channel\n        , 'store' || store_id as id\n        , sales\n        , returns\n        , profit\n from   ssr\n union all\n select 'catalog channel' as channel\n        , 'catalog_page' || catalog_page_id as id\n        , sales\n        , returns\n        , profit\n from  csr\n union all\n select 'web channel' as channel\n        , 'web_site' || web_site_id as id\n        , sales\n        , returns\n        , profit\n from   wsr\n ) x\n group by rollup (channel, id)\n order by channel\n         ,id\n limit 100;\n\n-- end query 61 in stream 1 using template query80.tpl\n",
    "indexes": "store.s_store_sk",
    "wo plan est": {
      "Node Type": "Limit",
      "Parallel Aware": false,
      "Async Capable": false,
      "Startup Cost": 1566793.64,
      "Total Cost": 1566796.93,
      "Plan Rows": 100,
      "Plan Width": 160,
      "Plans": [
        {
          "Node Type": "Aggregate",
          "Strategy": "Sorted",
          "Partial Mode": "Simple",
          "Parent Relationship": "Outer",
          "Parallel Aware": false,
          "Async Capable": false,
          "Startup Cost": 1566793.64,
          "Total Cost": 1566806.84,
          "Plan Rows": 401,
          "Plan Width": 160,
          "Grouping Sets": [
            {
              "Group Keys": [
                [
                  "('store channel'::text)",
                  "(('store'::text || (ssr.store_id)::text))"
                ],
                [
                  "('store channel'::text)"
                ],
                []
              ]
            }
          ],
          "Plans": [
            {
              "Node Type": "Sort",
              "Parent Relationship": "Outer",
              "Parallel Aware": false,
              "Async Capable": false,
              "Startup Cost": 1566793.64,
              "Total Cost": 1566794.67,
              "Plan Rows": 412,
              "Plan Width": 160,
              "Sort Key": [
                "('store channel'::text)",
                "(('store'::text || (ssr.store_id)::text))"
              ],
              "Plans": [
                {
                  "Node Type": "Append",
                  "Parent Relationship": "Outer",
                  "Parallel Aware": false,
                  "Async Capable": false,
                  "Startup Cost": 784596.3,
                  "Total Cost": 1566775.74,
                  "Plan Rows": 412,
                  "Plan Width": 160,
                  "Subplans Removed": 0,
                  "Plans": [
                    {
                      "Node Type": "Subquery Scan",
                      "Parent Relationship": "Member",
                      "Parallel Aware": false,
                      "Async Capable": false,
                      "Alias": "ssr",
                      "Startup Cost": 784596.3,
                      "Total Cost": 784616.16,
                      "Plan Rows": 51,
                      "Plan Width": 160,
                      "Plans": [
                        {
                          "Node Type": "Aggregate",
                          "Strategy": "Sorted",
                          "Partial Mode": "Finalize",
                          "Parent Relationship": "Subquery",
                          "Parallel Aware": false,
                          "Async Capable": false,
                          "Startup Cost": 784596.3,
                          "Total Cost": 784615.39,
                          "Plan Rows": 51,
                          "Plan Width": 113,
                          "Group Key": [
                            "store.s_store_id"
                          ],
                          "Plans": [
                            {
                              "Node Type": "Gather Merge",
                              "Parent Relationship": "Outer",
                              "Parallel Aware": false,
                              "Async Capable": false,
                              "Startup Cost": 784596.3,
                              "Total Cost": 784612.71,
                              "Plan Rows": 102,
                              "Plan Width": 113,
                              "Workers Planned": 2,
                              "Plans": [
                                {
                                  "Node Type": "Aggregate",
                                  "Strategy": "Sorted",
                                  "Partial Mode": "Partial",
                                  "Parent Relationship": "Outer",
                                  "Parallel Aware": false,
                                  "Async Capable": false,
                                  "Startup Cost": 783596.27,
                                  "Total Cost": 783600.92,
                                  "Plan Rows": 51,
                                  "Plan Width": 113,
                                  "Group Key": [
                                    "store.s_store_id"
                                  ],
                                  "Plans": [
                                    {
                                      "Node Type": "Sort",
                                      "Parent Relationship": "Outer",
                                      "Parallel Aware": false,
                                      "Async Capable": false,
                                      "Startup Cost": 783596.27,
                                      "Total Cost": 783596.9,
                                      "Plan Rows": 250,
                                      "Plan Width": 41,
                                      "Sort Key": [
                                        "store.s_store_id"
                                      ],
                                      "Plans": [
                                        {
                                          "Node Type": "Hash Join",
                                          "Parent Relationship": "Outer",
                                          "Parallel Aware": false,
                                          "Async Capable": false,
                                          "Join Type": "Inner",
                                          "Startup Cost": 94489.35,
                                          "Total Cost": 783586.32,
                                          "Plan Rows": 250,
                                          "Plan Width": 41,
                                          "Inner Unique": false,
                                          "Hash Cond": "(store_sales.ss_store_sk = store.s_store_sk)",
                                          "Plans": [
                                            {
                                              "Node Type": "Hash Join",
                                              "Parent Relationship": "Outer",
                                              "Parallel Aware": false,
                                              "Async Capable": false,
                                              "Join Type": "Inner",
                                              "Startup Cost": 94482.05,
                                              "Total Cost": 783575.54,
                                              "Plan Rows": 262,
                                              "Plan Width": 28,
                                              "Inner Unique": false,
                                              "Hash Cond": "(store_sales.ss_promo_sk = promotion.p_promo_sk)",
                                              "Plans": [
                                                {
                                                  "Node Type": "Hash Join",
                                                  "Parent Relationship": "Outer",
                                                  "Parallel Aware": true,
                                                  "Async Capable": false,
                                                  "Join Type": "Inner",
                                                  "Startup Cost": 94456.65,
                                                  "Total Cost": 783546.47,
                                                  "Plan Rows": 279,
                                                  "Plan Width": 32,
                                                  "Inner Unique": false,
                                                  "Hash Cond": "(store_sales.ss_item_sk = item.i_item_sk)",
                                                  "Plans": [
                                                    {
                                                      "Node Type": "Hash Join",
                                                      "Parent Relationship": "Outer",
                                                      "Parallel Aware": true,
                                                      "Async Capable": false,
                                                      "Join Type": "Left",
                                                      "Startup Cost": 86930.88,
                                                      "Total Cost": 776001.31,
                                                      "Plan Rows": 4860,
                                                      "Plan Width": 36,
                                                      "Inner Unique": false,
                                                      "Hash Cond": "((store_sales.ss_item_sk = store_returns.sr_item_sk) AND (store_sales.ss_ticket_number = store_returns.sr_ticket_number))",
                                                      "Plans": [
                                                        {
                                                          "Node Type": "Hash Join",
                                                          "Parent Relationship": "Outer",
                                                          "Parallel Aware": true,
                                                          "Async Capable": false,
                                                          "Join Type": "Inner",
                                                          "Startup Cost": 2049.78,
                                                          "Total Cost": 683994.75,
                                                          "Plan Rows": 4860,
                                                          "Plan Width": 28,
                                                          "Inner Unique": false,
                                                          "Hash Cond": "(store_sales.ss_sold_date_sk = date_dim.d_date_sk)",
                                                          "Plans": [
                                                            {
                                                              "Node Type": "Seq Scan",
                                                              "Parent Relationship": "Outer",
                                                              "Parallel Aware": true,
                                                              "Async Capable": false,
                                                              "Relation Name": "store_sales",
                                                              "Alias": "store_sales",
                                                              "Startup Cost": 0.0,
                                                              "Total Cost": 636914.37,
                                                              "Plan Rows": 12000637,
                                                              "Plan Width": 32,
                                                              "parent": 13,
                                                              "ID": 14
                                                            },
                                                            {
                                                              "Node Type": "Hash",
                                                              "Parent Relationship": "Inner",
                                                              "Parallel Aware": true,
                                                              "Async Capable": false,
                                                              "Startup Cost": 2049.55,
                                                              "Total Cost": 2049.55,
                                                              "Plan Rows": 18,
                                                              "Plan Width": 4,
                                                              "Plans": [
                                                                {
                                                                  "Node Type": "Seq Scan",
                                                                  "Parent Relationship": "Outer",
                                                                  "Parallel Aware": true,
                                                                  "Async Capable": false,
                                                                  "Relation Name": "date_dim",
                                                                  "Alias": "date_dim",
                                                                  "Startup Cost": 0.0,
                                                                  "Total Cost": 2049.55,
                                                                  "Plan Rows": 18,
                                                                  "Plan Width": 4,
                                                                  "Filter": "((d_date >= '2000-08-25'::date) AND (d_date <= '2000-09-24 00:00:00'::timestamp without time zone))",
                                                                  "parent": 15,
                                                                  "ID": 16
                                                                }
                                                              ],
                                                              "parent": 13,
                                                              "ID": 15,
                                                              "left": 16
                                                            }
                                                          ],
                                                          "parent": 12,
                                                          "ID": 13,
                                                          "left": 14,
                                                          "right": 15
                                                        },
                                                        {
                                                          "Node Type": "Hash",
                                                          "Parent Relationship": "Inner",
                                                          "Parallel Aware": true,
                                                          "Async Capable": false,
                                                          "Startup Cost": 59887.64,
                                                          "Total Cost": 59887.64,
                                                          "Plan Rows": 1198164,
                                                          "Plan Width": 20,
                                                          "Plans": [
                                                            {
                                                              "Node Type": "Seq Scan",
                                                              "Parent Relationship": "Outer",
                                                              "Parallel Aware": true,
                                                              "Async Capable": false,
                                                              "Relation Name": "store_returns",
                                                              "Alias": "store_returns",
                                                              "Startup Cost": 0.0,
                                                              "Total Cost": 59887.64,
                                                              "Plan Rows": 1198164,
                                                              "Plan Width": 20,
                                                              "parent": 17,
                                                              "ID": 18
                                                            }
                                                          ],
                                                          "parent": 12,
                                                          "ID": 17,
                                                          "left": 18
                                                        }
                                                      ],
                                                      "parent": 11,
                                                      "ID": 12,
                                                      "left": 13,
                                                      "right": 17
                                                    },
                                                    {
                                                      "Node Type": "Hash",
                                                      "Parent Relationship": "Inner",
                                                      "Parallel Aware": true,
                                                      "Async Capable": false,
                                                      "Startup Cost": 7495.25,
                                                      "Total Cost": 7495.25,
                                                      "Plan Rows": 2442,
                                                      "Plan Width": 4,
                                                      "Plans": [
                                                        {
                                                          "Node Type": "Seq Scan",
                                                          "Parent Relationship": "Outer",
                                                          "Parallel Aware": true,
                                                          "Async Capable": false,
                                                          "Relation Name": "item",
                                                          "Alias": "item",
                                                          "Startup Cost": 0.0,
                                                          "Total Cost": 7495.25,
                                                          "Plan Rows": 2442,
                                                          "Plan Width": 4,
                                                          "Filter": "(i_current_price > '50'::numeric)",
                                                          "parent": 19,
                                                          "ID": 20
                                                        }
                                                      ],
                                                      "parent": 11,
                                                      "ID": 19,
                                                      "left": 20
                                                    }
                                                  ],
                                                  "parent": 10,
                                                  "ID": 11,
                                                  "left": 12,
                                                  "right": 19
                                                },
                                                {
                                                  "Node Type": "Hash",
                                                  "Parent Relationship": "Inner",
                                                  "Parallel Aware": false,
                                                  "Async Capable": false,
                                                  "Startup Cost": 19.25,
                                                  "Total Cost": 19.25,
                                                  "Plan Rows": 492,
                                                  "Plan Width": 4,
                                                  "Plans": [
                                                    {
                                                      "Node Type": "Seq Scan",
                                                      "Parent Relationship": "Outer",
                                                      "Parallel Aware": false,
                                                      "Async Capable": false,
                                                      "Relation Name": "promotion",
                                                      "Alias": "promotion",
                                                      "Startup Cost": 0.0,
                                                      "Total Cost": 19.25,
                                                      "Plan Rows": 492,
                                                      "Plan Width": 4,
                                                      "Filter": "(p_channel_tv = 'N'::bpchar)",
                                                      "parent": 21,
                                                      "ID": 22
                                                    }
                                                  ],
                                                  "parent": 10,
                                                  "ID": 21,
                                                  "left": 22
                                                }
                                              ],
                                              "parent": 9,
                                              "ID": 10,
                                              "left": 11,
                                              "right": 21
                                            },
                                            {
                                              "Node Type": "Hash",
                                              "Parent Relationship": "Inner",
                                              "Parallel Aware": false,
                                              "Async Capable": false,
                                              "Startup Cost": 6.02,
                                              "Total Cost": 6.02,
                                              "Plan Rows": 102,
                                              "Plan Width": 21,
                                              "Plans": [
                                                {
                                                  "Node Type": "Seq Scan",
                                                  "Parent Relationship": "Outer",
                                                  "Parallel Aware": false,
                                                  "Async Capable": false,
                                                  "Relation Name": "store",
                                                  "Alias": "store",
                                                  "Startup Cost": 0.0,
                                                  "Total Cost": 6.02,
                                                  "Plan Rows": 102,
                                                  "Plan Width": 21,
                                                  "parent": 23,
                                                  "ID": 24
                                                }
                                              ],
                                              "parent": 9,
                                              "ID": 23,
                                              "left": 24
                                            }
                                          ],
                                          "parent": 8,
                                          "ID": 9,
                                          "left": 10,
                                          "right": 23
                                        }
                                      ],
                                      "parent": 7,
                                      "ID": 8,
                                      "left": 9
                                    }
                                  ],
                                  "parent": 6,
                                  "ID": 7,
                                  "left": 8
                                }
                              ],
                              "parent": 5,
                              "ID": 6,
                              "left": 7
                            }
                          ],
                          "parent": 4,
                          "ID": 5,
                          "left": 6
                        }
                      ],
                      "parent": 3,
                      "ID": 4,
                      "left": 5
                    },
                    {
                      "Node Type": "Subquery Scan",
                      "Parent Relationship": "Member",
                      "Parallel Aware": false,
                      "Async Capable": false,
                      "Alias": "csr",
                      "Startup Cost": 518177.36,
                      "Total Cost": 518230.78,
                      "Plan Rows": 340,
                      "Plan Width": 160,
                      "Plans": [
                        {
                          "Node Type": "Aggregate",
                          "Strategy": "Sorted",
                          "Partial Mode": "Finalize",
                          "Parent Relationship": "Subquery",
                          "Parallel Aware": false,
                          "Async Capable": false,
                          "Startup Cost": 518177.36,
                          "Total Cost": 518225.68,
                          "Plan Rows": 340,
                          "Plan Width": 113,
                          "Group Key": [
                            "catalog_page.cp_catalog_page_id"
                          ],
                          "Plans": [
                            {
                              "Node Type": "Gather Merge",
                              "Parent Relationship": "Outer",
                              "Parallel Aware": false,
                              "Async Capable": false,
                              "Startup Cost": 518177.36,
                              "Total Cost": 518214.76,
                              "Plan Rows": 284,
                              "Plan Width": 113,
                              "Workers Planned": 2,
                              "Plans": [
                                {
                                  "Node Type": "Aggregate",
                                  "Strategy": "Sorted",
                                  "Partial Mode": "Partial",
                                  "Parent Relationship": "Outer",
                                  "Parallel Aware": false,
                                  "Async Capable": false,
                                  "Startup Cost": 517177.34,
                                  "Total Cost": 517181.95,
                                  "Plan Rows": 142,
                                  "Plan Width": 113,
                                  "Group Key": [
                                    "catalog_page.cp_catalog_page_id"
                                  ],
                                  "Plans": [
                                    {
                                      "Node Type": "Sort",
                                      "Parent Relationship": "Outer",
                                      "Parallel Aware": false,
                                      "Async Capable": false,
                                      "Startup Cost": 517177.34,
                                      "Total Cost": 517177.69,
                                      "Plan Rows": 142,
                                      "Plan Width": 41,
                                      "Sort Key": [
                                        "catalog_page.cp_catalog_page_id"
                                      ],
                                      "Plans": [
                                        {
                                          "Node Type": "Hash Join",
                                          "Parent Relationship": "Outer",
                                          "Parallel Aware": false,
                                          "Async Capable": false,
                                          "Join Type": "Inner",
                                          "Startup Cost": 57382.33,
                                          "Total Cost": 517172.26,
                                          "Plan Rows": 142,
                                          "Plan Width": 41,
                                          "Inner Unique": false,
                                          "Hash Cond": "(catalog_sales.cs_catalog_page_sk = catalog_page.cp_catalog_page_sk)",
                                          "Plans": [
                                            {
                                              "Node Type": "Hash Join",
                                              "Parent Relationship": "Outer",
                                              "Parallel Aware": false,
                                              "Async Capable": false,
                                              "Join Type": "Inner",
                                              "Startup Cost": 56864.33,
                                              "Total Cost": 516652.32,
                                              "Plan Rows": 142,
                                              "Plan Width": 28,
                                              "Inner Unique": false,
                                              "Hash Cond": "(catalog_sales.cs_promo_sk = promotion_1.p_promo_sk)",
                                              "Plans": [
                                                {
                                                  "Node Type": "Hash Join",
                                                  "Parent Relationship": "Outer",
                                                  "Parallel Aware": true,
                                                  "Async Capable": false,
                                                  "Join Type": "Inner",
                                                  "Startup Cost": 56838.93,
                                                  "Total Cost": 516624.96,
                                                  "Plan Rows": 145,
                                                  "Plan Width": 32,
                                                  "Inner Unique": false,
                                                  "Hash Cond": "(catalog_sales.cs_item_sk = item_1.i_item_sk)",
                                                  "Plans": [
                                                    {
                                                      "Node Type": "Hash Join",
                                                      "Parent Relationship": "Outer",
                                                      "Parallel Aware": true,
                                                      "Async Capable": false,
                                                      "Join Type": "Left",
                                                      "Startup Cost": 49313.15,
                                                      "Total Cost": 509089.08,
                                                      "Plan Rows": 2532,
                                                      "Plan Width": 36,
                                                      "Inner Unique": false,
                                                      "Hash Cond": "((catalog_sales.cs_item_sk = catalog_returns.cr_item_sk) AND (catalog_sales.cs_order_number = catalog_returns.cr_order_number))",
                                                      "Plans": [
                                                        {
                                                          "Node Type": "Hash Join",
                                                          "Parent Relationship": "Outer",
                                                          "Parallel Aware": true,
                                                          "Async Capable": false,
                                                          "Join Type": "Inner",
                                                          "Startup Cost": 2049.78,
                                                          "Total Cost": 458254.7,
                                                          "Plan Rows": 2532,
                                                          "Plan Width": 28,
                                                          "Inner Unique": false,
                                                          "Hash Cond": "(catalog_sales.cs_sold_date_sk = date_dim_1.d_date_sk)",
                                                          "Plans": [
                                                            {
                                                              "Node Type": "Seq Scan",
                                                              "Parent Relationship": "Outer",
                                                              "Parallel Aware": true,
                                                              "Async Capable": false,
                                                              "Relation Name": "catalog_sales",
                                                              "Alias": "catalog_sales",
                                                              "Startup Cost": 0.0,
                                                              "Total Cost": 433688.25,
                                                              "Plan Rows": 6000525,
                                                              "Plan Width": 32,
                                                              "parent": 34,
                                                              "ID": 35
                                                            },
                                                            {
                                                              "Node Type": "Hash",
                                                              "Parent Relationship": "Inner",
                                                              "Parallel Aware": true,
                                                              "Async Capable": false,
                                                              "Startup Cost": 2049.55,
                                                              "Total Cost": 2049.55,
                                                              "Plan Rows": 18,
                                                              "Plan Width": 4,
                                                              "Plans": [
                                                                {
                                                                  "Node Type": "Seq Scan",
                                                                  "Parent Relationship": "Outer",
                                                                  "Parallel Aware": true,
                                                                  "Async Capable": false,
                                                                  "Relation Name": "date_dim",
                                                                  "Alias": "date_dim_1",
                                                                  "Startup Cost": 0.0,
                                                                  "Total Cost": 2049.55,
                                                                  "Plan Rows": 18,
                                                                  "Plan Width": 4,
                                                                  "Filter": "((d_date >= '2000-08-25'::date) AND (d_date <= '2000-09-24 00:00:00'::timestamp without time zone))",
                                                                  "parent": 36,
                                                                  "ID": 37
                                                                }
                                                              ],
                                                              "parent": 34,
                                                              "ID": 36,
                                                              "left": 37
                                                            }
                                                          ],
                                                          "parent": 33,
                                                          "ID": 34,
                                                          "left": 35,
                                                          "right": 36
                                                        },
                                                        {
                                                          "Node Type": "Hash",
                                                          "Parent Relationship": "Inner",
                                                          "Parallel Aware": true,
                                                          "Async Capable": false,
                                                          "Startup Cost": 34748.95,
                                                          "Total Cost": 34748.95,
                                                          "Plan Rows": 599895,
                                                          "Plan Width": 20,
                                                          "Plans": [
                                                            {
                                                              "Node Type": "Seq Scan",
                                                              "Parent Relationship": "Outer",
                                                              "Parallel Aware": true,
                                                              "Async Capable": false,
                                                              "Relation Name": "catalog_returns",
                                                              "Alias": "catalog_returns",
                                                              "Startup Cost": 0.0,
                                                              "Total Cost": 34748.95,
                                                              "Plan Rows": 599895,
                                                              "Plan Width": 20,
                                                              "parent": 38,
                                                              "ID": 39
                                                            }
                                                          ],
                                                          "parent": 33,
                                                          "ID": 38,
                                                          "left": 39
                                                        }
                                                      ],
                                                      "parent": 32,
                                                      "ID": 33,
                                                      "left": 34,
                                                      "right": 38
                                                    },
                                                    {
                                                      "Node Type": "Hash",
                                                      "Parent Relationship": "Inner",
                                                      "Parallel Aware": true,
                                                      "Async Capable": false,
                                                      "Startup Cost": 7495.25,
                                                      "Total Cost": 7495.25,
                                                      "Plan Rows": 2442,
                                                      "Plan Width": 4,
                                                      "Plans": [
                                                        {
                                                          "Node Type": "Seq Scan",
                                                          "Parent Relationship": "Outer",
                                                          "Parallel Aware": true,
                                                          "Async Capable": false,
                                                          "Relation Name": "item",
                                                          "Alias": "item_1",
                                                          "Startup Cost": 0.0,
                                                          "Total Cost": 7495.25,
                                                          "Plan Rows": 2442,
                                                          "Plan Width": 4,
                                                          "Filter": "(i_current_price > '50'::numeric)",
                                                          "parent": 40,
                                                          "ID": 41
                                                        }
                                                      ],
                                                      "parent": 32,
                                                      "ID": 40,
                                                      "left": 41
                                                    }
                                                  ],
                                                  "parent": 31,
                                                  "ID": 32,
                                                  "left": 33,
                                                  "right": 40
                                                },
                                                {
                                                  "Node Type": "Hash",
                                                  "Parent Relationship": "Inner",
                                                  "Parallel Aware": false,
                                                  "Async Capable": false,
                                                  "Startup Cost": 19.25,
                                                  "Total Cost": 19.25,
                                                  "Plan Rows": 492,
                                                  "Plan Width": 4,
                                                  "Plans": [
                                                    {
                                                      "Node Type": "Seq Scan",
                                                      "Parent Relationship": "Outer",
                                                      "Parallel Aware": false,
                                                      "Async Capable": false,
                                                      "Relation Name": "promotion",
                                                      "Alias": "promotion_1",
                                                      "Startup Cost": 0.0,
                                                      "Total Cost": 19.25,
                                                      "Plan Rows": 492,
                                                      "Plan Width": 4,
                                                      "Filter": "(p_channel_tv = 'N'::bpchar)",
                                                      "parent": 42,
                                                      "ID": 43
                                                    }
                                                  ],
                                                  "parent": 31,
                                                  "ID": 42,
                                                  "left": 43
                                                }
                                              ],
                                              "parent": 30,
                                              "ID": 31,
                                              "left": 32,
                                              "right": 42
                                            },
                                            {
                                              "Node Type": "Hash",
                                              "Parent Relationship": "Inner",
                                              "Parallel Aware": false,
                                              "Async Capable": false,
                                              "Startup Cost": 368.0,
                                              "Total Cost": 368.0,
                                              "Plan Rows": 12000,
                                              "Plan Width": 21,
                                              "Plans": [
                                                {
                                                  "Node Type": "Seq Scan",
                                                  "Parent Relationship": "Outer",
                                                  "Parallel Aware": false,
                                                  "Async Capable": false,
                                                  "Relation Name": "catalog_page",
                                                  "Alias": "catalog_page",
                                                  "Startup Cost": 0.0,
                                                  "Total Cost": 368.0,
                                                  "Plan Rows": 12000,
                                                  "Plan Width": 21,
                                                  "parent": 44,
                                                  "ID": 45
                                                }
                                              ],
                                              "parent": 30,
                                              "ID": 44,
                                              "left": 45
                                            }
                                          ],
                                          "parent": 29,
                                          "ID": 30,
                                          "left": 31,
                                          "right": 44
                                        }
                                      ],
                                      "parent": 28,
                                      "ID": 29,
                                      "left": 30
                                    }
                                  ],
                                  "parent": 27,
                                  "ID": 28,
                                  "left": 29
                                }
                              ],
                              "parent": 26,
                              "ID": 27,
                              "left": 28
                            }
                          ],
                          "parent": 25,
                          "ID": 26,
                          "left": 27
                        }
                      ],
                      "parent": 3,
                      "ID": 25,
                      "left": 26
                    },
                    {
                      "Node Type": "Subquery Scan",
                      "Parent Relationship": "Member",
                      "Parallel Aware": false,
                      "Async Capable": false,
                      "Alias": "wsr",
                      "Startup Cost": 263919.04,
                      "Total Cost": 263926.75,
                      "Plan Rows": 21,
                      "Plan Width": 160,
                      "Plans": [
                        {
                          "Node Type": "Aggregate",
                          "Strategy": "Sorted",
                          "Partial Mode": "Finalize",
                          "Parent Relationship": "Subquery",
                          "Parallel Aware": false,
                          "Async Capable": false,
                          "Startup Cost": 263919.04,
                          "Total Cost": 263926.43,
                          "Plan Rows": 21,
                          "Plan Width": 113,
                          "Group Key": [
                            "web_site.web_site_id"
                          ],
                          "Plans": [
                            {
                              "Node Type": "Gather Merge",
                              "Parent Relationship": "Outer",
                              "Parallel Aware": false,
                              "Async Capable": false,
                              "Startup Cost": 263919.04,
                              "Total Cost": 263925.33,
                              "Plan Rows": 42,
                              "Plan Width": 113,
                              "Workers Planned": 2,
                              "Plans": [
                                {
                                  "Node Type": "Aggregate",
                                  "Strategy": "Sorted",
                                  "Partial Mode": "Partial",
                                  "Parent Relationship": "Outer",
                                  "Parallel Aware": false,
                                  "Async Capable": false,
                                  "Startup Cost": 262919.01,
                                  "Total Cost": 262920.46,
                                  "Plan Rows": 21,
                                  "Plan Width": 113,
                                  "Group Key": [
                                    "web_site.web_site_id"
                                  ],
                                  "Plans": [
                                    {
                                      "Node Type": "Sort",
                                      "Parent Relationship": "Outer",
                                      "Parallel Aware": false,
                                      "Async Capable": false,
                                      "Startup Cost": 262919.01,
                                      "Total Cost": 262919.19,
                                      "Plan Rows": 72,
                                      "Plan Width": 41,
                                      "Sort Key": [
                                        "web_site.web_site_id"
                                      ],
                                      "Plans": [
                                        {
                                          "Node Type": "Hash Join",
                                          "Parent Relationship": "Outer",
                                          "Parallel Aware": false,
                                          "Async Capable": false,
                                          "Join Type": "Inner",
                                          "Startup Cost": 32134.74,
                                          "Total Cost": 262916.79,
                                          "Plan Rows": 72,
                                          "Plan Width": 41,
                                          "Inner Unique": false,
                                          "Hash Cond": "(web_sales.ws_web_site_sk = web_site.web_site_sk)",
                                          "Plans": [
                                            {
                                              "Node Type": "Hash Join",
                                              "Parent Relationship": "Outer",
                                              "Parallel Aware": false,
                                              "Async Capable": false,
                                              "Join Type": "Inner",
                                              "Startup Cost": 32130.8,
                                              "Total Cost": 262911.86,
                                              "Plan Rows": 72,
                                              "Plan Width": 28,
                                              "Inner Unique": false,
                                              "Hash Cond": "(web_sales.ws_promo_sk = promotion_2.p_promo_sk)",
                                              "Plans": [
                                                {
                                                  "Node Type": "Hash Join",
                                                  "Parent Relationship": "Outer",
                                                  "Parallel Aware": true,
                                                  "Async Capable": false,
                                                  "Join Type": "Inner",
                                                  "Startup Cost": 32105.4,
                                                  "Total Cost": 262885.46,
                                                  "Plan Rows": 73,
                                                  "Plan Width": 32,
                                                  "Inner Unique": false,
                                                  "Hash Cond": "(web_sales.ws_item_sk = item_2.i_item_sk)",
                                                  "Plans": [
                                                    {
                                                      "Node Type": "Hash Join",
                                                      "Parent Relationship": "Outer",
                                                      "Parallel Aware": true,
                                                      "Async Capable": false,
                                                      "Join Type": "Left",
                                                      "Startup Cost": 24579.62,
                                                      "Total Cost": 255354.62,
                                                      "Plan Rows": 1272,
                                                      "Plan Width": 36,
                                                      "Inner Unique": false,
                                                      "Hash Cond": "((web_sales.ws_item_sk = web_returns.wr_item_sk) AND (web_sales.ws_order_number = web_returns.wr_order_number))",
                                                      "Plans": [
                                                        {
                                                          "Node Type": "Hash Join",
                                                          "Parent Relationship": "Outer",
                                                          "Parallel Aware": true,
                                                          "Async Capable": false,
                                                          "Join Type": "Inner",
                                                          "Startup Cost": 2049.78,
                                                          "Total Cost": 231041.22,
                                                          "Plan Rows": 1272,
                                                          "Plan Width": 28,
                                                          "Inner Unique": false,
                                                          "Hash Cond": "(web_sales.ws_sold_date_sk = date_dim_2.d_date_sk)",
                                                          "Plans": [
                                                            {
                                                              "Node Type": "Seq Scan",
                                                              "Parent Relationship": "Outer",
                                                              "Parallel Aware": true,
                                                              "Async Capable": false,
                                                              "Relation Name": "web_sales",
                                                              "Alias": "web_sales",
                                                              "Startup Cost": 0.0,
                                                              "Total Cost": 217737.86,
                                                              "Plan Rows": 2998986,
                                                              "Plan Width": 32,
                                                              "parent": 55,
                                                              "ID": 56
                                                            },
                                                            {
                                                              "Node Type": "Hash",
                                                              "Parent Relationship": "Inner",
                                                              "Parallel Aware": true,
                                                              "Async Capable": false,
                                                              "Startup Cost": 2049.55,
                                                              "Total Cost": 2049.55,
                                                              "Plan Rows": 18,
                                                              "Plan Width": 4,
                                                              "Plans": [
                                                                {
                                                                  "Node Type": "Seq Scan",
                                                                  "Parent Relationship": "Outer",
                                                                  "Parallel Aware": true,
                                                                  "Async Capable": false,
                                                                  "Relation Name": "date_dim",
                                                                  "Alias": "date_dim_2",
                                                                  "Startup Cost": 0.0,
                                                                  "Total Cost": 2049.55,
                                                                  "Plan Rows": 18,
                                                                  "Plan Width": 4,
                                                                  "Filter": "((d_date >= '2000-08-25'::date) AND (d_date <= '2000-09-24 00:00:00'::timestamp without time zone))",
                                                                  "parent": 57,
                                                                  "ID": 58
                                                                }
                                                              ],
                                                              "parent": 55,
                                                              "ID": 57,
                                                              "left": 58
                                                            }
                                                          ],
                                                          "parent": 54,
                                                          "ID": 55,
                                                          "left": 56,
                                                          "right": 57
                                                        },
                                                        {
                                                          "Node Type": "Hash",
                                                          "Parent Relationship": "Inner",
                                                          "Parallel Aware": true,
                                                          "Async Capable": false,
                                                          "Startup Cost": 16278.74,
                                                          "Total Cost": 16278.74,
                                                          "Plan Rows": 299674,
                                                          "Plan Width": 20,
                                                          "Plans": [
                                                            {
                                                              "Node Type": "Seq Scan",
                                                              "Parent Relationship": "Outer",
                                                              "Parallel Aware": true,
                                                              "Async Capable": false,
                                                              "Relation Name": "web_returns",
                                                              "Alias": "web_returns",
                                                              "Startup Cost": 0.0,
                                                              "Total Cost": 16278.74,
                                                              "Plan Rows": 299674,
                                                              "Plan Width": 20,
                                                              "parent": 59,
                                                              "ID": 60
                                                            }
                                                          ],
                                                          "parent": 54,
                                                          "ID": 59,
                                                          "left": 60
                                                        }
                                                      ],
                                                      "parent": 53,
                                                      "ID": 54,
                                                      "left": 55,
                                                      "right": 59
                                                    },
                                                    {
                                                      "Node Type": "Hash",
                                                      "Parent Relationship": "Inner",
                                                      "Parallel Aware": true,
                                                      "Async Capable": false,
                                                      "Startup Cost": 7495.25,
                                                      "Total Cost": 7495.25,
                                                      "Plan Rows": 2442,
                                                      "Plan Width": 4,
                                                      "Plans": [
                                                        {
                                                          "Node Type": "Seq Scan",
                                                          "Parent Relationship": "Outer",
                                                          "Parallel Aware": true,
                                                          "Async Capable": false,
                                                          "Relation Name": "item",
                                                          "Alias": "item_2",
                                                          "Startup Cost": 0.0,
                                                          "Total Cost": 7495.25,
                                                          "Plan Rows": 2442,
                                                          "Plan Width": 4,
                                                          "Filter": "(i_current_price > '50'::numeric)",
                                                          "parent": 61,
                                                          "ID": 62
                                                        }
                                                      ],
                                                      "parent": 53,
                                                      "ID": 61,
                                                      "left": 62
                                                    }
                                                  ],
                                                  "parent": 52,
                                                  "ID": 53,
                                                  "left": 54,
                                                  "right": 61
                                                },
                                                {
                                                  "Node Type": "Hash",
                                                  "Parent Relationship": "Inner",
                                                  "Parallel Aware": false,
                                                  "Async Capable": false,
                                                  "Startup Cost": 19.25,
                                                  "Total Cost": 19.25,
                                                  "Plan Rows": 492,
                                                  "Plan Width": 4,
                                                  "Plans": [
                                                    {
                                                      "Node Type": "Seq Scan",
                                                      "Parent Relationship": "Outer",
                                                      "Parallel Aware": false,
                                                      "Async Capable": false,
                                                      "Relation Name": "promotion",
                                                      "Alias": "promotion_2",
                                                      "Startup Cost": 0.0,
                                                      "Total Cost": 19.25,
                                                      "Plan Rows": 492,
                                                      "Plan Width": 4,
                                                      "Filter": "(p_channel_tv = 'N'::bpchar)",
                                                      "parent": 63,
                                                      "ID": 64
                                                    }
                                                  ],
                                                  "parent": 52,
                                                  "ID": 63,
                                                  "left": 64
                                                }
                                              ],
                                              "parent": 51,
                                              "ID": 52,
                                              "left": 53,
                                              "right": 63
                                            },
                                            {
                                              "Node Type": "Hash",
                                              "Parent Relationship": "Inner",
                                              "Parallel Aware": false,
                                              "Async Capable": false,
                                              "Startup Cost": 3.42,
                                              "Total Cost": 3.42,
                                              "Plan Rows": 42,
                                              "Plan Width": 21,
                                              "Plans": [
                                                {
                                                  "Node Type": "Seq Scan",
                                                  "Parent Relationship": "Outer",
                                                  "Parallel Aware": false,
                                                  "Async Capable": false,
                                                  "Relation Name": "web_site",
                                                  "Alias": "web_site",
                                                  "Startup Cost": 0.0,
                                                  "Total Cost": 3.42,
                                                  "Plan Rows": 42,
                                                  "Plan Width": 21,
                                                  "parent": 65,
                                                  "ID": 66
                                                }
                                              ],
                                              "parent": 51,
                                              "ID": 65,
                                              "left": 66
                                            }
                                          ],
                                          "parent": 50,
                                          "ID": 51,
                                          "left": 52,
                                          "right": 65
                                        }
                                      ],
                                      "parent": 49,
                                      "ID": 50,
                                      "left": 51
                                    }
                                  ],
                                  "parent": 48,
                                  "ID": 49,
                                  "left": 50
                                }
                              ],
                              "parent": 47,
                              "ID": 48,
                              "left": 49
                            }
                          ],
                          "parent": 46,
                          "ID": 47,
                          "left": 48
                        }
                      ],
                      "parent": 3,
                      "ID": 46,
                      "left": 47
                    }
                  ],
                  "parent": 2,
                  "ID": 3,
                  "left": 4,
                  "right": 25
                }
              ],
              "parent": 1,
              "ID": 2,
              "left": 3
            }
          ],
          "parent": 0,
          "ID": 1,
          "left": 2
        }
      ],
      "parent": null,
      "ID": 0,
      "left": 1
    },
    "feat": {
      "utility": 1.9716756315682553e-06,
      "query_shape": [
        [
          "Seq Scan",
          "Hash Join",
          "Sort",
          "Aggregate",
          "Gather Merge",
          "Subquery Scan",
          "Append"
        ],
        [
          "Seq Scan",
          "Hash",
          "Hash Join",
          "Sort",
          "Aggregate",
          "Gather Merge",
          "Subquery Scan",
          "Append"
        ],
        [
          "Seq Scan",
          "Hash",
          "Hash Join",
          "Sort",
          "Aggregate",
          "Gather Merge",
          "Subquery Scan",
          "Append"
        ],
        [
          "Seq Scan",
          "Hash",
          "Hash Join",
          "Sort",
          "Aggregate",
          "Gather Merge",
          "Subquery Scan",
          "Append"
        ],
        [
          "Seq Scan",
          "Hash",
          "Hash Join",
          "Sort",
          "Aggregate",
          "Gather Merge",
          "Subquery Scan",
          "Append"
        ],
        [
          "Seq Scan",
          "Hash",
          "Hash Join",
          "Sort",
          "Aggregate",
          "Gather Merge",
          "Subquery Scan",
          "Append"
        ],
        [
          "Seq Scan",
          "Hash Join",
          "Sort",
          "Aggregate",
          "Gather Merge",
          "Subquery Scan",
          "Append"
        ],
        [
          "Seq Scan",
          "Hash",
          "Hash Join",
          "Sort",
          "Aggregate",
          "Gather Merge",
          "Subquery Scan",
          "Append"
        ],
        [
          "Seq Scan",
          "Hash",
          "Hash Join",
          "Sort",
          "Aggregate",
          "Gather Merge",
          "Subquery Scan",
          "Append"
        ],
        [
          "Seq Scan",
          "Hash",
          "Hash Join",
          "Sort",
          "Aggregate",
          "Gather Merge",
          "Subquery Scan",
          "Append"
        ],
        [
          "Seq Scan",
          "Hash",
          "Hash Join",
          "Sort",
          "Aggregate",
          "Gather Merge",
          "Subquery Scan",
          "Append"
        ],
        [
          "Seq Scan",
          "Hash",
          "Hash Join",
          "Sort",
          "Aggregate",
          "Gather Merge",
          "Subquery Scan",
          "Append"
        ],
        [
          "Seq Scan",
          "Hash Join",
          "Sort",
          "Aggregate",
          "Gather Merge",
          "Subquery Scan",
          "Append"
        ],
        [
          "Seq Scan",
          "Hash",
          "Hash Join",
          "Sort",
          "Aggregate",
          "Gather Merge",
          "Subquery Scan",
          "Append"
        ],
        [
          "Seq Scan",
          "Hash",
          "Hash Join",
          "Sort",
          "Aggregate",
          "Gather Merge",
          "Subquery Scan",
          "Append"
        ],
        [
          "Seq Scan",
          "Hash",
          "Hash Join",
          "Sort",
          "Aggregate",
          "Gather Merge",
          "Subquery Scan",
          "Append"
        ],
        [
          "Seq Scan",
          "Hash",
          "Hash Join",
          "Sort",
          "Aggregate",
          "Gather Merge",
          "Subquery Scan",
          "Append"
        ],
        [
          "Seq Scan",
          "Hash",
          "Hash Join",
          "Sort",
          "Aggregate",
          "Gather Merge",
          "Subquery Scan",
          "Append"
        ]
      ],
      "index_shape": [
        "join"
      ],
      "physical_operator": {
        "Hash Join": [
          0.09672066476697276
        ]
      }
    }
  },
  {
    "query": "with ssr as\n (select  s_store_id as store_id,\n          sum(ss_ext_sales_price) as sales,\n          sum(coalesce(sr_return_amt, 0)) as returns,\n          sum(ss_net_profit - coalesce(sr_net_loss, 0)) as profit\n  from store_sales left outer join store_returns on\n         (ss_item_sk = sr_item_sk and ss_ticket_number = sr_ticket_number),\n     date_dim,\n     store,\n     item,\n     promotion\n where ss_sold_date_sk = d_date_sk\n       and d_date between cast('2000-08-25' as date) \n                  and (cast('2000-08-25' as date) +  interval '30 days')\n       and ss_store_sk = s_store_sk\n       and ss_item_sk = i_item_sk\n       and i_current_price > 50\n       and ss_promo_sk = p_promo_sk\n       and p_channel_tv = 'N'\n group by s_store_id)\n ,\n csr as\n (select  cp_catalog_page_id as catalog_page_id,\n          sum(cs_ext_sales_price) as sales,\n          sum(coalesce(cr_return_amount, 0)) as returns,\n          sum(cs_net_profit - coalesce(cr_net_loss, 0)) as profit\n  from catalog_sales left outer join catalog_returns on\n         (cs_item_sk = cr_item_sk and cs_order_number = cr_order_number),\n     date_dim,\n     catalog_page,\n     item,\n     promotion\n where cs_sold_date_sk = d_date_sk\n       and d_date between cast('2000-08-25' as date)\n                  and (cast('2000-08-25' as date) +  interval '30 days')\n        and cs_catalog_page_sk = cp_catalog_page_sk\n       and cs_item_sk = i_item_sk\n       and i_current_price > 50\n       and cs_promo_sk = p_promo_sk\n       and p_channel_tv = 'N'\ngroup by cp_catalog_page_id)\n ,\n wsr as\n (select  web_site_id,\n          sum(ws_ext_sales_price) as sales,\n          sum(coalesce(wr_return_amt, 0)) as returns,\n          sum(ws_net_profit - coalesce(wr_net_loss, 0)) as profit\n  from web_sales left outer join web_returns on\n         (ws_item_sk = wr_item_sk and ws_order_number = wr_order_number),\n     date_dim,\n     web_site,\n     item,\n     promotion\n where ws_sold_date_sk = d_date_sk\n       and d_date between cast('2000-08-25' as date)\n                  and (cast('2000-08-25' as date) +  interval '30 days')\n        and ws_web_site_sk = web_site_sk\n       and ws_item_sk = i_item_sk\n       and i_current_price > 50\n       and ws_promo_sk = p_promo_sk\n       and p_channel_tv = 'N'\ngroup by web_site_id)\n  select  channel\n        , id\n        , sum(sales) as sales\n        , sum(returns) as returns\n        , sum(profit) as profit\n from \n (select 'store channel' as channel\n        , 'store' || store_id as id\n        , sales\n        , returns\n        , profit\n from   ssr\n union all\n select 'catalog channel' as channel\n        , 'catalog_page' || catalog_page_id as id\n        , sales\n        , returns\n        , profit\n from  csr\n union all\n select 'web channel' as channel\n        , 'web_site' || web_site_id as id\n        , sales\n        , returns\n        , profit\n from   wsr\n ) x\n group by rollup (channel, id)\n order by channel\n         ,id\n limit 100;\n\n-- end query 61 in stream 1 using template query80.tpl\n",
    "indexes": "store.s_store_id",
    "wo plan est": {
      "Node Type": "Limit",
      "Parallel Aware": false,
      "Async Capable": false,
      "Startup Cost": 1566793.64,
      "Total Cost": 1566796.93,
      "Plan Rows": 100,
      "Plan Width": 160,
      "Plans": [
        {
          "Node Type": "Aggregate",
          "Strategy": "Sorted",
          "Partial Mode": "Simple",
          "Parent Relationship": "Outer",
          "Parallel Aware": false,
          "Async Capable": false,
          "Startup Cost": 1566793.64,
          "Total Cost": 1566806.84,
          "Plan Rows": 401,
          "Plan Width": 160,
          "Grouping Sets": [
            {
              "Group Keys": [
                [
                  "('store channel'::text)",
                  "(('store'::text || (ssr.store_id)::text))"
                ],
                [
                  "('store channel'::text)"
                ],
                []
              ]
            }
          ],
          "Plans": [
            {
              "Node Type": "Sort",
              "Parent Relationship": "Outer",
              "Parallel Aware": false,
              "Async Capable": false,
              "Startup Cost": 1566793.64,
              "Total Cost": 1566794.67,
              "Plan Rows": 412,
              "Plan Width": 160,
              "Sort Key": [
                "('store channel'::text)",
                "(('store'::text || (ssr.store_id)::text))"
              ],
              "Plans": [
                {
                  "Node Type": "Append",
                  "Parent Relationship": "Outer",
                  "Parallel Aware": false,
                  "Async Capable": false,
                  "Startup Cost": 784596.3,
                  "Total Cost": 1566775.74,
                  "Plan Rows": 412,
                  "Plan Width": 160,
                  "Subplans Removed": 0,
                  "Plans": [
                    {
                      "Node Type": "Subquery Scan",
                      "Parent Relationship": "Member",
                      "Parallel Aware": false,
                      "Async Capable": false,
                      "Alias": "ssr",
                      "Startup Cost": 784596.3,
                      "Total Cost": 784616.16,
                      "Plan Rows": 51,
                      "Plan Width": 160,
                      "Plans": [
                        {
                          "Node Type": "Aggregate",
                          "Strategy": "Sorted",
                          "Partial Mode": "Finalize",
                          "Parent Relationship": "Subquery",
                          "Parallel Aware": false,
                          "Async Capable": false,
                          "Startup Cost": 784596.3,
                          "Total Cost": 784615.39,
                          "Plan Rows": 51,
                          "Plan Width": 113,
                          "Group Key": [
                            "store.s_store_id"
                          ],
                          "Plans": [
                            {
                              "Node Type": "Gather Merge",
                              "Parent Relationship": "Outer",
                              "Parallel Aware": false,
                              "Async Capable": false,
                              "Startup Cost": 784596.3,
                              "Total Cost": 784612.71,
                              "Plan Rows": 102,
                              "Plan Width": 113,
                              "Workers Planned": 2,
                              "Plans": [
                                {
                                  "Node Type": "Aggregate",
                                  "Strategy": "Sorted",
                                  "Partial Mode": "Partial",
                                  "Parent Relationship": "Outer",
                                  "Parallel Aware": false,
                                  "Async Capable": false,
                                  "Startup Cost": 783596.27,
                                  "Total Cost": 783600.92,
                                  "Plan Rows": 51,
                                  "Plan Width": 113,
                                  "Group Key": [
                                    "store.s_store_id"
                                  ],
                                  "Plans": [
                                    {
                                      "Node Type": "Sort",
                                      "Parent Relationship": "Outer",
                                      "Parallel Aware": false,
                                      "Async Capable": false,
                                      "Startup Cost": 783596.27,
                                      "Total Cost": 783596.9,
                                      "Plan Rows": 250,
                                      "Plan Width": 41,
                                      "Sort Key": [
                                        "store.s_store_id"
                                      ],
                                      "Plans": [
                                        {
                                          "Node Type": "Hash Join",
                                          "Parent Relationship": "Outer",
                                          "Parallel Aware": false,
                                          "Async Capable": false,
                                          "Join Type": "Inner",
                                          "Startup Cost": 94489.35,
                                          "Total Cost": 783586.32,
                                          "Plan Rows": 250,
                                          "Plan Width": 41,
                                          "Inner Unique": false,
                                          "Hash Cond": "(store_sales.ss_store_sk = store.s_store_sk)",
                                          "Plans": [
                                            {
                                              "Node Type": "Hash Join",
                                              "Parent Relationship": "Outer",
                                              "Parallel Aware": false,
                                              "Async Capable": false,
                                              "Join Type": "Inner",
                                              "Startup Cost": 94482.05,
                                              "Total Cost": 783575.54,
                                              "Plan Rows": 262,
                                              "Plan Width": 28,
                                              "Inner Unique": false,
                                              "Hash Cond": "(store_sales.ss_promo_sk = promotion.p_promo_sk)",
                                              "Plans": [
                                                {
                                                  "Node Type": "Hash Join",
                                                  "Parent Relationship": "Outer",
                                                  "Parallel Aware": true,
                                                  "Async Capable": false,
                                                  "Join Type": "Inner",
                                                  "Startup Cost": 94456.65,
                                                  "Total Cost": 783546.47,
                                                  "Plan Rows": 279,
                                                  "Plan Width": 32,
                                                  "Inner Unique": false,
                                                  "Hash Cond": "(store_sales.ss_item_sk = item.i_item_sk)",
                                                  "Plans": [
                                                    {
                                                      "Node Type": "Hash Join",
                                                      "Parent Relationship": "Outer",
                                                      "Parallel Aware": true,
                                                      "Async Capable": false,
                                                      "Join Type": "Left",
                                                      "Startup Cost": 86930.88,
                                                      "Total Cost": 776001.31,
                                                      "Plan Rows": 4860,
                                                      "Plan Width": 36,
                                                      "Inner Unique": false,
                                                      "Hash Cond": "((store_sales.ss_item_sk = store_returns.sr_item_sk) AND (store_sales.ss_ticket_number = store_returns.sr_ticket_number))",
                                                      "Plans": [
                                                        {
                                                          "Node Type": "Hash Join",
                                                          "Parent Relationship": "Outer",
                                                          "Parallel Aware": true,
                                                          "Async Capable": false,
                                                          "Join Type": "Inner",
                                                          "Startup Cost": 2049.78,
                                                          "Total Cost": 683994.75,
                                                          "Plan Rows": 4860,
                                                          "Plan Width": 28,
                                                          "Inner Unique": false,
                                                          "Hash Cond": "(store_sales.ss_sold_date_sk = date_dim.d_date_sk)",
                                                          "Plans": [
                                                            {
                                                              "Node Type": "Seq Scan",
                                                              "Parent Relationship": "Outer",
                                                              "Parallel Aware": true,
                                                              "Async Capable": false,
                                                              "Relation Name": "store_sales",
                                                              "Alias": "store_sales",
                                                              "Startup Cost": 0.0,
                                                              "Total Cost": 636914.37,
                                                              "Plan Rows": 12000637,
                                                              "Plan Width": 32,
                                                              "parent": 13,
                                                              "ID": 14
                                                            },
                                                            {
                                                              "Node Type": "Hash",
                                                              "Parent Relationship": "Inner",
                                                              "Parallel Aware": true,
                                                              "Async Capable": false,
                                                              "Startup Cost": 2049.55,
                                                              "Total Cost": 2049.55,
                                                              "Plan Rows": 18,
                                                              "Plan Width": 4,
                                                              "Plans": [
                                                                {
                                                                  "Node Type": "Seq Scan",
                                                                  "Parent Relationship": "Outer",
                                                                  "Parallel Aware": true,
                                                                  "Async Capable": false,
                                                                  "Relation Name": "date_dim",
                                                                  "Alias": "date_dim",
                                                                  "Startup Cost": 0.0,
                                                                  "Total Cost": 2049.55,
                                                                  "Plan Rows": 18,
                                                                  "Plan Width": 4,
                                                                  "Filter": "((d_date >= '2000-08-25'::date) AND (d_date <= '2000-09-24 00:00:00'::timestamp without time zone))",
                                                                  "parent": 15,
                                                                  "ID": 16
                                                                }
                                                              ],
                                                              "parent": 13,
                                                              "ID": 15,
                                                              "left": 16
                                                            }
                                                          ],
                                                          "parent": 12,
                                                          "ID": 13,
                                                          "left": 14,
                                                          "right": 15
                                                        },
                                                        {
                                                          "Node Type": "Hash",
                                                          "Parent Relationship": "Inner",
                                                          "Parallel Aware": true,
                                                          "Async Capable": false,
                                                          "Startup Cost": 59887.64,
                                                          "Total Cost": 59887.64,
                                                          "Plan Rows": 1198164,
                                                          "Plan Width": 20,
                                                          "Plans": [
                                                            {
                                                              "Node Type": "Seq Scan",
                                                              "Parent Relationship": "Outer",
                                                              "Parallel Aware": true,
                                                              "Async Capable": false,
                                                              "Relation Name": "store_returns",
                                                              "Alias": "store_returns",
                                                              "Startup Cost": 0.0,
                                                              "Total Cost": 59887.64,
                                                              "Plan Rows": 1198164,
                                                              "Plan Width": 20,
                                                              "parent": 17,
                                                              "ID": 18
                                                            }
                                                          ],
                                                          "parent": 12,
                                                          "ID": 17,
                                                          "left": 18
                                                        }
                                                      ],
                                                      "parent": 11,
                                                      "ID": 12,
                                                      "left": 13,
                                                      "right": 17
                                                    },
                                                    {
                                                      "Node Type": "Hash",
                                                      "Parent Relationship": "Inner",
                                                      "Parallel Aware": true,
                                                      "Async Capable": false,
                                                      "Startup Cost": 7495.25,
                                                      "Total Cost": 7495.25,
                                                      "Plan Rows": 2442,
                                                      "Plan Width": 4,
                                                      "Plans": [
                                                        {
                                                          "Node Type": "Seq Scan",
                                                          "Parent Relationship": "Outer",
                                                          "Parallel Aware": true,
                                                          "Async Capable": false,
                                                          "Relation Name": "item",
                                                          "Alias": "item",
                                                          "Startup Cost": 0.0,
                                                          "Total Cost": 7495.25,
                                                          "Plan Rows": 2442,
                                                          "Plan Width": 4,
                                                          "Filter": "(i_current_price > '50'::numeric)",
                                                          "parent": 19,
                                                          "ID": 20
                                                        }
                                                      ],
                                                      "parent": 11,
                                                      "ID": 19,
                                                      "left": 20
                                                    }
                                                  ],
                                                  "parent": 10,
                                                  "ID": 11,
                                                  "left": 12,
                                                  "right": 19
                                                },
                                                {
                                                  "Node Type": "Hash",
                                                  "Parent Relationship": "Inner",
                                                  "Parallel Aware": false,
                                                  "Async Capable": false,
                                                  "Startup Cost": 19.25,
                                                  "Total Cost": 19.25,
                                                  "Plan Rows": 492,
                                                  "Plan Width": 4,
                                                  "Plans": [
                                                    {
                                                      "Node Type": "Seq Scan",
                                                      "Parent Relationship": "Outer",
                                                      "Parallel Aware": false,
                                                      "Async Capable": false,
                                                      "Relation Name": "promotion",
                                                      "Alias": "promotion",
                                                      "Startup Cost": 0.0,
                                                      "Total Cost": 19.25,
                                                      "Plan Rows": 492,
                                                      "Plan Width": 4,
                                                      "Filter": "(p_channel_tv = 'N'::bpchar)",
                                                      "parent": 21,
                                                      "ID": 22
                                                    }
                                                  ],
                                                  "parent": 10,
                                                  "ID": 21,
                                                  "left": 22
                                                }
                                              ],
                                              "parent": 9,
                                              "ID": 10,
                                              "left": 11,
                                              "right": 21
                                            },
                                            {
                                              "Node Type": "Hash",
                                              "Parent Relationship": "Inner",
                                              "Parallel Aware": false,
                                              "Async Capable": false,
                                              "Startup Cost": 6.02,
                                              "Total Cost": 6.02,
                                              "Plan Rows": 102,
                                              "Plan Width": 21,
                                              "Plans": [
                                                {
                                                  "Node Type": "Seq Scan",
                                                  "Parent Relationship": "Outer",
                                                  "Parallel Aware": false,
                                                  "Async Capable": false,
                                                  "Relation Name": "store",
                                                  "Alias": "store",
                                                  "Startup Cost": 0.0,
                                                  "Total Cost": 6.02,
                                                  "Plan Rows": 102,
                                                  "Plan Width": 21,
                                                  "parent": 23,
                                                  "ID": 24
                                                }
                                              ],
                                              "parent": 9,
                                              "ID": 23,
                                              "left": 24
                                            }
                                          ],
                                          "parent": 8,
                                          "ID": 9,
                                          "left": 10,
                                          "right": 23
                                        }
                                      ],
                                      "parent": 7,
                                      "ID": 8,
                                      "left": 9
                                    }
                                  ],
                                  "parent": 6,
                                  "ID": 7,
                                  "left": 8
                                }
                              ],
                              "parent": 5,
                              "ID": 6,
                              "left": 7
                            }
                          ],
                          "parent": 4,
                          "ID": 5,
                          "left": 6
                        }
                      ],
                      "parent": 3,
                      "ID": 4,
                      "left": 5
                    },
                    {
                      "Node Type": "Subquery Scan",
                      "Parent Relationship": "Member",
                      "Parallel Aware": false,
                      "Async Capable": false,
                      "Alias": "csr",
                      "Startup Cost": 518177.36,
                      "Total Cost": 518230.78,
                      "Plan Rows": 340,
                      "Plan Width": 160,
                      "Plans": [
                        {
                          "Node Type": "Aggregate",
                          "Strategy": "Sorted",
                          "Partial Mode": "Finalize",
                          "Parent Relationship": "Subquery",
                          "Parallel Aware": false,
                          "Async Capable": false,
                          "Startup Cost": 518177.36,
                          "Total Cost": 518225.68,
                          "Plan Rows": 340,
                          "Plan Width": 113,
                          "Group Key": [
                            "catalog_page.cp_catalog_page_id"
                          ],
                          "Plans": [
                            {
                              "Node Type": "Gather Merge",
                              "Parent Relationship": "Outer",
                              "Parallel Aware": false,
                              "Async Capable": false,
                              "Startup Cost": 518177.36,
                              "Total Cost": 518214.76,
                              "Plan Rows": 284,
                              "Plan Width": 113,
                              "Workers Planned": 2,
                              "Plans": [
                                {
                                  "Node Type": "Aggregate",
                                  "Strategy": "Sorted",
                                  "Partial Mode": "Partial",
                                  "Parent Relationship": "Outer",
                                  "Parallel Aware": false,
                                  "Async Capable": false,
                                  "Startup Cost": 517177.34,
                                  "Total Cost": 517181.95,
                                  "Plan Rows": 142,
                                  "Plan Width": 113,
                                  "Group Key": [
                                    "catalog_page.cp_catalog_page_id"
                                  ],
                                  "Plans": [
                                    {
                                      "Node Type": "Sort",
                                      "Parent Relationship": "Outer",
                                      "Parallel Aware": false,
                                      "Async Capable": false,
                                      "Startup Cost": 517177.34,
                                      "Total Cost": 517177.69,
                                      "Plan Rows": 142,
                                      "Plan Width": 41,
                                      "Sort Key": [
                                        "catalog_page.cp_catalog_page_id"
                                      ],
                                      "Plans": [
                                        {
                                          "Node Type": "Hash Join",
                                          "Parent Relationship": "Outer",
                                          "Parallel Aware": false,
                                          "Async Capable": false,
                                          "Join Type": "Inner",
                                          "Startup Cost": 57382.33,
                                          "Total Cost": 517172.26,
                                          "Plan Rows": 142,
                                          "Plan Width": 41,
                                          "Inner Unique": false,
                                          "Hash Cond": "(catalog_sales.cs_catalog_page_sk = catalog_page.cp_catalog_page_sk)",
                                          "Plans": [
                                            {
                                              "Node Type": "Hash Join",
                                              "Parent Relationship": "Outer",
                                              "Parallel Aware": false,
                                              "Async Capable": false,
                                              "Join Type": "Inner",
                                              "Startup Cost": 56864.33,
                                              "Total Cost": 516652.32,
                                              "Plan Rows": 142,
                                              "Plan Width": 28,
                                              "Inner Unique": false,
                                              "Hash Cond": "(catalog_sales.cs_promo_sk = promotion_1.p_promo_sk)",
                                              "Plans": [
                                                {
                                                  "Node Type": "Hash Join",
                                                  "Parent Relationship": "Outer",
                                                  "Parallel Aware": true,
                                                  "Async Capable": false,
                                                  "Join Type": "Inner",
                                                  "Startup Cost": 56838.93,
                                                  "Total Cost": 516624.96,
                                                  "Plan Rows": 145,
                                                  "Plan Width": 32,
                                                  "Inner Unique": false,
                                                  "Hash Cond": "(catalog_sales.cs_item_sk = item_1.i_item_sk)",
                                                  "Plans": [
                                                    {
                                                      "Node Type": "Hash Join",
                                                      "Parent Relationship": "Outer",
                                                      "Parallel Aware": true,
                                                      "Async Capable": false,
                                                      "Join Type": "Left",
                                                      "Startup Cost": 49313.15,
                                                      "Total Cost": 509089.08,
                                                      "Plan Rows": 2532,
                                                      "Plan Width": 36,
                                                      "Inner Unique": false,
                                                      "Hash Cond": "((catalog_sales.cs_item_sk = catalog_returns.cr_item_sk) AND (catalog_sales.cs_order_number = catalog_returns.cr_order_number))",
                                                      "Plans": [
                                                        {
                                                          "Node Type": "Hash Join",
                                                          "Parent Relationship": "Outer",
                                                          "Parallel Aware": true,
                                                          "Async Capable": false,
                                                          "Join Type": "Inner",
                                                          "Startup Cost": 2049.78,
                                                          "Total Cost": 458254.7,
                                                          "Plan Rows": 2532,
                                                          "Plan Width": 28,
                                                          "Inner Unique": false,
                                                          "Hash Cond": "(catalog_sales.cs_sold_date_sk = date_dim_1.d_date_sk)",
                                                          "Plans": [
                                                            {
                                                              "Node Type": "Seq Scan",
                                                              "Parent Relationship": "Outer",
                                                              "Parallel Aware": true,
                                                              "Async Capable": false,
                                                              "Relation Name": "catalog_sales",
                                                              "Alias": "catalog_sales",
                                                              "Startup Cost": 0.0,
                                                              "Total Cost": 433688.25,
                                                              "Plan Rows": 6000525,
                                                              "Plan Width": 32,
                                                              "parent": 34,
                                                              "ID": 35
                                                            },
                                                            {
                                                              "Node Type": "Hash",
                                                              "Parent Relationship": "Inner",
                                                              "Parallel Aware": true,
                                                              "Async Capable": false,
                                                              "Startup Cost": 2049.55,
                                                              "Total Cost": 2049.55,
                                                              "Plan Rows": 18,
                                                              "Plan Width": 4,
                                                              "Plans": [
                                                                {
                                                                  "Node Type": "Seq Scan",
                                                                  "Parent Relationship": "Outer",
                                                                  "Parallel Aware": true,
                                                                  "Async Capable": false,
                                                                  "Relation Name": "date_dim",
                                                                  "Alias": "date_dim_1",
                                                                  "Startup Cost": 0.0,
                                                                  "Total Cost": 2049.55,
                                                                  "Plan Rows": 18,
                                                                  "Plan Width": 4,
                                                                  "Filter": "((d_date >= '2000-08-25'::date) AND (d_date <= '2000-09-24 00:00:00'::timestamp without time zone))",
                                                                  "parent": 36,
                                                                  "ID": 37
                                                                }
                                                              ],
                                                              "parent": 34,
                                                              "ID": 36,
                                                              "left": 37
                                                            }
                                                          ],
                                                          "parent": 33,
                                                          "ID": 34,
                                                          "left": 35,
                                                          "right": 36
                                                        },
                                                        {
                                                          "Node Type": "Hash",
                                                          "Parent Relationship": "Inner",
                                                          "Parallel Aware": true,
                                                          "Async Capable": false,
                                                          "Startup Cost": 34748.95,
                                                          "Total Cost": 34748.95,
                                                          "Plan Rows": 599895,
                                                          "Plan Width": 20,
                                                          "Plans": [
                                                            {
                                                              "Node Type": "Seq Scan",
                                                              "Parent Relationship": "Outer",
                                                              "Parallel Aware": true,
                                                              "Async Capable": false,
                                                              "Relation Name": "catalog_returns",
                                                              "Alias": "catalog_returns",
                                                              "Startup Cost": 0.0,
                                                              "Total Cost": 34748.95,
                                                              "Plan Rows": 599895,
                                                              "Plan Width": 20,
                                                              "parent": 38,
                                                              "ID": 39
                                                            }
                                                          ],
                                                          "parent": 33,
                                                          "ID": 38,
                                                          "left": 39
                                                        }
                                                      ],
                                                      "parent": 32,
                                                      "ID": 33,
                                                      "left": 34,
                                                      "right": 38
                                                    },
                                                    {
                                                      "Node Type": "Hash",
                                                      "Parent Relationship": "Inner",
                                                      "Parallel Aware": true,
                                                      "Async Capable": false,
                                                      "Startup Cost": 7495.25,
                                                      "Total Cost": 7495.25,
                                                      "Plan Rows": 2442,
                                                      "Plan Width": 4,
                                                      "Plans": [
                                                        {
                                                          "Node Type": "Seq Scan",
                                                          "Parent Relationship": "Outer",
                                                          "Parallel Aware": true,
                                                          "Async Capable": false,
                                                          "Relation Name": "item",
                                                          "Alias": "item_1",
                                                          "Startup Cost": 0.0,
                                                          "Total Cost": 7495.25,
                                                          "Plan Rows": 2442,
                                                          "Plan Width": 4,
                                                          "Filter": "(i_current_price > '50'::numeric)",
                                                          "parent": 40,
                                                          "ID": 41
                                                        }
                                                      ],
                                                      "parent": 32,
                                                      "ID": 40,
                                                      "left": 41
                                                    }
                                                  ],
                                                  "parent": 31,
                                                  "ID": 32,
                                                  "left": 33,
                                                  "right": 40
                                                },
                                                {
                                                  "Node Type": "Hash",
                                                  "Parent Relationship": "Inner",
                                                  "Parallel Aware": false,
                                                  "Async Capable": false,
                                                  "Startup Cost": 19.25,
                                                  "Total Cost": 19.25,
                                                  "Plan Rows": 492,
                                                  "Plan Width": 4,
                                                  "Plans": [
                                                    {
                                                      "Node Type": "Seq Scan",
                                                      "Parent Relationship": "Outer",
                                                      "Parallel Aware": false,
                                                      "Async Capable": false,
                                                      "Relation Name": "promotion",
                                                      "Alias": "promotion_1",
                                                      "Startup Cost": 0.0,
                                                      "Total Cost": 19.25,
                                                      "Plan Rows": 492,
                                                      "Plan Width": 4,
                                                      "Filter": "(p_channel_tv = 'N'::bpchar)",
                                                      "parent": 42,
                                                      "ID": 43
                                                    }
                                                  ],
                                                  "parent": 31,
                                                  "ID": 42,
                                                  "left": 43
                                                }
                                              ],
                                              "parent": 30,
                                              "ID": 31,
                                              "left": 32,
                                              "right": 42
                                            },
                                            {
                                              "Node Type": "Hash",
                                              "Parent Relationship": "Inner",
                                              "Parallel Aware": false,
                                              "Async Capable": false,
                                              "Startup Cost": 368.0,
                                              "Total Cost": 368.0,
                                              "Plan Rows": 12000,
                                              "Plan Width": 21,
                                              "Plans": [
                                                {
                                                  "Node Type": "Seq Scan",
                                                  "Parent Relationship": "Outer",
                                                  "Parallel Aware": false,
                                                  "Async Capable": false,
                                                  "Relation Name": "catalog_page",
                                                  "Alias": "catalog_page",
                                                  "Startup Cost": 0.0,
                                                  "Total Cost": 368.0,
                                                  "Plan Rows": 12000,
                                                  "Plan Width": 21,
                                                  "parent": 44,
                                                  "ID": 45
                                                }
                                              ],
                                              "parent": 30,
                                              "ID": 44,
                                              "left": 45
                                            }
                                          ],
                                          "parent": 29,
                                          "ID": 30,
                                          "left": 31,
                                          "right": 44
                                        }
                                      ],
                                      "parent": 28,
                                      "ID": 29,
                                      "left": 30
                                    }
                                  ],
                                  "parent": 27,
                                  "ID": 28,
                                  "left": 29
                                }
                              ],
                              "parent": 26,
                              "ID": 27,
                              "left": 28
                            }
                          ],
                          "parent": 25,
                          "ID": 26,
                          "left": 27
                        }
                      ],
                      "parent": 3,
                      "ID": 25,
                      "left": 26
                    },
                    {
                      "Node Type": "Subquery Scan",
                      "Parent Relationship": "Member",
                      "Parallel Aware": false,
                      "Async Capable": false,
                      "Alias": "wsr",
                      "Startup Cost": 263919.04,
                      "Total Cost": 263926.75,
                      "Plan Rows": 21,
                      "Plan Width": 160,
                      "Plans": [
                        {
                          "Node Type": "Aggregate",
                          "Strategy": "Sorted",
                          "Partial Mode": "Finalize",
                          "Parent Relationship": "Subquery",
                          "Parallel Aware": false,
                          "Async Capable": false,
                          "Startup Cost": 263919.04,
                          "Total Cost": 263926.43,
                          "Plan Rows": 21,
                          "Plan Width": 113,
                          "Group Key": [
                            "web_site.web_site_id"
                          ],
                          "Plans": [
                            {
                              "Node Type": "Gather Merge",
                              "Parent Relationship": "Outer",
                              "Parallel Aware": false,
                              "Async Capable": false,
                              "Startup Cost": 263919.04,
                              "Total Cost": 263925.33,
                              "Plan Rows": 42,
                              "Plan Width": 113,
                              "Workers Planned": 2,
                              "Plans": [
                                {
                                  "Node Type": "Aggregate",
                                  "Strategy": "Sorted",
                                  "Partial Mode": "Partial",
                                  "Parent Relationship": "Outer",
                                  "Parallel Aware": false,
                                  "Async Capable": false,
                                  "Startup Cost": 262919.01,
                                  "Total Cost": 262920.46,
                                  "Plan Rows": 21,
                                  "Plan Width": 113,
                                  "Group Key": [
                                    "web_site.web_site_id"
                                  ],
                                  "Plans": [
                                    {
                                      "Node Type": "Sort",
                                      "Parent Relationship": "Outer",
                                      "Parallel Aware": false,
                                      "Async Capable": false,
                                      "Startup Cost": 262919.01,
                                      "Total Cost": 262919.19,
                                      "Plan Rows": 72,
                                      "Plan Width": 41,
                                      "Sort Key": [
                                        "web_site.web_site_id"
                                      ],
                                      "Plans": [
                                        {
                                          "Node Type": "Hash Join",
                                          "Parent Relationship": "Outer",
                                          "Parallel Aware": false,
                                          "Async Capable": false,
                                          "Join Type": "Inner",
                                          "Startup Cost": 32134.74,
                                          "Total Cost": 262916.79,
                                          "Plan Rows": 72,
                                          "Plan Width": 41,
                                          "Inner Unique": false,
                                          "Hash Cond": "(web_sales.ws_web_site_sk = web_site.web_site_sk)",
                                          "Plans": [
                                            {
                                              "Node Type": "Hash Join",
                                              "Parent Relationship": "Outer",
                                              "Parallel Aware": false,
                                              "Async Capable": false,
                                              "Join Type": "Inner",
                                              "Startup Cost": 32130.8,
                                              "Total Cost": 262911.86,
                                              "Plan Rows": 72,
                                              "Plan Width": 28,
                                              "Inner Unique": false,
                                              "Hash Cond": "(web_sales.ws_promo_sk = promotion_2.p_promo_sk)",
                                              "Plans": [
                                                {
                                                  "Node Type": "Hash Join",
                                                  "Parent Relationship": "Outer",
                                                  "Parallel Aware": true,
                                                  "Async Capable": false,
                                                  "Join Type": "Inner",
                                                  "Startup Cost": 32105.4,
                                                  "Total Cost": 262885.46,
                                                  "Plan Rows": 73,
                                                  "Plan Width": 32,
                                                  "Inner Unique": false,
                                                  "Hash Cond": "(web_sales.ws_item_sk = item_2.i_item_sk)",
                                                  "Plans": [
                                                    {
                                                      "Node Type": "Hash Join",
                                                      "Parent Relationship": "Outer",
                                                      "Parallel Aware": true,
                                                      "Async Capable": false,
                                                      "Join Type": "Left",
                                                      "Startup Cost": 24579.62,
                                                      "Total Cost": 255354.62,
                                                      "Plan Rows": 1272,
                                                      "Plan Width": 36,
                                                      "Inner Unique": false,
                                                      "Hash Cond": "((web_sales.ws_item_sk = web_returns.wr_item_sk) AND (web_sales.ws_order_number = web_returns.wr_order_number))",
                                                      "Plans": [
                                                        {
                                                          "Node Type": "Hash Join",
                                                          "Parent Relationship": "Outer",
                                                          "Parallel Aware": true,
                                                          "Async Capable": false,
                                                          "Join Type": "Inner",
                                                          "Startup Cost": 2049.78,
                                                          "Total Cost": 231041.22,
                                                          "Plan Rows": 1272,
                                                          "Plan Width": 28,
                                                          "Inner Unique": false,
                                                          "Hash Cond": "(web_sales.ws_sold_date_sk = date_dim_2.d_date_sk)",
                                                          "Plans": [
                                                            {
                                                              "Node Type": "Seq Scan",
                                                              "Parent Relationship": "Outer",
                                                              "Parallel Aware": true,
                                                              "Async Capable": false,
                                                              "Relation Name": "web_sales",
                                                              "Alias": "web_sales",
                                                              "Startup Cost": 0.0,
                                                              "Total Cost": 217737.86,
                                                              "Plan Rows": 2998986,
                                                              "Plan Width": 32,
                                                              "parent": 55,
                                                              "ID": 56
                                                            },
                                                            {
                                                              "Node Type": "Hash",
                                                              "Parent Relationship": "Inner",
                                                              "Parallel Aware": true,
                                                              "Async Capable": false,
                                                              "Startup Cost": 2049.55,
                                                              "Total Cost": 2049.55,
                                                              "Plan Rows": 18,
                                                              "Plan Width": 4,
                                                              "Plans": [
                                                                {
                                                                  "Node Type": "Seq Scan",
                                                                  "Parent Relationship": "Outer",
                                                                  "Parallel Aware": true,
                                                                  "Async Capable": false,
                                                                  "Relation Name": "date_dim",
                                                                  "Alias": "date_dim_2",
                                                                  "Startup Cost": 0.0,
                                                                  "Total Cost": 2049.55,
                                                                  "Plan Rows": 18,
                                                                  "Plan Width": 4,
                                                                  "Filter": "((d_date >= '2000-08-25'::date) AND (d_date <= '2000-09-24 00:00:00'::timestamp without time zone))",
                                                                  "parent": 57,
                                                                  "ID": 58
                                                                }
                                                              ],
                                                              "parent": 55,
                                                              "ID": 57,
                                                              "left": 58
                                                            }
                                                          ],
                                                          "parent": 54,
                                                          "ID": 55,
                                                          "left": 56,
                                                          "right": 57
                                                        },
                                                        {
                                                          "Node Type": "Hash",
                                                          "Parent Relationship": "Inner",
                                                          "Parallel Aware": true,
                                                          "Async Capable": false,
                                                          "Startup Cost": 16278.74,
                                                          "Total Cost": 16278.74,
                                                          "Plan Rows": 299674,
                                                          "Plan Width": 20,
                                                          "Plans": [
                                                            {
                                                              "Node Type": "Seq Scan",
                                                              "Parent Relationship": "Outer",
                                                              "Parallel Aware": true,
                                                              "Async Capable": false,
                                                              "Relation Name": "web_returns",
                                                              "Alias": "web_returns",
                                                              "Startup Cost": 0.0,
                                                              "Total Cost": 16278.74,
                                                              "Plan Rows": 299674,
                                                              "Plan Width": 20,
                                                              "parent": 59,
                                                              "ID": 60
                                                            }
                                                          ],
                                                          "parent": 54,
                                                          "ID": 59,
                                                          "left": 60
                                                        }
                                                      ],
                                                      "parent": 53,
                                                      "ID": 54,
                                                      "left": 55,
                                                      "right": 59
                                                    },
                                                    {
                                                      "Node Type": "Hash",
                                                      "Parent Relationship": "Inner",
                                                      "Parallel Aware": true,
                                                      "Async Capable": false,
                                                      "Startup Cost": 7495.25,
                                                      "Total Cost": 7495.25,
                                                      "Plan Rows": 2442,
                                                      "Plan Width": 4,
                                                      "Plans": [
                                                        {
                                                          "Node Type": "Seq Scan",
                                                          "Parent Relationship": "Outer",
                                                          "Parallel Aware": true,
                                                          "Async Capable": false,
                                                          "Relation Name": "item",
                                                          "Alias": "item_2",
                                                          "Startup Cost": 0.0,
                                                          "Total Cost": 7495.25,
                                                          "Plan Rows": 2442,
                                                          "Plan Width": 4,
                                                          "Filter": "(i_current_price > '50'::numeric)",
                                                          "parent": 61,
                                                          "ID": 62
                                                        }
                                                      ],
                                                      "parent": 53,
                                                      "ID": 61,
                                                      "left": 62
                                                    }
                                                  ],
                                                  "parent": 52,
                                                  "ID": 53,
                                                  "left": 54,
                                                  "right": 61
                                                },
                                                {
                                                  "Node Type": "Hash",
                                                  "Parent Relationship": "Inner",
                                                  "Parallel Aware": false,
                                                  "Async Capable": false,
                                                  "Startup Cost": 19.25,
                                                  "Total Cost": 19.25,
                                                  "Plan Rows": 492,
                                                  "Plan Width": 4,
                                                  "Plans": [
                                                    {
                                                      "Node Type": "Seq Scan",
                                                      "Parent Relationship": "Outer",
                                                      "Parallel Aware": false,
                                                      "Async Capable": false,
                                                      "Relation Name": "promotion",
                                                      "Alias": "promotion_2",
                                                      "Startup Cost": 0.0,
                                                      "Total Cost": 19.25,
                                                      "Plan Rows": 492,
                                                      "Plan Width": 4,
                                                      "Filter": "(p_channel_tv = 'N'::bpchar)",
                                                      "parent": 63,
                                                      "ID": 64
                                                    }
                                                  ],
                                                  "parent": 52,
                                                  "ID": 63,
                                                  "left": 64
                                                }
                                              ],
                                              "parent": 51,
                                              "ID": 52,
                                              "left": 53,
                                              "right": 63
                                            },
                                            {
                                              "Node Type": "Hash",
                                              "Parent Relationship": "Inner",
                                              "Parallel Aware": false,
                                              "Async Capable": false,
                                              "Startup Cost": 3.42,
                                              "Total Cost": 3.42,
                                              "Plan Rows": 42,
                                              "Plan Width": 21,
                                              "Plans": [
                                                {
                                                  "Node Type": "Seq Scan",
                                                  "Parent Relationship": "Outer",
                                                  "Parallel Aware": false,
                                                  "Async Capable": false,
                                                  "Relation Name": "web_site",
                                                  "Alias": "web_site",
                                                  "Startup Cost": 0.0,
                                                  "Total Cost": 3.42,
                                                  "Plan Rows": 42,
                                                  "Plan Width": 21,
                                                  "parent": 65,
                                                  "ID": 66
                                                }
                                              ],
                                              "parent": 51,
                                              "ID": 65,
                                              "left": 66
                                            }
                                          ],
                                          "parent": 50,
                                          "ID": 51,
                                          "left": 52,
                                          "right": 65
                                        }
                                      ],
                                      "parent": 49,
                                      "ID": 50,
                                      "left": 51
                                    }
                                  ],
                                  "parent": 48,
                                  "ID": 49,
                                  "left": 50
                                }
                              ],
                              "parent": 47,
                              "ID": 48,
                              "left": 49
                            }
                          ],
                          "parent": 46,
                          "ID": 47,
                          "left": 48
                        }
                      ],
                      "parent": 3,
                      "ID": 46,
                      "left": 47
                    }
                  ],
                  "parent": 2,
                  "ID": 3,
                  "left": 4,
                  "right": 25
                }
              ],
              "parent": 1,
              "ID": 2,
              "left": 3
            }
          ],
          "parent": 0,
          "ID": 1,
          "left": 2
        }
      ],
      "parent": null,
      "ID": 0,
      "left": 1
    },
    "feat": {
      "utility": 0.0,
      "query_shape": [
        [
          "Seq Scan",
          "Hash Join",
          "Sort",
          "Aggregate",
          "Gather Merge",
          "Subquery Scan",
          "Append"
        ],
        [
          "Seq Scan",
          "Hash",
          "Hash Join",
          "Sort",
          "Aggregate",
          "Gather Merge",
          "Subquery Scan",
          "Append"
        ],
        [
          "Seq Scan",
          "Hash",
          "Hash Join",
          "Sort",
          "Aggregate",
          "Gather Merge",
          "Subquery Scan",
          "Append"
        ],
        [
          "Seq Scan",
          "Hash",
          "Hash Join",
          "Sort",
          "Aggregate",
          "Gather Merge",
          "Subquery Scan",
          "Append"
        ],
        [
          "Seq Scan",
          "Hash",
          "Hash Join",
          "Sort",
          "Aggregate",
          "Gather Merge",
          "Subquery Scan",
          "Append"
        ],
        [
          "Seq Scan",
          "Hash",
          "Hash Join",
          "Sort",
          "Aggregate",
          "Gather Merge",
          "Subquery Scan",
          "Append"
        ],
        [
          "Seq Scan",
          "Hash Join",
          "Sort",
          "Aggregate",
          "Gather Merge",
          "Subquery Scan",
          "Append"
        ],
        [
          "Seq Scan",
          "Hash",
          "Hash Join",
          "Sort",
          "Aggregate",
          "Gather Merge",
          "Subquery Scan",
          "Append"
        ],
        [
          "Seq Scan",
          "Hash",
          "Hash Join",
          "Sort",
          "Aggregate",
          "Gather Merge",
          "Subquery Scan",
          "Append"
        ],
        [
          "Seq Scan",
          "Hash",
          "Hash Join",
          "Sort",
          "Aggregate",
          "Gather Merge",
          "Subquery Scan",
          "Append"
        ],
        [
          "Seq Scan",
          "Hash",
          "Hash Join",
          "Sort",
          "Aggregate",
          "Gather Merge",
          "Subquery Scan",
          "Append"
        ],
        [
          "Seq Scan",
          "Hash",
          "Hash Join",
          "Sort",
          "Aggregate",
          "Gather Merge",
          "Subquery Scan",
          "Append"
        ],
        [
          "Seq Scan",
          "Hash Join",
          "Sort",
          "Aggregate",
          "Gather Merge",
          "Subquery Scan",
          "Append"
        ],
        [
          "Seq Scan",
          "Hash",
          "Hash Join",
          "Sort",
          "Aggregate",
          "Gather Merge",
          "Subquery Scan",
          "Append"
        ],
        [
          "Seq Scan",
          "Hash",
          "Hash Join",
          "Sort",
          "Aggregate",
          "Gather Merge",
          "Subquery Scan",
          "Append"
        ],
        [
          "Seq Scan",
          "Hash",
          "Hash Join",
          "Sort",
          "Aggregate",
          "Gather Merge",
          "Subquery Scan",
          "Append"
        ],
        [
          "Seq Scan",
          "Hash",
          "Hash Join",
          "Sort",
          "Aggregate",
          "Gather Merge",
          "Subquery Scan",
          "Append"
        ],
        [
          "Seq Scan",
          "Hash",
          "Hash Join",
          "Sort",
          "Aggregate",
          "Gather Merge",
          "Subquery Scan",
          "Append"
        ]
      ],
      "index_shape": [
        "order-by"
      ],
      "physical_operator": {
        "Sort": [
          "[0. 0. 0. 0. 0. 0. 0. 0. 0. 0. 0. 0. 0. 0. 0. 0. 0. 0. 0. 0. 0. 0. 0. 0.\n 0. 0. 0. 0. 0. 0. 0. 0. 0. 0. 0. 0. 0. 0. 0. 0. 0. 0. 0. 0. 0. 0. 0. 0.\n 0. 0. 0.]"
        ],
        "Aggregate": [
          "[0. 0. 0. 0. 0. 0. 0. 0. 0. 0. 0. 0. 0. 0. 0. 0. 0. 0. 0. 0. 0. 0. 0. 0.\n 0. 0. 0. 0. 0. 0. 0. 0. 0. 0. 0. 0. 0. 0. 0. 0. 0. 0. 0. 0. 0. 0. 0. 0.\n 0. 0. 0.]",
          "[0. 0. 0. 0. 0. 0. 0. 0. 0. 0. 0. 0. 0. 0. 0. 0. 0. 0. 0. 0. 0. 0. 0. 0.\n 0. 0. 0. 0. 0. 0. 0. 0. 0. 0. 0. 0. 0. 0. 0. 0. 0. 0. 0. 0. 0. 0. 0. 0.\n 0. 0. 0.]"
        ]
      }
    }
  },
  {
    "query": "with ssr as\n (select  s_store_id as store_id,\n          sum(ss_ext_sales_price) as sales,\n          sum(coalesce(sr_return_amt, 0)) as returns,\n          sum(ss_net_profit - coalesce(sr_net_loss, 0)) as profit\n  from store_sales left outer join store_returns on\n         (ss_item_sk = sr_item_sk and ss_ticket_number = sr_ticket_number),\n     date_dim,\n     store,\n     item,\n     promotion\n where ss_sold_date_sk = d_date_sk\n       and d_date between cast('2000-08-25' as date) \n                  and (cast('2000-08-25' as date) +  interval '30 days')\n       and ss_store_sk = s_store_sk\n       and ss_item_sk = i_item_sk\n       and i_current_price > 50\n       and ss_promo_sk = p_promo_sk\n       and p_channel_tv = 'N'\n group by s_store_id)\n ,\n csr as\n (select  cp_catalog_page_id as catalog_page_id,\n          sum(cs_ext_sales_price) as sales,\n          sum(coalesce(cr_return_amount, 0)) as returns,\n          sum(cs_net_profit - coalesce(cr_net_loss, 0)) as profit\n  from catalog_sales left outer join catalog_returns on\n         (cs_item_sk = cr_item_sk and cs_order_number = cr_order_number),\n     date_dim,\n     catalog_page,\n     item,\n     promotion\n where cs_sold_date_sk = d_date_sk\n       and d_date between cast('2000-08-25' as date)\n                  and (cast('2000-08-25' as date) +  interval '30 days')\n        and cs_catalog_page_sk = cp_catalog_page_sk\n       and cs_item_sk = i_item_sk\n       and i_current_price > 50\n       and cs_promo_sk = p_promo_sk\n       and p_channel_tv = 'N'\ngroup by cp_catalog_page_id)\n ,\n wsr as\n (select  web_site_id,\n          sum(ws_ext_sales_price) as sales,\n          sum(coalesce(wr_return_amt, 0)) as returns,\n          sum(ws_net_profit - coalesce(wr_net_loss, 0)) as profit\n  from web_sales left outer join web_returns on\n         (ws_item_sk = wr_item_sk and ws_order_number = wr_order_number),\n     date_dim,\n     web_site,\n     item,\n     promotion\n where ws_sold_date_sk = d_date_sk\n       and d_date between cast('2000-08-25' as date)\n                  and (cast('2000-08-25' as date) +  interval '30 days')\n        and ws_web_site_sk = web_site_sk\n       and ws_item_sk = i_item_sk\n       and i_current_price > 50\n       and ws_promo_sk = p_promo_sk\n       and p_channel_tv = 'N'\ngroup by web_site_id)\n  select  channel\n        , id\n        , sum(sales) as sales\n        , sum(returns) as returns\n        , sum(profit) as profit\n from \n (select 'store channel' as channel\n        , 'store' || store_id as id\n        , sales\n        , returns\n        , profit\n from   ssr\n union all\n select 'catalog channel' as channel\n        , 'catalog_page' || catalog_page_id as id\n        , sales\n        , returns\n        , profit\n from  csr\n union all\n select 'web channel' as channel\n        , 'web_site' || web_site_id as id\n        , sales\n        , returns\n        , profit\n from   wsr\n ) x\n group by rollup (channel, id)\n order by channel\n         ,id\n limit 100;\n\n-- end query 61 in stream 1 using template query80.tpl\n",
    "indexes": "web_site.web_site_sk",
    "wo plan est": {
      "Node Type": "Limit",
      "Parallel Aware": false,
      "Async Capable": false,
      "Startup Cost": 1566793.64,
      "Total Cost": 1566796.93,
      "Plan Rows": 100,
      "Plan Width": 160,
      "Plans": [
        {
          "Node Type": "Aggregate",
          "Strategy": "Sorted",
          "Partial Mode": "Simple",
          "Parent Relationship": "Outer",
          "Parallel Aware": false,
          "Async Capable": false,
          "Startup Cost": 1566793.64,
          "Total Cost": 1566806.84,
          "Plan Rows": 401,
          "Plan Width": 160,
          "Grouping Sets": [
            {
              "Group Keys": [
                [
                  "('store channel'::text)",
                  "(('store'::text || (ssr.store_id)::text))"
                ],
                [
                  "('store channel'::text)"
                ],
                []
              ]
            }
          ],
          "Plans": [
            {
              "Node Type": "Sort",
              "Parent Relationship": "Outer",
              "Parallel Aware": false,
              "Async Capable": false,
              "Startup Cost": 1566793.64,
              "Total Cost": 1566794.67,
              "Plan Rows": 412,
              "Plan Width": 160,
              "Sort Key": [
                "('store channel'::text)",
                "(('store'::text || (ssr.store_id)::text))"
              ],
              "Plans": [
                {
                  "Node Type": "Append",
                  "Parent Relationship": "Outer",
                  "Parallel Aware": false,
                  "Async Capable": false,
                  "Startup Cost": 784596.3,
                  "Total Cost": 1566775.74,
                  "Plan Rows": 412,
                  "Plan Width": 160,
                  "Subplans Removed": 0,
                  "Plans": [
                    {
                      "Node Type": "Subquery Scan",
                      "Parent Relationship": "Member",
                      "Parallel Aware": false,
                      "Async Capable": false,
                      "Alias": "ssr",
                      "Startup Cost": 784596.3,
                      "Total Cost": 784616.16,
                      "Plan Rows": 51,
                      "Plan Width": 160,
                      "Plans": [
                        {
                          "Node Type": "Aggregate",
                          "Strategy": "Sorted",
                          "Partial Mode": "Finalize",
                          "Parent Relationship": "Subquery",
                          "Parallel Aware": false,
                          "Async Capable": false,
                          "Startup Cost": 784596.3,
                          "Total Cost": 784615.39,
                          "Plan Rows": 51,
                          "Plan Width": 113,
                          "Group Key": [
                            "store.s_store_id"
                          ],
                          "Plans": [
                            {
                              "Node Type": "Gather Merge",
                              "Parent Relationship": "Outer",
                              "Parallel Aware": false,
                              "Async Capable": false,
                              "Startup Cost": 784596.3,
                              "Total Cost": 784612.71,
                              "Plan Rows": 102,
                              "Plan Width": 113,
                              "Workers Planned": 2,
                              "Plans": [
                                {
                                  "Node Type": "Aggregate",
                                  "Strategy": "Sorted",
                                  "Partial Mode": "Partial",
                                  "Parent Relationship": "Outer",
                                  "Parallel Aware": false,
                                  "Async Capable": false,
                                  "Startup Cost": 783596.27,
                                  "Total Cost": 783600.92,
                                  "Plan Rows": 51,
                                  "Plan Width": 113,
                                  "Group Key": [
                                    "store.s_store_id"
                                  ],
                                  "Plans": [
                                    {
                                      "Node Type": "Sort",
                                      "Parent Relationship": "Outer",
                                      "Parallel Aware": false,
                                      "Async Capable": false,
                                      "Startup Cost": 783596.27,
                                      "Total Cost": 783596.9,
                                      "Plan Rows": 250,
                                      "Plan Width": 41,
                                      "Sort Key": [
                                        "store.s_store_id"
                                      ],
                                      "Plans": [
                                        {
                                          "Node Type": "Hash Join",
                                          "Parent Relationship": "Outer",
                                          "Parallel Aware": false,
                                          "Async Capable": false,
                                          "Join Type": "Inner",
                                          "Startup Cost": 94489.35,
                                          "Total Cost": 783586.32,
                                          "Plan Rows": 250,
                                          "Plan Width": 41,
                                          "Inner Unique": false,
                                          "Hash Cond": "(store_sales.ss_store_sk = store.s_store_sk)",
                                          "Plans": [
                                            {
                                              "Node Type": "Hash Join",
                                              "Parent Relationship": "Outer",
                                              "Parallel Aware": false,
                                              "Async Capable": false,
                                              "Join Type": "Inner",
                                              "Startup Cost": 94482.05,
                                              "Total Cost": 783575.54,
                                              "Plan Rows": 262,
                                              "Plan Width": 28,
                                              "Inner Unique": false,
                                              "Hash Cond": "(store_sales.ss_promo_sk = promotion.p_promo_sk)",
                                              "Plans": [
                                                {
                                                  "Node Type": "Hash Join",
                                                  "Parent Relationship": "Outer",
                                                  "Parallel Aware": true,
                                                  "Async Capable": false,
                                                  "Join Type": "Inner",
                                                  "Startup Cost": 94456.65,
                                                  "Total Cost": 783546.47,
                                                  "Plan Rows": 279,
                                                  "Plan Width": 32,
                                                  "Inner Unique": false,
                                                  "Hash Cond": "(store_sales.ss_item_sk = item.i_item_sk)",
                                                  "Plans": [
                                                    {
                                                      "Node Type": "Hash Join",
                                                      "Parent Relationship": "Outer",
                                                      "Parallel Aware": true,
                                                      "Async Capable": false,
                                                      "Join Type": "Left",
                                                      "Startup Cost": 86930.88,
                                                      "Total Cost": 776001.31,
                                                      "Plan Rows": 4860,
                                                      "Plan Width": 36,
                                                      "Inner Unique": false,
                                                      "Hash Cond": "((store_sales.ss_item_sk = store_returns.sr_item_sk) AND (store_sales.ss_ticket_number = store_returns.sr_ticket_number))",
                                                      "Plans": [
                                                        {
                                                          "Node Type": "Hash Join",
                                                          "Parent Relationship": "Outer",
                                                          "Parallel Aware": true,
                                                          "Async Capable": false,
                                                          "Join Type": "Inner",
                                                          "Startup Cost": 2049.78,
                                                          "Total Cost": 683994.75,
                                                          "Plan Rows": 4860,
                                                          "Plan Width": 28,
                                                          "Inner Unique": false,
                                                          "Hash Cond": "(store_sales.ss_sold_date_sk = date_dim.d_date_sk)",
                                                          "Plans": [
                                                            {
                                                              "Node Type": "Seq Scan",
                                                              "Parent Relationship": "Outer",
                                                              "Parallel Aware": true,
                                                              "Async Capable": false,
                                                              "Relation Name": "store_sales",
                                                              "Alias": "store_sales",
                                                              "Startup Cost": 0.0,
                                                              "Total Cost": 636914.37,
                                                              "Plan Rows": 12000637,
                                                              "Plan Width": 32,
                                                              "parent": 13,
                                                              "ID": 14
                                                            },
                                                            {
                                                              "Node Type": "Hash",
                                                              "Parent Relationship": "Inner",
                                                              "Parallel Aware": true,
                                                              "Async Capable": false,
                                                              "Startup Cost": 2049.55,
                                                              "Total Cost": 2049.55,
                                                              "Plan Rows": 18,
                                                              "Plan Width": 4,
                                                              "Plans": [
                                                                {
                                                                  "Node Type": "Seq Scan",
                                                                  "Parent Relationship": "Outer",
                                                                  "Parallel Aware": true,
                                                                  "Async Capable": false,
                                                                  "Relation Name": "date_dim",
                                                                  "Alias": "date_dim",
                                                                  "Startup Cost": 0.0,
                                                                  "Total Cost": 2049.55,
                                                                  "Plan Rows": 18,
                                                                  "Plan Width": 4,
                                                                  "Filter": "((d_date >= '2000-08-25'::date) AND (d_date <= '2000-09-24 00:00:00'::timestamp without time zone))",
                                                                  "parent": 15,
                                                                  "ID": 16
                                                                }
                                                              ],
                                                              "parent": 13,
                                                              "ID": 15,
                                                              "left": 16
                                                            }
                                                          ],
                                                          "parent": 12,
                                                          "ID": 13,
                                                          "left": 14,
                                                          "right": 15
                                                        },
                                                        {
                                                          "Node Type": "Hash",
                                                          "Parent Relationship": "Inner",
                                                          "Parallel Aware": true,
                                                          "Async Capable": false,
                                                          "Startup Cost": 59887.64,
                                                          "Total Cost": 59887.64,
                                                          "Plan Rows": 1198164,
                                                          "Plan Width": 20,
                                                          "Plans": [
                                                            {
                                                              "Node Type": "Seq Scan",
                                                              "Parent Relationship": "Outer",
                                                              "Parallel Aware": true,
                                                              "Async Capable": false,
                                                              "Relation Name": "store_returns",
                                                              "Alias": "store_returns",
                                                              "Startup Cost": 0.0,
                                                              "Total Cost": 59887.64,
                                                              "Plan Rows": 1198164,
                                                              "Plan Width": 20,
                                                              "parent": 17,
                                                              "ID": 18
                                                            }
                                                          ],
                                                          "parent": 12,
                                                          "ID": 17,
                                                          "left": 18
                                                        }
                                                      ],
                                                      "parent": 11,
                                                      "ID": 12,
                                                      "left": 13,
                                                      "right": 17
                                                    },
                                                    {
                                                      "Node Type": "Hash",
                                                      "Parent Relationship": "Inner",
                                                      "Parallel Aware": true,
                                                      "Async Capable": false,
                                                      "Startup Cost": 7495.25,
                                                      "Total Cost": 7495.25,
                                                      "Plan Rows": 2442,
                                                      "Plan Width": 4,
                                                      "Plans": [
                                                        {
                                                          "Node Type": "Seq Scan",
                                                          "Parent Relationship": "Outer",
                                                          "Parallel Aware": true,
                                                          "Async Capable": false,
                                                          "Relation Name": "item",
                                                          "Alias": "item",
                                                          "Startup Cost": 0.0,
                                                          "Total Cost": 7495.25,
                                                          "Plan Rows": 2442,
                                                          "Plan Width": 4,
                                                          "Filter": "(i_current_price > '50'::numeric)",
                                                          "parent": 19,
                                                          "ID": 20
                                                        }
                                                      ],
                                                      "parent": 11,
                                                      "ID": 19,
                                                      "left": 20
                                                    }
                                                  ],
                                                  "parent": 10,
                                                  "ID": 11,
                                                  "left": 12,
                                                  "right": 19
                                                },
                                                {
                                                  "Node Type": "Hash",
                                                  "Parent Relationship": "Inner",
                                                  "Parallel Aware": false,
                                                  "Async Capable": false,
                                                  "Startup Cost": 19.25,
                                                  "Total Cost": 19.25,
                                                  "Plan Rows": 492,
                                                  "Plan Width": 4,
                                                  "Plans": [
                                                    {
                                                      "Node Type": "Seq Scan",
                                                      "Parent Relationship": "Outer",
                                                      "Parallel Aware": false,
                                                      "Async Capable": false,
                                                      "Relation Name": "promotion",
                                                      "Alias": "promotion",
                                                      "Startup Cost": 0.0,
                                                      "Total Cost": 19.25,
                                                      "Plan Rows": 492,
                                                      "Plan Width": 4,
                                                      "Filter": "(p_channel_tv = 'N'::bpchar)",
                                                      "parent": 21,
                                                      "ID": 22
                                                    }
                                                  ],
                                                  "parent": 10,
                                                  "ID": 21,
                                                  "left": 22
                                                }
                                              ],
                                              "parent": 9,
                                              "ID": 10,
                                              "left": 11,
                                              "right": 21
                                            },
                                            {
                                              "Node Type": "Hash",
                                              "Parent Relationship": "Inner",
                                              "Parallel Aware": false,
                                              "Async Capable": false,
                                              "Startup Cost": 6.02,
                                              "Total Cost": 6.02,
                                              "Plan Rows": 102,
                                              "Plan Width": 21,
                                              "Plans": [
                                                {
                                                  "Node Type": "Seq Scan",
                                                  "Parent Relationship": "Outer",
                                                  "Parallel Aware": false,
                                                  "Async Capable": false,
                                                  "Relation Name": "store",
                                                  "Alias": "store",
                                                  "Startup Cost": 0.0,
                                                  "Total Cost": 6.02,
                                                  "Plan Rows": 102,
                                                  "Plan Width": 21,
                                                  "parent": 23,
                                                  "ID": 24
                                                }
                                              ],
                                              "parent": 9,
                                              "ID": 23,
                                              "left": 24
                                            }
                                          ],
                                          "parent": 8,
                                          "ID": 9,
                                          "left": 10,
                                          "right": 23
                                        }
                                      ],
                                      "parent": 7,
                                      "ID": 8,
                                      "left": 9
                                    }
                                  ],
                                  "parent": 6,
                                  "ID": 7,
                                  "left": 8
                                }
                              ],
                              "parent": 5,
                              "ID": 6,
                              "left": 7
                            }
                          ],
                          "parent": 4,
                          "ID": 5,
                          "left": 6
                        }
                      ],
                      "parent": 3,
                      "ID": 4,
                      "left": 5
                    },
                    {
                      "Node Type": "Subquery Scan",
                      "Parent Relationship": "Member",
                      "Parallel Aware": false,
                      "Async Capable": false,
                      "Alias": "csr",
                      "Startup Cost": 518177.36,
                      "Total Cost": 518230.78,
                      "Plan Rows": 340,
                      "Plan Width": 160,
                      "Plans": [
                        {
                          "Node Type": "Aggregate",
                          "Strategy": "Sorted",
                          "Partial Mode": "Finalize",
                          "Parent Relationship": "Subquery",
                          "Parallel Aware": false,
                          "Async Capable": false,
                          "Startup Cost": 518177.36,
                          "Total Cost": 518225.68,
                          "Plan Rows": 340,
                          "Plan Width": 113,
                          "Group Key": [
                            "catalog_page.cp_catalog_page_id"
                          ],
                          "Plans": [
                            {
                              "Node Type": "Gather Merge",
                              "Parent Relationship": "Outer",
                              "Parallel Aware": false,
                              "Async Capable": false,
                              "Startup Cost": 518177.36,
                              "Total Cost": 518214.76,
                              "Plan Rows": 284,
                              "Plan Width": 113,
                              "Workers Planned": 2,
                              "Plans": [
                                {
                                  "Node Type": "Aggregate",
                                  "Strategy": "Sorted",
                                  "Partial Mode": "Partial",
                                  "Parent Relationship": "Outer",
                                  "Parallel Aware": false,
                                  "Async Capable": false,
                                  "Startup Cost": 517177.34,
                                  "Total Cost": 517181.95,
                                  "Plan Rows": 142,
                                  "Plan Width": 113,
                                  "Group Key": [
                                    "catalog_page.cp_catalog_page_id"
                                  ],
                                  "Plans": [
                                    {
                                      "Node Type": "Sort",
                                      "Parent Relationship": "Outer",
                                      "Parallel Aware": false,
                                      "Async Capable": false,
                                      "Startup Cost": 517177.34,
                                      "Total Cost": 517177.69,
                                      "Plan Rows": 142,
                                      "Plan Width": 41,
                                      "Sort Key": [
                                        "catalog_page.cp_catalog_page_id"
                                      ],
                                      "Plans": [
                                        {
                                          "Node Type": "Hash Join",
                                          "Parent Relationship": "Outer",
                                          "Parallel Aware": false,
                                          "Async Capable": false,
                                          "Join Type": "Inner",
                                          "Startup Cost": 57382.33,
                                          "Total Cost": 517172.26,
                                          "Plan Rows": 142,
                                          "Plan Width": 41,
                                          "Inner Unique": false,
                                          "Hash Cond": "(catalog_sales.cs_catalog_page_sk = catalog_page.cp_catalog_page_sk)",
                                          "Plans": [
                                            {
                                              "Node Type": "Hash Join",
                                              "Parent Relationship": "Outer",
                                              "Parallel Aware": false,
                                              "Async Capable": false,
                                              "Join Type": "Inner",
                                              "Startup Cost": 56864.33,
                                              "Total Cost": 516652.32,
                                              "Plan Rows": 142,
                                              "Plan Width": 28,
                                              "Inner Unique": false,
                                              "Hash Cond": "(catalog_sales.cs_promo_sk = promotion_1.p_promo_sk)",
                                              "Plans": [
                                                {
                                                  "Node Type": "Hash Join",
                                                  "Parent Relationship": "Outer",
                                                  "Parallel Aware": true,
                                                  "Async Capable": false,
                                                  "Join Type": "Inner",
                                                  "Startup Cost": 56838.93,
                                                  "Total Cost": 516624.96,
                                                  "Plan Rows": 145,
                                                  "Plan Width": 32,
                                                  "Inner Unique": false,
                                                  "Hash Cond": "(catalog_sales.cs_item_sk = item_1.i_item_sk)",
                                                  "Plans": [
                                                    {
                                                      "Node Type": "Hash Join",
                                                      "Parent Relationship": "Outer",
                                                      "Parallel Aware": true,
                                                      "Async Capable": false,
                                                      "Join Type": "Left",
                                                      "Startup Cost": 49313.15,
                                                      "Total Cost": 509089.08,
                                                      "Plan Rows": 2532,
                                                      "Plan Width": 36,
                                                      "Inner Unique": false,
                                                      "Hash Cond": "((catalog_sales.cs_item_sk = catalog_returns.cr_item_sk) AND (catalog_sales.cs_order_number = catalog_returns.cr_order_number))",
                                                      "Plans": [
                                                        {
                                                          "Node Type": "Hash Join",
                                                          "Parent Relationship": "Outer",
                                                          "Parallel Aware": true,
                                                          "Async Capable": false,
                                                          "Join Type": "Inner",
                                                          "Startup Cost": 2049.78,
                                                          "Total Cost": 458254.7,
                                                          "Plan Rows": 2532,
                                                          "Plan Width": 28,
                                                          "Inner Unique": false,
                                                          "Hash Cond": "(catalog_sales.cs_sold_date_sk = date_dim_1.d_date_sk)",
                                                          "Plans": [
                                                            {
                                                              "Node Type": "Seq Scan",
                                                              "Parent Relationship": "Outer",
                                                              "Parallel Aware": true,
                                                              "Async Capable": false,
                                                              "Relation Name": "catalog_sales",
                                                              "Alias": "catalog_sales",
                                                              "Startup Cost": 0.0,
                                                              "Total Cost": 433688.25,
                                                              "Plan Rows": 6000525,
                                                              "Plan Width": 32,
                                                              "parent": 34,
                                                              "ID": 35
                                                            },
                                                            {
                                                              "Node Type": "Hash",
                                                              "Parent Relationship": "Inner",
                                                              "Parallel Aware": true,
                                                              "Async Capable": false,
                                                              "Startup Cost": 2049.55,
                                                              "Total Cost": 2049.55,
                                                              "Plan Rows": 18,
                                                              "Plan Width": 4,
                                                              "Plans": [
                                                                {
                                                                  "Node Type": "Seq Scan",
                                                                  "Parent Relationship": "Outer",
                                                                  "Parallel Aware": true,
                                                                  "Async Capable": false,
                                                                  "Relation Name": "date_dim",
                                                                  "Alias": "date_dim_1",
                                                                  "Startup Cost": 0.0,
                                                                  "Total Cost": 2049.55,
                                                                  "Plan Rows": 18,
                                                                  "Plan Width": 4,
                                                                  "Filter": "((d_date >= '2000-08-25'::date) AND (d_date <= '2000-09-24 00:00:00'::timestamp without time zone))",
                                                                  "parent": 36,
                                                                  "ID": 37
                                                                }
                                                              ],
                                                              "parent": 34,
                                                              "ID": 36,
                                                              "left": 37
                                                            }
                                                          ],
                                                          "parent": 33,
                                                          "ID": 34,
                                                          "left": 35,
                                                          "right": 36
                                                        },
                                                        {
                                                          "Node Type": "Hash",
                                                          "Parent Relationship": "Inner",
                                                          "Parallel Aware": true,
                                                          "Async Capable": false,
                                                          "Startup Cost": 34748.95,
                                                          "Total Cost": 34748.95,
                                                          "Plan Rows": 599895,
                                                          "Plan Width": 20,
                                                          "Plans": [
                                                            {
                                                              "Node Type": "Seq Scan",
                                                              "Parent Relationship": "Outer",
                                                              "Parallel Aware": true,
                                                              "Async Capable": false,
                                                              "Relation Name": "catalog_returns",
                                                              "Alias": "catalog_returns",
                                                              "Startup Cost": 0.0,
                                                              "Total Cost": 34748.95,
                                                              "Plan Rows": 599895,
                                                              "Plan Width": 20,
                                                              "parent": 38,
                                                              "ID": 39
                                                            }
                                                          ],
                                                          "parent": 33,
                                                          "ID": 38,
                                                          "left": 39
                                                        }
                                                      ],
                                                      "parent": 32,
                                                      "ID": 33,
                                                      "left": 34,
                                                      "right": 38
                                                    },
                                                    {
                                                      "Node Type": "Hash",
                                                      "Parent Relationship": "Inner",
                                                      "Parallel Aware": true,
                                                      "Async Capable": false,
                                                      "Startup Cost": 7495.25,
                                                      "Total Cost": 7495.25,
                                                      "Plan Rows": 2442,
                                                      "Plan Width": 4,
                                                      "Plans": [
                                                        {
                                                          "Node Type": "Seq Scan",
                                                          "Parent Relationship": "Outer",
                                                          "Parallel Aware": true,
                                                          "Async Capable": false,
                                                          "Relation Name": "item",
                                                          "Alias": "item_1",
                                                          "Startup Cost": 0.0,
                                                          "Total Cost": 7495.25,
                                                          "Plan Rows": 2442,
                                                          "Plan Width": 4,
                                                          "Filter": "(i_current_price > '50'::numeric)",
                                                          "parent": 40,
                                                          "ID": 41
                                                        }
                                                      ],
                                                      "parent": 32,
                                                      "ID": 40,
                                                      "left": 41
                                                    }
                                                  ],
                                                  "parent": 31,
                                                  "ID": 32,
                                                  "left": 33,
                                                  "right": 40
                                                },
                                                {
                                                  "Node Type": "Hash",
                                                  "Parent Relationship": "Inner",
                                                  "Parallel Aware": false,
                                                  "Async Capable": false,
                                                  "Startup Cost": 19.25,
                                                  "Total Cost": 19.25,
                                                  "Plan Rows": 492,
                                                  "Plan Width": 4,
                                                  "Plans": [
                                                    {
                                                      "Node Type": "Seq Scan",
                                                      "Parent Relationship": "Outer",
                                                      "Parallel Aware": false,
                                                      "Async Capable": false,
                                                      "Relation Name": "promotion",
                                                      "Alias": "promotion_1",
                                                      "Startup Cost": 0.0,
                                                      "Total Cost": 19.25,
                                                      "Plan Rows": 492,
                                                      "Plan Width": 4,
                                                      "Filter": "(p_channel_tv = 'N'::bpchar)",
                                                      "parent": 42,
                                                      "ID": 43
                                                    }
                                                  ],
                                                  "parent": 31,
                                                  "ID": 42,
                                                  "left": 43
                                                }
                                              ],
                                              "parent": 30,
                                              "ID": 31,
                                              "left": 32,
                                              "right": 42
                                            },
                                            {
                                              "Node Type": "Hash",
                                              "Parent Relationship": "Inner",
                                              "Parallel Aware": false,
                                              "Async Capable": false,
                                              "Startup Cost": 368.0,
                                              "Total Cost": 368.0,
                                              "Plan Rows": 12000,
                                              "Plan Width": 21,
                                              "Plans": [
                                                {
                                                  "Node Type": "Seq Scan",
                                                  "Parent Relationship": "Outer",
                                                  "Parallel Aware": false,
                                                  "Async Capable": false,
                                                  "Relation Name": "catalog_page",
                                                  "Alias": "catalog_page",
                                                  "Startup Cost": 0.0,
                                                  "Total Cost": 368.0,
                                                  "Plan Rows": 12000,
                                                  "Plan Width": 21,
                                                  "parent": 44,
                                                  "ID": 45
                                                }
                                              ],
                                              "parent": 30,
                                              "ID": 44,
                                              "left": 45
                                            }
                                          ],
                                          "parent": 29,
                                          "ID": 30,
                                          "left": 31,
                                          "right": 44
                                        }
                                      ],
                                      "parent": 28,
                                      "ID": 29,
                                      "left": 30
                                    }
                                  ],
                                  "parent": 27,
                                  "ID": 28,
                                  "left": 29
                                }
                              ],
                              "parent": 26,
                              "ID": 27,
                              "left": 28
                            }
                          ],
                          "parent": 25,
                          "ID": 26,
                          "left": 27
                        }
                      ],
                      "parent": 3,
                      "ID": 25,
                      "left": 26
                    },
                    {
                      "Node Type": "Subquery Scan",
                      "Parent Relationship": "Member",
                      "Parallel Aware": false,
                      "Async Capable": false,
                      "Alias": "wsr",
                      "Startup Cost": 263919.04,
                      "Total Cost": 263926.75,
                      "Plan Rows": 21,
                      "Plan Width": 160,
                      "Plans": [
                        {
                          "Node Type": "Aggregate",
                          "Strategy": "Sorted",
                          "Partial Mode": "Finalize",
                          "Parent Relationship": "Subquery",
                          "Parallel Aware": false,
                          "Async Capable": false,
                          "Startup Cost": 263919.04,
                          "Total Cost": 263926.43,
                          "Plan Rows": 21,
                          "Plan Width": 113,
                          "Group Key": [
                            "web_site.web_site_id"
                          ],
                          "Plans": [
                            {
                              "Node Type": "Gather Merge",
                              "Parent Relationship": "Outer",
                              "Parallel Aware": false,
                              "Async Capable": false,
                              "Startup Cost": 263919.04,
                              "Total Cost": 263925.33,
                              "Plan Rows": 42,
                              "Plan Width": 113,
                              "Workers Planned": 2,
                              "Plans": [
                                {
                                  "Node Type": "Aggregate",
                                  "Strategy": "Sorted",
                                  "Partial Mode": "Partial",
                                  "Parent Relationship": "Outer",
                                  "Parallel Aware": false,
                                  "Async Capable": false,
                                  "Startup Cost": 262919.01,
                                  "Total Cost": 262920.46,
                                  "Plan Rows": 21,
                                  "Plan Width": 113,
                                  "Group Key": [
                                    "web_site.web_site_id"
                                  ],
                                  "Plans": [
                                    {
                                      "Node Type": "Sort",
                                      "Parent Relationship": "Outer",
                                      "Parallel Aware": false,
                                      "Async Capable": false,
                                      "Startup Cost": 262919.01,
                                      "Total Cost": 262919.19,
                                      "Plan Rows": 72,
                                      "Plan Width": 41,
                                      "Sort Key": [
                                        "web_site.web_site_id"
                                      ],
                                      "Plans": [
                                        {
                                          "Node Type": "Hash Join",
                                          "Parent Relationship": "Outer",
                                          "Parallel Aware": false,
                                          "Async Capable": false,
                                          "Join Type": "Inner",
                                          "Startup Cost": 32134.74,
                                          "Total Cost": 262916.79,
                                          "Plan Rows": 72,
                                          "Plan Width": 41,
                                          "Inner Unique": false,
                                          "Hash Cond": "(web_sales.ws_web_site_sk = web_site.web_site_sk)",
                                          "Plans": [
                                            {
                                              "Node Type": "Hash Join",
                                              "Parent Relationship": "Outer",
                                              "Parallel Aware": false,
                                              "Async Capable": false,
                                              "Join Type": "Inner",
                                              "Startup Cost": 32130.8,
                                              "Total Cost": 262911.86,
                                              "Plan Rows": 72,
                                              "Plan Width": 28,
                                              "Inner Unique": false,
                                              "Hash Cond": "(web_sales.ws_promo_sk = promotion_2.p_promo_sk)",
                                              "Plans": [
                                                {
                                                  "Node Type": "Hash Join",
                                                  "Parent Relationship": "Outer",
                                                  "Parallel Aware": true,
                                                  "Async Capable": false,
                                                  "Join Type": "Inner",
                                                  "Startup Cost": 32105.4,
                                                  "Total Cost": 262885.46,
                                                  "Plan Rows": 73,
                                                  "Plan Width": 32,
                                                  "Inner Unique": false,
                                                  "Hash Cond": "(web_sales.ws_item_sk = item_2.i_item_sk)",
                                                  "Plans": [
                                                    {
                                                      "Node Type": "Hash Join",
                                                      "Parent Relationship": "Outer",
                                                      "Parallel Aware": true,
                                                      "Async Capable": false,
                                                      "Join Type": "Left",
                                                      "Startup Cost": 24579.62,
                                                      "Total Cost": 255354.62,
                                                      "Plan Rows": 1272,
                                                      "Plan Width": 36,
                                                      "Inner Unique": false,
                                                      "Hash Cond": "((web_sales.ws_item_sk = web_returns.wr_item_sk) AND (web_sales.ws_order_number = web_returns.wr_order_number))",
                                                      "Plans": [
                                                        {
                                                          "Node Type": "Hash Join",
                                                          "Parent Relationship": "Outer",
                                                          "Parallel Aware": true,
                                                          "Async Capable": false,
                                                          "Join Type": "Inner",
                                                          "Startup Cost": 2049.78,
                                                          "Total Cost": 231041.22,
                                                          "Plan Rows": 1272,
                                                          "Plan Width": 28,
                                                          "Inner Unique": false,
                                                          "Hash Cond": "(web_sales.ws_sold_date_sk = date_dim_2.d_date_sk)",
                                                          "Plans": [
                                                            {
                                                              "Node Type": "Seq Scan",
                                                              "Parent Relationship": "Outer",
                                                              "Parallel Aware": true,
                                                              "Async Capable": false,
                                                              "Relation Name": "web_sales",
                                                              "Alias": "web_sales",
                                                              "Startup Cost": 0.0,
                                                              "Total Cost": 217737.86,
                                                              "Plan Rows": 2998986,
                                                              "Plan Width": 32,
                                                              "parent": 55,
                                                              "ID": 56
                                                            },
                                                            {
                                                              "Node Type": "Hash",
                                                              "Parent Relationship": "Inner",
                                                              "Parallel Aware": true,
                                                              "Async Capable": false,
                                                              "Startup Cost": 2049.55,
                                                              "Total Cost": 2049.55,
                                                              "Plan Rows": 18,
                                                              "Plan Width": 4,
                                                              "Plans": [
                                                                {
                                                                  "Node Type": "Seq Scan",
                                                                  "Parent Relationship": "Outer",
                                                                  "Parallel Aware": true,
                                                                  "Async Capable": false,
                                                                  "Relation Name": "date_dim",
                                                                  "Alias": "date_dim_2",
                                                                  "Startup Cost": 0.0,
                                                                  "Total Cost": 2049.55,
                                                                  "Plan Rows": 18,
                                                                  "Plan Width": 4,
                                                                  "Filter": "((d_date >= '2000-08-25'::date) AND (d_date <= '2000-09-24 00:00:00'::timestamp without time zone))",
                                                                  "parent": 57,
                                                                  "ID": 58
                                                                }
                                                              ],
                                                              "parent": 55,
                                                              "ID": 57,
                                                              "left": 58
                                                            }
                                                          ],
                                                          "parent": 54,
                                                          "ID": 55,
                                                          "left": 56,
                                                          "right": 57
                                                        },
                                                        {
                                                          "Node Type": "Hash",
                                                          "Parent Relationship": "Inner",
                                                          "Parallel Aware": true,
                                                          "Async Capable": false,
                                                          "Startup Cost": 16278.74,
                                                          "Total Cost": 16278.74,
                                                          "Plan Rows": 299674,
                                                          "Plan Width": 20,
                                                          "Plans": [
                                                            {
                                                              "Node Type": "Seq Scan",
                                                              "Parent Relationship": "Outer",
                                                              "Parallel Aware": true,
                                                              "Async Capable": false,
                                                              "Relation Name": "web_returns",
                                                              "Alias": "web_returns",
                                                              "Startup Cost": 0.0,
                                                              "Total Cost": 16278.74,
                                                              "Plan Rows": 299674,
                                                              "Plan Width": 20,
                                                              "parent": 59,
                                                              "ID": 60
                                                            }
                                                          ],
                                                          "parent": 54,
                                                          "ID": 59,
                                                          "left": 60
                                                        }
                                                      ],
                                                      "parent": 53,
                                                      "ID": 54,
                                                      "left": 55,
                                                      "right": 59
                                                    },
                                                    {
                                                      "Node Type": "Hash",
                                                      "Parent Relationship": "Inner",
                                                      "Parallel Aware": true,
                                                      "Async Capable": false,
                                                      "Startup Cost": 7495.25,
                                                      "Total Cost": 7495.25,
                                                      "Plan Rows": 2442,
                                                      "Plan Width": 4,
                                                      "Plans": [
                                                        {
                                                          "Node Type": "Seq Scan",
                                                          "Parent Relationship": "Outer",
                                                          "Parallel Aware": true,
                                                          "Async Capable": false,
                                                          "Relation Name": "item",
                                                          "Alias": "item_2",
                                                          "Startup Cost": 0.0,
                                                          "Total Cost": 7495.25,
                                                          "Plan Rows": 2442,
                                                          "Plan Width": 4,
                                                          "Filter": "(i_current_price > '50'::numeric)",
                                                          "parent": 61,
                                                          "ID": 62
                                                        }
                                                      ],
                                                      "parent": 53,
                                                      "ID": 61,
                                                      "left": 62
                                                    }
                                                  ],
                                                  "parent": 52,
                                                  "ID": 53,
                                                  "left": 54,
                                                  "right": 61
                                                },
                                                {
                                                  "Node Type": "Hash",
                                                  "Parent Relationship": "Inner",
                                                  "Parallel Aware": false,
                                                  "Async Capable": false,
                                                  "Startup Cost": 19.25,
                                                  "Total Cost": 19.25,
                                                  "Plan Rows": 492,
                                                  "Plan Width": 4,
                                                  "Plans": [
                                                    {
                                                      "Node Type": "Seq Scan",
                                                      "Parent Relationship": "Outer",
                                                      "Parallel Aware": false,
                                                      "Async Capable": false,
                                                      "Relation Name": "promotion",
                                                      "Alias": "promotion_2",
                                                      "Startup Cost": 0.0,
                                                      "Total Cost": 19.25,
                                                      "Plan Rows": 492,
                                                      "Plan Width": 4,
                                                      "Filter": "(p_channel_tv = 'N'::bpchar)",
                                                      "parent": 63,
                                                      "ID": 64
                                                    }
                                                  ],
                                                  "parent": 52,
                                                  "ID": 63,
                                                  "left": 64
                                                }
                                              ],
                                              "parent": 51,
                                              "ID": 52,
                                              "left": 53,
                                              "right": 63
                                            },
                                            {
                                              "Node Type": "Hash",
                                              "Parent Relationship": "Inner",
                                              "Parallel Aware": false,
                                              "Async Capable": false,
                                              "Startup Cost": 3.42,
                                              "Total Cost": 3.42,
                                              "Plan Rows": 42,
                                              "Plan Width": 21,
                                              "Plans": [
                                                {
                                                  "Node Type": "Seq Scan",
                                                  "Parent Relationship": "Outer",
                                                  "Parallel Aware": false,
                                                  "Async Capable": false,
                                                  "Relation Name": "web_site",
                                                  "Alias": "web_site",
                                                  "Startup Cost": 0.0,
                                                  "Total Cost": 3.42,
                                                  "Plan Rows": 42,
                                                  "Plan Width": 21,
                                                  "parent": 65,
                                                  "ID": 66
                                                }
                                              ],
                                              "parent": 51,
                                              "ID": 65,
                                              "left": 66
                                            }
                                          ],
                                          "parent": 50,
                                          "ID": 51,
                                          "left": 52,
                                          "right": 65
                                        }
                                      ],
                                      "parent": 49,
                                      "ID": 50,
                                      "left": 51
                                    }
                                  ],
                                  "parent": 48,
                                  "ID": 49,
                                  "left": 50
                                }
                              ],
                              "parent": 47,
                              "ID": 48,
                              "left": 49
                            }
                          ],
                          "parent": 46,
                          "ID": 47,
                          "left": 48
                        }
                      ],
                      "parent": 3,
                      "ID": 46,
                      "left": 47
                    }
                  ],
                  "parent": 2,
                  "ID": 3,
                  "left": 4,
                  "right": 25
                }
              ],
              "parent": 1,
              "ID": 2,
              "left": 3
            }
          ],
          "parent": 0,
          "ID": 1,
          "left": 2
        }
      ],
      "parent": null,
      "ID": 0,
      "left": 1
    },
    "feat": {
      "utility": 1.8459843057834213e-06,
      "query_shape": [
        [
          "Seq Scan",
          "Hash Join",
          "Sort",
          "Aggregate",
          "Gather Merge",
          "Subquery Scan",
          "Append"
        ],
        [
          "Seq Scan",
          "Hash",
          "Hash Join",
          "Sort",
          "Aggregate",
          "Gather Merge",
          "Subquery Scan",
          "Append"
        ],
        [
          "Seq Scan",
          "Hash",
          "Hash Join",
          "Sort",
          "Aggregate",
          "Gather Merge",
          "Subquery Scan",
          "Append"
        ],
        [
          "Seq Scan",
          "Hash",
          "Hash Join",
          "Sort",
          "Aggregate",
          "Gather Merge",
          "Subquery Scan",
          "Append"
        ],
        [
          "Seq Scan",
          "Hash",
          "Hash Join",
          "Sort",
          "Aggregate",
          "Gather Merge",
          "Subquery Scan",
          "Append"
        ],
        [
          "Seq Scan",
          "Hash",
          "Hash Join",
          "Sort",
          "Aggregate",
          "Gather Merge",
          "Subquery Scan",
          "Append"
        ],
        [
          "Seq Scan",
          "Hash Join",
          "Sort",
          "Aggregate",
          "Gather Merge",
          "Subquery Scan",
          "Append"
        ],
        [
          "Seq Scan",
          "Hash",
          "Hash Join",
          "Sort",
          "Aggregate",
          "Gather Merge",
          "Subquery Scan",
          "Append"
        ],
        [
          "Seq Scan",
          "Hash",
          "Hash Join",
          "Sort",
          "Aggregate",
          "Gather Merge",
          "Subquery Scan",
          "Append"
        ],
        [
          "Seq Scan",
          "Hash",
          "Hash Join",
          "Sort",
          "Aggregate",
          "Gather Merge",
          "Subquery Scan",
          "Append"
        ],
        [
          "Seq Scan",
          "Hash",
          "Hash Join",
          "Sort",
          "Aggregate",
          "Gather Merge",
          "Subquery Scan",
          "Append"
        ],
        [
          "Seq Scan",
          "Hash",
          "Hash Join",
          "Sort",
          "Aggregate",
          "Gather Merge",
          "Subquery Scan",
          "Append"
        ],
        [
          "Seq Scan",
          "Hash Join",
          "Sort",
          "Aggregate",
          "Gather Merge",
          "Subquery Scan",
          "Append"
        ],
        [
          "Seq Scan",
          "Hash",
          "Hash Join",
          "Sort",
          "Aggregate",
          "Gather Merge",
          "Subquery Scan",
          "Append"
        ],
        [
          "Seq Scan",
          "Hash",
          "Hash Join",
          "Sort",
          "Aggregate",
          "Gather Merge",
          "Subquery Scan",
          "Append"
        ],
        [
          "Seq Scan",
          "Hash",
          "Hash Join",
          "Sort",
          "Aggregate",
          "Gather Merge",
          "Subquery Scan",
          "Append"
        ],
        [
          "Seq Scan",
          "Hash",
          "Hash Join",
          "Sort",
          "Aggregate",
          "Gather Merge",
          "Subquery Scan",
          "Append"
        ],
        [
          "Seq Scan",
          "Hash",
          "Hash Join",
          "Sort",
          "Aggregate",
          "Gather Merge",
          "Subquery Scan",
          "Append"
        ]
      ],
      "index_shape": [
        "join"
      ],
      "physical_operator": {
        "Hash Join": [
          0.1543033499620919
        ]
      }
    }
  },
  {
    "query": "with ssr as\n (select  s_store_id as store_id,\n          sum(ss_ext_sales_price) as sales,\n          sum(coalesce(sr_return_amt, 0)) as returns,\n          sum(ss_net_profit - coalesce(sr_net_loss, 0)) as profit\n  from store_sales left outer join store_returns on\n         (ss_item_sk = sr_item_sk and ss_ticket_number = sr_ticket_number),\n     date_dim,\n     store,\n     item,\n     promotion\n where ss_sold_date_sk = d_date_sk\n       and d_date between cast('2000-08-25' as date) \n                  and (cast('2000-08-25' as date) +  interval '30 days')\n       and ss_store_sk = s_store_sk\n       and ss_item_sk = i_item_sk\n       and i_current_price > 50\n       and ss_promo_sk = p_promo_sk\n       and p_channel_tv = 'N'\n group by s_store_id)\n ,\n csr as\n (select  cp_catalog_page_id as catalog_page_id,\n          sum(cs_ext_sales_price) as sales,\n          sum(coalesce(cr_return_amount, 0)) as returns,\n          sum(cs_net_profit - coalesce(cr_net_loss, 0)) as profit\n  from catalog_sales left outer join catalog_returns on\n         (cs_item_sk = cr_item_sk and cs_order_number = cr_order_number),\n     date_dim,\n     catalog_page,\n     item,\n     promotion\n where cs_sold_date_sk = d_date_sk\n       and d_date between cast('2000-08-25' as date)\n                  and (cast('2000-08-25' as date) +  interval '30 days')\n        and cs_catalog_page_sk = cp_catalog_page_sk\n       and cs_item_sk = i_item_sk\n       and i_current_price > 50\n       and cs_promo_sk = p_promo_sk\n       and p_channel_tv = 'N'\ngroup by cp_catalog_page_id)\n ,\n wsr as\n (select  web_site_id,\n          sum(ws_ext_sales_price) as sales,\n          sum(coalesce(wr_return_amt, 0)) as returns,\n          sum(ws_net_profit - coalesce(wr_net_loss, 0)) as profit\n  from web_sales left outer join web_returns on\n         (ws_item_sk = wr_item_sk and ws_order_number = wr_order_number),\n     date_dim,\n     web_site,\n     item,\n     promotion\n where ws_sold_date_sk = d_date_sk\n       and d_date between cast('2000-08-25' as date)\n                  and (cast('2000-08-25' as date) +  interval '30 days')\n        and ws_web_site_sk = web_site_sk\n       and ws_item_sk = i_item_sk\n       and i_current_price > 50\n       and ws_promo_sk = p_promo_sk\n       and p_channel_tv = 'N'\ngroup by web_site_id)\n  select  channel\n        , id\n        , sum(sales) as sales\n        , sum(returns) as returns\n        , sum(profit) as profit\n from \n (select 'store channel' as channel\n        , 'store' || store_id as id\n        , sales\n        , returns\n        , profit\n from   ssr\n union all\n select 'catalog channel' as channel\n        , 'catalog_page' || catalog_page_id as id\n        , sales\n        , returns\n        , profit\n from  csr\n union all\n select 'web channel' as channel\n        , 'web_site' || web_site_id as id\n        , sales\n        , returns\n        , profit\n from   wsr\n ) x\n group by rollup (channel, id)\n order by channel\n         ,id\n limit 100;\n\n-- end query 61 in stream 1 using template query80.tpl\n",
    "indexes": "web_site.web_site_id",
    "wo plan est": {
      "Node Type": "Limit",
      "Parallel Aware": false,
      "Async Capable": false,
      "Startup Cost": 1566793.64,
      "Total Cost": 1566796.93,
      "Plan Rows": 100,
      "Plan Width": 160,
      "Plans": [
        {
          "Node Type": "Aggregate",
          "Strategy": "Sorted",
          "Partial Mode": "Simple",
          "Parent Relationship": "Outer",
          "Parallel Aware": false,
          "Async Capable": false,
          "Startup Cost": 1566793.64,
          "Total Cost": 1566806.84,
          "Plan Rows": 401,
          "Plan Width": 160,
          "Grouping Sets": [
            {
              "Group Keys": [
                [
                  "('store channel'::text)",
                  "(('store'::text || (ssr.store_id)::text))"
                ],
                [
                  "('store channel'::text)"
                ],
                []
              ]
            }
          ],
          "Plans": [
            {
              "Node Type": "Sort",
              "Parent Relationship": "Outer",
              "Parallel Aware": false,
              "Async Capable": false,
              "Startup Cost": 1566793.64,
              "Total Cost": 1566794.67,
              "Plan Rows": 412,
              "Plan Width": 160,
              "Sort Key": [
                "('store channel'::text)",
                "(('store'::text || (ssr.store_id)::text))"
              ],
              "Plans": [
                {
                  "Node Type": "Append",
                  "Parent Relationship": "Outer",
                  "Parallel Aware": false,
                  "Async Capable": false,
                  "Startup Cost": 784596.3,
                  "Total Cost": 1566775.74,
                  "Plan Rows": 412,
                  "Plan Width": 160,
                  "Subplans Removed": 0,
                  "Plans": [
                    {
                      "Node Type": "Subquery Scan",
                      "Parent Relationship": "Member",
                      "Parallel Aware": false,
                      "Async Capable": false,
                      "Alias": "ssr",
                      "Startup Cost": 784596.3,
                      "Total Cost": 784616.16,
                      "Plan Rows": 51,
                      "Plan Width": 160,
                      "Plans": [
                        {
                          "Node Type": "Aggregate",
                          "Strategy": "Sorted",
                          "Partial Mode": "Finalize",
                          "Parent Relationship": "Subquery",
                          "Parallel Aware": false,
                          "Async Capable": false,
                          "Startup Cost": 784596.3,
                          "Total Cost": 784615.39,
                          "Plan Rows": 51,
                          "Plan Width": 113,
                          "Group Key": [
                            "store.s_store_id"
                          ],
                          "Plans": [
                            {
                              "Node Type": "Gather Merge",
                              "Parent Relationship": "Outer",
                              "Parallel Aware": false,
                              "Async Capable": false,
                              "Startup Cost": 784596.3,
                              "Total Cost": 784612.71,
                              "Plan Rows": 102,
                              "Plan Width": 113,
                              "Workers Planned": 2,
                              "Plans": [
                                {
                                  "Node Type": "Aggregate",
                                  "Strategy": "Sorted",
                                  "Partial Mode": "Partial",
                                  "Parent Relationship": "Outer",
                                  "Parallel Aware": false,
                                  "Async Capable": false,
                                  "Startup Cost": 783596.27,
                                  "Total Cost": 783600.92,
                                  "Plan Rows": 51,
                                  "Plan Width": 113,
                                  "Group Key": [
                                    "store.s_store_id"
                                  ],
                                  "Plans": [
                                    {
                                      "Node Type": "Sort",
                                      "Parent Relationship": "Outer",
                                      "Parallel Aware": false,
                                      "Async Capable": false,
                                      "Startup Cost": 783596.27,
                                      "Total Cost": 783596.9,
                                      "Plan Rows": 250,
                                      "Plan Width": 41,
                                      "Sort Key": [
                                        "store.s_store_id"
                                      ],
                                      "Plans": [
                                        {
                                          "Node Type": "Hash Join",
                                          "Parent Relationship": "Outer",
                                          "Parallel Aware": false,
                                          "Async Capable": false,
                                          "Join Type": "Inner",
                                          "Startup Cost": 94489.35,
                                          "Total Cost": 783586.32,
                                          "Plan Rows": 250,
                                          "Plan Width": 41,
                                          "Inner Unique": false,
                                          "Hash Cond": "(store_sales.ss_store_sk = store.s_store_sk)",
                                          "Plans": [
                                            {
                                              "Node Type": "Hash Join",
                                              "Parent Relationship": "Outer",
                                              "Parallel Aware": false,
                                              "Async Capable": false,
                                              "Join Type": "Inner",
                                              "Startup Cost": 94482.05,
                                              "Total Cost": 783575.54,
                                              "Plan Rows": 262,
                                              "Plan Width": 28,
                                              "Inner Unique": false,
                                              "Hash Cond": "(store_sales.ss_promo_sk = promotion.p_promo_sk)",
                                              "Plans": [
                                                {
                                                  "Node Type": "Hash Join",
                                                  "Parent Relationship": "Outer",
                                                  "Parallel Aware": true,
                                                  "Async Capable": false,
                                                  "Join Type": "Inner",
                                                  "Startup Cost": 94456.65,
                                                  "Total Cost": 783546.47,
                                                  "Plan Rows": 279,
                                                  "Plan Width": 32,
                                                  "Inner Unique": false,
                                                  "Hash Cond": "(store_sales.ss_item_sk = item.i_item_sk)",
                                                  "Plans": [
                                                    {
                                                      "Node Type": "Hash Join",
                                                      "Parent Relationship": "Outer",
                                                      "Parallel Aware": true,
                                                      "Async Capable": false,
                                                      "Join Type": "Left",
                                                      "Startup Cost": 86930.88,
                                                      "Total Cost": 776001.31,
                                                      "Plan Rows": 4860,
                                                      "Plan Width": 36,
                                                      "Inner Unique": false,
                                                      "Hash Cond": "((store_sales.ss_item_sk = store_returns.sr_item_sk) AND (store_sales.ss_ticket_number = store_returns.sr_ticket_number))",
                                                      "Plans": [
                                                        {
                                                          "Node Type": "Hash Join",
                                                          "Parent Relationship": "Outer",
                                                          "Parallel Aware": true,
                                                          "Async Capable": false,
                                                          "Join Type": "Inner",
                                                          "Startup Cost": 2049.78,
                                                          "Total Cost": 683994.75,
                                                          "Plan Rows": 4860,
                                                          "Plan Width": 28,
                                                          "Inner Unique": false,
                                                          "Hash Cond": "(store_sales.ss_sold_date_sk = date_dim.d_date_sk)",
                                                          "Plans": [
                                                            {
                                                              "Node Type": "Seq Scan",
                                                              "Parent Relationship": "Outer",
                                                              "Parallel Aware": true,
                                                              "Async Capable": false,
                                                              "Relation Name": "store_sales",
                                                              "Alias": "store_sales",
                                                              "Startup Cost": 0.0,
                                                              "Total Cost": 636914.37,
                                                              "Plan Rows": 12000637,
                                                              "Plan Width": 32,
                                                              "parent": 13,
                                                              "ID": 14
                                                            },
                                                            {
                                                              "Node Type": "Hash",
                                                              "Parent Relationship": "Inner",
                                                              "Parallel Aware": true,
                                                              "Async Capable": false,
                                                              "Startup Cost": 2049.55,
                                                              "Total Cost": 2049.55,
                                                              "Plan Rows": 18,
                                                              "Plan Width": 4,
                                                              "Plans": [
                                                                {
                                                                  "Node Type": "Seq Scan",
                                                                  "Parent Relationship": "Outer",
                                                                  "Parallel Aware": true,
                                                                  "Async Capable": false,
                                                                  "Relation Name": "date_dim",
                                                                  "Alias": "date_dim",
                                                                  "Startup Cost": 0.0,
                                                                  "Total Cost": 2049.55,
                                                                  "Plan Rows": 18,
                                                                  "Plan Width": 4,
                                                                  "Filter": "((d_date >= '2000-08-25'::date) AND (d_date <= '2000-09-24 00:00:00'::timestamp without time zone))",
                                                                  "parent": 15,
                                                                  "ID": 16
                                                                }
                                                              ],
                                                              "parent": 13,
                                                              "ID": 15,
                                                              "left": 16
                                                            }
                                                          ],
                                                          "parent": 12,
                                                          "ID": 13,
                                                          "left": 14,
                                                          "right": 15
                                                        },
                                                        {
                                                          "Node Type": "Hash",
                                                          "Parent Relationship": "Inner",
                                                          "Parallel Aware": true,
                                                          "Async Capable": false,
                                                          "Startup Cost": 59887.64,
                                                          "Total Cost": 59887.64,
                                                          "Plan Rows": 1198164,
                                                          "Plan Width": 20,
                                                          "Plans": [
                                                            {
                                                              "Node Type": "Seq Scan",
                                                              "Parent Relationship": "Outer",
                                                              "Parallel Aware": true,
                                                              "Async Capable": false,
                                                              "Relation Name": "store_returns",
                                                              "Alias": "store_returns",
                                                              "Startup Cost": 0.0,
                                                              "Total Cost": 59887.64,
                                                              "Plan Rows": 1198164,
                                                              "Plan Width": 20,
                                                              "parent": 17,
                                                              "ID": 18
                                                            }
                                                          ],
                                                          "parent": 12,
                                                          "ID": 17,
                                                          "left": 18
                                                        }
                                                      ],
                                                      "parent": 11,
                                                      "ID": 12,
                                                      "left": 13,
                                                      "right": 17
                                                    },
                                                    {
                                                      "Node Type": "Hash",
                                                      "Parent Relationship": "Inner",
                                                      "Parallel Aware": true,
                                                      "Async Capable": false,
                                                      "Startup Cost": 7495.25,
                                                      "Total Cost": 7495.25,
                                                      "Plan Rows": 2442,
                                                      "Plan Width": 4,
                                                      "Plans": [
                                                        {
                                                          "Node Type": "Seq Scan",
                                                          "Parent Relationship": "Outer",
                                                          "Parallel Aware": true,
                                                          "Async Capable": false,
                                                          "Relation Name": "item",
                                                          "Alias": "item",
                                                          "Startup Cost": 0.0,
                                                          "Total Cost": 7495.25,
                                                          "Plan Rows": 2442,
                                                          "Plan Width": 4,
                                                          "Filter": "(i_current_price > '50'::numeric)",
                                                          "parent": 19,
                                                          "ID": 20
                                                        }
                                                      ],
                                                      "parent": 11,
                                                      "ID": 19,
                                                      "left": 20
                                                    }
                                                  ],
                                                  "parent": 10,
                                                  "ID": 11,
                                                  "left": 12,
                                                  "right": 19
                                                },
                                                {
                                                  "Node Type": "Hash",
                                                  "Parent Relationship": "Inner",
                                                  "Parallel Aware": false,
                                                  "Async Capable": false,
                                                  "Startup Cost": 19.25,
                                                  "Total Cost": 19.25,
                                                  "Plan Rows": 492,
                                                  "Plan Width": 4,
                                                  "Plans": [
                                                    {
                                                      "Node Type": "Seq Scan",
                                                      "Parent Relationship": "Outer",
                                                      "Parallel Aware": false,
                                                      "Async Capable": false,
                                                      "Relation Name": "promotion",
                                                      "Alias": "promotion",
                                                      "Startup Cost": 0.0,
                                                      "Total Cost": 19.25,
                                                      "Plan Rows": 492,
                                                      "Plan Width": 4,
                                                      "Filter": "(p_channel_tv = 'N'::bpchar)",
                                                      "parent": 21,
                                                      "ID": 22
                                                    }
                                                  ],
                                                  "parent": 10,
                                                  "ID": 21,
                                                  "left": 22
                                                }
                                              ],
                                              "parent": 9,
                                              "ID": 10,
                                              "left": 11,
                                              "right": 21
                                            },
                                            {
                                              "Node Type": "Hash",
                                              "Parent Relationship": "Inner",
                                              "Parallel Aware": false,
                                              "Async Capable": false,
                                              "Startup Cost": 6.02,
                                              "Total Cost": 6.02,
                                              "Plan Rows": 102,
                                              "Plan Width": 21,
                                              "Plans": [
                                                {
                                                  "Node Type": "Seq Scan",
                                                  "Parent Relationship": "Outer",
                                                  "Parallel Aware": false,
                                                  "Async Capable": false,
                                                  "Relation Name": "store",
                                                  "Alias": "store",
                                                  "Startup Cost": 0.0,
                                                  "Total Cost": 6.02,
                                                  "Plan Rows": 102,
                                                  "Plan Width": 21,
                                                  "parent": 23,
                                                  "ID": 24
                                                }
                                              ],
                                              "parent": 9,
                                              "ID": 23,
                                              "left": 24
                                            }
                                          ],
                                          "parent": 8,
                                          "ID": 9,
                                          "left": 10,
                                          "right": 23
                                        }
                                      ],
                                      "parent": 7,
                                      "ID": 8,
                                      "left": 9
                                    }
                                  ],
                                  "parent": 6,
                                  "ID": 7,
                                  "left": 8
                                }
                              ],
                              "parent": 5,
                              "ID": 6,
                              "left": 7
                            }
                          ],
                          "parent": 4,
                          "ID": 5,
                          "left": 6
                        }
                      ],
                      "parent": 3,
                      "ID": 4,
                      "left": 5
                    },
                    {
                      "Node Type": "Subquery Scan",
                      "Parent Relationship": "Member",
                      "Parallel Aware": false,
                      "Async Capable": false,
                      "Alias": "csr",
                      "Startup Cost": 518177.36,
                      "Total Cost": 518230.78,
                      "Plan Rows": 340,
                      "Plan Width": 160,
                      "Plans": [
                        {
                          "Node Type": "Aggregate",
                          "Strategy": "Sorted",
                          "Partial Mode": "Finalize",
                          "Parent Relationship": "Subquery",
                          "Parallel Aware": false,
                          "Async Capable": false,
                          "Startup Cost": 518177.36,
                          "Total Cost": 518225.68,
                          "Plan Rows": 340,
                          "Plan Width": 113,
                          "Group Key": [
                            "catalog_page.cp_catalog_page_id"
                          ],
                          "Plans": [
                            {
                              "Node Type": "Gather Merge",
                              "Parent Relationship": "Outer",
                              "Parallel Aware": false,
                              "Async Capable": false,
                              "Startup Cost": 518177.36,
                              "Total Cost": 518214.76,
                              "Plan Rows": 284,
                              "Plan Width": 113,
                              "Workers Planned": 2,
                              "Plans": [
                                {
                                  "Node Type": "Aggregate",
                                  "Strategy": "Sorted",
                                  "Partial Mode": "Partial",
                                  "Parent Relationship": "Outer",
                                  "Parallel Aware": false,
                                  "Async Capable": false,
                                  "Startup Cost": 517177.34,
                                  "Total Cost": 517181.95,
                                  "Plan Rows": 142,
                                  "Plan Width": 113,
                                  "Group Key": [
                                    "catalog_page.cp_catalog_page_id"
                                  ],
                                  "Plans": [
                                    {
                                      "Node Type": "Sort",
                                      "Parent Relationship": "Outer",
                                      "Parallel Aware": false,
                                      "Async Capable": false,
                                      "Startup Cost": 517177.34,
                                      "Total Cost": 517177.69,
                                      "Plan Rows": 142,
                                      "Plan Width": 41,
                                      "Sort Key": [
                                        "catalog_page.cp_catalog_page_id"
                                      ],
                                      "Plans": [
                                        {
                                          "Node Type": "Hash Join",
                                          "Parent Relationship": "Outer",
                                          "Parallel Aware": false,
                                          "Async Capable": false,
                                          "Join Type": "Inner",
                                          "Startup Cost": 57382.33,
                                          "Total Cost": 517172.26,
                                          "Plan Rows": 142,
                                          "Plan Width": 41,
                                          "Inner Unique": false,
                                          "Hash Cond": "(catalog_sales.cs_catalog_page_sk = catalog_page.cp_catalog_page_sk)",
                                          "Plans": [
                                            {
                                              "Node Type": "Hash Join",
                                              "Parent Relationship": "Outer",
                                              "Parallel Aware": false,
                                              "Async Capable": false,
                                              "Join Type": "Inner",
                                              "Startup Cost": 56864.33,
                                              "Total Cost": 516652.32,
                                              "Plan Rows": 142,
                                              "Plan Width": 28,
                                              "Inner Unique": false,
                                              "Hash Cond": "(catalog_sales.cs_promo_sk = promotion_1.p_promo_sk)",
                                              "Plans": [
                                                {
                                                  "Node Type": "Hash Join",
                                                  "Parent Relationship": "Outer",
                                                  "Parallel Aware": true,
                                                  "Async Capable": false,
                                                  "Join Type": "Inner",
                                                  "Startup Cost": 56838.93,
                                                  "Total Cost": 516624.96,
                                                  "Plan Rows": 145,
                                                  "Plan Width": 32,
                                                  "Inner Unique": false,
                                                  "Hash Cond": "(catalog_sales.cs_item_sk = item_1.i_item_sk)",
                                                  "Plans": [
                                                    {
                                                      "Node Type": "Hash Join",
                                                      "Parent Relationship": "Outer",
                                                      "Parallel Aware": true,
                                                      "Async Capable": false,
                                                      "Join Type": "Left",
                                                      "Startup Cost": 49313.15,
                                                      "Total Cost": 509089.08,
                                                      "Plan Rows": 2532,
                                                      "Plan Width": 36,
                                                      "Inner Unique": false,
                                                      "Hash Cond": "((catalog_sales.cs_item_sk = catalog_returns.cr_item_sk) AND (catalog_sales.cs_order_number = catalog_returns.cr_order_number))",
                                                      "Plans": [
                                                        {
                                                          "Node Type": "Hash Join",
                                                          "Parent Relationship": "Outer",
                                                          "Parallel Aware": true,
                                                          "Async Capable": false,
                                                          "Join Type": "Inner",
                                                          "Startup Cost": 2049.78,
                                                          "Total Cost": 458254.7,
                                                          "Plan Rows": 2532,
                                                          "Plan Width": 28,
                                                          "Inner Unique": false,
                                                          "Hash Cond": "(catalog_sales.cs_sold_date_sk = date_dim_1.d_date_sk)",
                                                          "Plans": [
                                                            {
                                                              "Node Type": "Seq Scan",
                                                              "Parent Relationship": "Outer",
                                                              "Parallel Aware": true,
                                                              "Async Capable": false,
                                                              "Relation Name": "catalog_sales",
                                                              "Alias": "catalog_sales",
                                                              "Startup Cost": 0.0,
                                                              "Total Cost": 433688.25,
                                                              "Plan Rows": 6000525,
                                                              "Plan Width": 32,
                                                              "parent": 34,
                                                              "ID": 35
                                                            },
                                                            {
                                                              "Node Type": "Hash",
                                                              "Parent Relationship": "Inner",
                                                              "Parallel Aware": true,
                                                              "Async Capable": false,
                                                              "Startup Cost": 2049.55,
                                                              "Total Cost": 2049.55,
                                                              "Plan Rows": 18,
                                                              "Plan Width": 4,
                                                              "Plans": [
                                                                {
                                                                  "Node Type": "Seq Scan",
                                                                  "Parent Relationship": "Outer",
                                                                  "Parallel Aware": true,
                                                                  "Async Capable": false,
                                                                  "Relation Name": "date_dim",
                                                                  "Alias": "date_dim_1",
                                                                  "Startup Cost": 0.0,
                                                                  "Total Cost": 2049.55,
                                                                  "Plan Rows": 18,
                                                                  "Plan Width": 4,
                                                                  "Filter": "((d_date >= '2000-08-25'::date) AND (d_date <= '2000-09-24 00:00:00'::timestamp without time zone))",
                                                                  "parent": 36,
                                                                  "ID": 37
                                                                }
                                                              ],
                                                              "parent": 34,
                                                              "ID": 36,
                                                              "left": 37
                                                            }
                                                          ],
                                                          "parent": 33,
                                                          "ID": 34,
                                                          "left": 35,
                                                          "right": 36
                                                        },
                                                        {
                                                          "Node Type": "Hash",
                                                          "Parent Relationship": "Inner",
                                                          "Parallel Aware": true,
                                                          "Async Capable": false,
                                                          "Startup Cost": 34748.95,
                                                          "Total Cost": 34748.95,
                                                          "Plan Rows": 599895,
                                                          "Plan Width": 20,
                                                          "Plans": [
                                                            {
                                                              "Node Type": "Seq Scan",
                                                              "Parent Relationship": "Outer",
                                                              "Parallel Aware": true,
                                                              "Async Capable": false,
                                                              "Relation Name": "catalog_returns",
                                                              "Alias": "catalog_returns",
                                                              "Startup Cost": 0.0,
                                                              "Total Cost": 34748.95,
                                                              "Plan Rows": 599895,
                                                              "Plan Width": 20,
                                                              "parent": 38,
                                                              "ID": 39
                                                            }
                                                          ],
                                                          "parent": 33,
                                                          "ID": 38,
                                                          "left": 39
                                                        }
                                                      ],
                                                      "parent": 32,
                                                      "ID": 33,
                                                      "left": 34,
                                                      "right": 38
                                                    },
                                                    {
                                                      "Node Type": "Hash",
                                                      "Parent Relationship": "Inner",
                                                      "Parallel Aware": true,
                                                      "Async Capable": false,
                                                      "Startup Cost": 7495.25,
                                                      "Total Cost": 7495.25,
                                                      "Plan Rows": 2442,
                                                      "Plan Width": 4,
                                                      "Plans": [
                                                        {
                                                          "Node Type": "Seq Scan",
                                                          "Parent Relationship": "Outer",
                                                          "Parallel Aware": true,
                                                          "Async Capable": false,
                                                          "Relation Name": "item",
                                                          "Alias": "item_1",
                                                          "Startup Cost": 0.0,
                                                          "Total Cost": 7495.25,
                                                          "Plan Rows": 2442,
                                                          "Plan Width": 4,
                                                          "Filter": "(i_current_price > '50'::numeric)",
                                                          "parent": 40,
                                                          "ID": 41
                                                        }
                                                      ],
                                                      "parent": 32,
                                                      "ID": 40,
                                                      "left": 41
                                                    }
                                                  ],
                                                  "parent": 31,
                                                  "ID": 32,
                                                  "left": 33,
                                                  "right": 40
                                                },
                                                {
                                                  "Node Type": "Hash",
                                                  "Parent Relationship": "Inner",
                                                  "Parallel Aware": false,
                                                  "Async Capable": false,
                                                  "Startup Cost": 19.25,
                                                  "Total Cost": 19.25,
                                                  "Plan Rows": 492,
                                                  "Plan Width": 4,
                                                  "Plans": [
                                                    {
                                                      "Node Type": "Seq Scan",
                                                      "Parent Relationship": "Outer",
                                                      "Parallel Aware": false,
                                                      "Async Capable": false,
                                                      "Relation Name": "promotion",
                                                      "Alias": "promotion_1",
                                                      "Startup Cost": 0.0,
                                                      "Total Cost": 19.25,
                                                      "Plan Rows": 492,
                                                      "Plan Width": 4,
                                                      "Filter": "(p_channel_tv = 'N'::bpchar)",
                                                      "parent": 42,
                                                      "ID": 43
                                                    }
                                                  ],
                                                  "parent": 31,
                                                  "ID": 42,
                                                  "left": 43
                                                }
                                              ],
                                              "parent": 30,
                                              "ID": 31,
                                              "left": 32,
                                              "right": 42
                                            },
                                            {
                                              "Node Type": "Hash",
                                              "Parent Relationship": "Inner",
                                              "Parallel Aware": false,
                                              "Async Capable": false,
                                              "Startup Cost": 368.0,
                                              "Total Cost": 368.0,
                                              "Plan Rows": 12000,
                                              "Plan Width": 21,
                                              "Plans": [
                                                {
                                                  "Node Type": "Seq Scan",
                                                  "Parent Relationship": "Outer",
                                                  "Parallel Aware": false,
                                                  "Async Capable": false,
                                                  "Relation Name": "catalog_page",
                                                  "Alias": "catalog_page",
                                                  "Startup Cost": 0.0,
                                                  "Total Cost": 368.0,
                                                  "Plan Rows": 12000,
                                                  "Plan Width": 21,
                                                  "parent": 44,
                                                  "ID": 45
                                                }
                                              ],
                                              "parent": 30,
                                              "ID": 44,
                                              "left": 45
                                            }
                                          ],
                                          "parent": 29,
                                          "ID": 30,
                                          "left": 31,
                                          "right": 44
                                        }
                                      ],
                                      "parent": 28,
                                      "ID": 29,
                                      "left": 30
                                    }
                                  ],
                                  "parent": 27,
                                  "ID": 28,
                                  "left": 29
                                }
                              ],
                              "parent": 26,
                              "ID": 27,
                              "left": 28
                            }
                          ],
                          "parent": 25,
                          "ID": 26,
                          "left": 27
                        }
                      ],
                      "parent": 3,
                      "ID": 25,
                      "left": 26
                    },
                    {
                      "Node Type": "Subquery Scan",
                      "Parent Relationship": "Member",
                      "Parallel Aware": false,
                      "Async Capable": false,
                      "Alias": "wsr",
                      "Startup Cost": 263919.04,
                      "Total Cost": 263926.75,
                      "Plan Rows": 21,
                      "Plan Width": 160,
                      "Plans": [
                        {
                          "Node Type": "Aggregate",
                          "Strategy": "Sorted",
                          "Partial Mode": "Finalize",
                          "Parent Relationship": "Subquery",
                          "Parallel Aware": false,
                          "Async Capable": false,
                          "Startup Cost": 263919.04,
                          "Total Cost": 263926.43,
                          "Plan Rows": 21,
                          "Plan Width": 113,
                          "Group Key": [
                            "web_site.web_site_id"
                          ],
                          "Plans": [
                            {
                              "Node Type": "Gather Merge",
                              "Parent Relationship": "Outer",
                              "Parallel Aware": false,
                              "Async Capable": false,
                              "Startup Cost": 263919.04,
                              "Total Cost": 263925.33,
                              "Plan Rows": 42,
                              "Plan Width": 113,
                              "Workers Planned": 2,
                              "Plans": [
                                {
                                  "Node Type": "Aggregate",
                                  "Strategy": "Sorted",
                                  "Partial Mode": "Partial",
                                  "Parent Relationship": "Outer",
                                  "Parallel Aware": false,
                                  "Async Capable": false,
                                  "Startup Cost": 262919.01,
                                  "Total Cost": 262920.46,
                                  "Plan Rows": 21,
                                  "Plan Width": 113,
                                  "Group Key": [
                                    "web_site.web_site_id"
                                  ],
                                  "Plans": [
                                    {
                                      "Node Type": "Sort",
                                      "Parent Relationship": "Outer",
                                      "Parallel Aware": false,
                                      "Async Capable": false,
                                      "Startup Cost": 262919.01,
                                      "Total Cost": 262919.19,
                                      "Plan Rows": 72,
                                      "Plan Width": 41,
                                      "Sort Key": [
                                        "web_site.web_site_id"
                                      ],
                                      "Plans": [
                                        {
                                          "Node Type": "Hash Join",
                                          "Parent Relationship": "Outer",
                                          "Parallel Aware": false,
                                          "Async Capable": false,
                                          "Join Type": "Inner",
                                          "Startup Cost": 32134.74,
                                          "Total Cost": 262916.79,
                                          "Plan Rows": 72,
                                          "Plan Width": 41,
                                          "Inner Unique": false,
                                          "Hash Cond": "(web_sales.ws_web_site_sk = web_site.web_site_sk)",
                                          "Plans": [
                                            {
                                              "Node Type": "Hash Join",
                                              "Parent Relationship": "Outer",
                                              "Parallel Aware": false,
                                              "Async Capable": false,
                                              "Join Type": "Inner",
                                              "Startup Cost": 32130.8,
                                              "Total Cost": 262911.86,
                                              "Plan Rows": 72,
                                              "Plan Width": 28,
                                              "Inner Unique": false,
                                              "Hash Cond": "(web_sales.ws_promo_sk = promotion_2.p_promo_sk)",
                                              "Plans": [
                                                {
                                                  "Node Type": "Hash Join",
                                                  "Parent Relationship": "Outer",
                                                  "Parallel Aware": true,
                                                  "Async Capable": false,
                                                  "Join Type": "Inner",
                                                  "Startup Cost": 32105.4,
                                                  "Total Cost": 262885.46,
                                                  "Plan Rows": 73,
                                                  "Plan Width": 32,
                                                  "Inner Unique": false,
                                                  "Hash Cond": "(web_sales.ws_item_sk = item_2.i_item_sk)",
                                                  "Plans": [
                                                    {
                                                      "Node Type": "Hash Join",
                                                      "Parent Relationship": "Outer",
                                                      "Parallel Aware": true,
                                                      "Async Capable": false,
                                                      "Join Type": "Left",
                                                      "Startup Cost": 24579.62,
                                                      "Total Cost": 255354.62,
                                                      "Plan Rows": 1272,
                                                      "Plan Width": 36,
                                                      "Inner Unique": false,
                                                      "Hash Cond": "((web_sales.ws_item_sk = web_returns.wr_item_sk) AND (web_sales.ws_order_number = web_returns.wr_order_number))",
                                                      "Plans": [
                                                        {
                                                          "Node Type": "Hash Join",
                                                          "Parent Relationship": "Outer",
                                                          "Parallel Aware": true,
                                                          "Async Capable": false,
                                                          "Join Type": "Inner",
                                                          "Startup Cost": 2049.78,
                                                          "Total Cost": 231041.22,
                                                          "Plan Rows": 1272,
                                                          "Plan Width": 28,
                                                          "Inner Unique": false,
                                                          "Hash Cond": "(web_sales.ws_sold_date_sk = date_dim_2.d_date_sk)",
                                                          "Plans": [
                                                            {
                                                              "Node Type": "Seq Scan",
                                                              "Parent Relationship": "Outer",
                                                              "Parallel Aware": true,
                                                              "Async Capable": false,
                                                              "Relation Name": "web_sales",
                                                              "Alias": "web_sales",
                                                              "Startup Cost": 0.0,
                                                              "Total Cost": 217737.86,
                                                              "Plan Rows": 2998986,
                                                              "Plan Width": 32,
                                                              "parent": 55,
                                                              "ID": 56
                                                            },
                                                            {
                                                              "Node Type": "Hash",
                                                              "Parent Relationship": "Inner",
                                                              "Parallel Aware": true,
                                                              "Async Capable": false,
                                                              "Startup Cost": 2049.55,
                                                              "Total Cost": 2049.55,
                                                              "Plan Rows": 18,
                                                              "Plan Width": 4,
                                                              "Plans": [
                                                                {
                                                                  "Node Type": "Seq Scan",
                                                                  "Parent Relationship": "Outer",
                                                                  "Parallel Aware": true,
                                                                  "Async Capable": false,
                                                                  "Relation Name": "date_dim",
                                                                  "Alias": "date_dim_2",
                                                                  "Startup Cost": 0.0,
                                                                  "Total Cost": 2049.55,
                                                                  "Plan Rows": 18,
                                                                  "Plan Width": 4,
                                                                  "Filter": "((d_date >= '2000-08-25'::date) AND (d_date <= '2000-09-24 00:00:00'::timestamp without time zone))",
                                                                  "parent": 57,
                                                                  "ID": 58
                                                                }
                                                              ],
                                                              "parent": 55,
                                                              "ID": 57,
                                                              "left": 58
                                                            }
                                                          ],
                                                          "parent": 54,
                                                          "ID": 55,
                                                          "left": 56,
                                                          "right": 57
                                                        },
                                                        {
                                                          "Node Type": "Hash",
                                                          "Parent Relationship": "Inner",
                                                          "Parallel Aware": true,
                                                          "Async Capable": false,
                                                          "Startup Cost": 16278.74,
                                                          "Total Cost": 16278.74,
                                                          "Plan Rows": 299674,
                                                          "Plan Width": 20,
                                                          "Plans": [
                                                            {
                                                              "Node Type": "Seq Scan",
                                                              "Parent Relationship": "Outer",
                                                              "Parallel Aware": true,
                                                              "Async Capable": false,
                                                              "Relation Name": "web_returns",
                                                              "Alias": "web_returns",
                                                              "Startup Cost": 0.0,
                                                              "Total Cost": 16278.74,
                                                              "Plan Rows": 299674,
                                                              "Plan Width": 20,
                                                              "parent": 59,
                                                              "ID": 60
                                                            }
                                                          ],
                                                          "parent": 54,
                                                          "ID": 59,
                                                          "left": 60
                                                        }
                                                      ],
                                                      "parent": 53,
                                                      "ID": 54,
                                                      "left": 55,
                                                      "right": 59
                                                    },
                                                    {
                                                      "Node Type": "Hash",
                                                      "Parent Relationship": "Inner",
                                                      "Parallel Aware": true,
                                                      "Async Capable": false,
                                                      "Startup Cost": 7495.25,
                                                      "Total Cost": 7495.25,
                                                      "Plan Rows": 2442,
                                                      "Plan Width": 4,
                                                      "Plans": [
                                                        {
                                                          "Node Type": "Seq Scan",
                                                          "Parent Relationship": "Outer",
                                                          "Parallel Aware": true,
                                                          "Async Capable": false,
                                                          "Relation Name": "item",
                                                          "Alias": "item_2",
                                                          "Startup Cost": 0.0,
                                                          "Total Cost": 7495.25,
                                                          "Plan Rows": 2442,
                                                          "Plan Width": 4,
                                                          "Filter": "(i_current_price > '50'::numeric)",
                                                          "parent": 61,
                                                          "ID": 62
                                                        }
                                                      ],
                                                      "parent": 53,
                                                      "ID": 61,
                                                      "left": 62
                                                    }
                                                  ],
                                                  "parent": 52,
                                                  "ID": 53,
                                                  "left": 54,
                                                  "right": 61
                                                },
                                                {
                                                  "Node Type": "Hash",
                                                  "Parent Relationship": "Inner",
                                                  "Parallel Aware": false,
                                                  "Async Capable": false,
                                                  "Startup Cost": 19.25,
                                                  "Total Cost": 19.25,
                                                  "Plan Rows": 492,
                                                  "Plan Width": 4,
                                                  "Plans": [
                                                    {
                                                      "Node Type": "Seq Scan",
                                                      "Parent Relationship": "Outer",
                                                      "Parallel Aware": false,
                                                      "Async Capable": false,
                                                      "Relation Name": "promotion",
                                                      "Alias": "promotion_2",
                                                      "Startup Cost": 0.0,
                                                      "Total Cost": 19.25,
                                                      "Plan Rows": 492,
                                                      "Plan Width": 4,
                                                      "Filter": "(p_channel_tv = 'N'::bpchar)",
                                                      "parent": 63,
                                                      "ID": 64
                                                    }
                                                  ],
                                                  "parent": 52,
                                                  "ID": 63,
                                                  "left": 64
                                                }
                                              ],
                                              "parent": 51,
                                              "ID": 52,
                                              "left": 53,
                                              "right": 63
                                            },
                                            {
                                              "Node Type": "Hash",
                                              "Parent Relationship": "Inner",
                                              "Parallel Aware": false,
                                              "Async Capable": false,
                                              "Startup Cost": 3.42,
                                              "Total Cost": 3.42,
                                              "Plan Rows": 42,
                                              "Plan Width": 21,
                                              "Plans": [
                                                {
                                                  "Node Type": "Seq Scan",
                                                  "Parent Relationship": "Outer",
                                                  "Parallel Aware": false,
                                                  "Async Capable": false,
                                                  "Relation Name": "web_site",
                                                  "Alias": "web_site",
                                                  "Startup Cost": 0.0,
                                                  "Total Cost": 3.42,
                                                  "Plan Rows": 42,
                                                  "Plan Width": 21,
                                                  "parent": 65,
                                                  "ID": 66
                                                }
                                              ],
                                              "parent": 51,
                                              "ID": 65,
                                              "left": 66
                                            }
                                          ],
                                          "parent": 50,
                                          "ID": 51,
                                          "left": 52,
                                          "right": 65
                                        }
                                      ],
                                      "parent": 49,
                                      "ID": 50,
                                      "left": 51
                                    }
                                  ],
                                  "parent": 48,
                                  "ID": 49,
                                  "left": 50
                                }
                              ],
                              "parent": 47,
                              "ID": 48,
                              "left": 49
                            }
                          ],
                          "parent": 46,
                          "ID": 47,
                          "left": 48
                        }
                      ],
                      "parent": 3,
                      "ID": 46,
                      "left": 47
                    }
                  ],
                  "parent": 2,
                  "ID": 3,
                  "left": 4,
                  "right": 25
                }
              ],
              "parent": 1,
              "ID": 2,
              "left": 3
            }
          ],
          "parent": 0,
          "ID": 1,
          "left": 2
        }
      ],
      "parent": null,
      "ID": 0,
      "left": 1
    },
    "feat": {
      "utility": 0.0,
      "query_shape": [
        [
          "Seq Scan",
          "Hash Join",
          "Sort",
          "Aggregate",
          "Gather Merge",
          "Subquery Scan",
          "Append"
        ],
        [
          "Seq Scan",
          "Hash",
          "Hash Join",
          "Sort",
          "Aggregate",
          "Gather Merge",
          "Subquery Scan",
          "Append"
        ],
        [
          "Seq Scan",
          "Hash",
          "Hash Join",
          "Sort",
          "Aggregate",
          "Gather Merge",
          "Subquery Scan",
          "Append"
        ],
        [
          "Seq Scan",
          "Hash",
          "Hash Join",
          "Sort",
          "Aggregate",
          "Gather Merge",
          "Subquery Scan",
          "Append"
        ],
        [
          "Seq Scan",
          "Hash",
          "Hash Join",
          "Sort",
          "Aggregate",
          "Gather Merge",
          "Subquery Scan",
          "Append"
        ],
        [
          "Seq Scan",
          "Hash",
          "Hash Join",
          "Sort",
          "Aggregate",
          "Gather Merge",
          "Subquery Scan",
          "Append"
        ],
        [
          "Seq Scan",
          "Hash Join",
          "Sort",
          "Aggregate",
          "Gather Merge",
          "Subquery Scan",
          "Append"
        ],
        [
          "Seq Scan",
          "Hash",
          "Hash Join",
          "Sort",
          "Aggregate",
          "Gather Merge",
          "Subquery Scan",
          "Append"
        ],
        [
          "Seq Scan",
          "Hash",
          "Hash Join",
          "Sort",
          "Aggregate",
          "Gather Merge",
          "Subquery Scan",
          "Append"
        ],
        [
          "Seq Scan",
          "Hash",
          "Hash Join",
          "Sort",
          "Aggregate",
          "Gather Merge",
          "Subquery Scan",
          "Append"
        ],
        [
          "Seq Scan",
          "Hash",
          "Hash Join",
          "Sort",
          "Aggregate",
          "Gather Merge",
          "Subquery Scan",
          "Append"
        ],
        [
          "Seq Scan",
          "Hash",
          "Hash Join",
          "Sort",
          "Aggregate",
          "Gather Merge",
          "Subquery Scan",
          "Append"
        ],
        [
          "Seq Scan",
          "Hash Join",
          "Sort",
          "Aggregate",
          "Gather Merge",
          "Subquery Scan",
          "Append"
        ],
        [
          "Seq Scan",
          "Hash",
          "Hash Join",
          "Sort",
          "Aggregate",
          "Gather Merge",
          "Subquery Scan",
          "Append"
        ],
        [
          "Seq Scan",
          "Hash",
          "Hash Join",
          "Sort",
          "Aggregate",
          "Gather Merge",
          "Subquery Scan",
          "Append"
        ],
        [
          "Seq Scan",
          "Hash",
          "Hash Join",
          "Sort",
          "Aggregate",
          "Gather Merge",
          "Subquery Scan",
          "Append"
        ],
        [
          "Seq Scan",
          "Hash",
          "Hash Join",
          "Sort",
          "Aggregate",
          "Gather Merge",
          "Subquery Scan",
          "Append"
        ],
        [
          "Seq Scan",
          "Hash",
          "Hash Join",
          "Sort",
          "Aggregate",
          "Gather Merge",
          "Subquery Scan",
          "Append"
        ]
      ],
      "index_shape": [
        "order-by"
      ],
      "physical_operator": {
        "Sort": [
          "[0. 0. 0. 0. 0. 0. 0. 0. 0. 0. 0. 0. 0. 0. 0. 0. 0. 0. 0. 0. 0. 0. 0. 0.\n 0. 0. 0. 0. 0. 0. 0. 0. 0. 0. 0. 0. 0. 0. 0. 0. 0. 0. 0. 0. 0. 0. 0. 0.\n 0. 0. 0.]"
        ],
        "Aggregate": [
          "[0. 0. 0. 0. 0. 0. 0. 0. 0. 0. 0. 0. 0. 0. 0. 0. 0. 0. 0. 0. 0. 0. 0. 0.\n 0. 0. 0. 0. 0. 0. 0. 0. 0. 0. 0. 0. 0. 0. 0. 0. 0. 0. 0. 0. 0. 0. 0. 0.\n 0. 0. 0.]",
          "[0. 0. 0. 0. 0. 0. 0. 0. 0. 0. 0. 0. 0. 0. 0. 0. 0. 0. 0. 0. 0. 0. 0. 0.\n 0. 0. 0. 0. 0. 0. 0. 0. 0. 0. 0. 0. 0. 0. 0. 0. 0. 0. 0. 0. 0. 0. 0. 0.\n 0. 0. 0.]"
        ]
      }
    }
  },
  {
    "query": "with ssr as\n (select  s_store_id as store_id,\n          sum(ss_ext_sales_price) as sales,\n          sum(coalesce(sr_return_amt, 0)) as returns,\n          sum(ss_net_profit - coalesce(sr_net_loss, 0)) as profit\n  from store_sales left outer join store_returns on\n         (ss_item_sk = sr_item_sk and ss_ticket_number = sr_ticket_number),\n     date_dim,\n     store,\n     item,\n     promotion\n where ss_sold_date_sk = d_date_sk\n       and d_date between cast('2000-08-25' as date) \n                  and (cast('2000-08-25' as date) +  interval '30 days')\n       and ss_store_sk = s_store_sk\n       and ss_item_sk = i_item_sk\n       and i_current_price > 50\n       and ss_promo_sk = p_promo_sk\n       and p_channel_tv = 'N'\n group by s_store_id)\n ,\n csr as\n (select  cp_catalog_page_id as catalog_page_id,\n          sum(cs_ext_sales_price) as sales,\n          sum(coalesce(cr_return_amount, 0)) as returns,\n          sum(cs_net_profit - coalesce(cr_net_loss, 0)) as profit\n  from catalog_sales left outer join catalog_returns on\n         (cs_item_sk = cr_item_sk and cs_order_number = cr_order_number),\n     date_dim,\n     catalog_page,\n     item,\n     promotion\n where cs_sold_date_sk = d_date_sk\n       and d_date between cast('2000-08-25' as date)\n                  and (cast('2000-08-25' as date) +  interval '30 days')\n        and cs_catalog_page_sk = cp_catalog_page_sk\n       and cs_item_sk = i_item_sk\n       and i_current_price > 50\n       and cs_promo_sk = p_promo_sk\n       and p_channel_tv = 'N'\ngroup by cp_catalog_page_id)\n ,\n wsr as\n (select  web_site_id,\n          sum(ws_ext_sales_price) as sales,\n          sum(coalesce(wr_return_amt, 0)) as returns,\n          sum(ws_net_profit - coalesce(wr_net_loss, 0)) as profit\n  from web_sales left outer join web_returns on\n         (ws_item_sk = wr_item_sk and ws_order_number = wr_order_number),\n     date_dim,\n     web_site,\n     item,\n     promotion\n where ws_sold_date_sk = d_date_sk\n       and d_date between cast('2000-08-25' as date)\n                  and (cast('2000-08-25' as date) +  interval '30 days')\n        and ws_web_site_sk = web_site_sk\n       and ws_item_sk = i_item_sk\n       and i_current_price > 50\n       and ws_promo_sk = p_promo_sk\n       and p_channel_tv = 'N'\ngroup by web_site_id)\n  select  channel\n        , id\n        , sum(sales) as sales\n        , sum(returns) as returns\n        , sum(profit) as profit\n from \n (select 'store channel' as channel\n        , 'store' || store_id as id\n        , sales\n        , returns\n        , profit\n from   ssr\n union all\n select 'catalog channel' as channel\n        , 'catalog_page' || catalog_page_id as id\n        , sales\n        , returns\n        , profit\n from  csr\n union all\n select 'web channel' as channel\n        , 'web_site' || web_site_id as id\n        , sales\n        , returns\n        , profit\n from   wsr\n ) x\n group by rollup (channel, id)\n order by channel\n         ,id\n limit 100;\n\n-- end query 61 in stream 1 using template query80.tpl\n",
    "indexes": "catalog_page.cp_catalog_page_sk",
    "wo plan est": {
      "Node Type": "Limit",
      "Parallel Aware": false,
      "Async Capable": false,
      "Startup Cost": 1566793.64,
      "Total Cost": 1566796.93,
      "Plan Rows": 100,
      "Plan Width": 160,
      "Plans": [
        {
          "Node Type": "Aggregate",
          "Strategy": "Sorted",
          "Partial Mode": "Simple",
          "Parent Relationship": "Outer",
          "Parallel Aware": false,
          "Async Capable": false,
          "Startup Cost": 1566793.64,
          "Total Cost": 1566806.84,
          "Plan Rows": 401,
          "Plan Width": 160,
          "Grouping Sets": [
            {
              "Group Keys": [
                [
                  "('store channel'::text)",
                  "(('store'::text || (ssr.store_id)::text))"
                ],
                [
                  "('store channel'::text)"
                ],
                []
              ]
            }
          ],
          "Plans": [
            {
              "Node Type": "Sort",
              "Parent Relationship": "Outer",
              "Parallel Aware": false,
              "Async Capable": false,
              "Startup Cost": 1566793.64,
              "Total Cost": 1566794.67,
              "Plan Rows": 412,
              "Plan Width": 160,
              "Sort Key": [
                "('store channel'::text)",
                "(('store'::text || (ssr.store_id)::text))"
              ],
              "Plans": [
                {
                  "Node Type": "Append",
                  "Parent Relationship": "Outer",
                  "Parallel Aware": false,
                  "Async Capable": false,
                  "Startup Cost": 784596.3,
                  "Total Cost": 1566775.74,
                  "Plan Rows": 412,
                  "Plan Width": 160,
                  "Subplans Removed": 0,
                  "Plans": [
                    {
                      "Node Type": "Subquery Scan",
                      "Parent Relationship": "Member",
                      "Parallel Aware": false,
                      "Async Capable": false,
                      "Alias": "ssr",
                      "Startup Cost": 784596.3,
                      "Total Cost": 784616.16,
                      "Plan Rows": 51,
                      "Plan Width": 160,
                      "Plans": [
                        {
                          "Node Type": "Aggregate",
                          "Strategy": "Sorted",
                          "Partial Mode": "Finalize",
                          "Parent Relationship": "Subquery",
                          "Parallel Aware": false,
                          "Async Capable": false,
                          "Startup Cost": 784596.3,
                          "Total Cost": 784615.39,
                          "Plan Rows": 51,
                          "Plan Width": 113,
                          "Group Key": [
                            "store.s_store_id"
                          ],
                          "Plans": [
                            {
                              "Node Type": "Gather Merge",
                              "Parent Relationship": "Outer",
                              "Parallel Aware": false,
                              "Async Capable": false,
                              "Startup Cost": 784596.3,
                              "Total Cost": 784612.71,
                              "Plan Rows": 102,
                              "Plan Width": 113,
                              "Workers Planned": 2,
                              "Plans": [
                                {
                                  "Node Type": "Aggregate",
                                  "Strategy": "Sorted",
                                  "Partial Mode": "Partial",
                                  "Parent Relationship": "Outer",
                                  "Parallel Aware": false,
                                  "Async Capable": false,
                                  "Startup Cost": 783596.27,
                                  "Total Cost": 783600.92,
                                  "Plan Rows": 51,
                                  "Plan Width": 113,
                                  "Group Key": [
                                    "store.s_store_id"
                                  ],
                                  "Plans": [
                                    {
                                      "Node Type": "Sort",
                                      "Parent Relationship": "Outer",
                                      "Parallel Aware": false,
                                      "Async Capable": false,
                                      "Startup Cost": 783596.27,
                                      "Total Cost": 783596.9,
                                      "Plan Rows": 250,
                                      "Plan Width": 41,
                                      "Sort Key": [
                                        "store.s_store_id"
                                      ],
                                      "Plans": [
                                        {
                                          "Node Type": "Hash Join",
                                          "Parent Relationship": "Outer",
                                          "Parallel Aware": false,
                                          "Async Capable": false,
                                          "Join Type": "Inner",
                                          "Startup Cost": 94489.35,
                                          "Total Cost": 783586.32,
                                          "Plan Rows": 250,
                                          "Plan Width": 41,
                                          "Inner Unique": false,
                                          "Hash Cond": "(store_sales.ss_store_sk = store.s_store_sk)",
                                          "Plans": [
                                            {
                                              "Node Type": "Hash Join",
                                              "Parent Relationship": "Outer",
                                              "Parallel Aware": false,
                                              "Async Capable": false,
                                              "Join Type": "Inner",
                                              "Startup Cost": 94482.05,
                                              "Total Cost": 783575.54,
                                              "Plan Rows": 262,
                                              "Plan Width": 28,
                                              "Inner Unique": false,
                                              "Hash Cond": "(store_sales.ss_promo_sk = promotion.p_promo_sk)",
                                              "Plans": [
                                                {
                                                  "Node Type": "Hash Join",
                                                  "Parent Relationship": "Outer",
                                                  "Parallel Aware": true,
                                                  "Async Capable": false,
                                                  "Join Type": "Inner",
                                                  "Startup Cost": 94456.65,
                                                  "Total Cost": 783546.47,
                                                  "Plan Rows": 279,
                                                  "Plan Width": 32,
                                                  "Inner Unique": false,
                                                  "Hash Cond": "(store_sales.ss_item_sk = item.i_item_sk)",
                                                  "Plans": [
                                                    {
                                                      "Node Type": "Hash Join",
                                                      "Parent Relationship": "Outer",
                                                      "Parallel Aware": true,
                                                      "Async Capable": false,
                                                      "Join Type": "Left",
                                                      "Startup Cost": 86930.88,
                                                      "Total Cost": 776001.31,
                                                      "Plan Rows": 4860,
                                                      "Plan Width": 36,
                                                      "Inner Unique": false,
                                                      "Hash Cond": "((store_sales.ss_item_sk = store_returns.sr_item_sk) AND (store_sales.ss_ticket_number = store_returns.sr_ticket_number))",
                                                      "Plans": [
                                                        {
                                                          "Node Type": "Hash Join",
                                                          "Parent Relationship": "Outer",
                                                          "Parallel Aware": true,
                                                          "Async Capable": false,
                                                          "Join Type": "Inner",
                                                          "Startup Cost": 2049.78,
                                                          "Total Cost": 683994.75,
                                                          "Plan Rows": 4860,
                                                          "Plan Width": 28,
                                                          "Inner Unique": false,
                                                          "Hash Cond": "(store_sales.ss_sold_date_sk = date_dim.d_date_sk)",
                                                          "Plans": [
                                                            {
                                                              "Node Type": "Seq Scan",
                                                              "Parent Relationship": "Outer",
                                                              "Parallel Aware": true,
                                                              "Async Capable": false,
                                                              "Relation Name": "store_sales",
                                                              "Alias": "store_sales",
                                                              "Startup Cost": 0.0,
                                                              "Total Cost": 636914.37,
                                                              "Plan Rows": 12000637,
                                                              "Plan Width": 32,
                                                              "parent": 13,
                                                              "ID": 14
                                                            },
                                                            {
                                                              "Node Type": "Hash",
                                                              "Parent Relationship": "Inner",
                                                              "Parallel Aware": true,
                                                              "Async Capable": false,
                                                              "Startup Cost": 2049.55,
                                                              "Total Cost": 2049.55,
                                                              "Plan Rows": 18,
                                                              "Plan Width": 4,
                                                              "Plans": [
                                                                {
                                                                  "Node Type": "Seq Scan",
                                                                  "Parent Relationship": "Outer",
                                                                  "Parallel Aware": true,
                                                                  "Async Capable": false,
                                                                  "Relation Name": "date_dim",
                                                                  "Alias": "date_dim",
                                                                  "Startup Cost": 0.0,
                                                                  "Total Cost": 2049.55,
                                                                  "Plan Rows": 18,
                                                                  "Plan Width": 4,
                                                                  "Filter": "((d_date >= '2000-08-25'::date) AND (d_date <= '2000-09-24 00:00:00'::timestamp without time zone))",
                                                                  "parent": 15,
                                                                  "ID": 16
                                                                }
                                                              ],
                                                              "parent": 13,
                                                              "ID": 15,
                                                              "left": 16
                                                            }
                                                          ],
                                                          "parent": 12,
                                                          "ID": 13,
                                                          "left": 14,
                                                          "right": 15
                                                        },
                                                        {
                                                          "Node Type": "Hash",
                                                          "Parent Relationship": "Inner",
                                                          "Parallel Aware": true,
                                                          "Async Capable": false,
                                                          "Startup Cost": 59887.64,
                                                          "Total Cost": 59887.64,
                                                          "Plan Rows": 1198164,
                                                          "Plan Width": 20,
                                                          "Plans": [
                                                            {
                                                              "Node Type": "Seq Scan",
                                                              "Parent Relationship": "Outer",
                                                              "Parallel Aware": true,
                                                              "Async Capable": false,
                                                              "Relation Name": "store_returns",
                                                              "Alias": "store_returns",
                                                              "Startup Cost": 0.0,
                                                              "Total Cost": 59887.64,
                                                              "Plan Rows": 1198164,
                                                              "Plan Width": 20,
                                                              "parent": 17,
                                                              "ID": 18
                                                            }
                                                          ],
                                                          "parent": 12,
                                                          "ID": 17,
                                                          "left": 18
                                                        }
                                                      ],
                                                      "parent": 11,
                                                      "ID": 12,
                                                      "left": 13,
                                                      "right": 17
                                                    },
                                                    {
                                                      "Node Type": "Hash",
                                                      "Parent Relationship": "Inner",
                                                      "Parallel Aware": true,
                                                      "Async Capable": false,
                                                      "Startup Cost": 7495.25,
                                                      "Total Cost": 7495.25,
                                                      "Plan Rows": 2442,
                                                      "Plan Width": 4,
                                                      "Plans": [
                                                        {
                                                          "Node Type": "Seq Scan",
                                                          "Parent Relationship": "Outer",
                                                          "Parallel Aware": true,
                                                          "Async Capable": false,
                                                          "Relation Name": "item",
                                                          "Alias": "item",
                                                          "Startup Cost": 0.0,
                                                          "Total Cost": 7495.25,
                                                          "Plan Rows": 2442,
                                                          "Plan Width": 4,
                                                          "Filter": "(i_current_price > '50'::numeric)",
                                                          "parent": 19,
                                                          "ID": 20
                                                        }
                                                      ],
                                                      "parent": 11,
                                                      "ID": 19,
                                                      "left": 20
                                                    }
                                                  ],
                                                  "parent": 10,
                                                  "ID": 11,
                                                  "left": 12,
                                                  "right": 19
                                                },
                                                {
                                                  "Node Type": "Hash",
                                                  "Parent Relationship": "Inner",
                                                  "Parallel Aware": false,
                                                  "Async Capable": false,
                                                  "Startup Cost": 19.25,
                                                  "Total Cost": 19.25,
                                                  "Plan Rows": 492,
                                                  "Plan Width": 4,
                                                  "Plans": [
                                                    {
                                                      "Node Type": "Seq Scan",
                                                      "Parent Relationship": "Outer",
                                                      "Parallel Aware": false,
                                                      "Async Capable": false,
                                                      "Relation Name": "promotion",
                                                      "Alias": "promotion",
                                                      "Startup Cost": 0.0,
                                                      "Total Cost": 19.25,
                                                      "Plan Rows": 492,
                                                      "Plan Width": 4,
                                                      "Filter": "(p_channel_tv = 'N'::bpchar)",
                                                      "parent": 21,
                                                      "ID": 22
                                                    }
                                                  ],
                                                  "parent": 10,
                                                  "ID": 21,
                                                  "left": 22
                                                }
                                              ],
                                              "parent": 9,
                                              "ID": 10,
                                              "left": 11,
                                              "right": 21
                                            },
                                            {
                                              "Node Type": "Hash",
                                              "Parent Relationship": "Inner",
                                              "Parallel Aware": false,
                                              "Async Capable": false,
                                              "Startup Cost": 6.02,
                                              "Total Cost": 6.02,
                                              "Plan Rows": 102,
                                              "Plan Width": 21,
                                              "Plans": [
                                                {
                                                  "Node Type": "Seq Scan",
                                                  "Parent Relationship": "Outer",
                                                  "Parallel Aware": false,
                                                  "Async Capable": false,
                                                  "Relation Name": "store",
                                                  "Alias": "store",
                                                  "Startup Cost": 0.0,
                                                  "Total Cost": 6.02,
                                                  "Plan Rows": 102,
                                                  "Plan Width": 21,
                                                  "parent": 23,
                                                  "ID": 24
                                                }
                                              ],
                                              "parent": 9,
                                              "ID": 23,
                                              "left": 24
                                            }
                                          ],
                                          "parent": 8,
                                          "ID": 9,
                                          "left": 10,
                                          "right": 23
                                        }
                                      ],
                                      "parent": 7,
                                      "ID": 8,
                                      "left": 9
                                    }
                                  ],
                                  "parent": 6,
                                  "ID": 7,
                                  "left": 8
                                }
                              ],
                              "parent": 5,
                              "ID": 6,
                              "left": 7
                            }
                          ],
                          "parent": 4,
                          "ID": 5,
                          "left": 6
                        }
                      ],
                      "parent": 3,
                      "ID": 4,
                      "left": 5
                    },
                    {
                      "Node Type": "Subquery Scan",
                      "Parent Relationship": "Member",
                      "Parallel Aware": false,
                      "Async Capable": false,
                      "Alias": "csr",
                      "Startup Cost": 518177.36,
                      "Total Cost": 518230.78,
                      "Plan Rows": 340,
                      "Plan Width": 160,
                      "Plans": [
                        {
                          "Node Type": "Aggregate",
                          "Strategy": "Sorted",
                          "Partial Mode": "Finalize",
                          "Parent Relationship": "Subquery",
                          "Parallel Aware": false,
                          "Async Capable": false,
                          "Startup Cost": 518177.36,
                          "Total Cost": 518225.68,
                          "Plan Rows": 340,
                          "Plan Width": 113,
                          "Group Key": [
                            "catalog_page.cp_catalog_page_id"
                          ],
                          "Plans": [
                            {
                              "Node Type": "Gather Merge",
                              "Parent Relationship": "Outer",
                              "Parallel Aware": false,
                              "Async Capable": false,
                              "Startup Cost": 518177.36,
                              "Total Cost": 518214.76,
                              "Plan Rows": 284,
                              "Plan Width": 113,
                              "Workers Planned": 2,
                              "Plans": [
                                {
                                  "Node Type": "Aggregate",
                                  "Strategy": "Sorted",
                                  "Partial Mode": "Partial",
                                  "Parent Relationship": "Outer",
                                  "Parallel Aware": false,
                                  "Async Capable": false,
                                  "Startup Cost": 517177.34,
                                  "Total Cost": 517181.95,
                                  "Plan Rows": 142,
                                  "Plan Width": 113,
                                  "Group Key": [
                                    "catalog_page.cp_catalog_page_id"
                                  ],
                                  "Plans": [
                                    {
                                      "Node Type": "Sort",
                                      "Parent Relationship": "Outer",
                                      "Parallel Aware": false,
                                      "Async Capable": false,
                                      "Startup Cost": 517177.34,
                                      "Total Cost": 517177.69,
                                      "Plan Rows": 142,
                                      "Plan Width": 41,
                                      "Sort Key": [
                                        "catalog_page.cp_catalog_page_id"
                                      ],
                                      "Plans": [
                                        {
                                          "Node Type": "Hash Join",
                                          "Parent Relationship": "Outer",
                                          "Parallel Aware": false,
                                          "Async Capable": false,
                                          "Join Type": "Inner",
                                          "Startup Cost": 57382.33,
                                          "Total Cost": 517172.26,
                                          "Plan Rows": 142,
                                          "Plan Width": 41,
                                          "Inner Unique": false,
                                          "Hash Cond": "(catalog_sales.cs_catalog_page_sk = catalog_page.cp_catalog_page_sk)",
                                          "Plans": [
                                            {
                                              "Node Type": "Hash Join",
                                              "Parent Relationship": "Outer",
                                              "Parallel Aware": false,
                                              "Async Capable": false,
                                              "Join Type": "Inner",
                                              "Startup Cost": 56864.33,
                                              "Total Cost": 516652.32,
                                              "Plan Rows": 142,
                                              "Plan Width": 28,
                                              "Inner Unique": false,
                                              "Hash Cond": "(catalog_sales.cs_promo_sk = promotion_1.p_promo_sk)",
                                              "Plans": [
                                                {
                                                  "Node Type": "Hash Join",
                                                  "Parent Relationship": "Outer",
                                                  "Parallel Aware": true,
                                                  "Async Capable": false,
                                                  "Join Type": "Inner",
                                                  "Startup Cost": 56838.93,
                                                  "Total Cost": 516624.96,
                                                  "Plan Rows": 145,
                                                  "Plan Width": 32,
                                                  "Inner Unique": false,
                                                  "Hash Cond": "(catalog_sales.cs_item_sk = item_1.i_item_sk)",
                                                  "Plans": [
                                                    {
                                                      "Node Type": "Hash Join",
                                                      "Parent Relationship": "Outer",
                                                      "Parallel Aware": true,
                                                      "Async Capable": false,
                                                      "Join Type": "Left",
                                                      "Startup Cost": 49313.15,
                                                      "Total Cost": 509089.08,
                                                      "Plan Rows": 2532,
                                                      "Plan Width": 36,
                                                      "Inner Unique": false,
                                                      "Hash Cond": "((catalog_sales.cs_item_sk = catalog_returns.cr_item_sk) AND (catalog_sales.cs_order_number = catalog_returns.cr_order_number))",
                                                      "Plans": [
                                                        {
                                                          "Node Type": "Hash Join",
                                                          "Parent Relationship": "Outer",
                                                          "Parallel Aware": true,
                                                          "Async Capable": false,
                                                          "Join Type": "Inner",
                                                          "Startup Cost": 2049.78,
                                                          "Total Cost": 458254.7,
                                                          "Plan Rows": 2532,
                                                          "Plan Width": 28,
                                                          "Inner Unique": false,
                                                          "Hash Cond": "(catalog_sales.cs_sold_date_sk = date_dim_1.d_date_sk)",
                                                          "Plans": [
                                                            {
                                                              "Node Type": "Seq Scan",
                                                              "Parent Relationship": "Outer",
                                                              "Parallel Aware": true,
                                                              "Async Capable": false,
                                                              "Relation Name": "catalog_sales",
                                                              "Alias": "catalog_sales",
                                                              "Startup Cost": 0.0,
                                                              "Total Cost": 433688.25,
                                                              "Plan Rows": 6000525,
                                                              "Plan Width": 32,
                                                              "parent": 34,
                                                              "ID": 35
                                                            },
                                                            {
                                                              "Node Type": "Hash",
                                                              "Parent Relationship": "Inner",
                                                              "Parallel Aware": true,
                                                              "Async Capable": false,
                                                              "Startup Cost": 2049.55,
                                                              "Total Cost": 2049.55,
                                                              "Plan Rows": 18,
                                                              "Plan Width": 4,
                                                              "Plans": [
                                                                {
                                                                  "Node Type": "Seq Scan",
                                                                  "Parent Relationship": "Outer",
                                                                  "Parallel Aware": true,
                                                                  "Async Capable": false,
                                                                  "Relation Name": "date_dim",
                                                                  "Alias": "date_dim_1",
                                                                  "Startup Cost": 0.0,
                                                                  "Total Cost": 2049.55,
                                                                  "Plan Rows": 18,
                                                                  "Plan Width": 4,
                                                                  "Filter": "((d_date >= '2000-08-25'::date) AND (d_date <= '2000-09-24 00:00:00'::timestamp without time zone))",
                                                                  "parent": 36,
                                                                  "ID": 37
                                                                }
                                                              ],
                                                              "parent": 34,
                                                              "ID": 36,
                                                              "left": 37
                                                            }
                                                          ],
                                                          "parent": 33,
                                                          "ID": 34,
                                                          "left": 35,
                                                          "right": 36
                                                        },
                                                        {
                                                          "Node Type": "Hash",
                                                          "Parent Relationship": "Inner",
                                                          "Parallel Aware": true,
                                                          "Async Capable": false,
                                                          "Startup Cost": 34748.95,
                                                          "Total Cost": 34748.95,
                                                          "Plan Rows": 599895,
                                                          "Plan Width": 20,
                                                          "Plans": [
                                                            {
                                                              "Node Type": "Seq Scan",
                                                              "Parent Relationship": "Outer",
                                                              "Parallel Aware": true,
                                                              "Async Capable": false,
                                                              "Relation Name": "catalog_returns",
                                                              "Alias": "catalog_returns",
                                                              "Startup Cost": 0.0,
                                                              "Total Cost": 34748.95,
                                                              "Plan Rows": 599895,
                                                              "Plan Width": 20,
                                                              "parent": 38,
                                                              "ID": 39
                                                            }
                                                          ],
                                                          "parent": 33,
                                                          "ID": 38,
                                                          "left": 39
                                                        }
                                                      ],
                                                      "parent": 32,
                                                      "ID": 33,
                                                      "left": 34,
                                                      "right": 38
                                                    },
                                                    {
                                                      "Node Type": "Hash",
                                                      "Parent Relationship": "Inner",
                                                      "Parallel Aware": true,
                                                      "Async Capable": false,
                                                      "Startup Cost": 7495.25,
                                                      "Total Cost": 7495.25,
                                                      "Plan Rows": 2442,
                                                      "Plan Width": 4,
                                                      "Plans": [
                                                        {
                                                          "Node Type": "Seq Scan",
                                                          "Parent Relationship": "Outer",
                                                          "Parallel Aware": true,
                                                          "Async Capable": false,
                                                          "Relation Name": "item",
                                                          "Alias": "item_1",
                                                          "Startup Cost": 0.0,
                                                          "Total Cost": 7495.25,
                                                          "Plan Rows": 2442,
                                                          "Plan Width": 4,
                                                          "Filter": "(i_current_price > '50'::numeric)",
                                                          "parent": 40,
                                                          "ID": 41
                                                        }
                                                      ],
                                                      "parent": 32,
                                                      "ID": 40,
                                                      "left": 41
                                                    }
                                                  ],
                                                  "parent": 31,
                                                  "ID": 32,
                                                  "left": 33,
                                                  "right": 40
                                                },
                                                {
                                                  "Node Type": "Hash",
                                                  "Parent Relationship": "Inner",
                                                  "Parallel Aware": false,
                                                  "Async Capable": false,
                                                  "Startup Cost": 19.25,
                                                  "Total Cost": 19.25,
                                                  "Plan Rows": 492,
                                                  "Plan Width": 4,
                                                  "Plans": [
                                                    {
                                                      "Node Type": "Seq Scan",
                                                      "Parent Relationship": "Outer",
                                                      "Parallel Aware": false,
                                                      "Async Capable": false,
                                                      "Relation Name": "promotion",
                                                      "Alias": "promotion_1",
                                                      "Startup Cost": 0.0,
                                                      "Total Cost": 19.25,
                                                      "Plan Rows": 492,
                                                      "Plan Width": 4,
                                                      "Filter": "(p_channel_tv = 'N'::bpchar)",
                                                      "parent": 42,
                                                      "ID": 43
                                                    }
                                                  ],
                                                  "parent": 31,
                                                  "ID": 42,
                                                  "left": 43
                                                }
                                              ],
                                              "parent": 30,
                                              "ID": 31,
                                              "left": 32,
                                              "right": 42
                                            },
                                            {
                                              "Node Type": "Hash",
                                              "Parent Relationship": "Inner",
                                              "Parallel Aware": false,
                                              "Async Capable": false,
                                              "Startup Cost": 368.0,
                                              "Total Cost": 368.0,
                                              "Plan Rows": 12000,
                                              "Plan Width": 21,
                                              "Plans": [
                                                {
                                                  "Node Type": "Seq Scan",
                                                  "Parent Relationship": "Outer",
                                                  "Parallel Aware": false,
                                                  "Async Capable": false,
                                                  "Relation Name": "catalog_page",
                                                  "Alias": "catalog_page",
                                                  "Startup Cost": 0.0,
                                                  "Total Cost": 368.0,
                                                  "Plan Rows": 12000,
                                                  "Plan Width": 21,
                                                  "parent": 44,
                                                  "ID": 45
                                                }
                                              ],
                                              "parent": 30,
                                              "ID": 44,
                                              "left": 45
                                            }
                                          ],
                                          "parent": 29,
                                          "ID": 30,
                                          "left": 31,
                                          "right": 44
                                        }
                                      ],
                                      "parent": 28,
                                      "ID": 29,
                                      "left": 30
                                    }
                                  ],
                                  "parent": 27,
                                  "ID": 28,
                                  "left": 29
                                }
                              ],
                              "parent": 26,
                              "ID": 27,
                              "left": 28
                            }
                          ],
                          "parent": 25,
                          "ID": 26,
                          "left": 27
                        }
                      ],
                      "parent": 3,
                      "ID": 25,
                      "left": 26
                    },
                    {
                      "Node Type": "Subquery Scan",
                      "Parent Relationship": "Member",
                      "Parallel Aware": false,
                      "Async Capable": false,
                      "Alias": "wsr",
                      "Startup Cost": 263919.04,
                      "Total Cost": 263926.75,
                      "Plan Rows": 21,
                      "Plan Width": 160,
                      "Plans": [
                        {
                          "Node Type": "Aggregate",
                          "Strategy": "Sorted",
                          "Partial Mode": "Finalize",
                          "Parent Relationship": "Subquery",
                          "Parallel Aware": false,
                          "Async Capable": false,
                          "Startup Cost": 263919.04,
                          "Total Cost": 263926.43,
                          "Plan Rows": 21,
                          "Plan Width": 113,
                          "Group Key": [
                            "web_site.web_site_id"
                          ],
                          "Plans": [
                            {
                              "Node Type": "Gather Merge",
                              "Parent Relationship": "Outer",
                              "Parallel Aware": false,
                              "Async Capable": false,
                              "Startup Cost": 263919.04,
                              "Total Cost": 263925.33,
                              "Plan Rows": 42,
                              "Plan Width": 113,
                              "Workers Planned": 2,
                              "Plans": [
                                {
                                  "Node Type": "Aggregate",
                                  "Strategy": "Sorted",
                                  "Partial Mode": "Partial",
                                  "Parent Relationship": "Outer",
                                  "Parallel Aware": false,
                                  "Async Capable": false,
                                  "Startup Cost": 262919.01,
                                  "Total Cost": 262920.46,
                                  "Plan Rows": 21,
                                  "Plan Width": 113,
                                  "Group Key": [
                                    "web_site.web_site_id"
                                  ],
                                  "Plans": [
                                    {
                                      "Node Type": "Sort",
                                      "Parent Relationship": "Outer",
                                      "Parallel Aware": false,
                                      "Async Capable": false,
                                      "Startup Cost": 262919.01,
                                      "Total Cost": 262919.19,
                                      "Plan Rows": 72,
                                      "Plan Width": 41,
                                      "Sort Key": [
                                        "web_site.web_site_id"
                                      ],
                                      "Plans": [
                                        {
                                          "Node Type": "Hash Join",
                                          "Parent Relationship": "Outer",
                                          "Parallel Aware": false,
                                          "Async Capable": false,
                                          "Join Type": "Inner",
                                          "Startup Cost": 32134.74,
                                          "Total Cost": 262916.79,
                                          "Plan Rows": 72,
                                          "Plan Width": 41,
                                          "Inner Unique": false,
                                          "Hash Cond": "(web_sales.ws_web_site_sk = web_site.web_site_sk)",
                                          "Plans": [
                                            {
                                              "Node Type": "Hash Join",
                                              "Parent Relationship": "Outer",
                                              "Parallel Aware": false,
                                              "Async Capable": false,
                                              "Join Type": "Inner",
                                              "Startup Cost": 32130.8,
                                              "Total Cost": 262911.86,
                                              "Plan Rows": 72,
                                              "Plan Width": 28,
                                              "Inner Unique": false,
                                              "Hash Cond": "(web_sales.ws_promo_sk = promotion_2.p_promo_sk)",
                                              "Plans": [
                                                {
                                                  "Node Type": "Hash Join",
                                                  "Parent Relationship": "Outer",
                                                  "Parallel Aware": true,
                                                  "Async Capable": false,
                                                  "Join Type": "Inner",
                                                  "Startup Cost": 32105.4,
                                                  "Total Cost": 262885.46,
                                                  "Plan Rows": 73,
                                                  "Plan Width": 32,
                                                  "Inner Unique": false,
                                                  "Hash Cond": "(web_sales.ws_item_sk = item_2.i_item_sk)",
                                                  "Plans": [
                                                    {
                                                      "Node Type": "Hash Join",
                                                      "Parent Relationship": "Outer",
                                                      "Parallel Aware": true,
                                                      "Async Capable": false,
                                                      "Join Type": "Left",
                                                      "Startup Cost": 24579.62,
                                                      "Total Cost": 255354.62,
                                                      "Plan Rows": 1272,
                                                      "Plan Width": 36,
                                                      "Inner Unique": false,
                                                      "Hash Cond": "((web_sales.ws_item_sk = web_returns.wr_item_sk) AND (web_sales.ws_order_number = web_returns.wr_order_number))",
                                                      "Plans": [
                                                        {
                                                          "Node Type": "Hash Join",
                                                          "Parent Relationship": "Outer",
                                                          "Parallel Aware": true,
                                                          "Async Capable": false,
                                                          "Join Type": "Inner",
                                                          "Startup Cost": 2049.78,
                                                          "Total Cost": 231041.22,
                                                          "Plan Rows": 1272,
                                                          "Plan Width": 28,
                                                          "Inner Unique": false,
                                                          "Hash Cond": "(web_sales.ws_sold_date_sk = date_dim_2.d_date_sk)",
                                                          "Plans": [
                                                            {
                                                              "Node Type": "Seq Scan",
                                                              "Parent Relationship": "Outer",
                                                              "Parallel Aware": true,
                                                              "Async Capable": false,
                                                              "Relation Name": "web_sales",
                                                              "Alias": "web_sales",
                                                              "Startup Cost": 0.0,
                                                              "Total Cost": 217737.86,
                                                              "Plan Rows": 2998986,
                                                              "Plan Width": 32,
                                                              "parent": 55,
                                                              "ID": 56
                                                            },
                                                            {
                                                              "Node Type": "Hash",
                                                              "Parent Relationship": "Inner",
                                                              "Parallel Aware": true,
                                                              "Async Capable": false,
                                                              "Startup Cost": 2049.55,
                                                              "Total Cost": 2049.55,
                                                              "Plan Rows": 18,
                                                              "Plan Width": 4,
                                                              "Plans": [
                                                                {
                                                                  "Node Type": "Seq Scan",
                                                                  "Parent Relationship": "Outer",
                                                                  "Parallel Aware": true,
                                                                  "Async Capable": false,
                                                                  "Relation Name": "date_dim",
                                                                  "Alias": "date_dim_2",
                                                                  "Startup Cost": 0.0,
                                                                  "Total Cost": 2049.55,
                                                                  "Plan Rows": 18,
                                                                  "Plan Width": 4,
                                                                  "Filter": "((d_date >= '2000-08-25'::date) AND (d_date <= '2000-09-24 00:00:00'::timestamp without time zone))",
                                                                  "parent": 57,
                                                                  "ID": 58
                                                                }
                                                              ],
                                                              "parent": 55,
                                                              "ID": 57,
                                                              "left": 58
                                                            }
                                                          ],
                                                          "parent": 54,
                                                          "ID": 55,
                                                          "left": 56,
                                                          "right": 57
                                                        },
                                                        {
                                                          "Node Type": "Hash",
                                                          "Parent Relationship": "Inner",
                                                          "Parallel Aware": true,
                                                          "Async Capable": false,
                                                          "Startup Cost": 16278.74,
                                                          "Total Cost": 16278.74,
                                                          "Plan Rows": 299674,
                                                          "Plan Width": 20,
                                                          "Plans": [
                                                            {
                                                              "Node Type": "Seq Scan",
                                                              "Parent Relationship": "Outer",
                                                              "Parallel Aware": true,
                                                              "Async Capable": false,
                                                              "Relation Name": "web_returns",
                                                              "Alias": "web_returns",
                                                              "Startup Cost": 0.0,
                                                              "Total Cost": 16278.74,
                                                              "Plan Rows": 299674,
                                                              "Plan Width": 20,
                                                              "parent": 59,
                                                              "ID": 60
                                                            }
                                                          ],
                                                          "parent": 54,
                                                          "ID": 59,
                                                          "left": 60
                                                        }
                                                      ],
                                                      "parent": 53,
                                                      "ID": 54,
                                                      "left": 55,
                                                      "right": 59
                                                    },
                                                    {
                                                      "Node Type": "Hash",
                                                      "Parent Relationship": "Inner",
                                                      "Parallel Aware": true,
                                                      "Async Capable": false,
                                                      "Startup Cost": 7495.25,
                                                      "Total Cost": 7495.25,
                                                      "Plan Rows": 2442,
                                                      "Plan Width": 4,
                                                      "Plans": [
                                                        {
                                                          "Node Type": "Seq Scan",
                                                          "Parent Relationship": "Outer",
                                                          "Parallel Aware": true,
                                                          "Async Capable": false,
                                                          "Relation Name": "item",
                                                          "Alias": "item_2",
                                                          "Startup Cost": 0.0,
                                                          "Total Cost": 7495.25,
                                                          "Plan Rows": 2442,
                                                          "Plan Width": 4,
                                                          "Filter": "(i_current_price > '50'::numeric)",
                                                          "parent": 61,
                                                          "ID": 62
                                                        }
                                                      ],
                                                      "parent": 53,
                                                      "ID": 61,
                                                      "left": 62
                                                    }
                                                  ],
                                                  "parent": 52,
                                                  "ID": 53,
                                                  "left": 54,
                                                  "right": 61
                                                },
                                                {
                                                  "Node Type": "Hash",
                                                  "Parent Relationship": "Inner",
                                                  "Parallel Aware": false,
                                                  "Async Capable": false,
                                                  "Startup Cost": 19.25,
                                                  "Total Cost": 19.25,
                                                  "Plan Rows": 492,
                                                  "Plan Width": 4,
                                                  "Plans": [
                                                    {
                                                      "Node Type": "Seq Scan",
                                                      "Parent Relationship": "Outer",
                                                      "Parallel Aware": false,
                                                      "Async Capable": false,
                                                      "Relation Name": "promotion",
                                                      "Alias": "promotion_2",
                                                      "Startup Cost": 0.0,
                                                      "Total Cost": 19.25,
                                                      "Plan Rows": 492,
                                                      "Plan Width": 4,
                                                      "Filter": "(p_channel_tv = 'N'::bpchar)",
                                                      "parent": 63,
                                                      "ID": 64
                                                    }
                                                  ],
                                                  "parent": 52,
                                                  "ID": 63,
                                                  "left": 64
                                                }
                                              ],
                                              "parent": 51,
                                              "ID": 52,
                                              "left": 53,
                                              "right": 63
                                            },
                                            {
                                              "Node Type": "Hash",
                                              "Parent Relationship": "Inner",
                                              "Parallel Aware": false,
                                              "Async Capable": false,
                                              "Startup Cost": 3.42,
                                              "Total Cost": 3.42,
                                              "Plan Rows": 42,
                                              "Plan Width": 21,
                                              "Plans": [
                                                {
                                                  "Node Type": "Seq Scan",
                                                  "Parent Relationship": "Outer",
                                                  "Parallel Aware": false,
                                                  "Async Capable": false,
                                                  "Relation Name": "web_site",
                                                  "Alias": "web_site",
                                                  "Startup Cost": 0.0,
                                                  "Total Cost": 3.42,
                                                  "Plan Rows": 42,
                                                  "Plan Width": 21,
                                                  "parent": 65,
                                                  "ID": 66
                                                }
                                              ],
                                              "parent": 51,
                                              "ID": 65,
                                              "left": 66
                                            }
                                          ],
                                          "parent": 50,
                                          "ID": 51,
                                          "left": 52,
                                          "right": 65
                                        }
                                      ],
                                      "parent": 49,
                                      "ID": 50,
                                      "left": 51
                                    }
                                  ],
                                  "parent": 48,
                                  "ID": 49,
                                  "left": 50
                                }
                              ],
                              "parent": 47,
                              "ID": 48,
                              "left": 49
                            }
                          ],
                          "parent": 46,
                          "ID": 47,
                          "left": 48
                        }
                      ],
                      "parent": 3,
                      "ID": 46,
                      "left": 47
                    }
                  ],
                  "parent": 2,
                  "ID": 3,
                  "left": 4,
                  "right": 25
                }
              ],
              "parent": 1,
              "ID": 2,
              "left": 3
            }
          ],
          "parent": 0,
          "ID": 1,
          "left": 2
        }
      ],
      "parent": null,
      "ID": 0,
      "left": 1
    },
    "feat": {
      "utility": 2.162871109418248e-06,
      "query_shape": [
        [
          "Seq Scan",
          "Hash Join",
          "Sort",
          "Aggregate",
          "Gather Merge",
          "Subquery Scan",
          "Append"
        ],
        [
          "Seq Scan",
          "Hash",
          "Hash Join",
          "Sort",
          "Aggregate",
          "Gather Merge",
          "Subquery Scan",
          "Append"
        ],
        [
          "Seq Scan",
          "Hash",
          "Hash Join",
          "Sort",
          "Aggregate",
          "Gather Merge",
          "Subquery Scan",
          "Append"
        ],
        [
          "Seq Scan",
          "Hash",
          "Hash Join",
          "Sort",
          "Aggregate",
          "Gather Merge",
          "Subquery Scan",
          "Append"
        ],
        [
          "Seq Scan",
          "Hash",
          "Hash Join",
          "Sort",
          "Aggregate",
          "Gather Merge",
          "Subquery Scan",
          "Append"
        ],
        [
          "Seq Scan",
          "Hash",
          "Hash Join",
          "Sort",
          "Aggregate",
          "Gather Merge",
          "Subquery Scan",
          "Append"
        ],
        [
          "Seq Scan",
          "Hash Join",
          "Sort",
          "Aggregate",
          "Gather Merge",
          "Subquery Scan",
          "Append"
        ],
        [
          "Seq Scan",
          "Hash",
          "Hash Join",
          "Sort",
          "Aggregate",
          "Gather Merge",
          "Subquery Scan",
          "Append"
        ],
        [
          "Seq Scan",
          "Hash",
          "Hash Join",
          "Sort",
          "Aggregate",
          "Gather Merge",
          "Subquery Scan",
          "Append"
        ],
        [
          "Seq Scan",
          "Hash",
          "Hash Join",
          "Sort",
          "Aggregate",
          "Gather Merge",
          "Subquery Scan",
          "Append"
        ],
        [
          "Seq Scan",
          "Hash",
          "Hash Join",
          "Sort",
          "Aggregate",
          "Gather Merge",
          "Subquery Scan",
          "Append"
        ],
        [
          "Seq Scan",
          "Hash",
          "Hash Join",
          "Sort",
          "Aggregate",
          "Gather Merge",
          "Subquery Scan",
          "Append"
        ],
        [
          "Seq Scan",
          "Hash Join",
          "Sort",
          "Aggregate",
          "Gather Merge",
          "Subquery Scan",
          "Append"
        ],
        [
          "Seq Scan",
          "Hash",
          "Hash Join",
          "Sort",
          "Aggregate",
          "Gather Merge",
          "Subquery Scan",
          "Append"
        ],
        [
          "Seq Scan",
          "Hash",
          "Hash Join",
          "Sort",
          "Aggregate",
          "Gather Merge",
          "Subquery Scan",
          "Append"
        ],
        [
          "Seq Scan",
          "Hash",
          "Hash Join",
          "Sort",
          "Aggregate",
          "Gather Merge",
          "Subquery Scan",
          "Append"
        ],
        [
          "Seq Scan",
          "Hash",
          "Hash Join",
          "Sort",
          "Aggregate",
          "Gather Merge",
          "Subquery Scan",
          "Append"
        ],
        [
          "Seq Scan",
          "Hash",
          "Hash Join",
          "Sort",
          "Aggregate",
          "Gather Merge",
          "Subquery Scan",
          "Append"
        ]
      ],
      "index_shape": [
        "join"
      ],
      "physical_operator": {
        "Hash Join": [
          0.009128709291752768
        ]
      }
    }
  },
  {
    "query": "with ssr as\n (select  s_store_id as store_id,\n          sum(ss_ext_sales_price) as sales,\n          sum(coalesce(sr_return_amt, 0)) as returns,\n          sum(ss_net_profit - coalesce(sr_net_loss, 0)) as profit\n  from store_sales left outer join store_returns on\n         (ss_item_sk = sr_item_sk and ss_ticket_number = sr_ticket_number),\n     date_dim,\n     store,\n     item,\n     promotion\n where ss_sold_date_sk = d_date_sk\n       and d_date between cast('2000-08-25' as date) \n                  and (cast('2000-08-25' as date) +  interval '30 days')\n       and ss_store_sk = s_store_sk\n       and ss_item_sk = i_item_sk\n       and i_current_price > 50\n       and ss_promo_sk = p_promo_sk\n       and p_channel_tv = 'N'\n group by s_store_id)\n ,\n csr as\n (select  cp_catalog_page_id as catalog_page_id,\n          sum(cs_ext_sales_price) as sales,\n          sum(coalesce(cr_return_amount, 0)) as returns,\n          sum(cs_net_profit - coalesce(cr_net_loss, 0)) as profit\n  from catalog_sales left outer join catalog_returns on\n         (cs_item_sk = cr_item_sk and cs_order_number = cr_order_number),\n     date_dim,\n     catalog_page,\n     item,\n     promotion\n where cs_sold_date_sk = d_date_sk\n       and d_date between cast('2000-08-25' as date)\n                  and (cast('2000-08-25' as date) +  interval '30 days')\n        and cs_catalog_page_sk = cp_catalog_page_sk\n       and cs_item_sk = i_item_sk\n       and i_current_price > 50\n       and cs_promo_sk = p_promo_sk\n       and p_channel_tv = 'N'\ngroup by cp_catalog_page_id)\n ,\n wsr as\n (select  web_site_id,\n          sum(ws_ext_sales_price) as sales,\n          sum(coalesce(wr_return_amt, 0)) as returns,\n          sum(ws_net_profit - coalesce(wr_net_loss, 0)) as profit\n  from web_sales left outer join web_returns on\n         (ws_item_sk = wr_item_sk and ws_order_number = wr_order_number),\n     date_dim,\n     web_site,\n     item,\n     promotion\n where ws_sold_date_sk = d_date_sk\n       and d_date between cast('2000-08-25' as date)\n                  and (cast('2000-08-25' as date) +  interval '30 days')\n        and ws_web_site_sk = web_site_sk\n       and ws_item_sk = i_item_sk\n       and i_current_price > 50\n       and ws_promo_sk = p_promo_sk\n       and p_channel_tv = 'N'\ngroup by web_site_id)\n  select  channel\n        , id\n        , sum(sales) as sales\n        , sum(returns) as returns\n        , sum(profit) as profit\n from \n (select 'store channel' as channel\n        , 'store' || store_id as id\n        , sales\n        , returns\n        , profit\n from   ssr\n union all\n select 'catalog channel' as channel\n        , 'catalog_page' || catalog_page_id as id\n        , sales\n        , returns\n        , profit\n from  csr\n union all\n select 'web channel' as channel\n        , 'web_site' || web_site_id as id\n        , sales\n        , returns\n        , profit\n from   wsr\n ) x\n group by rollup (channel, id)\n order by channel\n         ,id\n limit 100;\n\n-- end query 61 in stream 1 using template query80.tpl\n",
    "indexes": "catalog_page.cp_catalog_page_id",
    "wo plan est": {
      "Node Type": "Limit",
      "Parallel Aware": false,
      "Async Capable": false,
      "Startup Cost": 1566793.64,
      "Total Cost": 1566796.93,
      "Plan Rows": 100,
      "Plan Width": 160,
      "Plans": [
        {
          "Node Type": "Aggregate",
          "Strategy": "Sorted",
          "Partial Mode": "Simple",
          "Parent Relationship": "Outer",
          "Parallel Aware": false,
          "Async Capable": false,
          "Startup Cost": 1566793.64,
          "Total Cost": 1566806.84,
          "Plan Rows": 401,
          "Plan Width": 160,
          "Grouping Sets": [
            {
              "Group Keys": [
                [
                  "('store channel'::text)",
                  "(('store'::text || (ssr.store_id)::text))"
                ],
                [
                  "('store channel'::text)"
                ],
                []
              ]
            }
          ],
          "Plans": [
            {
              "Node Type": "Sort",
              "Parent Relationship": "Outer",
              "Parallel Aware": false,
              "Async Capable": false,
              "Startup Cost": 1566793.64,
              "Total Cost": 1566794.67,
              "Plan Rows": 412,
              "Plan Width": 160,
              "Sort Key": [
                "('store channel'::text)",
                "(('store'::text || (ssr.store_id)::text))"
              ],
              "Plans": [
                {
                  "Node Type": "Append",
                  "Parent Relationship": "Outer",
                  "Parallel Aware": false,
                  "Async Capable": false,
                  "Startup Cost": 784596.3,
                  "Total Cost": 1566775.74,
                  "Plan Rows": 412,
                  "Plan Width": 160,
                  "Subplans Removed": 0,
                  "Plans": [
                    {
                      "Node Type": "Subquery Scan",
                      "Parent Relationship": "Member",
                      "Parallel Aware": false,
                      "Async Capable": false,
                      "Alias": "ssr",
                      "Startup Cost": 784596.3,
                      "Total Cost": 784616.16,
                      "Plan Rows": 51,
                      "Plan Width": 160,
                      "Plans": [
                        {
                          "Node Type": "Aggregate",
                          "Strategy": "Sorted",
                          "Partial Mode": "Finalize",
                          "Parent Relationship": "Subquery",
                          "Parallel Aware": false,
                          "Async Capable": false,
                          "Startup Cost": 784596.3,
                          "Total Cost": 784615.39,
                          "Plan Rows": 51,
                          "Plan Width": 113,
                          "Group Key": [
                            "store.s_store_id"
                          ],
                          "Plans": [
                            {
                              "Node Type": "Gather Merge",
                              "Parent Relationship": "Outer",
                              "Parallel Aware": false,
                              "Async Capable": false,
                              "Startup Cost": 784596.3,
                              "Total Cost": 784612.71,
                              "Plan Rows": 102,
                              "Plan Width": 113,
                              "Workers Planned": 2,
                              "Plans": [
                                {
                                  "Node Type": "Aggregate",
                                  "Strategy": "Sorted",
                                  "Partial Mode": "Partial",
                                  "Parent Relationship": "Outer",
                                  "Parallel Aware": false,
                                  "Async Capable": false,
                                  "Startup Cost": 783596.27,
                                  "Total Cost": 783600.92,
                                  "Plan Rows": 51,
                                  "Plan Width": 113,
                                  "Group Key": [
                                    "store.s_store_id"
                                  ],
                                  "Plans": [
                                    {
                                      "Node Type": "Sort",
                                      "Parent Relationship": "Outer",
                                      "Parallel Aware": false,
                                      "Async Capable": false,
                                      "Startup Cost": 783596.27,
                                      "Total Cost": 783596.9,
                                      "Plan Rows": 250,
                                      "Plan Width": 41,
                                      "Sort Key": [
                                        "store.s_store_id"
                                      ],
                                      "Plans": [
                                        {
                                          "Node Type": "Hash Join",
                                          "Parent Relationship": "Outer",
                                          "Parallel Aware": false,
                                          "Async Capable": false,
                                          "Join Type": "Inner",
                                          "Startup Cost": 94489.35,
                                          "Total Cost": 783586.32,
                                          "Plan Rows": 250,
                                          "Plan Width": 41,
                                          "Inner Unique": false,
                                          "Hash Cond": "(store_sales.ss_store_sk = store.s_store_sk)",
                                          "Plans": [
                                            {
                                              "Node Type": "Hash Join",
                                              "Parent Relationship": "Outer",
                                              "Parallel Aware": false,
                                              "Async Capable": false,
                                              "Join Type": "Inner",
                                              "Startup Cost": 94482.05,
                                              "Total Cost": 783575.54,
                                              "Plan Rows": 262,
                                              "Plan Width": 28,
                                              "Inner Unique": false,
                                              "Hash Cond": "(store_sales.ss_promo_sk = promotion.p_promo_sk)",
                                              "Plans": [
                                                {
                                                  "Node Type": "Hash Join",
                                                  "Parent Relationship": "Outer",
                                                  "Parallel Aware": true,
                                                  "Async Capable": false,
                                                  "Join Type": "Inner",
                                                  "Startup Cost": 94456.65,
                                                  "Total Cost": 783546.47,
                                                  "Plan Rows": 279,
                                                  "Plan Width": 32,
                                                  "Inner Unique": false,
                                                  "Hash Cond": "(store_sales.ss_item_sk = item.i_item_sk)",
                                                  "Plans": [
                                                    {
                                                      "Node Type": "Hash Join",
                                                      "Parent Relationship": "Outer",
                                                      "Parallel Aware": true,
                                                      "Async Capable": false,
                                                      "Join Type": "Left",
                                                      "Startup Cost": 86930.88,
                                                      "Total Cost": 776001.31,
                                                      "Plan Rows": 4860,
                                                      "Plan Width": 36,
                                                      "Inner Unique": false,
                                                      "Hash Cond": "((store_sales.ss_item_sk = store_returns.sr_item_sk) AND (store_sales.ss_ticket_number = store_returns.sr_ticket_number))",
                                                      "Plans": [
                                                        {
                                                          "Node Type": "Hash Join",
                                                          "Parent Relationship": "Outer",
                                                          "Parallel Aware": true,
                                                          "Async Capable": false,
                                                          "Join Type": "Inner",
                                                          "Startup Cost": 2049.78,
                                                          "Total Cost": 683994.75,
                                                          "Plan Rows": 4860,
                                                          "Plan Width": 28,
                                                          "Inner Unique": false,
                                                          "Hash Cond": "(store_sales.ss_sold_date_sk = date_dim.d_date_sk)",
                                                          "Plans": [
                                                            {
                                                              "Node Type": "Seq Scan",
                                                              "Parent Relationship": "Outer",
                                                              "Parallel Aware": true,
                                                              "Async Capable": false,
                                                              "Relation Name": "store_sales",
                                                              "Alias": "store_sales",
                                                              "Startup Cost": 0.0,
                                                              "Total Cost": 636914.37,
                                                              "Plan Rows": 12000637,
                                                              "Plan Width": 32,
                                                              "parent": 13,
                                                              "ID": 14
                                                            },
                                                            {
                                                              "Node Type": "Hash",
                                                              "Parent Relationship": "Inner",
                                                              "Parallel Aware": true,
                                                              "Async Capable": false,
                                                              "Startup Cost": 2049.55,
                                                              "Total Cost": 2049.55,
                                                              "Plan Rows": 18,
                                                              "Plan Width": 4,
                                                              "Plans": [
                                                                {
                                                                  "Node Type": "Seq Scan",
                                                                  "Parent Relationship": "Outer",
                                                                  "Parallel Aware": true,
                                                                  "Async Capable": false,
                                                                  "Relation Name": "date_dim",
                                                                  "Alias": "date_dim",
                                                                  "Startup Cost": 0.0,
                                                                  "Total Cost": 2049.55,
                                                                  "Plan Rows": 18,
                                                                  "Plan Width": 4,
                                                                  "Filter": "((d_date >= '2000-08-25'::date) AND (d_date <= '2000-09-24 00:00:00'::timestamp without time zone))",
                                                                  "parent": 15,
                                                                  "ID": 16
                                                                }
                                                              ],
                                                              "parent": 13,
                                                              "ID": 15,
                                                              "left": 16
                                                            }
                                                          ],
                                                          "parent": 12,
                                                          "ID": 13,
                                                          "left": 14,
                                                          "right": 15
                                                        },
                                                        {
                                                          "Node Type": "Hash",
                                                          "Parent Relationship": "Inner",
                                                          "Parallel Aware": true,
                                                          "Async Capable": false,
                                                          "Startup Cost": 59887.64,
                                                          "Total Cost": 59887.64,
                                                          "Plan Rows": 1198164,
                                                          "Plan Width": 20,
                                                          "Plans": [
                                                            {
                                                              "Node Type": "Seq Scan",
                                                              "Parent Relationship": "Outer",
                                                              "Parallel Aware": true,
                                                              "Async Capable": false,
                                                              "Relation Name": "store_returns",
                                                              "Alias": "store_returns",
                                                              "Startup Cost": 0.0,
                                                              "Total Cost": 59887.64,
                                                              "Plan Rows": 1198164,
                                                              "Plan Width": 20,
                                                              "parent": 17,
                                                              "ID": 18
                                                            }
                                                          ],
                                                          "parent": 12,
                                                          "ID": 17,
                                                          "left": 18
                                                        }
                                                      ],
                                                      "parent": 11,
                                                      "ID": 12,
                                                      "left": 13,
                                                      "right": 17
                                                    },
                                                    {
                                                      "Node Type": "Hash",
                                                      "Parent Relationship": "Inner",
                                                      "Parallel Aware": true,
                                                      "Async Capable": false,
                                                      "Startup Cost": 7495.25,
                                                      "Total Cost": 7495.25,
                                                      "Plan Rows": 2442,
                                                      "Plan Width": 4,
                                                      "Plans": [
                                                        {
                                                          "Node Type": "Seq Scan",
                                                          "Parent Relationship": "Outer",
                                                          "Parallel Aware": true,
                                                          "Async Capable": false,
                                                          "Relation Name": "item",
                                                          "Alias": "item",
                                                          "Startup Cost": 0.0,
                                                          "Total Cost": 7495.25,
                                                          "Plan Rows": 2442,
                                                          "Plan Width": 4,
                                                          "Filter": "(i_current_price > '50'::numeric)",
                                                          "parent": 19,
                                                          "ID": 20
                                                        }
                                                      ],
                                                      "parent": 11,
                                                      "ID": 19,
                                                      "left": 20
                                                    }
                                                  ],
                                                  "parent": 10,
                                                  "ID": 11,
                                                  "left": 12,
                                                  "right": 19
                                                },
                                                {
                                                  "Node Type": "Hash",
                                                  "Parent Relationship": "Inner",
                                                  "Parallel Aware": false,
                                                  "Async Capable": false,
                                                  "Startup Cost": 19.25,
                                                  "Total Cost": 19.25,
                                                  "Plan Rows": 492,
                                                  "Plan Width": 4,
                                                  "Plans": [
                                                    {
                                                      "Node Type": "Seq Scan",
                                                      "Parent Relationship": "Outer",
                                                      "Parallel Aware": false,
                                                      "Async Capable": false,
                                                      "Relation Name": "promotion",
                                                      "Alias": "promotion",
                                                      "Startup Cost": 0.0,
                                                      "Total Cost": 19.25,
                                                      "Plan Rows": 492,
                                                      "Plan Width": 4,
                                                      "Filter": "(p_channel_tv = 'N'::bpchar)",
                                                      "parent": 21,
                                                      "ID": 22
                                                    }
                                                  ],
                                                  "parent": 10,
                                                  "ID": 21,
                                                  "left": 22
                                                }
                                              ],
                                              "parent": 9,
                                              "ID": 10,
                                              "left": 11,
                                              "right": 21
                                            },
                                            {
                                              "Node Type": "Hash",
                                              "Parent Relationship": "Inner",
                                              "Parallel Aware": false,
                                              "Async Capable": false,
                                              "Startup Cost": 6.02,
                                              "Total Cost": 6.02,
                                              "Plan Rows": 102,
                                              "Plan Width": 21,
                                              "Plans": [
                                                {
                                                  "Node Type": "Seq Scan",
                                                  "Parent Relationship": "Outer",
                                                  "Parallel Aware": false,
                                                  "Async Capable": false,
                                                  "Relation Name": "store",
                                                  "Alias": "store",
                                                  "Startup Cost": 0.0,
                                                  "Total Cost": 6.02,
                                                  "Plan Rows": 102,
                                                  "Plan Width": 21,
                                                  "parent": 23,
                                                  "ID": 24
                                                }
                                              ],
                                              "parent": 9,
                                              "ID": 23,
                                              "left": 24
                                            }
                                          ],
                                          "parent": 8,
                                          "ID": 9,
                                          "left": 10,
                                          "right": 23
                                        }
                                      ],
                                      "parent": 7,
                                      "ID": 8,
                                      "left": 9
                                    }
                                  ],
                                  "parent": 6,
                                  "ID": 7,
                                  "left": 8
                                }
                              ],
                              "parent": 5,
                              "ID": 6,
                              "left": 7
                            }
                          ],
                          "parent": 4,
                          "ID": 5,
                          "left": 6
                        }
                      ],
                      "parent": 3,
                      "ID": 4,
                      "left": 5
                    },
                    {
                      "Node Type": "Subquery Scan",
                      "Parent Relationship": "Member",
                      "Parallel Aware": false,
                      "Async Capable": false,
                      "Alias": "csr",
                      "Startup Cost": 518177.36,
                      "Total Cost": 518230.78,
                      "Plan Rows": 340,
                      "Plan Width": 160,
                      "Plans": [
                        {
                          "Node Type": "Aggregate",
                          "Strategy": "Sorted",
                          "Partial Mode": "Finalize",
                          "Parent Relationship": "Subquery",
                          "Parallel Aware": false,
                          "Async Capable": false,
                          "Startup Cost": 518177.36,
                          "Total Cost": 518225.68,
                          "Plan Rows": 340,
                          "Plan Width": 113,
                          "Group Key": [
                            "catalog_page.cp_catalog_page_id"
                          ],
                          "Plans": [
                            {
                              "Node Type": "Gather Merge",
                              "Parent Relationship": "Outer",
                              "Parallel Aware": false,
                              "Async Capable": false,
                              "Startup Cost": 518177.36,
                              "Total Cost": 518214.76,
                              "Plan Rows": 284,
                              "Plan Width": 113,
                              "Workers Planned": 2,
                              "Plans": [
                                {
                                  "Node Type": "Aggregate",
                                  "Strategy": "Sorted",
                                  "Partial Mode": "Partial",
                                  "Parent Relationship": "Outer",
                                  "Parallel Aware": false,
                                  "Async Capable": false,
                                  "Startup Cost": 517177.34,
                                  "Total Cost": 517181.95,
                                  "Plan Rows": 142,
                                  "Plan Width": 113,
                                  "Group Key": [
                                    "catalog_page.cp_catalog_page_id"
                                  ],
                                  "Plans": [
                                    {
                                      "Node Type": "Sort",
                                      "Parent Relationship": "Outer",
                                      "Parallel Aware": false,
                                      "Async Capable": false,
                                      "Startup Cost": 517177.34,
                                      "Total Cost": 517177.69,
                                      "Plan Rows": 142,
                                      "Plan Width": 41,
                                      "Sort Key": [
                                        "catalog_page.cp_catalog_page_id"
                                      ],
                                      "Plans": [
                                        {
                                          "Node Type": "Hash Join",
                                          "Parent Relationship": "Outer",
                                          "Parallel Aware": false,
                                          "Async Capable": false,
                                          "Join Type": "Inner",
                                          "Startup Cost": 57382.33,
                                          "Total Cost": 517172.26,
                                          "Plan Rows": 142,
                                          "Plan Width": 41,
                                          "Inner Unique": false,
                                          "Hash Cond": "(catalog_sales.cs_catalog_page_sk = catalog_page.cp_catalog_page_sk)",
                                          "Plans": [
                                            {
                                              "Node Type": "Hash Join",
                                              "Parent Relationship": "Outer",
                                              "Parallel Aware": false,
                                              "Async Capable": false,
                                              "Join Type": "Inner",
                                              "Startup Cost": 56864.33,
                                              "Total Cost": 516652.32,
                                              "Plan Rows": 142,
                                              "Plan Width": 28,
                                              "Inner Unique": false,
                                              "Hash Cond": "(catalog_sales.cs_promo_sk = promotion_1.p_promo_sk)",
                                              "Plans": [
                                                {
                                                  "Node Type": "Hash Join",
                                                  "Parent Relationship": "Outer",
                                                  "Parallel Aware": true,
                                                  "Async Capable": false,
                                                  "Join Type": "Inner",
                                                  "Startup Cost": 56838.93,
                                                  "Total Cost": 516624.96,
                                                  "Plan Rows": 145,
                                                  "Plan Width": 32,
                                                  "Inner Unique": false,
                                                  "Hash Cond": "(catalog_sales.cs_item_sk = item_1.i_item_sk)",
                                                  "Plans": [
                                                    {
                                                      "Node Type": "Hash Join",
                                                      "Parent Relationship": "Outer",
                                                      "Parallel Aware": true,
                                                      "Async Capable": false,
                                                      "Join Type": "Left",
                                                      "Startup Cost": 49313.15,
                                                      "Total Cost": 509089.08,
                                                      "Plan Rows": 2532,
                                                      "Plan Width": 36,
                                                      "Inner Unique": false,
                                                      "Hash Cond": "((catalog_sales.cs_item_sk = catalog_returns.cr_item_sk) AND (catalog_sales.cs_order_number = catalog_returns.cr_order_number))",
                                                      "Plans": [
                                                        {
                                                          "Node Type": "Hash Join",
                                                          "Parent Relationship": "Outer",
                                                          "Parallel Aware": true,
                                                          "Async Capable": false,
                                                          "Join Type": "Inner",
                                                          "Startup Cost": 2049.78,
                                                          "Total Cost": 458254.7,
                                                          "Plan Rows": 2532,
                                                          "Plan Width": 28,
                                                          "Inner Unique": false,
                                                          "Hash Cond": "(catalog_sales.cs_sold_date_sk = date_dim_1.d_date_sk)",
                                                          "Plans": [
                                                            {
                                                              "Node Type": "Seq Scan",
                                                              "Parent Relationship": "Outer",
                                                              "Parallel Aware": true,
                                                              "Async Capable": false,
                                                              "Relation Name": "catalog_sales",
                                                              "Alias": "catalog_sales",
                                                              "Startup Cost": 0.0,
                                                              "Total Cost": 433688.25,
                                                              "Plan Rows": 6000525,
                                                              "Plan Width": 32,
                                                              "parent": 34,
                                                              "ID": 35
                                                            },
                                                            {
                                                              "Node Type": "Hash",
                                                              "Parent Relationship": "Inner",
                                                              "Parallel Aware": true,
                                                              "Async Capable": false,
                                                              "Startup Cost": 2049.55,
                                                              "Total Cost": 2049.55,
                                                              "Plan Rows": 18,
                                                              "Plan Width": 4,
                                                              "Plans": [
                                                                {
                                                                  "Node Type": "Seq Scan",
                                                                  "Parent Relationship": "Outer",
                                                                  "Parallel Aware": true,
                                                                  "Async Capable": false,
                                                                  "Relation Name": "date_dim",
                                                                  "Alias": "date_dim_1",
                                                                  "Startup Cost": 0.0,
                                                                  "Total Cost": 2049.55,
                                                                  "Plan Rows": 18,
                                                                  "Plan Width": 4,
                                                                  "Filter": "((d_date >= '2000-08-25'::date) AND (d_date <= '2000-09-24 00:00:00'::timestamp without time zone))",
                                                                  "parent": 36,
                                                                  "ID": 37
                                                                }
                                                              ],
                                                              "parent": 34,
                                                              "ID": 36,
                                                              "left": 37
                                                            }
                                                          ],
                                                          "parent": 33,
                                                          "ID": 34,
                                                          "left": 35,
                                                          "right": 36
                                                        },
                                                        {
                                                          "Node Type": "Hash",
                                                          "Parent Relationship": "Inner",
                                                          "Parallel Aware": true,
                                                          "Async Capable": false,
                                                          "Startup Cost": 34748.95,
                                                          "Total Cost": 34748.95,
                                                          "Plan Rows": 599895,
                                                          "Plan Width": 20,
                                                          "Plans": [
                                                            {
                                                              "Node Type": "Seq Scan",
                                                              "Parent Relationship": "Outer",
                                                              "Parallel Aware": true,
                                                              "Async Capable": false,
                                                              "Relation Name": "catalog_returns",
                                                              "Alias": "catalog_returns",
                                                              "Startup Cost": 0.0,
                                                              "Total Cost": 34748.95,
                                                              "Plan Rows": 599895,
                                                              "Plan Width": 20,
                                                              "parent": 38,
                                                              "ID": 39
                                                            }
                                                          ],
                                                          "parent": 33,
                                                          "ID": 38,
                                                          "left": 39
                                                        }
                                                      ],
                                                      "parent": 32,
                                                      "ID": 33,
                                                      "left": 34,
                                                      "right": 38
                                                    },
                                                    {
                                                      "Node Type": "Hash",
                                                      "Parent Relationship": "Inner",
                                                      "Parallel Aware": true,
                                                      "Async Capable": false,
                                                      "Startup Cost": 7495.25,
                                                      "Total Cost": 7495.25,
                                                      "Plan Rows": 2442,
                                                      "Plan Width": 4,
                                                      "Plans": [
                                                        {
                                                          "Node Type": "Seq Scan",
                                                          "Parent Relationship": "Outer",
                                                          "Parallel Aware": true,
                                                          "Async Capable": false,
                                                          "Relation Name": "item",
                                                          "Alias": "item_1",
                                                          "Startup Cost": 0.0,
                                                          "Total Cost": 7495.25,
                                                          "Plan Rows": 2442,
                                                          "Plan Width": 4,
                                                          "Filter": "(i_current_price > '50'::numeric)",
                                                          "parent": 40,
                                                          "ID": 41
                                                        }
                                                      ],
                                                      "parent": 32,
                                                      "ID": 40,
                                                      "left": 41
                                                    }
                                                  ],
                                                  "parent": 31,
                                                  "ID": 32,
                                                  "left": 33,
                                                  "right": 40
                                                },
                                                {
                                                  "Node Type": "Hash",
                                                  "Parent Relationship": "Inner",
                                                  "Parallel Aware": false,
                                                  "Async Capable": false,
                                                  "Startup Cost": 19.25,
                                                  "Total Cost": 19.25,
                                                  "Plan Rows": 492,
                                                  "Plan Width": 4,
                                                  "Plans": [
                                                    {
                                                      "Node Type": "Seq Scan",
                                                      "Parent Relationship": "Outer",
                                                      "Parallel Aware": false,
                                                      "Async Capable": false,
                                                      "Relation Name": "promotion",
                                                      "Alias": "promotion_1",
                                                      "Startup Cost": 0.0,
                                                      "Total Cost": 19.25,
                                                      "Plan Rows": 492,
                                                      "Plan Width": 4,
                                                      "Filter": "(p_channel_tv = 'N'::bpchar)",
                                                      "parent": 42,
                                                      "ID": 43
                                                    }
                                                  ],
                                                  "parent": 31,
                                                  "ID": 42,
                                                  "left": 43
                                                }
                                              ],
                                              "parent": 30,
                                              "ID": 31,
                                              "left": 32,
                                              "right": 42
                                            },
                                            {
                                              "Node Type": "Hash",
                                              "Parent Relationship": "Inner",
                                              "Parallel Aware": false,
                                              "Async Capable": false,
                                              "Startup Cost": 368.0,
                                              "Total Cost": 368.0,
                                              "Plan Rows": 12000,
                                              "Plan Width": 21,
                                              "Plans": [
                                                {
                                                  "Node Type": "Seq Scan",
                                                  "Parent Relationship": "Outer",
                                                  "Parallel Aware": false,
                                                  "Async Capable": false,
                                                  "Relation Name": "catalog_page",
                                                  "Alias": "catalog_page",
                                                  "Startup Cost": 0.0,
                                                  "Total Cost": 368.0,
                                                  "Plan Rows": 12000,
                                                  "Plan Width": 21,
                                                  "parent": 44,
                                                  "ID": 45
                                                }
                                              ],
                                              "parent": 30,
                                              "ID": 44,
                                              "left": 45
                                            }
                                          ],
                                          "parent": 29,
                                          "ID": 30,
                                          "left": 31,
                                          "right": 44
                                        }
                                      ],
                                      "parent": 28,
                                      "ID": 29,
                                      "left": 30
                                    }
                                  ],
                                  "parent": 27,
                                  "ID": 28,
                                  "left": 29
                                }
                              ],
                              "parent": 26,
                              "ID": 27,
                              "left": 28
                            }
                          ],
                          "parent": 25,
                          "ID": 26,
                          "left": 27
                        }
                      ],
                      "parent": 3,
                      "ID": 25,
                      "left": 26
                    },
                    {
                      "Node Type": "Subquery Scan",
                      "Parent Relationship": "Member",
                      "Parallel Aware": false,
                      "Async Capable": false,
                      "Alias": "wsr",
                      "Startup Cost": 263919.04,
                      "Total Cost": 263926.75,
                      "Plan Rows": 21,
                      "Plan Width": 160,
                      "Plans": [
                        {
                          "Node Type": "Aggregate",
                          "Strategy": "Sorted",
                          "Partial Mode": "Finalize",
                          "Parent Relationship": "Subquery",
                          "Parallel Aware": false,
                          "Async Capable": false,
                          "Startup Cost": 263919.04,
                          "Total Cost": 263926.43,
                          "Plan Rows": 21,
                          "Plan Width": 113,
                          "Group Key": [
                            "web_site.web_site_id"
                          ],
                          "Plans": [
                            {
                              "Node Type": "Gather Merge",
                              "Parent Relationship": "Outer",
                              "Parallel Aware": false,
                              "Async Capable": false,
                              "Startup Cost": 263919.04,
                              "Total Cost": 263925.33,
                              "Plan Rows": 42,
                              "Plan Width": 113,
                              "Workers Planned": 2,
                              "Plans": [
                                {
                                  "Node Type": "Aggregate",
                                  "Strategy": "Sorted",
                                  "Partial Mode": "Partial",
                                  "Parent Relationship": "Outer",
                                  "Parallel Aware": false,
                                  "Async Capable": false,
                                  "Startup Cost": 262919.01,
                                  "Total Cost": 262920.46,
                                  "Plan Rows": 21,
                                  "Plan Width": 113,
                                  "Group Key": [
                                    "web_site.web_site_id"
                                  ],
                                  "Plans": [
                                    {
                                      "Node Type": "Sort",
                                      "Parent Relationship": "Outer",
                                      "Parallel Aware": false,
                                      "Async Capable": false,
                                      "Startup Cost": 262919.01,
                                      "Total Cost": 262919.19,
                                      "Plan Rows": 72,
                                      "Plan Width": 41,
                                      "Sort Key": [
                                        "web_site.web_site_id"
                                      ],
                                      "Plans": [
                                        {
                                          "Node Type": "Hash Join",
                                          "Parent Relationship": "Outer",
                                          "Parallel Aware": false,
                                          "Async Capable": false,
                                          "Join Type": "Inner",
                                          "Startup Cost": 32134.74,
                                          "Total Cost": 262916.79,
                                          "Plan Rows": 72,
                                          "Plan Width": 41,
                                          "Inner Unique": false,
                                          "Hash Cond": "(web_sales.ws_web_site_sk = web_site.web_site_sk)",
                                          "Plans": [
                                            {
                                              "Node Type": "Hash Join",
                                              "Parent Relationship": "Outer",
                                              "Parallel Aware": false,
                                              "Async Capable": false,
                                              "Join Type": "Inner",
                                              "Startup Cost": 32130.8,
                                              "Total Cost": 262911.86,
                                              "Plan Rows": 72,
                                              "Plan Width": 28,
                                              "Inner Unique": false,
                                              "Hash Cond": "(web_sales.ws_promo_sk = promotion_2.p_promo_sk)",
                                              "Plans": [
                                                {
                                                  "Node Type": "Hash Join",
                                                  "Parent Relationship": "Outer",
                                                  "Parallel Aware": true,
                                                  "Async Capable": false,
                                                  "Join Type": "Inner",
                                                  "Startup Cost": 32105.4,
                                                  "Total Cost": 262885.46,
                                                  "Plan Rows": 73,
                                                  "Plan Width": 32,
                                                  "Inner Unique": false,
                                                  "Hash Cond": "(web_sales.ws_item_sk = item_2.i_item_sk)",
                                                  "Plans": [
                                                    {
                                                      "Node Type": "Hash Join",
                                                      "Parent Relationship": "Outer",
                                                      "Parallel Aware": true,
                                                      "Async Capable": false,
                                                      "Join Type": "Left",
                                                      "Startup Cost": 24579.62,
                                                      "Total Cost": 255354.62,
                                                      "Plan Rows": 1272,
                                                      "Plan Width": 36,
                                                      "Inner Unique": false,
                                                      "Hash Cond": "((web_sales.ws_item_sk = web_returns.wr_item_sk) AND (web_sales.ws_order_number = web_returns.wr_order_number))",
                                                      "Plans": [
                                                        {
                                                          "Node Type": "Hash Join",
                                                          "Parent Relationship": "Outer",
                                                          "Parallel Aware": true,
                                                          "Async Capable": false,
                                                          "Join Type": "Inner",
                                                          "Startup Cost": 2049.78,
                                                          "Total Cost": 231041.22,
                                                          "Plan Rows": 1272,
                                                          "Plan Width": 28,
                                                          "Inner Unique": false,
                                                          "Hash Cond": "(web_sales.ws_sold_date_sk = date_dim_2.d_date_sk)",
                                                          "Plans": [
                                                            {
                                                              "Node Type": "Seq Scan",
                                                              "Parent Relationship": "Outer",
                                                              "Parallel Aware": true,
                                                              "Async Capable": false,
                                                              "Relation Name": "web_sales",
                                                              "Alias": "web_sales",
                                                              "Startup Cost": 0.0,
                                                              "Total Cost": 217737.86,
                                                              "Plan Rows": 2998986,
                                                              "Plan Width": 32,
                                                              "parent": 55,
                                                              "ID": 56
                                                            },
                                                            {
                                                              "Node Type": "Hash",
                                                              "Parent Relationship": "Inner",
                                                              "Parallel Aware": true,
                                                              "Async Capable": false,
                                                              "Startup Cost": 2049.55,
                                                              "Total Cost": 2049.55,
                                                              "Plan Rows": 18,
                                                              "Plan Width": 4,
                                                              "Plans": [
                                                                {
                                                                  "Node Type": "Seq Scan",
                                                                  "Parent Relationship": "Outer",
                                                                  "Parallel Aware": true,
                                                                  "Async Capable": false,
                                                                  "Relation Name": "date_dim",
                                                                  "Alias": "date_dim_2",
                                                                  "Startup Cost": 0.0,
                                                                  "Total Cost": 2049.55,
                                                                  "Plan Rows": 18,
                                                                  "Plan Width": 4,
                                                                  "Filter": "((d_date >= '2000-08-25'::date) AND (d_date <= '2000-09-24 00:00:00'::timestamp without time zone))",
                                                                  "parent": 57,
                                                                  "ID": 58
                                                                }
                                                              ],
                                                              "parent": 55,
                                                              "ID": 57,
                                                              "left": 58
                                                            }
                                                          ],
                                                          "parent": 54,
                                                          "ID": 55,
                                                          "left": 56,
                                                          "right": 57
                                                        },
                                                        {
                                                          "Node Type": "Hash",
                                                          "Parent Relationship": "Inner",
                                                          "Parallel Aware": true,
                                                          "Async Capable": false,
                                                          "Startup Cost": 16278.74,
                                                          "Total Cost": 16278.74,
                                                          "Plan Rows": 299674,
                                                          "Plan Width": 20,
                                                          "Plans": [
                                                            {
                                                              "Node Type": "Seq Scan",
                                                              "Parent Relationship": "Outer",
                                                              "Parallel Aware": true,
                                                              "Async Capable": false,
                                                              "Relation Name": "web_returns",
                                                              "Alias": "web_returns",
                                                              "Startup Cost": 0.0,
                                                              "Total Cost": 16278.74,
                                                              "Plan Rows": 299674,
                                                              "Plan Width": 20,
                                                              "parent": 59,
                                                              "ID": 60
                                                            }
                                                          ],
                                                          "parent": 54,
                                                          "ID": 59,
                                                          "left": 60
                                                        }
                                                      ],
                                                      "parent": 53,
                                                      "ID": 54,
                                                      "left": 55,
                                                      "right": 59
                                                    },
                                                    {
                                                      "Node Type": "Hash",
                                                      "Parent Relationship": "Inner",
                                                      "Parallel Aware": true,
                                                      "Async Capable": false,
                                                      "Startup Cost": 7495.25,
                                                      "Total Cost": 7495.25,
                                                      "Plan Rows": 2442,
                                                      "Plan Width": 4,
                                                      "Plans": [
                                                        {
                                                          "Node Type": "Seq Scan",
                                                          "Parent Relationship": "Outer",
                                                          "Parallel Aware": true,
                                                          "Async Capable": false,
                                                          "Relation Name": "item",
                                                          "Alias": "item_2",
                                                          "Startup Cost": 0.0,
                                                          "Total Cost": 7495.25,
                                                          "Plan Rows": 2442,
                                                          "Plan Width": 4,
                                                          "Filter": "(i_current_price > '50'::numeric)",
                                                          "parent": 61,
                                                          "ID": 62
                                                        }
                                                      ],
                                                      "parent": 53,
                                                      "ID": 61,
                                                      "left": 62
                                                    }
                                                  ],
                                                  "parent": 52,
                                                  "ID": 53,
                                                  "left": 54,
                                                  "right": 61
                                                },
                                                {
                                                  "Node Type": "Hash",
                                                  "Parent Relationship": "Inner",
                                                  "Parallel Aware": false,
                                                  "Async Capable": false,
                                                  "Startup Cost": 19.25,
                                                  "Total Cost": 19.25,
                                                  "Plan Rows": 492,
                                                  "Plan Width": 4,
                                                  "Plans": [
                                                    {
                                                      "Node Type": "Seq Scan",
                                                      "Parent Relationship": "Outer",
                                                      "Parallel Aware": false,
                                                      "Async Capable": false,
                                                      "Relation Name": "promotion",
                                                      "Alias": "promotion_2",
                                                      "Startup Cost": 0.0,
                                                      "Total Cost": 19.25,
                                                      "Plan Rows": 492,
                                                      "Plan Width": 4,
                                                      "Filter": "(p_channel_tv = 'N'::bpchar)",
                                                      "parent": 63,
                                                      "ID": 64
                                                    }
                                                  ],
                                                  "parent": 52,
                                                  "ID": 63,
                                                  "left": 64
                                                }
                                              ],
                                              "parent": 51,
                                              "ID": 52,
                                              "left": 53,
                                              "right": 63
                                            },
                                            {
                                              "Node Type": "Hash",
                                              "Parent Relationship": "Inner",
                                              "Parallel Aware": false,
                                              "Async Capable": false,
                                              "Startup Cost": 3.42,
                                              "Total Cost": 3.42,
                                              "Plan Rows": 42,
                                              "Plan Width": 21,
                                              "Plans": [
                                                {
                                                  "Node Type": "Seq Scan",
                                                  "Parent Relationship": "Outer",
                                                  "Parallel Aware": false,
                                                  "Async Capable": false,
                                                  "Relation Name": "web_site",
                                                  "Alias": "web_site",
                                                  "Startup Cost": 0.0,
                                                  "Total Cost": 3.42,
                                                  "Plan Rows": 42,
                                                  "Plan Width": 21,
                                                  "parent": 65,
                                                  "ID": 66
                                                }
                                              ],
                                              "parent": 51,
                                              "ID": 65,
                                              "left": 66
                                            }
                                          ],
                                          "parent": 50,
                                          "ID": 51,
                                          "left": 52,
                                          "right": 65
                                        }
                                      ],
                                      "parent": 49,
                                      "ID": 50,
                                      "left": 51
                                    }
                                  ],
                                  "parent": 48,
                                  "ID": 49,
                                  "left": 50
                                }
                              ],
                              "parent": 47,
                              "ID": 48,
                              "left": 49
                            }
                          ],
                          "parent": 46,
                          "ID": 47,
                          "left": 48
                        }
                      ],
                      "parent": 3,
                      "ID": 46,
                      "left": 47
                    }
                  ],
                  "parent": 2,
                  "ID": 3,
                  "left": 4,
                  "right": 25
                }
              ],
              "parent": 1,
              "ID": 2,
              "left": 3
            }
          ],
          "parent": 0,
          "ID": 1,
          "left": 2
        }
      ],
      "parent": null,
      "ID": 0,
      "left": 1
    },
    "feat": {
      "utility": 0.0,
      "query_shape": [
        [
          "Seq Scan",
          "Hash Join",
          "Sort",
          "Aggregate",
          "Gather Merge",
          "Subquery Scan",
          "Append"
        ],
        [
          "Seq Scan",
          "Hash",
          "Hash Join",
          "Sort",
          "Aggregate",
          "Gather Merge",
          "Subquery Scan",
          "Append"
        ],
        [
          "Seq Scan",
          "Hash",
          "Hash Join",
          "Sort",
          "Aggregate",
          "Gather Merge",
          "Subquery Scan",
          "Append"
        ],
        [
          "Seq Scan",
          "Hash",
          "Hash Join",
          "Sort",
          "Aggregate",
          "Gather Merge",
          "Subquery Scan",
          "Append"
        ],
        [
          "Seq Scan",
          "Hash",
          "Hash Join",
          "Sort",
          "Aggregate",
          "Gather Merge",
          "Subquery Scan",
          "Append"
        ],
        [
          "Seq Scan",
          "Hash",
          "Hash Join",
          "Sort",
          "Aggregate",
          "Gather Merge",
          "Subquery Scan",
          "Append"
        ],
        [
          "Seq Scan",
          "Hash Join",
          "Sort",
          "Aggregate",
          "Gather Merge",
          "Subquery Scan",
          "Append"
        ],
        [
          "Seq Scan",
          "Hash",
          "Hash Join",
          "Sort",
          "Aggregate",
          "Gather Merge",
          "Subquery Scan",
          "Append"
        ],
        [
          "Seq Scan",
          "Hash",
          "Hash Join",
          "Sort",
          "Aggregate",
          "Gather Merge",
          "Subquery Scan",
          "Append"
        ],
        [
          "Seq Scan",
          "Hash",
          "Hash Join",
          "Sort",
          "Aggregate",
          "Gather Merge",
          "Subquery Scan",
          "Append"
        ],
        [
          "Seq Scan",
          "Hash",
          "Hash Join",
          "Sort",
          "Aggregate",
          "Gather Merge",
          "Subquery Scan",
          "Append"
        ],
        [
          "Seq Scan",
          "Hash",
          "Hash Join",
          "Sort",
          "Aggregate",
          "Gather Merge",
          "Subquery Scan",
          "Append"
        ],
        [
          "Seq Scan",
          "Hash Join",
          "Sort",
          "Aggregate",
          "Gather Merge",
          "Subquery Scan",
          "Append"
        ],
        [
          "Seq Scan",
          "Hash",
          "Hash Join",
          "Sort",
          "Aggregate",
          "Gather Merge",
          "Subquery Scan",
          "Append"
        ],
        [
          "Seq Scan",
          "Hash",
          "Hash Join",
          "Sort",
          "Aggregate",
          "Gather Merge",
          "Subquery Scan",
          "Append"
        ],
        [
          "Seq Scan",
          "Hash",
          "Hash Join",
          "Sort",
          "Aggregate",
          "Gather Merge",
          "Subquery Scan",
          "Append"
        ],
        [
          "Seq Scan",
          "Hash",
          "Hash Join",
          "Sort",
          "Aggregate",
          "Gather Merge",
          "Subquery Scan",
          "Append"
        ],
        [
          "Seq Scan",
          "Hash",
          "Hash Join",
          "Sort",
          "Aggregate",
          "Gather Merge",
          "Subquery Scan",
          "Append"
        ]
      ],
      "index_shape": [
        "order-by"
      ],
      "physical_operator": {
        "Sort": [
          "[0. 0. 0. 0. 0. 0. 0. 0. 0. 0. 0. 0. 0. 0. 0. 0. 0. 0. 0. 0. 0. 0. 0. 0.\n 0. 0. 0. 0. 0. 0. 0. 0. 0. 0. 0. 0. 0. 0. 0. 0. 0. 0. 0. 0. 0. 0. 0. 0.\n 0. 0. 0.]"
        ],
        "Aggregate": [
          "[0. 0. 0. 0. 0. 0. 0. 0. 0. 0. 0. 0. 0. 0. 0. 0. 0. 0. 0. 0. 0. 0. 0. 0.\n 0. 0. 0. 0. 0. 0. 0. 0. 0. 0. 0. 0. 0. 0. 0. 0. 0. 0. 0. 0. 0. 0. 0. 0.\n 0. 0. 0.]",
          "[0. 0. 0. 0. 0. 0. 0. 0. 0. 0. 0. 0. 0. 0. 0. 0. 0. 0. 0. 0. 0. 0. 0. 0.\n 0. 0. 0. 0. 0. 0. 0. 0. 0. 0. 0. 0. 0. 0. 0. 0. 0. 0. 0. 0. 0. 0. 0. 0.\n 0. 0. 0.]"
        ]
      }
    }
  },
  {
    "query": "with ssr as\n (select  s_store_id as store_id,\n          sum(ss_ext_sales_price) as sales,\n          sum(coalesce(sr_return_amt, 0)) as returns,\n          sum(ss_net_profit - coalesce(sr_net_loss, 0)) as profit\n  from store_sales left outer join store_returns on\n         (ss_item_sk = sr_item_sk and ss_ticket_number = sr_ticket_number),\n     date_dim,\n     store,\n     item,\n     promotion\n where ss_sold_date_sk = d_date_sk\n       and d_date between cast('2000-08-25' as date) \n                  and (cast('2000-08-25' as date) +  interval '30 days')\n       and ss_store_sk = s_store_sk\n       and ss_item_sk = i_item_sk\n       and i_current_price > 50\n       and ss_promo_sk = p_promo_sk\n       and p_channel_tv = 'N'\n group by s_store_id)\n ,\n csr as\n (select  cp_catalog_page_id as catalog_page_id,\n          sum(cs_ext_sales_price) as sales,\n          sum(coalesce(cr_return_amount, 0)) as returns,\n          sum(cs_net_profit - coalesce(cr_net_loss, 0)) as profit\n  from catalog_sales left outer join catalog_returns on\n         (cs_item_sk = cr_item_sk and cs_order_number = cr_order_number),\n     date_dim,\n     catalog_page,\n     item,\n     promotion\n where cs_sold_date_sk = d_date_sk\n       and d_date between cast('2000-08-25' as date)\n                  and (cast('2000-08-25' as date) +  interval '30 days')\n        and cs_catalog_page_sk = cp_catalog_page_sk\n       and cs_item_sk = i_item_sk\n       and i_current_price > 50\n       and cs_promo_sk = p_promo_sk\n       and p_channel_tv = 'N'\ngroup by cp_catalog_page_id)\n ,\n wsr as\n (select  web_site_id,\n          sum(ws_ext_sales_price) as sales,\n          sum(coalesce(wr_return_amt, 0)) as returns,\n          sum(ws_net_profit - coalesce(wr_net_loss, 0)) as profit\n  from web_sales left outer join web_returns on\n         (ws_item_sk = wr_item_sk and ws_order_number = wr_order_number),\n     date_dim,\n     web_site,\n     item,\n     promotion\n where ws_sold_date_sk = d_date_sk\n       and d_date between cast('2000-08-25' as date)\n                  and (cast('2000-08-25' as date) +  interval '30 days')\n        and ws_web_site_sk = web_site_sk\n       and ws_item_sk = i_item_sk\n       and i_current_price > 50\n       and ws_promo_sk = p_promo_sk\n       and p_channel_tv = 'N'\ngroup by web_site_id)\n  select  channel\n        , id\n        , sum(sales) as sales\n        , sum(returns) as returns\n        , sum(profit) as profit\n from \n (select 'store channel' as channel\n        , 'store' || store_id as id\n        , sales\n        , returns\n        , profit\n from   ssr\n union all\n select 'catalog channel' as channel\n        , 'catalog_page' || catalog_page_id as id\n        , sales\n        , returns\n        , profit\n from  csr\n union all\n select 'web channel' as channel\n        , 'web_site' || web_site_id as id\n        , sales\n        , returns\n        , profit\n from   wsr\n ) x\n group by rollup (channel, id)\n order by channel\n         ,id\n limit 100;\n\n-- end query 61 in stream 1 using template query80.tpl\n",
    "indexes": "catalog_returns.cr_item_sk",
    "wo plan est": {
      "Node Type": "Limit",
      "Parallel Aware": false,
      "Async Capable": false,
      "Startup Cost": 1566793.64,
      "Total Cost": 1566796.93,
      "Plan Rows": 100,
      "Plan Width": 160,
      "Plans": [
        {
          "Node Type": "Aggregate",
          "Strategy": "Sorted",
          "Partial Mode": "Simple",
          "Parent Relationship": "Outer",
          "Parallel Aware": false,
          "Async Capable": false,
          "Startup Cost": 1566793.64,
          "Total Cost": 1566806.84,
          "Plan Rows": 401,
          "Plan Width": 160,
          "Grouping Sets": [
            {
              "Group Keys": [
                [
                  "('store channel'::text)",
                  "(('store'::text || (ssr.store_id)::text))"
                ],
                [
                  "('store channel'::text)"
                ],
                []
              ]
            }
          ],
          "Plans": [
            {
              "Node Type": "Sort",
              "Parent Relationship": "Outer",
              "Parallel Aware": false,
              "Async Capable": false,
              "Startup Cost": 1566793.64,
              "Total Cost": 1566794.67,
              "Plan Rows": 412,
              "Plan Width": 160,
              "Sort Key": [
                "('store channel'::text)",
                "(('store'::text || (ssr.store_id)::text))"
              ],
              "Plans": [
                {
                  "Node Type": "Append",
                  "Parent Relationship": "Outer",
                  "Parallel Aware": false,
                  "Async Capable": false,
                  "Startup Cost": 784596.3,
                  "Total Cost": 1566775.74,
                  "Plan Rows": 412,
                  "Plan Width": 160,
                  "Subplans Removed": 0,
                  "Plans": [
                    {
                      "Node Type": "Subquery Scan",
                      "Parent Relationship": "Member",
                      "Parallel Aware": false,
                      "Async Capable": false,
                      "Alias": "ssr",
                      "Startup Cost": 784596.3,
                      "Total Cost": 784616.16,
                      "Plan Rows": 51,
                      "Plan Width": 160,
                      "Plans": [
                        {
                          "Node Type": "Aggregate",
                          "Strategy": "Sorted",
                          "Partial Mode": "Finalize",
                          "Parent Relationship": "Subquery",
                          "Parallel Aware": false,
                          "Async Capable": false,
                          "Startup Cost": 784596.3,
                          "Total Cost": 784615.39,
                          "Plan Rows": 51,
                          "Plan Width": 113,
                          "Group Key": [
                            "store.s_store_id"
                          ],
                          "Plans": [
                            {
                              "Node Type": "Gather Merge",
                              "Parent Relationship": "Outer",
                              "Parallel Aware": false,
                              "Async Capable": false,
                              "Startup Cost": 784596.3,
                              "Total Cost": 784612.71,
                              "Plan Rows": 102,
                              "Plan Width": 113,
                              "Workers Planned": 2,
                              "Plans": [
                                {
                                  "Node Type": "Aggregate",
                                  "Strategy": "Sorted",
                                  "Partial Mode": "Partial",
                                  "Parent Relationship": "Outer",
                                  "Parallel Aware": false,
                                  "Async Capable": false,
                                  "Startup Cost": 783596.27,
                                  "Total Cost": 783600.92,
                                  "Plan Rows": 51,
                                  "Plan Width": 113,
                                  "Group Key": [
                                    "store.s_store_id"
                                  ],
                                  "Plans": [
                                    {
                                      "Node Type": "Sort",
                                      "Parent Relationship": "Outer",
                                      "Parallel Aware": false,
                                      "Async Capable": false,
                                      "Startup Cost": 783596.27,
                                      "Total Cost": 783596.9,
                                      "Plan Rows": 250,
                                      "Plan Width": 41,
                                      "Sort Key": [
                                        "store.s_store_id"
                                      ],
                                      "Plans": [
                                        {
                                          "Node Type": "Hash Join",
                                          "Parent Relationship": "Outer",
                                          "Parallel Aware": false,
                                          "Async Capable": false,
                                          "Join Type": "Inner",
                                          "Startup Cost": 94489.35,
                                          "Total Cost": 783586.32,
                                          "Plan Rows": 250,
                                          "Plan Width": 41,
                                          "Inner Unique": false,
                                          "Hash Cond": "(store_sales.ss_store_sk = store.s_store_sk)",
                                          "Plans": [
                                            {
                                              "Node Type": "Hash Join",
                                              "Parent Relationship": "Outer",
                                              "Parallel Aware": false,
                                              "Async Capable": false,
                                              "Join Type": "Inner",
                                              "Startup Cost": 94482.05,
                                              "Total Cost": 783575.54,
                                              "Plan Rows": 262,
                                              "Plan Width": 28,
                                              "Inner Unique": false,
                                              "Hash Cond": "(store_sales.ss_promo_sk = promotion.p_promo_sk)",
                                              "Plans": [
                                                {
                                                  "Node Type": "Hash Join",
                                                  "Parent Relationship": "Outer",
                                                  "Parallel Aware": true,
                                                  "Async Capable": false,
                                                  "Join Type": "Inner",
                                                  "Startup Cost": 94456.65,
                                                  "Total Cost": 783546.47,
                                                  "Plan Rows": 279,
                                                  "Plan Width": 32,
                                                  "Inner Unique": false,
                                                  "Hash Cond": "(store_sales.ss_item_sk = item.i_item_sk)",
                                                  "Plans": [
                                                    {
                                                      "Node Type": "Hash Join",
                                                      "Parent Relationship": "Outer",
                                                      "Parallel Aware": true,
                                                      "Async Capable": false,
                                                      "Join Type": "Left",
                                                      "Startup Cost": 86930.88,
                                                      "Total Cost": 776001.31,
                                                      "Plan Rows": 4860,
                                                      "Plan Width": 36,
                                                      "Inner Unique": false,
                                                      "Hash Cond": "((store_sales.ss_item_sk = store_returns.sr_item_sk) AND (store_sales.ss_ticket_number = store_returns.sr_ticket_number))",
                                                      "Plans": [
                                                        {
                                                          "Node Type": "Hash Join",
                                                          "Parent Relationship": "Outer",
                                                          "Parallel Aware": true,
                                                          "Async Capable": false,
                                                          "Join Type": "Inner",
                                                          "Startup Cost": 2049.78,
                                                          "Total Cost": 683994.75,
                                                          "Plan Rows": 4860,
                                                          "Plan Width": 28,
                                                          "Inner Unique": false,
                                                          "Hash Cond": "(store_sales.ss_sold_date_sk = date_dim.d_date_sk)",
                                                          "Plans": [
                                                            {
                                                              "Node Type": "Seq Scan",
                                                              "Parent Relationship": "Outer",
                                                              "Parallel Aware": true,
                                                              "Async Capable": false,
                                                              "Relation Name": "store_sales",
                                                              "Alias": "store_sales",
                                                              "Startup Cost": 0.0,
                                                              "Total Cost": 636914.37,
                                                              "Plan Rows": 12000637,
                                                              "Plan Width": 32,
                                                              "parent": 13,
                                                              "ID": 14
                                                            },
                                                            {
                                                              "Node Type": "Hash",
                                                              "Parent Relationship": "Inner",
                                                              "Parallel Aware": true,
                                                              "Async Capable": false,
                                                              "Startup Cost": 2049.55,
                                                              "Total Cost": 2049.55,
                                                              "Plan Rows": 18,
                                                              "Plan Width": 4,
                                                              "Plans": [
                                                                {
                                                                  "Node Type": "Seq Scan",
                                                                  "Parent Relationship": "Outer",
                                                                  "Parallel Aware": true,
                                                                  "Async Capable": false,
                                                                  "Relation Name": "date_dim",
                                                                  "Alias": "date_dim",
                                                                  "Startup Cost": 0.0,
                                                                  "Total Cost": 2049.55,
                                                                  "Plan Rows": 18,
                                                                  "Plan Width": 4,
                                                                  "Filter": "((d_date >= '2000-08-25'::date) AND (d_date <= '2000-09-24 00:00:00'::timestamp without time zone))",
                                                                  "parent": 15,
                                                                  "ID": 16
                                                                }
                                                              ],
                                                              "parent": 13,
                                                              "ID": 15,
                                                              "left": 16
                                                            }
                                                          ],
                                                          "parent": 12,
                                                          "ID": 13,
                                                          "left": 14,
                                                          "right": 15
                                                        },
                                                        {
                                                          "Node Type": "Hash",
                                                          "Parent Relationship": "Inner",
                                                          "Parallel Aware": true,
                                                          "Async Capable": false,
                                                          "Startup Cost": 59887.64,
                                                          "Total Cost": 59887.64,
                                                          "Plan Rows": 1198164,
                                                          "Plan Width": 20,
                                                          "Plans": [
                                                            {
                                                              "Node Type": "Seq Scan",
                                                              "Parent Relationship": "Outer",
                                                              "Parallel Aware": true,
                                                              "Async Capable": false,
                                                              "Relation Name": "store_returns",
                                                              "Alias": "store_returns",
                                                              "Startup Cost": 0.0,
                                                              "Total Cost": 59887.64,
                                                              "Plan Rows": 1198164,
                                                              "Plan Width": 20,
                                                              "parent": 17,
                                                              "ID": 18
                                                            }
                                                          ],
                                                          "parent": 12,
                                                          "ID": 17,
                                                          "left": 18
                                                        }
                                                      ],
                                                      "parent": 11,
                                                      "ID": 12,
                                                      "left": 13,
                                                      "right": 17
                                                    },
                                                    {
                                                      "Node Type": "Hash",
                                                      "Parent Relationship": "Inner",
                                                      "Parallel Aware": true,
                                                      "Async Capable": false,
                                                      "Startup Cost": 7495.25,
                                                      "Total Cost": 7495.25,
                                                      "Plan Rows": 2442,
                                                      "Plan Width": 4,
                                                      "Plans": [
                                                        {
                                                          "Node Type": "Seq Scan",
                                                          "Parent Relationship": "Outer",
                                                          "Parallel Aware": true,
                                                          "Async Capable": false,
                                                          "Relation Name": "item",
                                                          "Alias": "item",
                                                          "Startup Cost": 0.0,
                                                          "Total Cost": 7495.25,
                                                          "Plan Rows": 2442,
                                                          "Plan Width": 4,
                                                          "Filter": "(i_current_price > '50'::numeric)",
                                                          "parent": 19,
                                                          "ID": 20
                                                        }
                                                      ],
                                                      "parent": 11,
                                                      "ID": 19,
                                                      "left": 20
                                                    }
                                                  ],
                                                  "parent": 10,
                                                  "ID": 11,
                                                  "left": 12,
                                                  "right": 19
                                                },
                                                {
                                                  "Node Type": "Hash",
                                                  "Parent Relationship": "Inner",
                                                  "Parallel Aware": false,
                                                  "Async Capable": false,
                                                  "Startup Cost": 19.25,
                                                  "Total Cost": 19.25,
                                                  "Plan Rows": 492,
                                                  "Plan Width": 4,
                                                  "Plans": [
                                                    {
                                                      "Node Type": "Seq Scan",
                                                      "Parent Relationship": "Outer",
                                                      "Parallel Aware": false,
                                                      "Async Capable": false,
                                                      "Relation Name": "promotion",
                                                      "Alias": "promotion",
                                                      "Startup Cost": 0.0,
                                                      "Total Cost": 19.25,
                                                      "Plan Rows": 492,
                                                      "Plan Width": 4,
                                                      "Filter": "(p_channel_tv = 'N'::bpchar)",
                                                      "parent": 21,
                                                      "ID": 22
                                                    }
                                                  ],
                                                  "parent": 10,
                                                  "ID": 21,
                                                  "left": 22
                                                }
                                              ],
                                              "parent": 9,
                                              "ID": 10,
                                              "left": 11,
                                              "right": 21
                                            },
                                            {
                                              "Node Type": "Hash",
                                              "Parent Relationship": "Inner",
                                              "Parallel Aware": false,
                                              "Async Capable": false,
                                              "Startup Cost": 6.02,
                                              "Total Cost": 6.02,
                                              "Plan Rows": 102,
                                              "Plan Width": 21,
                                              "Plans": [
                                                {
                                                  "Node Type": "Seq Scan",
                                                  "Parent Relationship": "Outer",
                                                  "Parallel Aware": false,
                                                  "Async Capable": false,
                                                  "Relation Name": "store",
                                                  "Alias": "store",
                                                  "Startup Cost": 0.0,
                                                  "Total Cost": 6.02,
                                                  "Plan Rows": 102,
                                                  "Plan Width": 21,
                                                  "parent": 23,
                                                  "ID": 24
                                                }
                                              ],
                                              "parent": 9,
                                              "ID": 23,
                                              "left": 24
                                            }
                                          ],
                                          "parent": 8,
                                          "ID": 9,
                                          "left": 10,
                                          "right": 23
                                        }
                                      ],
                                      "parent": 7,
                                      "ID": 8,
                                      "left": 9
                                    }
                                  ],
                                  "parent": 6,
                                  "ID": 7,
                                  "left": 8
                                }
                              ],
                              "parent": 5,
                              "ID": 6,
                              "left": 7
                            }
                          ],
                          "parent": 4,
                          "ID": 5,
                          "left": 6
                        }
                      ],
                      "parent": 3,
                      "ID": 4,
                      "left": 5
                    },
                    {
                      "Node Type": "Subquery Scan",
                      "Parent Relationship": "Member",
                      "Parallel Aware": false,
                      "Async Capable": false,
                      "Alias": "csr",
                      "Startup Cost": 518177.36,
                      "Total Cost": 518230.78,
                      "Plan Rows": 340,
                      "Plan Width": 160,
                      "Plans": [
                        {
                          "Node Type": "Aggregate",
                          "Strategy": "Sorted",
                          "Partial Mode": "Finalize",
                          "Parent Relationship": "Subquery",
                          "Parallel Aware": false,
                          "Async Capable": false,
                          "Startup Cost": 518177.36,
                          "Total Cost": 518225.68,
                          "Plan Rows": 340,
                          "Plan Width": 113,
                          "Group Key": [
                            "catalog_page.cp_catalog_page_id"
                          ],
                          "Plans": [
                            {
                              "Node Type": "Gather Merge",
                              "Parent Relationship": "Outer",
                              "Parallel Aware": false,
                              "Async Capable": false,
                              "Startup Cost": 518177.36,
                              "Total Cost": 518214.76,
                              "Plan Rows": 284,
                              "Plan Width": 113,
                              "Workers Planned": 2,
                              "Plans": [
                                {
                                  "Node Type": "Aggregate",
                                  "Strategy": "Sorted",
                                  "Partial Mode": "Partial",
                                  "Parent Relationship": "Outer",
                                  "Parallel Aware": false,
                                  "Async Capable": false,
                                  "Startup Cost": 517177.34,
                                  "Total Cost": 517181.95,
                                  "Plan Rows": 142,
                                  "Plan Width": 113,
                                  "Group Key": [
                                    "catalog_page.cp_catalog_page_id"
                                  ],
                                  "Plans": [
                                    {
                                      "Node Type": "Sort",
                                      "Parent Relationship": "Outer",
                                      "Parallel Aware": false,
                                      "Async Capable": false,
                                      "Startup Cost": 517177.34,
                                      "Total Cost": 517177.69,
                                      "Plan Rows": 142,
                                      "Plan Width": 41,
                                      "Sort Key": [
                                        "catalog_page.cp_catalog_page_id"
                                      ],
                                      "Plans": [
                                        {
                                          "Node Type": "Hash Join",
                                          "Parent Relationship": "Outer",
                                          "Parallel Aware": false,
                                          "Async Capable": false,
                                          "Join Type": "Inner",
                                          "Startup Cost": 57382.33,
                                          "Total Cost": 517172.26,
                                          "Plan Rows": 142,
                                          "Plan Width": 41,
                                          "Inner Unique": false,
                                          "Hash Cond": "(catalog_sales.cs_catalog_page_sk = catalog_page.cp_catalog_page_sk)",
                                          "Plans": [
                                            {
                                              "Node Type": "Hash Join",
                                              "Parent Relationship": "Outer",
                                              "Parallel Aware": false,
                                              "Async Capable": false,
                                              "Join Type": "Inner",
                                              "Startup Cost": 56864.33,
                                              "Total Cost": 516652.32,
                                              "Plan Rows": 142,
                                              "Plan Width": 28,
                                              "Inner Unique": false,
                                              "Hash Cond": "(catalog_sales.cs_promo_sk = promotion_1.p_promo_sk)",
                                              "Plans": [
                                                {
                                                  "Node Type": "Hash Join",
                                                  "Parent Relationship": "Outer",
                                                  "Parallel Aware": true,
                                                  "Async Capable": false,
                                                  "Join Type": "Inner",
                                                  "Startup Cost": 56838.93,
                                                  "Total Cost": 516624.96,
                                                  "Plan Rows": 145,
                                                  "Plan Width": 32,
                                                  "Inner Unique": false,
                                                  "Hash Cond": "(catalog_sales.cs_item_sk = item_1.i_item_sk)",
                                                  "Plans": [
                                                    {
                                                      "Node Type": "Hash Join",
                                                      "Parent Relationship": "Outer",
                                                      "Parallel Aware": true,
                                                      "Async Capable": false,
                                                      "Join Type": "Left",
                                                      "Startup Cost": 49313.15,
                                                      "Total Cost": 509089.08,
                                                      "Plan Rows": 2532,
                                                      "Plan Width": 36,
                                                      "Inner Unique": false,
                                                      "Hash Cond": "((catalog_sales.cs_item_sk = catalog_returns.cr_item_sk) AND (catalog_sales.cs_order_number = catalog_returns.cr_order_number))",
                                                      "Plans": [
                                                        {
                                                          "Node Type": "Hash Join",
                                                          "Parent Relationship": "Outer",
                                                          "Parallel Aware": true,
                                                          "Async Capable": false,
                                                          "Join Type": "Inner",
                                                          "Startup Cost": 2049.78,
                                                          "Total Cost": 458254.7,
                                                          "Plan Rows": 2532,
                                                          "Plan Width": 28,
                                                          "Inner Unique": false,
                                                          "Hash Cond": "(catalog_sales.cs_sold_date_sk = date_dim_1.d_date_sk)",
                                                          "Plans": [
                                                            {
                                                              "Node Type": "Seq Scan",
                                                              "Parent Relationship": "Outer",
                                                              "Parallel Aware": true,
                                                              "Async Capable": false,
                                                              "Relation Name": "catalog_sales",
                                                              "Alias": "catalog_sales",
                                                              "Startup Cost": 0.0,
                                                              "Total Cost": 433688.25,
                                                              "Plan Rows": 6000525,
                                                              "Plan Width": 32,
                                                              "parent": 34,
                                                              "ID": 35
                                                            },
                                                            {
                                                              "Node Type": "Hash",
                                                              "Parent Relationship": "Inner",
                                                              "Parallel Aware": true,
                                                              "Async Capable": false,
                                                              "Startup Cost": 2049.55,
                                                              "Total Cost": 2049.55,
                                                              "Plan Rows": 18,
                                                              "Plan Width": 4,
                                                              "Plans": [
                                                                {
                                                                  "Node Type": "Seq Scan",
                                                                  "Parent Relationship": "Outer",
                                                                  "Parallel Aware": true,
                                                                  "Async Capable": false,
                                                                  "Relation Name": "date_dim",
                                                                  "Alias": "date_dim_1",
                                                                  "Startup Cost": 0.0,
                                                                  "Total Cost": 2049.55,
                                                                  "Plan Rows": 18,
                                                                  "Plan Width": 4,
                                                                  "Filter": "((d_date >= '2000-08-25'::date) AND (d_date <= '2000-09-24 00:00:00'::timestamp without time zone))",
                                                                  "parent": 36,
                                                                  "ID": 37
                                                                }
                                                              ],
                                                              "parent": 34,
                                                              "ID": 36,
                                                              "left": 37
                                                            }
                                                          ],
                                                          "parent": 33,
                                                          "ID": 34,
                                                          "left": 35,
                                                          "right": 36
                                                        },
                                                        {
                                                          "Node Type": "Hash",
                                                          "Parent Relationship": "Inner",
                                                          "Parallel Aware": true,
                                                          "Async Capable": false,
                                                          "Startup Cost": 34748.95,
                                                          "Total Cost": 34748.95,
                                                          "Plan Rows": 599895,
                                                          "Plan Width": 20,
                                                          "Plans": [
                                                            {
                                                              "Node Type": "Seq Scan",
                                                              "Parent Relationship": "Outer",
                                                              "Parallel Aware": true,
                                                              "Async Capable": false,
                                                              "Relation Name": "catalog_returns",
                                                              "Alias": "catalog_returns",
                                                              "Startup Cost": 0.0,
                                                              "Total Cost": 34748.95,
                                                              "Plan Rows": 599895,
                                                              "Plan Width": 20,
                                                              "parent": 38,
                                                              "ID": 39
                                                            }
                                                          ],
                                                          "parent": 33,
                                                          "ID": 38,
                                                          "left": 39
                                                        }
                                                      ],
                                                      "parent": 32,
                                                      "ID": 33,
                                                      "left": 34,
                                                      "right": 38
                                                    },
                                                    {
                                                      "Node Type": "Hash",
                                                      "Parent Relationship": "Inner",
                                                      "Parallel Aware": true,
                                                      "Async Capable": false,
                                                      "Startup Cost": 7495.25,
                                                      "Total Cost": 7495.25,
                                                      "Plan Rows": 2442,
                                                      "Plan Width": 4,
                                                      "Plans": [
                                                        {
                                                          "Node Type": "Seq Scan",
                                                          "Parent Relationship": "Outer",
                                                          "Parallel Aware": true,
                                                          "Async Capable": false,
                                                          "Relation Name": "item",
                                                          "Alias": "item_1",
                                                          "Startup Cost": 0.0,
                                                          "Total Cost": 7495.25,
                                                          "Plan Rows": 2442,
                                                          "Plan Width": 4,
                                                          "Filter": "(i_current_price > '50'::numeric)",
                                                          "parent": 40,
                                                          "ID": 41
                                                        }
                                                      ],
                                                      "parent": 32,
                                                      "ID": 40,
                                                      "left": 41
                                                    }
                                                  ],
                                                  "parent": 31,
                                                  "ID": 32,
                                                  "left": 33,
                                                  "right": 40
                                                },
                                                {
                                                  "Node Type": "Hash",
                                                  "Parent Relationship": "Inner",
                                                  "Parallel Aware": false,
                                                  "Async Capable": false,
                                                  "Startup Cost": 19.25,
                                                  "Total Cost": 19.25,
                                                  "Plan Rows": 492,
                                                  "Plan Width": 4,
                                                  "Plans": [
                                                    {
                                                      "Node Type": "Seq Scan",
                                                      "Parent Relationship": "Outer",
                                                      "Parallel Aware": false,
                                                      "Async Capable": false,
                                                      "Relation Name": "promotion",
                                                      "Alias": "promotion_1",
                                                      "Startup Cost": 0.0,
                                                      "Total Cost": 19.25,
                                                      "Plan Rows": 492,
                                                      "Plan Width": 4,
                                                      "Filter": "(p_channel_tv = 'N'::bpchar)",
                                                      "parent": 42,
                                                      "ID": 43
                                                    }
                                                  ],
                                                  "parent": 31,
                                                  "ID": 42,
                                                  "left": 43
                                                }
                                              ],
                                              "parent": 30,
                                              "ID": 31,
                                              "left": 32,
                                              "right": 42
                                            },
                                            {
                                              "Node Type": "Hash",
                                              "Parent Relationship": "Inner",
                                              "Parallel Aware": false,
                                              "Async Capable": false,
                                              "Startup Cost": 368.0,
                                              "Total Cost": 368.0,
                                              "Plan Rows": 12000,
                                              "Plan Width": 21,
                                              "Plans": [
                                                {
                                                  "Node Type": "Seq Scan",
                                                  "Parent Relationship": "Outer",
                                                  "Parallel Aware": false,
                                                  "Async Capable": false,
                                                  "Relation Name": "catalog_page",
                                                  "Alias": "catalog_page",
                                                  "Startup Cost": 0.0,
                                                  "Total Cost": 368.0,
                                                  "Plan Rows": 12000,
                                                  "Plan Width": 21,
                                                  "parent": 44,
                                                  "ID": 45
                                                }
                                              ],
                                              "parent": 30,
                                              "ID": 44,
                                              "left": 45
                                            }
                                          ],
                                          "parent": 29,
                                          "ID": 30,
                                          "left": 31,
                                          "right": 44
                                        }
                                      ],
                                      "parent": 28,
                                      "ID": 29,
                                      "left": 30
                                    }
                                  ],
                                  "parent": 27,
                                  "ID": 28,
                                  "left": 29
                                }
                              ],
                              "parent": 26,
                              "ID": 27,
                              "left": 28
                            }
                          ],
                          "parent": 25,
                          "ID": 26,
                          "left": 27
                        }
                      ],
                      "parent": 3,
                      "ID": 25,
                      "left": 26
                    },
                    {
                      "Node Type": "Subquery Scan",
                      "Parent Relationship": "Member",
                      "Parallel Aware": false,
                      "Async Capable": false,
                      "Alias": "wsr",
                      "Startup Cost": 263919.04,
                      "Total Cost": 263926.75,
                      "Plan Rows": 21,
                      "Plan Width": 160,
                      "Plans": [
                        {
                          "Node Type": "Aggregate",
                          "Strategy": "Sorted",
                          "Partial Mode": "Finalize",
                          "Parent Relationship": "Subquery",
                          "Parallel Aware": false,
                          "Async Capable": false,
                          "Startup Cost": 263919.04,
                          "Total Cost": 263926.43,
                          "Plan Rows": 21,
                          "Plan Width": 113,
                          "Group Key": [
                            "web_site.web_site_id"
                          ],
                          "Plans": [
                            {
                              "Node Type": "Gather Merge",
                              "Parent Relationship": "Outer",
                              "Parallel Aware": false,
                              "Async Capable": false,
                              "Startup Cost": 263919.04,
                              "Total Cost": 263925.33,
                              "Plan Rows": 42,
                              "Plan Width": 113,
                              "Workers Planned": 2,
                              "Plans": [
                                {
                                  "Node Type": "Aggregate",
                                  "Strategy": "Sorted",
                                  "Partial Mode": "Partial",
                                  "Parent Relationship": "Outer",
                                  "Parallel Aware": false,
                                  "Async Capable": false,
                                  "Startup Cost": 262919.01,
                                  "Total Cost": 262920.46,
                                  "Plan Rows": 21,
                                  "Plan Width": 113,
                                  "Group Key": [
                                    "web_site.web_site_id"
                                  ],
                                  "Plans": [
                                    {
                                      "Node Type": "Sort",
                                      "Parent Relationship": "Outer",
                                      "Parallel Aware": false,
                                      "Async Capable": false,
                                      "Startup Cost": 262919.01,
                                      "Total Cost": 262919.19,
                                      "Plan Rows": 72,
                                      "Plan Width": 41,
                                      "Sort Key": [
                                        "web_site.web_site_id"
                                      ],
                                      "Plans": [
                                        {
                                          "Node Type": "Hash Join",
                                          "Parent Relationship": "Outer",
                                          "Parallel Aware": false,
                                          "Async Capable": false,
                                          "Join Type": "Inner",
                                          "Startup Cost": 32134.74,
                                          "Total Cost": 262916.79,
                                          "Plan Rows": 72,
                                          "Plan Width": 41,
                                          "Inner Unique": false,
                                          "Hash Cond": "(web_sales.ws_web_site_sk = web_site.web_site_sk)",
                                          "Plans": [
                                            {
                                              "Node Type": "Hash Join",
                                              "Parent Relationship": "Outer",
                                              "Parallel Aware": false,
                                              "Async Capable": false,
                                              "Join Type": "Inner",
                                              "Startup Cost": 32130.8,
                                              "Total Cost": 262911.86,
                                              "Plan Rows": 72,
                                              "Plan Width": 28,
                                              "Inner Unique": false,
                                              "Hash Cond": "(web_sales.ws_promo_sk = promotion_2.p_promo_sk)",
                                              "Plans": [
                                                {
                                                  "Node Type": "Hash Join",
                                                  "Parent Relationship": "Outer",
                                                  "Parallel Aware": true,
                                                  "Async Capable": false,
                                                  "Join Type": "Inner",
                                                  "Startup Cost": 32105.4,
                                                  "Total Cost": 262885.46,
                                                  "Plan Rows": 73,
                                                  "Plan Width": 32,
                                                  "Inner Unique": false,
                                                  "Hash Cond": "(web_sales.ws_item_sk = item_2.i_item_sk)",
                                                  "Plans": [
                                                    {
                                                      "Node Type": "Hash Join",
                                                      "Parent Relationship": "Outer",
                                                      "Parallel Aware": true,
                                                      "Async Capable": false,
                                                      "Join Type": "Left",
                                                      "Startup Cost": 24579.62,
                                                      "Total Cost": 255354.62,
                                                      "Plan Rows": 1272,
                                                      "Plan Width": 36,
                                                      "Inner Unique": false,
                                                      "Hash Cond": "((web_sales.ws_item_sk = web_returns.wr_item_sk) AND (web_sales.ws_order_number = web_returns.wr_order_number))",
                                                      "Plans": [
                                                        {
                                                          "Node Type": "Hash Join",
                                                          "Parent Relationship": "Outer",
                                                          "Parallel Aware": true,
                                                          "Async Capable": false,
                                                          "Join Type": "Inner",
                                                          "Startup Cost": 2049.78,
                                                          "Total Cost": 231041.22,
                                                          "Plan Rows": 1272,
                                                          "Plan Width": 28,
                                                          "Inner Unique": false,
                                                          "Hash Cond": "(web_sales.ws_sold_date_sk = date_dim_2.d_date_sk)",
                                                          "Plans": [
                                                            {
                                                              "Node Type": "Seq Scan",
                                                              "Parent Relationship": "Outer",
                                                              "Parallel Aware": true,
                                                              "Async Capable": false,
                                                              "Relation Name": "web_sales",
                                                              "Alias": "web_sales",
                                                              "Startup Cost": 0.0,
                                                              "Total Cost": 217737.86,
                                                              "Plan Rows": 2998986,
                                                              "Plan Width": 32,
                                                              "parent": 55,
                                                              "ID": 56
                                                            },
                                                            {
                                                              "Node Type": "Hash",
                                                              "Parent Relationship": "Inner",
                                                              "Parallel Aware": true,
                                                              "Async Capable": false,
                                                              "Startup Cost": 2049.55,
                                                              "Total Cost": 2049.55,
                                                              "Plan Rows": 18,
                                                              "Plan Width": 4,
                                                              "Plans": [
                                                                {
                                                                  "Node Type": "Seq Scan",
                                                                  "Parent Relationship": "Outer",
                                                                  "Parallel Aware": true,
                                                                  "Async Capable": false,
                                                                  "Relation Name": "date_dim",
                                                                  "Alias": "date_dim_2",
                                                                  "Startup Cost": 0.0,
                                                                  "Total Cost": 2049.55,
                                                                  "Plan Rows": 18,
                                                                  "Plan Width": 4,
                                                                  "Filter": "((d_date >= '2000-08-25'::date) AND (d_date <= '2000-09-24 00:00:00'::timestamp without time zone))",
                                                                  "parent": 57,
                                                                  "ID": 58
                                                                }
                                                              ],
                                                              "parent": 55,
                                                              "ID": 57,
                                                              "left": 58
                                                            }
                                                          ],
                                                          "parent": 54,
                                                          "ID": 55,
                                                          "left": 56,
                                                          "right": 57
                                                        },
                                                        {
                                                          "Node Type": "Hash",
                                                          "Parent Relationship": "Inner",
                                                          "Parallel Aware": true,
                                                          "Async Capable": false,
                                                          "Startup Cost": 16278.74,
                                                          "Total Cost": 16278.74,
                                                          "Plan Rows": 299674,
                                                          "Plan Width": 20,
                                                          "Plans": [
                                                            {
                                                              "Node Type": "Seq Scan",
                                                              "Parent Relationship": "Outer",
                                                              "Parallel Aware": true,
                                                              "Async Capable": false,
                                                              "Relation Name": "web_returns",
                                                              "Alias": "web_returns",
                                                              "Startup Cost": 0.0,
                                                              "Total Cost": 16278.74,
                                                              "Plan Rows": 299674,
                                                              "Plan Width": 20,
                                                              "parent": 59,
                                                              "ID": 60
                                                            }
                                                          ],
                                                          "parent": 54,
                                                          "ID": 59,
                                                          "left": 60
                                                        }
                                                      ],
                                                      "parent": 53,
                                                      "ID": 54,
                                                      "left": 55,
                                                      "right": 59
                                                    },
                                                    {
                                                      "Node Type": "Hash",
                                                      "Parent Relationship": "Inner",
                                                      "Parallel Aware": true,
                                                      "Async Capable": false,
                                                      "Startup Cost": 7495.25,
                                                      "Total Cost": 7495.25,
                                                      "Plan Rows": 2442,
                                                      "Plan Width": 4,
                                                      "Plans": [
                                                        {
                                                          "Node Type": "Seq Scan",
                                                          "Parent Relationship": "Outer",
                                                          "Parallel Aware": true,
                                                          "Async Capable": false,
                                                          "Relation Name": "item",
                                                          "Alias": "item_2",
                                                          "Startup Cost": 0.0,
                                                          "Total Cost": 7495.25,
                                                          "Plan Rows": 2442,
                                                          "Plan Width": 4,
                                                          "Filter": "(i_current_price > '50'::numeric)",
                                                          "parent": 61,
                                                          "ID": 62
                                                        }
                                                      ],
                                                      "parent": 53,
                                                      "ID": 61,
                                                      "left": 62
                                                    }
                                                  ],
                                                  "parent": 52,
                                                  "ID": 53,
                                                  "left": 54,
                                                  "right": 61
                                                },
                                                {
                                                  "Node Type": "Hash",
                                                  "Parent Relationship": "Inner",
                                                  "Parallel Aware": false,
                                                  "Async Capable": false,
                                                  "Startup Cost": 19.25,
                                                  "Total Cost": 19.25,
                                                  "Plan Rows": 492,
                                                  "Plan Width": 4,
                                                  "Plans": [
                                                    {
                                                      "Node Type": "Seq Scan",
                                                      "Parent Relationship": "Outer",
                                                      "Parallel Aware": false,
                                                      "Async Capable": false,
                                                      "Relation Name": "promotion",
                                                      "Alias": "promotion_2",
                                                      "Startup Cost": 0.0,
                                                      "Total Cost": 19.25,
                                                      "Plan Rows": 492,
                                                      "Plan Width": 4,
                                                      "Filter": "(p_channel_tv = 'N'::bpchar)",
                                                      "parent": 63,
                                                      "ID": 64
                                                    }
                                                  ],
                                                  "parent": 52,
                                                  "ID": 63,
                                                  "left": 64
                                                }
                                              ],
                                              "parent": 51,
                                              "ID": 52,
                                              "left": 53,
                                              "right": 63
                                            },
                                            {
                                              "Node Type": "Hash",
                                              "Parent Relationship": "Inner",
                                              "Parallel Aware": false,
                                              "Async Capable": false,
                                              "Startup Cost": 3.42,
                                              "Total Cost": 3.42,
                                              "Plan Rows": 42,
                                              "Plan Width": 21,
                                              "Plans": [
                                                {
                                                  "Node Type": "Seq Scan",
                                                  "Parent Relationship": "Outer",
                                                  "Parallel Aware": false,
                                                  "Async Capable": false,
                                                  "Relation Name": "web_site",
                                                  "Alias": "web_site",
                                                  "Startup Cost": 0.0,
                                                  "Total Cost": 3.42,
                                                  "Plan Rows": 42,
                                                  "Plan Width": 21,
                                                  "parent": 65,
                                                  "ID": 66
                                                }
                                              ],
                                              "parent": 51,
                                              "ID": 65,
                                              "left": 66
                                            }
                                          ],
                                          "parent": 50,
                                          "ID": 51,
                                          "left": 52,
                                          "right": 65
                                        }
                                      ],
                                      "parent": 49,
                                      "ID": 50,
                                      "left": 51
                                    }
                                  ],
                                  "parent": 48,
                                  "ID": 49,
                                  "left": 50
                                }
                              ],
                              "parent": 47,
                              "ID": 48,
                              "left": 49
                            }
                          ],
                          "parent": 46,
                          "ID": 47,
                          "left": 48
                        }
                      ],
                      "parent": 3,
                      "ID": 46,
                      "left": 47
                    }
                  ],
                  "parent": 2,
                  "ID": 3,
                  "left": 4,
                  "right": 25
                }
              ],
              "parent": 1,
              "ID": 2,
              "left": 3
            }
          ],
          "parent": 0,
          "ID": 1,
          "left": 2
        }
      ],
      "parent": null,
      "ID": 0,
      "left": 1
    },
    "feat": {
      "utility": 2.179979005067697e-06,
      "query_shape": [
        [
          "Seq Scan",
          "Hash Join",
          "Sort",
          "Aggregate",
          "Gather Merge",
          "Subquery Scan",
          "Append"
        ],
        [
          "Seq Scan",
          "Hash",
          "Hash Join",
          "Sort",
          "Aggregate",
          "Gather Merge",
          "Subquery Scan",
          "Append"
        ],
        [
          "Seq Scan",
          "Hash",
          "Hash Join",
          "Sort",
          "Aggregate",
          "Gather Merge",
          "Subquery Scan",
          "Append"
        ],
        [
          "Seq Scan",
          "Hash",
          "Hash Join",
          "Sort",
          "Aggregate",
          "Gather Merge",
          "Subquery Scan",
          "Append"
        ],
        [
          "Seq Scan",
          "Hash",
          "Hash Join",
          "Sort",
          "Aggregate",
          "Gather Merge",
          "Subquery Scan",
          "Append"
        ],
        [
          "Seq Scan",
          "Hash",
          "Hash Join",
          "Sort",
          "Aggregate",
          "Gather Merge",
          "Subquery Scan",
          "Append"
        ],
        [
          "Seq Scan",
          "Hash Join",
          "Sort",
          "Aggregate",
          "Gather Merge",
          "Subquery Scan",
          "Append"
        ],
        [
          "Seq Scan",
          "Hash",
          "Hash Join",
          "Sort",
          "Aggregate",
          "Gather Merge",
          "Subquery Scan",
          "Append"
        ],
        [
          "Seq Scan",
          "Hash",
          "Hash Join",
          "Sort",
          "Aggregate",
          "Gather Merge",
          "Subquery Scan",
          "Append"
        ],
        [
          "Seq Scan",
          "Hash",
          "Hash Join",
          "Sort",
          "Aggregate",
          "Gather Merge",
          "Subquery Scan",
          "Append"
        ],
        [
          "Seq Scan",
          "Hash",
          "Hash Join",
          "Sort",
          "Aggregate",
          "Gather Merge",
          "Subquery Scan",
          "Append"
        ],
        [
          "Seq Scan",
          "Hash",
          "Hash Join",
          "Sort",
          "Aggregate",
          "Gather Merge",
          "Subquery Scan",
          "Append"
        ],
        [
          "Seq Scan",
          "Hash Join",
          "Sort",
          "Aggregate",
          "Gather Merge",
          "Subquery Scan",
          "Append"
        ],
        [
          "Seq Scan",
          "Hash",
          "Hash Join",
          "Sort",
          "Aggregate",
          "Gather Merge",
          "Subquery Scan",
          "Append"
        ],
        [
          "Seq Scan",
          "Hash",
          "Hash Join",
          "Sort",
          "Aggregate",
          "Gather Merge",
          "Subquery Scan",
          "Append"
        ],
        [
          "Seq Scan",
          "Hash",
          "Hash Join",
          "Sort",
          "Aggregate",
          "Gather Merge",
          "Subquery Scan",
          "Append"
        ],
        [
          "Seq Scan",
          "Hash",
          "Hash Join",
          "Sort",
          "Aggregate",
          "Gather Merge",
          "Subquery Scan",
          "Append"
        ],
        [
          "Seq Scan",
          "Hash",
          "Hash Join",
          "Sort",
          "Aggregate",
          "Gather Merge",
          "Subquery Scan",
          "Append"
        ]
      ],
      "index_shape": [
        "join"
      ],
      "physical_operator": {
        "Hash Join": [
          0.0012911074255784968
        ]
      }
    }
  },
  {
    "query": "with ssr as\n (select  s_store_id as store_id,\n          sum(ss_ext_sales_price) as sales,\n          sum(coalesce(sr_return_amt, 0)) as returns,\n          sum(ss_net_profit - coalesce(sr_net_loss, 0)) as profit\n  from store_sales left outer join store_returns on\n         (ss_item_sk = sr_item_sk and ss_ticket_number = sr_ticket_number),\n     date_dim,\n     store,\n     item,\n     promotion\n where ss_sold_date_sk = d_date_sk\n       and d_date between cast('2000-08-25' as date) \n                  and (cast('2000-08-25' as date) +  interval '30 days')\n       and ss_store_sk = s_store_sk\n       and ss_item_sk = i_item_sk\n       and i_current_price > 50\n       and ss_promo_sk = p_promo_sk\n       and p_channel_tv = 'N'\n group by s_store_id)\n ,\n csr as\n (select  cp_catalog_page_id as catalog_page_id,\n          sum(cs_ext_sales_price) as sales,\n          sum(coalesce(cr_return_amount, 0)) as returns,\n          sum(cs_net_profit - coalesce(cr_net_loss, 0)) as profit\n  from catalog_sales left outer join catalog_returns on\n         (cs_item_sk = cr_item_sk and cs_order_number = cr_order_number),\n     date_dim,\n     catalog_page,\n     item,\n     promotion\n where cs_sold_date_sk = d_date_sk\n       and d_date between cast('2000-08-25' as date)\n                  and (cast('2000-08-25' as date) +  interval '30 days')\n        and cs_catalog_page_sk = cp_catalog_page_sk\n       and cs_item_sk = i_item_sk\n       and i_current_price > 50\n       and cs_promo_sk = p_promo_sk\n       and p_channel_tv = 'N'\ngroup by cp_catalog_page_id)\n ,\n wsr as\n (select  web_site_id,\n          sum(ws_ext_sales_price) as sales,\n          sum(coalesce(wr_return_amt, 0)) as returns,\n          sum(ws_net_profit - coalesce(wr_net_loss, 0)) as profit\n  from web_sales left outer join web_returns on\n         (ws_item_sk = wr_item_sk and ws_order_number = wr_order_number),\n     date_dim,\n     web_site,\n     item,\n     promotion\n where ws_sold_date_sk = d_date_sk\n       and d_date between cast('2000-08-25' as date)\n                  and (cast('2000-08-25' as date) +  interval '30 days')\n        and ws_web_site_sk = web_site_sk\n       and ws_item_sk = i_item_sk\n       and i_current_price > 50\n       and ws_promo_sk = p_promo_sk\n       and p_channel_tv = 'N'\ngroup by web_site_id)\n  select  channel\n        , id\n        , sum(sales) as sales\n        , sum(returns) as returns\n        , sum(profit) as profit\n from \n (select 'store channel' as channel\n        , 'store' || store_id as id\n        , sales\n        , returns\n        , profit\n from   ssr\n union all\n select 'catalog channel' as channel\n        , 'catalog_page' || catalog_page_id as id\n        , sales\n        , returns\n        , profit\n from  csr\n union all\n select 'web channel' as channel\n        , 'web_site' || web_site_id as id\n        , sales\n        , returns\n        , profit\n from   wsr\n ) x\n group by rollup (channel, id)\n order by channel\n         ,id\n limit 100;\n\n-- end query 61 in stream 1 using template query80.tpl\n",
    "indexes": "catalog_returns.cr_order_number",
    "wo plan est": {
      "Node Type": "Limit",
      "Parallel Aware": false,
      "Async Capable": false,
      "Startup Cost": 1566793.64,
      "Total Cost": 1566796.93,
      "Plan Rows": 100,
      "Plan Width": 160,
      "Plans": [
        {
          "Node Type": "Aggregate",
          "Strategy": "Sorted",
          "Partial Mode": "Simple",
          "Parent Relationship": "Outer",
          "Parallel Aware": false,
          "Async Capable": false,
          "Startup Cost": 1566793.64,
          "Total Cost": 1566806.84,
          "Plan Rows": 401,
          "Plan Width": 160,
          "Grouping Sets": [
            {
              "Group Keys": [
                [
                  "('store channel'::text)",
                  "(('store'::text || (ssr.store_id)::text))"
                ],
                [
                  "('store channel'::text)"
                ],
                []
              ]
            }
          ],
          "Plans": [
            {
              "Node Type": "Sort",
              "Parent Relationship": "Outer",
              "Parallel Aware": false,
              "Async Capable": false,
              "Startup Cost": 1566793.64,
              "Total Cost": 1566794.67,
              "Plan Rows": 412,
              "Plan Width": 160,
              "Sort Key": [
                "('store channel'::text)",
                "(('store'::text || (ssr.store_id)::text))"
              ],
              "Plans": [
                {
                  "Node Type": "Append",
                  "Parent Relationship": "Outer",
                  "Parallel Aware": false,
                  "Async Capable": false,
                  "Startup Cost": 784596.3,
                  "Total Cost": 1566775.74,
                  "Plan Rows": 412,
                  "Plan Width": 160,
                  "Subplans Removed": 0,
                  "Plans": [
                    {
                      "Node Type": "Subquery Scan",
                      "Parent Relationship": "Member",
                      "Parallel Aware": false,
                      "Async Capable": false,
                      "Alias": "ssr",
                      "Startup Cost": 784596.3,
                      "Total Cost": 784616.16,
                      "Plan Rows": 51,
                      "Plan Width": 160,
                      "Plans": [
                        {
                          "Node Type": "Aggregate",
                          "Strategy": "Sorted",
                          "Partial Mode": "Finalize",
                          "Parent Relationship": "Subquery",
                          "Parallel Aware": false,
                          "Async Capable": false,
                          "Startup Cost": 784596.3,
                          "Total Cost": 784615.39,
                          "Plan Rows": 51,
                          "Plan Width": 113,
                          "Group Key": [
                            "store.s_store_id"
                          ],
                          "Plans": [
                            {
                              "Node Type": "Gather Merge",
                              "Parent Relationship": "Outer",
                              "Parallel Aware": false,
                              "Async Capable": false,
                              "Startup Cost": 784596.3,
                              "Total Cost": 784612.71,
                              "Plan Rows": 102,
                              "Plan Width": 113,
                              "Workers Planned": 2,
                              "Plans": [
                                {
                                  "Node Type": "Aggregate",
                                  "Strategy": "Sorted",
                                  "Partial Mode": "Partial",
                                  "Parent Relationship": "Outer",
                                  "Parallel Aware": false,
                                  "Async Capable": false,
                                  "Startup Cost": 783596.27,
                                  "Total Cost": 783600.92,
                                  "Plan Rows": 51,
                                  "Plan Width": 113,
                                  "Group Key": [
                                    "store.s_store_id"
                                  ],
                                  "Plans": [
                                    {
                                      "Node Type": "Sort",
                                      "Parent Relationship": "Outer",
                                      "Parallel Aware": false,
                                      "Async Capable": false,
                                      "Startup Cost": 783596.27,
                                      "Total Cost": 783596.9,
                                      "Plan Rows": 250,
                                      "Plan Width": 41,
                                      "Sort Key": [
                                        "store.s_store_id"
                                      ],
                                      "Plans": [
                                        {
                                          "Node Type": "Hash Join",
                                          "Parent Relationship": "Outer",
                                          "Parallel Aware": false,
                                          "Async Capable": false,
                                          "Join Type": "Inner",
                                          "Startup Cost": 94489.35,
                                          "Total Cost": 783586.32,
                                          "Plan Rows": 250,
                                          "Plan Width": 41,
                                          "Inner Unique": false,
                                          "Hash Cond": "(store_sales.ss_store_sk = store.s_store_sk)",
                                          "Plans": [
                                            {
                                              "Node Type": "Hash Join",
                                              "Parent Relationship": "Outer",
                                              "Parallel Aware": false,
                                              "Async Capable": false,
                                              "Join Type": "Inner",
                                              "Startup Cost": 94482.05,
                                              "Total Cost": 783575.54,
                                              "Plan Rows": 262,
                                              "Plan Width": 28,
                                              "Inner Unique": false,
                                              "Hash Cond": "(store_sales.ss_promo_sk = promotion.p_promo_sk)",
                                              "Plans": [
                                                {
                                                  "Node Type": "Hash Join",
                                                  "Parent Relationship": "Outer",
                                                  "Parallel Aware": true,
                                                  "Async Capable": false,
                                                  "Join Type": "Inner",
                                                  "Startup Cost": 94456.65,
                                                  "Total Cost": 783546.47,
                                                  "Plan Rows": 279,
                                                  "Plan Width": 32,
                                                  "Inner Unique": false,
                                                  "Hash Cond": "(store_sales.ss_item_sk = item.i_item_sk)",
                                                  "Plans": [
                                                    {
                                                      "Node Type": "Hash Join",
                                                      "Parent Relationship": "Outer",
                                                      "Parallel Aware": true,
                                                      "Async Capable": false,
                                                      "Join Type": "Left",
                                                      "Startup Cost": 86930.88,
                                                      "Total Cost": 776001.31,
                                                      "Plan Rows": 4860,
                                                      "Plan Width": 36,
                                                      "Inner Unique": false,
                                                      "Hash Cond": "((store_sales.ss_item_sk = store_returns.sr_item_sk) AND (store_sales.ss_ticket_number = store_returns.sr_ticket_number))",
                                                      "Plans": [
                                                        {
                                                          "Node Type": "Hash Join",
                                                          "Parent Relationship": "Outer",
                                                          "Parallel Aware": true,
                                                          "Async Capable": false,
                                                          "Join Type": "Inner",
                                                          "Startup Cost": 2049.78,
                                                          "Total Cost": 683994.75,
                                                          "Plan Rows": 4860,
                                                          "Plan Width": 28,
                                                          "Inner Unique": false,
                                                          "Hash Cond": "(store_sales.ss_sold_date_sk = date_dim.d_date_sk)",
                                                          "Plans": [
                                                            {
                                                              "Node Type": "Seq Scan",
                                                              "Parent Relationship": "Outer",
                                                              "Parallel Aware": true,
                                                              "Async Capable": false,
                                                              "Relation Name": "store_sales",
                                                              "Alias": "store_sales",
                                                              "Startup Cost": 0.0,
                                                              "Total Cost": 636914.37,
                                                              "Plan Rows": 12000637,
                                                              "Plan Width": 32,
                                                              "parent": 13,
                                                              "ID": 14
                                                            },
                                                            {
                                                              "Node Type": "Hash",
                                                              "Parent Relationship": "Inner",
                                                              "Parallel Aware": true,
                                                              "Async Capable": false,
                                                              "Startup Cost": 2049.55,
                                                              "Total Cost": 2049.55,
                                                              "Plan Rows": 18,
                                                              "Plan Width": 4,
                                                              "Plans": [
                                                                {
                                                                  "Node Type": "Seq Scan",
                                                                  "Parent Relationship": "Outer",
                                                                  "Parallel Aware": true,
                                                                  "Async Capable": false,
                                                                  "Relation Name": "date_dim",
                                                                  "Alias": "date_dim",
                                                                  "Startup Cost": 0.0,
                                                                  "Total Cost": 2049.55,
                                                                  "Plan Rows": 18,
                                                                  "Plan Width": 4,
                                                                  "Filter": "((d_date >= '2000-08-25'::date) AND (d_date <= '2000-09-24 00:00:00'::timestamp without time zone))",
                                                                  "parent": 15,
                                                                  "ID": 16
                                                                }
                                                              ],
                                                              "parent": 13,
                                                              "ID": 15,
                                                              "left": 16
                                                            }
                                                          ],
                                                          "parent": 12,
                                                          "ID": 13,
                                                          "left": 14,
                                                          "right": 15
                                                        },
                                                        {
                                                          "Node Type": "Hash",
                                                          "Parent Relationship": "Inner",
                                                          "Parallel Aware": true,
                                                          "Async Capable": false,
                                                          "Startup Cost": 59887.64,
                                                          "Total Cost": 59887.64,
                                                          "Plan Rows": 1198164,
                                                          "Plan Width": 20,
                                                          "Plans": [
                                                            {
                                                              "Node Type": "Seq Scan",
                                                              "Parent Relationship": "Outer",
                                                              "Parallel Aware": true,
                                                              "Async Capable": false,
                                                              "Relation Name": "store_returns",
                                                              "Alias": "store_returns",
                                                              "Startup Cost": 0.0,
                                                              "Total Cost": 59887.64,
                                                              "Plan Rows": 1198164,
                                                              "Plan Width": 20,
                                                              "parent": 17,
                                                              "ID": 18
                                                            }
                                                          ],
                                                          "parent": 12,
                                                          "ID": 17,
                                                          "left": 18
                                                        }
                                                      ],
                                                      "parent": 11,
                                                      "ID": 12,
                                                      "left": 13,
                                                      "right": 17
                                                    },
                                                    {
                                                      "Node Type": "Hash",
                                                      "Parent Relationship": "Inner",
                                                      "Parallel Aware": true,
                                                      "Async Capable": false,
                                                      "Startup Cost": 7495.25,
                                                      "Total Cost": 7495.25,
                                                      "Plan Rows": 2442,
                                                      "Plan Width": 4,
                                                      "Plans": [
                                                        {
                                                          "Node Type": "Seq Scan",
                                                          "Parent Relationship": "Outer",
                                                          "Parallel Aware": true,
                                                          "Async Capable": false,
                                                          "Relation Name": "item",
                                                          "Alias": "item",
                                                          "Startup Cost": 0.0,
                                                          "Total Cost": 7495.25,
                                                          "Plan Rows": 2442,
                                                          "Plan Width": 4,
                                                          "Filter": "(i_current_price > '50'::numeric)",
                                                          "parent": 19,
                                                          "ID": 20
                                                        }
                                                      ],
                                                      "parent": 11,
                                                      "ID": 19,
                                                      "left": 20
                                                    }
                                                  ],
                                                  "parent": 10,
                                                  "ID": 11,
                                                  "left": 12,
                                                  "right": 19
                                                },
                                                {
                                                  "Node Type": "Hash",
                                                  "Parent Relationship": "Inner",
                                                  "Parallel Aware": false,
                                                  "Async Capable": false,
                                                  "Startup Cost": 19.25,
                                                  "Total Cost": 19.25,
                                                  "Plan Rows": 492,
                                                  "Plan Width": 4,
                                                  "Plans": [
                                                    {
                                                      "Node Type": "Seq Scan",
                                                      "Parent Relationship": "Outer",
                                                      "Parallel Aware": false,
                                                      "Async Capable": false,
                                                      "Relation Name": "promotion",
                                                      "Alias": "promotion",
                                                      "Startup Cost": 0.0,
                                                      "Total Cost": 19.25,
                                                      "Plan Rows": 492,
                                                      "Plan Width": 4,
                                                      "Filter": "(p_channel_tv = 'N'::bpchar)",
                                                      "parent": 21,
                                                      "ID": 22
                                                    }
                                                  ],
                                                  "parent": 10,
                                                  "ID": 21,
                                                  "left": 22
                                                }
                                              ],
                                              "parent": 9,
                                              "ID": 10,
                                              "left": 11,
                                              "right": 21
                                            },
                                            {
                                              "Node Type": "Hash",
                                              "Parent Relationship": "Inner",
                                              "Parallel Aware": false,
                                              "Async Capable": false,
                                              "Startup Cost": 6.02,
                                              "Total Cost": 6.02,
                                              "Plan Rows": 102,
                                              "Plan Width": 21,
                                              "Plans": [
                                                {
                                                  "Node Type": "Seq Scan",
                                                  "Parent Relationship": "Outer",
                                                  "Parallel Aware": false,
                                                  "Async Capable": false,
                                                  "Relation Name": "store",
                                                  "Alias": "store",
                                                  "Startup Cost": 0.0,
                                                  "Total Cost": 6.02,
                                                  "Plan Rows": 102,
                                                  "Plan Width": 21,
                                                  "parent": 23,
                                                  "ID": 24
                                                }
                                              ],
                                              "parent": 9,
                                              "ID": 23,
                                              "left": 24
                                            }
                                          ],
                                          "parent": 8,
                                          "ID": 9,
                                          "left": 10,
                                          "right": 23
                                        }
                                      ],
                                      "parent": 7,
                                      "ID": 8,
                                      "left": 9
                                    }
                                  ],
                                  "parent": 6,
                                  "ID": 7,
                                  "left": 8
                                }
                              ],
                              "parent": 5,
                              "ID": 6,
                              "left": 7
                            }
                          ],
                          "parent": 4,
                          "ID": 5,
                          "left": 6
                        }
                      ],
                      "parent": 3,
                      "ID": 4,
                      "left": 5
                    },
                    {
                      "Node Type": "Subquery Scan",
                      "Parent Relationship": "Member",
                      "Parallel Aware": false,
                      "Async Capable": false,
                      "Alias": "csr",
                      "Startup Cost": 518177.36,
                      "Total Cost": 518230.78,
                      "Plan Rows": 340,
                      "Plan Width": 160,
                      "Plans": [
                        {
                          "Node Type": "Aggregate",
                          "Strategy": "Sorted",
                          "Partial Mode": "Finalize",
                          "Parent Relationship": "Subquery",
                          "Parallel Aware": false,
                          "Async Capable": false,
                          "Startup Cost": 518177.36,
                          "Total Cost": 518225.68,
                          "Plan Rows": 340,
                          "Plan Width": 113,
                          "Group Key": [
                            "catalog_page.cp_catalog_page_id"
                          ],
                          "Plans": [
                            {
                              "Node Type": "Gather Merge",
                              "Parent Relationship": "Outer",
                              "Parallel Aware": false,
                              "Async Capable": false,
                              "Startup Cost": 518177.36,
                              "Total Cost": 518214.76,
                              "Plan Rows": 284,
                              "Plan Width": 113,
                              "Workers Planned": 2,
                              "Plans": [
                                {
                                  "Node Type": "Aggregate",
                                  "Strategy": "Sorted",
                                  "Partial Mode": "Partial",
                                  "Parent Relationship": "Outer",
                                  "Parallel Aware": false,
                                  "Async Capable": false,
                                  "Startup Cost": 517177.34,
                                  "Total Cost": 517181.95,
                                  "Plan Rows": 142,
                                  "Plan Width": 113,
                                  "Group Key": [
                                    "catalog_page.cp_catalog_page_id"
                                  ],
                                  "Plans": [
                                    {
                                      "Node Type": "Sort",
                                      "Parent Relationship": "Outer",
                                      "Parallel Aware": false,
                                      "Async Capable": false,
                                      "Startup Cost": 517177.34,
                                      "Total Cost": 517177.69,
                                      "Plan Rows": 142,
                                      "Plan Width": 41,
                                      "Sort Key": [
                                        "catalog_page.cp_catalog_page_id"
                                      ],
                                      "Plans": [
                                        {
                                          "Node Type": "Hash Join",
                                          "Parent Relationship": "Outer",
                                          "Parallel Aware": false,
                                          "Async Capable": false,
                                          "Join Type": "Inner",
                                          "Startup Cost": 57382.33,
                                          "Total Cost": 517172.26,
                                          "Plan Rows": 142,
                                          "Plan Width": 41,
                                          "Inner Unique": false,
                                          "Hash Cond": "(catalog_sales.cs_catalog_page_sk = catalog_page.cp_catalog_page_sk)",
                                          "Plans": [
                                            {
                                              "Node Type": "Hash Join",
                                              "Parent Relationship": "Outer",
                                              "Parallel Aware": false,
                                              "Async Capable": false,
                                              "Join Type": "Inner",
                                              "Startup Cost": 56864.33,
                                              "Total Cost": 516652.32,
                                              "Plan Rows": 142,
                                              "Plan Width": 28,
                                              "Inner Unique": false,
                                              "Hash Cond": "(catalog_sales.cs_promo_sk = promotion_1.p_promo_sk)",
                                              "Plans": [
                                                {
                                                  "Node Type": "Hash Join",
                                                  "Parent Relationship": "Outer",
                                                  "Parallel Aware": true,
                                                  "Async Capable": false,
                                                  "Join Type": "Inner",
                                                  "Startup Cost": 56838.93,
                                                  "Total Cost": 516624.96,
                                                  "Plan Rows": 145,
                                                  "Plan Width": 32,
                                                  "Inner Unique": false,
                                                  "Hash Cond": "(catalog_sales.cs_item_sk = item_1.i_item_sk)",
                                                  "Plans": [
                                                    {
                                                      "Node Type": "Hash Join",
                                                      "Parent Relationship": "Outer",
                                                      "Parallel Aware": true,
                                                      "Async Capable": false,
                                                      "Join Type": "Left",
                                                      "Startup Cost": 49313.15,
                                                      "Total Cost": 509089.08,
                                                      "Plan Rows": 2532,
                                                      "Plan Width": 36,
                                                      "Inner Unique": false,
                                                      "Hash Cond": "((catalog_sales.cs_item_sk = catalog_returns.cr_item_sk) AND (catalog_sales.cs_order_number = catalog_returns.cr_order_number))",
                                                      "Plans": [
                                                        {
                                                          "Node Type": "Hash Join",
                                                          "Parent Relationship": "Outer",
                                                          "Parallel Aware": true,
                                                          "Async Capable": false,
                                                          "Join Type": "Inner",
                                                          "Startup Cost": 2049.78,
                                                          "Total Cost": 458254.7,
                                                          "Plan Rows": 2532,
                                                          "Plan Width": 28,
                                                          "Inner Unique": false,
                                                          "Hash Cond": "(catalog_sales.cs_sold_date_sk = date_dim_1.d_date_sk)",
                                                          "Plans": [
                                                            {
                                                              "Node Type": "Seq Scan",
                                                              "Parent Relationship": "Outer",
                                                              "Parallel Aware": true,
                                                              "Async Capable": false,
                                                              "Relation Name": "catalog_sales",
                                                              "Alias": "catalog_sales",
                                                              "Startup Cost": 0.0,
                                                              "Total Cost": 433688.25,
                                                              "Plan Rows": 6000525,
                                                              "Plan Width": 32,
                                                              "parent": 34,
                                                              "ID": 35
                                                            },
                                                            {
                                                              "Node Type": "Hash",
                                                              "Parent Relationship": "Inner",
                                                              "Parallel Aware": true,
                                                              "Async Capable": false,
                                                              "Startup Cost": 2049.55,
                                                              "Total Cost": 2049.55,
                                                              "Plan Rows": 18,
                                                              "Plan Width": 4,
                                                              "Plans": [
                                                                {
                                                                  "Node Type": "Seq Scan",
                                                                  "Parent Relationship": "Outer",
                                                                  "Parallel Aware": true,
                                                                  "Async Capable": false,
                                                                  "Relation Name": "date_dim",
                                                                  "Alias": "date_dim_1",
                                                                  "Startup Cost": 0.0,
                                                                  "Total Cost": 2049.55,
                                                                  "Plan Rows": 18,
                                                                  "Plan Width": 4,
                                                                  "Filter": "((d_date >= '2000-08-25'::date) AND (d_date <= '2000-09-24 00:00:00'::timestamp without time zone))",
                                                                  "parent": 36,
                                                                  "ID": 37
                                                                }
                                                              ],
                                                              "parent": 34,
                                                              "ID": 36,
                                                              "left": 37
                                                            }
                                                          ],
                                                          "parent": 33,
                                                          "ID": 34,
                                                          "left": 35,
                                                          "right": 36
                                                        },
                                                        {
                                                          "Node Type": "Hash",
                                                          "Parent Relationship": "Inner",
                                                          "Parallel Aware": true,
                                                          "Async Capable": false,
                                                          "Startup Cost": 34748.95,
                                                          "Total Cost": 34748.95,
                                                          "Plan Rows": 599895,
                                                          "Plan Width": 20,
                                                          "Plans": [
                                                            {
                                                              "Node Type": "Seq Scan",
                                                              "Parent Relationship": "Outer",
                                                              "Parallel Aware": true,
                                                              "Async Capable": false,
                                                              "Relation Name": "catalog_returns",
                                                              "Alias": "catalog_returns",
                                                              "Startup Cost": 0.0,
                                                              "Total Cost": 34748.95,
                                                              "Plan Rows": 599895,
                                                              "Plan Width": 20,
                                                              "parent": 38,
                                                              "ID": 39
                                                            }
                                                          ],
                                                          "parent": 33,
                                                          "ID": 38,
                                                          "left": 39
                                                        }
                                                      ],
                                                      "parent": 32,
                                                      "ID": 33,
                                                      "left": 34,
                                                      "right": 38
                                                    },
                                                    {
                                                      "Node Type": "Hash",
                                                      "Parent Relationship": "Inner",
                                                      "Parallel Aware": true,
                                                      "Async Capable": false,
                                                      "Startup Cost": 7495.25,
                                                      "Total Cost": 7495.25,
                                                      "Plan Rows": 2442,
                                                      "Plan Width": 4,
                                                      "Plans": [
                                                        {
                                                          "Node Type": "Seq Scan",
                                                          "Parent Relationship": "Outer",
                                                          "Parallel Aware": true,
                                                          "Async Capable": false,
                                                          "Relation Name": "item",
                                                          "Alias": "item_1",
                                                          "Startup Cost": 0.0,
                                                          "Total Cost": 7495.25,
                                                          "Plan Rows": 2442,
                                                          "Plan Width": 4,
                                                          "Filter": "(i_current_price > '50'::numeric)",
                                                          "parent": 40,
                                                          "ID": 41
                                                        }
                                                      ],
                                                      "parent": 32,
                                                      "ID": 40,
                                                      "left": 41
                                                    }
                                                  ],
                                                  "parent": 31,
                                                  "ID": 32,
                                                  "left": 33,
                                                  "right": 40
                                                },
                                                {
                                                  "Node Type": "Hash",
                                                  "Parent Relationship": "Inner",
                                                  "Parallel Aware": false,
                                                  "Async Capable": false,
                                                  "Startup Cost": 19.25,
                                                  "Total Cost": 19.25,
                                                  "Plan Rows": 492,
                                                  "Plan Width": 4,
                                                  "Plans": [
                                                    {
                                                      "Node Type": "Seq Scan",
                                                      "Parent Relationship": "Outer",
                                                      "Parallel Aware": false,
                                                      "Async Capable": false,
                                                      "Relation Name": "promotion",
                                                      "Alias": "promotion_1",
                                                      "Startup Cost": 0.0,
                                                      "Total Cost": 19.25,
                                                      "Plan Rows": 492,
                                                      "Plan Width": 4,
                                                      "Filter": "(p_channel_tv = 'N'::bpchar)",
                                                      "parent": 42,
                                                      "ID": 43
                                                    }
                                                  ],
                                                  "parent": 31,
                                                  "ID": 42,
                                                  "left": 43
                                                }
                                              ],
                                              "parent": 30,
                                              "ID": 31,
                                              "left": 32,
                                              "right": 42
                                            },
                                            {
                                              "Node Type": "Hash",
                                              "Parent Relationship": "Inner",
                                              "Parallel Aware": false,
                                              "Async Capable": false,
                                              "Startup Cost": 368.0,
                                              "Total Cost": 368.0,
                                              "Plan Rows": 12000,
                                              "Plan Width": 21,
                                              "Plans": [
                                                {
                                                  "Node Type": "Seq Scan",
                                                  "Parent Relationship": "Outer",
                                                  "Parallel Aware": false,
                                                  "Async Capable": false,
                                                  "Relation Name": "catalog_page",
                                                  "Alias": "catalog_page",
                                                  "Startup Cost": 0.0,
                                                  "Total Cost": 368.0,
                                                  "Plan Rows": 12000,
                                                  "Plan Width": 21,
                                                  "parent": 44,
                                                  "ID": 45
                                                }
                                              ],
                                              "parent": 30,
                                              "ID": 44,
                                              "left": 45
                                            }
                                          ],
                                          "parent": 29,
                                          "ID": 30,
                                          "left": 31,
                                          "right": 44
                                        }
                                      ],
                                      "parent": 28,
                                      "ID": 29,
                                      "left": 30
                                    }
                                  ],
                                  "parent": 27,
                                  "ID": 28,
                                  "left": 29
                                }
                              ],
                              "parent": 26,
                              "ID": 27,
                              "left": 28
                            }
                          ],
                          "parent": 25,
                          "ID": 26,
                          "left": 27
                        }
                      ],
                      "parent": 3,
                      "ID": 25,
                      "left": 26
                    },
                    {
                      "Node Type": "Subquery Scan",
                      "Parent Relationship": "Member",
                      "Parallel Aware": false,
                      "Async Capable": false,
                      "Alias": "wsr",
                      "Startup Cost": 263919.04,
                      "Total Cost": 263926.75,
                      "Plan Rows": 21,
                      "Plan Width": 160,
                      "Plans": [
                        {
                          "Node Type": "Aggregate",
                          "Strategy": "Sorted",
                          "Partial Mode": "Finalize",
                          "Parent Relationship": "Subquery",
                          "Parallel Aware": false,
                          "Async Capable": false,
                          "Startup Cost": 263919.04,
                          "Total Cost": 263926.43,
                          "Plan Rows": 21,
                          "Plan Width": 113,
                          "Group Key": [
                            "web_site.web_site_id"
                          ],
                          "Plans": [
                            {
                              "Node Type": "Gather Merge",
                              "Parent Relationship": "Outer",
                              "Parallel Aware": false,
                              "Async Capable": false,
                              "Startup Cost": 263919.04,
                              "Total Cost": 263925.33,
                              "Plan Rows": 42,
                              "Plan Width": 113,
                              "Workers Planned": 2,
                              "Plans": [
                                {
                                  "Node Type": "Aggregate",
                                  "Strategy": "Sorted",
                                  "Partial Mode": "Partial",
                                  "Parent Relationship": "Outer",
                                  "Parallel Aware": false,
                                  "Async Capable": false,
                                  "Startup Cost": 262919.01,
                                  "Total Cost": 262920.46,
                                  "Plan Rows": 21,
                                  "Plan Width": 113,
                                  "Group Key": [
                                    "web_site.web_site_id"
                                  ],
                                  "Plans": [
                                    {
                                      "Node Type": "Sort",
                                      "Parent Relationship": "Outer",
                                      "Parallel Aware": false,
                                      "Async Capable": false,
                                      "Startup Cost": 262919.01,
                                      "Total Cost": 262919.19,
                                      "Plan Rows": 72,
                                      "Plan Width": 41,
                                      "Sort Key": [
                                        "web_site.web_site_id"
                                      ],
                                      "Plans": [
                                        {
                                          "Node Type": "Hash Join",
                                          "Parent Relationship": "Outer",
                                          "Parallel Aware": false,
                                          "Async Capable": false,
                                          "Join Type": "Inner",
                                          "Startup Cost": 32134.74,
                                          "Total Cost": 262916.79,
                                          "Plan Rows": 72,
                                          "Plan Width": 41,
                                          "Inner Unique": false,
                                          "Hash Cond": "(web_sales.ws_web_site_sk = web_site.web_site_sk)",
                                          "Plans": [
                                            {
                                              "Node Type": "Hash Join",
                                              "Parent Relationship": "Outer",
                                              "Parallel Aware": false,
                                              "Async Capable": false,
                                              "Join Type": "Inner",
                                              "Startup Cost": 32130.8,
                                              "Total Cost": 262911.86,
                                              "Plan Rows": 72,
                                              "Plan Width": 28,
                                              "Inner Unique": false,
                                              "Hash Cond": "(web_sales.ws_promo_sk = promotion_2.p_promo_sk)",
                                              "Plans": [
                                                {
                                                  "Node Type": "Hash Join",
                                                  "Parent Relationship": "Outer",
                                                  "Parallel Aware": true,
                                                  "Async Capable": false,
                                                  "Join Type": "Inner",
                                                  "Startup Cost": 32105.4,
                                                  "Total Cost": 262885.46,
                                                  "Plan Rows": 73,
                                                  "Plan Width": 32,
                                                  "Inner Unique": false,
                                                  "Hash Cond": "(web_sales.ws_item_sk = item_2.i_item_sk)",
                                                  "Plans": [
                                                    {
                                                      "Node Type": "Hash Join",
                                                      "Parent Relationship": "Outer",
                                                      "Parallel Aware": true,
                                                      "Async Capable": false,
                                                      "Join Type": "Left",
                                                      "Startup Cost": 24579.62,
                                                      "Total Cost": 255354.62,
                                                      "Plan Rows": 1272,
                                                      "Plan Width": 36,
                                                      "Inner Unique": false,
                                                      "Hash Cond": "((web_sales.ws_item_sk = web_returns.wr_item_sk) AND (web_sales.ws_order_number = web_returns.wr_order_number))",
                                                      "Plans": [
                                                        {
                                                          "Node Type": "Hash Join",
                                                          "Parent Relationship": "Outer",
                                                          "Parallel Aware": true,
                                                          "Async Capable": false,
                                                          "Join Type": "Inner",
                                                          "Startup Cost": 2049.78,
                                                          "Total Cost": 231041.22,
                                                          "Plan Rows": 1272,
                                                          "Plan Width": 28,
                                                          "Inner Unique": false,
                                                          "Hash Cond": "(web_sales.ws_sold_date_sk = date_dim_2.d_date_sk)",
                                                          "Plans": [
                                                            {
                                                              "Node Type": "Seq Scan",
                                                              "Parent Relationship": "Outer",
                                                              "Parallel Aware": true,
                                                              "Async Capable": false,
                                                              "Relation Name": "web_sales",
                                                              "Alias": "web_sales",
                                                              "Startup Cost": 0.0,
                                                              "Total Cost": 217737.86,
                                                              "Plan Rows": 2998986,
                                                              "Plan Width": 32,
                                                              "parent": 55,
                                                              "ID": 56
                                                            },
                                                            {
                                                              "Node Type": "Hash",
                                                              "Parent Relationship": "Inner",
                                                              "Parallel Aware": true,
                                                              "Async Capable": false,
                                                              "Startup Cost": 2049.55,
                                                              "Total Cost": 2049.55,
                                                              "Plan Rows": 18,
                                                              "Plan Width": 4,
                                                              "Plans": [
                                                                {
                                                                  "Node Type": "Seq Scan",
                                                                  "Parent Relationship": "Outer",
                                                                  "Parallel Aware": true,
                                                                  "Async Capable": false,
                                                                  "Relation Name": "date_dim",
                                                                  "Alias": "date_dim_2",
                                                                  "Startup Cost": 0.0,
                                                                  "Total Cost": 2049.55,
                                                                  "Plan Rows": 18,
                                                                  "Plan Width": 4,
                                                                  "Filter": "((d_date >= '2000-08-25'::date) AND (d_date <= '2000-09-24 00:00:00'::timestamp without time zone))",
                                                                  "parent": 57,
                                                                  "ID": 58
                                                                }
                                                              ],
                                                              "parent": 55,
                                                              "ID": 57,
                                                              "left": 58
                                                            }
                                                          ],
                                                          "parent": 54,
                                                          "ID": 55,
                                                          "left": 56,
                                                          "right": 57
                                                        },
                                                        {
                                                          "Node Type": "Hash",
                                                          "Parent Relationship": "Inner",
                                                          "Parallel Aware": true,
                                                          "Async Capable": false,
                                                          "Startup Cost": 16278.74,
                                                          "Total Cost": 16278.74,
                                                          "Plan Rows": 299674,
                                                          "Plan Width": 20,
                                                          "Plans": [
                                                            {
                                                              "Node Type": "Seq Scan",
                                                              "Parent Relationship": "Outer",
                                                              "Parallel Aware": true,
                                                              "Async Capable": false,
                                                              "Relation Name": "web_returns",
                                                              "Alias": "web_returns",
                                                              "Startup Cost": 0.0,
                                                              "Total Cost": 16278.74,
                                                              "Plan Rows": 299674,
                                                              "Plan Width": 20,
                                                              "parent": 59,
                                                              "ID": 60
                                                            }
                                                          ],
                                                          "parent": 54,
                                                          "ID": 59,
                                                          "left": 60
                                                        }
                                                      ],
                                                      "parent": 53,
                                                      "ID": 54,
                                                      "left": 55,
                                                      "right": 59
                                                    },
                                                    {
                                                      "Node Type": "Hash",
                                                      "Parent Relationship": "Inner",
                                                      "Parallel Aware": true,
                                                      "Async Capable": false,
                                                      "Startup Cost": 7495.25,
                                                      "Total Cost": 7495.25,
                                                      "Plan Rows": 2442,
                                                      "Plan Width": 4,
                                                      "Plans": [
                                                        {
                                                          "Node Type": "Seq Scan",
                                                          "Parent Relationship": "Outer",
                                                          "Parallel Aware": true,
                                                          "Async Capable": false,
                                                          "Relation Name": "item",
                                                          "Alias": "item_2",
                                                          "Startup Cost": 0.0,
                                                          "Total Cost": 7495.25,
                                                          "Plan Rows": 2442,
                                                          "Plan Width": 4,
                                                          "Filter": "(i_current_price > '50'::numeric)",
                                                          "parent": 61,
                                                          "ID": 62
                                                        }
                                                      ],
                                                      "parent": 53,
                                                      "ID": 61,
                                                      "left": 62
                                                    }
                                                  ],
                                                  "parent": 52,
                                                  "ID": 53,
                                                  "left": 54,
                                                  "right": 61
                                                },
                                                {
                                                  "Node Type": "Hash",
                                                  "Parent Relationship": "Inner",
                                                  "Parallel Aware": false,
                                                  "Async Capable": false,
                                                  "Startup Cost": 19.25,
                                                  "Total Cost": 19.25,
                                                  "Plan Rows": 492,
                                                  "Plan Width": 4,
                                                  "Plans": [
                                                    {
                                                      "Node Type": "Seq Scan",
                                                      "Parent Relationship": "Outer",
                                                      "Parallel Aware": false,
                                                      "Async Capable": false,
                                                      "Relation Name": "promotion",
                                                      "Alias": "promotion_2",
                                                      "Startup Cost": 0.0,
                                                      "Total Cost": 19.25,
                                                      "Plan Rows": 492,
                                                      "Plan Width": 4,
                                                      "Filter": "(p_channel_tv = 'N'::bpchar)",
                                                      "parent": 63,
                                                      "ID": 64
                                                    }
                                                  ],
                                                  "parent": 52,
                                                  "ID": 63,
                                                  "left": 64
                                                }
                                              ],
                                              "parent": 51,
                                              "ID": 52,
                                              "left": 53,
                                              "right": 63
                                            },
                                            {
                                              "Node Type": "Hash",
                                              "Parent Relationship": "Inner",
                                              "Parallel Aware": false,
                                              "Async Capable": false,
                                              "Startup Cost": 3.42,
                                              "Total Cost": 3.42,
                                              "Plan Rows": 42,
                                              "Plan Width": 21,
                                              "Plans": [
                                                {
                                                  "Node Type": "Seq Scan",
                                                  "Parent Relationship": "Outer",
                                                  "Parallel Aware": false,
                                                  "Async Capable": false,
                                                  "Relation Name": "web_site",
                                                  "Alias": "web_site",
                                                  "Startup Cost": 0.0,
                                                  "Total Cost": 3.42,
                                                  "Plan Rows": 42,
                                                  "Plan Width": 21,
                                                  "parent": 65,
                                                  "ID": 66
                                                }
                                              ],
                                              "parent": 51,
                                              "ID": 65,
                                              "left": 66
                                            }
                                          ],
                                          "parent": 50,
                                          "ID": 51,
                                          "left": 52,
                                          "right": 65
                                        }
                                      ],
                                      "parent": 49,
                                      "ID": 50,
                                      "left": 51
                                    }
                                  ],
                                  "parent": 48,
                                  "ID": 49,
                                  "left": 50
                                }
                              ],
                              "parent": 47,
                              "ID": 48,
                              "left": 49
                            }
                          ],
                          "parent": 46,
                          "ID": 47,
                          "left": 48
                        }
                      ],
                      "parent": 3,
                      "ID": 46,
                      "left": 47
                    }
                  ],
                  "parent": 2,
                  "ID": 3,
                  "left": 4,
                  "right": 25
                }
              ],
              "parent": 1,
              "ID": 2,
              "left": 3
            }
          ],
          "parent": 0,
          "ID": 1,
          "left": 2
        }
      ],
      "parent": null,
      "ID": 0,
      "left": 1
    },
    "feat": {
      "utility": 2.179979005067697e-06,
      "query_shape": [
        [
          "Seq Scan",
          "Hash Join",
          "Sort",
          "Aggregate",
          "Gather Merge",
          "Subquery Scan",
          "Append"
        ],
        [
          "Seq Scan",
          "Hash",
          "Hash Join",
          "Sort",
          "Aggregate",
          "Gather Merge",
          "Subquery Scan",
          "Append"
        ],
        [
          "Seq Scan",
          "Hash",
          "Hash Join",
          "Sort",
          "Aggregate",
          "Gather Merge",
          "Subquery Scan",
          "Append"
        ],
        [
          "Seq Scan",
          "Hash",
          "Hash Join",
          "Sort",
          "Aggregate",
          "Gather Merge",
          "Subquery Scan",
          "Append"
        ],
        [
          "Seq Scan",
          "Hash",
          "Hash Join",
          "Sort",
          "Aggregate",
          "Gather Merge",
          "Subquery Scan",
          "Append"
        ],
        [
          "Seq Scan",
          "Hash",
          "Hash Join",
          "Sort",
          "Aggregate",
          "Gather Merge",
          "Subquery Scan",
          "Append"
        ],
        [
          "Seq Scan",
          "Hash Join",
          "Sort",
          "Aggregate",
          "Gather Merge",
          "Subquery Scan",
          "Append"
        ],
        [
          "Seq Scan",
          "Hash",
          "Hash Join",
          "Sort",
          "Aggregate",
          "Gather Merge",
          "Subquery Scan",
          "Append"
        ],
        [
          "Seq Scan",
          "Hash",
          "Hash Join",
          "Sort",
          "Aggregate",
          "Gather Merge",
          "Subquery Scan",
          "Append"
        ],
        [
          "Seq Scan",
          "Hash",
          "Hash Join",
          "Sort",
          "Aggregate",
          "Gather Merge",
          "Subquery Scan",
          "Append"
        ],
        [
          "Seq Scan",
          "Hash",
          "Hash Join",
          "Sort",
          "Aggregate",
          "Gather Merge",
          "Subquery Scan",
          "Append"
        ],
        [
          "Seq Scan",
          "Hash",
          "Hash Join",
          "Sort",
          "Aggregate",
          "Gather Merge",
          "Subquery Scan",
          "Append"
        ],
        [
          "Seq Scan",
          "Hash Join",
          "Sort",
          "Aggregate",
          "Gather Merge",
          "Subquery Scan",
          "Append"
        ],
        [
          "Seq Scan",
          "Hash",
          "Hash Join",
          "Sort",
          "Aggregate",
          "Gather Merge",
          "Subquery Scan",
          "Append"
        ],
        [
          "Seq Scan",
          "Hash",
          "Hash Join",
          "Sort",
          "Aggregate",
          "Gather Merge",
          "Subquery Scan",
          "Append"
        ],
        [
          "Seq Scan",
          "Hash",
          "Hash Join",
          "Sort",
          "Aggregate",
          "Gather Merge",
          "Subquery Scan",
          "Append"
        ],
        [
          "Seq Scan",
          "Hash",
          "Hash Join",
          "Sort",
          "Aggregate",
          "Gather Merge",
          "Subquery Scan",
          "Append"
        ],
        [
          "Seq Scan",
          "Hash",
          "Hash Join",
          "Sort",
          "Aggregate",
          "Gather Merge",
          "Subquery Scan",
          "Append"
        ]
      ],
      "index_shape": [
        "join"
      ],
      "physical_operator": {
        "Hash Join": [
          0.0012911074255784968
        ]
      }
    }
  },
  {
    "query": "with ssr as\n (select  s_store_id as store_id,\n          sum(ss_ext_sales_price) as sales,\n          sum(coalesce(sr_return_amt, 0)) as returns,\n          sum(ss_net_profit - coalesce(sr_net_loss, 0)) as profit\n  from store_sales left outer join store_returns on\n         (ss_item_sk = sr_item_sk and ss_ticket_number = sr_ticket_number),\n     date_dim,\n     store,\n     item,\n     promotion\n where ss_sold_date_sk = d_date_sk\n       and d_date between cast('2000-08-25' as date) \n                  and (cast('2000-08-25' as date) +  interval '30 days')\n       and ss_store_sk = s_store_sk\n       and ss_item_sk = i_item_sk\n       and i_current_price > 50\n       and ss_promo_sk = p_promo_sk\n       and p_channel_tv = 'N'\n group by s_store_id)\n ,\n csr as\n (select  cp_catalog_page_id as catalog_page_id,\n          sum(cs_ext_sales_price) as sales,\n          sum(coalesce(cr_return_amount, 0)) as returns,\n          sum(cs_net_profit - coalesce(cr_net_loss, 0)) as profit\n  from catalog_sales left outer join catalog_returns on\n         (cs_item_sk = cr_item_sk and cs_order_number = cr_order_number),\n     date_dim,\n     catalog_page,\n     item,\n     promotion\n where cs_sold_date_sk = d_date_sk\n       and d_date between cast('2000-08-25' as date)\n                  and (cast('2000-08-25' as date) +  interval '30 days')\n        and cs_catalog_page_sk = cp_catalog_page_sk\n       and cs_item_sk = i_item_sk\n       and i_current_price > 50\n       and cs_promo_sk = p_promo_sk\n       and p_channel_tv = 'N'\ngroup by cp_catalog_page_id)\n ,\n wsr as\n (select  web_site_id,\n          sum(ws_ext_sales_price) as sales,\n          sum(coalesce(wr_return_amt, 0)) as returns,\n          sum(ws_net_profit - coalesce(wr_net_loss, 0)) as profit\n  from web_sales left outer join web_returns on\n         (ws_item_sk = wr_item_sk and ws_order_number = wr_order_number),\n     date_dim,\n     web_site,\n     item,\n     promotion\n where ws_sold_date_sk = d_date_sk\n       and d_date between cast('2000-08-25' as date)\n                  and (cast('2000-08-25' as date) +  interval '30 days')\n        and ws_web_site_sk = web_site_sk\n       and ws_item_sk = i_item_sk\n       and i_current_price > 50\n       and ws_promo_sk = p_promo_sk\n       and p_channel_tv = 'N'\ngroup by web_site_id)\n  select  channel\n        , id\n        , sum(sales) as sales\n        , sum(returns) as returns\n        , sum(profit) as profit\n from \n (select 'store channel' as channel\n        , 'store' || store_id as id\n        , sales\n        , returns\n        , profit\n from   ssr\n union all\n select 'catalog channel' as channel\n        , 'catalog_page' || catalog_page_id as id\n        , sales\n        , returns\n        , profit\n from  csr\n union all\n select 'web channel' as channel\n        , 'web_site' || web_site_id as id\n        , sales\n        , returns\n        , profit\n from   wsr\n ) x\n group by rollup (channel, id)\n order by channel\n         ,id\n limit 100;\n\n-- end query 61 in stream 1 using template query80.tpl\n",
    "indexes": "catalog_returns.cr_return_amount",
    "wo plan est": {
      "Node Type": "Limit",
      "Parallel Aware": false,
      "Async Capable": false,
      "Startup Cost": 1566793.64,
      "Total Cost": 1566796.93,
      "Plan Rows": 100,
      "Plan Width": 160,
      "Plans": [
        {
          "Node Type": "Aggregate",
          "Strategy": "Sorted",
          "Partial Mode": "Simple",
          "Parent Relationship": "Outer",
          "Parallel Aware": false,
          "Async Capable": false,
          "Startup Cost": 1566793.64,
          "Total Cost": 1566806.84,
          "Plan Rows": 401,
          "Plan Width": 160,
          "Grouping Sets": [
            {
              "Group Keys": [
                [
                  "('store channel'::text)",
                  "(('store'::text || (ssr.store_id)::text))"
                ],
                [
                  "('store channel'::text)"
                ],
                []
              ]
            }
          ],
          "Plans": [
            {
              "Node Type": "Sort",
              "Parent Relationship": "Outer",
              "Parallel Aware": false,
              "Async Capable": false,
              "Startup Cost": 1566793.64,
              "Total Cost": 1566794.67,
              "Plan Rows": 412,
              "Plan Width": 160,
              "Sort Key": [
                "('store channel'::text)",
                "(('store'::text || (ssr.store_id)::text))"
              ],
              "Plans": [
                {
                  "Node Type": "Append",
                  "Parent Relationship": "Outer",
                  "Parallel Aware": false,
                  "Async Capable": false,
                  "Startup Cost": 784596.3,
                  "Total Cost": 1566775.74,
                  "Plan Rows": 412,
                  "Plan Width": 160,
                  "Subplans Removed": 0,
                  "Plans": [
                    {
                      "Node Type": "Subquery Scan",
                      "Parent Relationship": "Member",
                      "Parallel Aware": false,
                      "Async Capable": false,
                      "Alias": "ssr",
                      "Startup Cost": 784596.3,
                      "Total Cost": 784616.16,
                      "Plan Rows": 51,
                      "Plan Width": 160,
                      "Plans": [
                        {
                          "Node Type": "Aggregate",
                          "Strategy": "Sorted",
                          "Partial Mode": "Finalize",
                          "Parent Relationship": "Subquery",
                          "Parallel Aware": false,
                          "Async Capable": false,
                          "Startup Cost": 784596.3,
                          "Total Cost": 784615.39,
                          "Plan Rows": 51,
                          "Plan Width": 113,
                          "Group Key": [
                            "store.s_store_id"
                          ],
                          "Plans": [
                            {
                              "Node Type": "Gather Merge",
                              "Parent Relationship": "Outer",
                              "Parallel Aware": false,
                              "Async Capable": false,
                              "Startup Cost": 784596.3,
                              "Total Cost": 784612.71,
                              "Plan Rows": 102,
                              "Plan Width": 113,
                              "Workers Planned": 2,
                              "Plans": [
                                {
                                  "Node Type": "Aggregate",
                                  "Strategy": "Sorted",
                                  "Partial Mode": "Partial",
                                  "Parent Relationship": "Outer",
                                  "Parallel Aware": false,
                                  "Async Capable": false,
                                  "Startup Cost": 783596.27,
                                  "Total Cost": 783600.92,
                                  "Plan Rows": 51,
                                  "Plan Width": 113,
                                  "Group Key": [
                                    "store.s_store_id"
                                  ],
                                  "Plans": [
                                    {
                                      "Node Type": "Sort",
                                      "Parent Relationship": "Outer",
                                      "Parallel Aware": false,
                                      "Async Capable": false,
                                      "Startup Cost": 783596.27,
                                      "Total Cost": 783596.9,
                                      "Plan Rows": 250,
                                      "Plan Width": 41,
                                      "Sort Key": [
                                        "store.s_store_id"
                                      ],
                                      "Plans": [
                                        {
                                          "Node Type": "Hash Join",
                                          "Parent Relationship": "Outer",
                                          "Parallel Aware": false,
                                          "Async Capable": false,
                                          "Join Type": "Inner",
                                          "Startup Cost": 94489.35,
                                          "Total Cost": 783586.32,
                                          "Plan Rows": 250,
                                          "Plan Width": 41,
                                          "Inner Unique": false,
                                          "Hash Cond": "(store_sales.ss_store_sk = store.s_store_sk)",
                                          "Plans": [
                                            {
                                              "Node Type": "Hash Join",
                                              "Parent Relationship": "Outer",
                                              "Parallel Aware": false,
                                              "Async Capable": false,
                                              "Join Type": "Inner",
                                              "Startup Cost": 94482.05,
                                              "Total Cost": 783575.54,
                                              "Plan Rows": 262,
                                              "Plan Width": 28,
                                              "Inner Unique": false,
                                              "Hash Cond": "(store_sales.ss_promo_sk = promotion.p_promo_sk)",
                                              "Plans": [
                                                {
                                                  "Node Type": "Hash Join",
                                                  "Parent Relationship": "Outer",
                                                  "Parallel Aware": true,
                                                  "Async Capable": false,
                                                  "Join Type": "Inner",
                                                  "Startup Cost": 94456.65,
                                                  "Total Cost": 783546.47,
                                                  "Plan Rows": 279,
                                                  "Plan Width": 32,
                                                  "Inner Unique": false,
                                                  "Hash Cond": "(store_sales.ss_item_sk = item.i_item_sk)",
                                                  "Plans": [
                                                    {
                                                      "Node Type": "Hash Join",
                                                      "Parent Relationship": "Outer",
                                                      "Parallel Aware": true,
                                                      "Async Capable": false,
                                                      "Join Type": "Left",
                                                      "Startup Cost": 86930.88,
                                                      "Total Cost": 776001.31,
                                                      "Plan Rows": 4860,
                                                      "Plan Width": 36,
                                                      "Inner Unique": false,
                                                      "Hash Cond": "((store_sales.ss_item_sk = store_returns.sr_item_sk) AND (store_sales.ss_ticket_number = store_returns.sr_ticket_number))",
                                                      "Plans": [
                                                        {
                                                          "Node Type": "Hash Join",
                                                          "Parent Relationship": "Outer",
                                                          "Parallel Aware": true,
                                                          "Async Capable": false,
                                                          "Join Type": "Inner",
                                                          "Startup Cost": 2049.78,
                                                          "Total Cost": 683994.75,
                                                          "Plan Rows": 4860,
                                                          "Plan Width": 28,
                                                          "Inner Unique": false,
                                                          "Hash Cond": "(store_sales.ss_sold_date_sk = date_dim.d_date_sk)",
                                                          "Plans": [
                                                            {
                                                              "Node Type": "Seq Scan",
                                                              "Parent Relationship": "Outer",
                                                              "Parallel Aware": true,
                                                              "Async Capable": false,
                                                              "Relation Name": "store_sales",
                                                              "Alias": "store_sales",
                                                              "Startup Cost": 0.0,
                                                              "Total Cost": 636914.37,
                                                              "Plan Rows": 12000637,
                                                              "Plan Width": 32,
                                                              "parent": 13,
                                                              "ID": 14
                                                            },
                                                            {
                                                              "Node Type": "Hash",
                                                              "Parent Relationship": "Inner",
                                                              "Parallel Aware": true,
                                                              "Async Capable": false,
                                                              "Startup Cost": 2049.55,
                                                              "Total Cost": 2049.55,
                                                              "Plan Rows": 18,
                                                              "Plan Width": 4,
                                                              "Plans": [
                                                                {
                                                                  "Node Type": "Seq Scan",
                                                                  "Parent Relationship": "Outer",
                                                                  "Parallel Aware": true,
                                                                  "Async Capable": false,
                                                                  "Relation Name": "date_dim",
                                                                  "Alias": "date_dim",
                                                                  "Startup Cost": 0.0,
                                                                  "Total Cost": 2049.55,
                                                                  "Plan Rows": 18,
                                                                  "Plan Width": 4,
                                                                  "Filter": "((d_date >= '2000-08-25'::date) AND (d_date <= '2000-09-24 00:00:00'::timestamp without time zone))",
                                                                  "parent": 15,
                                                                  "ID": 16
                                                                }
                                                              ],
                                                              "parent": 13,
                                                              "ID": 15,
                                                              "left": 16
                                                            }
                                                          ],
                                                          "parent": 12,
                                                          "ID": 13,
                                                          "left": 14,
                                                          "right": 15
                                                        },
                                                        {
                                                          "Node Type": "Hash",
                                                          "Parent Relationship": "Inner",
                                                          "Parallel Aware": true,
                                                          "Async Capable": false,
                                                          "Startup Cost": 59887.64,
                                                          "Total Cost": 59887.64,
                                                          "Plan Rows": 1198164,
                                                          "Plan Width": 20,
                                                          "Plans": [
                                                            {
                                                              "Node Type": "Seq Scan",
                                                              "Parent Relationship": "Outer",
                                                              "Parallel Aware": true,
                                                              "Async Capable": false,
                                                              "Relation Name": "store_returns",
                                                              "Alias": "store_returns",
                                                              "Startup Cost": 0.0,
                                                              "Total Cost": 59887.64,
                                                              "Plan Rows": 1198164,
                                                              "Plan Width": 20,
                                                              "parent": 17,
                                                              "ID": 18
                                                            }
                                                          ],
                                                          "parent": 12,
                                                          "ID": 17,
                                                          "left": 18
                                                        }
                                                      ],
                                                      "parent": 11,
                                                      "ID": 12,
                                                      "left": 13,
                                                      "right": 17
                                                    },
                                                    {
                                                      "Node Type": "Hash",
                                                      "Parent Relationship": "Inner",
                                                      "Parallel Aware": true,
                                                      "Async Capable": false,
                                                      "Startup Cost": 7495.25,
                                                      "Total Cost": 7495.25,
                                                      "Plan Rows": 2442,
                                                      "Plan Width": 4,
                                                      "Plans": [
                                                        {
                                                          "Node Type": "Seq Scan",
                                                          "Parent Relationship": "Outer",
                                                          "Parallel Aware": true,
                                                          "Async Capable": false,
                                                          "Relation Name": "item",
                                                          "Alias": "item",
                                                          "Startup Cost": 0.0,
                                                          "Total Cost": 7495.25,
                                                          "Plan Rows": 2442,
                                                          "Plan Width": 4,
                                                          "Filter": "(i_current_price > '50'::numeric)",
                                                          "parent": 19,
                                                          "ID": 20
                                                        }
                                                      ],
                                                      "parent": 11,
                                                      "ID": 19,
                                                      "left": 20
                                                    }
                                                  ],
                                                  "parent": 10,
                                                  "ID": 11,
                                                  "left": 12,
                                                  "right": 19
                                                },
                                                {
                                                  "Node Type": "Hash",
                                                  "Parent Relationship": "Inner",
                                                  "Parallel Aware": false,
                                                  "Async Capable": false,
                                                  "Startup Cost": 19.25,
                                                  "Total Cost": 19.25,
                                                  "Plan Rows": 492,
                                                  "Plan Width": 4,
                                                  "Plans": [
                                                    {
                                                      "Node Type": "Seq Scan",
                                                      "Parent Relationship": "Outer",
                                                      "Parallel Aware": false,
                                                      "Async Capable": false,
                                                      "Relation Name": "promotion",
                                                      "Alias": "promotion",
                                                      "Startup Cost": 0.0,
                                                      "Total Cost": 19.25,
                                                      "Plan Rows": 492,
                                                      "Plan Width": 4,
                                                      "Filter": "(p_channel_tv = 'N'::bpchar)",
                                                      "parent": 21,
                                                      "ID": 22
                                                    }
                                                  ],
                                                  "parent": 10,
                                                  "ID": 21,
                                                  "left": 22
                                                }
                                              ],
                                              "parent": 9,
                                              "ID": 10,
                                              "left": 11,
                                              "right": 21
                                            },
                                            {
                                              "Node Type": "Hash",
                                              "Parent Relationship": "Inner",
                                              "Parallel Aware": false,
                                              "Async Capable": false,
                                              "Startup Cost": 6.02,
                                              "Total Cost": 6.02,
                                              "Plan Rows": 102,
                                              "Plan Width": 21,
                                              "Plans": [
                                                {
                                                  "Node Type": "Seq Scan",
                                                  "Parent Relationship": "Outer",
                                                  "Parallel Aware": false,
                                                  "Async Capable": false,
                                                  "Relation Name": "store",
                                                  "Alias": "store",
                                                  "Startup Cost": 0.0,
                                                  "Total Cost": 6.02,
                                                  "Plan Rows": 102,
                                                  "Plan Width": 21,
                                                  "parent": 23,
                                                  "ID": 24
                                                }
                                              ],
                                              "parent": 9,
                                              "ID": 23,
                                              "left": 24
                                            }
                                          ],
                                          "parent": 8,
                                          "ID": 9,
                                          "left": 10,
                                          "right": 23
                                        }
                                      ],
                                      "parent": 7,
                                      "ID": 8,
                                      "left": 9
                                    }
                                  ],
                                  "parent": 6,
                                  "ID": 7,
                                  "left": 8
                                }
                              ],
                              "parent": 5,
                              "ID": 6,
                              "left": 7
                            }
                          ],
                          "parent": 4,
                          "ID": 5,
                          "left": 6
                        }
                      ],
                      "parent": 3,
                      "ID": 4,
                      "left": 5
                    },
                    {
                      "Node Type": "Subquery Scan",
                      "Parent Relationship": "Member",
                      "Parallel Aware": false,
                      "Async Capable": false,
                      "Alias": "csr",
                      "Startup Cost": 518177.36,
                      "Total Cost": 518230.78,
                      "Plan Rows": 340,
                      "Plan Width": 160,
                      "Plans": [
                        {
                          "Node Type": "Aggregate",
                          "Strategy": "Sorted",
                          "Partial Mode": "Finalize",
                          "Parent Relationship": "Subquery",
                          "Parallel Aware": false,
                          "Async Capable": false,
                          "Startup Cost": 518177.36,
                          "Total Cost": 518225.68,
                          "Plan Rows": 340,
                          "Plan Width": 113,
                          "Group Key": [
                            "catalog_page.cp_catalog_page_id"
                          ],
                          "Plans": [
                            {
                              "Node Type": "Gather Merge",
                              "Parent Relationship": "Outer",
                              "Parallel Aware": false,
                              "Async Capable": false,
                              "Startup Cost": 518177.36,
                              "Total Cost": 518214.76,
                              "Plan Rows": 284,
                              "Plan Width": 113,
                              "Workers Planned": 2,
                              "Plans": [
                                {
                                  "Node Type": "Aggregate",
                                  "Strategy": "Sorted",
                                  "Partial Mode": "Partial",
                                  "Parent Relationship": "Outer",
                                  "Parallel Aware": false,
                                  "Async Capable": false,
                                  "Startup Cost": 517177.34,
                                  "Total Cost": 517181.95,
                                  "Plan Rows": 142,
                                  "Plan Width": 113,
                                  "Group Key": [
                                    "catalog_page.cp_catalog_page_id"
                                  ],
                                  "Plans": [
                                    {
                                      "Node Type": "Sort",
                                      "Parent Relationship": "Outer",
                                      "Parallel Aware": false,
                                      "Async Capable": false,
                                      "Startup Cost": 517177.34,
                                      "Total Cost": 517177.69,
                                      "Plan Rows": 142,
                                      "Plan Width": 41,
                                      "Sort Key": [
                                        "catalog_page.cp_catalog_page_id"
                                      ],
                                      "Plans": [
                                        {
                                          "Node Type": "Hash Join",
                                          "Parent Relationship": "Outer",
                                          "Parallel Aware": false,
                                          "Async Capable": false,
                                          "Join Type": "Inner",
                                          "Startup Cost": 57382.33,
                                          "Total Cost": 517172.26,
                                          "Plan Rows": 142,
                                          "Plan Width": 41,
                                          "Inner Unique": false,
                                          "Hash Cond": "(catalog_sales.cs_catalog_page_sk = catalog_page.cp_catalog_page_sk)",
                                          "Plans": [
                                            {
                                              "Node Type": "Hash Join",
                                              "Parent Relationship": "Outer",
                                              "Parallel Aware": false,
                                              "Async Capable": false,
                                              "Join Type": "Inner",
                                              "Startup Cost": 56864.33,
                                              "Total Cost": 516652.32,
                                              "Plan Rows": 142,
                                              "Plan Width": 28,
                                              "Inner Unique": false,
                                              "Hash Cond": "(catalog_sales.cs_promo_sk = promotion_1.p_promo_sk)",
                                              "Plans": [
                                                {
                                                  "Node Type": "Hash Join",
                                                  "Parent Relationship": "Outer",
                                                  "Parallel Aware": true,
                                                  "Async Capable": false,
                                                  "Join Type": "Inner",
                                                  "Startup Cost": 56838.93,
                                                  "Total Cost": 516624.96,
                                                  "Plan Rows": 145,
                                                  "Plan Width": 32,
                                                  "Inner Unique": false,
                                                  "Hash Cond": "(catalog_sales.cs_item_sk = item_1.i_item_sk)",
                                                  "Plans": [
                                                    {
                                                      "Node Type": "Hash Join",
                                                      "Parent Relationship": "Outer",
                                                      "Parallel Aware": true,
                                                      "Async Capable": false,
                                                      "Join Type": "Left",
                                                      "Startup Cost": 49313.15,
                                                      "Total Cost": 509089.08,
                                                      "Plan Rows": 2532,
                                                      "Plan Width": 36,
                                                      "Inner Unique": false,
                                                      "Hash Cond": "((catalog_sales.cs_item_sk = catalog_returns.cr_item_sk) AND (catalog_sales.cs_order_number = catalog_returns.cr_order_number))",
                                                      "Plans": [
                                                        {
                                                          "Node Type": "Hash Join",
                                                          "Parent Relationship": "Outer",
                                                          "Parallel Aware": true,
                                                          "Async Capable": false,
                                                          "Join Type": "Inner",
                                                          "Startup Cost": 2049.78,
                                                          "Total Cost": 458254.7,
                                                          "Plan Rows": 2532,
                                                          "Plan Width": 28,
                                                          "Inner Unique": false,
                                                          "Hash Cond": "(catalog_sales.cs_sold_date_sk = date_dim_1.d_date_sk)",
                                                          "Plans": [
                                                            {
                                                              "Node Type": "Seq Scan",
                                                              "Parent Relationship": "Outer",
                                                              "Parallel Aware": true,
                                                              "Async Capable": false,
                                                              "Relation Name": "catalog_sales",
                                                              "Alias": "catalog_sales",
                                                              "Startup Cost": 0.0,
                                                              "Total Cost": 433688.25,
                                                              "Plan Rows": 6000525,
                                                              "Plan Width": 32,
                                                              "parent": 34,
                                                              "ID": 35
                                                            },
                                                            {
                                                              "Node Type": "Hash",
                                                              "Parent Relationship": "Inner",
                                                              "Parallel Aware": true,
                                                              "Async Capable": false,
                                                              "Startup Cost": 2049.55,
                                                              "Total Cost": 2049.55,
                                                              "Plan Rows": 18,
                                                              "Plan Width": 4,
                                                              "Plans": [
                                                                {
                                                                  "Node Type": "Seq Scan",
                                                                  "Parent Relationship": "Outer",
                                                                  "Parallel Aware": true,
                                                                  "Async Capable": false,
                                                                  "Relation Name": "date_dim",
                                                                  "Alias": "date_dim_1",
                                                                  "Startup Cost": 0.0,
                                                                  "Total Cost": 2049.55,
                                                                  "Plan Rows": 18,
                                                                  "Plan Width": 4,
                                                                  "Filter": "((d_date >= '2000-08-25'::date) AND (d_date <= '2000-09-24 00:00:00'::timestamp without time zone))",
                                                                  "parent": 36,
                                                                  "ID": 37
                                                                }
                                                              ],
                                                              "parent": 34,
                                                              "ID": 36,
                                                              "left": 37
                                                            }
                                                          ],
                                                          "parent": 33,
                                                          "ID": 34,
                                                          "left": 35,
                                                          "right": 36
                                                        },
                                                        {
                                                          "Node Type": "Hash",
                                                          "Parent Relationship": "Inner",
                                                          "Parallel Aware": true,
                                                          "Async Capable": false,
                                                          "Startup Cost": 34748.95,
                                                          "Total Cost": 34748.95,
                                                          "Plan Rows": 599895,
                                                          "Plan Width": 20,
                                                          "Plans": [
                                                            {
                                                              "Node Type": "Seq Scan",
                                                              "Parent Relationship": "Outer",
                                                              "Parallel Aware": true,
                                                              "Async Capable": false,
                                                              "Relation Name": "catalog_returns",
                                                              "Alias": "catalog_returns",
                                                              "Startup Cost": 0.0,
                                                              "Total Cost": 34748.95,
                                                              "Plan Rows": 599895,
                                                              "Plan Width": 20,
                                                              "parent": 38,
                                                              "ID": 39
                                                            }
                                                          ],
                                                          "parent": 33,
                                                          "ID": 38,
                                                          "left": 39
                                                        }
                                                      ],
                                                      "parent": 32,
                                                      "ID": 33,
                                                      "left": 34,
                                                      "right": 38
                                                    },
                                                    {
                                                      "Node Type": "Hash",
                                                      "Parent Relationship": "Inner",
                                                      "Parallel Aware": true,
                                                      "Async Capable": false,
                                                      "Startup Cost": 7495.25,
                                                      "Total Cost": 7495.25,
                                                      "Plan Rows": 2442,
                                                      "Plan Width": 4,
                                                      "Plans": [
                                                        {
                                                          "Node Type": "Seq Scan",
                                                          "Parent Relationship": "Outer",
                                                          "Parallel Aware": true,
                                                          "Async Capable": false,
                                                          "Relation Name": "item",
                                                          "Alias": "item_1",
                                                          "Startup Cost": 0.0,
                                                          "Total Cost": 7495.25,
                                                          "Plan Rows": 2442,
                                                          "Plan Width": 4,
                                                          "Filter": "(i_current_price > '50'::numeric)",
                                                          "parent": 40,
                                                          "ID": 41
                                                        }
                                                      ],
                                                      "parent": 32,
                                                      "ID": 40,
                                                      "left": 41
                                                    }
                                                  ],
                                                  "parent": 31,
                                                  "ID": 32,
                                                  "left": 33,
                                                  "right": 40
                                                },
                                                {
                                                  "Node Type": "Hash",
                                                  "Parent Relationship": "Inner",
                                                  "Parallel Aware": false,
                                                  "Async Capable": false,
                                                  "Startup Cost": 19.25,
                                                  "Total Cost": 19.25,
                                                  "Plan Rows": 492,
                                                  "Plan Width": 4,
                                                  "Plans": [
                                                    {
                                                      "Node Type": "Seq Scan",
                                                      "Parent Relationship": "Outer",
                                                      "Parallel Aware": false,
                                                      "Async Capable": false,
                                                      "Relation Name": "promotion",
                                                      "Alias": "promotion_1",
                                                      "Startup Cost": 0.0,
                                                      "Total Cost": 19.25,
                                                      "Plan Rows": 492,
                                                      "Plan Width": 4,
                                                      "Filter": "(p_channel_tv = 'N'::bpchar)",
                                                      "parent": 42,
                                                      "ID": 43
                                                    }
                                                  ],
                                                  "parent": 31,
                                                  "ID": 42,
                                                  "left": 43
                                                }
                                              ],
                                              "parent": 30,
                                              "ID": 31,
                                              "left": 32,
                                              "right": 42
                                            },
                                            {
                                              "Node Type": "Hash",
                                              "Parent Relationship": "Inner",
                                              "Parallel Aware": false,
                                              "Async Capable": false,
                                              "Startup Cost": 368.0,
                                              "Total Cost": 368.0,
                                              "Plan Rows": 12000,
                                              "Plan Width": 21,
                                              "Plans": [
                                                {
                                                  "Node Type": "Seq Scan",
                                                  "Parent Relationship": "Outer",
                                                  "Parallel Aware": false,
                                                  "Async Capable": false,
                                                  "Relation Name": "catalog_page",
                                                  "Alias": "catalog_page",
                                                  "Startup Cost": 0.0,
                                                  "Total Cost": 368.0,
                                                  "Plan Rows": 12000,
                                                  "Plan Width": 21,
                                                  "parent": 44,
                                                  "ID": 45
                                                }
                                              ],
                                              "parent": 30,
                                              "ID": 44,
                                              "left": 45
                                            }
                                          ],
                                          "parent": 29,
                                          "ID": 30,
                                          "left": 31,
                                          "right": 44
                                        }
                                      ],
                                      "parent": 28,
                                      "ID": 29,
                                      "left": 30
                                    }
                                  ],
                                  "parent": 27,
                                  "ID": 28,
                                  "left": 29
                                }
                              ],
                              "parent": 26,
                              "ID": 27,
                              "left": 28
                            }
                          ],
                          "parent": 25,
                          "ID": 26,
                          "left": 27
                        }
                      ],
                      "parent": 3,
                      "ID": 25,
                      "left": 26
                    },
                    {
                      "Node Type": "Subquery Scan",
                      "Parent Relationship": "Member",
                      "Parallel Aware": false,
                      "Async Capable": false,
                      "Alias": "wsr",
                      "Startup Cost": 263919.04,
                      "Total Cost": 263926.75,
                      "Plan Rows": 21,
                      "Plan Width": 160,
                      "Plans": [
                        {
                          "Node Type": "Aggregate",
                          "Strategy": "Sorted",
                          "Partial Mode": "Finalize",
                          "Parent Relationship": "Subquery",
                          "Parallel Aware": false,
                          "Async Capable": false,
                          "Startup Cost": 263919.04,
                          "Total Cost": 263926.43,
                          "Plan Rows": 21,
                          "Plan Width": 113,
                          "Group Key": [
                            "web_site.web_site_id"
                          ],
                          "Plans": [
                            {
                              "Node Type": "Gather Merge",
                              "Parent Relationship": "Outer",
                              "Parallel Aware": false,
                              "Async Capable": false,
                              "Startup Cost": 263919.04,
                              "Total Cost": 263925.33,
                              "Plan Rows": 42,
                              "Plan Width": 113,
                              "Workers Planned": 2,
                              "Plans": [
                                {
                                  "Node Type": "Aggregate",
                                  "Strategy": "Sorted",
                                  "Partial Mode": "Partial",
                                  "Parent Relationship": "Outer",
                                  "Parallel Aware": false,
                                  "Async Capable": false,
                                  "Startup Cost": 262919.01,
                                  "Total Cost": 262920.46,
                                  "Plan Rows": 21,
                                  "Plan Width": 113,
                                  "Group Key": [
                                    "web_site.web_site_id"
                                  ],
                                  "Plans": [
                                    {
                                      "Node Type": "Sort",
                                      "Parent Relationship": "Outer",
                                      "Parallel Aware": false,
                                      "Async Capable": false,
                                      "Startup Cost": 262919.01,
                                      "Total Cost": 262919.19,
                                      "Plan Rows": 72,
                                      "Plan Width": 41,
                                      "Sort Key": [
                                        "web_site.web_site_id"
                                      ],
                                      "Plans": [
                                        {
                                          "Node Type": "Hash Join",
                                          "Parent Relationship": "Outer",
                                          "Parallel Aware": false,
                                          "Async Capable": false,
                                          "Join Type": "Inner",
                                          "Startup Cost": 32134.74,
                                          "Total Cost": 262916.79,
                                          "Plan Rows": 72,
                                          "Plan Width": 41,
                                          "Inner Unique": false,
                                          "Hash Cond": "(web_sales.ws_web_site_sk = web_site.web_site_sk)",
                                          "Plans": [
                                            {
                                              "Node Type": "Hash Join",
                                              "Parent Relationship": "Outer",
                                              "Parallel Aware": false,
                                              "Async Capable": false,
                                              "Join Type": "Inner",
                                              "Startup Cost": 32130.8,
                                              "Total Cost": 262911.86,
                                              "Plan Rows": 72,
                                              "Plan Width": 28,
                                              "Inner Unique": false,
                                              "Hash Cond": "(web_sales.ws_promo_sk = promotion_2.p_promo_sk)",
                                              "Plans": [
                                                {
                                                  "Node Type": "Hash Join",
                                                  "Parent Relationship": "Outer",
                                                  "Parallel Aware": true,
                                                  "Async Capable": false,
                                                  "Join Type": "Inner",
                                                  "Startup Cost": 32105.4,
                                                  "Total Cost": 262885.46,
                                                  "Plan Rows": 73,
                                                  "Plan Width": 32,
                                                  "Inner Unique": false,
                                                  "Hash Cond": "(web_sales.ws_item_sk = item_2.i_item_sk)",
                                                  "Plans": [
                                                    {
                                                      "Node Type": "Hash Join",
                                                      "Parent Relationship": "Outer",
                                                      "Parallel Aware": true,
                                                      "Async Capable": false,
                                                      "Join Type": "Left",
                                                      "Startup Cost": 24579.62,
                                                      "Total Cost": 255354.62,
                                                      "Plan Rows": 1272,
                                                      "Plan Width": 36,
                                                      "Inner Unique": false,
                                                      "Hash Cond": "((web_sales.ws_item_sk = web_returns.wr_item_sk) AND (web_sales.ws_order_number = web_returns.wr_order_number))",
                                                      "Plans": [
                                                        {
                                                          "Node Type": "Hash Join",
                                                          "Parent Relationship": "Outer",
                                                          "Parallel Aware": true,
                                                          "Async Capable": false,
                                                          "Join Type": "Inner",
                                                          "Startup Cost": 2049.78,
                                                          "Total Cost": 231041.22,
                                                          "Plan Rows": 1272,
                                                          "Plan Width": 28,
                                                          "Inner Unique": false,
                                                          "Hash Cond": "(web_sales.ws_sold_date_sk = date_dim_2.d_date_sk)",
                                                          "Plans": [
                                                            {
                                                              "Node Type": "Seq Scan",
                                                              "Parent Relationship": "Outer",
                                                              "Parallel Aware": true,
                                                              "Async Capable": false,
                                                              "Relation Name": "web_sales",
                                                              "Alias": "web_sales",
                                                              "Startup Cost": 0.0,
                                                              "Total Cost": 217737.86,
                                                              "Plan Rows": 2998986,
                                                              "Plan Width": 32,
                                                              "parent": 55,
                                                              "ID": 56
                                                            },
                                                            {
                                                              "Node Type": "Hash",
                                                              "Parent Relationship": "Inner",
                                                              "Parallel Aware": true,
                                                              "Async Capable": false,
                                                              "Startup Cost": 2049.55,
                                                              "Total Cost": 2049.55,
                                                              "Plan Rows": 18,
                                                              "Plan Width": 4,
                                                              "Plans": [
                                                                {
                                                                  "Node Type": "Seq Scan",
                                                                  "Parent Relationship": "Outer",
                                                                  "Parallel Aware": true,
                                                                  "Async Capable": false,
                                                                  "Relation Name": "date_dim",
                                                                  "Alias": "date_dim_2",
                                                                  "Startup Cost": 0.0,
                                                                  "Total Cost": 2049.55,
                                                                  "Plan Rows": 18,
                                                                  "Plan Width": 4,
                                                                  "Filter": "((d_date >= '2000-08-25'::date) AND (d_date <= '2000-09-24 00:00:00'::timestamp without time zone))",
                                                                  "parent": 57,
                                                                  "ID": 58
                                                                }
                                                              ],
                                                              "parent": 55,
                                                              "ID": 57,
                                                              "left": 58
                                                            }
                                                          ],
                                                          "parent": 54,
                                                          "ID": 55,
                                                          "left": 56,
                                                          "right": 57
                                                        },
                                                        {
                                                          "Node Type": "Hash",
                                                          "Parent Relationship": "Inner",
                                                          "Parallel Aware": true,
                                                          "Async Capable": false,
                                                          "Startup Cost": 16278.74,
                                                          "Total Cost": 16278.74,
                                                          "Plan Rows": 299674,
                                                          "Plan Width": 20,
                                                          "Plans": [
                                                            {
                                                              "Node Type": "Seq Scan",
                                                              "Parent Relationship": "Outer",
                                                              "Parallel Aware": true,
                                                              "Async Capable": false,
                                                              "Relation Name": "web_returns",
                                                              "Alias": "web_returns",
                                                              "Startup Cost": 0.0,
                                                              "Total Cost": 16278.74,
                                                              "Plan Rows": 299674,
                                                              "Plan Width": 20,
                                                              "parent": 59,
                                                              "ID": 60
                                                            }
                                                          ],
                                                          "parent": 54,
                                                          "ID": 59,
                                                          "left": 60
                                                        }
                                                      ],
                                                      "parent": 53,
                                                      "ID": 54,
                                                      "left": 55,
                                                      "right": 59
                                                    },
                                                    {
                                                      "Node Type": "Hash",
                                                      "Parent Relationship": "Inner",
                                                      "Parallel Aware": true,
                                                      "Async Capable": false,
                                                      "Startup Cost": 7495.25,
                                                      "Total Cost": 7495.25,
                                                      "Plan Rows": 2442,
                                                      "Plan Width": 4,
                                                      "Plans": [
                                                        {
                                                          "Node Type": "Seq Scan",
                                                          "Parent Relationship": "Outer",
                                                          "Parallel Aware": true,
                                                          "Async Capable": false,
                                                          "Relation Name": "item",
                                                          "Alias": "item_2",
                                                          "Startup Cost": 0.0,
                                                          "Total Cost": 7495.25,
                                                          "Plan Rows": 2442,
                                                          "Plan Width": 4,
                                                          "Filter": "(i_current_price > '50'::numeric)",
                                                          "parent": 61,
                                                          "ID": 62
                                                        }
                                                      ],
                                                      "parent": 53,
                                                      "ID": 61,
                                                      "left": 62
                                                    }
                                                  ],
                                                  "parent": 52,
                                                  "ID": 53,
                                                  "left": 54,
                                                  "right": 61
                                                },
                                                {
                                                  "Node Type": "Hash",
                                                  "Parent Relationship": "Inner",
                                                  "Parallel Aware": false,
                                                  "Async Capable": false,
                                                  "Startup Cost": 19.25,
                                                  "Total Cost": 19.25,
                                                  "Plan Rows": 492,
                                                  "Plan Width": 4,
                                                  "Plans": [
                                                    {
                                                      "Node Type": "Seq Scan",
                                                      "Parent Relationship": "Outer",
                                                      "Parallel Aware": false,
                                                      "Async Capable": false,
                                                      "Relation Name": "promotion",
                                                      "Alias": "promotion_2",
                                                      "Startup Cost": 0.0,
                                                      "Total Cost": 19.25,
                                                      "Plan Rows": 492,
                                                      "Plan Width": 4,
                                                      "Filter": "(p_channel_tv = 'N'::bpchar)",
                                                      "parent": 63,
                                                      "ID": 64
                                                    }
                                                  ],
                                                  "parent": 52,
                                                  "ID": 63,
                                                  "left": 64
                                                }
                                              ],
                                              "parent": 51,
                                              "ID": 52,
                                              "left": 53,
                                              "right": 63
                                            },
                                            {
                                              "Node Type": "Hash",
                                              "Parent Relationship": "Inner",
                                              "Parallel Aware": false,
                                              "Async Capable": false,
                                              "Startup Cost": 3.42,
                                              "Total Cost": 3.42,
                                              "Plan Rows": 42,
                                              "Plan Width": 21,
                                              "Plans": [
                                                {
                                                  "Node Type": "Seq Scan",
                                                  "Parent Relationship": "Outer",
                                                  "Parallel Aware": false,
                                                  "Async Capable": false,
                                                  "Relation Name": "web_site",
                                                  "Alias": "web_site",
                                                  "Startup Cost": 0.0,
                                                  "Total Cost": 3.42,
                                                  "Plan Rows": 42,
                                                  "Plan Width": 21,
                                                  "parent": 65,
                                                  "ID": 66
                                                }
                                              ],
                                              "parent": 51,
                                              "ID": 65,
                                              "left": 66
                                            }
                                          ],
                                          "parent": 50,
                                          "ID": 51,
                                          "left": 52,
                                          "right": 65
                                        }
                                      ],
                                      "parent": 49,
                                      "ID": 50,
                                      "left": 51
                                    }
                                  ],
                                  "parent": 48,
                                  "ID": 49,
                                  "left": 50
                                }
                              ],
                              "parent": 47,
                              "ID": 48,
                              "left": 49
                            }
                          ],
                          "parent": 46,
                          "ID": 47,
                          "left": 48
                        }
                      ],
                      "parent": 3,
                      "ID": 46,
                      "left": 47
                    }
                  ],
                  "parent": 2,
                  "ID": 3,
                  "left": 4,
                  "right": 25
                }
              ],
              "parent": 1,
              "ID": 2,
              "left": 3
            }
          ],
          "parent": 0,
          "ID": 1,
          "left": 2
        }
      ],
      "parent": null,
      "ID": 0,
      "left": 1
    },
    "feat": {
      "utility": 0.0,
      "query_shape": [
        [
          "Seq Scan",
          "Hash Join",
          "Sort",
          "Aggregate",
          "Gather Merge",
          "Subquery Scan",
          "Append"
        ],
        [
          "Seq Scan",
          "Hash",
          "Hash Join",
          "Sort",
          "Aggregate",
          "Gather Merge",
          "Subquery Scan",
          "Append"
        ],
        [
          "Seq Scan",
          "Hash",
          "Hash Join",
          "Sort",
          "Aggregate",
          "Gather Merge",
          "Subquery Scan",
          "Append"
        ],
        [
          "Seq Scan",
          "Hash",
          "Hash Join",
          "Sort",
          "Aggregate",
          "Gather Merge",
          "Subquery Scan",
          "Append"
        ],
        [
          "Seq Scan",
          "Hash",
          "Hash Join",
          "Sort",
          "Aggregate",
          "Gather Merge",
          "Subquery Scan",
          "Append"
        ],
        [
          "Seq Scan",
          "Hash",
          "Hash Join",
          "Sort",
          "Aggregate",
          "Gather Merge",
          "Subquery Scan",
          "Append"
        ],
        [
          "Seq Scan",
          "Hash Join",
          "Sort",
          "Aggregate",
          "Gather Merge",
          "Subquery Scan",
          "Append"
        ],
        [
          "Seq Scan",
          "Hash",
          "Hash Join",
          "Sort",
          "Aggregate",
          "Gather Merge",
          "Subquery Scan",
          "Append"
        ],
        [
          "Seq Scan",
          "Hash",
          "Hash Join",
          "Sort",
          "Aggregate",
          "Gather Merge",
          "Subquery Scan",
          "Append"
        ],
        [
          "Seq Scan",
          "Hash",
          "Hash Join",
          "Sort",
          "Aggregate",
          "Gather Merge",
          "Subquery Scan",
          "Append"
        ],
        [
          "Seq Scan",
          "Hash",
          "Hash Join",
          "Sort",
          "Aggregate",
          "Gather Merge",
          "Subquery Scan",
          "Append"
        ],
        [
          "Seq Scan",
          "Hash",
          "Hash Join",
          "Sort",
          "Aggregate",
          "Gather Merge",
          "Subquery Scan",
          "Append"
        ],
        [
          "Seq Scan",
          "Hash Join",
          "Sort",
          "Aggregate",
          "Gather Merge",
          "Subquery Scan",
          "Append"
        ],
        [
          "Seq Scan",
          "Hash",
          "Hash Join",
          "Sort",
          "Aggregate",
          "Gather Merge",
          "Subquery Scan",
          "Append"
        ],
        [
          "Seq Scan",
          "Hash",
          "Hash Join",
          "Sort",
          "Aggregate",
          "Gather Merge",
          "Subquery Scan",
          "Append"
        ],
        [
          "Seq Scan",
          "Hash",
          "Hash Join",
          "Sort",
          "Aggregate",
          "Gather Merge",
          "Subquery Scan",
          "Append"
        ],
        [
          "Seq Scan",
          "Hash",
          "Hash Join",
          "Sort",
          "Aggregate",
          "Gather Merge",
          "Subquery Scan",
          "Append"
        ],
        [
          "Seq Scan",
          "Hash",
          "Hash Join",
          "Sort",
          "Aggregate",
          "Gather Merge",
          "Subquery Scan",
          "Append"
        ]
      ],
      "index_shape": [],
      "physical_operator": {}
    }
  },
  {
    "query": "with ssr as\n (select  s_store_id as store_id,\n          sum(ss_ext_sales_price) as sales,\n          sum(coalesce(sr_return_amt, 0)) as returns,\n          sum(ss_net_profit - coalesce(sr_net_loss, 0)) as profit\n  from store_sales left outer join store_returns on\n         (ss_item_sk = sr_item_sk and ss_ticket_number = sr_ticket_number),\n     date_dim,\n     store,\n     item,\n     promotion\n where ss_sold_date_sk = d_date_sk\n       and d_date between cast('2000-08-25' as date) \n                  and (cast('2000-08-25' as date) +  interval '30 days')\n       and ss_store_sk = s_store_sk\n       and ss_item_sk = i_item_sk\n       and i_current_price > 50\n       and ss_promo_sk = p_promo_sk\n       and p_channel_tv = 'N'\n group by s_store_id)\n ,\n csr as\n (select  cp_catalog_page_id as catalog_page_id,\n          sum(cs_ext_sales_price) as sales,\n          sum(coalesce(cr_return_amount, 0)) as returns,\n          sum(cs_net_profit - coalesce(cr_net_loss, 0)) as profit\n  from catalog_sales left outer join catalog_returns on\n         (cs_item_sk = cr_item_sk and cs_order_number = cr_order_number),\n     date_dim,\n     catalog_page,\n     item,\n     promotion\n where cs_sold_date_sk = d_date_sk\n       and d_date between cast('2000-08-25' as date)\n                  and (cast('2000-08-25' as date) +  interval '30 days')\n        and cs_catalog_page_sk = cp_catalog_page_sk\n       and cs_item_sk = i_item_sk\n       and i_current_price > 50\n       and cs_promo_sk = p_promo_sk\n       and p_channel_tv = 'N'\ngroup by cp_catalog_page_id)\n ,\n wsr as\n (select  web_site_id,\n          sum(ws_ext_sales_price) as sales,\n          sum(coalesce(wr_return_amt, 0)) as returns,\n          sum(ws_net_profit - coalesce(wr_net_loss, 0)) as profit\n  from web_sales left outer join web_returns on\n         (ws_item_sk = wr_item_sk and ws_order_number = wr_order_number),\n     date_dim,\n     web_site,\n     item,\n     promotion\n where ws_sold_date_sk = d_date_sk\n       and d_date between cast('2000-08-25' as date)\n                  and (cast('2000-08-25' as date) +  interval '30 days')\n        and ws_web_site_sk = web_site_sk\n       and ws_item_sk = i_item_sk\n       and i_current_price > 50\n       and ws_promo_sk = p_promo_sk\n       and p_channel_tv = 'N'\ngroup by web_site_id)\n  select  channel\n        , id\n        , sum(sales) as sales\n        , sum(returns) as returns\n        , sum(profit) as profit\n from \n (select 'store channel' as channel\n        , 'store' || store_id as id\n        , sales\n        , returns\n        , profit\n from   ssr\n union all\n select 'catalog channel' as channel\n        , 'catalog_page' || catalog_page_id as id\n        , sales\n        , returns\n        , profit\n from  csr\n union all\n select 'web channel' as channel\n        , 'web_site' || web_site_id as id\n        , sales\n        , returns\n        , profit\n from   wsr\n ) x\n group by rollup (channel, id)\n order by channel\n         ,id\n limit 100;\n\n-- end query 61 in stream 1 using template query80.tpl\n",
    "indexes": "catalog_returns.cr_net_loss",
    "wo plan est": {
      "Node Type": "Limit",
      "Parallel Aware": false,
      "Async Capable": false,
      "Startup Cost": 1566793.64,
      "Total Cost": 1566796.93,
      "Plan Rows": 100,
      "Plan Width": 160,
      "Plans": [
        {
          "Node Type": "Aggregate",
          "Strategy": "Sorted",
          "Partial Mode": "Simple",
          "Parent Relationship": "Outer",
          "Parallel Aware": false,
          "Async Capable": false,
          "Startup Cost": 1566793.64,
          "Total Cost": 1566806.84,
          "Plan Rows": 401,
          "Plan Width": 160,
          "Grouping Sets": [
            {
              "Group Keys": [
                [
                  "('store channel'::text)",
                  "(('store'::text || (ssr.store_id)::text))"
                ],
                [
                  "('store channel'::text)"
                ],
                []
              ]
            }
          ],
          "Plans": [
            {
              "Node Type": "Sort",
              "Parent Relationship": "Outer",
              "Parallel Aware": false,
              "Async Capable": false,
              "Startup Cost": 1566793.64,
              "Total Cost": 1566794.67,
              "Plan Rows": 412,
              "Plan Width": 160,
              "Sort Key": [
                "('store channel'::text)",
                "(('store'::text || (ssr.store_id)::text))"
              ],
              "Plans": [
                {
                  "Node Type": "Append",
                  "Parent Relationship": "Outer",
                  "Parallel Aware": false,
                  "Async Capable": false,
                  "Startup Cost": 784596.3,
                  "Total Cost": 1566775.74,
                  "Plan Rows": 412,
                  "Plan Width": 160,
                  "Subplans Removed": 0,
                  "Plans": [
                    {
                      "Node Type": "Subquery Scan",
                      "Parent Relationship": "Member",
                      "Parallel Aware": false,
                      "Async Capable": false,
                      "Alias": "ssr",
                      "Startup Cost": 784596.3,
                      "Total Cost": 784616.16,
                      "Plan Rows": 51,
                      "Plan Width": 160,
                      "Plans": [
                        {
                          "Node Type": "Aggregate",
                          "Strategy": "Sorted",
                          "Partial Mode": "Finalize",
                          "Parent Relationship": "Subquery",
                          "Parallel Aware": false,
                          "Async Capable": false,
                          "Startup Cost": 784596.3,
                          "Total Cost": 784615.39,
                          "Plan Rows": 51,
                          "Plan Width": 113,
                          "Group Key": [
                            "store.s_store_id"
                          ],
                          "Plans": [
                            {
                              "Node Type": "Gather Merge",
                              "Parent Relationship": "Outer",
                              "Parallel Aware": false,
                              "Async Capable": false,
                              "Startup Cost": 784596.3,
                              "Total Cost": 784612.71,
                              "Plan Rows": 102,
                              "Plan Width": 113,
                              "Workers Planned": 2,
                              "Plans": [
                                {
                                  "Node Type": "Aggregate",
                                  "Strategy": "Sorted",
                                  "Partial Mode": "Partial",
                                  "Parent Relationship": "Outer",
                                  "Parallel Aware": false,
                                  "Async Capable": false,
                                  "Startup Cost": 783596.27,
                                  "Total Cost": 783600.92,
                                  "Plan Rows": 51,
                                  "Plan Width": 113,
                                  "Group Key": [
                                    "store.s_store_id"
                                  ],
                                  "Plans": [
                                    {
                                      "Node Type": "Sort",
                                      "Parent Relationship": "Outer",
                                      "Parallel Aware": false,
                                      "Async Capable": false,
                                      "Startup Cost": 783596.27,
                                      "Total Cost": 783596.9,
                                      "Plan Rows": 250,
                                      "Plan Width": 41,
                                      "Sort Key": [
                                        "store.s_store_id"
                                      ],
                                      "Plans": [
                                        {
                                          "Node Type": "Hash Join",
                                          "Parent Relationship": "Outer",
                                          "Parallel Aware": false,
                                          "Async Capable": false,
                                          "Join Type": "Inner",
                                          "Startup Cost": 94489.35,
                                          "Total Cost": 783586.32,
                                          "Plan Rows": 250,
                                          "Plan Width": 41,
                                          "Inner Unique": false,
                                          "Hash Cond": "(store_sales.ss_store_sk = store.s_store_sk)",
                                          "Plans": [
                                            {
                                              "Node Type": "Hash Join",
                                              "Parent Relationship": "Outer",
                                              "Parallel Aware": false,
                                              "Async Capable": false,
                                              "Join Type": "Inner",
                                              "Startup Cost": 94482.05,
                                              "Total Cost": 783575.54,
                                              "Plan Rows": 262,
                                              "Plan Width": 28,
                                              "Inner Unique": false,
                                              "Hash Cond": "(store_sales.ss_promo_sk = promotion.p_promo_sk)",
                                              "Plans": [
                                                {
                                                  "Node Type": "Hash Join",
                                                  "Parent Relationship": "Outer",
                                                  "Parallel Aware": true,
                                                  "Async Capable": false,
                                                  "Join Type": "Inner",
                                                  "Startup Cost": 94456.65,
                                                  "Total Cost": 783546.47,
                                                  "Plan Rows": 279,
                                                  "Plan Width": 32,
                                                  "Inner Unique": false,
                                                  "Hash Cond": "(store_sales.ss_item_sk = item.i_item_sk)",
                                                  "Plans": [
                                                    {
                                                      "Node Type": "Hash Join",
                                                      "Parent Relationship": "Outer",
                                                      "Parallel Aware": true,
                                                      "Async Capable": false,
                                                      "Join Type": "Left",
                                                      "Startup Cost": 86930.88,
                                                      "Total Cost": 776001.31,
                                                      "Plan Rows": 4860,
                                                      "Plan Width": 36,
                                                      "Inner Unique": false,
                                                      "Hash Cond": "((store_sales.ss_item_sk = store_returns.sr_item_sk) AND (store_sales.ss_ticket_number = store_returns.sr_ticket_number))",
                                                      "Plans": [
                                                        {
                                                          "Node Type": "Hash Join",
                                                          "Parent Relationship": "Outer",
                                                          "Parallel Aware": true,
                                                          "Async Capable": false,
                                                          "Join Type": "Inner",
                                                          "Startup Cost": 2049.78,
                                                          "Total Cost": 683994.75,
                                                          "Plan Rows": 4860,
                                                          "Plan Width": 28,
                                                          "Inner Unique": false,
                                                          "Hash Cond": "(store_sales.ss_sold_date_sk = date_dim.d_date_sk)",
                                                          "Plans": [
                                                            {
                                                              "Node Type": "Seq Scan",
                                                              "Parent Relationship": "Outer",
                                                              "Parallel Aware": true,
                                                              "Async Capable": false,
                                                              "Relation Name": "store_sales",
                                                              "Alias": "store_sales",
                                                              "Startup Cost": 0.0,
                                                              "Total Cost": 636914.37,
                                                              "Plan Rows": 12000637,
                                                              "Plan Width": 32,
                                                              "parent": 13,
                                                              "ID": 14
                                                            },
                                                            {
                                                              "Node Type": "Hash",
                                                              "Parent Relationship": "Inner",
                                                              "Parallel Aware": true,
                                                              "Async Capable": false,
                                                              "Startup Cost": 2049.55,
                                                              "Total Cost": 2049.55,
                                                              "Plan Rows": 18,
                                                              "Plan Width": 4,
                                                              "Plans": [
                                                                {
                                                                  "Node Type": "Seq Scan",
                                                                  "Parent Relationship": "Outer",
                                                                  "Parallel Aware": true,
                                                                  "Async Capable": false,
                                                                  "Relation Name": "date_dim",
                                                                  "Alias": "date_dim",
                                                                  "Startup Cost": 0.0,
                                                                  "Total Cost": 2049.55,
                                                                  "Plan Rows": 18,
                                                                  "Plan Width": 4,
                                                                  "Filter": "((d_date >= '2000-08-25'::date) AND (d_date <= '2000-09-24 00:00:00'::timestamp without time zone))",
                                                                  "parent": 15,
                                                                  "ID": 16
                                                                }
                                                              ],
                                                              "parent": 13,
                                                              "ID": 15,
                                                              "left": 16
                                                            }
                                                          ],
                                                          "parent": 12,
                                                          "ID": 13,
                                                          "left": 14,
                                                          "right": 15
                                                        },
                                                        {
                                                          "Node Type": "Hash",
                                                          "Parent Relationship": "Inner",
                                                          "Parallel Aware": true,
                                                          "Async Capable": false,
                                                          "Startup Cost": 59887.64,
                                                          "Total Cost": 59887.64,
                                                          "Plan Rows": 1198164,
                                                          "Plan Width": 20,
                                                          "Plans": [
                                                            {
                                                              "Node Type": "Seq Scan",
                                                              "Parent Relationship": "Outer",
                                                              "Parallel Aware": true,
                                                              "Async Capable": false,
                                                              "Relation Name": "store_returns",
                                                              "Alias": "store_returns",
                                                              "Startup Cost": 0.0,
                                                              "Total Cost": 59887.64,
                                                              "Plan Rows": 1198164,
                                                              "Plan Width": 20,
                                                              "parent": 17,
                                                              "ID": 18
                                                            }
                                                          ],
                                                          "parent": 12,
                                                          "ID": 17,
                                                          "left": 18
                                                        }
                                                      ],
                                                      "parent": 11,
                                                      "ID": 12,
                                                      "left": 13,
                                                      "right": 17
                                                    },
                                                    {
                                                      "Node Type": "Hash",
                                                      "Parent Relationship": "Inner",
                                                      "Parallel Aware": true,
                                                      "Async Capable": false,
                                                      "Startup Cost": 7495.25,
                                                      "Total Cost": 7495.25,
                                                      "Plan Rows": 2442,
                                                      "Plan Width": 4,
                                                      "Plans": [
                                                        {
                                                          "Node Type": "Seq Scan",
                                                          "Parent Relationship": "Outer",
                                                          "Parallel Aware": true,
                                                          "Async Capable": false,
                                                          "Relation Name": "item",
                                                          "Alias": "item",
                                                          "Startup Cost": 0.0,
                                                          "Total Cost": 7495.25,
                                                          "Plan Rows": 2442,
                                                          "Plan Width": 4,
                                                          "Filter": "(i_current_price > '50'::numeric)",
                                                          "parent": 19,
                                                          "ID": 20
                                                        }
                                                      ],
                                                      "parent": 11,
                                                      "ID": 19,
                                                      "left": 20
                                                    }
                                                  ],
                                                  "parent": 10,
                                                  "ID": 11,
                                                  "left": 12,
                                                  "right": 19
                                                },
                                                {
                                                  "Node Type": "Hash",
                                                  "Parent Relationship": "Inner",
                                                  "Parallel Aware": false,
                                                  "Async Capable": false,
                                                  "Startup Cost": 19.25,
                                                  "Total Cost": 19.25,
                                                  "Plan Rows": 492,
                                                  "Plan Width": 4,
                                                  "Plans": [
                                                    {
                                                      "Node Type": "Seq Scan",
                                                      "Parent Relationship": "Outer",
                                                      "Parallel Aware": false,
                                                      "Async Capable": false,
                                                      "Relation Name": "promotion",
                                                      "Alias": "promotion",
                                                      "Startup Cost": 0.0,
                                                      "Total Cost": 19.25,
                                                      "Plan Rows": 492,
                                                      "Plan Width": 4,
                                                      "Filter": "(p_channel_tv = 'N'::bpchar)",
                                                      "parent": 21,
                                                      "ID": 22
                                                    }
                                                  ],
                                                  "parent": 10,
                                                  "ID": 21,
                                                  "left": 22
                                                }
                                              ],
                                              "parent": 9,
                                              "ID": 10,
                                              "left": 11,
                                              "right": 21
                                            },
                                            {
                                              "Node Type": "Hash",
                                              "Parent Relationship": "Inner",
                                              "Parallel Aware": false,
                                              "Async Capable": false,
                                              "Startup Cost": 6.02,
                                              "Total Cost": 6.02,
                                              "Plan Rows": 102,
                                              "Plan Width": 21,
                                              "Plans": [
                                                {
                                                  "Node Type": "Seq Scan",
                                                  "Parent Relationship": "Outer",
                                                  "Parallel Aware": false,
                                                  "Async Capable": false,
                                                  "Relation Name": "store",
                                                  "Alias": "store",
                                                  "Startup Cost": 0.0,
                                                  "Total Cost": 6.02,
                                                  "Plan Rows": 102,
                                                  "Plan Width": 21,
                                                  "parent": 23,
                                                  "ID": 24
                                                }
                                              ],
                                              "parent": 9,
                                              "ID": 23,
                                              "left": 24
                                            }
                                          ],
                                          "parent": 8,
                                          "ID": 9,
                                          "left": 10,
                                          "right": 23
                                        }
                                      ],
                                      "parent": 7,
                                      "ID": 8,
                                      "left": 9
                                    }
                                  ],
                                  "parent": 6,
                                  "ID": 7,
                                  "left": 8
                                }
                              ],
                              "parent": 5,
                              "ID": 6,
                              "left": 7
                            }
                          ],
                          "parent": 4,
                          "ID": 5,
                          "left": 6
                        }
                      ],
                      "parent": 3,
                      "ID": 4,
                      "left": 5
                    },
                    {
                      "Node Type": "Subquery Scan",
                      "Parent Relationship": "Member",
                      "Parallel Aware": false,
                      "Async Capable": false,
                      "Alias": "csr",
                      "Startup Cost": 518177.36,
                      "Total Cost": 518230.78,
                      "Plan Rows": 340,
                      "Plan Width": 160,
                      "Plans": [
                        {
                          "Node Type": "Aggregate",
                          "Strategy": "Sorted",
                          "Partial Mode": "Finalize",
                          "Parent Relationship": "Subquery",
                          "Parallel Aware": false,
                          "Async Capable": false,
                          "Startup Cost": 518177.36,
                          "Total Cost": 518225.68,
                          "Plan Rows": 340,
                          "Plan Width": 113,
                          "Group Key": [
                            "catalog_page.cp_catalog_page_id"
                          ],
                          "Plans": [
                            {
                              "Node Type": "Gather Merge",
                              "Parent Relationship": "Outer",
                              "Parallel Aware": false,
                              "Async Capable": false,
                              "Startup Cost": 518177.36,
                              "Total Cost": 518214.76,
                              "Plan Rows": 284,
                              "Plan Width": 113,
                              "Workers Planned": 2,
                              "Plans": [
                                {
                                  "Node Type": "Aggregate",
                                  "Strategy": "Sorted",
                                  "Partial Mode": "Partial",
                                  "Parent Relationship": "Outer",
                                  "Parallel Aware": false,
                                  "Async Capable": false,
                                  "Startup Cost": 517177.34,
                                  "Total Cost": 517181.95,
                                  "Plan Rows": 142,
                                  "Plan Width": 113,
                                  "Group Key": [
                                    "catalog_page.cp_catalog_page_id"
                                  ],
                                  "Plans": [
                                    {
                                      "Node Type": "Sort",
                                      "Parent Relationship": "Outer",
                                      "Parallel Aware": false,
                                      "Async Capable": false,
                                      "Startup Cost": 517177.34,
                                      "Total Cost": 517177.69,
                                      "Plan Rows": 142,
                                      "Plan Width": 41,
                                      "Sort Key": [
                                        "catalog_page.cp_catalog_page_id"
                                      ],
                                      "Plans": [
                                        {
                                          "Node Type": "Hash Join",
                                          "Parent Relationship": "Outer",
                                          "Parallel Aware": false,
                                          "Async Capable": false,
                                          "Join Type": "Inner",
                                          "Startup Cost": 57382.33,
                                          "Total Cost": 517172.26,
                                          "Plan Rows": 142,
                                          "Plan Width": 41,
                                          "Inner Unique": false,
                                          "Hash Cond": "(catalog_sales.cs_catalog_page_sk = catalog_page.cp_catalog_page_sk)",
                                          "Plans": [
                                            {
                                              "Node Type": "Hash Join",
                                              "Parent Relationship": "Outer",
                                              "Parallel Aware": false,
                                              "Async Capable": false,
                                              "Join Type": "Inner",
                                              "Startup Cost": 56864.33,
                                              "Total Cost": 516652.32,
                                              "Plan Rows": 142,
                                              "Plan Width": 28,
                                              "Inner Unique": false,
                                              "Hash Cond": "(catalog_sales.cs_promo_sk = promotion_1.p_promo_sk)",
                                              "Plans": [
                                                {
                                                  "Node Type": "Hash Join",
                                                  "Parent Relationship": "Outer",
                                                  "Parallel Aware": true,
                                                  "Async Capable": false,
                                                  "Join Type": "Inner",
                                                  "Startup Cost": 56838.93,
                                                  "Total Cost": 516624.96,
                                                  "Plan Rows": 145,
                                                  "Plan Width": 32,
                                                  "Inner Unique": false,
                                                  "Hash Cond": "(catalog_sales.cs_item_sk = item_1.i_item_sk)",
                                                  "Plans": [
                                                    {
                                                      "Node Type": "Hash Join",
                                                      "Parent Relationship": "Outer",
                                                      "Parallel Aware": true,
                                                      "Async Capable": false,
                                                      "Join Type": "Left",
                                                      "Startup Cost": 49313.15,
                                                      "Total Cost": 509089.08,
                                                      "Plan Rows": 2532,
                                                      "Plan Width": 36,
                                                      "Inner Unique": false,
                                                      "Hash Cond": "((catalog_sales.cs_item_sk = catalog_returns.cr_item_sk) AND (catalog_sales.cs_order_number = catalog_returns.cr_order_number))",
                                                      "Plans": [
                                                        {
                                                          "Node Type": "Hash Join",
                                                          "Parent Relationship": "Outer",
                                                          "Parallel Aware": true,
                                                          "Async Capable": false,
                                                          "Join Type": "Inner",
                                                          "Startup Cost": 2049.78,
                                                          "Total Cost": 458254.7,
                                                          "Plan Rows": 2532,
                                                          "Plan Width": 28,
                                                          "Inner Unique": false,
                                                          "Hash Cond": "(catalog_sales.cs_sold_date_sk = date_dim_1.d_date_sk)",
                                                          "Plans": [
                                                            {
                                                              "Node Type": "Seq Scan",
                                                              "Parent Relationship": "Outer",
                                                              "Parallel Aware": true,
                                                              "Async Capable": false,
                                                              "Relation Name": "catalog_sales",
                                                              "Alias": "catalog_sales",
                                                              "Startup Cost": 0.0,
                                                              "Total Cost": 433688.25,
                                                              "Plan Rows": 6000525,
                                                              "Plan Width": 32,
                                                              "parent": 34,
                                                              "ID": 35
                                                            },
                                                            {
                                                              "Node Type": "Hash",
                                                              "Parent Relationship": "Inner",
                                                              "Parallel Aware": true,
                                                              "Async Capable": false,
                                                              "Startup Cost": 2049.55,
                                                              "Total Cost": 2049.55,
                                                              "Plan Rows": 18,
                                                              "Plan Width": 4,
                                                              "Plans": [
                                                                {
                                                                  "Node Type": "Seq Scan",
                                                                  "Parent Relationship": "Outer",
                                                                  "Parallel Aware": true,
                                                                  "Async Capable": false,
                                                                  "Relation Name": "date_dim",
                                                                  "Alias": "date_dim_1",
                                                                  "Startup Cost": 0.0,
                                                                  "Total Cost": 2049.55,
                                                                  "Plan Rows": 18,
                                                                  "Plan Width": 4,
                                                                  "Filter": "((d_date >= '2000-08-25'::date) AND (d_date <= '2000-09-24 00:00:00'::timestamp without time zone))",
                                                                  "parent": 36,
                                                                  "ID": 37
                                                                }
                                                              ],
                                                              "parent": 34,
                                                              "ID": 36,
                                                              "left": 37
                                                            }
                                                          ],
                                                          "parent": 33,
                                                          "ID": 34,
                                                          "left": 35,
                                                          "right": 36
                                                        },
                                                        {
                                                          "Node Type": "Hash",
                                                          "Parent Relationship": "Inner",
                                                          "Parallel Aware": true,
                                                          "Async Capable": false,
                                                          "Startup Cost": 34748.95,
                                                          "Total Cost": 34748.95,
                                                          "Plan Rows": 599895,
                                                          "Plan Width": 20,
                                                          "Plans": [
                                                            {
                                                              "Node Type": "Seq Scan",
                                                              "Parent Relationship": "Outer",
                                                              "Parallel Aware": true,
                                                              "Async Capable": false,
                                                              "Relation Name": "catalog_returns",
                                                              "Alias": "catalog_returns",
                                                              "Startup Cost": 0.0,
                                                              "Total Cost": 34748.95,
                                                              "Plan Rows": 599895,
                                                              "Plan Width": 20,
                                                              "parent": 38,
                                                              "ID": 39
                                                            }
                                                          ],
                                                          "parent": 33,
                                                          "ID": 38,
                                                          "left": 39
                                                        }
                                                      ],
                                                      "parent": 32,
                                                      "ID": 33,
                                                      "left": 34,
                                                      "right": 38
                                                    },
                                                    {
                                                      "Node Type": "Hash",
                                                      "Parent Relationship": "Inner",
                                                      "Parallel Aware": true,
                                                      "Async Capable": false,
                                                      "Startup Cost": 7495.25,
                                                      "Total Cost": 7495.25,
                                                      "Plan Rows": 2442,
                                                      "Plan Width": 4,
                                                      "Plans": [
                                                        {
                                                          "Node Type": "Seq Scan",
                                                          "Parent Relationship": "Outer",
                                                          "Parallel Aware": true,
                                                          "Async Capable": false,
                                                          "Relation Name": "item",
                                                          "Alias": "item_1",
                                                          "Startup Cost": 0.0,
                                                          "Total Cost": 7495.25,
                                                          "Plan Rows": 2442,
                                                          "Plan Width": 4,
                                                          "Filter": "(i_current_price > '50'::numeric)",
                                                          "parent": 40,
                                                          "ID": 41
                                                        }
                                                      ],
                                                      "parent": 32,
                                                      "ID": 40,
                                                      "left": 41
                                                    }
                                                  ],
                                                  "parent": 31,
                                                  "ID": 32,
                                                  "left": 33,
                                                  "right": 40
                                                },
                                                {
                                                  "Node Type": "Hash",
                                                  "Parent Relationship": "Inner",
                                                  "Parallel Aware": false,
                                                  "Async Capable": false,
                                                  "Startup Cost": 19.25,
                                                  "Total Cost": 19.25,
                                                  "Plan Rows": 492,
                                                  "Plan Width": 4,
                                                  "Plans": [
                                                    {
                                                      "Node Type": "Seq Scan",
                                                      "Parent Relationship": "Outer",
                                                      "Parallel Aware": false,
                                                      "Async Capable": false,
                                                      "Relation Name": "promotion",
                                                      "Alias": "promotion_1",
                                                      "Startup Cost": 0.0,
                                                      "Total Cost": 19.25,
                                                      "Plan Rows": 492,
                                                      "Plan Width": 4,
                                                      "Filter": "(p_channel_tv = 'N'::bpchar)",
                                                      "parent": 42,
                                                      "ID": 43
                                                    }
                                                  ],
                                                  "parent": 31,
                                                  "ID": 42,
                                                  "left": 43
                                                }
                                              ],
                                              "parent": 30,
                                              "ID": 31,
                                              "left": 32,
                                              "right": 42
                                            },
                                            {
                                              "Node Type": "Hash",
                                              "Parent Relationship": "Inner",
                                              "Parallel Aware": false,
                                              "Async Capable": false,
                                              "Startup Cost": 368.0,
                                              "Total Cost": 368.0,
                                              "Plan Rows": 12000,
                                              "Plan Width": 21,
                                              "Plans": [
                                                {
                                                  "Node Type": "Seq Scan",
                                                  "Parent Relationship": "Outer",
                                                  "Parallel Aware": false,
                                                  "Async Capable": false,
                                                  "Relation Name": "catalog_page",
                                                  "Alias": "catalog_page",
                                                  "Startup Cost": 0.0,
                                                  "Total Cost": 368.0,
                                                  "Plan Rows": 12000,
                                                  "Plan Width": 21,
                                                  "parent": 44,
                                                  "ID": 45
                                                }
                                              ],
                                              "parent": 30,
                                              "ID": 44,
                                              "left": 45
                                            }
                                          ],
                                          "parent": 29,
                                          "ID": 30,
                                          "left": 31,
                                          "right": 44
                                        }
                                      ],
                                      "parent": 28,
                                      "ID": 29,
                                      "left": 30
                                    }
                                  ],
                                  "parent": 27,
                                  "ID": 28,
                                  "left": 29
                                }
                              ],
                              "parent": 26,
                              "ID": 27,
                              "left": 28
                            }
                          ],
                          "parent": 25,
                          "ID": 26,
                          "left": 27
                        }
                      ],
                      "parent": 3,
                      "ID": 25,
                      "left": 26
                    },
                    {
                      "Node Type": "Subquery Scan",
                      "Parent Relationship": "Member",
                      "Parallel Aware": false,
                      "Async Capable": false,
                      "Alias": "wsr",
                      "Startup Cost": 263919.04,
                      "Total Cost": 263926.75,
                      "Plan Rows": 21,
                      "Plan Width": 160,
                      "Plans": [
                        {
                          "Node Type": "Aggregate",
                          "Strategy": "Sorted",
                          "Partial Mode": "Finalize",
                          "Parent Relationship": "Subquery",
                          "Parallel Aware": false,
                          "Async Capable": false,
                          "Startup Cost": 263919.04,
                          "Total Cost": 263926.43,
                          "Plan Rows": 21,
                          "Plan Width": 113,
                          "Group Key": [
                            "web_site.web_site_id"
                          ],
                          "Plans": [
                            {
                              "Node Type": "Gather Merge",
                              "Parent Relationship": "Outer",
                              "Parallel Aware": false,
                              "Async Capable": false,
                              "Startup Cost": 263919.04,
                              "Total Cost": 263925.33,
                              "Plan Rows": 42,
                              "Plan Width": 113,
                              "Workers Planned": 2,
                              "Plans": [
                                {
                                  "Node Type": "Aggregate",
                                  "Strategy": "Sorted",
                                  "Partial Mode": "Partial",
                                  "Parent Relationship": "Outer",
                                  "Parallel Aware": false,
                                  "Async Capable": false,
                                  "Startup Cost": 262919.01,
                                  "Total Cost": 262920.46,
                                  "Plan Rows": 21,
                                  "Plan Width": 113,
                                  "Group Key": [
                                    "web_site.web_site_id"
                                  ],
                                  "Plans": [
                                    {
                                      "Node Type": "Sort",
                                      "Parent Relationship": "Outer",
                                      "Parallel Aware": false,
                                      "Async Capable": false,
                                      "Startup Cost": 262919.01,
                                      "Total Cost": 262919.19,
                                      "Plan Rows": 72,
                                      "Plan Width": 41,
                                      "Sort Key": [
                                        "web_site.web_site_id"
                                      ],
                                      "Plans": [
                                        {
                                          "Node Type": "Hash Join",
                                          "Parent Relationship": "Outer",
                                          "Parallel Aware": false,
                                          "Async Capable": false,
                                          "Join Type": "Inner",
                                          "Startup Cost": 32134.74,
                                          "Total Cost": 262916.79,
                                          "Plan Rows": 72,
                                          "Plan Width": 41,
                                          "Inner Unique": false,
                                          "Hash Cond": "(web_sales.ws_web_site_sk = web_site.web_site_sk)",
                                          "Plans": [
                                            {
                                              "Node Type": "Hash Join",
                                              "Parent Relationship": "Outer",
                                              "Parallel Aware": false,
                                              "Async Capable": false,
                                              "Join Type": "Inner",
                                              "Startup Cost": 32130.8,
                                              "Total Cost": 262911.86,
                                              "Plan Rows": 72,
                                              "Plan Width": 28,
                                              "Inner Unique": false,
                                              "Hash Cond": "(web_sales.ws_promo_sk = promotion_2.p_promo_sk)",
                                              "Plans": [
                                                {
                                                  "Node Type": "Hash Join",
                                                  "Parent Relationship": "Outer",
                                                  "Parallel Aware": true,
                                                  "Async Capable": false,
                                                  "Join Type": "Inner",
                                                  "Startup Cost": 32105.4,
                                                  "Total Cost": 262885.46,
                                                  "Plan Rows": 73,
                                                  "Plan Width": 32,
                                                  "Inner Unique": false,
                                                  "Hash Cond": "(web_sales.ws_item_sk = item_2.i_item_sk)",
                                                  "Plans": [
                                                    {
                                                      "Node Type": "Hash Join",
                                                      "Parent Relationship": "Outer",
                                                      "Parallel Aware": true,
                                                      "Async Capable": false,
                                                      "Join Type": "Left",
                                                      "Startup Cost": 24579.62,
                                                      "Total Cost": 255354.62,
                                                      "Plan Rows": 1272,
                                                      "Plan Width": 36,
                                                      "Inner Unique": false,
                                                      "Hash Cond": "((web_sales.ws_item_sk = web_returns.wr_item_sk) AND (web_sales.ws_order_number = web_returns.wr_order_number))",
                                                      "Plans": [
                                                        {
                                                          "Node Type": "Hash Join",
                                                          "Parent Relationship": "Outer",
                                                          "Parallel Aware": true,
                                                          "Async Capable": false,
                                                          "Join Type": "Inner",
                                                          "Startup Cost": 2049.78,
                                                          "Total Cost": 231041.22,
                                                          "Plan Rows": 1272,
                                                          "Plan Width": 28,
                                                          "Inner Unique": false,
                                                          "Hash Cond": "(web_sales.ws_sold_date_sk = date_dim_2.d_date_sk)",
                                                          "Plans": [
                                                            {
                                                              "Node Type": "Seq Scan",
                                                              "Parent Relationship": "Outer",
                                                              "Parallel Aware": true,
                                                              "Async Capable": false,
                                                              "Relation Name": "web_sales",
                                                              "Alias": "web_sales",
                                                              "Startup Cost": 0.0,
                                                              "Total Cost": 217737.86,
                                                              "Plan Rows": 2998986,
                                                              "Plan Width": 32,
                                                              "parent": 55,
                                                              "ID": 56
                                                            },
                                                            {
                                                              "Node Type": "Hash",
                                                              "Parent Relationship": "Inner",
                                                              "Parallel Aware": true,
                                                              "Async Capable": false,
                                                              "Startup Cost": 2049.55,
                                                              "Total Cost": 2049.55,
                                                              "Plan Rows": 18,
                                                              "Plan Width": 4,
                                                              "Plans": [
                                                                {
                                                                  "Node Type": "Seq Scan",
                                                                  "Parent Relationship": "Outer",
                                                                  "Parallel Aware": true,
                                                                  "Async Capable": false,
                                                                  "Relation Name": "date_dim",
                                                                  "Alias": "date_dim_2",
                                                                  "Startup Cost": 0.0,
                                                                  "Total Cost": 2049.55,
                                                                  "Plan Rows": 18,
                                                                  "Plan Width": 4,
                                                                  "Filter": "((d_date >= '2000-08-25'::date) AND (d_date <= '2000-09-24 00:00:00'::timestamp without time zone))",
                                                                  "parent": 57,
                                                                  "ID": 58
                                                                }
                                                              ],
                                                              "parent": 55,
                                                              "ID": 57,
                                                              "left": 58
                                                            }
                                                          ],
                                                          "parent": 54,
                                                          "ID": 55,
                                                          "left": 56,
                                                          "right": 57
                                                        },
                                                        {
                                                          "Node Type": "Hash",
                                                          "Parent Relationship": "Inner",
                                                          "Parallel Aware": true,
                                                          "Async Capable": false,
                                                          "Startup Cost": 16278.74,
                                                          "Total Cost": 16278.74,
                                                          "Plan Rows": 299674,
                                                          "Plan Width": 20,
                                                          "Plans": [
                                                            {
                                                              "Node Type": "Seq Scan",
                                                              "Parent Relationship": "Outer",
                                                              "Parallel Aware": true,
                                                              "Async Capable": false,
                                                              "Relation Name": "web_returns",
                                                              "Alias": "web_returns",
                                                              "Startup Cost": 0.0,
                                                              "Total Cost": 16278.74,
                                                              "Plan Rows": 299674,
                                                              "Plan Width": 20,
                                                              "parent": 59,
                                                              "ID": 60
                                                            }
                                                          ],
                                                          "parent": 54,
                                                          "ID": 59,
                                                          "left": 60
                                                        }
                                                      ],
                                                      "parent": 53,
                                                      "ID": 54,
                                                      "left": 55,
                                                      "right": 59
                                                    },
                                                    {
                                                      "Node Type": "Hash",
                                                      "Parent Relationship": "Inner",
                                                      "Parallel Aware": true,
                                                      "Async Capable": false,
                                                      "Startup Cost": 7495.25,
                                                      "Total Cost": 7495.25,
                                                      "Plan Rows": 2442,
                                                      "Plan Width": 4,
                                                      "Plans": [
                                                        {
                                                          "Node Type": "Seq Scan",
                                                          "Parent Relationship": "Outer",
                                                          "Parallel Aware": true,
                                                          "Async Capable": false,
                                                          "Relation Name": "item",
                                                          "Alias": "item_2",
                                                          "Startup Cost": 0.0,
                                                          "Total Cost": 7495.25,
                                                          "Plan Rows": 2442,
                                                          "Plan Width": 4,
                                                          "Filter": "(i_current_price > '50'::numeric)",
                                                          "parent": 61,
                                                          "ID": 62
                                                        }
                                                      ],
                                                      "parent": 53,
                                                      "ID": 61,
                                                      "left": 62
                                                    }
                                                  ],
                                                  "parent": 52,
                                                  "ID": 53,
                                                  "left": 54,
                                                  "right": 61
                                                },
                                                {
                                                  "Node Type": "Hash",
                                                  "Parent Relationship": "Inner",
                                                  "Parallel Aware": false,
                                                  "Async Capable": false,
                                                  "Startup Cost": 19.25,
                                                  "Total Cost": 19.25,
                                                  "Plan Rows": 492,
                                                  "Plan Width": 4,
                                                  "Plans": [
                                                    {
                                                      "Node Type": "Seq Scan",
                                                      "Parent Relationship": "Outer",
                                                      "Parallel Aware": false,
                                                      "Async Capable": false,
                                                      "Relation Name": "promotion",
                                                      "Alias": "promotion_2",
                                                      "Startup Cost": 0.0,
                                                      "Total Cost": 19.25,
                                                      "Plan Rows": 492,
                                                      "Plan Width": 4,
                                                      "Filter": "(p_channel_tv = 'N'::bpchar)",
                                                      "parent": 63,
                                                      "ID": 64
                                                    }
                                                  ],
                                                  "parent": 52,
                                                  "ID": 63,
                                                  "left": 64
                                                }
                                              ],
                                              "parent": 51,
                                              "ID": 52,
                                              "left": 53,
                                              "right": 63
                                            },
                                            {
                                              "Node Type": "Hash",
                                              "Parent Relationship": "Inner",
                                              "Parallel Aware": false,
                                              "Async Capable": false,
                                              "Startup Cost": 3.42,
                                              "Total Cost": 3.42,
                                              "Plan Rows": 42,
                                              "Plan Width": 21,
                                              "Plans": [
                                                {
                                                  "Node Type": "Seq Scan",
                                                  "Parent Relationship": "Outer",
                                                  "Parallel Aware": false,
                                                  "Async Capable": false,
                                                  "Relation Name": "web_site",
                                                  "Alias": "web_site",
                                                  "Startup Cost": 0.0,
                                                  "Total Cost": 3.42,
                                                  "Plan Rows": 42,
                                                  "Plan Width": 21,
                                                  "parent": 65,
                                                  "ID": 66
                                                }
                                              ],
                                              "parent": 51,
                                              "ID": 65,
                                              "left": 66
                                            }
                                          ],
                                          "parent": 50,
                                          "ID": 51,
                                          "left": 52,
                                          "right": 65
                                        }
                                      ],
                                      "parent": 49,
                                      "ID": 50,
                                      "left": 51
                                    }
                                  ],
                                  "parent": 48,
                                  "ID": 49,
                                  "left": 50
                                }
                              ],
                              "parent": 47,
                              "ID": 48,
                              "left": 49
                            }
                          ],
                          "parent": 46,
                          "ID": 47,
                          "left": 48
                        }
                      ],
                      "parent": 3,
                      "ID": 46,
                      "left": 47
                    }
                  ],
                  "parent": 2,
                  "ID": 3,
                  "left": 4,
                  "right": 25
                }
              ],
              "parent": 1,
              "ID": 2,
              "left": 3
            }
          ],
          "parent": 0,
          "ID": 1,
          "left": 2
        }
      ],
      "parent": null,
      "ID": 0,
      "left": 1
    },
    "feat": {
      "utility": 0.0,
      "query_shape": [
        [
          "Seq Scan",
          "Hash Join",
          "Sort",
          "Aggregate",
          "Gather Merge",
          "Subquery Scan",
          "Append"
        ],
        [
          "Seq Scan",
          "Hash",
          "Hash Join",
          "Sort",
          "Aggregate",
          "Gather Merge",
          "Subquery Scan",
          "Append"
        ],
        [
          "Seq Scan",
          "Hash",
          "Hash Join",
          "Sort",
          "Aggregate",
          "Gather Merge",
          "Subquery Scan",
          "Append"
        ],
        [
          "Seq Scan",
          "Hash",
          "Hash Join",
          "Sort",
          "Aggregate",
          "Gather Merge",
          "Subquery Scan",
          "Append"
        ],
        [
          "Seq Scan",
          "Hash",
          "Hash Join",
          "Sort",
          "Aggregate",
          "Gather Merge",
          "Subquery Scan",
          "Append"
        ],
        [
          "Seq Scan",
          "Hash",
          "Hash Join",
          "Sort",
          "Aggregate",
          "Gather Merge",
          "Subquery Scan",
          "Append"
        ],
        [
          "Seq Scan",
          "Hash Join",
          "Sort",
          "Aggregate",
          "Gather Merge",
          "Subquery Scan",
          "Append"
        ],
        [
          "Seq Scan",
          "Hash",
          "Hash Join",
          "Sort",
          "Aggregate",
          "Gather Merge",
          "Subquery Scan",
          "Append"
        ],
        [
          "Seq Scan",
          "Hash",
          "Hash Join",
          "Sort",
          "Aggregate",
          "Gather Merge",
          "Subquery Scan",
          "Append"
        ],
        [
          "Seq Scan",
          "Hash",
          "Hash Join",
          "Sort",
          "Aggregate",
          "Gather Merge",
          "Subquery Scan",
          "Append"
        ],
        [
          "Seq Scan",
          "Hash",
          "Hash Join",
          "Sort",
          "Aggregate",
          "Gather Merge",
          "Subquery Scan",
          "Append"
        ],
        [
          "Seq Scan",
          "Hash",
          "Hash Join",
          "Sort",
          "Aggregate",
          "Gather Merge",
          "Subquery Scan",
          "Append"
        ],
        [
          "Seq Scan",
          "Hash Join",
          "Sort",
          "Aggregate",
          "Gather Merge",
          "Subquery Scan",
          "Append"
        ],
        [
          "Seq Scan",
          "Hash",
          "Hash Join",
          "Sort",
          "Aggregate",
          "Gather Merge",
          "Subquery Scan",
          "Append"
        ],
        [
          "Seq Scan",
          "Hash",
          "Hash Join",
          "Sort",
          "Aggregate",
          "Gather Merge",
          "Subquery Scan",
          "Append"
        ],
        [
          "Seq Scan",
          "Hash",
          "Hash Join",
          "Sort",
          "Aggregate",
          "Gather Merge",
          "Subquery Scan",
          "Append"
        ],
        [
          "Seq Scan",
          "Hash",
          "Hash Join",
          "Sort",
          "Aggregate",
          "Gather Merge",
          "Subquery Scan",
          "Append"
        ],
        [
          "Seq Scan",
          "Hash",
          "Hash Join",
          "Sort",
          "Aggregate",
          "Gather Merge",
          "Subquery Scan",
          "Append"
        ]
      ],
      "index_shape": [],
      "physical_operator": {}
    }
  },
  {
    "query": "with ssr as\n (select  s_store_id as store_id,\n          sum(ss_ext_sales_price) as sales,\n          sum(coalesce(sr_return_amt, 0)) as returns,\n          sum(ss_net_profit - coalesce(sr_net_loss, 0)) as profit\n  from store_sales left outer join store_returns on\n         (ss_item_sk = sr_item_sk and ss_ticket_number = sr_ticket_number),\n     date_dim,\n     store,\n     item,\n     promotion\n where ss_sold_date_sk = d_date_sk\n       and d_date between cast('2000-08-25' as date) \n                  and (cast('2000-08-25' as date) +  interval '30 days')\n       and ss_store_sk = s_store_sk\n       and ss_item_sk = i_item_sk\n       and i_current_price > 50\n       and ss_promo_sk = p_promo_sk\n       and p_channel_tv = 'N'\n group by s_store_id)\n ,\n csr as\n (select  cp_catalog_page_id as catalog_page_id,\n          sum(cs_ext_sales_price) as sales,\n          sum(coalesce(cr_return_amount, 0)) as returns,\n          sum(cs_net_profit - coalesce(cr_net_loss, 0)) as profit\n  from catalog_sales left outer join catalog_returns on\n         (cs_item_sk = cr_item_sk and cs_order_number = cr_order_number),\n     date_dim,\n     catalog_page,\n     item,\n     promotion\n where cs_sold_date_sk = d_date_sk\n       and d_date between cast('2000-08-25' as date)\n                  and (cast('2000-08-25' as date) +  interval '30 days')\n        and cs_catalog_page_sk = cp_catalog_page_sk\n       and cs_item_sk = i_item_sk\n       and i_current_price > 50\n       and cs_promo_sk = p_promo_sk\n       and p_channel_tv = 'N'\ngroup by cp_catalog_page_id)\n ,\n wsr as\n (select  web_site_id,\n          sum(ws_ext_sales_price) as sales,\n          sum(coalesce(wr_return_amt, 0)) as returns,\n          sum(ws_net_profit - coalesce(wr_net_loss, 0)) as profit\n  from web_sales left outer join web_returns on\n         (ws_item_sk = wr_item_sk and ws_order_number = wr_order_number),\n     date_dim,\n     web_site,\n     item,\n     promotion\n where ws_sold_date_sk = d_date_sk\n       and d_date between cast('2000-08-25' as date)\n                  and (cast('2000-08-25' as date) +  interval '30 days')\n        and ws_web_site_sk = web_site_sk\n       and ws_item_sk = i_item_sk\n       and i_current_price > 50\n       and ws_promo_sk = p_promo_sk\n       and p_channel_tv = 'N'\ngroup by web_site_id)\n  select  channel\n        , id\n        , sum(sales) as sales\n        , sum(returns) as returns\n        , sum(profit) as profit\n from \n (select 'store channel' as channel\n        , 'store' || store_id as id\n        , sales\n        , returns\n        , profit\n from   ssr\n union all\n select 'catalog channel' as channel\n        , 'catalog_page' || catalog_page_id as id\n        , sales\n        , returns\n        , profit\n from  csr\n union all\n select 'web channel' as channel\n        , 'web_site' || web_site_id as id\n        , sales\n        , returns\n        , profit\n from   wsr\n ) x\n group by rollup (channel, id)\n order by channel\n         ,id\n limit 100;\n\n-- end query 61 in stream 1 using template query80.tpl\n",
    "indexes": "catalog_sales.cs_sold_date_sk",
    "wo plan est": {
      "Node Type": "Limit",
      "Parallel Aware": false,
      "Async Capable": false,
      "Startup Cost": 1566793.64,
      "Total Cost": 1566796.93,
      "Plan Rows": 100,
      "Plan Width": 160,
      "Plans": [
        {
          "Node Type": "Aggregate",
          "Strategy": "Sorted",
          "Partial Mode": "Simple",
          "Parent Relationship": "Outer",
          "Parallel Aware": false,
          "Async Capable": false,
          "Startup Cost": 1566793.64,
          "Total Cost": 1566806.84,
          "Plan Rows": 401,
          "Plan Width": 160,
          "Grouping Sets": [
            {
              "Group Keys": [
                [
                  "('store channel'::text)",
                  "(('store'::text || (ssr.store_id)::text))"
                ],
                [
                  "('store channel'::text)"
                ],
                []
              ]
            }
          ],
          "Plans": [
            {
              "Node Type": "Sort",
              "Parent Relationship": "Outer",
              "Parallel Aware": false,
              "Async Capable": false,
              "Startup Cost": 1566793.64,
              "Total Cost": 1566794.67,
              "Plan Rows": 412,
              "Plan Width": 160,
              "Sort Key": [
                "('store channel'::text)",
                "(('store'::text || (ssr.store_id)::text))"
              ],
              "Plans": [
                {
                  "Node Type": "Append",
                  "Parent Relationship": "Outer",
                  "Parallel Aware": false,
                  "Async Capable": false,
                  "Startup Cost": 784596.3,
                  "Total Cost": 1566775.74,
                  "Plan Rows": 412,
                  "Plan Width": 160,
                  "Subplans Removed": 0,
                  "Plans": [
                    {
                      "Node Type": "Subquery Scan",
                      "Parent Relationship": "Member",
                      "Parallel Aware": false,
                      "Async Capable": false,
                      "Alias": "ssr",
                      "Startup Cost": 784596.3,
                      "Total Cost": 784616.16,
                      "Plan Rows": 51,
                      "Plan Width": 160,
                      "Plans": [
                        {
                          "Node Type": "Aggregate",
                          "Strategy": "Sorted",
                          "Partial Mode": "Finalize",
                          "Parent Relationship": "Subquery",
                          "Parallel Aware": false,
                          "Async Capable": false,
                          "Startup Cost": 784596.3,
                          "Total Cost": 784615.39,
                          "Plan Rows": 51,
                          "Plan Width": 113,
                          "Group Key": [
                            "store.s_store_id"
                          ],
                          "Plans": [
                            {
                              "Node Type": "Gather Merge",
                              "Parent Relationship": "Outer",
                              "Parallel Aware": false,
                              "Async Capable": false,
                              "Startup Cost": 784596.3,
                              "Total Cost": 784612.71,
                              "Plan Rows": 102,
                              "Plan Width": 113,
                              "Workers Planned": 2,
                              "Plans": [
                                {
                                  "Node Type": "Aggregate",
                                  "Strategy": "Sorted",
                                  "Partial Mode": "Partial",
                                  "Parent Relationship": "Outer",
                                  "Parallel Aware": false,
                                  "Async Capable": false,
                                  "Startup Cost": 783596.27,
                                  "Total Cost": 783600.92,
                                  "Plan Rows": 51,
                                  "Plan Width": 113,
                                  "Group Key": [
                                    "store.s_store_id"
                                  ],
                                  "Plans": [
                                    {
                                      "Node Type": "Sort",
                                      "Parent Relationship": "Outer",
                                      "Parallel Aware": false,
                                      "Async Capable": false,
                                      "Startup Cost": 783596.27,
                                      "Total Cost": 783596.9,
                                      "Plan Rows": 250,
                                      "Plan Width": 41,
                                      "Sort Key": [
                                        "store.s_store_id"
                                      ],
                                      "Plans": [
                                        {
                                          "Node Type": "Hash Join",
                                          "Parent Relationship": "Outer",
                                          "Parallel Aware": false,
                                          "Async Capable": false,
                                          "Join Type": "Inner",
                                          "Startup Cost": 94489.35,
                                          "Total Cost": 783586.32,
                                          "Plan Rows": 250,
                                          "Plan Width": 41,
                                          "Inner Unique": false,
                                          "Hash Cond": "(store_sales.ss_store_sk = store.s_store_sk)",
                                          "Plans": [
                                            {
                                              "Node Type": "Hash Join",
                                              "Parent Relationship": "Outer",
                                              "Parallel Aware": false,
                                              "Async Capable": false,
                                              "Join Type": "Inner",
                                              "Startup Cost": 94482.05,
                                              "Total Cost": 783575.54,
                                              "Plan Rows": 262,
                                              "Plan Width": 28,
                                              "Inner Unique": false,
                                              "Hash Cond": "(store_sales.ss_promo_sk = promotion.p_promo_sk)",
                                              "Plans": [
                                                {
                                                  "Node Type": "Hash Join",
                                                  "Parent Relationship": "Outer",
                                                  "Parallel Aware": true,
                                                  "Async Capable": false,
                                                  "Join Type": "Inner",
                                                  "Startup Cost": 94456.65,
                                                  "Total Cost": 783546.47,
                                                  "Plan Rows": 279,
                                                  "Plan Width": 32,
                                                  "Inner Unique": false,
                                                  "Hash Cond": "(store_sales.ss_item_sk = item.i_item_sk)",
                                                  "Plans": [
                                                    {
                                                      "Node Type": "Hash Join",
                                                      "Parent Relationship": "Outer",
                                                      "Parallel Aware": true,
                                                      "Async Capable": false,
                                                      "Join Type": "Left",
                                                      "Startup Cost": 86930.88,
                                                      "Total Cost": 776001.31,
                                                      "Plan Rows": 4860,
                                                      "Plan Width": 36,
                                                      "Inner Unique": false,
                                                      "Hash Cond": "((store_sales.ss_item_sk = store_returns.sr_item_sk) AND (store_sales.ss_ticket_number = store_returns.sr_ticket_number))",
                                                      "Plans": [
                                                        {
                                                          "Node Type": "Hash Join",
                                                          "Parent Relationship": "Outer",
                                                          "Parallel Aware": true,
                                                          "Async Capable": false,
                                                          "Join Type": "Inner",
                                                          "Startup Cost": 2049.78,
                                                          "Total Cost": 683994.75,
                                                          "Plan Rows": 4860,
                                                          "Plan Width": 28,
                                                          "Inner Unique": false,
                                                          "Hash Cond": "(store_sales.ss_sold_date_sk = date_dim.d_date_sk)",
                                                          "Plans": [
                                                            {
                                                              "Node Type": "Seq Scan",
                                                              "Parent Relationship": "Outer",
                                                              "Parallel Aware": true,
                                                              "Async Capable": false,
                                                              "Relation Name": "store_sales",
                                                              "Alias": "store_sales",
                                                              "Startup Cost": 0.0,
                                                              "Total Cost": 636914.37,
                                                              "Plan Rows": 12000637,
                                                              "Plan Width": 32,
                                                              "parent": 13,
                                                              "ID": 14
                                                            },
                                                            {
                                                              "Node Type": "Hash",
                                                              "Parent Relationship": "Inner",
                                                              "Parallel Aware": true,
                                                              "Async Capable": false,
                                                              "Startup Cost": 2049.55,
                                                              "Total Cost": 2049.55,
                                                              "Plan Rows": 18,
                                                              "Plan Width": 4,
                                                              "Plans": [
                                                                {
                                                                  "Node Type": "Seq Scan",
                                                                  "Parent Relationship": "Outer",
                                                                  "Parallel Aware": true,
                                                                  "Async Capable": false,
                                                                  "Relation Name": "date_dim",
                                                                  "Alias": "date_dim",
                                                                  "Startup Cost": 0.0,
                                                                  "Total Cost": 2049.55,
                                                                  "Plan Rows": 18,
                                                                  "Plan Width": 4,
                                                                  "Filter": "((d_date >= '2000-08-25'::date) AND (d_date <= '2000-09-24 00:00:00'::timestamp without time zone))",
                                                                  "parent": 15,
                                                                  "ID": 16
                                                                }
                                                              ],
                                                              "parent": 13,
                                                              "ID": 15,
                                                              "left": 16
                                                            }
                                                          ],
                                                          "parent": 12,
                                                          "ID": 13,
                                                          "left": 14,
                                                          "right": 15
                                                        },
                                                        {
                                                          "Node Type": "Hash",
                                                          "Parent Relationship": "Inner",
                                                          "Parallel Aware": true,
                                                          "Async Capable": false,
                                                          "Startup Cost": 59887.64,
                                                          "Total Cost": 59887.64,
                                                          "Plan Rows": 1198164,
                                                          "Plan Width": 20,
                                                          "Plans": [
                                                            {
                                                              "Node Type": "Seq Scan",
                                                              "Parent Relationship": "Outer",
                                                              "Parallel Aware": true,
                                                              "Async Capable": false,
                                                              "Relation Name": "store_returns",
                                                              "Alias": "store_returns",
                                                              "Startup Cost": 0.0,
                                                              "Total Cost": 59887.64,
                                                              "Plan Rows": 1198164,
                                                              "Plan Width": 20,
                                                              "parent": 17,
                                                              "ID": 18
                                                            }
                                                          ],
                                                          "parent": 12,
                                                          "ID": 17,
                                                          "left": 18
                                                        }
                                                      ],
                                                      "parent": 11,
                                                      "ID": 12,
                                                      "left": 13,
                                                      "right": 17
                                                    },
                                                    {
                                                      "Node Type": "Hash",
                                                      "Parent Relationship": "Inner",
                                                      "Parallel Aware": true,
                                                      "Async Capable": false,
                                                      "Startup Cost": 7495.25,
                                                      "Total Cost": 7495.25,
                                                      "Plan Rows": 2442,
                                                      "Plan Width": 4,
                                                      "Plans": [
                                                        {
                                                          "Node Type": "Seq Scan",
                                                          "Parent Relationship": "Outer",
                                                          "Parallel Aware": true,
                                                          "Async Capable": false,
                                                          "Relation Name": "item",
                                                          "Alias": "item",
                                                          "Startup Cost": 0.0,
                                                          "Total Cost": 7495.25,
                                                          "Plan Rows": 2442,
                                                          "Plan Width": 4,
                                                          "Filter": "(i_current_price > '50'::numeric)",
                                                          "parent": 19,
                                                          "ID": 20
                                                        }
                                                      ],
                                                      "parent": 11,
                                                      "ID": 19,
                                                      "left": 20
                                                    }
                                                  ],
                                                  "parent": 10,
                                                  "ID": 11,
                                                  "left": 12,
                                                  "right": 19
                                                },
                                                {
                                                  "Node Type": "Hash",
                                                  "Parent Relationship": "Inner",
                                                  "Parallel Aware": false,
                                                  "Async Capable": false,
                                                  "Startup Cost": 19.25,
                                                  "Total Cost": 19.25,
                                                  "Plan Rows": 492,
                                                  "Plan Width": 4,
                                                  "Plans": [
                                                    {
                                                      "Node Type": "Seq Scan",
                                                      "Parent Relationship": "Outer",
                                                      "Parallel Aware": false,
                                                      "Async Capable": false,
                                                      "Relation Name": "promotion",
                                                      "Alias": "promotion",
                                                      "Startup Cost": 0.0,
                                                      "Total Cost": 19.25,
                                                      "Plan Rows": 492,
                                                      "Plan Width": 4,
                                                      "Filter": "(p_channel_tv = 'N'::bpchar)",
                                                      "parent": 21,
                                                      "ID": 22
                                                    }
                                                  ],
                                                  "parent": 10,
                                                  "ID": 21,
                                                  "left": 22
                                                }
                                              ],
                                              "parent": 9,
                                              "ID": 10,
                                              "left": 11,
                                              "right": 21
                                            },
                                            {
                                              "Node Type": "Hash",
                                              "Parent Relationship": "Inner",
                                              "Parallel Aware": false,
                                              "Async Capable": false,
                                              "Startup Cost": 6.02,
                                              "Total Cost": 6.02,
                                              "Plan Rows": 102,
                                              "Plan Width": 21,
                                              "Plans": [
                                                {
                                                  "Node Type": "Seq Scan",
                                                  "Parent Relationship": "Outer",
                                                  "Parallel Aware": false,
                                                  "Async Capable": false,
                                                  "Relation Name": "store",
                                                  "Alias": "store",
                                                  "Startup Cost": 0.0,
                                                  "Total Cost": 6.02,
                                                  "Plan Rows": 102,
                                                  "Plan Width": 21,
                                                  "parent": 23,
                                                  "ID": 24
                                                }
                                              ],
                                              "parent": 9,
                                              "ID": 23,
                                              "left": 24
                                            }
                                          ],
                                          "parent": 8,
                                          "ID": 9,
                                          "left": 10,
                                          "right": 23
                                        }
                                      ],
                                      "parent": 7,
                                      "ID": 8,
                                      "left": 9
                                    }
                                  ],
                                  "parent": 6,
                                  "ID": 7,
                                  "left": 8
                                }
                              ],
                              "parent": 5,
                              "ID": 6,
                              "left": 7
                            }
                          ],
                          "parent": 4,
                          "ID": 5,
                          "left": 6
                        }
                      ],
                      "parent": 3,
                      "ID": 4,
                      "left": 5
                    },
                    {
                      "Node Type": "Subquery Scan",
                      "Parent Relationship": "Member",
                      "Parallel Aware": false,
                      "Async Capable": false,
                      "Alias": "csr",
                      "Startup Cost": 518177.36,
                      "Total Cost": 518230.78,
                      "Plan Rows": 340,
                      "Plan Width": 160,
                      "Plans": [
                        {
                          "Node Type": "Aggregate",
                          "Strategy": "Sorted",
                          "Partial Mode": "Finalize",
                          "Parent Relationship": "Subquery",
                          "Parallel Aware": false,
                          "Async Capable": false,
                          "Startup Cost": 518177.36,
                          "Total Cost": 518225.68,
                          "Plan Rows": 340,
                          "Plan Width": 113,
                          "Group Key": [
                            "catalog_page.cp_catalog_page_id"
                          ],
                          "Plans": [
                            {
                              "Node Type": "Gather Merge",
                              "Parent Relationship": "Outer",
                              "Parallel Aware": false,
                              "Async Capable": false,
                              "Startup Cost": 518177.36,
                              "Total Cost": 518214.76,
                              "Plan Rows": 284,
                              "Plan Width": 113,
                              "Workers Planned": 2,
                              "Plans": [
                                {
                                  "Node Type": "Aggregate",
                                  "Strategy": "Sorted",
                                  "Partial Mode": "Partial",
                                  "Parent Relationship": "Outer",
                                  "Parallel Aware": false,
                                  "Async Capable": false,
                                  "Startup Cost": 517177.34,
                                  "Total Cost": 517181.95,
                                  "Plan Rows": 142,
                                  "Plan Width": 113,
                                  "Group Key": [
                                    "catalog_page.cp_catalog_page_id"
                                  ],
                                  "Plans": [
                                    {
                                      "Node Type": "Sort",
                                      "Parent Relationship": "Outer",
                                      "Parallel Aware": false,
                                      "Async Capable": false,
                                      "Startup Cost": 517177.34,
                                      "Total Cost": 517177.69,
                                      "Plan Rows": 142,
                                      "Plan Width": 41,
                                      "Sort Key": [
                                        "catalog_page.cp_catalog_page_id"
                                      ],
                                      "Plans": [
                                        {
                                          "Node Type": "Hash Join",
                                          "Parent Relationship": "Outer",
                                          "Parallel Aware": false,
                                          "Async Capable": false,
                                          "Join Type": "Inner",
                                          "Startup Cost": 57382.33,
                                          "Total Cost": 517172.26,
                                          "Plan Rows": 142,
                                          "Plan Width": 41,
                                          "Inner Unique": false,
                                          "Hash Cond": "(catalog_sales.cs_catalog_page_sk = catalog_page.cp_catalog_page_sk)",
                                          "Plans": [
                                            {
                                              "Node Type": "Hash Join",
                                              "Parent Relationship": "Outer",
                                              "Parallel Aware": false,
                                              "Async Capable": false,
                                              "Join Type": "Inner",
                                              "Startup Cost": 56864.33,
                                              "Total Cost": 516652.32,
                                              "Plan Rows": 142,
                                              "Plan Width": 28,
                                              "Inner Unique": false,
                                              "Hash Cond": "(catalog_sales.cs_promo_sk = promotion_1.p_promo_sk)",
                                              "Plans": [
                                                {
                                                  "Node Type": "Hash Join",
                                                  "Parent Relationship": "Outer",
                                                  "Parallel Aware": true,
                                                  "Async Capable": false,
                                                  "Join Type": "Inner",
                                                  "Startup Cost": 56838.93,
                                                  "Total Cost": 516624.96,
                                                  "Plan Rows": 145,
                                                  "Plan Width": 32,
                                                  "Inner Unique": false,
                                                  "Hash Cond": "(catalog_sales.cs_item_sk = item_1.i_item_sk)",
                                                  "Plans": [
                                                    {
                                                      "Node Type": "Hash Join",
                                                      "Parent Relationship": "Outer",
                                                      "Parallel Aware": true,
                                                      "Async Capable": false,
                                                      "Join Type": "Left",
                                                      "Startup Cost": 49313.15,
                                                      "Total Cost": 509089.08,
                                                      "Plan Rows": 2532,
                                                      "Plan Width": 36,
                                                      "Inner Unique": false,
                                                      "Hash Cond": "((catalog_sales.cs_item_sk = catalog_returns.cr_item_sk) AND (catalog_sales.cs_order_number = catalog_returns.cr_order_number))",
                                                      "Plans": [
                                                        {
                                                          "Node Type": "Hash Join",
                                                          "Parent Relationship": "Outer",
                                                          "Parallel Aware": true,
                                                          "Async Capable": false,
                                                          "Join Type": "Inner",
                                                          "Startup Cost": 2049.78,
                                                          "Total Cost": 458254.7,
                                                          "Plan Rows": 2532,
                                                          "Plan Width": 28,
                                                          "Inner Unique": false,
                                                          "Hash Cond": "(catalog_sales.cs_sold_date_sk = date_dim_1.d_date_sk)",
                                                          "Plans": [
                                                            {
                                                              "Node Type": "Seq Scan",
                                                              "Parent Relationship": "Outer",
                                                              "Parallel Aware": true,
                                                              "Async Capable": false,
                                                              "Relation Name": "catalog_sales",
                                                              "Alias": "catalog_sales",
                                                              "Startup Cost": 0.0,
                                                              "Total Cost": 433688.25,
                                                              "Plan Rows": 6000525,
                                                              "Plan Width": 32,
                                                              "parent": 34,
                                                              "ID": 35
                                                            },
                                                            {
                                                              "Node Type": "Hash",
                                                              "Parent Relationship": "Inner",
                                                              "Parallel Aware": true,
                                                              "Async Capable": false,
                                                              "Startup Cost": 2049.55,
                                                              "Total Cost": 2049.55,
                                                              "Plan Rows": 18,
                                                              "Plan Width": 4,
                                                              "Plans": [
                                                                {
                                                                  "Node Type": "Seq Scan",
                                                                  "Parent Relationship": "Outer",
                                                                  "Parallel Aware": true,
                                                                  "Async Capable": false,
                                                                  "Relation Name": "date_dim",
                                                                  "Alias": "date_dim_1",
                                                                  "Startup Cost": 0.0,
                                                                  "Total Cost": 2049.55,
                                                                  "Plan Rows": 18,
                                                                  "Plan Width": 4,
                                                                  "Filter": "((d_date >= '2000-08-25'::date) AND (d_date <= '2000-09-24 00:00:00'::timestamp without time zone))",
                                                                  "parent": 36,
                                                                  "ID": 37
                                                                }
                                                              ],
                                                              "parent": 34,
                                                              "ID": 36,
                                                              "left": 37
                                                            }
                                                          ],
                                                          "parent": 33,
                                                          "ID": 34,
                                                          "left": 35,
                                                          "right": 36
                                                        },
                                                        {
                                                          "Node Type": "Hash",
                                                          "Parent Relationship": "Inner",
                                                          "Parallel Aware": true,
                                                          "Async Capable": false,
                                                          "Startup Cost": 34748.95,
                                                          "Total Cost": 34748.95,
                                                          "Plan Rows": 599895,
                                                          "Plan Width": 20,
                                                          "Plans": [
                                                            {
                                                              "Node Type": "Seq Scan",
                                                              "Parent Relationship": "Outer",
                                                              "Parallel Aware": true,
                                                              "Async Capable": false,
                                                              "Relation Name": "catalog_returns",
                                                              "Alias": "catalog_returns",
                                                              "Startup Cost": 0.0,
                                                              "Total Cost": 34748.95,
                                                              "Plan Rows": 599895,
                                                              "Plan Width": 20,
                                                              "parent": 38,
                                                              "ID": 39
                                                            }
                                                          ],
                                                          "parent": 33,
                                                          "ID": 38,
                                                          "left": 39
                                                        }
                                                      ],
                                                      "parent": 32,
                                                      "ID": 33,
                                                      "left": 34,
                                                      "right": 38
                                                    },
                                                    {
                                                      "Node Type": "Hash",
                                                      "Parent Relationship": "Inner",
                                                      "Parallel Aware": true,
                                                      "Async Capable": false,
                                                      "Startup Cost": 7495.25,
                                                      "Total Cost": 7495.25,
                                                      "Plan Rows": 2442,
                                                      "Plan Width": 4,
                                                      "Plans": [
                                                        {
                                                          "Node Type": "Seq Scan",
                                                          "Parent Relationship": "Outer",
                                                          "Parallel Aware": true,
                                                          "Async Capable": false,
                                                          "Relation Name": "item",
                                                          "Alias": "item_1",
                                                          "Startup Cost": 0.0,
                                                          "Total Cost": 7495.25,
                                                          "Plan Rows": 2442,
                                                          "Plan Width": 4,
                                                          "Filter": "(i_current_price > '50'::numeric)",
                                                          "parent": 40,
                                                          "ID": 41
                                                        }
                                                      ],
                                                      "parent": 32,
                                                      "ID": 40,
                                                      "left": 41
                                                    }
                                                  ],
                                                  "parent": 31,
                                                  "ID": 32,
                                                  "left": 33,
                                                  "right": 40
                                                },
                                                {
                                                  "Node Type": "Hash",
                                                  "Parent Relationship": "Inner",
                                                  "Parallel Aware": false,
                                                  "Async Capable": false,
                                                  "Startup Cost": 19.25,
                                                  "Total Cost": 19.25,
                                                  "Plan Rows": 492,
                                                  "Plan Width": 4,
                                                  "Plans": [
                                                    {
                                                      "Node Type": "Seq Scan",
                                                      "Parent Relationship": "Outer",
                                                      "Parallel Aware": false,
                                                      "Async Capable": false,
                                                      "Relation Name": "promotion",
                                                      "Alias": "promotion_1",
                                                      "Startup Cost": 0.0,
                                                      "Total Cost": 19.25,
                                                      "Plan Rows": 492,
                                                      "Plan Width": 4,
                                                      "Filter": "(p_channel_tv = 'N'::bpchar)",
                                                      "parent": 42,
                                                      "ID": 43
                                                    }
                                                  ],
                                                  "parent": 31,
                                                  "ID": 42,
                                                  "left": 43
                                                }
                                              ],
                                              "parent": 30,
                                              "ID": 31,
                                              "left": 32,
                                              "right": 42
                                            },
                                            {
                                              "Node Type": "Hash",
                                              "Parent Relationship": "Inner",
                                              "Parallel Aware": false,
                                              "Async Capable": false,
                                              "Startup Cost": 368.0,
                                              "Total Cost": 368.0,
                                              "Plan Rows": 12000,
                                              "Plan Width": 21,
                                              "Plans": [
                                                {
                                                  "Node Type": "Seq Scan",
                                                  "Parent Relationship": "Outer",
                                                  "Parallel Aware": false,
                                                  "Async Capable": false,
                                                  "Relation Name": "catalog_page",
                                                  "Alias": "catalog_page",
                                                  "Startup Cost": 0.0,
                                                  "Total Cost": 368.0,
                                                  "Plan Rows": 12000,
                                                  "Plan Width": 21,
                                                  "parent": 44,
                                                  "ID": 45
                                                }
                                              ],
                                              "parent": 30,
                                              "ID": 44,
                                              "left": 45
                                            }
                                          ],
                                          "parent": 29,
                                          "ID": 30,
                                          "left": 31,
                                          "right": 44
                                        }
                                      ],
                                      "parent": 28,
                                      "ID": 29,
                                      "left": 30
                                    }
                                  ],
                                  "parent": 27,
                                  "ID": 28,
                                  "left": 29
                                }
                              ],
                              "parent": 26,
                              "ID": 27,
                              "left": 28
                            }
                          ],
                          "parent": 25,
                          "ID": 26,
                          "left": 27
                        }
                      ],
                      "parent": 3,
                      "ID": 25,
                      "left": 26
                    },
                    {
                      "Node Type": "Subquery Scan",
                      "Parent Relationship": "Member",
                      "Parallel Aware": false,
                      "Async Capable": false,
                      "Alias": "wsr",
                      "Startup Cost": 263919.04,
                      "Total Cost": 263926.75,
                      "Plan Rows": 21,
                      "Plan Width": 160,
                      "Plans": [
                        {
                          "Node Type": "Aggregate",
                          "Strategy": "Sorted",
                          "Partial Mode": "Finalize",
                          "Parent Relationship": "Subquery",
                          "Parallel Aware": false,
                          "Async Capable": false,
                          "Startup Cost": 263919.04,
                          "Total Cost": 263926.43,
                          "Plan Rows": 21,
                          "Plan Width": 113,
                          "Group Key": [
                            "web_site.web_site_id"
                          ],
                          "Plans": [
                            {
                              "Node Type": "Gather Merge",
                              "Parent Relationship": "Outer",
                              "Parallel Aware": false,
                              "Async Capable": false,
                              "Startup Cost": 263919.04,
                              "Total Cost": 263925.33,
                              "Plan Rows": 42,
                              "Plan Width": 113,
                              "Workers Planned": 2,
                              "Plans": [
                                {
                                  "Node Type": "Aggregate",
                                  "Strategy": "Sorted",
                                  "Partial Mode": "Partial",
                                  "Parent Relationship": "Outer",
                                  "Parallel Aware": false,
                                  "Async Capable": false,
                                  "Startup Cost": 262919.01,
                                  "Total Cost": 262920.46,
                                  "Plan Rows": 21,
                                  "Plan Width": 113,
                                  "Group Key": [
                                    "web_site.web_site_id"
                                  ],
                                  "Plans": [
                                    {
                                      "Node Type": "Sort",
                                      "Parent Relationship": "Outer",
                                      "Parallel Aware": false,
                                      "Async Capable": false,
                                      "Startup Cost": 262919.01,
                                      "Total Cost": 262919.19,
                                      "Plan Rows": 72,
                                      "Plan Width": 41,
                                      "Sort Key": [
                                        "web_site.web_site_id"
                                      ],
                                      "Plans": [
                                        {
                                          "Node Type": "Hash Join",
                                          "Parent Relationship": "Outer",
                                          "Parallel Aware": false,
                                          "Async Capable": false,
                                          "Join Type": "Inner",
                                          "Startup Cost": 32134.74,
                                          "Total Cost": 262916.79,
                                          "Plan Rows": 72,
                                          "Plan Width": 41,
                                          "Inner Unique": false,
                                          "Hash Cond": "(web_sales.ws_web_site_sk = web_site.web_site_sk)",
                                          "Plans": [
                                            {
                                              "Node Type": "Hash Join",
                                              "Parent Relationship": "Outer",
                                              "Parallel Aware": false,
                                              "Async Capable": false,
                                              "Join Type": "Inner",
                                              "Startup Cost": 32130.8,
                                              "Total Cost": 262911.86,
                                              "Plan Rows": 72,
                                              "Plan Width": 28,
                                              "Inner Unique": false,
                                              "Hash Cond": "(web_sales.ws_promo_sk = promotion_2.p_promo_sk)",
                                              "Plans": [
                                                {
                                                  "Node Type": "Hash Join",
                                                  "Parent Relationship": "Outer",
                                                  "Parallel Aware": true,
                                                  "Async Capable": false,
                                                  "Join Type": "Inner",
                                                  "Startup Cost": 32105.4,
                                                  "Total Cost": 262885.46,
                                                  "Plan Rows": 73,
                                                  "Plan Width": 32,
                                                  "Inner Unique": false,
                                                  "Hash Cond": "(web_sales.ws_item_sk = item_2.i_item_sk)",
                                                  "Plans": [
                                                    {
                                                      "Node Type": "Hash Join",
                                                      "Parent Relationship": "Outer",
                                                      "Parallel Aware": true,
                                                      "Async Capable": false,
                                                      "Join Type": "Left",
                                                      "Startup Cost": 24579.62,
                                                      "Total Cost": 255354.62,
                                                      "Plan Rows": 1272,
                                                      "Plan Width": 36,
                                                      "Inner Unique": false,
                                                      "Hash Cond": "((web_sales.ws_item_sk = web_returns.wr_item_sk) AND (web_sales.ws_order_number = web_returns.wr_order_number))",
                                                      "Plans": [
                                                        {
                                                          "Node Type": "Hash Join",
                                                          "Parent Relationship": "Outer",
                                                          "Parallel Aware": true,
                                                          "Async Capable": false,
                                                          "Join Type": "Inner",
                                                          "Startup Cost": 2049.78,
                                                          "Total Cost": 231041.22,
                                                          "Plan Rows": 1272,
                                                          "Plan Width": 28,
                                                          "Inner Unique": false,
                                                          "Hash Cond": "(web_sales.ws_sold_date_sk = date_dim_2.d_date_sk)",
                                                          "Plans": [
                                                            {
                                                              "Node Type": "Seq Scan",
                                                              "Parent Relationship": "Outer",
                                                              "Parallel Aware": true,
                                                              "Async Capable": false,
                                                              "Relation Name": "web_sales",
                                                              "Alias": "web_sales",
                                                              "Startup Cost": 0.0,
                                                              "Total Cost": 217737.86,
                                                              "Plan Rows": 2998986,
                                                              "Plan Width": 32,
                                                              "parent": 55,
                                                              "ID": 56
                                                            },
                                                            {
                                                              "Node Type": "Hash",
                                                              "Parent Relationship": "Inner",
                                                              "Parallel Aware": true,
                                                              "Async Capable": false,
                                                              "Startup Cost": 2049.55,
                                                              "Total Cost": 2049.55,
                                                              "Plan Rows": 18,
                                                              "Plan Width": 4,
                                                              "Plans": [
                                                                {
                                                                  "Node Type": "Seq Scan",
                                                                  "Parent Relationship": "Outer",
                                                                  "Parallel Aware": true,
                                                                  "Async Capable": false,
                                                                  "Relation Name": "date_dim",
                                                                  "Alias": "date_dim_2",
                                                                  "Startup Cost": 0.0,
                                                                  "Total Cost": 2049.55,
                                                                  "Plan Rows": 18,
                                                                  "Plan Width": 4,
                                                                  "Filter": "((d_date >= '2000-08-25'::date) AND (d_date <= '2000-09-24 00:00:00'::timestamp without time zone))",
                                                                  "parent": 57,
                                                                  "ID": 58
                                                                }
                                                              ],
                                                              "parent": 55,
                                                              "ID": 57,
                                                              "left": 58
                                                            }
                                                          ],
                                                          "parent": 54,
                                                          "ID": 55,
                                                          "left": 56,
                                                          "right": 57
                                                        },
                                                        {
                                                          "Node Type": "Hash",
                                                          "Parent Relationship": "Inner",
                                                          "Parallel Aware": true,
                                                          "Async Capable": false,
                                                          "Startup Cost": 16278.74,
                                                          "Total Cost": 16278.74,
                                                          "Plan Rows": 299674,
                                                          "Plan Width": 20,
                                                          "Plans": [
                                                            {
                                                              "Node Type": "Seq Scan",
                                                              "Parent Relationship": "Outer",
                                                              "Parallel Aware": true,
                                                              "Async Capable": false,
                                                              "Relation Name": "web_returns",
                                                              "Alias": "web_returns",
                                                              "Startup Cost": 0.0,
                                                              "Total Cost": 16278.74,
                                                              "Plan Rows": 299674,
                                                              "Plan Width": 20,
                                                              "parent": 59,
                                                              "ID": 60
                                                            }
                                                          ],
                                                          "parent": 54,
                                                          "ID": 59,
                                                          "left": 60
                                                        }
                                                      ],
                                                      "parent": 53,
                                                      "ID": 54,
                                                      "left": 55,
                                                      "right": 59
                                                    },
                                                    {
                                                      "Node Type": "Hash",
                                                      "Parent Relationship": "Inner",
                                                      "Parallel Aware": true,
                                                      "Async Capable": false,
                                                      "Startup Cost": 7495.25,
                                                      "Total Cost": 7495.25,
                                                      "Plan Rows": 2442,
                                                      "Plan Width": 4,
                                                      "Plans": [
                                                        {
                                                          "Node Type": "Seq Scan",
                                                          "Parent Relationship": "Outer",
                                                          "Parallel Aware": true,
                                                          "Async Capable": false,
                                                          "Relation Name": "item",
                                                          "Alias": "item_2",
                                                          "Startup Cost": 0.0,
                                                          "Total Cost": 7495.25,
                                                          "Plan Rows": 2442,
                                                          "Plan Width": 4,
                                                          "Filter": "(i_current_price > '50'::numeric)",
                                                          "parent": 61,
                                                          "ID": 62
                                                        }
                                                      ],
                                                      "parent": 53,
                                                      "ID": 61,
                                                      "left": 62
                                                    }
                                                  ],
                                                  "parent": 52,
                                                  "ID": 53,
                                                  "left": 54,
                                                  "right": 61
                                                },
                                                {
                                                  "Node Type": "Hash",
                                                  "Parent Relationship": "Inner",
                                                  "Parallel Aware": false,
                                                  "Async Capable": false,
                                                  "Startup Cost": 19.25,
                                                  "Total Cost": 19.25,
                                                  "Plan Rows": 492,
                                                  "Plan Width": 4,
                                                  "Plans": [
                                                    {
                                                      "Node Type": "Seq Scan",
                                                      "Parent Relationship": "Outer",
                                                      "Parallel Aware": false,
                                                      "Async Capable": false,
                                                      "Relation Name": "promotion",
                                                      "Alias": "promotion_2",
                                                      "Startup Cost": 0.0,
                                                      "Total Cost": 19.25,
                                                      "Plan Rows": 492,
                                                      "Plan Width": 4,
                                                      "Filter": "(p_channel_tv = 'N'::bpchar)",
                                                      "parent": 63,
                                                      "ID": 64
                                                    }
                                                  ],
                                                  "parent": 52,
                                                  "ID": 63,
                                                  "left": 64
                                                }
                                              ],
                                              "parent": 51,
                                              "ID": 52,
                                              "left": 53,
                                              "right": 63
                                            },
                                            {
                                              "Node Type": "Hash",
                                              "Parent Relationship": "Inner",
                                              "Parallel Aware": false,
                                              "Async Capable": false,
                                              "Startup Cost": 3.42,
                                              "Total Cost": 3.42,
                                              "Plan Rows": 42,
                                              "Plan Width": 21,
                                              "Plans": [
                                                {
                                                  "Node Type": "Seq Scan",
                                                  "Parent Relationship": "Outer",
                                                  "Parallel Aware": false,
                                                  "Async Capable": false,
                                                  "Relation Name": "web_site",
                                                  "Alias": "web_site",
                                                  "Startup Cost": 0.0,
                                                  "Total Cost": 3.42,
                                                  "Plan Rows": 42,
                                                  "Plan Width": 21,
                                                  "parent": 65,
                                                  "ID": 66
                                                }
                                              ],
                                              "parent": 51,
                                              "ID": 65,
                                              "left": 66
                                            }
                                          ],
                                          "parent": 50,
                                          "ID": 51,
                                          "left": 52,
                                          "right": 65
                                        }
                                      ],
                                      "parent": 49,
                                      "ID": 50,
                                      "left": 51
                                    }
                                  ],
                                  "parent": 48,
                                  "ID": 49,
                                  "left": 50
                                }
                              ],
                              "parent": 47,
                              "ID": 48,
                              "left": 49
                            }
                          ],
                          "parent": 46,
                          "ID": 47,
                          "left": 48
                        }
                      ],
                      "parent": 3,
                      "ID": 46,
                      "left": 47
                    }
                  ],
                  "parent": 2,
                  "ID": 3,
                  "left": 4,
                  "right": 25
                }
              ],
              "parent": 1,
              "ID": 2,
              "left": 3
            }
          ],
          "parent": 0,
          "ID": 1,
          "left": 2
        }
      ],
      "parent": null,
      "ID": 0,
      "left": 1
    },
    "feat": {
      "utility": 2.1722287060620302e-06,
      "query_shape": [
        [
          "Seq Scan",
          "Hash Join",
          "Sort",
          "Aggregate",
          "Gather Merge",
          "Subquery Scan",
          "Append"
        ],
        [
          "Seq Scan",
          "Hash",
          "Hash Join",
          "Sort",
          "Aggregate",
          "Gather Merge",
          "Subquery Scan",
          "Append"
        ],
        [
          "Seq Scan",
          "Hash",
          "Hash Join",
          "Sort",
          "Aggregate",
          "Gather Merge",
          "Subquery Scan",
          "Append"
        ],
        [
          "Seq Scan",
          "Hash",
          "Hash Join",
          "Sort",
          "Aggregate",
          "Gather Merge",
          "Subquery Scan",
          "Append"
        ],
        [
          "Seq Scan",
          "Hash",
          "Hash Join",
          "Sort",
          "Aggregate",
          "Gather Merge",
          "Subquery Scan",
          "Append"
        ],
        [
          "Seq Scan",
          "Hash",
          "Hash Join",
          "Sort",
          "Aggregate",
          "Gather Merge",
          "Subquery Scan",
          "Append"
        ],
        [
          "Seq Scan",
          "Hash Join",
          "Sort",
          "Aggregate",
          "Gather Merge",
          "Subquery Scan",
          "Append"
        ],
        [
          "Seq Scan",
          "Hash",
          "Hash Join",
          "Sort",
          "Aggregate",
          "Gather Merge",
          "Subquery Scan",
          "Append"
        ],
        [
          "Seq Scan",
          "Hash",
          "Hash Join",
          "Sort",
          "Aggregate",
          "Gather Merge",
          "Subquery Scan",
          "Append"
        ],
        [
          "Seq Scan",
          "Hash",
          "Hash Join",
          "Sort",
          "Aggregate",
          "Gather Merge",
          "Subquery Scan",
          "Append"
        ],
        [
          "Seq Scan",
          "Hash",
          "Hash Join",
          "Sort",
          "Aggregate",
          "Gather Merge",
          "Subquery Scan",
          "Append"
        ],
        [
          "Seq Scan",
          "Hash",
          "Hash Join",
          "Sort",
          "Aggregate",
          "Gather Merge",
          "Subquery Scan",
          "Append"
        ],
        [
          "Seq Scan",
          "Hash Join",
          "Sort",
          "Aggregate",
          "Gather Merge",
          "Subquery Scan",
          "Append"
        ],
        [
          "Seq Scan",
          "Hash",
          "Hash Join",
          "Sort",
          "Aggregate",
          "Gather Merge",
          "Subquery Scan",
          "Append"
        ],
        [
          "Seq Scan",
          "Hash",
          "Hash Join",
          "Sort",
          "Aggregate",
          "Gather Merge",
          "Subquery Scan",
          "Append"
        ],
        [
          "Seq Scan",
          "Hash",
          "Hash Join",
          "Sort",
          "Aggregate",
          "Gather Merge",
          "Subquery Scan",
          "Append"
        ],
        [
          "Seq Scan",
          "Hash",
          "Hash Join",
          "Sort",
          "Aggregate",
          "Gather Merge",
          "Subquery Scan",
          "Append"
        ],
        [
          "Seq Scan",
          "Hash",
          "Hash Join",
          "Sort",
          "Aggregate",
          "Gather Merge",
          "Subquery Scan",
          "Append"
        ]
      ],
      "index_shape": [
        "join"
      ],
      "physical_operator": {
        "Hash Join": [
          0.004841734527525892
        ]
      }
    }
  },
  {
    "query": "with ssr as\n (select  s_store_id as store_id,\n          sum(ss_ext_sales_price) as sales,\n          sum(coalesce(sr_return_amt, 0)) as returns,\n          sum(ss_net_profit - coalesce(sr_net_loss, 0)) as profit\n  from store_sales left outer join store_returns on\n         (ss_item_sk = sr_item_sk and ss_ticket_number = sr_ticket_number),\n     date_dim,\n     store,\n     item,\n     promotion\n where ss_sold_date_sk = d_date_sk\n       and d_date between cast('2000-08-25' as date) \n                  and (cast('2000-08-25' as date) +  interval '30 days')\n       and ss_store_sk = s_store_sk\n       and ss_item_sk = i_item_sk\n       and i_current_price > 50\n       and ss_promo_sk = p_promo_sk\n       and p_channel_tv = 'N'\n group by s_store_id)\n ,\n csr as\n (select  cp_catalog_page_id as catalog_page_id,\n          sum(cs_ext_sales_price) as sales,\n          sum(coalesce(cr_return_amount, 0)) as returns,\n          sum(cs_net_profit - coalesce(cr_net_loss, 0)) as profit\n  from catalog_sales left outer join catalog_returns on\n         (cs_item_sk = cr_item_sk and cs_order_number = cr_order_number),\n     date_dim,\n     catalog_page,\n     item,\n     promotion\n where cs_sold_date_sk = d_date_sk\n       and d_date between cast('2000-08-25' as date)\n                  and (cast('2000-08-25' as date) +  interval '30 days')\n        and cs_catalog_page_sk = cp_catalog_page_sk\n       and cs_item_sk = i_item_sk\n       and i_current_price > 50\n       and cs_promo_sk = p_promo_sk\n       and p_channel_tv = 'N'\ngroup by cp_catalog_page_id)\n ,\n wsr as\n (select  web_site_id,\n          sum(ws_ext_sales_price) as sales,\n          sum(coalesce(wr_return_amt, 0)) as returns,\n          sum(ws_net_profit - coalesce(wr_net_loss, 0)) as profit\n  from web_sales left outer join web_returns on\n         (ws_item_sk = wr_item_sk and ws_order_number = wr_order_number),\n     date_dim,\n     web_site,\n     item,\n     promotion\n where ws_sold_date_sk = d_date_sk\n       and d_date between cast('2000-08-25' as date)\n                  and (cast('2000-08-25' as date) +  interval '30 days')\n        and ws_web_site_sk = web_site_sk\n       and ws_item_sk = i_item_sk\n       and i_current_price > 50\n       and ws_promo_sk = p_promo_sk\n       and p_channel_tv = 'N'\ngroup by web_site_id)\n  select  channel\n        , id\n        , sum(sales) as sales\n        , sum(returns) as returns\n        , sum(profit) as profit\n from \n (select 'store channel' as channel\n        , 'store' || store_id as id\n        , sales\n        , returns\n        , profit\n from   ssr\n union all\n select 'catalog channel' as channel\n        , 'catalog_page' || catalog_page_id as id\n        , sales\n        , returns\n        , profit\n from  csr\n union all\n select 'web channel' as channel\n        , 'web_site' || web_site_id as id\n        , sales\n        , returns\n        , profit\n from   wsr\n ) x\n group by rollup (channel, id)\n order by channel\n         ,id\n limit 100;\n\n-- end query 61 in stream 1 using template query80.tpl\n",
    "indexes": "catalog_sales.cs_catalog_page_sk",
    "wo plan est": {
      "Node Type": "Limit",
      "Parallel Aware": false,
      "Async Capable": false,
      "Startup Cost": 1566793.64,
      "Total Cost": 1566796.93,
      "Plan Rows": 100,
      "Plan Width": 160,
      "Plans": [
        {
          "Node Type": "Aggregate",
          "Strategy": "Sorted",
          "Partial Mode": "Simple",
          "Parent Relationship": "Outer",
          "Parallel Aware": false,
          "Async Capable": false,
          "Startup Cost": 1566793.64,
          "Total Cost": 1566806.84,
          "Plan Rows": 401,
          "Plan Width": 160,
          "Grouping Sets": [
            {
              "Group Keys": [
                [
                  "('store channel'::text)",
                  "(('store'::text || (ssr.store_id)::text))"
                ],
                [
                  "('store channel'::text)"
                ],
                []
              ]
            }
          ],
          "Plans": [
            {
              "Node Type": "Sort",
              "Parent Relationship": "Outer",
              "Parallel Aware": false,
              "Async Capable": false,
              "Startup Cost": 1566793.64,
              "Total Cost": 1566794.67,
              "Plan Rows": 412,
              "Plan Width": 160,
              "Sort Key": [
                "('store channel'::text)",
                "(('store'::text || (ssr.store_id)::text))"
              ],
              "Plans": [
                {
                  "Node Type": "Append",
                  "Parent Relationship": "Outer",
                  "Parallel Aware": false,
                  "Async Capable": false,
                  "Startup Cost": 784596.3,
                  "Total Cost": 1566775.74,
                  "Plan Rows": 412,
                  "Plan Width": 160,
                  "Subplans Removed": 0,
                  "Plans": [
                    {
                      "Node Type": "Subquery Scan",
                      "Parent Relationship": "Member",
                      "Parallel Aware": false,
                      "Async Capable": false,
                      "Alias": "ssr",
                      "Startup Cost": 784596.3,
                      "Total Cost": 784616.16,
                      "Plan Rows": 51,
                      "Plan Width": 160,
                      "Plans": [
                        {
                          "Node Type": "Aggregate",
                          "Strategy": "Sorted",
                          "Partial Mode": "Finalize",
                          "Parent Relationship": "Subquery",
                          "Parallel Aware": false,
                          "Async Capable": false,
                          "Startup Cost": 784596.3,
                          "Total Cost": 784615.39,
                          "Plan Rows": 51,
                          "Plan Width": 113,
                          "Group Key": [
                            "store.s_store_id"
                          ],
                          "Plans": [
                            {
                              "Node Type": "Gather Merge",
                              "Parent Relationship": "Outer",
                              "Parallel Aware": false,
                              "Async Capable": false,
                              "Startup Cost": 784596.3,
                              "Total Cost": 784612.71,
                              "Plan Rows": 102,
                              "Plan Width": 113,
                              "Workers Planned": 2,
                              "Plans": [
                                {
                                  "Node Type": "Aggregate",
                                  "Strategy": "Sorted",
                                  "Partial Mode": "Partial",
                                  "Parent Relationship": "Outer",
                                  "Parallel Aware": false,
                                  "Async Capable": false,
                                  "Startup Cost": 783596.27,
                                  "Total Cost": 783600.92,
                                  "Plan Rows": 51,
                                  "Plan Width": 113,
                                  "Group Key": [
                                    "store.s_store_id"
                                  ],
                                  "Plans": [
                                    {
                                      "Node Type": "Sort",
                                      "Parent Relationship": "Outer",
                                      "Parallel Aware": false,
                                      "Async Capable": false,
                                      "Startup Cost": 783596.27,
                                      "Total Cost": 783596.9,
                                      "Plan Rows": 250,
                                      "Plan Width": 41,
                                      "Sort Key": [
                                        "store.s_store_id"
                                      ],
                                      "Plans": [
                                        {
                                          "Node Type": "Hash Join",
                                          "Parent Relationship": "Outer",
                                          "Parallel Aware": false,
                                          "Async Capable": false,
                                          "Join Type": "Inner",
                                          "Startup Cost": 94489.35,
                                          "Total Cost": 783586.32,
                                          "Plan Rows": 250,
                                          "Plan Width": 41,
                                          "Inner Unique": false,
                                          "Hash Cond": "(store_sales.ss_store_sk = store.s_store_sk)",
                                          "Plans": [
                                            {
                                              "Node Type": "Hash Join",
                                              "Parent Relationship": "Outer",
                                              "Parallel Aware": false,
                                              "Async Capable": false,
                                              "Join Type": "Inner",
                                              "Startup Cost": 94482.05,
                                              "Total Cost": 783575.54,
                                              "Plan Rows": 262,
                                              "Plan Width": 28,
                                              "Inner Unique": false,
                                              "Hash Cond": "(store_sales.ss_promo_sk = promotion.p_promo_sk)",
                                              "Plans": [
                                                {
                                                  "Node Type": "Hash Join",
                                                  "Parent Relationship": "Outer",
                                                  "Parallel Aware": true,
                                                  "Async Capable": false,
                                                  "Join Type": "Inner",
                                                  "Startup Cost": 94456.65,
                                                  "Total Cost": 783546.47,
                                                  "Plan Rows": 279,
                                                  "Plan Width": 32,
                                                  "Inner Unique": false,
                                                  "Hash Cond": "(store_sales.ss_item_sk = item.i_item_sk)",
                                                  "Plans": [
                                                    {
                                                      "Node Type": "Hash Join",
                                                      "Parent Relationship": "Outer",
                                                      "Parallel Aware": true,
                                                      "Async Capable": false,
                                                      "Join Type": "Left",
                                                      "Startup Cost": 86930.88,
                                                      "Total Cost": 776001.31,
                                                      "Plan Rows": 4860,
                                                      "Plan Width": 36,
                                                      "Inner Unique": false,
                                                      "Hash Cond": "((store_sales.ss_item_sk = store_returns.sr_item_sk) AND (store_sales.ss_ticket_number = store_returns.sr_ticket_number))",
                                                      "Plans": [
                                                        {
                                                          "Node Type": "Hash Join",
                                                          "Parent Relationship": "Outer",
                                                          "Parallel Aware": true,
                                                          "Async Capable": false,
                                                          "Join Type": "Inner",
                                                          "Startup Cost": 2049.78,
                                                          "Total Cost": 683994.75,
                                                          "Plan Rows": 4860,
                                                          "Plan Width": 28,
                                                          "Inner Unique": false,
                                                          "Hash Cond": "(store_sales.ss_sold_date_sk = date_dim.d_date_sk)",
                                                          "Plans": [
                                                            {
                                                              "Node Type": "Seq Scan",
                                                              "Parent Relationship": "Outer",
                                                              "Parallel Aware": true,
                                                              "Async Capable": false,
                                                              "Relation Name": "store_sales",
                                                              "Alias": "store_sales",
                                                              "Startup Cost": 0.0,
                                                              "Total Cost": 636914.37,
                                                              "Plan Rows": 12000637,
                                                              "Plan Width": 32,
                                                              "parent": 13,
                                                              "ID": 14
                                                            },
                                                            {
                                                              "Node Type": "Hash",
                                                              "Parent Relationship": "Inner",
                                                              "Parallel Aware": true,
                                                              "Async Capable": false,
                                                              "Startup Cost": 2049.55,
                                                              "Total Cost": 2049.55,
                                                              "Plan Rows": 18,
                                                              "Plan Width": 4,
                                                              "Plans": [
                                                                {
                                                                  "Node Type": "Seq Scan",
                                                                  "Parent Relationship": "Outer",
                                                                  "Parallel Aware": true,
                                                                  "Async Capable": false,
                                                                  "Relation Name": "date_dim",
                                                                  "Alias": "date_dim",
                                                                  "Startup Cost": 0.0,
                                                                  "Total Cost": 2049.55,
                                                                  "Plan Rows": 18,
                                                                  "Plan Width": 4,
                                                                  "Filter": "((d_date >= '2000-08-25'::date) AND (d_date <= '2000-09-24 00:00:00'::timestamp without time zone))",
                                                                  "parent": 15,
                                                                  "ID": 16
                                                                }
                                                              ],
                                                              "parent": 13,
                                                              "ID": 15,
                                                              "left": 16
                                                            }
                                                          ],
                                                          "parent": 12,
                                                          "ID": 13,
                                                          "left": 14,
                                                          "right": 15
                                                        },
                                                        {
                                                          "Node Type": "Hash",
                                                          "Parent Relationship": "Inner",
                                                          "Parallel Aware": true,
                                                          "Async Capable": false,
                                                          "Startup Cost": 59887.64,
                                                          "Total Cost": 59887.64,
                                                          "Plan Rows": 1198164,
                                                          "Plan Width": 20,
                                                          "Plans": [
                                                            {
                                                              "Node Type": "Seq Scan",
                                                              "Parent Relationship": "Outer",
                                                              "Parallel Aware": true,
                                                              "Async Capable": false,
                                                              "Relation Name": "store_returns",
                                                              "Alias": "store_returns",
                                                              "Startup Cost": 0.0,
                                                              "Total Cost": 59887.64,
                                                              "Plan Rows": 1198164,
                                                              "Plan Width": 20,
                                                              "parent": 17,
                                                              "ID": 18
                                                            }
                                                          ],
                                                          "parent": 12,
                                                          "ID": 17,
                                                          "left": 18
                                                        }
                                                      ],
                                                      "parent": 11,
                                                      "ID": 12,
                                                      "left": 13,
                                                      "right": 17
                                                    },
                                                    {
                                                      "Node Type": "Hash",
                                                      "Parent Relationship": "Inner",
                                                      "Parallel Aware": true,
                                                      "Async Capable": false,
                                                      "Startup Cost": 7495.25,
                                                      "Total Cost": 7495.25,
                                                      "Plan Rows": 2442,
                                                      "Plan Width": 4,
                                                      "Plans": [
                                                        {
                                                          "Node Type": "Seq Scan",
                                                          "Parent Relationship": "Outer",
                                                          "Parallel Aware": true,
                                                          "Async Capable": false,
                                                          "Relation Name": "item",
                                                          "Alias": "item",
                                                          "Startup Cost": 0.0,
                                                          "Total Cost": 7495.25,
                                                          "Plan Rows": 2442,
                                                          "Plan Width": 4,
                                                          "Filter": "(i_current_price > '50'::numeric)",
                                                          "parent": 19,
                                                          "ID": 20
                                                        }
                                                      ],
                                                      "parent": 11,
                                                      "ID": 19,
                                                      "left": 20
                                                    }
                                                  ],
                                                  "parent": 10,
                                                  "ID": 11,
                                                  "left": 12,
                                                  "right": 19
                                                },
                                                {
                                                  "Node Type": "Hash",
                                                  "Parent Relationship": "Inner",
                                                  "Parallel Aware": false,
                                                  "Async Capable": false,
                                                  "Startup Cost": 19.25,
                                                  "Total Cost": 19.25,
                                                  "Plan Rows": 492,
                                                  "Plan Width": 4,
                                                  "Plans": [
                                                    {
                                                      "Node Type": "Seq Scan",
                                                      "Parent Relationship": "Outer",
                                                      "Parallel Aware": false,
                                                      "Async Capable": false,
                                                      "Relation Name": "promotion",
                                                      "Alias": "promotion",
                                                      "Startup Cost": 0.0,
                                                      "Total Cost": 19.25,
                                                      "Plan Rows": 492,
                                                      "Plan Width": 4,
                                                      "Filter": "(p_channel_tv = 'N'::bpchar)",
                                                      "parent": 21,
                                                      "ID": 22
                                                    }
                                                  ],
                                                  "parent": 10,
                                                  "ID": 21,
                                                  "left": 22
                                                }
                                              ],
                                              "parent": 9,
                                              "ID": 10,
                                              "left": 11,
                                              "right": 21
                                            },
                                            {
                                              "Node Type": "Hash",
                                              "Parent Relationship": "Inner",
                                              "Parallel Aware": false,
                                              "Async Capable": false,
                                              "Startup Cost": 6.02,
                                              "Total Cost": 6.02,
                                              "Plan Rows": 102,
                                              "Plan Width": 21,
                                              "Plans": [
                                                {
                                                  "Node Type": "Seq Scan",
                                                  "Parent Relationship": "Outer",
                                                  "Parallel Aware": false,
                                                  "Async Capable": false,
                                                  "Relation Name": "store",
                                                  "Alias": "store",
                                                  "Startup Cost": 0.0,
                                                  "Total Cost": 6.02,
                                                  "Plan Rows": 102,
                                                  "Plan Width": 21,
                                                  "parent": 23,
                                                  "ID": 24
                                                }
                                              ],
                                              "parent": 9,
                                              "ID": 23,
                                              "left": 24
                                            }
                                          ],
                                          "parent": 8,
                                          "ID": 9,
                                          "left": 10,
                                          "right": 23
                                        }
                                      ],
                                      "parent": 7,
                                      "ID": 8,
                                      "left": 9
                                    }
                                  ],
                                  "parent": 6,
                                  "ID": 7,
                                  "left": 8
                                }
                              ],
                              "parent": 5,
                              "ID": 6,
                              "left": 7
                            }
                          ],
                          "parent": 4,
                          "ID": 5,
                          "left": 6
                        }
                      ],
                      "parent": 3,
                      "ID": 4,
                      "left": 5
                    },
                    {
                      "Node Type": "Subquery Scan",
                      "Parent Relationship": "Member",
                      "Parallel Aware": false,
                      "Async Capable": false,
                      "Alias": "csr",
                      "Startup Cost": 518177.36,
                      "Total Cost": 518230.78,
                      "Plan Rows": 340,
                      "Plan Width": 160,
                      "Plans": [
                        {
                          "Node Type": "Aggregate",
                          "Strategy": "Sorted",
                          "Partial Mode": "Finalize",
                          "Parent Relationship": "Subquery",
                          "Parallel Aware": false,
                          "Async Capable": false,
                          "Startup Cost": 518177.36,
                          "Total Cost": 518225.68,
                          "Plan Rows": 340,
                          "Plan Width": 113,
                          "Group Key": [
                            "catalog_page.cp_catalog_page_id"
                          ],
                          "Plans": [
                            {
                              "Node Type": "Gather Merge",
                              "Parent Relationship": "Outer",
                              "Parallel Aware": false,
                              "Async Capable": false,
                              "Startup Cost": 518177.36,
                              "Total Cost": 518214.76,
                              "Plan Rows": 284,
                              "Plan Width": 113,
                              "Workers Planned": 2,
                              "Plans": [
                                {
                                  "Node Type": "Aggregate",
                                  "Strategy": "Sorted",
                                  "Partial Mode": "Partial",
                                  "Parent Relationship": "Outer",
                                  "Parallel Aware": false,
                                  "Async Capable": false,
                                  "Startup Cost": 517177.34,
                                  "Total Cost": 517181.95,
                                  "Plan Rows": 142,
                                  "Plan Width": 113,
                                  "Group Key": [
                                    "catalog_page.cp_catalog_page_id"
                                  ],
                                  "Plans": [
                                    {
                                      "Node Type": "Sort",
                                      "Parent Relationship": "Outer",
                                      "Parallel Aware": false,
                                      "Async Capable": false,
                                      "Startup Cost": 517177.34,
                                      "Total Cost": 517177.69,
                                      "Plan Rows": 142,
                                      "Plan Width": 41,
                                      "Sort Key": [
                                        "catalog_page.cp_catalog_page_id"
                                      ],
                                      "Plans": [
                                        {
                                          "Node Type": "Hash Join",
                                          "Parent Relationship": "Outer",
                                          "Parallel Aware": false,
                                          "Async Capable": false,
                                          "Join Type": "Inner",
                                          "Startup Cost": 57382.33,
                                          "Total Cost": 517172.26,
                                          "Plan Rows": 142,
                                          "Plan Width": 41,
                                          "Inner Unique": false,
                                          "Hash Cond": "(catalog_sales.cs_catalog_page_sk = catalog_page.cp_catalog_page_sk)",
                                          "Plans": [
                                            {
                                              "Node Type": "Hash Join",
                                              "Parent Relationship": "Outer",
                                              "Parallel Aware": false,
                                              "Async Capable": false,
                                              "Join Type": "Inner",
                                              "Startup Cost": 56864.33,
                                              "Total Cost": 516652.32,
                                              "Plan Rows": 142,
                                              "Plan Width": 28,
                                              "Inner Unique": false,
                                              "Hash Cond": "(catalog_sales.cs_promo_sk = promotion_1.p_promo_sk)",
                                              "Plans": [
                                                {
                                                  "Node Type": "Hash Join",
                                                  "Parent Relationship": "Outer",
                                                  "Parallel Aware": true,
                                                  "Async Capable": false,
                                                  "Join Type": "Inner",
                                                  "Startup Cost": 56838.93,
                                                  "Total Cost": 516624.96,
                                                  "Plan Rows": 145,
                                                  "Plan Width": 32,
                                                  "Inner Unique": false,
                                                  "Hash Cond": "(catalog_sales.cs_item_sk = item_1.i_item_sk)",
                                                  "Plans": [
                                                    {
                                                      "Node Type": "Hash Join",
                                                      "Parent Relationship": "Outer",
                                                      "Parallel Aware": true,
                                                      "Async Capable": false,
                                                      "Join Type": "Left",
                                                      "Startup Cost": 49313.15,
                                                      "Total Cost": 509089.08,
                                                      "Plan Rows": 2532,
                                                      "Plan Width": 36,
                                                      "Inner Unique": false,
                                                      "Hash Cond": "((catalog_sales.cs_item_sk = catalog_returns.cr_item_sk) AND (catalog_sales.cs_order_number = catalog_returns.cr_order_number))",
                                                      "Plans": [
                                                        {
                                                          "Node Type": "Hash Join",
                                                          "Parent Relationship": "Outer",
                                                          "Parallel Aware": true,
                                                          "Async Capable": false,
                                                          "Join Type": "Inner",
                                                          "Startup Cost": 2049.78,
                                                          "Total Cost": 458254.7,
                                                          "Plan Rows": 2532,
                                                          "Plan Width": 28,
                                                          "Inner Unique": false,
                                                          "Hash Cond": "(catalog_sales.cs_sold_date_sk = date_dim_1.d_date_sk)",
                                                          "Plans": [
                                                            {
                                                              "Node Type": "Seq Scan",
                                                              "Parent Relationship": "Outer",
                                                              "Parallel Aware": true,
                                                              "Async Capable": false,
                                                              "Relation Name": "catalog_sales",
                                                              "Alias": "catalog_sales",
                                                              "Startup Cost": 0.0,
                                                              "Total Cost": 433688.25,
                                                              "Plan Rows": 6000525,
                                                              "Plan Width": 32,
                                                              "parent": 34,
                                                              "ID": 35
                                                            },
                                                            {
                                                              "Node Type": "Hash",
                                                              "Parent Relationship": "Inner",
                                                              "Parallel Aware": true,
                                                              "Async Capable": false,
                                                              "Startup Cost": 2049.55,
                                                              "Total Cost": 2049.55,
                                                              "Plan Rows": 18,
                                                              "Plan Width": 4,
                                                              "Plans": [
                                                                {
                                                                  "Node Type": "Seq Scan",
                                                                  "Parent Relationship": "Outer",
                                                                  "Parallel Aware": true,
                                                                  "Async Capable": false,
                                                                  "Relation Name": "date_dim",
                                                                  "Alias": "date_dim_1",
                                                                  "Startup Cost": 0.0,
                                                                  "Total Cost": 2049.55,
                                                                  "Plan Rows": 18,
                                                                  "Plan Width": 4,
                                                                  "Filter": "((d_date >= '2000-08-25'::date) AND (d_date <= '2000-09-24 00:00:00'::timestamp without time zone))",
                                                                  "parent": 36,
                                                                  "ID": 37
                                                                }
                                                              ],
                                                              "parent": 34,
                                                              "ID": 36,
                                                              "left": 37
                                                            }
                                                          ],
                                                          "parent": 33,
                                                          "ID": 34,
                                                          "left": 35,
                                                          "right": 36
                                                        },
                                                        {
                                                          "Node Type": "Hash",
                                                          "Parent Relationship": "Inner",
                                                          "Parallel Aware": true,
                                                          "Async Capable": false,
                                                          "Startup Cost": 34748.95,
                                                          "Total Cost": 34748.95,
                                                          "Plan Rows": 599895,
                                                          "Plan Width": 20,
                                                          "Plans": [
                                                            {
                                                              "Node Type": "Seq Scan",
                                                              "Parent Relationship": "Outer",
                                                              "Parallel Aware": true,
                                                              "Async Capable": false,
                                                              "Relation Name": "catalog_returns",
                                                              "Alias": "catalog_returns",
                                                              "Startup Cost": 0.0,
                                                              "Total Cost": 34748.95,
                                                              "Plan Rows": 599895,
                                                              "Plan Width": 20,
                                                              "parent": 38,
                                                              "ID": 39
                                                            }
                                                          ],
                                                          "parent": 33,
                                                          "ID": 38,
                                                          "left": 39
                                                        }
                                                      ],
                                                      "parent": 32,
                                                      "ID": 33,
                                                      "left": 34,
                                                      "right": 38
                                                    },
                                                    {
                                                      "Node Type": "Hash",
                                                      "Parent Relationship": "Inner",
                                                      "Parallel Aware": true,
                                                      "Async Capable": false,
                                                      "Startup Cost": 7495.25,
                                                      "Total Cost": 7495.25,
                                                      "Plan Rows": 2442,
                                                      "Plan Width": 4,
                                                      "Plans": [
                                                        {
                                                          "Node Type": "Seq Scan",
                                                          "Parent Relationship": "Outer",
                                                          "Parallel Aware": true,
                                                          "Async Capable": false,
                                                          "Relation Name": "item",
                                                          "Alias": "item_1",
                                                          "Startup Cost": 0.0,
                                                          "Total Cost": 7495.25,
                                                          "Plan Rows": 2442,
                                                          "Plan Width": 4,
                                                          "Filter": "(i_current_price > '50'::numeric)",
                                                          "parent": 40,
                                                          "ID": 41
                                                        }
                                                      ],
                                                      "parent": 32,
                                                      "ID": 40,
                                                      "left": 41
                                                    }
                                                  ],
                                                  "parent": 31,
                                                  "ID": 32,
                                                  "left": 33,
                                                  "right": 40
                                                },
                                                {
                                                  "Node Type": "Hash",
                                                  "Parent Relationship": "Inner",
                                                  "Parallel Aware": false,
                                                  "Async Capable": false,
                                                  "Startup Cost": 19.25,
                                                  "Total Cost": 19.25,
                                                  "Plan Rows": 492,
                                                  "Plan Width": 4,
                                                  "Plans": [
                                                    {
                                                      "Node Type": "Seq Scan",
                                                      "Parent Relationship": "Outer",
                                                      "Parallel Aware": false,
                                                      "Async Capable": false,
                                                      "Relation Name": "promotion",
                                                      "Alias": "promotion_1",
                                                      "Startup Cost": 0.0,
                                                      "Total Cost": 19.25,
                                                      "Plan Rows": 492,
                                                      "Plan Width": 4,
                                                      "Filter": "(p_channel_tv = 'N'::bpchar)",
                                                      "parent": 42,
                                                      "ID": 43
                                                    }
                                                  ],
                                                  "parent": 31,
                                                  "ID": 42,
                                                  "left": 43
                                                }
                                              ],
                                              "parent": 30,
                                              "ID": 31,
                                              "left": 32,
                                              "right": 42
                                            },
                                            {
                                              "Node Type": "Hash",
                                              "Parent Relationship": "Inner",
                                              "Parallel Aware": false,
                                              "Async Capable": false,
                                              "Startup Cost": 368.0,
                                              "Total Cost": 368.0,
                                              "Plan Rows": 12000,
                                              "Plan Width": 21,
                                              "Plans": [
                                                {
                                                  "Node Type": "Seq Scan",
                                                  "Parent Relationship": "Outer",
                                                  "Parallel Aware": false,
                                                  "Async Capable": false,
                                                  "Relation Name": "catalog_page",
                                                  "Alias": "catalog_page",
                                                  "Startup Cost": 0.0,
                                                  "Total Cost": 368.0,
                                                  "Plan Rows": 12000,
                                                  "Plan Width": 21,
                                                  "parent": 44,
                                                  "ID": 45
                                                }
                                              ],
                                              "parent": 30,
                                              "ID": 44,
                                              "left": 45
                                            }
                                          ],
                                          "parent": 29,
                                          "ID": 30,
                                          "left": 31,
                                          "right": 44
                                        }
                                      ],
                                      "parent": 28,
                                      "ID": 29,
                                      "left": 30
                                    }
                                  ],
                                  "parent": 27,
                                  "ID": 28,
                                  "left": 29
                                }
                              ],
                              "parent": 26,
                              "ID": 27,
                              "left": 28
                            }
                          ],
                          "parent": 25,
                          "ID": 26,
                          "left": 27
                        }
                      ],
                      "parent": 3,
                      "ID": 25,
                      "left": 26
                    },
                    {
                      "Node Type": "Subquery Scan",
                      "Parent Relationship": "Member",
                      "Parallel Aware": false,
                      "Async Capable": false,
                      "Alias": "wsr",
                      "Startup Cost": 263919.04,
                      "Total Cost": 263926.75,
                      "Plan Rows": 21,
                      "Plan Width": 160,
                      "Plans": [
                        {
                          "Node Type": "Aggregate",
                          "Strategy": "Sorted",
                          "Partial Mode": "Finalize",
                          "Parent Relationship": "Subquery",
                          "Parallel Aware": false,
                          "Async Capable": false,
                          "Startup Cost": 263919.04,
                          "Total Cost": 263926.43,
                          "Plan Rows": 21,
                          "Plan Width": 113,
                          "Group Key": [
                            "web_site.web_site_id"
                          ],
                          "Plans": [
                            {
                              "Node Type": "Gather Merge",
                              "Parent Relationship": "Outer",
                              "Parallel Aware": false,
                              "Async Capable": false,
                              "Startup Cost": 263919.04,
                              "Total Cost": 263925.33,
                              "Plan Rows": 42,
                              "Plan Width": 113,
                              "Workers Planned": 2,
                              "Plans": [
                                {
                                  "Node Type": "Aggregate",
                                  "Strategy": "Sorted",
                                  "Partial Mode": "Partial",
                                  "Parent Relationship": "Outer",
                                  "Parallel Aware": false,
                                  "Async Capable": false,
                                  "Startup Cost": 262919.01,
                                  "Total Cost": 262920.46,
                                  "Plan Rows": 21,
                                  "Plan Width": 113,
                                  "Group Key": [
                                    "web_site.web_site_id"
                                  ],
                                  "Plans": [
                                    {
                                      "Node Type": "Sort",
                                      "Parent Relationship": "Outer",
                                      "Parallel Aware": false,
                                      "Async Capable": false,
                                      "Startup Cost": 262919.01,
                                      "Total Cost": 262919.19,
                                      "Plan Rows": 72,
                                      "Plan Width": 41,
                                      "Sort Key": [
                                        "web_site.web_site_id"
                                      ],
                                      "Plans": [
                                        {
                                          "Node Type": "Hash Join",
                                          "Parent Relationship": "Outer",
                                          "Parallel Aware": false,
                                          "Async Capable": false,
                                          "Join Type": "Inner",
                                          "Startup Cost": 32134.74,
                                          "Total Cost": 262916.79,
                                          "Plan Rows": 72,
                                          "Plan Width": 41,
                                          "Inner Unique": false,
                                          "Hash Cond": "(web_sales.ws_web_site_sk = web_site.web_site_sk)",
                                          "Plans": [
                                            {
                                              "Node Type": "Hash Join",
                                              "Parent Relationship": "Outer",
                                              "Parallel Aware": false,
                                              "Async Capable": false,
                                              "Join Type": "Inner",
                                              "Startup Cost": 32130.8,
                                              "Total Cost": 262911.86,
                                              "Plan Rows": 72,
                                              "Plan Width": 28,
                                              "Inner Unique": false,
                                              "Hash Cond": "(web_sales.ws_promo_sk = promotion_2.p_promo_sk)",
                                              "Plans": [
                                                {
                                                  "Node Type": "Hash Join",
                                                  "Parent Relationship": "Outer",
                                                  "Parallel Aware": true,
                                                  "Async Capable": false,
                                                  "Join Type": "Inner",
                                                  "Startup Cost": 32105.4,
                                                  "Total Cost": 262885.46,
                                                  "Plan Rows": 73,
                                                  "Plan Width": 32,
                                                  "Inner Unique": false,
                                                  "Hash Cond": "(web_sales.ws_item_sk = item_2.i_item_sk)",
                                                  "Plans": [
                                                    {
                                                      "Node Type": "Hash Join",
                                                      "Parent Relationship": "Outer",
                                                      "Parallel Aware": true,
                                                      "Async Capable": false,
                                                      "Join Type": "Left",
                                                      "Startup Cost": 24579.62,
                                                      "Total Cost": 255354.62,
                                                      "Plan Rows": 1272,
                                                      "Plan Width": 36,
                                                      "Inner Unique": false,
                                                      "Hash Cond": "((web_sales.ws_item_sk = web_returns.wr_item_sk) AND (web_sales.ws_order_number = web_returns.wr_order_number))",
                                                      "Plans": [
                                                        {
                                                          "Node Type": "Hash Join",
                                                          "Parent Relationship": "Outer",
                                                          "Parallel Aware": true,
                                                          "Async Capable": false,
                                                          "Join Type": "Inner",
                                                          "Startup Cost": 2049.78,
                                                          "Total Cost": 231041.22,
                                                          "Plan Rows": 1272,
                                                          "Plan Width": 28,
                                                          "Inner Unique": false,
                                                          "Hash Cond": "(web_sales.ws_sold_date_sk = date_dim_2.d_date_sk)",
                                                          "Plans": [
                                                            {
                                                              "Node Type": "Seq Scan",
                                                              "Parent Relationship": "Outer",
                                                              "Parallel Aware": true,
                                                              "Async Capable": false,
                                                              "Relation Name": "web_sales",
                                                              "Alias": "web_sales",
                                                              "Startup Cost": 0.0,
                                                              "Total Cost": 217737.86,
                                                              "Plan Rows": 2998986,
                                                              "Plan Width": 32,
                                                              "parent": 55,
                                                              "ID": 56
                                                            },
                                                            {
                                                              "Node Type": "Hash",
                                                              "Parent Relationship": "Inner",
                                                              "Parallel Aware": true,
                                                              "Async Capable": false,
                                                              "Startup Cost": 2049.55,
                                                              "Total Cost": 2049.55,
                                                              "Plan Rows": 18,
                                                              "Plan Width": 4,
                                                              "Plans": [
                                                                {
                                                                  "Node Type": "Seq Scan",
                                                                  "Parent Relationship": "Outer",
                                                                  "Parallel Aware": true,
                                                                  "Async Capable": false,
                                                                  "Relation Name": "date_dim",
                                                                  "Alias": "date_dim_2",
                                                                  "Startup Cost": 0.0,
                                                                  "Total Cost": 2049.55,
                                                                  "Plan Rows": 18,
                                                                  "Plan Width": 4,
                                                                  "Filter": "((d_date >= '2000-08-25'::date) AND (d_date <= '2000-09-24 00:00:00'::timestamp without time zone))",
                                                                  "parent": 57,
                                                                  "ID": 58
                                                                }
                                                              ],
                                                              "parent": 55,
                                                              "ID": 57,
                                                              "left": 58
                                                            }
                                                          ],
                                                          "parent": 54,
                                                          "ID": 55,
                                                          "left": 56,
                                                          "right": 57
                                                        },
                                                        {
                                                          "Node Type": "Hash",
                                                          "Parent Relationship": "Inner",
                                                          "Parallel Aware": true,
                                                          "Async Capable": false,
                                                          "Startup Cost": 16278.74,
                                                          "Total Cost": 16278.74,
                                                          "Plan Rows": 299674,
                                                          "Plan Width": 20,
                                                          "Plans": [
                                                            {
                                                              "Node Type": "Seq Scan",
                                                              "Parent Relationship": "Outer",
                                                              "Parallel Aware": true,
                                                              "Async Capable": false,
                                                              "Relation Name": "web_returns",
                                                              "Alias": "web_returns",
                                                              "Startup Cost": 0.0,
                                                              "Total Cost": 16278.74,
                                                              "Plan Rows": 299674,
                                                              "Plan Width": 20,
                                                              "parent": 59,
                                                              "ID": 60
                                                            }
                                                          ],
                                                          "parent": 54,
                                                          "ID": 59,
                                                          "left": 60
                                                        }
                                                      ],
                                                      "parent": 53,
                                                      "ID": 54,
                                                      "left": 55,
                                                      "right": 59
                                                    },
                                                    {
                                                      "Node Type": "Hash",
                                                      "Parent Relationship": "Inner",
                                                      "Parallel Aware": true,
                                                      "Async Capable": false,
                                                      "Startup Cost": 7495.25,
                                                      "Total Cost": 7495.25,
                                                      "Plan Rows": 2442,
                                                      "Plan Width": 4,
                                                      "Plans": [
                                                        {
                                                          "Node Type": "Seq Scan",
                                                          "Parent Relationship": "Outer",
                                                          "Parallel Aware": true,
                                                          "Async Capable": false,
                                                          "Relation Name": "item",
                                                          "Alias": "item_2",
                                                          "Startup Cost": 0.0,
                                                          "Total Cost": 7495.25,
                                                          "Plan Rows": 2442,
                                                          "Plan Width": 4,
                                                          "Filter": "(i_current_price > '50'::numeric)",
                                                          "parent": 61,
                                                          "ID": 62
                                                        }
                                                      ],
                                                      "parent": 53,
                                                      "ID": 61,
                                                      "left": 62
                                                    }
                                                  ],
                                                  "parent": 52,
                                                  "ID": 53,
                                                  "left": 54,
                                                  "right": 61
                                                },
                                                {
                                                  "Node Type": "Hash",
                                                  "Parent Relationship": "Inner",
                                                  "Parallel Aware": false,
                                                  "Async Capable": false,
                                                  "Startup Cost": 19.25,
                                                  "Total Cost": 19.25,
                                                  "Plan Rows": 492,
                                                  "Plan Width": 4,
                                                  "Plans": [
                                                    {
                                                      "Node Type": "Seq Scan",
                                                      "Parent Relationship": "Outer",
                                                      "Parallel Aware": false,
                                                      "Async Capable": false,
                                                      "Relation Name": "promotion",
                                                      "Alias": "promotion_2",
                                                      "Startup Cost": 0.0,
                                                      "Total Cost": 19.25,
                                                      "Plan Rows": 492,
                                                      "Plan Width": 4,
                                                      "Filter": "(p_channel_tv = 'N'::bpchar)",
                                                      "parent": 63,
                                                      "ID": 64
                                                    }
                                                  ],
                                                  "parent": 52,
                                                  "ID": 63,
                                                  "left": 64
                                                }
                                              ],
                                              "parent": 51,
                                              "ID": 52,
                                              "left": 53,
                                              "right": 63
                                            },
                                            {
                                              "Node Type": "Hash",
                                              "Parent Relationship": "Inner",
                                              "Parallel Aware": false,
                                              "Async Capable": false,
                                              "Startup Cost": 3.42,
                                              "Total Cost": 3.42,
                                              "Plan Rows": 42,
                                              "Plan Width": 21,
                                              "Plans": [
                                                {
                                                  "Node Type": "Seq Scan",
                                                  "Parent Relationship": "Outer",
                                                  "Parallel Aware": false,
                                                  "Async Capable": false,
                                                  "Relation Name": "web_site",
                                                  "Alias": "web_site",
                                                  "Startup Cost": 0.0,
                                                  "Total Cost": 3.42,
                                                  "Plan Rows": 42,
                                                  "Plan Width": 21,
                                                  "parent": 65,
                                                  "ID": 66
                                                }
                                              ],
                                              "parent": 51,
                                              "ID": 65,
                                              "left": 66
                                            }
                                          ],
                                          "parent": 50,
                                          "ID": 51,
                                          "left": 52,
                                          "right": 65
                                        }
                                      ],
                                      "parent": 49,
                                      "ID": 50,
                                      "left": 51
                                    }
                                  ],
                                  "parent": 48,
                                  "ID": 49,
                                  "left": 50
                                }
                              ],
                              "parent": 47,
                              "ID": 48,
                              "left": 49
                            }
                          ],
                          "parent": 46,
                          "ID": 47,
                          "left": 48
                        }
                      ],
                      "parent": 3,
                      "ID": 46,
                      "left": 47
                    }
                  ],
                  "parent": 2,
                  "ID": 3,
                  "left": 4,
                  "right": 25
                }
              ],
              "parent": 1,
              "ID": 2,
              "left": 3
            }
          ],
          "parent": 0,
          "ID": 1,
          "left": 2
        }
      ],
      "parent": null,
      "ID": 0,
      "left": 1
    },
    "feat": {
      "utility": 2.162871109418248e-06,
      "query_shape": [
        [
          "Seq Scan",
          "Hash Join",
          "Sort",
          "Aggregate",
          "Gather Merge",
          "Subquery Scan",
          "Append"
        ],
        [
          "Seq Scan",
          "Hash",
          "Hash Join",
          "Sort",
          "Aggregate",
          "Gather Merge",
          "Subquery Scan",
          "Append"
        ],
        [
          "Seq Scan",
          "Hash",
          "Hash Join",
          "Sort",
          "Aggregate",
          "Gather Merge",
          "Subquery Scan",
          "Append"
        ],
        [
          "Seq Scan",
          "Hash",
          "Hash Join",
          "Sort",
          "Aggregate",
          "Gather Merge",
          "Subquery Scan",
          "Append"
        ],
        [
          "Seq Scan",
          "Hash",
          "Hash Join",
          "Sort",
          "Aggregate",
          "Gather Merge",
          "Subquery Scan",
          "Append"
        ],
        [
          "Seq Scan",
          "Hash",
          "Hash Join",
          "Sort",
          "Aggregate",
          "Gather Merge",
          "Subquery Scan",
          "Append"
        ],
        [
          "Seq Scan",
          "Hash Join",
          "Sort",
          "Aggregate",
          "Gather Merge",
          "Subquery Scan",
          "Append"
        ],
        [
          "Seq Scan",
          "Hash",
          "Hash Join",
          "Sort",
          "Aggregate",
          "Gather Merge",
          "Subquery Scan",
          "Append"
        ],
        [
          "Seq Scan",
          "Hash",
          "Hash Join",
          "Sort",
          "Aggregate",
          "Gather Merge",
          "Subquery Scan",
          "Append"
        ],
        [
          "Seq Scan",
          "Hash",
          "Hash Join",
          "Sort",
          "Aggregate",
          "Gather Merge",
          "Subquery Scan",
          "Append"
        ],
        [
          "Seq Scan",
          "Hash",
          "Hash Join",
          "Sort",
          "Aggregate",
          "Gather Merge",
          "Subquery Scan",
          "Append"
        ],
        [
          "Seq Scan",
          "Hash",
          "Hash Join",
          "Sort",
          "Aggregate",
          "Gather Merge",
          "Subquery Scan",
          "Append"
        ],
        [
          "Seq Scan",
          "Hash Join",
          "Sort",
          "Aggregate",
          "Gather Merge",
          "Subquery Scan",
          "Append"
        ],
        [
          "Seq Scan",
          "Hash",
          "Hash Join",
          "Sort",
          "Aggregate",
          "Gather Merge",
          "Subquery Scan",
          "Append"
        ],
        [
          "Seq Scan",
          "Hash",
          "Hash Join",
          "Sort",
          "Aggregate",
          "Gather Merge",
          "Subquery Scan",
          "Append"
        ],
        [
          "Seq Scan",
          "Hash",
          "Hash Join",
          "Sort",
          "Aggregate",
          "Gather Merge",
          "Subquery Scan",
          "Append"
        ],
        [
          "Seq Scan",
          "Hash",
          "Hash Join",
          "Sort",
          "Aggregate",
          "Gather Merge",
          "Subquery Scan",
          "Append"
        ],
        [
          "Seq Scan",
          "Hash",
          "Hash Join",
          "Sort",
          "Aggregate",
          "Gather Merge",
          "Subquery Scan",
          "Append"
        ]
      ],
      "index_shape": [
        "join"
      ],
      "physical_operator": {
        "Hash Join": [
          0.009128709291752768
        ]
      }
    }
  },
  {
    "query": "with ssr as\n (select  s_store_id as store_id,\n          sum(ss_ext_sales_price) as sales,\n          sum(coalesce(sr_return_amt, 0)) as returns,\n          sum(ss_net_profit - coalesce(sr_net_loss, 0)) as profit\n  from store_sales left outer join store_returns on\n         (ss_item_sk = sr_item_sk and ss_ticket_number = sr_ticket_number),\n     date_dim,\n     store,\n     item,\n     promotion\n where ss_sold_date_sk = d_date_sk\n       and d_date between cast('2000-08-25' as date) \n                  and (cast('2000-08-25' as date) +  interval '30 days')\n       and ss_store_sk = s_store_sk\n       and ss_item_sk = i_item_sk\n       and i_current_price > 50\n       and ss_promo_sk = p_promo_sk\n       and p_channel_tv = 'N'\n group by s_store_id)\n ,\n csr as\n (select  cp_catalog_page_id as catalog_page_id,\n          sum(cs_ext_sales_price) as sales,\n          sum(coalesce(cr_return_amount, 0)) as returns,\n          sum(cs_net_profit - coalesce(cr_net_loss, 0)) as profit\n  from catalog_sales left outer join catalog_returns on\n         (cs_item_sk = cr_item_sk and cs_order_number = cr_order_number),\n     date_dim,\n     catalog_page,\n     item,\n     promotion\n where cs_sold_date_sk = d_date_sk\n       and d_date between cast('2000-08-25' as date)\n                  and (cast('2000-08-25' as date) +  interval '30 days')\n        and cs_catalog_page_sk = cp_catalog_page_sk\n       and cs_item_sk = i_item_sk\n       and i_current_price > 50\n       and cs_promo_sk = p_promo_sk\n       and p_channel_tv = 'N'\ngroup by cp_catalog_page_id)\n ,\n wsr as\n (select  web_site_id,\n          sum(ws_ext_sales_price) as sales,\n          sum(coalesce(wr_return_amt, 0)) as returns,\n          sum(ws_net_profit - coalesce(wr_net_loss, 0)) as profit\n  from web_sales left outer join web_returns on\n         (ws_item_sk = wr_item_sk and ws_order_number = wr_order_number),\n     date_dim,\n     web_site,\n     item,\n     promotion\n where ws_sold_date_sk = d_date_sk\n       and d_date between cast('2000-08-25' as date)\n                  and (cast('2000-08-25' as date) +  interval '30 days')\n        and ws_web_site_sk = web_site_sk\n       and ws_item_sk = i_item_sk\n       and i_current_price > 50\n       and ws_promo_sk = p_promo_sk\n       and p_channel_tv = 'N'\ngroup by web_site_id)\n  select  channel\n        , id\n        , sum(sales) as sales\n        , sum(returns) as returns\n        , sum(profit) as profit\n from \n (select 'store channel' as channel\n        , 'store' || store_id as id\n        , sales\n        , returns\n        , profit\n from   ssr\n union all\n select 'catalog channel' as channel\n        , 'catalog_page' || catalog_page_id as id\n        , sales\n        , returns\n        , profit\n from  csr\n union all\n select 'web channel' as channel\n        , 'web_site' || web_site_id as id\n        , sales\n        , returns\n        , profit\n from   wsr\n ) x\n group by rollup (channel, id)\n order by channel\n         ,id\n limit 100;\n\n-- end query 61 in stream 1 using template query80.tpl\n",
    "indexes": "catalog_sales.cs_item_sk",
    "wo plan est": {
      "Node Type": "Limit",
      "Parallel Aware": false,
      "Async Capable": false,
      "Startup Cost": 1566793.64,
      "Total Cost": 1566796.93,
      "Plan Rows": 100,
      "Plan Width": 160,
      "Plans": [
        {
          "Node Type": "Aggregate",
          "Strategy": "Sorted",
          "Partial Mode": "Simple",
          "Parent Relationship": "Outer",
          "Parallel Aware": false,
          "Async Capable": false,
          "Startup Cost": 1566793.64,
          "Total Cost": 1566806.84,
          "Plan Rows": 401,
          "Plan Width": 160,
          "Grouping Sets": [
            {
              "Group Keys": [
                [
                  "('store channel'::text)",
                  "(('store'::text || (ssr.store_id)::text))"
                ],
                [
                  "('store channel'::text)"
                ],
                []
              ]
            }
          ],
          "Plans": [
            {
              "Node Type": "Sort",
              "Parent Relationship": "Outer",
              "Parallel Aware": false,
              "Async Capable": false,
              "Startup Cost": 1566793.64,
              "Total Cost": 1566794.67,
              "Plan Rows": 412,
              "Plan Width": 160,
              "Sort Key": [
                "('store channel'::text)",
                "(('store'::text || (ssr.store_id)::text))"
              ],
              "Plans": [
                {
                  "Node Type": "Append",
                  "Parent Relationship": "Outer",
                  "Parallel Aware": false,
                  "Async Capable": false,
                  "Startup Cost": 784596.3,
                  "Total Cost": 1566775.74,
                  "Plan Rows": 412,
                  "Plan Width": 160,
                  "Subplans Removed": 0,
                  "Plans": [
                    {
                      "Node Type": "Subquery Scan",
                      "Parent Relationship": "Member",
                      "Parallel Aware": false,
                      "Async Capable": false,
                      "Alias": "ssr",
                      "Startup Cost": 784596.3,
                      "Total Cost": 784616.16,
                      "Plan Rows": 51,
                      "Plan Width": 160,
                      "Plans": [
                        {
                          "Node Type": "Aggregate",
                          "Strategy": "Sorted",
                          "Partial Mode": "Finalize",
                          "Parent Relationship": "Subquery",
                          "Parallel Aware": false,
                          "Async Capable": false,
                          "Startup Cost": 784596.3,
                          "Total Cost": 784615.39,
                          "Plan Rows": 51,
                          "Plan Width": 113,
                          "Group Key": [
                            "store.s_store_id"
                          ],
                          "Plans": [
                            {
                              "Node Type": "Gather Merge",
                              "Parent Relationship": "Outer",
                              "Parallel Aware": false,
                              "Async Capable": false,
                              "Startup Cost": 784596.3,
                              "Total Cost": 784612.71,
                              "Plan Rows": 102,
                              "Plan Width": 113,
                              "Workers Planned": 2,
                              "Plans": [
                                {
                                  "Node Type": "Aggregate",
                                  "Strategy": "Sorted",
                                  "Partial Mode": "Partial",
                                  "Parent Relationship": "Outer",
                                  "Parallel Aware": false,
                                  "Async Capable": false,
                                  "Startup Cost": 783596.27,
                                  "Total Cost": 783600.92,
                                  "Plan Rows": 51,
                                  "Plan Width": 113,
                                  "Group Key": [
                                    "store.s_store_id"
                                  ],
                                  "Plans": [
                                    {
                                      "Node Type": "Sort",
                                      "Parent Relationship": "Outer",
                                      "Parallel Aware": false,
                                      "Async Capable": false,
                                      "Startup Cost": 783596.27,
                                      "Total Cost": 783596.9,
                                      "Plan Rows": 250,
                                      "Plan Width": 41,
                                      "Sort Key": [
                                        "store.s_store_id"
                                      ],
                                      "Plans": [
                                        {
                                          "Node Type": "Hash Join",
                                          "Parent Relationship": "Outer",
                                          "Parallel Aware": false,
                                          "Async Capable": false,
                                          "Join Type": "Inner",
                                          "Startup Cost": 94489.35,
                                          "Total Cost": 783586.32,
                                          "Plan Rows": 250,
                                          "Plan Width": 41,
                                          "Inner Unique": false,
                                          "Hash Cond": "(store_sales.ss_store_sk = store.s_store_sk)",
                                          "Plans": [
                                            {
                                              "Node Type": "Hash Join",
                                              "Parent Relationship": "Outer",
                                              "Parallel Aware": false,
                                              "Async Capable": false,
                                              "Join Type": "Inner",
                                              "Startup Cost": 94482.05,
                                              "Total Cost": 783575.54,
                                              "Plan Rows": 262,
                                              "Plan Width": 28,
                                              "Inner Unique": false,
                                              "Hash Cond": "(store_sales.ss_promo_sk = promotion.p_promo_sk)",
                                              "Plans": [
                                                {
                                                  "Node Type": "Hash Join",
                                                  "Parent Relationship": "Outer",
                                                  "Parallel Aware": true,
                                                  "Async Capable": false,
                                                  "Join Type": "Inner",
                                                  "Startup Cost": 94456.65,
                                                  "Total Cost": 783546.47,
                                                  "Plan Rows": 279,
                                                  "Plan Width": 32,
                                                  "Inner Unique": false,
                                                  "Hash Cond": "(store_sales.ss_item_sk = item.i_item_sk)",
                                                  "Plans": [
                                                    {
                                                      "Node Type": "Hash Join",
                                                      "Parent Relationship": "Outer",
                                                      "Parallel Aware": true,
                                                      "Async Capable": false,
                                                      "Join Type": "Left",
                                                      "Startup Cost": 86930.88,
                                                      "Total Cost": 776001.31,
                                                      "Plan Rows": 4860,
                                                      "Plan Width": 36,
                                                      "Inner Unique": false,
                                                      "Hash Cond": "((store_sales.ss_item_sk = store_returns.sr_item_sk) AND (store_sales.ss_ticket_number = store_returns.sr_ticket_number))",
                                                      "Plans": [
                                                        {
                                                          "Node Type": "Hash Join",
                                                          "Parent Relationship": "Outer",
                                                          "Parallel Aware": true,
                                                          "Async Capable": false,
                                                          "Join Type": "Inner",
                                                          "Startup Cost": 2049.78,
                                                          "Total Cost": 683994.75,
                                                          "Plan Rows": 4860,
                                                          "Plan Width": 28,
                                                          "Inner Unique": false,
                                                          "Hash Cond": "(store_sales.ss_sold_date_sk = date_dim.d_date_sk)",
                                                          "Plans": [
                                                            {
                                                              "Node Type": "Seq Scan",
                                                              "Parent Relationship": "Outer",
                                                              "Parallel Aware": true,
                                                              "Async Capable": false,
                                                              "Relation Name": "store_sales",
                                                              "Alias": "store_sales",
                                                              "Startup Cost": 0.0,
                                                              "Total Cost": 636914.37,
                                                              "Plan Rows": 12000637,
                                                              "Plan Width": 32,
                                                              "parent": 13,
                                                              "ID": 14
                                                            },
                                                            {
                                                              "Node Type": "Hash",
                                                              "Parent Relationship": "Inner",
                                                              "Parallel Aware": true,
                                                              "Async Capable": false,
                                                              "Startup Cost": 2049.55,
                                                              "Total Cost": 2049.55,
                                                              "Plan Rows": 18,
                                                              "Plan Width": 4,
                                                              "Plans": [
                                                                {
                                                                  "Node Type": "Seq Scan",
                                                                  "Parent Relationship": "Outer",
                                                                  "Parallel Aware": true,
                                                                  "Async Capable": false,
                                                                  "Relation Name": "date_dim",
                                                                  "Alias": "date_dim",
                                                                  "Startup Cost": 0.0,
                                                                  "Total Cost": 2049.55,
                                                                  "Plan Rows": 18,
                                                                  "Plan Width": 4,
                                                                  "Filter": "((d_date >= '2000-08-25'::date) AND (d_date <= '2000-09-24 00:00:00'::timestamp without time zone))",
                                                                  "parent": 15,
                                                                  "ID": 16
                                                                }
                                                              ],
                                                              "parent": 13,
                                                              "ID": 15,
                                                              "left": 16
                                                            }
                                                          ],
                                                          "parent": 12,
                                                          "ID": 13,
                                                          "left": 14,
                                                          "right": 15
                                                        },
                                                        {
                                                          "Node Type": "Hash",
                                                          "Parent Relationship": "Inner",
                                                          "Parallel Aware": true,
                                                          "Async Capable": false,
                                                          "Startup Cost": 59887.64,
                                                          "Total Cost": 59887.64,
                                                          "Plan Rows": 1198164,
                                                          "Plan Width": 20,
                                                          "Plans": [
                                                            {
                                                              "Node Type": "Seq Scan",
                                                              "Parent Relationship": "Outer",
                                                              "Parallel Aware": true,
                                                              "Async Capable": false,
                                                              "Relation Name": "store_returns",
                                                              "Alias": "store_returns",
                                                              "Startup Cost": 0.0,
                                                              "Total Cost": 59887.64,
                                                              "Plan Rows": 1198164,
                                                              "Plan Width": 20,
                                                              "parent": 17,
                                                              "ID": 18
                                                            }
                                                          ],
                                                          "parent": 12,
                                                          "ID": 17,
                                                          "left": 18
                                                        }
                                                      ],
                                                      "parent": 11,
                                                      "ID": 12,
                                                      "left": 13,
                                                      "right": 17
                                                    },
                                                    {
                                                      "Node Type": "Hash",
                                                      "Parent Relationship": "Inner",
                                                      "Parallel Aware": true,
                                                      "Async Capable": false,
                                                      "Startup Cost": 7495.25,
                                                      "Total Cost": 7495.25,
                                                      "Plan Rows": 2442,
                                                      "Plan Width": 4,
                                                      "Plans": [
                                                        {
                                                          "Node Type": "Seq Scan",
                                                          "Parent Relationship": "Outer",
                                                          "Parallel Aware": true,
                                                          "Async Capable": false,
                                                          "Relation Name": "item",
                                                          "Alias": "item",
                                                          "Startup Cost": 0.0,
                                                          "Total Cost": 7495.25,
                                                          "Plan Rows": 2442,
                                                          "Plan Width": 4,
                                                          "Filter": "(i_current_price > '50'::numeric)",
                                                          "parent": 19,
                                                          "ID": 20
                                                        }
                                                      ],
                                                      "parent": 11,
                                                      "ID": 19,
                                                      "left": 20
                                                    }
                                                  ],
                                                  "parent": 10,
                                                  "ID": 11,
                                                  "left": 12,
                                                  "right": 19
                                                },
                                                {
                                                  "Node Type": "Hash",
                                                  "Parent Relationship": "Inner",
                                                  "Parallel Aware": false,
                                                  "Async Capable": false,
                                                  "Startup Cost": 19.25,
                                                  "Total Cost": 19.25,
                                                  "Plan Rows": 492,
                                                  "Plan Width": 4,
                                                  "Plans": [
                                                    {
                                                      "Node Type": "Seq Scan",
                                                      "Parent Relationship": "Outer",
                                                      "Parallel Aware": false,
                                                      "Async Capable": false,
                                                      "Relation Name": "promotion",
                                                      "Alias": "promotion",
                                                      "Startup Cost": 0.0,
                                                      "Total Cost": 19.25,
                                                      "Plan Rows": 492,
                                                      "Plan Width": 4,
                                                      "Filter": "(p_channel_tv = 'N'::bpchar)",
                                                      "parent": 21,
                                                      "ID": 22
                                                    }
                                                  ],
                                                  "parent": 10,
                                                  "ID": 21,
                                                  "left": 22
                                                }
                                              ],
                                              "parent": 9,
                                              "ID": 10,
                                              "left": 11,
                                              "right": 21
                                            },
                                            {
                                              "Node Type": "Hash",
                                              "Parent Relationship": "Inner",
                                              "Parallel Aware": false,
                                              "Async Capable": false,
                                              "Startup Cost": 6.02,
                                              "Total Cost": 6.02,
                                              "Plan Rows": 102,
                                              "Plan Width": 21,
                                              "Plans": [
                                                {
                                                  "Node Type": "Seq Scan",
                                                  "Parent Relationship": "Outer",
                                                  "Parallel Aware": false,
                                                  "Async Capable": false,
                                                  "Relation Name": "store",
                                                  "Alias": "store",
                                                  "Startup Cost": 0.0,
                                                  "Total Cost": 6.02,
                                                  "Plan Rows": 102,
                                                  "Plan Width": 21,
                                                  "parent": 23,
                                                  "ID": 24
                                                }
                                              ],
                                              "parent": 9,
                                              "ID": 23,
                                              "left": 24
                                            }
                                          ],
                                          "parent": 8,
                                          "ID": 9,
                                          "left": 10,
                                          "right": 23
                                        }
                                      ],
                                      "parent": 7,
                                      "ID": 8,
                                      "left": 9
                                    }
                                  ],
                                  "parent": 6,
                                  "ID": 7,
                                  "left": 8
                                }
                              ],
                              "parent": 5,
                              "ID": 6,
                              "left": 7
                            }
                          ],
                          "parent": 4,
                          "ID": 5,
                          "left": 6
                        }
                      ],
                      "parent": 3,
                      "ID": 4,
                      "left": 5
                    },
                    {
                      "Node Type": "Subquery Scan",
                      "Parent Relationship": "Member",
                      "Parallel Aware": false,
                      "Async Capable": false,
                      "Alias": "csr",
                      "Startup Cost": 518177.36,
                      "Total Cost": 518230.78,
                      "Plan Rows": 340,
                      "Plan Width": 160,
                      "Plans": [
                        {
                          "Node Type": "Aggregate",
                          "Strategy": "Sorted",
                          "Partial Mode": "Finalize",
                          "Parent Relationship": "Subquery",
                          "Parallel Aware": false,
                          "Async Capable": false,
                          "Startup Cost": 518177.36,
                          "Total Cost": 518225.68,
                          "Plan Rows": 340,
                          "Plan Width": 113,
                          "Group Key": [
                            "catalog_page.cp_catalog_page_id"
                          ],
                          "Plans": [
                            {
                              "Node Type": "Gather Merge",
                              "Parent Relationship": "Outer",
                              "Parallel Aware": false,
                              "Async Capable": false,
                              "Startup Cost": 518177.36,
                              "Total Cost": 518214.76,
                              "Plan Rows": 284,
                              "Plan Width": 113,
                              "Workers Planned": 2,
                              "Plans": [
                                {
                                  "Node Type": "Aggregate",
                                  "Strategy": "Sorted",
                                  "Partial Mode": "Partial",
                                  "Parent Relationship": "Outer",
                                  "Parallel Aware": false,
                                  "Async Capable": false,
                                  "Startup Cost": 517177.34,
                                  "Total Cost": 517181.95,
                                  "Plan Rows": 142,
                                  "Plan Width": 113,
                                  "Group Key": [
                                    "catalog_page.cp_catalog_page_id"
                                  ],
                                  "Plans": [
                                    {
                                      "Node Type": "Sort",
                                      "Parent Relationship": "Outer",
                                      "Parallel Aware": false,
                                      "Async Capable": false,
                                      "Startup Cost": 517177.34,
                                      "Total Cost": 517177.69,
                                      "Plan Rows": 142,
                                      "Plan Width": 41,
                                      "Sort Key": [
                                        "catalog_page.cp_catalog_page_id"
                                      ],
                                      "Plans": [
                                        {
                                          "Node Type": "Hash Join",
                                          "Parent Relationship": "Outer",
                                          "Parallel Aware": false,
                                          "Async Capable": false,
                                          "Join Type": "Inner",
                                          "Startup Cost": 57382.33,
                                          "Total Cost": 517172.26,
                                          "Plan Rows": 142,
                                          "Plan Width": 41,
                                          "Inner Unique": false,
                                          "Hash Cond": "(catalog_sales.cs_catalog_page_sk = catalog_page.cp_catalog_page_sk)",
                                          "Plans": [
                                            {
                                              "Node Type": "Hash Join",
                                              "Parent Relationship": "Outer",
                                              "Parallel Aware": false,
                                              "Async Capable": false,
                                              "Join Type": "Inner",
                                              "Startup Cost": 56864.33,
                                              "Total Cost": 516652.32,
                                              "Plan Rows": 142,
                                              "Plan Width": 28,
                                              "Inner Unique": false,
                                              "Hash Cond": "(catalog_sales.cs_promo_sk = promotion_1.p_promo_sk)",
                                              "Plans": [
                                                {
                                                  "Node Type": "Hash Join",
                                                  "Parent Relationship": "Outer",
                                                  "Parallel Aware": true,
                                                  "Async Capable": false,
                                                  "Join Type": "Inner",
                                                  "Startup Cost": 56838.93,
                                                  "Total Cost": 516624.96,
                                                  "Plan Rows": 145,
                                                  "Plan Width": 32,
                                                  "Inner Unique": false,
                                                  "Hash Cond": "(catalog_sales.cs_item_sk = item_1.i_item_sk)",
                                                  "Plans": [
                                                    {
                                                      "Node Type": "Hash Join",
                                                      "Parent Relationship": "Outer",
                                                      "Parallel Aware": true,
                                                      "Async Capable": false,
                                                      "Join Type": "Left",
                                                      "Startup Cost": 49313.15,
                                                      "Total Cost": 509089.08,
                                                      "Plan Rows": 2532,
                                                      "Plan Width": 36,
                                                      "Inner Unique": false,
                                                      "Hash Cond": "((catalog_sales.cs_item_sk = catalog_returns.cr_item_sk) AND (catalog_sales.cs_order_number = catalog_returns.cr_order_number))",
                                                      "Plans": [
                                                        {
                                                          "Node Type": "Hash Join",
                                                          "Parent Relationship": "Outer",
                                                          "Parallel Aware": true,
                                                          "Async Capable": false,
                                                          "Join Type": "Inner",
                                                          "Startup Cost": 2049.78,
                                                          "Total Cost": 458254.7,
                                                          "Plan Rows": 2532,
                                                          "Plan Width": 28,
                                                          "Inner Unique": false,
                                                          "Hash Cond": "(catalog_sales.cs_sold_date_sk = date_dim_1.d_date_sk)",
                                                          "Plans": [
                                                            {
                                                              "Node Type": "Seq Scan",
                                                              "Parent Relationship": "Outer",
                                                              "Parallel Aware": true,
                                                              "Async Capable": false,
                                                              "Relation Name": "catalog_sales",
                                                              "Alias": "catalog_sales",
                                                              "Startup Cost": 0.0,
                                                              "Total Cost": 433688.25,
                                                              "Plan Rows": 6000525,
                                                              "Plan Width": 32,
                                                              "parent": 34,
                                                              "ID": 35
                                                            },
                                                            {
                                                              "Node Type": "Hash",
                                                              "Parent Relationship": "Inner",
                                                              "Parallel Aware": true,
                                                              "Async Capable": false,
                                                              "Startup Cost": 2049.55,
                                                              "Total Cost": 2049.55,
                                                              "Plan Rows": 18,
                                                              "Plan Width": 4,
                                                              "Plans": [
                                                                {
                                                                  "Node Type": "Seq Scan",
                                                                  "Parent Relationship": "Outer",
                                                                  "Parallel Aware": true,
                                                                  "Async Capable": false,
                                                                  "Relation Name": "date_dim",
                                                                  "Alias": "date_dim_1",
                                                                  "Startup Cost": 0.0,
                                                                  "Total Cost": 2049.55,
                                                                  "Plan Rows": 18,
                                                                  "Plan Width": 4,
                                                                  "Filter": "((d_date >= '2000-08-25'::date) AND (d_date <= '2000-09-24 00:00:00'::timestamp without time zone))",
                                                                  "parent": 36,
                                                                  "ID": 37
                                                                }
                                                              ],
                                                              "parent": 34,
                                                              "ID": 36,
                                                              "left": 37
                                                            }
                                                          ],
                                                          "parent": 33,
                                                          "ID": 34,
                                                          "left": 35,
                                                          "right": 36
                                                        },
                                                        {
                                                          "Node Type": "Hash",
                                                          "Parent Relationship": "Inner",
                                                          "Parallel Aware": true,
                                                          "Async Capable": false,
                                                          "Startup Cost": 34748.95,
                                                          "Total Cost": 34748.95,
                                                          "Plan Rows": 599895,
                                                          "Plan Width": 20,
                                                          "Plans": [
                                                            {
                                                              "Node Type": "Seq Scan",
                                                              "Parent Relationship": "Outer",
                                                              "Parallel Aware": true,
                                                              "Async Capable": false,
                                                              "Relation Name": "catalog_returns",
                                                              "Alias": "catalog_returns",
                                                              "Startup Cost": 0.0,
                                                              "Total Cost": 34748.95,
                                                              "Plan Rows": 599895,
                                                              "Plan Width": 20,
                                                              "parent": 38,
                                                              "ID": 39
                                                            }
                                                          ],
                                                          "parent": 33,
                                                          "ID": 38,
                                                          "left": 39
                                                        }
                                                      ],
                                                      "parent": 32,
                                                      "ID": 33,
                                                      "left": 34,
                                                      "right": 38
                                                    },
                                                    {
                                                      "Node Type": "Hash",
                                                      "Parent Relationship": "Inner",
                                                      "Parallel Aware": true,
                                                      "Async Capable": false,
                                                      "Startup Cost": 7495.25,
                                                      "Total Cost": 7495.25,
                                                      "Plan Rows": 2442,
                                                      "Plan Width": 4,
                                                      "Plans": [
                                                        {
                                                          "Node Type": "Seq Scan",
                                                          "Parent Relationship": "Outer",
                                                          "Parallel Aware": true,
                                                          "Async Capable": false,
                                                          "Relation Name": "item",
                                                          "Alias": "item_1",
                                                          "Startup Cost": 0.0,
                                                          "Total Cost": 7495.25,
                                                          "Plan Rows": 2442,
                                                          "Plan Width": 4,
                                                          "Filter": "(i_current_price > '50'::numeric)",
                                                          "parent": 40,
                                                          "ID": 41
                                                        }
                                                      ],
                                                      "parent": 32,
                                                      "ID": 40,
                                                      "left": 41
                                                    }
                                                  ],
                                                  "parent": 31,
                                                  "ID": 32,
                                                  "left": 33,
                                                  "right": 40
                                                },
                                                {
                                                  "Node Type": "Hash",
                                                  "Parent Relationship": "Inner",
                                                  "Parallel Aware": false,
                                                  "Async Capable": false,
                                                  "Startup Cost": 19.25,
                                                  "Total Cost": 19.25,
                                                  "Plan Rows": 492,
                                                  "Plan Width": 4,
                                                  "Plans": [
                                                    {
                                                      "Node Type": "Seq Scan",
                                                      "Parent Relationship": "Outer",
                                                      "Parallel Aware": false,
                                                      "Async Capable": false,
                                                      "Relation Name": "promotion",
                                                      "Alias": "promotion_1",
                                                      "Startup Cost": 0.0,
                                                      "Total Cost": 19.25,
                                                      "Plan Rows": 492,
                                                      "Plan Width": 4,
                                                      "Filter": "(p_channel_tv = 'N'::bpchar)",
                                                      "parent": 42,
                                                      "ID": 43
                                                    }
                                                  ],
                                                  "parent": 31,
                                                  "ID": 42,
                                                  "left": 43
                                                }
                                              ],
                                              "parent": 30,
                                              "ID": 31,
                                              "left": 32,
                                              "right": 42
                                            },
                                            {
                                              "Node Type": "Hash",
                                              "Parent Relationship": "Inner",
                                              "Parallel Aware": false,
                                              "Async Capable": false,
                                              "Startup Cost": 368.0,
                                              "Total Cost": 368.0,
                                              "Plan Rows": 12000,
                                              "Plan Width": 21,
                                              "Plans": [
                                                {
                                                  "Node Type": "Seq Scan",
                                                  "Parent Relationship": "Outer",
                                                  "Parallel Aware": false,
                                                  "Async Capable": false,
                                                  "Relation Name": "catalog_page",
                                                  "Alias": "catalog_page",
                                                  "Startup Cost": 0.0,
                                                  "Total Cost": 368.0,
                                                  "Plan Rows": 12000,
                                                  "Plan Width": 21,
                                                  "parent": 44,
                                                  "ID": 45
                                                }
                                              ],
                                              "parent": 30,
                                              "ID": 44,
                                              "left": 45
                                            }
                                          ],
                                          "parent": 29,
                                          "ID": 30,
                                          "left": 31,
                                          "right": 44
                                        }
                                      ],
                                      "parent": 28,
                                      "ID": 29,
                                      "left": 30
                                    }
                                  ],
                                  "parent": 27,
                                  "ID": 28,
                                  "left": 29
                                }
                              ],
                              "parent": 26,
                              "ID": 27,
                              "left": 28
                            }
                          ],
                          "parent": 25,
                          "ID": 26,
                          "left": 27
                        }
                      ],
                      "parent": 3,
                      "ID": 25,
                      "left": 26
                    },
                    {
                      "Node Type": "Subquery Scan",
                      "Parent Relationship": "Member",
                      "Parallel Aware": false,
                      "Async Capable": false,
                      "Alias": "wsr",
                      "Startup Cost": 263919.04,
                      "Total Cost": 263926.75,
                      "Plan Rows": 21,
                      "Plan Width": 160,
                      "Plans": [
                        {
                          "Node Type": "Aggregate",
                          "Strategy": "Sorted",
                          "Partial Mode": "Finalize",
                          "Parent Relationship": "Subquery",
                          "Parallel Aware": false,
                          "Async Capable": false,
                          "Startup Cost": 263919.04,
                          "Total Cost": 263926.43,
                          "Plan Rows": 21,
                          "Plan Width": 113,
                          "Group Key": [
                            "web_site.web_site_id"
                          ],
                          "Plans": [
                            {
                              "Node Type": "Gather Merge",
                              "Parent Relationship": "Outer",
                              "Parallel Aware": false,
                              "Async Capable": false,
                              "Startup Cost": 263919.04,
                              "Total Cost": 263925.33,
                              "Plan Rows": 42,
                              "Plan Width": 113,
                              "Workers Planned": 2,
                              "Plans": [
                                {
                                  "Node Type": "Aggregate",
                                  "Strategy": "Sorted",
                                  "Partial Mode": "Partial",
                                  "Parent Relationship": "Outer",
                                  "Parallel Aware": false,
                                  "Async Capable": false,
                                  "Startup Cost": 262919.01,
                                  "Total Cost": 262920.46,
                                  "Plan Rows": 21,
                                  "Plan Width": 113,
                                  "Group Key": [
                                    "web_site.web_site_id"
                                  ],
                                  "Plans": [
                                    {
                                      "Node Type": "Sort",
                                      "Parent Relationship": "Outer",
                                      "Parallel Aware": false,
                                      "Async Capable": false,
                                      "Startup Cost": 262919.01,
                                      "Total Cost": 262919.19,
                                      "Plan Rows": 72,
                                      "Plan Width": 41,
                                      "Sort Key": [
                                        "web_site.web_site_id"
                                      ],
                                      "Plans": [
                                        {
                                          "Node Type": "Hash Join",
                                          "Parent Relationship": "Outer",
                                          "Parallel Aware": false,
                                          "Async Capable": false,
                                          "Join Type": "Inner",
                                          "Startup Cost": 32134.74,
                                          "Total Cost": 262916.79,
                                          "Plan Rows": 72,
                                          "Plan Width": 41,
                                          "Inner Unique": false,
                                          "Hash Cond": "(web_sales.ws_web_site_sk = web_site.web_site_sk)",
                                          "Plans": [
                                            {
                                              "Node Type": "Hash Join",
                                              "Parent Relationship": "Outer",
                                              "Parallel Aware": false,
                                              "Async Capable": false,
                                              "Join Type": "Inner",
                                              "Startup Cost": 32130.8,
                                              "Total Cost": 262911.86,
                                              "Plan Rows": 72,
                                              "Plan Width": 28,
                                              "Inner Unique": false,
                                              "Hash Cond": "(web_sales.ws_promo_sk = promotion_2.p_promo_sk)",
                                              "Plans": [
                                                {
                                                  "Node Type": "Hash Join",
                                                  "Parent Relationship": "Outer",
                                                  "Parallel Aware": true,
                                                  "Async Capable": false,
                                                  "Join Type": "Inner",
                                                  "Startup Cost": 32105.4,
                                                  "Total Cost": 262885.46,
                                                  "Plan Rows": 73,
                                                  "Plan Width": 32,
                                                  "Inner Unique": false,
                                                  "Hash Cond": "(web_sales.ws_item_sk = item_2.i_item_sk)",
                                                  "Plans": [
                                                    {
                                                      "Node Type": "Hash Join",
                                                      "Parent Relationship": "Outer",
                                                      "Parallel Aware": true,
                                                      "Async Capable": false,
                                                      "Join Type": "Left",
                                                      "Startup Cost": 24579.62,
                                                      "Total Cost": 255354.62,
                                                      "Plan Rows": 1272,
                                                      "Plan Width": 36,
                                                      "Inner Unique": false,
                                                      "Hash Cond": "((web_sales.ws_item_sk = web_returns.wr_item_sk) AND (web_sales.ws_order_number = web_returns.wr_order_number))",
                                                      "Plans": [
                                                        {
                                                          "Node Type": "Hash Join",
                                                          "Parent Relationship": "Outer",
                                                          "Parallel Aware": true,
                                                          "Async Capable": false,
                                                          "Join Type": "Inner",
                                                          "Startup Cost": 2049.78,
                                                          "Total Cost": 231041.22,
                                                          "Plan Rows": 1272,
                                                          "Plan Width": 28,
                                                          "Inner Unique": false,
                                                          "Hash Cond": "(web_sales.ws_sold_date_sk = date_dim_2.d_date_sk)",
                                                          "Plans": [
                                                            {
                                                              "Node Type": "Seq Scan",
                                                              "Parent Relationship": "Outer",
                                                              "Parallel Aware": true,
                                                              "Async Capable": false,
                                                              "Relation Name": "web_sales",
                                                              "Alias": "web_sales",
                                                              "Startup Cost": 0.0,
                                                              "Total Cost": 217737.86,
                                                              "Plan Rows": 2998986,
                                                              "Plan Width": 32,
                                                              "parent": 55,
                                                              "ID": 56
                                                            },
                                                            {
                                                              "Node Type": "Hash",
                                                              "Parent Relationship": "Inner",
                                                              "Parallel Aware": true,
                                                              "Async Capable": false,
                                                              "Startup Cost": 2049.55,
                                                              "Total Cost": 2049.55,
                                                              "Plan Rows": 18,
                                                              "Plan Width": 4,
                                                              "Plans": [
                                                                {
                                                                  "Node Type": "Seq Scan",
                                                                  "Parent Relationship": "Outer",
                                                                  "Parallel Aware": true,
                                                                  "Async Capable": false,
                                                                  "Relation Name": "date_dim",
                                                                  "Alias": "date_dim_2",
                                                                  "Startup Cost": 0.0,
                                                                  "Total Cost": 2049.55,
                                                                  "Plan Rows": 18,
                                                                  "Plan Width": 4,
                                                                  "Filter": "((d_date >= '2000-08-25'::date) AND (d_date <= '2000-09-24 00:00:00'::timestamp without time zone))",
                                                                  "parent": 57,
                                                                  "ID": 58
                                                                }
                                                              ],
                                                              "parent": 55,
                                                              "ID": 57,
                                                              "left": 58
                                                            }
                                                          ],
                                                          "parent": 54,
                                                          "ID": 55,
                                                          "left": 56,
                                                          "right": 57
                                                        },
                                                        {
                                                          "Node Type": "Hash",
                                                          "Parent Relationship": "Inner",
                                                          "Parallel Aware": true,
                                                          "Async Capable": false,
                                                          "Startup Cost": 16278.74,
                                                          "Total Cost": 16278.74,
                                                          "Plan Rows": 299674,
                                                          "Plan Width": 20,
                                                          "Plans": [
                                                            {
                                                              "Node Type": "Seq Scan",
                                                              "Parent Relationship": "Outer",
                                                              "Parallel Aware": true,
                                                              "Async Capable": false,
                                                              "Relation Name": "web_returns",
                                                              "Alias": "web_returns",
                                                              "Startup Cost": 0.0,
                                                              "Total Cost": 16278.74,
                                                              "Plan Rows": 299674,
                                                              "Plan Width": 20,
                                                              "parent": 59,
                                                              "ID": 60
                                                            }
                                                          ],
                                                          "parent": 54,
                                                          "ID": 59,
                                                          "left": 60
                                                        }
                                                      ],
                                                      "parent": 53,
                                                      "ID": 54,
                                                      "left": 55,
                                                      "right": 59
                                                    },
                                                    {
                                                      "Node Type": "Hash",
                                                      "Parent Relationship": "Inner",
                                                      "Parallel Aware": true,
                                                      "Async Capable": false,
                                                      "Startup Cost": 7495.25,
                                                      "Total Cost": 7495.25,
                                                      "Plan Rows": 2442,
                                                      "Plan Width": 4,
                                                      "Plans": [
                                                        {
                                                          "Node Type": "Seq Scan",
                                                          "Parent Relationship": "Outer",
                                                          "Parallel Aware": true,
                                                          "Async Capable": false,
                                                          "Relation Name": "item",
                                                          "Alias": "item_2",
                                                          "Startup Cost": 0.0,
                                                          "Total Cost": 7495.25,
                                                          "Plan Rows": 2442,
                                                          "Plan Width": 4,
                                                          "Filter": "(i_current_price > '50'::numeric)",
                                                          "parent": 61,
                                                          "ID": 62
                                                        }
                                                      ],
                                                      "parent": 53,
                                                      "ID": 61,
                                                      "left": 62
                                                    }
                                                  ],
                                                  "parent": 52,
                                                  "ID": 53,
                                                  "left": 54,
                                                  "right": 61
                                                },
                                                {
                                                  "Node Type": "Hash",
                                                  "Parent Relationship": "Inner",
                                                  "Parallel Aware": false,
                                                  "Async Capable": false,
                                                  "Startup Cost": 19.25,
                                                  "Total Cost": 19.25,
                                                  "Plan Rows": 492,
                                                  "Plan Width": 4,
                                                  "Plans": [
                                                    {
                                                      "Node Type": "Seq Scan",
                                                      "Parent Relationship": "Outer",
                                                      "Parallel Aware": false,
                                                      "Async Capable": false,
                                                      "Relation Name": "promotion",
                                                      "Alias": "promotion_2",
                                                      "Startup Cost": 0.0,
                                                      "Total Cost": 19.25,
                                                      "Plan Rows": 492,
                                                      "Plan Width": 4,
                                                      "Filter": "(p_channel_tv = 'N'::bpchar)",
                                                      "parent": 63,
                                                      "ID": 64
                                                    }
                                                  ],
                                                  "parent": 52,
                                                  "ID": 63,
                                                  "left": 64
                                                }
                                              ],
                                              "parent": 51,
                                              "ID": 52,
                                              "left": 53,
                                              "right": 63
                                            },
                                            {
                                              "Node Type": "Hash",
                                              "Parent Relationship": "Inner",
                                              "Parallel Aware": false,
                                              "Async Capable": false,
                                              "Startup Cost": 3.42,
                                              "Total Cost": 3.42,
                                              "Plan Rows": 42,
                                              "Plan Width": 21,
                                              "Plans": [
                                                {
                                                  "Node Type": "Seq Scan",
                                                  "Parent Relationship": "Outer",
                                                  "Parallel Aware": false,
                                                  "Async Capable": false,
                                                  "Relation Name": "web_site",
                                                  "Alias": "web_site",
                                                  "Startup Cost": 0.0,
                                                  "Total Cost": 3.42,
                                                  "Plan Rows": 42,
                                                  "Plan Width": 21,
                                                  "parent": 65,
                                                  "ID": 66
                                                }
                                              ],
                                              "parent": 51,
                                              "ID": 65,
                                              "left": 66
                                            }
                                          ],
                                          "parent": 50,
                                          "ID": 51,
                                          "left": 52,
                                          "right": 65
                                        }
                                      ],
                                      "parent": 49,
                                      "ID": 50,
                                      "left": 51
                                    }
                                  ],
                                  "parent": 48,
                                  "ID": 49,
                                  "left": 50
                                }
                              ],
                              "parent": 47,
                              "ID": 48,
                              "left": 49
                            }
                          ],
                          "parent": 46,
                          "ID": 47,
                          "left": 48
                        }
                      ],
                      "parent": 3,
                      "ID": 46,
                      "left": 47
                    }
                  ],
                  "parent": 2,
                  "ID": 3,
                  "left": 4,
                  "right": 25
                }
              ],
              "parent": 1,
              "ID": 2,
              "left": 3
            }
          ],
          "parent": 0,
          "ID": 1,
          "left": 2
        }
      ],
      "parent": null,
      "ID": 0,
      "left": 1
    },
    "feat": {
      "utility": 4.3522058043827665e-06,
      "query_shape": [
        [
          "Seq Scan",
          "Hash Join",
          "Sort",
          "Aggregate",
          "Gather Merge",
          "Subquery Scan",
          "Append"
        ],
        [
          "Seq Scan",
          "Hash",
          "Hash Join",
          "Sort",
          "Aggregate",
          "Gather Merge",
          "Subquery Scan",
          "Append"
        ],
        [
          "Seq Scan",
          "Hash",
          "Hash Join",
          "Sort",
          "Aggregate",
          "Gather Merge",
          "Subquery Scan",
          "Append"
        ],
        [
          "Seq Scan",
          "Hash",
          "Hash Join",
          "Sort",
          "Aggregate",
          "Gather Merge",
          "Subquery Scan",
          "Append"
        ],
        [
          "Seq Scan",
          "Hash",
          "Hash Join",
          "Sort",
          "Aggregate",
          "Gather Merge",
          "Subquery Scan",
          "Append"
        ],
        [
          "Seq Scan",
          "Hash",
          "Hash Join",
          "Sort",
          "Aggregate",
          "Gather Merge",
          "Subquery Scan",
          "Append"
        ],
        [
          "Seq Scan",
          "Hash Join",
          "Sort",
          "Aggregate",
          "Gather Merge",
          "Subquery Scan",
          "Append"
        ],
        [
          "Seq Scan",
          "Hash",
          "Hash Join",
          "Sort",
          "Aggregate",
          "Gather Merge",
          "Subquery Scan",
          "Append"
        ],
        [
          "Seq Scan",
          "Hash",
          "Hash Join",
          "Sort",
          "Aggregate",
          "Gather Merge",
          "Subquery Scan",
          "Append"
        ],
        [
          "Seq Scan",
          "Hash",
          "Hash Join",
          "Sort",
          "Aggregate",
          "Gather Merge",
          "Subquery Scan",
          "Append"
        ],
        [
          "Seq Scan",
          "Hash",
          "Hash Join",
          "Sort",
          "Aggregate",
          "Gather Merge",
          "Subquery Scan",
          "Append"
        ],
        [
          "Seq Scan",
          "Hash",
          "Hash Join",
          "Sort",
          "Aggregate",
          "Gather Merge",
          "Subquery Scan",
          "Append"
        ],
        [
          "Seq Scan",
          "Hash Join",
          "Sort",
          "Aggregate",
          "Gather Merge",
          "Subquery Scan",
          "Append"
        ],
        [
          "Seq Scan",
          "Hash",
          "Hash Join",
          "Sort",
          "Aggregate",
          "Gather Merge",
          "Subquery Scan",
          "Append"
        ],
        [
          "Seq Scan",
          "Hash",
          "Hash Join",
          "Sort",
          "Aggregate",
          "Gather Merge",
          "Subquery Scan",
          "Append"
        ],
        [
          "Seq Scan",
          "Hash",
          "Hash Join",
          "Sort",
          "Aggregate",
          "Gather Merge",
          "Subquery Scan",
          "Append"
        ],
        [
          "Seq Scan",
          "Hash",
          "Hash Join",
          "Sort",
          "Aggregate",
          "Gather Merge",
          "Subquery Scan",
          "Append"
        ],
        [
          "Seq Scan",
          "Hash",
          "Hash Join",
          "Sort",
          "Aggregate",
          "Gather Merge",
          "Subquery Scan",
          "Append"
        ]
      ],
      "index_shape": [
        "join"
      ],
      "physical_operator": {
        "Hash Join": [
          0.004842608061235092,
          0.0012911074255784968
        ]
      }
    }
  },
  {
    "query": "with ssr as\n (select  s_store_id as store_id,\n          sum(ss_ext_sales_price) as sales,\n          sum(coalesce(sr_return_amt, 0)) as returns,\n          sum(ss_net_profit - coalesce(sr_net_loss, 0)) as profit\n  from store_sales left outer join store_returns on\n         (ss_item_sk = sr_item_sk and ss_ticket_number = sr_ticket_number),\n     date_dim,\n     store,\n     item,\n     promotion\n where ss_sold_date_sk = d_date_sk\n       and d_date between cast('2000-08-25' as date) \n                  and (cast('2000-08-25' as date) +  interval '30 days')\n       and ss_store_sk = s_store_sk\n       and ss_item_sk = i_item_sk\n       and i_current_price > 50\n       and ss_promo_sk = p_promo_sk\n       and p_channel_tv = 'N'\n group by s_store_id)\n ,\n csr as\n (select  cp_catalog_page_id as catalog_page_id,\n          sum(cs_ext_sales_price) as sales,\n          sum(coalesce(cr_return_amount, 0)) as returns,\n          sum(cs_net_profit - coalesce(cr_net_loss, 0)) as profit\n  from catalog_sales left outer join catalog_returns on\n         (cs_item_sk = cr_item_sk and cs_order_number = cr_order_number),\n     date_dim,\n     catalog_page,\n     item,\n     promotion\n where cs_sold_date_sk = d_date_sk\n       and d_date between cast('2000-08-25' as date)\n                  and (cast('2000-08-25' as date) +  interval '30 days')\n        and cs_catalog_page_sk = cp_catalog_page_sk\n       and cs_item_sk = i_item_sk\n       and i_current_price > 50\n       and cs_promo_sk = p_promo_sk\n       and p_channel_tv = 'N'\ngroup by cp_catalog_page_id)\n ,\n wsr as\n (select  web_site_id,\n          sum(ws_ext_sales_price) as sales,\n          sum(coalesce(wr_return_amt, 0)) as returns,\n          sum(ws_net_profit - coalesce(wr_net_loss, 0)) as profit\n  from web_sales left outer join web_returns on\n         (ws_item_sk = wr_item_sk and ws_order_number = wr_order_number),\n     date_dim,\n     web_site,\n     item,\n     promotion\n where ws_sold_date_sk = d_date_sk\n       and d_date between cast('2000-08-25' as date)\n                  and (cast('2000-08-25' as date) +  interval '30 days')\n        and ws_web_site_sk = web_site_sk\n       and ws_item_sk = i_item_sk\n       and i_current_price > 50\n       and ws_promo_sk = p_promo_sk\n       and p_channel_tv = 'N'\ngroup by web_site_id)\n  select  channel\n        , id\n        , sum(sales) as sales\n        , sum(returns) as returns\n        , sum(profit) as profit\n from \n (select 'store channel' as channel\n        , 'store' || store_id as id\n        , sales\n        , returns\n        , profit\n from   ssr\n union all\n select 'catalog channel' as channel\n        , 'catalog_page' || catalog_page_id as id\n        , sales\n        , returns\n        , profit\n from  csr\n union all\n select 'web channel' as channel\n        , 'web_site' || web_site_id as id\n        , sales\n        , returns\n        , profit\n from   wsr\n ) x\n group by rollup (channel, id)\n order by channel\n         ,id\n limit 100;\n\n-- end query 61 in stream 1 using template query80.tpl\n",
    "indexes": "catalog_sales.cs_promo_sk",
    "wo plan est": {
      "Node Type": "Limit",
      "Parallel Aware": false,
      "Async Capable": false,
      "Startup Cost": 1566793.64,
      "Total Cost": 1566796.93,
      "Plan Rows": 100,
      "Plan Width": 160,
      "Plans": [
        {
          "Node Type": "Aggregate",
          "Strategy": "Sorted",
          "Partial Mode": "Simple",
          "Parent Relationship": "Outer",
          "Parallel Aware": false,
          "Async Capable": false,
          "Startup Cost": 1566793.64,
          "Total Cost": 1566806.84,
          "Plan Rows": 401,
          "Plan Width": 160,
          "Grouping Sets": [
            {
              "Group Keys": [
                [
                  "('store channel'::text)",
                  "(('store'::text || (ssr.store_id)::text))"
                ],
                [
                  "('store channel'::text)"
                ],
                []
              ]
            }
          ],
          "Plans": [
            {
              "Node Type": "Sort",
              "Parent Relationship": "Outer",
              "Parallel Aware": false,
              "Async Capable": false,
              "Startup Cost": 1566793.64,
              "Total Cost": 1566794.67,
              "Plan Rows": 412,
              "Plan Width": 160,
              "Sort Key": [
                "('store channel'::text)",
                "(('store'::text || (ssr.store_id)::text))"
              ],
              "Plans": [
                {
                  "Node Type": "Append",
                  "Parent Relationship": "Outer",
                  "Parallel Aware": false,
                  "Async Capable": false,
                  "Startup Cost": 784596.3,
                  "Total Cost": 1566775.74,
                  "Plan Rows": 412,
                  "Plan Width": 160,
                  "Subplans Removed": 0,
                  "Plans": [
                    {
                      "Node Type": "Subquery Scan",
                      "Parent Relationship": "Member",
                      "Parallel Aware": false,
                      "Async Capable": false,
                      "Alias": "ssr",
                      "Startup Cost": 784596.3,
                      "Total Cost": 784616.16,
                      "Plan Rows": 51,
                      "Plan Width": 160,
                      "Plans": [
                        {
                          "Node Type": "Aggregate",
                          "Strategy": "Sorted",
                          "Partial Mode": "Finalize",
                          "Parent Relationship": "Subquery",
                          "Parallel Aware": false,
                          "Async Capable": false,
                          "Startup Cost": 784596.3,
                          "Total Cost": 784615.39,
                          "Plan Rows": 51,
                          "Plan Width": 113,
                          "Group Key": [
                            "store.s_store_id"
                          ],
                          "Plans": [
                            {
                              "Node Type": "Gather Merge",
                              "Parent Relationship": "Outer",
                              "Parallel Aware": false,
                              "Async Capable": false,
                              "Startup Cost": 784596.3,
                              "Total Cost": 784612.71,
                              "Plan Rows": 102,
                              "Plan Width": 113,
                              "Workers Planned": 2,
                              "Plans": [
                                {
                                  "Node Type": "Aggregate",
                                  "Strategy": "Sorted",
                                  "Partial Mode": "Partial",
                                  "Parent Relationship": "Outer",
                                  "Parallel Aware": false,
                                  "Async Capable": false,
                                  "Startup Cost": 783596.27,
                                  "Total Cost": 783600.92,
                                  "Plan Rows": 51,
                                  "Plan Width": 113,
                                  "Group Key": [
                                    "store.s_store_id"
                                  ],
                                  "Plans": [
                                    {
                                      "Node Type": "Sort",
                                      "Parent Relationship": "Outer",
                                      "Parallel Aware": false,
                                      "Async Capable": false,
                                      "Startup Cost": 783596.27,
                                      "Total Cost": 783596.9,
                                      "Plan Rows": 250,
                                      "Plan Width": 41,
                                      "Sort Key": [
                                        "store.s_store_id"
                                      ],
                                      "Plans": [
                                        {
                                          "Node Type": "Hash Join",
                                          "Parent Relationship": "Outer",
                                          "Parallel Aware": false,
                                          "Async Capable": false,
                                          "Join Type": "Inner",
                                          "Startup Cost": 94489.35,
                                          "Total Cost": 783586.32,
                                          "Plan Rows": 250,
                                          "Plan Width": 41,
                                          "Inner Unique": false,
                                          "Hash Cond": "(store_sales.ss_store_sk = store.s_store_sk)",
                                          "Plans": [
                                            {
                                              "Node Type": "Hash Join",
                                              "Parent Relationship": "Outer",
                                              "Parallel Aware": false,
                                              "Async Capable": false,
                                              "Join Type": "Inner",
                                              "Startup Cost": 94482.05,
                                              "Total Cost": 783575.54,
                                              "Plan Rows": 262,
                                              "Plan Width": 28,
                                              "Inner Unique": false,
                                              "Hash Cond": "(store_sales.ss_promo_sk = promotion.p_promo_sk)",
                                              "Plans": [
                                                {
                                                  "Node Type": "Hash Join",
                                                  "Parent Relationship": "Outer",
                                                  "Parallel Aware": true,
                                                  "Async Capable": false,
                                                  "Join Type": "Inner",
                                                  "Startup Cost": 94456.65,
                                                  "Total Cost": 783546.47,
                                                  "Plan Rows": 279,
                                                  "Plan Width": 32,
                                                  "Inner Unique": false,
                                                  "Hash Cond": "(store_sales.ss_item_sk = item.i_item_sk)",
                                                  "Plans": [
                                                    {
                                                      "Node Type": "Hash Join",
                                                      "Parent Relationship": "Outer",
                                                      "Parallel Aware": true,
                                                      "Async Capable": false,
                                                      "Join Type": "Left",
                                                      "Startup Cost": 86930.88,
                                                      "Total Cost": 776001.31,
                                                      "Plan Rows": 4860,
                                                      "Plan Width": 36,
                                                      "Inner Unique": false,
                                                      "Hash Cond": "((store_sales.ss_item_sk = store_returns.sr_item_sk) AND (store_sales.ss_ticket_number = store_returns.sr_ticket_number))",
                                                      "Plans": [
                                                        {
                                                          "Node Type": "Hash Join",
                                                          "Parent Relationship": "Outer",
                                                          "Parallel Aware": true,
                                                          "Async Capable": false,
                                                          "Join Type": "Inner",
                                                          "Startup Cost": 2049.78,
                                                          "Total Cost": 683994.75,
                                                          "Plan Rows": 4860,
                                                          "Plan Width": 28,
                                                          "Inner Unique": false,
                                                          "Hash Cond": "(store_sales.ss_sold_date_sk = date_dim.d_date_sk)",
                                                          "Plans": [
                                                            {
                                                              "Node Type": "Seq Scan",
                                                              "Parent Relationship": "Outer",
                                                              "Parallel Aware": true,
                                                              "Async Capable": false,
                                                              "Relation Name": "store_sales",
                                                              "Alias": "store_sales",
                                                              "Startup Cost": 0.0,
                                                              "Total Cost": 636914.37,
                                                              "Plan Rows": 12000637,
                                                              "Plan Width": 32,
                                                              "parent": 13,
                                                              "ID": 14
                                                            },
                                                            {
                                                              "Node Type": "Hash",
                                                              "Parent Relationship": "Inner",
                                                              "Parallel Aware": true,
                                                              "Async Capable": false,
                                                              "Startup Cost": 2049.55,
                                                              "Total Cost": 2049.55,
                                                              "Plan Rows": 18,
                                                              "Plan Width": 4,
                                                              "Plans": [
                                                                {
                                                                  "Node Type": "Seq Scan",
                                                                  "Parent Relationship": "Outer",
                                                                  "Parallel Aware": true,
                                                                  "Async Capable": false,
                                                                  "Relation Name": "date_dim",
                                                                  "Alias": "date_dim",
                                                                  "Startup Cost": 0.0,
                                                                  "Total Cost": 2049.55,
                                                                  "Plan Rows": 18,
                                                                  "Plan Width": 4,
                                                                  "Filter": "((d_date >= '2000-08-25'::date) AND (d_date <= '2000-09-24 00:00:00'::timestamp without time zone))",
                                                                  "parent": 15,
                                                                  "ID": 16
                                                                }
                                                              ],
                                                              "parent": 13,
                                                              "ID": 15,
                                                              "left": 16
                                                            }
                                                          ],
                                                          "parent": 12,
                                                          "ID": 13,
                                                          "left": 14,
                                                          "right": 15
                                                        },
                                                        {
                                                          "Node Type": "Hash",
                                                          "Parent Relationship": "Inner",
                                                          "Parallel Aware": true,
                                                          "Async Capable": false,
                                                          "Startup Cost": 59887.64,
                                                          "Total Cost": 59887.64,
                                                          "Plan Rows": 1198164,
                                                          "Plan Width": 20,
                                                          "Plans": [
                                                            {
                                                              "Node Type": "Seq Scan",
                                                              "Parent Relationship": "Outer",
                                                              "Parallel Aware": true,
                                                              "Async Capable": false,
                                                              "Relation Name": "store_returns",
                                                              "Alias": "store_returns",
                                                              "Startup Cost": 0.0,
                                                              "Total Cost": 59887.64,
                                                              "Plan Rows": 1198164,
                                                              "Plan Width": 20,
                                                              "parent": 17,
                                                              "ID": 18
                                                            }
                                                          ],
                                                          "parent": 12,
                                                          "ID": 17,
                                                          "left": 18
                                                        }
                                                      ],
                                                      "parent": 11,
                                                      "ID": 12,
                                                      "left": 13,
                                                      "right": 17
                                                    },
                                                    {
                                                      "Node Type": "Hash",
                                                      "Parent Relationship": "Inner",
                                                      "Parallel Aware": true,
                                                      "Async Capable": false,
                                                      "Startup Cost": 7495.25,
                                                      "Total Cost": 7495.25,
                                                      "Plan Rows": 2442,
                                                      "Plan Width": 4,
                                                      "Plans": [
                                                        {
                                                          "Node Type": "Seq Scan",
                                                          "Parent Relationship": "Outer",
                                                          "Parallel Aware": true,
                                                          "Async Capable": false,
                                                          "Relation Name": "item",
                                                          "Alias": "item",
                                                          "Startup Cost": 0.0,
                                                          "Total Cost": 7495.25,
                                                          "Plan Rows": 2442,
                                                          "Plan Width": 4,
                                                          "Filter": "(i_current_price > '50'::numeric)",
                                                          "parent": 19,
                                                          "ID": 20
                                                        }
                                                      ],
                                                      "parent": 11,
                                                      "ID": 19,
                                                      "left": 20
                                                    }
                                                  ],
                                                  "parent": 10,
                                                  "ID": 11,
                                                  "left": 12,
                                                  "right": 19
                                                },
                                                {
                                                  "Node Type": "Hash",
                                                  "Parent Relationship": "Inner",
                                                  "Parallel Aware": false,
                                                  "Async Capable": false,
                                                  "Startup Cost": 19.25,
                                                  "Total Cost": 19.25,
                                                  "Plan Rows": 492,
                                                  "Plan Width": 4,
                                                  "Plans": [
                                                    {
                                                      "Node Type": "Seq Scan",
                                                      "Parent Relationship": "Outer",
                                                      "Parallel Aware": false,
                                                      "Async Capable": false,
                                                      "Relation Name": "promotion",
                                                      "Alias": "promotion",
                                                      "Startup Cost": 0.0,
                                                      "Total Cost": 19.25,
                                                      "Plan Rows": 492,
                                                      "Plan Width": 4,
                                                      "Filter": "(p_channel_tv = 'N'::bpchar)",
                                                      "parent": 21,
                                                      "ID": 22
                                                    }
                                                  ],
                                                  "parent": 10,
                                                  "ID": 21,
                                                  "left": 22
                                                }
                                              ],
                                              "parent": 9,
                                              "ID": 10,
                                              "left": 11,
                                              "right": 21
                                            },
                                            {
                                              "Node Type": "Hash",
                                              "Parent Relationship": "Inner",
                                              "Parallel Aware": false,
                                              "Async Capable": false,
                                              "Startup Cost": 6.02,
                                              "Total Cost": 6.02,
                                              "Plan Rows": 102,
                                              "Plan Width": 21,
                                              "Plans": [
                                                {
                                                  "Node Type": "Seq Scan",
                                                  "Parent Relationship": "Outer",
                                                  "Parallel Aware": false,
                                                  "Async Capable": false,
                                                  "Relation Name": "store",
                                                  "Alias": "store",
                                                  "Startup Cost": 0.0,
                                                  "Total Cost": 6.02,
                                                  "Plan Rows": 102,
                                                  "Plan Width": 21,
                                                  "parent": 23,
                                                  "ID": 24
                                                }
                                              ],
                                              "parent": 9,
                                              "ID": 23,
                                              "left": 24
                                            }
                                          ],
                                          "parent": 8,
                                          "ID": 9,
                                          "left": 10,
                                          "right": 23
                                        }
                                      ],
                                      "parent": 7,
                                      "ID": 8,
                                      "left": 9
                                    }
                                  ],
                                  "parent": 6,
                                  "ID": 7,
                                  "left": 8
                                }
                              ],
                              "parent": 5,
                              "ID": 6,
                              "left": 7
                            }
                          ],
                          "parent": 4,
                          "ID": 5,
                          "left": 6
                        }
                      ],
                      "parent": 3,
                      "ID": 4,
                      "left": 5
                    },
                    {
                      "Node Type": "Subquery Scan",
                      "Parent Relationship": "Member",
                      "Parallel Aware": false,
                      "Async Capable": false,
                      "Alias": "csr",
                      "Startup Cost": 518177.36,
                      "Total Cost": 518230.78,
                      "Plan Rows": 340,
                      "Plan Width": 160,
                      "Plans": [
                        {
                          "Node Type": "Aggregate",
                          "Strategy": "Sorted",
                          "Partial Mode": "Finalize",
                          "Parent Relationship": "Subquery",
                          "Parallel Aware": false,
                          "Async Capable": false,
                          "Startup Cost": 518177.36,
                          "Total Cost": 518225.68,
                          "Plan Rows": 340,
                          "Plan Width": 113,
                          "Group Key": [
                            "catalog_page.cp_catalog_page_id"
                          ],
                          "Plans": [
                            {
                              "Node Type": "Gather Merge",
                              "Parent Relationship": "Outer",
                              "Parallel Aware": false,
                              "Async Capable": false,
                              "Startup Cost": 518177.36,
                              "Total Cost": 518214.76,
                              "Plan Rows": 284,
                              "Plan Width": 113,
                              "Workers Planned": 2,
                              "Plans": [
                                {
                                  "Node Type": "Aggregate",
                                  "Strategy": "Sorted",
                                  "Partial Mode": "Partial",
                                  "Parent Relationship": "Outer",
                                  "Parallel Aware": false,
                                  "Async Capable": false,
                                  "Startup Cost": 517177.34,
                                  "Total Cost": 517181.95,
                                  "Plan Rows": 142,
                                  "Plan Width": 113,
                                  "Group Key": [
                                    "catalog_page.cp_catalog_page_id"
                                  ],
                                  "Plans": [
                                    {
                                      "Node Type": "Sort",
                                      "Parent Relationship": "Outer",
                                      "Parallel Aware": false,
                                      "Async Capable": false,
                                      "Startup Cost": 517177.34,
                                      "Total Cost": 517177.69,
                                      "Plan Rows": 142,
                                      "Plan Width": 41,
                                      "Sort Key": [
                                        "catalog_page.cp_catalog_page_id"
                                      ],
                                      "Plans": [
                                        {
                                          "Node Type": "Hash Join",
                                          "Parent Relationship": "Outer",
                                          "Parallel Aware": false,
                                          "Async Capable": false,
                                          "Join Type": "Inner",
                                          "Startup Cost": 57382.33,
                                          "Total Cost": 517172.26,
                                          "Plan Rows": 142,
                                          "Plan Width": 41,
                                          "Inner Unique": false,
                                          "Hash Cond": "(catalog_sales.cs_catalog_page_sk = catalog_page.cp_catalog_page_sk)",
                                          "Plans": [
                                            {
                                              "Node Type": "Hash Join",
                                              "Parent Relationship": "Outer",
                                              "Parallel Aware": false,
                                              "Async Capable": false,
                                              "Join Type": "Inner",
                                              "Startup Cost": 56864.33,
                                              "Total Cost": 516652.32,
                                              "Plan Rows": 142,
                                              "Plan Width": 28,
                                              "Inner Unique": false,
                                              "Hash Cond": "(catalog_sales.cs_promo_sk = promotion_1.p_promo_sk)",
                                              "Plans": [
                                                {
                                                  "Node Type": "Hash Join",
                                                  "Parent Relationship": "Outer",
                                                  "Parallel Aware": true,
                                                  "Async Capable": false,
                                                  "Join Type": "Inner",
                                                  "Startup Cost": 56838.93,
                                                  "Total Cost": 516624.96,
                                                  "Plan Rows": 145,
                                                  "Plan Width": 32,
                                                  "Inner Unique": false,
                                                  "Hash Cond": "(catalog_sales.cs_item_sk = item_1.i_item_sk)",
                                                  "Plans": [
                                                    {
                                                      "Node Type": "Hash Join",
                                                      "Parent Relationship": "Outer",
                                                      "Parallel Aware": true,
                                                      "Async Capable": false,
                                                      "Join Type": "Left",
                                                      "Startup Cost": 49313.15,
                                                      "Total Cost": 509089.08,
                                                      "Plan Rows": 2532,
                                                      "Plan Width": 36,
                                                      "Inner Unique": false,
                                                      "Hash Cond": "((catalog_sales.cs_item_sk = catalog_returns.cr_item_sk) AND (catalog_sales.cs_order_number = catalog_returns.cr_order_number))",
                                                      "Plans": [
                                                        {
                                                          "Node Type": "Hash Join",
                                                          "Parent Relationship": "Outer",
                                                          "Parallel Aware": true,
                                                          "Async Capable": false,
                                                          "Join Type": "Inner",
                                                          "Startup Cost": 2049.78,
                                                          "Total Cost": 458254.7,
                                                          "Plan Rows": 2532,
                                                          "Plan Width": 28,
                                                          "Inner Unique": false,
                                                          "Hash Cond": "(catalog_sales.cs_sold_date_sk = date_dim_1.d_date_sk)",
                                                          "Plans": [
                                                            {
                                                              "Node Type": "Seq Scan",
                                                              "Parent Relationship": "Outer",
                                                              "Parallel Aware": true,
                                                              "Async Capable": false,
                                                              "Relation Name": "catalog_sales",
                                                              "Alias": "catalog_sales",
                                                              "Startup Cost": 0.0,
                                                              "Total Cost": 433688.25,
                                                              "Plan Rows": 6000525,
                                                              "Plan Width": 32,
                                                              "parent": 34,
                                                              "ID": 35
                                                            },
                                                            {
                                                              "Node Type": "Hash",
                                                              "Parent Relationship": "Inner",
                                                              "Parallel Aware": true,
                                                              "Async Capable": false,
                                                              "Startup Cost": 2049.55,
                                                              "Total Cost": 2049.55,
                                                              "Plan Rows": 18,
                                                              "Plan Width": 4,
                                                              "Plans": [
                                                                {
                                                                  "Node Type": "Seq Scan",
                                                                  "Parent Relationship": "Outer",
                                                                  "Parallel Aware": true,
                                                                  "Async Capable": false,
                                                                  "Relation Name": "date_dim",
                                                                  "Alias": "date_dim_1",
                                                                  "Startup Cost": 0.0,
                                                                  "Total Cost": 2049.55,
                                                                  "Plan Rows": 18,
                                                                  "Plan Width": 4,
                                                                  "Filter": "((d_date >= '2000-08-25'::date) AND (d_date <= '2000-09-24 00:00:00'::timestamp without time zone))",
                                                                  "parent": 36,
                                                                  "ID": 37
                                                                }
                                                              ],
                                                              "parent": 34,
                                                              "ID": 36,
                                                              "left": 37
                                                            }
                                                          ],
                                                          "parent": 33,
                                                          "ID": 34,
                                                          "left": 35,
                                                          "right": 36
                                                        },
                                                        {
                                                          "Node Type": "Hash",
                                                          "Parent Relationship": "Inner",
                                                          "Parallel Aware": true,
                                                          "Async Capable": false,
                                                          "Startup Cost": 34748.95,
                                                          "Total Cost": 34748.95,
                                                          "Plan Rows": 599895,
                                                          "Plan Width": 20,
                                                          "Plans": [
                                                            {
                                                              "Node Type": "Seq Scan",
                                                              "Parent Relationship": "Outer",
                                                              "Parallel Aware": true,
                                                              "Async Capable": false,
                                                              "Relation Name": "catalog_returns",
                                                              "Alias": "catalog_returns",
                                                              "Startup Cost": 0.0,
                                                              "Total Cost": 34748.95,
                                                              "Plan Rows": 599895,
                                                              "Plan Width": 20,
                                                              "parent": 38,
                                                              "ID": 39
                                                            }
                                                          ],
                                                          "parent": 33,
                                                          "ID": 38,
                                                          "left": 39
                                                        }
                                                      ],
                                                      "parent": 32,
                                                      "ID": 33,
                                                      "left": 34,
                                                      "right": 38
                                                    },
                                                    {
                                                      "Node Type": "Hash",
                                                      "Parent Relationship": "Inner",
                                                      "Parallel Aware": true,
                                                      "Async Capable": false,
                                                      "Startup Cost": 7495.25,
                                                      "Total Cost": 7495.25,
                                                      "Plan Rows": 2442,
                                                      "Plan Width": 4,
                                                      "Plans": [
                                                        {
                                                          "Node Type": "Seq Scan",
                                                          "Parent Relationship": "Outer",
                                                          "Parallel Aware": true,
                                                          "Async Capable": false,
                                                          "Relation Name": "item",
                                                          "Alias": "item_1",
                                                          "Startup Cost": 0.0,
                                                          "Total Cost": 7495.25,
                                                          "Plan Rows": 2442,
                                                          "Plan Width": 4,
                                                          "Filter": "(i_current_price > '50'::numeric)",
                                                          "parent": 40,
                                                          "ID": 41
                                                        }
                                                      ],
                                                      "parent": 32,
                                                      "ID": 40,
                                                      "left": 41
                                                    }
                                                  ],
                                                  "parent": 31,
                                                  "ID": 32,
                                                  "left": 33,
                                                  "right": 40
                                                },
                                                {
                                                  "Node Type": "Hash",
                                                  "Parent Relationship": "Inner",
                                                  "Parallel Aware": false,
                                                  "Async Capable": false,
                                                  "Startup Cost": 19.25,
                                                  "Total Cost": 19.25,
                                                  "Plan Rows": 492,
                                                  "Plan Width": 4,
                                                  "Plans": [
                                                    {
                                                      "Node Type": "Seq Scan",
                                                      "Parent Relationship": "Outer",
                                                      "Parallel Aware": false,
                                                      "Async Capable": false,
                                                      "Relation Name": "promotion",
                                                      "Alias": "promotion_1",
                                                      "Startup Cost": 0.0,
                                                      "Total Cost": 19.25,
                                                      "Plan Rows": 492,
                                                      "Plan Width": 4,
                                                      "Filter": "(p_channel_tv = 'N'::bpchar)",
                                                      "parent": 42,
                                                      "ID": 43
                                                    }
                                                  ],
                                                  "parent": 31,
                                                  "ID": 42,
                                                  "left": 43
                                                }
                                              ],
                                              "parent": 30,
                                              "ID": 31,
                                              "left": 32,
                                              "right": 42
                                            },
                                            {
                                              "Node Type": "Hash",
                                              "Parent Relationship": "Inner",
                                              "Parallel Aware": false,
                                              "Async Capable": false,
                                              "Startup Cost": 368.0,
                                              "Total Cost": 368.0,
                                              "Plan Rows": 12000,
                                              "Plan Width": 21,
                                              "Plans": [
                                                {
                                                  "Node Type": "Seq Scan",
                                                  "Parent Relationship": "Outer",
                                                  "Parallel Aware": false,
                                                  "Async Capable": false,
                                                  "Relation Name": "catalog_page",
                                                  "Alias": "catalog_page",
                                                  "Startup Cost": 0.0,
                                                  "Total Cost": 368.0,
                                                  "Plan Rows": 12000,
                                                  "Plan Width": 21,
                                                  "parent": 44,
                                                  "ID": 45
                                                }
                                              ],
                                              "parent": 30,
                                              "ID": 44,
                                              "left": 45
                                            }
                                          ],
                                          "parent": 29,
                                          "ID": 30,
                                          "left": 31,
                                          "right": 44
                                        }
                                      ],
                                      "parent": 28,
                                      "ID": 29,
                                      "left": 30
                                    }
                                  ],
                                  "parent": 27,
                                  "ID": 28,
                                  "left": 29
                                }
                              ],
                              "parent": 26,
                              "ID": 27,
                              "left": 28
                            }
                          ],
                          "parent": 25,
                          "ID": 26,
                          "left": 27
                        }
                      ],
                      "parent": 3,
                      "ID": 25,
                      "left": 26
                    },
                    {
                      "Node Type": "Subquery Scan",
                      "Parent Relationship": "Member",
                      "Parallel Aware": false,
                      "Async Capable": false,
                      "Alias": "wsr",
                      "Startup Cost": 263919.04,
                      "Total Cost": 263926.75,
                      "Plan Rows": 21,
                      "Plan Width": 160,
                      "Plans": [
                        {
                          "Node Type": "Aggregate",
                          "Strategy": "Sorted",
                          "Partial Mode": "Finalize",
                          "Parent Relationship": "Subquery",
                          "Parallel Aware": false,
                          "Async Capable": false,
                          "Startup Cost": 263919.04,
                          "Total Cost": 263926.43,
                          "Plan Rows": 21,
                          "Plan Width": 113,
                          "Group Key": [
                            "web_site.web_site_id"
                          ],
                          "Plans": [
                            {
                              "Node Type": "Gather Merge",
                              "Parent Relationship": "Outer",
                              "Parallel Aware": false,
                              "Async Capable": false,
                              "Startup Cost": 263919.04,
                              "Total Cost": 263925.33,
                              "Plan Rows": 42,
                              "Plan Width": 113,
                              "Workers Planned": 2,
                              "Plans": [
                                {
                                  "Node Type": "Aggregate",
                                  "Strategy": "Sorted",
                                  "Partial Mode": "Partial",
                                  "Parent Relationship": "Outer",
                                  "Parallel Aware": false,
                                  "Async Capable": false,
                                  "Startup Cost": 262919.01,
                                  "Total Cost": 262920.46,
                                  "Plan Rows": 21,
                                  "Plan Width": 113,
                                  "Group Key": [
                                    "web_site.web_site_id"
                                  ],
                                  "Plans": [
                                    {
                                      "Node Type": "Sort",
                                      "Parent Relationship": "Outer",
                                      "Parallel Aware": false,
                                      "Async Capable": false,
                                      "Startup Cost": 262919.01,
                                      "Total Cost": 262919.19,
                                      "Plan Rows": 72,
                                      "Plan Width": 41,
                                      "Sort Key": [
                                        "web_site.web_site_id"
                                      ],
                                      "Plans": [
                                        {
                                          "Node Type": "Hash Join",
                                          "Parent Relationship": "Outer",
                                          "Parallel Aware": false,
                                          "Async Capable": false,
                                          "Join Type": "Inner",
                                          "Startup Cost": 32134.74,
                                          "Total Cost": 262916.79,
                                          "Plan Rows": 72,
                                          "Plan Width": 41,
                                          "Inner Unique": false,
                                          "Hash Cond": "(web_sales.ws_web_site_sk = web_site.web_site_sk)",
                                          "Plans": [
                                            {
                                              "Node Type": "Hash Join",
                                              "Parent Relationship": "Outer",
                                              "Parallel Aware": false,
                                              "Async Capable": false,
                                              "Join Type": "Inner",
                                              "Startup Cost": 32130.8,
                                              "Total Cost": 262911.86,
                                              "Plan Rows": 72,
                                              "Plan Width": 28,
                                              "Inner Unique": false,
                                              "Hash Cond": "(web_sales.ws_promo_sk = promotion_2.p_promo_sk)",
                                              "Plans": [
                                                {
                                                  "Node Type": "Hash Join",
                                                  "Parent Relationship": "Outer",
                                                  "Parallel Aware": true,
                                                  "Async Capable": false,
                                                  "Join Type": "Inner",
                                                  "Startup Cost": 32105.4,
                                                  "Total Cost": 262885.46,
                                                  "Plan Rows": 73,
                                                  "Plan Width": 32,
                                                  "Inner Unique": false,
                                                  "Hash Cond": "(web_sales.ws_item_sk = item_2.i_item_sk)",
                                                  "Plans": [
                                                    {
                                                      "Node Type": "Hash Join",
                                                      "Parent Relationship": "Outer",
                                                      "Parallel Aware": true,
                                                      "Async Capable": false,
                                                      "Join Type": "Left",
                                                      "Startup Cost": 24579.62,
                                                      "Total Cost": 255354.62,
                                                      "Plan Rows": 1272,
                                                      "Plan Width": 36,
                                                      "Inner Unique": false,
                                                      "Hash Cond": "((web_sales.ws_item_sk = web_returns.wr_item_sk) AND (web_sales.ws_order_number = web_returns.wr_order_number))",
                                                      "Plans": [
                                                        {
                                                          "Node Type": "Hash Join",
                                                          "Parent Relationship": "Outer",
                                                          "Parallel Aware": true,
                                                          "Async Capable": false,
                                                          "Join Type": "Inner",
                                                          "Startup Cost": 2049.78,
                                                          "Total Cost": 231041.22,
                                                          "Plan Rows": 1272,
                                                          "Plan Width": 28,
                                                          "Inner Unique": false,
                                                          "Hash Cond": "(web_sales.ws_sold_date_sk = date_dim_2.d_date_sk)",
                                                          "Plans": [
                                                            {
                                                              "Node Type": "Seq Scan",
                                                              "Parent Relationship": "Outer",
                                                              "Parallel Aware": true,
                                                              "Async Capable": false,
                                                              "Relation Name": "web_sales",
                                                              "Alias": "web_sales",
                                                              "Startup Cost": 0.0,
                                                              "Total Cost": 217737.86,
                                                              "Plan Rows": 2998986,
                                                              "Plan Width": 32,
                                                              "parent": 55,
                                                              "ID": 56
                                                            },
                                                            {
                                                              "Node Type": "Hash",
                                                              "Parent Relationship": "Inner",
                                                              "Parallel Aware": true,
                                                              "Async Capable": false,
                                                              "Startup Cost": 2049.55,
                                                              "Total Cost": 2049.55,
                                                              "Plan Rows": 18,
                                                              "Plan Width": 4,
                                                              "Plans": [
                                                                {
                                                                  "Node Type": "Seq Scan",
                                                                  "Parent Relationship": "Outer",
                                                                  "Parallel Aware": true,
                                                                  "Async Capable": false,
                                                                  "Relation Name": "date_dim",
                                                                  "Alias": "date_dim_2",
                                                                  "Startup Cost": 0.0,
                                                                  "Total Cost": 2049.55,
                                                                  "Plan Rows": 18,
                                                                  "Plan Width": 4,
                                                                  "Filter": "((d_date >= '2000-08-25'::date) AND (d_date <= '2000-09-24 00:00:00'::timestamp without time zone))",
                                                                  "parent": 57,
                                                                  "ID": 58
                                                                }
                                                              ],
                                                              "parent": 55,
                                                              "ID": 57,
                                                              "left": 58
                                                            }
                                                          ],
                                                          "parent": 54,
                                                          "ID": 55,
                                                          "left": 56,
                                                          "right": 57
                                                        },
                                                        {
                                                          "Node Type": "Hash",
                                                          "Parent Relationship": "Inner",
                                                          "Parallel Aware": true,
                                                          "Async Capable": false,
                                                          "Startup Cost": 16278.74,
                                                          "Total Cost": 16278.74,
                                                          "Plan Rows": 299674,
                                                          "Plan Width": 20,
                                                          "Plans": [
                                                            {
                                                              "Node Type": "Seq Scan",
                                                              "Parent Relationship": "Outer",
                                                              "Parallel Aware": true,
                                                              "Async Capable": false,
                                                              "Relation Name": "web_returns",
                                                              "Alias": "web_returns",
                                                              "Startup Cost": 0.0,
                                                              "Total Cost": 16278.74,
                                                              "Plan Rows": 299674,
                                                              "Plan Width": 20,
                                                              "parent": 59,
                                                              "ID": 60
                                                            }
                                                          ],
                                                          "parent": 54,
                                                          "ID": 59,
                                                          "left": 60
                                                        }
                                                      ],
                                                      "parent": 53,
                                                      "ID": 54,
                                                      "left": 55,
                                                      "right": 59
                                                    },
                                                    {
                                                      "Node Type": "Hash",
                                                      "Parent Relationship": "Inner",
                                                      "Parallel Aware": true,
                                                      "Async Capable": false,
                                                      "Startup Cost": 7495.25,
                                                      "Total Cost": 7495.25,
                                                      "Plan Rows": 2442,
                                                      "Plan Width": 4,
                                                      "Plans": [
                                                        {
                                                          "Node Type": "Seq Scan",
                                                          "Parent Relationship": "Outer",
                                                          "Parallel Aware": true,
                                                          "Async Capable": false,
                                                          "Relation Name": "item",
                                                          "Alias": "item_2",
                                                          "Startup Cost": 0.0,
                                                          "Total Cost": 7495.25,
                                                          "Plan Rows": 2442,
                                                          "Plan Width": 4,
                                                          "Filter": "(i_current_price > '50'::numeric)",
                                                          "parent": 61,
                                                          "ID": 62
                                                        }
                                                      ],
                                                      "parent": 53,
                                                      "ID": 61,
                                                      "left": 62
                                                    }
                                                  ],
                                                  "parent": 52,
                                                  "ID": 53,
                                                  "left": 54,
                                                  "right": 61
                                                },
                                                {
                                                  "Node Type": "Hash",
                                                  "Parent Relationship": "Inner",
                                                  "Parallel Aware": false,
                                                  "Async Capable": false,
                                                  "Startup Cost": 19.25,
                                                  "Total Cost": 19.25,
                                                  "Plan Rows": 492,
                                                  "Plan Width": 4,
                                                  "Plans": [
                                                    {
                                                      "Node Type": "Seq Scan",
                                                      "Parent Relationship": "Outer",
                                                      "Parallel Aware": false,
                                                      "Async Capable": false,
                                                      "Relation Name": "promotion",
                                                      "Alias": "promotion_2",
                                                      "Startup Cost": 0.0,
                                                      "Total Cost": 19.25,
                                                      "Plan Rows": 492,
                                                      "Plan Width": 4,
                                                      "Filter": "(p_channel_tv = 'N'::bpchar)",
                                                      "parent": 63,
                                                      "ID": 64
                                                    }
                                                  ],
                                                  "parent": 52,
                                                  "ID": 63,
                                                  "left": 64
                                                }
                                              ],
                                              "parent": 51,
                                              "ID": 52,
                                              "left": 53,
                                              "right": 63
                                            },
                                            {
                                              "Node Type": "Hash",
                                              "Parent Relationship": "Inner",
                                              "Parallel Aware": false,
                                              "Async Capable": false,
                                              "Startup Cost": 3.42,
                                              "Total Cost": 3.42,
                                              "Plan Rows": 42,
                                              "Plan Width": 21,
                                              "Plans": [
                                                {
                                                  "Node Type": "Seq Scan",
                                                  "Parent Relationship": "Outer",
                                                  "Parallel Aware": false,
                                                  "Async Capable": false,
                                                  "Relation Name": "web_site",
                                                  "Alias": "web_site",
                                                  "Startup Cost": 0.0,
                                                  "Total Cost": 3.42,
                                                  "Plan Rows": 42,
                                                  "Plan Width": 21,
                                                  "parent": 65,
                                                  "ID": 66
                                                }
                                              ],
                                              "parent": 51,
                                              "ID": 65,
                                              "left": 66
                                            }
                                          ],
                                          "parent": 50,
                                          "ID": 51,
                                          "left": 52,
                                          "right": 65
                                        }
                                      ],
                                      "parent": 49,
                                      "ID": 50,
                                      "left": 51
                                    }
                                  ],
                                  "parent": 48,
                                  "ID": 49,
                                  "left": 50
                                }
                              ],
                              "parent": 47,
                              "ID": 48,
                              "left": 49
                            }
                          ],
                          "parent": 46,
                          "ID": 47,
                          "left": 48
                        }
                      ],
                      "parent": 3,
                      "ID": 46,
                      "left": 47
                    }
                  ],
                  "parent": 2,
                  "ID": 3,
                  "left": 4,
                  "right": 25
                }
              ],
              "parent": 1,
              "ID": 2,
              "left": 3
            }
          ],
          "parent": 0,
          "ID": 1,
          "left": 2
        }
      ],
      "parent": null,
      "ID": 0,
      "left": 1
    },
    "feat": {
      "utility": 2.0854124672976952e-06,
      "query_shape": [
        [
          "Seq Scan",
          "Hash Join",
          "Sort",
          "Aggregate",
          "Gather Merge",
          "Subquery Scan",
          "Append"
        ],
        [
          "Seq Scan",
          "Hash",
          "Hash Join",
          "Sort",
          "Aggregate",
          "Gather Merge",
          "Subquery Scan",
          "Append"
        ],
        [
          "Seq Scan",
          "Hash",
          "Hash Join",
          "Sort",
          "Aggregate",
          "Gather Merge",
          "Subquery Scan",
          "Append"
        ],
        [
          "Seq Scan",
          "Hash",
          "Hash Join",
          "Sort",
          "Aggregate",
          "Gather Merge",
          "Subquery Scan",
          "Append"
        ],
        [
          "Seq Scan",
          "Hash",
          "Hash Join",
          "Sort",
          "Aggregate",
          "Gather Merge",
          "Subquery Scan",
          "Append"
        ],
        [
          "Seq Scan",
          "Hash",
          "Hash Join",
          "Sort",
          "Aggregate",
          "Gather Merge",
          "Subquery Scan",
          "Append"
        ],
        [
          "Seq Scan",
          "Hash Join",
          "Sort",
          "Aggregate",
          "Gather Merge",
          "Subquery Scan",
          "Append"
        ],
        [
          "Seq Scan",
          "Hash",
          "Hash Join",
          "Sort",
          "Aggregate",
          "Gather Merge",
          "Subquery Scan",
          "Append"
        ],
        [
          "Seq Scan",
          "Hash",
          "Hash Join",
          "Sort",
          "Aggregate",
          "Gather Merge",
          "Subquery Scan",
          "Append"
        ],
        [
          "Seq Scan",
          "Hash",
          "Hash Join",
          "Sort",
          "Aggregate",
          "Gather Merge",
          "Subquery Scan",
          "Append"
        ],
        [
          "Seq Scan",
          "Hash",
          "Hash Join",
          "Sort",
          "Aggregate",
          "Gather Merge",
          "Subquery Scan",
          "Append"
        ],
        [
          "Seq Scan",
          "Hash",
          "Hash Join",
          "Sort",
          "Aggregate",
          "Gather Merge",
          "Subquery Scan",
          "Append"
        ],
        [
          "Seq Scan",
          "Hash Join",
          "Sort",
          "Aggregate",
          "Gather Merge",
          "Subquery Scan",
          "Append"
        ],
        [
          "Seq Scan",
          "Hash",
          "Hash Join",
          "Sort",
          "Aggregate",
          "Gather Merge",
          "Subquery Scan",
          "Append"
        ],
        [
          "Seq Scan",
          "Hash",
          "Hash Join",
          "Sort",
          "Aggregate",
          "Gather Merge",
          "Subquery Scan",
          "Append"
        ],
        [
          "Seq Scan",
          "Hash",
          "Hash Join",
          "Sort",
          "Aggregate",
          "Gather Merge",
          "Subquery Scan",
          "Append"
        ],
        [
          "Seq Scan",
          "Hash",
          "Hash Join",
          "Sort",
          "Aggregate",
          "Gather Merge",
          "Subquery Scan",
          "Append"
        ],
        [
          "Seq Scan",
          "Hash",
          "Hash Join",
          "Sort",
          "Aggregate",
          "Gather Merge",
          "Subquery Scan",
          "Append"
        ]
      ],
      "index_shape": [
        "join"
      ],
      "physical_operator": {
        "Hash Join": [
          0.04461466329071502
        ]
      }
    }
  },
  {
    "query": "with ssr as\n (select  s_store_id as store_id,\n          sum(ss_ext_sales_price) as sales,\n          sum(coalesce(sr_return_amt, 0)) as returns,\n          sum(ss_net_profit - coalesce(sr_net_loss, 0)) as profit\n  from store_sales left outer join store_returns on\n         (ss_item_sk = sr_item_sk and ss_ticket_number = sr_ticket_number),\n     date_dim,\n     store,\n     item,\n     promotion\n where ss_sold_date_sk = d_date_sk\n       and d_date between cast('2000-08-25' as date) \n                  and (cast('2000-08-25' as date) +  interval '30 days')\n       and ss_store_sk = s_store_sk\n       and ss_item_sk = i_item_sk\n       and i_current_price > 50\n       and ss_promo_sk = p_promo_sk\n       and p_channel_tv = 'N'\n group by s_store_id)\n ,\n csr as\n (select  cp_catalog_page_id as catalog_page_id,\n          sum(cs_ext_sales_price) as sales,\n          sum(coalesce(cr_return_amount, 0)) as returns,\n          sum(cs_net_profit - coalesce(cr_net_loss, 0)) as profit\n  from catalog_sales left outer join catalog_returns on\n         (cs_item_sk = cr_item_sk and cs_order_number = cr_order_number),\n     date_dim,\n     catalog_page,\n     item,\n     promotion\n where cs_sold_date_sk = d_date_sk\n       and d_date between cast('2000-08-25' as date)\n                  and (cast('2000-08-25' as date) +  interval '30 days')\n        and cs_catalog_page_sk = cp_catalog_page_sk\n       and cs_item_sk = i_item_sk\n       and i_current_price > 50\n       and cs_promo_sk = p_promo_sk\n       and p_channel_tv = 'N'\ngroup by cp_catalog_page_id)\n ,\n wsr as\n (select  web_site_id,\n          sum(ws_ext_sales_price) as sales,\n          sum(coalesce(wr_return_amt, 0)) as returns,\n          sum(ws_net_profit - coalesce(wr_net_loss, 0)) as profit\n  from web_sales left outer join web_returns on\n         (ws_item_sk = wr_item_sk and ws_order_number = wr_order_number),\n     date_dim,\n     web_site,\n     item,\n     promotion\n where ws_sold_date_sk = d_date_sk\n       and d_date between cast('2000-08-25' as date)\n                  and (cast('2000-08-25' as date) +  interval '30 days')\n        and ws_web_site_sk = web_site_sk\n       and ws_item_sk = i_item_sk\n       and i_current_price > 50\n       and ws_promo_sk = p_promo_sk\n       and p_channel_tv = 'N'\ngroup by web_site_id)\n  select  channel\n        , id\n        , sum(sales) as sales\n        , sum(returns) as returns\n        , sum(profit) as profit\n from \n (select 'store channel' as channel\n        , 'store' || store_id as id\n        , sales\n        , returns\n        , profit\n from   ssr\n union all\n select 'catalog channel' as channel\n        , 'catalog_page' || catalog_page_id as id\n        , sales\n        , returns\n        , profit\n from  csr\n union all\n select 'web channel' as channel\n        , 'web_site' || web_site_id as id\n        , sales\n        , returns\n        , profit\n from   wsr\n ) x\n group by rollup (channel, id)\n order by channel\n         ,id\n limit 100;\n\n-- end query 61 in stream 1 using template query80.tpl\n",
    "indexes": "catalog_sales.cs_order_number",
    "wo plan est": {
      "Node Type": "Limit",
      "Parallel Aware": false,
      "Async Capable": false,
      "Startup Cost": 1566793.64,
      "Total Cost": 1566796.93,
      "Plan Rows": 100,
      "Plan Width": 160,
      "Plans": [
        {
          "Node Type": "Aggregate",
          "Strategy": "Sorted",
          "Partial Mode": "Simple",
          "Parent Relationship": "Outer",
          "Parallel Aware": false,
          "Async Capable": false,
          "Startup Cost": 1566793.64,
          "Total Cost": 1566806.84,
          "Plan Rows": 401,
          "Plan Width": 160,
          "Grouping Sets": [
            {
              "Group Keys": [
                [
                  "('store channel'::text)",
                  "(('store'::text || (ssr.store_id)::text))"
                ],
                [
                  "('store channel'::text)"
                ],
                []
              ]
            }
          ],
          "Plans": [
            {
              "Node Type": "Sort",
              "Parent Relationship": "Outer",
              "Parallel Aware": false,
              "Async Capable": false,
              "Startup Cost": 1566793.64,
              "Total Cost": 1566794.67,
              "Plan Rows": 412,
              "Plan Width": 160,
              "Sort Key": [
                "('store channel'::text)",
                "(('store'::text || (ssr.store_id)::text))"
              ],
              "Plans": [
                {
                  "Node Type": "Append",
                  "Parent Relationship": "Outer",
                  "Parallel Aware": false,
                  "Async Capable": false,
                  "Startup Cost": 784596.3,
                  "Total Cost": 1566775.74,
                  "Plan Rows": 412,
                  "Plan Width": 160,
                  "Subplans Removed": 0,
                  "Plans": [
                    {
                      "Node Type": "Subquery Scan",
                      "Parent Relationship": "Member",
                      "Parallel Aware": false,
                      "Async Capable": false,
                      "Alias": "ssr",
                      "Startup Cost": 784596.3,
                      "Total Cost": 784616.16,
                      "Plan Rows": 51,
                      "Plan Width": 160,
                      "Plans": [
                        {
                          "Node Type": "Aggregate",
                          "Strategy": "Sorted",
                          "Partial Mode": "Finalize",
                          "Parent Relationship": "Subquery",
                          "Parallel Aware": false,
                          "Async Capable": false,
                          "Startup Cost": 784596.3,
                          "Total Cost": 784615.39,
                          "Plan Rows": 51,
                          "Plan Width": 113,
                          "Group Key": [
                            "store.s_store_id"
                          ],
                          "Plans": [
                            {
                              "Node Type": "Gather Merge",
                              "Parent Relationship": "Outer",
                              "Parallel Aware": false,
                              "Async Capable": false,
                              "Startup Cost": 784596.3,
                              "Total Cost": 784612.71,
                              "Plan Rows": 102,
                              "Plan Width": 113,
                              "Workers Planned": 2,
                              "Plans": [
                                {
                                  "Node Type": "Aggregate",
                                  "Strategy": "Sorted",
                                  "Partial Mode": "Partial",
                                  "Parent Relationship": "Outer",
                                  "Parallel Aware": false,
                                  "Async Capable": false,
                                  "Startup Cost": 783596.27,
                                  "Total Cost": 783600.92,
                                  "Plan Rows": 51,
                                  "Plan Width": 113,
                                  "Group Key": [
                                    "store.s_store_id"
                                  ],
                                  "Plans": [
                                    {
                                      "Node Type": "Sort",
                                      "Parent Relationship": "Outer",
                                      "Parallel Aware": false,
                                      "Async Capable": false,
                                      "Startup Cost": 783596.27,
                                      "Total Cost": 783596.9,
                                      "Plan Rows": 250,
                                      "Plan Width": 41,
                                      "Sort Key": [
                                        "store.s_store_id"
                                      ],
                                      "Plans": [
                                        {
                                          "Node Type": "Hash Join",
                                          "Parent Relationship": "Outer",
                                          "Parallel Aware": false,
                                          "Async Capable": false,
                                          "Join Type": "Inner",
                                          "Startup Cost": 94489.35,
                                          "Total Cost": 783586.32,
                                          "Plan Rows": 250,
                                          "Plan Width": 41,
                                          "Inner Unique": false,
                                          "Hash Cond": "(store_sales.ss_store_sk = store.s_store_sk)",
                                          "Plans": [
                                            {
                                              "Node Type": "Hash Join",
                                              "Parent Relationship": "Outer",
                                              "Parallel Aware": false,
                                              "Async Capable": false,
                                              "Join Type": "Inner",
                                              "Startup Cost": 94482.05,
                                              "Total Cost": 783575.54,
                                              "Plan Rows": 262,
                                              "Plan Width": 28,
                                              "Inner Unique": false,
                                              "Hash Cond": "(store_sales.ss_promo_sk = promotion.p_promo_sk)",
                                              "Plans": [
                                                {
                                                  "Node Type": "Hash Join",
                                                  "Parent Relationship": "Outer",
                                                  "Parallel Aware": true,
                                                  "Async Capable": false,
                                                  "Join Type": "Inner",
                                                  "Startup Cost": 94456.65,
                                                  "Total Cost": 783546.47,
                                                  "Plan Rows": 279,
                                                  "Plan Width": 32,
                                                  "Inner Unique": false,
                                                  "Hash Cond": "(store_sales.ss_item_sk = item.i_item_sk)",
                                                  "Plans": [
                                                    {
                                                      "Node Type": "Hash Join",
                                                      "Parent Relationship": "Outer",
                                                      "Parallel Aware": true,
                                                      "Async Capable": false,
                                                      "Join Type": "Left",
                                                      "Startup Cost": 86930.88,
                                                      "Total Cost": 776001.31,
                                                      "Plan Rows": 4860,
                                                      "Plan Width": 36,
                                                      "Inner Unique": false,
                                                      "Hash Cond": "((store_sales.ss_item_sk = store_returns.sr_item_sk) AND (store_sales.ss_ticket_number = store_returns.sr_ticket_number))",
                                                      "Plans": [
                                                        {
                                                          "Node Type": "Hash Join",
                                                          "Parent Relationship": "Outer",
                                                          "Parallel Aware": true,
                                                          "Async Capable": false,
                                                          "Join Type": "Inner",
                                                          "Startup Cost": 2049.78,
                                                          "Total Cost": 683994.75,
                                                          "Plan Rows": 4860,
                                                          "Plan Width": 28,
                                                          "Inner Unique": false,
                                                          "Hash Cond": "(store_sales.ss_sold_date_sk = date_dim.d_date_sk)",
                                                          "Plans": [
                                                            {
                                                              "Node Type": "Seq Scan",
                                                              "Parent Relationship": "Outer",
                                                              "Parallel Aware": true,
                                                              "Async Capable": false,
                                                              "Relation Name": "store_sales",
                                                              "Alias": "store_sales",
                                                              "Startup Cost": 0.0,
                                                              "Total Cost": 636914.37,
                                                              "Plan Rows": 12000637,
                                                              "Plan Width": 32,
                                                              "parent": 13,
                                                              "ID": 14
                                                            },
                                                            {
                                                              "Node Type": "Hash",
                                                              "Parent Relationship": "Inner",
                                                              "Parallel Aware": true,
                                                              "Async Capable": false,
                                                              "Startup Cost": 2049.55,
                                                              "Total Cost": 2049.55,
                                                              "Plan Rows": 18,
                                                              "Plan Width": 4,
                                                              "Plans": [
                                                                {
                                                                  "Node Type": "Seq Scan",
                                                                  "Parent Relationship": "Outer",
                                                                  "Parallel Aware": true,
                                                                  "Async Capable": false,
                                                                  "Relation Name": "date_dim",
                                                                  "Alias": "date_dim",
                                                                  "Startup Cost": 0.0,
                                                                  "Total Cost": 2049.55,
                                                                  "Plan Rows": 18,
                                                                  "Plan Width": 4,
                                                                  "Filter": "((d_date >= '2000-08-25'::date) AND (d_date <= '2000-09-24 00:00:00'::timestamp without time zone))",
                                                                  "parent": 15,
                                                                  "ID": 16
                                                                }
                                                              ],
                                                              "parent": 13,
                                                              "ID": 15,
                                                              "left": 16
                                                            }
                                                          ],
                                                          "parent": 12,
                                                          "ID": 13,
                                                          "left": 14,
                                                          "right": 15
                                                        },
                                                        {
                                                          "Node Type": "Hash",
                                                          "Parent Relationship": "Inner",
                                                          "Parallel Aware": true,
                                                          "Async Capable": false,
                                                          "Startup Cost": 59887.64,
                                                          "Total Cost": 59887.64,
                                                          "Plan Rows": 1198164,
                                                          "Plan Width": 20,
                                                          "Plans": [
                                                            {
                                                              "Node Type": "Seq Scan",
                                                              "Parent Relationship": "Outer",
                                                              "Parallel Aware": true,
                                                              "Async Capable": false,
                                                              "Relation Name": "store_returns",
                                                              "Alias": "store_returns",
                                                              "Startup Cost": 0.0,
                                                              "Total Cost": 59887.64,
                                                              "Plan Rows": 1198164,
                                                              "Plan Width": 20,
                                                              "parent": 17,
                                                              "ID": 18
                                                            }
                                                          ],
                                                          "parent": 12,
                                                          "ID": 17,
                                                          "left": 18
                                                        }
                                                      ],
                                                      "parent": 11,
                                                      "ID": 12,
                                                      "left": 13,
                                                      "right": 17
                                                    },
                                                    {
                                                      "Node Type": "Hash",
                                                      "Parent Relationship": "Inner",
                                                      "Parallel Aware": true,
                                                      "Async Capable": false,
                                                      "Startup Cost": 7495.25,
                                                      "Total Cost": 7495.25,
                                                      "Plan Rows": 2442,
                                                      "Plan Width": 4,
                                                      "Plans": [
                                                        {
                                                          "Node Type": "Seq Scan",
                                                          "Parent Relationship": "Outer",
                                                          "Parallel Aware": true,
                                                          "Async Capable": false,
                                                          "Relation Name": "item",
                                                          "Alias": "item",
                                                          "Startup Cost": 0.0,
                                                          "Total Cost": 7495.25,
                                                          "Plan Rows": 2442,
                                                          "Plan Width": 4,
                                                          "Filter": "(i_current_price > '50'::numeric)",
                                                          "parent": 19,
                                                          "ID": 20
                                                        }
                                                      ],
                                                      "parent": 11,
                                                      "ID": 19,
                                                      "left": 20
                                                    }
                                                  ],
                                                  "parent": 10,
                                                  "ID": 11,
                                                  "left": 12,
                                                  "right": 19
                                                },
                                                {
                                                  "Node Type": "Hash",
                                                  "Parent Relationship": "Inner",
                                                  "Parallel Aware": false,
                                                  "Async Capable": false,
                                                  "Startup Cost": 19.25,
                                                  "Total Cost": 19.25,
                                                  "Plan Rows": 492,
                                                  "Plan Width": 4,
                                                  "Plans": [
                                                    {
                                                      "Node Type": "Seq Scan",
                                                      "Parent Relationship": "Outer",
                                                      "Parallel Aware": false,
                                                      "Async Capable": false,
                                                      "Relation Name": "promotion",
                                                      "Alias": "promotion",
                                                      "Startup Cost": 0.0,
                                                      "Total Cost": 19.25,
                                                      "Plan Rows": 492,
                                                      "Plan Width": 4,
                                                      "Filter": "(p_channel_tv = 'N'::bpchar)",
                                                      "parent": 21,
                                                      "ID": 22
                                                    }
                                                  ],
                                                  "parent": 10,
                                                  "ID": 21,
                                                  "left": 22
                                                }
                                              ],
                                              "parent": 9,
                                              "ID": 10,
                                              "left": 11,
                                              "right": 21
                                            },
                                            {
                                              "Node Type": "Hash",
                                              "Parent Relationship": "Inner",
                                              "Parallel Aware": false,
                                              "Async Capable": false,
                                              "Startup Cost": 6.02,
                                              "Total Cost": 6.02,
                                              "Plan Rows": 102,
                                              "Plan Width": 21,
                                              "Plans": [
                                                {
                                                  "Node Type": "Seq Scan",
                                                  "Parent Relationship": "Outer",
                                                  "Parallel Aware": false,
                                                  "Async Capable": false,
                                                  "Relation Name": "store",
                                                  "Alias": "store",
                                                  "Startup Cost": 0.0,
                                                  "Total Cost": 6.02,
                                                  "Plan Rows": 102,
                                                  "Plan Width": 21,
                                                  "parent": 23,
                                                  "ID": 24
                                                }
                                              ],
                                              "parent": 9,
                                              "ID": 23,
                                              "left": 24
                                            }
                                          ],
                                          "parent": 8,
                                          "ID": 9,
                                          "left": 10,
                                          "right": 23
                                        }
                                      ],
                                      "parent": 7,
                                      "ID": 8,
                                      "left": 9
                                    }
                                  ],
                                  "parent": 6,
                                  "ID": 7,
                                  "left": 8
                                }
                              ],
                              "parent": 5,
                              "ID": 6,
                              "left": 7
                            }
                          ],
                          "parent": 4,
                          "ID": 5,
                          "left": 6
                        }
                      ],
                      "parent": 3,
                      "ID": 4,
                      "left": 5
                    },
                    {
                      "Node Type": "Subquery Scan",
                      "Parent Relationship": "Member",
                      "Parallel Aware": false,
                      "Async Capable": false,
                      "Alias": "csr",
                      "Startup Cost": 518177.36,
                      "Total Cost": 518230.78,
                      "Plan Rows": 340,
                      "Plan Width": 160,
                      "Plans": [
                        {
                          "Node Type": "Aggregate",
                          "Strategy": "Sorted",
                          "Partial Mode": "Finalize",
                          "Parent Relationship": "Subquery",
                          "Parallel Aware": false,
                          "Async Capable": false,
                          "Startup Cost": 518177.36,
                          "Total Cost": 518225.68,
                          "Plan Rows": 340,
                          "Plan Width": 113,
                          "Group Key": [
                            "catalog_page.cp_catalog_page_id"
                          ],
                          "Plans": [
                            {
                              "Node Type": "Gather Merge",
                              "Parent Relationship": "Outer",
                              "Parallel Aware": false,
                              "Async Capable": false,
                              "Startup Cost": 518177.36,
                              "Total Cost": 518214.76,
                              "Plan Rows": 284,
                              "Plan Width": 113,
                              "Workers Planned": 2,
                              "Plans": [
                                {
                                  "Node Type": "Aggregate",
                                  "Strategy": "Sorted",
                                  "Partial Mode": "Partial",
                                  "Parent Relationship": "Outer",
                                  "Parallel Aware": false,
                                  "Async Capable": false,
                                  "Startup Cost": 517177.34,
                                  "Total Cost": 517181.95,
                                  "Plan Rows": 142,
                                  "Plan Width": 113,
                                  "Group Key": [
                                    "catalog_page.cp_catalog_page_id"
                                  ],
                                  "Plans": [
                                    {
                                      "Node Type": "Sort",
                                      "Parent Relationship": "Outer",
                                      "Parallel Aware": false,
                                      "Async Capable": false,
                                      "Startup Cost": 517177.34,
                                      "Total Cost": 517177.69,
                                      "Plan Rows": 142,
                                      "Plan Width": 41,
                                      "Sort Key": [
                                        "catalog_page.cp_catalog_page_id"
                                      ],
                                      "Plans": [
                                        {
                                          "Node Type": "Hash Join",
                                          "Parent Relationship": "Outer",
                                          "Parallel Aware": false,
                                          "Async Capable": false,
                                          "Join Type": "Inner",
                                          "Startup Cost": 57382.33,
                                          "Total Cost": 517172.26,
                                          "Plan Rows": 142,
                                          "Plan Width": 41,
                                          "Inner Unique": false,
                                          "Hash Cond": "(catalog_sales.cs_catalog_page_sk = catalog_page.cp_catalog_page_sk)",
                                          "Plans": [
                                            {
                                              "Node Type": "Hash Join",
                                              "Parent Relationship": "Outer",
                                              "Parallel Aware": false,
                                              "Async Capable": false,
                                              "Join Type": "Inner",
                                              "Startup Cost": 56864.33,
                                              "Total Cost": 516652.32,
                                              "Plan Rows": 142,
                                              "Plan Width": 28,
                                              "Inner Unique": false,
                                              "Hash Cond": "(catalog_sales.cs_promo_sk = promotion_1.p_promo_sk)",
                                              "Plans": [
                                                {
                                                  "Node Type": "Hash Join",
                                                  "Parent Relationship": "Outer",
                                                  "Parallel Aware": true,
                                                  "Async Capable": false,
                                                  "Join Type": "Inner",
                                                  "Startup Cost": 56838.93,
                                                  "Total Cost": 516624.96,
                                                  "Plan Rows": 145,
                                                  "Plan Width": 32,
                                                  "Inner Unique": false,
                                                  "Hash Cond": "(catalog_sales.cs_item_sk = item_1.i_item_sk)",
                                                  "Plans": [
                                                    {
                                                      "Node Type": "Hash Join",
                                                      "Parent Relationship": "Outer",
                                                      "Parallel Aware": true,
                                                      "Async Capable": false,
                                                      "Join Type": "Left",
                                                      "Startup Cost": 49313.15,
                                                      "Total Cost": 509089.08,
                                                      "Plan Rows": 2532,
                                                      "Plan Width": 36,
                                                      "Inner Unique": false,
                                                      "Hash Cond": "((catalog_sales.cs_item_sk = catalog_returns.cr_item_sk) AND (catalog_sales.cs_order_number = catalog_returns.cr_order_number))",
                                                      "Plans": [
                                                        {
                                                          "Node Type": "Hash Join",
                                                          "Parent Relationship": "Outer",
                                                          "Parallel Aware": true,
                                                          "Async Capable": false,
                                                          "Join Type": "Inner",
                                                          "Startup Cost": 2049.78,
                                                          "Total Cost": 458254.7,
                                                          "Plan Rows": 2532,
                                                          "Plan Width": 28,
                                                          "Inner Unique": false,
                                                          "Hash Cond": "(catalog_sales.cs_sold_date_sk = date_dim_1.d_date_sk)",
                                                          "Plans": [
                                                            {
                                                              "Node Type": "Seq Scan",
                                                              "Parent Relationship": "Outer",
                                                              "Parallel Aware": true,
                                                              "Async Capable": false,
                                                              "Relation Name": "catalog_sales",
                                                              "Alias": "catalog_sales",
                                                              "Startup Cost": 0.0,
                                                              "Total Cost": 433688.25,
                                                              "Plan Rows": 6000525,
                                                              "Plan Width": 32,
                                                              "parent": 34,
                                                              "ID": 35
                                                            },
                                                            {
                                                              "Node Type": "Hash",
                                                              "Parent Relationship": "Inner",
                                                              "Parallel Aware": true,
                                                              "Async Capable": false,
                                                              "Startup Cost": 2049.55,
                                                              "Total Cost": 2049.55,
                                                              "Plan Rows": 18,
                                                              "Plan Width": 4,
                                                              "Plans": [
                                                                {
                                                                  "Node Type": "Seq Scan",
                                                                  "Parent Relationship": "Outer",
                                                                  "Parallel Aware": true,
                                                                  "Async Capable": false,
                                                                  "Relation Name": "date_dim",
                                                                  "Alias": "date_dim_1",
                                                                  "Startup Cost": 0.0,
                                                                  "Total Cost": 2049.55,
                                                                  "Plan Rows": 18,
                                                                  "Plan Width": 4,
                                                                  "Filter": "((d_date >= '2000-08-25'::date) AND (d_date <= '2000-09-24 00:00:00'::timestamp without time zone))",
                                                                  "parent": 36,
                                                                  "ID": 37
                                                                }
                                                              ],
                                                              "parent": 34,
                                                              "ID": 36,
                                                              "left": 37
                                                            }
                                                          ],
                                                          "parent": 33,
                                                          "ID": 34,
                                                          "left": 35,
                                                          "right": 36
                                                        },
                                                        {
                                                          "Node Type": "Hash",
                                                          "Parent Relationship": "Inner",
                                                          "Parallel Aware": true,
                                                          "Async Capable": false,
                                                          "Startup Cost": 34748.95,
                                                          "Total Cost": 34748.95,
                                                          "Plan Rows": 599895,
                                                          "Plan Width": 20,
                                                          "Plans": [
                                                            {
                                                              "Node Type": "Seq Scan",
                                                              "Parent Relationship": "Outer",
                                                              "Parallel Aware": true,
                                                              "Async Capable": false,
                                                              "Relation Name": "catalog_returns",
                                                              "Alias": "catalog_returns",
                                                              "Startup Cost": 0.0,
                                                              "Total Cost": 34748.95,
                                                              "Plan Rows": 599895,
                                                              "Plan Width": 20,
                                                              "parent": 38,
                                                              "ID": 39
                                                            }
                                                          ],
                                                          "parent": 33,
                                                          "ID": 38,
                                                          "left": 39
                                                        }
                                                      ],
                                                      "parent": 32,
                                                      "ID": 33,
                                                      "left": 34,
                                                      "right": 38
                                                    },
                                                    {
                                                      "Node Type": "Hash",
                                                      "Parent Relationship": "Inner",
                                                      "Parallel Aware": true,
                                                      "Async Capable": false,
                                                      "Startup Cost": 7495.25,
                                                      "Total Cost": 7495.25,
                                                      "Plan Rows": 2442,
                                                      "Plan Width": 4,
                                                      "Plans": [
                                                        {
                                                          "Node Type": "Seq Scan",
                                                          "Parent Relationship": "Outer",
                                                          "Parallel Aware": true,
                                                          "Async Capable": false,
                                                          "Relation Name": "item",
                                                          "Alias": "item_1",
                                                          "Startup Cost": 0.0,
                                                          "Total Cost": 7495.25,
                                                          "Plan Rows": 2442,
                                                          "Plan Width": 4,
                                                          "Filter": "(i_current_price > '50'::numeric)",
                                                          "parent": 40,
                                                          "ID": 41
                                                        }
                                                      ],
                                                      "parent": 32,
                                                      "ID": 40,
                                                      "left": 41
                                                    }
                                                  ],
                                                  "parent": 31,
                                                  "ID": 32,
                                                  "left": 33,
                                                  "right": 40
                                                },
                                                {
                                                  "Node Type": "Hash",
                                                  "Parent Relationship": "Inner",
                                                  "Parallel Aware": false,
                                                  "Async Capable": false,
                                                  "Startup Cost": 19.25,
                                                  "Total Cost": 19.25,
                                                  "Plan Rows": 492,
                                                  "Plan Width": 4,
                                                  "Plans": [
                                                    {
                                                      "Node Type": "Seq Scan",
                                                      "Parent Relationship": "Outer",
                                                      "Parallel Aware": false,
                                                      "Async Capable": false,
                                                      "Relation Name": "promotion",
                                                      "Alias": "promotion_1",
                                                      "Startup Cost": 0.0,
                                                      "Total Cost": 19.25,
                                                      "Plan Rows": 492,
                                                      "Plan Width": 4,
                                                      "Filter": "(p_channel_tv = 'N'::bpchar)",
                                                      "parent": 42,
                                                      "ID": 43
                                                    }
                                                  ],
                                                  "parent": 31,
                                                  "ID": 42,
                                                  "left": 43
                                                }
                                              ],
                                              "parent": 30,
                                              "ID": 31,
                                              "left": 32,
                                              "right": 42
                                            },
                                            {
                                              "Node Type": "Hash",
                                              "Parent Relationship": "Inner",
                                              "Parallel Aware": false,
                                              "Async Capable": false,
                                              "Startup Cost": 368.0,
                                              "Total Cost": 368.0,
                                              "Plan Rows": 12000,
                                              "Plan Width": 21,
                                              "Plans": [
                                                {
                                                  "Node Type": "Seq Scan",
                                                  "Parent Relationship": "Outer",
                                                  "Parallel Aware": false,
                                                  "Async Capable": false,
                                                  "Relation Name": "catalog_page",
                                                  "Alias": "catalog_page",
                                                  "Startup Cost": 0.0,
                                                  "Total Cost": 368.0,
                                                  "Plan Rows": 12000,
                                                  "Plan Width": 21,
                                                  "parent": 44,
                                                  "ID": 45
                                                }
                                              ],
                                              "parent": 30,
                                              "ID": 44,
                                              "left": 45
                                            }
                                          ],
                                          "parent": 29,
                                          "ID": 30,
                                          "left": 31,
                                          "right": 44
                                        }
                                      ],
                                      "parent": 28,
                                      "ID": 29,
                                      "left": 30
                                    }
                                  ],
                                  "parent": 27,
                                  "ID": 28,
                                  "left": 29
                                }
                              ],
                              "parent": 26,
                              "ID": 27,
                              "left": 28
                            }
                          ],
                          "parent": 25,
                          "ID": 26,
                          "left": 27
                        }
                      ],
                      "parent": 3,
                      "ID": 25,
                      "left": 26
                    },
                    {
                      "Node Type": "Subquery Scan",
                      "Parent Relationship": "Member",
                      "Parallel Aware": false,
                      "Async Capable": false,
                      "Alias": "wsr",
                      "Startup Cost": 263919.04,
                      "Total Cost": 263926.75,
                      "Plan Rows": 21,
                      "Plan Width": 160,
                      "Plans": [
                        {
                          "Node Type": "Aggregate",
                          "Strategy": "Sorted",
                          "Partial Mode": "Finalize",
                          "Parent Relationship": "Subquery",
                          "Parallel Aware": false,
                          "Async Capable": false,
                          "Startup Cost": 263919.04,
                          "Total Cost": 263926.43,
                          "Plan Rows": 21,
                          "Plan Width": 113,
                          "Group Key": [
                            "web_site.web_site_id"
                          ],
                          "Plans": [
                            {
                              "Node Type": "Gather Merge",
                              "Parent Relationship": "Outer",
                              "Parallel Aware": false,
                              "Async Capable": false,
                              "Startup Cost": 263919.04,
                              "Total Cost": 263925.33,
                              "Plan Rows": 42,
                              "Plan Width": 113,
                              "Workers Planned": 2,
                              "Plans": [
                                {
                                  "Node Type": "Aggregate",
                                  "Strategy": "Sorted",
                                  "Partial Mode": "Partial",
                                  "Parent Relationship": "Outer",
                                  "Parallel Aware": false,
                                  "Async Capable": false,
                                  "Startup Cost": 262919.01,
                                  "Total Cost": 262920.46,
                                  "Plan Rows": 21,
                                  "Plan Width": 113,
                                  "Group Key": [
                                    "web_site.web_site_id"
                                  ],
                                  "Plans": [
                                    {
                                      "Node Type": "Sort",
                                      "Parent Relationship": "Outer",
                                      "Parallel Aware": false,
                                      "Async Capable": false,
                                      "Startup Cost": 262919.01,
                                      "Total Cost": 262919.19,
                                      "Plan Rows": 72,
                                      "Plan Width": 41,
                                      "Sort Key": [
                                        "web_site.web_site_id"
                                      ],
                                      "Plans": [
                                        {
                                          "Node Type": "Hash Join",
                                          "Parent Relationship": "Outer",
                                          "Parallel Aware": false,
                                          "Async Capable": false,
                                          "Join Type": "Inner",
                                          "Startup Cost": 32134.74,
                                          "Total Cost": 262916.79,
                                          "Plan Rows": 72,
                                          "Plan Width": 41,
                                          "Inner Unique": false,
                                          "Hash Cond": "(web_sales.ws_web_site_sk = web_site.web_site_sk)",
                                          "Plans": [
                                            {
                                              "Node Type": "Hash Join",
                                              "Parent Relationship": "Outer",
                                              "Parallel Aware": false,
                                              "Async Capable": false,
                                              "Join Type": "Inner",
                                              "Startup Cost": 32130.8,
                                              "Total Cost": 262911.86,
                                              "Plan Rows": 72,
                                              "Plan Width": 28,
                                              "Inner Unique": false,
                                              "Hash Cond": "(web_sales.ws_promo_sk = promotion_2.p_promo_sk)",
                                              "Plans": [
                                                {
                                                  "Node Type": "Hash Join",
                                                  "Parent Relationship": "Outer",
                                                  "Parallel Aware": true,
                                                  "Async Capable": false,
                                                  "Join Type": "Inner",
                                                  "Startup Cost": 32105.4,
                                                  "Total Cost": 262885.46,
                                                  "Plan Rows": 73,
                                                  "Plan Width": 32,
                                                  "Inner Unique": false,
                                                  "Hash Cond": "(web_sales.ws_item_sk = item_2.i_item_sk)",
                                                  "Plans": [
                                                    {
                                                      "Node Type": "Hash Join",
                                                      "Parent Relationship": "Outer",
                                                      "Parallel Aware": true,
                                                      "Async Capable": false,
                                                      "Join Type": "Left",
                                                      "Startup Cost": 24579.62,
                                                      "Total Cost": 255354.62,
                                                      "Plan Rows": 1272,
                                                      "Plan Width": 36,
                                                      "Inner Unique": false,
                                                      "Hash Cond": "((web_sales.ws_item_sk = web_returns.wr_item_sk) AND (web_sales.ws_order_number = web_returns.wr_order_number))",
                                                      "Plans": [
                                                        {
                                                          "Node Type": "Hash Join",
                                                          "Parent Relationship": "Outer",
                                                          "Parallel Aware": true,
                                                          "Async Capable": false,
                                                          "Join Type": "Inner",
                                                          "Startup Cost": 2049.78,
                                                          "Total Cost": 231041.22,
                                                          "Plan Rows": 1272,
                                                          "Plan Width": 28,
                                                          "Inner Unique": false,
                                                          "Hash Cond": "(web_sales.ws_sold_date_sk = date_dim_2.d_date_sk)",
                                                          "Plans": [
                                                            {
                                                              "Node Type": "Seq Scan",
                                                              "Parent Relationship": "Outer",
                                                              "Parallel Aware": true,
                                                              "Async Capable": false,
                                                              "Relation Name": "web_sales",
                                                              "Alias": "web_sales",
                                                              "Startup Cost": 0.0,
                                                              "Total Cost": 217737.86,
                                                              "Plan Rows": 2998986,
                                                              "Plan Width": 32,
                                                              "parent": 55,
                                                              "ID": 56
                                                            },
                                                            {
                                                              "Node Type": "Hash",
                                                              "Parent Relationship": "Inner",
                                                              "Parallel Aware": true,
                                                              "Async Capable": false,
                                                              "Startup Cost": 2049.55,
                                                              "Total Cost": 2049.55,
                                                              "Plan Rows": 18,
                                                              "Plan Width": 4,
                                                              "Plans": [
                                                                {
                                                                  "Node Type": "Seq Scan",
                                                                  "Parent Relationship": "Outer",
                                                                  "Parallel Aware": true,
                                                                  "Async Capable": false,
                                                                  "Relation Name": "date_dim",
                                                                  "Alias": "date_dim_2",
                                                                  "Startup Cost": 0.0,
                                                                  "Total Cost": 2049.55,
                                                                  "Plan Rows": 18,
                                                                  "Plan Width": 4,
                                                                  "Filter": "((d_date >= '2000-08-25'::date) AND (d_date <= '2000-09-24 00:00:00'::timestamp without time zone))",
                                                                  "parent": 57,
                                                                  "ID": 58
                                                                }
                                                              ],
                                                              "parent": 55,
                                                              "ID": 57,
                                                              "left": 58
                                                            }
                                                          ],
                                                          "parent": 54,
                                                          "ID": 55,
                                                          "left": 56,
                                                          "right": 57
                                                        },
                                                        {
                                                          "Node Type": "Hash",
                                                          "Parent Relationship": "Inner",
                                                          "Parallel Aware": true,
                                                          "Async Capable": false,
                                                          "Startup Cost": 16278.74,
                                                          "Total Cost": 16278.74,
                                                          "Plan Rows": 299674,
                                                          "Plan Width": 20,
                                                          "Plans": [
                                                            {
                                                              "Node Type": "Seq Scan",
                                                              "Parent Relationship": "Outer",
                                                              "Parallel Aware": true,
                                                              "Async Capable": false,
                                                              "Relation Name": "web_returns",
                                                              "Alias": "web_returns",
                                                              "Startup Cost": 0.0,
                                                              "Total Cost": 16278.74,
                                                              "Plan Rows": 299674,
                                                              "Plan Width": 20,
                                                              "parent": 59,
                                                              "ID": 60
                                                            }
                                                          ],
                                                          "parent": 54,
                                                          "ID": 59,
                                                          "left": 60
                                                        }
                                                      ],
                                                      "parent": 53,
                                                      "ID": 54,
                                                      "left": 55,
                                                      "right": 59
                                                    },
                                                    {
                                                      "Node Type": "Hash",
                                                      "Parent Relationship": "Inner",
                                                      "Parallel Aware": true,
                                                      "Async Capable": false,
                                                      "Startup Cost": 7495.25,
                                                      "Total Cost": 7495.25,
                                                      "Plan Rows": 2442,
                                                      "Plan Width": 4,
                                                      "Plans": [
                                                        {
                                                          "Node Type": "Seq Scan",
                                                          "Parent Relationship": "Outer",
                                                          "Parallel Aware": true,
                                                          "Async Capable": false,
                                                          "Relation Name": "item",
                                                          "Alias": "item_2",
                                                          "Startup Cost": 0.0,
                                                          "Total Cost": 7495.25,
                                                          "Plan Rows": 2442,
                                                          "Plan Width": 4,
                                                          "Filter": "(i_current_price > '50'::numeric)",
                                                          "parent": 61,
                                                          "ID": 62
                                                        }
                                                      ],
                                                      "parent": 53,
                                                      "ID": 61,
                                                      "left": 62
                                                    }
                                                  ],
                                                  "parent": 52,
                                                  "ID": 53,
                                                  "left": 54,
                                                  "right": 61
                                                },
                                                {
                                                  "Node Type": "Hash",
                                                  "Parent Relationship": "Inner",
                                                  "Parallel Aware": false,
                                                  "Async Capable": false,
                                                  "Startup Cost": 19.25,
                                                  "Total Cost": 19.25,
                                                  "Plan Rows": 492,
                                                  "Plan Width": 4,
                                                  "Plans": [
                                                    {
                                                      "Node Type": "Seq Scan",
                                                      "Parent Relationship": "Outer",
                                                      "Parallel Aware": false,
                                                      "Async Capable": false,
                                                      "Relation Name": "promotion",
                                                      "Alias": "promotion_2",
                                                      "Startup Cost": 0.0,
                                                      "Total Cost": 19.25,
                                                      "Plan Rows": 492,
                                                      "Plan Width": 4,
                                                      "Filter": "(p_channel_tv = 'N'::bpchar)",
                                                      "parent": 63,
                                                      "ID": 64
                                                    }
                                                  ],
                                                  "parent": 52,
                                                  "ID": 63,
                                                  "left": 64
                                                }
                                              ],
                                              "parent": 51,
                                              "ID": 52,
                                              "left": 53,
                                              "right": 63
                                            },
                                            {
                                              "Node Type": "Hash",
                                              "Parent Relationship": "Inner",
                                              "Parallel Aware": false,
                                              "Async Capable": false,
                                              "Startup Cost": 3.42,
                                              "Total Cost": 3.42,
                                              "Plan Rows": 42,
                                              "Plan Width": 21,
                                              "Plans": [
                                                {
                                                  "Node Type": "Seq Scan",
                                                  "Parent Relationship": "Outer",
                                                  "Parallel Aware": false,
                                                  "Async Capable": false,
                                                  "Relation Name": "web_site",
                                                  "Alias": "web_site",
                                                  "Startup Cost": 0.0,
                                                  "Total Cost": 3.42,
                                                  "Plan Rows": 42,
                                                  "Plan Width": 21,
                                                  "parent": 65,
                                                  "ID": 66
                                                }
                                              ],
                                              "parent": 51,
                                              "ID": 65,
                                              "left": 66
                                            }
                                          ],
                                          "parent": 50,
                                          "ID": 51,
                                          "left": 52,
                                          "right": 65
                                        }
                                      ],
                                      "parent": 49,
                                      "ID": 50,
                                      "left": 51
                                    }
                                  ],
                                  "parent": 48,
                                  "ID": 49,
                                  "left": 50
                                }
                              ],
                              "parent": 47,
                              "ID": 48,
                              "left": 49
                            }
                          ],
                          "parent": 46,
                          "ID": 47,
                          "left": 48
                        }
                      ],
                      "parent": 3,
                      "ID": 46,
                      "left": 47
                    }
                  ],
                  "parent": 2,
                  "ID": 3,
                  "left": 4,
                  "right": 25
                }
              ],
              "parent": 1,
              "ID": 2,
              "left": 3
            }
          ],
          "parent": 0,
          "ID": 1,
          "left": 2
        }
      ],
      "parent": null,
      "ID": 0,
      "left": 1
    },
    "feat": {
      "utility": 2.179979005067697e-06,
      "query_shape": [
        [
          "Seq Scan",
          "Hash Join",
          "Sort",
          "Aggregate",
          "Gather Merge",
          "Subquery Scan",
          "Append"
        ],
        [
          "Seq Scan",
          "Hash",
          "Hash Join",
          "Sort",
          "Aggregate",
          "Gather Merge",
          "Subquery Scan",
          "Append"
        ],
        [
          "Seq Scan",
          "Hash",
          "Hash Join",
          "Sort",
          "Aggregate",
          "Gather Merge",
          "Subquery Scan",
          "Append"
        ],
        [
          "Seq Scan",
          "Hash",
          "Hash Join",
          "Sort",
          "Aggregate",
          "Gather Merge",
          "Subquery Scan",
          "Append"
        ],
        [
          "Seq Scan",
          "Hash",
          "Hash Join",
          "Sort",
          "Aggregate",
          "Gather Merge",
          "Subquery Scan",
          "Append"
        ],
        [
          "Seq Scan",
          "Hash",
          "Hash Join",
          "Sort",
          "Aggregate",
          "Gather Merge",
          "Subquery Scan",
          "Append"
        ],
        [
          "Seq Scan",
          "Hash Join",
          "Sort",
          "Aggregate",
          "Gather Merge",
          "Subquery Scan",
          "Append"
        ],
        [
          "Seq Scan",
          "Hash",
          "Hash Join",
          "Sort",
          "Aggregate",
          "Gather Merge",
          "Subquery Scan",
          "Append"
        ],
        [
          "Seq Scan",
          "Hash",
          "Hash Join",
          "Sort",
          "Aggregate",
          "Gather Merge",
          "Subquery Scan",
          "Append"
        ],
        [
          "Seq Scan",
          "Hash",
          "Hash Join",
          "Sort",
          "Aggregate",
          "Gather Merge",
          "Subquery Scan",
          "Append"
        ],
        [
          "Seq Scan",
          "Hash",
          "Hash Join",
          "Sort",
          "Aggregate",
          "Gather Merge",
          "Subquery Scan",
          "Append"
        ],
        [
          "Seq Scan",
          "Hash",
          "Hash Join",
          "Sort",
          "Aggregate",
          "Gather Merge",
          "Subquery Scan",
          "Append"
        ],
        [
          "Seq Scan",
          "Hash Join",
          "Sort",
          "Aggregate",
          "Gather Merge",
          "Subquery Scan",
          "Append"
        ],
        [
          "Seq Scan",
          "Hash",
          "Hash Join",
          "Sort",
          "Aggregate",
          "Gather Merge",
          "Subquery Scan",
          "Append"
        ],
        [
          "Seq Scan",
          "Hash",
          "Hash Join",
          "Sort",
          "Aggregate",
          "Gather Merge",
          "Subquery Scan",
          "Append"
        ],
        [
          "Seq Scan",
          "Hash",
          "Hash Join",
          "Sort",
          "Aggregate",
          "Gather Merge",
          "Subquery Scan",
          "Append"
        ],
        [
          "Seq Scan",
          "Hash",
          "Hash Join",
          "Sort",
          "Aggregate",
          "Gather Merge",
          "Subquery Scan",
          "Append"
        ],
        [
          "Seq Scan",
          "Hash",
          "Hash Join",
          "Sort",
          "Aggregate",
          "Gather Merge",
          "Subquery Scan",
          "Append"
        ]
      ],
      "index_shape": [
        "join"
      ],
      "physical_operator": {
        "Hash Join": [
          0.0012911074255784968
        ]
      }
    }
  },
  {
    "query": "with ssr as\n (select  s_store_id as store_id,\n          sum(ss_ext_sales_price) as sales,\n          sum(coalesce(sr_return_amt, 0)) as returns,\n          sum(ss_net_profit - coalesce(sr_net_loss, 0)) as profit\n  from store_sales left outer join store_returns on\n         (ss_item_sk = sr_item_sk and ss_ticket_number = sr_ticket_number),\n     date_dim,\n     store,\n     item,\n     promotion\n where ss_sold_date_sk = d_date_sk\n       and d_date between cast('2000-08-25' as date) \n                  and (cast('2000-08-25' as date) +  interval '30 days')\n       and ss_store_sk = s_store_sk\n       and ss_item_sk = i_item_sk\n       and i_current_price > 50\n       and ss_promo_sk = p_promo_sk\n       and p_channel_tv = 'N'\n group by s_store_id)\n ,\n csr as\n (select  cp_catalog_page_id as catalog_page_id,\n          sum(cs_ext_sales_price) as sales,\n          sum(coalesce(cr_return_amount, 0)) as returns,\n          sum(cs_net_profit - coalesce(cr_net_loss, 0)) as profit\n  from catalog_sales left outer join catalog_returns on\n         (cs_item_sk = cr_item_sk and cs_order_number = cr_order_number),\n     date_dim,\n     catalog_page,\n     item,\n     promotion\n where cs_sold_date_sk = d_date_sk\n       and d_date between cast('2000-08-25' as date)\n                  and (cast('2000-08-25' as date) +  interval '30 days')\n        and cs_catalog_page_sk = cp_catalog_page_sk\n       and cs_item_sk = i_item_sk\n       and i_current_price > 50\n       and cs_promo_sk = p_promo_sk\n       and p_channel_tv = 'N'\ngroup by cp_catalog_page_id)\n ,\n wsr as\n (select  web_site_id,\n          sum(ws_ext_sales_price) as sales,\n          sum(coalesce(wr_return_amt, 0)) as returns,\n          sum(ws_net_profit - coalesce(wr_net_loss, 0)) as profit\n  from web_sales left outer join web_returns on\n         (ws_item_sk = wr_item_sk and ws_order_number = wr_order_number),\n     date_dim,\n     web_site,\n     item,\n     promotion\n where ws_sold_date_sk = d_date_sk\n       and d_date between cast('2000-08-25' as date)\n                  and (cast('2000-08-25' as date) +  interval '30 days')\n        and ws_web_site_sk = web_site_sk\n       and ws_item_sk = i_item_sk\n       and i_current_price > 50\n       and ws_promo_sk = p_promo_sk\n       and p_channel_tv = 'N'\ngroup by web_site_id)\n  select  channel\n        , id\n        , sum(sales) as sales\n        , sum(returns) as returns\n        , sum(profit) as profit\n from \n (select 'store channel' as channel\n        , 'store' || store_id as id\n        , sales\n        , returns\n        , profit\n from   ssr\n union all\n select 'catalog channel' as channel\n        , 'catalog_page' || catalog_page_id as id\n        , sales\n        , returns\n        , profit\n from  csr\n union all\n select 'web channel' as channel\n        , 'web_site' || web_site_id as id\n        , sales\n        , returns\n        , profit\n from   wsr\n ) x\n group by rollup (channel, id)\n order by channel\n         ,id\n limit 100;\n\n-- end query 61 in stream 1 using template query80.tpl\n",
    "indexes": "catalog_sales.cs_ext_sales_price",
    "wo plan est": {
      "Node Type": "Limit",
      "Parallel Aware": false,
      "Async Capable": false,
      "Startup Cost": 1566793.64,
      "Total Cost": 1566796.93,
      "Plan Rows": 100,
      "Plan Width": 160,
      "Plans": [
        {
          "Node Type": "Aggregate",
          "Strategy": "Sorted",
          "Partial Mode": "Simple",
          "Parent Relationship": "Outer",
          "Parallel Aware": false,
          "Async Capable": false,
          "Startup Cost": 1566793.64,
          "Total Cost": 1566806.84,
          "Plan Rows": 401,
          "Plan Width": 160,
          "Grouping Sets": [
            {
              "Group Keys": [
                [
                  "('store channel'::text)",
                  "(('store'::text || (ssr.store_id)::text))"
                ],
                [
                  "('store channel'::text)"
                ],
                []
              ]
            }
          ],
          "Plans": [
            {
              "Node Type": "Sort",
              "Parent Relationship": "Outer",
              "Parallel Aware": false,
              "Async Capable": false,
              "Startup Cost": 1566793.64,
              "Total Cost": 1566794.67,
              "Plan Rows": 412,
              "Plan Width": 160,
              "Sort Key": [
                "('store channel'::text)",
                "(('store'::text || (ssr.store_id)::text))"
              ],
              "Plans": [
                {
                  "Node Type": "Append",
                  "Parent Relationship": "Outer",
                  "Parallel Aware": false,
                  "Async Capable": false,
                  "Startup Cost": 784596.3,
                  "Total Cost": 1566775.74,
                  "Plan Rows": 412,
                  "Plan Width": 160,
                  "Subplans Removed": 0,
                  "Plans": [
                    {
                      "Node Type": "Subquery Scan",
                      "Parent Relationship": "Member",
                      "Parallel Aware": false,
                      "Async Capable": false,
                      "Alias": "ssr",
                      "Startup Cost": 784596.3,
                      "Total Cost": 784616.16,
                      "Plan Rows": 51,
                      "Plan Width": 160,
                      "Plans": [
                        {
                          "Node Type": "Aggregate",
                          "Strategy": "Sorted",
                          "Partial Mode": "Finalize",
                          "Parent Relationship": "Subquery",
                          "Parallel Aware": false,
                          "Async Capable": false,
                          "Startup Cost": 784596.3,
                          "Total Cost": 784615.39,
                          "Plan Rows": 51,
                          "Plan Width": 113,
                          "Group Key": [
                            "store.s_store_id"
                          ],
                          "Plans": [
                            {
                              "Node Type": "Gather Merge",
                              "Parent Relationship": "Outer",
                              "Parallel Aware": false,
                              "Async Capable": false,
                              "Startup Cost": 784596.3,
                              "Total Cost": 784612.71,
                              "Plan Rows": 102,
                              "Plan Width": 113,
                              "Workers Planned": 2,
                              "Plans": [
                                {
                                  "Node Type": "Aggregate",
                                  "Strategy": "Sorted",
                                  "Partial Mode": "Partial",
                                  "Parent Relationship": "Outer",
                                  "Parallel Aware": false,
                                  "Async Capable": false,
                                  "Startup Cost": 783596.27,
                                  "Total Cost": 783600.92,
                                  "Plan Rows": 51,
                                  "Plan Width": 113,
                                  "Group Key": [
                                    "store.s_store_id"
                                  ],
                                  "Plans": [
                                    {
                                      "Node Type": "Sort",
                                      "Parent Relationship": "Outer",
                                      "Parallel Aware": false,
                                      "Async Capable": false,
                                      "Startup Cost": 783596.27,
                                      "Total Cost": 783596.9,
                                      "Plan Rows": 250,
                                      "Plan Width": 41,
                                      "Sort Key": [
                                        "store.s_store_id"
                                      ],
                                      "Plans": [
                                        {
                                          "Node Type": "Hash Join",
                                          "Parent Relationship": "Outer",
                                          "Parallel Aware": false,
                                          "Async Capable": false,
                                          "Join Type": "Inner",
                                          "Startup Cost": 94489.35,
                                          "Total Cost": 783586.32,
                                          "Plan Rows": 250,
                                          "Plan Width": 41,
                                          "Inner Unique": false,
                                          "Hash Cond": "(store_sales.ss_store_sk = store.s_store_sk)",
                                          "Plans": [
                                            {
                                              "Node Type": "Hash Join",
                                              "Parent Relationship": "Outer",
                                              "Parallel Aware": false,
                                              "Async Capable": false,
                                              "Join Type": "Inner",
                                              "Startup Cost": 94482.05,
                                              "Total Cost": 783575.54,
                                              "Plan Rows": 262,
                                              "Plan Width": 28,
                                              "Inner Unique": false,
                                              "Hash Cond": "(store_sales.ss_promo_sk = promotion.p_promo_sk)",
                                              "Plans": [
                                                {
                                                  "Node Type": "Hash Join",
                                                  "Parent Relationship": "Outer",
                                                  "Parallel Aware": true,
                                                  "Async Capable": false,
                                                  "Join Type": "Inner",
                                                  "Startup Cost": 94456.65,
                                                  "Total Cost": 783546.47,
                                                  "Plan Rows": 279,
                                                  "Plan Width": 32,
                                                  "Inner Unique": false,
                                                  "Hash Cond": "(store_sales.ss_item_sk = item.i_item_sk)",
                                                  "Plans": [
                                                    {
                                                      "Node Type": "Hash Join",
                                                      "Parent Relationship": "Outer",
                                                      "Parallel Aware": true,
                                                      "Async Capable": false,
                                                      "Join Type": "Left",
                                                      "Startup Cost": 86930.88,
                                                      "Total Cost": 776001.31,
                                                      "Plan Rows": 4860,
                                                      "Plan Width": 36,
                                                      "Inner Unique": false,
                                                      "Hash Cond": "((store_sales.ss_item_sk = store_returns.sr_item_sk) AND (store_sales.ss_ticket_number = store_returns.sr_ticket_number))",
                                                      "Plans": [
                                                        {
                                                          "Node Type": "Hash Join",
                                                          "Parent Relationship": "Outer",
                                                          "Parallel Aware": true,
                                                          "Async Capable": false,
                                                          "Join Type": "Inner",
                                                          "Startup Cost": 2049.78,
                                                          "Total Cost": 683994.75,
                                                          "Plan Rows": 4860,
                                                          "Plan Width": 28,
                                                          "Inner Unique": false,
                                                          "Hash Cond": "(store_sales.ss_sold_date_sk = date_dim.d_date_sk)",
                                                          "Plans": [
                                                            {
                                                              "Node Type": "Seq Scan",
                                                              "Parent Relationship": "Outer",
                                                              "Parallel Aware": true,
                                                              "Async Capable": false,
                                                              "Relation Name": "store_sales",
                                                              "Alias": "store_sales",
                                                              "Startup Cost": 0.0,
                                                              "Total Cost": 636914.37,
                                                              "Plan Rows": 12000637,
                                                              "Plan Width": 32,
                                                              "parent": 13,
                                                              "ID": 14
                                                            },
                                                            {
                                                              "Node Type": "Hash",
                                                              "Parent Relationship": "Inner",
                                                              "Parallel Aware": true,
                                                              "Async Capable": false,
                                                              "Startup Cost": 2049.55,
                                                              "Total Cost": 2049.55,
                                                              "Plan Rows": 18,
                                                              "Plan Width": 4,
                                                              "Plans": [
                                                                {
                                                                  "Node Type": "Seq Scan",
                                                                  "Parent Relationship": "Outer",
                                                                  "Parallel Aware": true,
                                                                  "Async Capable": false,
                                                                  "Relation Name": "date_dim",
                                                                  "Alias": "date_dim",
                                                                  "Startup Cost": 0.0,
                                                                  "Total Cost": 2049.55,
                                                                  "Plan Rows": 18,
                                                                  "Plan Width": 4,
                                                                  "Filter": "((d_date >= '2000-08-25'::date) AND (d_date <= '2000-09-24 00:00:00'::timestamp without time zone))",
                                                                  "parent": 15,
                                                                  "ID": 16
                                                                }
                                                              ],
                                                              "parent": 13,
                                                              "ID": 15,
                                                              "left": 16
                                                            }
                                                          ],
                                                          "parent": 12,
                                                          "ID": 13,
                                                          "left": 14,
                                                          "right": 15
                                                        },
                                                        {
                                                          "Node Type": "Hash",
                                                          "Parent Relationship": "Inner",
                                                          "Parallel Aware": true,
                                                          "Async Capable": false,
                                                          "Startup Cost": 59887.64,
                                                          "Total Cost": 59887.64,
                                                          "Plan Rows": 1198164,
                                                          "Plan Width": 20,
                                                          "Plans": [
                                                            {
                                                              "Node Type": "Seq Scan",
                                                              "Parent Relationship": "Outer",
                                                              "Parallel Aware": true,
                                                              "Async Capable": false,
                                                              "Relation Name": "store_returns",
                                                              "Alias": "store_returns",
                                                              "Startup Cost": 0.0,
                                                              "Total Cost": 59887.64,
                                                              "Plan Rows": 1198164,
                                                              "Plan Width": 20,
                                                              "parent": 17,
                                                              "ID": 18
                                                            }
                                                          ],
                                                          "parent": 12,
                                                          "ID": 17,
                                                          "left": 18
                                                        }
                                                      ],
                                                      "parent": 11,
                                                      "ID": 12,
                                                      "left": 13,
                                                      "right": 17
                                                    },
                                                    {
                                                      "Node Type": "Hash",
                                                      "Parent Relationship": "Inner",
                                                      "Parallel Aware": true,
                                                      "Async Capable": false,
                                                      "Startup Cost": 7495.25,
                                                      "Total Cost": 7495.25,
                                                      "Plan Rows": 2442,
                                                      "Plan Width": 4,
                                                      "Plans": [
                                                        {
                                                          "Node Type": "Seq Scan",
                                                          "Parent Relationship": "Outer",
                                                          "Parallel Aware": true,
                                                          "Async Capable": false,
                                                          "Relation Name": "item",
                                                          "Alias": "item",
                                                          "Startup Cost": 0.0,
                                                          "Total Cost": 7495.25,
                                                          "Plan Rows": 2442,
                                                          "Plan Width": 4,
                                                          "Filter": "(i_current_price > '50'::numeric)",
                                                          "parent": 19,
                                                          "ID": 20
                                                        }
                                                      ],
                                                      "parent": 11,
                                                      "ID": 19,
                                                      "left": 20
                                                    }
                                                  ],
                                                  "parent": 10,
                                                  "ID": 11,
                                                  "left": 12,
                                                  "right": 19
                                                },
                                                {
                                                  "Node Type": "Hash",
                                                  "Parent Relationship": "Inner",
                                                  "Parallel Aware": false,
                                                  "Async Capable": false,
                                                  "Startup Cost": 19.25,
                                                  "Total Cost": 19.25,
                                                  "Plan Rows": 492,
                                                  "Plan Width": 4,
                                                  "Plans": [
                                                    {
                                                      "Node Type": "Seq Scan",
                                                      "Parent Relationship": "Outer",
                                                      "Parallel Aware": false,
                                                      "Async Capable": false,
                                                      "Relation Name": "promotion",
                                                      "Alias": "promotion",
                                                      "Startup Cost": 0.0,
                                                      "Total Cost": 19.25,
                                                      "Plan Rows": 492,
                                                      "Plan Width": 4,
                                                      "Filter": "(p_channel_tv = 'N'::bpchar)",
                                                      "parent": 21,
                                                      "ID": 22
                                                    }
                                                  ],
                                                  "parent": 10,
                                                  "ID": 21,
                                                  "left": 22
                                                }
                                              ],
                                              "parent": 9,
                                              "ID": 10,
                                              "left": 11,
                                              "right": 21
                                            },
                                            {
                                              "Node Type": "Hash",
                                              "Parent Relationship": "Inner",
                                              "Parallel Aware": false,
                                              "Async Capable": false,
                                              "Startup Cost": 6.02,
                                              "Total Cost": 6.02,
                                              "Plan Rows": 102,
                                              "Plan Width": 21,
                                              "Plans": [
                                                {
                                                  "Node Type": "Seq Scan",
                                                  "Parent Relationship": "Outer",
                                                  "Parallel Aware": false,
                                                  "Async Capable": false,
                                                  "Relation Name": "store",
                                                  "Alias": "store",
                                                  "Startup Cost": 0.0,
                                                  "Total Cost": 6.02,
                                                  "Plan Rows": 102,
                                                  "Plan Width": 21,
                                                  "parent": 23,
                                                  "ID": 24
                                                }
                                              ],
                                              "parent": 9,
                                              "ID": 23,
                                              "left": 24
                                            }
                                          ],
                                          "parent": 8,
                                          "ID": 9,
                                          "left": 10,
                                          "right": 23
                                        }
                                      ],
                                      "parent": 7,
                                      "ID": 8,
                                      "left": 9
                                    }
                                  ],
                                  "parent": 6,
                                  "ID": 7,
                                  "left": 8
                                }
                              ],
                              "parent": 5,
                              "ID": 6,
                              "left": 7
                            }
                          ],
                          "parent": 4,
                          "ID": 5,
                          "left": 6
                        }
                      ],
                      "parent": 3,
                      "ID": 4,
                      "left": 5
                    },
                    {
                      "Node Type": "Subquery Scan",
                      "Parent Relationship": "Member",
                      "Parallel Aware": false,
                      "Async Capable": false,
                      "Alias": "csr",
                      "Startup Cost": 518177.36,
                      "Total Cost": 518230.78,
                      "Plan Rows": 340,
                      "Plan Width": 160,
                      "Plans": [
                        {
                          "Node Type": "Aggregate",
                          "Strategy": "Sorted",
                          "Partial Mode": "Finalize",
                          "Parent Relationship": "Subquery",
                          "Parallel Aware": false,
                          "Async Capable": false,
                          "Startup Cost": 518177.36,
                          "Total Cost": 518225.68,
                          "Plan Rows": 340,
                          "Plan Width": 113,
                          "Group Key": [
                            "catalog_page.cp_catalog_page_id"
                          ],
                          "Plans": [
                            {
                              "Node Type": "Gather Merge",
                              "Parent Relationship": "Outer",
                              "Parallel Aware": false,
                              "Async Capable": false,
                              "Startup Cost": 518177.36,
                              "Total Cost": 518214.76,
                              "Plan Rows": 284,
                              "Plan Width": 113,
                              "Workers Planned": 2,
                              "Plans": [
                                {
                                  "Node Type": "Aggregate",
                                  "Strategy": "Sorted",
                                  "Partial Mode": "Partial",
                                  "Parent Relationship": "Outer",
                                  "Parallel Aware": false,
                                  "Async Capable": false,
                                  "Startup Cost": 517177.34,
                                  "Total Cost": 517181.95,
                                  "Plan Rows": 142,
                                  "Plan Width": 113,
                                  "Group Key": [
                                    "catalog_page.cp_catalog_page_id"
                                  ],
                                  "Plans": [
                                    {
                                      "Node Type": "Sort",
                                      "Parent Relationship": "Outer",
                                      "Parallel Aware": false,
                                      "Async Capable": false,
                                      "Startup Cost": 517177.34,
                                      "Total Cost": 517177.69,
                                      "Plan Rows": 142,
                                      "Plan Width": 41,
                                      "Sort Key": [
                                        "catalog_page.cp_catalog_page_id"
                                      ],
                                      "Plans": [
                                        {
                                          "Node Type": "Hash Join",
                                          "Parent Relationship": "Outer",
                                          "Parallel Aware": false,
                                          "Async Capable": false,
                                          "Join Type": "Inner",
                                          "Startup Cost": 57382.33,
                                          "Total Cost": 517172.26,
                                          "Plan Rows": 142,
                                          "Plan Width": 41,
                                          "Inner Unique": false,
                                          "Hash Cond": "(catalog_sales.cs_catalog_page_sk = catalog_page.cp_catalog_page_sk)",
                                          "Plans": [
                                            {
                                              "Node Type": "Hash Join",
                                              "Parent Relationship": "Outer",
                                              "Parallel Aware": false,
                                              "Async Capable": false,
                                              "Join Type": "Inner",
                                              "Startup Cost": 56864.33,
                                              "Total Cost": 516652.32,
                                              "Plan Rows": 142,
                                              "Plan Width": 28,
                                              "Inner Unique": false,
                                              "Hash Cond": "(catalog_sales.cs_promo_sk = promotion_1.p_promo_sk)",
                                              "Plans": [
                                                {
                                                  "Node Type": "Hash Join",
                                                  "Parent Relationship": "Outer",
                                                  "Parallel Aware": true,
                                                  "Async Capable": false,
                                                  "Join Type": "Inner",
                                                  "Startup Cost": 56838.93,
                                                  "Total Cost": 516624.96,
                                                  "Plan Rows": 145,
                                                  "Plan Width": 32,
                                                  "Inner Unique": false,
                                                  "Hash Cond": "(catalog_sales.cs_item_sk = item_1.i_item_sk)",
                                                  "Plans": [
                                                    {
                                                      "Node Type": "Hash Join",
                                                      "Parent Relationship": "Outer",
                                                      "Parallel Aware": true,
                                                      "Async Capable": false,
                                                      "Join Type": "Left",
                                                      "Startup Cost": 49313.15,
                                                      "Total Cost": 509089.08,
                                                      "Plan Rows": 2532,
                                                      "Plan Width": 36,
                                                      "Inner Unique": false,
                                                      "Hash Cond": "((catalog_sales.cs_item_sk = catalog_returns.cr_item_sk) AND (catalog_sales.cs_order_number = catalog_returns.cr_order_number))",
                                                      "Plans": [
                                                        {
                                                          "Node Type": "Hash Join",
                                                          "Parent Relationship": "Outer",
                                                          "Parallel Aware": true,
                                                          "Async Capable": false,
                                                          "Join Type": "Inner",
                                                          "Startup Cost": 2049.78,
                                                          "Total Cost": 458254.7,
                                                          "Plan Rows": 2532,
                                                          "Plan Width": 28,
                                                          "Inner Unique": false,
                                                          "Hash Cond": "(catalog_sales.cs_sold_date_sk = date_dim_1.d_date_sk)",
                                                          "Plans": [
                                                            {
                                                              "Node Type": "Seq Scan",
                                                              "Parent Relationship": "Outer",
                                                              "Parallel Aware": true,
                                                              "Async Capable": false,
                                                              "Relation Name": "catalog_sales",
                                                              "Alias": "catalog_sales",
                                                              "Startup Cost": 0.0,
                                                              "Total Cost": 433688.25,
                                                              "Plan Rows": 6000525,
                                                              "Plan Width": 32,
                                                              "parent": 34,
                                                              "ID": 35
                                                            },
                                                            {
                                                              "Node Type": "Hash",
                                                              "Parent Relationship": "Inner",
                                                              "Parallel Aware": true,
                                                              "Async Capable": false,
                                                              "Startup Cost": 2049.55,
                                                              "Total Cost": 2049.55,
                                                              "Plan Rows": 18,
                                                              "Plan Width": 4,
                                                              "Plans": [
                                                                {
                                                                  "Node Type": "Seq Scan",
                                                                  "Parent Relationship": "Outer",
                                                                  "Parallel Aware": true,
                                                                  "Async Capable": false,
                                                                  "Relation Name": "date_dim",
                                                                  "Alias": "date_dim_1",
                                                                  "Startup Cost": 0.0,
                                                                  "Total Cost": 2049.55,
                                                                  "Plan Rows": 18,
                                                                  "Plan Width": 4,
                                                                  "Filter": "((d_date >= '2000-08-25'::date) AND (d_date <= '2000-09-24 00:00:00'::timestamp without time zone))",
                                                                  "parent": 36,
                                                                  "ID": 37
                                                                }
                                                              ],
                                                              "parent": 34,
                                                              "ID": 36,
                                                              "left": 37
                                                            }
                                                          ],
                                                          "parent": 33,
                                                          "ID": 34,
                                                          "left": 35,
                                                          "right": 36
                                                        },
                                                        {
                                                          "Node Type": "Hash",
                                                          "Parent Relationship": "Inner",
                                                          "Parallel Aware": true,
                                                          "Async Capable": false,
                                                          "Startup Cost": 34748.95,
                                                          "Total Cost": 34748.95,
                                                          "Plan Rows": 599895,
                                                          "Plan Width": 20,
                                                          "Plans": [
                                                            {
                                                              "Node Type": "Seq Scan",
                                                              "Parent Relationship": "Outer",
                                                              "Parallel Aware": true,
                                                              "Async Capable": false,
                                                              "Relation Name": "catalog_returns",
                                                              "Alias": "catalog_returns",
                                                              "Startup Cost": 0.0,
                                                              "Total Cost": 34748.95,
                                                              "Plan Rows": 599895,
                                                              "Plan Width": 20,
                                                              "parent": 38,
                                                              "ID": 39
                                                            }
                                                          ],
                                                          "parent": 33,
                                                          "ID": 38,
                                                          "left": 39
                                                        }
                                                      ],
                                                      "parent": 32,
                                                      "ID": 33,
                                                      "left": 34,
                                                      "right": 38
                                                    },
                                                    {
                                                      "Node Type": "Hash",
                                                      "Parent Relationship": "Inner",
                                                      "Parallel Aware": true,
                                                      "Async Capable": false,
                                                      "Startup Cost": 7495.25,
                                                      "Total Cost": 7495.25,
                                                      "Plan Rows": 2442,
                                                      "Plan Width": 4,
                                                      "Plans": [
                                                        {
                                                          "Node Type": "Seq Scan",
                                                          "Parent Relationship": "Outer",
                                                          "Parallel Aware": true,
                                                          "Async Capable": false,
                                                          "Relation Name": "item",
                                                          "Alias": "item_1",
                                                          "Startup Cost": 0.0,
                                                          "Total Cost": 7495.25,
                                                          "Plan Rows": 2442,
                                                          "Plan Width": 4,
                                                          "Filter": "(i_current_price > '50'::numeric)",
                                                          "parent": 40,
                                                          "ID": 41
                                                        }
                                                      ],
                                                      "parent": 32,
                                                      "ID": 40,
                                                      "left": 41
                                                    }
                                                  ],
                                                  "parent": 31,
                                                  "ID": 32,
                                                  "left": 33,
                                                  "right": 40
                                                },
                                                {
                                                  "Node Type": "Hash",
                                                  "Parent Relationship": "Inner",
                                                  "Parallel Aware": false,
                                                  "Async Capable": false,
                                                  "Startup Cost": 19.25,
                                                  "Total Cost": 19.25,
                                                  "Plan Rows": 492,
                                                  "Plan Width": 4,
                                                  "Plans": [
                                                    {
                                                      "Node Type": "Seq Scan",
                                                      "Parent Relationship": "Outer",
                                                      "Parallel Aware": false,
                                                      "Async Capable": false,
                                                      "Relation Name": "promotion",
                                                      "Alias": "promotion_1",
                                                      "Startup Cost": 0.0,
                                                      "Total Cost": 19.25,
                                                      "Plan Rows": 492,
                                                      "Plan Width": 4,
                                                      "Filter": "(p_channel_tv = 'N'::bpchar)",
                                                      "parent": 42,
                                                      "ID": 43
                                                    }
                                                  ],
                                                  "parent": 31,
                                                  "ID": 42,
                                                  "left": 43
                                                }
                                              ],
                                              "parent": 30,
                                              "ID": 31,
                                              "left": 32,
                                              "right": 42
                                            },
                                            {
                                              "Node Type": "Hash",
                                              "Parent Relationship": "Inner",
                                              "Parallel Aware": false,
                                              "Async Capable": false,
                                              "Startup Cost": 368.0,
                                              "Total Cost": 368.0,
                                              "Plan Rows": 12000,
                                              "Plan Width": 21,
                                              "Plans": [
                                                {
                                                  "Node Type": "Seq Scan",
                                                  "Parent Relationship": "Outer",
                                                  "Parallel Aware": false,
                                                  "Async Capable": false,
                                                  "Relation Name": "catalog_page",
                                                  "Alias": "catalog_page",
                                                  "Startup Cost": 0.0,
                                                  "Total Cost": 368.0,
                                                  "Plan Rows": 12000,
                                                  "Plan Width": 21,
                                                  "parent": 44,
                                                  "ID": 45
                                                }
                                              ],
                                              "parent": 30,
                                              "ID": 44,
                                              "left": 45
                                            }
                                          ],
                                          "parent": 29,
                                          "ID": 30,
                                          "left": 31,
                                          "right": 44
                                        }
                                      ],
                                      "parent": 28,
                                      "ID": 29,
                                      "left": 30
                                    }
                                  ],
                                  "parent": 27,
                                  "ID": 28,
                                  "left": 29
                                }
                              ],
                              "parent": 26,
                              "ID": 27,
                              "left": 28
                            }
                          ],
                          "parent": 25,
                          "ID": 26,
                          "left": 27
                        }
                      ],
                      "parent": 3,
                      "ID": 25,
                      "left": 26
                    },
                    {
                      "Node Type": "Subquery Scan",
                      "Parent Relationship": "Member",
                      "Parallel Aware": false,
                      "Async Capable": false,
                      "Alias": "wsr",
                      "Startup Cost": 263919.04,
                      "Total Cost": 263926.75,
                      "Plan Rows": 21,
                      "Plan Width": 160,
                      "Plans": [
                        {
                          "Node Type": "Aggregate",
                          "Strategy": "Sorted",
                          "Partial Mode": "Finalize",
                          "Parent Relationship": "Subquery",
                          "Parallel Aware": false,
                          "Async Capable": false,
                          "Startup Cost": 263919.04,
                          "Total Cost": 263926.43,
                          "Plan Rows": 21,
                          "Plan Width": 113,
                          "Group Key": [
                            "web_site.web_site_id"
                          ],
                          "Plans": [
                            {
                              "Node Type": "Gather Merge",
                              "Parent Relationship": "Outer",
                              "Parallel Aware": false,
                              "Async Capable": false,
                              "Startup Cost": 263919.04,
                              "Total Cost": 263925.33,
                              "Plan Rows": 42,
                              "Plan Width": 113,
                              "Workers Planned": 2,
                              "Plans": [
                                {
                                  "Node Type": "Aggregate",
                                  "Strategy": "Sorted",
                                  "Partial Mode": "Partial",
                                  "Parent Relationship": "Outer",
                                  "Parallel Aware": false,
                                  "Async Capable": false,
                                  "Startup Cost": 262919.01,
                                  "Total Cost": 262920.46,
                                  "Plan Rows": 21,
                                  "Plan Width": 113,
                                  "Group Key": [
                                    "web_site.web_site_id"
                                  ],
                                  "Plans": [
                                    {
                                      "Node Type": "Sort",
                                      "Parent Relationship": "Outer",
                                      "Parallel Aware": false,
                                      "Async Capable": false,
                                      "Startup Cost": 262919.01,
                                      "Total Cost": 262919.19,
                                      "Plan Rows": 72,
                                      "Plan Width": 41,
                                      "Sort Key": [
                                        "web_site.web_site_id"
                                      ],
                                      "Plans": [
                                        {
                                          "Node Type": "Hash Join",
                                          "Parent Relationship": "Outer",
                                          "Parallel Aware": false,
                                          "Async Capable": false,
                                          "Join Type": "Inner",
                                          "Startup Cost": 32134.74,
                                          "Total Cost": 262916.79,
                                          "Plan Rows": 72,
                                          "Plan Width": 41,
                                          "Inner Unique": false,
                                          "Hash Cond": "(web_sales.ws_web_site_sk = web_site.web_site_sk)",
                                          "Plans": [
                                            {
                                              "Node Type": "Hash Join",
                                              "Parent Relationship": "Outer",
                                              "Parallel Aware": false,
                                              "Async Capable": false,
                                              "Join Type": "Inner",
                                              "Startup Cost": 32130.8,
                                              "Total Cost": 262911.86,
                                              "Plan Rows": 72,
                                              "Plan Width": 28,
                                              "Inner Unique": false,
                                              "Hash Cond": "(web_sales.ws_promo_sk = promotion_2.p_promo_sk)",
                                              "Plans": [
                                                {
                                                  "Node Type": "Hash Join",
                                                  "Parent Relationship": "Outer",
                                                  "Parallel Aware": true,
                                                  "Async Capable": false,
                                                  "Join Type": "Inner",
                                                  "Startup Cost": 32105.4,
                                                  "Total Cost": 262885.46,
                                                  "Plan Rows": 73,
                                                  "Plan Width": 32,
                                                  "Inner Unique": false,
                                                  "Hash Cond": "(web_sales.ws_item_sk = item_2.i_item_sk)",
                                                  "Plans": [
                                                    {
                                                      "Node Type": "Hash Join",
                                                      "Parent Relationship": "Outer",
                                                      "Parallel Aware": true,
                                                      "Async Capable": false,
                                                      "Join Type": "Left",
                                                      "Startup Cost": 24579.62,
                                                      "Total Cost": 255354.62,
                                                      "Plan Rows": 1272,
                                                      "Plan Width": 36,
                                                      "Inner Unique": false,
                                                      "Hash Cond": "((web_sales.ws_item_sk = web_returns.wr_item_sk) AND (web_sales.ws_order_number = web_returns.wr_order_number))",
                                                      "Plans": [
                                                        {
                                                          "Node Type": "Hash Join",
                                                          "Parent Relationship": "Outer",
                                                          "Parallel Aware": true,
                                                          "Async Capable": false,
                                                          "Join Type": "Inner",
                                                          "Startup Cost": 2049.78,
                                                          "Total Cost": 231041.22,
                                                          "Plan Rows": 1272,
                                                          "Plan Width": 28,
                                                          "Inner Unique": false,
                                                          "Hash Cond": "(web_sales.ws_sold_date_sk = date_dim_2.d_date_sk)",
                                                          "Plans": [
                                                            {
                                                              "Node Type": "Seq Scan",
                                                              "Parent Relationship": "Outer",
                                                              "Parallel Aware": true,
                                                              "Async Capable": false,
                                                              "Relation Name": "web_sales",
                                                              "Alias": "web_sales",
                                                              "Startup Cost": 0.0,
                                                              "Total Cost": 217737.86,
                                                              "Plan Rows": 2998986,
                                                              "Plan Width": 32,
                                                              "parent": 55,
                                                              "ID": 56
                                                            },
                                                            {
                                                              "Node Type": "Hash",
                                                              "Parent Relationship": "Inner",
                                                              "Parallel Aware": true,
                                                              "Async Capable": false,
                                                              "Startup Cost": 2049.55,
                                                              "Total Cost": 2049.55,
                                                              "Plan Rows": 18,
                                                              "Plan Width": 4,
                                                              "Plans": [
                                                                {
                                                                  "Node Type": "Seq Scan",
                                                                  "Parent Relationship": "Outer",
                                                                  "Parallel Aware": true,
                                                                  "Async Capable": false,
                                                                  "Relation Name": "date_dim",
                                                                  "Alias": "date_dim_2",
                                                                  "Startup Cost": 0.0,
                                                                  "Total Cost": 2049.55,
                                                                  "Plan Rows": 18,
                                                                  "Plan Width": 4,
                                                                  "Filter": "((d_date >= '2000-08-25'::date) AND (d_date <= '2000-09-24 00:00:00'::timestamp without time zone))",
                                                                  "parent": 57,
                                                                  "ID": 58
                                                                }
                                                              ],
                                                              "parent": 55,
                                                              "ID": 57,
                                                              "left": 58
                                                            }
                                                          ],
                                                          "parent": 54,
                                                          "ID": 55,
                                                          "left": 56,
                                                          "right": 57
                                                        },
                                                        {
                                                          "Node Type": "Hash",
                                                          "Parent Relationship": "Inner",
                                                          "Parallel Aware": true,
                                                          "Async Capable": false,
                                                          "Startup Cost": 16278.74,
                                                          "Total Cost": 16278.74,
                                                          "Plan Rows": 299674,
                                                          "Plan Width": 20,
                                                          "Plans": [
                                                            {
                                                              "Node Type": "Seq Scan",
                                                              "Parent Relationship": "Outer",
                                                              "Parallel Aware": true,
                                                              "Async Capable": false,
                                                              "Relation Name": "web_returns",
                                                              "Alias": "web_returns",
                                                              "Startup Cost": 0.0,
                                                              "Total Cost": 16278.74,
                                                              "Plan Rows": 299674,
                                                              "Plan Width": 20,
                                                              "parent": 59,
                                                              "ID": 60
                                                            }
                                                          ],
                                                          "parent": 54,
                                                          "ID": 59,
                                                          "left": 60
                                                        }
                                                      ],
                                                      "parent": 53,
                                                      "ID": 54,
                                                      "left": 55,
                                                      "right": 59
                                                    },
                                                    {
                                                      "Node Type": "Hash",
                                                      "Parent Relationship": "Inner",
                                                      "Parallel Aware": true,
                                                      "Async Capable": false,
                                                      "Startup Cost": 7495.25,
                                                      "Total Cost": 7495.25,
                                                      "Plan Rows": 2442,
                                                      "Plan Width": 4,
                                                      "Plans": [
                                                        {
                                                          "Node Type": "Seq Scan",
                                                          "Parent Relationship": "Outer",
                                                          "Parallel Aware": true,
                                                          "Async Capable": false,
                                                          "Relation Name": "item",
                                                          "Alias": "item_2",
                                                          "Startup Cost": 0.0,
                                                          "Total Cost": 7495.25,
                                                          "Plan Rows": 2442,
                                                          "Plan Width": 4,
                                                          "Filter": "(i_current_price > '50'::numeric)",
                                                          "parent": 61,
                                                          "ID": 62
                                                        }
                                                      ],
                                                      "parent": 53,
                                                      "ID": 61,
                                                      "left": 62
                                                    }
                                                  ],
                                                  "parent": 52,
                                                  "ID": 53,
                                                  "left": 54,
                                                  "right": 61
                                                },
                                                {
                                                  "Node Type": "Hash",
                                                  "Parent Relationship": "Inner",
                                                  "Parallel Aware": false,
                                                  "Async Capable": false,
                                                  "Startup Cost": 19.25,
                                                  "Total Cost": 19.25,
                                                  "Plan Rows": 492,
                                                  "Plan Width": 4,
                                                  "Plans": [
                                                    {
                                                      "Node Type": "Seq Scan",
                                                      "Parent Relationship": "Outer",
                                                      "Parallel Aware": false,
                                                      "Async Capable": false,
                                                      "Relation Name": "promotion",
                                                      "Alias": "promotion_2",
                                                      "Startup Cost": 0.0,
                                                      "Total Cost": 19.25,
                                                      "Plan Rows": 492,
                                                      "Plan Width": 4,
                                                      "Filter": "(p_channel_tv = 'N'::bpchar)",
                                                      "parent": 63,
                                                      "ID": 64
                                                    }
                                                  ],
                                                  "parent": 52,
                                                  "ID": 63,
                                                  "left": 64
                                                }
                                              ],
                                              "parent": 51,
                                              "ID": 52,
                                              "left": 53,
                                              "right": 63
                                            },
                                            {
                                              "Node Type": "Hash",
                                              "Parent Relationship": "Inner",
                                              "Parallel Aware": false,
                                              "Async Capable": false,
                                              "Startup Cost": 3.42,
                                              "Total Cost": 3.42,
                                              "Plan Rows": 42,
                                              "Plan Width": 21,
                                              "Plans": [
                                                {
                                                  "Node Type": "Seq Scan",
                                                  "Parent Relationship": "Outer",
                                                  "Parallel Aware": false,
                                                  "Async Capable": false,
                                                  "Relation Name": "web_site",
                                                  "Alias": "web_site",
                                                  "Startup Cost": 0.0,
                                                  "Total Cost": 3.42,
                                                  "Plan Rows": 42,
                                                  "Plan Width": 21,
                                                  "parent": 65,
                                                  "ID": 66
                                                }
                                              ],
                                              "parent": 51,
                                              "ID": 65,
                                              "left": 66
                                            }
                                          ],
                                          "parent": 50,
                                          "ID": 51,
                                          "left": 52,
                                          "right": 65
                                        }
                                      ],
                                      "parent": 49,
                                      "ID": 50,
                                      "left": 51
                                    }
                                  ],
                                  "parent": 48,
                                  "ID": 49,
                                  "left": 50
                                }
                              ],
                              "parent": 47,
                              "ID": 48,
                              "left": 49
                            }
                          ],
                          "parent": 46,
                          "ID": 47,
                          "left": 48
                        }
                      ],
                      "parent": 3,
                      "ID": 46,
                      "left": 47
                    }
                  ],
                  "parent": 2,
                  "ID": 3,
                  "left": 4,
                  "right": 25
                }
              ],
              "parent": 1,
              "ID": 2,
              "left": 3
            }
          ],
          "parent": 0,
          "ID": 1,
          "left": 2
        }
      ],
      "parent": null,
      "ID": 0,
      "left": 1
    },
    "feat": {
      "utility": 0.0,
      "query_shape": [
        [
          "Seq Scan",
          "Hash Join",
          "Sort",
          "Aggregate",
          "Gather Merge",
          "Subquery Scan",
          "Append"
        ],
        [
          "Seq Scan",
          "Hash",
          "Hash Join",
          "Sort",
          "Aggregate",
          "Gather Merge",
          "Subquery Scan",
          "Append"
        ],
        [
          "Seq Scan",
          "Hash",
          "Hash Join",
          "Sort",
          "Aggregate",
          "Gather Merge",
          "Subquery Scan",
          "Append"
        ],
        [
          "Seq Scan",
          "Hash",
          "Hash Join",
          "Sort",
          "Aggregate",
          "Gather Merge",
          "Subquery Scan",
          "Append"
        ],
        [
          "Seq Scan",
          "Hash",
          "Hash Join",
          "Sort",
          "Aggregate",
          "Gather Merge",
          "Subquery Scan",
          "Append"
        ],
        [
          "Seq Scan",
          "Hash",
          "Hash Join",
          "Sort",
          "Aggregate",
          "Gather Merge",
          "Subquery Scan",
          "Append"
        ],
        [
          "Seq Scan",
          "Hash Join",
          "Sort",
          "Aggregate",
          "Gather Merge",
          "Subquery Scan",
          "Append"
        ],
        [
          "Seq Scan",
          "Hash",
          "Hash Join",
          "Sort",
          "Aggregate",
          "Gather Merge",
          "Subquery Scan",
          "Append"
        ],
        [
          "Seq Scan",
          "Hash",
          "Hash Join",
          "Sort",
          "Aggregate",
          "Gather Merge",
          "Subquery Scan",
          "Append"
        ],
        [
          "Seq Scan",
          "Hash",
          "Hash Join",
          "Sort",
          "Aggregate",
          "Gather Merge",
          "Subquery Scan",
          "Append"
        ],
        [
          "Seq Scan",
          "Hash",
          "Hash Join",
          "Sort",
          "Aggregate",
          "Gather Merge",
          "Subquery Scan",
          "Append"
        ],
        [
          "Seq Scan",
          "Hash",
          "Hash Join",
          "Sort",
          "Aggregate",
          "Gather Merge",
          "Subquery Scan",
          "Append"
        ],
        [
          "Seq Scan",
          "Hash Join",
          "Sort",
          "Aggregate",
          "Gather Merge",
          "Subquery Scan",
          "Append"
        ],
        [
          "Seq Scan",
          "Hash",
          "Hash Join",
          "Sort",
          "Aggregate",
          "Gather Merge",
          "Subquery Scan",
          "Append"
        ],
        [
          "Seq Scan",
          "Hash",
          "Hash Join",
          "Sort",
          "Aggregate",
          "Gather Merge",
          "Subquery Scan",
          "Append"
        ],
        [
          "Seq Scan",
          "Hash",
          "Hash Join",
          "Sort",
          "Aggregate",
          "Gather Merge",
          "Subquery Scan",
          "Append"
        ],
        [
          "Seq Scan",
          "Hash",
          "Hash Join",
          "Sort",
          "Aggregate",
          "Gather Merge",
          "Subquery Scan",
          "Append"
        ],
        [
          "Seq Scan",
          "Hash",
          "Hash Join",
          "Sort",
          "Aggregate",
          "Gather Merge",
          "Subquery Scan",
          "Append"
        ]
      ],
      "index_shape": [],
      "physical_operator": {}
    }
  },
  {
    "query": "with ssr as\n (select  s_store_id as store_id,\n          sum(ss_ext_sales_price) as sales,\n          sum(coalesce(sr_return_amt, 0)) as returns,\n          sum(ss_net_profit - coalesce(sr_net_loss, 0)) as profit\n  from store_sales left outer join store_returns on\n         (ss_item_sk = sr_item_sk and ss_ticket_number = sr_ticket_number),\n     date_dim,\n     store,\n     item,\n     promotion\n where ss_sold_date_sk = d_date_sk\n       and d_date between cast('2000-08-25' as date) \n                  and (cast('2000-08-25' as date) +  interval '30 days')\n       and ss_store_sk = s_store_sk\n       and ss_item_sk = i_item_sk\n       and i_current_price > 50\n       and ss_promo_sk = p_promo_sk\n       and p_channel_tv = 'N'\n group by s_store_id)\n ,\n csr as\n (select  cp_catalog_page_id as catalog_page_id,\n          sum(cs_ext_sales_price) as sales,\n          sum(coalesce(cr_return_amount, 0)) as returns,\n          sum(cs_net_profit - coalesce(cr_net_loss, 0)) as profit\n  from catalog_sales left outer join catalog_returns on\n         (cs_item_sk = cr_item_sk and cs_order_number = cr_order_number),\n     date_dim,\n     catalog_page,\n     item,\n     promotion\n where cs_sold_date_sk = d_date_sk\n       and d_date between cast('2000-08-25' as date)\n                  and (cast('2000-08-25' as date) +  interval '30 days')\n        and cs_catalog_page_sk = cp_catalog_page_sk\n       and cs_item_sk = i_item_sk\n       and i_current_price > 50\n       and cs_promo_sk = p_promo_sk\n       and p_channel_tv = 'N'\ngroup by cp_catalog_page_id)\n ,\n wsr as\n (select  web_site_id,\n          sum(ws_ext_sales_price) as sales,\n          sum(coalesce(wr_return_amt, 0)) as returns,\n          sum(ws_net_profit - coalesce(wr_net_loss, 0)) as profit\n  from web_sales left outer join web_returns on\n         (ws_item_sk = wr_item_sk and ws_order_number = wr_order_number),\n     date_dim,\n     web_site,\n     item,\n     promotion\n where ws_sold_date_sk = d_date_sk\n       and d_date between cast('2000-08-25' as date)\n                  and (cast('2000-08-25' as date) +  interval '30 days')\n        and ws_web_site_sk = web_site_sk\n       and ws_item_sk = i_item_sk\n       and i_current_price > 50\n       and ws_promo_sk = p_promo_sk\n       and p_channel_tv = 'N'\ngroup by web_site_id)\n  select  channel\n        , id\n        , sum(sales) as sales\n        , sum(returns) as returns\n        , sum(profit) as profit\n from \n (select 'store channel' as channel\n        , 'store' || store_id as id\n        , sales\n        , returns\n        , profit\n from   ssr\n union all\n select 'catalog channel' as channel\n        , 'catalog_page' || catalog_page_id as id\n        , sales\n        , returns\n        , profit\n from  csr\n union all\n select 'web channel' as channel\n        , 'web_site' || web_site_id as id\n        , sales\n        , returns\n        , profit\n from   wsr\n ) x\n group by rollup (channel, id)\n order by channel\n         ,id\n limit 100;\n\n-- end query 61 in stream 1 using template query80.tpl\n",
    "indexes": "catalog_sales.cs_net_profit",
    "wo plan est": {
      "Node Type": "Limit",
      "Parallel Aware": false,
      "Async Capable": false,
      "Startup Cost": 1566793.64,
      "Total Cost": 1566796.93,
      "Plan Rows": 100,
      "Plan Width": 160,
      "Plans": [
        {
          "Node Type": "Aggregate",
          "Strategy": "Sorted",
          "Partial Mode": "Simple",
          "Parent Relationship": "Outer",
          "Parallel Aware": false,
          "Async Capable": false,
          "Startup Cost": 1566793.64,
          "Total Cost": 1566806.84,
          "Plan Rows": 401,
          "Plan Width": 160,
          "Grouping Sets": [
            {
              "Group Keys": [
                [
                  "('store channel'::text)",
                  "(('store'::text || (ssr.store_id)::text))"
                ],
                [
                  "('store channel'::text)"
                ],
                []
              ]
            }
          ],
          "Plans": [
            {
              "Node Type": "Sort",
              "Parent Relationship": "Outer",
              "Parallel Aware": false,
              "Async Capable": false,
              "Startup Cost": 1566793.64,
              "Total Cost": 1566794.67,
              "Plan Rows": 412,
              "Plan Width": 160,
              "Sort Key": [
                "('store channel'::text)",
                "(('store'::text || (ssr.store_id)::text))"
              ],
              "Plans": [
                {
                  "Node Type": "Append",
                  "Parent Relationship": "Outer",
                  "Parallel Aware": false,
                  "Async Capable": false,
                  "Startup Cost": 784596.3,
                  "Total Cost": 1566775.74,
                  "Plan Rows": 412,
                  "Plan Width": 160,
                  "Subplans Removed": 0,
                  "Plans": [
                    {
                      "Node Type": "Subquery Scan",
                      "Parent Relationship": "Member",
                      "Parallel Aware": false,
                      "Async Capable": false,
                      "Alias": "ssr",
                      "Startup Cost": 784596.3,
                      "Total Cost": 784616.16,
                      "Plan Rows": 51,
                      "Plan Width": 160,
                      "Plans": [
                        {
                          "Node Type": "Aggregate",
                          "Strategy": "Sorted",
                          "Partial Mode": "Finalize",
                          "Parent Relationship": "Subquery",
                          "Parallel Aware": false,
                          "Async Capable": false,
                          "Startup Cost": 784596.3,
                          "Total Cost": 784615.39,
                          "Plan Rows": 51,
                          "Plan Width": 113,
                          "Group Key": [
                            "store.s_store_id"
                          ],
                          "Plans": [
                            {
                              "Node Type": "Gather Merge",
                              "Parent Relationship": "Outer",
                              "Parallel Aware": false,
                              "Async Capable": false,
                              "Startup Cost": 784596.3,
                              "Total Cost": 784612.71,
                              "Plan Rows": 102,
                              "Plan Width": 113,
                              "Workers Planned": 2,
                              "Plans": [
                                {
                                  "Node Type": "Aggregate",
                                  "Strategy": "Sorted",
                                  "Partial Mode": "Partial",
                                  "Parent Relationship": "Outer",
                                  "Parallel Aware": false,
                                  "Async Capable": false,
                                  "Startup Cost": 783596.27,
                                  "Total Cost": 783600.92,
                                  "Plan Rows": 51,
                                  "Plan Width": 113,
                                  "Group Key": [
                                    "store.s_store_id"
                                  ],
                                  "Plans": [
                                    {
                                      "Node Type": "Sort",
                                      "Parent Relationship": "Outer",
                                      "Parallel Aware": false,
                                      "Async Capable": false,
                                      "Startup Cost": 783596.27,
                                      "Total Cost": 783596.9,
                                      "Plan Rows": 250,
                                      "Plan Width": 41,
                                      "Sort Key": [
                                        "store.s_store_id"
                                      ],
                                      "Plans": [
                                        {
                                          "Node Type": "Hash Join",
                                          "Parent Relationship": "Outer",
                                          "Parallel Aware": false,
                                          "Async Capable": false,
                                          "Join Type": "Inner",
                                          "Startup Cost": 94489.35,
                                          "Total Cost": 783586.32,
                                          "Plan Rows": 250,
                                          "Plan Width": 41,
                                          "Inner Unique": false,
                                          "Hash Cond": "(store_sales.ss_store_sk = store.s_store_sk)",
                                          "Plans": [
                                            {
                                              "Node Type": "Hash Join",
                                              "Parent Relationship": "Outer",
                                              "Parallel Aware": false,
                                              "Async Capable": false,
                                              "Join Type": "Inner",
                                              "Startup Cost": 94482.05,
                                              "Total Cost": 783575.54,
                                              "Plan Rows": 262,
                                              "Plan Width": 28,
                                              "Inner Unique": false,
                                              "Hash Cond": "(store_sales.ss_promo_sk = promotion.p_promo_sk)",
                                              "Plans": [
                                                {
                                                  "Node Type": "Hash Join",
                                                  "Parent Relationship": "Outer",
                                                  "Parallel Aware": true,
                                                  "Async Capable": false,
                                                  "Join Type": "Inner",
                                                  "Startup Cost": 94456.65,
                                                  "Total Cost": 783546.47,
                                                  "Plan Rows": 279,
                                                  "Plan Width": 32,
                                                  "Inner Unique": false,
                                                  "Hash Cond": "(store_sales.ss_item_sk = item.i_item_sk)",
                                                  "Plans": [
                                                    {
                                                      "Node Type": "Hash Join",
                                                      "Parent Relationship": "Outer",
                                                      "Parallel Aware": true,
                                                      "Async Capable": false,
                                                      "Join Type": "Left",
                                                      "Startup Cost": 86930.88,
                                                      "Total Cost": 776001.31,
                                                      "Plan Rows": 4860,
                                                      "Plan Width": 36,
                                                      "Inner Unique": false,
                                                      "Hash Cond": "((store_sales.ss_item_sk = store_returns.sr_item_sk) AND (store_sales.ss_ticket_number = store_returns.sr_ticket_number))",
                                                      "Plans": [
                                                        {
                                                          "Node Type": "Hash Join",
                                                          "Parent Relationship": "Outer",
                                                          "Parallel Aware": true,
                                                          "Async Capable": false,
                                                          "Join Type": "Inner",
                                                          "Startup Cost": 2049.78,
                                                          "Total Cost": 683994.75,
                                                          "Plan Rows": 4860,
                                                          "Plan Width": 28,
                                                          "Inner Unique": false,
                                                          "Hash Cond": "(store_sales.ss_sold_date_sk = date_dim.d_date_sk)",
                                                          "Plans": [
                                                            {
                                                              "Node Type": "Seq Scan",
                                                              "Parent Relationship": "Outer",
                                                              "Parallel Aware": true,
                                                              "Async Capable": false,
                                                              "Relation Name": "store_sales",
                                                              "Alias": "store_sales",
                                                              "Startup Cost": 0.0,
                                                              "Total Cost": 636914.37,
                                                              "Plan Rows": 12000637,
                                                              "Plan Width": 32,
                                                              "parent": 13,
                                                              "ID": 14
                                                            },
                                                            {
                                                              "Node Type": "Hash",
                                                              "Parent Relationship": "Inner",
                                                              "Parallel Aware": true,
                                                              "Async Capable": false,
                                                              "Startup Cost": 2049.55,
                                                              "Total Cost": 2049.55,
                                                              "Plan Rows": 18,
                                                              "Plan Width": 4,
                                                              "Plans": [
                                                                {
                                                                  "Node Type": "Seq Scan",
                                                                  "Parent Relationship": "Outer",
                                                                  "Parallel Aware": true,
                                                                  "Async Capable": false,
                                                                  "Relation Name": "date_dim",
                                                                  "Alias": "date_dim",
                                                                  "Startup Cost": 0.0,
                                                                  "Total Cost": 2049.55,
                                                                  "Plan Rows": 18,
                                                                  "Plan Width": 4,
                                                                  "Filter": "((d_date >= '2000-08-25'::date) AND (d_date <= '2000-09-24 00:00:00'::timestamp without time zone))",
                                                                  "parent": 15,
                                                                  "ID": 16
                                                                }
                                                              ],
                                                              "parent": 13,
                                                              "ID": 15,
                                                              "left": 16
                                                            }
                                                          ],
                                                          "parent": 12,
                                                          "ID": 13,
                                                          "left": 14,
                                                          "right": 15
                                                        },
                                                        {
                                                          "Node Type": "Hash",
                                                          "Parent Relationship": "Inner",
                                                          "Parallel Aware": true,
                                                          "Async Capable": false,
                                                          "Startup Cost": 59887.64,
                                                          "Total Cost": 59887.64,
                                                          "Plan Rows": 1198164,
                                                          "Plan Width": 20,
                                                          "Plans": [
                                                            {
                                                              "Node Type": "Seq Scan",
                                                              "Parent Relationship": "Outer",
                                                              "Parallel Aware": true,
                                                              "Async Capable": false,
                                                              "Relation Name": "store_returns",
                                                              "Alias": "store_returns",
                                                              "Startup Cost": 0.0,
                                                              "Total Cost": 59887.64,
                                                              "Plan Rows": 1198164,
                                                              "Plan Width": 20,
                                                              "parent": 17,
                                                              "ID": 18
                                                            }
                                                          ],
                                                          "parent": 12,
                                                          "ID": 17,
                                                          "left": 18
                                                        }
                                                      ],
                                                      "parent": 11,
                                                      "ID": 12,
                                                      "left": 13,
                                                      "right": 17
                                                    },
                                                    {
                                                      "Node Type": "Hash",
                                                      "Parent Relationship": "Inner",
                                                      "Parallel Aware": true,
                                                      "Async Capable": false,
                                                      "Startup Cost": 7495.25,
                                                      "Total Cost": 7495.25,
                                                      "Plan Rows": 2442,
                                                      "Plan Width": 4,
                                                      "Plans": [
                                                        {
                                                          "Node Type": "Seq Scan",
                                                          "Parent Relationship": "Outer",
                                                          "Parallel Aware": true,
                                                          "Async Capable": false,
                                                          "Relation Name": "item",
                                                          "Alias": "item",
                                                          "Startup Cost": 0.0,
                                                          "Total Cost": 7495.25,
                                                          "Plan Rows": 2442,
                                                          "Plan Width": 4,
                                                          "Filter": "(i_current_price > '50'::numeric)",
                                                          "parent": 19,
                                                          "ID": 20
                                                        }
                                                      ],
                                                      "parent": 11,
                                                      "ID": 19,
                                                      "left": 20
                                                    }
                                                  ],
                                                  "parent": 10,
                                                  "ID": 11,
                                                  "left": 12,
                                                  "right": 19
                                                },
                                                {
                                                  "Node Type": "Hash",
                                                  "Parent Relationship": "Inner",
                                                  "Parallel Aware": false,
                                                  "Async Capable": false,
                                                  "Startup Cost": 19.25,
                                                  "Total Cost": 19.25,
                                                  "Plan Rows": 492,
                                                  "Plan Width": 4,
                                                  "Plans": [
                                                    {
                                                      "Node Type": "Seq Scan",
                                                      "Parent Relationship": "Outer",
                                                      "Parallel Aware": false,
                                                      "Async Capable": false,
                                                      "Relation Name": "promotion",
                                                      "Alias": "promotion",
                                                      "Startup Cost": 0.0,
                                                      "Total Cost": 19.25,
                                                      "Plan Rows": 492,
                                                      "Plan Width": 4,
                                                      "Filter": "(p_channel_tv = 'N'::bpchar)",
                                                      "parent": 21,
                                                      "ID": 22
                                                    }
                                                  ],
                                                  "parent": 10,
                                                  "ID": 21,
                                                  "left": 22
                                                }
                                              ],
                                              "parent": 9,
                                              "ID": 10,
                                              "left": 11,
                                              "right": 21
                                            },
                                            {
                                              "Node Type": "Hash",
                                              "Parent Relationship": "Inner",
                                              "Parallel Aware": false,
                                              "Async Capable": false,
                                              "Startup Cost": 6.02,
                                              "Total Cost": 6.02,
                                              "Plan Rows": 102,
                                              "Plan Width": 21,
                                              "Plans": [
                                                {
                                                  "Node Type": "Seq Scan",
                                                  "Parent Relationship": "Outer",
                                                  "Parallel Aware": false,
                                                  "Async Capable": false,
                                                  "Relation Name": "store",
                                                  "Alias": "store",
                                                  "Startup Cost": 0.0,
                                                  "Total Cost": 6.02,
                                                  "Plan Rows": 102,
                                                  "Plan Width": 21,
                                                  "parent": 23,
                                                  "ID": 24
                                                }
                                              ],
                                              "parent": 9,
                                              "ID": 23,
                                              "left": 24
                                            }
                                          ],
                                          "parent": 8,
                                          "ID": 9,
                                          "left": 10,
                                          "right": 23
                                        }
                                      ],
                                      "parent": 7,
                                      "ID": 8,
                                      "left": 9
                                    }
                                  ],
                                  "parent": 6,
                                  "ID": 7,
                                  "left": 8
                                }
                              ],
                              "parent": 5,
                              "ID": 6,
                              "left": 7
                            }
                          ],
                          "parent": 4,
                          "ID": 5,
                          "left": 6
                        }
                      ],
                      "parent": 3,
                      "ID": 4,
                      "left": 5
                    },
                    {
                      "Node Type": "Subquery Scan",
                      "Parent Relationship": "Member",
                      "Parallel Aware": false,
                      "Async Capable": false,
                      "Alias": "csr",
                      "Startup Cost": 518177.36,
                      "Total Cost": 518230.78,
                      "Plan Rows": 340,
                      "Plan Width": 160,
                      "Plans": [
                        {
                          "Node Type": "Aggregate",
                          "Strategy": "Sorted",
                          "Partial Mode": "Finalize",
                          "Parent Relationship": "Subquery",
                          "Parallel Aware": false,
                          "Async Capable": false,
                          "Startup Cost": 518177.36,
                          "Total Cost": 518225.68,
                          "Plan Rows": 340,
                          "Plan Width": 113,
                          "Group Key": [
                            "catalog_page.cp_catalog_page_id"
                          ],
                          "Plans": [
                            {
                              "Node Type": "Gather Merge",
                              "Parent Relationship": "Outer",
                              "Parallel Aware": false,
                              "Async Capable": false,
                              "Startup Cost": 518177.36,
                              "Total Cost": 518214.76,
                              "Plan Rows": 284,
                              "Plan Width": 113,
                              "Workers Planned": 2,
                              "Plans": [
                                {
                                  "Node Type": "Aggregate",
                                  "Strategy": "Sorted",
                                  "Partial Mode": "Partial",
                                  "Parent Relationship": "Outer",
                                  "Parallel Aware": false,
                                  "Async Capable": false,
                                  "Startup Cost": 517177.34,
                                  "Total Cost": 517181.95,
                                  "Plan Rows": 142,
                                  "Plan Width": 113,
                                  "Group Key": [
                                    "catalog_page.cp_catalog_page_id"
                                  ],
                                  "Plans": [
                                    {
                                      "Node Type": "Sort",
                                      "Parent Relationship": "Outer",
                                      "Parallel Aware": false,
                                      "Async Capable": false,
                                      "Startup Cost": 517177.34,
                                      "Total Cost": 517177.69,
                                      "Plan Rows": 142,
                                      "Plan Width": 41,
                                      "Sort Key": [
                                        "catalog_page.cp_catalog_page_id"
                                      ],
                                      "Plans": [
                                        {
                                          "Node Type": "Hash Join",
                                          "Parent Relationship": "Outer",
                                          "Parallel Aware": false,
                                          "Async Capable": false,
                                          "Join Type": "Inner",
                                          "Startup Cost": 57382.33,
                                          "Total Cost": 517172.26,
                                          "Plan Rows": 142,
                                          "Plan Width": 41,
                                          "Inner Unique": false,
                                          "Hash Cond": "(catalog_sales.cs_catalog_page_sk = catalog_page.cp_catalog_page_sk)",
                                          "Plans": [
                                            {
                                              "Node Type": "Hash Join",
                                              "Parent Relationship": "Outer",
                                              "Parallel Aware": false,
                                              "Async Capable": false,
                                              "Join Type": "Inner",
                                              "Startup Cost": 56864.33,
                                              "Total Cost": 516652.32,
                                              "Plan Rows": 142,
                                              "Plan Width": 28,
                                              "Inner Unique": false,
                                              "Hash Cond": "(catalog_sales.cs_promo_sk = promotion_1.p_promo_sk)",
                                              "Plans": [
                                                {
                                                  "Node Type": "Hash Join",
                                                  "Parent Relationship": "Outer",
                                                  "Parallel Aware": true,
                                                  "Async Capable": false,
                                                  "Join Type": "Inner",
                                                  "Startup Cost": 56838.93,
                                                  "Total Cost": 516624.96,
                                                  "Plan Rows": 145,
                                                  "Plan Width": 32,
                                                  "Inner Unique": false,
                                                  "Hash Cond": "(catalog_sales.cs_item_sk = item_1.i_item_sk)",
                                                  "Plans": [
                                                    {
                                                      "Node Type": "Hash Join",
                                                      "Parent Relationship": "Outer",
                                                      "Parallel Aware": true,
                                                      "Async Capable": false,
                                                      "Join Type": "Left",
                                                      "Startup Cost": 49313.15,
                                                      "Total Cost": 509089.08,
                                                      "Plan Rows": 2532,
                                                      "Plan Width": 36,
                                                      "Inner Unique": false,
                                                      "Hash Cond": "((catalog_sales.cs_item_sk = catalog_returns.cr_item_sk) AND (catalog_sales.cs_order_number = catalog_returns.cr_order_number))",
                                                      "Plans": [
                                                        {
                                                          "Node Type": "Hash Join",
                                                          "Parent Relationship": "Outer",
                                                          "Parallel Aware": true,
                                                          "Async Capable": false,
                                                          "Join Type": "Inner",
                                                          "Startup Cost": 2049.78,
                                                          "Total Cost": 458254.7,
                                                          "Plan Rows": 2532,
                                                          "Plan Width": 28,
                                                          "Inner Unique": false,
                                                          "Hash Cond": "(catalog_sales.cs_sold_date_sk = date_dim_1.d_date_sk)",
                                                          "Plans": [
                                                            {
                                                              "Node Type": "Seq Scan",
                                                              "Parent Relationship": "Outer",
                                                              "Parallel Aware": true,
                                                              "Async Capable": false,
                                                              "Relation Name": "catalog_sales",
                                                              "Alias": "catalog_sales",
                                                              "Startup Cost": 0.0,
                                                              "Total Cost": 433688.25,
                                                              "Plan Rows": 6000525,
                                                              "Plan Width": 32,
                                                              "parent": 34,
                                                              "ID": 35
                                                            },
                                                            {
                                                              "Node Type": "Hash",
                                                              "Parent Relationship": "Inner",
                                                              "Parallel Aware": true,
                                                              "Async Capable": false,
                                                              "Startup Cost": 2049.55,
                                                              "Total Cost": 2049.55,
                                                              "Plan Rows": 18,
                                                              "Plan Width": 4,
                                                              "Plans": [
                                                                {
                                                                  "Node Type": "Seq Scan",
                                                                  "Parent Relationship": "Outer",
                                                                  "Parallel Aware": true,
                                                                  "Async Capable": false,
                                                                  "Relation Name": "date_dim",
                                                                  "Alias": "date_dim_1",
                                                                  "Startup Cost": 0.0,
                                                                  "Total Cost": 2049.55,
                                                                  "Plan Rows": 18,
                                                                  "Plan Width": 4,
                                                                  "Filter": "((d_date >= '2000-08-25'::date) AND (d_date <= '2000-09-24 00:00:00'::timestamp without time zone))",
                                                                  "parent": 36,
                                                                  "ID": 37
                                                                }
                                                              ],
                                                              "parent": 34,
                                                              "ID": 36,
                                                              "left": 37
                                                            }
                                                          ],
                                                          "parent": 33,
                                                          "ID": 34,
                                                          "left": 35,
                                                          "right": 36
                                                        },
                                                        {
                                                          "Node Type": "Hash",
                                                          "Parent Relationship": "Inner",
                                                          "Parallel Aware": true,
                                                          "Async Capable": false,
                                                          "Startup Cost": 34748.95,
                                                          "Total Cost": 34748.95,
                                                          "Plan Rows": 599895,
                                                          "Plan Width": 20,
                                                          "Plans": [
                                                            {
                                                              "Node Type": "Seq Scan",
                                                              "Parent Relationship": "Outer",
                                                              "Parallel Aware": true,
                                                              "Async Capable": false,
                                                              "Relation Name": "catalog_returns",
                                                              "Alias": "catalog_returns",
                                                              "Startup Cost": 0.0,
                                                              "Total Cost": 34748.95,
                                                              "Plan Rows": 599895,
                                                              "Plan Width": 20,
                                                              "parent": 38,
                                                              "ID": 39
                                                            }
                                                          ],
                                                          "parent": 33,
                                                          "ID": 38,
                                                          "left": 39
                                                        }
                                                      ],
                                                      "parent": 32,
                                                      "ID": 33,
                                                      "left": 34,
                                                      "right": 38
                                                    },
                                                    {
                                                      "Node Type": "Hash",
                                                      "Parent Relationship": "Inner",
                                                      "Parallel Aware": true,
                                                      "Async Capable": false,
                                                      "Startup Cost": 7495.25,
                                                      "Total Cost": 7495.25,
                                                      "Plan Rows": 2442,
                                                      "Plan Width": 4,
                                                      "Plans": [
                                                        {
                                                          "Node Type": "Seq Scan",
                                                          "Parent Relationship": "Outer",
                                                          "Parallel Aware": true,
                                                          "Async Capable": false,
                                                          "Relation Name": "item",
                                                          "Alias": "item_1",
                                                          "Startup Cost": 0.0,
                                                          "Total Cost": 7495.25,
                                                          "Plan Rows": 2442,
                                                          "Plan Width": 4,
                                                          "Filter": "(i_current_price > '50'::numeric)",
                                                          "parent": 40,
                                                          "ID": 41
                                                        }
                                                      ],
                                                      "parent": 32,
                                                      "ID": 40,
                                                      "left": 41
                                                    }
                                                  ],
                                                  "parent": 31,
                                                  "ID": 32,
                                                  "left": 33,
                                                  "right": 40
                                                },
                                                {
                                                  "Node Type": "Hash",
                                                  "Parent Relationship": "Inner",
                                                  "Parallel Aware": false,
                                                  "Async Capable": false,
                                                  "Startup Cost": 19.25,
                                                  "Total Cost": 19.25,
                                                  "Plan Rows": 492,
                                                  "Plan Width": 4,
                                                  "Plans": [
                                                    {
                                                      "Node Type": "Seq Scan",
                                                      "Parent Relationship": "Outer",
                                                      "Parallel Aware": false,
                                                      "Async Capable": false,
                                                      "Relation Name": "promotion",
                                                      "Alias": "promotion_1",
                                                      "Startup Cost": 0.0,
                                                      "Total Cost": 19.25,
                                                      "Plan Rows": 492,
                                                      "Plan Width": 4,
                                                      "Filter": "(p_channel_tv = 'N'::bpchar)",
                                                      "parent": 42,
                                                      "ID": 43
                                                    }
                                                  ],
                                                  "parent": 31,
                                                  "ID": 42,
                                                  "left": 43
                                                }
                                              ],
                                              "parent": 30,
                                              "ID": 31,
                                              "left": 32,
                                              "right": 42
                                            },
                                            {
                                              "Node Type": "Hash",
                                              "Parent Relationship": "Inner",
                                              "Parallel Aware": false,
                                              "Async Capable": false,
                                              "Startup Cost": 368.0,
                                              "Total Cost": 368.0,
                                              "Plan Rows": 12000,
                                              "Plan Width": 21,
                                              "Plans": [
                                                {
                                                  "Node Type": "Seq Scan",
                                                  "Parent Relationship": "Outer",
                                                  "Parallel Aware": false,
                                                  "Async Capable": false,
                                                  "Relation Name": "catalog_page",
                                                  "Alias": "catalog_page",
                                                  "Startup Cost": 0.0,
                                                  "Total Cost": 368.0,
                                                  "Plan Rows": 12000,
                                                  "Plan Width": 21,
                                                  "parent": 44,
                                                  "ID": 45
                                                }
                                              ],
                                              "parent": 30,
                                              "ID": 44,
                                              "left": 45
                                            }
                                          ],
                                          "parent": 29,
                                          "ID": 30,
                                          "left": 31,
                                          "right": 44
                                        }
                                      ],
                                      "parent": 28,
                                      "ID": 29,
                                      "left": 30
                                    }
                                  ],
                                  "parent": 27,
                                  "ID": 28,
                                  "left": 29
                                }
                              ],
                              "parent": 26,
                              "ID": 27,
                              "left": 28
                            }
                          ],
                          "parent": 25,
                          "ID": 26,
                          "left": 27
                        }
                      ],
                      "parent": 3,
                      "ID": 25,
                      "left": 26
                    },
                    {
                      "Node Type": "Subquery Scan",
                      "Parent Relationship": "Member",
                      "Parallel Aware": false,
                      "Async Capable": false,
                      "Alias": "wsr",
                      "Startup Cost": 263919.04,
                      "Total Cost": 263926.75,
                      "Plan Rows": 21,
                      "Plan Width": 160,
                      "Plans": [
                        {
                          "Node Type": "Aggregate",
                          "Strategy": "Sorted",
                          "Partial Mode": "Finalize",
                          "Parent Relationship": "Subquery",
                          "Parallel Aware": false,
                          "Async Capable": false,
                          "Startup Cost": 263919.04,
                          "Total Cost": 263926.43,
                          "Plan Rows": 21,
                          "Plan Width": 113,
                          "Group Key": [
                            "web_site.web_site_id"
                          ],
                          "Plans": [
                            {
                              "Node Type": "Gather Merge",
                              "Parent Relationship": "Outer",
                              "Parallel Aware": false,
                              "Async Capable": false,
                              "Startup Cost": 263919.04,
                              "Total Cost": 263925.33,
                              "Plan Rows": 42,
                              "Plan Width": 113,
                              "Workers Planned": 2,
                              "Plans": [
                                {
                                  "Node Type": "Aggregate",
                                  "Strategy": "Sorted",
                                  "Partial Mode": "Partial",
                                  "Parent Relationship": "Outer",
                                  "Parallel Aware": false,
                                  "Async Capable": false,
                                  "Startup Cost": 262919.01,
                                  "Total Cost": 262920.46,
                                  "Plan Rows": 21,
                                  "Plan Width": 113,
                                  "Group Key": [
                                    "web_site.web_site_id"
                                  ],
                                  "Plans": [
                                    {
                                      "Node Type": "Sort",
                                      "Parent Relationship": "Outer",
                                      "Parallel Aware": false,
                                      "Async Capable": false,
                                      "Startup Cost": 262919.01,
                                      "Total Cost": 262919.19,
                                      "Plan Rows": 72,
                                      "Plan Width": 41,
                                      "Sort Key": [
                                        "web_site.web_site_id"
                                      ],
                                      "Plans": [
                                        {
                                          "Node Type": "Hash Join",
                                          "Parent Relationship": "Outer",
                                          "Parallel Aware": false,
                                          "Async Capable": false,
                                          "Join Type": "Inner",
                                          "Startup Cost": 32134.74,
                                          "Total Cost": 262916.79,
                                          "Plan Rows": 72,
                                          "Plan Width": 41,
                                          "Inner Unique": false,
                                          "Hash Cond": "(web_sales.ws_web_site_sk = web_site.web_site_sk)",
                                          "Plans": [
                                            {
                                              "Node Type": "Hash Join",
                                              "Parent Relationship": "Outer",
                                              "Parallel Aware": false,
                                              "Async Capable": false,
                                              "Join Type": "Inner",
                                              "Startup Cost": 32130.8,
                                              "Total Cost": 262911.86,
                                              "Plan Rows": 72,
                                              "Plan Width": 28,
                                              "Inner Unique": false,
                                              "Hash Cond": "(web_sales.ws_promo_sk = promotion_2.p_promo_sk)",
                                              "Plans": [
                                                {
                                                  "Node Type": "Hash Join",
                                                  "Parent Relationship": "Outer",
                                                  "Parallel Aware": true,
                                                  "Async Capable": false,
                                                  "Join Type": "Inner",
                                                  "Startup Cost": 32105.4,
                                                  "Total Cost": 262885.46,
                                                  "Plan Rows": 73,
                                                  "Plan Width": 32,
                                                  "Inner Unique": false,
                                                  "Hash Cond": "(web_sales.ws_item_sk = item_2.i_item_sk)",
                                                  "Plans": [
                                                    {
                                                      "Node Type": "Hash Join",
                                                      "Parent Relationship": "Outer",
                                                      "Parallel Aware": true,
                                                      "Async Capable": false,
                                                      "Join Type": "Left",
                                                      "Startup Cost": 24579.62,
                                                      "Total Cost": 255354.62,
                                                      "Plan Rows": 1272,
                                                      "Plan Width": 36,
                                                      "Inner Unique": false,
                                                      "Hash Cond": "((web_sales.ws_item_sk = web_returns.wr_item_sk) AND (web_sales.ws_order_number = web_returns.wr_order_number))",
                                                      "Plans": [
                                                        {
                                                          "Node Type": "Hash Join",
                                                          "Parent Relationship": "Outer",
                                                          "Parallel Aware": true,
                                                          "Async Capable": false,
                                                          "Join Type": "Inner",
                                                          "Startup Cost": 2049.78,
                                                          "Total Cost": 231041.22,
                                                          "Plan Rows": 1272,
                                                          "Plan Width": 28,
                                                          "Inner Unique": false,
                                                          "Hash Cond": "(web_sales.ws_sold_date_sk = date_dim_2.d_date_sk)",
                                                          "Plans": [
                                                            {
                                                              "Node Type": "Seq Scan",
                                                              "Parent Relationship": "Outer",
                                                              "Parallel Aware": true,
                                                              "Async Capable": false,
                                                              "Relation Name": "web_sales",
                                                              "Alias": "web_sales",
                                                              "Startup Cost": 0.0,
                                                              "Total Cost": 217737.86,
                                                              "Plan Rows": 2998986,
                                                              "Plan Width": 32,
                                                              "parent": 55,
                                                              "ID": 56
                                                            },
                                                            {
                                                              "Node Type": "Hash",
                                                              "Parent Relationship": "Inner",
                                                              "Parallel Aware": true,
                                                              "Async Capable": false,
                                                              "Startup Cost": 2049.55,
                                                              "Total Cost": 2049.55,
                                                              "Plan Rows": 18,
                                                              "Plan Width": 4,
                                                              "Plans": [
                                                                {
                                                                  "Node Type": "Seq Scan",
                                                                  "Parent Relationship": "Outer",
                                                                  "Parallel Aware": true,
                                                                  "Async Capable": false,
                                                                  "Relation Name": "date_dim",
                                                                  "Alias": "date_dim_2",
                                                                  "Startup Cost": 0.0,
                                                                  "Total Cost": 2049.55,
                                                                  "Plan Rows": 18,
                                                                  "Plan Width": 4,
                                                                  "Filter": "((d_date >= '2000-08-25'::date) AND (d_date <= '2000-09-24 00:00:00'::timestamp without time zone))",
                                                                  "parent": 57,
                                                                  "ID": 58
                                                                }
                                                              ],
                                                              "parent": 55,
                                                              "ID": 57,
                                                              "left": 58
                                                            }
                                                          ],
                                                          "parent": 54,
                                                          "ID": 55,
                                                          "left": 56,
                                                          "right": 57
                                                        },
                                                        {
                                                          "Node Type": "Hash",
                                                          "Parent Relationship": "Inner",
                                                          "Parallel Aware": true,
                                                          "Async Capable": false,
                                                          "Startup Cost": 16278.74,
                                                          "Total Cost": 16278.74,
                                                          "Plan Rows": 299674,
                                                          "Plan Width": 20,
                                                          "Plans": [
                                                            {
                                                              "Node Type": "Seq Scan",
                                                              "Parent Relationship": "Outer",
                                                              "Parallel Aware": true,
                                                              "Async Capable": false,
                                                              "Relation Name": "web_returns",
                                                              "Alias": "web_returns",
                                                              "Startup Cost": 0.0,
                                                              "Total Cost": 16278.74,
                                                              "Plan Rows": 299674,
                                                              "Plan Width": 20,
                                                              "parent": 59,
                                                              "ID": 60
                                                            }
                                                          ],
                                                          "parent": 54,
                                                          "ID": 59,
                                                          "left": 60
                                                        }
                                                      ],
                                                      "parent": 53,
                                                      "ID": 54,
                                                      "left": 55,
                                                      "right": 59
                                                    },
                                                    {
                                                      "Node Type": "Hash",
                                                      "Parent Relationship": "Inner",
                                                      "Parallel Aware": true,
                                                      "Async Capable": false,
                                                      "Startup Cost": 7495.25,
                                                      "Total Cost": 7495.25,
                                                      "Plan Rows": 2442,
                                                      "Plan Width": 4,
                                                      "Plans": [
                                                        {
                                                          "Node Type": "Seq Scan",
                                                          "Parent Relationship": "Outer",
                                                          "Parallel Aware": true,
                                                          "Async Capable": false,
                                                          "Relation Name": "item",
                                                          "Alias": "item_2",
                                                          "Startup Cost": 0.0,
                                                          "Total Cost": 7495.25,
                                                          "Plan Rows": 2442,
                                                          "Plan Width": 4,
                                                          "Filter": "(i_current_price > '50'::numeric)",
                                                          "parent": 61,
                                                          "ID": 62
                                                        }
                                                      ],
                                                      "parent": 53,
                                                      "ID": 61,
                                                      "left": 62
                                                    }
                                                  ],
                                                  "parent": 52,
                                                  "ID": 53,
                                                  "left": 54,
                                                  "right": 61
                                                },
                                                {
                                                  "Node Type": "Hash",
                                                  "Parent Relationship": "Inner",
                                                  "Parallel Aware": false,
                                                  "Async Capable": false,
                                                  "Startup Cost": 19.25,
                                                  "Total Cost": 19.25,
                                                  "Plan Rows": 492,
                                                  "Plan Width": 4,
                                                  "Plans": [
                                                    {
                                                      "Node Type": "Seq Scan",
                                                      "Parent Relationship": "Outer",
                                                      "Parallel Aware": false,
                                                      "Async Capable": false,
                                                      "Relation Name": "promotion",
                                                      "Alias": "promotion_2",
                                                      "Startup Cost": 0.0,
                                                      "Total Cost": 19.25,
                                                      "Plan Rows": 492,
                                                      "Plan Width": 4,
                                                      "Filter": "(p_channel_tv = 'N'::bpchar)",
                                                      "parent": 63,
                                                      "ID": 64
                                                    }
                                                  ],
                                                  "parent": 52,
                                                  "ID": 63,
                                                  "left": 64
                                                }
                                              ],
                                              "parent": 51,
                                              "ID": 52,
                                              "left": 53,
                                              "right": 63
                                            },
                                            {
                                              "Node Type": "Hash",
                                              "Parent Relationship": "Inner",
                                              "Parallel Aware": false,
                                              "Async Capable": false,
                                              "Startup Cost": 3.42,
                                              "Total Cost": 3.42,
                                              "Plan Rows": 42,
                                              "Plan Width": 21,
                                              "Plans": [
                                                {
                                                  "Node Type": "Seq Scan",
                                                  "Parent Relationship": "Outer",
                                                  "Parallel Aware": false,
                                                  "Async Capable": false,
                                                  "Relation Name": "web_site",
                                                  "Alias": "web_site",
                                                  "Startup Cost": 0.0,
                                                  "Total Cost": 3.42,
                                                  "Plan Rows": 42,
                                                  "Plan Width": 21,
                                                  "parent": 65,
                                                  "ID": 66
                                                }
                                              ],
                                              "parent": 51,
                                              "ID": 65,
                                              "left": 66
                                            }
                                          ],
                                          "parent": 50,
                                          "ID": 51,
                                          "left": 52,
                                          "right": 65
                                        }
                                      ],
                                      "parent": 49,
                                      "ID": 50,
                                      "left": 51
                                    }
                                  ],
                                  "parent": 48,
                                  "ID": 49,
                                  "left": 50
                                }
                              ],
                              "parent": 47,
                              "ID": 48,
                              "left": 49
                            }
                          ],
                          "parent": 46,
                          "ID": 47,
                          "left": 48
                        }
                      ],
                      "parent": 3,
                      "ID": 46,
                      "left": 47
                    }
                  ],
                  "parent": 2,
                  "ID": 3,
                  "left": 4,
                  "right": 25
                }
              ],
              "parent": 1,
              "ID": 2,
              "left": 3
            }
          ],
          "parent": 0,
          "ID": 1,
          "left": 2
        }
      ],
      "parent": null,
      "ID": 0,
      "left": 1
    },
    "feat": {
      "utility": 0.0,
      "query_shape": [
        [
          "Seq Scan",
          "Hash Join",
          "Sort",
          "Aggregate",
          "Gather Merge",
          "Subquery Scan",
          "Append"
        ],
        [
          "Seq Scan",
          "Hash",
          "Hash Join",
          "Sort",
          "Aggregate",
          "Gather Merge",
          "Subquery Scan",
          "Append"
        ],
        [
          "Seq Scan",
          "Hash",
          "Hash Join",
          "Sort",
          "Aggregate",
          "Gather Merge",
          "Subquery Scan",
          "Append"
        ],
        [
          "Seq Scan",
          "Hash",
          "Hash Join",
          "Sort",
          "Aggregate",
          "Gather Merge",
          "Subquery Scan",
          "Append"
        ],
        [
          "Seq Scan",
          "Hash",
          "Hash Join",
          "Sort",
          "Aggregate",
          "Gather Merge",
          "Subquery Scan",
          "Append"
        ],
        [
          "Seq Scan",
          "Hash",
          "Hash Join",
          "Sort",
          "Aggregate",
          "Gather Merge",
          "Subquery Scan",
          "Append"
        ],
        [
          "Seq Scan",
          "Hash Join",
          "Sort",
          "Aggregate",
          "Gather Merge",
          "Subquery Scan",
          "Append"
        ],
        [
          "Seq Scan",
          "Hash",
          "Hash Join",
          "Sort",
          "Aggregate",
          "Gather Merge",
          "Subquery Scan",
          "Append"
        ],
        [
          "Seq Scan",
          "Hash",
          "Hash Join",
          "Sort",
          "Aggregate",
          "Gather Merge",
          "Subquery Scan",
          "Append"
        ],
        [
          "Seq Scan",
          "Hash",
          "Hash Join",
          "Sort",
          "Aggregate",
          "Gather Merge",
          "Subquery Scan",
          "Append"
        ],
        [
          "Seq Scan",
          "Hash",
          "Hash Join",
          "Sort",
          "Aggregate",
          "Gather Merge",
          "Subquery Scan",
          "Append"
        ],
        [
          "Seq Scan",
          "Hash",
          "Hash Join",
          "Sort",
          "Aggregate",
          "Gather Merge",
          "Subquery Scan",
          "Append"
        ],
        [
          "Seq Scan",
          "Hash Join",
          "Sort",
          "Aggregate",
          "Gather Merge",
          "Subquery Scan",
          "Append"
        ],
        [
          "Seq Scan",
          "Hash",
          "Hash Join",
          "Sort",
          "Aggregate",
          "Gather Merge",
          "Subquery Scan",
          "Append"
        ],
        [
          "Seq Scan",
          "Hash",
          "Hash Join",
          "Sort",
          "Aggregate",
          "Gather Merge",
          "Subquery Scan",
          "Append"
        ],
        [
          "Seq Scan",
          "Hash",
          "Hash Join",
          "Sort",
          "Aggregate",
          "Gather Merge",
          "Subquery Scan",
          "Append"
        ],
        [
          "Seq Scan",
          "Hash",
          "Hash Join",
          "Sort",
          "Aggregate",
          "Gather Merge",
          "Subquery Scan",
          "Append"
        ],
        [
          "Seq Scan",
          "Hash",
          "Hash Join",
          "Sort",
          "Aggregate",
          "Gather Merge",
          "Subquery Scan",
          "Append"
        ]
      ],
      "index_shape": [],
      "physical_operator": {}
    }
  },
  {
    "query": "with ssr as\n (select  s_store_id as store_id,\n          sum(ss_ext_sales_price) as sales,\n          sum(coalesce(sr_return_amt, 0)) as returns,\n          sum(ss_net_profit - coalesce(sr_net_loss, 0)) as profit\n  from store_sales left outer join store_returns on\n         (ss_item_sk = sr_item_sk and ss_ticket_number = sr_ticket_number),\n     date_dim,\n     store,\n     item,\n     promotion\n where ss_sold_date_sk = d_date_sk\n       and d_date between cast('2000-08-25' as date) \n                  and (cast('2000-08-25' as date) +  interval '30 days')\n       and ss_store_sk = s_store_sk\n       and ss_item_sk = i_item_sk\n       and i_current_price > 50\n       and ss_promo_sk = p_promo_sk\n       and p_channel_tv = 'N'\n group by s_store_id)\n ,\n csr as\n (select  cp_catalog_page_id as catalog_page_id,\n          sum(cs_ext_sales_price) as sales,\n          sum(coalesce(cr_return_amount, 0)) as returns,\n          sum(cs_net_profit - coalesce(cr_net_loss, 0)) as profit\n  from catalog_sales left outer join catalog_returns on\n         (cs_item_sk = cr_item_sk and cs_order_number = cr_order_number),\n     date_dim,\n     catalog_page,\n     item,\n     promotion\n where cs_sold_date_sk = d_date_sk\n       and d_date between cast('2000-08-25' as date)\n                  and (cast('2000-08-25' as date) +  interval '30 days')\n        and cs_catalog_page_sk = cp_catalog_page_sk\n       and cs_item_sk = i_item_sk\n       and i_current_price > 50\n       and cs_promo_sk = p_promo_sk\n       and p_channel_tv = 'N'\ngroup by cp_catalog_page_id)\n ,\n wsr as\n (select  web_site_id,\n          sum(ws_ext_sales_price) as sales,\n          sum(coalesce(wr_return_amt, 0)) as returns,\n          sum(ws_net_profit - coalesce(wr_net_loss, 0)) as profit\n  from web_sales left outer join web_returns on\n         (ws_item_sk = wr_item_sk and ws_order_number = wr_order_number),\n     date_dim,\n     web_site,\n     item,\n     promotion\n where ws_sold_date_sk = d_date_sk\n       and d_date between cast('2000-08-25' as date)\n                  and (cast('2000-08-25' as date) +  interval '30 days')\n        and ws_web_site_sk = web_site_sk\n       and ws_item_sk = i_item_sk\n       and i_current_price > 50\n       and ws_promo_sk = p_promo_sk\n       and p_channel_tv = 'N'\ngroup by web_site_id)\n  select  channel\n        , id\n        , sum(sales) as sales\n        , sum(returns) as returns\n        , sum(profit) as profit\n from \n (select 'store channel' as channel\n        , 'store' || store_id as id\n        , sales\n        , returns\n        , profit\n from   ssr\n union all\n select 'catalog channel' as channel\n        , 'catalog_page' || catalog_page_id as id\n        , sales\n        , returns\n        , profit\n from  csr\n union all\n select 'web channel' as channel\n        , 'web_site' || web_site_id as id\n        , sales\n        , returns\n        , profit\n from   wsr\n ) x\n group by rollup (channel, id)\n order by channel\n         ,id\n limit 100;\n\n-- end query 61 in stream 1 using template query80.tpl\n",
    "indexes": "store_sales.ss_sold_date_sk",
    "wo plan est": {
      "Node Type": "Limit",
      "Parallel Aware": false,
      "Async Capable": false,
      "Startup Cost": 1566793.64,
      "Total Cost": 1566796.93,
      "Plan Rows": 100,
      "Plan Width": 160,
      "Plans": [
        {
          "Node Type": "Aggregate",
          "Strategy": "Sorted",
          "Partial Mode": "Simple",
          "Parent Relationship": "Outer",
          "Parallel Aware": false,
          "Async Capable": false,
          "Startup Cost": 1566793.64,
          "Total Cost": 1566806.84,
          "Plan Rows": 401,
          "Plan Width": 160,
          "Grouping Sets": [
            {
              "Group Keys": [
                [
                  "('store channel'::text)",
                  "(('store'::text || (ssr.store_id)::text))"
                ],
                [
                  "('store channel'::text)"
                ],
                []
              ]
            }
          ],
          "Plans": [
            {
              "Node Type": "Sort",
              "Parent Relationship": "Outer",
              "Parallel Aware": false,
              "Async Capable": false,
              "Startup Cost": 1566793.64,
              "Total Cost": 1566794.67,
              "Plan Rows": 412,
              "Plan Width": 160,
              "Sort Key": [
                "('store channel'::text)",
                "(('store'::text || (ssr.store_id)::text))"
              ],
              "Plans": [
                {
                  "Node Type": "Append",
                  "Parent Relationship": "Outer",
                  "Parallel Aware": false,
                  "Async Capable": false,
                  "Startup Cost": 784596.3,
                  "Total Cost": 1566775.74,
                  "Plan Rows": 412,
                  "Plan Width": 160,
                  "Subplans Removed": 0,
                  "Plans": [
                    {
                      "Node Type": "Subquery Scan",
                      "Parent Relationship": "Member",
                      "Parallel Aware": false,
                      "Async Capable": false,
                      "Alias": "ssr",
                      "Startup Cost": 784596.3,
                      "Total Cost": 784616.16,
                      "Plan Rows": 51,
                      "Plan Width": 160,
                      "Plans": [
                        {
                          "Node Type": "Aggregate",
                          "Strategy": "Sorted",
                          "Partial Mode": "Finalize",
                          "Parent Relationship": "Subquery",
                          "Parallel Aware": false,
                          "Async Capable": false,
                          "Startup Cost": 784596.3,
                          "Total Cost": 784615.39,
                          "Plan Rows": 51,
                          "Plan Width": 113,
                          "Group Key": [
                            "store.s_store_id"
                          ],
                          "Plans": [
                            {
                              "Node Type": "Gather Merge",
                              "Parent Relationship": "Outer",
                              "Parallel Aware": false,
                              "Async Capable": false,
                              "Startup Cost": 784596.3,
                              "Total Cost": 784612.71,
                              "Plan Rows": 102,
                              "Plan Width": 113,
                              "Workers Planned": 2,
                              "Plans": [
                                {
                                  "Node Type": "Aggregate",
                                  "Strategy": "Sorted",
                                  "Partial Mode": "Partial",
                                  "Parent Relationship": "Outer",
                                  "Parallel Aware": false,
                                  "Async Capable": false,
                                  "Startup Cost": 783596.27,
                                  "Total Cost": 783600.92,
                                  "Plan Rows": 51,
                                  "Plan Width": 113,
                                  "Group Key": [
                                    "store.s_store_id"
                                  ],
                                  "Plans": [
                                    {
                                      "Node Type": "Sort",
                                      "Parent Relationship": "Outer",
                                      "Parallel Aware": false,
                                      "Async Capable": false,
                                      "Startup Cost": 783596.27,
                                      "Total Cost": 783596.9,
                                      "Plan Rows": 250,
                                      "Plan Width": 41,
                                      "Sort Key": [
                                        "store.s_store_id"
                                      ],
                                      "Plans": [
                                        {
                                          "Node Type": "Hash Join",
                                          "Parent Relationship": "Outer",
                                          "Parallel Aware": false,
                                          "Async Capable": false,
                                          "Join Type": "Inner",
                                          "Startup Cost": 94489.35,
                                          "Total Cost": 783586.32,
                                          "Plan Rows": 250,
                                          "Plan Width": 41,
                                          "Inner Unique": false,
                                          "Hash Cond": "(store_sales.ss_store_sk = store.s_store_sk)",
                                          "Plans": [
                                            {
                                              "Node Type": "Hash Join",
                                              "Parent Relationship": "Outer",
                                              "Parallel Aware": false,
                                              "Async Capable": false,
                                              "Join Type": "Inner",
                                              "Startup Cost": 94482.05,
                                              "Total Cost": 783575.54,
                                              "Plan Rows": 262,
                                              "Plan Width": 28,
                                              "Inner Unique": false,
                                              "Hash Cond": "(store_sales.ss_promo_sk = promotion.p_promo_sk)",
                                              "Plans": [
                                                {
                                                  "Node Type": "Hash Join",
                                                  "Parent Relationship": "Outer",
                                                  "Parallel Aware": true,
                                                  "Async Capable": false,
                                                  "Join Type": "Inner",
                                                  "Startup Cost": 94456.65,
                                                  "Total Cost": 783546.47,
                                                  "Plan Rows": 279,
                                                  "Plan Width": 32,
                                                  "Inner Unique": false,
                                                  "Hash Cond": "(store_sales.ss_item_sk = item.i_item_sk)",
                                                  "Plans": [
                                                    {
                                                      "Node Type": "Hash Join",
                                                      "Parent Relationship": "Outer",
                                                      "Parallel Aware": true,
                                                      "Async Capable": false,
                                                      "Join Type": "Left",
                                                      "Startup Cost": 86930.88,
                                                      "Total Cost": 776001.31,
                                                      "Plan Rows": 4860,
                                                      "Plan Width": 36,
                                                      "Inner Unique": false,
                                                      "Hash Cond": "((store_sales.ss_item_sk = store_returns.sr_item_sk) AND (store_sales.ss_ticket_number = store_returns.sr_ticket_number))",
                                                      "Plans": [
                                                        {
                                                          "Node Type": "Hash Join",
                                                          "Parent Relationship": "Outer",
                                                          "Parallel Aware": true,
                                                          "Async Capable": false,
                                                          "Join Type": "Inner",
                                                          "Startup Cost": 2049.78,
                                                          "Total Cost": 683994.75,
                                                          "Plan Rows": 4860,
                                                          "Plan Width": 28,
                                                          "Inner Unique": false,
                                                          "Hash Cond": "(store_sales.ss_sold_date_sk = date_dim.d_date_sk)",
                                                          "Plans": [
                                                            {
                                                              "Node Type": "Seq Scan",
                                                              "Parent Relationship": "Outer",
                                                              "Parallel Aware": true,
                                                              "Async Capable": false,
                                                              "Relation Name": "store_sales",
                                                              "Alias": "store_sales",
                                                              "Startup Cost": 0.0,
                                                              "Total Cost": 636914.37,
                                                              "Plan Rows": 12000637,
                                                              "Plan Width": 32,
                                                              "parent": 13,
                                                              "ID": 14
                                                            },
                                                            {
                                                              "Node Type": "Hash",
                                                              "Parent Relationship": "Inner",
                                                              "Parallel Aware": true,
                                                              "Async Capable": false,
                                                              "Startup Cost": 2049.55,
                                                              "Total Cost": 2049.55,
                                                              "Plan Rows": 18,
                                                              "Plan Width": 4,
                                                              "Plans": [
                                                                {
                                                                  "Node Type": "Seq Scan",
                                                                  "Parent Relationship": "Outer",
                                                                  "Parallel Aware": true,
                                                                  "Async Capable": false,
                                                                  "Relation Name": "date_dim",
                                                                  "Alias": "date_dim",
                                                                  "Startup Cost": 0.0,
                                                                  "Total Cost": 2049.55,
                                                                  "Plan Rows": 18,
                                                                  "Plan Width": 4,
                                                                  "Filter": "((d_date >= '2000-08-25'::date) AND (d_date <= '2000-09-24 00:00:00'::timestamp without time zone))",
                                                                  "parent": 15,
                                                                  "ID": 16
                                                                }
                                                              ],
                                                              "parent": 13,
                                                              "ID": 15,
                                                              "left": 16
                                                            }
                                                          ],
                                                          "parent": 12,
                                                          "ID": 13,
                                                          "left": 14,
                                                          "right": 15
                                                        },
                                                        {
                                                          "Node Type": "Hash",
                                                          "Parent Relationship": "Inner",
                                                          "Parallel Aware": true,
                                                          "Async Capable": false,
                                                          "Startup Cost": 59887.64,
                                                          "Total Cost": 59887.64,
                                                          "Plan Rows": 1198164,
                                                          "Plan Width": 20,
                                                          "Plans": [
                                                            {
                                                              "Node Type": "Seq Scan",
                                                              "Parent Relationship": "Outer",
                                                              "Parallel Aware": true,
                                                              "Async Capable": false,
                                                              "Relation Name": "store_returns",
                                                              "Alias": "store_returns",
                                                              "Startup Cost": 0.0,
                                                              "Total Cost": 59887.64,
                                                              "Plan Rows": 1198164,
                                                              "Plan Width": 20,
                                                              "parent": 17,
                                                              "ID": 18
                                                            }
                                                          ],
                                                          "parent": 12,
                                                          "ID": 17,
                                                          "left": 18
                                                        }
                                                      ],
                                                      "parent": 11,
                                                      "ID": 12,
                                                      "left": 13,
                                                      "right": 17
                                                    },
                                                    {
                                                      "Node Type": "Hash",
                                                      "Parent Relationship": "Inner",
                                                      "Parallel Aware": true,
                                                      "Async Capable": false,
                                                      "Startup Cost": 7495.25,
                                                      "Total Cost": 7495.25,
                                                      "Plan Rows": 2442,
                                                      "Plan Width": 4,
                                                      "Plans": [
                                                        {
                                                          "Node Type": "Seq Scan",
                                                          "Parent Relationship": "Outer",
                                                          "Parallel Aware": true,
                                                          "Async Capable": false,
                                                          "Relation Name": "item",
                                                          "Alias": "item",
                                                          "Startup Cost": 0.0,
                                                          "Total Cost": 7495.25,
                                                          "Plan Rows": 2442,
                                                          "Plan Width": 4,
                                                          "Filter": "(i_current_price > '50'::numeric)",
                                                          "parent": 19,
                                                          "ID": 20
                                                        }
                                                      ],
                                                      "parent": 11,
                                                      "ID": 19,
                                                      "left": 20
                                                    }
                                                  ],
                                                  "parent": 10,
                                                  "ID": 11,
                                                  "left": 12,
                                                  "right": 19
                                                },
                                                {
                                                  "Node Type": "Hash",
                                                  "Parent Relationship": "Inner",
                                                  "Parallel Aware": false,
                                                  "Async Capable": false,
                                                  "Startup Cost": 19.25,
                                                  "Total Cost": 19.25,
                                                  "Plan Rows": 492,
                                                  "Plan Width": 4,
                                                  "Plans": [
                                                    {
                                                      "Node Type": "Seq Scan",
                                                      "Parent Relationship": "Outer",
                                                      "Parallel Aware": false,
                                                      "Async Capable": false,
                                                      "Relation Name": "promotion",
                                                      "Alias": "promotion",
                                                      "Startup Cost": 0.0,
                                                      "Total Cost": 19.25,
                                                      "Plan Rows": 492,
                                                      "Plan Width": 4,
                                                      "Filter": "(p_channel_tv = 'N'::bpchar)",
                                                      "parent": 21,
                                                      "ID": 22
                                                    }
                                                  ],
                                                  "parent": 10,
                                                  "ID": 21,
                                                  "left": 22
                                                }
                                              ],
                                              "parent": 9,
                                              "ID": 10,
                                              "left": 11,
                                              "right": 21
                                            },
                                            {
                                              "Node Type": "Hash",
                                              "Parent Relationship": "Inner",
                                              "Parallel Aware": false,
                                              "Async Capable": false,
                                              "Startup Cost": 6.02,
                                              "Total Cost": 6.02,
                                              "Plan Rows": 102,
                                              "Plan Width": 21,
                                              "Plans": [
                                                {
                                                  "Node Type": "Seq Scan",
                                                  "Parent Relationship": "Outer",
                                                  "Parallel Aware": false,
                                                  "Async Capable": false,
                                                  "Relation Name": "store",
                                                  "Alias": "store",
                                                  "Startup Cost": 0.0,
                                                  "Total Cost": 6.02,
                                                  "Plan Rows": 102,
                                                  "Plan Width": 21,
                                                  "parent": 23,
                                                  "ID": 24
                                                }
                                              ],
                                              "parent": 9,
                                              "ID": 23,
                                              "left": 24
                                            }
                                          ],
                                          "parent": 8,
                                          "ID": 9,
                                          "left": 10,
                                          "right": 23
                                        }
                                      ],
                                      "parent": 7,
                                      "ID": 8,
                                      "left": 9
                                    }
                                  ],
                                  "parent": 6,
                                  "ID": 7,
                                  "left": 8
                                }
                              ],
                              "parent": 5,
                              "ID": 6,
                              "left": 7
                            }
                          ],
                          "parent": 4,
                          "ID": 5,
                          "left": 6
                        }
                      ],
                      "parent": 3,
                      "ID": 4,
                      "left": 5
                    },
                    {
                      "Node Type": "Subquery Scan",
                      "Parent Relationship": "Member",
                      "Parallel Aware": false,
                      "Async Capable": false,
                      "Alias": "csr",
                      "Startup Cost": 518177.36,
                      "Total Cost": 518230.78,
                      "Plan Rows": 340,
                      "Plan Width": 160,
                      "Plans": [
                        {
                          "Node Type": "Aggregate",
                          "Strategy": "Sorted",
                          "Partial Mode": "Finalize",
                          "Parent Relationship": "Subquery",
                          "Parallel Aware": false,
                          "Async Capable": false,
                          "Startup Cost": 518177.36,
                          "Total Cost": 518225.68,
                          "Plan Rows": 340,
                          "Plan Width": 113,
                          "Group Key": [
                            "catalog_page.cp_catalog_page_id"
                          ],
                          "Plans": [
                            {
                              "Node Type": "Gather Merge",
                              "Parent Relationship": "Outer",
                              "Parallel Aware": false,
                              "Async Capable": false,
                              "Startup Cost": 518177.36,
                              "Total Cost": 518214.76,
                              "Plan Rows": 284,
                              "Plan Width": 113,
                              "Workers Planned": 2,
                              "Plans": [
                                {
                                  "Node Type": "Aggregate",
                                  "Strategy": "Sorted",
                                  "Partial Mode": "Partial",
                                  "Parent Relationship": "Outer",
                                  "Parallel Aware": false,
                                  "Async Capable": false,
                                  "Startup Cost": 517177.34,
                                  "Total Cost": 517181.95,
                                  "Plan Rows": 142,
                                  "Plan Width": 113,
                                  "Group Key": [
                                    "catalog_page.cp_catalog_page_id"
                                  ],
                                  "Plans": [
                                    {
                                      "Node Type": "Sort",
                                      "Parent Relationship": "Outer",
                                      "Parallel Aware": false,
                                      "Async Capable": false,
                                      "Startup Cost": 517177.34,
                                      "Total Cost": 517177.69,
                                      "Plan Rows": 142,
                                      "Plan Width": 41,
                                      "Sort Key": [
                                        "catalog_page.cp_catalog_page_id"
                                      ],
                                      "Plans": [
                                        {
                                          "Node Type": "Hash Join",
                                          "Parent Relationship": "Outer",
                                          "Parallel Aware": false,
                                          "Async Capable": false,
                                          "Join Type": "Inner",
                                          "Startup Cost": 57382.33,
                                          "Total Cost": 517172.26,
                                          "Plan Rows": 142,
                                          "Plan Width": 41,
                                          "Inner Unique": false,
                                          "Hash Cond": "(catalog_sales.cs_catalog_page_sk = catalog_page.cp_catalog_page_sk)",
                                          "Plans": [
                                            {
                                              "Node Type": "Hash Join",
                                              "Parent Relationship": "Outer",
                                              "Parallel Aware": false,
                                              "Async Capable": false,
                                              "Join Type": "Inner",
                                              "Startup Cost": 56864.33,
                                              "Total Cost": 516652.32,
                                              "Plan Rows": 142,
                                              "Plan Width": 28,
                                              "Inner Unique": false,
                                              "Hash Cond": "(catalog_sales.cs_promo_sk = promotion_1.p_promo_sk)",
                                              "Plans": [
                                                {
                                                  "Node Type": "Hash Join",
                                                  "Parent Relationship": "Outer",
                                                  "Parallel Aware": true,
                                                  "Async Capable": false,
                                                  "Join Type": "Inner",
                                                  "Startup Cost": 56838.93,
                                                  "Total Cost": 516624.96,
                                                  "Plan Rows": 145,
                                                  "Plan Width": 32,
                                                  "Inner Unique": false,
                                                  "Hash Cond": "(catalog_sales.cs_item_sk = item_1.i_item_sk)",
                                                  "Plans": [
                                                    {
                                                      "Node Type": "Hash Join",
                                                      "Parent Relationship": "Outer",
                                                      "Parallel Aware": true,
                                                      "Async Capable": false,
                                                      "Join Type": "Left",
                                                      "Startup Cost": 49313.15,
                                                      "Total Cost": 509089.08,
                                                      "Plan Rows": 2532,
                                                      "Plan Width": 36,
                                                      "Inner Unique": false,
                                                      "Hash Cond": "((catalog_sales.cs_item_sk = catalog_returns.cr_item_sk) AND (catalog_sales.cs_order_number = catalog_returns.cr_order_number))",
                                                      "Plans": [
                                                        {
                                                          "Node Type": "Hash Join",
                                                          "Parent Relationship": "Outer",
                                                          "Parallel Aware": true,
                                                          "Async Capable": false,
                                                          "Join Type": "Inner",
                                                          "Startup Cost": 2049.78,
                                                          "Total Cost": 458254.7,
                                                          "Plan Rows": 2532,
                                                          "Plan Width": 28,
                                                          "Inner Unique": false,
                                                          "Hash Cond": "(catalog_sales.cs_sold_date_sk = date_dim_1.d_date_sk)",
                                                          "Plans": [
                                                            {
                                                              "Node Type": "Seq Scan",
                                                              "Parent Relationship": "Outer",
                                                              "Parallel Aware": true,
                                                              "Async Capable": false,
                                                              "Relation Name": "catalog_sales",
                                                              "Alias": "catalog_sales",
                                                              "Startup Cost": 0.0,
                                                              "Total Cost": 433688.25,
                                                              "Plan Rows": 6000525,
                                                              "Plan Width": 32,
                                                              "parent": 34,
                                                              "ID": 35
                                                            },
                                                            {
                                                              "Node Type": "Hash",
                                                              "Parent Relationship": "Inner",
                                                              "Parallel Aware": true,
                                                              "Async Capable": false,
                                                              "Startup Cost": 2049.55,
                                                              "Total Cost": 2049.55,
                                                              "Plan Rows": 18,
                                                              "Plan Width": 4,
                                                              "Plans": [
                                                                {
                                                                  "Node Type": "Seq Scan",
                                                                  "Parent Relationship": "Outer",
                                                                  "Parallel Aware": true,
                                                                  "Async Capable": false,
                                                                  "Relation Name": "date_dim",
                                                                  "Alias": "date_dim_1",
                                                                  "Startup Cost": 0.0,
                                                                  "Total Cost": 2049.55,
                                                                  "Plan Rows": 18,
                                                                  "Plan Width": 4,
                                                                  "Filter": "((d_date >= '2000-08-25'::date) AND (d_date <= '2000-09-24 00:00:00'::timestamp without time zone))",
                                                                  "parent": 36,
                                                                  "ID": 37
                                                                }
                                                              ],
                                                              "parent": 34,
                                                              "ID": 36,
                                                              "left": 37
                                                            }
                                                          ],
                                                          "parent": 33,
                                                          "ID": 34,
                                                          "left": 35,
                                                          "right": 36
                                                        },
                                                        {
                                                          "Node Type": "Hash",
                                                          "Parent Relationship": "Inner",
                                                          "Parallel Aware": true,
                                                          "Async Capable": false,
                                                          "Startup Cost": 34748.95,
                                                          "Total Cost": 34748.95,
                                                          "Plan Rows": 599895,
                                                          "Plan Width": 20,
                                                          "Plans": [
                                                            {
                                                              "Node Type": "Seq Scan",
                                                              "Parent Relationship": "Outer",
                                                              "Parallel Aware": true,
                                                              "Async Capable": false,
                                                              "Relation Name": "catalog_returns",
                                                              "Alias": "catalog_returns",
                                                              "Startup Cost": 0.0,
                                                              "Total Cost": 34748.95,
                                                              "Plan Rows": 599895,
                                                              "Plan Width": 20,
                                                              "parent": 38,
                                                              "ID": 39
                                                            }
                                                          ],
                                                          "parent": 33,
                                                          "ID": 38,
                                                          "left": 39
                                                        }
                                                      ],
                                                      "parent": 32,
                                                      "ID": 33,
                                                      "left": 34,
                                                      "right": 38
                                                    },
                                                    {
                                                      "Node Type": "Hash",
                                                      "Parent Relationship": "Inner",
                                                      "Parallel Aware": true,
                                                      "Async Capable": false,
                                                      "Startup Cost": 7495.25,
                                                      "Total Cost": 7495.25,
                                                      "Plan Rows": 2442,
                                                      "Plan Width": 4,
                                                      "Plans": [
                                                        {
                                                          "Node Type": "Seq Scan",
                                                          "Parent Relationship": "Outer",
                                                          "Parallel Aware": true,
                                                          "Async Capable": false,
                                                          "Relation Name": "item",
                                                          "Alias": "item_1",
                                                          "Startup Cost": 0.0,
                                                          "Total Cost": 7495.25,
                                                          "Plan Rows": 2442,
                                                          "Plan Width": 4,
                                                          "Filter": "(i_current_price > '50'::numeric)",
                                                          "parent": 40,
                                                          "ID": 41
                                                        }
                                                      ],
                                                      "parent": 32,
                                                      "ID": 40,
                                                      "left": 41
                                                    }
                                                  ],
                                                  "parent": 31,
                                                  "ID": 32,
                                                  "left": 33,
                                                  "right": 40
                                                },
                                                {
                                                  "Node Type": "Hash",
                                                  "Parent Relationship": "Inner",
                                                  "Parallel Aware": false,
                                                  "Async Capable": false,
                                                  "Startup Cost": 19.25,
                                                  "Total Cost": 19.25,
                                                  "Plan Rows": 492,
                                                  "Plan Width": 4,
                                                  "Plans": [
                                                    {
                                                      "Node Type": "Seq Scan",
                                                      "Parent Relationship": "Outer",
                                                      "Parallel Aware": false,
                                                      "Async Capable": false,
                                                      "Relation Name": "promotion",
                                                      "Alias": "promotion_1",
                                                      "Startup Cost": 0.0,
                                                      "Total Cost": 19.25,
                                                      "Plan Rows": 492,
                                                      "Plan Width": 4,
                                                      "Filter": "(p_channel_tv = 'N'::bpchar)",
                                                      "parent": 42,
                                                      "ID": 43
                                                    }
                                                  ],
                                                  "parent": 31,
                                                  "ID": 42,
                                                  "left": 43
                                                }
                                              ],
                                              "parent": 30,
                                              "ID": 31,
                                              "left": 32,
                                              "right": 42
                                            },
                                            {
                                              "Node Type": "Hash",
                                              "Parent Relationship": "Inner",
                                              "Parallel Aware": false,
                                              "Async Capable": false,
                                              "Startup Cost": 368.0,
                                              "Total Cost": 368.0,
                                              "Plan Rows": 12000,
                                              "Plan Width": 21,
                                              "Plans": [
                                                {
                                                  "Node Type": "Seq Scan",
                                                  "Parent Relationship": "Outer",
                                                  "Parallel Aware": false,
                                                  "Async Capable": false,
                                                  "Relation Name": "catalog_page",
                                                  "Alias": "catalog_page",
                                                  "Startup Cost": 0.0,
                                                  "Total Cost": 368.0,
                                                  "Plan Rows": 12000,
                                                  "Plan Width": 21,
                                                  "parent": 44,
                                                  "ID": 45
                                                }
                                              ],
                                              "parent": 30,
                                              "ID": 44,
                                              "left": 45
                                            }
                                          ],
                                          "parent": 29,
                                          "ID": 30,
                                          "left": 31,
                                          "right": 44
                                        }
                                      ],
                                      "parent": 28,
                                      "ID": 29,
                                      "left": 30
                                    }
                                  ],
                                  "parent": 27,
                                  "ID": 28,
                                  "left": 29
                                }
                              ],
                              "parent": 26,
                              "ID": 27,
                              "left": 28
                            }
                          ],
                          "parent": 25,
                          "ID": 26,
                          "left": 27
                        }
                      ],
                      "parent": 3,
                      "ID": 25,
                      "left": 26
                    },
                    {
                      "Node Type": "Subquery Scan",
                      "Parent Relationship": "Member",
                      "Parallel Aware": false,
                      "Async Capable": false,
                      "Alias": "wsr",
                      "Startup Cost": 263919.04,
                      "Total Cost": 263926.75,
                      "Plan Rows": 21,
                      "Plan Width": 160,
                      "Plans": [
                        {
                          "Node Type": "Aggregate",
                          "Strategy": "Sorted",
                          "Partial Mode": "Finalize",
                          "Parent Relationship": "Subquery",
                          "Parallel Aware": false,
                          "Async Capable": false,
                          "Startup Cost": 263919.04,
                          "Total Cost": 263926.43,
                          "Plan Rows": 21,
                          "Plan Width": 113,
                          "Group Key": [
                            "web_site.web_site_id"
                          ],
                          "Plans": [
                            {
                              "Node Type": "Gather Merge",
                              "Parent Relationship": "Outer",
                              "Parallel Aware": false,
                              "Async Capable": false,
                              "Startup Cost": 263919.04,
                              "Total Cost": 263925.33,
                              "Plan Rows": 42,
                              "Plan Width": 113,
                              "Workers Planned": 2,
                              "Plans": [
                                {
                                  "Node Type": "Aggregate",
                                  "Strategy": "Sorted",
                                  "Partial Mode": "Partial",
                                  "Parent Relationship": "Outer",
                                  "Parallel Aware": false,
                                  "Async Capable": false,
                                  "Startup Cost": 262919.01,
                                  "Total Cost": 262920.46,
                                  "Plan Rows": 21,
                                  "Plan Width": 113,
                                  "Group Key": [
                                    "web_site.web_site_id"
                                  ],
                                  "Plans": [
                                    {
                                      "Node Type": "Sort",
                                      "Parent Relationship": "Outer",
                                      "Parallel Aware": false,
                                      "Async Capable": false,
                                      "Startup Cost": 262919.01,
                                      "Total Cost": 262919.19,
                                      "Plan Rows": 72,
                                      "Plan Width": 41,
                                      "Sort Key": [
                                        "web_site.web_site_id"
                                      ],
                                      "Plans": [
                                        {
                                          "Node Type": "Hash Join",
                                          "Parent Relationship": "Outer",
                                          "Parallel Aware": false,
                                          "Async Capable": false,
                                          "Join Type": "Inner",
                                          "Startup Cost": 32134.74,
                                          "Total Cost": 262916.79,
                                          "Plan Rows": 72,
                                          "Plan Width": 41,
                                          "Inner Unique": false,
                                          "Hash Cond": "(web_sales.ws_web_site_sk = web_site.web_site_sk)",
                                          "Plans": [
                                            {
                                              "Node Type": "Hash Join",
                                              "Parent Relationship": "Outer",
                                              "Parallel Aware": false,
                                              "Async Capable": false,
                                              "Join Type": "Inner",
                                              "Startup Cost": 32130.8,
                                              "Total Cost": 262911.86,
                                              "Plan Rows": 72,
                                              "Plan Width": 28,
                                              "Inner Unique": false,
                                              "Hash Cond": "(web_sales.ws_promo_sk = promotion_2.p_promo_sk)",
                                              "Plans": [
                                                {
                                                  "Node Type": "Hash Join",
                                                  "Parent Relationship": "Outer",
                                                  "Parallel Aware": true,
                                                  "Async Capable": false,
                                                  "Join Type": "Inner",
                                                  "Startup Cost": 32105.4,
                                                  "Total Cost": 262885.46,
                                                  "Plan Rows": 73,
                                                  "Plan Width": 32,
                                                  "Inner Unique": false,
                                                  "Hash Cond": "(web_sales.ws_item_sk = item_2.i_item_sk)",
                                                  "Plans": [
                                                    {
                                                      "Node Type": "Hash Join",
                                                      "Parent Relationship": "Outer",
                                                      "Parallel Aware": true,
                                                      "Async Capable": false,
                                                      "Join Type": "Left",
                                                      "Startup Cost": 24579.62,
                                                      "Total Cost": 255354.62,
                                                      "Plan Rows": 1272,
                                                      "Plan Width": 36,
                                                      "Inner Unique": false,
                                                      "Hash Cond": "((web_sales.ws_item_sk = web_returns.wr_item_sk) AND (web_sales.ws_order_number = web_returns.wr_order_number))",
                                                      "Plans": [
                                                        {
                                                          "Node Type": "Hash Join",
                                                          "Parent Relationship": "Outer",
                                                          "Parallel Aware": true,
                                                          "Async Capable": false,
                                                          "Join Type": "Inner",
                                                          "Startup Cost": 2049.78,
                                                          "Total Cost": 231041.22,
                                                          "Plan Rows": 1272,
                                                          "Plan Width": 28,
                                                          "Inner Unique": false,
                                                          "Hash Cond": "(web_sales.ws_sold_date_sk = date_dim_2.d_date_sk)",
                                                          "Plans": [
                                                            {
                                                              "Node Type": "Seq Scan",
                                                              "Parent Relationship": "Outer",
                                                              "Parallel Aware": true,
                                                              "Async Capable": false,
                                                              "Relation Name": "web_sales",
                                                              "Alias": "web_sales",
                                                              "Startup Cost": 0.0,
                                                              "Total Cost": 217737.86,
                                                              "Plan Rows": 2998986,
                                                              "Plan Width": 32,
                                                              "parent": 55,
                                                              "ID": 56
                                                            },
                                                            {
                                                              "Node Type": "Hash",
                                                              "Parent Relationship": "Inner",
                                                              "Parallel Aware": true,
                                                              "Async Capable": false,
                                                              "Startup Cost": 2049.55,
                                                              "Total Cost": 2049.55,
                                                              "Plan Rows": 18,
                                                              "Plan Width": 4,
                                                              "Plans": [
                                                                {
                                                                  "Node Type": "Seq Scan",
                                                                  "Parent Relationship": "Outer",
                                                                  "Parallel Aware": true,
                                                                  "Async Capable": false,
                                                                  "Relation Name": "date_dim",
                                                                  "Alias": "date_dim_2",
                                                                  "Startup Cost": 0.0,
                                                                  "Total Cost": 2049.55,
                                                                  "Plan Rows": 18,
                                                                  "Plan Width": 4,
                                                                  "Filter": "((d_date >= '2000-08-25'::date) AND (d_date <= '2000-09-24 00:00:00'::timestamp without time zone))",
                                                                  "parent": 57,
                                                                  "ID": 58
                                                                }
                                                              ],
                                                              "parent": 55,
                                                              "ID": 57,
                                                              "left": 58
                                                            }
                                                          ],
                                                          "parent": 54,
                                                          "ID": 55,
                                                          "left": 56,
                                                          "right": 57
                                                        },
                                                        {
                                                          "Node Type": "Hash",
                                                          "Parent Relationship": "Inner",
                                                          "Parallel Aware": true,
                                                          "Async Capable": false,
                                                          "Startup Cost": 16278.74,
                                                          "Total Cost": 16278.74,
                                                          "Plan Rows": 299674,
                                                          "Plan Width": 20,
                                                          "Plans": [
                                                            {
                                                              "Node Type": "Seq Scan",
                                                              "Parent Relationship": "Outer",
                                                              "Parallel Aware": true,
                                                              "Async Capable": false,
                                                              "Relation Name": "web_returns",
                                                              "Alias": "web_returns",
                                                              "Startup Cost": 0.0,
                                                              "Total Cost": 16278.74,
                                                              "Plan Rows": 299674,
                                                              "Plan Width": 20,
                                                              "parent": 59,
                                                              "ID": 60
                                                            }
                                                          ],
                                                          "parent": 54,
                                                          "ID": 59,
                                                          "left": 60
                                                        }
                                                      ],
                                                      "parent": 53,
                                                      "ID": 54,
                                                      "left": 55,
                                                      "right": 59
                                                    },
                                                    {
                                                      "Node Type": "Hash",
                                                      "Parent Relationship": "Inner",
                                                      "Parallel Aware": true,
                                                      "Async Capable": false,
                                                      "Startup Cost": 7495.25,
                                                      "Total Cost": 7495.25,
                                                      "Plan Rows": 2442,
                                                      "Plan Width": 4,
                                                      "Plans": [
                                                        {
                                                          "Node Type": "Seq Scan",
                                                          "Parent Relationship": "Outer",
                                                          "Parallel Aware": true,
                                                          "Async Capable": false,
                                                          "Relation Name": "item",
                                                          "Alias": "item_2",
                                                          "Startup Cost": 0.0,
                                                          "Total Cost": 7495.25,
                                                          "Plan Rows": 2442,
                                                          "Plan Width": 4,
                                                          "Filter": "(i_current_price > '50'::numeric)",
                                                          "parent": 61,
                                                          "ID": 62
                                                        }
                                                      ],
                                                      "parent": 53,
                                                      "ID": 61,
                                                      "left": 62
                                                    }
                                                  ],
                                                  "parent": 52,
                                                  "ID": 53,
                                                  "left": 54,
                                                  "right": 61
                                                },
                                                {
                                                  "Node Type": "Hash",
                                                  "Parent Relationship": "Inner",
                                                  "Parallel Aware": false,
                                                  "Async Capable": false,
                                                  "Startup Cost": 19.25,
                                                  "Total Cost": 19.25,
                                                  "Plan Rows": 492,
                                                  "Plan Width": 4,
                                                  "Plans": [
                                                    {
                                                      "Node Type": "Seq Scan",
                                                      "Parent Relationship": "Outer",
                                                      "Parallel Aware": false,
                                                      "Async Capable": false,
                                                      "Relation Name": "promotion",
                                                      "Alias": "promotion_2",
                                                      "Startup Cost": 0.0,
                                                      "Total Cost": 19.25,
                                                      "Plan Rows": 492,
                                                      "Plan Width": 4,
                                                      "Filter": "(p_channel_tv = 'N'::bpchar)",
                                                      "parent": 63,
                                                      "ID": 64
                                                    }
                                                  ],
                                                  "parent": 52,
                                                  "ID": 63,
                                                  "left": 64
                                                }
                                              ],
                                              "parent": 51,
                                              "ID": 52,
                                              "left": 53,
                                              "right": 63
                                            },
                                            {
                                              "Node Type": "Hash",
                                              "Parent Relationship": "Inner",
                                              "Parallel Aware": false,
                                              "Async Capable": false,
                                              "Startup Cost": 3.42,
                                              "Total Cost": 3.42,
                                              "Plan Rows": 42,
                                              "Plan Width": 21,
                                              "Plans": [
                                                {
                                                  "Node Type": "Seq Scan",
                                                  "Parent Relationship": "Outer",
                                                  "Parallel Aware": false,
                                                  "Async Capable": false,
                                                  "Relation Name": "web_site",
                                                  "Alias": "web_site",
                                                  "Startup Cost": 0.0,
                                                  "Total Cost": 3.42,
                                                  "Plan Rows": 42,
                                                  "Plan Width": 21,
                                                  "parent": 65,
                                                  "ID": 66
                                                }
                                              ],
                                              "parent": 51,
                                              "ID": 65,
                                              "left": 66
                                            }
                                          ],
                                          "parent": 50,
                                          "ID": 51,
                                          "left": 52,
                                          "right": 65
                                        }
                                      ],
                                      "parent": 49,
                                      "ID": 50,
                                      "left": 51
                                    }
                                  ],
                                  "parent": 48,
                                  "ID": 49,
                                  "left": 50
                                }
                              ],
                              "parent": 47,
                              "ID": 48,
                              "left": 49
                            }
                          ],
                          "parent": 46,
                          "ID": 47,
                          "left": 48
                        }
                      ],
                      "parent": 3,
                      "ID": 46,
                      "left": 47
                    }
                  ],
                  "parent": 2,
                  "ID": 3,
                  "left": 4,
                  "right": 25
                }
              ],
              "parent": 1,
              "ID": 2,
              "left": 3
            }
          ],
          "parent": 0,
          "ID": 1,
          "left": 2
        }
      ],
      "parent": null,
      "ID": 0,
      "left": 1
    },
    "feat": {
      "utility": 2.1724435892007834e-06,
      "query_shape": [
        [
          "Seq Scan",
          "Hash Join",
          "Sort",
          "Aggregate",
          "Gather Merge",
          "Subquery Scan",
          "Append"
        ],
        [
          "Seq Scan",
          "Hash",
          "Hash Join",
          "Sort",
          "Aggregate",
          "Gather Merge",
          "Subquery Scan",
          "Append"
        ],
        [
          "Seq Scan",
          "Hash",
          "Hash Join",
          "Sort",
          "Aggregate",
          "Gather Merge",
          "Subquery Scan",
          "Append"
        ],
        [
          "Seq Scan",
          "Hash",
          "Hash Join",
          "Sort",
          "Aggregate",
          "Gather Merge",
          "Subquery Scan",
          "Append"
        ],
        [
          "Seq Scan",
          "Hash",
          "Hash Join",
          "Sort",
          "Aggregate",
          "Gather Merge",
          "Subquery Scan",
          "Append"
        ],
        [
          "Seq Scan",
          "Hash",
          "Hash Join",
          "Sort",
          "Aggregate",
          "Gather Merge",
          "Subquery Scan",
          "Append"
        ],
        [
          "Seq Scan",
          "Hash Join",
          "Sort",
          "Aggregate",
          "Gather Merge",
          "Subquery Scan",
          "Append"
        ],
        [
          "Seq Scan",
          "Hash",
          "Hash Join",
          "Sort",
          "Aggregate",
          "Gather Merge",
          "Subquery Scan",
          "Append"
        ],
        [
          "Seq Scan",
          "Hash",
          "Hash Join",
          "Sort",
          "Aggregate",
          "Gather Merge",
          "Subquery Scan",
          "Append"
        ],
        [
          "Seq Scan",
          "Hash",
          "Hash Join",
          "Sort",
          "Aggregate",
          "Gather Merge",
          "Subquery Scan",
          "Append"
        ],
        [
          "Seq Scan",
          "Hash",
          "Hash Join",
          "Sort",
          "Aggregate",
          "Gather Merge",
          "Subquery Scan",
          "Append"
        ],
        [
          "Seq Scan",
          "Hash",
          "Hash Join",
          "Sort",
          "Aggregate",
          "Gather Merge",
          "Subquery Scan",
          "Append"
        ],
        [
          "Seq Scan",
          "Hash Join",
          "Sort",
          "Aggregate",
          "Gather Merge",
          "Subquery Scan",
          "Append"
        ],
        [
          "Seq Scan",
          "Hash",
          "Hash Join",
          "Sort",
          "Aggregate",
          "Gather Merge",
          "Subquery Scan",
          "Append"
        ],
        [
          "Seq Scan",
          "Hash",
          "Hash Join",
          "Sort",
          "Aggregate",
          "Gather Merge",
          "Subquery Scan",
          "Append"
        ],
        [
          "Seq Scan",
          "Hash",
          "Hash Join",
          "Sort",
          "Aggregate",
          "Gather Merge",
          "Subquery Scan",
          "Append"
        ],
        [
          "Seq Scan",
          "Hash",
          "Hash Join",
          "Sort",
          "Aggregate",
          "Gather Merge",
          "Subquery Scan",
          "Append"
        ],
        [
          "Seq Scan",
          "Hash",
          "Hash Join",
          "Sort",
          "Aggregate",
          "Gather Merge",
          "Subquery Scan",
          "Append"
        ]
      ],
      "index_shape": [
        "join"
      ],
      "physical_operator": {
        "Hash Join": [
          0.004743290597085323
        ]
      }
    }
  },
  {
    "query": "with ssr as\n (select  s_store_id as store_id,\n          sum(ss_ext_sales_price) as sales,\n          sum(coalesce(sr_return_amt, 0)) as returns,\n          sum(ss_net_profit - coalesce(sr_net_loss, 0)) as profit\n  from store_sales left outer join store_returns on\n         (ss_item_sk = sr_item_sk and ss_ticket_number = sr_ticket_number),\n     date_dim,\n     store,\n     item,\n     promotion\n where ss_sold_date_sk = d_date_sk\n       and d_date between cast('2000-08-25' as date) \n                  and (cast('2000-08-25' as date) +  interval '30 days')\n       and ss_store_sk = s_store_sk\n       and ss_item_sk = i_item_sk\n       and i_current_price > 50\n       and ss_promo_sk = p_promo_sk\n       and p_channel_tv = 'N'\n group by s_store_id)\n ,\n csr as\n (select  cp_catalog_page_id as catalog_page_id,\n          sum(cs_ext_sales_price) as sales,\n          sum(coalesce(cr_return_amount, 0)) as returns,\n          sum(cs_net_profit - coalesce(cr_net_loss, 0)) as profit\n  from catalog_sales left outer join catalog_returns on\n         (cs_item_sk = cr_item_sk and cs_order_number = cr_order_number),\n     date_dim,\n     catalog_page,\n     item,\n     promotion\n where cs_sold_date_sk = d_date_sk\n       and d_date between cast('2000-08-25' as date)\n                  and (cast('2000-08-25' as date) +  interval '30 days')\n        and cs_catalog_page_sk = cp_catalog_page_sk\n       and cs_item_sk = i_item_sk\n       and i_current_price > 50\n       and cs_promo_sk = p_promo_sk\n       and p_channel_tv = 'N'\ngroup by cp_catalog_page_id)\n ,\n wsr as\n (select  web_site_id,\n          sum(ws_ext_sales_price) as sales,\n          sum(coalesce(wr_return_amt, 0)) as returns,\n          sum(ws_net_profit - coalesce(wr_net_loss, 0)) as profit\n  from web_sales left outer join web_returns on\n         (ws_item_sk = wr_item_sk and ws_order_number = wr_order_number),\n     date_dim,\n     web_site,\n     item,\n     promotion\n where ws_sold_date_sk = d_date_sk\n       and d_date between cast('2000-08-25' as date)\n                  and (cast('2000-08-25' as date) +  interval '30 days')\n        and ws_web_site_sk = web_site_sk\n       and ws_item_sk = i_item_sk\n       and i_current_price > 50\n       and ws_promo_sk = p_promo_sk\n       and p_channel_tv = 'N'\ngroup by web_site_id)\n  select  channel\n        , id\n        , sum(sales) as sales\n        , sum(returns) as returns\n        , sum(profit) as profit\n from \n (select 'store channel' as channel\n        , 'store' || store_id as id\n        , sales\n        , returns\n        , profit\n from   ssr\n union all\n select 'catalog channel' as channel\n        , 'catalog_page' || catalog_page_id as id\n        , sales\n        , returns\n        , profit\n from  csr\n union all\n select 'web channel' as channel\n        , 'web_site' || web_site_id as id\n        , sales\n        , returns\n        , profit\n from   wsr\n ) x\n group by rollup (channel, id)\n order by channel\n         ,id\n limit 100;\n\n-- end query 61 in stream 1 using template query80.tpl\n",
    "indexes": "store_sales.ss_item_sk",
    "wo plan est": {
      "Node Type": "Limit",
      "Parallel Aware": false,
      "Async Capable": false,
      "Startup Cost": 1566793.64,
      "Total Cost": 1566796.93,
      "Plan Rows": 100,
      "Plan Width": 160,
      "Plans": [
        {
          "Node Type": "Aggregate",
          "Strategy": "Sorted",
          "Partial Mode": "Simple",
          "Parent Relationship": "Outer",
          "Parallel Aware": false,
          "Async Capable": false,
          "Startup Cost": 1566793.64,
          "Total Cost": 1566806.84,
          "Plan Rows": 401,
          "Plan Width": 160,
          "Grouping Sets": [
            {
              "Group Keys": [
                [
                  "('store channel'::text)",
                  "(('store'::text || (ssr.store_id)::text))"
                ],
                [
                  "('store channel'::text)"
                ],
                []
              ]
            }
          ],
          "Plans": [
            {
              "Node Type": "Sort",
              "Parent Relationship": "Outer",
              "Parallel Aware": false,
              "Async Capable": false,
              "Startup Cost": 1566793.64,
              "Total Cost": 1566794.67,
              "Plan Rows": 412,
              "Plan Width": 160,
              "Sort Key": [
                "('store channel'::text)",
                "(('store'::text || (ssr.store_id)::text))"
              ],
              "Plans": [
                {
                  "Node Type": "Append",
                  "Parent Relationship": "Outer",
                  "Parallel Aware": false,
                  "Async Capable": false,
                  "Startup Cost": 784596.3,
                  "Total Cost": 1566775.74,
                  "Plan Rows": 412,
                  "Plan Width": 160,
                  "Subplans Removed": 0,
                  "Plans": [
                    {
                      "Node Type": "Subquery Scan",
                      "Parent Relationship": "Member",
                      "Parallel Aware": false,
                      "Async Capable": false,
                      "Alias": "ssr",
                      "Startup Cost": 784596.3,
                      "Total Cost": 784616.16,
                      "Plan Rows": 51,
                      "Plan Width": 160,
                      "Plans": [
                        {
                          "Node Type": "Aggregate",
                          "Strategy": "Sorted",
                          "Partial Mode": "Finalize",
                          "Parent Relationship": "Subquery",
                          "Parallel Aware": false,
                          "Async Capable": false,
                          "Startup Cost": 784596.3,
                          "Total Cost": 784615.39,
                          "Plan Rows": 51,
                          "Plan Width": 113,
                          "Group Key": [
                            "store.s_store_id"
                          ],
                          "Plans": [
                            {
                              "Node Type": "Gather Merge",
                              "Parent Relationship": "Outer",
                              "Parallel Aware": false,
                              "Async Capable": false,
                              "Startup Cost": 784596.3,
                              "Total Cost": 784612.71,
                              "Plan Rows": 102,
                              "Plan Width": 113,
                              "Workers Planned": 2,
                              "Plans": [
                                {
                                  "Node Type": "Aggregate",
                                  "Strategy": "Sorted",
                                  "Partial Mode": "Partial",
                                  "Parent Relationship": "Outer",
                                  "Parallel Aware": false,
                                  "Async Capable": false,
                                  "Startup Cost": 783596.27,
                                  "Total Cost": 783600.92,
                                  "Plan Rows": 51,
                                  "Plan Width": 113,
                                  "Group Key": [
                                    "store.s_store_id"
                                  ],
                                  "Plans": [
                                    {
                                      "Node Type": "Sort",
                                      "Parent Relationship": "Outer",
                                      "Parallel Aware": false,
                                      "Async Capable": false,
                                      "Startup Cost": 783596.27,
                                      "Total Cost": 783596.9,
                                      "Plan Rows": 250,
                                      "Plan Width": 41,
                                      "Sort Key": [
                                        "store.s_store_id"
                                      ],
                                      "Plans": [
                                        {
                                          "Node Type": "Hash Join",
                                          "Parent Relationship": "Outer",
                                          "Parallel Aware": false,
                                          "Async Capable": false,
                                          "Join Type": "Inner",
                                          "Startup Cost": 94489.35,
                                          "Total Cost": 783586.32,
                                          "Plan Rows": 250,
                                          "Plan Width": 41,
                                          "Inner Unique": false,
                                          "Hash Cond": "(store_sales.ss_store_sk = store.s_store_sk)",
                                          "Plans": [
                                            {
                                              "Node Type": "Hash Join",
                                              "Parent Relationship": "Outer",
                                              "Parallel Aware": false,
                                              "Async Capable": false,
                                              "Join Type": "Inner",
                                              "Startup Cost": 94482.05,
                                              "Total Cost": 783575.54,
                                              "Plan Rows": 262,
                                              "Plan Width": 28,
                                              "Inner Unique": false,
                                              "Hash Cond": "(store_sales.ss_promo_sk = promotion.p_promo_sk)",
                                              "Plans": [
                                                {
                                                  "Node Type": "Hash Join",
                                                  "Parent Relationship": "Outer",
                                                  "Parallel Aware": true,
                                                  "Async Capable": false,
                                                  "Join Type": "Inner",
                                                  "Startup Cost": 94456.65,
                                                  "Total Cost": 783546.47,
                                                  "Plan Rows": 279,
                                                  "Plan Width": 32,
                                                  "Inner Unique": false,
                                                  "Hash Cond": "(store_sales.ss_item_sk = item.i_item_sk)",
                                                  "Plans": [
                                                    {
                                                      "Node Type": "Hash Join",
                                                      "Parent Relationship": "Outer",
                                                      "Parallel Aware": true,
                                                      "Async Capable": false,
                                                      "Join Type": "Left",
                                                      "Startup Cost": 86930.88,
                                                      "Total Cost": 776001.31,
                                                      "Plan Rows": 4860,
                                                      "Plan Width": 36,
                                                      "Inner Unique": false,
                                                      "Hash Cond": "((store_sales.ss_item_sk = store_returns.sr_item_sk) AND (store_sales.ss_ticket_number = store_returns.sr_ticket_number))",
                                                      "Plans": [
                                                        {
                                                          "Node Type": "Hash Join",
                                                          "Parent Relationship": "Outer",
                                                          "Parallel Aware": true,
                                                          "Async Capable": false,
                                                          "Join Type": "Inner",
                                                          "Startup Cost": 2049.78,
                                                          "Total Cost": 683994.75,
                                                          "Plan Rows": 4860,
                                                          "Plan Width": 28,
                                                          "Inner Unique": false,
                                                          "Hash Cond": "(store_sales.ss_sold_date_sk = date_dim.d_date_sk)",
                                                          "Plans": [
                                                            {
                                                              "Node Type": "Seq Scan",
                                                              "Parent Relationship": "Outer",
                                                              "Parallel Aware": true,
                                                              "Async Capable": false,
                                                              "Relation Name": "store_sales",
                                                              "Alias": "store_sales",
                                                              "Startup Cost": 0.0,
                                                              "Total Cost": 636914.37,
                                                              "Plan Rows": 12000637,
                                                              "Plan Width": 32,
                                                              "parent": 13,
                                                              "ID": 14
                                                            },
                                                            {
                                                              "Node Type": "Hash",
                                                              "Parent Relationship": "Inner",
                                                              "Parallel Aware": true,
                                                              "Async Capable": false,
                                                              "Startup Cost": 2049.55,
                                                              "Total Cost": 2049.55,
                                                              "Plan Rows": 18,
                                                              "Plan Width": 4,
                                                              "Plans": [
                                                                {
                                                                  "Node Type": "Seq Scan",
                                                                  "Parent Relationship": "Outer",
                                                                  "Parallel Aware": true,
                                                                  "Async Capable": false,
                                                                  "Relation Name": "date_dim",
                                                                  "Alias": "date_dim",
                                                                  "Startup Cost": 0.0,
                                                                  "Total Cost": 2049.55,
                                                                  "Plan Rows": 18,
                                                                  "Plan Width": 4,
                                                                  "Filter": "((d_date >= '2000-08-25'::date) AND (d_date <= '2000-09-24 00:00:00'::timestamp without time zone))",
                                                                  "parent": 15,
                                                                  "ID": 16
                                                                }
                                                              ],
                                                              "parent": 13,
                                                              "ID": 15,
                                                              "left": 16
                                                            }
                                                          ],
                                                          "parent": 12,
                                                          "ID": 13,
                                                          "left": 14,
                                                          "right": 15
                                                        },
                                                        {
                                                          "Node Type": "Hash",
                                                          "Parent Relationship": "Inner",
                                                          "Parallel Aware": true,
                                                          "Async Capable": false,
                                                          "Startup Cost": 59887.64,
                                                          "Total Cost": 59887.64,
                                                          "Plan Rows": 1198164,
                                                          "Plan Width": 20,
                                                          "Plans": [
                                                            {
                                                              "Node Type": "Seq Scan",
                                                              "Parent Relationship": "Outer",
                                                              "Parallel Aware": true,
                                                              "Async Capable": false,
                                                              "Relation Name": "store_returns",
                                                              "Alias": "store_returns",
                                                              "Startup Cost": 0.0,
                                                              "Total Cost": 59887.64,
                                                              "Plan Rows": 1198164,
                                                              "Plan Width": 20,
                                                              "parent": 17,
                                                              "ID": 18
                                                            }
                                                          ],
                                                          "parent": 12,
                                                          "ID": 17,
                                                          "left": 18
                                                        }
                                                      ],
                                                      "parent": 11,
                                                      "ID": 12,
                                                      "left": 13,
                                                      "right": 17
                                                    },
                                                    {
                                                      "Node Type": "Hash",
                                                      "Parent Relationship": "Inner",
                                                      "Parallel Aware": true,
                                                      "Async Capable": false,
                                                      "Startup Cost": 7495.25,
                                                      "Total Cost": 7495.25,
                                                      "Plan Rows": 2442,
                                                      "Plan Width": 4,
                                                      "Plans": [
                                                        {
                                                          "Node Type": "Seq Scan",
                                                          "Parent Relationship": "Outer",
                                                          "Parallel Aware": true,
                                                          "Async Capable": false,
                                                          "Relation Name": "item",
                                                          "Alias": "item",
                                                          "Startup Cost": 0.0,
                                                          "Total Cost": 7495.25,
                                                          "Plan Rows": 2442,
                                                          "Plan Width": 4,
                                                          "Filter": "(i_current_price > '50'::numeric)",
                                                          "parent": 19,
                                                          "ID": 20
                                                        }
                                                      ],
                                                      "parent": 11,
                                                      "ID": 19,
                                                      "left": 20
                                                    }
                                                  ],
                                                  "parent": 10,
                                                  "ID": 11,
                                                  "left": 12,
                                                  "right": 19
                                                },
                                                {
                                                  "Node Type": "Hash",
                                                  "Parent Relationship": "Inner",
                                                  "Parallel Aware": false,
                                                  "Async Capable": false,
                                                  "Startup Cost": 19.25,
                                                  "Total Cost": 19.25,
                                                  "Plan Rows": 492,
                                                  "Plan Width": 4,
                                                  "Plans": [
                                                    {
                                                      "Node Type": "Seq Scan",
                                                      "Parent Relationship": "Outer",
                                                      "Parallel Aware": false,
                                                      "Async Capable": false,
                                                      "Relation Name": "promotion",
                                                      "Alias": "promotion",
                                                      "Startup Cost": 0.0,
                                                      "Total Cost": 19.25,
                                                      "Plan Rows": 492,
                                                      "Plan Width": 4,
                                                      "Filter": "(p_channel_tv = 'N'::bpchar)",
                                                      "parent": 21,
                                                      "ID": 22
                                                    }
                                                  ],
                                                  "parent": 10,
                                                  "ID": 21,
                                                  "left": 22
                                                }
                                              ],
                                              "parent": 9,
                                              "ID": 10,
                                              "left": 11,
                                              "right": 21
                                            },
                                            {
                                              "Node Type": "Hash",
                                              "Parent Relationship": "Inner",
                                              "Parallel Aware": false,
                                              "Async Capable": false,
                                              "Startup Cost": 6.02,
                                              "Total Cost": 6.02,
                                              "Plan Rows": 102,
                                              "Plan Width": 21,
                                              "Plans": [
                                                {
                                                  "Node Type": "Seq Scan",
                                                  "Parent Relationship": "Outer",
                                                  "Parallel Aware": false,
                                                  "Async Capable": false,
                                                  "Relation Name": "store",
                                                  "Alias": "store",
                                                  "Startup Cost": 0.0,
                                                  "Total Cost": 6.02,
                                                  "Plan Rows": 102,
                                                  "Plan Width": 21,
                                                  "parent": 23,
                                                  "ID": 24
                                                }
                                              ],
                                              "parent": 9,
                                              "ID": 23,
                                              "left": 24
                                            }
                                          ],
                                          "parent": 8,
                                          "ID": 9,
                                          "left": 10,
                                          "right": 23
                                        }
                                      ],
                                      "parent": 7,
                                      "ID": 8,
                                      "left": 9
                                    }
                                  ],
                                  "parent": 6,
                                  "ID": 7,
                                  "left": 8
                                }
                              ],
                              "parent": 5,
                              "ID": 6,
                              "left": 7
                            }
                          ],
                          "parent": 4,
                          "ID": 5,
                          "left": 6
                        }
                      ],
                      "parent": 3,
                      "ID": 4,
                      "left": 5
                    },
                    {
                      "Node Type": "Subquery Scan",
                      "Parent Relationship": "Member",
                      "Parallel Aware": false,
                      "Async Capable": false,
                      "Alias": "csr",
                      "Startup Cost": 518177.36,
                      "Total Cost": 518230.78,
                      "Plan Rows": 340,
                      "Plan Width": 160,
                      "Plans": [
                        {
                          "Node Type": "Aggregate",
                          "Strategy": "Sorted",
                          "Partial Mode": "Finalize",
                          "Parent Relationship": "Subquery",
                          "Parallel Aware": false,
                          "Async Capable": false,
                          "Startup Cost": 518177.36,
                          "Total Cost": 518225.68,
                          "Plan Rows": 340,
                          "Plan Width": 113,
                          "Group Key": [
                            "catalog_page.cp_catalog_page_id"
                          ],
                          "Plans": [
                            {
                              "Node Type": "Gather Merge",
                              "Parent Relationship": "Outer",
                              "Parallel Aware": false,
                              "Async Capable": false,
                              "Startup Cost": 518177.36,
                              "Total Cost": 518214.76,
                              "Plan Rows": 284,
                              "Plan Width": 113,
                              "Workers Planned": 2,
                              "Plans": [
                                {
                                  "Node Type": "Aggregate",
                                  "Strategy": "Sorted",
                                  "Partial Mode": "Partial",
                                  "Parent Relationship": "Outer",
                                  "Parallel Aware": false,
                                  "Async Capable": false,
                                  "Startup Cost": 517177.34,
                                  "Total Cost": 517181.95,
                                  "Plan Rows": 142,
                                  "Plan Width": 113,
                                  "Group Key": [
                                    "catalog_page.cp_catalog_page_id"
                                  ],
                                  "Plans": [
                                    {
                                      "Node Type": "Sort",
                                      "Parent Relationship": "Outer",
                                      "Parallel Aware": false,
                                      "Async Capable": false,
                                      "Startup Cost": 517177.34,
                                      "Total Cost": 517177.69,
                                      "Plan Rows": 142,
                                      "Plan Width": 41,
                                      "Sort Key": [
                                        "catalog_page.cp_catalog_page_id"
                                      ],
                                      "Plans": [
                                        {
                                          "Node Type": "Hash Join",
                                          "Parent Relationship": "Outer",
                                          "Parallel Aware": false,
                                          "Async Capable": false,
                                          "Join Type": "Inner",
                                          "Startup Cost": 57382.33,
                                          "Total Cost": 517172.26,
                                          "Plan Rows": 142,
                                          "Plan Width": 41,
                                          "Inner Unique": false,
                                          "Hash Cond": "(catalog_sales.cs_catalog_page_sk = catalog_page.cp_catalog_page_sk)",
                                          "Plans": [
                                            {
                                              "Node Type": "Hash Join",
                                              "Parent Relationship": "Outer",
                                              "Parallel Aware": false,
                                              "Async Capable": false,
                                              "Join Type": "Inner",
                                              "Startup Cost": 56864.33,
                                              "Total Cost": 516652.32,
                                              "Plan Rows": 142,
                                              "Plan Width": 28,
                                              "Inner Unique": false,
                                              "Hash Cond": "(catalog_sales.cs_promo_sk = promotion_1.p_promo_sk)",
                                              "Plans": [
                                                {
                                                  "Node Type": "Hash Join",
                                                  "Parent Relationship": "Outer",
                                                  "Parallel Aware": true,
                                                  "Async Capable": false,
                                                  "Join Type": "Inner",
                                                  "Startup Cost": 56838.93,
                                                  "Total Cost": 516624.96,
                                                  "Plan Rows": 145,
                                                  "Plan Width": 32,
                                                  "Inner Unique": false,
                                                  "Hash Cond": "(catalog_sales.cs_item_sk = item_1.i_item_sk)",
                                                  "Plans": [
                                                    {
                                                      "Node Type": "Hash Join",
                                                      "Parent Relationship": "Outer",
                                                      "Parallel Aware": true,
                                                      "Async Capable": false,
                                                      "Join Type": "Left",
                                                      "Startup Cost": 49313.15,
                                                      "Total Cost": 509089.08,
                                                      "Plan Rows": 2532,
                                                      "Plan Width": 36,
                                                      "Inner Unique": false,
                                                      "Hash Cond": "((catalog_sales.cs_item_sk = catalog_returns.cr_item_sk) AND (catalog_sales.cs_order_number = catalog_returns.cr_order_number))",
                                                      "Plans": [
                                                        {
                                                          "Node Type": "Hash Join",
                                                          "Parent Relationship": "Outer",
                                                          "Parallel Aware": true,
                                                          "Async Capable": false,
                                                          "Join Type": "Inner",
                                                          "Startup Cost": 2049.78,
                                                          "Total Cost": 458254.7,
                                                          "Plan Rows": 2532,
                                                          "Plan Width": 28,
                                                          "Inner Unique": false,
                                                          "Hash Cond": "(catalog_sales.cs_sold_date_sk = date_dim_1.d_date_sk)",
                                                          "Plans": [
                                                            {
                                                              "Node Type": "Seq Scan",
                                                              "Parent Relationship": "Outer",
                                                              "Parallel Aware": true,
                                                              "Async Capable": false,
                                                              "Relation Name": "catalog_sales",
                                                              "Alias": "catalog_sales",
                                                              "Startup Cost": 0.0,
                                                              "Total Cost": 433688.25,
                                                              "Plan Rows": 6000525,
                                                              "Plan Width": 32,
                                                              "parent": 34,
                                                              "ID": 35
                                                            },
                                                            {
                                                              "Node Type": "Hash",
                                                              "Parent Relationship": "Inner",
                                                              "Parallel Aware": true,
                                                              "Async Capable": false,
                                                              "Startup Cost": 2049.55,
                                                              "Total Cost": 2049.55,
                                                              "Plan Rows": 18,
                                                              "Plan Width": 4,
                                                              "Plans": [
                                                                {
                                                                  "Node Type": "Seq Scan",
                                                                  "Parent Relationship": "Outer",
                                                                  "Parallel Aware": true,
                                                                  "Async Capable": false,
                                                                  "Relation Name": "date_dim",
                                                                  "Alias": "date_dim_1",
                                                                  "Startup Cost": 0.0,
                                                                  "Total Cost": 2049.55,
                                                                  "Plan Rows": 18,
                                                                  "Plan Width": 4,
                                                                  "Filter": "((d_date >= '2000-08-25'::date) AND (d_date <= '2000-09-24 00:00:00'::timestamp without time zone))",
                                                                  "parent": 36,
                                                                  "ID": 37
                                                                }
                                                              ],
                                                              "parent": 34,
                                                              "ID": 36,
                                                              "left": 37
                                                            }
                                                          ],
                                                          "parent": 33,
                                                          "ID": 34,
                                                          "left": 35,
                                                          "right": 36
                                                        },
                                                        {
                                                          "Node Type": "Hash",
                                                          "Parent Relationship": "Inner",
                                                          "Parallel Aware": true,
                                                          "Async Capable": false,
                                                          "Startup Cost": 34748.95,
                                                          "Total Cost": 34748.95,
                                                          "Plan Rows": 599895,
                                                          "Plan Width": 20,
                                                          "Plans": [
                                                            {
                                                              "Node Type": "Seq Scan",
                                                              "Parent Relationship": "Outer",
                                                              "Parallel Aware": true,
                                                              "Async Capable": false,
                                                              "Relation Name": "catalog_returns",
                                                              "Alias": "catalog_returns",
                                                              "Startup Cost": 0.0,
                                                              "Total Cost": 34748.95,
                                                              "Plan Rows": 599895,
                                                              "Plan Width": 20,
                                                              "parent": 38,
                                                              "ID": 39
                                                            }
                                                          ],
                                                          "parent": 33,
                                                          "ID": 38,
                                                          "left": 39
                                                        }
                                                      ],
                                                      "parent": 32,
                                                      "ID": 33,
                                                      "left": 34,
                                                      "right": 38
                                                    },
                                                    {
                                                      "Node Type": "Hash",
                                                      "Parent Relationship": "Inner",
                                                      "Parallel Aware": true,
                                                      "Async Capable": false,
                                                      "Startup Cost": 7495.25,
                                                      "Total Cost": 7495.25,
                                                      "Plan Rows": 2442,
                                                      "Plan Width": 4,
                                                      "Plans": [
                                                        {
                                                          "Node Type": "Seq Scan",
                                                          "Parent Relationship": "Outer",
                                                          "Parallel Aware": true,
                                                          "Async Capable": false,
                                                          "Relation Name": "item",
                                                          "Alias": "item_1",
                                                          "Startup Cost": 0.0,
                                                          "Total Cost": 7495.25,
                                                          "Plan Rows": 2442,
                                                          "Plan Width": 4,
                                                          "Filter": "(i_current_price > '50'::numeric)",
                                                          "parent": 40,
                                                          "ID": 41
                                                        }
                                                      ],
                                                      "parent": 32,
                                                      "ID": 40,
                                                      "left": 41
                                                    }
                                                  ],
                                                  "parent": 31,
                                                  "ID": 32,
                                                  "left": 33,
                                                  "right": 40
                                                },
                                                {
                                                  "Node Type": "Hash",
                                                  "Parent Relationship": "Inner",
                                                  "Parallel Aware": false,
                                                  "Async Capable": false,
                                                  "Startup Cost": 19.25,
                                                  "Total Cost": 19.25,
                                                  "Plan Rows": 492,
                                                  "Plan Width": 4,
                                                  "Plans": [
                                                    {
                                                      "Node Type": "Seq Scan",
                                                      "Parent Relationship": "Outer",
                                                      "Parallel Aware": false,
                                                      "Async Capable": false,
                                                      "Relation Name": "promotion",
                                                      "Alias": "promotion_1",
                                                      "Startup Cost": 0.0,
                                                      "Total Cost": 19.25,
                                                      "Plan Rows": 492,
                                                      "Plan Width": 4,
                                                      "Filter": "(p_channel_tv = 'N'::bpchar)",
                                                      "parent": 42,
                                                      "ID": 43
                                                    }
                                                  ],
                                                  "parent": 31,
                                                  "ID": 42,
                                                  "left": 43
                                                }
                                              ],
                                              "parent": 30,
                                              "ID": 31,
                                              "left": 32,
                                              "right": 42
                                            },
                                            {
                                              "Node Type": "Hash",
                                              "Parent Relationship": "Inner",
                                              "Parallel Aware": false,
                                              "Async Capable": false,
                                              "Startup Cost": 368.0,
                                              "Total Cost": 368.0,
                                              "Plan Rows": 12000,
                                              "Plan Width": 21,
                                              "Plans": [
                                                {
                                                  "Node Type": "Seq Scan",
                                                  "Parent Relationship": "Outer",
                                                  "Parallel Aware": false,
                                                  "Async Capable": false,
                                                  "Relation Name": "catalog_page",
                                                  "Alias": "catalog_page",
                                                  "Startup Cost": 0.0,
                                                  "Total Cost": 368.0,
                                                  "Plan Rows": 12000,
                                                  "Plan Width": 21,
                                                  "parent": 44,
                                                  "ID": 45
                                                }
                                              ],
                                              "parent": 30,
                                              "ID": 44,
                                              "left": 45
                                            }
                                          ],
                                          "parent": 29,
                                          "ID": 30,
                                          "left": 31,
                                          "right": 44
                                        }
                                      ],
                                      "parent": 28,
                                      "ID": 29,
                                      "left": 30
                                    }
                                  ],
                                  "parent": 27,
                                  "ID": 28,
                                  "left": 29
                                }
                              ],
                              "parent": 26,
                              "ID": 27,
                              "left": 28
                            }
                          ],
                          "parent": 25,
                          "ID": 26,
                          "left": 27
                        }
                      ],
                      "parent": 3,
                      "ID": 25,
                      "left": 26
                    },
                    {
                      "Node Type": "Subquery Scan",
                      "Parent Relationship": "Member",
                      "Parallel Aware": false,
                      "Async Capable": false,
                      "Alias": "wsr",
                      "Startup Cost": 263919.04,
                      "Total Cost": 263926.75,
                      "Plan Rows": 21,
                      "Plan Width": 160,
                      "Plans": [
                        {
                          "Node Type": "Aggregate",
                          "Strategy": "Sorted",
                          "Partial Mode": "Finalize",
                          "Parent Relationship": "Subquery",
                          "Parallel Aware": false,
                          "Async Capable": false,
                          "Startup Cost": 263919.04,
                          "Total Cost": 263926.43,
                          "Plan Rows": 21,
                          "Plan Width": 113,
                          "Group Key": [
                            "web_site.web_site_id"
                          ],
                          "Plans": [
                            {
                              "Node Type": "Gather Merge",
                              "Parent Relationship": "Outer",
                              "Parallel Aware": false,
                              "Async Capable": false,
                              "Startup Cost": 263919.04,
                              "Total Cost": 263925.33,
                              "Plan Rows": 42,
                              "Plan Width": 113,
                              "Workers Planned": 2,
                              "Plans": [
                                {
                                  "Node Type": "Aggregate",
                                  "Strategy": "Sorted",
                                  "Partial Mode": "Partial",
                                  "Parent Relationship": "Outer",
                                  "Parallel Aware": false,
                                  "Async Capable": false,
                                  "Startup Cost": 262919.01,
                                  "Total Cost": 262920.46,
                                  "Plan Rows": 21,
                                  "Plan Width": 113,
                                  "Group Key": [
                                    "web_site.web_site_id"
                                  ],
                                  "Plans": [
                                    {
                                      "Node Type": "Sort",
                                      "Parent Relationship": "Outer",
                                      "Parallel Aware": false,
                                      "Async Capable": false,
                                      "Startup Cost": 262919.01,
                                      "Total Cost": 262919.19,
                                      "Plan Rows": 72,
                                      "Plan Width": 41,
                                      "Sort Key": [
                                        "web_site.web_site_id"
                                      ],
                                      "Plans": [
                                        {
                                          "Node Type": "Hash Join",
                                          "Parent Relationship": "Outer",
                                          "Parallel Aware": false,
                                          "Async Capable": false,
                                          "Join Type": "Inner",
                                          "Startup Cost": 32134.74,
                                          "Total Cost": 262916.79,
                                          "Plan Rows": 72,
                                          "Plan Width": 41,
                                          "Inner Unique": false,
                                          "Hash Cond": "(web_sales.ws_web_site_sk = web_site.web_site_sk)",
                                          "Plans": [
                                            {
                                              "Node Type": "Hash Join",
                                              "Parent Relationship": "Outer",
                                              "Parallel Aware": false,
                                              "Async Capable": false,
                                              "Join Type": "Inner",
                                              "Startup Cost": 32130.8,
                                              "Total Cost": 262911.86,
                                              "Plan Rows": 72,
                                              "Plan Width": 28,
                                              "Inner Unique": false,
                                              "Hash Cond": "(web_sales.ws_promo_sk = promotion_2.p_promo_sk)",
                                              "Plans": [
                                                {
                                                  "Node Type": "Hash Join",
                                                  "Parent Relationship": "Outer",
                                                  "Parallel Aware": true,
                                                  "Async Capable": false,
                                                  "Join Type": "Inner",
                                                  "Startup Cost": 32105.4,
                                                  "Total Cost": 262885.46,
                                                  "Plan Rows": 73,
                                                  "Plan Width": 32,
                                                  "Inner Unique": false,
                                                  "Hash Cond": "(web_sales.ws_item_sk = item_2.i_item_sk)",
                                                  "Plans": [
                                                    {
                                                      "Node Type": "Hash Join",
                                                      "Parent Relationship": "Outer",
                                                      "Parallel Aware": true,
                                                      "Async Capable": false,
                                                      "Join Type": "Left",
                                                      "Startup Cost": 24579.62,
                                                      "Total Cost": 255354.62,
                                                      "Plan Rows": 1272,
                                                      "Plan Width": 36,
                                                      "Inner Unique": false,
                                                      "Hash Cond": "((web_sales.ws_item_sk = web_returns.wr_item_sk) AND (web_sales.ws_order_number = web_returns.wr_order_number))",
                                                      "Plans": [
                                                        {
                                                          "Node Type": "Hash Join",
                                                          "Parent Relationship": "Outer",
                                                          "Parallel Aware": true,
                                                          "Async Capable": false,
                                                          "Join Type": "Inner",
                                                          "Startup Cost": 2049.78,
                                                          "Total Cost": 231041.22,
                                                          "Plan Rows": 1272,
                                                          "Plan Width": 28,
                                                          "Inner Unique": false,
                                                          "Hash Cond": "(web_sales.ws_sold_date_sk = date_dim_2.d_date_sk)",
                                                          "Plans": [
                                                            {
                                                              "Node Type": "Seq Scan",
                                                              "Parent Relationship": "Outer",
                                                              "Parallel Aware": true,
                                                              "Async Capable": false,
                                                              "Relation Name": "web_sales",
                                                              "Alias": "web_sales",
                                                              "Startup Cost": 0.0,
                                                              "Total Cost": 217737.86,
                                                              "Plan Rows": 2998986,
                                                              "Plan Width": 32,
                                                              "parent": 55,
                                                              "ID": 56
                                                            },
                                                            {
                                                              "Node Type": "Hash",
                                                              "Parent Relationship": "Inner",
                                                              "Parallel Aware": true,
                                                              "Async Capable": false,
                                                              "Startup Cost": 2049.55,
                                                              "Total Cost": 2049.55,
                                                              "Plan Rows": 18,
                                                              "Plan Width": 4,
                                                              "Plans": [
                                                                {
                                                                  "Node Type": "Seq Scan",
                                                                  "Parent Relationship": "Outer",
                                                                  "Parallel Aware": true,
                                                                  "Async Capable": false,
                                                                  "Relation Name": "date_dim",
                                                                  "Alias": "date_dim_2",
                                                                  "Startup Cost": 0.0,
                                                                  "Total Cost": 2049.55,
                                                                  "Plan Rows": 18,
                                                                  "Plan Width": 4,
                                                                  "Filter": "((d_date >= '2000-08-25'::date) AND (d_date <= '2000-09-24 00:00:00'::timestamp without time zone))",
                                                                  "parent": 57,
                                                                  "ID": 58
                                                                }
                                                              ],
                                                              "parent": 55,
                                                              "ID": 57,
                                                              "left": 58
                                                            }
                                                          ],
                                                          "parent": 54,
                                                          "ID": 55,
                                                          "left": 56,
                                                          "right": 57
                                                        },
                                                        {
                                                          "Node Type": "Hash",
                                                          "Parent Relationship": "Inner",
                                                          "Parallel Aware": true,
                                                          "Async Capable": false,
                                                          "Startup Cost": 16278.74,
                                                          "Total Cost": 16278.74,
                                                          "Plan Rows": 299674,
                                                          "Plan Width": 20,
                                                          "Plans": [
                                                            {
                                                              "Node Type": "Seq Scan",
                                                              "Parent Relationship": "Outer",
                                                              "Parallel Aware": true,
                                                              "Async Capable": false,
                                                              "Relation Name": "web_returns",
                                                              "Alias": "web_returns",
                                                              "Startup Cost": 0.0,
                                                              "Total Cost": 16278.74,
                                                              "Plan Rows": 299674,
                                                              "Plan Width": 20,
                                                              "parent": 59,
                                                              "ID": 60
                                                            }
                                                          ],
                                                          "parent": 54,
                                                          "ID": 59,
                                                          "left": 60
                                                        }
                                                      ],
                                                      "parent": 53,
                                                      "ID": 54,
                                                      "left": 55,
                                                      "right": 59
                                                    },
                                                    {
                                                      "Node Type": "Hash",
                                                      "Parent Relationship": "Inner",
                                                      "Parallel Aware": true,
                                                      "Async Capable": false,
                                                      "Startup Cost": 7495.25,
                                                      "Total Cost": 7495.25,
                                                      "Plan Rows": 2442,
                                                      "Plan Width": 4,
                                                      "Plans": [
                                                        {
                                                          "Node Type": "Seq Scan",
                                                          "Parent Relationship": "Outer",
                                                          "Parallel Aware": true,
                                                          "Async Capable": false,
                                                          "Relation Name": "item",
                                                          "Alias": "item_2",
                                                          "Startup Cost": 0.0,
                                                          "Total Cost": 7495.25,
                                                          "Plan Rows": 2442,
                                                          "Plan Width": 4,
                                                          "Filter": "(i_current_price > '50'::numeric)",
                                                          "parent": 61,
                                                          "ID": 62
                                                        }
                                                      ],
                                                      "parent": 53,
                                                      "ID": 61,
                                                      "left": 62
                                                    }
                                                  ],
                                                  "parent": 52,
                                                  "ID": 53,
                                                  "left": 54,
                                                  "right": 61
                                                },
                                                {
                                                  "Node Type": "Hash",
                                                  "Parent Relationship": "Inner",
                                                  "Parallel Aware": false,
                                                  "Async Capable": false,
                                                  "Startup Cost": 19.25,
                                                  "Total Cost": 19.25,
                                                  "Plan Rows": 492,
                                                  "Plan Width": 4,
                                                  "Plans": [
                                                    {
                                                      "Node Type": "Seq Scan",
                                                      "Parent Relationship": "Outer",
                                                      "Parallel Aware": false,
                                                      "Async Capable": false,
                                                      "Relation Name": "promotion",
                                                      "Alias": "promotion_2",
                                                      "Startup Cost": 0.0,
                                                      "Total Cost": 19.25,
                                                      "Plan Rows": 492,
                                                      "Plan Width": 4,
                                                      "Filter": "(p_channel_tv = 'N'::bpchar)",
                                                      "parent": 63,
                                                      "ID": 64
                                                    }
                                                  ],
                                                  "parent": 52,
                                                  "ID": 63,
                                                  "left": 64
                                                }
                                              ],
                                              "parent": 51,
                                              "ID": 52,
                                              "left": 53,
                                              "right": 63
                                            },
                                            {
                                              "Node Type": "Hash",
                                              "Parent Relationship": "Inner",
                                              "Parallel Aware": false,
                                              "Async Capable": false,
                                              "Startup Cost": 3.42,
                                              "Total Cost": 3.42,
                                              "Plan Rows": 42,
                                              "Plan Width": 21,
                                              "Plans": [
                                                {
                                                  "Node Type": "Seq Scan",
                                                  "Parent Relationship": "Outer",
                                                  "Parallel Aware": false,
                                                  "Async Capable": false,
                                                  "Relation Name": "web_site",
                                                  "Alias": "web_site",
                                                  "Startup Cost": 0.0,
                                                  "Total Cost": 3.42,
                                                  "Plan Rows": 42,
                                                  "Plan Width": 21,
                                                  "parent": 65,
                                                  "ID": 66
                                                }
                                              ],
                                              "parent": 51,
                                              "ID": 65,
                                              "left": 66
                                            }
                                          ],
                                          "parent": 50,
                                          "ID": 51,
                                          "left": 52,
                                          "right": 65
                                        }
                                      ],
                                      "parent": 49,
                                      "ID": 50,
                                      "left": 51
                                    }
                                  ],
                                  "parent": 48,
                                  "ID": 49,
                                  "left": 50
                                }
                              ],
                              "parent": 47,
                              "ID": 48,
                              "left": 49
                            }
                          ],
                          "parent": 46,
                          "ID": 47,
                          "left": 48
                        }
                      ],
                      "parent": 3,
                      "ID": 46,
                      "left": 47
                    }
                  ],
                  "parent": 2,
                  "ID": 3,
                  "left": 4,
                  "right": 25
                }
              ],
              "parent": 1,
              "ID": 2,
              "left": 3
            }
          ],
          "parent": 0,
          "ID": 1,
          "left": 2
        }
      ],
      "parent": null,
      "ID": 0,
      "left": 1
    },
    "feat": {
      "utility": 4.3530169398790646e-06,
      "query_shape": [
        [
          "Seq Scan",
          "Hash Join",
          "Sort",
          "Aggregate",
          "Gather Merge",
          "Subquery Scan",
          "Append"
        ],
        [
          "Seq Scan",
          "Hash",
          "Hash Join",
          "Sort",
          "Aggregate",
          "Gather Merge",
          "Subquery Scan",
          "Append"
        ],
        [
          "Seq Scan",
          "Hash",
          "Hash Join",
          "Sort",
          "Aggregate",
          "Gather Merge",
          "Subquery Scan",
          "Append"
        ],
        [
          "Seq Scan",
          "Hash",
          "Hash Join",
          "Sort",
          "Aggregate",
          "Gather Merge",
          "Subquery Scan",
          "Append"
        ],
        [
          "Seq Scan",
          "Hash",
          "Hash Join",
          "Sort",
          "Aggregate",
          "Gather Merge",
          "Subquery Scan",
          "Append"
        ],
        [
          "Seq Scan",
          "Hash",
          "Hash Join",
          "Sort",
          "Aggregate",
          "Gather Merge",
          "Subquery Scan",
          "Append"
        ],
        [
          "Seq Scan",
          "Hash Join",
          "Sort",
          "Aggregate",
          "Gather Merge",
          "Subquery Scan",
          "Append"
        ],
        [
          "Seq Scan",
          "Hash",
          "Hash Join",
          "Sort",
          "Aggregate",
          "Gather Merge",
          "Subquery Scan",
          "Append"
        ],
        [
          "Seq Scan",
          "Hash",
          "Hash Join",
          "Sort",
          "Aggregate",
          "Gather Merge",
          "Subquery Scan",
          "Append"
        ],
        [
          "Seq Scan",
          "Hash",
          "Hash Join",
          "Sort",
          "Aggregate",
          "Gather Merge",
          "Subquery Scan",
          "Append"
        ],
        [
          "Seq Scan",
          "Hash",
          "Hash Join",
          "Sort",
          "Aggregate",
          "Gather Merge",
          "Subquery Scan",
          "Append"
        ],
        [
          "Seq Scan",
          "Hash",
          "Hash Join",
          "Sort",
          "Aggregate",
          "Gather Merge",
          "Subquery Scan",
          "Append"
        ],
        [
          "Seq Scan",
          "Hash Join",
          "Sort",
          "Aggregate",
          "Gather Merge",
          "Subquery Scan",
          "Append"
        ],
        [
          "Seq Scan",
          "Hash",
          "Hash Join",
          "Sort",
          "Aggregate",
          "Gather Merge",
          "Subquery Scan",
          "Append"
        ],
        [
          "Seq Scan",
          "Hash",
          "Hash Join",
          "Sort",
          "Aggregate",
          "Gather Merge",
          "Subquery Scan",
          "Append"
        ],
        [
          "Seq Scan",
          "Hash",
          "Hash Join",
          "Sort",
          "Aggregate",
          "Gather Merge",
          "Subquery Scan",
          "Append"
        ],
        [
          "Seq Scan",
          "Hash",
          "Hash Join",
          "Sort",
          "Aggregate",
          "Gather Merge",
          "Subquery Scan",
          "Append"
        ],
        [
          "Seq Scan",
          "Hash",
          "Hash Join",
          "Sort",
          "Aggregate",
          "Gather Merge",
          "Subquery Scan",
          "Append"
        ]
      ],
      "index_shape": [
        "join"
      ],
      "physical_operator": {
        "Hash Join": [
          0.004848541723208141,
          0.0009135700778115242
        ]
      }
    }
  },
  {
    "query": "with ssr as\n (select  s_store_id as store_id,\n          sum(ss_ext_sales_price) as sales,\n          sum(coalesce(sr_return_amt, 0)) as returns,\n          sum(ss_net_profit - coalesce(sr_net_loss, 0)) as profit\n  from store_sales left outer join store_returns on\n         (ss_item_sk = sr_item_sk and ss_ticket_number = sr_ticket_number),\n     date_dim,\n     store,\n     item,\n     promotion\n where ss_sold_date_sk = d_date_sk\n       and d_date between cast('2000-08-25' as date) \n                  and (cast('2000-08-25' as date) +  interval '30 days')\n       and ss_store_sk = s_store_sk\n       and ss_item_sk = i_item_sk\n       and i_current_price > 50\n       and ss_promo_sk = p_promo_sk\n       and p_channel_tv = 'N'\n group by s_store_id)\n ,\n csr as\n (select  cp_catalog_page_id as catalog_page_id,\n          sum(cs_ext_sales_price) as sales,\n          sum(coalesce(cr_return_amount, 0)) as returns,\n          sum(cs_net_profit - coalesce(cr_net_loss, 0)) as profit\n  from catalog_sales left outer join catalog_returns on\n         (cs_item_sk = cr_item_sk and cs_order_number = cr_order_number),\n     date_dim,\n     catalog_page,\n     item,\n     promotion\n where cs_sold_date_sk = d_date_sk\n       and d_date between cast('2000-08-25' as date)\n                  and (cast('2000-08-25' as date) +  interval '30 days')\n        and cs_catalog_page_sk = cp_catalog_page_sk\n       and cs_item_sk = i_item_sk\n       and i_current_price > 50\n       and cs_promo_sk = p_promo_sk\n       and p_channel_tv = 'N'\ngroup by cp_catalog_page_id)\n ,\n wsr as\n (select  web_site_id,\n          sum(ws_ext_sales_price) as sales,\n          sum(coalesce(wr_return_amt, 0)) as returns,\n          sum(ws_net_profit - coalesce(wr_net_loss, 0)) as profit\n  from web_sales left outer join web_returns on\n         (ws_item_sk = wr_item_sk and ws_order_number = wr_order_number),\n     date_dim,\n     web_site,\n     item,\n     promotion\n where ws_sold_date_sk = d_date_sk\n       and d_date between cast('2000-08-25' as date)\n                  and (cast('2000-08-25' as date) +  interval '30 days')\n        and ws_web_site_sk = web_site_sk\n       and ws_item_sk = i_item_sk\n       and i_current_price > 50\n       and ws_promo_sk = p_promo_sk\n       and p_channel_tv = 'N'\ngroup by web_site_id)\n  select  channel\n        , id\n        , sum(sales) as sales\n        , sum(returns) as returns\n        , sum(profit) as profit\n from \n (select 'store channel' as channel\n        , 'store' || store_id as id\n        , sales\n        , returns\n        , profit\n from   ssr\n union all\n select 'catalog channel' as channel\n        , 'catalog_page' || catalog_page_id as id\n        , sales\n        , returns\n        , profit\n from  csr\n union all\n select 'web channel' as channel\n        , 'web_site' || web_site_id as id\n        , sales\n        , returns\n        , profit\n from   wsr\n ) x\n group by rollup (channel, id)\n order by channel\n         ,id\n limit 100;\n\n-- end query 61 in stream 1 using template query80.tpl\n",
    "indexes": "store_sales.ss_store_sk",
    "wo plan est": {
      "Node Type": "Limit",
      "Parallel Aware": false,
      "Async Capable": false,
      "Startup Cost": 1566793.64,
      "Total Cost": 1566796.93,
      "Plan Rows": 100,
      "Plan Width": 160,
      "Plans": [
        {
          "Node Type": "Aggregate",
          "Strategy": "Sorted",
          "Partial Mode": "Simple",
          "Parent Relationship": "Outer",
          "Parallel Aware": false,
          "Async Capable": false,
          "Startup Cost": 1566793.64,
          "Total Cost": 1566806.84,
          "Plan Rows": 401,
          "Plan Width": 160,
          "Grouping Sets": [
            {
              "Group Keys": [
                [
                  "('store channel'::text)",
                  "(('store'::text || (ssr.store_id)::text))"
                ],
                [
                  "('store channel'::text)"
                ],
                []
              ]
            }
          ],
          "Plans": [
            {
              "Node Type": "Sort",
              "Parent Relationship": "Outer",
              "Parallel Aware": false,
              "Async Capable": false,
              "Startup Cost": 1566793.64,
              "Total Cost": 1566794.67,
              "Plan Rows": 412,
              "Plan Width": 160,
              "Sort Key": [
                "('store channel'::text)",
                "(('store'::text || (ssr.store_id)::text))"
              ],
              "Plans": [
                {
                  "Node Type": "Append",
                  "Parent Relationship": "Outer",
                  "Parallel Aware": false,
                  "Async Capable": false,
                  "Startup Cost": 784596.3,
                  "Total Cost": 1566775.74,
                  "Plan Rows": 412,
                  "Plan Width": 160,
                  "Subplans Removed": 0,
                  "Plans": [
                    {
                      "Node Type": "Subquery Scan",
                      "Parent Relationship": "Member",
                      "Parallel Aware": false,
                      "Async Capable": false,
                      "Alias": "ssr",
                      "Startup Cost": 784596.3,
                      "Total Cost": 784616.16,
                      "Plan Rows": 51,
                      "Plan Width": 160,
                      "Plans": [
                        {
                          "Node Type": "Aggregate",
                          "Strategy": "Sorted",
                          "Partial Mode": "Finalize",
                          "Parent Relationship": "Subquery",
                          "Parallel Aware": false,
                          "Async Capable": false,
                          "Startup Cost": 784596.3,
                          "Total Cost": 784615.39,
                          "Plan Rows": 51,
                          "Plan Width": 113,
                          "Group Key": [
                            "store.s_store_id"
                          ],
                          "Plans": [
                            {
                              "Node Type": "Gather Merge",
                              "Parent Relationship": "Outer",
                              "Parallel Aware": false,
                              "Async Capable": false,
                              "Startup Cost": 784596.3,
                              "Total Cost": 784612.71,
                              "Plan Rows": 102,
                              "Plan Width": 113,
                              "Workers Planned": 2,
                              "Plans": [
                                {
                                  "Node Type": "Aggregate",
                                  "Strategy": "Sorted",
                                  "Partial Mode": "Partial",
                                  "Parent Relationship": "Outer",
                                  "Parallel Aware": false,
                                  "Async Capable": false,
                                  "Startup Cost": 783596.27,
                                  "Total Cost": 783600.92,
                                  "Plan Rows": 51,
                                  "Plan Width": 113,
                                  "Group Key": [
                                    "store.s_store_id"
                                  ],
                                  "Plans": [
                                    {
                                      "Node Type": "Sort",
                                      "Parent Relationship": "Outer",
                                      "Parallel Aware": false,
                                      "Async Capable": false,
                                      "Startup Cost": 783596.27,
                                      "Total Cost": 783596.9,
                                      "Plan Rows": 250,
                                      "Plan Width": 41,
                                      "Sort Key": [
                                        "store.s_store_id"
                                      ],
                                      "Plans": [
                                        {
                                          "Node Type": "Hash Join",
                                          "Parent Relationship": "Outer",
                                          "Parallel Aware": false,
                                          "Async Capable": false,
                                          "Join Type": "Inner",
                                          "Startup Cost": 94489.35,
                                          "Total Cost": 783586.32,
                                          "Plan Rows": 250,
                                          "Plan Width": 41,
                                          "Inner Unique": false,
                                          "Hash Cond": "(store_sales.ss_store_sk = store.s_store_sk)",
                                          "Plans": [
                                            {
                                              "Node Type": "Hash Join",
                                              "Parent Relationship": "Outer",
                                              "Parallel Aware": false,
                                              "Async Capable": false,
                                              "Join Type": "Inner",
                                              "Startup Cost": 94482.05,
                                              "Total Cost": 783575.54,
                                              "Plan Rows": 262,
                                              "Plan Width": 28,
                                              "Inner Unique": false,
                                              "Hash Cond": "(store_sales.ss_promo_sk = promotion.p_promo_sk)",
                                              "Plans": [
                                                {
                                                  "Node Type": "Hash Join",
                                                  "Parent Relationship": "Outer",
                                                  "Parallel Aware": true,
                                                  "Async Capable": false,
                                                  "Join Type": "Inner",
                                                  "Startup Cost": 94456.65,
                                                  "Total Cost": 783546.47,
                                                  "Plan Rows": 279,
                                                  "Plan Width": 32,
                                                  "Inner Unique": false,
                                                  "Hash Cond": "(store_sales.ss_item_sk = item.i_item_sk)",
                                                  "Plans": [
                                                    {
                                                      "Node Type": "Hash Join",
                                                      "Parent Relationship": "Outer",
                                                      "Parallel Aware": true,
                                                      "Async Capable": false,
                                                      "Join Type": "Left",
                                                      "Startup Cost": 86930.88,
                                                      "Total Cost": 776001.31,
                                                      "Plan Rows": 4860,
                                                      "Plan Width": 36,
                                                      "Inner Unique": false,
                                                      "Hash Cond": "((store_sales.ss_item_sk = store_returns.sr_item_sk) AND (store_sales.ss_ticket_number = store_returns.sr_ticket_number))",
                                                      "Plans": [
                                                        {
                                                          "Node Type": "Hash Join",
                                                          "Parent Relationship": "Outer",
                                                          "Parallel Aware": true,
                                                          "Async Capable": false,
                                                          "Join Type": "Inner",
                                                          "Startup Cost": 2049.78,
                                                          "Total Cost": 683994.75,
                                                          "Plan Rows": 4860,
                                                          "Plan Width": 28,
                                                          "Inner Unique": false,
                                                          "Hash Cond": "(store_sales.ss_sold_date_sk = date_dim.d_date_sk)",
                                                          "Plans": [
                                                            {
                                                              "Node Type": "Seq Scan",
                                                              "Parent Relationship": "Outer",
                                                              "Parallel Aware": true,
                                                              "Async Capable": false,
                                                              "Relation Name": "store_sales",
                                                              "Alias": "store_sales",
                                                              "Startup Cost": 0.0,
                                                              "Total Cost": 636914.37,
                                                              "Plan Rows": 12000637,
                                                              "Plan Width": 32,
                                                              "parent": 13,
                                                              "ID": 14
                                                            },
                                                            {
                                                              "Node Type": "Hash",
                                                              "Parent Relationship": "Inner",
                                                              "Parallel Aware": true,
                                                              "Async Capable": false,
                                                              "Startup Cost": 2049.55,
                                                              "Total Cost": 2049.55,
                                                              "Plan Rows": 18,
                                                              "Plan Width": 4,
                                                              "Plans": [
                                                                {
                                                                  "Node Type": "Seq Scan",
                                                                  "Parent Relationship": "Outer",
                                                                  "Parallel Aware": true,
                                                                  "Async Capable": false,
                                                                  "Relation Name": "date_dim",
                                                                  "Alias": "date_dim",
                                                                  "Startup Cost": 0.0,
                                                                  "Total Cost": 2049.55,
                                                                  "Plan Rows": 18,
                                                                  "Plan Width": 4,
                                                                  "Filter": "((d_date >= '2000-08-25'::date) AND (d_date <= '2000-09-24 00:00:00'::timestamp without time zone))",
                                                                  "parent": 15,
                                                                  "ID": 16
                                                                }
                                                              ],
                                                              "parent": 13,
                                                              "ID": 15,
                                                              "left": 16
                                                            }
                                                          ],
                                                          "parent": 12,
                                                          "ID": 13,
                                                          "left": 14,
                                                          "right": 15
                                                        },
                                                        {
                                                          "Node Type": "Hash",
                                                          "Parent Relationship": "Inner",
                                                          "Parallel Aware": true,
                                                          "Async Capable": false,
                                                          "Startup Cost": 59887.64,
                                                          "Total Cost": 59887.64,
                                                          "Plan Rows": 1198164,
                                                          "Plan Width": 20,
                                                          "Plans": [
                                                            {
                                                              "Node Type": "Seq Scan",
                                                              "Parent Relationship": "Outer",
                                                              "Parallel Aware": true,
                                                              "Async Capable": false,
                                                              "Relation Name": "store_returns",
                                                              "Alias": "store_returns",
                                                              "Startup Cost": 0.0,
                                                              "Total Cost": 59887.64,
                                                              "Plan Rows": 1198164,
                                                              "Plan Width": 20,
                                                              "parent": 17,
                                                              "ID": 18
                                                            }
                                                          ],
                                                          "parent": 12,
                                                          "ID": 17,
                                                          "left": 18
                                                        }
                                                      ],
                                                      "parent": 11,
                                                      "ID": 12,
                                                      "left": 13,
                                                      "right": 17
                                                    },
                                                    {
                                                      "Node Type": "Hash",
                                                      "Parent Relationship": "Inner",
                                                      "Parallel Aware": true,
                                                      "Async Capable": false,
                                                      "Startup Cost": 7495.25,
                                                      "Total Cost": 7495.25,
                                                      "Plan Rows": 2442,
                                                      "Plan Width": 4,
                                                      "Plans": [
                                                        {
                                                          "Node Type": "Seq Scan",
                                                          "Parent Relationship": "Outer",
                                                          "Parallel Aware": true,
                                                          "Async Capable": false,
                                                          "Relation Name": "item",
                                                          "Alias": "item",
                                                          "Startup Cost": 0.0,
                                                          "Total Cost": 7495.25,
                                                          "Plan Rows": 2442,
                                                          "Plan Width": 4,
                                                          "Filter": "(i_current_price > '50'::numeric)",
                                                          "parent": 19,
                                                          "ID": 20
                                                        }
                                                      ],
                                                      "parent": 11,
                                                      "ID": 19,
                                                      "left": 20
                                                    }
                                                  ],
                                                  "parent": 10,
                                                  "ID": 11,
                                                  "left": 12,
                                                  "right": 19
                                                },
                                                {
                                                  "Node Type": "Hash",
                                                  "Parent Relationship": "Inner",
                                                  "Parallel Aware": false,
                                                  "Async Capable": false,
                                                  "Startup Cost": 19.25,
                                                  "Total Cost": 19.25,
                                                  "Plan Rows": 492,
                                                  "Plan Width": 4,
                                                  "Plans": [
                                                    {
                                                      "Node Type": "Seq Scan",
                                                      "Parent Relationship": "Outer",
                                                      "Parallel Aware": false,
                                                      "Async Capable": false,
                                                      "Relation Name": "promotion",
                                                      "Alias": "promotion",
                                                      "Startup Cost": 0.0,
                                                      "Total Cost": 19.25,
                                                      "Plan Rows": 492,
                                                      "Plan Width": 4,
                                                      "Filter": "(p_channel_tv = 'N'::bpchar)",
                                                      "parent": 21,
                                                      "ID": 22
                                                    }
                                                  ],
                                                  "parent": 10,
                                                  "ID": 21,
                                                  "left": 22
                                                }
                                              ],
                                              "parent": 9,
                                              "ID": 10,
                                              "left": 11,
                                              "right": 21
                                            },
                                            {
                                              "Node Type": "Hash",
                                              "Parent Relationship": "Inner",
                                              "Parallel Aware": false,
                                              "Async Capable": false,
                                              "Startup Cost": 6.02,
                                              "Total Cost": 6.02,
                                              "Plan Rows": 102,
                                              "Plan Width": 21,
                                              "Plans": [
                                                {
                                                  "Node Type": "Seq Scan",
                                                  "Parent Relationship": "Outer",
                                                  "Parallel Aware": false,
                                                  "Async Capable": false,
                                                  "Relation Name": "store",
                                                  "Alias": "store",
                                                  "Startup Cost": 0.0,
                                                  "Total Cost": 6.02,
                                                  "Plan Rows": 102,
                                                  "Plan Width": 21,
                                                  "parent": 23,
                                                  "ID": 24
                                                }
                                              ],
                                              "parent": 9,
                                              "ID": 23,
                                              "left": 24
                                            }
                                          ],
                                          "parent": 8,
                                          "ID": 9,
                                          "left": 10,
                                          "right": 23
                                        }
                                      ],
                                      "parent": 7,
                                      "ID": 8,
                                      "left": 9
                                    }
                                  ],
                                  "parent": 6,
                                  "ID": 7,
                                  "left": 8
                                }
                              ],
                              "parent": 5,
                              "ID": 6,
                              "left": 7
                            }
                          ],
                          "parent": 4,
                          "ID": 5,
                          "left": 6
                        }
                      ],
                      "parent": 3,
                      "ID": 4,
                      "left": 5
                    },
                    {
                      "Node Type": "Subquery Scan",
                      "Parent Relationship": "Member",
                      "Parallel Aware": false,
                      "Async Capable": false,
                      "Alias": "csr",
                      "Startup Cost": 518177.36,
                      "Total Cost": 518230.78,
                      "Plan Rows": 340,
                      "Plan Width": 160,
                      "Plans": [
                        {
                          "Node Type": "Aggregate",
                          "Strategy": "Sorted",
                          "Partial Mode": "Finalize",
                          "Parent Relationship": "Subquery",
                          "Parallel Aware": false,
                          "Async Capable": false,
                          "Startup Cost": 518177.36,
                          "Total Cost": 518225.68,
                          "Plan Rows": 340,
                          "Plan Width": 113,
                          "Group Key": [
                            "catalog_page.cp_catalog_page_id"
                          ],
                          "Plans": [
                            {
                              "Node Type": "Gather Merge",
                              "Parent Relationship": "Outer",
                              "Parallel Aware": false,
                              "Async Capable": false,
                              "Startup Cost": 518177.36,
                              "Total Cost": 518214.76,
                              "Plan Rows": 284,
                              "Plan Width": 113,
                              "Workers Planned": 2,
                              "Plans": [
                                {
                                  "Node Type": "Aggregate",
                                  "Strategy": "Sorted",
                                  "Partial Mode": "Partial",
                                  "Parent Relationship": "Outer",
                                  "Parallel Aware": false,
                                  "Async Capable": false,
                                  "Startup Cost": 517177.34,
                                  "Total Cost": 517181.95,
                                  "Plan Rows": 142,
                                  "Plan Width": 113,
                                  "Group Key": [
                                    "catalog_page.cp_catalog_page_id"
                                  ],
                                  "Plans": [
                                    {
                                      "Node Type": "Sort",
                                      "Parent Relationship": "Outer",
                                      "Parallel Aware": false,
                                      "Async Capable": false,
                                      "Startup Cost": 517177.34,
                                      "Total Cost": 517177.69,
                                      "Plan Rows": 142,
                                      "Plan Width": 41,
                                      "Sort Key": [
                                        "catalog_page.cp_catalog_page_id"
                                      ],
                                      "Plans": [
                                        {
                                          "Node Type": "Hash Join",
                                          "Parent Relationship": "Outer",
                                          "Parallel Aware": false,
                                          "Async Capable": false,
                                          "Join Type": "Inner",
                                          "Startup Cost": 57382.33,
                                          "Total Cost": 517172.26,
                                          "Plan Rows": 142,
                                          "Plan Width": 41,
                                          "Inner Unique": false,
                                          "Hash Cond": "(catalog_sales.cs_catalog_page_sk = catalog_page.cp_catalog_page_sk)",
                                          "Plans": [
                                            {
                                              "Node Type": "Hash Join",
                                              "Parent Relationship": "Outer",
                                              "Parallel Aware": false,
                                              "Async Capable": false,
                                              "Join Type": "Inner",
                                              "Startup Cost": 56864.33,
                                              "Total Cost": 516652.32,
                                              "Plan Rows": 142,
                                              "Plan Width": 28,
                                              "Inner Unique": false,
                                              "Hash Cond": "(catalog_sales.cs_promo_sk = promotion_1.p_promo_sk)",
                                              "Plans": [
                                                {
                                                  "Node Type": "Hash Join",
                                                  "Parent Relationship": "Outer",
                                                  "Parallel Aware": true,
                                                  "Async Capable": false,
                                                  "Join Type": "Inner",
                                                  "Startup Cost": 56838.93,
                                                  "Total Cost": 516624.96,
                                                  "Plan Rows": 145,
                                                  "Plan Width": 32,
                                                  "Inner Unique": false,
                                                  "Hash Cond": "(catalog_sales.cs_item_sk = item_1.i_item_sk)",
                                                  "Plans": [
                                                    {
                                                      "Node Type": "Hash Join",
                                                      "Parent Relationship": "Outer",
                                                      "Parallel Aware": true,
                                                      "Async Capable": false,
                                                      "Join Type": "Left",
                                                      "Startup Cost": 49313.15,
                                                      "Total Cost": 509089.08,
                                                      "Plan Rows": 2532,
                                                      "Plan Width": 36,
                                                      "Inner Unique": false,
                                                      "Hash Cond": "((catalog_sales.cs_item_sk = catalog_returns.cr_item_sk) AND (catalog_sales.cs_order_number = catalog_returns.cr_order_number))",
                                                      "Plans": [
                                                        {
                                                          "Node Type": "Hash Join",
                                                          "Parent Relationship": "Outer",
                                                          "Parallel Aware": true,
                                                          "Async Capable": false,
                                                          "Join Type": "Inner",
                                                          "Startup Cost": 2049.78,
                                                          "Total Cost": 458254.7,
                                                          "Plan Rows": 2532,
                                                          "Plan Width": 28,
                                                          "Inner Unique": false,
                                                          "Hash Cond": "(catalog_sales.cs_sold_date_sk = date_dim_1.d_date_sk)",
                                                          "Plans": [
                                                            {
                                                              "Node Type": "Seq Scan",
                                                              "Parent Relationship": "Outer",
                                                              "Parallel Aware": true,
                                                              "Async Capable": false,
                                                              "Relation Name": "catalog_sales",
                                                              "Alias": "catalog_sales",
                                                              "Startup Cost": 0.0,
                                                              "Total Cost": 433688.25,
                                                              "Plan Rows": 6000525,
                                                              "Plan Width": 32,
                                                              "parent": 34,
                                                              "ID": 35
                                                            },
                                                            {
                                                              "Node Type": "Hash",
                                                              "Parent Relationship": "Inner",
                                                              "Parallel Aware": true,
                                                              "Async Capable": false,
                                                              "Startup Cost": 2049.55,
                                                              "Total Cost": 2049.55,
                                                              "Plan Rows": 18,
                                                              "Plan Width": 4,
                                                              "Plans": [
                                                                {
                                                                  "Node Type": "Seq Scan",
                                                                  "Parent Relationship": "Outer",
                                                                  "Parallel Aware": true,
                                                                  "Async Capable": false,
                                                                  "Relation Name": "date_dim",
                                                                  "Alias": "date_dim_1",
                                                                  "Startup Cost": 0.0,
                                                                  "Total Cost": 2049.55,
                                                                  "Plan Rows": 18,
                                                                  "Plan Width": 4,
                                                                  "Filter": "((d_date >= '2000-08-25'::date) AND (d_date <= '2000-09-24 00:00:00'::timestamp without time zone))",
                                                                  "parent": 36,
                                                                  "ID": 37
                                                                }
                                                              ],
                                                              "parent": 34,
                                                              "ID": 36,
                                                              "left": 37
                                                            }
                                                          ],
                                                          "parent": 33,
                                                          "ID": 34,
                                                          "left": 35,
                                                          "right": 36
                                                        },
                                                        {
                                                          "Node Type": "Hash",
                                                          "Parent Relationship": "Inner",
                                                          "Parallel Aware": true,
                                                          "Async Capable": false,
                                                          "Startup Cost": 34748.95,
                                                          "Total Cost": 34748.95,
                                                          "Plan Rows": 599895,
                                                          "Plan Width": 20,
                                                          "Plans": [
                                                            {
                                                              "Node Type": "Seq Scan",
                                                              "Parent Relationship": "Outer",
                                                              "Parallel Aware": true,
                                                              "Async Capable": false,
                                                              "Relation Name": "catalog_returns",
                                                              "Alias": "catalog_returns",
                                                              "Startup Cost": 0.0,
                                                              "Total Cost": 34748.95,
                                                              "Plan Rows": 599895,
                                                              "Plan Width": 20,
                                                              "parent": 38,
                                                              "ID": 39
                                                            }
                                                          ],
                                                          "parent": 33,
                                                          "ID": 38,
                                                          "left": 39
                                                        }
                                                      ],
                                                      "parent": 32,
                                                      "ID": 33,
                                                      "left": 34,
                                                      "right": 38
                                                    },
                                                    {
                                                      "Node Type": "Hash",
                                                      "Parent Relationship": "Inner",
                                                      "Parallel Aware": true,
                                                      "Async Capable": false,
                                                      "Startup Cost": 7495.25,
                                                      "Total Cost": 7495.25,
                                                      "Plan Rows": 2442,
                                                      "Plan Width": 4,
                                                      "Plans": [
                                                        {
                                                          "Node Type": "Seq Scan",
                                                          "Parent Relationship": "Outer",
                                                          "Parallel Aware": true,
                                                          "Async Capable": false,
                                                          "Relation Name": "item",
                                                          "Alias": "item_1",
                                                          "Startup Cost": 0.0,
                                                          "Total Cost": 7495.25,
                                                          "Plan Rows": 2442,
                                                          "Plan Width": 4,
                                                          "Filter": "(i_current_price > '50'::numeric)",
                                                          "parent": 40,
                                                          "ID": 41
                                                        }
                                                      ],
                                                      "parent": 32,
                                                      "ID": 40,
                                                      "left": 41
                                                    }
                                                  ],
                                                  "parent": 31,
                                                  "ID": 32,
                                                  "left": 33,
                                                  "right": 40
                                                },
                                                {
                                                  "Node Type": "Hash",
                                                  "Parent Relationship": "Inner",
                                                  "Parallel Aware": false,
                                                  "Async Capable": false,
                                                  "Startup Cost": 19.25,
                                                  "Total Cost": 19.25,
                                                  "Plan Rows": 492,
                                                  "Plan Width": 4,
                                                  "Plans": [
                                                    {
                                                      "Node Type": "Seq Scan",
                                                      "Parent Relationship": "Outer",
                                                      "Parallel Aware": false,
                                                      "Async Capable": false,
                                                      "Relation Name": "promotion",
                                                      "Alias": "promotion_1",
                                                      "Startup Cost": 0.0,
                                                      "Total Cost": 19.25,
                                                      "Plan Rows": 492,
                                                      "Plan Width": 4,
                                                      "Filter": "(p_channel_tv = 'N'::bpchar)",
                                                      "parent": 42,
                                                      "ID": 43
                                                    }
                                                  ],
                                                  "parent": 31,
                                                  "ID": 42,
                                                  "left": 43
                                                }
                                              ],
                                              "parent": 30,
                                              "ID": 31,
                                              "left": 32,
                                              "right": 42
                                            },
                                            {
                                              "Node Type": "Hash",
                                              "Parent Relationship": "Inner",
                                              "Parallel Aware": false,
                                              "Async Capable": false,
                                              "Startup Cost": 368.0,
                                              "Total Cost": 368.0,
                                              "Plan Rows": 12000,
                                              "Plan Width": 21,
                                              "Plans": [
                                                {
                                                  "Node Type": "Seq Scan",
                                                  "Parent Relationship": "Outer",
                                                  "Parallel Aware": false,
                                                  "Async Capable": false,
                                                  "Relation Name": "catalog_page",
                                                  "Alias": "catalog_page",
                                                  "Startup Cost": 0.0,
                                                  "Total Cost": 368.0,
                                                  "Plan Rows": 12000,
                                                  "Plan Width": 21,
                                                  "parent": 44,
                                                  "ID": 45
                                                }
                                              ],
                                              "parent": 30,
                                              "ID": 44,
                                              "left": 45
                                            }
                                          ],
                                          "parent": 29,
                                          "ID": 30,
                                          "left": 31,
                                          "right": 44
                                        }
                                      ],
                                      "parent": 28,
                                      "ID": 29,
                                      "left": 30
                                    }
                                  ],
                                  "parent": 27,
                                  "ID": 28,
                                  "left": 29
                                }
                              ],
                              "parent": 26,
                              "ID": 27,
                              "left": 28
                            }
                          ],
                          "parent": 25,
                          "ID": 26,
                          "left": 27
                        }
                      ],
                      "parent": 3,
                      "ID": 25,
                      "left": 26
                    },
                    {
                      "Node Type": "Subquery Scan",
                      "Parent Relationship": "Member",
                      "Parallel Aware": false,
                      "Async Capable": false,
                      "Alias": "wsr",
                      "Startup Cost": 263919.04,
                      "Total Cost": 263926.75,
                      "Plan Rows": 21,
                      "Plan Width": 160,
                      "Plans": [
                        {
                          "Node Type": "Aggregate",
                          "Strategy": "Sorted",
                          "Partial Mode": "Finalize",
                          "Parent Relationship": "Subquery",
                          "Parallel Aware": false,
                          "Async Capable": false,
                          "Startup Cost": 263919.04,
                          "Total Cost": 263926.43,
                          "Plan Rows": 21,
                          "Plan Width": 113,
                          "Group Key": [
                            "web_site.web_site_id"
                          ],
                          "Plans": [
                            {
                              "Node Type": "Gather Merge",
                              "Parent Relationship": "Outer",
                              "Parallel Aware": false,
                              "Async Capable": false,
                              "Startup Cost": 263919.04,
                              "Total Cost": 263925.33,
                              "Plan Rows": 42,
                              "Plan Width": 113,
                              "Workers Planned": 2,
                              "Plans": [
                                {
                                  "Node Type": "Aggregate",
                                  "Strategy": "Sorted",
                                  "Partial Mode": "Partial",
                                  "Parent Relationship": "Outer",
                                  "Parallel Aware": false,
                                  "Async Capable": false,
                                  "Startup Cost": 262919.01,
                                  "Total Cost": 262920.46,
                                  "Plan Rows": 21,
                                  "Plan Width": 113,
                                  "Group Key": [
                                    "web_site.web_site_id"
                                  ],
                                  "Plans": [
                                    {
                                      "Node Type": "Sort",
                                      "Parent Relationship": "Outer",
                                      "Parallel Aware": false,
                                      "Async Capable": false,
                                      "Startup Cost": 262919.01,
                                      "Total Cost": 262919.19,
                                      "Plan Rows": 72,
                                      "Plan Width": 41,
                                      "Sort Key": [
                                        "web_site.web_site_id"
                                      ],
                                      "Plans": [
                                        {
                                          "Node Type": "Hash Join",
                                          "Parent Relationship": "Outer",
                                          "Parallel Aware": false,
                                          "Async Capable": false,
                                          "Join Type": "Inner",
                                          "Startup Cost": 32134.74,
                                          "Total Cost": 262916.79,
                                          "Plan Rows": 72,
                                          "Plan Width": 41,
                                          "Inner Unique": false,
                                          "Hash Cond": "(web_sales.ws_web_site_sk = web_site.web_site_sk)",
                                          "Plans": [
                                            {
                                              "Node Type": "Hash Join",
                                              "Parent Relationship": "Outer",
                                              "Parallel Aware": false,
                                              "Async Capable": false,
                                              "Join Type": "Inner",
                                              "Startup Cost": 32130.8,
                                              "Total Cost": 262911.86,
                                              "Plan Rows": 72,
                                              "Plan Width": 28,
                                              "Inner Unique": false,
                                              "Hash Cond": "(web_sales.ws_promo_sk = promotion_2.p_promo_sk)",
                                              "Plans": [
                                                {
                                                  "Node Type": "Hash Join",
                                                  "Parent Relationship": "Outer",
                                                  "Parallel Aware": true,
                                                  "Async Capable": false,
                                                  "Join Type": "Inner",
                                                  "Startup Cost": 32105.4,
                                                  "Total Cost": 262885.46,
                                                  "Plan Rows": 73,
                                                  "Plan Width": 32,
                                                  "Inner Unique": false,
                                                  "Hash Cond": "(web_sales.ws_item_sk = item_2.i_item_sk)",
                                                  "Plans": [
                                                    {
                                                      "Node Type": "Hash Join",
                                                      "Parent Relationship": "Outer",
                                                      "Parallel Aware": true,
                                                      "Async Capable": false,
                                                      "Join Type": "Left",
                                                      "Startup Cost": 24579.62,
                                                      "Total Cost": 255354.62,
                                                      "Plan Rows": 1272,
                                                      "Plan Width": 36,
                                                      "Inner Unique": false,
                                                      "Hash Cond": "((web_sales.ws_item_sk = web_returns.wr_item_sk) AND (web_sales.ws_order_number = web_returns.wr_order_number))",
                                                      "Plans": [
                                                        {
                                                          "Node Type": "Hash Join",
                                                          "Parent Relationship": "Outer",
                                                          "Parallel Aware": true,
                                                          "Async Capable": false,
                                                          "Join Type": "Inner",
                                                          "Startup Cost": 2049.78,
                                                          "Total Cost": 231041.22,
                                                          "Plan Rows": 1272,
                                                          "Plan Width": 28,
                                                          "Inner Unique": false,
                                                          "Hash Cond": "(web_sales.ws_sold_date_sk = date_dim_2.d_date_sk)",
                                                          "Plans": [
                                                            {
                                                              "Node Type": "Seq Scan",
                                                              "Parent Relationship": "Outer",
                                                              "Parallel Aware": true,
                                                              "Async Capable": false,
                                                              "Relation Name": "web_sales",
                                                              "Alias": "web_sales",
                                                              "Startup Cost": 0.0,
                                                              "Total Cost": 217737.86,
                                                              "Plan Rows": 2998986,
                                                              "Plan Width": 32,
                                                              "parent": 55,
                                                              "ID": 56
                                                            },
                                                            {
                                                              "Node Type": "Hash",
                                                              "Parent Relationship": "Inner",
                                                              "Parallel Aware": true,
                                                              "Async Capable": false,
                                                              "Startup Cost": 2049.55,
                                                              "Total Cost": 2049.55,
                                                              "Plan Rows": 18,
                                                              "Plan Width": 4,
                                                              "Plans": [
                                                                {
                                                                  "Node Type": "Seq Scan",
                                                                  "Parent Relationship": "Outer",
                                                                  "Parallel Aware": true,
                                                                  "Async Capable": false,
                                                                  "Relation Name": "date_dim",
                                                                  "Alias": "date_dim_2",
                                                                  "Startup Cost": 0.0,
                                                                  "Total Cost": 2049.55,
                                                                  "Plan Rows": 18,
                                                                  "Plan Width": 4,
                                                                  "Filter": "((d_date >= '2000-08-25'::date) AND (d_date <= '2000-09-24 00:00:00'::timestamp without time zone))",
                                                                  "parent": 57,
                                                                  "ID": 58
                                                                }
                                                              ],
                                                              "parent": 55,
                                                              "ID": 57,
                                                              "left": 58
                                                            }
                                                          ],
                                                          "parent": 54,
                                                          "ID": 55,
                                                          "left": 56,
                                                          "right": 57
                                                        },
                                                        {
                                                          "Node Type": "Hash",
                                                          "Parent Relationship": "Inner",
                                                          "Parallel Aware": true,
                                                          "Async Capable": false,
                                                          "Startup Cost": 16278.74,
                                                          "Total Cost": 16278.74,
                                                          "Plan Rows": 299674,
                                                          "Plan Width": 20,
                                                          "Plans": [
                                                            {
                                                              "Node Type": "Seq Scan",
                                                              "Parent Relationship": "Outer",
                                                              "Parallel Aware": true,
                                                              "Async Capable": false,
                                                              "Relation Name": "web_returns",
                                                              "Alias": "web_returns",
                                                              "Startup Cost": 0.0,
                                                              "Total Cost": 16278.74,
                                                              "Plan Rows": 299674,
                                                              "Plan Width": 20,
                                                              "parent": 59,
                                                              "ID": 60
                                                            }
                                                          ],
                                                          "parent": 54,
                                                          "ID": 59,
                                                          "left": 60
                                                        }
                                                      ],
                                                      "parent": 53,
                                                      "ID": 54,
                                                      "left": 55,
                                                      "right": 59
                                                    },
                                                    {
                                                      "Node Type": "Hash",
                                                      "Parent Relationship": "Inner",
                                                      "Parallel Aware": true,
                                                      "Async Capable": false,
                                                      "Startup Cost": 7495.25,
                                                      "Total Cost": 7495.25,
                                                      "Plan Rows": 2442,
                                                      "Plan Width": 4,
                                                      "Plans": [
                                                        {
                                                          "Node Type": "Seq Scan",
                                                          "Parent Relationship": "Outer",
                                                          "Parallel Aware": true,
                                                          "Async Capable": false,
                                                          "Relation Name": "item",
                                                          "Alias": "item_2",
                                                          "Startup Cost": 0.0,
                                                          "Total Cost": 7495.25,
                                                          "Plan Rows": 2442,
                                                          "Plan Width": 4,
                                                          "Filter": "(i_current_price > '50'::numeric)",
                                                          "parent": 61,
                                                          "ID": 62
                                                        }
                                                      ],
                                                      "parent": 53,
                                                      "ID": 61,
                                                      "left": 62
                                                    }
                                                  ],
                                                  "parent": 52,
                                                  "ID": 53,
                                                  "left": 54,
                                                  "right": 61
                                                },
                                                {
                                                  "Node Type": "Hash",
                                                  "Parent Relationship": "Inner",
                                                  "Parallel Aware": false,
                                                  "Async Capable": false,
                                                  "Startup Cost": 19.25,
                                                  "Total Cost": 19.25,
                                                  "Plan Rows": 492,
                                                  "Plan Width": 4,
                                                  "Plans": [
                                                    {
                                                      "Node Type": "Seq Scan",
                                                      "Parent Relationship": "Outer",
                                                      "Parallel Aware": false,
                                                      "Async Capable": false,
                                                      "Relation Name": "promotion",
                                                      "Alias": "promotion_2",
                                                      "Startup Cost": 0.0,
                                                      "Total Cost": 19.25,
                                                      "Plan Rows": 492,
                                                      "Plan Width": 4,
                                                      "Filter": "(p_channel_tv = 'N'::bpchar)",
                                                      "parent": 63,
                                                      "ID": 64
                                                    }
                                                  ],
                                                  "parent": 52,
                                                  "ID": 63,
                                                  "left": 64
                                                }
                                              ],
                                              "parent": 51,
                                              "ID": 52,
                                              "left": 53,
                                              "right": 63
                                            },
                                            {
                                              "Node Type": "Hash",
                                              "Parent Relationship": "Inner",
                                              "Parallel Aware": false,
                                              "Async Capable": false,
                                              "Startup Cost": 3.42,
                                              "Total Cost": 3.42,
                                              "Plan Rows": 42,
                                              "Plan Width": 21,
                                              "Plans": [
                                                {
                                                  "Node Type": "Seq Scan",
                                                  "Parent Relationship": "Outer",
                                                  "Parallel Aware": false,
                                                  "Async Capable": false,
                                                  "Relation Name": "web_site",
                                                  "Alias": "web_site",
                                                  "Startup Cost": 0.0,
                                                  "Total Cost": 3.42,
                                                  "Plan Rows": 42,
                                                  "Plan Width": 21,
                                                  "parent": 65,
                                                  "ID": 66
                                                }
                                              ],
                                              "parent": 51,
                                              "ID": 65,
                                              "left": 66
                                            }
                                          ],
                                          "parent": 50,
                                          "ID": 51,
                                          "left": 52,
                                          "right": 65
                                        }
                                      ],
                                      "parent": 49,
                                      "ID": 50,
                                      "left": 51
                                    }
                                  ],
                                  "parent": 48,
                                  "ID": 49,
                                  "left": 50
                                }
                              ],
                              "parent": 47,
                              "ID": 48,
                              "left": 49
                            }
                          ],
                          "parent": 46,
                          "ID": 47,
                          "left": 48
                        }
                      ],
                      "parent": 3,
                      "ID": 46,
                      "left": 47
                    }
                  ],
                  "parent": 2,
                  "ID": 3,
                  "left": 4,
                  "right": 25
                }
              ],
              "parent": 1,
              "ID": 2,
              "left": 3
            }
          ],
          "parent": 0,
          "ID": 1,
          "left": 2
        }
      ],
      "parent": null,
      "ID": 0,
      "left": 1
    },
    "feat": {
      "utility": 1.9716756315682553e-06,
      "query_shape": [
        [
          "Seq Scan",
          "Hash Join",
          "Sort",
          "Aggregate",
          "Gather Merge",
          "Subquery Scan",
          "Append"
        ],
        [
          "Seq Scan",
          "Hash",
          "Hash Join",
          "Sort",
          "Aggregate",
          "Gather Merge",
          "Subquery Scan",
          "Append"
        ],
        [
          "Seq Scan",
          "Hash",
          "Hash Join",
          "Sort",
          "Aggregate",
          "Gather Merge",
          "Subquery Scan",
          "Append"
        ],
        [
          "Seq Scan",
          "Hash",
          "Hash Join",
          "Sort",
          "Aggregate",
          "Gather Merge",
          "Subquery Scan",
          "Append"
        ],
        [
          "Seq Scan",
          "Hash",
          "Hash Join",
          "Sort",
          "Aggregate",
          "Gather Merge",
          "Subquery Scan",
          "Append"
        ],
        [
          "Seq Scan",
          "Hash",
          "Hash Join",
          "Sort",
          "Aggregate",
          "Gather Merge",
          "Subquery Scan",
          "Append"
        ],
        [
          "Seq Scan",
          "Hash Join",
          "Sort",
          "Aggregate",
          "Gather Merge",
          "Subquery Scan",
          "Append"
        ],
        [
          "Seq Scan",
          "Hash",
          "Hash Join",
          "Sort",
          "Aggregate",
          "Gather Merge",
          "Subquery Scan",
          "Append"
        ],
        [
          "Seq Scan",
          "Hash",
          "Hash Join",
          "Sort",
          "Aggregate",
          "Gather Merge",
          "Subquery Scan",
          "Append"
        ],
        [
          "Seq Scan",
          "Hash",
          "Hash Join",
          "Sort",
          "Aggregate",
          "Gather Merge",
          "Subquery Scan",
          "Append"
        ],
        [
          "Seq Scan",
          "Hash",
          "Hash Join",
          "Sort",
          "Aggregate",
          "Gather Merge",
          "Subquery Scan",
          "Append"
        ],
        [
          "Seq Scan",
          "Hash",
          "Hash Join",
          "Sort",
          "Aggregate",
          "Gather Merge",
          "Subquery Scan",
          "Append"
        ],
        [
          "Seq Scan",
          "Hash Join",
          "Sort",
          "Aggregate",
          "Gather Merge",
          "Subquery Scan",
          "Append"
        ],
        [
          "Seq Scan",
          "Hash",
          "Hash Join",
          "Sort",
          "Aggregate",
          "Gather Merge",
          "Subquery Scan",
          "Append"
        ],
        [
          "Seq Scan",
          "Hash",
          "Hash Join",
          "Sort",
          "Aggregate",
          "Gather Merge",
          "Subquery Scan",
          "Append"
        ],
        [
          "Seq Scan",
          "Hash",
          "Hash Join",
          "Sort",
          "Aggregate",
          "Gather Merge",
          "Subquery Scan",
          "Append"
        ],
        [
          "Seq Scan",
          "Hash",
          "Hash Join",
          "Sort",
          "Aggregate",
          "Gather Merge",
          "Subquery Scan",
          "Append"
        ],
        [
          "Seq Scan",
          "Hash",
          "Hash Join",
          "Sort",
          "Aggregate",
          "Gather Merge",
          "Subquery Scan",
          "Append"
        ]
      ],
      "index_shape": [
        "join"
      ],
      "physical_operator": {
        "Hash Join": [
          0.09672066476697276
        ]
      }
    }
  },
  {
    "query": "with ssr as\n (select  s_store_id as store_id,\n          sum(ss_ext_sales_price) as sales,\n          sum(coalesce(sr_return_amt, 0)) as returns,\n          sum(ss_net_profit - coalesce(sr_net_loss, 0)) as profit\n  from store_sales left outer join store_returns on\n         (ss_item_sk = sr_item_sk and ss_ticket_number = sr_ticket_number),\n     date_dim,\n     store,\n     item,\n     promotion\n where ss_sold_date_sk = d_date_sk\n       and d_date between cast('2000-08-25' as date) \n                  and (cast('2000-08-25' as date) +  interval '30 days')\n       and ss_store_sk = s_store_sk\n       and ss_item_sk = i_item_sk\n       and i_current_price > 50\n       and ss_promo_sk = p_promo_sk\n       and p_channel_tv = 'N'\n group by s_store_id)\n ,\n csr as\n (select  cp_catalog_page_id as catalog_page_id,\n          sum(cs_ext_sales_price) as sales,\n          sum(coalesce(cr_return_amount, 0)) as returns,\n          sum(cs_net_profit - coalesce(cr_net_loss, 0)) as profit\n  from catalog_sales left outer join catalog_returns on\n         (cs_item_sk = cr_item_sk and cs_order_number = cr_order_number),\n     date_dim,\n     catalog_page,\n     item,\n     promotion\n where cs_sold_date_sk = d_date_sk\n       and d_date between cast('2000-08-25' as date)\n                  and (cast('2000-08-25' as date) +  interval '30 days')\n        and cs_catalog_page_sk = cp_catalog_page_sk\n       and cs_item_sk = i_item_sk\n       and i_current_price > 50\n       and cs_promo_sk = p_promo_sk\n       and p_channel_tv = 'N'\ngroup by cp_catalog_page_id)\n ,\n wsr as\n (select  web_site_id,\n          sum(ws_ext_sales_price) as sales,\n          sum(coalesce(wr_return_amt, 0)) as returns,\n          sum(ws_net_profit - coalesce(wr_net_loss, 0)) as profit\n  from web_sales left outer join web_returns on\n         (ws_item_sk = wr_item_sk and ws_order_number = wr_order_number),\n     date_dim,\n     web_site,\n     item,\n     promotion\n where ws_sold_date_sk = d_date_sk\n       and d_date between cast('2000-08-25' as date)\n                  and (cast('2000-08-25' as date) +  interval '30 days')\n        and ws_web_site_sk = web_site_sk\n       and ws_item_sk = i_item_sk\n       and i_current_price > 50\n       and ws_promo_sk = p_promo_sk\n       and p_channel_tv = 'N'\ngroup by web_site_id)\n  select  channel\n        , id\n        , sum(sales) as sales\n        , sum(returns) as returns\n        , sum(profit) as profit\n from \n (select 'store channel' as channel\n        , 'store' || store_id as id\n        , sales\n        , returns\n        , profit\n from   ssr\n union all\n select 'catalog channel' as channel\n        , 'catalog_page' || catalog_page_id as id\n        , sales\n        , returns\n        , profit\n from  csr\n union all\n select 'web channel' as channel\n        , 'web_site' || web_site_id as id\n        , sales\n        , returns\n        , profit\n from   wsr\n ) x\n group by rollup (channel, id)\n order by channel\n         ,id\n limit 100;\n\n-- end query 61 in stream 1 using template query80.tpl\n",
    "indexes": "store_sales.ss_promo_sk",
    "wo plan est": {
      "Node Type": "Limit",
      "Parallel Aware": false,
      "Async Capable": false,
      "Startup Cost": 1566793.64,
      "Total Cost": 1566796.93,
      "Plan Rows": 100,
      "Plan Width": 160,
      "Plans": [
        {
          "Node Type": "Aggregate",
          "Strategy": "Sorted",
          "Partial Mode": "Simple",
          "Parent Relationship": "Outer",
          "Parallel Aware": false,
          "Async Capable": false,
          "Startup Cost": 1566793.64,
          "Total Cost": 1566806.84,
          "Plan Rows": 401,
          "Plan Width": 160,
          "Grouping Sets": [
            {
              "Group Keys": [
                [
                  "('store channel'::text)",
                  "(('store'::text || (ssr.store_id)::text))"
                ],
                [
                  "('store channel'::text)"
                ],
                []
              ]
            }
          ],
          "Plans": [
            {
              "Node Type": "Sort",
              "Parent Relationship": "Outer",
              "Parallel Aware": false,
              "Async Capable": false,
              "Startup Cost": 1566793.64,
              "Total Cost": 1566794.67,
              "Plan Rows": 412,
              "Plan Width": 160,
              "Sort Key": [
                "('store channel'::text)",
                "(('store'::text || (ssr.store_id)::text))"
              ],
              "Plans": [
                {
                  "Node Type": "Append",
                  "Parent Relationship": "Outer",
                  "Parallel Aware": false,
                  "Async Capable": false,
                  "Startup Cost": 784596.3,
                  "Total Cost": 1566775.74,
                  "Plan Rows": 412,
                  "Plan Width": 160,
                  "Subplans Removed": 0,
                  "Plans": [
                    {
                      "Node Type": "Subquery Scan",
                      "Parent Relationship": "Member",
                      "Parallel Aware": false,
                      "Async Capable": false,
                      "Alias": "ssr",
                      "Startup Cost": 784596.3,
                      "Total Cost": 784616.16,
                      "Plan Rows": 51,
                      "Plan Width": 160,
                      "Plans": [
                        {
                          "Node Type": "Aggregate",
                          "Strategy": "Sorted",
                          "Partial Mode": "Finalize",
                          "Parent Relationship": "Subquery",
                          "Parallel Aware": false,
                          "Async Capable": false,
                          "Startup Cost": 784596.3,
                          "Total Cost": 784615.39,
                          "Plan Rows": 51,
                          "Plan Width": 113,
                          "Group Key": [
                            "store.s_store_id"
                          ],
                          "Plans": [
                            {
                              "Node Type": "Gather Merge",
                              "Parent Relationship": "Outer",
                              "Parallel Aware": false,
                              "Async Capable": false,
                              "Startup Cost": 784596.3,
                              "Total Cost": 784612.71,
                              "Plan Rows": 102,
                              "Plan Width": 113,
                              "Workers Planned": 2,
                              "Plans": [
                                {
                                  "Node Type": "Aggregate",
                                  "Strategy": "Sorted",
                                  "Partial Mode": "Partial",
                                  "Parent Relationship": "Outer",
                                  "Parallel Aware": false,
                                  "Async Capable": false,
                                  "Startup Cost": 783596.27,
                                  "Total Cost": 783600.92,
                                  "Plan Rows": 51,
                                  "Plan Width": 113,
                                  "Group Key": [
                                    "store.s_store_id"
                                  ],
                                  "Plans": [
                                    {
                                      "Node Type": "Sort",
                                      "Parent Relationship": "Outer",
                                      "Parallel Aware": false,
                                      "Async Capable": false,
                                      "Startup Cost": 783596.27,
                                      "Total Cost": 783596.9,
                                      "Plan Rows": 250,
                                      "Plan Width": 41,
                                      "Sort Key": [
                                        "store.s_store_id"
                                      ],
                                      "Plans": [
                                        {
                                          "Node Type": "Hash Join",
                                          "Parent Relationship": "Outer",
                                          "Parallel Aware": false,
                                          "Async Capable": false,
                                          "Join Type": "Inner",
                                          "Startup Cost": 94489.35,
                                          "Total Cost": 783586.32,
                                          "Plan Rows": 250,
                                          "Plan Width": 41,
                                          "Inner Unique": false,
                                          "Hash Cond": "(store_sales.ss_store_sk = store.s_store_sk)",
                                          "Plans": [
                                            {
                                              "Node Type": "Hash Join",
                                              "Parent Relationship": "Outer",
                                              "Parallel Aware": false,
                                              "Async Capable": false,
                                              "Join Type": "Inner",
                                              "Startup Cost": 94482.05,
                                              "Total Cost": 783575.54,
                                              "Plan Rows": 262,
                                              "Plan Width": 28,
                                              "Inner Unique": false,
                                              "Hash Cond": "(store_sales.ss_promo_sk = promotion.p_promo_sk)",
                                              "Plans": [
                                                {
                                                  "Node Type": "Hash Join",
                                                  "Parent Relationship": "Outer",
                                                  "Parallel Aware": true,
                                                  "Async Capable": false,
                                                  "Join Type": "Inner",
                                                  "Startup Cost": 94456.65,
                                                  "Total Cost": 783546.47,
                                                  "Plan Rows": 279,
                                                  "Plan Width": 32,
                                                  "Inner Unique": false,
                                                  "Hash Cond": "(store_sales.ss_item_sk = item.i_item_sk)",
                                                  "Plans": [
                                                    {
                                                      "Node Type": "Hash Join",
                                                      "Parent Relationship": "Outer",
                                                      "Parallel Aware": true,
                                                      "Async Capable": false,
                                                      "Join Type": "Left",
                                                      "Startup Cost": 86930.88,
                                                      "Total Cost": 776001.31,
                                                      "Plan Rows": 4860,
                                                      "Plan Width": 36,
                                                      "Inner Unique": false,
                                                      "Hash Cond": "((store_sales.ss_item_sk = store_returns.sr_item_sk) AND (store_sales.ss_ticket_number = store_returns.sr_ticket_number))",
                                                      "Plans": [
                                                        {
                                                          "Node Type": "Hash Join",
                                                          "Parent Relationship": "Outer",
                                                          "Parallel Aware": true,
                                                          "Async Capable": false,
                                                          "Join Type": "Inner",
                                                          "Startup Cost": 2049.78,
                                                          "Total Cost": 683994.75,
                                                          "Plan Rows": 4860,
                                                          "Plan Width": 28,
                                                          "Inner Unique": false,
                                                          "Hash Cond": "(store_sales.ss_sold_date_sk = date_dim.d_date_sk)",
                                                          "Plans": [
                                                            {
                                                              "Node Type": "Seq Scan",
                                                              "Parent Relationship": "Outer",
                                                              "Parallel Aware": true,
                                                              "Async Capable": false,
                                                              "Relation Name": "store_sales",
                                                              "Alias": "store_sales",
                                                              "Startup Cost": 0.0,
                                                              "Total Cost": 636914.37,
                                                              "Plan Rows": 12000637,
                                                              "Plan Width": 32,
                                                              "parent": 13,
                                                              "ID": 14
                                                            },
                                                            {
                                                              "Node Type": "Hash",
                                                              "Parent Relationship": "Inner",
                                                              "Parallel Aware": true,
                                                              "Async Capable": false,
                                                              "Startup Cost": 2049.55,
                                                              "Total Cost": 2049.55,
                                                              "Plan Rows": 18,
                                                              "Plan Width": 4,
                                                              "Plans": [
                                                                {
                                                                  "Node Type": "Seq Scan",
                                                                  "Parent Relationship": "Outer",
                                                                  "Parallel Aware": true,
                                                                  "Async Capable": false,
                                                                  "Relation Name": "date_dim",
                                                                  "Alias": "date_dim",
                                                                  "Startup Cost": 0.0,
                                                                  "Total Cost": 2049.55,
                                                                  "Plan Rows": 18,
                                                                  "Plan Width": 4,
                                                                  "Filter": "((d_date >= '2000-08-25'::date) AND (d_date <= '2000-09-24 00:00:00'::timestamp without time zone))",
                                                                  "parent": 15,
                                                                  "ID": 16
                                                                }
                                                              ],
                                                              "parent": 13,
                                                              "ID": 15,
                                                              "left": 16
                                                            }
                                                          ],
                                                          "parent": 12,
                                                          "ID": 13,
                                                          "left": 14,
                                                          "right": 15
                                                        },
                                                        {
                                                          "Node Type": "Hash",
                                                          "Parent Relationship": "Inner",
                                                          "Parallel Aware": true,
                                                          "Async Capable": false,
                                                          "Startup Cost": 59887.64,
                                                          "Total Cost": 59887.64,
                                                          "Plan Rows": 1198164,
                                                          "Plan Width": 20,
                                                          "Plans": [
                                                            {
                                                              "Node Type": "Seq Scan",
                                                              "Parent Relationship": "Outer",
                                                              "Parallel Aware": true,
                                                              "Async Capable": false,
                                                              "Relation Name": "store_returns",
                                                              "Alias": "store_returns",
                                                              "Startup Cost": 0.0,
                                                              "Total Cost": 59887.64,
                                                              "Plan Rows": 1198164,
                                                              "Plan Width": 20,
                                                              "parent": 17,
                                                              "ID": 18
                                                            }
                                                          ],
                                                          "parent": 12,
                                                          "ID": 17,
                                                          "left": 18
                                                        }
                                                      ],
                                                      "parent": 11,
                                                      "ID": 12,
                                                      "left": 13,
                                                      "right": 17
                                                    },
                                                    {
                                                      "Node Type": "Hash",
                                                      "Parent Relationship": "Inner",
                                                      "Parallel Aware": true,
                                                      "Async Capable": false,
                                                      "Startup Cost": 7495.25,
                                                      "Total Cost": 7495.25,
                                                      "Plan Rows": 2442,
                                                      "Plan Width": 4,
                                                      "Plans": [
                                                        {
                                                          "Node Type": "Seq Scan",
                                                          "Parent Relationship": "Outer",
                                                          "Parallel Aware": true,
                                                          "Async Capable": false,
                                                          "Relation Name": "item",
                                                          "Alias": "item",
                                                          "Startup Cost": 0.0,
                                                          "Total Cost": 7495.25,
                                                          "Plan Rows": 2442,
                                                          "Plan Width": 4,
                                                          "Filter": "(i_current_price > '50'::numeric)",
                                                          "parent": 19,
                                                          "ID": 20
                                                        }
                                                      ],
                                                      "parent": 11,
                                                      "ID": 19,
                                                      "left": 20
                                                    }
                                                  ],
                                                  "parent": 10,
                                                  "ID": 11,
                                                  "left": 12,
                                                  "right": 19
                                                },
                                                {
                                                  "Node Type": "Hash",
                                                  "Parent Relationship": "Inner",
                                                  "Parallel Aware": false,
                                                  "Async Capable": false,
                                                  "Startup Cost": 19.25,
                                                  "Total Cost": 19.25,
                                                  "Plan Rows": 492,
                                                  "Plan Width": 4,
                                                  "Plans": [
                                                    {
                                                      "Node Type": "Seq Scan",
                                                      "Parent Relationship": "Outer",
                                                      "Parallel Aware": false,
                                                      "Async Capable": false,
                                                      "Relation Name": "promotion",
                                                      "Alias": "promotion",
                                                      "Startup Cost": 0.0,
                                                      "Total Cost": 19.25,
                                                      "Plan Rows": 492,
                                                      "Plan Width": 4,
                                                      "Filter": "(p_channel_tv = 'N'::bpchar)",
                                                      "parent": 21,
                                                      "ID": 22
                                                    }
                                                  ],
                                                  "parent": 10,
                                                  "ID": 21,
                                                  "left": 22
                                                }
                                              ],
                                              "parent": 9,
                                              "ID": 10,
                                              "left": 11,
                                              "right": 21
                                            },
                                            {
                                              "Node Type": "Hash",
                                              "Parent Relationship": "Inner",
                                              "Parallel Aware": false,
                                              "Async Capable": false,
                                              "Startup Cost": 6.02,
                                              "Total Cost": 6.02,
                                              "Plan Rows": 102,
                                              "Plan Width": 21,
                                              "Plans": [
                                                {
                                                  "Node Type": "Seq Scan",
                                                  "Parent Relationship": "Outer",
                                                  "Parallel Aware": false,
                                                  "Async Capable": false,
                                                  "Relation Name": "store",
                                                  "Alias": "store",
                                                  "Startup Cost": 0.0,
                                                  "Total Cost": 6.02,
                                                  "Plan Rows": 102,
                                                  "Plan Width": 21,
                                                  "parent": 23,
                                                  "ID": 24
                                                }
                                              ],
                                              "parent": 9,
                                              "ID": 23,
                                              "left": 24
                                            }
                                          ],
                                          "parent": 8,
                                          "ID": 9,
                                          "left": 10,
                                          "right": 23
                                        }
                                      ],
                                      "parent": 7,
                                      "ID": 8,
                                      "left": 9
                                    }
                                  ],
                                  "parent": 6,
                                  "ID": 7,
                                  "left": 8
                                }
                              ],
                              "parent": 5,
                              "ID": 6,
                              "left": 7
                            }
                          ],
                          "parent": 4,
                          "ID": 5,
                          "left": 6
                        }
                      ],
                      "parent": 3,
                      "ID": 4,
                      "left": 5
                    },
                    {
                      "Node Type": "Subquery Scan",
                      "Parent Relationship": "Member",
                      "Parallel Aware": false,
                      "Async Capable": false,
                      "Alias": "csr",
                      "Startup Cost": 518177.36,
                      "Total Cost": 518230.78,
                      "Plan Rows": 340,
                      "Plan Width": 160,
                      "Plans": [
                        {
                          "Node Type": "Aggregate",
                          "Strategy": "Sorted",
                          "Partial Mode": "Finalize",
                          "Parent Relationship": "Subquery",
                          "Parallel Aware": false,
                          "Async Capable": false,
                          "Startup Cost": 518177.36,
                          "Total Cost": 518225.68,
                          "Plan Rows": 340,
                          "Plan Width": 113,
                          "Group Key": [
                            "catalog_page.cp_catalog_page_id"
                          ],
                          "Plans": [
                            {
                              "Node Type": "Gather Merge",
                              "Parent Relationship": "Outer",
                              "Parallel Aware": false,
                              "Async Capable": false,
                              "Startup Cost": 518177.36,
                              "Total Cost": 518214.76,
                              "Plan Rows": 284,
                              "Plan Width": 113,
                              "Workers Planned": 2,
                              "Plans": [
                                {
                                  "Node Type": "Aggregate",
                                  "Strategy": "Sorted",
                                  "Partial Mode": "Partial",
                                  "Parent Relationship": "Outer",
                                  "Parallel Aware": false,
                                  "Async Capable": false,
                                  "Startup Cost": 517177.34,
                                  "Total Cost": 517181.95,
                                  "Plan Rows": 142,
                                  "Plan Width": 113,
                                  "Group Key": [
                                    "catalog_page.cp_catalog_page_id"
                                  ],
                                  "Plans": [
                                    {
                                      "Node Type": "Sort",
                                      "Parent Relationship": "Outer",
                                      "Parallel Aware": false,
                                      "Async Capable": false,
                                      "Startup Cost": 517177.34,
                                      "Total Cost": 517177.69,
                                      "Plan Rows": 142,
                                      "Plan Width": 41,
                                      "Sort Key": [
                                        "catalog_page.cp_catalog_page_id"
                                      ],
                                      "Plans": [
                                        {
                                          "Node Type": "Hash Join",
                                          "Parent Relationship": "Outer",
                                          "Parallel Aware": false,
                                          "Async Capable": false,
                                          "Join Type": "Inner",
                                          "Startup Cost": 57382.33,
                                          "Total Cost": 517172.26,
                                          "Plan Rows": 142,
                                          "Plan Width": 41,
                                          "Inner Unique": false,
                                          "Hash Cond": "(catalog_sales.cs_catalog_page_sk = catalog_page.cp_catalog_page_sk)",
                                          "Plans": [
                                            {
                                              "Node Type": "Hash Join",
                                              "Parent Relationship": "Outer",
                                              "Parallel Aware": false,
                                              "Async Capable": false,
                                              "Join Type": "Inner",
                                              "Startup Cost": 56864.33,
                                              "Total Cost": 516652.32,
                                              "Plan Rows": 142,
                                              "Plan Width": 28,
                                              "Inner Unique": false,
                                              "Hash Cond": "(catalog_sales.cs_promo_sk = promotion_1.p_promo_sk)",
                                              "Plans": [
                                                {
                                                  "Node Type": "Hash Join",
                                                  "Parent Relationship": "Outer",
                                                  "Parallel Aware": true,
                                                  "Async Capable": false,
                                                  "Join Type": "Inner",
                                                  "Startup Cost": 56838.93,
                                                  "Total Cost": 516624.96,
                                                  "Plan Rows": 145,
                                                  "Plan Width": 32,
                                                  "Inner Unique": false,
                                                  "Hash Cond": "(catalog_sales.cs_item_sk = item_1.i_item_sk)",
                                                  "Plans": [
                                                    {
                                                      "Node Type": "Hash Join",
                                                      "Parent Relationship": "Outer",
                                                      "Parallel Aware": true,
                                                      "Async Capable": false,
                                                      "Join Type": "Left",
                                                      "Startup Cost": 49313.15,
                                                      "Total Cost": 509089.08,
                                                      "Plan Rows": 2532,
                                                      "Plan Width": 36,
                                                      "Inner Unique": false,
                                                      "Hash Cond": "((catalog_sales.cs_item_sk = catalog_returns.cr_item_sk) AND (catalog_sales.cs_order_number = catalog_returns.cr_order_number))",
                                                      "Plans": [
                                                        {
                                                          "Node Type": "Hash Join",
                                                          "Parent Relationship": "Outer",
                                                          "Parallel Aware": true,
                                                          "Async Capable": false,
                                                          "Join Type": "Inner",
                                                          "Startup Cost": 2049.78,
                                                          "Total Cost": 458254.7,
                                                          "Plan Rows": 2532,
                                                          "Plan Width": 28,
                                                          "Inner Unique": false,
                                                          "Hash Cond": "(catalog_sales.cs_sold_date_sk = date_dim_1.d_date_sk)",
                                                          "Plans": [
                                                            {
                                                              "Node Type": "Seq Scan",
                                                              "Parent Relationship": "Outer",
                                                              "Parallel Aware": true,
                                                              "Async Capable": false,
                                                              "Relation Name": "catalog_sales",
                                                              "Alias": "catalog_sales",
                                                              "Startup Cost": 0.0,
                                                              "Total Cost": 433688.25,
                                                              "Plan Rows": 6000525,
                                                              "Plan Width": 32,
                                                              "parent": 34,
                                                              "ID": 35
                                                            },
                                                            {
                                                              "Node Type": "Hash",
                                                              "Parent Relationship": "Inner",
                                                              "Parallel Aware": true,
                                                              "Async Capable": false,
                                                              "Startup Cost": 2049.55,
                                                              "Total Cost": 2049.55,
                                                              "Plan Rows": 18,
                                                              "Plan Width": 4,
                                                              "Plans": [
                                                                {
                                                                  "Node Type": "Seq Scan",
                                                                  "Parent Relationship": "Outer",
                                                                  "Parallel Aware": true,
                                                                  "Async Capable": false,
                                                                  "Relation Name": "date_dim",
                                                                  "Alias": "date_dim_1",
                                                                  "Startup Cost": 0.0,
                                                                  "Total Cost": 2049.55,
                                                                  "Plan Rows": 18,
                                                                  "Plan Width": 4,
                                                                  "Filter": "((d_date >= '2000-08-25'::date) AND (d_date <= '2000-09-24 00:00:00'::timestamp without time zone))",
                                                                  "parent": 36,
                                                                  "ID": 37
                                                                }
                                                              ],
                                                              "parent": 34,
                                                              "ID": 36,
                                                              "left": 37
                                                            }
                                                          ],
                                                          "parent": 33,
                                                          "ID": 34,
                                                          "left": 35,
                                                          "right": 36
                                                        },
                                                        {
                                                          "Node Type": "Hash",
                                                          "Parent Relationship": "Inner",
                                                          "Parallel Aware": true,
                                                          "Async Capable": false,
                                                          "Startup Cost": 34748.95,
                                                          "Total Cost": 34748.95,
                                                          "Plan Rows": 599895,
                                                          "Plan Width": 20,
                                                          "Plans": [
                                                            {
                                                              "Node Type": "Seq Scan",
                                                              "Parent Relationship": "Outer",
                                                              "Parallel Aware": true,
                                                              "Async Capable": false,
                                                              "Relation Name": "catalog_returns",
                                                              "Alias": "catalog_returns",
                                                              "Startup Cost": 0.0,
                                                              "Total Cost": 34748.95,
                                                              "Plan Rows": 599895,
                                                              "Plan Width": 20,
                                                              "parent": 38,
                                                              "ID": 39
                                                            }
                                                          ],
                                                          "parent": 33,
                                                          "ID": 38,
                                                          "left": 39
                                                        }
                                                      ],
                                                      "parent": 32,
                                                      "ID": 33,
                                                      "left": 34,
                                                      "right": 38
                                                    },
                                                    {
                                                      "Node Type": "Hash",
                                                      "Parent Relationship": "Inner",
                                                      "Parallel Aware": true,
                                                      "Async Capable": false,
                                                      "Startup Cost": 7495.25,
                                                      "Total Cost": 7495.25,
                                                      "Plan Rows": 2442,
                                                      "Plan Width": 4,
                                                      "Plans": [
                                                        {
                                                          "Node Type": "Seq Scan",
                                                          "Parent Relationship": "Outer",
                                                          "Parallel Aware": true,
                                                          "Async Capable": false,
                                                          "Relation Name": "item",
                                                          "Alias": "item_1",
                                                          "Startup Cost": 0.0,
                                                          "Total Cost": 7495.25,
                                                          "Plan Rows": 2442,
                                                          "Plan Width": 4,
                                                          "Filter": "(i_current_price > '50'::numeric)",
                                                          "parent": 40,
                                                          "ID": 41
                                                        }
                                                      ],
                                                      "parent": 32,
                                                      "ID": 40,
                                                      "left": 41
                                                    }
                                                  ],
                                                  "parent": 31,
                                                  "ID": 32,
                                                  "left": 33,
                                                  "right": 40
                                                },
                                                {
                                                  "Node Type": "Hash",
                                                  "Parent Relationship": "Inner",
                                                  "Parallel Aware": false,
                                                  "Async Capable": false,
                                                  "Startup Cost": 19.25,
                                                  "Total Cost": 19.25,
                                                  "Plan Rows": 492,
                                                  "Plan Width": 4,
                                                  "Plans": [
                                                    {
                                                      "Node Type": "Seq Scan",
                                                      "Parent Relationship": "Outer",
                                                      "Parallel Aware": false,
                                                      "Async Capable": false,
                                                      "Relation Name": "promotion",
                                                      "Alias": "promotion_1",
                                                      "Startup Cost": 0.0,
                                                      "Total Cost": 19.25,
                                                      "Plan Rows": 492,
                                                      "Plan Width": 4,
                                                      "Filter": "(p_channel_tv = 'N'::bpchar)",
                                                      "parent": 42,
                                                      "ID": 43
                                                    }
                                                  ],
                                                  "parent": 31,
                                                  "ID": 42,
                                                  "left": 43
                                                }
                                              ],
                                              "parent": 30,
                                              "ID": 31,
                                              "left": 32,
                                              "right": 42
                                            },
                                            {
                                              "Node Type": "Hash",
                                              "Parent Relationship": "Inner",
                                              "Parallel Aware": false,
                                              "Async Capable": false,
                                              "Startup Cost": 368.0,
                                              "Total Cost": 368.0,
                                              "Plan Rows": 12000,
                                              "Plan Width": 21,
                                              "Plans": [
                                                {
                                                  "Node Type": "Seq Scan",
                                                  "Parent Relationship": "Outer",
                                                  "Parallel Aware": false,
                                                  "Async Capable": false,
                                                  "Relation Name": "catalog_page",
                                                  "Alias": "catalog_page",
                                                  "Startup Cost": 0.0,
                                                  "Total Cost": 368.0,
                                                  "Plan Rows": 12000,
                                                  "Plan Width": 21,
                                                  "parent": 44,
                                                  "ID": 45
                                                }
                                              ],
                                              "parent": 30,
                                              "ID": 44,
                                              "left": 45
                                            }
                                          ],
                                          "parent": 29,
                                          "ID": 30,
                                          "left": 31,
                                          "right": 44
                                        }
                                      ],
                                      "parent": 28,
                                      "ID": 29,
                                      "left": 30
                                    }
                                  ],
                                  "parent": 27,
                                  "ID": 28,
                                  "left": 29
                                }
                              ],
                              "parent": 26,
                              "ID": 27,
                              "left": 28
                            }
                          ],
                          "parent": 25,
                          "ID": 26,
                          "left": 27
                        }
                      ],
                      "parent": 3,
                      "ID": 25,
                      "left": 26
                    },
                    {
                      "Node Type": "Subquery Scan",
                      "Parent Relationship": "Member",
                      "Parallel Aware": false,
                      "Async Capable": false,
                      "Alias": "wsr",
                      "Startup Cost": 263919.04,
                      "Total Cost": 263926.75,
                      "Plan Rows": 21,
                      "Plan Width": 160,
                      "Plans": [
                        {
                          "Node Type": "Aggregate",
                          "Strategy": "Sorted",
                          "Partial Mode": "Finalize",
                          "Parent Relationship": "Subquery",
                          "Parallel Aware": false,
                          "Async Capable": false,
                          "Startup Cost": 263919.04,
                          "Total Cost": 263926.43,
                          "Plan Rows": 21,
                          "Plan Width": 113,
                          "Group Key": [
                            "web_site.web_site_id"
                          ],
                          "Plans": [
                            {
                              "Node Type": "Gather Merge",
                              "Parent Relationship": "Outer",
                              "Parallel Aware": false,
                              "Async Capable": false,
                              "Startup Cost": 263919.04,
                              "Total Cost": 263925.33,
                              "Plan Rows": 42,
                              "Plan Width": 113,
                              "Workers Planned": 2,
                              "Plans": [
                                {
                                  "Node Type": "Aggregate",
                                  "Strategy": "Sorted",
                                  "Partial Mode": "Partial",
                                  "Parent Relationship": "Outer",
                                  "Parallel Aware": false,
                                  "Async Capable": false,
                                  "Startup Cost": 262919.01,
                                  "Total Cost": 262920.46,
                                  "Plan Rows": 21,
                                  "Plan Width": 113,
                                  "Group Key": [
                                    "web_site.web_site_id"
                                  ],
                                  "Plans": [
                                    {
                                      "Node Type": "Sort",
                                      "Parent Relationship": "Outer",
                                      "Parallel Aware": false,
                                      "Async Capable": false,
                                      "Startup Cost": 262919.01,
                                      "Total Cost": 262919.19,
                                      "Plan Rows": 72,
                                      "Plan Width": 41,
                                      "Sort Key": [
                                        "web_site.web_site_id"
                                      ],
                                      "Plans": [
                                        {
                                          "Node Type": "Hash Join",
                                          "Parent Relationship": "Outer",
                                          "Parallel Aware": false,
                                          "Async Capable": false,
                                          "Join Type": "Inner",
                                          "Startup Cost": 32134.74,
                                          "Total Cost": 262916.79,
                                          "Plan Rows": 72,
                                          "Plan Width": 41,
                                          "Inner Unique": false,
                                          "Hash Cond": "(web_sales.ws_web_site_sk = web_site.web_site_sk)",
                                          "Plans": [
                                            {
                                              "Node Type": "Hash Join",
                                              "Parent Relationship": "Outer",
                                              "Parallel Aware": false,
                                              "Async Capable": false,
                                              "Join Type": "Inner",
                                              "Startup Cost": 32130.8,
                                              "Total Cost": 262911.86,
                                              "Plan Rows": 72,
                                              "Plan Width": 28,
                                              "Inner Unique": false,
                                              "Hash Cond": "(web_sales.ws_promo_sk = promotion_2.p_promo_sk)",
                                              "Plans": [
                                                {
                                                  "Node Type": "Hash Join",
                                                  "Parent Relationship": "Outer",
                                                  "Parallel Aware": true,
                                                  "Async Capable": false,
                                                  "Join Type": "Inner",
                                                  "Startup Cost": 32105.4,
                                                  "Total Cost": 262885.46,
                                                  "Plan Rows": 73,
                                                  "Plan Width": 32,
                                                  "Inner Unique": false,
                                                  "Hash Cond": "(web_sales.ws_item_sk = item_2.i_item_sk)",
                                                  "Plans": [
                                                    {
                                                      "Node Type": "Hash Join",
                                                      "Parent Relationship": "Outer",
                                                      "Parallel Aware": true,
                                                      "Async Capable": false,
                                                      "Join Type": "Left",
                                                      "Startup Cost": 24579.62,
                                                      "Total Cost": 255354.62,
                                                      "Plan Rows": 1272,
                                                      "Plan Width": 36,
                                                      "Inner Unique": false,
                                                      "Hash Cond": "((web_sales.ws_item_sk = web_returns.wr_item_sk) AND (web_sales.ws_order_number = web_returns.wr_order_number))",
                                                      "Plans": [
                                                        {
                                                          "Node Type": "Hash Join",
                                                          "Parent Relationship": "Outer",
                                                          "Parallel Aware": true,
                                                          "Async Capable": false,
                                                          "Join Type": "Inner",
                                                          "Startup Cost": 2049.78,
                                                          "Total Cost": 231041.22,
                                                          "Plan Rows": 1272,
                                                          "Plan Width": 28,
                                                          "Inner Unique": false,
                                                          "Hash Cond": "(web_sales.ws_sold_date_sk = date_dim_2.d_date_sk)",
                                                          "Plans": [
                                                            {
                                                              "Node Type": "Seq Scan",
                                                              "Parent Relationship": "Outer",
                                                              "Parallel Aware": true,
                                                              "Async Capable": false,
                                                              "Relation Name": "web_sales",
                                                              "Alias": "web_sales",
                                                              "Startup Cost": 0.0,
                                                              "Total Cost": 217737.86,
                                                              "Plan Rows": 2998986,
                                                              "Plan Width": 32,
                                                              "parent": 55,
                                                              "ID": 56
                                                            },
                                                            {
                                                              "Node Type": "Hash",
                                                              "Parent Relationship": "Inner",
                                                              "Parallel Aware": true,
                                                              "Async Capable": false,
                                                              "Startup Cost": 2049.55,
                                                              "Total Cost": 2049.55,
                                                              "Plan Rows": 18,
                                                              "Plan Width": 4,
                                                              "Plans": [
                                                                {
                                                                  "Node Type": "Seq Scan",
                                                                  "Parent Relationship": "Outer",
                                                                  "Parallel Aware": true,
                                                                  "Async Capable": false,
                                                                  "Relation Name": "date_dim",
                                                                  "Alias": "date_dim_2",
                                                                  "Startup Cost": 0.0,
                                                                  "Total Cost": 2049.55,
                                                                  "Plan Rows": 18,
                                                                  "Plan Width": 4,
                                                                  "Filter": "((d_date >= '2000-08-25'::date) AND (d_date <= '2000-09-24 00:00:00'::timestamp without time zone))",
                                                                  "parent": 57,
                                                                  "ID": 58
                                                                }
                                                              ],
                                                              "parent": 55,
                                                              "ID": 57,
                                                              "left": 58
                                                            }
                                                          ],
                                                          "parent": 54,
                                                          "ID": 55,
                                                          "left": 56,
                                                          "right": 57
                                                        },
                                                        {
                                                          "Node Type": "Hash",
                                                          "Parent Relationship": "Inner",
                                                          "Parallel Aware": true,
                                                          "Async Capable": false,
                                                          "Startup Cost": 16278.74,
                                                          "Total Cost": 16278.74,
                                                          "Plan Rows": 299674,
                                                          "Plan Width": 20,
                                                          "Plans": [
                                                            {
                                                              "Node Type": "Seq Scan",
                                                              "Parent Relationship": "Outer",
                                                              "Parallel Aware": true,
                                                              "Async Capable": false,
                                                              "Relation Name": "web_returns",
                                                              "Alias": "web_returns",
                                                              "Startup Cost": 0.0,
                                                              "Total Cost": 16278.74,
                                                              "Plan Rows": 299674,
                                                              "Plan Width": 20,
                                                              "parent": 59,
                                                              "ID": 60
                                                            }
                                                          ],
                                                          "parent": 54,
                                                          "ID": 59,
                                                          "left": 60
                                                        }
                                                      ],
                                                      "parent": 53,
                                                      "ID": 54,
                                                      "left": 55,
                                                      "right": 59
                                                    },
                                                    {
                                                      "Node Type": "Hash",
                                                      "Parent Relationship": "Inner",
                                                      "Parallel Aware": true,
                                                      "Async Capable": false,
                                                      "Startup Cost": 7495.25,
                                                      "Total Cost": 7495.25,
                                                      "Plan Rows": 2442,
                                                      "Plan Width": 4,
                                                      "Plans": [
                                                        {
                                                          "Node Type": "Seq Scan",
                                                          "Parent Relationship": "Outer",
                                                          "Parallel Aware": true,
                                                          "Async Capable": false,
                                                          "Relation Name": "item",
                                                          "Alias": "item_2",
                                                          "Startup Cost": 0.0,
                                                          "Total Cost": 7495.25,
                                                          "Plan Rows": 2442,
                                                          "Plan Width": 4,
                                                          "Filter": "(i_current_price > '50'::numeric)",
                                                          "parent": 61,
                                                          "ID": 62
                                                        }
                                                      ],
                                                      "parent": 53,
                                                      "ID": 61,
                                                      "left": 62
                                                    }
                                                  ],
                                                  "parent": 52,
                                                  "ID": 53,
                                                  "left": 54,
                                                  "right": 61
                                                },
                                                {
                                                  "Node Type": "Hash",
                                                  "Parent Relationship": "Inner",
                                                  "Parallel Aware": false,
                                                  "Async Capable": false,
                                                  "Startup Cost": 19.25,
                                                  "Total Cost": 19.25,
                                                  "Plan Rows": 492,
                                                  "Plan Width": 4,
                                                  "Plans": [
                                                    {
                                                      "Node Type": "Seq Scan",
                                                      "Parent Relationship": "Outer",
                                                      "Parallel Aware": false,
                                                      "Async Capable": false,
                                                      "Relation Name": "promotion",
                                                      "Alias": "promotion_2",
                                                      "Startup Cost": 0.0,
                                                      "Total Cost": 19.25,
                                                      "Plan Rows": 492,
                                                      "Plan Width": 4,
                                                      "Filter": "(p_channel_tv = 'N'::bpchar)",
                                                      "parent": 63,
                                                      "ID": 64
                                                    }
                                                  ],
                                                  "parent": 52,
                                                  "ID": 63,
                                                  "left": 64
                                                }
                                              ],
                                              "parent": 51,
                                              "ID": 52,
                                              "left": 53,
                                              "right": 63
                                            },
                                            {
                                              "Node Type": "Hash",
                                              "Parent Relationship": "Inner",
                                              "Parallel Aware": false,
                                              "Async Capable": false,
                                              "Startup Cost": 3.42,
                                              "Total Cost": 3.42,
                                              "Plan Rows": 42,
                                              "Plan Width": 21,
                                              "Plans": [
                                                {
                                                  "Node Type": "Seq Scan",
                                                  "Parent Relationship": "Outer",
                                                  "Parallel Aware": false,
                                                  "Async Capable": false,
                                                  "Relation Name": "web_site",
                                                  "Alias": "web_site",
                                                  "Startup Cost": 0.0,
                                                  "Total Cost": 3.42,
                                                  "Plan Rows": 42,
                                                  "Plan Width": 21,
                                                  "parent": 65,
                                                  "ID": 66
                                                }
                                              ],
                                              "parent": 51,
                                              "ID": 65,
                                              "left": 66
                                            }
                                          ],
                                          "parent": 50,
                                          "ID": 51,
                                          "left": 52,
                                          "right": 65
                                        }
                                      ],
                                      "parent": 49,
                                      "ID": 50,
                                      "left": 51
                                    }
                                  ],
                                  "parent": 48,
                                  "ID": 49,
                                  "left": 50
                                }
                              ],
                              "parent": 47,
                              "ID": 48,
                              "left": 49
                            }
                          ],
                          "parent": 46,
                          "ID": 47,
                          "left": 48
                        }
                      ],
                      "parent": 3,
                      "ID": 46,
                      "left": 47
                    }
                  ],
                  "parent": 2,
                  "ID": 3,
                  "left": 4,
                  "right": 25
                }
              ],
              "parent": 1,
              "ID": 2,
              "left": 3
            }
          ],
          "parent": 0,
          "ID": 1,
          "left": 2
        }
      ],
      "parent": null,
      "ID": 0,
      "left": 1
    },
    "feat": {
      "utility": 2.087434344565406e-06,
      "query_shape": [
        [
          "Seq Scan",
          "Hash Join",
          "Sort",
          "Aggregate",
          "Gather Merge",
          "Subquery Scan",
          "Append"
        ],
        [
          "Seq Scan",
          "Hash",
          "Hash Join",
          "Sort",
          "Aggregate",
          "Gather Merge",
          "Subquery Scan",
          "Append"
        ],
        [
          "Seq Scan",
          "Hash",
          "Hash Join",
          "Sort",
          "Aggregate",
          "Gather Merge",
          "Subquery Scan",
          "Append"
        ],
        [
          "Seq Scan",
          "Hash",
          "Hash Join",
          "Sort",
          "Aggregate",
          "Gather Merge",
          "Subquery Scan",
          "Append"
        ],
        [
          "Seq Scan",
          "Hash",
          "Hash Join",
          "Sort",
          "Aggregate",
          "Gather Merge",
          "Subquery Scan",
          "Append"
        ],
        [
          "Seq Scan",
          "Hash",
          "Hash Join",
          "Sort",
          "Aggregate",
          "Gather Merge",
          "Subquery Scan",
          "Append"
        ],
        [
          "Seq Scan",
          "Hash Join",
          "Sort",
          "Aggregate",
          "Gather Merge",
          "Subquery Scan",
          "Append"
        ],
        [
          "Seq Scan",
          "Hash",
          "Hash Join",
          "Sort",
          "Aggregate",
          "Gather Merge",
          "Subquery Scan",
          "Append"
        ],
        [
          "Seq Scan",
          "Hash",
          "Hash Join",
          "Sort",
          "Aggregate",
          "Gather Merge",
          "Subquery Scan",
          "Append"
        ],
        [
          "Seq Scan",
          "Hash",
          "Hash Join",
          "Sort",
          "Aggregate",
          "Gather Merge",
          "Subquery Scan",
          "Append"
        ],
        [
          "Seq Scan",
          "Hash",
          "Hash Join",
          "Sort",
          "Aggregate",
          "Gather Merge",
          "Subquery Scan",
          "Append"
        ],
        [
          "Seq Scan",
          "Hash",
          "Hash Join",
          "Sort",
          "Aggregate",
          "Gather Merge",
          "Subquery Scan",
          "Append"
        ],
        [
          "Seq Scan",
          "Hash Join",
          "Sort",
          "Aggregate",
          "Gather Merge",
          "Subquery Scan",
          "Append"
        ],
        [
          "Seq Scan",
          "Hash",
          "Hash Join",
          "Sort",
          "Aggregate",
          "Gather Merge",
          "Subquery Scan",
          "Append"
        ],
        [
          "Seq Scan",
          "Hash",
          "Hash Join",
          "Sort",
          "Aggregate",
          "Gather Merge",
          "Subquery Scan",
          "Append"
        ],
        [
          "Seq Scan",
          "Hash",
          "Hash Join",
          "Sort",
          "Aggregate",
          "Gather Merge",
          "Subquery Scan",
          "Append"
        ],
        [
          "Seq Scan",
          "Hash",
          "Hash Join",
          "Sort",
          "Aggregate",
          "Gather Merge",
          "Subquery Scan",
          "Append"
        ],
        [
          "Seq Scan",
          "Hash",
          "Hash Join",
          "Sort",
          "Aggregate",
          "Gather Merge",
          "Subquery Scan",
          "Append"
        ]
      ],
      "index_shape": [
        "join"
      ],
      "physical_operator": {
        "Hash Join": [
          0.04368838519250284
        ]
      }
    }
  },
  {
    "query": "with ssr as\n (select  s_store_id as store_id,\n          sum(ss_ext_sales_price) as sales,\n          sum(coalesce(sr_return_amt, 0)) as returns,\n          sum(ss_net_profit - coalesce(sr_net_loss, 0)) as profit\n  from store_sales left outer join store_returns on\n         (ss_item_sk = sr_item_sk and ss_ticket_number = sr_ticket_number),\n     date_dim,\n     store,\n     item,\n     promotion\n where ss_sold_date_sk = d_date_sk\n       and d_date between cast('2000-08-25' as date) \n                  and (cast('2000-08-25' as date) +  interval '30 days')\n       and ss_store_sk = s_store_sk\n       and ss_item_sk = i_item_sk\n       and i_current_price > 50\n       and ss_promo_sk = p_promo_sk\n       and p_channel_tv = 'N'\n group by s_store_id)\n ,\n csr as\n (select  cp_catalog_page_id as catalog_page_id,\n          sum(cs_ext_sales_price) as sales,\n          sum(coalesce(cr_return_amount, 0)) as returns,\n          sum(cs_net_profit - coalesce(cr_net_loss, 0)) as profit\n  from catalog_sales left outer join catalog_returns on\n         (cs_item_sk = cr_item_sk and cs_order_number = cr_order_number),\n     date_dim,\n     catalog_page,\n     item,\n     promotion\n where cs_sold_date_sk = d_date_sk\n       and d_date between cast('2000-08-25' as date)\n                  and (cast('2000-08-25' as date) +  interval '30 days')\n        and cs_catalog_page_sk = cp_catalog_page_sk\n       and cs_item_sk = i_item_sk\n       and i_current_price > 50\n       and cs_promo_sk = p_promo_sk\n       and p_channel_tv = 'N'\ngroup by cp_catalog_page_id)\n ,\n wsr as\n (select  web_site_id,\n          sum(ws_ext_sales_price) as sales,\n          sum(coalesce(wr_return_amt, 0)) as returns,\n          sum(ws_net_profit - coalesce(wr_net_loss, 0)) as profit\n  from web_sales left outer join web_returns on\n         (ws_item_sk = wr_item_sk and ws_order_number = wr_order_number),\n     date_dim,\n     web_site,\n     item,\n     promotion\n where ws_sold_date_sk = d_date_sk\n       and d_date between cast('2000-08-25' as date)\n                  and (cast('2000-08-25' as date) +  interval '30 days')\n        and ws_web_site_sk = web_site_sk\n       and ws_item_sk = i_item_sk\n       and i_current_price > 50\n       and ws_promo_sk = p_promo_sk\n       and p_channel_tv = 'N'\ngroup by web_site_id)\n  select  channel\n        , id\n        , sum(sales) as sales\n        , sum(returns) as returns\n        , sum(profit) as profit\n from \n (select 'store channel' as channel\n        , 'store' || store_id as id\n        , sales\n        , returns\n        , profit\n from   ssr\n union all\n select 'catalog channel' as channel\n        , 'catalog_page' || catalog_page_id as id\n        , sales\n        , returns\n        , profit\n from  csr\n union all\n select 'web channel' as channel\n        , 'web_site' || web_site_id as id\n        , sales\n        , returns\n        , profit\n from   wsr\n ) x\n group by rollup (channel, id)\n order by channel\n         ,id\n limit 100;\n\n-- end query 61 in stream 1 using template query80.tpl\n",
    "indexes": "store_sales.ss_ticket_number",
    "wo plan est": {
      "Node Type": "Limit",
      "Parallel Aware": false,
      "Async Capable": false,
      "Startup Cost": 1566793.64,
      "Total Cost": 1566796.93,
      "Plan Rows": 100,
      "Plan Width": 160,
      "Plans": [
        {
          "Node Type": "Aggregate",
          "Strategy": "Sorted",
          "Partial Mode": "Simple",
          "Parent Relationship": "Outer",
          "Parallel Aware": false,
          "Async Capable": false,
          "Startup Cost": 1566793.64,
          "Total Cost": 1566806.84,
          "Plan Rows": 401,
          "Plan Width": 160,
          "Grouping Sets": [
            {
              "Group Keys": [
                [
                  "('store channel'::text)",
                  "(('store'::text || (ssr.store_id)::text))"
                ],
                [
                  "('store channel'::text)"
                ],
                []
              ]
            }
          ],
          "Plans": [
            {
              "Node Type": "Sort",
              "Parent Relationship": "Outer",
              "Parallel Aware": false,
              "Async Capable": false,
              "Startup Cost": 1566793.64,
              "Total Cost": 1566794.67,
              "Plan Rows": 412,
              "Plan Width": 160,
              "Sort Key": [
                "('store channel'::text)",
                "(('store'::text || (ssr.store_id)::text))"
              ],
              "Plans": [
                {
                  "Node Type": "Append",
                  "Parent Relationship": "Outer",
                  "Parallel Aware": false,
                  "Async Capable": false,
                  "Startup Cost": 784596.3,
                  "Total Cost": 1566775.74,
                  "Plan Rows": 412,
                  "Plan Width": 160,
                  "Subplans Removed": 0,
                  "Plans": [
                    {
                      "Node Type": "Subquery Scan",
                      "Parent Relationship": "Member",
                      "Parallel Aware": false,
                      "Async Capable": false,
                      "Alias": "ssr",
                      "Startup Cost": 784596.3,
                      "Total Cost": 784616.16,
                      "Plan Rows": 51,
                      "Plan Width": 160,
                      "Plans": [
                        {
                          "Node Type": "Aggregate",
                          "Strategy": "Sorted",
                          "Partial Mode": "Finalize",
                          "Parent Relationship": "Subquery",
                          "Parallel Aware": false,
                          "Async Capable": false,
                          "Startup Cost": 784596.3,
                          "Total Cost": 784615.39,
                          "Plan Rows": 51,
                          "Plan Width": 113,
                          "Group Key": [
                            "store.s_store_id"
                          ],
                          "Plans": [
                            {
                              "Node Type": "Gather Merge",
                              "Parent Relationship": "Outer",
                              "Parallel Aware": false,
                              "Async Capable": false,
                              "Startup Cost": 784596.3,
                              "Total Cost": 784612.71,
                              "Plan Rows": 102,
                              "Plan Width": 113,
                              "Workers Planned": 2,
                              "Plans": [
                                {
                                  "Node Type": "Aggregate",
                                  "Strategy": "Sorted",
                                  "Partial Mode": "Partial",
                                  "Parent Relationship": "Outer",
                                  "Parallel Aware": false,
                                  "Async Capable": false,
                                  "Startup Cost": 783596.27,
                                  "Total Cost": 783600.92,
                                  "Plan Rows": 51,
                                  "Plan Width": 113,
                                  "Group Key": [
                                    "store.s_store_id"
                                  ],
                                  "Plans": [
                                    {
                                      "Node Type": "Sort",
                                      "Parent Relationship": "Outer",
                                      "Parallel Aware": false,
                                      "Async Capable": false,
                                      "Startup Cost": 783596.27,
                                      "Total Cost": 783596.9,
                                      "Plan Rows": 250,
                                      "Plan Width": 41,
                                      "Sort Key": [
                                        "store.s_store_id"
                                      ],
                                      "Plans": [
                                        {
                                          "Node Type": "Hash Join",
                                          "Parent Relationship": "Outer",
                                          "Parallel Aware": false,
                                          "Async Capable": false,
                                          "Join Type": "Inner",
                                          "Startup Cost": 94489.35,
                                          "Total Cost": 783586.32,
                                          "Plan Rows": 250,
                                          "Plan Width": 41,
                                          "Inner Unique": false,
                                          "Hash Cond": "(store_sales.ss_store_sk = store.s_store_sk)",
                                          "Plans": [
                                            {
                                              "Node Type": "Hash Join",
                                              "Parent Relationship": "Outer",
                                              "Parallel Aware": false,
                                              "Async Capable": false,
                                              "Join Type": "Inner",
                                              "Startup Cost": 94482.05,
                                              "Total Cost": 783575.54,
                                              "Plan Rows": 262,
                                              "Plan Width": 28,
                                              "Inner Unique": false,
                                              "Hash Cond": "(store_sales.ss_promo_sk = promotion.p_promo_sk)",
                                              "Plans": [
                                                {
                                                  "Node Type": "Hash Join",
                                                  "Parent Relationship": "Outer",
                                                  "Parallel Aware": true,
                                                  "Async Capable": false,
                                                  "Join Type": "Inner",
                                                  "Startup Cost": 94456.65,
                                                  "Total Cost": 783546.47,
                                                  "Plan Rows": 279,
                                                  "Plan Width": 32,
                                                  "Inner Unique": false,
                                                  "Hash Cond": "(store_sales.ss_item_sk = item.i_item_sk)",
                                                  "Plans": [
                                                    {
                                                      "Node Type": "Hash Join",
                                                      "Parent Relationship": "Outer",
                                                      "Parallel Aware": true,
                                                      "Async Capable": false,
                                                      "Join Type": "Left",
                                                      "Startup Cost": 86930.88,
                                                      "Total Cost": 776001.31,
                                                      "Plan Rows": 4860,
                                                      "Plan Width": 36,
                                                      "Inner Unique": false,
                                                      "Hash Cond": "((store_sales.ss_item_sk = store_returns.sr_item_sk) AND (store_sales.ss_ticket_number = store_returns.sr_ticket_number))",
                                                      "Plans": [
                                                        {
                                                          "Node Type": "Hash Join",
                                                          "Parent Relationship": "Outer",
                                                          "Parallel Aware": true,
                                                          "Async Capable": false,
                                                          "Join Type": "Inner",
                                                          "Startup Cost": 2049.78,
                                                          "Total Cost": 683994.75,
                                                          "Plan Rows": 4860,
                                                          "Plan Width": 28,
                                                          "Inner Unique": false,
                                                          "Hash Cond": "(store_sales.ss_sold_date_sk = date_dim.d_date_sk)",
                                                          "Plans": [
                                                            {
                                                              "Node Type": "Seq Scan",
                                                              "Parent Relationship": "Outer",
                                                              "Parallel Aware": true,
                                                              "Async Capable": false,
                                                              "Relation Name": "store_sales",
                                                              "Alias": "store_sales",
                                                              "Startup Cost": 0.0,
                                                              "Total Cost": 636914.37,
                                                              "Plan Rows": 12000637,
                                                              "Plan Width": 32,
                                                              "parent": 13,
                                                              "ID": 14
                                                            },
                                                            {
                                                              "Node Type": "Hash",
                                                              "Parent Relationship": "Inner",
                                                              "Parallel Aware": true,
                                                              "Async Capable": false,
                                                              "Startup Cost": 2049.55,
                                                              "Total Cost": 2049.55,
                                                              "Plan Rows": 18,
                                                              "Plan Width": 4,
                                                              "Plans": [
                                                                {
                                                                  "Node Type": "Seq Scan",
                                                                  "Parent Relationship": "Outer",
                                                                  "Parallel Aware": true,
                                                                  "Async Capable": false,
                                                                  "Relation Name": "date_dim",
                                                                  "Alias": "date_dim",
                                                                  "Startup Cost": 0.0,
                                                                  "Total Cost": 2049.55,
                                                                  "Plan Rows": 18,
                                                                  "Plan Width": 4,
                                                                  "Filter": "((d_date >= '2000-08-25'::date) AND (d_date <= '2000-09-24 00:00:00'::timestamp without time zone))",
                                                                  "parent": 15,
                                                                  "ID": 16
                                                                }
                                                              ],
                                                              "parent": 13,
                                                              "ID": 15,
                                                              "left": 16
                                                            }
                                                          ],
                                                          "parent": 12,
                                                          "ID": 13,
                                                          "left": 14,
                                                          "right": 15
                                                        },
                                                        {
                                                          "Node Type": "Hash",
                                                          "Parent Relationship": "Inner",
                                                          "Parallel Aware": true,
                                                          "Async Capable": false,
                                                          "Startup Cost": 59887.64,
                                                          "Total Cost": 59887.64,
                                                          "Plan Rows": 1198164,
                                                          "Plan Width": 20,
                                                          "Plans": [
                                                            {
                                                              "Node Type": "Seq Scan",
                                                              "Parent Relationship": "Outer",
                                                              "Parallel Aware": true,
                                                              "Async Capable": false,
                                                              "Relation Name": "store_returns",
                                                              "Alias": "store_returns",
                                                              "Startup Cost": 0.0,
                                                              "Total Cost": 59887.64,
                                                              "Plan Rows": 1198164,
                                                              "Plan Width": 20,
                                                              "parent": 17,
                                                              "ID": 18
                                                            }
                                                          ],
                                                          "parent": 12,
                                                          "ID": 17,
                                                          "left": 18
                                                        }
                                                      ],
                                                      "parent": 11,
                                                      "ID": 12,
                                                      "left": 13,
                                                      "right": 17
                                                    },
                                                    {
                                                      "Node Type": "Hash",
                                                      "Parent Relationship": "Inner",
                                                      "Parallel Aware": true,
                                                      "Async Capable": false,
                                                      "Startup Cost": 7495.25,
                                                      "Total Cost": 7495.25,
                                                      "Plan Rows": 2442,
                                                      "Plan Width": 4,
                                                      "Plans": [
                                                        {
                                                          "Node Type": "Seq Scan",
                                                          "Parent Relationship": "Outer",
                                                          "Parallel Aware": true,
                                                          "Async Capable": false,
                                                          "Relation Name": "item",
                                                          "Alias": "item",
                                                          "Startup Cost": 0.0,
                                                          "Total Cost": 7495.25,
                                                          "Plan Rows": 2442,
                                                          "Plan Width": 4,
                                                          "Filter": "(i_current_price > '50'::numeric)",
                                                          "parent": 19,
                                                          "ID": 20
                                                        }
                                                      ],
                                                      "parent": 11,
                                                      "ID": 19,
                                                      "left": 20
                                                    }
                                                  ],
                                                  "parent": 10,
                                                  "ID": 11,
                                                  "left": 12,
                                                  "right": 19
                                                },
                                                {
                                                  "Node Type": "Hash",
                                                  "Parent Relationship": "Inner",
                                                  "Parallel Aware": false,
                                                  "Async Capable": false,
                                                  "Startup Cost": 19.25,
                                                  "Total Cost": 19.25,
                                                  "Plan Rows": 492,
                                                  "Plan Width": 4,
                                                  "Plans": [
                                                    {
                                                      "Node Type": "Seq Scan",
                                                      "Parent Relationship": "Outer",
                                                      "Parallel Aware": false,
                                                      "Async Capable": false,
                                                      "Relation Name": "promotion",
                                                      "Alias": "promotion",
                                                      "Startup Cost": 0.0,
                                                      "Total Cost": 19.25,
                                                      "Plan Rows": 492,
                                                      "Plan Width": 4,
                                                      "Filter": "(p_channel_tv = 'N'::bpchar)",
                                                      "parent": 21,
                                                      "ID": 22
                                                    }
                                                  ],
                                                  "parent": 10,
                                                  "ID": 21,
                                                  "left": 22
                                                }
                                              ],
                                              "parent": 9,
                                              "ID": 10,
                                              "left": 11,
                                              "right": 21
                                            },
                                            {
                                              "Node Type": "Hash",
                                              "Parent Relationship": "Inner",
                                              "Parallel Aware": false,
                                              "Async Capable": false,
                                              "Startup Cost": 6.02,
                                              "Total Cost": 6.02,
                                              "Plan Rows": 102,
                                              "Plan Width": 21,
                                              "Plans": [
                                                {
                                                  "Node Type": "Seq Scan",
                                                  "Parent Relationship": "Outer",
                                                  "Parallel Aware": false,
                                                  "Async Capable": false,
                                                  "Relation Name": "store",
                                                  "Alias": "store",
                                                  "Startup Cost": 0.0,
                                                  "Total Cost": 6.02,
                                                  "Plan Rows": 102,
                                                  "Plan Width": 21,
                                                  "parent": 23,
                                                  "ID": 24
                                                }
                                              ],
                                              "parent": 9,
                                              "ID": 23,
                                              "left": 24
                                            }
                                          ],
                                          "parent": 8,
                                          "ID": 9,
                                          "left": 10,
                                          "right": 23
                                        }
                                      ],
                                      "parent": 7,
                                      "ID": 8,
                                      "left": 9
                                    }
                                  ],
                                  "parent": 6,
                                  "ID": 7,
                                  "left": 8
                                }
                              ],
                              "parent": 5,
                              "ID": 6,
                              "left": 7
                            }
                          ],
                          "parent": 4,
                          "ID": 5,
                          "left": 6
                        }
                      ],
                      "parent": 3,
                      "ID": 4,
                      "left": 5
                    },
                    {
                      "Node Type": "Subquery Scan",
                      "Parent Relationship": "Member",
                      "Parallel Aware": false,
                      "Async Capable": false,
                      "Alias": "csr",
                      "Startup Cost": 518177.36,
                      "Total Cost": 518230.78,
                      "Plan Rows": 340,
                      "Plan Width": 160,
                      "Plans": [
                        {
                          "Node Type": "Aggregate",
                          "Strategy": "Sorted",
                          "Partial Mode": "Finalize",
                          "Parent Relationship": "Subquery",
                          "Parallel Aware": false,
                          "Async Capable": false,
                          "Startup Cost": 518177.36,
                          "Total Cost": 518225.68,
                          "Plan Rows": 340,
                          "Plan Width": 113,
                          "Group Key": [
                            "catalog_page.cp_catalog_page_id"
                          ],
                          "Plans": [
                            {
                              "Node Type": "Gather Merge",
                              "Parent Relationship": "Outer",
                              "Parallel Aware": false,
                              "Async Capable": false,
                              "Startup Cost": 518177.36,
                              "Total Cost": 518214.76,
                              "Plan Rows": 284,
                              "Plan Width": 113,
                              "Workers Planned": 2,
                              "Plans": [
                                {
                                  "Node Type": "Aggregate",
                                  "Strategy": "Sorted",
                                  "Partial Mode": "Partial",
                                  "Parent Relationship": "Outer",
                                  "Parallel Aware": false,
                                  "Async Capable": false,
                                  "Startup Cost": 517177.34,
                                  "Total Cost": 517181.95,
                                  "Plan Rows": 142,
                                  "Plan Width": 113,
                                  "Group Key": [
                                    "catalog_page.cp_catalog_page_id"
                                  ],
                                  "Plans": [
                                    {
                                      "Node Type": "Sort",
                                      "Parent Relationship": "Outer",
                                      "Parallel Aware": false,
                                      "Async Capable": false,
                                      "Startup Cost": 517177.34,
                                      "Total Cost": 517177.69,
                                      "Plan Rows": 142,
                                      "Plan Width": 41,
                                      "Sort Key": [
                                        "catalog_page.cp_catalog_page_id"
                                      ],
                                      "Plans": [
                                        {
                                          "Node Type": "Hash Join",
                                          "Parent Relationship": "Outer",
                                          "Parallel Aware": false,
                                          "Async Capable": false,
                                          "Join Type": "Inner",
                                          "Startup Cost": 57382.33,
                                          "Total Cost": 517172.26,
                                          "Plan Rows": 142,
                                          "Plan Width": 41,
                                          "Inner Unique": false,
                                          "Hash Cond": "(catalog_sales.cs_catalog_page_sk = catalog_page.cp_catalog_page_sk)",
                                          "Plans": [
                                            {
                                              "Node Type": "Hash Join",
                                              "Parent Relationship": "Outer",
                                              "Parallel Aware": false,
                                              "Async Capable": false,
                                              "Join Type": "Inner",
                                              "Startup Cost": 56864.33,
                                              "Total Cost": 516652.32,
                                              "Plan Rows": 142,
                                              "Plan Width": 28,
                                              "Inner Unique": false,
                                              "Hash Cond": "(catalog_sales.cs_promo_sk = promotion_1.p_promo_sk)",
                                              "Plans": [
                                                {
                                                  "Node Type": "Hash Join",
                                                  "Parent Relationship": "Outer",
                                                  "Parallel Aware": true,
                                                  "Async Capable": false,
                                                  "Join Type": "Inner",
                                                  "Startup Cost": 56838.93,
                                                  "Total Cost": 516624.96,
                                                  "Plan Rows": 145,
                                                  "Plan Width": 32,
                                                  "Inner Unique": false,
                                                  "Hash Cond": "(catalog_sales.cs_item_sk = item_1.i_item_sk)",
                                                  "Plans": [
                                                    {
                                                      "Node Type": "Hash Join",
                                                      "Parent Relationship": "Outer",
                                                      "Parallel Aware": true,
                                                      "Async Capable": false,
                                                      "Join Type": "Left",
                                                      "Startup Cost": 49313.15,
                                                      "Total Cost": 509089.08,
                                                      "Plan Rows": 2532,
                                                      "Plan Width": 36,
                                                      "Inner Unique": false,
                                                      "Hash Cond": "((catalog_sales.cs_item_sk = catalog_returns.cr_item_sk) AND (catalog_sales.cs_order_number = catalog_returns.cr_order_number))",
                                                      "Plans": [
                                                        {
                                                          "Node Type": "Hash Join",
                                                          "Parent Relationship": "Outer",
                                                          "Parallel Aware": true,
                                                          "Async Capable": false,
                                                          "Join Type": "Inner",
                                                          "Startup Cost": 2049.78,
                                                          "Total Cost": 458254.7,
                                                          "Plan Rows": 2532,
                                                          "Plan Width": 28,
                                                          "Inner Unique": false,
                                                          "Hash Cond": "(catalog_sales.cs_sold_date_sk = date_dim_1.d_date_sk)",
                                                          "Plans": [
                                                            {
                                                              "Node Type": "Seq Scan",
                                                              "Parent Relationship": "Outer",
                                                              "Parallel Aware": true,
                                                              "Async Capable": false,
                                                              "Relation Name": "catalog_sales",
                                                              "Alias": "catalog_sales",
                                                              "Startup Cost": 0.0,
                                                              "Total Cost": 433688.25,
                                                              "Plan Rows": 6000525,
                                                              "Plan Width": 32,
                                                              "parent": 34,
                                                              "ID": 35
                                                            },
                                                            {
                                                              "Node Type": "Hash",
                                                              "Parent Relationship": "Inner",
                                                              "Parallel Aware": true,
                                                              "Async Capable": false,
                                                              "Startup Cost": 2049.55,
                                                              "Total Cost": 2049.55,
                                                              "Plan Rows": 18,
                                                              "Plan Width": 4,
                                                              "Plans": [
                                                                {
                                                                  "Node Type": "Seq Scan",
                                                                  "Parent Relationship": "Outer",
                                                                  "Parallel Aware": true,
                                                                  "Async Capable": false,
                                                                  "Relation Name": "date_dim",
                                                                  "Alias": "date_dim_1",
                                                                  "Startup Cost": 0.0,
                                                                  "Total Cost": 2049.55,
                                                                  "Plan Rows": 18,
                                                                  "Plan Width": 4,
                                                                  "Filter": "((d_date >= '2000-08-25'::date) AND (d_date <= '2000-09-24 00:00:00'::timestamp without time zone))",
                                                                  "parent": 36,
                                                                  "ID": 37
                                                                }
                                                              ],
                                                              "parent": 34,
                                                              "ID": 36,
                                                              "left": 37
                                                            }
                                                          ],
                                                          "parent": 33,
                                                          "ID": 34,
                                                          "left": 35,
                                                          "right": 36
                                                        },
                                                        {
                                                          "Node Type": "Hash",
                                                          "Parent Relationship": "Inner",
                                                          "Parallel Aware": true,
                                                          "Async Capable": false,
                                                          "Startup Cost": 34748.95,
                                                          "Total Cost": 34748.95,
                                                          "Plan Rows": 599895,
                                                          "Plan Width": 20,
                                                          "Plans": [
                                                            {
                                                              "Node Type": "Seq Scan",
                                                              "Parent Relationship": "Outer",
                                                              "Parallel Aware": true,
                                                              "Async Capable": false,
                                                              "Relation Name": "catalog_returns",
                                                              "Alias": "catalog_returns",
                                                              "Startup Cost": 0.0,
                                                              "Total Cost": 34748.95,
                                                              "Plan Rows": 599895,
                                                              "Plan Width": 20,
                                                              "parent": 38,
                                                              "ID": 39
                                                            }
                                                          ],
                                                          "parent": 33,
                                                          "ID": 38,
                                                          "left": 39
                                                        }
                                                      ],
                                                      "parent": 32,
                                                      "ID": 33,
                                                      "left": 34,
                                                      "right": 38
                                                    },
                                                    {
                                                      "Node Type": "Hash",
                                                      "Parent Relationship": "Inner",
                                                      "Parallel Aware": true,
                                                      "Async Capable": false,
                                                      "Startup Cost": 7495.25,
                                                      "Total Cost": 7495.25,
                                                      "Plan Rows": 2442,
                                                      "Plan Width": 4,
                                                      "Plans": [
                                                        {
                                                          "Node Type": "Seq Scan",
                                                          "Parent Relationship": "Outer",
                                                          "Parallel Aware": true,
                                                          "Async Capable": false,
                                                          "Relation Name": "item",
                                                          "Alias": "item_1",
                                                          "Startup Cost": 0.0,
                                                          "Total Cost": 7495.25,
                                                          "Plan Rows": 2442,
                                                          "Plan Width": 4,
                                                          "Filter": "(i_current_price > '50'::numeric)",
                                                          "parent": 40,
                                                          "ID": 41
                                                        }
                                                      ],
                                                      "parent": 32,
                                                      "ID": 40,
                                                      "left": 41
                                                    }
                                                  ],
                                                  "parent": 31,
                                                  "ID": 32,
                                                  "left": 33,
                                                  "right": 40
                                                },
                                                {
                                                  "Node Type": "Hash",
                                                  "Parent Relationship": "Inner",
                                                  "Parallel Aware": false,
                                                  "Async Capable": false,
                                                  "Startup Cost": 19.25,
                                                  "Total Cost": 19.25,
                                                  "Plan Rows": 492,
                                                  "Plan Width": 4,
                                                  "Plans": [
                                                    {
                                                      "Node Type": "Seq Scan",
                                                      "Parent Relationship": "Outer",
                                                      "Parallel Aware": false,
                                                      "Async Capable": false,
                                                      "Relation Name": "promotion",
                                                      "Alias": "promotion_1",
                                                      "Startup Cost": 0.0,
                                                      "Total Cost": 19.25,
                                                      "Plan Rows": 492,
                                                      "Plan Width": 4,
                                                      "Filter": "(p_channel_tv = 'N'::bpchar)",
                                                      "parent": 42,
                                                      "ID": 43
                                                    }
                                                  ],
                                                  "parent": 31,
                                                  "ID": 42,
                                                  "left": 43
                                                }
                                              ],
                                              "parent": 30,
                                              "ID": 31,
                                              "left": 32,
                                              "right": 42
                                            },
                                            {
                                              "Node Type": "Hash",
                                              "Parent Relationship": "Inner",
                                              "Parallel Aware": false,
                                              "Async Capable": false,
                                              "Startup Cost": 368.0,
                                              "Total Cost": 368.0,
                                              "Plan Rows": 12000,
                                              "Plan Width": 21,
                                              "Plans": [
                                                {
                                                  "Node Type": "Seq Scan",
                                                  "Parent Relationship": "Outer",
                                                  "Parallel Aware": false,
                                                  "Async Capable": false,
                                                  "Relation Name": "catalog_page",
                                                  "Alias": "catalog_page",
                                                  "Startup Cost": 0.0,
                                                  "Total Cost": 368.0,
                                                  "Plan Rows": 12000,
                                                  "Plan Width": 21,
                                                  "parent": 44,
                                                  "ID": 45
                                                }
                                              ],
                                              "parent": 30,
                                              "ID": 44,
                                              "left": 45
                                            }
                                          ],
                                          "parent": 29,
                                          "ID": 30,
                                          "left": 31,
                                          "right": 44
                                        }
                                      ],
                                      "parent": 28,
                                      "ID": 29,
                                      "left": 30
                                    }
                                  ],
                                  "parent": 27,
                                  "ID": 28,
                                  "left": 29
                                }
                              ],
                              "parent": 26,
                              "ID": 27,
                              "left": 28
                            }
                          ],
                          "parent": 25,
                          "ID": 26,
                          "left": 27
                        }
                      ],
                      "parent": 3,
                      "ID": 25,
                      "left": 26
                    },
                    {
                      "Node Type": "Subquery Scan",
                      "Parent Relationship": "Member",
                      "Parallel Aware": false,
                      "Async Capable": false,
                      "Alias": "wsr",
                      "Startup Cost": 263919.04,
                      "Total Cost": 263926.75,
                      "Plan Rows": 21,
                      "Plan Width": 160,
                      "Plans": [
                        {
                          "Node Type": "Aggregate",
                          "Strategy": "Sorted",
                          "Partial Mode": "Finalize",
                          "Parent Relationship": "Subquery",
                          "Parallel Aware": false,
                          "Async Capable": false,
                          "Startup Cost": 263919.04,
                          "Total Cost": 263926.43,
                          "Plan Rows": 21,
                          "Plan Width": 113,
                          "Group Key": [
                            "web_site.web_site_id"
                          ],
                          "Plans": [
                            {
                              "Node Type": "Gather Merge",
                              "Parent Relationship": "Outer",
                              "Parallel Aware": false,
                              "Async Capable": false,
                              "Startup Cost": 263919.04,
                              "Total Cost": 263925.33,
                              "Plan Rows": 42,
                              "Plan Width": 113,
                              "Workers Planned": 2,
                              "Plans": [
                                {
                                  "Node Type": "Aggregate",
                                  "Strategy": "Sorted",
                                  "Partial Mode": "Partial",
                                  "Parent Relationship": "Outer",
                                  "Parallel Aware": false,
                                  "Async Capable": false,
                                  "Startup Cost": 262919.01,
                                  "Total Cost": 262920.46,
                                  "Plan Rows": 21,
                                  "Plan Width": 113,
                                  "Group Key": [
                                    "web_site.web_site_id"
                                  ],
                                  "Plans": [
                                    {
                                      "Node Type": "Sort",
                                      "Parent Relationship": "Outer",
                                      "Parallel Aware": false,
                                      "Async Capable": false,
                                      "Startup Cost": 262919.01,
                                      "Total Cost": 262919.19,
                                      "Plan Rows": 72,
                                      "Plan Width": 41,
                                      "Sort Key": [
                                        "web_site.web_site_id"
                                      ],
                                      "Plans": [
                                        {
                                          "Node Type": "Hash Join",
                                          "Parent Relationship": "Outer",
                                          "Parallel Aware": false,
                                          "Async Capable": false,
                                          "Join Type": "Inner",
                                          "Startup Cost": 32134.74,
                                          "Total Cost": 262916.79,
                                          "Plan Rows": 72,
                                          "Plan Width": 41,
                                          "Inner Unique": false,
                                          "Hash Cond": "(web_sales.ws_web_site_sk = web_site.web_site_sk)",
                                          "Plans": [
                                            {
                                              "Node Type": "Hash Join",
                                              "Parent Relationship": "Outer",
                                              "Parallel Aware": false,
                                              "Async Capable": false,
                                              "Join Type": "Inner",
                                              "Startup Cost": 32130.8,
                                              "Total Cost": 262911.86,
                                              "Plan Rows": 72,
                                              "Plan Width": 28,
                                              "Inner Unique": false,
                                              "Hash Cond": "(web_sales.ws_promo_sk = promotion_2.p_promo_sk)",
                                              "Plans": [
                                                {
                                                  "Node Type": "Hash Join",
                                                  "Parent Relationship": "Outer",
                                                  "Parallel Aware": true,
                                                  "Async Capable": false,
                                                  "Join Type": "Inner",
                                                  "Startup Cost": 32105.4,
                                                  "Total Cost": 262885.46,
                                                  "Plan Rows": 73,
                                                  "Plan Width": 32,
                                                  "Inner Unique": false,
                                                  "Hash Cond": "(web_sales.ws_item_sk = item_2.i_item_sk)",
                                                  "Plans": [
                                                    {
                                                      "Node Type": "Hash Join",
                                                      "Parent Relationship": "Outer",
                                                      "Parallel Aware": true,
                                                      "Async Capable": false,
                                                      "Join Type": "Left",
                                                      "Startup Cost": 24579.62,
                                                      "Total Cost": 255354.62,
                                                      "Plan Rows": 1272,
                                                      "Plan Width": 36,
                                                      "Inner Unique": false,
                                                      "Hash Cond": "((web_sales.ws_item_sk = web_returns.wr_item_sk) AND (web_sales.ws_order_number = web_returns.wr_order_number))",
                                                      "Plans": [
                                                        {
                                                          "Node Type": "Hash Join",
                                                          "Parent Relationship": "Outer",
                                                          "Parallel Aware": true,
                                                          "Async Capable": false,
                                                          "Join Type": "Inner",
                                                          "Startup Cost": 2049.78,
                                                          "Total Cost": 231041.22,
                                                          "Plan Rows": 1272,
                                                          "Plan Width": 28,
                                                          "Inner Unique": false,
                                                          "Hash Cond": "(web_sales.ws_sold_date_sk = date_dim_2.d_date_sk)",
                                                          "Plans": [
                                                            {
                                                              "Node Type": "Seq Scan",
                                                              "Parent Relationship": "Outer",
                                                              "Parallel Aware": true,
                                                              "Async Capable": false,
                                                              "Relation Name": "web_sales",
                                                              "Alias": "web_sales",
                                                              "Startup Cost": 0.0,
                                                              "Total Cost": 217737.86,
                                                              "Plan Rows": 2998986,
                                                              "Plan Width": 32,
                                                              "parent": 55,
                                                              "ID": 56
                                                            },
                                                            {
                                                              "Node Type": "Hash",
                                                              "Parent Relationship": "Inner",
                                                              "Parallel Aware": true,
                                                              "Async Capable": false,
                                                              "Startup Cost": 2049.55,
                                                              "Total Cost": 2049.55,
                                                              "Plan Rows": 18,
                                                              "Plan Width": 4,
                                                              "Plans": [
                                                                {
                                                                  "Node Type": "Seq Scan",
                                                                  "Parent Relationship": "Outer",
                                                                  "Parallel Aware": true,
                                                                  "Async Capable": false,
                                                                  "Relation Name": "date_dim",
                                                                  "Alias": "date_dim_2",
                                                                  "Startup Cost": 0.0,
                                                                  "Total Cost": 2049.55,
                                                                  "Plan Rows": 18,
                                                                  "Plan Width": 4,
                                                                  "Filter": "((d_date >= '2000-08-25'::date) AND (d_date <= '2000-09-24 00:00:00'::timestamp without time zone))",
                                                                  "parent": 57,
                                                                  "ID": 58
                                                                }
                                                              ],
                                                              "parent": 55,
                                                              "ID": 57,
                                                              "left": 58
                                                            }
                                                          ],
                                                          "parent": 54,
                                                          "ID": 55,
                                                          "left": 56,
                                                          "right": 57
                                                        },
                                                        {
                                                          "Node Type": "Hash",
                                                          "Parent Relationship": "Inner",
                                                          "Parallel Aware": true,
                                                          "Async Capable": false,
                                                          "Startup Cost": 16278.74,
                                                          "Total Cost": 16278.74,
                                                          "Plan Rows": 299674,
                                                          "Plan Width": 20,
                                                          "Plans": [
                                                            {
                                                              "Node Type": "Seq Scan",
                                                              "Parent Relationship": "Outer",
                                                              "Parallel Aware": true,
                                                              "Async Capable": false,
                                                              "Relation Name": "web_returns",
                                                              "Alias": "web_returns",
                                                              "Startup Cost": 0.0,
                                                              "Total Cost": 16278.74,
                                                              "Plan Rows": 299674,
                                                              "Plan Width": 20,
                                                              "parent": 59,
                                                              "ID": 60
                                                            }
                                                          ],
                                                          "parent": 54,
                                                          "ID": 59,
                                                          "left": 60
                                                        }
                                                      ],
                                                      "parent": 53,
                                                      "ID": 54,
                                                      "left": 55,
                                                      "right": 59
                                                    },
                                                    {
                                                      "Node Type": "Hash",
                                                      "Parent Relationship": "Inner",
                                                      "Parallel Aware": true,
                                                      "Async Capable": false,
                                                      "Startup Cost": 7495.25,
                                                      "Total Cost": 7495.25,
                                                      "Plan Rows": 2442,
                                                      "Plan Width": 4,
                                                      "Plans": [
                                                        {
                                                          "Node Type": "Seq Scan",
                                                          "Parent Relationship": "Outer",
                                                          "Parallel Aware": true,
                                                          "Async Capable": false,
                                                          "Relation Name": "item",
                                                          "Alias": "item_2",
                                                          "Startup Cost": 0.0,
                                                          "Total Cost": 7495.25,
                                                          "Plan Rows": 2442,
                                                          "Plan Width": 4,
                                                          "Filter": "(i_current_price > '50'::numeric)",
                                                          "parent": 61,
                                                          "ID": 62
                                                        }
                                                      ],
                                                      "parent": 53,
                                                      "ID": 61,
                                                      "left": 62
                                                    }
                                                  ],
                                                  "parent": 52,
                                                  "ID": 53,
                                                  "left": 54,
                                                  "right": 61
                                                },
                                                {
                                                  "Node Type": "Hash",
                                                  "Parent Relationship": "Inner",
                                                  "Parallel Aware": false,
                                                  "Async Capable": false,
                                                  "Startup Cost": 19.25,
                                                  "Total Cost": 19.25,
                                                  "Plan Rows": 492,
                                                  "Plan Width": 4,
                                                  "Plans": [
                                                    {
                                                      "Node Type": "Seq Scan",
                                                      "Parent Relationship": "Outer",
                                                      "Parallel Aware": false,
                                                      "Async Capable": false,
                                                      "Relation Name": "promotion",
                                                      "Alias": "promotion_2",
                                                      "Startup Cost": 0.0,
                                                      "Total Cost": 19.25,
                                                      "Plan Rows": 492,
                                                      "Plan Width": 4,
                                                      "Filter": "(p_channel_tv = 'N'::bpchar)",
                                                      "parent": 63,
                                                      "ID": 64
                                                    }
                                                  ],
                                                  "parent": 52,
                                                  "ID": 63,
                                                  "left": 64
                                                }
                                              ],
                                              "parent": 51,
                                              "ID": 52,
                                              "left": 53,
                                              "right": 63
                                            },
                                            {
                                              "Node Type": "Hash",
                                              "Parent Relationship": "Inner",
                                              "Parallel Aware": false,
                                              "Async Capable": false,
                                              "Startup Cost": 3.42,
                                              "Total Cost": 3.42,
                                              "Plan Rows": 42,
                                              "Plan Width": 21,
                                              "Plans": [
                                                {
                                                  "Node Type": "Seq Scan",
                                                  "Parent Relationship": "Outer",
                                                  "Parallel Aware": false,
                                                  "Async Capable": false,
                                                  "Relation Name": "web_site",
                                                  "Alias": "web_site",
                                                  "Startup Cost": 0.0,
                                                  "Total Cost": 3.42,
                                                  "Plan Rows": 42,
                                                  "Plan Width": 21,
                                                  "parent": 65,
                                                  "ID": 66
                                                }
                                              ],
                                              "parent": 51,
                                              "ID": 65,
                                              "left": 66
                                            }
                                          ],
                                          "parent": 50,
                                          "ID": 51,
                                          "left": 52,
                                          "right": 65
                                        }
                                      ],
                                      "parent": 49,
                                      "ID": 50,
                                      "left": 51
                                    }
                                  ],
                                  "parent": 48,
                                  "ID": 49,
                                  "left": 50
                                }
                              ],
                              "parent": 47,
                              "ID": 48,
                              "left": 49
                            }
                          ],
                          "parent": 46,
                          "ID": 47,
                          "left": 48
                        }
                      ],
                      "parent": 3,
                      "ID": 46,
                      "left": 47
                    }
                  ],
                  "parent": 2,
                  "ID": 3,
                  "left": 4,
                  "right": 25
                }
              ],
              "parent": 1,
              "ID": 2,
              "left": 3
            }
          ],
          "parent": 0,
          "ID": 1,
          "left": 2
        }
      ],
      "parent": null,
      "ID": 0,
      "left": 1
    },
    "feat": {
      "utility": 2.180803092544919e-06,
      "query_shape": [
        [
          "Seq Scan",
          "Hash Join",
          "Sort",
          "Aggregate",
          "Gather Merge",
          "Subquery Scan",
          "Append"
        ],
        [
          "Seq Scan",
          "Hash",
          "Hash Join",
          "Sort",
          "Aggregate",
          "Gather Merge",
          "Subquery Scan",
          "Append"
        ],
        [
          "Seq Scan",
          "Hash",
          "Hash Join",
          "Sort",
          "Aggregate",
          "Gather Merge",
          "Subquery Scan",
          "Append"
        ],
        [
          "Seq Scan",
          "Hash",
          "Hash Join",
          "Sort",
          "Aggregate",
          "Gather Merge",
          "Subquery Scan",
          "Append"
        ],
        [
          "Seq Scan",
          "Hash",
          "Hash Join",
          "Sort",
          "Aggregate",
          "Gather Merge",
          "Subquery Scan",
          "Append"
        ],
        [
          "Seq Scan",
          "Hash",
          "Hash Join",
          "Sort",
          "Aggregate",
          "Gather Merge",
          "Subquery Scan",
          "Append"
        ],
        [
          "Seq Scan",
          "Hash Join",
          "Sort",
          "Aggregate",
          "Gather Merge",
          "Subquery Scan",
          "Append"
        ],
        [
          "Seq Scan",
          "Hash",
          "Hash Join",
          "Sort",
          "Aggregate",
          "Gather Merge",
          "Subquery Scan",
          "Append"
        ],
        [
          "Seq Scan",
          "Hash",
          "Hash Join",
          "Sort",
          "Aggregate",
          "Gather Merge",
          "Subquery Scan",
          "Append"
        ],
        [
          "Seq Scan",
          "Hash",
          "Hash Join",
          "Sort",
          "Aggregate",
          "Gather Merge",
          "Subquery Scan",
          "Append"
        ],
        [
          "Seq Scan",
          "Hash",
          "Hash Join",
          "Sort",
          "Aggregate",
          "Gather Merge",
          "Subquery Scan",
          "Append"
        ],
        [
          "Seq Scan",
          "Hash",
          "Hash Join",
          "Sort",
          "Aggregate",
          "Gather Merge",
          "Subquery Scan",
          "Append"
        ],
        [
          "Seq Scan",
          "Hash Join",
          "Sort",
          "Aggregate",
          "Gather Merge",
          "Subquery Scan",
          "Append"
        ],
        [
          "Seq Scan",
          "Hash",
          "Hash Join",
          "Sort",
          "Aggregate",
          "Gather Merge",
          "Subquery Scan",
          "Append"
        ],
        [
          "Seq Scan",
          "Hash",
          "Hash Join",
          "Sort",
          "Aggregate",
          "Gather Merge",
          "Subquery Scan",
          "Append"
        ],
        [
          "Seq Scan",
          "Hash",
          "Hash Join",
          "Sort",
          "Aggregate",
          "Gather Merge",
          "Subquery Scan",
          "Append"
        ],
        [
          "Seq Scan",
          "Hash",
          "Hash Join",
          "Sort",
          "Aggregate",
          "Gather Merge",
          "Subquery Scan",
          "Append"
        ],
        [
          "Seq Scan",
          "Hash",
          "Hash Join",
          "Sort",
          "Aggregate",
          "Gather Merge",
          "Subquery Scan",
          "Append"
        ]
      ],
      "index_shape": [
        "join"
      ],
      "physical_operator": {
        "Hash Join": [
          0.0009135700778115242
        ]
      }
    }
  },
  {
    "query": "with ssr as\n (select  s_store_id as store_id,\n          sum(ss_ext_sales_price) as sales,\n          sum(coalesce(sr_return_amt, 0)) as returns,\n          sum(ss_net_profit - coalesce(sr_net_loss, 0)) as profit\n  from store_sales left outer join store_returns on\n         (ss_item_sk = sr_item_sk and ss_ticket_number = sr_ticket_number),\n     date_dim,\n     store,\n     item,\n     promotion\n where ss_sold_date_sk = d_date_sk\n       and d_date between cast('2000-08-25' as date) \n                  and (cast('2000-08-25' as date) +  interval '30 days')\n       and ss_store_sk = s_store_sk\n       and ss_item_sk = i_item_sk\n       and i_current_price > 50\n       and ss_promo_sk = p_promo_sk\n       and p_channel_tv = 'N'\n group by s_store_id)\n ,\n csr as\n (select  cp_catalog_page_id as catalog_page_id,\n          sum(cs_ext_sales_price) as sales,\n          sum(coalesce(cr_return_amount, 0)) as returns,\n          sum(cs_net_profit - coalesce(cr_net_loss, 0)) as profit\n  from catalog_sales left outer join catalog_returns on\n         (cs_item_sk = cr_item_sk and cs_order_number = cr_order_number),\n     date_dim,\n     catalog_page,\n     item,\n     promotion\n where cs_sold_date_sk = d_date_sk\n       and d_date between cast('2000-08-25' as date)\n                  and (cast('2000-08-25' as date) +  interval '30 days')\n        and cs_catalog_page_sk = cp_catalog_page_sk\n       and cs_item_sk = i_item_sk\n       and i_current_price > 50\n       and cs_promo_sk = p_promo_sk\n       and p_channel_tv = 'N'\ngroup by cp_catalog_page_id)\n ,\n wsr as\n (select  web_site_id,\n          sum(ws_ext_sales_price) as sales,\n          sum(coalesce(wr_return_amt, 0)) as returns,\n          sum(ws_net_profit - coalesce(wr_net_loss, 0)) as profit\n  from web_sales left outer join web_returns on\n         (ws_item_sk = wr_item_sk and ws_order_number = wr_order_number),\n     date_dim,\n     web_site,\n     item,\n     promotion\n where ws_sold_date_sk = d_date_sk\n       and d_date between cast('2000-08-25' as date)\n                  and (cast('2000-08-25' as date) +  interval '30 days')\n        and ws_web_site_sk = web_site_sk\n       and ws_item_sk = i_item_sk\n       and i_current_price > 50\n       and ws_promo_sk = p_promo_sk\n       and p_channel_tv = 'N'\ngroup by web_site_id)\n  select  channel\n        , id\n        , sum(sales) as sales\n        , sum(returns) as returns\n        , sum(profit) as profit\n from \n (select 'store channel' as channel\n        , 'store' || store_id as id\n        , sales\n        , returns\n        , profit\n from   ssr\n union all\n select 'catalog channel' as channel\n        , 'catalog_page' || catalog_page_id as id\n        , sales\n        , returns\n        , profit\n from  csr\n union all\n select 'web channel' as channel\n        , 'web_site' || web_site_id as id\n        , sales\n        , returns\n        , profit\n from   wsr\n ) x\n group by rollup (channel, id)\n order by channel\n         ,id\n limit 100;\n\n-- end query 61 in stream 1 using template query80.tpl\n",
    "indexes": "store_sales.ss_ext_sales_price",
    "wo plan est": {
      "Node Type": "Limit",
      "Parallel Aware": false,
      "Async Capable": false,
      "Startup Cost": 1566793.64,
      "Total Cost": 1566796.93,
      "Plan Rows": 100,
      "Plan Width": 160,
      "Plans": [
        {
          "Node Type": "Aggregate",
          "Strategy": "Sorted",
          "Partial Mode": "Simple",
          "Parent Relationship": "Outer",
          "Parallel Aware": false,
          "Async Capable": false,
          "Startup Cost": 1566793.64,
          "Total Cost": 1566806.84,
          "Plan Rows": 401,
          "Plan Width": 160,
          "Grouping Sets": [
            {
              "Group Keys": [
                [
                  "('store channel'::text)",
                  "(('store'::text || (ssr.store_id)::text))"
                ],
                [
                  "('store channel'::text)"
                ],
                []
              ]
            }
          ],
          "Plans": [
            {
              "Node Type": "Sort",
              "Parent Relationship": "Outer",
              "Parallel Aware": false,
              "Async Capable": false,
              "Startup Cost": 1566793.64,
              "Total Cost": 1566794.67,
              "Plan Rows": 412,
              "Plan Width": 160,
              "Sort Key": [
                "('store channel'::text)",
                "(('store'::text || (ssr.store_id)::text))"
              ],
              "Plans": [
                {
                  "Node Type": "Append",
                  "Parent Relationship": "Outer",
                  "Parallel Aware": false,
                  "Async Capable": false,
                  "Startup Cost": 784596.3,
                  "Total Cost": 1566775.74,
                  "Plan Rows": 412,
                  "Plan Width": 160,
                  "Subplans Removed": 0,
                  "Plans": [
                    {
                      "Node Type": "Subquery Scan",
                      "Parent Relationship": "Member",
                      "Parallel Aware": false,
                      "Async Capable": false,
                      "Alias": "ssr",
                      "Startup Cost": 784596.3,
                      "Total Cost": 784616.16,
                      "Plan Rows": 51,
                      "Plan Width": 160,
                      "Plans": [
                        {
                          "Node Type": "Aggregate",
                          "Strategy": "Sorted",
                          "Partial Mode": "Finalize",
                          "Parent Relationship": "Subquery",
                          "Parallel Aware": false,
                          "Async Capable": false,
                          "Startup Cost": 784596.3,
                          "Total Cost": 784615.39,
                          "Plan Rows": 51,
                          "Plan Width": 113,
                          "Group Key": [
                            "store.s_store_id"
                          ],
                          "Plans": [
                            {
                              "Node Type": "Gather Merge",
                              "Parent Relationship": "Outer",
                              "Parallel Aware": false,
                              "Async Capable": false,
                              "Startup Cost": 784596.3,
                              "Total Cost": 784612.71,
                              "Plan Rows": 102,
                              "Plan Width": 113,
                              "Workers Planned": 2,
                              "Plans": [
                                {
                                  "Node Type": "Aggregate",
                                  "Strategy": "Sorted",
                                  "Partial Mode": "Partial",
                                  "Parent Relationship": "Outer",
                                  "Parallel Aware": false,
                                  "Async Capable": false,
                                  "Startup Cost": 783596.27,
                                  "Total Cost": 783600.92,
                                  "Plan Rows": 51,
                                  "Plan Width": 113,
                                  "Group Key": [
                                    "store.s_store_id"
                                  ],
                                  "Plans": [
                                    {
                                      "Node Type": "Sort",
                                      "Parent Relationship": "Outer",
                                      "Parallel Aware": false,
                                      "Async Capable": false,
                                      "Startup Cost": 783596.27,
                                      "Total Cost": 783596.9,
                                      "Plan Rows": 250,
                                      "Plan Width": 41,
                                      "Sort Key": [
                                        "store.s_store_id"
                                      ],
                                      "Plans": [
                                        {
                                          "Node Type": "Hash Join",
                                          "Parent Relationship": "Outer",
                                          "Parallel Aware": false,
                                          "Async Capable": false,
                                          "Join Type": "Inner",
                                          "Startup Cost": 94489.35,
                                          "Total Cost": 783586.32,
                                          "Plan Rows": 250,
                                          "Plan Width": 41,
                                          "Inner Unique": false,
                                          "Hash Cond": "(store_sales.ss_store_sk = store.s_store_sk)",
                                          "Plans": [
                                            {
                                              "Node Type": "Hash Join",
                                              "Parent Relationship": "Outer",
                                              "Parallel Aware": false,
                                              "Async Capable": false,
                                              "Join Type": "Inner",
                                              "Startup Cost": 94482.05,
                                              "Total Cost": 783575.54,
                                              "Plan Rows": 262,
                                              "Plan Width": 28,
                                              "Inner Unique": false,
                                              "Hash Cond": "(store_sales.ss_promo_sk = promotion.p_promo_sk)",
                                              "Plans": [
                                                {
                                                  "Node Type": "Hash Join",
                                                  "Parent Relationship": "Outer",
                                                  "Parallel Aware": true,
                                                  "Async Capable": false,
                                                  "Join Type": "Inner",
                                                  "Startup Cost": 94456.65,
                                                  "Total Cost": 783546.47,
                                                  "Plan Rows": 279,
                                                  "Plan Width": 32,
                                                  "Inner Unique": false,
                                                  "Hash Cond": "(store_sales.ss_item_sk = item.i_item_sk)",
                                                  "Plans": [
                                                    {
                                                      "Node Type": "Hash Join",
                                                      "Parent Relationship": "Outer",
                                                      "Parallel Aware": true,
                                                      "Async Capable": false,
                                                      "Join Type": "Left",
                                                      "Startup Cost": 86930.88,
                                                      "Total Cost": 776001.31,
                                                      "Plan Rows": 4860,
                                                      "Plan Width": 36,
                                                      "Inner Unique": false,
                                                      "Hash Cond": "((store_sales.ss_item_sk = store_returns.sr_item_sk) AND (store_sales.ss_ticket_number = store_returns.sr_ticket_number))",
                                                      "Plans": [
                                                        {
                                                          "Node Type": "Hash Join",
                                                          "Parent Relationship": "Outer",
                                                          "Parallel Aware": true,
                                                          "Async Capable": false,
                                                          "Join Type": "Inner",
                                                          "Startup Cost": 2049.78,
                                                          "Total Cost": 683994.75,
                                                          "Plan Rows": 4860,
                                                          "Plan Width": 28,
                                                          "Inner Unique": false,
                                                          "Hash Cond": "(store_sales.ss_sold_date_sk = date_dim.d_date_sk)",
                                                          "Plans": [
                                                            {
                                                              "Node Type": "Seq Scan",
                                                              "Parent Relationship": "Outer",
                                                              "Parallel Aware": true,
                                                              "Async Capable": false,
                                                              "Relation Name": "store_sales",
                                                              "Alias": "store_sales",
                                                              "Startup Cost": 0.0,
                                                              "Total Cost": 636914.37,
                                                              "Plan Rows": 12000637,
                                                              "Plan Width": 32,
                                                              "parent": 13,
                                                              "ID": 14
                                                            },
                                                            {
                                                              "Node Type": "Hash",
                                                              "Parent Relationship": "Inner",
                                                              "Parallel Aware": true,
                                                              "Async Capable": false,
                                                              "Startup Cost": 2049.55,
                                                              "Total Cost": 2049.55,
                                                              "Plan Rows": 18,
                                                              "Plan Width": 4,
                                                              "Plans": [
                                                                {
                                                                  "Node Type": "Seq Scan",
                                                                  "Parent Relationship": "Outer",
                                                                  "Parallel Aware": true,
                                                                  "Async Capable": false,
                                                                  "Relation Name": "date_dim",
                                                                  "Alias": "date_dim",
                                                                  "Startup Cost": 0.0,
                                                                  "Total Cost": 2049.55,
                                                                  "Plan Rows": 18,
                                                                  "Plan Width": 4,
                                                                  "Filter": "((d_date >= '2000-08-25'::date) AND (d_date <= '2000-09-24 00:00:00'::timestamp without time zone))",
                                                                  "parent": 15,
                                                                  "ID": 16
                                                                }
                                                              ],
                                                              "parent": 13,
                                                              "ID": 15,
                                                              "left": 16
                                                            }
                                                          ],
                                                          "parent": 12,
                                                          "ID": 13,
                                                          "left": 14,
                                                          "right": 15
                                                        },
                                                        {
                                                          "Node Type": "Hash",
                                                          "Parent Relationship": "Inner",
                                                          "Parallel Aware": true,
                                                          "Async Capable": false,
                                                          "Startup Cost": 59887.64,
                                                          "Total Cost": 59887.64,
                                                          "Plan Rows": 1198164,
                                                          "Plan Width": 20,
                                                          "Plans": [
                                                            {
                                                              "Node Type": "Seq Scan",
                                                              "Parent Relationship": "Outer",
                                                              "Parallel Aware": true,
                                                              "Async Capable": false,
                                                              "Relation Name": "store_returns",
                                                              "Alias": "store_returns",
                                                              "Startup Cost": 0.0,
                                                              "Total Cost": 59887.64,
                                                              "Plan Rows": 1198164,
                                                              "Plan Width": 20,
                                                              "parent": 17,
                                                              "ID": 18
                                                            }
                                                          ],
                                                          "parent": 12,
                                                          "ID": 17,
                                                          "left": 18
                                                        }
                                                      ],
                                                      "parent": 11,
                                                      "ID": 12,
                                                      "left": 13,
                                                      "right": 17
                                                    },
                                                    {
                                                      "Node Type": "Hash",
                                                      "Parent Relationship": "Inner",
                                                      "Parallel Aware": true,
                                                      "Async Capable": false,
                                                      "Startup Cost": 7495.25,
                                                      "Total Cost": 7495.25,
                                                      "Plan Rows": 2442,
                                                      "Plan Width": 4,
                                                      "Plans": [
                                                        {
                                                          "Node Type": "Seq Scan",
                                                          "Parent Relationship": "Outer",
                                                          "Parallel Aware": true,
                                                          "Async Capable": false,
                                                          "Relation Name": "item",
                                                          "Alias": "item",
                                                          "Startup Cost": 0.0,
                                                          "Total Cost": 7495.25,
                                                          "Plan Rows": 2442,
                                                          "Plan Width": 4,
                                                          "Filter": "(i_current_price > '50'::numeric)",
                                                          "parent": 19,
                                                          "ID": 20
                                                        }
                                                      ],
                                                      "parent": 11,
                                                      "ID": 19,
                                                      "left": 20
                                                    }
                                                  ],
                                                  "parent": 10,
                                                  "ID": 11,
                                                  "left": 12,
                                                  "right": 19
                                                },
                                                {
                                                  "Node Type": "Hash",
                                                  "Parent Relationship": "Inner",
                                                  "Parallel Aware": false,
                                                  "Async Capable": false,
                                                  "Startup Cost": 19.25,
                                                  "Total Cost": 19.25,
                                                  "Plan Rows": 492,
                                                  "Plan Width": 4,
                                                  "Plans": [
                                                    {
                                                      "Node Type": "Seq Scan",
                                                      "Parent Relationship": "Outer",
                                                      "Parallel Aware": false,
                                                      "Async Capable": false,
                                                      "Relation Name": "promotion",
                                                      "Alias": "promotion",
                                                      "Startup Cost": 0.0,
                                                      "Total Cost": 19.25,
                                                      "Plan Rows": 492,
                                                      "Plan Width": 4,
                                                      "Filter": "(p_channel_tv = 'N'::bpchar)",
                                                      "parent": 21,
                                                      "ID": 22
                                                    }
                                                  ],
                                                  "parent": 10,
                                                  "ID": 21,
                                                  "left": 22
                                                }
                                              ],
                                              "parent": 9,
                                              "ID": 10,
                                              "left": 11,
                                              "right": 21
                                            },
                                            {
                                              "Node Type": "Hash",
                                              "Parent Relationship": "Inner",
                                              "Parallel Aware": false,
                                              "Async Capable": false,
                                              "Startup Cost": 6.02,
                                              "Total Cost": 6.02,
                                              "Plan Rows": 102,
                                              "Plan Width": 21,
                                              "Plans": [
                                                {
                                                  "Node Type": "Seq Scan",
                                                  "Parent Relationship": "Outer",
                                                  "Parallel Aware": false,
                                                  "Async Capable": false,
                                                  "Relation Name": "store",
                                                  "Alias": "store",
                                                  "Startup Cost": 0.0,
                                                  "Total Cost": 6.02,
                                                  "Plan Rows": 102,
                                                  "Plan Width": 21,
                                                  "parent": 23,
                                                  "ID": 24
                                                }
                                              ],
                                              "parent": 9,
                                              "ID": 23,
                                              "left": 24
                                            }
                                          ],
                                          "parent": 8,
                                          "ID": 9,
                                          "left": 10,
                                          "right": 23
                                        }
                                      ],
                                      "parent": 7,
                                      "ID": 8,
                                      "left": 9
                                    }
                                  ],
                                  "parent": 6,
                                  "ID": 7,
                                  "left": 8
                                }
                              ],
                              "parent": 5,
                              "ID": 6,
                              "left": 7
                            }
                          ],
                          "parent": 4,
                          "ID": 5,
                          "left": 6
                        }
                      ],
                      "parent": 3,
                      "ID": 4,
                      "left": 5
                    },
                    {
                      "Node Type": "Subquery Scan",
                      "Parent Relationship": "Member",
                      "Parallel Aware": false,
                      "Async Capable": false,
                      "Alias": "csr",
                      "Startup Cost": 518177.36,
                      "Total Cost": 518230.78,
                      "Plan Rows": 340,
                      "Plan Width": 160,
                      "Plans": [
                        {
                          "Node Type": "Aggregate",
                          "Strategy": "Sorted",
                          "Partial Mode": "Finalize",
                          "Parent Relationship": "Subquery",
                          "Parallel Aware": false,
                          "Async Capable": false,
                          "Startup Cost": 518177.36,
                          "Total Cost": 518225.68,
                          "Plan Rows": 340,
                          "Plan Width": 113,
                          "Group Key": [
                            "catalog_page.cp_catalog_page_id"
                          ],
                          "Plans": [
                            {
                              "Node Type": "Gather Merge",
                              "Parent Relationship": "Outer",
                              "Parallel Aware": false,
                              "Async Capable": false,
                              "Startup Cost": 518177.36,
                              "Total Cost": 518214.76,
                              "Plan Rows": 284,
                              "Plan Width": 113,
                              "Workers Planned": 2,
                              "Plans": [
                                {
                                  "Node Type": "Aggregate",
                                  "Strategy": "Sorted",
                                  "Partial Mode": "Partial",
                                  "Parent Relationship": "Outer",
                                  "Parallel Aware": false,
                                  "Async Capable": false,
                                  "Startup Cost": 517177.34,
                                  "Total Cost": 517181.95,
                                  "Plan Rows": 142,
                                  "Plan Width": 113,
                                  "Group Key": [
                                    "catalog_page.cp_catalog_page_id"
                                  ],
                                  "Plans": [
                                    {
                                      "Node Type": "Sort",
                                      "Parent Relationship": "Outer",
                                      "Parallel Aware": false,
                                      "Async Capable": false,
                                      "Startup Cost": 517177.34,
                                      "Total Cost": 517177.69,
                                      "Plan Rows": 142,
                                      "Plan Width": 41,
                                      "Sort Key": [
                                        "catalog_page.cp_catalog_page_id"
                                      ],
                                      "Plans": [
                                        {
                                          "Node Type": "Hash Join",
                                          "Parent Relationship": "Outer",
                                          "Parallel Aware": false,
                                          "Async Capable": false,
                                          "Join Type": "Inner",
                                          "Startup Cost": 57382.33,
                                          "Total Cost": 517172.26,
                                          "Plan Rows": 142,
                                          "Plan Width": 41,
                                          "Inner Unique": false,
                                          "Hash Cond": "(catalog_sales.cs_catalog_page_sk = catalog_page.cp_catalog_page_sk)",
                                          "Plans": [
                                            {
                                              "Node Type": "Hash Join",
                                              "Parent Relationship": "Outer",
                                              "Parallel Aware": false,
                                              "Async Capable": false,
                                              "Join Type": "Inner",
                                              "Startup Cost": 56864.33,
                                              "Total Cost": 516652.32,
                                              "Plan Rows": 142,
                                              "Plan Width": 28,
                                              "Inner Unique": false,
                                              "Hash Cond": "(catalog_sales.cs_promo_sk = promotion_1.p_promo_sk)",
                                              "Plans": [
                                                {
                                                  "Node Type": "Hash Join",
                                                  "Parent Relationship": "Outer",
                                                  "Parallel Aware": true,
                                                  "Async Capable": false,
                                                  "Join Type": "Inner",
                                                  "Startup Cost": 56838.93,
                                                  "Total Cost": 516624.96,
                                                  "Plan Rows": 145,
                                                  "Plan Width": 32,
                                                  "Inner Unique": false,
                                                  "Hash Cond": "(catalog_sales.cs_item_sk = item_1.i_item_sk)",
                                                  "Plans": [
                                                    {
                                                      "Node Type": "Hash Join",
                                                      "Parent Relationship": "Outer",
                                                      "Parallel Aware": true,
                                                      "Async Capable": false,
                                                      "Join Type": "Left",
                                                      "Startup Cost": 49313.15,
                                                      "Total Cost": 509089.08,
                                                      "Plan Rows": 2532,
                                                      "Plan Width": 36,
                                                      "Inner Unique": false,
                                                      "Hash Cond": "((catalog_sales.cs_item_sk = catalog_returns.cr_item_sk) AND (catalog_sales.cs_order_number = catalog_returns.cr_order_number))",
                                                      "Plans": [
                                                        {
                                                          "Node Type": "Hash Join",
                                                          "Parent Relationship": "Outer",
                                                          "Parallel Aware": true,
                                                          "Async Capable": false,
                                                          "Join Type": "Inner",
                                                          "Startup Cost": 2049.78,
                                                          "Total Cost": 458254.7,
                                                          "Plan Rows": 2532,
                                                          "Plan Width": 28,
                                                          "Inner Unique": false,
                                                          "Hash Cond": "(catalog_sales.cs_sold_date_sk = date_dim_1.d_date_sk)",
                                                          "Plans": [
                                                            {
                                                              "Node Type": "Seq Scan",
                                                              "Parent Relationship": "Outer",
                                                              "Parallel Aware": true,
                                                              "Async Capable": false,
                                                              "Relation Name": "catalog_sales",
                                                              "Alias": "catalog_sales",
                                                              "Startup Cost": 0.0,
                                                              "Total Cost": 433688.25,
                                                              "Plan Rows": 6000525,
                                                              "Plan Width": 32,
                                                              "parent": 34,
                                                              "ID": 35
                                                            },
                                                            {
                                                              "Node Type": "Hash",
                                                              "Parent Relationship": "Inner",
                                                              "Parallel Aware": true,
                                                              "Async Capable": false,
                                                              "Startup Cost": 2049.55,
                                                              "Total Cost": 2049.55,
                                                              "Plan Rows": 18,
                                                              "Plan Width": 4,
                                                              "Plans": [
                                                                {
                                                                  "Node Type": "Seq Scan",
                                                                  "Parent Relationship": "Outer",
                                                                  "Parallel Aware": true,
                                                                  "Async Capable": false,
                                                                  "Relation Name": "date_dim",
                                                                  "Alias": "date_dim_1",
                                                                  "Startup Cost": 0.0,
                                                                  "Total Cost": 2049.55,
                                                                  "Plan Rows": 18,
                                                                  "Plan Width": 4,
                                                                  "Filter": "((d_date >= '2000-08-25'::date) AND (d_date <= '2000-09-24 00:00:00'::timestamp without time zone))",
                                                                  "parent": 36,
                                                                  "ID": 37
                                                                }
                                                              ],
                                                              "parent": 34,
                                                              "ID": 36,
                                                              "left": 37
                                                            }
                                                          ],
                                                          "parent": 33,
                                                          "ID": 34,
                                                          "left": 35,
                                                          "right": 36
                                                        },
                                                        {
                                                          "Node Type": "Hash",
                                                          "Parent Relationship": "Inner",
                                                          "Parallel Aware": true,
                                                          "Async Capable": false,
                                                          "Startup Cost": 34748.95,
                                                          "Total Cost": 34748.95,
                                                          "Plan Rows": 599895,
                                                          "Plan Width": 20,
                                                          "Plans": [
                                                            {
                                                              "Node Type": "Seq Scan",
                                                              "Parent Relationship": "Outer",
                                                              "Parallel Aware": true,
                                                              "Async Capable": false,
                                                              "Relation Name": "catalog_returns",
                                                              "Alias": "catalog_returns",
                                                              "Startup Cost": 0.0,
                                                              "Total Cost": 34748.95,
                                                              "Plan Rows": 599895,
                                                              "Plan Width": 20,
                                                              "parent": 38,
                                                              "ID": 39
                                                            }
                                                          ],
                                                          "parent": 33,
                                                          "ID": 38,
                                                          "left": 39
                                                        }
                                                      ],
                                                      "parent": 32,
                                                      "ID": 33,
                                                      "left": 34,
                                                      "right": 38
                                                    },
                                                    {
                                                      "Node Type": "Hash",
                                                      "Parent Relationship": "Inner",
                                                      "Parallel Aware": true,
                                                      "Async Capable": false,
                                                      "Startup Cost": 7495.25,
                                                      "Total Cost": 7495.25,
                                                      "Plan Rows": 2442,
                                                      "Plan Width": 4,
                                                      "Plans": [
                                                        {
                                                          "Node Type": "Seq Scan",
                                                          "Parent Relationship": "Outer",
                                                          "Parallel Aware": true,
                                                          "Async Capable": false,
                                                          "Relation Name": "item",
                                                          "Alias": "item_1",
                                                          "Startup Cost": 0.0,
                                                          "Total Cost": 7495.25,
                                                          "Plan Rows": 2442,
                                                          "Plan Width": 4,
                                                          "Filter": "(i_current_price > '50'::numeric)",
                                                          "parent": 40,
                                                          "ID": 41
                                                        }
                                                      ],
                                                      "parent": 32,
                                                      "ID": 40,
                                                      "left": 41
                                                    }
                                                  ],
                                                  "parent": 31,
                                                  "ID": 32,
                                                  "left": 33,
                                                  "right": 40
                                                },
                                                {
                                                  "Node Type": "Hash",
                                                  "Parent Relationship": "Inner",
                                                  "Parallel Aware": false,
                                                  "Async Capable": false,
                                                  "Startup Cost": 19.25,
                                                  "Total Cost": 19.25,
                                                  "Plan Rows": 492,
                                                  "Plan Width": 4,
                                                  "Plans": [
                                                    {
                                                      "Node Type": "Seq Scan",
                                                      "Parent Relationship": "Outer",
                                                      "Parallel Aware": false,
                                                      "Async Capable": false,
                                                      "Relation Name": "promotion",
                                                      "Alias": "promotion_1",
                                                      "Startup Cost": 0.0,
                                                      "Total Cost": 19.25,
                                                      "Plan Rows": 492,
                                                      "Plan Width": 4,
                                                      "Filter": "(p_channel_tv = 'N'::bpchar)",
                                                      "parent": 42,
                                                      "ID": 43
                                                    }
                                                  ],
                                                  "parent": 31,
                                                  "ID": 42,
                                                  "left": 43
                                                }
                                              ],
                                              "parent": 30,
                                              "ID": 31,
                                              "left": 32,
                                              "right": 42
                                            },
                                            {
                                              "Node Type": "Hash",
                                              "Parent Relationship": "Inner",
                                              "Parallel Aware": false,
                                              "Async Capable": false,
                                              "Startup Cost": 368.0,
                                              "Total Cost": 368.0,
                                              "Plan Rows": 12000,
                                              "Plan Width": 21,
                                              "Plans": [
                                                {
                                                  "Node Type": "Seq Scan",
                                                  "Parent Relationship": "Outer",
                                                  "Parallel Aware": false,
                                                  "Async Capable": false,
                                                  "Relation Name": "catalog_page",
                                                  "Alias": "catalog_page",
                                                  "Startup Cost": 0.0,
                                                  "Total Cost": 368.0,
                                                  "Plan Rows": 12000,
                                                  "Plan Width": 21,
                                                  "parent": 44,
                                                  "ID": 45
                                                }
                                              ],
                                              "parent": 30,
                                              "ID": 44,
                                              "left": 45
                                            }
                                          ],
                                          "parent": 29,
                                          "ID": 30,
                                          "left": 31,
                                          "right": 44
                                        }
                                      ],
                                      "parent": 28,
                                      "ID": 29,
                                      "left": 30
                                    }
                                  ],
                                  "parent": 27,
                                  "ID": 28,
                                  "left": 29
                                }
                              ],
                              "parent": 26,
                              "ID": 27,
                              "left": 28
                            }
                          ],
                          "parent": 25,
                          "ID": 26,
                          "left": 27
                        }
                      ],
                      "parent": 3,
                      "ID": 25,
                      "left": 26
                    },
                    {
                      "Node Type": "Subquery Scan",
                      "Parent Relationship": "Member",
                      "Parallel Aware": false,
                      "Async Capable": false,
                      "Alias": "wsr",
                      "Startup Cost": 263919.04,
                      "Total Cost": 263926.75,
                      "Plan Rows": 21,
                      "Plan Width": 160,
                      "Plans": [
                        {
                          "Node Type": "Aggregate",
                          "Strategy": "Sorted",
                          "Partial Mode": "Finalize",
                          "Parent Relationship": "Subquery",
                          "Parallel Aware": false,
                          "Async Capable": false,
                          "Startup Cost": 263919.04,
                          "Total Cost": 263926.43,
                          "Plan Rows": 21,
                          "Plan Width": 113,
                          "Group Key": [
                            "web_site.web_site_id"
                          ],
                          "Plans": [
                            {
                              "Node Type": "Gather Merge",
                              "Parent Relationship": "Outer",
                              "Parallel Aware": false,
                              "Async Capable": false,
                              "Startup Cost": 263919.04,
                              "Total Cost": 263925.33,
                              "Plan Rows": 42,
                              "Plan Width": 113,
                              "Workers Planned": 2,
                              "Plans": [
                                {
                                  "Node Type": "Aggregate",
                                  "Strategy": "Sorted",
                                  "Partial Mode": "Partial",
                                  "Parent Relationship": "Outer",
                                  "Parallel Aware": false,
                                  "Async Capable": false,
                                  "Startup Cost": 262919.01,
                                  "Total Cost": 262920.46,
                                  "Plan Rows": 21,
                                  "Plan Width": 113,
                                  "Group Key": [
                                    "web_site.web_site_id"
                                  ],
                                  "Plans": [
                                    {
                                      "Node Type": "Sort",
                                      "Parent Relationship": "Outer",
                                      "Parallel Aware": false,
                                      "Async Capable": false,
                                      "Startup Cost": 262919.01,
                                      "Total Cost": 262919.19,
                                      "Plan Rows": 72,
                                      "Plan Width": 41,
                                      "Sort Key": [
                                        "web_site.web_site_id"
                                      ],
                                      "Plans": [
                                        {
                                          "Node Type": "Hash Join",
                                          "Parent Relationship": "Outer",
                                          "Parallel Aware": false,
                                          "Async Capable": false,
                                          "Join Type": "Inner",
                                          "Startup Cost": 32134.74,
                                          "Total Cost": 262916.79,
                                          "Plan Rows": 72,
                                          "Plan Width": 41,
                                          "Inner Unique": false,
                                          "Hash Cond": "(web_sales.ws_web_site_sk = web_site.web_site_sk)",
                                          "Plans": [
                                            {
                                              "Node Type": "Hash Join",
                                              "Parent Relationship": "Outer",
                                              "Parallel Aware": false,
                                              "Async Capable": false,
                                              "Join Type": "Inner",
                                              "Startup Cost": 32130.8,
                                              "Total Cost": 262911.86,
                                              "Plan Rows": 72,
                                              "Plan Width": 28,
                                              "Inner Unique": false,
                                              "Hash Cond": "(web_sales.ws_promo_sk = promotion_2.p_promo_sk)",
                                              "Plans": [
                                                {
                                                  "Node Type": "Hash Join",
                                                  "Parent Relationship": "Outer",
                                                  "Parallel Aware": true,
                                                  "Async Capable": false,
                                                  "Join Type": "Inner",
                                                  "Startup Cost": 32105.4,
                                                  "Total Cost": 262885.46,
                                                  "Plan Rows": 73,
                                                  "Plan Width": 32,
                                                  "Inner Unique": false,
                                                  "Hash Cond": "(web_sales.ws_item_sk = item_2.i_item_sk)",
                                                  "Plans": [
                                                    {
                                                      "Node Type": "Hash Join",
                                                      "Parent Relationship": "Outer",
                                                      "Parallel Aware": true,
                                                      "Async Capable": false,
                                                      "Join Type": "Left",
                                                      "Startup Cost": 24579.62,
                                                      "Total Cost": 255354.62,
                                                      "Plan Rows": 1272,
                                                      "Plan Width": 36,
                                                      "Inner Unique": false,
                                                      "Hash Cond": "((web_sales.ws_item_sk = web_returns.wr_item_sk) AND (web_sales.ws_order_number = web_returns.wr_order_number))",
                                                      "Plans": [
                                                        {
                                                          "Node Type": "Hash Join",
                                                          "Parent Relationship": "Outer",
                                                          "Parallel Aware": true,
                                                          "Async Capable": false,
                                                          "Join Type": "Inner",
                                                          "Startup Cost": 2049.78,
                                                          "Total Cost": 231041.22,
                                                          "Plan Rows": 1272,
                                                          "Plan Width": 28,
                                                          "Inner Unique": false,
                                                          "Hash Cond": "(web_sales.ws_sold_date_sk = date_dim_2.d_date_sk)",
                                                          "Plans": [
                                                            {
                                                              "Node Type": "Seq Scan",
                                                              "Parent Relationship": "Outer",
                                                              "Parallel Aware": true,
                                                              "Async Capable": false,
                                                              "Relation Name": "web_sales",
                                                              "Alias": "web_sales",
                                                              "Startup Cost": 0.0,
                                                              "Total Cost": 217737.86,
                                                              "Plan Rows": 2998986,
                                                              "Plan Width": 32,
                                                              "parent": 55,
                                                              "ID": 56
                                                            },
                                                            {
                                                              "Node Type": "Hash",
                                                              "Parent Relationship": "Inner",
                                                              "Parallel Aware": true,
                                                              "Async Capable": false,
                                                              "Startup Cost": 2049.55,
                                                              "Total Cost": 2049.55,
                                                              "Plan Rows": 18,
                                                              "Plan Width": 4,
                                                              "Plans": [
                                                                {
                                                                  "Node Type": "Seq Scan",
                                                                  "Parent Relationship": "Outer",
                                                                  "Parallel Aware": true,
                                                                  "Async Capable": false,
                                                                  "Relation Name": "date_dim",
                                                                  "Alias": "date_dim_2",
                                                                  "Startup Cost": 0.0,
                                                                  "Total Cost": 2049.55,
                                                                  "Plan Rows": 18,
                                                                  "Plan Width": 4,
                                                                  "Filter": "((d_date >= '2000-08-25'::date) AND (d_date <= '2000-09-24 00:00:00'::timestamp without time zone))",
                                                                  "parent": 57,
                                                                  "ID": 58
                                                                }
                                                              ],
                                                              "parent": 55,
                                                              "ID": 57,
                                                              "left": 58
                                                            }
                                                          ],
                                                          "parent": 54,
                                                          "ID": 55,
                                                          "left": 56,
                                                          "right": 57
                                                        },
                                                        {
                                                          "Node Type": "Hash",
                                                          "Parent Relationship": "Inner",
                                                          "Parallel Aware": true,
                                                          "Async Capable": false,
                                                          "Startup Cost": 16278.74,
                                                          "Total Cost": 16278.74,
                                                          "Plan Rows": 299674,
                                                          "Plan Width": 20,
                                                          "Plans": [
                                                            {
                                                              "Node Type": "Seq Scan",
                                                              "Parent Relationship": "Outer",
                                                              "Parallel Aware": true,
                                                              "Async Capable": false,
                                                              "Relation Name": "web_returns",
                                                              "Alias": "web_returns",
                                                              "Startup Cost": 0.0,
                                                              "Total Cost": 16278.74,
                                                              "Plan Rows": 299674,
                                                              "Plan Width": 20,
                                                              "parent": 59,
                                                              "ID": 60
                                                            }
                                                          ],
                                                          "parent": 54,
                                                          "ID": 59,
                                                          "left": 60
                                                        }
                                                      ],
                                                      "parent": 53,
                                                      "ID": 54,
                                                      "left": 55,
                                                      "right": 59
                                                    },
                                                    {
                                                      "Node Type": "Hash",
                                                      "Parent Relationship": "Inner",
                                                      "Parallel Aware": true,
                                                      "Async Capable": false,
                                                      "Startup Cost": 7495.25,
                                                      "Total Cost": 7495.25,
                                                      "Plan Rows": 2442,
                                                      "Plan Width": 4,
                                                      "Plans": [
                                                        {
                                                          "Node Type": "Seq Scan",
                                                          "Parent Relationship": "Outer",
                                                          "Parallel Aware": true,
                                                          "Async Capable": false,
                                                          "Relation Name": "item",
                                                          "Alias": "item_2",
                                                          "Startup Cost": 0.0,
                                                          "Total Cost": 7495.25,
                                                          "Plan Rows": 2442,
                                                          "Plan Width": 4,
                                                          "Filter": "(i_current_price > '50'::numeric)",
                                                          "parent": 61,
                                                          "ID": 62
                                                        }
                                                      ],
                                                      "parent": 53,
                                                      "ID": 61,
                                                      "left": 62
                                                    }
                                                  ],
                                                  "parent": 52,
                                                  "ID": 53,
                                                  "left": 54,
                                                  "right": 61
                                                },
                                                {
                                                  "Node Type": "Hash",
                                                  "Parent Relationship": "Inner",
                                                  "Parallel Aware": false,
                                                  "Async Capable": false,
                                                  "Startup Cost": 19.25,
                                                  "Total Cost": 19.25,
                                                  "Plan Rows": 492,
                                                  "Plan Width": 4,
                                                  "Plans": [
                                                    {
                                                      "Node Type": "Seq Scan",
                                                      "Parent Relationship": "Outer",
                                                      "Parallel Aware": false,
                                                      "Async Capable": false,
                                                      "Relation Name": "promotion",
                                                      "Alias": "promotion_2",
                                                      "Startup Cost": 0.0,
                                                      "Total Cost": 19.25,
                                                      "Plan Rows": 492,
                                                      "Plan Width": 4,
                                                      "Filter": "(p_channel_tv = 'N'::bpchar)",
                                                      "parent": 63,
                                                      "ID": 64
                                                    }
                                                  ],
                                                  "parent": 52,
                                                  "ID": 63,
                                                  "left": 64
                                                }
                                              ],
                                              "parent": 51,
                                              "ID": 52,
                                              "left": 53,
                                              "right": 63
                                            },
                                            {
                                              "Node Type": "Hash",
                                              "Parent Relationship": "Inner",
                                              "Parallel Aware": false,
                                              "Async Capable": false,
                                              "Startup Cost": 3.42,
                                              "Total Cost": 3.42,
                                              "Plan Rows": 42,
                                              "Plan Width": 21,
                                              "Plans": [
                                                {
                                                  "Node Type": "Seq Scan",
                                                  "Parent Relationship": "Outer",
                                                  "Parallel Aware": false,
                                                  "Async Capable": false,
                                                  "Relation Name": "web_site",
                                                  "Alias": "web_site",
                                                  "Startup Cost": 0.0,
                                                  "Total Cost": 3.42,
                                                  "Plan Rows": 42,
                                                  "Plan Width": 21,
                                                  "parent": 65,
                                                  "ID": 66
                                                }
                                              ],
                                              "parent": 51,
                                              "ID": 65,
                                              "left": 66
                                            }
                                          ],
                                          "parent": 50,
                                          "ID": 51,
                                          "left": 52,
                                          "right": 65
                                        }
                                      ],
                                      "parent": 49,
                                      "ID": 50,
                                      "left": 51
                                    }
                                  ],
                                  "parent": 48,
                                  "ID": 49,
                                  "left": 50
                                }
                              ],
                              "parent": 47,
                              "ID": 48,
                              "left": 49
                            }
                          ],
                          "parent": 46,
                          "ID": 47,
                          "left": 48
                        }
                      ],
                      "parent": 3,
                      "ID": 46,
                      "left": 47
                    }
                  ],
                  "parent": 2,
                  "ID": 3,
                  "left": 4,
                  "right": 25
                }
              ],
              "parent": 1,
              "ID": 2,
              "left": 3
            }
          ],
          "parent": 0,
          "ID": 1,
          "left": 2
        }
      ],
      "parent": null,
      "ID": 0,
      "left": 1
    },
    "feat": {
      "utility": 0.0,
      "query_shape": [
        [
          "Seq Scan",
          "Hash Join",
          "Sort",
          "Aggregate",
          "Gather Merge",
          "Subquery Scan",
          "Append"
        ],
        [
          "Seq Scan",
          "Hash",
          "Hash Join",
          "Sort",
          "Aggregate",
          "Gather Merge",
          "Subquery Scan",
          "Append"
        ],
        [
          "Seq Scan",
          "Hash",
          "Hash Join",
          "Sort",
          "Aggregate",
          "Gather Merge",
          "Subquery Scan",
          "Append"
        ],
        [
          "Seq Scan",
          "Hash",
          "Hash Join",
          "Sort",
          "Aggregate",
          "Gather Merge",
          "Subquery Scan",
          "Append"
        ],
        [
          "Seq Scan",
          "Hash",
          "Hash Join",
          "Sort",
          "Aggregate",
          "Gather Merge",
          "Subquery Scan",
          "Append"
        ],
        [
          "Seq Scan",
          "Hash",
          "Hash Join",
          "Sort",
          "Aggregate",
          "Gather Merge",
          "Subquery Scan",
          "Append"
        ],
        [
          "Seq Scan",
          "Hash Join",
          "Sort",
          "Aggregate",
          "Gather Merge",
          "Subquery Scan",
          "Append"
        ],
        [
          "Seq Scan",
          "Hash",
          "Hash Join",
          "Sort",
          "Aggregate",
          "Gather Merge",
          "Subquery Scan",
          "Append"
        ],
        [
          "Seq Scan",
          "Hash",
          "Hash Join",
          "Sort",
          "Aggregate",
          "Gather Merge",
          "Subquery Scan",
          "Append"
        ],
        [
          "Seq Scan",
          "Hash",
          "Hash Join",
          "Sort",
          "Aggregate",
          "Gather Merge",
          "Subquery Scan",
          "Append"
        ],
        [
          "Seq Scan",
          "Hash",
          "Hash Join",
          "Sort",
          "Aggregate",
          "Gather Merge",
          "Subquery Scan",
          "Append"
        ],
        [
          "Seq Scan",
          "Hash",
          "Hash Join",
          "Sort",
          "Aggregate",
          "Gather Merge",
          "Subquery Scan",
          "Append"
        ],
        [
          "Seq Scan",
          "Hash Join",
          "Sort",
          "Aggregate",
          "Gather Merge",
          "Subquery Scan",
          "Append"
        ],
        [
          "Seq Scan",
          "Hash",
          "Hash Join",
          "Sort",
          "Aggregate",
          "Gather Merge",
          "Subquery Scan",
          "Append"
        ],
        [
          "Seq Scan",
          "Hash",
          "Hash Join",
          "Sort",
          "Aggregate",
          "Gather Merge",
          "Subquery Scan",
          "Append"
        ],
        [
          "Seq Scan",
          "Hash",
          "Hash Join",
          "Sort",
          "Aggregate",
          "Gather Merge",
          "Subquery Scan",
          "Append"
        ],
        [
          "Seq Scan",
          "Hash",
          "Hash Join",
          "Sort",
          "Aggregate",
          "Gather Merge",
          "Subquery Scan",
          "Append"
        ],
        [
          "Seq Scan",
          "Hash",
          "Hash Join",
          "Sort",
          "Aggregate",
          "Gather Merge",
          "Subquery Scan",
          "Append"
        ]
      ],
      "index_shape": [],
      "physical_operator": {}
    }
  },
  {
    "query": "with ssr as\n (select  s_store_id as store_id,\n          sum(ss_ext_sales_price) as sales,\n          sum(coalesce(sr_return_amt, 0)) as returns,\n          sum(ss_net_profit - coalesce(sr_net_loss, 0)) as profit\n  from store_sales left outer join store_returns on\n         (ss_item_sk = sr_item_sk and ss_ticket_number = sr_ticket_number),\n     date_dim,\n     store,\n     item,\n     promotion\n where ss_sold_date_sk = d_date_sk\n       and d_date between cast('2000-08-25' as date) \n                  and (cast('2000-08-25' as date) +  interval '30 days')\n       and ss_store_sk = s_store_sk\n       and ss_item_sk = i_item_sk\n       and i_current_price > 50\n       and ss_promo_sk = p_promo_sk\n       and p_channel_tv = 'N'\n group by s_store_id)\n ,\n csr as\n (select  cp_catalog_page_id as catalog_page_id,\n          sum(cs_ext_sales_price) as sales,\n          sum(coalesce(cr_return_amount, 0)) as returns,\n          sum(cs_net_profit - coalesce(cr_net_loss, 0)) as profit\n  from catalog_sales left outer join catalog_returns on\n         (cs_item_sk = cr_item_sk and cs_order_number = cr_order_number),\n     date_dim,\n     catalog_page,\n     item,\n     promotion\n where cs_sold_date_sk = d_date_sk\n       and d_date between cast('2000-08-25' as date)\n                  and (cast('2000-08-25' as date) +  interval '30 days')\n        and cs_catalog_page_sk = cp_catalog_page_sk\n       and cs_item_sk = i_item_sk\n       and i_current_price > 50\n       and cs_promo_sk = p_promo_sk\n       and p_channel_tv = 'N'\ngroup by cp_catalog_page_id)\n ,\n wsr as\n (select  web_site_id,\n          sum(ws_ext_sales_price) as sales,\n          sum(coalesce(wr_return_amt, 0)) as returns,\n          sum(ws_net_profit - coalesce(wr_net_loss, 0)) as profit\n  from web_sales left outer join web_returns on\n         (ws_item_sk = wr_item_sk and ws_order_number = wr_order_number),\n     date_dim,\n     web_site,\n     item,\n     promotion\n where ws_sold_date_sk = d_date_sk\n       and d_date between cast('2000-08-25' as date)\n                  and (cast('2000-08-25' as date) +  interval '30 days')\n        and ws_web_site_sk = web_site_sk\n       and ws_item_sk = i_item_sk\n       and i_current_price > 50\n       and ws_promo_sk = p_promo_sk\n       and p_channel_tv = 'N'\ngroup by web_site_id)\n  select  channel\n        , id\n        , sum(sales) as sales\n        , sum(returns) as returns\n        , sum(profit) as profit\n from \n (select 'store channel' as channel\n        , 'store' || store_id as id\n        , sales\n        , returns\n        , profit\n from   ssr\n union all\n select 'catalog channel' as channel\n        , 'catalog_page' || catalog_page_id as id\n        , sales\n        , returns\n        , profit\n from  csr\n union all\n select 'web channel' as channel\n        , 'web_site' || web_site_id as id\n        , sales\n        , returns\n        , profit\n from   wsr\n ) x\n group by rollup (channel, id)\n order by channel\n         ,id\n limit 100;\n\n-- end query 61 in stream 1 using template query80.tpl\n",
    "indexes": "store_sales.ss_net_profit",
    "wo plan est": {
      "Node Type": "Limit",
      "Parallel Aware": false,
      "Async Capable": false,
      "Startup Cost": 1566793.64,
      "Total Cost": 1566796.93,
      "Plan Rows": 100,
      "Plan Width": 160,
      "Plans": [
        {
          "Node Type": "Aggregate",
          "Strategy": "Sorted",
          "Partial Mode": "Simple",
          "Parent Relationship": "Outer",
          "Parallel Aware": false,
          "Async Capable": false,
          "Startup Cost": 1566793.64,
          "Total Cost": 1566806.84,
          "Plan Rows": 401,
          "Plan Width": 160,
          "Grouping Sets": [
            {
              "Group Keys": [
                [
                  "('store channel'::text)",
                  "(('store'::text || (ssr.store_id)::text))"
                ],
                [
                  "('store channel'::text)"
                ],
                []
              ]
            }
          ],
          "Plans": [
            {
              "Node Type": "Sort",
              "Parent Relationship": "Outer",
              "Parallel Aware": false,
              "Async Capable": false,
              "Startup Cost": 1566793.64,
              "Total Cost": 1566794.67,
              "Plan Rows": 412,
              "Plan Width": 160,
              "Sort Key": [
                "('store channel'::text)",
                "(('store'::text || (ssr.store_id)::text))"
              ],
              "Plans": [
                {
                  "Node Type": "Append",
                  "Parent Relationship": "Outer",
                  "Parallel Aware": false,
                  "Async Capable": false,
                  "Startup Cost": 784596.3,
                  "Total Cost": 1566775.74,
                  "Plan Rows": 412,
                  "Plan Width": 160,
                  "Subplans Removed": 0,
                  "Plans": [
                    {
                      "Node Type": "Subquery Scan",
                      "Parent Relationship": "Member",
                      "Parallel Aware": false,
                      "Async Capable": false,
                      "Alias": "ssr",
                      "Startup Cost": 784596.3,
                      "Total Cost": 784616.16,
                      "Plan Rows": 51,
                      "Plan Width": 160,
                      "Plans": [
                        {
                          "Node Type": "Aggregate",
                          "Strategy": "Sorted",
                          "Partial Mode": "Finalize",
                          "Parent Relationship": "Subquery",
                          "Parallel Aware": false,
                          "Async Capable": false,
                          "Startup Cost": 784596.3,
                          "Total Cost": 784615.39,
                          "Plan Rows": 51,
                          "Plan Width": 113,
                          "Group Key": [
                            "store.s_store_id"
                          ],
                          "Plans": [
                            {
                              "Node Type": "Gather Merge",
                              "Parent Relationship": "Outer",
                              "Parallel Aware": false,
                              "Async Capable": false,
                              "Startup Cost": 784596.3,
                              "Total Cost": 784612.71,
                              "Plan Rows": 102,
                              "Plan Width": 113,
                              "Workers Planned": 2,
                              "Plans": [
                                {
                                  "Node Type": "Aggregate",
                                  "Strategy": "Sorted",
                                  "Partial Mode": "Partial",
                                  "Parent Relationship": "Outer",
                                  "Parallel Aware": false,
                                  "Async Capable": false,
                                  "Startup Cost": 783596.27,
                                  "Total Cost": 783600.92,
                                  "Plan Rows": 51,
                                  "Plan Width": 113,
                                  "Group Key": [
                                    "store.s_store_id"
                                  ],
                                  "Plans": [
                                    {
                                      "Node Type": "Sort",
                                      "Parent Relationship": "Outer",
                                      "Parallel Aware": false,
                                      "Async Capable": false,
                                      "Startup Cost": 783596.27,
                                      "Total Cost": 783596.9,
                                      "Plan Rows": 250,
                                      "Plan Width": 41,
                                      "Sort Key": [
                                        "store.s_store_id"
                                      ],
                                      "Plans": [
                                        {
                                          "Node Type": "Hash Join",
                                          "Parent Relationship": "Outer",
                                          "Parallel Aware": false,
                                          "Async Capable": false,
                                          "Join Type": "Inner",
                                          "Startup Cost": 94489.35,
                                          "Total Cost": 783586.32,
                                          "Plan Rows": 250,
                                          "Plan Width": 41,
                                          "Inner Unique": false,
                                          "Hash Cond": "(store_sales.ss_store_sk = store.s_store_sk)",
                                          "Plans": [
                                            {
                                              "Node Type": "Hash Join",
                                              "Parent Relationship": "Outer",
                                              "Parallel Aware": false,
                                              "Async Capable": false,
                                              "Join Type": "Inner",
                                              "Startup Cost": 94482.05,
                                              "Total Cost": 783575.54,
                                              "Plan Rows": 262,
                                              "Plan Width": 28,
                                              "Inner Unique": false,
                                              "Hash Cond": "(store_sales.ss_promo_sk = promotion.p_promo_sk)",
                                              "Plans": [
                                                {
                                                  "Node Type": "Hash Join",
                                                  "Parent Relationship": "Outer",
                                                  "Parallel Aware": true,
                                                  "Async Capable": false,
                                                  "Join Type": "Inner",
                                                  "Startup Cost": 94456.65,
                                                  "Total Cost": 783546.47,
                                                  "Plan Rows": 279,
                                                  "Plan Width": 32,
                                                  "Inner Unique": false,
                                                  "Hash Cond": "(store_sales.ss_item_sk = item.i_item_sk)",
                                                  "Plans": [
                                                    {
                                                      "Node Type": "Hash Join",
                                                      "Parent Relationship": "Outer",
                                                      "Parallel Aware": true,
                                                      "Async Capable": false,
                                                      "Join Type": "Left",
                                                      "Startup Cost": 86930.88,
                                                      "Total Cost": 776001.31,
                                                      "Plan Rows": 4860,
                                                      "Plan Width": 36,
                                                      "Inner Unique": false,
                                                      "Hash Cond": "((store_sales.ss_item_sk = store_returns.sr_item_sk) AND (store_sales.ss_ticket_number = store_returns.sr_ticket_number))",
                                                      "Plans": [
                                                        {
                                                          "Node Type": "Hash Join",
                                                          "Parent Relationship": "Outer",
                                                          "Parallel Aware": true,
                                                          "Async Capable": false,
                                                          "Join Type": "Inner",
                                                          "Startup Cost": 2049.78,
                                                          "Total Cost": 683994.75,
                                                          "Plan Rows": 4860,
                                                          "Plan Width": 28,
                                                          "Inner Unique": false,
                                                          "Hash Cond": "(store_sales.ss_sold_date_sk = date_dim.d_date_sk)",
                                                          "Plans": [
                                                            {
                                                              "Node Type": "Seq Scan",
                                                              "Parent Relationship": "Outer",
                                                              "Parallel Aware": true,
                                                              "Async Capable": false,
                                                              "Relation Name": "store_sales",
                                                              "Alias": "store_sales",
                                                              "Startup Cost": 0.0,
                                                              "Total Cost": 636914.37,
                                                              "Plan Rows": 12000637,
                                                              "Plan Width": 32,
                                                              "parent": 13,
                                                              "ID": 14
                                                            },
                                                            {
                                                              "Node Type": "Hash",
                                                              "Parent Relationship": "Inner",
                                                              "Parallel Aware": true,
                                                              "Async Capable": false,
                                                              "Startup Cost": 2049.55,
                                                              "Total Cost": 2049.55,
                                                              "Plan Rows": 18,
                                                              "Plan Width": 4,
                                                              "Plans": [
                                                                {
                                                                  "Node Type": "Seq Scan",
                                                                  "Parent Relationship": "Outer",
                                                                  "Parallel Aware": true,
                                                                  "Async Capable": false,
                                                                  "Relation Name": "date_dim",
                                                                  "Alias": "date_dim",
                                                                  "Startup Cost": 0.0,
                                                                  "Total Cost": 2049.55,
                                                                  "Plan Rows": 18,
                                                                  "Plan Width": 4,
                                                                  "Filter": "((d_date >= '2000-08-25'::date) AND (d_date <= '2000-09-24 00:00:00'::timestamp without time zone))",
                                                                  "parent": 15,
                                                                  "ID": 16
                                                                }
                                                              ],
                                                              "parent": 13,
                                                              "ID": 15,
                                                              "left": 16
                                                            }
                                                          ],
                                                          "parent": 12,
                                                          "ID": 13,
                                                          "left": 14,
                                                          "right": 15
                                                        },
                                                        {
                                                          "Node Type": "Hash",
                                                          "Parent Relationship": "Inner",
                                                          "Parallel Aware": true,
                                                          "Async Capable": false,
                                                          "Startup Cost": 59887.64,
                                                          "Total Cost": 59887.64,
                                                          "Plan Rows": 1198164,
                                                          "Plan Width": 20,
                                                          "Plans": [
                                                            {
                                                              "Node Type": "Seq Scan",
                                                              "Parent Relationship": "Outer",
                                                              "Parallel Aware": true,
                                                              "Async Capable": false,
                                                              "Relation Name": "store_returns",
                                                              "Alias": "store_returns",
                                                              "Startup Cost": 0.0,
                                                              "Total Cost": 59887.64,
                                                              "Plan Rows": 1198164,
                                                              "Plan Width": 20,
                                                              "parent": 17,
                                                              "ID": 18
                                                            }
                                                          ],
                                                          "parent": 12,
                                                          "ID": 17,
                                                          "left": 18
                                                        }
                                                      ],
                                                      "parent": 11,
                                                      "ID": 12,
                                                      "left": 13,
                                                      "right": 17
                                                    },
                                                    {
                                                      "Node Type": "Hash",
                                                      "Parent Relationship": "Inner",
                                                      "Parallel Aware": true,
                                                      "Async Capable": false,
                                                      "Startup Cost": 7495.25,
                                                      "Total Cost": 7495.25,
                                                      "Plan Rows": 2442,
                                                      "Plan Width": 4,
                                                      "Plans": [
                                                        {
                                                          "Node Type": "Seq Scan",
                                                          "Parent Relationship": "Outer",
                                                          "Parallel Aware": true,
                                                          "Async Capable": false,
                                                          "Relation Name": "item",
                                                          "Alias": "item",
                                                          "Startup Cost": 0.0,
                                                          "Total Cost": 7495.25,
                                                          "Plan Rows": 2442,
                                                          "Plan Width": 4,
                                                          "Filter": "(i_current_price > '50'::numeric)",
                                                          "parent": 19,
                                                          "ID": 20
                                                        }
                                                      ],
                                                      "parent": 11,
                                                      "ID": 19,
                                                      "left": 20
                                                    }
                                                  ],
                                                  "parent": 10,
                                                  "ID": 11,
                                                  "left": 12,
                                                  "right": 19
                                                },
                                                {
                                                  "Node Type": "Hash",
                                                  "Parent Relationship": "Inner",
                                                  "Parallel Aware": false,
                                                  "Async Capable": false,
                                                  "Startup Cost": 19.25,
                                                  "Total Cost": 19.25,
                                                  "Plan Rows": 492,
                                                  "Plan Width": 4,
                                                  "Plans": [
                                                    {
                                                      "Node Type": "Seq Scan",
                                                      "Parent Relationship": "Outer",
                                                      "Parallel Aware": false,
                                                      "Async Capable": false,
                                                      "Relation Name": "promotion",
                                                      "Alias": "promotion",
                                                      "Startup Cost": 0.0,
                                                      "Total Cost": 19.25,
                                                      "Plan Rows": 492,
                                                      "Plan Width": 4,
                                                      "Filter": "(p_channel_tv = 'N'::bpchar)",
                                                      "parent": 21,
                                                      "ID": 22
                                                    }
                                                  ],
                                                  "parent": 10,
                                                  "ID": 21,
                                                  "left": 22
                                                }
                                              ],
                                              "parent": 9,
                                              "ID": 10,
                                              "left": 11,
                                              "right": 21
                                            },
                                            {
                                              "Node Type": "Hash",
                                              "Parent Relationship": "Inner",
                                              "Parallel Aware": false,
                                              "Async Capable": false,
                                              "Startup Cost": 6.02,
                                              "Total Cost": 6.02,
                                              "Plan Rows": 102,
                                              "Plan Width": 21,
                                              "Plans": [
                                                {
                                                  "Node Type": "Seq Scan",
                                                  "Parent Relationship": "Outer",
                                                  "Parallel Aware": false,
                                                  "Async Capable": false,
                                                  "Relation Name": "store",
                                                  "Alias": "store",
                                                  "Startup Cost": 0.0,
                                                  "Total Cost": 6.02,
                                                  "Plan Rows": 102,
                                                  "Plan Width": 21,
                                                  "parent": 23,
                                                  "ID": 24
                                                }
                                              ],
                                              "parent": 9,
                                              "ID": 23,
                                              "left": 24
                                            }
                                          ],
                                          "parent": 8,
                                          "ID": 9,
                                          "left": 10,
                                          "right": 23
                                        }
                                      ],
                                      "parent": 7,
                                      "ID": 8,
                                      "left": 9
                                    }
                                  ],
                                  "parent": 6,
                                  "ID": 7,
                                  "left": 8
                                }
                              ],
                              "parent": 5,
                              "ID": 6,
                              "left": 7
                            }
                          ],
                          "parent": 4,
                          "ID": 5,
                          "left": 6
                        }
                      ],
                      "parent": 3,
                      "ID": 4,
                      "left": 5
                    },
                    {
                      "Node Type": "Subquery Scan",
                      "Parent Relationship": "Member",
                      "Parallel Aware": false,
                      "Async Capable": false,
                      "Alias": "csr",
                      "Startup Cost": 518177.36,
                      "Total Cost": 518230.78,
                      "Plan Rows": 340,
                      "Plan Width": 160,
                      "Plans": [
                        {
                          "Node Type": "Aggregate",
                          "Strategy": "Sorted",
                          "Partial Mode": "Finalize",
                          "Parent Relationship": "Subquery",
                          "Parallel Aware": false,
                          "Async Capable": false,
                          "Startup Cost": 518177.36,
                          "Total Cost": 518225.68,
                          "Plan Rows": 340,
                          "Plan Width": 113,
                          "Group Key": [
                            "catalog_page.cp_catalog_page_id"
                          ],
                          "Plans": [
                            {
                              "Node Type": "Gather Merge",
                              "Parent Relationship": "Outer",
                              "Parallel Aware": false,
                              "Async Capable": false,
                              "Startup Cost": 518177.36,
                              "Total Cost": 518214.76,
                              "Plan Rows": 284,
                              "Plan Width": 113,
                              "Workers Planned": 2,
                              "Plans": [
                                {
                                  "Node Type": "Aggregate",
                                  "Strategy": "Sorted",
                                  "Partial Mode": "Partial",
                                  "Parent Relationship": "Outer",
                                  "Parallel Aware": false,
                                  "Async Capable": false,
                                  "Startup Cost": 517177.34,
                                  "Total Cost": 517181.95,
                                  "Plan Rows": 142,
                                  "Plan Width": 113,
                                  "Group Key": [
                                    "catalog_page.cp_catalog_page_id"
                                  ],
                                  "Plans": [
                                    {
                                      "Node Type": "Sort",
                                      "Parent Relationship": "Outer",
                                      "Parallel Aware": false,
                                      "Async Capable": false,
                                      "Startup Cost": 517177.34,
                                      "Total Cost": 517177.69,
                                      "Plan Rows": 142,
                                      "Plan Width": 41,
                                      "Sort Key": [
                                        "catalog_page.cp_catalog_page_id"
                                      ],
                                      "Plans": [
                                        {
                                          "Node Type": "Hash Join",
                                          "Parent Relationship": "Outer",
                                          "Parallel Aware": false,
                                          "Async Capable": false,
                                          "Join Type": "Inner",
                                          "Startup Cost": 57382.33,
                                          "Total Cost": 517172.26,
                                          "Plan Rows": 142,
                                          "Plan Width": 41,
                                          "Inner Unique": false,
                                          "Hash Cond": "(catalog_sales.cs_catalog_page_sk = catalog_page.cp_catalog_page_sk)",
                                          "Plans": [
                                            {
                                              "Node Type": "Hash Join",
                                              "Parent Relationship": "Outer",
                                              "Parallel Aware": false,
                                              "Async Capable": false,
                                              "Join Type": "Inner",
                                              "Startup Cost": 56864.33,
                                              "Total Cost": 516652.32,
                                              "Plan Rows": 142,
                                              "Plan Width": 28,
                                              "Inner Unique": false,
                                              "Hash Cond": "(catalog_sales.cs_promo_sk = promotion_1.p_promo_sk)",
                                              "Plans": [
                                                {
                                                  "Node Type": "Hash Join",
                                                  "Parent Relationship": "Outer",
                                                  "Parallel Aware": true,
                                                  "Async Capable": false,
                                                  "Join Type": "Inner",
                                                  "Startup Cost": 56838.93,
                                                  "Total Cost": 516624.96,
                                                  "Plan Rows": 145,
                                                  "Plan Width": 32,
                                                  "Inner Unique": false,
                                                  "Hash Cond": "(catalog_sales.cs_item_sk = item_1.i_item_sk)",
                                                  "Plans": [
                                                    {
                                                      "Node Type": "Hash Join",
                                                      "Parent Relationship": "Outer",
                                                      "Parallel Aware": true,
                                                      "Async Capable": false,
                                                      "Join Type": "Left",
                                                      "Startup Cost": 49313.15,
                                                      "Total Cost": 509089.08,
                                                      "Plan Rows": 2532,
                                                      "Plan Width": 36,
                                                      "Inner Unique": false,
                                                      "Hash Cond": "((catalog_sales.cs_item_sk = catalog_returns.cr_item_sk) AND (catalog_sales.cs_order_number = catalog_returns.cr_order_number))",
                                                      "Plans": [
                                                        {
                                                          "Node Type": "Hash Join",
                                                          "Parent Relationship": "Outer",
                                                          "Parallel Aware": true,
                                                          "Async Capable": false,
                                                          "Join Type": "Inner",
                                                          "Startup Cost": 2049.78,
                                                          "Total Cost": 458254.7,
                                                          "Plan Rows": 2532,
                                                          "Plan Width": 28,
                                                          "Inner Unique": false,
                                                          "Hash Cond": "(catalog_sales.cs_sold_date_sk = date_dim_1.d_date_sk)",
                                                          "Plans": [
                                                            {
                                                              "Node Type": "Seq Scan",
                                                              "Parent Relationship": "Outer",
                                                              "Parallel Aware": true,
                                                              "Async Capable": false,
                                                              "Relation Name": "catalog_sales",
                                                              "Alias": "catalog_sales",
                                                              "Startup Cost": 0.0,
                                                              "Total Cost": 433688.25,
                                                              "Plan Rows": 6000525,
                                                              "Plan Width": 32,
                                                              "parent": 34,
                                                              "ID": 35
                                                            },
                                                            {
                                                              "Node Type": "Hash",
                                                              "Parent Relationship": "Inner",
                                                              "Parallel Aware": true,
                                                              "Async Capable": false,
                                                              "Startup Cost": 2049.55,
                                                              "Total Cost": 2049.55,
                                                              "Plan Rows": 18,
                                                              "Plan Width": 4,
                                                              "Plans": [
                                                                {
                                                                  "Node Type": "Seq Scan",
                                                                  "Parent Relationship": "Outer",
                                                                  "Parallel Aware": true,
                                                                  "Async Capable": false,
                                                                  "Relation Name": "date_dim",
                                                                  "Alias": "date_dim_1",
                                                                  "Startup Cost": 0.0,
                                                                  "Total Cost": 2049.55,
                                                                  "Plan Rows": 18,
                                                                  "Plan Width": 4,
                                                                  "Filter": "((d_date >= '2000-08-25'::date) AND (d_date <= '2000-09-24 00:00:00'::timestamp without time zone))",
                                                                  "parent": 36,
                                                                  "ID": 37
                                                                }
                                                              ],
                                                              "parent": 34,
                                                              "ID": 36,
                                                              "left": 37
                                                            }
                                                          ],
                                                          "parent": 33,
                                                          "ID": 34,
                                                          "left": 35,
                                                          "right": 36
                                                        },
                                                        {
                                                          "Node Type": "Hash",
                                                          "Parent Relationship": "Inner",
                                                          "Parallel Aware": true,
                                                          "Async Capable": false,
                                                          "Startup Cost": 34748.95,
                                                          "Total Cost": 34748.95,
                                                          "Plan Rows": 599895,
                                                          "Plan Width": 20,
                                                          "Plans": [
                                                            {
                                                              "Node Type": "Seq Scan",
                                                              "Parent Relationship": "Outer",
                                                              "Parallel Aware": true,
                                                              "Async Capable": false,
                                                              "Relation Name": "catalog_returns",
                                                              "Alias": "catalog_returns",
                                                              "Startup Cost": 0.0,
                                                              "Total Cost": 34748.95,
                                                              "Plan Rows": 599895,
                                                              "Plan Width": 20,
                                                              "parent": 38,
                                                              "ID": 39
                                                            }
                                                          ],
                                                          "parent": 33,
                                                          "ID": 38,
                                                          "left": 39
                                                        }
                                                      ],
                                                      "parent": 32,
                                                      "ID": 33,
                                                      "left": 34,
                                                      "right": 38
                                                    },
                                                    {
                                                      "Node Type": "Hash",
                                                      "Parent Relationship": "Inner",
                                                      "Parallel Aware": true,
                                                      "Async Capable": false,
                                                      "Startup Cost": 7495.25,
                                                      "Total Cost": 7495.25,
                                                      "Plan Rows": 2442,
                                                      "Plan Width": 4,
                                                      "Plans": [
                                                        {
                                                          "Node Type": "Seq Scan",
                                                          "Parent Relationship": "Outer",
                                                          "Parallel Aware": true,
                                                          "Async Capable": false,
                                                          "Relation Name": "item",
                                                          "Alias": "item_1",
                                                          "Startup Cost": 0.0,
                                                          "Total Cost": 7495.25,
                                                          "Plan Rows": 2442,
                                                          "Plan Width": 4,
                                                          "Filter": "(i_current_price > '50'::numeric)",
                                                          "parent": 40,
                                                          "ID": 41
                                                        }
                                                      ],
                                                      "parent": 32,
                                                      "ID": 40,
                                                      "left": 41
                                                    }
                                                  ],
                                                  "parent": 31,
                                                  "ID": 32,
                                                  "left": 33,
                                                  "right": 40
                                                },
                                                {
                                                  "Node Type": "Hash",
                                                  "Parent Relationship": "Inner",
                                                  "Parallel Aware": false,
                                                  "Async Capable": false,
                                                  "Startup Cost": 19.25,
                                                  "Total Cost": 19.25,
                                                  "Plan Rows": 492,
                                                  "Plan Width": 4,
                                                  "Plans": [
                                                    {
                                                      "Node Type": "Seq Scan",
                                                      "Parent Relationship": "Outer",
                                                      "Parallel Aware": false,
                                                      "Async Capable": false,
                                                      "Relation Name": "promotion",
                                                      "Alias": "promotion_1",
                                                      "Startup Cost": 0.0,
                                                      "Total Cost": 19.25,
                                                      "Plan Rows": 492,
                                                      "Plan Width": 4,
                                                      "Filter": "(p_channel_tv = 'N'::bpchar)",
                                                      "parent": 42,
                                                      "ID": 43
                                                    }
                                                  ],
                                                  "parent": 31,
                                                  "ID": 42,
                                                  "left": 43
                                                }
                                              ],
                                              "parent": 30,
                                              "ID": 31,
                                              "left": 32,
                                              "right": 42
                                            },
                                            {
                                              "Node Type": "Hash",
                                              "Parent Relationship": "Inner",
                                              "Parallel Aware": false,
                                              "Async Capable": false,
                                              "Startup Cost": 368.0,
                                              "Total Cost": 368.0,
                                              "Plan Rows": 12000,
                                              "Plan Width": 21,
                                              "Plans": [
                                                {
                                                  "Node Type": "Seq Scan",
                                                  "Parent Relationship": "Outer",
                                                  "Parallel Aware": false,
                                                  "Async Capable": false,
                                                  "Relation Name": "catalog_page",
                                                  "Alias": "catalog_page",
                                                  "Startup Cost": 0.0,
                                                  "Total Cost": 368.0,
                                                  "Plan Rows": 12000,
                                                  "Plan Width": 21,
                                                  "parent": 44,
                                                  "ID": 45
                                                }
                                              ],
                                              "parent": 30,
                                              "ID": 44,
                                              "left": 45
                                            }
                                          ],
                                          "parent": 29,
                                          "ID": 30,
                                          "left": 31,
                                          "right": 44
                                        }
                                      ],
                                      "parent": 28,
                                      "ID": 29,
                                      "left": 30
                                    }
                                  ],
                                  "parent": 27,
                                  "ID": 28,
                                  "left": 29
                                }
                              ],
                              "parent": 26,
                              "ID": 27,
                              "left": 28
                            }
                          ],
                          "parent": 25,
                          "ID": 26,
                          "left": 27
                        }
                      ],
                      "parent": 3,
                      "ID": 25,
                      "left": 26
                    },
                    {
                      "Node Type": "Subquery Scan",
                      "Parent Relationship": "Member",
                      "Parallel Aware": false,
                      "Async Capable": false,
                      "Alias": "wsr",
                      "Startup Cost": 263919.04,
                      "Total Cost": 263926.75,
                      "Plan Rows": 21,
                      "Plan Width": 160,
                      "Plans": [
                        {
                          "Node Type": "Aggregate",
                          "Strategy": "Sorted",
                          "Partial Mode": "Finalize",
                          "Parent Relationship": "Subquery",
                          "Parallel Aware": false,
                          "Async Capable": false,
                          "Startup Cost": 263919.04,
                          "Total Cost": 263926.43,
                          "Plan Rows": 21,
                          "Plan Width": 113,
                          "Group Key": [
                            "web_site.web_site_id"
                          ],
                          "Plans": [
                            {
                              "Node Type": "Gather Merge",
                              "Parent Relationship": "Outer",
                              "Parallel Aware": false,
                              "Async Capable": false,
                              "Startup Cost": 263919.04,
                              "Total Cost": 263925.33,
                              "Plan Rows": 42,
                              "Plan Width": 113,
                              "Workers Planned": 2,
                              "Plans": [
                                {
                                  "Node Type": "Aggregate",
                                  "Strategy": "Sorted",
                                  "Partial Mode": "Partial",
                                  "Parent Relationship": "Outer",
                                  "Parallel Aware": false,
                                  "Async Capable": false,
                                  "Startup Cost": 262919.01,
                                  "Total Cost": 262920.46,
                                  "Plan Rows": 21,
                                  "Plan Width": 113,
                                  "Group Key": [
                                    "web_site.web_site_id"
                                  ],
                                  "Plans": [
                                    {
                                      "Node Type": "Sort",
                                      "Parent Relationship": "Outer",
                                      "Parallel Aware": false,
                                      "Async Capable": false,
                                      "Startup Cost": 262919.01,
                                      "Total Cost": 262919.19,
                                      "Plan Rows": 72,
                                      "Plan Width": 41,
                                      "Sort Key": [
                                        "web_site.web_site_id"
                                      ],
                                      "Plans": [
                                        {
                                          "Node Type": "Hash Join",
                                          "Parent Relationship": "Outer",
                                          "Parallel Aware": false,
                                          "Async Capable": false,
                                          "Join Type": "Inner",
                                          "Startup Cost": 32134.74,
                                          "Total Cost": 262916.79,
                                          "Plan Rows": 72,
                                          "Plan Width": 41,
                                          "Inner Unique": false,
                                          "Hash Cond": "(web_sales.ws_web_site_sk = web_site.web_site_sk)",
                                          "Plans": [
                                            {
                                              "Node Type": "Hash Join",
                                              "Parent Relationship": "Outer",
                                              "Parallel Aware": false,
                                              "Async Capable": false,
                                              "Join Type": "Inner",
                                              "Startup Cost": 32130.8,
                                              "Total Cost": 262911.86,
                                              "Plan Rows": 72,
                                              "Plan Width": 28,
                                              "Inner Unique": false,
                                              "Hash Cond": "(web_sales.ws_promo_sk = promotion_2.p_promo_sk)",
                                              "Plans": [
                                                {
                                                  "Node Type": "Hash Join",
                                                  "Parent Relationship": "Outer",
                                                  "Parallel Aware": true,
                                                  "Async Capable": false,
                                                  "Join Type": "Inner",
                                                  "Startup Cost": 32105.4,
                                                  "Total Cost": 262885.46,
                                                  "Plan Rows": 73,
                                                  "Plan Width": 32,
                                                  "Inner Unique": false,
                                                  "Hash Cond": "(web_sales.ws_item_sk = item_2.i_item_sk)",
                                                  "Plans": [
                                                    {
                                                      "Node Type": "Hash Join",
                                                      "Parent Relationship": "Outer",
                                                      "Parallel Aware": true,
                                                      "Async Capable": false,
                                                      "Join Type": "Left",
                                                      "Startup Cost": 24579.62,
                                                      "Total Cost": 255354.62,
                                                      "Plan Rows": 1272,
                                                      "Plan Width": 36,
                                                      "Inner Unique": false,
                                                      "Hash Cond": "((web_sales.ws_item_sk = web_returns.wr_item_sk) AND (web_sales.ws_order_number = web_returns.wr_order_number))",
                                                      "Plans": [
                                                        {
                                                          "Node Type": "Hash Join",
                                                          "Parent Relationship": "Outer",
                                                          "Parallel Aware": true,
                                                          "Async Capable": false,
                                                          "Join Type": "Inner",
                                                          "Startup Cost": 2049.78,
                                                          "Total Cost": 231041.22,
                                                          "Plan Rows": 1272,
                                                          "Plan Width": 28,
                                                          "Inner Unique": false,
                                                          "Hash Cond": "(web_sales.ws_sold_date_sk = date_dim_2.d_date_sk)",
                                                          "Plans": [
                                                            {
                                                              "Node Type": "Seq Scan",
                                                              "Parent Relationship": "Outer",
                                                              "Parallel Aware": true,
                                                              "Async Capable": false,
                                                              "Relation Name": "web_sales",
                                                              "Alias": "web_sales",
                                                              "Startup Cost": 0.0,
                                                              "Total Cost": 217737.86,
                                                              "Plan Rows": 2998986,
                                                              "Plan Width": 32,
                                                              "parent": 55,
                                                              "ID": 56
                                                            },
                                                            {
                                                              "Node Type": "Hash",
                                                              "Parent Relationship": "Inner",
                                                              "Parallel Aware": true,
                                                              "Async Capable": false,
                                                              "Startup Cost": 2049.55,
                                                              "Total Cost": 2049.55,
                                                              "Plan Rows": 18,
                                                              "Plan Width": 4,
                                                              "Plans": [
                                                                {
                                                                  "Node Type": "Seq Scan",
                                                                  "Parent Relationship": "Outer",
                                                                  "Parallel Aware": true,
                                                                  "Async Capable": false,
                                                                  "Relation Name": "date_dim",
                                                                  "Alias": "date_dim_2",
                                                                  "Startup Cost": 0.0,
                                                                  "Total Cost": 2049.55,
                                                                  "Plan Rows": 18,
                                                                  "Plan Width": 4,
                                                                  "Filter": "((d_date >= '2000-08-25'::date) AND (d_date <= '2000-09-24 00:00:00'::timestamp without time zone))",
                                                                  "parent": 57,
                                                                  "ID": 58
                                                                }
                                                              ],
                                                              "parent": 55,
                                                              "ID": 57,
                                                              "left": 58
                                                            }
                                                          ],
                                                          "parent": 54,
                                                          "ID": 55,
                                                          "left": 56,
                                                          "right": 57
                                                        },
                                                        {
                                                          "Node Type": "Hash",
                                                          "Parent Relationship": "Inner",
                                                          "Parallel Aware": true,
                                                          "Async Capable": false,
                                                          "Startup Cost": 16278.74,
                                                          "Total Cost": 16278.74,
                                                          "Plan Rows": 299674,
                                                          "Plan Width": 20,
                                                          "Plans": [
                                                            {
                                                              "Node Type": "Seq Scan",
                                                              "Parent Relationship": "Outer",
                                                              "Parallel Aware": true,
                                                              "Async Capable": false,
                                                              "Relation Name": "web_returns",
                                                              "Alias": "web_returns",
                                                              "Startup Cost": 0.0,
                                                              "Total Cost": 16278.74,
                                                              "Plan Rows": 299674,
                                                              "Plan Width": 20,
                                                              "parent": 59,
                                                              "ID": 60
                                                            }
                                                          ],
                                                          "parent": 54,
                                                          "ID": 59,
                                                          "left": 60
                                                        }
                                                      ],
                                                      "parent": 53,
                                                      "ID": 54,
                                                      "left": 55,
                                                      "right": 59
                                                    },
                                                    {
                                                      "Node Type": "Hash",
                                                      "Parent Relationship": "Inner",
                                                      "Parallel Aware": true,
                                                      "Async Capable": false,
                                                      "Startup Cost": 7495.25,
                                                      "Total Cost": 7495.25,
                                                      "Plan Rows": 2442,
                                                      "Plan Width": 4,
                                                      "Plans": [
                                                        {
                                                          "Node Type": "Seq Scan",
                                                          "Parent Relationship": "Outer",
                                                          "Parallel Aware": true,
                                                          "Async Capable": false,
                                                          "Relation Name": "item",
                                                          "Alias": "item_2",
                                                          "Startup Cost": 0.0,
                                                          "Total Cost": 7495.25,
                                                          "Plan Rows": 2442,
                                                          "Plan Width": 4,
                                                          "Filter": "(i_current_price > '50'::numeric)",
                                                          "parent": 61,
                                                          "ID": 62
                                                        }
                                                      ],
                                                      "parent": 53,
                                                      "ID": 61,
                                                      "left": 62
                                                    }
                                                  ],
                                                  "parent": 52,
                                                  "ID": 53,
                                                  "left": 54,
                                                  "right": 61
                                                },
                                                {
                                                  "Node Type": "Hash",
                                                  "Parent Relationship": "Inner",
                                                  "Parallel Aware": false,
                                                  "Async Capable": false,
                                                  "Startup Cost": 19.25,
                                                  "Total Cost": 19.25,
                                                  "Plan Rows": 492,
                                                  "Plan Width": 4,
                                                  "Plans": [
                                                    {
                                                      "Node Type": "Seq Scan",
                                                      "Parent Relationship": "Outer",
                                                      "Parallel Aware": false,
                                                      "Async Capable": false,
                                                      "Relation Name": "promotion",
                                                      "Alias": "promotion_2",
                                                      "Startup Cost": 0.0,
                                                      "Total Cost": 19.25,
                                                      "Plan Rows": 492,
                                                      "Plan Width": 4,
                                                      "Filter": "(p_channel_tv = 'N'::bpchar)",
                                                      "parent": 63,
                                                      "ID": 64
                                                    }
                                                  ],
                                                  "parent": 52,
                                                  "ID": 63,
                                                  "left": 64
                                                }
                                              ],
                                              "parent": 51,
                                              "ID": 52,
                                              "left": 53,
                                              "right": 63
                                            },
                                            {
                                              "Node Type": "Hash",
                                              "Parent Relationship": "Inner",
                                              "Parallel Aware": false,
                                              "Async Capable": false,
                                              "Startup Cost": 3.42,
                                              "Total Cost": 3.42,
                                              "Plan Rows": 42,
                                              "Plan Width": 21,
                                              "Plans": [
                                                {
                                                  "Node Type": "Seq Scan",
                                                  "Parent Relationship": "Outer",
                                                  "Parallel Aware": false,
                                                  "Async Capable": false,
                                                  "Relation Name": "web_site",
                                                  "Alias": "web_site",
                                                  "Startup Cost": 0.0,
                                                  "Total Cost": 3.42,
                                                  "Plan Rows": 42,
                                                  "Plan Width": 21,
                                                  "parent": 65,
                                                  "ID": 66
                                                }
                                              ],
                                              "parent": 51,
                                              "ID": 65,
                                              "left": 66
                                            }
                                          ],
                                          "parent": 50,
                                          "ID": 51,
                                          "left": 52,
                                          "right": 65
                                        }
                                      ],
                                      "parent": 49,
                                      "ID": 50,
                                      "left": 51
                                    }
                                  ],
                                  "parent": 48,
                                  "ID": 49,
                                  "left": 50
                                }
                              ],
                              "parent": 47,
                              "ID": 48,
                              "left": 49
                            }
                          ],
                          "parent": 46,
                          "ID": 47,
                          "left": 48
                        }
                      ],
                      "parent": 3,
                      "ID": 46,
                      "left": 47
                    }
                  ],
                  "parent": 2,
                  "ID": 3,
                  "left": 4,
                  "right": 25
                }
              ],
              "parent": 1,
              "ID": 2,
              "left": 3
            }
          ],
          "parent": 0,
          "ID": 1,
          "left": 2
        }
      ],
      "parent": null,
      "ID": 0,
      "left": 1
    },
    "feat": {
      "utility": 0.0,
      "query_shape": [
        [
          "Seq Scan",
          "Hash Join",
          "Sort",
          "Aggregate",
          "Gather Merge",
          "Subquery Scan",
          "Append"
        ],
        [
          "Seq Scan",
          "Hash",
          "Hash Join",
          "Sort",
          "Aggregate",
          "Gather Merge",
          "Subquery Scan",
          "Append"
        ],
        [
          "Seq Scan",
          "Hash",
          "Hash Join",
          "Sort",
          "Aggregate",
          "Gather Merge",
          "Subquery Scan",
          "Append"
        ],
        [
          "Seq Scan",
          "Hash",
          "Hash Join",
          "Sort",
          "Aggregate",
          "Gather Merge",
          "Subquery Scan",
          "Append"
        ],
        [
          "Seq Scan",
          "Hash",
          "Hash Join",
          "Sort",
          "Aggregate",
          "Gather Merge",
          "Subquery Scan",
          "Append"
        ],
        [
          "Seq Scan",
          "Hash",
          "Hash Join",
          "Sort",
          "Aggregate",
          "Gather Merge",
          "Subquery Scan",
          "Append"
        ],
        [
          "Seq Scan",
          "Hash Join",
          "Sort",
          "Aggregate",
          "Gather Merge",
          "Subquery Scan",
          "Append"
        ],
        [
          "Seq Scan",
          "Hash",
          "Hash Join",
          "Sort",
          "Aggregate",
          "Gather Merge",
          "Subquery Scan",
          "Append"
        ],
        [
          "Seq Scan",
          "Hash",
          "Hash Join",
          "Sort",
          "Aggregate",
          "Gather Merge",
          "Subquery Scan",
          "Append"
        ],
        [
          "Seq Scan",
          "Hash",
          "Hash Join",
          "Sort",
          "Aggregate",
          "Gather Merge",
          "Subquery Scan",
          "Append"
        ],
        [
          "Seq Scan",
          "Hash",
          "Hash Join",
          "Sort",
          "Aggregate",
          "Gather Merge",
          "Subquery Scan",
          "Append"
        ],
        [
          "Seq Scan",
          "Hash",
          "Hash Join",
          "Sort",
          "Aggregate",
          "Gather Merge",
          "Subquery Scan",
          "Append"
        ],
        [
          "Seq Scan",
          "Hash Join",
          "Sort",
          "Aggregate",
          "Gather Merge",
          "Subquery Scan",
          "Append"
        ],
        [
          "Seq Scan",
          "Hash",
          "Hash Join",
          "Sort",
          "Aggregate",
          "Gather Merge",
          "Subquery Scan",
          "Append"
        ],
        [
          "Seq Scan",
          "Hash",
          "Hash Join",
          "Sort",
          "Aggregate",
          "Gather Merge",
          "Subquery Scan",
          "Append"
        ],
        [
          "Seq Scan",
          "Hash",
          "Hash Join",
          "Sort",
          "Aggregate",
          "Gather Merge",
          "Subquery Scan",
          "Append"
        ],
        [
          "Seq Scan",
          "Hash",
          "Hash Join",
          "Sort",
          "Aggregate",
          "Gather Merge",
          "Subquery Scan",
          "Append"
        ],
        [
          "Seq Scan",
          "Hash",
          "Hash Join",
          "Sort",
          "Aggregate",
          "Gather Merge",
          "Subquery Scan",
          "Append"
        ]
      ],
      "index_shape": [],
      "physical_operator": {}
    }
  },
  {
    "query": "with ssr as\n (select  s_store_id as store_id,\n          sum(ss_ext_sales_price) as sales,\n          sum(coalesce(sr_return_amt, 0)) as returns,\n          sum(ss_net_profit - coalesce(sr_net_loss, 0)) as profit\n  from store_sales left outer join store_returns on\n         (ss_item_sk = sr_item_sk and ss_ticket_number = sr_ticket_number),\n     date_dim,\n     store,\n     item,\n     promotion\n where ss_sold_date_sk = d_date_sk\n       and d_date between cast('2000-08-25' as date) \n                  and (cast('2000-08-25' as date) +  interval '30 days')\n       and ss_store_sk = s_store_sk\n       and ss_item_sk = i_item_sk\n       and i_current_price > 50\n       and ss_promo_sk = p_promo_sk\n       and p_channel_tv = 'N'\n group by s_store_id)\n ,\n csr as\n (select  cp_catalog_page_id as catalog_page_id,\n          sum(cs_ext_sales_price) as sales,\n          sum(coalesce(cr_return_amount, 0)) as returns,\n          sum(cs_net_profit - coalesce(cr_net_loss, 0)) as profit\n  from catalog_sales left outer join catalog_returns on\n         (cs_item_sk = cr_item_sk and cs_order_number = cr_order_number),\n     date_dim,\n     catalog_page,\n     item,\n     promotion\n where cs_sold_date_sk = d_date_sk\n       and d_date between cast('2000-08-25' as date)\n                  and (cast('2000-08-25' as date) +  interval '30 days')\n        and cs_catalog_page_sk = cp_catalog_page_sk\n       and cs_item_sk = i_item_sk\n       and i_current_price > 50\n       and cs_promo_sk = p_promo_sk\n       and p_channel_tv = 'N'\ngroup by cp_catalog_page_id)\n ,\n wsr as\n (select  web_site_id,\n          sum(ws_ext_sales_price) as sales,\n          sum(coalesce(wr_return_amt, 0)) as returns,\n          sum(ws_net_profit - coalesce(wr_net_loss, 0)) as profit\n  from web_sales left outer join web_returns on\n         (ws_item_sk = wr_item_sk and ws_order_number = wr_order_number),\n     date_dim,\n     web_site,\n     item,\n     promotion\n where ws_sold_date_sk = d_date_sk\n       and d_date between cast('2000-08-25' as date)\n                  and (cast('2000-08-25' as date) +  interval '30 days')\n        and ws_web_site_sk = web_site_sk\n       and ws_item_sk = i_item_sk\n       and i_current_price > 50\n       and ws_promo_sk = p_promo_sk\n       and p_channel_tv = 'N'\ngroup by web_site_id)\n  select  channel\n        , id\n        , sum(sales) as sales\n        , sum(returns) as returns\n        , sum(profit) as profit\n from \n (select 'store channel' as channel\n        , 'store' || store_id as id\n        , sales\n        , returns\n        , profit\n from   ssr\n union all\n select 'catalog channel' as channel\n        , 'catalog_page' || catalog_page_id as id\n        , sales\n        , returns\n        , profit\n from  csr\n union all\n select 'web channel' as channel\n        , 'web_site' || web_site_id as id\n        , sales\n        , returns\n        , profit\n from   wsr\n ) x\n group by rollup (channel, id)\n order by channel\n         ,id\n limit 100;\n\n-- end query 61 in stream 1 using template query80.tpl\n",
    "indexes": "web_returns.wr_item_sk",
    "wo plan est": {
      "Node Type": "Limit",
      "Parallel Aware": false,
      "Async Capable": false,
      "Startup Cost": 1566793.64,
      "Total Cost": 1566796.93,
      "Plan Rows": 100,
      "Plan Width": 160,
      "Plans": [
        {
          "Node Type": "Aggregate",
          "Strategy": "Sorted",
          "Partial Mode": "Simple",
          "Parent Relationship": "Outer",
          "Parallel Aware": false,
          "Async Capable": false,
          "Startup Cost": 1566793.64,
          "Total Cost": 1566806.84,
          "Plan Rows": 401,
          "Plan Width": 160,
          "Grouping Sets": [
            {
              "Group Keys": [
                [
                  "('store channel'::text)",
                  "(('store'::text || (ssr.store_id)::text))"
                ],
                [
                  "('store channel'::text)"
                ],
                []
              ]
            }
          ],
          "Plans": [
            {
              "Node Type": "Sort",
              "Parent Relationship": "Outer",
              "Parallel Aware": false,
              "Async Capable": false,
              "Startup Cost": 1566793.64,
              "Total Cost": 1566794.67,
              "Plan Rows": 412,
              "Plan Width": 160,
              "Sort Key": [
                "('store channel'::text)",
                "(('store'::text || (ssr.store_id)::text))"
              ],
              "Plans": [
                {
                  "Node Type": "Append",
                  "Parent Relationship": "Outer",
                  "Parallel Aware": false,
                  "Async Capable": false,
                  "Startup Cost": 784596.3,
                  "Total Cost": 1566775.74,
                  "Plan Rows": 412,
                  "Plan Width": 160,
                  "Subplans Removed": 0,
                  "Plans": [
                    {
                      "Node Type": "Subquery Scan",
                      "Parent Relationship": "Member",
                      "Parallel Aware": false,
                      "Async Capable": false,
                      "Alias": "ssr",
                      "Startup Cost": 784596.3,
                      "Total Cost": 784616.16,
                      "Plan Rows": 51,
                      "Plan Width": 160,
                      "Plans": [
                        {
                          "Node Type": "Aggregate",
                          "Strategy": "Sorted",
                          "Partial Mode": "Finalize",
                          "Parent Relationship": "Subquery",
                          "Parallel Aware": false,
                          "Async Capable": false,
                          "Startup Cost": 784596.3,
                          "Total Cost": 784615.39,
                          "Plan Rows": 51,
                          "Plan Width": 113,
                          "Group Key": [
                            "store.s_store_id"
                          ],
                          "Plans": [
                            {
                              "Node Type": "Gather Merge",
                              "Parent Relationship": "Outer",
                              "Parallel Aware": false,
                              "Async Capable": false,
                              "Startup Cost": 784596.3,
                              "Total Cost": 784612.71,
                              "Plan Rows": 102,
                              "Plan Width": 113,
                              "Workers Planned": 2,
                              "Plans": [
                                {
                                  "Node Type": "Aggregate",
                                  "Strategy": "Sorted",
                                  "Partial Mode": "Partial",
                                  "Parent Relationship": "Outer",
                                  "Parallel Aware": false,
                                  "Async Capable": false,
                                  "Startup Cost": 783596.27,
                                  "Total Cost": 783600.92,
                                  "Plan Rows": 51,
                                  "Plan Width": 113,
                                  "Group Key": [
                                    "store.s_store_id"
                                  ],
                                  "Plans": [
                                    {
                                      "Node Type": "Sort",
                                      "Parent Relationship": "Outer",
                                      "Parallel Aware": false,
                                      "Async Capable": false,
                                      "Startup Cost": 783596.27,
                                      "Total Cost": 783596.9,
                                      "Plan Rows": 250,
                                      "Plan Width": 41,
                                      "Sort Key": [
                                        "store.s_store_id"
                                      ],
                                      "Plans": [
                                        {
                                          "Node Type": "Hash Join",
                                          "Parent Relationship": "Outer",
                                          "Parallel Aware": false,
                                          "Async Capable": false,
                                          "Join Type": "Inner",
                                          "Startup Cost": 94489.35,
                                          "Total Cost": 783586.32,
                                          "Plan Rows": 250,
                                          "Plan Width": 41,
                                          "Inner Unique": false,
                                          "Hash Cond": "(store_sales.ss_store_sk = store.s_store_sk)",
                                          "Plans": [
                                            {
                                              "Node Type": "Hash Join",
                                              "Parent Relationship": "Outer",
                                              "Parallel Aware": false,
                                              "Async Capable": false,
                                              "Join Type": "Inner",
                                              "Startup Cost": 94482.05,
                                              "Total Cost": 783575.54,
                                              "Plan Rows": 262,
                                              "Plan Width": 28,
                                              "Inner Unique": false,
                                              "Hash Cond": "(store_sales.ss_promo_sk = promotion.p_promo_sk)",
                                              "Plans": [
                                                {
                                                  "Node Type": "Hash Join",
                                                  "Parent Relationship": "Outer",
                                                  "Parallel Aware": true,
                                                  "Async Capable": false,
                                                  "Join Type": "Inner",
                                                  "Startup Cost": 94456.65,
                                                  "Total Cost": 783546.47,
                                                  "Plan Rows": 279,
                                                  "Plan Width": 32,
                                                  "Inner Unique": false,
                                                  "Hash Cond": "(store_sales.ss_item_sk = item.i_item_sk)",
                                                  "Plans": [
                                                    {
                                                      "Node Type": "Hash Join",
                                                      "Parent Relationship": "Outer",
                                                      "Parallel Aware": true,
                                                      "Async Capable": false,
                                                      "Join Type": "Left",
                                                      "Startup Cost": 86930.88,
                                                      "Total Cost": 776001.31,
                                                      "Plan Rows": 4860,
                                                      "Plan Width": 36,
                                                      "Inner Unique": false,
                                                      "Hash Cond": "((store_sales.ss_item_sk = store_returns.sr_item_sk) AND (store_sales.ss_ticket_number = store_returns.sr_ticket_number))",
                                                      "Plans": [
                                                        {
                                                          "Node Type": "Hash Join",
                                                          "Parent Relationship": "Outer",
                                                          "Parallel Aware": true,
                                                          "Async Capable": false,
                                                          "Join Type": "Inner",
                                                          "Startup Cost": 2049.78,
                                                          "Total Cost": 683994.75,
                                                          "Plan Rows": 4860,
                                                          "Plan Width": 28,
                                                          "Inner Unique": false,
                                                          "Hash Cond": "(store_sales.ss_sold_date_sk = date_dim.d_date_sk)",
                                                          "Plans": [
                                                            {
                                                              "Node Type": "Seq Scan",
                                                              "Parent Relationship": "Outer",
                                                              "Parallel Aware": true,
                                                              "Async Capable": false,
                                                              "Relation Name": "store_sales",
                                                              "Alias": "store_sales",
                                                              "Startup Cost": 0.0,
                                                              "Total Cost": 636914.37,
                                                              "Plan Rows": 12000637,
                                                              "Plan Width": 32,
                                                              "parent": 13,
                                                              "ID": 14
                                                            },
                                                            {
                                                              "Node Type": "Hash",
                                                              "Parent Relationship": "Inner",
                                                              "Parallel Aware": true,
                                                              "Async Capable": false,
                                                              "Startup Cost": 2049.55,
                                                              "Total Cost": 2049.55,
                                                              "Plan Rows": 18,
                                                              "Plan Width": 4,
                                                              "Plans": [
                                                                {
                                                                  "Node Type": "Seq Scan",
                                                                  "Parent Relationship": "Outer",
                                                                  "Parallel Aware": true,
                                                                  "Async Capable": false,
                                                                  "Relation Name": "date_dim",
                                                                  "Alias": "date_dim",
                                                                  "Startup Cost": 0.0,
                                                                  "Total Cost": 2049.55,
                                                                  "Plan Rows": 18,
                                                                  "Plan Width": 4,
                                                                  "Filter": "((d_date >= '2000-08-25'::date) AND (d_date <= '2000-09-24 00:00:00'::timestamp without time zone))",
                                                                  "parent": 15,
                                                                  "ID": 16
                                                                }
                                                              ],
                                                              "parent": 13,
                                                              "ID": 15,
                                                              "left": 16
                                                            }
                                                          ],
                                                          "parent": 12,
                                                          "ID": 13,
                                                          "left": 14,
                                                          "right": 15
                                                        },
                                                        {
                                                          "Node Type": "Hash",
                                                          "Parent Relationship": "Inner",
                                                          "Parallel Aware": true,
                                                          "Async Capable": false,
                                                          "Startup Cost": 59887.64,
                                                          "Total Cost": 59887.64,
                                                          "Plan Rows": 1198164,
                                                          "Plan Width": 20,
                                                          "Plans": [
                                                            {
                                                              "Node Type": "Seq Scan",
                                                              "Parent Relationship": "Outer",
                                                              "Parallel Aware": true,
                                                              "Async Capable": false,
                                                              "Relation Name": "store_returns",
                                                              "Alias": "store_returns",
                                                              "Startup Cost": 0.0,
                                                              "Total Cost": 59887.64,
                                                              "Plan Rows": 1198164,
                                                              "Plan Width": 20,
                                                              "parent": 17,
                                                              "ID": 18
                                                            }
                                                          ],
                                                          "parent": 12,
                                                          "ID": 17,
                                                          "left": 18
                                                        }
                                                      ],
                                                      "parent": 11,
                                                      "ID": 12,
                                                      "left": 13,
                                                      "right": 17
                                                    },
                                                    {
                                                      "Node Type": "Hash",
                                                      "Parent Relationship": "Inner",
                                                      "Parallel Aware": true,
                                                      "Async Capable": false,
                                                      "Startup Cost": 7495.25,
                                                      "Total Cost": 7495.25,
                                                      "Plan Rows": 2442,
                                                      "Plan Width": 4,
                                                      "Plans": [
                                                        {
                                                          "Node Type": "Seq Scan",
                                                          "Parent Relationship": "Outer",
                                                          "Parallel Aware": true,
                                                          "Async Capable": false,
                                                          "Relation Name": "item",
                                                          "Alias": "item",
                                                          "Startup Cost": 0.0,
                                                          "Total Cost": 7495.25,
                                                          "Plan Rows": 2442,
                                                          "Plan Width": 4,
                                                          "Filter": "(i_current_price > '50'::numeric)",
                                                          "parent": 19,
                                                          "ID": 20
                                                        }
                                                      ],
                                                      "parent": 11,
                                                      "ID": 19,
                                                      "left": 20
                                                    }
                                                  ],
                                                  "parent": 10,
                                                  "ID": 11,
                                                  "left": 12,
                                                  "right": 19
                                                },
                                                {
                                                  "Node Type": "Hash",
                                                  "Parent Relationship": "Inner",
                                                  "Parallel Aware": false,
                                                  "Async Capable": false,
                                                  "Startup Cost": 19.25,
                                                  "Total Cost": 19.25,
                                                  "Plan Rows": 492,
                                                  "Plan Width": 4,
                                                  "Plans": [
                                                    {
                                                      "Node Type": "Seq Scan",
                                                      "Parent Relationship": "Outer",
                                                      "Parallel Aware": false,
                                                      "Async Capable": false,
                                                      "Relation Name": "promotion",
                                                      "Alias": "promotion",
                                                      "Startup Cost": 0.0,
                                                      "Total Cost": 19.25,
                                                      "Plan Rows": 492,
                                                      "Plan Width": 4,
                                                      "Filter": "(p_channel_tv = 'N'::bpchar)",
                                                      "parent": 21,
                                                      "ID": 22
                                                    }
                                                  ],
                                                  "parent": 10,
                                                  "ID": 21,
                                                  "left": 22
                                                }
                                              ],
                                              "parent": 9,
                                              "ID": 10,
                                              "left": 11,
                                              "right": 21
                                            },
                                            {
                                              "Node Type": "Hash",
                                              "Parent Relationship": "Inner",
                                              "Parallel Aware": false,
                                              "Async Capable": false,
                                              "Startup Cost": 6.02,
                                              "Total Cost": 6.02,
                                              "Plan Rows": 102,
                                              "Plan Width": 21,
                                              "Plans": [
                                                {
                                                  "Node Type": "Seq Scan",
                                                  "Parent Relationship": "Outer",
                                                  "Parallel Aware": false,
                                                  "Async Capable": false,
                                                  "Relation Name": "store",
                                                  "Alias": "store",
                                                  "Startup Cost": 0.0,
                                                  "Total Cost": 6.02,
                                                  "Plan Rows": 102,
                                                  "Plan Width": 21,
                                                  "parent": 23,
                                                  "ID": 24
                                                }
                                              ],
                                              "parent": 9,
                                              "ID": 23,
                                              "left": 24
                                            }
                                          ],
                                          "parent": 8,
                                          "ID": 9,
                                          "left": 10,
                                          "right": 23
                                        }
                                      ],
                                      "parent": 7,
                                      "ID": 8,
                                      "left": 9
                                    }
                                  ],
                                  "parent": 6,
                                  "ID": 7,
                                  "left": 8
                                }
                              ],
                              "parent": 5,
                              "ID": 6,
                              "left": 7
                            }
                          ],
                          "parent": 4,
                          "ID": 5,
                          "left": 6
                        }
                      ],
                      "parent": 3,
                      "ID": 4,
                      "left": 5
                    },
                    {
                      "Node Type": "Subquery Scan",
                      "Parent Relationship": "Member",
                      "Parallel Aware": false,
                      "Async Capable": false,
                      "Alias": "csr",
                      "Startup Cost": 518177.36,
                      "Total Cost": 518230.78,
                      "Plan Rows": 340,
                      "Plan Width": 160,
                      "Plans": [
                        {
                          "Node Type": "Aggregate",
                          "Strategy": "Sorted",
                          "Partial Mode": "Finalize",
                          "Parent Relationship": "Subquery",
                          "Parallel Aware": false,
                          "Async Capable": false,
                          "Startup Cost": 518177.36,
                          "Total Cost": 518225.68,
                          "Plan Rows": 340,
                          "Plan Width": 113,
                          "Group Key": [
                            "catalog_page.cp_catalog_page_id"
                          ],
                          "Plans": [
                            {
                              "Node Type": "Gather Merge",
                              "Parent Relationship": "Outer",
                              "Parallel Aware": false,
                              "Async Capable": false,
                              "Startup Cost": 518177.36,
                              "Total Cost": 518214.76,
                              "Plan Rows": 284,
                              "Plan Width": 113,
                              "Workers Planned": 2,
                              "Plans": [
                                {
                                  "Node Type": "Aggregate",
                                  "Strategy": "Sorted",
                                  "Partial Mode": "Partial",
                                  "Parent Relationship": "Outer",
                                  "Parallel Aware": false,
                                  "Async Capable": false,
                                  "Startup Cost": 517177.34,
                                  "Total Cost": 517181.95,
                                  "Plan Rows": 142,
                                  "Plan Width": 113,
                                  "Group Key": [
                                    "catalog_page.cp_catalog_page_id"
                                  ],
                                  "Plans": [
                                    {
                                      "Node Type": "Sort",
                                      "Parent Relationship": "Outer",
                                      "Parallel Aware": false,
                                      "Async Capable": false,
                                      "Startup Cost": 517177.34,
                                      "Total Cost": 517177.69,
                                      "Plan Rows": 142,
                                      "Plan Width": 41,
                                      "Sort Key": [
                                        "catalog_page.cp_catalog_page_id"
                                      ],
                                      "Plans": [
                                        {
                                          "Node Type": "Hash Join",
                                          "Parent Relationship": "Outer",
                                          "Parallel Aware": false,
                                          "Async Capable": false,
                                          "Join Type": "Inner",
                                          "Startup Cost": 57382.33,
                                          "Total Cost": 517172.26,
                                          "Plan Rows": 142,
                                          "Plan Width": 41,
                                          "Inner Unique": false,
                                          "Hash Cond": "(catalog_sales.cs_catalog_page_sk = catalog_page.cp_catalog_page_sk)",
                                          "Plans": [
                                            {
                                              "Node Type": "Hash Join",
                                              "Parent Relationship": "Outer",
                                              "Parallel Aware": false,
                                              "Async Capable": false,
                                              "Join Type": "Inner",
                                              "Startup Cost": 56864.33,
                                              "Total Cost": 516652.32,
                                              "Plan Rows": 142,
                                              "Plan Width": 28,
                                              "Inner Unique": false,
                                              "Hash Cond": "(catalog_sales.cs_promo_sk = promotion_1.p_promo_sk)",
                                              "Plans": [
                                                {
                                                  "Node Type": "Hash Join",
                                                  "Parent Relationship": "Outer",
                                                  "Parallel Aware": true,
                                                  "Async Capable": false,
                                                  "Join Type": "Inner",
                                                  "Startup Cost": 56838.93,
                                                  "Total Cost": 516624.96,
                                                  "Plan Rows": 145,
                                                  "Plan Width": 32,
                                                  "Inner Unique": false,
                                                  "Hash Cond": "(catalog_sales.cs_item_sk = item_1.i_item_sk)",
                                                  "Plans": [
                                                    {
                                                      "Node Type": "Hash Join",
                                                      "Parent Relationship": "Outer",
                                                      "Parallel Aware": true,
                                                      "Async Capable": false,
                                                      "Join Type": "Left",
                                                      "Startup Cost": 49313.15,
                                                      "Total Cost": 509089.08,
                                                      "Plan Rows": 2532,
                                                      "Plan Width": 36,
                                                      "Inner Unique": false,
                                                      "Hash Cond": "((catalog_sales.cs_item_sk = catalog_returns.cr_item_sk) AND (catalog_sales.cs_order_number = catalog_returns.cr_order_number))",
                                                      "Plans": [
                                                        {
                                                          "Node Type": "Hash Join",
                                                          "Parent Relationship": "Outer",
                                                          "Parallel Aware": true,
                                                          "Async Capable": false,
                                                          "Join Type": "Inner",
                                                          "Startup Cost": 2049.78,
                                                          "Total Cost": 458254.7,
                                                          "Plan Rows": 2532,
                                                          "Plan Width": 28,
                                                          "Inner Unique": false,
                                                          "Hash Cond": "(catalog_sales.cs_sold_date_sk = date_dim_1.d_date_sk)",
                                                          "Plans": [
                                                            {
                                                              "Node Type": "Seq Scan",
                                                              "Parent Relationship": "Outer",
                                                              "Parallel Aware": true,
                                                              "Async Capable": false,
                                                              "Relation Name": "catalog_sales",
                                                              "Alias": "catalog_sales",
                                                              "Startup Cost": 0.0,
                                                              "Total Cost": 433688.25,
                                                              "Plan Rows": 6000525,
                                                              "Plan Width": 32,
                                                              "parent": 34,
                                                              "ID": 35
                                                            },
                                                            {
                                                              "Node Type": "Hash",
                                                              "Parent Relationship": "Inner",
                                                              "Parallel Aware": true,
                                                              "Async Capable": false,
                                                              "Startup Cost": 2049.55,
                                                              "Total Cost": 2049.55,
                                                              "Plan Rows": 18,
                                                              "Plan Width": 4,
                                                              "Plans": [
                                                                {
                                                                  "Node Type": "Seq Scan",
                                                                  "Parent Relationship": "Outer",
                                                                  "Parallel Aware": true,
                                                                  "Async Capable": false,
                                                                  "Relation Name": "date_dim",
                                                                  "Alias": "date_dim_1",
                                                                  "Startup Cost": 0.0,
                                                                  "Total Cost": 2049.55,
                                                                  "Plan Rows": 18,
                                                                  "Plan Width": 4,
                                                                  "Filter": "((d_date >= '2000-08-25'::date) AND (d_date <= '2000-09-24 00:00:00'::timestamp without time zone))",
                                                                  "parent": 36,
                                                                  "ID": 37
                                                                }
                                                              ],
                                                              "parent": 34,
                                                              "ID": 36,
                                                              "left": 37
                                                            }
                                                          ],
                                                          "parent": 33,
                                                          "ID": 34,
                                                          "left": 35,
                                                          "right": 36
                                                        },
                                                        {
                                                          "Node Type": "Hash",
                                                          "Parent Relationship": "Inner",
                                                          "Parallel Aware": true,
                                                          "Async Capable": false,
                                                          "Startup Cost": 34748.95,
                                                          "Total Cost": 34748.95,
                                                          "Plan Rows": 599895,
                                                          "Plan Width": 20,
                                                          "Plans": [
                                                            {
                                                              "Node Type": "Seq Scan",
                                                              "Parent Relationship": "Outer",
                                                              "Parallel Aware": true,
                                                              "Async Capable": false,
                                                              "Relation Name": "catalog_returns",
                                                              "Alias": "catalog_returns",
                                                              "Startup Cost": 0.0,
                                                              "Total Cost": 34748.95,
                                                              "Plan Rows": 599895,
                                                              "Plan Width": 20,
                                                              "parent": 38,
                                                              "ID": 39
                                                            }
                                                          ],
                                                          "parent": 33,
                                                          "ID": 38,
                                                          "left": 39
                                                        }
                                                      ],
                                                      "parent": 32,
                                                      "ID": 33,
                                                      "left": 34,
                                                      "right": 38
                                                    },
                                                    {
                                                      "Node Type": "Hash",
                                                      "Parent Relationship": "Inner",
                                                      "Parallel Aware": true,
                                                      "Async Capable": false,
                                                      "Startup Cost": 7495.25,
                                                      "Total Cost": 7495.25,
                                                      "Plan Rows": 2442,
                                                      "Plan Width": 4,
                                                      "Plans": [
                                                        {
                                                          "Node Type": "Seq Scan",
                                                          "Parent Relationship": "Outer",
                                                          "Parallel Aware": true,
                                                          "Async Capable": false,
                                                          "Relation Name": "item",
                                                          "Alias": "item_1",
                                                          "Startup Cost": 0.0,
                                                          "Total Cost": 7495.25,
                                                          "Plan Rows": 2442,
                                                          "Plan Width": 4,
                                                          "Filter": "(i_current_price > '50'::numeric)",
                                                          "parent": 40,
                                                          "ID": 41
                                                        }
                                                      ],
                                                      "parent": 32,
                                                      "ID": 40,
                                                      "left": 41
                                                    }
                                                  ],
                                                  "parent": 31,
                                                  "ID": 32,
                                                  "left": 33,
                                                  "right": 40
                                                },
                                                {
                                                  "Node Type": "Hash",
                                                  "Parent Relationship": "Inner",
                                                  "Parallel Aware": false,
                                                  "Async Capable": false,
                                                  "Startup Cost": 19.25,
                                                  "Total Cost": 19.25,
                                                  "Plan Rows": 492,
                                                  "Plan Width": 4,
                                                  "Plans": [
                                                    {
                                                      "Node Type": "Seq Scan",
                                                      "Parent Relationship": "Outer",
                                                      "Parallel Aware": false,
                                                      "Async Capable": false,
                                                      "Relation Name": "promotion",
                                                      "Alias": "promotion_1",
                                                      "Startup Cost": 0.0,
                                                      "Total Cost": 19.25,
                                                      "Plan Rows": 492,
                                                      "Plan Width": 4,
                                                      "Filter": "(p_channel_tv = 'N'::bpchar)",
                                                      "parent": 42,
                                                      "ID": 43
                                                    }
                                                  ],
                                                  "parent": 31,
                                                  "ID": 42,
                                                  "left": 43
                                                }
                                              ],
                                              "parent": 30,
                                              "ID": 31,
                                              "left": 32,
                                              "right": 42
                                            },
                                            {
                                              "Node Type": "Hash",
                                              "Parent Relationship": "Inner",
                                              "Parallel Aware": false,
                                              "Async Capable": false,
                                              "Startup Cost": 368.0,
                                              "Total Cost": 368.0,
                                              "Plan Rows": 12000,
                                              "Plan Width": 21,
                                              "Plans": [
                                                {
                                                  "Node Type": "Seq Scan",
                                                  "Parent Relationship": "Outer",
                                                  "Parallel Aware": false,
                                                  "Async Capable": false,
                                                  "Relation Name": "catalog_page",
                                                  "Alias": "catalog_page",
                                                  "Startup Cost": 0.0,
                                                  "Total Cost": 368.0,
                                                  "Plan Rows": 12000,
                                                  "Plan Width": 21,
                                                  "parent": 44,
                                                  "ID": 45
                                                }
                                              ],
                                              "parent": 30,
                                              "ID": 44,
                                              "left": 45
                                            }
                                          ],
                                          "parent": 29,
                                          "ID": 30,
                                          "left": 31,
                                          "right": 44
                                        }
                                      ],
                                      "parent": 28,
                                      "ID": 29,
                                      "left": 30
                                    }
                                  ],
                                  "parent": 27,
                                  "ID": 28,
                                  "left": 29
                                }
                              ],
                              "parent": 26,
                              "ID": 27,
                              "left": 28
                            }
                          ],
                          "parent": 25,
                          "ID": 26,
                          "left": 27
                        }
                      ],
                      "parent": 3,
                      "ID": 25,
                      "left": 26
                    },
                    {
                      "Node Type": "Subquery Scan",
                      "Parent Relationship": "Member",
                      "Parallel Aware": false,
                      "Async Capable": false,
                      "Alias": "wsr",
                      "Startup Cost": 263919.04,
                      "Total Cost": 263926.75,
                      "Plan Rows": 21,
                      "Plan Width": 160,
                      "Plans": [
                        {
                          "Node Type": "Aggregate",
                          "Strategy": "Sorted",
                          "Partial Mode": "Finalize",
                          "Parent Relationship": "Subquery",
                          "Parallel Aware": false,
                          "Async Capable": false,
                          "Startup Cost": 263919.04,
                          "Total Cost": 263926.43,
                          "Plan Rows": 21,
                          "Plan Width": 113,
                          "Group Key": [
                            "web_site.web_site_id"
                          ],
                          "Plans": [
                            {
                              "Node Type": "Gather Merge",
                              "Parent Relationship": "Outer",
                              "Parallel Aware": false,
                              "Async Capable": false,
                              "Startup Cost": 263919.04,
                              "Total Cost": 263925.33,
                              "Plan Rows": 42,
                              "Plan Width": 113,
                              "Workers Planned": 2,
                              "Plans": [
                                {
                                  "Node Type": "Aggregate",
                                  "Strategy": "Sorted",
                                  "Partial Mode": "Partial",
                                  "Parent Relationship": "Outer",
                                  "Parallel Aware": false,
                                  "Async Capable": false,
                                  "Startup Cost": 262919.01,
                                  "Total Cost": 262920.46,
                                  "Plan Rows": 21,
                                  "Plan Width": 113,
                                  "Group Key": [
                                    "web_site.web_site_id"
                                  ],
                                  "Plans": [
                                    {
                                      "Node Type": "Sort",
                                      "Parent Relationship": "Outer",
                                      "Parallel Aware": false,
                                      "Async Capable": false,
                                      "Startup Cost": 262919.01,
                                      "Total Cost": 262919.19,
                                      "Plan Rows": 72,
                                      "Plan Width": 41,
                                      "Sort Key": [
                                        "web_site.web_site_id"
                                      ],
                                      "Plans": [
                                        {
                                          "Node Type": "Hash Join",
                                          "Parent Relationship": "Outer",
                                          "Parallel Aware": false,
                                          "Async Capable": false,
                                          "Join Type": "Inner",
                                          "Startup Cost": 32134.74,
                                          "Total Cost": 262916.79,
                                          "Plan Rows": 72,
                                          "Plan Width": 41,
                                          "Inner Unique": false,
                                          "Hash Cond": "(web_sales.ws_web_site_sk = web_site.web_site_sk)",
                                          "Plans": [
                                            {
                                              "Node Type": "Hash Join",
                                              "Parent Relationship": "Outer",
                                              "Parallel Aware": false,
                                              "Async Capable": false,
                                              "Join Type": "Inner",
                                              "Startup Cost": 32130.8,
                                              "Total Cost": 262911.86,
                                              "Plan Rows": 72,
                                              "Plan Width": 28,
                                              "Inner Unique": false,
                                              "Hash Cond": "(web_sales.ws_promo_sk = promotion_2.p_promo_sk)",
                                              "Plans": [
                                                {
                                                  "Node Type": "Hash Join",
                                                  "Parent Relationship": "Outer",
                                                  "Parallel Aware": true,
                                                  "Async Capable": false,
                                                  "Join Type": "Inner",
                                                  "Startup Cost": 32105.4,
                                                  "Total Cost": 262885.46,
                                                  "Plan Rows": 73,
                                                  "Plan Width": 32,
                                                  "Inner Unique": false,
                                                  "Hash Cond": "(web_sales.ws_item_sk = item_2.i_item_sk)",
                                                  "Plans": [
                                                    {
                                                      "Node Type": "Hash Join",
                                                      "Parent Relationship": "Outer",
                                                      "Parallel Aware": true,
                                                      "Async Capable": false,
                                                      "Join Type": "Left",
                                                      "Startup Cost": 24579.62,
                                                      "Total Cost": 255354.62,
                                                      "Plan Rows": 1272,
                                                      "Plan Width": 36,
                                                      "Inner Unique": false,
                                                      "Hash Cond": "((web_sales.ws_item_sk = web_returns.wr_item_sk) AND (web_sales.ws_order_number = web_returns.wr_order_number))",
                                                      "Plans": [
                                                        {
                                                          "Node Type": "Hash Join",
                                                          "Parent Relationship": "Outer",
                                                          "Parallel Aware": true,
                                                          "Async Capable": false,
                                                          "Join Type": "Inner",
                                                          "Startup Cost": 2049.78,
                                                          "Total Cost": 231041.22,
                                                          "Plan Rows": 1272,
                                                          "Plan Width": 28,
                                                          "Inner Unique": false,
                                                          "Hash Cond": "(web_sales.ws_sold_date_sk = date_dim_2.d_date_sk)",
                                                          "Plans": [
                                                            {
                                                              "Node Type": "Seq Scan",
                                                              "Parent Relationship": "Outer",
                                                              "Parallel Aware": true,
                                                              "Async Capable": false,
                                                              "Relation Name": "web_sales",
                                                              "Alias": "web_sales",
                                                              "Startup Cost": 0.0,
                                                              "Total Cost": 217737.86,
                                                              "Plan Rows": 2998986,
                                                              "Plan Width": 32,
                                                              "parent": 55,
                                                              "ID": 56
                                                            },
                                                            {
                                                              "Node Type": "Hash",
                                                              "Parent Relationship": "Inner",
                                                              "Parallel Aware": true,
                                                              "Async Capable": false,
                                                              "Startup Cost": 2049.55,
                                                              "Total Cost": 2049.55,
                                                              "Plan Rows": 18,
                                                              "Plan Width": 4,
                                                              "Plans": [
                                                                {
                                                                  "Node Type": "Seq Scan",
                                                                  "Parent Relationship": "Outer",
                                                                  "Parallel Aware": true,
                                                                  "Async Capable": false,
                                                                  "Relation Name": "date_dim",
                                                                  "Alias": "date_dim_2",
                                                                  "Startup Cost": 0.0,
                                                                  "Total Cost": 2049.55,
                                                                  "Plan Rows": 18,
                                                                  "Plan Width": 4,
                                                                  "Filter": "((d_date >= '2000-08-25'::date) AND (d_date <= '2000-09-24 00:00:00'::timestamp without time zone))",
                                                                  "parent": 57,
                                                                  "ID": 58
                                                                }
                                                              ],
                                                              "parent": 55,
                                                              "ID": 57,
                                                              "left": 58
                                                            }
                                                          ],
                                                          "parent": 54,
                                                          "ID": 55,
                                                          "left": 56,
                                                          "right": 57
                                                        },
                                                        {
                                                          "Node Type": "Hash",
                                                          "Parent Relationship": "Inner",
                                                          "Parallel Aware": true,
                                                          "Async Capable": false,
                                                          "Startup Cost": 16278.74,
                                                          "Total Cost": 16278.74,
                                                          "Plan Rows": 299674,
                                                          "Plan Width": 20,
                                                          "Plans": [
                                                            {
                                                              "Node Type": "Seq Scan",
                                                              "Parent Relationship": "Outer",
                                                              "Parallel Aware": true,
                                                              "Async Capable": false,
                                                              "Relation Name": "web_returns",
                                                              "Alias": "web_returns",
                                                              "Startup Cost": 0.0,
                                                              "Total Cost": 16278.74,
                                                              "Plan Rows": 299674,
                                                              "Plan Width": 20,
                                                              "parent": 59,
                                                              "ID": 60
                                                            }
                                                          ],
                                                          "parent": 54,
                                                          "ID": 59,
                                                          "left": 60
                                                        }
                                                      ],
                                                      "parent": 53,
                                                      "ID": 54,
                                                      "left": 55,
                                                      "right": 59
                                                    },
                                                    {
                                                      "Node Type": "Hash",
                                                      "Parent Relationship": "Inner",
                                                      "Parallel Aware": true,
                                                      "Async Capable": false,
                                                      "Startup Cost": 7495.25,
                                                      "Total Cost": 7495.25,
                                                      "Plan Rows": 2442,
                                                      "Plan Width": 4,
                                                      "Plans": [
                                                        {
                                                          "Node Type": "Seq Scan",
                                                          "Parent Relationship": "Outer",
                                                          "Parallel Aware": true,
                                                          "Async Capable": false,
                                                          "Relation Name": "item",
                                                          "Alias": "item_2",
                                                          "Startup Cost": 0.0,
                                                          "Total Cost": 7495.25,
                                                          "Plan Rows": 2442,
                                                          "Plan Width": 4,
                                                          "Filter": "(i_current_price > '50'::numeric)",
                                                          "parent": 61,
                                                          "ID": 62
                                                        }
                                                      ],
                                                      "parent": 53,
                                                      "ID": 61,
                                                      "left": 62
                                                    }
                                                  ],
                                                  "parent": 52,
                                                  "ID": 53,
                                                  "left": 54,
                                                  "right": 61
                                                },
                                                {
                                                  "Node Type": "Hash",
                                                  "Parent Relationship": "Inner",
                                                  "Parallel Aware": false,
                                                  "Async Capable": false,
                                                  "Startup Cost": 19.25,
                                                  "Total Cost": 19.25,
                                                  "Plan Rows": 492,
                                                  "Plan Width": 4,
                                                  "Plans": [
                                                    {
                                                      "Node Type": "Seq Scan",
                                                      "Parent Relationship": "Outer",
                                                      "Parallel Aware": false,
                                                      "Async Capable": false,
                                                      "Relation Name": "promotion",
                                                      "Alias": "promotion_2",
                                                      "Startup Cost": 0.0,
                                                      "Total Cost": 19.25,
                                                      "Plan Rows": 492,
                                                      "Plan Width": 4,
                                                      "Filter": "(p_channel_tv = 'N'::bpchar)",
                                                      "parent": 63,
                                                      "ID": 64
                                                    }
                                                  ],
                                                  "parent": 52,
                                                  "ID": 63,
                                                  "left": 64
                                                }
                                              ],
                                              "parent": 51,
                                              "ID": 52,
                                              "left": 53,
                                              "right": 63
                                            },
                                            {
                                              "Node Type": "Hash",
                                              "Parent Relationship": "Inner",
                                              "Parallel Aware": false,
                                              "Async Capable": false,
                                              "Startup Cost": 3.42,
                                              "Total Cost": 3.42,
                                              "Plan Rows": 42,
                                              "Plan Width": 21,
                                              "Plans": [
                                                {
                                                  "Node Type": "Seq Scan",
                                                  "Parent Relationship": "Outer",
                                                  "Parallel Aware": false,
                                                  "Async Capable": false,
                                                  "Relation Name": "web_site",
                                                  "Alias": "web_site",
                                                  "Startup Cost": 0.0,
                                                  "Total Cost": 3.42,
                                                  "Plan Rows": 42,
                                                  "Plan Width": 21,
                                                  "parent": 65,
                                                  "ID": 66
                                                }
                                              ],
                                              "parent": 51,
                                              "ID": 65,
                                              "left": 66
                                            }
                                          ],
                                          "parent": 50,
                                          "ID": 51,
                                          "left": 52,
                                          "right": 65
                                        }
                                      ],
                                      "parent": 49,
                                      "ID": 50,
                                      "left": 51
                                    }
                                  ],
                                  "parent": 48,
                                  "ID": 49,
                                  "left": 50
                                }
                              ],
                              "parent": 47,
                              "ID": 48,
                              "left": 49
                            }
                          ],
                          "parent": 46,
                          "ID": 47,
                          "left": 48
                        }
                      ],
                      "parent": 3,
                      "ID": 46,
                      "left": 47
                    }
                  ],
                  "parent": 2,
                  "ID": 3,
                  "left": 4,
                  "right": 25
                }
              ],
              "parent": 1,
              "ID": 2,
              "left": 3
            }
          ],
          "parent": 0,
          "ID": 1,
          "left": 2
        }
      ],
      "parent": null,
      "ID": 0,
      "left": 1
    },
    "feat": {
      "utility": 2.1788098394368505e-06,
      "query_shape": [
        [
          "Seq Scan",
          "Hash Join",
          "Sort",
          "Aggregate",
          "Gather Merge",
          "Subquery Scan",
          "Append"
        ],
        [
          "Seq Scan",
          "Hash",
          "Hash Join",
          "Sort",
          "Aggregate",
          "Gather Merge",
          "Subquery Scan",
          "Append"
        ],
        [
          "Seq Scan",
          "Hash",
          "Hash Join",
          "Sort",
          "Aggregate",
          "Gather Merge",
          "Subquery Scan",
          "Append"
        ],
        [
          "Seq Scan",
          "Hash",
          "Hash Join",
          "Sort",
          "Aggregate",
          "Gather Merge",
          "Subquery Scan",
          "Append"
        ],
        [
          "Seq Scan",
          "Hash",
          "Hash Join",
          "Sort",
          "Aggregate",
          "Gather Merge",
          "Subquery Scan",
          "Append"
        ],
        [
          "Seq Scan",
          "Hash",
          "Hash Join",
          "Sort",
          "Aggregate",
          "Gather Merge",
          "Subquery Scan",
          "Append"
        ],
        [
          "Seq Scan",
          "Hash Join",
          "Sort",
          "Aggregate",
          "Gather Merge",
          "Subquery Scan",
          "Append"
        ],
        [
          "Seq Scan",
          "Hash",
          "Hash Join",
          "Sort",
          "Aggregate",
          "Gather Merge",
          "Subquery Scan",
          "Append"
        ],
        [
          "Seq Scan",
          "Hash",
          "Hash Join",
          "Sort",
          "Aggregate",
          "Gather Merge",
          "Subquery Scan",
          "Append"
        ],
        [
          "Seq Scan",
          "Hash",
          "Hash Join",
          "Sort",
          "Aggregate",
          "Gather Merge",
          "Subquery Scan",
          "Append"
        ],
        [
          "Seq Scan",
          "Hash",
          "Hash Join",
          "Sort",
          "Aggregate",
          "Gather Merge",
          "Subquery Scan",
          "Append"
        ],
        [
          "Seq Scan",
          "Hash",
          "Hash Join",
          "Sort",
          "Aggregate",
          "Gather Merge",
          "Subquery Scan",
          "Append"
        ],
        [
          "Seq Scan",
          "Hash Join",
          "Sort",
          "Aggregate",
          "Gather Merge",
          "Subquery Scan",
          "Append"
        ],
        [
          "Seq Scan",
          "Hash",
          "Hash Join",
          "Sort",
          "Aggregate",
          "Gather Merge",
          "Subquery Scan",
          "Append"
        ],
        [
          "Seq Scan",
          "Hash",
          "Hash Join",
          "Sort",
          "Aggregate",
          "Gather Merge",
          "Subquery Scan",
          "Append"
        ],
        [
          "Seq Scan",
          "Hash",
          "Hash Join",
          "Sort",
          "Aggregate",
          "Gather Merge",
          "Subquery Scan",
          "Append"
        ],
        [
          "Seq Scan",
          "Hash",
          "Hash Join",
          "Sort",
          "Aggregate",
          "Gather Merge",
          "Subquery Scan",
          "Append"
        ],
        [
          "Seq Scan",
          "Hash",
          "Hash Join",
          "Sort",
          "Aggregate",
          "Gather Merge",
          "Subquery Scan",
          "Append"
        ]
      ],
      "index_shape": [
        "join"
      ],
      "physical_operator": {
        "Hash Join": [
          0.0018267346539619918
        ]
      }
    }
  },
  {
    "query": "with ssr as\n (select  s_store_id as store_id,\n          sum(ss_ext_sales_price) as sales,\n          sum(coalesce(sr_return_amt, 0)) as returns,\n          sum(ss_net_profit - coalesce(sr_net_loss, 0)) as profit\n  from store_sales left outer join store_returns on\n         (ss_item_sk = sr_item_sk and ss_ticket_number = sr_ticket_number),\n     date_dim,\n     store,\n     item,\n     promotion\n where ss_sold_date_sk = d_date_sk\n       and d_date between cast('2000-08-25' as date) \n                  and (cast('2000-08-25' as date) +  interval '30 days')\n       and ss_store_sk = s_store_sk\n       and ss_item_sk = i_item_sk\n       and i_current_price > 50\n       and ss_promo_sk = p_promo_sk\n       and p_channel_tv = 'N'\n group by s_store_id)\n ,\n csr as\n (select  cp_catalog_page_id as catalog_page_id,\n          sum(cs_ext_sales_price) as sales,\n          sum(coalesce(cr_return_amount, 0)) as returns,\n          sum(cs_net_profit - coalesce(cr_net_loss, 0)) as profit\n  from catalog_sales left outer join catalog_returns on\n         (cs_item_sk = cr_item_sk and cs_order_number = cr_order_number),\n     date_dim,\n     catalog_page,\n     item,\n     promotion\n where cs_sold_date_sk = d_date_sk\n       and d_date between cast('2000-08-25' as date)\n                  and (cast('2000-08-25' as date) +  interval '30 days')\n        and cs_catalog_page_sk = cp_catalog_page_sk\n       and cs_item_sk = i_item_sk\n       and i_current_price > 50\n       and cs_promo_sk = p_promo_sk\n       and p_channel_tv = 'N'\ngroup by cp_catalog_page_id)\n ,\n wsr as\n (select  web_site_id,\n          sum(ws_ext_sales_price) as sales,\n          sum(coalesce(wr_return_amt, 0)) as returns,\n          sum(ws_net_profit - coalesce(wr_net_loss, 0)) as profit\n  from web_sales left outer join web_returns on\n         (ws_item_sk = wr_item_sk and ws_order_number = wr_order_number),\n     date_dim,\n     web_site,\n     item,\n     promotion\n where ws_sold_date_sk = d_date_sk\n       and d_date between cast('2000-08-25' as date)\n                  and (cast('2000-08-25' as date) +  interval '30 days')\n        and ws_web_site_sk = web_site_sk\n       and ws_item_sk = i_item_sk\n       and i_current_price > 50\n       and ws_promo_sk = p_promo_sk\n       and p_channel_tv = 'N'\ngroup by web_site_id)\n  select  channel\n        , id\n        , sum(sales) as sales\n        , sum(returns) as returns\n        , sum(profit) as profit\n from \n (select 'store channel' as channel\n        , 'store' || store_id as id\n        , sales\n        , returns\n        , profit\n from   ssr\n union all\n select 'catalog channel' as channel\n        , 'catalog_page' || catalog_page_id as id\n        , sales\n        , returns\n        , profit\n from  csr\n union all\n select 'web channel' as channel\n        , 'web_site' || web_site_id as id\n        , sales\n        , returns\n        , profit\n from   wsr\n ) x\n group by rollup (channel, id)\n order by channel\n         ,id\n limit 100;\n\n-- end query 61 in stream 1 using template query80.tpl\n",
    "indexes": "web_returns.wr_order_number",
    "wo plan est": {
      "Node Type": "Limit",
      "Parallel Aware": false,
      "Async Capable": false,
      "Startup Cost": 1566793.64,
      "Total Cost": 1566796.93,
      "Plan Rows": 100,
      "Plan Width": 160,
      "Plans": [
        {
          "Node Type": "Aggregate",
          "Strategy": "Sorted",
          "Partial Mode": "Simple",
          "Parent Relationship": "Outer",
          "Parallel Aware": false,
          "Async Capable": false,
          "Startup Cost": 1566793.64,
          "Total Cost": 1566806.84,
          "Plan Rows": 401,
          "Plan Width": 160,
          "Grouping Sets": [
            {
              "Group Keys": [
                [
                  "('store channel'::text)",
                  "(('store'::text || (ssr.store_id)::text))"
                ],
                [
                  "('store channel'::text)"
                ],
                []
              ]
            }
          ],
          "Plans": [
            {
              "Node Type": "Sort",
              "Parent Relationship": "Outer",
              "Parallel Aware": false,
              "Async Capable": false,
              "Startup Cost": 1566793.64,
              "Total Cost": 1566794.67,
              "Plan Rows": 412,
              "Plan Width": 160,
              "Sort Key": [
                "('store channel'::text)",
                "(('store'::text || (ssr.store_id)::text))"
              ],
              "Plans": [
                {
                  "Node Type": "Append",
                  "Parent Relationship": "Outer",
                  "Parallel Aware": false,
                  "Async Capable": false,
                  "Startup Cost": 784596.3,
                  "Total Cost": 1566775.74,
                  "Plan Rows": 412,
                  "Plan Width": 160,
                  "Subplans Removed": 0,
                  "Plans": [
                    {
                      "Node Type": "Subquery Scan",
                      "Parent Relationship": "Member",
                      "Parallel Aware": false,
                      "Async Capable": false,
                      "Alias": "ssr",
                      "Startup Cost": 784596.3,
                      "Total Cost": 784616.16,
                      "Plan Rows": 51,
                      "Plan Width": 160,
                      "Plans": [
                        {
                          "Node Type": "Aggregate",
                          "Strategy": "Sorted",
                          "Partial Mode": "Finalize",
                          "Parent Relationship": "Subquery",
                          "Parallel Aware": false,
                          "Async Capable": false,
                          "Startup Cost": 784596.3,
                          "Total Cost": 784615.39,
                          "Plan Rows": 51,
                          "Plan Width": 113,
                          "Group Key": [
                            "store.s_store_id"
                          ],
                          "Plans": [
                            {
                              "Node Type": "Gather Merge",
                              "Parent Relationship": "Outer",
                              "Parallel Aware": false,
                              "Async Capable": false,
                              "Startup Cost": 784596.3,
                              "Total Cost": 784612.71,
                              "Plan Rows": 102,
                              "Plan Width": 113,
                              "Workers Planned": 2,
                              "Plans": [
                                {
                                  "Node Type": "Aggregate",
                                  "Strategy": "Sorted",
                                  "Partial Mode": "Partial",
                                  "Parent Relationship": "Outer",
                                  "Parallel Aware": false,
                                  "Async Capable": false,
                                  "Startup Cost": 783596.27,
                                  "Total Cost": 783600.92,
                                  "Plan Rows": 51,
                                  "Plan Width": 113,
                                  "Group Key": [
                                    "store.s_store_id"
                                  ],
                                  "Plans": [
                                    {
                                      "Node Type": "Sort",
                                      "Parent Relationship": "Outer",
                                      "Parallel Aware": false,
                                      "Async Capable": false,
                                      "Startup Cost": 783596.27,
                                      "Total Cost": 783596.9,
                                      "Plan Rows": 250,
                                      "Plan Width": 41,
                                      "Sort Key": [
                                        "store.s_store_id"
                                      ],
                                      "Plans": [
                                        {
                                          "Node Type": "Hash Join",
                                          "Parent Relationship": "Outer",
                                          "Parallel Aware": false,
                                          "Async Capable": false,
                                          "Join Type": "Inner",
                                          "Startup Cost": 94489.35,
                                          "Total Cost": 783586.32,
                                          "Plan Rows": 250,
                                          "Plan Width": 41,
                                          "Inner Unique": false,
                                          "Hash Cond": "(store_sales.ss_store_sk = store.s_store_sk)",
                                          "Plans": [
                                            {
                                              "Node Type": "Hash Join",
                                              "Parent Relationship": "Outer",
                                              "Parallel Aware": false,
                                              "Async Capable": false,
                                              "Join Type": "Inner",
                                              "Startup Cost": 94482.05,
                                              "Total Cost": 783575.54,
                                              "Plan Rows": 262,
                                              "Plan Width": 28,
                                              "Inner Unique": false,
                                              "Hash Cond": "(store_sales.ss_promo_sk = promotion.p_promo_sk)",
                                              "Plans": [
                                                {
                                                  "Node Type": "Hash Join",
                                                  "Parent Relationship": "Outer",
                                                  "Parallel Aware": true,
                                                  "Async Capable": false,
                                                  "Join Type": "Inner",
                                                  "Startup Cost": 94456.65,
                                                  "Total Cost": 783546.47,
                                                  "Plan Rows": 279,
                                                  "Plan Width": 32,
                                                  "Inner Unique": false,
                                                  "Hash Cond": "(store_sales.ss_item_sk = item.i_item_sk)",
                                                  "Plans": [
                                                    {
                                                      "Node Type": "Hash Join",
                                                      "Parent Relationship": "Outer",
                                                      "Parallel Aware": true,
                                                      "Async Capable": false,
                                                      "Join Type": "Left",
                                                      "Startup Cost": 86930.88,
                                                      "Total Cost": 776001.31,
                                                      "Plan Rows": 4860,
                                                      "Plan Width": 36,
                                                      "Inner Unique": false,
                                                      "Hash Cond": "((store_sales.ss_item_sk = store_returns.sr_item_sk) AND (store_sales.ss_ticket_number = store_returns.sr_ticket_number))",
                                                      "Plans": [
                                                        {
                                                          "Node Type": "Hash Join",
                                                          "Parent Relationship": "Outer",
                                                          "Parallel Aware": true,
                                                          "Async Capable": false,
                                                          "Join Type": "Inner",
                                                          "Startup Cost": 2049.78,
                                                          "Total Cost": 683994.75,
                                                          "Plan Rows": 4860,
                                                          "Plan Width": 28,
                                                          "Inner Unique": false,
                                                          "Hash Cond": "(store_sales.ss_sold_date_sk = date_dim.d_date_sk)",
                                                          "Plans": [
                                                            {
                                                              "Node Type": "Seq Scan",
                                                              "Parent Relationship": "Outer",
                                                              "Parallel Aware": true,
                                                              "Async Capable": false,
                                                              "Relation Name": "store_sales",
                                                              "Alias": "store_sales",
                                                              "Startup Cost": 0.0,
                                                              "Total Cost": 636914.37,
                                                              "Plan Rows": 12000637,
                                                              "Plan Width": 32,
                                                              "parent": 13,
                                                              "ID": 14
                                                            },
                                                            {
                                                              "Node Type": "Hash",
                                                              "Parent Relationship": "Inner",
                                                              "Parallel Aware": true,
                                                              "Async Capable": false,
                                                              "Startup Cost": 2049.55,
                                                              "Total Cost": 2049.55,
                                                              "Plan Rows": 18,
                                                              "Plan Width": 4,
                                                              "Plans": [
                                                                {
                                                                  "Node Type": "Seq Scan",
                                                                  "Parent Relationship": "Outer",
                                                                  "Parallel Aware": true,
                                                                  "Async Capable": false,
                                                                  "Relation Name": "date_dim",
                                                                  "Alias": "date_dim",
                                                                  "Startup Cost": 0.0,
                                                                  "Total Cost": 2049.55,
                                                                  "Plan Rows": 18,
                                                                  "Plan Width": 4,
                                                                  "Filter": "((d_date >= '2000-08-25'::date) AND (d_date <= '2000-09-24 00:00:00'::timestamp without time zone))",
                                                                  "parent": 15,
                                                                  "ID": 16
                                                                }
                                                              ],
                                                              "parent": 13,
                                                              "ID": 15,
                                                              "left": 16
                                                            }
                                                          ],
                                                          "parent": 12,
                                                          "ID": 13,
                                                          "left": 14,
                                                          "right": 15
                                                        },
                                                        {
                                                          "Node Type": "Hash",
                                                          "Parent Relationship": "Inner",
                                                          "Parallel Aware": true,
                                                          "Async Capable": false,
                                                          "Startup Cost": 59887.64,
                                                          "Total Cost": 59887.64,
                                                          "Plan Rows": 1198164,
                                                          "Plan Width": 20,
                                                          "Plans": [
                                                            {
                                                              "Node Type": "Seq Scan",
                                                              "Parent Relationship": "Outer",
                                                              "Parallel Aware": true,
                                                              "Async Capable": false,
                                                              "Relation Name": "store_returns",
                                                              "Alias": "store_returns",
                                                              "Startup Cost": 0.0,
                                                              "Total Cost": 59887.64,
                                                              "Plan Rows": 1198164,
                                                              "Plan Width": 20,
                                                              "parent": 17,
                                                              "ID": 18
                                                            }
                                                          ],
                                                          "parent": 12,
                                                          "ID": 17,
                                                          "left": 18
                                                        }
                                                      ],
                                                      "parent": 11,
                                                      "ID": 12,
                                                      "left": 13,
                                                      "right": 17
                                                    },
                                                    {
                                                      "Node Type": "Hash",
                                                      "Parent Relationship": "Inner",
                                                      "Parallel Aware": true,
                                                      "Async Capable": false,
                                                      "Startup Cost": 7495.25,
                                                      "Total Cost": 7495.25,
                                                      "Plan Rows": 2442,
                                                      "Plan Width": 4,
                                                      "Plans": [
                                                        {
                                                          "Node Type": "Seq Scan",
                                                          "Parent Relationship": "Outer",
                                                          "Parallel Aware": true,
                                                          "Async Capable": false,
                                                          "Relation Name": "item",
                                                          "Alias": "item",
                                                          "Startup Cost": 0.0,
                                                          "Total Cost": 7495.25,
                                                          "Plan Rows": 2442,
                                                          "Plan Width": 4,
                                                          "Filter": "(i_current_price > '50'::numeric)",
                                                          "parent": 19,
                                                          "ID": 20
                                                        }
                                                      ],
                                                      "parent": 11,
                                                      "ID": 19,
                                                      "left": 20
                                                    }
                                                  ],
                                                  "parent": 10,
                                                  "ID": 11,
                                                  "left": 12,
                                                  "right": 19
                                                },
                                                {
                                                  "Node Type": "Hash",
                                                  "Parent Relationship": "Inner",
                                                  "Parallel Aware": false,
                                                  "Async Capable": false,
                                                  "Startup Cost": 19.25,
                                                  "Total Cost": 19.25,
                                                  "Plan Rows": 492,
                                                  "Plan Width": 4,
                                                  "Plans": [
                                                    {
                                                      "Node Type": "Seq Scan",
                                                      "Parent Relationship": "Outer",
                                                      "Parallel Aware": false,
                                                      "Async Capable": false,
                                                      "Relation Name": "promotion",
                                                      "Alias": "promotion",
                                                      "Startup Cost": 0.0,
                                                      "Total Cost": 19.25,
                                                      "Plan Rows": 492,
                                                      "Plan Width": 4,
                                                      "Filter": "(p_channel_tv = 'N'::bpchar)",
                                                      "parent": 21,
                                                      "ID": 22
                                                    }
                                                  ],
                                                  "parent": 10,
                                                  "ID": 21,
                                                  "left": 22
                                                }
                                              ],
                                              "parent": 9,
                                              "ID": 10,
                                              "left": 11,
                                              "right": 21
                                            },
                                            {
                                              "Node Type": "Hash",
                                              "Parent Relationship": "Inner",
                                              "Parallel Aware": false,
                                              "Async Capable": false,
                                              "Startup Cost": 6.02,
                                              "Total Cost": 6.02,
                                              "Plan Rows": 102,
                                              "Plan Width": 21,
                                              "Plans": [
                                                {
                                                  "Node Type": "Seq Scan",
                                                  "Parent Relationship": "Outer",
                                                  "Parallel Aware": false,
                                                  "Async Capable": false,
                                                  "Relation Name": "store",
                                                  "Alias": "store",
                                                  "Startup Cost": 0.0,
                                                  "Total Cost": 6.02,
                                                  "Plan Rows": 102,
                                                  "Plan Width": 21,
                                                  "parent": 23,
                                                  "ID": 24
                                                }
                                              ],
                                              "parent": 9,
                                              "ID": 23,
                                              "left": 24
                                            }
                                          ],
                                          "parent": 8,
                                          "ID": 9,
                                          "left": 10,
                                          "right": 23
                                        }
                                      ],
                                      "parent": 7,
                                      "ID": 8,
                                      "left": 9
                                    }
                                  ],
                                  "parent": 6,
                                  "ID": 7,
                                  "left": 8
                                }
                              ],
                              "parent": 5,
                              "ID": 6,
                              "left": 7
                            }
                          ],
                          "parent": 4,
                          "ID": 5,
                          "left": 6
                        }
                      ],
                      "parent": 3,
                      "ID": 4,
                      "left": 5
                    },
                    {
                      "Node Type": "Subquery Scan",
                      "Parent Relationship": "Member",
                      "Parallel Aware": false,
                      "Async Capable": false,
                      "Alias": "csr",
                      "Startup Cost": 518177.36,
                      "Total Cost": 518230.78,
                      "Plan Rows": 340,
                      "Plan Width": 160,
                      "Plans": [
                        {
                          "Node Type": "Aggregate",
                          "Strategy": "Sorted",
                          "Partial Mode": "Finalize",
                          "Parent Relationship": "Subquery",
                          "Parallel Aware": false,
                          "Async Capable": false,
                          "Startup Cost": 518177.36,
                          "Total Cost": 518225.68,
                          "Plan Rows": 340,
                          "Plan Width": 113,
                          "Group Key": [
                            "catalog_page.cp_catalog_page_id"
                          ],
                          "Plans": [
                            {
                              "Node Type": "Gather Merge",
                              "Parent Relationship": "Outer",
                              "Parallel Aware": false,
                              "Async Capable": false,
                              "Startup Cost": 518177.36,
                              "Total Cost": 518214.76,
                              "Plan Rows": 284,
                              "Plan Width": 113,
                              "Workers Planned": 2,
                              "Plans": [
                                {
                                  "Node Type": "Aggregate",
                                  "Strategy": "Sorted",
                                  "Partial Mode": "Partial",
                                  "Parent Relationship": "Outer",
                                  "Parallel Aware": false,
                                  "Async Capable": false,
                                  "Startup Cost": 517177.34,
                                  "Total Cost": 517181.95,
                                  "Plan Rows": 142,
                                  "Plan Width": 113,
                                  "Group Key": [
                                    "catalog_page.cp_catalog_page_id"
                                  ],
                                  "Plans": [
                                    {
                                      "Node Type": "Sort",
                                      "Parent Relationship": "Outer",
                                      "Parallel Aware": false,
                                      "Async Capable": false,
                                      "Startup Cost": 517177.34,
                                      "Total Cost": 517177.69,
                                      "Plan Rows": 142,
                                      "Plan Width": 41,
                                      "Sort Key": [
                                        "catalog_page.cp_catalog_page_id"
                                      ],
                                      "Plans": [
                                        {
                                          "Node Type": "Hash Join",
                                          "Parent Relationship": "Outer",
                                          "Parallel Aware": false,
                                          "Async Capable": false,
                                          "Join Type": "Inner",
                                          "Startup Cost": 57382.33,
                                          "Total Cost": 517172.26,
                                          "Plan Rows": 142,
                                          "Plan Width": 41,
                                          "Inner Unique": false,
                                          "Hash Cond": "(catalog_sales.cs_catalog_page_sk = catalog_page.cp_catalog_page_sk)",
                                          "Plans": [
                                            {
                                              "Node Type": "Hash Join",
                                              "Parent Relationship": "Outer",
                                              "Parallel Aware": false,
                                              "Async Capable": false,
                                              "Join Type": "Inner",
                                              "Startup Cost": 56864.33,
                                              "Total Cost": 516652.32,
                                              "Plan Rows": 142,
                                              "Plan Width": 28,
                                              "Inner Unique": false,
                                              "Hash Cond": "(catalog_sales.cs_promo_sk = promotion_1.p_promo_sk)",
                                              "Plans": [
                                                {
                                                  "Node Type": "Hash Join",
                                                  "Parent Relationship": "Outer",
                                                  "Parallel Aware": true,
                                                  "Async Capable": false,
                                                  "Join Type": "Inner",
                                                  "Startup Cost": 56838.93,
                                                  "Total Cost": 516624.96,
                                                  "Plan Rows": 145,
                                                  "Plan Width": 32,
                                                  "Inner Unique": false,
                                                  "Hash Cond": "(catalog_sales.cs_item_sk = item_1.i_item_sk)",
                                                  "Plans": [
                                                    {
                                                      "Node Type": "Hash Join",
                                                      "Parent Relationship": "Outer",
                                                      "Parallel Aware": true,
                                                      "Async Capable": false,
                                                      "Join Type": "Left",
                                                      "Startup Cost": 49313.15,
                                                      "Total Cost": 509089.08,
                                                      "Plan Rows": 2532,
                                                      "Plan Width": 36,
                                                      "Inner Unique": false,
                                                      "Hash Cond": "((catalog_sales.cs_item_sk = catalog_returns.cr_item_sk) AND (catalog_sales.cs_order_number = catalog_returns.cr_order_number))",
                                                      "Plans": [
                                                        {
                                                          "Node Type": "Hash Join",
                                                          "Parent Relationship": "Outer",
                                                          "Parallel Aware": true,
                                                          "Async Capable": false,
                                                          "Join Type": "Inner",
                                                          "Startup Cost": 2049.78,
                                                          "Total Cost": 458254.7,
                                                          "Plan Rows": 2532,
                                                          "Plan Width": 28,
                                                          "Inner Unique": false,
                                                          "Hash Cond": "(catalog_sales.cs_sold_date_sk = date_dim_1.d_date_sk)",
                                                          "Plans": [
                                                            {
                                                              "Node Type": "Seq Scan",
                                                              "Parent Relationship": "Outer",
                                                              "Parallel Aware": true,
                                                              "Async Capable": false,
                                                              "Relation Name": "catalog_sales",
                                                              "Alias": "catalog_sales",
                                                              "Startup Cost": 0.0,
                                                              "Total Cost": 433688.25,
                                                              "Plan Rows": 6000525,
                                                              "Plan Width": 32,
                                                              "parent": 34,
                                                              "ID": 35
                                                            },
                                                            {
                                                              "Node Type": "Hash",
                                                              "Parent Relationship": "Inner",
                                                              "Parallel Aware": true,
                                                              "Async Capable": false,
                                                              "Startup Cost": 2049.55,
                                                              "Total Cost": 2049.55,
                                                              "Plan Rows": 18,
                                                              "Plan Width": 4,
                                                              "Plans": [
                                                                {
                                                                  "Node Type": "Seq Scan",
                                                                  "Parent Relationship": "Outer",
                                                                  "Parallel Aware": true,
                                                                  "Async Capable": false,
                                                                  "Relation Name": "date_dim",
                                                                  "Alias": "date_dim_1",
                                                                  "Startup Cost": 0.0,
                                                                  "Total Cost": 2049.55,
                                                                  "Plan Rows": 18,
                                                                  "Plan Width": 4,
                                                                  "Filter": "((d_date >= '2000-08-25'::date) AND (d_date <= '2000-09-24 00:00:00'::timestamp without time zone))",
                                                                  "parent": 36,
                                                                  "ID": 37
                                                                }
                                                              ],
                                                              "parent": 34,
                                                              "ID": 36,
                                                              "left": 37
                                                            }
                                                          ],
                                                          "parent": 33,
                                                          "ID": 34,
                                                          "left": 35,
                                                          "right": 36
                                                        },
                                                        {
                                                          "Node Type": "Hash",
                                                          "Parent Relationship": "Inner",
                                                          "Parallel Aware": true,
                                                          "Async Capable": false,
                                                          "Startup Cost": 34748.95,
                                                          "Total Cost": 34748.95,
                                                          "Plan Rows": 599895,
                                                          "Plan Width": 20,
                                                          "Plans": [
                                                            {
                                                              "Node Type": "Seq Scan",
                                                              "Parent Relationship": "Outer",
                                                              "Parallel Aware": true,
                                                              "Async Capable": false,
                                                              "Relation Name": "catalog_returns",
                                                              "Alias": "catalog_returns",
                                                              "Startup Cost": 0.0,
                                                              "Total Cost": 34748.95,
                                                              "Plan Rows": 599895,
                                                              "Plan Width": 20,
                                                              "parent": 38,
                                                              "ID": 39
                                                            }
                                                          ],
                                                          "parent": 33,
                                                          "ID": 38,
                                                          "left": 39
                                                        }
                                                      ],
                                                      "parent": 32,
                                                      "ID": 33,
                                                      "left": 34,
                                                      "right": 38
                                                    },
                                                    {
                                                      "Node Type": "Hash",
                                                      "Parent Relationship": "Inner",
                                                      "Parallel Aware": true,
                                                      "Async Capable": false,
                                                      "Startup Cost": 7495.25,
                                                      "Total Cost": 7495.25,
                                                      "Plan Rows": 2442,
                                                      "Plan Width": 4,
                                                      "Plans": [
                                                        {
                                                          "Node Type": "Seq Scan",
                                                          "Parent Relationship": "Outer",
                                                          "Parallel Aware": true,
                                                          "Async Capable": false,
                                                          "Relation Name": "item",
                                                          "Alias": "item_1",
                                                          "Startup Cost": 0.0,
                                                          "Total Cost": 7495.25,
                                                          "Plan Rows": 2442,
                                                          "Plan Width": 4,
                                                          "Filter": "(i_current_price > '50'::numeric)",
                                                          "parent": 40,
                                                          "ID": 41
                                                        }
                                                      ],
                                                      "parent": 32,
                                                      "ID": 40,
                                                      "left": 41
                                                    }
                                                  ],
                                                  "parent": 31,
                                                  "ID": 32,
                                                  "left": 33,
                                                  "right": 40
                                                },
                                                {
                                                  "Node Type": "Hash",
                                                  "Parent Relationship": "Inner",
                                                  "Parallel Aware": false,
                                                  "Async Capable": false,
                                                  "Startup Cost": 19.25,
                                                  "Total Cost": 19.25,
                                                  "Plan Rows": 492,
                                                  "Plan Width": 4,
                                                  "Plans": [
                                                    {
                                                      "Node Type": "Seq Scan",
                                                      "Parent Relationship": "Outer",
                                                      "Parallel Aware": false,
                                                      "Async Capable": false,
                                                      "Relation Name": "promotion",
                                                      "Alias": "promotion_1",
                                                      "Startup Cost": 0.0,
                                                      "Total Cost": 19.25,
                                                      "Plan Rows": 492,
                                                      "Plan Width": 4,
                                                      "Filter": "(p_channel_tv = 'N'::bpchar)",
                                                      "parent": 42,
                                                      "ID": 43
                                                    }
                                                  ],
                                                  "parent": 31,
                                                  "ID": 42,
                                                  "left": 43
                                                }
                                              ],
                                              "parent": 30,
                                              "ID": 31,
                                              "left": 32,
                                              "right": 42
                                            },
                                            {
                                              "Node Type": "Hash",
                                              "Parent Relationship": "Inner",
                                              "Parallel Aware": false,
                                              "Async Capable": false,
                                              "Startup Cost": 368.0,
                                              "Total Cost": 368.0,
                                              "Plan Rows": 12000,
                                              "Plan Width": 21,
                                              "Plans": [
                                                {
                                                  "Node Type": "Seq Scan",
                                                  "Parent Relationship": "Outer",
                                                  "Parallel Aware": false,
                                                  "Async Capable": false,
                                                  "Relation Name": "catalog_page",
                                                  "Alias": "catalog_page",
                                                  "Startup Cost": 0.0,
                                                  "Total Cost": 368.0,
                                                  "Plan Rows": 12000,
                                                  "Plan Width": 21,
                                                  "parent": 44,
                                                  "ID": 45
                                                }
                                              ],
                                              "parent": 30,
                                              "ID": 44,
                                              "left": 45
                                            }
                                          ],
                                          "parent": 29,
                                          "ID": 30,
                                          "left": 31,
                                          "right": 44
                                        }
                                      ],
                                      "parent": 28,
                                      "ID": 29,
                                      "left": 30
                                    }
                                  ],
                                  "parent": 27,
                                  "ID": 28,
                                  "left": 29
                                }
                              ],
                              "parent": 26,
                              "ID": 27,
                              "left": 28
                            }
                          ],
                          "parent": 25,
                          "ID": 26,
                          "left": 27
                        }
                      ],
                      "parent": 3,
                      "ID": 25,
                      "left": 26
                    },
                    {
                      "Node Type": "Subquery Scan",
                      "Parent Relationship": "Member",
                      "Parallel Aware": false,
                      "Async Capable": false,
                      "Alias": "wsr",
                      "Startup Cost": 263919.04,
                      "Total Cost": 263926.75,
                      "Plan Rows": 21,
                      "Plan Width": 160,
                      "Plans": [
                        {
                          "Node Type": "Aggregate",
                          "Strategy": "Sorted",
                          "Partial Mode": "Finalize",
                          "Parent Relationship": "Subquery",
                          "Parallel Aware": false,
                          "Async Capable": false,
                          "Startup Cost": 263919.04,
                          "Total Cost": 263926.43,
                          "Plan Rows": 21,
                          "Plan Width": 113,
                          "Group Key": [
                            "web_site.web_site_id"
                          ],
                          "Plans": [
                            {
                              "Node Type": "Gather Merge",
                              "Parent Relationship": "Outer",
                              "Parallel Aware": false,
                              "Async Capable": false,
                              "Startup Cost": 263919.04,
                              "Total Cost": 263925.33,
                              "Plan Rows": 42,
                              "Plan Width": 113,
                              "Workers Planned": 2,
                              "Plans": [
                                {
                                  "Node Type": "Aggregate",
                                  "Strategy": "Sorted",
                                  "Partial Mode": "Partial",
                                  "Parent Relationship": "Outer",
                                  "Parallel Aware": false,
                                  "Async Capable": false,
                                  "Startup Cost": 262919.01,
                                  "Total Cost": 262920.46,
                                  "Plan Rows": 21,
                                  "Plan Width": 113,
                                  "Group Key": [
                                    "web_site.web_site_id"
                                  ],
                                  "Plans": [
                                    {
                                      "Node Type": "Sort",
                                      "Parent Relationship": "Outer",
                                      "Parallel Aware": false,
                                      "Async Capable": false,
                                      "Startup Cost": 262919.01,
                                      "Total Cost": 262919.19,
                                      "Plan Rows": 72,
                                      "Plan Width": 41,
                                      "Sort Key": [
                                        "web_site.web_site_id"
                                      ],
                                      "Plans": [
                                        {
                                          "Node Type": "Hash Join",
                                          "Parent Relationship": "Outer",
                                          "Parallel Aware": false,
                                          "Async Capable": false,
                                          "Join Type": "Inner",
                                          "Startup Cost": 32134.74,
                                          "Total Cost": 262916.79,
                                          "Plan Rows": 72,
                                          "Plan Width": 41,
                                          "Inner Unique": false,
                                          "Hash Cond": "(web_sales.ws_web_site_sk = web_site.web_site_sk)",
                                          "Plans": [
                                            {
                                              "Node Type": "Hash Join",
                                              "Parent Relationship": "Outer",
                                              "Parallel Aware": false,
                                              "Async Capable": false,
                                              "Join Type": "Inner",
                                              "Startup Cost": 32130.8,
                                              "Total Cost": 262911.86,
                                              "Plan Rows": 72,
                                              "Plan Width": 28,
                                              "Inner Unique": false,
                                              "Hash Cond": "(web_sales.ws_promo_sk = promotion_2.p_promo_sk)",
                                              "Plans": [
                                                {
                                                  "Node Type": "Hash Join",
                                                  "Parent Relationship": "Outer",
                                                  "Parallel Aware": true,
                                                  "Async Capable": false,
                                                  "Join Type": "Inner",
                                                  "Startup Cost": 32105.4,
                                                  "Total Cost": 262885.46,
                                                  "Plan Rows": 73,
                                                  "Plan Width": 32,
                                                  "Inner Unique": false,
                                                  "Hash Cond": "(web_sales.ws_item_sk = item_2.i_item_sk)",
                                                  "Plans": [
                                                    {
                                                      "Node Type": "Hash Join",
                                                      "Parent Relationship": "Outer",
                                                      "Parallel Aware": true,
                                                      "Async Capable": false,
                                                      "Join Type": "Left",
                                                      "Startup Cost": 24579.62,
                                                      "Total Cost": 255354.62,
                                                      "Plan Rows": 1272,
                                                      "Plan Width": 36,
                                                      "Inner Unique": false,
                                                      "Hash Cond": "((web_sales.ws_item_sk = web_returns.wr_item_sk) AND (web_sales.ws_order_number = web_returns.wr_order_number))",
                                                      "Plans": [
                                                        {
                                                          "Node Type": "Hash Join",
                                                          "Parent Relationship": "Outer",
                                                          "Parallel Aware": true,
                                                          "Async Capable": false,
                                                          "Join Type": "Inner",
                                                          "Startup Cost": 2049.78,
                                                          "Total Cost": 231041.22,
                                                          "Plan Rows": 1272,
                                                          "Plan Width": 28,
                                                          "Inner Unique": false,
                                                          "Hash Cond": "(web_sales.ws_sold_date_sk = date_dim_2.d_date_sk)",
                                                          "Plans": [
                                                            {
                                                              "Node Type": "Seq Scan",
                                                              "Parent Relationship": "Outer",
                                                              "Parallel Aware": true,
                                                              "Async Capable": false,
                                                              "Relation Name": "web_sales",
                                                              "Alias": "web_sales",
                                                              "Startup Cost": 0.0,
                                                              "Total Cost": 217737.86,
                                                              "Plan Rows": 2998986,
                                                              "Plan Width": 32,
                                                              "parent": 55,
                                                              "ID": 56
                                                            },
                                                            {
                                                              "Node Type": "Hash",
                                                              "Parent Relationship": "Inner",
                                                              "Parallel Aware": true,
                                                              "Async Capable": false,
                                                              "Startup Cost": 2049.55,
                                                              "Total Cost": 2049.55,
                                                              "Plan Rows": 18,
                                                              "Plan Width": 4,
                                                              "Plans": [
                                                                {
                                                                  "Node Type": "Seq Scan",
                                                                  "Parent Relationship": "Outer",
                                                                  "Parallel Aware": true,
                                                                  "Async Capable": false,
                                                                  "Relation Name": "date_dim",
                                                                  "Alias": "date_dim_2",
                                                                  "Startup Cost": 0.0,
                                                                  "Total Cost": 2049.55,
                                                                  "Plan Rows": 18,
                                                                  "Plan Width": 4,
                                                                  "Filter": "((d_date >= '2000-08-25'::date) AND (d_date <= '2000-09-24 00:00:00'::timestamp without time zone))",
                                                                  "parent": 57,
                                                                  "ID": 58
                                                                }
                                                              ],
                                                              "parent": 55,
                                                              "ID": 57,
                                                              "left": 58
                                                            }
                                                          ],
                                                          "parent": 54,
                                                          "ID": 55,
                                                          "left": 56,
                                                          "right": 57
                                                        },
                                                        {
                                                          "Node Type": "Hash",
                                                          "Parent Relationship": "Inner",
                                                          "Parallel Aware": true,
                                                          "Async Capable": false,
                                                          "Startup Cost": 16278.74,
                                                          "Total Cost": 16278.74,
                                                          "Plan Rows": 299674,
                                                          "Plan Width": 20,
                                                          "Plans": [
                                                            {
                                                              "Node Type": "Seq Scan",
                                                              "Parent Relationship": "Outer",
                                                              "Parallel Aware": true,
                                                              "Async Capable": false,
                                                              "Relation Name": "web_returns",
                                                              "Alias": "web_returns",
                                                              "Startup Cost": 0.0,
                                                              "Total Cost": 16278.74,
                                                              "Plan Rows": 299674,
                                                              "Plan Width": 20,
                                                              "parent": 59,
                                                              "ID": 60
                                                            }
                                                          ],
                                                          "parent": 54,
                                                          "ID": 59,
                                                          "left": 60
                                                        }
                                                      ],
                                                      "parent": 53,
                                                      "ID": 54,
                                                      "left": 55,
                                                      "right": 59
                                                    },
                                                    {
                                                      "Node Type": "Hash",
                                                      "Parent Relationship": "Inner",
                                                      "Parallel Aware": true,
                                                      "Async Capable": false,
                                                      "Startup Cost": 7495.25,
                                                      "Total Cost": 7495.25,
                                                      "Plan Rows": 2442,
                                                      "Plan Width": 4,
                                                      "Plans": [
                                                        {
                                                          "Node Type": "Seq Scan",
                                                          "Parent Relationship": "Outer",
                                                          "Parallel Aware": true,
                                                          "Async Capable": false,
                                                          "Relation Name": "item",
                                                          "Alias": "item_2",
                                                          "Startup Cost": 0.0,
                                                          "Total Cost": 7495.25,
                                                          "Plan Rows": 2442,
                                                          "Plan Width": 4,
                                                          "Filter": "(i_current_price > '50'::numeric)",
                                                          "parent": 61,
                                                          "ID": 62
                                                        }
                                                      ],
                                                      "parent": 53,
                                                      "ID": 61,
                                                      "left": 62
                                                    }
                                                  ],
                                                  "parent": 52,
                                                  "ID": 53,
                                                  "left": 54,
                                                  "right": 61
                                                },
                                                {
                                                  "Node Type": "Hash",
                                                  "Parent Relationship": "Inner",
                                                  "Parallel Aware": false,
                                                  "Async Capable": false,
                                                  "Startup Cost": 19.25,
                                                  "Total Cost": 19.25,
                                                  "Plan Rows": 492,
                                                  "Plan Width": 4,
                                                  "Plans": [
                                                    {
                                                      "Node Type": "Seq Scan",
                                                      "Parent Relationship": "Outer",
                                                      "Parallel Aware": false,
                                                      "Async Capable": false,
                                                      "Relation Name": "promotion",
                                                      "Alias": "promotion_2",
                                                      "Startup Cost": 0.0,
                                                      "Total Cost": 19.25,
                                                      "Plan Rows": 492,
                                                      "Plan Width": 4,
                                                      "Filter": "(p_channel_tv = 'N'::bpchar)",
                                                      "parent": 63,
                                                      "ID": 64
                                                    }
                                                  ],
                                                  "parent": 52,
                                                  "ID": 63,
                                                  "left": 64
                                                }
                                              ],
                                              "parent": 51,
                                              "ID": 52,
                                              "left": 53,
                                              "right": 63
                                            },
                                            {
                                              "Node Type": "Hash",
                                              "Parent Relationship": "Inner",
                                              "Parallel Aware": false,
                                              "Async Capable": false,
                                              "Startup Cost": 3.42,
                                              "Total Cost": 3.42,
                                              "Plan Rows": 42,
                                              "Plan Width": 21,
                                              "Plans": [
                                                {
                                                  "Node Type": "Seq Scan",
                                                  "Parent Relationship": "Outer",
                                                  "Parallel Aware": false,
                                                  "Async Capable": false,
                                                  "Relation Name": "web_site",
                                                  "Alias": "web_site",
                                                  "Startup Cost": 0.0,
                                                  "Total Cost": 3.42,
                                                  "Plan Rows": 42,
                                                  "Plan Width": 21,
                                                  "parent": 65,
                                                  "ID": 66
                                                }
                                              ],
                                              "parent": 51,
                                              "ID": 65,
                                              "left": 66
                                            }
                                          ],
                                          "parent": 50,
                                          "ID": 51,
                                          "left": 52,
                                          "right": 65
                                        }
                                      ],
                                      "parent": 49,
                                      "ID": 50,
                                      "left": 51
                                    }
                                  ],
                                  "parent": 48,
                                  "ID": 49,
                                  "left": 50
                                }
                              ],
                              "parent": 47,
                              "ID": 48,
                              "left": 49
                            }
                          ],
                          "parent": 46,
                          "ID": 47,
                          "left": 48
                        }
                      ],
                      "parent": 3,
                      "ID": 46,
                      "left": 47
                    }
                  ],
                  "parent": 2,
                  "ID": 3,
                  "left": 4,
                  "right": 25
                }
              ],
              "parent": 1,
              "ID": 2,
              "left": 3
            }
          ],
          "parent": 0,
          "ID": 1,
          "left": 2
        }
      ],
      "parent": null,
      "ID": 0,
      "left": 1
    },
    "feat": {
      "utility": 2.1788098394368505e-06,
      "query_shape": [
        [
          "Seq Scan",
          "Hash Join",
          "Sort",
          "Aggregate",
          "Gather Merge",
          "Subquery Scan",
          "Append"
        ],
        [
          "Seq Scan",
          "Hash",
          "Hash Join",
          "Sort",
          "Aggregate",
          "Gather Merge",
          "Subquery Scan",
          "Append"
        ],
        [
          "Seq Scan",
          "Hash",
          "Hash Join",
          "Sort",
          "Aggregate",
          "Gather Merge",
          "Subquery Scan",
          "Append"
        ],
        [
          "Seq Scan",
          "Hash",
          "Hash Join",
          "Sort",
          "Aggregate",
          "Gather Merge",
          "Subquery Scan",
          "Append"
        ],
        [
          "Seq Scan",
          "Hash",
          "Hash Join",
          "Sort",
          "Aggregate",
          "Gather Merge",
          "Subquery Scan",
          "Append"
        ],
        [
          "Seq Scan",
          "Hash",
          "Hash Join",
          "Sort",
          "Aggregate",
          "Gather Merge",
          "Subquery Scan",
          "Append"
        ],
        [
          "Seq Scan",
          "Hash Join",
          "Sort",
          "Aggregate",
          "Gather Merge",
          "Subquery Scan",
          "Append"
        ],
        [
          "Seq Scan",
          "Hash",
          "Hash Join",
          "Sort",
          "Aggregate",
          "Gather Merge",
          "Subquery Scan",
          "Append"
        ],
        [
          "Seq Scan",
          "Hash",
          "Hash Join",
          "Sort",
          "Aggregate",
          "Gather Merge",
          "Subquery Scan",
          "Append"
        ],
        [
          "Seq Scan",
          "Hash",
          "Hash Join",
          "Sort",
          "Aggregate",
          "Gather Merge",
          "Subquery Scan",
          "Append"
        ],
        [
          "Seq Scan",
          "Hash",
          "Hash Join",
          "Sort",
          "Aggregate",
          "Gather Merge",
          "Subquery Scan",
          "Append"
        ],
        [
          "Seq Scan",
          "Hash",
          "Hash Join",
          "Sort",
          "Aggregate",
          "Gather Merge",
          "Subquery Scan",
          "Append"
        ],
        [
          "Seq Scan",
          "Hash Join",
          "Sort",
          "Aggregate",
          "Gather Merge",
          "Subquery Scan",
          "Append"
        ],
        [
          "Seq Scan",
          "Hash",
          "Hash Join",
          "Sort",
          "Aggregate",
          "Gather Merge",
          "Subquery Scan",
          "Append"
        ],
        [
          "Seq Scan",
          "Hash",
          "Hash Join",
          "Sort",
          "Aggregate",
          "Gather Merge",
          "Subquery Scan",
          "Append"
        ],
        [
          "Seq Scan",
          "Hash",
          "Hash Join",
          "Sort",
          "Aggregate",
          "Gather Merge",
          "Subquery Scan",
          "Append"
        ],
        [
          "Seq Scan",
          "Hash",
          "Hash Join",
          "Sort",
          "Aggregate",
          "Gather Merge",
          "Subquery Scan",
          "Append"
        ],
        [
          "Seq Scan",
          "Hash",
          "Hash Join",
          "Sort",
          "Aggregate",
          "Gather Merge",
          "Subquery Scan",
          "Append"
        ]
      ],
      "index_shape": [
        "join"
      ],
      "physical_operator": {
        "Hash Join": [
          0.0018267346539619918
        ]
      }
    }
  },
  {
    "query": "with ssr as\n (select  s_store_id as store_id,\n          sum(ss_ext_sales_price) as sales,\n          sum(coalesce(sr_return_amt, 0)) as returns,\n          sum(ss_net_profit - coalesce(sr_net_loss, 0)) as profit\n  from store_sales left outer join store_returns on\n         (ss_item_sk = sr_item_sk and ss_ticket_number = sr_ticket_number),\n     date_dim,\n     store,\n     item,\n     promotion\n where ss_sold_date_sk = d_date_sk\n       and d_date between cast('2000-08-25' as date) \n                  and (cast('2000-08-25' as date) +  interval '30 days')\n       and ss_store_sk = s_store_sk\n       and ss_item_sk = i_item_sk\n       and i_current_price > 50\n       and ss_promo_sk = p_promo_sk\n       and p_channel_tv = 'N'\n group by s_store_id)\n ,\n csr as\n (select  cp_catalog_page_id as catalog_page_id,\n          sum(cs_ext_sales_price) as sales,\n          sum(coalesce(cr_return_amount, 0)) as returns,\n          sum(cs_net_profit - coalesce(cr_net_loss, 0)) as profit\n  from catalog_sales left outer join catalog_returns on\n         (cs_item_sk = cr_item_sk and cs_order_number = cr_order_number),\n     date_dim,\n     catalog_page,\n     item,\n     promotion\n where cs_sold_date_sk = d_date_sk\n       and d_date between cast('2000-08-25' as date)\n                  and (cast('2000-08-25' as date) +  interval '30 days')\n        and cs_catalog_page_sk = cp_catalog_page_sk\n       and cs_item_sk = i_item_sk\n       and i_current_price > 50\n       and cs_promo_sk = p_promo_sk\n       and p_channel_tv = 'N'\ngroup by cp_catalog_page_id)\n ,\n wsr as\n (select  web_site_id,\n          sum(ws_ext_sales_price) as sales,\n          sum(coalesce(wr_return_amt, 0)) as returns,\n          sum(ws_net_profit - coalesce(wr_net_loss, 0)) as profit\n  from web_sales left outer join web_returns on\n         (ws_item_sk = wr_item_sk and ws_order_number = wr_order_number),\n     date_dim,\n     web_site,\n     item,\n     promotion\n where ws_sold_date_sk = d_date_sk\n       and d_date between cast('2000-08-25' as date)\n                  and (cast('2000-08-25' as date) +  interval '30 days')\n        and ws_web_site_sk = web_site_sk\n       and ws_item_sk = i_item_sk\n       and i_current_price > 50\n       and ws_promo_sk = p_promo_sk\n       and p_channel_tv = 'N'\ngroup by web_site_id)\n  select  channel\n        , id\n        , sum(sales) as sales\n        , sum(returns) as returns\n        , sum(profit) as profit\n from \n (select 'store channel' as channel\n        , 'store' || store_id as id\n        , sales\n        , returns\n        , profit\n from   ssr\n union all\n select 'catalog channel' as channel\n        , 'catalog_page' || catalog_page_id as id\n        , sales\n        , returns\n        , profit\n from  csr\n union all\n select 'web channel' as channel\n        , 'web_site' || web_site_id as id\n        , sales\n        , returns\n        , profit\n from   wsr\n ) x\n group by rollup (channel, id)\n order by channel\n         ,id\n limit 100;\n\n-- end query 61 in stream 1 using template query80.tpl\n",
    "indexes": "web_returns.wr_return_amt",
    "wo plan est": {
      "Node Type": "Limit",
      "Parallel Aware": false,
      "Async Capable": false,
      "Startup Cost": 1566793.64,
      "Total Cost": 1566796.93,
      "Plan Rows": 100,
      "Plan Width": 160,
      "Plans": [
        {
          "Node Type": "Aggregate",
          "Strategy": "Sorted",
          "Partial Mode": "Simple",
          "Parent Relationship": "Outer",
          "Parallel Aware": false,
          "Async Capable": false,
          "Startup Cost": 1566793.64,
          "Total Cost": 1566806.84,
          "Plan Rows": 401,
          "Plan Width": 160,
          "Grouping Sets": [
            {
              "Group Keys": [
                [
                  "('store channel'::text)",
                  "(('store'::text || (ssr.store_id)::text))"
                ],
                [
                  "('store channel'::text)"
                ],
                []
              ]
            }
          ],
          "Plans": [
            {
              "Node Type": "Sort",
              "Parent Relationship": "Outer",
              "Parallel Aware": false,
              "Async Capable": false,
              "Startup Cost": 1566793.64,
              "Total Cost": 1566794.67,
              "Plan Rows": 412,
              "Plan Width": 160,
              "Sort Key": [
                "('store channel'::text)",
                "(('store'::text || (ssr.store_id)::text))"
              ],
              "Plans": [
                {
                  "Node Type": "Append",
                  "Parent Relationship": "Outer",
                  "Parallel Aware": false,
                  "Async Capable": false,
                  "Startup Cost": 784596.3,
                  "Total Cost": 1566775.74,
                  "Plan Rows": 412,
                  "Plan Width": 160,
                  "Subplans Removed": 0,
                  "Plans": [
                    {
                      "Node Type": "Subquery Scan",
                      "Parent Relationship": "Member",
                      "Parallel Aware": false,
                      "Async Capable": false,
                      "Alias": "ssr",
                      "Startup Cost": 784596.3,
                      "Total Cost": 784616.16,
                      "Plan Rows": 51,
                      "Plan Width": 160,
                      "Plans": [
                        {
                          "Node Type": "Aggregate",
                          "Strategy": "Sorted",
                          "Partial Mode": "Finalize",
                          "Parent Relationship": "Subquery",
                          "Parallel Aware": false,
                          "Async Capable": false,
                          "Startup Cost": 784596.3,
                          "Total Cost": 784615.39,
                          "Plan Rows": 51,
                          "Plan Width": 113,
                          "Group Key": [
                            "store.s_store_id"
                          ],
                          "Plans": [
                            {
                              "Node Type": "Gather Merge",
                              "Parent Relationship": "Outer",
                              "Parallel Aware": false,
                              "Async Capable": false,
                              "Startup Cost": 784596.3,
                              "Total Cost": 784612.71,
                              "Plan Rows": 102,
                              "Plan Width": 113,
                              "Workers Planned": 2,
                              "Plans": [
                                {
                                  "Node Type": "Aggregate",
                                  "Strategy": "Sorted",
                                  "Partial Mode": "Partial",
                                  "Parent Relationship": "Outer",
                                  "Parallel Aware": false,
                                  "Async Capable": false,
                                  "Startup Cost": 783596.27,
                                  "Total Cost": 783600.92,
                                  "Plan Rows": 51,
                                  "Plan Width": 113,
                                  "Group Key": [
                                    "store.s_store_id"
                                  ],
                                  "Plans": [
                                    {
                                      "Node Type": "Sort",
                                      "Parent Relationship": "Outer",
                                      "Parallel Aware": false,
                                      "Async Capable": false,
                                      "Startup Cost": 783596.27,
                                      "Total Cost": 783596.9,
                                      "Plan Rows": 250,
                                      "Plan Width": 41,
                                      "Sort Key": [
                                        "store.s_store_id"
                                      ],
                                      "Plans": [
                                        {
                                          "Node Type": "Hash Join",
                                          "Parent Relationship": "Outer",
                                          "Parallel Aware": false,
                                          "Async Capable": false,
                                          "Join Type": "Inner",
                                          "Startup Cost": 94489.35,
                                          "Total Cost": 783586.32,
                                          "Plan Rows": 250,
                                          "Plan Width": 41,
                                          "Inner Unique": false,
                                          "Hash Cond": "(store_sales.ss_store_sk = store.s_store_sk)",
                                          "Plans": [
                                            {
                                              "Node Type": "Hash Join",
                                              "Parent Relationship": "Outer",
                                              "Parallel Aware": false,
                                              "Async Capable": false,
                                              "Join Type": "Inner",
                                              "Startup Cost": 94482.05,
                                              "Total Cost": 783575.54,
                                              "Plan Rows": 262,
                                              "Plan Width": 28,
                                              "Inner Unique": false,
                                              "Hash Cond": "(store_sales.ss_promo_sk = promotion.p_promo_sk)",
                                              "Plans": [
                                                {
                                                  "Node Type": "Hash Join",
                                                  "Parent Relationship": "Outer",
                                                  "Parallel Aware": true,
                                                  "Async Capable": false,
                                                  "Join Type": "Inner",
                                                  "Startup Cost": 94456.65,
                                                  "Total Cost": 783546.47,
                                                  "Plan Rows": 279,
                                                  "Plan Width": 32,
                                                  "Inner Unique": false,
                                                  "Hash Cond": "(store_sales.ss_item_sk = item.i_item_sk)",
                                                  "Plans": [
                                                    {
                                                      "Node Type": "Hash Join",
                                                      "Parent Relationship": "Outer",
                                                      "Parallel Aware": true,
                                                      "Async Capable": false,
                                                      "Join Type": "Left",
                                                      "Startup Cost": 86930.88,
                                                      "Total Cost": 776001.31,
                                                      "Plan Rows": 4860,
                                                      "Plan Width": 36,
                                                      "Inner Unique": false,
                                                      "Hash Cond": "((store_sales.ss_item_sk = store_returns.sr_item_sk) AND (store_sales.ss_ticket_number = store_returns.sr_ticket_number))",
                                                      "Plans": [
                                                        {
                                                          "Node Type": "Hash Join",
                                                          "Parent Relationship": "Outer",
                                                          "Parallel Aware": true,
                                                          "Async Capable": false,
                                                          "Join Type": "Inner",
                                                          "Startup Cost": 2049.78,
                                                          "Total Cost": 683994.75,
                                                          "Plan Rows": 4860,
                                                          "Plan Width": 28,
                                                          "Inner Unique": false,
                                                          "Hash Cond": "(store_sales.ss_sold_date_sk = date_dim.d_date_sk)",
                                                          "Plans": [
                                                            {
                                                              "Node Type": "Seq Scan",
                                                              "Parent Relationship": "Outer",
                                                              "Parallel Aware": true,
                                                              "Async Capable": false,
                                                              "Relation Name": "store_sales",
                                                              "Alias": "store_sales",
                                                              "Startup Cost": 0.0,
                                                              "Total Cost": 636914.37,
                                                              "Plan Rows": 12000637,
                                                              "Plan Width": 32,
                                                              "parent": 13,
                                                              "ID": 14
                                                            },
                                                            {
                                                              "Node Type": "Hash",
                                                              "Parent Relationship": "Inner",
                                                              "Parallel Aware": true,
                                                              "Async Capable": false,
                                                              "Startup Cost": 2049.55,
                                                              "Total Cost": 2049.55,
                                                              "Plan Rows": 18,
                                                              "Plan Width": 4,
                                                              "Plans": [
                                                                {
                                                                  "Node Type": "Seq Scan",
                                                                  "Parent Relationship": "Outer",
                                                                  "Parallel Aware": true,
                                                                  "Async Capable": false,
                                                                  "Relation Name": "date_dim",
                                                                  "Alias": "date_dim",
                                                                  "Startup Cost": 0.0,
                                                                  "Total Cost": 2049.55,
                                                                  "Plan Rows": 18,
                                                                  "Plan Width": 4,
                                                                  "Filter": "((d_date >= '2000-08-25'::date) AND (d_date <= '2000-09-24 00:00:00'::timestamp without time zone))",
                                                                  "parent": 15,
                                                                  "ID": 16
                                                                }
                                                              ],
                                                              "parent": 13,
                                                              "ID": 15,
                                                              "left": 16
                                                            }
                                                          ],
                                                          "parent": 12,
                                                          "ID": 13,
                                                          "left": 14,
                                                          "right": 15
                                                        },
                                                        {
                                                          "Node Type": "Hash",
                                                          "Parent Relationship": "Inner",
                                                          "Parallel Aware": true,
                                                          "Async Capable": false,
                                                          "Startup Cost": 59887.64,
                                                          "Total Cost": 59887.64,
                                                          "Plan Rows": 1198164,
                                                          "Plan Width": 20,
                                                          "Plans": [
                                                            {
                                                              "Node Type": "Seq Scan",
                                                              "Parent Relationship": "Outer",
                                                              "Parallel Aware": true,
                                                              "Async Capable": false,
                                                              "Relation Name": "store_returns",
                                                              "Alias": "store_returns",
                                                              "Startup Cost": 0.0,
                                                              "Total Cost": 59887.64,
                                                              "Plan Rows": 1198164,
                                                              "Plan Width": 20,
                                                              "parent": 17,
                                                              "ID": 18
                                                            }
                                                          ],
                                                          "parent": 12,
                                                          "ID": 17,
                                                          "left": 18
                                                        }
                                                      ],
                                                      "parent": 11,
                                                      "ID": 12,
                                                      "left": 13,
                                                      "right": 17
                                                    },
                                                    {
                                                      "Node Type": "Hash",
                                                      "Parent Relationship": "Inner",
                                                      "Parallel Aware": true,
                                                      "Async Capable": false,
                                                      "Startup Cost": 7495.25,
                                                      "Total Cost": 7495.25,
                                                      "Plan Rows": 2442,
                                                      "Plan Width": 4,
                                                      "Plans": [
                                                        {
                                                          "Node Type": "Seq Scan",
                                                          "Parent Relationship": "Outer",
                                                          "Parallel Aware": true,
                                                          "Async Capable": false,
                                                          "Relation Name": "item",
                                                          "Alias": "item",
                                                          "Startup Cost": 0.0,
                                                          "Total Cost": 7495.25,
                                                          "Plan Rows": 2442,
                                                          "Plan Width": 4,
                                                          "Filter": "(i_current_price > '50'::numeric)",
                                                          "parent": 19,
                                                          "ID": 20
                                                        }
                                                      ],
                                                      "parent": 11,
                                                      "ID": 19,
                                                      "left": 20
                                                    }
                                                  ],
                                                  "parent": 10,
                                                  "ID": 11,
                                                  "left": 12,
                                                  "right": 19
                                                },
                                                {
                                                  "Node Type": "Hash",
                                                  "Parent Relationship": "Inner",
                                                  "Parallel Aware": false,
                                                  "Async Capable": false,
                                                  "Startup Cost": 19.25,
                                                  "Total Cost": 19.25,
                                                  "Plan Rows": 492,
                                                  "Plan Width": 4,
                                                  "Plans": [
                                                    {
                                                      "Node Type": "Seq Scan",
                                                      "Parent Relationship": "Outer",
                                                      "Parallel Aware": false,
                                                      "Async Capable": false,
                                                      "Relation Name": "promotion",
                                                      "Alias": "promotion",
                                                      "Startup Cost": 0.0,
                                                      "Total Cost": 19.25,
                                                      "Plan Rows": 492,
                                                      "Plan Width": 4,
                                                      "Filter": "(p_channel_tv = 'N'::bpchar)",
                                                      "parent": 21,
                                                      "ID": 22
                                                    }
                                                  ],
                                                  "parent": 10,
                                                  "ID": 21,
                                                  "left": 22
                                                }
                                              ],
                                              "parent": 9,
                                              "ID": 10,
                                              "left": 11,
                                              "right": 21
                                            },
                                            {
                                              "Node Type": "Hash",
                                              "Parent Relationship": "Inner",
                                              "Parallel Aware": false,
                                              "Async Capable": false,
                                              "Startup Cost": 6.02,
                                              "Total Cost": 6.02,
                                              "Plan Rows": 102,
                                              "Plan Width": 21,
                                              "Plans": [
                                                {
                                                  "Node Type": "Seq Scan",
                                                  "Parent Relationship": "Outer",
                                                  "Parallel Aware": false,
                                                  "Async Capable": false,
                                                  "Relation Name": "store",
                                                  "Alias": "store",
                                                  "Startup Cost": 0.0,
                                                  "Total Cost": 6.02,
                                                  "Plan Rows": 102,
                                                  "Plan Width": 21,
                                                  "parent": 23,
                                                  "ID": 24
                                                }
                                              ],
                                              "parent": 9,
                                              "ID": 23,
                                              "left": 24
                                            }
                                          ],
                                          "parent": 8,
                                          "ID": 9,
                                          "left": 10,
                                          "right": 23
                                        }
                                      ],
                                      "parent": 7,
                                      "ID": 8,
                                      "left": 9
                                    }
                                  ],
                                  "parent": 6,
                                  "ID": 7,
                                  "left": 8
                                }
                              ],
                              "parent": 5,
                              "ID": 6,
                              "left": 7
                            }
                          ],
                          "parent": 4,
                          "ID": 5,
                          "left": 6
                        }
                      ],
                      "parent": 3,
                      "ID": 4,
                      "left": 5
                    },
                    {
                      "Node Type": "Subquery Scan",
                      "Parent Relationship": "Member",
                      "Parallel Aware": false,
                      "Async Capable": false,
                      "Alias": "csr",
                      "Startup Cost": 518177.36,
                      "Total Cost": 518230.78,
                      "Plan Rows": 340,
                      "Plan Width": 160,
                      "Plans": [
                        {
                          "Node Type": "Aggregate",
                          "Strategy": "Sorted",
                          "Partial Mode": "Finalize",
                          "Parent Relationship": "Subquery",
                          "Parallel Aware": false,
                          "Async Capable": false,
                          "Startup Cost": 518177.36,
                          "Total Cost": 518225.68,
                          "Plan Rows": 340,
                          "Plan Width": 113,
                          "Group Key": [
                            "catalog_page.cp_catalog_page_id"
                          ],
                          "Plans": [
                            {
                              "Node Type": "Gather Merge",
                              "Parent Relationship": "Outer",
                              "Parallel Aware": false,
                              "Async Capable": false,
                              "Startup Cost": 518177.36,
                              "Total Cost": 518214.76,
                              "Plan Rows": 284,
                              "Plan Width": 113,
                              "Workers Planned": 2,
                              "Plans": [
                                {
                                  "Node Type": "Aggregate",
                                  "Strategy": "Sorted",
                                  "Partial Mode": "Partial",
                                  "Parent Relationship": "Outer",
                                  "Parallel Aware": false,
                                  "Async Capable": false,
                                  "Startup Cost": 517177.34,
                                  "Total Cost": 517181.95,
                                  "Plan Rows": 142,
                                  "Plan Width": 113,
                                  "Group Key": [
                                    "catalog_page.cp_catalog_page_id"
                                  ],
                                  "Plans": [
                                    {
                                      "Node Type": "Sort",
                                      "Parent Relationship": "Outer",
                                      "Parallel Aware": false,
                                      "Async Capable": false,
                                      "Startup Cost": 517177.34,
                                      "Total Cost": 517177.69,
                                      "Plan Rows": 142,
                                      "Plan Width": 41,
                                      "Sort Key": [
                                        "catalog_page.cp_catalog_page_id"
                                      ],
                                      "Plans": [
                                        {
                                          "Node Type": "Hash Join",
                                          "Parent Relationship": "Outer",
                                          "Parallel Aware": false,
                                          "Async Capable": false,
                                          "Join Type": "Inner",
                                          "Startup Cost": 57382.33,
                                          "Total Cost": 517172.26,
                                          "Plan Rows": 142,
                                          "Plan Width": 41,
                                          "Inner Unique": false,
                                          "Hash Cond": "(catalog_sales.cs_catalog_page_sk = catalog_page.cp_catalog_page_sk)",
                                          "Plans": [
                                            {
                                              "Node Type": "Hash Join",
                                              "Parent Relationship": "Outer",
                                              "Parallel Aware": false,
                                              "Async Capable": false,
                                              "Join Type": "Inner",
                                              "Startup Cost": 56864.33,
                                              "Total Cost": 516652.32,
                                              "Plan Rows": 142,
                                              "Plan Width": 28,
                                              "Inner Unique": false,
                                              "Hash Cond": "(catalog_sales.cs_promo_sk = promotion_1.p_promo_sk)",
                                              "Plans": [
                                                {
                                                  "Node Type": "Hash Join",
                                                  "Parent Relationship": "Outer",
                                                  "Parallel Aware": true,
                                                  "Async Capable": false,
                                                  "Join Type": "Inner",
                                                  "Startup Cost": 56838.93,
                                                  "Total Cost": 516624.96,
                                                  "Plan Rows": 145,
                                                  "Plan Width": 32,
                                                  "Inner Unique": false,
                                                  "Hash Cond": "(catalog_sales.cs_item_sk = item_1.i_item_sk)",
                                                  "Plans": [
                                                    {
                                                      "Node Type": "Hash Join",
                                                      "Parent Relationship": "Outer",
                                                      "Parallel Aware": true,
                                                      "Async Capable": false,
                                                      "Join Type": "Left",
                                                      "Startup Cost": 49313.15,
                                                      "Total Cost": 509089.08,
                                                      "Plan Rows": 2532,
                                                      "Plan Width": 36,
                                                      "Inner Unique": false,
                                                      "Hash Cond": "((catalog_sales.cs_item_sk = catalog_returns.cr_item_sk) AND (catalog_sales.cs_order_number = catalog_returns.cr_order_number))",
                                                      "Plans": [
                                                        {
                                                          "Node Type": "Hash Join",
                                                          "Parent Relationship": "Outer",
                                                          "Parallel Aware": true,
                                                          "Async Capable": false,
                                                          "Join Type": "Inner",
                                                          "Startup Cost": 2049.78,
                                                          "Total Cost": 458254.7,
                                                          "Plan Rows": 2532,
                                                          "Plan Width": 28,
                                                          "Inner Unique": false,
                                                          "Hash Cond": "(catalog_sales.cs_sold_date_sk = date_dim_1.d_date_sk)",
                                                          "Plans": [
                                                            {
                                                              "Node Type": "Seq Scan",
                                                              "Parent Relationship": "Outer",
                                                              "Parallel Aware": true,
                                                              "Async Capable": false,
                                                              "Relation Name": "catalog_sales",
                                                              "Alias": "catalog_sales",
                                                              "Startup Cost": 0.0,
                                                              "Total Cost": 433688.25,
                                                              "Plan Rows": 6000525,
                                                              "Plan Width": 32,
                                                              "parent": 34,
                                                              "ID": 35
                                                            },
                                                            {
                                                              "Node Type": "Hash",
                                                              "Parent Relationship": "Inner",
                                                              "Parallel Aware": true,
                                                              "Async Capable": false,
                                                              "Startup Cost": 2049.55,
                                                              "Total Cost": 2049.55,
                                                              "Plan Rows": 18,
                                                              "Plan Width": 4,
                                                              "Plans": [
                                                                {
                                                                  "Node Type": "Seq Scan",
                                                                  "Parent Relationship": "Outer",
                                                                  "Parallel Aware": true,
                                                                  "Async Capable": false,
                                                                  "Relation Name": "date_dim",
                                                                  "Alias": "date_dim_1",
                                                                  "Startup Cost": 0.0,
                                                                  "Total Cost": 2049.55,
                                                                  "Plan Rows": 18,
                                                                  "Plan Width": 4,
                                                                  "Filter": "((d_date >= '2000-08-25'::date) AND (d_date <= '2000-09-24 00:00:00'::timestamp without time zone))",
                                                                  "parent": 36,
                                                                  "ID": 37
                                                                }
                                                              ],
                                                              "parent": 34,
                                                              "ID": 36,
                                                              "left": 37
                                                            }
                                                          ],
                                                          "parent": 33,
                                                          "ID": 34,
                                                          "left": 35,
                                                          "right": 36
                                                        },
                                                        {
                                                          "Node Type": "Hash",
                                                          "Parent Relationship": "Inner",
                                                          "Parallel Aware": true,
                                                          "Async Capable": false,
                                                          "Startup Cost": 34748.95,
                                                          "Total Cost": 34748.95,
                                                          "Plan Rows": 599895,
                                                          "Plan Width": 20,
                                                          "Plans": [
                                                            {
                                                              "Node Type": "Seq Scan",
                                                              "Parent Relationship": "Outer",
                                                              "Parallel Aware": true,
                                                              "Async Capable": false,
                                                              "Relation Name": "catalog_returns",
                                                              "Alias": "catalog_returns",
                                                              "Startup Cost": 0.0,
                                                              "Total Cost": 34748.95,
                                                              "Plan Rows": 599895,
                                                              "Plan Width": 20,
                                                              "parent": 38,
                                                              "ID": 39
                                                            }
                                                          ],
                                                          "parent": 33,
                                                          "ID": 38,
                                                          "left": 39
                                                        }
                                                      ],
                                                      "parent": 32,
                                                      "ID": 33,
                                                      "left": 34,
                                                      "right": 38
                                                    },
                                                    {
                                                      "Node Type": "Hash",
                                                      "Parent Relationship": "Inner",
                                                      "Parallel Aware": true,
                                                      "Async Capable": false,
                                                      "Startup Cost": 7495.25,
                                                      "Total Cost": 7495.25,
                                                      "Plan Rows": 2442,
                                                      "Plan Width": 4,
                                                      "Plans": [
                                                        {
                                                          "Node Type": "Seq Scan",
                                                          "Parent Relationship": "Outer",
                                                          "Parallel Aware": true,
                                                          "Async Capable": false,
                                                          "Relation Name": "item",
                                                          "Alias": "item_1",
                                                          "Startup Cost": 0.0,
                                                          "Total Cost": 7495.25,
                                                          "Plan Rows": 2442,
                                                          "Plan Width": 4,
                                                          "Filter": "(i_current_price > '50'::numeric)",
                                                          "parent": 40,
                                                          "ID": 41
                                                        }
                                                      ],
                                                      "parent": 32,
                                                      "ID": 40,
                                                      "left": 41
                                                    }
                                                  ],
                                                  "parent": 31,
                                                  "ID": 32,
                                                  "left": 33,
                                                  "right": 40
                                                },
                                                {
                                                  "Node Type": "Hash",
                                                  "Parent Relationship": "Inner",
                                                  "Parallel Aware": false,
                                                  "Async Capable": false,
                                                  "Startup Cost": 19.25,
                                                  "Total Cost": 19.25,
                                                  "Plan Rows": 492,
                                                  "Plan Width": 4,
                                                  "Plans": [
                                                    {
                                                      "Node Type": "Seq Scan",
                                                      "Parent Relationship": "Outer",
                                                      "Parallel Aware": false,
                                                      "Async Capable": false,
                                                      "Relation Name": "promotion",
                                                      "Alias": "promotion_1",
                                                      "Startup Cost": 0.0,
                                                      "Total Cost": 19.25,
                                                      "Plan Rows": 492,
                                                      "Plan Width": 4,
                                                      "Filter": "(p_channel_tv = 'N'::bpchar)",
                                                      "parent": 42,
                                                      "ID": 43
                                                    }
                                                  ],
                                                  "parent": 31,
                                                  "ID": 42,
                                                  "left": 43
                                                }
                                              ],
                                              "parent": 30,
                                              "ID": 31,
                                              "left": 32,
                                              "right": 42
                                            },
                                            {
                                              "Node Type": "Hash",
                                              "Parent Relationship": "Inner",
                                              "Parallel Aware": false,
                                              "Async Capable": false,
                                              "Startup Cost": 368.0,
                                              "Total Cost": 368.0,
                                              "Plan Rows": 12000,
                                              "Plan Width": 21,
                                              "Plans": [
                                                {
                                                  "Node Type": "Seq Scan",
                                                  "Parent Relationship": "Outer",
                                                  "Parallel Aware": false,
                                                  "Async Capable": false,
                                                  "Relation Name": "catalog_page",
                                                  "Alias": "catalog_page",
                                                  "Startup Cost": 0.0,
                                                  "Total Cost": 368.0,
                                                  "Plan Rows": 12000,
                                                  "Plan Width": 21,
                                                  "parent": 44,
                                                  "ID": 45
                                                }
                                              ],
                                              "parent": 30,
                                              "ID": 44,
                                              "left": 45
                                            }
                                          ],
                                          "parent": 29,
                                          "ID": 30,
                                          "left": 31,
                                          "right": 44
                                        }
                                      ],
                                      "parent": 28,
                                      "ID": 29,
                                      "left": 30
                                    }
                                  ],
                                  "parent": 27,
                                  "ID": 28,
                                  "left": 29
                                }
                              ],
                              "parent": 26,
                              "ID": 27,
                              "left": 28
                            }
                          ],
                          "parent": 25,
                          "ID": 26,
                          "left": 27
                        }
                      ],
                      "parent": 3,
                      "ID": 25,
                      "left": 26
                    },
                    {
                      "Node Type": "Subquery Scan",
                      "Parent Relationship": "Member",
                      "Parallel Aware": false,
                      "Async Capable": false,
                      "Alias": "wsr",
                      "Startup Cost": 263919.04,
                      "Total Cost": 263926.75,
                      "Plan Rows": 21,
                      "Plan Width": 160,
                      "Plans": [
                        {
                          "Node Type": "Aggregate",
                          "Strategy": "Sorted",
                          "Partial Mode": "Finalize",
                          "Parent Relationship": "Subquery",
                          "Parallel Aware": false,
                          "Async Capable": false,
                          "Startup Cost": 263919.04,
                          "Total Cost": 263926.43,
                          "Plan Rows": 21,
                          "Plan Width": 113,
                          "Group Key": [
                            "web_site.web_site_id"
                          ],
                          "Plans": [
                            {
                              "Node Type": "Gather Merge",
                              "Parent Relationship": "Outer",
                              "Parallel Aware": false,
                              "Async Capable": false,
                              "Startup Cost": 263919.04,
                              "Total Cost": 263925.33,
                              "Plan Rows": 42,
                              "Plan Width": 113,
                              "Workers Planned": 2,
                              "Plans": [
                                {
                                  "Node Type": "Aggregate",
                                  "Strategy": "Sorted",
                                  "Partial Mode": "Partial",
                                  "Parent Relationship": "Outer",
                                  "Parallel Aware": false,
                                  "Async Capable": false,
                                  "Startup Cost": 262919.01,
                                  "Total Cost": 262920.46,
                                  "Plan Rows": 21,
                                  "Plan Width": 113,
                                  "Group Key": [
                                    "web_site.web_site_id"
                                  ],
                                  "Plans": [
                                    {
                                      "Node Type": "Sort",
                                      "Parent Relationship": "Outer",
                                      "Parallel Aware": false,
                                      "Async Capable": false,
                                      "Startup Cost": 262919.01,
                                      "Total Cost": 262919.19,
                                      "Plan Rows": 72,
                                      "Plan Width": 41,
                                      "Sort Key": [
                                        "web_site.web_site_id"
                                      ],
                                      "Plans": [
                                        {
                                          "Node Type": "Hash Join",
                                          "Parent Relationship": "Outer",
                                          "Parallel Aware": false,
                                          "Async Capable": false,
                                          "Join Type": "Inner",
                                          "Startup Cost": 32134.74,
                                          "Total Cost": 262916.79,
                                          "Plan Rows": 72,
                                          "Plan Width": 41,
                                          "Inner Unique": false,
                                          "Hash Cond": "(web_sales.ws_web_site_sk = web_site.web_site_sk)",
                                          "Plans": [
                                            {
                                              "Node Type": "Hash Join",
                                              "Parent Relationship": "Outer",
                                              "Parallel Aware": false,
                                              "Async Capable": false,
                                              "Join Type": "Inner",
                                              "Startup Cost": 32130.8,
                                              "Total Cost": 262911.86,
                                              "Plan Rows": 72,
                                              "Plan Width": 28,
                                              "Inner Unique": false,
                                              "Hash Cond": "(web_sales.ws_promo_sk = promotion_2.p_promo_sk)",
                                              "Plans": [
                                                {
                                                  "Node Type": "Hash Join",
                                                  "Parent Relationship": "Outer",
                                                  "Parallel Aware": true,
                                                  "Async Capable": false,
                                                  "Join Type": "Inner",
                                                  "Startup Cost": 32105.4,
                                                  "Total Cost": 262885.46,
                                                  "Plan Rows": 73,
                                                  "Plan Width": 32,
                                                  "Inner Unique": false,
                                                  "Hash Cond": "(web_sales.ws_item_sk = item_2.i_item_sk)",
                                                  "Plans": [
                                                    {
                                                      "Node Type": "Hash Join",
                                                      "Parent Relationship": "Outer",
                                                      "Parallel Aware": true,
                                                      "Async Capable": false,
                                                      "Join Type": "Left",
                                                      "Startup Cost": 24579.62,
                                                      "Total Cost": 255354.62,
                                                      "Plan Rows": 1272,
                                                      "Plan Width": 36,
                                                      "Inner Unique": false,
                                                      "Hash Cond": "((web_sales.ws_item_sk = web_returns.wr_item_sk) AND (web_sales.ws_order_number = web_returns.wr_order_number))",
                                                      "Plans": [
                                                        {
                                                          "Node Type": "Hash Join",
                                                          "Parent Relationship": "Outer",
                                                          "Parallel Aware": true,
                                                          "Async Capable": false,
                                                          "Join Type": "Inner",
                                                          "Startup Cost": 2049.78,
                                                          "Total Cost": 231041.22,
                                                          "Plan Rows": 1272,
                                                          "Plan Width": 28,
                                                          "Inner Unique": false,
                                                          "Hash Cond": "(web_sales.ws_sold_date_sk = date_dim_2.d_date_sk)",
                                                          "Plans": [
                                                            {
                                                              "Node Type": "Seq Scan",
                                                              "Parent Relationship": "Outer",
                                                              "Parallel Aware": true,
                                                              "Async Capable": false,
                                                              "Relation Name": "web_sales",
                                                              "Alias": "web_sales",
                                                              "Startup Cost": 0.0,
                                                              "Total Cost": 217737.86,
                                                              "Plan Rows": 2998986,
                                                              "Plan Width": 32,
                                                              "parent": 55,
                                                              "ID": 56
                                                            },
                                                            {
                                                              "Node Type": "Hash",
                                                              "Parent Relationship": "Inner",
                                                              "Parallel Aware": true,
                                                              "Async Capable": false,
                                                              "Startup Cost": 2049.55,
                                                              "Total Cost": 2049.55,
                                                              "Plan Rows": 18,
                                                              "Plan Width": 4,
                                                              "Plans": [
                                                                {
                                                                  "Node Type": "Seq Scan",
                                                                  "Parent Relationship": "Outer",
                                                                  "Parallel Aware": true,
                                                                  "Async Capable": false,
                                                                  "Relation Name": "date_dim",
                                                                  "Alias": "date_dim_2",
                                                                  "Startup Cost": 0.0,
                                                                  "Total Cost": 2049.55,
                                                                  "Plan Rows": 18,
                                                                  "Plan Width": 4,
                                                                  "Filter": "((d_date >= '2000-08-25'::date) AND (d_date <= '2000-09-24 00:00:00'::timestamp without time zone))",
                                                                  "parent": 57,
                                                                  "ID": 58
                                                                }
                                                              ],
                                                              "parent": 55,
                                                              "ID": 57,
                                                              "left": 58
                                                            }
                                                          ],
                                                          "parent": 54,
                                                          "ID": 55,
                                                          "left": 56,
                                                          "right": 57
                                                        },
                                                        {
                                                          "Node Type": "Hash",
                                                          "Parent Relationship": "Inner",
                                                          "Parallel Aware": true,
                                                          "Async Capable": false,
                                                          "Startup Cost": 16278.74,
                                                          "Total Cost": 16278.74,
                                                          "Plan Rows": 299674,
                                                          "Plan Width": 20,
                                                          "Plans": [
                                                            {
                                                              "Node Type": "Seq Scan",
                                                              "Parent Relationship": "Outer",
                                                              "Parallel Aware": true,
                                                              "Async Capable": false,
                                                              "Relation Name": "web_returns",
                                                              "Alias": "web_returns",
                                                              "Startup Cost": 0.0,
                                                              "Total Cost": 16278.74,
                                                              "Plan Rows": 299674,
                                                              "Plan Width": 20,
                                                              "parent": 59,
                                                              "ID": 60
                                                            }
                                                          ],
                                                          "parent": 54,
                                                          "ID": 59,
                                                          "left": 60
                                                        }
                                                      ],
                                                      "parent": 53,
                                                      "ID": 54,
                                                      "left": 55,
                                                      "right": 59
                                                    },
                                                    {
                                                      "Node Type": "Hash",
                                                      "Parent Relationship": "Inner",
                                                      "Parallel Aware": true,
                                                      "Async Capable": false,
                                                      "Startup Cost": 7495.25,
                                                      "Total Cost": 7495.25,
                                                      "Plan Rows": 2442,
                                                      "Plan Width": 4,
                                                      "Plans": [
                                                        {
                                                          "Node Type": "Seq Scan",
                                                          "Parent Relationship": "Outer",
                                                          "Parallel Aware": true,
                                                          "Async Capable": false,
                                                          "Relation Name": "item",
                                                          "Alias": "item_2",
                                                          "Startup Cost": 0.0,
                                                          "Total Cost": 7495.25,
                                                          "Plan Rows": 2442,
                                                          "Plan Width": 4,
                                                          "Filter": "(i_current_price > '50'::numeric)",
                                                          "parent": 61,
                                                          "ID": 62
                                                        }
                                                      ],
                                                      "parent": 53,
                                                      "ID": 61,
                                                      "left": 62
                                                    }
                                                  ],
                                                  "parent": 52,
                                                  "ID": 53,
                                                  "left": 54,
                                                  "right": 61
                                                },
                                                {
                                                  "Node Type": "Hash",
                                                  "Parent Relationship": "Inner",
                                                  "Parallel Aware": false,
                                                  "Async Capable": false,
                                                  "Startup Cost": 19.25,
                                                  "Total Cost": 19.25,
                                                  "Plan Rows": 492,
                                                  "Plan Width": 4,
                                                  "Plans": [
                                                    {
                                                      "Node Type": "Seq Scan",
                                                      "Parent Relationship": "Outer",
                                                      "Parallel Aware": false,
                                                      "Async Capable": false,
                                                      "Relation Name": "promotion",
                                                      "Alias": "promotion_2",
                                                      "Startup Cost": 0.0,
                                                      "Total Cost": 19.25,
                                                      "Plan Rows": 492,
                                                      "Plan Width": 4,
                                                      "Filter": "(p_channel_tv = 'N'::bpchar)",
                                                      "parent": 63,
                                                      "ID": 64
                                                    }
                                                  ],
                                                  "parent": 52,
                                                  "ID": 63,
                                                  "left": 64
                                                }
                                              ],
                                              "parent": 51,
                                              "ID": 52,
                                              "left": 53,
                                              "right": 63
                                            },
                                            {
                                              "Node Type": "Hash",
                                              "Parent Relationship": "Inner",
                                              "Parallel Aware": false,
                                              "Async Capable": false,
                                              "Startup Cost": 3.42,
                                              "Total Cost": 3.42,
                                              "Plan Rows": 42,
                                              "Plan Width": 21,
                                              "Plans": [
                                                {
                                                  "Node Type": "Seq Scan",
                                                  "Parent Relationship": "Outer",
                                                  "Parallel Aware": false,
                                                  "Async Capable": false,
                                                  "Relation Name": "web_site",
                                                  "Alias": "web_site",
                                                  "Startup Cost": 0.0,
                                                  "Total Cost": 3.42,
                                                  "Plan Rows": 42,
                                                  "Plan Width": 21,
                                                  "parent": 65,
                                                  "ID": 66
                                                }
                                              ],
                                              "parent": 51,
                                              "ID": 65,
                                              "left": 66
                                            }
                                          ],
                                          "parent": 50,
                                          "ID": 51,
                                          "left": 52,
                                          "right": 65
                                        }
                                      ],
                                      "parent": 49,
                                      "ID": 50,
                                      "left": 51
                                    }
                                  ],
                                  "parent": 48,
                                  "ID": 49,
                                  "left": 50
                                }
                              ],
                              "parent": 47,
                              "ID": 48,
                              "left": 49
                            }
                          ],
                          "parent": 46,
                          "ID": 47,
                          "left": 48
                        }
                      ],
                      "parent": 3,
                      "ID": 46,
                      "left": 47
                    }
                  ],
                  "parent": 2,
                  "ID": 3,
                  "left": 4,
                  "right": 25
                }
              ],
              "parent": 1,
              "ID": 2,
              "left": 3
            }
          ],
          "parent": 0,
          "ID": 1,
          "left": 2
        }
      ],
      "parent": null,
      "ID": 0,
      "left": 1
    },
    "feat": {
      "utility": 0.0,
      "query_shape": [
        [
          "Seq Scan",
          "Hash Join",
          "Sort",
          "Aggregate",
          "Gather Merge",
          "Subquery Scan",
          "Append"
        ],
        [
          "Seq Scan",
          "Hash",
          "Hash Join",
          "Sort",
          "Aggregate",
          "Gather Merge",
          "Subquery Scan",
          "Append"
        ],
        [
          "Seq Scan",
          "Hash",
          "Hash Join",
          "Sort",
          "Aggregate",
          "Gather Merge",
          "Subquery Scan",
          "Append"
        ],
        [
          "Seq Scan",
          "Hash",
          "Hash Join",
          "Sort",
          "Aggregate",
          "Gather Merge",
          "Subquery Scan",
          "Append"
        ],
        [
          "Seq Scan",
          "Hash",
          "Hash Join",
          "Sort",
          "Aggregate",
          "Gather Merge",
          "Subquery Scan",
          "Append"
        ],
        [
          "Seq Scan",
          "Hash",
          "Hash Join",
          "Sort",
          "Aggregate",
          "Gather Merge",
          "Subquery Scan",
          "Append"
        ],
        [
          "Seq Scan",
          "Hash Join",
          "Sort",
          "Aggregate",
          "Gather Merge",
          "Subquery Scan",
          "Append"
        ],
        [
          "Seq Scan",
          "Hash",
          "Hash Join",
          "Sort",
          "Aggregate",
          "Gather Merge",
          "Subquery Scan",
          "Append"
        ],
        [
          "Seq Scan",
          "Hash",
          "Hash Join",
          "Sort",
          "Aggregate",
          "Gather Merge",
          "Subquery Scan",
          "Append"
        ],
        [
          "Seq Scan",
          "Hash",
          "Hash Join",
          "Sort",
          "Aggregate",
          "Gather Merge",
          "Subquery Scan",
          "Append"
        ],
        [
          "Seq Scan",
          "Hash",
          "Hash Join",
          "Sort",
          "Aggregate",
          "Gather Merge",
          "Subquery Scan",
          "Append"
        ],
        [
          "Seq Scan",
          "Hash",
          "Hash Join",
          "Sort",
          "Aggregate",
          "Gather Merge",
          "Subquery Scan",
          "Append"
        ],
        [
          "Seq Scan",
          "Hash Join",
          "Sort",
          "Aggregate",
          "Gather Merge",
          "Subquery Scan",
          "Append"
        ],
        [
          "Seq Scan",
          "Hash",
          "Hash Join",
          "Sort",
          "Aggregate",
          "Gather Merge",
          "Subquery Scan",
          "Append"
        ],
        [
          "Seq Scan",
          "Hash",
          "Hash Join",
          "Sort",
          "Aggregate",
          "Gather Merge",
          "Subquery Scan",
          "Append"
        ],
        [
          "Seq Scan",
          "Hash",
          "Hash Join",
          "Sort",
          "Aggregate",
          "Gather Merge",
          "Subquery Scan",
          "Append"
        ],
        [
          "Seq Scan",
          "Hash",
          "Hash Join",
          "Sort",
          "Aggregate",
          "Gather Merge",
          "Subquery Scan",
          "Append"
        ],
        [
          "Seq Scan",
          "Hash",
          "Hash Join",
          "Sort",
          "Aggregate",
          "Gather Merge",
          "Subquery Scan",
          "Append"
        ]
      ],
      "index_shape": [],
      "physical_operator": {}
    }
  },
  {
    "query": "with ssr as\n (select  s_store_id as store_id,\n          sum(ss_ext_sales_price) as sales,\n          sum(coalesce(sr_return_amt, 0)) as returns,\n          sum(ss_net_profit - coalesce(sr_net_loss, 0)) as profit\n  from store_sales left outer join store_returns on\n         (ss_item_sk = sr_item_sk and ss_ticket_number = sr_ticket_number),\n     date_dim,\n     store,\n     item,\n     promotion\n where ss_sold_date_sk = d_date_sk\n       and d_date between cast('2000-08-25' as date) \n                  and (cast('2000-08-25' as date) +  interval '30 days')\n       and ss_store_sk = s_store_sk\n       and ss_item_sk = i_item_sk\n       and i_current_price > 50\n       and ss_promo_sk = p_promo_sk\n       and p_channel_tv = 'N'\n group by s_store_id)\n ,\n csr as\n (select  cp_catalog_page_id as catalog_page_id,\n          sum(cs_ext_sales_price) as sales,\n          sum(coalesce(cr_return_amount, 0)) as returns,\n          sum(cs_net_profit - coalesce(cr_net_loss, 0)) as profit\n  from catalog_sales left outer join catalog_returns on\n         (cs_item_sk = cr_item_sk and cs_order_number = cr_order_number),\n     date_dim,\n     catalog_page,\n     item,\n     promotion\n where cs_sold_date_sk = d_date_sk\n       and d_date between cast('2000-08-25' as date)\n                  and (cast('2000-08-25' as date) +  interval '30 days')\n        and cs_catalog_page_sk = cp_catalog_page_sk\n       and cs_item_sk = i_item_sk\n       and i_current_price > 50\n       and cs_promo_sk = p_promo_sk\n       and p_channel_tv = 'N'\ngroup by cp_catalog_page_id)\n ,\n wsr as\n (select  web_site_id,\n          sum(ws_ext_sales_price) as sales,\n          sum(coalesce(wr_return_amt, 0)) as returns,\n          sum(ws_net_profit - coalesce(wr_net_loss, 0)) as profit\n  from web_sales left outer join web_returns on\n         (ws_item_sk = wr_item_sk and ws_order_number = wr_order_number),\n     date_dim,\n     web_site,\n     item,\n     promotion\n where ws_sold_date_sk = d_date_sk\n       and d_date between cast('2000-08-25' as date)\n                  and (cast('2000-08-25' as date) +  interval '30 days')\n        and ws_web_site_sk = web_site_sk\n       and ws_item_sk = i_item_sk\n       and i_current_price > 50\n       and ws_promo_sk = p_promo_sk\n       and p_channel_tv = 'N'\ngroup by web_site_id)\n  select  channel\n        , id\n        , sum(sales) as sales\n        , sum(returns) as returns\n        , sum(profit) as profit\n from \n (select 'store channel' as channel\n        , 'store' || store_id as id\n        , sales\n        , returns\n        , profit\n from   ssr\n union all\n select 'catalog channel' as channel\n        , 'catalog_page' || catalog_page_id as id\n        , sales\n        , returns\n        , profit\n from  csr\n union all\n select 'web channel' as channel\n        , 'web_site' || web_site_id as id\n        , sales\n        , returns\n        , profit\n from   wsr\n ) x\n group by rollup (channel, id)\n order by channel\n         ,id\n limit 100;\n\n-- end query 61 in stream 1 using template query80.tpl\n",
    "indexes": "web_returns.wr_net_loss",
    "wo plan est": {
      "Node Type": "Limit",
      "Parallel Aware": false,
      "Async Capable": false,
      "Startup Cost": 1566793.64,
      "Total Cost": 1566796.93,
      "Plan Rows": 100,
      "Plan Width": 160,
      "Plans": [
        {
          "Node Type": "Aggregate",
          "Strategy": "Sorted",
          "Partial Mode": "Simple",
          "Parent Relationship": "Outer",
          "Parallel Aware": false,
          "Async Capable": false,
          "Startup Cost": 1566793.64,
          "Total Cost": 1566806.84,
          "Plan Rows": 401,
          "Plan Width": 160,
          "Grouping Sets": [
            {
              "Group Keys": [
                [
                  "('store channel'::text)",
                  "(('store'::text || (ssr.store_id)::text))"
                ],
                [
                  "('store channel'::text)"
                ],
                []
              ]
            }
          ],
          "Plans": [
            {
              "Node Type": "Sort",
              "Parent Relationship": "Outer",
              "Parallel Aware": false,
              "Async Capable": false,
              "Startup Cost": 1566793.64,
              "Total Cost": 1566794.67,
              "Plan Rows": 412,
              "Plan Width": 160,
              "Sort Key": [
                "('store channel'::text)",
                "(('store'::text || (ssr.store_id)::text))"
              ],
              "Plans": [
                {
                  "Node Type": "Append",
                  "Parent Relationship": "Outer",
                  "Parallel Aware": false,
                  "Async Capable": false,
                  "Startup Cost": 784596.3,
                  "Total Cost": 1566775.74,
                  "Plan Rows": 412,
                  "Plan Width": 160,
                  "Subplans Removed": 0,
                  "Plans": [
                    {
                      "Node Type": "Subquery Scan",
                      "Parent Relationship": "Member",
                      "Parallel Aware": false,
                      "Async Capable": false,
                      "Alias": "ssr",
                      "Startup Cost": 784596.3,
                      "Total Cost": 784616.16,
                      "Plan Rows": 51,
                      "Plan Width": 160,
                      "Plans": [
                        {
                          "Node Type": "Aggregate",
                          "Strategy": "Sorted",
                          "Partial Mode": "Finalize",
                          "Parent Relationship": "Subquery",
                          "Parallel Aware": false,
                          "Async Capable": false,
                          "Startup Cost": 784596.3,
                          "Total Cost": 784615.39,
                          "Plan Rows": 51,
                          "Plan Width": 113,
                          "Group Key": [
                            "store.s_store_id"
                          ],
                          "Plans": [
                            {
                              "Node Type": "Gather Merge",
                              "Parent Relationship": "Outer",
                              "Parallel Aware": false,
                              "Async Capable": false,
                              "Startup Cost": 784596.3,
                              "Total Cost": 784612.71,
                              "Plan Rows": 102,
                              "Plan Width": 113,
                              "Workers Planned": 2,
                              "Plans": [
                                {
                                  "Node Type": "Aggregate",
                                  "Strategy": "Sorted",
                                  "Partial Mode": "Partial",
                                  "Parent Relationship": "Outer",
                                  "Parallel Aware": false,
                                  "Async Capable": false,
                                  "Startup Cost": 783596.27,
                                  "Total Cost": 783600.92,
                                  "Plan Rows": 51,
                                  "Plan Width": 113,
                                  "Group Key": [
                                    "store.s_store_id"
                                  ],
                                  "Plans": [
                                    {
                                      "Node Type": "Sort",
                                      "Parent Relationship": "Outer",
                                      "Parallel Aware": false,
                                      "Async Capable": false,
                                      "Startup Cost": 783596.27,
                                      "Total Cost": 783596.9,
                                      "Plan Rows": 250,
                                      "Plan Width": 41,
                                      "Sort Key": [
                                        "store.s_store_id"
                                      ],
                                      "Plans": [
                                        {
                                          "Node Type": "Hash Join",
                                          "Parent Relationship": "Outer",
                                          "Parallel Aware": false,
                                          "Async Capable": false,
                                          "Join Type": "Inner",
                                          "Startup Cost": 94489.35,
                                          "Total Cost": 783586.32,
                                          "Plan Rows": 250,
                                          "Plan Width": 41,
                                          "Inner Unique": false,
                                          "Hash Cond": "(store_sales.ss_store_sk = store.s_store_sk)",
                                          "Plans": [
                                            {
                                              "Node Type": "Hash Join",
                                              "Parent Relationship": "Outer",
                                              "Parallel Aware": false,
                                              "Async Capable": false,
                                              "Join Type": "Inner",
                                              "Startup Cost": 94482.05,
                                              "Total Cost": 783575.54,
                                              "Plan Rows": 262,
                                              "Plan Width": 28,
                                              "Inner Unique": false,
                                              "Hash Cond": "(store_sales.ss_promo_sk = promotion.p_promo_sk)",
                                              "Plans": [
                                                {
                                                  "Node Type": "Hash Join",
                                                  "Parent Relationship": "Outer",
                                                  "Parallel Aware": true,
                                                  "Async Capable": false,
                                                  "Join Type": "Inner",
                                                  "Startup Cost": 94456.65,
                                                  "Total Cost": 783546.47,
                                                  "Plan Rows": 279,
                                                  "Plan Width": 32,
                                                  "Inner Unique": false,
                                                  "Hash Cond": "(store_sales.ss_item_sk = item.i_item_sk)",
                                                  "Plans": [
                                                    {
                                                      "Node Type": "Hash Join",
                                                      "Parent Relationship": "Outer",
                                                      "Parallel Aware": true,
                                                      "Async Capable": false,
                                                      "Join Type": "Left",
                                                      "Startup Cost": 86930.88,
                                                      "Total Cost": 776001.31,
                                                      "Plan Rows": 4860,
                                                      "Plan Width": 36,
                                                      "Inner Unique": false,
                                                      "Hash Cond": "((store_sales.ss_item_sk = store_returns.sr_item_sk) AND (store_sales.ss_ticket_number = store_returns.sr_ticket_number))",
                                                      "Plans": [
                                                        {
                                                          "Node Type": "Hash Join",
                                                          "Parent Relationship": "Outer",
                                                          "Parallel Aware": true,
                                                          "Async Capable": false,
                                                          "Join Type": "Inner",
                                                          "Startup Cost": 2049.78,
                                                          "Total Cost": 683994.75,
                                                          "Plan Rows": 4860,
                                                          "Plan Width": 28,
                                                          "Inner Unique": false,
                                                          "Hash Cond": "(store_sales.ss_sold_date_sk = date_dim.d_date_sk)",
                                                          "Plans": [
                                                            {
                                                              "Node Type": "Seq Scan",
                                                              "Parent Relationship": "Outer",
                                                              "Parallel Aware": true,
                                                              "Async Capable": false,
                                                              "Relation Name": "store_sales",
                                                              "Alias": "store_sales",
                                                              "Startup Cost": 0.0,
                                                              "Total Cost": 636914.37,
                                                              "Plan Rows": 12000637,
                                                              "Plan Width": 32,
                                                              "parent": 13,
                                                              "ID": 14
                                                            },
                                                            {
                                                              "Node Type": "Hash",
                                                              "Parent Relationship": "Inner",
                                                              "Parallel Aware": true,
                                                              "Async Capable": false,
                                                              "Startup Cost": 2049.55,
                                                              "Total Cost": 2049.55,
                                                              "Plan Rows": 18,
                                                              "Plan Width": 4,
                                                              "Plans": [
                                                                {
                                                                  "Node Type": "Seq Scan",
                                                                  "Parent Relationship": "Outer",
                                                                  "Parallel Aware": true,
                                                                  "Async Capable": false,
                                                                  "Relation Name": "date_dim",
                                                                  "Alias": "date_dim",
                                                                  "Startup Cost": 0.0,
                                                                  "Total Cost": 2049.55,
                                                                  "Plan Rows": 18,
                                                                  "Plan Width": 4,
                                                                  "Filter": "((d_date >= '2000-08-25'::date) AND (d_date <= '2000-09-24 00:00:00'::timestamp without time zone))",
                                                                  "parent": 15,
                                                                  "ID": 16
                                                                }
                                                              ],
                                                              "parent": 13,
                                                              "ID": 15,
                                                              "left": 16
                                                            }
                                                          ],
                                                          "parent": 12,
                                                          "ID": 13,
                                                          "left": 14,
                                                          "right": 15
                                                        },
                                                        {
                                                          "Node Type": "Hash",
                                                          "Parent Relationship": "Inner",
                                                          "Parallel Aware": true,
                                                          "Async Capable": false,
                                                          "Startup Cost": 59887.64,
                                                          "Total Cost": 59887.64,
                                                          "Plan Rows": 1198164,
                                                          "Plan Width": 20,
                                                          "Plans": [
                                                            {
                                                              "Node Type": "Seq Scan",
                                                              "Parent Relationship": "Outer",
                                                              "Parallel Aware": true,
                                                              "Async Capable": false,
                                                              "Relation Name": "store_returns",
                                                              "Alias": "store_returns",
                                                              "Startup Cost": 0.0,
                                                              "Total Cost": 59887.64,
                                                              "Plan Rows": 1198164,
                                                              "Plan Width": 20,
                                                              "parent": 17,
                                                              "ID": 18
                                                            }
                                                          ],
                                                          "parent": 12,
                                                          "ID": 17,
                                                          "left": 18
                                                        }
                                                      ],
                                                      "parent": 11,
                                                      "ID": 12,
                                                      "left": 13,
                                                      "right": 17
                                                    },
                                                    {
                                                      "Node Type": "Hash",
                                                      "Parent Relationship": "Inner",
                                                      "Parallel Aware": true,
                                                      "Async Capable": false,
                                                      "Startup Cost": 7495.25,
                                                      "Total Cost": 7495.25,
                                                      "Plan Rows": 2442,
                                                      "Plan Width": 4,
                                                      "Plans": [
                                                        {
                                                          "Node Type": "Seq Scan",
                                                          "Parent Relationship": "Outer",
                                                          "Parallel Aware": true,
                                                          "Async Capable": false,
                                                          "Relation Name": "item",
                                                          "Alias": "item",
                                                          "Startup Cost": 0.0,
                                                          "Total Cost": 7495.25,
                                                          "Plan Rows": 2442,
                                                          "Plan Width": 4,
                                                          "Filter": "(i_current_price > '50'::numeric)",
                                                          "parent": 19,
                                                          "ID": 20
                                                        }
                                                      ],
                                                      "parent": 11,
                                                      "ID": 19,
                                                      "left": 20
                                                    }
                                                  ],
                                                  "parent": 10,
                                                  "ID": 11,
                                                  "left": 12,
                                                  "right": 19
                                                },
                                                {
                                                  "Node Type": "Hash",
                                                  "Parent Relationship": "Inner",
                                                  "Parallel Aware": false,
                                                  "Async Capable": false,
                                                  "Startup Cost": 19.25,
                                                  "Total Cost": 19.25,
                                                  "Plan Rows": 492,
                                                  "Plan Width": 4,
                                                  "Plans": [
                                                    {
                                                      "Node Type": "Seq Scan",
                                                      "Parent Relationship": "Outer",
                                                      "Parallel Aware": false,
                                                      "Async Capable": false,
                                                      "Relation Name": "promotion",
                                                      "Alias": "promotion",
                                                      "Startup Cost": 0.0,
                                                      "Total Cost": 19.25,
                                                      "Plan Rows": 492,
                                                      "Plan Width": 4,
                                                      "Filter": "(p_channel_tv = 'N'::bpchar)",
                                                      "parent": 21,
                                                      "ID": 22
                                                    }
                                                  ],
                                                  "parent": 10,
                                                  "ID": 21,
                                                  "left": 22
                                                }
                                              ],
                                              "parent": 9,
                                              "ID": 10,
                                              "left": 11,
                                              "right": 21
                                            },
                                            {
                                              "Node Type": "Hash",
                                              "Parent Relationship": "Inner",
                                              "Parallel Aware": false,
                                              "Async Capable": false,
                                              "Startup Cost": 6.02,
                                              "Total Cost": 6.02,
                                              "Plan Rows": 102,
                                              "Plan Width": 21,
                                              "Plans": [
                                                {
                                                  "Node Type": "Seq Scan",
                                                  "Parent Relationship": "Outer",
                                                  "Parallel Aware": false,
                                                  "Async Capable": false,
                                                  "Relation Name": "store",
                                                  "Alias": "store",
                                                  "Startup Cost": 0.0,
                                                  "Total Cost": 6.02,
                                                  "Plan Rows": 102,
                                                  "Plan Width": 21,
                                                  "parent": 23,
                                                  "ID": 24
                                                }
                                              ],
                                              "parent": 9,
                                              "ID": 23,
                                              "left": 24
                                            }
                                          ],
                                          "parent": 8,
                                          "ID": 9,
                                          "left": 10,
                                          "right": 23
                                        }
                                      ],
                                      "parent": 7,
                                      "ID": 8,
                                      "left": 9
                                    }
                                  ],
                                  "parent": 6,
                                  "ID": 7,
                                  "left": 8
                                }
                              ],
                              "parent": 5,
                              "ID": 6,
                              "left": 7
                            }
                          ],
                          "parent": 4,
                          "ID": 5,
                          "left": 6
                        }
                      ],
                      "parent": 3,
                      "ID": 4,
                      "left": 5
                    },
                    {
                      "Node Type": "Subquery Scan",
                      "Parent Relationship": "Member",
                      "Parallel Aware": false,
                      "Async Capable": false,
                      "Alias": "csr",
                      "Startup Cost": 518177.36,
                      "Total Cost": 518230.78,
                      "Plan Rows": 340,
                      "Plan Width": 160,
                      "Plans": [
                        {
                          "Node Type": "Aggregate",
                          "Strategy": "Sorted",
                          "Partial Mode": "Finalize",
                          "Parent Relationship": "Subquery",
                          "Parallel Aware": false,
                          "Async Capable": false,
                          "Startup Cost": 518177.36,
                          "Total Cost": 518225.68,
                          "Plan Rows": 340,
                          "Plan Width": 113,
                          "Group Key": [
                            "catalog_page.cp_catalog_page_id"
                          ],
                          "Plans": [
                            {
                              "Node Type": "Gather Merge",
                              "Parent Relationship": "Outer",
                              "Parallel Aware": false,
                              "Async Capable": false,
                              "Startup Cost": 518177.36,
                              "Total Cost": 518214.76,
                              "Plan Rows": 284,
                              "Plan Width": 113,
                              "Workers Planned": 2,
                              "Plans": [
                                {
                                  "Node Type": "Aggregate",
                                  "Strategy": "Sorted",
                                  "Partial Mode": "Partial",
                                  "Parent Relationship": "Outer",
                                  "Parallel Aware": false,
                                  "Async Capable": false,
                                  "Startup Cost": 517177.34,
                                  "Total Cost": 517181.95,
                                  "Plan Rows": 142,
                                  "Plan Width": 113,
                                  "Group Key": [
                                    "catalog_page.cp_catalog_page_id"
                                  ],
                                  "Plans": [
                                    {
                                      "Node Type": "Sort",
                                      "Parent Relationship": "Outer",
                                      "Parallel Aware": false,
                                      "Async Capable": false,
                                      "Startup Cost": 517177.34,
                                      "Total Cost": 517177.69,
                                      "Plan Rows": 142,
                                      "Plan Width": 41,
                                      "Sort Key": [
                                        "catalog_page.cp_catalog_page_id"
                                      ],
                                      "Plans": [
                                        {
                                          "Node Type": "Hash Join",
                                          "Parent Relationship": "Outer",
                                          "Parallel Aware": false,
                                          "Async Capable": false,
                                          "Join Type": "Inner",
                                          "Startup Cost": 57382.33,
                                          "Total Cost": 517172.26,
                                          "Plan Rows": 142,
                                          "Plan Width": 41,
                                          "Inner Unique": false,
                                          "Hash Cond": "(catalog_sales.cs_catalog_page_sk = catalog_page.cp_catalog_page_sk)",
                                          "Plans": [
                                            {
                                              "Node Type": "Hash Join",
                                              "Parent Relationship": "Outer",
                                              "Parallel Aware": false,
                                              "Async Capable": false,
                                              "Join Type": "Inner",
                                              "Startup Cost": 56864.33,
                                              "Total Cost": 516652.32,
                                              "Plan Rows": 142,
                                              "Plan Width": 28,
                                              "Inner Unique": false,
                                              "Hash Cond": "(catalog_sales.cs_promo_sk = promotion_1.p_promo_sk)",
                                              "Plans": [
                                                {
                                                  "Node Type": "Hash Join",
                                                  "Parent Relationship": "Outer",
                                                  "Parallel Aware": true,
                                                  "Async Capable": false,
                                                  "Join Type": "Inner",
                                                  "Startup Cost": 56838.93,
                                                  "Total Cost": 516624.96,
                                                  "Plan Rows": 145,
                                                  "Plan Width": 32,
                                                  "Inner Unique": false,
                                                  "Hash Cond": "(catalog_sales.cs_item_sk = item_1.i_item_sk)",
                                                  "Plans": [
                                                    {
                                                      "Node Type": "Hash Join",
                                                      "Parent Relationship": "Outer",
                                                      "Parallel Aware": true,
                                                      "Async Capable": false,
                                                      "Join Type": "Left",
                                                      "Startup Cost": 49313.15,
                                                      "Total Cost": 509089.08,
                                                      "Plan Rows": 2532,
                                                      "Plan Width": 36,
                                                      "Inner Unique": false,
                                                      "Hash Cond": "((catalog_sales.cs_item_sk = catalog_returns.cr_item_sk) AND (catalog_sales.cs_order_number = catalog_returns.cr_order_number))",
                                                      "Plans": [
                                                        {
                                                          "Node Type": "Hash Join",
                                                          "Parent Relationship": "Outer",
                                                          "Parallel Aware": true,
                                                          "Async Capable": false,
                                                          "Join Type": "Inner",
                                                          "Startup Cost": 2049.78,
                                                          "Total Cost": 458254.7,
                                                          "Plan Rows": 2532,
                                                          "Plan Width": 28,
                                                          "Inner Unique": false,
                                                          "Hash Cond": "(catalog_sales.cs_sold_date_sk = date_dim_1.d_date_sk)",
                                                          "Plans": [
                                                            {
                                                              "Node Type": "Seq Scan",
                                                              "Parent Relationship": "Outer",
                                                              "Parallel Aware": true,
                                                              "Async Capable": false,
                                                              "Relation Name": "catalog_sales",
                                                              "Alias": "catalog_sales",
                                                              "Startup Cost": 0.0,
                                                              "Total Cost": 433688.25,
                                                              "Plan Rows": 6000525,
                                                              "Plan Width": 32,
                                                              "parent": 34,
                                                              "ID": 35
                                                            },
                                                            {
                                                              "Node Type": "Hash",
                                                              "Parent Relationship": "Inner",
                                                              "Parallel Aware": true,
                                                              "Async Capable": false,
                                                              "Startup Cost": 2049.55,
                                                              "Total Cost": 2049.55,
                                                              "Plan Rows": 18,
                                                              "Plan Width": 4,
                                                              "Plans": [
                                                                {
                                                                  "Node Type": "Seq Scan",
                                                                  "Parent Relationship": "Outer",
                                                                  "Parallel Aware": true,
                                                                  "Async Capable": false,
                                                                  "Relation Name": "date_dim",
                                                                  "Alias": "date_dim_1",
                                                                  "Startup Cost": 0.0,
                                                                  "Total Cost": 2049.55,
                                                                  "Plan Rows": 18,
                                                                  "Plan Width": 4,
                                                                  "Filter": "((d_date >= '2000-08-25'::date) AND (d_date <= '2000-09-24 00:00:00'::timestamp without time zone))",
                                                                  "parent": 36,
                                                                  "ID": 37
                                                                }
                                                              ],
                                                              "parent": 34,
                                                              "ID": 36,
                                                              "left": 37
                                                            }
                                                          ],
                                                          "parent": 33,
                                                          "ID": 34,
                                                          "left": 35,
                                                          "right": 36
                                                        },
                                                        {
                                                          "Node Type": "Hash",
                                                          "Parent Relationship": "Inner",
                                                          "Parallel Aware": true,
                                                          "Async Capable": false,
                                                          "Startup Cost": 34748.95,
                                                          "Total Cost": 34748.95,
                                                          "Plan Rows": 599895,
                                                          "Plan Width": 20,
                                                          "Plans": [
                                                            {
                                                              "Node Type": "Seq Scan",
                                                              "Parent Relationship": "Outer",
                                                              "Parallel Aware": true,
                                                              "Async Capable": false,
                                                              "Relation Name": "catalog_returns",
                                                              "Alias": "catalog_returns",
                                                              "Startup Cost": 0.0,
                                                              "Total Cost": 34748.95,
                                                              "Plan Rows": 599895,
                                                              "Plan Width": 20,
                                                              "parent": 38,
                                                              "ID": 39
                                                            }
                                                          ],
                                                          "parent": 33,
                                                          "ID": 38,
                                                          "left": 39
                                                        }
                                                      ],
                                                      "parent": 32,
                                                      "ID": 33,
                                                      "left": 34,
                                                      "right": 38
                                                    },
                                                    {
                                                      "Node Type": "Hash",
                                                      "Parent Relationship": "Inner",
                                                      "Parallel Aware": true,
                                                      "Async Capable": false,
                                                      "Startup Cost": 7495.25,
                                                      "Total Cost": 7495.25,
                                                      "Plan Rows": 2442,
                                                      "Plan Width": 4,
                                                      "Plans": [
                                                        {
                                                          "Node Type": "Seq Scan",
                                                          "Parent Relationship": "Outer",
                                                          "Parallel Aware": true,
                                                          "Async Capable": false,
                                                          "Relation Name": "item",
                                                          "Alias": "item_1",
                                                          "Startup Cost": 0.0,
                                                          "Total Cost": 7495.25,
                                                          "Plan Rows": 2442,
                                                          "Plan Width": 4,
                                                          "Filter": "(i_current_price > '50'::numeric)",
                                                          "parent": 40,
                                                          "ID": 41
                                                        }
                                                      ],
                                                      "parent": 32,
                                                      "ID": 40,
                                                      "left": 41
                                                    }
                                                  ],
                                                  "parent": 31,
                                                  "ID": 32,
                                                  "left": 33,
                                                  "right": 40
                                                },
                                                {
                                                  "Node Type": "Hash",
                                                  "Parent Relationship": "Inner",
                                                  "Parallel Aware": false,
                                                  "Async Capable": false,
                                                  "Startup Cost": 19.25,
                                                  "Total Cost": 19.25,
                                                  "Plan Rows": 492,
                                                  "Plan Width": 4,
                                                  "Plans": [
                                                    {
                                                      "Node Type": "Seq Scan",
                                                      "Parent Relationship": "Outer",
                                                      "Parallel Aware": false,
                                                      "Async Capable": false,
                                                      "Relation Name": "promotion",
                                                      "Alias": "promotion_1",
                                                      "Startup Cost": 0.0,
                                                      "Total Cost": 19.25,
                                                      "Plan Rows": 492,
                                                      "Plan Width": 4,
                                                      "Filter": "(p_channel_tv = 'N'::bpchar)",
                                                      "parent": 42,
                                                      "ID": 43
                                                    }
                                                  ],
                                                  "parent": 31,
                                                  "ID": 42,
                                                  "left": 43
                                                }
                                              ],
                                              "parent": 30,
                                              "ID": 31,
                                              "left": 32,
                                              "right": 42
                                            },
                                            {
                                              "Node Type": "Hash",
                                              "Parent Relationship": "Inner",
                                              "Parallel Aware": false,
                                              "Async Capable": false,
                                              "Startup Cost": 368.0,
                                              "Total Cost": 368.0,
                                              "Plan Rows": 12000,
                                              "Plan Width": 21,
                                              "Plans": [
                                                {
                                                  "Node Type": "Seq Scan",
                                                  "Parent Relationship": "Outer",
                                                  "Parallel Aware": false,
                                                  "Async Capable": false,
                                                  "Relation Name": "catalog_page",
                                                  "Alias": "catalog_page",
                                                  "Startup Cost": 0.0,
                                                  "Total Cost": 368.0,
                                                  "Plan Rows": 12000,
                                                  "Plan Width": 21,
                                                  "parent": 44,
                                                  "ID": 45
                                                }
                                              ],
                                              "parent": 30,
                                              "ID": 44,
                                              "left": 45
                                            }
                                          ],
                                          "parent": 29,
                                          "ID": 30,
                                          "left": 31,
                                          "right": 44
                                        }
                                      ],
                                      "parent": 28,
                                      "ID": 29,
                                      "left": 30
                                    }
                                  ],
                                  "parent": 27,
                                  "ID": 28,
                                  "left": 29
                                }
                              ],
                              "parent": 26,
                              "ID": 27,
                              "left": 28
                            }
                          ],
                          "parent": 25,
                          "ID": 26,
                          "left": 27
                        }
                      ],
                      "parent": 3,
                      "ID": 25,
                      "left": 26
                    },
                    {
                      "Node Type": "Subquery Scan",
                      "Parent Relationship": "Member",
                      "Parallel Aware": false,
                      "Async Capable": false,
                      "Alias": "wsr",
                      "Startup Cost": 263919.04,
                      "Total Cost": 263926.75,
                      "Plan Rows": 21,
                      "Plan Width": 160,
                      "Plans": [
                        {
                          "Node Type": "Aggregate",
                          "Strategy": "Sorted",
                          "Partial Mode": "Finalize",
                          "Parent Relationship": "Subquery",
                          "Parallel Aware": false,
                          "Async Capable": false,
                          "Startup Cost": 263919.04,
                          "Total Cost": 263926.43,
                          "Plan Rows": 21,
                          "Plan Width": 113,
                          "Group Key": [
                            "web_site.web_site_id"
                          ],
                          "Plans": [
                            {
                              "Node Type": "Gather Merge",
                              "Parent Relationship": "Outer",
                              "Parallel Aware": false,
                              "Async Capable": false,
                              "Startup Cost": 263919.04,
                              "Total Cost": 263925.33,
                              "Plan Rows": 42,
                              "Plan Width": 113,
                              "Workers Planned": 2,
                              "Plans": [
                                {
                                  "Node Type": "Aggregate",
                                  "Strategy": "Sorted",
                                  "Partial Mode": "Partial",
                                  "Parent Relationship": "Outer",
                                  "Parallel Aware": false,
                                  "Async Capable": false,
                                  "Startup Cost": 262919.01,
                                  "Total Cost": 262920.46,
                                  "Plan Rows": 21,
                                  "Plan Width": 113,
                                  "Group Key": [
                                    "web_site.web_site_id"
                                  ],
                                  "Plans": [
                                    {
                                      "Node Type": "Sort",
                                      "Parent Relationship": "Outer",
                                      "Parallel Aware": false,
                                      "Async Capable": false,
                                      "Startup Cost": 262919.01,
                                      "Total Cost": 262919.19,
                                      "Plan Rows": 72,
                                      "Plan Width": 41,
                                      "Sort Key": [
                                        "web_site.web_site_id"
                                      ],
                                      "Plans": [
                                        {
                                          "Node Type": "Hash Join",
                                          "Parent Relationship": "Outer",
                                          "Parallel Aware": false,
                                          "Async Capable": false,
                                          "Join Type": "Inner",
                                          "Startup Cost": 32134.74,
                                          "Total Cost": 262916.79,
                                          "Plan Rows": 72,
                                          "Plan Width": 41,
                                          "Inner Unique": false,
                                          "Hash Cond": "(web_sales.ws_web_site_sk = web_site.web_site_sk)",
                                          "Plans": [
                                            {
                                              "Node Type": "Hash Join",
                                              "Parent Relationship": "Outer",
                                              "Parallel Aware": false,
                                              "Async Capable": false,
                                              "Join Type": "Inner",
                                              "Startup Cost": 32130.8,
                                              "Total Cost": 262911.86,
                                              "Plan Rows": 72,
                                              "Plan Width": 28,
                                              "Inner Unique": false,
                                              "Hash Cond": "(web_sales.ws_promo_sk = promotion_2.p_promo_sk)",
                                              "Plans": [
                                                {
                                                  "Node Type": "Hash Join",
                                                  "Parent Relationship": "Outer",
                                                  "Parallel Aware": true,
                                                  "Async Capable": false,
                                                  "Join Type": "Inner",
                                                  "Startup Cost": 32105.4,
                                                  "Total Cost": 262885.46,
                                                  "Plan Rows": 73,
                                                  "Plan Width": 32,
                                                  "Inner Unique": false,
                                                  "Hash Cond": "(web_sales.ws_item_sk = item_2.i_item_sk)",
                                                  "Plans": [
                                                    {
                                                      "Node Type": "Hash Join",
                                                      "Parent Relationship": "Outer",
                                                      "Parallel Aware": true,
                                                      "Async Capable": false,
                                                      "Join Type": "Left",
                                                      "Startup Cost": 24579.62,
                                                      "Total Cost": 255354.62,
                                                      "Plan Rows": 1272,
                                                      "Plan Width": 36,
                                                      "Inner Unique": false,
                                                      "Hash Cond": "((web_sales.ws_item_sk = web_returns.wr_item_sk) AND (web_sales.ws_order_number = web_returns.wr_order_number))",
                                                      "Plans": [
                                                        {
                                                          "Node Type": "Hash Join",
                                                          "Parent Relationship": "Outer",
                                                          "Parallel Aware": true,
                                                          "Async Capable": false,
                                                          "Join Type": "Inner",
                                                          "Startup Cost": 2049.78,
                                                          "Total Cost": 231041.22,
                                                          "Plan Rows": 1272,
                                                          "Plan Width": 28,
                                                          "Inner Unique": false,
                                                          "Hash Cond": "(web_sales.ws_sold_date_sk = date_dim_2.d_date_sk)",
                                                          "Plans": [
                                                            {
                                                              "Node Type": "Seq Scan",
                                                              "Parent Relationship": "Outer",
                                                              "Parallel Aware": true,
                                                              "Async Capable": false,
                                                              "Relation Name": "web_sales",
                                                              "Alias": "web_sales",
                                                              "Startup Cost": 0.0,
                                                              "Total Cost": 217737.86,
                                                              "Plan Rows": 2998986,
                                                              "Plan Width": 32,
                                                              "parent": 55,
                                                              "ID": 56
                                                            },
                                                            {
                                                              "Node Type": "Hash",
                                                              "Parent Relationship": "Inner",
                                                              "Parallel Aware": true,
                                                              "Async Capable": false,
                                                              "Startup Cost": 2049.55,
                                                              "Total Cost": 2049.55,
                                                              "Plan Rows": 18,
                                                              "Plan Width": 4,
                                                              "Plans": [
                                                                {
                                                                  "Node Type": "Seq Scan",
                                                                  "Parent Relationship": "Outer",
                                                                  "Parallel Aware": true,
                                                                  "Async Capable": false,
                                                                  "Relation Name": "date_dim",
                                                                  "Alias": "date_dim_2",
                                                                  "Startup Cost": 0.0,
                                                                  "Total Cost": 2049.55,
                                                                  "Plan Rows": 18,
                                                                  "Plan Width": 4,
                                                                  "Filter": "((d_date >= '2000-08-25'::date) AND (d_date <= '2000-09-24 00:00:00'::timestamp without time zone))",
                                                                  "parent": 57,
                                                                  "ID": 58
                                                                }
                                                              ],
                                                              "parent": 55,
                                                              "ID": 57,
                                                              "left": 58
                                                            }
                                                          ],
                                                          "parent": 54,
                                                          "ID": 55,
                                                          "left": 56,
                                                          "right": 57
                                                        },
                                                        {
                                                          "Node Type": "Hash",
                                                          "Parent Relationship": "Inner",
                                                          "Parallel Aware": true,
                                                          "Async Capable": false,
                                                          "Startup Cost": 16278.74,
                                                          "Total Cost": 16278.74,
                                                          "Plan Rows": 299674,
                                                          "Plan Width": 20,
                                                          "Plans": [
                                                            {
                                                              "Node Type": "Seq Scan",
                                                              "Parent Relationship": "Outer",
                                                              "Parallel Aware": true,
                                                              "Async Capable": false,
                                                              "Relation Name": "web_returns",
                                                              "Alias": "web_returns",
                                                              "Startup Cost": 0.0,
                                                              "Total Cost": 16278.74,
                                                              "Plan Rows": 299674,
                                                              "Plan Width": 20,
                                                              "parent": 59,
                                                              "ID": 60
                                                            }
                                                          ],
                                                          "parent": 54,
                                                          "ID": 59,
                                                          "left": 60
                                                        }
                                                      ],
                                                      "parent": 53,
                                                      "ID": 54,
                                                      "left": 55,
                                                      "right": 59
                                                    },
                                                    {
                                                      "Node Type": "Hash",
                                                      "Parent Relationship": "Inner",
                                                      "Parallel Aware": true,
                                                      "Async Capable": false,
                                                      "Startup Cost": 7495.25,
                                                      "Total Cost": 7495.25,
                                                      "Plan Rows": 2442,
                                                      "Plan Width": 4,
                                                      "Plans": [
                                                        {
                                                          "Node Type": "Seq Scan",
                                                          "Parent Relationship": "Outer",
                                                          "Parallel Aware": true,
                                                          "Async Capable": false,
                                                          "Relation Name": "item",
                                                          "Alias": "item_2",
                                                          "Startup Cost": 0.0,
                                                          "Total Cost": 7495.25,
                                                          "Plan Rows": 2442,
                                                          "Plan Width": 4,
                                                          "Filter": "(i_current_price > '50'::numeric)",
                                                          "parent": 61,
                                                          "ID": 62
                                                        }
                                                      ],
                                                      "parent": 53,
                                                      "ID": 61,
                                                      "left": 62
                                                    }
                                                  ],
                                                  "parent": 52,
                                                  "ID": 53,
                                                  "left": 54,
                                                  "right": 61
                                                },
                                                {
                                                  "Node Type": "Hash",
                                                  "Parent Relationship": "Inner",
                                                  "Parallel Aware": false,
                                                  "Async Capable": false,
                                                  "Startup Cost": 19.25,
                                                  "Total Cost": 19.25,
                                                  "Plan Rows": 492,
                                                  "Plan Width": 4,
                                                  "Plans": [
                                                    {
                                                      "Node Type": "Seq Scan",
                                                      "Parent Relationship": "Outer",
                                                      "Parallel Aware": false,
                                                      "Async Capable": false,
                                                      "Relation Name": "promotion",
                                                      "Alias": "promotion_2",
                                                      "Startup Cost": 0.0,
                                                      "Total Cost": 19.25,
                                                      "Plan Rows": 492,
                                                      "Plan Width": 4,
                                                      "Filter": "(p_channel_tv = 'N'::bpchar)",
                                                      "parent": 63,
                                                      "ID": 64
                                                    }
                                                  ],
                                                  "parent": 52,
                                                  "ID": 63,
                                                  "left": 64
                                                }
                                              ],
                                              "parent": 51,
                                              "ID": 52,
                                              "left": 53,
                                              "right": 63
                                            },
                                            {
                                              "Node Type": "Hash",
                                              "Parent Relationship": "Inner",
                                              "Parallel Aware": false,
                                              "Async Capable": false,
                                              "Startup Cost": 3.42,
                                              "Total Cost": 3.42,
                                              "Plan Rows": 42,
                                              "Plan Width": 21,
                                              "Plans": [
                                                {
                                                  "Node Type": "Seq Scan",
                                                  "Parent Relationship": "Outer",
                                                  "Parallel Aware": false,
                                                  "Async Capable": false,
                                                  "Relation Name": "web_site",
                                                  "Alias": "web_site",
                                                  "Startup Cost": 0.0,
                                                  "Total Cost": 3.42,
                                                  "Plan Rows": 42,
                                                  "Plan Width": 21,
                                                  "parent": 65,
                                                  "ID": 66
                                                }
                                              ],
                                              "parent": 51,
                                              "ID": 65,
                                              "left": 66
                                            }
                                          ],
                                          "parent": 50,
                                          "ID": 51,
                                          "left": 52,
                                          "right": 65
                                        }
                                      ],
                                      "parent": 49,
                                      "ID": 50,
                                      "left": 51
                                    }
                                  ],
                                  "parent": 48,
                                  "ID": 49,
                                  "left": 50
                                }
                              ],
                              "parent": 47,
                              "ID": 48,
                              "left": 49
                            }
                          ],
                          "parent": 46,
                          "ID": 47,
                          "left": 48
                        }
                      ],
                      "parent": 3,
                      "ID": 46,
                      "left": 47
                    }
                  ],
                  "parent": 2,
                  "ID": 3,
                  "left": 4,
                  "right": 25
                }
              ],
              "parent": 1,
              "ID": 2,
              "left": 3
            }
          ],
          "parent": 0,
          "ID": 1,
          "left": 2
        }
      ],
      "parent": null,
      "ID": 0,
      "left": 1
    },
    "feat": {
      "utility": 0.0,
      "query_shape": [
        [
          "Seq Scan",
          "Hash Join",
          "Sort",
          "Aggregate",
          "Gather Merge",
          "Subquery Scan",
          "Append"
        ],
        [
          "Seq Scan",
          "Hash",
          "Hash Join",
          "Sort",
          "Aggregate",
          "Gather Merge",
          "Subquery Scan",
          "Append"
        ],
        [
          "Seq Scan",
          "Hash",
          "Hash Join",
          "Sort",
          "Aggregate",
          "Gather Merge",
          "Subquery Scan",
          "Append"
        ],
        [
          "Seq Scan",
          "Hash",
          "Hash Join",
          "Sort",
          "Aggregate",
          "Gather Merge",
          "Subquery Scan",
          "Append"
        ],
        [
          "Seq Scan",
          "Hash",
          "Hash Join",
          "Sort",
          "Aggregate",
          "Gather Merge",
          "Subquery Scan",
          "Append"
        ],
        [
          "Seq Scan",
          "Hash",
          "Hash Join",
          "Sort",
          "Aggregate",
          "Gather Merge",
          "Subquery Scan",
          "Append"
        ],
        [
          "Seq Scan",
          "Hash Join",
          "Sort",
          "Aggregate",
          "Gather Merge",
          "Subquery Scan",
          "Append"
        ],
        [
          "Seq Scan",
          "Hash",
          "Hash Join",
          "Sort",
          "Aggregate",
          "Gather Merge",
          "Subquery Scan",
          "Append"
        ],
        [
          "Seq Scan",
          "Hash",
          "Hash Join",
          "Sort",
          "Aggregate",
          "Gather Merge",
          "Subquery Scan",
          "Append"
        ],
        [
          "Seq Scan",
          "Hash",
          "Hash Join",
          "Sort",
          "Aggregate",
          "Gather Merge",
          "Subquery Scan",
          "Append"
        ],
        [
          "Seq Scan",
          "Hash",
          "Hash Join",
          "Sort",
          "Aggregate",
          "Gather Merge",
          "Subquery Scan",
          "Append"
        ],
        [
          "Seq Scan",
          "Hash",
          "Hash Join",
          "Sort",
          "Aggregate",
          "Gather Merge",
          "Subquery Scan",
          "Append"
        ],
        [
          "Seq Scan",
          "Hash Join",
          "Sort",
          "Aggregate",
          "Gather Merge",
          "Subquery Scan",
          "Append"
        ],
        [
          "Seq Scan",
          "Hash",
          "Hash Join",
          "Sort",
          "Aggregate",
          "Gather Merge",
          "Subquery Scan",
          "Append"
        ],
        [
          "Seq Scan",
          "Hash",
          "Hash Join",
          "Sort",
          "Aggregate",
          "Gather Merge",
          "Subquery Scan",
          "Append"
        ],
        [
          "Seq Scan",
          "Hash",
          "Hash Join",
          "Sort",
          "Aggregate",
          "Gather Merge",
          "Subquery Scan",
          "Append"
        ],
        [
          "Seq Scan",
          "Hash",
          "Hash Join",
          "Sort",
          "Aggregate",
          "Gather Merge",
          "Subquery Scan",
          "Append"
        ],
        [
          "Seq Scan",
          "Hash",
          "Hash Join",
          "Sort",
          "Aggregate",
          "Gather Merge",
          "Subquery Scan",
          "Append"
        ]
      ],
      "index_shape": [],
      "physical_operator": {}
    }
  },
  {
    "query": "with ssr as\n (select  s_store_id as store_id,\n          sum(ss_ext_sales_price) as sales,\n          sum(coalesce(sr_return_amt, 0)) as returns,\n          sum(ss_net_profit - coalesce(sr_net_loss, 0)) as profit\n  from store_sales left outer join store_returns on\n         (ss_item_sk = sr_item_sk and ss_ticket_number = sr_ticket_number),\n     date_dim,\n     store,\n     item,\n     promotion\n where ss_sold_date_sk = d_date_sk\n       and d_date between cast('2000-08-25' as date) \n                  and (cast('2000-08-25' as date) +  interval '30 days')\n       and ss_store_sk = s_store_sk\n       and ss_item_sk = i_item_sk\n       and i_current_price > 50\n       and ss_promo_sk = p_promo_sk\n       and p_channel_tv = 'N'\n group by s_store_id)\n ,\n csr as\n (select  cp_catalog_page_id as catalog_page_id,\n          sum(cs_ext_sales_price) as sales,\n          sum(coalesce(cr_return_amount, 0)) as returns,\n          sum(cs_net_profit - coalesce(cr_net_loss, 0)) as profit\n  from catalog_sales left outer join catalog_returns on\n         (cs_item_sk = cr_item_sk and cs_order_number = cr_order_number),\n     date_dim,\n     catalog_page,\n     item,\n     promotion\n where cs_sold_date_sk = d_date_sk\n       and d_date between cast('2000-08-25' as date)\n                  and (cast('2000-08-25' as date) +  interval '30 days')\n        and cs_catalog_page_sk = cp_catalog_page_sk\n       and cs_item_sk = i_item_sk\n       and i_current_price > 50\n       and cs_promo_sk = p_promo_sk\n       and p_channel_tv = 'N'\ngroup by cp_catalog_page_id)\n ,\n wsr as\n (select  web_site_id,\n          sum(ws_ext_sales_price) as sales,\n          sum(coalesce(wr_return_amt, 0)) as returns,\n          sum(ws_net_profit - coalesce(wr_net_loss, 0)) as profit\n  from web_sales left outer join web_returns on\n         (ws_item_sk = wr_item_sk and ws_order_number = wr_order_number),\n     date_dim,\n     web_site,\n     item,\n     promotion\n where ws_sold_date_sk = d_date_sk\n       and d_date between cast('2000-08-25' as date)\n                  and (cast('2000-08-25' as date) +  interval '30 days')\n        and ws_web_site_sk = web_site_sk\n       and ws_item_sk = i_item_sk\n       and i_current_price > 50\n       and ws_promo_sk = p_promo_sk\n       and p_channel_tv = 'N'\ngroup by web_site_id)\n  select  channel\n        , id\n        , sum(sales) as sales\n        , sum(returns) as returns\n        , sum(profit) as profit\n from \n (select 'store channel' as channel\n        , 'store' || store_id as id\n        , sales\n        , returns\n        , profit\n from   ssr\n union all\n select 'catalog channel' as channel\n        , 'catalog_page' || catalog_page_id as id\n        , sales\n        , returns\n        , profit\n from  csr\n union all\n select 'web channel' as channel\n        , 'web_site' || web_site_id as id\n        , sales\n        , returns\n        , profit\n from   wsr\n ) x\n group by rollup (channel, id)\n order by channel\n         ,id\n limit 100;\n\n-- end query 61 in stream 1 using template query80.tpl\n",
    "indexes": "web_sales.ws_sold_date_sk",
    "wo plan est": {
      "Node Type": "Limit",
      "Parallel Aware": false,
      "Async Capable": false,
      "Startup Cost": 1566793.64,
      "Total Cost": 1566796.93,
      "Plan Rows": 100,
      "Plan Width": 160,
      "Plans": [
        {
          "Node Type": "Aggregate",
          "Strategy": "Sorted",
          "Partial Mode": "Simple",
          "Parent Relationship": "Outer",
          "Parallel Aware": false,
          "Async Capable": false,
          "Startup Cost": 1566793.64,
          "Total Cost": 1566806.84,
          "Plan Rows": 401,
          "Plan Width": 160,
          "Grouping Sets": [
            {
              "Group Keys": [
                [
                  "('store channel'::text)",
                  "(('store'::text || (ssr.store_id)::text))"
                ],
                [
                  "('store channel'::text)"
                ],
                []
              ]
            }
          ],
          "Plans": [
            {
              "Node Type": "Sort",
              "Parent Relationship": "Outer",
              "Parallel Aware": false,
              "Async Capable": false,
              "Startup Cost": 1566793.64,
              "Total Cost": 1566794.67,
              "Plan Rows": 412,
              "Plan Width": 160,
              "Sort Key": [
                "('store channel'::text)",
                "(('store'::text || (ssr.store_id)::text))"
              ],
              "Plans": [
                {
                  "Node Type": "Append",
                  "Parent Relationship": "Outer",
                  "Parallel Aware": false,
                  "Async Capable": false,
                  "Startup Cost": 784596.3,
                  "Total Cost": 1566775.74,
                  "Plan Rows": 412,
                  "Plan Width": 160,
                  "Subplans Removed": 0,
                  "Plans": [
                    {
                      "Node Type": "Subquery Scan",
                      "Parent Relationship": "Member",
                      "Parallel Aware": false,
                      "Async Capable": false,
                      "Alias": "ssr",
                      "Startup Cost": 784596.3,
                      "Total Cost": 784616.16,
                      "Plan Rows": 51,
                      "Plan Width": 160,
                      "Plans": [
                        {
                          "Node Type": "Aggregate",
                          "Strategy": "Sorted",
                          "Partial Mode": "Finalize",
                          "Parent Relationship": "Subquery",
                          "Parallel Aware": false,
                          "Async Capable": false,
                          "Startup Cost": 784596.3,
                          "Total Cost": 784615.39,
                          "Plan Rows": 51,
                          "Plan Width": 113,
                          "Group Key": [
                            "store.s_store_id"
                          ],
                          "Plans": [
                            {
                              "Node Type": "Gather Merge",
                              "Parent Relationship": "Outer",
                              "Parallel Aware": false,
                              "Async Capable": false,
                              "Startup Cost": 784596.3,
                              "Total Cost": 784612.71,
                              "Plan Rows": 102,
                              "Plan Width": 113,
                              "Workers Planned": 2,
                              "Plans": [
                                {
                                  "Node Type": "Aggregate",
                                  "Strategy": "Sorted",
                                  "Partial Mode": "Partial",
                                  "Parent Relationship": "Outer",
                                  "Parallel Aware": false,
                                  "Async Capable": false,
                                  "Startup Cost": 783596.27,
                                  "Total Cost": 783600.92,
                                  "Plan Rows": 51,
                                  "Plan Width": 113,
                                  "Group Key": [
                                    "store.s_store_id"
                                  ],
                                  "Plans": [
                                    {
                                      "Node Type": "Sort",
                                      "Parent Relationship": "Outer",
                                      "Parallel Aware": false,
                                      "Async Capable": false,
                                      "Startup Cost": 783596.27,
                                      "Total Cost": 783596.9,
                                      "Plan Rows": 250,
                                      "Plan Width": 41,
                                      "Sort Key": [
                                        "store.s_store_id"
                                      ],
                                      "Plans": [
                                        {
                                          "Node Type": "Hash Join",
                                          "Parent Relationship": "Outer",
                                          "Parallel Aware": false,
                                          "Async Capable": false,
                                          "Join Type": "Inner",
                                          "Startup Cost": 94489.35,
                                          "Total Cost": 783586.32,
                                          "Plan Rows": 250,
                                          "Plan Width": 41,
                                          "Inner Unique": false,
                                          "Hash Cond": "(store_sales.ss_store_sk = store.s_store_sk)",
                                          "Plans": [
                                            {
                                              "Node Type": "Hash Join",
                                              "Parent Relationship": "Outer",
                                              "Parallel Aware": false,
                                              "Async Capable": false,
                                              "Join Type": "Inner",
                                              "Startup Cost": 94482.05,
                                              "Total Cost": 783575.54,
                                              "Plan Rows": 262,
                                              "Plan Width": 28,
                                              "Inner Unique": false,
                                              "Hash Cond": "(store_sales.ss_promo_sk = promotion.p_promo_sk)",
                                              "Plans": [
                                                {
                                                  "Node Type": "Hash Join",
                                                  "Parent Relationship": "Outer",
                                                  "Parallel Aware": true,
                                                  "Async Capable": false,
                                                  "Join Type": "Inner",
                                                  "Startup Cost": 94456.65,
                                                  "Total Cost": 783546.47,
                                                  "Plan Rows": 279,
                                                  "Plan Width": 32,
                                                  "Inner Unique": false,
                                                  "Hash Cond": "(store_sales.ss_item_sk = item.i_item_sk)",
                                                  "Plans": [
                                                    {
                                                      "Node Type": "Hash Join",
                                                      "Parent Relationship": "Outer",
                                                      "Parallel Aware": true,
                                                      "Async Capable": false,
                                                      "Join Type": "Left",
                                                      "Startup Cost": 86930.88,
                                                      "Total Cost": 776001.31,
                                                      "Plan Rows": 4860,
                                                      "Plan Width": 36,
                                                      "Inner Unique": false,
                                                      "Hash Cond": "((store_sales.ss_item_sk = store_returns.sr_item_sk) AND (store_sales.ss_ticket_number = store_returns.sr_ticket_number))",
                                                      "Plans": [
                                                        {
                                                          "Node Type": "Hash Join",
                                                          "Parent Relationship": "Outer",
                                                          "Parallel Aware": true,
                                                          "Async Capable": false,
                                                          "Join Type": "Inner",
                                                          "Startup Cost": 2049.78,
                                                          "Total Cost": 683994.75,
                                                          "Plan Rows": 4860,
                                                          "Plan Width": 28,
                                                          "Inner Unique": false,
                                                          "Hash Cond": "(store_sales.ss_sold_date_sk = date_dim.d_date_sk)",
                                                          "Plans": [
                                                            {
                                                              "Node Type": "Seq Scan",
                                                              "Parent Relationship": "Outer",
                                                              "Parallel Aware": true,
                                                              "Async Capable": false,
                                                              "Relation Name": "store_sales",
                                                              "Alias": "store_sales",
                                                              "Startup Cost": 0.0,
                                                              "Total Cost": 636914.37,
                                                              "Plan Rows": 12000637,
                                                              "Plan Width": 32,
                                                              "parent": 13,
                                                              "ID": 14
                                                            },
                                                            {
                                                              "Node Type": "Hash",
                                                              "Parent Relationship": "Inner",
                                                              "Parallel Aware": true,
                                                              "Async Capable": false,
                                                              "Startup Cost": 2049.55,
                                                              "Total Cost": 2049.55,
                                                              "Plan Rows": 18,
                                                              "Plan Width": 4,
                                                              "Plans": [
                                                                {
                                                                  "Node Type": "Seq Scan",
                                                                  "Parent Relationship": "Outer",
                                                                  "Parallel Aware": true,
                                                                  "Async Capable": false,
                                                                  "Relation Name": "date_dim",
                                                                  "Alias": "date_dim",
                                                                  "Startup Cost": 0.0,
                                                                  "Total Cost": 2049.55,
                                                                  "Plan Rows": 18,
                                                                  "Plan Width": 4,
                                                                  "Filter": "((d_date >= '2000-08-25'::date) AND (d_date <= '2000-09-24 00:00:00'::timestamp without time zone))",
                                                                  "parent": 15,
                                                                  "ID": 16
                                                                }
                                                              ],
                                                              "parent": 13,
                                                              "ID": 15,
                                                              "left": 16
                                                            }
                                                          ],
                                                          "parent": 12,
                                                          "ID": 13,
                                                          "left": 14,
                                                          "right": 15
                                                        },
                                                        {
                                                          "Node Type": "Hash",
                                                          "Parent Relationship": "Inner",
                                                          "Parallel Aware": true,
                                                          "Async Capable": false,
                                                          "Startup Cost": 59887.64,
                                                          "Total Cost": 59887.64,
                                                          "Plan Rows": 1198164,
                                                          "Plan Width": 20,
                                                          "Plans": [
                                                            {
                                                              "Node Type": "Seq Scan",
                                                              "Parent Relationship": "Outer",
                                                              "Parallel Aware": true,
                                                              "Async Capable": false,
                                                              "Relation Name": "store_returns",
                                                              "Alias": "store_returns",
                                                              "Startup Cost": 0.0,
                                                              "Total Cost": 59887.64,
                                                              "Plan Rows": 1198164,
                                                              "Plan Width": 20,
                                                              "parent": 17,
                                                              "ID": 18
                                                            }
                                                          ],
                                                          "parent": 12,
                                                          "ID": 17,
                                                          "left": 18
                                                        }
                                                      ],
                                                      "parent": 11,
                                                      "ID": 12,
                                                      "left": 13,
                                                      "right": 17
                                                    },
                                                    {
                                                      "Node Type": "Hash",
                                                      "Parent Relationship": "Inner",
                                                      "Parallel Aware": true,
                                                      "Async Capable": false,
                                                      "Startup Cost": 7495.25,
                                                      "Total Cost": 7495.25,
                                                      "Plan Rows": 2442,
                                                      "Plan Width": 4,
                                                      "Plans": [
                                                        {
                                                          "Node Type": "Seq Scan",
                                                          "Parent Relationship": "Outer",
                                                          "Parallel Aware": true,
                                                          "Async Capable": false,
                                                          "Relation Name": "item",
                                                          "Alias": "item",
                                                          "Startup Cost": 0.0,
                                                          "Total Cost": 7495.25,
                                                          "Plan Rows": 2442,
                                                          "Plan Width": 4,
                                                          "Filter": "(i_current_price > '50'::numeric)",
                                                          "parent": 19,
                                                          "ID": 20
                                                        }
                                                      ],
                                                      "parent": 11,
                                                      "ID": 19,
                                                      "left": 20
                                                    }
                                                  ],
                                                  "parent": 10,
                                                  "ID": 11,
                                                  "left": 12,
                                                  "right": 19
                                                },
                                                {
                                                  "Node Type": "Hash",
                                                  "Parent Relationship": "Inner",
                                                  "Parallel Aware": false,
                                                  "Async Capable": false,
                                                  "Startup Cost": 19.25,
                                                  "Total Cost": 19.25,
                                                  "Plan Rows": 492,
                                                  "Plan Width": 4,
                                                  "Plans": [
                                                    {
                                                      "Node Type": "Seq Scan",
                                                      "Parent Relationship": "Outer",
                                                      "Parallel Aware": false,
                                                      "Async Capable": false,
                                                      "Relation Name": "promotion",
                                                      "Alias": "promotion",
                                                      "Startup Cost": 0.0,
                                                      "Total Cost": 19.25,
                                                      "Plan Rows": 492,
                                                      "Plan Width": 4,
                                                      "Filter": "(p_channel_tv = 'N'::bpchar)",
                                                      "parent": 21,
                                                      "ID": 22
                                                    }
                                                  ],
                                                  "parent": 10,
                                                  "ID": 21,
                                                  "left": 22
                                                }
                                              ],
                                              "parent": 9,
                                              "ID": 10,
                                              "left": 11,
                                              "right": 21
                                            },
                                            {
                                              "Node Type": "Hash",
                                              "Parent Relationship": "Inner",
                                              "Parallel Aware": false,
                                              "Async Capable": false,
                                              "Startup Cost": 6.02,
                                              "Total Cost": 6.02,
                                              "Plan Rows": 102,
                                              "Plan Width": 21,
                                              "Plans": [
                                                {
                                                  "Node Type": "Seq Scan",
                                                  "Parent Relationship": "Outer",
                                                  "Parallel Aware": false,
                                                  "Async Capable": false,
                                                  "Relation Name": "store",
                                                  "Alias": "store",
                                                  "Startup Cost": 0.0,
                                                  "Total Cost": 6.02,
                                                  "Plan Rows": 102,
                                                  "Plan Width": 21,
                                                  "parent": 23,
                                                  "ID": 24
                                                }
                                              ],
                                              "parent": 9,
                                              "ID": 23,
                                              "left": 24
                                            }
                                          ],
                                          "parent": 8,
                                          "ID": 9,
                                          "left": 10,
                                          "right": 23
                                        }
                                      ],
                                      "parent": 7,
                                      "ID": 8,
                                      "left": 9
                                    }
                                  ],
                                  "parent": 6,
                                  "ID": 7,
                                  "left": 8
                                }
                              ],
                              "parent": 5,
                              "ID": 6,
                              "left": 7
                            }
                          ],
                          "parent": 4,
                          "ID": 5,
                          "left": 6
                        }
                      ],
                      "parent": 3,
                      "ID": 4,
                      "left": 5
                    },
                    {
                      "Node Type": "Subquery Scan",
                      "Parent Relationship": "Member",
                      "Parallel Aware": false,
                      "Async Capable": false,
                      "Alias": "csr",
                      "Startup Cost": 518177.36,
                      "Total Cost": 518230.78,
                      "Plan Rows": 340,
                      "Plan Width": 160,
                      "Plans": [
                        {
                          "Node Type": "Aggregate",
                          "Strategy": "Sorted",
                          "Partial Mode": "Finalize",
                          "Parent Relationship": "Subquery",
                          "Parallel Aware": false,
                          "Async Capable": false,
                          "Startup Cost": 518177.36,
                          "Total Cost": 518225.68,
                          "Plan Rows": 340,
                          "Plan Width": 113,
                          "Group Key": [
                            "catalog_page.cp_catalog_page_id"
                          ],
                          "Plans": [
                            {
                              "Node Type": "Gather Merge",
                              "Parent Relationship": "Outer",
                              "Parallel Aware": false,
                              "Async Capable": false,
                              "Startup Cost": 518177.36,
                              "Total Cost": 518214.76,
                              "Plan Rows": 284,
                              "Plan Width": 113,
                              "Workers Planned": 2,
                              "Plans": [
                                {
                                  "Node Type": "Aggregate",
                                  "Strategy": "Sorted",
                                  "Partial Mode": "Partial",
                                  "Parent Relationship": "Outer",
                                  "Parallel Aware": false,
                                  "Async Capable": false,
                                  "Startup Cost": 517177.34,
                                  "Total Cost": 517181.95,
                                  "Plan Rows": 142,
                                  "Plan Width": 113,
                                  "Group Key": [
                                    "catalog_page.cp_catalog_page_id"
                                  ],
                                  "Plans": [
                                    {
                                      "Node Type": "Sort",
                                      "Parent Relationship": "Outer",
                                      "Parallel Aware": false,
                                      "Async Capable": false,
                                      "Startup Cost": 517177.34,
                                      "Total Cost": 517177.69,
                                      "Plan Rows": 142,
                                      "Plan Width": 41,
                                      "Sort Key": [
                                        "catalog_page.cp_catalog_page_id"
                                      ],
                                      "Plans": [
                                        {
                                          "Node Type": "Hash Join",
                                          "Parent Relationship": "Outer",
                                          "Parallel Aware": false,
                                          "Async Capable": false,
                                          "Join Type": "Inner",
                                          "Startup Cost": 57382.33,
                                          "Total Cost": 517172.26,
                                          "Plan Rows": 142,
                                          "Plan Width": 41,
                                          "Inner Unique": false,
                                          "Hash Cond": "(catalog_sales.cs_catalog_page_sk = catalog_page.cp_catalog_page_sk)",
                                          "Plans": [
                                            {
                                              "Node Type": "Hash Join",
                                              "Parent Relationship": "Outer",
                                              "Parallel Aware": false,
                                              "Async Capable": false,
                                              "Join Type": "Inner",
                                              "Startup Cost": 56864.33,
                                              "Total Cost": 516652.32,
                                              "Plan Rows": 142,
                                              "Plan Width": 28,
                                              "Inner Unique": false,
                                              "Hash Cond": "(catalog_sales.cs_promo_sk = promotion_1.p_promo_sk)",
                                              "Plans": [
                                                {
                                                  "Node Type": "Hash Join",
                                                  "Parent Relationship": "Outer",
                                                  "Parallel Aware": true,
                                                  "Async Capable": false,
                                                  "Join Type": "Inner",
                                                  "Startup Cost": 56838.93,
                                                  "Total Cost": 516624.96,
                                                  "Plan Rows": 145,
                                                  "Plan Width": 32,
                                                  "Inner Unique": false,
                                                  "Hash Cond": "(catalog_sales.cs_item_sk = item_1.i_item_sk)",
                                                  "Plans": [
                                                    {
                                                      "Node Type": "Hash Join",
                                                      "Parent Relationship": "Outer",
                                                      "Parallel Aware": true,
                                                      "Async Capable": false,
                                                      "Join Type": "Left",
                                                      "Startup Cost": 49313.15,
                                                      "Total Cost": 509089.08,
                                                      "Plan Rows": 2532,
                                                      "Plan Width": 36,
                                                      "Inner Unique": false,
                                                      "Hash Cond": "((catalog_sales.cs_item_sk = catalog_returns.cr_item_sk) AND (catalog_sales.cs_order_number = catalog_returns.cr_order_number))",
                                                      "Plans": [
                                                        {
                                                          "Node Type": "Hash Join",
                                                          "Parent Relationship": "Outer",
                                                          "Parallel Aware": true,
                                                          "Async Capable": false,
                                                          "Join Type": "Inner",
                                                          "Startup Cost": 2049.78,
                                                          "Total Cost": 458254.7,
                                                          "Plan Rows": 2532,
                                                          "Plan Width": 28,
                                                          "Inner Unique": false,
                                                          "Hash Cond": "(catalog_sales.cs_sold_date_sk = date_dim_1.d_date_sk)",
                                                          "Plans": [
                                                            {
                                                              "Node Type": "Seq Scan",
                                                              "Parent Relationship": "Outer",
                                                              "Parallel Aware": true,
                                                              "Async Capable": false,
                                                              "Relation Name": "catalog_sales",
                                                              "Alias": "catalog_sales",
                                                              "Startup Cost": 0.0,
                                                              "Total Cost": 433688.25,
                                                              "Plan Rows": 6000525,
                                                              "Plan Width": 32,
                                                              "parent": 34,
                                                              "ID": 35
                                                            },
                                                            {
                                                              "Node Type": "Hash",
                                                              "Parent Relationship": "Inner",
                                                              "Parallel Aware": true,
                                                              "Async Capable": false,
                                                              "Startup Cost": 2049.55,
                                                              "Total Cost": 2049.55,
                                                              "Plan Rows": 18,
                                                              "Plan Width": 4,
                                                              "Plans": [
                                                                {
                                                                  "Node Type": "Seq Scan",
                                                                  "Parent Relationship": "Outer",
                                                                  "Parallel Aware": true,
                                                                  "Async Capable": false,
                                                                  "Relation Name": "date_dim",
                                                                  "Alias": "date_dim_1",
                                                                  "Startup Cost": 0.0,
                                                                  "Total Cost": 2049.55,
                                                                  "Plan Rows": 18,
                                                                  "Plan Width": 4,
                                                                  "Filter": "((d_date >= '2000-08-25'::date) AND (d_date <= '2000-09-24 00:00:00'::timestamp without time zone))",
                                                                  "parent": 36,
                                                                  "ID": 37
                                                                }
                                                              ],
                                                              "parent": 34,
                                                              "ID": 36,
                                                              "left": 37
                                                            }
                                                          ],
                                                          "parent": 33,
                                                          "ID": 34,
                                                          "left": 35,
                                                          "right": 36
                                                        },
                                                        {
                                                          "Node Type": "Hash",
                                                          "Parent Relationship": "Inner",
                                                          "Parallel Aware": true,
                                                          "Async Capable": false,
                                                          "Startup Cost": 34748.95,
                                                          "Total Cost": 34748.95,
                                                          "Plan Rows": 599895,
                                                          "Plan Width": 20,
                                                          "Plans": [
                                                            {
                                                              "Node Type": "Seq Scan",
                                                              "Parent Relationship": "Outer",
                                                              "Parallel Aware": true,
                                                              "Async Capable": false,
                                                              "Relation Name": "catalog_returns",
                                                              "Alias": "catalog_returns",
                                                              "Startup Cost": 0.0,
                                                              "Total Cost": 34748.95,
                                                              "Plan Rows": 599895,
                                                              "Plan Width": 20,
                                                              "parent": 38,
                                                              "ID": 39
                                                            }
                                                          ],
                                                          "parent": 33,
                                                          "ID": 38,
                                                          "left": 39
                                                        }
                                                      ],
                                                      "parent": 32,
                                                      "ID": 33,
                                                      "left": 34,
                                                      "right": 38
                                                    },
                                                    {
                                                      "Node Type": "Hash",
                                                      "Parent Relationship": "Inner",
                                                      "Parallel Aware": true,
                                                      "Async Capable": false,
                                                      "Startup Cost": 7495.25,
                                                      "Total Cost": 7495.25,
                                                      "Plan Rows": 2442,
                                                      "Plan Width": 4,
                                                      "Plans": [
                                                        {
                                                          "Node Type": "Seq Scan",
                                                          "Parent Relationship": "Outer",
                                                          "Parallel Aware": true,
                                                          "Async Capable": false,
                                                          "Relation Name": "item",
                                                          "Alias": "item_1",
                                                          "Startup Cost": 0.0,
                                                          "Total Cost": 7495.25,
                                                          "Plan Rows": 2442,
                                                          "Plan Width": 4,
                                                          "Filter": "(i_current_price > '50'::numeric)",
                                                          "parent": 40,
                                                          "ID": 41
                                                        }
                                                      ],
                                                      "parent": 32,
                                                      "ID": 40,
                                                      "left": 41
                                                    }
                                                  ],
                                                  "parent": 31,
                                                  "ID": 32,
                                                  "left": 33,
                                                  "right": 40
                                                },
                                                {
                                                  "Node Type": "Hash",
                                                  "Parent Relationship": "Inner",
                                                  "Parallel Aware": false,
                                                  "Async Capable": false,
                                                  "Startup Cost": 19.25,
                                                  "Total Cost": 19.25,
                                                  "Plan Rows": 492,
                                                  "Plan Width": 4,
                                                  "Plans": [
                                                    {
                                                      "Node Type": "Seq Scan",
                                                      "Parent Relationship": "Outer",
                                                      "Parallel Aware": false,
                                                      "Async Capable": false,
                                                      "Relation Name": "promotion",
                                                      "Alias": "promotion_1",
                                                      "Startup Cost": 0.0,
                                                      "Total Cost": 19.25,
                                                      "Plan Rows": 492,
                                                      "Plan Width": 4,
                                                      "Filter": "(p_channel_tv = 'N'::bpchar)",
                                                      "parent": 42,
                                                      "ID": 43
                                                    }
                                                  ],
                                                  "parent": 31,
                                                  "ID": 42,
                                                  "left": 43
                                                }
                                              ],
                                              "parent": 30,
                                              "ID": 31,
                                              "left": 32,
                                              "right": 42
                                            },
                                            {
                                              "Node Type": "Hash",
                                              "Parent Relationship": "Inner",
                                              "Parallel Aware": false,
                                              "Async Capable": false,
                                              "Startup Cost": 368.0,
                                              "Total Cost": 368.0,
                                              "Plan Rows": 12000,
                                              "Plan Width": 21,
                                              "Plans": [
                                                {
                                                  "Node Type": "Seq Scan",
                                                  "Parent Relationship": "Outer",
                                                  "Parallel Aware": false,
                                                  "Async Capable": false,
                                                  "Relation Name": "catalog_page",
                                                  "Alias": "catalog_page",
                                                  "Startup Cost": 0.0,
                                                  "Total Cost": 368.0,
                                                  "Plan Rows": 12000,
                                                  "Plan Width": 21,
                                                  "parent": 44,
                                                  "ID": 45
                                                }
                                              ],
                                              "parent": 30,
                                              "ID": 44,
                                              "left": 45
                                            }
                                          ],
                                          "parent": 29,
                                          "ID": 30,
                                          "left": 31,
                                          "right": 44
                                        }
                                      ],
                                      "parent": 28,
                                      "ID": 29,
                                      "left": 30
                                    }
                                  ],
                                  "parent": 27,
                                  "ID": 28,
                                  "left": 29
                                }
                              ],
                              "parent": 26,
                              "ID": 27,
                              "left": 28
                            }
                          ],
                          "parent": 25,
                          "ID": 26,
                          "left": 27
                        }
                      ],
                      "parent": 3,
                      "ID": 25,
                      "left": 26
                    },
                    {
                      "Node Type": "Subquery Scan",
                      "Parent Relationship": "Member",
                      "Parallel Aware": false,
                      "Async Capable": false,
                      "Alias": "wsr",
                      "Startup Cost": 263919.04,
                      "Total Cost": 263926.75,
                      "Plan Rows": 21,
                      "Plan Width": 160,
                      "Plans": [
                        {
                          "Node Type": "Aggregate",
                          "Strategy": "Sorted",
                          "Partial Mode": "Finalize",
                          "Parent Relationship": "Subquery",
                          "Parallel Aware": false,
                          "Async Capable": false,
                          "Startup Cost": 263919.04,
                          "Total Cost": 263926.43,
                          "Plan Rows": 21,
                          "Plan Width": 113,
                          "Group Key": [
                            "web_site.web_site_id"
                          ],
                          "Plans": [
                            {
                              "Node Type": "Gather Merge",
                              "Parent Relationship": "Outer",
                              "Parallel Aware": false,
                              "Async Capable": false,
                              "Startup Cost": 263919.04,
                              "Total Cost": 263925.33,
                              "Plan Rows": 42,
                              "Plan Width": 113,
                              "Workers Planned": 2,
                              "Plans": [
                                {
                                  "Node Type": "Aggregate",
                                  "Strategy": "Sorted",
                                  "Partial Mode": "Partial",
                                  "Parent Relationship": "Outer",
                                  "Parallel Aware": false,
                                  "Async Capable": false,
                                  "Startup Cost": 262919.01,
                                  "Total Cost": 262920.46,
                                  "Plan Rows": 21,
                                  "Plan Width": 113,
                                  "Group Key": [
                                    "web_site.web_site_id"
                                  ],
                                  "Plans": [
                                    {
                                      "Node Type": "Sort",
                                      "Parent Relationship": "Outer",
                                      "Parallel Aware": false,
                                      "Async Capable": false,
                                      "Startup Cost": 262919.01,
                                      "Total Cost": 262919.19,
                                      "Plan Rows": 72,
                                      "Plan Width": 41,
                                      "Sort Key": [
                                        "web_site.web_site_id"
                                      ],
                                      "Plans": [
                                        {
                                          "Node Type": "Hash Join",
                                          "Parent Relationship": "Outer",
                                          "Parallel Aware": false,
                                          "Async Capable": false,
                                          "Join Type": "Inner",
                                          "Startup Cost": 32134.74,
                                          "Total Cost": 262916.79,
                                          "Plan Rows": 72,
                                          "Plan Width": 41,
                                          "Inner Unique": false,
                                          "Hash Cond": "(web_sales.ws_web_site_sk = web_site.web_site_sk)",
                                          "Plans": [
                                            {
                                              "Node Type": "Hash Join",
                                              "Parent Relationship": "Outer",
                                              "Parallel Aware": false,
                                              "Async Capable": false,
                                              "Join Type": "Inner",
                                              "Startup Cost": 32130.8,
                                              "Total Cost": 262911.86,
                                              "Plan Rows": 72,
                                              "Plan Width": 28,
                                              "Inner Unique": false,
                                              "Hash Cond": "(web_sales.ws_promo_sk = promotion_2.p_promo_sk)",
                                              "Plans": [
                                                {
                                                  "Node Type": "Hash Join",
                                                  "Parent Relationship": "Outer",
                                                  "Parallel Aware": true,
                                                  "Async Capable": false,
                                                  "Join Type": "Inner",
                                                  "Startup Cost": 32105.4,
                                                  "Total Cost": 262885.46,
                                                  "Plan Rows": 73,
                                                  "Plan Width": 32,
                                                  "Inner Unique": false,
                                                  "Hash Cond": "(web_sales.ws_item_sk = item_2.i_item_sk)",
                                                  "Plans": [
                                                    {
                                                      "Node Type": "Hash Join",
                                                      "Parent Relationship": "Outer",
                                                      "Parallel Aware": true,
                                                      "Async Capable": false,
                                                      "Join Type": "Left",
                                                      "Startup Cost": 24579.62,
                                                      "Total Cost": 255354.62,
                                                      "Plan Rows": 1272,
                                                      "Plan Width": 36,
                                                      "Inner Unique": false,
                                                      "Hash Cond": "((web_sales.ws_item_sk = web_returns.wr_item_sk) AND (web_sales.ws_order_number = web_returns.wr_order_number))",
                                                      "Plans": [
                                                        {
                                                          "Node Type": "Hash Join",
                                                          "Parent Relationship": "Outer",
                                                          "Parallel Aware": true,
                                                          "Async Capable": false,
                                                          "Join Type": "Inner",
                                                          "Startup Cost": 2049.78,
                                                          "Total Cost": 231041.22,
                                                          "Plan Rows": 1272,
                                                          "Plan Width": 28,
                                                          "Inner Unique": false,
                                                          "Hash Cond": "(web_sales.ws_sold_date_sk = date_dim_2.d_date_sk)",
                                                          "Plans": [
                                                            {
                                                              "Node Type": "Seq Scan",
                                                              "Parent Relationship": "Outer",
                                                              "Parallel Aware": true,
                                                              "Async Capable": false,
                                                              "Relation Name": "web_sales",
                                                              "Alias": "web_sales",
                                                              "Startup Cost": 0.0,
                                                              "Total Cost": 217737.86,
                                                              "Plan Rows": 2998986,
                                                              "Plan Width": 32,
                                                              "parent": 55,
                                                              "ID": 56
                                                            },
                                                            {
                                                              "Node Type": "Hash",
                                                              "Parent Relationship": "Inner",
                                                              "Parallel Aware": true,
                                                              "Async Capable": false,
                                                              "Startup Cost": 2049.55,
                                                              "Total Cost": 2049.55,
                                                              "Plan Rows": 18,
                                                              "Plan Width": 4,
                                                              "Plans": [
                                                                {
                                                                  "Node Type": "Seq Scan",
                                                                  "Parent Relationship": "Outer",
                                                                  "Parallel Aware": true,
                                                                  "Async Capable": false,
                                                                  "Relation Name": "date_dim",
                                                                  "Alias": "date_dim_2",
                                                                  "Startup Cost": 0.0,
                                                                  "Total Cost": 2049.55,
                                                                  "Plan Rows": 18,
                                                                  "Plan Width": 4,
                                                                  "Filter": "((d_date >= '2000-08-25'::date) AND (d_date <= '2000-09-24 00:00:00'::timestamp without time zone))",
                                                                  "parent": 57,
                                                                  "ID": 58
                                                                }
                                                              ],
                                                              "parent": 55,
                                                              "ID": 57,
                                                              "left": 58
                                                            }
                                                          ],
                                                          "parent": 54,
                                                          "ID": 55,
                                                          "left": 56,
                                                          "right": 57
                                                        },
                                                        {
                                                          "Node Type": "Hash",
                                                          "Parent Relationship": "Inner",
                                                          "Parallel Aware": true,
                                                          "Async Capable": false,
                                                          "Startup Cost": 16278.74,
                                                          "Total Cost": 16278.74,
                                                          "Plan Rows": 299674,
                                                          "Plan Width": 20,
                                                          "Plans": [
                                                            {
                                                              "Node Type": "Seq Scan",
                                                              "Parent Relationship": "Outer",
                                                              "Parallel Aware": true,
                                                              "Async Capable": false,
                                                              "Relation Name": "web_returns",
                                                              "Alias": "web_returns",
                                                              "Startup Cost": 0.0,
                                                              "Total Cost": 16278.74,
                                                              "Plan Rows": 299674,
                                                              "Plan Width": 20,
                                                              "parent": 59,
                                                              "ID": 60
                                                            }
                                                          ],
                                                          "parent": 54,
                                                          "ID": 59,
                                                          "left": 60
                                                        }
                                                      ],
                                                      "parent": 53,
                                                      "ID": 54,
                                                      "left": 55,
                                                      "right": 59
                                                    },
                                                    {
                                                      "Node Type": "Hash",
                                                      "Parent Relationship": "Inner",
                                                      "Parallel Aware": true,
                                                      "Async Capable": false,
                                                      "Startup Cost": 7495.25,
                                                      "Total Cost": 7495.25,
                                                      "Plan Rows": 2442,
                                                      "Plan Width": 4,
                                                      "Plans": [
                                                        {
                                                          "Node Type": "Seq Scan",
                                                          "Parent Relationship": "Outer",
                                                          "Parallel Aware": true,
                                                          "Async Capable": false,
                                                          "Relation Name": "item",
                                                          "Alias": "item_2",
                                                          "Startup Cost": 0.0,
                                                          "Total Cost": 7495.25,
                                                          "Plan Rows": 2442,
                                                          "Plan Width": 4,
                                                          "Filter": "(i_current_price > '50'::numeric)",
                                                          "parent": 61,
                                                          "ID": 62
                                                        }
                                                      ],
                                                      "parent": 53,
                                                      "ID": 61,
                                                      "left": 62
                                                    }
                                                  ],
                                                  "parent": 52,
                                                  "ID": 53,
                                                  "left": 54,
                                                  "right": 61
                                                },
                                                {
                                                  "Node Type": "Hash",
                                                  "Parent Relationship": "Inner",
                                                  "Parallel Aware": false,
                                                  "Async Capable": false,
                                                  "Startup Cost": 19.25,
                                                  "Total Cost": 19.25,
                                                  "Plan Rows": 492,
                                                  "Plan Width": 4,
                                                  "Plans": [
                                                    {
                                                      "Node Type": "Seq Scan",
                                                      "Parent Relationship": "Outer",
                                                      "Parallel Aware": false,
                                                      "Async Capable": false,
                                                      "Relation Name": "promotion",
                                                      "Alias": "promotion_2",
                                                      "Startup Cost": 0.0,
                                                      "Total Cost": 19.25,
                                                      "Plan Rows": 492,
                                                      "Plan Width": 4,
                                                      "Filter": "(p_channel_tv = 'N'::bpchar)",
                                                      "parent": 63,
                                                      "ID": 64
                                                    }
                                                  ],
                                                  "parent": 52,
                                                  "ID": 63,
                                                  "left": 64
                                                }
                                              ],
                                              "parent": 51,
                                              "ID": 52,
                                              "left": 53,
                                              "right": 63
                                            },
                                            {
                                              "Node Type": "Hash",
                                              "Parent Relationship": "Inner",
                                              "Parallel Aware": false,
                                              "Async Capable": false,
                                              "Startup Cost": 3.42,
                                              "Total Cost": 3.42,
                                              "Plan Rows": 42,
                                              "Plan Width": 21,
                                              "Plans": [
                                                {
                                                  "Node Type": "Seq Scan",
                                                  "Parent Relationship": "Outer",
                                                  "Parallel Aware": false,
                                                  "Async Capable": false,
                                                  "Relation Name": "web_site",
                                                  "Alias": "web_site",
                                                  "Startup Cost": 0.0,
                                                  "Total Cost": 3.42,
                                                  "Plan Rows": 42,
                                                  "Plan Width": 21,
                                                  "parent": 65,
                                                  "ID": 66
                                                }
                                              ],
                                              "parent": 51,
                                              "ID": 65,
                                              "left": 66
                                            }
                                          ],
                                          "parent": 50,
                                          "ID": 51,
                                          "left": 52,
                                          "right": 65
                                        }
                                      ],
                                      "parent": 49,
                                      "ID": 50,
                                      "left": 51
                                    }
                                  ],
                                  "parent": 48,
                                  "ID": 49,
                                  "left": 50
                                }
                              ],
                              "parent": 47,
                              "ID": 48,
                              "left": 49
                            }
                          ],
                          "parent": 46,
                          "ID": 47,
                          "left": 48
                        }
                      ],
                      "parent": 3,
                      "ID": 46,
                      "left": 47
                    }
                  ],
                  "parent": 2,
                  "ID": 3,
                  "left": 4,
                  "right": 25
                }
              ],
              "parent": 1,
              "ID": 2,
              "left": 3
            }
          ],
          "parent": 0,
          "ID": 1,
          "left": 2
        }
      ],
      "parent": null,
      "ID": 0,
      "left": 1
    },
    "feat": {
      "utility": 2.172201437469747e-06,
      "query_shape": [
        [
          "Seq Scan",
          "Hash Join",
          "Sort",
          "Aggregate",
          "Gather Merge",
          "Subquery Scan",
          "Append"
        ],
        [
          "Seq Scan",
          "Hash",
          "Hash Join",
          "Sort",
          "Aggregate",
          "Gather Merge",
          "Subquery Scan",
          "Append"
        ],
        [
          "Seq Scan",
          "Hash",
          "Hash Join",
          "Sort",
          "Aggregate",
          "Gather Merge",
          "Subquery Scan",
          "Append"
        ],
        [
          "Seq Scan",
          "Hash",
          "Hash Join",
          "Sort",
          "Aggregate",
          "Gather Merge",
          "Subquery Scan",
          "Append"
        ],
        [
          "Seq Scan",
          "Hash",
          "Hash Join",
          "Sort",
          "Aggregate",
          "Gather Merge",
          "Subquery Scan",
          "Append"
        ],
        [
          "Seq Scan",
          "Hash",
          "Hash Join",
          "Sort",
          "Aggregate",
          "Gather Merge",
          "Subquery Scan",
          "Append"
        ],
        [
          "Seq Scan",
          "Hash Join",
          "Sort",
          "Aggregate",
          "Gather Merge",
          "Subquery Scan",
          "Append"
        ],
        [
          "Seq Scan",
          "Hash",
          "Hash Join",
          "Sort",
          "Aggregate",
          "Gather Merge",
          "Subquery Scan",
          "Append"
        ],
        [
          "Seq Scan",
          "Hash",
          "Hash Join",
          "Sort",
          "Aggregate",
          "Gather Merge",
          "Subquery Scan",
          "Append"
        ],
        [
          "Seq Scan",
          "Hash",
          "Hash Join",
          "Sort",
          "Aggregate",
          "Gather Merge",
          "Subquery Scan",
          "Append"
        ],
        [
          "Seq Scan",
          "Hash",
          "Hash Join",
          "Sort",
          "Aggregate",
          "Gather Merge",
          "Subquery Scan",
          "Append"
        ],
        [
          "Seq Scan",
          "Hash",
          "Hash Join",
          "Sort",
          "Aggregate",
          "Gather Merge",
          "Subquery Scan",
          "Append"
        ],
        [
          "Seq Scan",
          "Hash Join",
          "Sort",
          "Aggregate",
          "Gather Merge",
          "Subquery Scan",
          "Append"
        ],
        [
          "Seq Scan",
          "Hash",
          "Hash Join",
          "Sort",
          "Aggregate",
          "Gather Merge",
          "Subquery Scan",
          "Append"
        ],
        [
          "Seq Scan",
          "Hash",
          "Hash Join",
          "Sort",
          "Aggregate",
          "Gather Merge",
          "Subquery Scan",
          "Append"
        ],
        [
          "Seq Scan",
          "Hash",
          "Hash Join",
          "Sort",
          "Aggregate",
          "Gather Merge",
          "Subquery Scan",
          "Append"
        ],
        [
          "Seq Scan",
          "Hash",
          "Hash Join",
          "Sort",
          "Aggregate",
          "Gather Merge",
          "Subquery Scan",
          "Append"
        ],
        [
          "Seq Scan",
          "Hash",
          "Hash Join",
          "Sort",
          "Aggregate",
          "Gather Merge",
          "Subquery Scan",
          "Append"
        ]
      ],
      "index_shape": [
        "join"
      ],
      "physical_operator": {
        "Hash Join": [
          0.004854227026553673
        ]
      }
    }
  },
  {
    "query": "with ssr as\n (select  s_store_id as store_id,\n          sum(ss_ext_sales_price) as sales,\n          sum(coalesce(sr_return_amt, 0)) as returns,\n          sum(ss_net_profit - coalesce(sr_net_loss, 0)) as profit\n  from store_sales left outer join store_returns on\n         (ss_item_sk = sr_item_sk and ss_ticket_number = sr_ticket_number),\n     date_dim,\n     store,\n     item,\n     promotion\n where ss_sold_date_sk = d_date_sk\n       and d_date between cast('2000-08-25' as date) \n                  and (cast('2000-08-25' as date) +  interval '30 days')\n       and ss_store_sk = s_store_sk\n       and ss_item_sk = i_item_sk\n       and i_current_price > 50\n       and ss_promo_sk = p_promo_sk\n       and p_channel_tv = 'N'\n group by s_store_id)\n ,\n csr as\n (select  cp_catalog_page_id as catalog_page_id,\n          sum(cs_ext_sales_price) as sales,\n          sum(coalesce(cr_return_amount, 0)) as returns,\n          sum(cs_net_profit - coalesce(cr_net_loss, 0)) as profit\n  from catalog_sales left outer join catalog_returns on\n         (cs_item_sk = cr_item_sk and cs_order_number = cr_order_number),\n     date_dim,\n     catalog_page,\n     item,\n     promotion\n where cs_sold_date_sk = d_date_sk\n       and d_date between cast('2000-08-25' as date)\n                  and (cast('2000-08-25' as date) +  interval '30 days')\n        and cs_catalog_page_sk = cp_catalog_page_sk\n       and cs_item_sk = i_item_sk\n       and i_current_price > 50\n       and cs_promo_sk = p_promo_sk\n       and p_channel_tv = 'N'\ngroup by cp_catalog_page_id)\n ,\n wsr as\n (select  web_site_id,\n          sum(ws_ext_sales_price) as sales,\n          sum(coalesce(wr_return_amt, 0)) as returns,\n          sum(ws_net_profit - coalesce(wr_net_loss, 0)) as profit\n  from web_sales left outer join web_returns on\n         (ws_item_sk = wr_item_sk and ws_order_number = wr_order_number),\n     date_dim,\n     web_site,\n     item,\n     promotion\n where ws_sold_date_sk = d_date_sk\n       and d_date between cast('2000-08-25' as date)\n                  and (cast('2000-08-25' as date) +  interval '30 days')\n        and ws_web_site_sk = web_site_sk\n       and ws_item_sk = i_item_sk\n       and i_current_price > 50\n       and ws_promo_sk = p_promo_sk\n       and p_channel_tv = 'N'\ngroup by web_site_id)\n  select  channel\n        , id\n        , sum(sales) as sales\n        , sum(returns) as returns\n        , sum(profit) as profit\n from \n (select 'store channel' as channel\n        , 'store' || store_id as id\n        , sales\n        , returns\n        , profit\n from   ssr\n union all\n select 'catalog channel' as channel\n        , 'catalog_page' || catalog_page_id as id\n        , sales\n        , returns\n        , profit\n from  csr\n union all\n select 'web channel' as channel\n        , 'web_site' || web_site_id as id\n        , sales\n        , returns\n        , profit\n from   wsr\n ) x\n group by rollup (channel, id)\n order by channel\n         ,id\n limit 100;\n\n-- end query 61 in stream 1 using template query80.tpl\n",
    "indexes": "web_sales.ws_item_sk",
    "wo plan est": {
      "Node Type": "Limit",
      "Parallel Aware": false,
      "Async Capable": false,
      "Startup Cost": 1566793.64,
      "Total Cost": 1566796.93,
      "Plan Rows": 100,
      "Plan Width": 160,
      "Plans": [
        {
          "Node Type": "Aggregate",
          "Strategy": "Sorted",
          "Partial Mode": "Simple",
          "Parent Relationship": "Outer",
          "Parallel Aware": false,
          "Async Capable": false,
          "Startup Cost": 1566793.64,
          "Total Cost": 1566806.84,
          "Plan Rows": 401,
          "Plan Width": 160,
          "Grouping Sets": [
            {
              "Group Keys": [
                [
                  "('store channel'::text)",
                  "(('store'::text || (ssr.store_id)::text))"
                ],
                [
                  "('store channel'::text)"
                ],
                []
              ]
            }
          ],
          "Plans": [
            {
              "Node Type": "Sort",
              "Parent Relationship": "Outer",
              "Parallel Aware": false,
              "Async Capable": false,
              "Startup Cost": 1566793.64,
              "Total Cost": 1566794.67,
              "Plan Rows": 412,
              "Plan Width": 160,
              "Sort Key": [
                "('store channel'::text)",
                "(('store'::text || (ssr.store_id)::text))"
              ],
              "Plans": [
                {
                  "Node Type": "Append",
                  "Parent Relationship": "Outer",
                  "Parallel Aware": false,
                  "Async Capable": false,
                  "Startup Cost": 784596.3,
                  "Total Cost": 1566775.74,
                  "Plan Rows": 412,
                  "Plan Width": 160,
                  "Subplans Removed": 0,
                  "Plans": [
                    {
                      "Node Type": "Subquery Scan",
                      "Parent Relationship": "Member",
                      "Parallel Aware": false,
                      "Async Capable": false,
                      "Alias": "ssr",
                      "Startup Cost": 784596.3,
                      "Total Cost": 784616.16,
                      "Plan Rows": 51,
                      "Plan Width": 160,
                      "Plans": [
                        {
                          "Node Type": "Aggregate",
                          "Strategy": "Sorted",
                          "Partial Mode": "Finalize",
                          "Parent Relationship": "Subquery",
                          "Parallel Aware": false,
                          "Async Capable": false,
                          "Startup Cost": 784596.3,
                          "Total Cost": 784615.39,
                          "Plan Rows": 51,
                          "Plan Width": 113,
                          "Group Key": [
                            "store.s_store_id"
                          ],
                          "Plans": [
                            {
                              "Node Type": "Gather Merge",
                              "Parent Relationship": "Outer",
                              "Parallel Aware": false,
                              "Async Capable": false,
                              "Startup Cost": 784596.3,
                              "Total Cost": 784612.71,
                              "Plan Rows": 102,
                              "Plan Width": 113,
                              "Workers Planned": 2,
                              "Plans": [
                                {
                                  "Node Type": "Aggregate",
                                  "Strategy": "Sorted",
                                  "Partial Mode": "Partial",
                                  "Parent Relationship": "Outer",
                                  "Parallel Aware": false,
                                  "Async Capable": false,
                                  "Startup Cost": 783596.27,
                                  "Total Cost": 783600.92,
                                  "Plan Rows": 51,
                                  "Plan Width": 113,
                                  "Group Key": [
                                    "store.s_store_id"
                                  ],
                                  "Plans": [
                                    {
                                      "Node Type": "Sort",
                                      "Parent Relationship": "Outer",
                                      "Parallel Aware": false,
                                      "Async Capable": false,
                                      "Startup Cost": 783596.27,
                                      "Total Cost": 783596.9,
                                      "Plan Rows": 250,
                                      "Plan Width": 41,
                                      "Sort Key": [
                                        "store.s_store_id"
                                      ],
                                      "Plans": [
                                        {
                                          "Node Type": "Hash Join",
                                          "Parent Relationship": "Outer",
                                          "Parallel Aware": false,
                                          "Async Capable": false,
                                          "Join Type": "Inner",
                                          "Startup Cost": 94489.35,
                                          "Total Cost": 783586.32,
                                          "Plan Rows": 250,
                                          "Plan Width": 41,
                                          "Inner Unique": false,
                                          "Hash Cond": "(store_sales.ss_store_sk = store.s_store_sk)",
                                          "Plans": [
                                            {
                                              "Node Type": "Hash Join",
                                              "Parent Relationship": "Outer",
                                              "Parallel Aware": false,
                                              "Async Capable": false,
                                              "Join Type": "Inner",
                                              "Startup Cost": 94482.05,
                                              "Total Cost": 783575.54,
                                              "Plan Rows": 262,
                                              "Plan Width": 28,
                                              "Inner Unique": false,
                                              "Hash Cond": "(store_sales.ss_promo_sk = promotion.p_promo_sk)",
                                              "Plans": [
                                                {
                                                  "Node Type": "Hash Join",
                                                  "Parent Relationship": "Outer",
                                                  "Parallel Aware": true,
                                                  "Async Capable": false,
                                                  "Join Type": "Inner",
                                                  "Startup Cost": 94456.65,
                                                  "Total Cost": 783546.47,
                                                  "Plan Rows": 279,
                                                  "Plan Width": 32,
                                                  "Inner Unique": false,
                                                  "Hash Cond": "(store_sales.ss_item_sk = item.i_item_sk)",
                                                  "Plans": [
                                                    {
                                                      "Node Type": "Hash Join",
                                                      "Parent Relationship": "Outer",
                                                      "Parallel Aware": true,
                                                      "Async Capable": false,
                                                      "Join Type": "Left",
                                                      "Startup Cost": 86930.88,
                                                      "Total Cost": 776001.31,
                                                      "Plan Rows": 4860,
                                                      "Plan Width": 36,
                                                      "Inner Unique": false,
                                                      "Hash Cond": "((store_sales.ss_item_sk = store_returns.sr_item_sk) AND (store_sales.ss_ticket_number = store_returns.sr_ticket_number))",
                                                      "Plans": [
                                                        {
                                                          "Node Type": "Hash Join",
                                                          "Parent Relationship": "Outer",
                                                          "Parallel Aware": true,
                                                          "Async Capable": false,
                                                          "Join Type": "Inner",
                                                          "Startup Cost": 2049.78,
                                                          "Total Cost": 683994.75,
                                                          "Plan Rows": 4860,
                                                          "Plan Width": 28,
                                                          "Inner Unique": false,
                                                          "Hash Cond": "(store_sales.ss_sold_date_sk = date_dim.d_date_sk)",
                                                          "Plans": [
                                                            {
                                                              "Node Type": "Seq Scan",
                                                              "Parent Relationship": "Outer",
                                                              "Parallel Aware": true,
                                                              "Async Capable": false,
                                                              "Relation Name": "store_sales",
                                                              "Alias": "store_sales",
                                                              "Startup Cost": 0.0,
                                                              "Total Cost": 636914.37,
                                                              "Plan Rows": 12000637,
                                                              "Plan Width": 32,
                                                              "parent": 13,
                                                              "ID": 14
                                                            },
                                                            {
                                                              "Node Type": "Hash",
                                                              "Parent Relationship": "Inner",
                                                              "Parallel Aware": true,
                                                              "Async Capable": false,
                                                              "Startup Cost": 2049.55,
                                                              "Total Cost": 2049.55,
                                                              "Plan Rows": 18,
                                                              "Plan Width": 4,
                                                              "Plans": [
                                                                {
                                                                  "Node Type": "Seq Scan",
                                                                  "Parent Relationship": "Outer",
                                                                  "Parallel Aware": true,
                                                                  "Async Capable": false,
                                                                  "Relation Name": "date_dim",
                                                                  "Alias": "date_dim",
                                                                  "Startup Cost": 0.0,
                                                                  "Total Cost": 2049.55,
                                                                  "Plan Rows": 18,
                                                                  "Plan Width": 4,
                                                                  "Filter": "((d_date >= '2000-08-25'::date) AND (d_date <= '2000-09-24 00:00:00'::timestamp without time zone))",
                                                                  "parent": 15,
                                                                  "ID": 16
                                                                }
                                                              ],
                                                              "parent": 13,
                                                              "ID": 15,
                                                              "left": 16
                                                            }
                                                          ],
                                                          "parent": 12,
                                                          "ID": 13,
                                                          "left": 14,
                                                          "right": 15
                                                        },
                                                        {
                                                          "Node Type": "Hash",
                                                          "Parent Relationship": "Inner",
                                                          "Parallel Aware": true,
                                                          "Async Capable": false,
                                                          "Startup Cost": 59887.64,
                                                          "Total Cost": 59887.64,
                                                          "Plan Rows": 1198164,
                                                          "Plan Width": 20,
                                                          "Plans": [
                                                            {
                                                              "Node Type": "Seq Scan",
                                                              "Parent Relationship": "Outer",
                                                              "Parallel Aware": true,
                                                              "Async Capable": false,
                                                              "Relation Name": "store_returns",
                                                              "Alias": "store_returns",
                                                              "Startup Cost": 0.0,
                                                              "Total Cost": 59887.64,
                                                              "Plan Rows": 1198164,
                                                              "Plan Width": 20,
                                                              "parent": 17,
                                                              "ID": 18
                                                            }
                                                          ],
                                                          "parent": 12,
                                                          "ID": 17,
                                                          "left": 18
                                                        }
                                                      ],
                                                      "parent": 11,
                                                      "ID": 12,
                                                      "left": 13,
                                                      "right": 17
                                                    },
                                                    {
                                                      "Node Type": "Hash",
                                                      "Parent Relationship": "Inner",
                                                      "Parallel Aware": true,
                                                      "Async Capable": false,
                                                      "Startup Cost": 7495.25,
                                                      "Total Cost": 7495.25,
                                                      "Plan Rows": 2442,
                                                      "Plan Width": 4,
                                                      "Plans": [
                                                        {
                                                          "Node Type": "Seq Scan",
                                                          "Parent Relationship": "Outer",
                                                          "Parallel Aware": true,
                                                          "Async Capable": false,
                                                          "Relation Name": "item",
                                                          "Alias": "item",
                                                          "Startup Cost": 0.0,
                                                          "Total Cost": 7495.25,
                                                          "Plan Rows": 2442,
                                                          "Plan Width": 4,
                                                          "Filter": "(i_current_price > '50'::numeric)",
                                                          "parent": 19,
                                                          "ID": 20
                                                        }
                                                      ],
                                                      "parent": 11,
                                                      "ID": 19,
                                                      "left": 20
                                                    }
                                                  ],
                                                  "parent": 10,
                                                  "ID": 11,
                                                  "left": 12,
                                                  "right": 19
                                                },
                                                {
                                                  "Node Type": "Hash",
                                                  "Parent Relationship": "Inner",
                                                  "Parallel Aware": false,
                                                  "Async Capable": false,
                                                  "Startup Cost": 19.25,
                                                  "Total Cost": 19.25,
                                                  "Plan Rows": 492,
                                                  "Plan Width": 4,
                                                  "Plans": [
                                                    {
                                                      "Node Type": "Seq Scan",
                                                      "Parent Relationship": "Outer",
                                                      "Parallel Aware": false,
                                                      "Async Capable": false,
                                                      "Relation Name": "promotion",
                                                      "Alias": "promotion",
                                                      "Startup Cost": 0.0,
                                                      "Total Cost": 19.25,
                                                      "Plan Rows": 492,
                                                      "Plan Width": 4,
                                                      "Filter": "(p_channel_tv = 'N'::bpchar)",
                                                      "parent": 21,
                                                      "ID": 22
                                                    }
                                                  ],
                                                  "parent": 10,
                                                  "ID": 21,
                                                  "left": 22
                                                }
                                              ],
                                              "parent": 9,
                                              "ID": 10,
                                              "left": 11,
                                              "right": 21
                                            },
                                            {
                                              "Node Type": "Hash",
                                              "Parent Relationship": "Inner",
                                              "Parallel Aware": false,
                                              "Async Capable": false,
                                              "Startup Cost": 6.02,
                                              "Total Cost": 6.02,
                                              "Plan Rows": 102,
                                              "Plan Width": 21,
                                              "Plans": [
                                                {
                                                  "Node Type": "Seq Scan",
                                                  "Parent Relationship": "Outer",
                                                  "Parallel Aware": false,
                                                  "Async Capable": false,
                                                  "Relation Name": "store",
                                                  "Alias": "store",
                                                  "Startup Cost": 0.0,
                                                  "Total Cost": 6.02,
                                                  "Plan Rows": 102,
                                                  "Plan Width": 21,
                                                  "parent": 23,
                                                  "ID": 24
                                                }
                                              ],
                                              "parent": 9,
                                              "ID": 23,
                                              "left": 24
                                            }
                                          ],
                                          "parent": 8,
                                          "ID": 9,
                                          "left": 10,
                                          "right": 23
                                        }
                                      ],
                                      "parent": 7,
                                      "ID": 8,
                                      "left": 9
                                    }
                                  ],
                                  "parent": 6,
                                  "ID": 7,
                                  "left": 8
                                }
                              ],
                              "parent": 5,
                              "ID": 6,
                              "left": 7
                            }
                          ],
                          "parent": 4,
                          "ID": 5,
                          "left": 6
                        }
                      ],
                      "parent": 3,
                      "ID": 4,
                      "left": 5
                    },
                    {
                      "Node Type": "Subquery Scan",
                      "Parent Relationship": "Member",
                      "Parallel Aware": false,
                      "Async Capable": false,
                      "Alias": "csr",
                      "Startup Cost": 518177.36,
                      "Total Cost": 518230.78,
                      "Plan Rows": 340,
                      "Plan Width": 160,
                      "Plans": [
                        {
                          "Node Type": "Aggregate",
                          "Strategy": "Sorted",
                          "Partial Mode": "Finalize",
                          "Parent Relationship": "Subquery",
                          "Parallel Aware": false,
                          "Async Capable": false,
                          "Startup Cost": 518177.36,
                          "Total Cost": 518225.68,
                          "Plan Rows": 340,
                          "Plan Width": 113,
                          "Group Key": [
                            "catalog_page.cp_catalog_page_id"
                          ],
                          "Plans": [
                            {
                              "Node Type": "Gather Merge",
                              "Parent Relationship": "Outer",
                              "Parallel Aware": false,
                              "Async Capable": false,
                              "Startup Cost": 518177.36,
                              "Total Cost": 518214.76,
                              "Plan Rows": 284,
                              "Plan Width": 113,
                              "Workers Planned": 2,
                              "Plans": [
                                {
                                  "Node Type": "Aggregate",
                                  "Strategy": "Sorted",
                                  "Partial Mode": "Partial",
                                  "Parent Relationship": "Outer",
                                  "Parallel Aware": false,
                                  "Async Capable": false,
                                  "Startup Cost": 517177.34,
                                  "Total Cost": 517181.95,
                                  "Plan Rows": 142,
                                  "Plan Width": 113,
                                  "Group Key": [
                                    "catalog_page.cp_catalog_page_id"
                                  ],
                                  "Plans": [
                                    {
                                      "Node Type": "Sort",
                                      "Parent Relationship": "Outer",
                                      "Parallel Aware": false,
                                      "Async Capable": false,
                                      "Startup Cost": 517177.34,
                                      "Total Cost": 517177.69,
                                      "Plan Rows": 142,
                                      "Plan Width": 41,
                                      "Sort Key": [
                                        "catalog_page.cp_catalog_page_id"
                                      ],
                                      "Plans": [
                                        {
                                          "Node Type": "Hash Join",
                                          "Parent Relationship": "Outer",
                                          "Parallel Aware": false,
                                          "Async Capable": false,
                                          "Join Type": "Inner",
                                          "Startup Cost": 57382.33,
                                          "Total Cost": 517172.26,
                                          "Plan Rows": 142,
                                          "Plan Width": 41,
                                          "Inner Unique": false,
                                          "Hash Cond": "(catalog_sales.cs_catalog_page_sk = catalog_page.cp_catalog_page_sk)",
                                          "Plans": [
                                            {
                                              "Node Type": "Hash Join",
                                              "Parent Relationship": "Outer",
                                              "Parallel Aware": false,
                                              "Async Capable": false,
                                              "Join Type": "Inner",
                                              "Startup Cost": 56864.33,
                                              "Total Cost": 516652.32,
                                              "Plan Rows": 142,
                                              "Plan Width": 28,
                                              "Inner Unique": false,
                                              "Hash Cond": "(catalog_sales.cs_promo_sk = promotion_1.p_promo_sk)",
                                              "Plans": [
                                                {
                                                  "Node Type": "Hash Join",
                                                  "Parent Relationship": "Outer",
                                                  "Parallel Aware": true,
                                                  "Async Capable": false,
                                                  "Join Type": "Inner",
                                                  "Startup Cost": 56838.93,
                                                  "Total Cost": 516624.96,
                                                  "Plan Rows": 145,
                                                  "Plan Width": 32,
                                                  "Inner Unique": false,
                                                  "Hash Cond": "(catalog_sales.cs_item_sk = item_1.i_item_sk)",
                                                  "Plans": [
                                                    {
                                                      "Node Type": "Hash Join",
                                                      "Parent Relationship": "Outer",
                                                      "Parallel Aware": true,
                                                      "Async Capable": false,
                                                      "Join Type": "Left",
                                                      "Startup Cost": 49313.15,
                                                      "Total Cost": 509089.08,
                                                      "Plan Rows": 2532,
                                                      "Plan Width": 36,
                                                      "Inner Unique": false,
                                                      "Hash Cond": "((catalog_sales.cs_item_sk = catalog_returns.cr_item_sk) AND (catalog_sales.cs_order_number = catalog_returns.cr_order_number))",
                                                      "Plans": [
                                                        {
                                                          "Node Type": "Hash Join",
                                                          "Parent Relationship": "Outer",
                                                          "Parallel Aware": true,
                                                          "Async Capable": false,
                                                          "Join Type": "Inner",
                                                          "Startup Cost": 2049.78,
                                                          "Total Cost": 458254.7,
                                                          "Plan Rows": 2532,
                                                          "Plan Width": 28,
                                                          "Inner Unique": false,
                                                          "Hash Cond": "(catalog_sales.cs_sold_date_sk = date_dim_1.d_date_sk)",
                                                          "Plans": [
                                                            {
                                                              "Node Type": "Seq Scan",
                                                              "Parent Relationship": "Outer",
                                                              "Parallel Aware": true,
                                                              "Async Capable": false,
                                                              "Relation Name": "catalog_sales",
                                                              "Alias": "catalog_sales",
                                                              "Startup Cost": 0.0,
                                                              "Total Cost": 433688.25,
                                                              "Plan Rows": 6000525,
                                                              "Plan Width": 32,
                                                              "parent": 34,
                                                              "ID": 35
                                                            },
                                                            {
                                                              "Node Type": "Hash",
                                                              "Parent Relationship": "Inner",
                                                              "Parallel Aware": true,
                                                              "Async Capable": false,
                                                              "Startup Cost": 2049.55,
                                                              "Total Cost": 2049.55,
                                                              "Plan Rows": 18,
                                                              "Plan Width": 4,
                                                              "Plans": [
                                                                {
                                                                  "Node Type": "Seq Scan",
                                                                  "Parent Relationship": "Outer",
                                                                  "Parallel Aware": true,
                                                                  "Async Capable": false,
                                                                  "Relation Name": "date_dim",
                                                                  "Alias": "date_dim_1",
                                                                  "Startup Cost": 0.0,
                                                                  "Total Cost": 2049.55,
                                                                  "Plan Rows": 18,
                                                                  "Plan Width": 4,
                                                                  "Filter": "((d_date >= '2000-08-25'::date) AND (d_date <= '2000-09-24 00:00:00'::timestamp without time zone))",
                                                                  "parent": 36,
                                                                  "ID": 37
                                                                }
                                                              ],
                                                              "parent": 34,
                                                              "ID": 36,
                                                              "left": 37
                                                            }
                                                          ],
                                                          "parent": 33,
                                                          "ID": 34,
                                                          "left": 35,
                                                          "right": 36
                                                        },
                                                        {
                                                          "Node Type": "Hash",
                                                          "Parent Relationship": "Inner",
                                                          "Parallel Aware": true,
                                                          "Async Capable": false,
                                                          "Startup Cost": 34748.95,
                                                          "Total Cost": 34748.95,
                                                          "Plan Rows": 599895,
                                                          "Plan Width": 20,
                                                          "Plans": [
                                                            {
                                                              "Node Type": "Seq Scan",
                                                              "Parent Relationship": "Outer",
                                                              "Parallel Aware": true,
                                                              "Async Capable": false,
                                                              "Relation Name": "catalog_returns",
                                                              "Alias": "catalog_returns",
                                                              "Startup Cost": 0.0,
                                                              "Total Cost": 34748.95,
                                                              "Plan Rows": 599895,
                                                              "Plan Width": 20,
                                                              "parent": 38,
                                                              "ID": 39
                                                            }
                                                          ],
                                                          "parent": 33,
                                                          "ID": 38,
                                                          "left": 39
                                                        }
                                                      ],
                                                      "parent": 32,
                                                      "ID": 33,
                                                      "left": 34,
                                                      "right": 38
                                                    },
                                                    {
                                                      "Node Type": "Hash",
                                                      "Parent Relationship": "Inner",
                                                      "Parallel Aware": true,
                                                      "Async Capable": false,
                                                      "Startup Cost": 7495.25,
                                                      "Total Cost": 7495.25,
                                                      "Plan Rows": 2442,
                                                      "Plan Width": 4,
                                                      "Plans": [
                                                        {
                                                          "Node Type": "Seq Scan",
                                                          "Parent Relationship": "Outer",
                                                          "Parallel Aware": true,
                                                          "Async Capable": false,
                                                          "Relation Name": "item",
                                                          "Alias": "item_1",
                                                          "Startup Cost": 0.0,
                                                          "Total Cost": 7495.25,
                                                          "Plan Rows": 2442,
                                                          "Plan Width": 4,
                                                          "Filter": "(i_current_price > '50'::numeric)",
                                                          "parent": 40,
                                                          "ID": 41
                                                        }
                                                      ],
                                                      "parent": 32,
                                                      "ID": 40,
                                                      "left": 41
                                                    }
                                                  ],
                                                  "parent": 31,
                                                  "ID": 32,
                                                  "left": 33,
                                                  "right": 40
                                                },
                                                {
                                                  "Node Type": "Hash",
                                                  "Parent Relationship": "Inner",
                                                  "Parallel Aware": false,
                                                  "Async Capable": false,
                                                  "Startup Cost": 19.25,
                                                  "Total Cost": 19.25,
                                                  "Plan Rows": 492,
                                                  "Plan Width": 4,
                                                  "Plans": [
                                                    {
                                                      "Node Type": "Seq Scan",
                                                      "Parent Relationship": "Outer",
                                                      "Parallel Aware": false,
                                                      "Async Capable": false,
                                                      "Relation Name": "promotion",
                                                      "Alias": "promotion_1",
                                                      "Startup Cost": 0.0,
                                                      "Total Cost": 19.25,
                                                      "Plan Rows": 492,
                                                      "Plan Width": 4,
                                                      "Filter": "(p_channel_tv = 'N'::bpchar)",
                                                      "parent": 42,
                                                      "ID": 43
                                                    }
                                                  ],
                                                  "parent": 31,
                                                  "ID": 42,
                                                  "left": 43
                                                }
                                              ],
                                              "parent": 30,
                                              "ID": 31,
                                              "left": 32,
                                              "right": 42
                                            },
                                            {
                                              "Node Type": "Hash",
                                              "Parent Relationship": "Inner",
                                              "Parallel Aware": false,
                                              "Async Capable": false,
                                              "Startup Cost": 368.0,
                                              "Total Cost": 368.0,
                                              "Plan Rows": 12000,
                                              "Plan Width": 21,
                                              "Plans": [
                                                {
                                                  "Node Type": "Seq Scan",
                                                  "Parent Relationship": "Outer",
                                                  "Parallel Aware": false,
                                                  "Async Capable": false,
                                                  "Relation Name": "catalog_page",
                                                  "Alias": "catalog_page",
                                                  "Startup Cost": 0.0,
                                                  "Total Cost": 368.0,
                                                  "Plan Rows": 12000,
                                                  "Plan Width": 21,
                                                  "parent": 44,
                                                  "ID": 45
                                                }
                                              ],
                                              "parent": 30,
                                              "ID": 44,
                                              "left": 45
                                            }
                                          ],
                                          "parent": 29,
                                          "ID": 30,
                                          "left": 31,
                                          "right": 44
                                        }
                                      ],
                                      "parent": 28,
                                      "ID": 29,
                                      "left": 30
                                    }
                                  ],
                                  "parent": 27,
                                  "ID": 28,
                                  "left": 29
                                }
                              ],
                              "parent": 26,
                              "ID": 27,
                              "left": 28
                            }
                          ],
                          "parent": 25,
                          "ID": 26,
                          "left": 27
                        }
                      ],
                      "parent": 3,
                      "ID": 25,
                      "left": 26
                    },
                    {
                      "Node Type": "Subquery Scan",
                      "Parent Relationship": "Member",
                      "Parallel Aware": false,
                      "Async Capable": false,
                      "Alias": "wsr",
                      "Startup Cost": 263919.04,
                      "Total Cost": 263926.75,
                      "Plan Rows": 21,
                      "Plan Width": 160,
                      "Plans": [
                        {
                          "Node Type": "Aggregate",
                          "Strategy": "Sorted",
                          "Partial Mode": "Finalize",
                          "Parent Relationship": "Subquery",
                          "Parallel Aware": false,
                          "Async Capable": false,
                          "Startup Cost": 263919.04,
                          "Total Cost": 263926.43,
                          "Plan Rows": 21,
                          "Plan Width": 113,
                          "Group Key": [
                            "web_site.web_site_id"
                          ],
                          "Plans": [
                            {
                              "Node Type": "Gather Merge",
                              "Parent Relationship": "Outer",
                              "Parallel Aware": false,
                              "Async Capable": false,
                              "Startup Cost": 263919.04,
                              "Total Cost": 263925.33,
                              "Plan Rows": 42,
                              "Plan Width": 113,
                              "Workers Planned": 2,
                              "Plans": [
                                {
                                  "Node Type": "Aggregate",
                                  "Strategy": "Sorted",
                                  "Partial Mode": "Partial",
                                  "Parent Relationship": "Outer",
                                  "Parallel Aware": false,
                                  "Async Capable": false,
                                  "Startup Cost": 262919.01,
                                  "Total Cost": 262920.46,
                                  "Plan Rows": 21,
                                  "Plan Width": 113,
                                  "Group Key": [
                                    "web_site.web_site_id"
                                  ],
                                  "Plans": [
                                    {
                                      "Node Type": "Sort",
                                      "Parent Relationship": "Outer",
                                      "Parallel Aware": false,
                                      "Async Capable": false,
                                      "Startup Cost": 262919.01,
                                      "Total Cost": 262919.19,
                                      "Plan Rows": 72,
                                      "Plan Width": 41,
                                      "Sort Key": [
                                        "web_site.web_site_id"
                                      ],
                                      "Plans": [
                                        {
                                          "Node Type": "Hash Join",
                                          "Parent Relationship": "Outer",
                                          "Parallel Aware": false,
                                          "Async Capable": false,
                                          "Join Type": "Inner",
                                          "Startup Cost": 32134.74,
                                          "Total Cost": 262916.79,
                                          "Plan Rows": 72,
                                          "Plan Width": 41,
                                          "Inner Unique": false,
                                          "Hash Cond": "(web_sales.ws_web_site_sk = web_site.web_site_sk)",
                                          "Plans": [
                                            {
                                              "Node Type": "Hash Join",
                                              "Parent Relationship": "Outer",
                                              "Parallel Aware": false,
                                              "Async Capable": false,
                                              "Join Type": "Inner",
                                              "Startup Cost": 32130.8,
                                              "Total Cost": 262911.86,
                                              "Plan Rows": 72,
                                              "Plan Width": 28,
                                              "Inner Unique": false,
                                              "Hash Cond": "(web_sales.ws_promo_sk = promotion_2.p_promo_sk)",
                                              "Plans": [
                                                {
                                                  "Node Type": "Hash Join",
                                                  "Parent Relationship": "Outer",
                                                  "Parallel Aware": true,
                                                  "Async Capable": false,
                                                  "Join Type": "Inner",
                                                  "Startup Cost": 32105.4,
                                                  "Total Cost": 262885.46,
                                                  "Plan Rows": 73,
                                                  "Plan Width": 32,
                                                  "Inner Unique": false,
                                                  "Hash Cond": "(web_sales.ws_item_sk = item_2.i_item_sk)",
                                                  "Plans": [
                                                    {
                                                      "Node Type": "Hash Join",
                                                      "Parent Relationship": "Outer",
                                                      "Parallel Aware": true,
                                                      "Async Capable": false,
                                                      "Join Type": "Left",
                                                      "Startup Cost": 24579.62,
                                                      "Total Cost": 255354.62,
                                                      "Plan Rows": 1272,
                                                      "Plan Width": 36,
                                                      "Inner Unique": false,
                                                      "Hash Cond": "((web_sales.ws_item_sk = web_returns.wr_item_sk) AND (web_sales.ws_order_number = web_returns.wr_order_number))",
                                                      "Plans": [
                                                        {
                                                          "Node Type": "Hash Join",
                                                          "Parent Relationship": "Outer",
                                                          "Parallel Aware": true,
                                                          "Async Capable": false,
                                                          "Join Type": "Inner",
                                                          "Startup Cost": 2049.78,
                                                          "Total Cost": 231041.22,
                                                          "Plan Rows": 1272,
                                                          "Plan Width": 28,
                                                          "Inner Unique": false,
                                                          "Hash Cond": "(web_sales.ws_sold_date_sk = date_dim_2.d_date_sk)",
                                                          "Plans": [
                                                            {
                                                              "Node Type": "Seq Scan",
                                                              "Parent Relationship": "Outer",
                                                              "Parallel Aware": true,
                                                              "Async Capable": false,
                                                              "Relation Name": "web_sales",
                                                              "Alias": "web_sales",
                                                              "Startup Cost": 0.0,
                                                              "Total Cost": 217737.86,
                                                              "Plan Rows": 2998986,
                                                              "Plan Width": 32,
                                                              "parent": 55,
                                                              "ID": 56
                                                            },
                                                            {
                                                              "Node Type": "Hash",
                                                              "Parent Relationship": "Inner",
                                                              "Parallel Aware": true,
                                                              "Async Capable": false,
                                                              "Startup Cost": 2049.55,
                                                              "Total Cost": 2049.55,
                                                              "Plan Rows": 18,
                                                              "Plan Width": 4,
                                                              "Plans": [
                                                                {
                                                                  "Node Type": "Seq Scan",
                                                                  "Parent Relationship": "Outer",
                                                                  "Parallel Aware": true,
                                                                  "Async Capable": false,
                                                                  "Relation Name": "date_dim",
                                                                  "Alias": "date_dim_2",
                                                                  "Startup Cost": 0.0,
                                                                  "Total Cost": 2049.55,
                                                                  "Plan Rows": 18,
                                                                  "Plan Width": 4,
                                                                  "Filter": "((d_date >= '2000-08-25'::date) AND (d_date <= '2000-09-24 00:00:00'::timestamp without time zone))",
                                                                  "parent": 57,
                                                                  "ID": 58
                                                                }
                                                              ],
                                                              "parent": 55,
                                                              "ID": 57,
                                                              "left": 58
                                                            }
                                                          ],
                                                          "parent": 54,
                                                          "ID": 55,
                                                          "left": 56,
                                                          "right": 57
                                                        },
                                                        {
                                                          "Node Type": "Hash",
                                                          "Parent Relationship": "Inner",
                                                          "Parallel Aware": true,
                                                          "Async Capable": false,
                                                          "Startup Cost": 16278.74,
                                                          "Total Cost": 16278.74,
                                                          "Plan Rows": 299674,
                                                          "Plan Width": 20,
                                                          "Plans": [
                                                            {
                                                              "Node Type": "Seq Scan",
                                                              "Parent Relationship": "Outer",
                                                              "Parallel Aware": true,
                                                              "Async Capable": false,
                                                              "Relation Name": "web_returns",
                                                              "Alias": "web_returns",
                                                              "Startup Cost": 0.0,
                                                              "Total Cost": 16278.74,
                                                              "Plan Rows": 299674,
                                                              "Plan Width": 20,
                                                              "parent": 59,
                                                              "ID": 60
                                                            }
                                                          ],
                                                          "parent": 54,
                                                          "ID": 59,
                                                          "left": 60
                                                        }
                                                      ],
                                                      "parent": 53,
                                                      "ID": 54,
                                                      "left": 55,
                                                      "right": 59
                                                    },
                                                    {
                                                      "Node Type": "Hash",
                                                      "Parent Relationship": "Inner",
                                                      "Parallel Aware": true,
                                                      "Async Capable": false,
                                                      "Startup Cost": 7495.25,
                                                      "Total Cost": 7495.25,
                                                      "Plan Rows": 2442,
                                                      "Plan Width": 4,
                                                      "Plans": [
                                                        {
                                                          "Node Type": "Seq Scan",
                                                          "Parent Relationship": "Outer",
                                                          "Parallel Aware": true,
                                                          "Async Capable": false,
                                                          "Relation Name": "item",
                                                          "Alias": "item_2",
                                                          "Startup Cost": 0.0,
                                                          "Total Cost": 7495.25,
                                                          "Plan Rows": 2442,
                                                          "Plan Width": 4,
                                                          "Filter": "(i_current_price > '50'::numeric)",
                                                          "parent": 61,
                                                          "ID": 62
                                                        }
                                                      ],
                                                      "parent": 53,
                                                      "ID": 61,
                                                      "left": 62
                                                    }
                                                  ],
                                                  "parent": 52,
                                                  "ID": 53,
                                                  "left": 54,
                                                  "right": 61
                                                },
                                                {
                                                  "Node Type": "Hash",
                                                  "Parent Relationship": "Inner",
                                                  "Parallel Aware": false,
                                                  "Async Capable": false,
                                                  "Startup Cost": 19.25,
                                                  "Total Cost": 19.25,
                                                  "Plan Rows": 492,
                                                  "Plan Width": 4,
                                                  "Plans": [
                                                    {
                                                      "Node Type": "Seq Scan",
                                                      "Parent Relationship": "Outer",
                                                      "Parallel Aware": false,
                                                      "Async Capable": false,
                                                      "Relation Name": "promotion",
                                                      "Alias": "promotion_2",
                                                      "Startup Cost": 0.0,
                                                      "Total Cost": 19.25,
                                                      "Plan Rows": 492,
                                                      "Plan Width": 4,
                                                      "Filter": "(p_channel_tv = 'N'::bpchar)",
                                                      "parent": 63,
                                                      "ID": 64
                                                    }
                                                  ],
                                                  "parent": 52,
                                                  "ID": 63,
                                                  "left": 64
                                                }
                                              ],
                                              "parent": 51,
                                              "ID": 52,
                                              "left": 53,
                                              "right": 63
                                            },
                                            {
                                              "Node Type": "Hash",
                                              "Parent Relationship": "Inner",
                                              "Parallel Aware": false,
                                              "Async Capable": false,
                                              "Startup Cost": 3.42,
                                              "Total Cost": 3.42,
                                              "Plan Rows": 42,
                                              "Plan Width": 21,
                                              "Plans": [
                                                {
                                                  "Node Type": "Seq Scan",
                                                  "Parent Relationship": "Outer",
                                                  "Parallel Aware": false,
                                                  "Async Capable": false,
                                                  "Relation Name": "web_site",
                                                  "Alias": "web_site",
                                                  "Startup Cost": 0.0,
                                                  "Total Cost": 3.42,
                                                  "Plan Rows": 42,
                                                  "Plan Width": 21,
                                                  "parent": 65,
                                                  "ID": 66
                                                }
                                              ],
                                              "parent": 51,
                                              "ID": 65,
                                              "left": 66
                                            }
                                          ],
                                          "parent": 50,
                                          "ID": 51,
                                          "left": 52,
                                          "right": 65
                                        }
                                      ],
                                      "parent": 49,
                                      "ID": 50,
                                      "left": 51
                                    }
                                  ],
                                  "parent": 48,
                                  "ID": 49,
                                  "left": 50
                                }
                              ],
                              "parent": 47,
                              "ID": 48,
                              "left": 49
                            }
                          ],
                          "parent": 46,
                          "ID": 47,
                          "left": 48
                        }
                      ],
                      "parent": 3,
                      "ID": 46,
                      "left": 47
                    }
                  ],
                  "parent": 2,
                  "ID": 3,
                  "left": 4,
                  "right": 25
                }
              ],
              "parent": 1,
              "ID": 2,
              "left": 3
            }
          ],
          "parent": 0,
          "ID": 1,
          "left": 2
        }
      ],
      "parent": null,
      "ID": 0,
      "left": 1
    },
    "feat": {
      "utility": 4.351025297268373e-06,
      "query_shape": [
        [
          "Seq Scan",
          "Hash Join",
          "Sort",
          "Aggregate",
          "Gather Merge",
          "Subquery Scan",
          "Append"
        ],
        [
          "Seq Scan",
          "Hash",
          "Hash Join",
          "Sort",
          "Aggregate",
          "Gather Merge",
          "Subquery Scan",
          "Append"
        ],
        [
          "Seq Scan",
          "Hash",
          "Hash Join",
          "Sort",
          "Aggregate",
          "Gather Merge",
          "Subquery Scan",
          "Append"
        ],
        [
          "Seq Scan",
          "Hash",
          "Hash Join",
          "Sort",
          "Aggregate",
          "Gather Merge",
          "Subquery Scan",
          "Append"
        ],
        [
          "Seq Scan",
          "Hash",
          "Hash Join",
          "Sort",
          "Aggregate",
          "Gather Merge",
          "Subquery Scan",
          "Append"
        ],
        [
          "Seq Scan",
          "Hash",
          "Hash Join",
          "Sort",
          "Aggregate",
          "Gather Merge",
          "Subquery Scan",
          "Append"
        ],
        [
          "Seq Scan",
          "Hash Join",
          "Sort",
          "Aggregate",
          "Gather Merge",
          "Subquery Scan",
          "Append"
        ],
        [
          "Seq Scan",
          "Hash",
          "Hash Join",
          "Sort",
          "Aggregate",
          "Gather Merge",
          "Subquery Scan",
          "Append"
        ],
        [
          "Seq Scan",
          "Hash",
          "Hash Join",
          "Sort",
          "Aggregate",
          "Gather Merge",
          "Subquery Scan",
          "Append"
        ],
        [
          "Seq Scan",
          "Hash",
          "Hash Join",
          "Sort",
          "Aggregate",
          "Gather Merge",
          "Subquery Scan",
          "Append"
        ],
        [
          "Seq Scan",
          "Hash",
          "Hash Join",
          "Sort",
          "Aggregate",
          "Gather Merge",
          "Subquery Scan",
          "Append"
        ],
        [
          "Seq Scan",
          "Hash",
          "Hash Join",
          "Sort",
          "Aggregate",
          "Gather Merge",
          "Subquery Scan",
          "Append"
        ],
        [
          "Seq Scan",
          "Hash Join",
          "Sort",
          "Aggregate",
          "Gather Merge",
          "Subquery Scan",
          "Append"
        ],
        [
          "Seq Scan",
          "Hash",
          "Hash Join",
          "Sort",
          "Aggregate",
          "Gather Merge",
          "Subquery Scan",
          "Append"
        ],
        [
          "Seq Scan",
          "Hash",
          "Hash Join",
          "Sort",
          "Aggregate",
          "Gather Merge",
          "Subquery Scan",
          "Append"
        ],
        [
          "Seq Scan",
          "Hash",
          "Hash Join",
          "Sort",
          "Aggregate",
          "Gather Merge",
          "Subquery Scan",
          "Append"
        ],
        [
          "Seq Scan",
          "Hash",
          "Hash Join",
          "Sort",
          "Aggregate",
          "Gather Merge",
          "Subquery Scan",
          "Append"
        ],
        [
          "Seq Scan",
          "Hash",
          "Hash Join",
          "Sort",
          "Aggregate",
          "Gather Merge",
          "Subquery Scan",
          "Append"
        ]
      ],
      "index_shape": [
        "join"
      ],
      "physical_operator": {
        "Hash Join": [
          0.004847803909657007,
          0.0018267346539619918
        ]
      }
    }
  },
  {
    "query": "with ssr as\n (select  s_store_id as store_id,\n          sum(ss_ext_sales_price) as sales,\n          sum(coalesce(sr_return_amt, 0)) as returns,\n          sum(ss_net_profit - coalesce(sr_net_loss, 0)) as profit\n  from store_sales left outer join store_returns on\n         (ss_item_sk = sr_item_sk and ss_ticket_number = sr_ticket_number),\n     date_dim,\n     store,\n     item,\n     promotion\n where ss_sold_date_sk = d_date_sk\n       and d_date between cast('2000-08-25' as date) \n                  and (cast('2000-08-25' as date) +  interval '30 days')\n       and ss_store_sk = s_store_sk\n       and ss_item_sk = i_item_sk\n       and i_current_price > 50\n       and ss_promo_sk = p_promo_sk\n       and p_channel_tv = 'N'\n group by s_store_id)\n ,\n csr as\n (select  cp_catalog_page_id as catalog_page_id,\n          sum(cs_ext_sales_price) as sales,\n          sum(coalesce(cr_return_amount, 0)) as returns,\n          sum(cs_net_profit - coalesce(cr_net_loss, 0)) as profit\n  from catalog_sales left outer join catalog_returns on\n         (cs_item_sk = cr_item_sk and cs_order_number = cr_order_number),\n     date_dim,\n     catalog_page,\n     item,\n     promotion\n where cs_sold_date_sk = d_date_sk\n       and d_date between cast('2000-08-25' as date)\n                  and (cast('2000-08-25' as date) +  interval '30 days')\n        and cs_catalog_page_sk = cp_catalog_page_sk\n       and cs_item_sk = i_item_sk\n       and i_current_price > 50\n       and cs_promo_sk = p_promo_sk\n       and p_channel_tv = 'N'\ngroup by cp_catalog_page_id)\n ,\n wsr as\n (select  web_site_id,\n          sum(ws_ext_sales_price) as sales,\n          sum(coalesce(wr_return_amt, 0)) as returns,\n          sum(ws_net_profit - coalesce(wr_net_loss, 0)) as profit\n  from web_sales left outer join web_returns on\n         (ws_item_sk = wr_item_sk and ws_order_number = wr_order_number),\n     date_dim,\n     web_site,\n     item,\n     promotion\n where ws_sold_date_sk = d_date_sk\n       and d_date between cast('2000-08-25' as date)\n                  and (cast('2000-08-25' as date) +  interval '30 days')\n        and ws_web_site_sk = web_site_sk\n       and ws_item_sk = i_item_sk\n       and i_current_price > 50\n       and ws_promo_sk = p_promo_sk\n       and p_channel_tv = 'N'\ngroup by web_site_id)\n  select  channel\n        , id\n        , sum(sales) as sales\n        , sum(returns) as returns\n        , sum(profit) as profit\n from \n (select 'store channel' as channel\n        , 'store' || store_id as id\n        , sales\n        , returns\n        , profit\n from   ssr\n union all\n select 'catalog channel' as channel\n        , 'catalog_page' || catalog_page_id as id\n        , sales\n        , returns\n        , profit\n from  csr\n union all\n select 'web channel' as channel\n        , 'web_site' || web_site_id as id\n        , sales\n        , returns\n        , profit\n from   wsr\n ) x\n group by rollup (channel, id)\n order by channel\n         ,id\n limit 100;\n\n-- end query 61 in stream 1 using template query80.tpl\n",
    "indexes": "web_sales.ws_web_site_sk",
    "wo plan est": {
      "Node Type": "Limit",
      "Parallel Aware": false,
      "Async Capable": false,
      "Startup Cost": 1566793.64,
      "Total Cost": 1566796.93,
      "Plan Rows": 100,
      "Plan Width": 160,
      "Plans": [
        {
          "Node Type": "Aggregate",
          "Strategy": "Sorted",
          "Partial Mode": "Simple",
          "Parent Relationship": "Outer",
          "Parallel Aware": false,
          "Async Capable": false,
          "Startup Cost": 1566793.64,
          "Total Cost": 1566806.84,
          "Plan Rows": 401,
          "Plan Width": 160,
          "Grouping Sets": [
            {
              "Group Keys": [
                [
                  "('store channel'::text)",
                  "(('store'::text || (ssr.store_id)::text))"
                ],
                [
                  "('store channel'::text)"
                ],
                []
              ]
            }
          ],
          "Plans": [
            {
              "Node Type": "Sort",
              "Parent Relationship": "Outer",
              "Parallel Aware": false,
              "Async Capable": false,
              "Startup Cost": 1566793.64,
              "Total Cost": 1566794.67,
              "Plan Rows": 412,
              "Plan Width": 160,
              "Sort Key": [
                "('store channel'::text)",
                "(('store'::text || (ssr.store_id)::text))"
              ],
              "Plans": [
                {
                  "Node Type": "Append",
                  "Parent Relationship": "Outer",
                  "Parallel Aware": false,
                  "Async Capable": false,
                  "Startup Cost": 784596.3,
                  "Total Cost": 1566775.74,
                  "Plan Rows": 412,
                  "Plan Width": 160,
                  "Subplans Removed": 0,
                  "Plans": [
                    {
                      "Node Type": "Subquery Scan",
                      "Parent Relationship": "Member",
                      "Parallel Aware": false,
                      "Async Capable": false,
                      "Alias": "ssr",
                      "Startup Cost": 784596.3,
                      "Total Cost": 784616.16,
                      "Plan Rows": 51,
                      "Plan Width": 160,
                      "Plans": [
                        {
                          "Node Type": "Aggregate",
                          "Strategy": "Sorted",
                          "Partial Mode": "Finalize",
                          "Parent Relationship": "Subquery",
                          "Parallel Aware": false,
                          "Async Capable": false,
                          "Startup Cost": 784596.3,
                          "Total Cost": 784615.39,
                          "Plan Rows": 51,
                          "Plan Width": 113,
                          "Group Key": [
                            "store.s_store_id"
                          ],
                          "Plans": [
                            {
                              "Node Type": "Gather Merge",
                              "Parent Relationship": "Outer",
                              "Parallel Aware": false,
                              "Async Capable": false,
                              "Startup Cost": 784596.3,
                              "Total Cost": 784612.71,
                              "Plan Rows": 102,
                              "Plan Width": 113,
                              "Workers Planned": 2,
                              "Plans": [
                                {
                                  "Node Type": "Aggregate",
                                  "Strategy": "Sorted",
                                  "Partial Mode": "Partial",
                                  "Parent Relationship": "Outer",
                                  "Parallel Aware": false,
                                  "Async Capable": false,
                                  "Startup Cost": 783596.27,
                                  "Total Cost": 783600.92,
                                  "Plan Rows": 51,
                                  "Plan Width": 113,
                                  "Group Key": [
                                    "store.s_store_id"
                                  ],
                                  "Plans": [
                                    {
                                      "Node Type": "Sort",
                                      "Parent Relationship": "Outer",
                                      "Parallel Aware": false,
                                      "Async Capable": false,
                                      "Startup Cost": 783596.27,
                                      "Total Cost": 783596.9,
                                      "Plan Rows": 250,
                                      "Plan Width": 41,
                                      "Sort Key": [
                                        "store.s_store_id"
                                      ],
                                      "Plans": [
                                        {
                                          "Node Type": "Hash Join",
                                          "Parent Relationship": "Outer",
                                          "Parallel Aware": false,
                                          "Async Capable": false,
                                          "Join Type": "Inner",
                                          "Startup Cost": 94489.35,
                                          "Total Cost": 783586.32,
                                          "Plan Rows": 250,
                                          "Plan Width": 41,
                                          "Inner Unique": false,
                                          "Hash Cond": "(store_sales.ss_store_sk = store.s_store_sk)",
                                          "Plans": [
                                            {
                                              "Node Type": "Hash Join",
                                              "Parent Relationship": "Outer",
                                              "Parallel Aware": false,
                                              "Async Capable": false,
                                              "Join Type": "Inner",
                                              "Startup Cost": 94482.05,
                                              "Total Cost": 783575.54,
                                              "Plan Rows": 262,
                                              "Plan Width": 28,
                                              "Inner Unique": false,
                                              "Hash Cond": "(store_sales.ss_promo_sk = promotion.p_promo_sk)",
                                              "Plans": [
                                                {
                                                  "Node Type": "Hash Join",
                                                  "Parent Relationship": "Outer",
                                                  "Parallel Aware": true,
                                                  "Async Capable": false,
                                                  "Join Type": "Inner",
                                                  "Startup Cost": 94456.65,
                                                  "Total Cost": 783546.47,
                                                  "Plan Rows": 279,
                                                  "Plan Width": 32,
                                                  "Inner Unique": false,
                                                  "Hash Cond": "(store_sales.ss_item_sk = item.i_item_sk)",
                                                  "Plans": [
                                                    {
                                                      "Node Type": "Hash Join",
                                                      "Parent Relationship": "Outer",
                                                      "Parallel Aware": true,
                                                      "Async Capable": false,
                                                      "Join Type": "Left",
                                                      "Startup Cost": 86930.88,
                                                      "Total Cost": 776001.31,
                                                      "Plan Rows": 4860,
                                                      "Plan Width": 36,
                                                      "Inner Unique": false,
                                                      "Hash Cond": "((store_sales.ss_item_sk = store_returns.sr_item_sk) AND (store_sales.ss_ticket_number = store_returns.sr_ticket_number))",
                                                      "Plans": [
                                                        {
                                                          "Node Type": "Hash Join",
                                                          "Parent Relationship": "Outer",
                                                          "Parallel Aware": true,
                                                          "Async Capable": false,
                                                          "Join Type": "Inner",
                                                          "Startup Cost": 2049.78,
                                                          "Total Cost": 683994.75,
                                                          "Plan Rows": 4860,
                                                          "Plan Width": 28,
                                                          "Inner Unique": false,
                                                          "Hash Cond": "(store_sales.ss_sold_date_sk = date_dim.d_date_sk)",
                                                          "Plans": [
                                                            {
                                                              "Node Type": "Seq Scan",
                                                              "Parent Relationship": "Outer",
                                                              "Parallel Aware": true,
                                                              "Async Capable": false,
                                                              "Relation Name": "store_sales",
                                                              "Alias": "store_sales",
                                                              "Startup Cost": 0.0,
                                                              "Total Cost": 636914.37,
                                                              "Plan Rows": 12000637,
                                                              "Plan Width": 32,
                                                              "parent": 13,
                                                              "ID": 14
                                                            },
                                                            {
                                                              "Node Type": "Hash",
                                                              "Parent Relationship": "Inner",
                                                              "Parallel Aware": true,
                                                              "Async Capable": false,
                                                              "Startup Cost": 2049.55,
                                                              "Total Cost": 2049.55,
                                                              "Plan Rows": 18,
                                                              "Plan Width": 4,
                                                              "Plans": [
                                                                {
                                                                  "Node Type": "Seq Scan",
                                                                  "Parent Relationship": "Outer",
                                                                  "Parallel Aware": true,
                                                                  "Async Capable": false,
                                                                  "Relation Name": "date_dim",
                                                                  "Alias": "date_dim",
                                                                  "Startup Cost": 0.0,
                                                                  "Total Cost": 2049.55,
                                                                  "Plan Rows": 18,
                                                                  "Plan Width": 4,
                                                                  "Filter": "((d_date >= '2000-08-25'::date) AND (d_date <= '2000-09-24 00:00:00'::timestamp without time zone))",
                                                                  "parent": 15,
                                                                  "ID": 16
                                                                }
                                                              ],
                                                              "parent": 13,
                                                              "ID": 15,
                                                              "left": 16
                                                            }
                                                          ],
                                                          "parent": 12,
                                                          "ID": 13,
                                                          "left": 14,
                                                          "right": 15
                                                        },
                                                        {
                                                          "Node Type": "Hash",
                                                          "Parent Relationship": "Inner",
                                                          "Parallel Aware": true,
                                                          "Async Capable": false,
                                                          "Startup Cost": 59887.64,
                                                          "Total Cost": 59887.64,
                                                          "Plan Rows": 1198164,
                                                          "Plan Width": 20,
                                                          "Plans": [
                                                            {
                                                              "Node Type": "Seq Scan",
                                                              "Parent Relationship": "Outer",
                                                              "Parallel Aware": true,
                                                              "Async Capable": false,
                                                              "Relation Name": "store_returns",
                                                              "Alias": "store_returns",
                                                              "Startup Cost": 0.0,
                                                              "Total Cost": 59887.64,
                                                              "Plan Rows": 1198164,
                                                              "Plan Width": 20,
                                                              "parent": 17,
                                                              "ID": 18
                                                            }
                                                          ],
                                                          "parent": 12,
                                                          "ID": 17,
                                                          "left": 18
                                                        }
                                                      ],
                                                      "parent": 11,
                                                      "ID": 12,
                                                      "left": 13,
                                                      "right": 17
                                                    },
                                                    {
                                                      "Node Type": "Hash",
                                                      "Parent Relationship": "Inner",
                                                      "Parallel Aware": true,
                                                      "Async Capable": false,
                                                      "Startup Cost": 7495.25,
                                                      "Total Cost": 7495.25,
                                                      "Plan Rows": 2442,
                                                      "Plan Width": 4,
                                                      "Plans": [
                                                        {
                                                          "Node Type": "Seq Scan",
                                                          "Parent Relationship": "Outer",
                                                          "Parallel Aware": true,
                                                          "Async Capable": false,
                                                          "Relation Name": "item",
                                                          "Alias": "item",
                                                          "Startup Cost": 0.0,
                                                          "Total Cost": 7495.25,
                                                          "Plan Rows": 2442,
                                                          "Plan Width": 4,
                                                          "Filter": "(i_current_price > '50'::numeric)",
                                                          "parent": 19,
                                                          "ID": 20
                                                        }
                                                      ],
                                                      "parent": 11,
                                                      "ID": 19,
                                                      "left": 20
                                                    }
                                                  ],
                                                  "parent": 10,
                                                  "ID": 11,
                                                  "left": 12,
                                                  "right": 19
                                                },
                                                {
                                                  "Node Type": "Hash",
                                                  "Parent Relationship": "Inner",
                                                  "Parallel Aware": false,
                                                  "Async Capable": false,
                                                  "Startup Cost": 19.25,
                                                  "Total Cost": 19.25,
                                                  "Plan Rows": 492,
                                                  "Plan Width": 4,
                                                  "Plans": [
                                                    {
                                                      "Node Type": "Seq Scan",
                                                      "Parent Relationship": "Outer",
                                                      "Parallel Aware": false,
                                                      "Async Capable": false,
                                                      "Relation Name": "promotion",
                                                      "Alias": "promotion",
                                                      "Startup Cost": 0.0,
                                                      "Total Cost": 19.25,
                                                      "Plan Rows": 492,
                                                      "Plan Width": 4,
                                                      "Filter": "(p_channel_tv = 'N'::bpchar)",
                                                      "parent": 21,
                                                      "ID": 22
                                                    }
                                                  ],
                                                  "parent": 10,
                                                  "ID": 21,
                                                  "left": 22
                                                }
                                              ],
                                              "parent": 9,
                                              "ID": 10,
                                              "left": 11,
                                              "right": 21
                                            },
                                            {
                                              "Node Type": "Hash",
                                              "Parent Relationship": "Inner",
                                              "Parallel Aware": false,
                                              "Async Capable": false,
                                              "Startup Cost": 6.02,
                                              "Total Cost": 6.02,
                                              "Plan Rows": 102,
                                              "Plan Width": 21,
                                              "Plans": [
                                                {
                                                  "Node Type": "Seq Scan",
                                                  "Parent Relationship": "Outer",
                                                  "Parallel Aware": false,
                                                  "Async Capable": false,
                                                  "Relation Name": "store",
                                                  "Alias": "store",
                                                  "Startup Cost": 0.0,
                                                  "Total Cost": 6.02,
                                                  "Plan Rows": 102,
                                                  "Plan Width": 21,
                                                  "parent": 23,
                                                  "ID": 24
                                                }
                                              ],
                                              "parent": 9,
                                              "ID": 23,
                                              "left": 24
                                            }
                                          ],
                                          "parent": 8,
                                          "ID": 9,
                                          "left": 10,
                                          "right": 23
                                        }
                                      ],
                                      "parent": 7,
                                      "ID": 8,
                                      "left": 9
                                    }
                                  ],
                                  "parent": 6,
                                  "ID": 7,
                                  "left": 8
                                }
                              ],
                              "parent": 5,
                              "ID": 6,
                              "left": 7
                            }
                          ],
                          "parent": 4,
                          "ID": 5,
                          "left": 6
                        }
                      ],
                      "parent": 3,
                      "ID": 4,
                      "left": 5
                    },
                    {
                      "Node Type": "Subquery Scan",
                      "Parent Relationship": "Member",
                      "Parallel Aware": false,
                      "Async Capable": false,
                      "Alias": "csr",
                      "Startup Cost": 518177.36,
                      "Total Cost": 518230.78,
                      "Plan Rows": 340,
                      "Plan Width": 160,
                      "Plans": [
                        {
                          "Node Type": "Aggregate",
                          "Strategy": "Sorted",
                          "Partial Mode": "Finalize",
                          "Parent Relationship": "Subquery",
                          "Parallel Aware": false,
                          "Async Capable": false,
                          "Startup Cost": 518177.36,
                          "Total Cost": 518225.68,
                          "Plan Rows": 340,
                          "Plan Width": 113,
                          "Group Key": [
                            "catalog_page.cp_catalog_page_id"
                          ],
                          "Plans": [
                            {
                              "Node Type": "Gather Merge",
                              "Parent Relationship": "Outer",
                              "Parallel Aware": false,
                              "Async Capable": false,
                              "Startup Cost": 518177.36,
                              "Total Cost": 518214.76,
                              "Plan Rows": 284,
                              "Plan Width": 113,
                              "Workers Planned": 2,
                              "Plans": [
                                {
                                  "Node Type": "Aggregate",
                                  "Strategy": "Sorted",
                                  "Partial Mode": "Partial",
                                  "Parent Relationship": "Outer",
                                  "Parallel Aware": false,
                                  "Async Capable": false,
                                  "Startup Cost": 517177.34,
                                  "Total Cost": 517181.95,
                                  "Plan Rows": 142,
                                  "Plan Width": 113,
                                  "Group Key": [
                                    "catalog_page.cp_catalog_page_id"
                                  ],
                                  "Plans": [
                                    {
                                      "Node Type": "Sort",
                                      "Parent Relationship": "Outer",
                                      "Parallel Aware": false,
                                      "Async Capable": false,
                                      "Startup Cost": 517177.34,
                                      "Total Cost": 517177.69,
                                      "Plan Rows": 142,
                                      "Plan Width": 41,
                                      "Sort Key": [
                                        "catalog_page.cp_catalog_page_id"
                                      ],
                                      "Plans": [
                                        {
                                          "Node Type": "Hash Join",
                                          "Parent Relationship": "Outer",
                                          "Parallel Aware": false,
                                          "Async Capable": false,
                                          "Join Type": "Inner",
                                          "Startup Cost": 57382.33,
                                          "Total Cost": 517172.26,
                                          "Plan Rows": 142,
                                          "Plan Width": 41,
                                          "Inner Unique": false,
                                          "Hash Cond": "(catalog_sales.cs_catalog_page_sk = catalog_page.cp_catalog_page_sk)",
                                          "Plans": [
                                            {
                                              "Node Type": "Hash Join",
                                              "Parent Relationship": "Outer",
                                              "Parallel Aware": false,
                                              "Async Capable": false,
                                              "Join Type": "Inner",
                                              "Startup Cost": 56864.33,
                                              "Total Cost": 516652.32,
                                              "Plan Rows": 142,
                                              "Plan Width": 28,
                                              "Inner Unique": false,
                                              "Hash Cond": "(catalog_sales.cs_promo_sk = promotion_1.p_promo_sk)",
                                              "Plans": [
                                                {
                                                  "Node Type": "Hash Join",
                                                  "Parent Relationship": "Outer",
                                                  "Parallel Aware": true,
                                                  "Async Capable": false,
                                                  "Join Type": "Inner",
                                                  "Startup Cost": 56838.93,
                                                  "Total Cost": 516624.96,
                                                  "Plan Rows": 145,
                                                  "Plan Width": 32,
                                                  "Inner Unique": false,
                                                  "Hash Cond": "(catalog_sales.cs_item_sk = item_1.i_item_sk)",
                                                  "Plans": [
                                                    {
                                                      "Node Type": "Hash Join",
                                                      "Parent Relationship": "Outer",
                                                      "Parallel Aware": true,
                                                      "Async Capable": false,
                                                      "Join Type": "Left",
                                                      "Startup Cost": 49313.15,
                                                      "Total Cost": 509089.08,
                                                      "Plan Rows": 2532,
                                                      "Plan Width": 36,
                                                      "Inner Unique": false,
                                                      "Hash Cond": "((catalog_sales.cs_item_sk = catalog_returns.cr_item_sk) AND (catalog_sales.cs_order_number = catalog_returns.cr_order_number))",
                                                      "Plans": [
                                                        {
                                                          "Node Type": "Hash Join",
                                                          "Parent Relationship": "Outer",
                                                          "Parallel Aware": true,
                                                          "Async Capable": false,
                                                          "Join Type": "Inner",
                                                          "Startup Cost": 2049.78,
                                                          "Total Cost": 458254.7,
                                                          "Plan Rows": 2532,
                                                          "Plan Width": 28,
                                                          "Inner Unique": false,
                                                          "Hash Cond": "(catalog_sales.cs_sold_date_sk = date_dim_1.d_date_sk)",
                                                          "Plans": [
                                                            {
                                                              "Node Type": "Seq Scan",
                                                              "Parent Relationship": "Outer",
                                                              "Parallel Aware": true,
                                                              "Async Capable": false,
                                                              "Relation Name": "catalog_sales",
                                                              "Alias": "catalog_sales",
                                                              "Startup Cost": 0.0,
                                                              "Total Cost": 433688.25,
                                                              "Plan Rows": 6000525,
                                                              "Plan Width": 32,
                                                              "parent": 34,
                                                              "ID": 35
                                                            },
                                                            {
                                                              "Node Type": "Hash",
                                                              "Parent Relationship": "Inner",
                                                              "Parallel Aware": true,
                                                              "Async Capable": false,
                                                              "Startup Cost": 2049.55,
                                                              "Total Cost": 2049.55,
                                                              "Plan Rows": 18,
                                                              "Plan Width": 4,
                                                              "Plans": [
                                                                {
                                                                  "Node Type": "Seq Scan",
                                                                  "Parent Relationship": "Outer",
                                                                  "Parallel Aware": true,
                                                                  "Async Capable": false,
                                                                  "Relation Name": "date_dim",
                                                                  "Alias": "date_dim_1",
                                                                  "Startup Cost": 0.0,
                                                                  "Total Cost": 2049.55,
                                                                  "Plan Rows": 18,
                                                                  "Plan Width": 4,
                                                                  "Filter": "((d_date >= '2000-08-25'::date) AND (d_date <= '2000-09-24 00:00:00'::timestamp without time zone))",
                                                                  "parent": 36,
                                                                  "ID": 37
                                                                }
                                                              ],
                                                              "parent": 34,
                                                              "ID": 36,
                                                              "left": 37
                                                            }
                                                          ],
                                                          "parent": 33,
                                                          "ID": 34,
                                                          "left": 35,
                                                          "right": 36
                                                        },
                                                        {
                                                          "Node Type": "Hash",
                                                          "Parent Relationship": "Inner",
                                                          "Parallel Aware": true,
                                                          "Async Capable": false,
                                                          "Startup Cost": 34748.95,
                                                          "Total Cost": 34748.95,
                                                          "Plan Rows": 599895,
                                                          "Plan Width": 20,
                                                          "Plans": [
                                                            {
                                                              "Node Type": "Seq Scan",
                                                              "Parent Relationship": "Outer",
                                                              "Parallel Aware": true,
                                                              "Async Capable": false,
                                                              "Relation Name": "catalog_returns",
                                                              "Alias": "catalog_returns",
                                                              "Startup Cost": 0.0,
                                                              "Total Cost": 34748.95,
                                                              "Plan Rows": 599895,
                                                              "Plan Width": 20,
                                                              "parent": 38,
                                                              "ID": 39
                                                            }
                                                          ],
                                                          "parent": 33,
                                                          "ID": 38,
                                                          "left": 39
                                                        }
                                                      ],
                                                      "parent": 32,
                                                      "ID": 33,
                                                      "left": 34,
                                                      "right": 38
                                                    },
                                                    {
                                                      "Node Type": "Hash",
                                                      "Parent Relationship": "Inner",
                                                      "Parallel Aware": true,
                                                      "Async Capable": false,
                                                      "Startup Cost": 7495.25,
                                                      "Total Cost": 7495.25,
                                                      "Plan Rows": 2442,
                                                      "Plan Width": 4,
                                                      "Plans": [
                                                        {
                                                          "Node Type": "Seq Scan",
                                                          "Parent Relationship": "Outer",
                                                          "Parallel Aware": true,
                                                          "Async Capable": false,
                                                          "Relation Name": "item",
                                                          "Alias": "item_1",
                                                          "Startup Cost": 0.0,
                                                          "Total Cost": 7495.25,
                                                          "Plan Rows": 2442,
                                                          "Plan Width": 4,
                                                          "Filter": "(i_current_price > '50'::numeric)",
                                                          "parent": 40,
                                                          "ID": 41
                                                        }
                                                      ],
                                                      "parent": 32,
                                                      "ID": 40,
                                                      "left": 41
                                                    }
                                                  ],
                                                  "parent": 31,
                                                  "ID": 32,
                                                  "left": 33,
                                                  "right": 40
                                                },
                                                {
                                                  "Node Type": "Hash",
                                                  "Parent Relationship": "Inner",
                                                  "Parallel Aware": false,
                                                  "Async Capable": false,
                                                  "Startup Cost": 19.25,
                                                  "Total Cost": 19.25,
                                                  "Plan Rows": 492,
                                                  "Plan Width": 4,
                                                  "Plans": [
                                                    {
                                                      "Node Type": "Seq Scan",
                                                      "Parent Relationship": "Outer",
                                                      "Parallel Aware": false,
                                                      "Async Capable": false,
                                                      "Relation Name": "promotion",
                                                      "Alias": "promotion_1",
                                                      "Startup Cost": 0.0,
                                                      "Total Cost": 19.25,
                                                      "Plan Rows": 492,
                                                      "Plan Width": 4,
                                                      "Filter": "(p_channel_tv = 'N'::bpchar)",
                                                      "parent": 42,
                                                      "ID": 43
                                                    }
                                                  ],
                                                  "parent": 31,
                                                  "ID": 42,
                                                  "left": 43
                                                }
                                              ],
                                              "parent": 30,
                                              "ID": 31,
                                              "left": 32,
                                              "right": 42
                                            },
                                            {
                                              "Node Type": "Hash",
                                              "Parent Relationship": "Inner",
                                              "Parallel Aware": false,
                                              "Async Capable": false,
                                              "Startup Cost": 368.0,
                                              "Total Cost": 368.0,
                                              "Plan Rows": 12000,
                                              "Plan Width": 21,
                                              "Plans": [
                                                {
                                                  "Node Type": "Seq Scan",
                                                  "Parent Relationship": "Outer",
                                                  "Parallel Aware": false,
                                                  "Async Capable": false,
                                                  "Relation Name": "catalog_page",
                                                  "Alias": "catalog_page",
                                                  "Startup Cost": 0.0,
                                                  "Total Cost": 368.0,
                                                  "Plan Rows": 12000,
                                                  "Plan Width": 21,
                                                  "parent": 44,
                                                  "ID": 45
                                                }
                                              ],
                                              "parent": 30,
                                              "ID": 44,
                                              "left": 45
                                            }
                                          ],
                                          "parent": 29,
                                          "ID": 30,
                                          "left": 31,
                                          "right": 44
                                        }
                                      ],
                                      "parent": 28,
                                      "ID": 29,
                                      "left": 30
                                    }
                                  ],
                                  "parent": 27,
                                  "ID": 28,
                                  "left": 29
                                }
                              ],
                              "parent": 26,
                              "ID": 27,
                              "left": 28
                            }
                          ],
                          "parent": 25,
                          "ID": 26,
                          "left": 27
                        }
                      ],
                      "parent": 3,
                      "ID": 25,
                      "left": 26
                    },
                    {
                      "Node Type": "Subquery Scan",
                      "Parent Relationship": "Member",
                      "Parallel Aware": false,
                      "Async Capable": false,
                      "Alias": "wsr",
                      "Startup Cost": 263919.04,
                      "Total Cost": 263926.75,
                      "Plan Rows": 21,
                      "Plan Width": 160,
                      "Plans": [
                        {
                          "Node Type": "Aggregate",
                          "Strategy": "Sorted",
                          "Partial Mode": "Finalize",
                          "Parent Relationship": "Subquery",
                          "Parallel Aware": false,
                          "Async Capable": false,
                          "Startup Cost": 263919.04,
                          "Total Cost": 263926.43,
                          "Plan Rows": 21,
                          "Plan Width": 113,
                          "Group Key": [
                            "web_site.web_site_id"
                          ],
                          "Plans": [
                            {
                              "Node Type": "Gather Merge",
                              "Parent Relationship": "Outer",
                              "Parallel Aware": false,
                              "Async Capable": false,
                              "Startup Cost": 263919.04,
                              "Total Cost": 263925.33,
                              "Plan Rows": 42,
                              "Plan Width": 113,
                              "Workers Planned": 2,
                              "Plans": [
                                {
                                  "Node Type": "Aggregate",
                                  "Strategy": "Sorted",
                                  "Partial Mode": "Partial",
                                  "Parent Relationship": "Outer",
                                  "Parallel Aware": false,
                                  "Async Capable": false,
                                  "Startup Cost": 262919.01,
                                  "Total Cost": 262920.46,
                                  "Plan Rows": 21,
                                  "Plan Width": 113,
                                  "Group Key": [
                                    "web_site.web_site_id"
                                  ],
                                  "Plans": [
                                    {
                                      "Node Type": "Sort",
                                      "Parent Relationship": "Outer",
                                      "Parallel Aware": false,
                                      "Async Capable": false,
                                      "Startup Cost": 262919.01,
                                      "Total Cost": 262919.19,
                                      "Plan Rows": 72,
                                      "Plan Width": 41,
                                      "Sort Key": [
                                        "web_site.web_site_id"
                                      ],
                                      "Plans": [
                                        {
                                          "Node Type": "Hash Join",
                                          "Parent Relationship": "Outer",
                                          "Parallel Aware": false,
                                          "Async Capable": false,
                                          "Join Type": "Inner",
                                          "Startup Cost": 32134.74,
                                          "Total Cost": 262916.79,
                                          "Plan Rows": 72,
                                          "Plan Width": 41,
                                          "Inner Unique": false,
                                          "Hash Cond": "(web_sales.ws_web_site_sk = web_site.web_site_sk)",
                                          "Plans": [
                                            {
                                              "Node Type": "Hash Join",
                                              "Parent Relationship": "Outer",
                                              "Parallel Aware": false,
                                              "Async Capable": false,
                                              "Join Type": "Inner",
                                              "Startup Cost": 32130.8,
                                              "Total Cost": 262911.86,
                                              "Plan Rows": 72,
                                              "Plan Width": 28,
                                              "Inner Unique": false,
                                              "Hash Cond": "(web_sales.ws_promo_sk = promotion_2.p_promo_sk)",
                                              "Plans": [
                                                {
                                                  "Node Type": "Hash Join",
                                                  "Parent Relationship": "Outer",
                                                  "Parallel Aware": true,
                                                  "Async Capable": false,
                                                  "Join Type": "Inner",
                                                  "Startup Cost": 32105.4,
                                                  "Total Cost": 262885.46,
                                                  "Plan Rows": 73,
                                                  "Plan Width": 32,
                                                  "Inner Unique": false,
                                                  "Hash Cond": "(web_sales.ws_item_sk = item_2.i_item_sk)",
                                                  "Plans": [
                                                    {
                                                      "Node Type": "Hash Join",
                                                      "Parent Relationship": "Outer",
                                                      "Parallel Aware": true,
                                                      "Async Capable": false,
                                                      "Join Type": "Left",
                                                      "Startup Cost": 24579.62,
                                                      "Total Cost": 255354.62,
                                                      "Plan Rows": 1272,
                                                      "Plan Width": 36,
                                                      "Inner Unique": false,
                                                      "Hash Cond": "((web_sales.ws_item_sk = web_returns.wr_item_sk) AND (web_sales.ws_order_number = web_returns.wr_order_number))",
                                                      "Plans": [
                                                        {
                                                          "Node Type": "Hash Join",
                                                          "Parent Relationship": "Outer",
                                                          "Parallel Aware": true,
                                                          "Async Capable": false,
                                                          "Join Type": "Inner",
                                                          "Startup Cost": 2049.78,
                                                          "Total Cost": 231041.22,
                                                          "Plan Rows": 1272,
                                                          "Plan Width": 28,
                                                          "Inner Unique": false,
                                                          "Hash Cond": "(web_sales.ws_sold_date_sk = date_dim_2.d_date_sk)",
                                                          "Plans": [
                                                            {
                                                              "Node Type": "Seq Scan",
                                                              "Parent Relationship": "Outer",
                                                              "Parallel Aware": true,
                                                              "Async Capable": false,
                                                              "Relation Name": "web_sales",
                                                              "Alias": "web_sales",
                                                              "Startup Cost": 0.0,
                                                              "Total Cost": 217737.86,
                                                              "Plan Rows": 2998986,
                                                              "Plan Width": 32,
                                                              "parent": 55,
                                                              "ID": 56
                                                            },
                                                            {
                                                              "Node Type": "Hash",
                                                              "Parent Relationship": "Inner",
                                                              "Parallel Aware": true,
                                                              "Async Capable": false,
                                                              "Startup Cost": 2049.55,
                                                              "Total Cost": 2049.55,
                                                              "Plan Rows": 18,
                                                              "Plan Width": 4,
                                                              "Plans": [
                                                                {
                                                                  "Node Type": "Seq Scan",
                                                                  "Parent Relationship": "Outer",
                                                                  "Parallel Aware": true,
                                                                  "Async Capable": false,
                                                                  "Relation Name": "date_dim",
                                                                  "Alias": "date_dim_2",
                                                                  "Startup Cost": 0.0,
                                                                  "Total Cost": 2049.55,
                                                                  "Plan Rows": 18,
                                                                  "Plan Width": 4,
                                                                  "Filter": "((d_date >= '2000-08-25'::date) AND (d_date <= '2000-09-24 00:00:00'::timestamp without time zone))",
                                                                  "parent": 57,
                                                                  "ID": 58
                                                                }
                                                              ],
                                                              "parent": 55,
                                                              "ID": 57,
                                                              "left": 58
                                                            }
                                                          ],
                                                          "parent": 54,
                                                          "ID": 55,
                                                          "left": 56,
                                                          "right": 57
                                                        },
                                                        {
                                                          "Node Type": "Hash",
                                                          "Parent Relationship": "Inner",
                                                          "Parallel Aware": true,
                                                          "Async Capable": false,
                                                          "Startup Cost": 16278.74,
                                                          "Total Cost": 16278.74,
                                                          "Plan Rows": 299674,
                                                          "Plan Width": 20,
                                                          "Plans": [
                                                            {
                                                              "Node Type": "Seq Scan",
                                                              "Parent Relationship": "Outer",
                                                              "Parallel Aware": true,
                                                              "Async Capable": false,
                                                              "Relation Name": "web_returns",
                                                              "Alias": "web_returns",
                                                              "Startup Cost": 0.0,
                                                              "Total Cost": 16278.74,
                                                              "Plan Rows": 299674,
                                                              "Plan Width": 20,
                                                              "parent": 59,
                                                              "ID": 60
                                                            }
                                                          ],
                                                          "parent": 54,
                                                          "ID": 59,
                                                          "left": 60
                                                        }
                                                      ],
                                                      "parent": 53,
                                                      "ID": 54,
                                                      "left": 55,
                                                      "right": 59
                                                    },
                                                    {
                                                      "Node Type": "Hash",
                                                      "Parent Relationship": "Inner",
                                                      "Parallel Aware": true,
                                                      "Async Capable": false,
                                                      "Startup Cost": 7495.25,
                                                      "Total Cost": 7495.25,
                                                      "Plan Rows": 2442,
                                                      "Plan Width": 4,
                                                      "Plans": [
                                                        {
                                                          "Node Type": "Seq Scan",
                                                          "Parent Relationship": "Outer",
                                                          "Parallel Aware": true,
                                                          "Async Capable": false,
                                                          "Relation Name": "item",
                                                          "Alias": "item_2",
                                                          "Startup Cost": 0.0,
                                                          "Total Cost": 7495.25,
                                                          "Plan Rows": 2442,
                                                          "Plan Width": 4,
                                                          "Filter": "(i_current_price > '50'::numeric)",
                                                          "parent": 61,
                                                          "ID": 62
                                                        }
                                                      ],
                                                      "parent": 53,
                                                      "ID": 61,
                                                      "left": 62
                                                    }
                                                  ],
                                                  "parent": 52,
                                                  "ID": 53,
                                                  "left": 54,
                                                  "right": 61
                                                },
                                                {
                                                  "Node Type": "Hash",
                                                  "Parent Relationship": "Inner",
                                                  "Parallel Aware": false,
                                                  "Async Capable": false,
                                                  "Startup Cost": 19.25,
                                                  "Total Cost": 19.25,
                                                  "Plan Rows": 492,
                                                  "Plan Width": 4,
                                                  "Plans": [
                                                    {
                                                      "Node Type": "Seq Scan",
                                                      "Parent Relationship": "Outer",
                                                      "Parallel Aware": false,
                                                      "Async Capable": false,
                                                      "Relation Name": "promotion",
                                                      "Alias": "promotion_2",
                                                      "Startup Cost": 0.0,
                                                      "Total Cost": 19.25,
                                                      "Plan Rows": 492,
                                                      "Plan Width": 4,
                                                      "Filter": "(p_channel_tv = 'N'::bpchar)",
                                                      "parent": 63,
                                                      "ID": 64
                                                    }
                                                  ],
                                                  "parent": 52,
                                                  "ID": 63,
                                                  "left": 64
                                                }
                                              ],
                                              "parent": 51,
                                              "ID": 52,
                                              "left": 53,
                                              "right": 63
                                            },
                                            {
                                              "Node Type": "Hash",
                                              "Parent Relationship": "Inner",
                                              "Parallel Aware": false,
                                              "Async Capable": false,
                                              "Startup Cost": 3.42,
                                              "Total Cost": 3.42,
                                              "Plan Rows": 42,
                                              "Plan Width": 21,
                                              "Plans": [
                                                {
                                                  "Node Type": "Seq Scan",
                                                  "Parent Relationship": "Outer",
                                                  "Parallel Aware": false,
                                                  "Async Capable": false,
                                                  "Relation Name": "web_site",
                                                  "Alias": "web_site",
                                                  "Startup Cost": 0.0,
                                                  "Total Cost": 3.42,
                                                  "Plan Rows": 42,
                                                  "Plan Width": 21,
                                                  "parent": 65,
                                                  "ID": 66
                                                }
                                              ],
                                              "parent": 51,
                                              "ID": 65,
                                              "left": 66
                                            }
                                          ],
                                          "parent": 50,
                                          "ID": 51,
                                          "left": 52,
                                          "right": 65
                                        }
                                      ],
                                      "parent": 49,
                                      "ID": 50,
                                      "left": 51
                                    }
                                  ],
                                  "parent": 48,
                                  "ID": 49,
                                  "left": 50
                                }
                              ],
                              "parent": 47,
                              "ID": 48,
                              "left": 49
                            }
                          ],
                          "parent": 46,
                          "ID": 47,
                          "left": 48
                        }
                      ],
                      "parent": 3,
                      "ID": 46,
                      "left": 47
                    }
                  ],
                  "parent": 2,
                  "ID": 3,
                  "left": 4,
                  "right": 25
                }
              ],
              "parent": 1,
              "ID": 2,
              "left": 3
            }
          ],
          "parent": 0,
          "ID": 1,
          "left": 2
        }
      ],
      "parent": null,
      "ID": 0,
      "left": 1
    },
    "feat": {
      "utility": 1.8459843057834213e-06,
      "query_shape": [
        [
          "Seq Scan",
          "Hash Join",
          "Sort",
          "Aggregate",
          "Gather Merge",
          "Subquery Scan",
          "Append"
        ],
        [
          "Seq Scan",
          "Hash",
          "Hash Join",
          "Sort",
          "Aggregate",
          "Gather Merge",
          "Subquery Scan",
          "Append"
        ],
        [
          "Seq Scan",
          "Hash",
          "Hash Join",
          "Sort",
          "Aggregate",
          "Gather Merge",
          "Subquery Scan",
          "Append"
        ],
        [
          "Seq Scan",
          "Hash",
          "Hash Join",
          "Sort",
          "Aggregate",
          "Gather Merge",
          "Subquery Scan",
          "Append"
        ],
        [
          "Seq Scan",
          "Hash",
          "Hash Join",
          "Sort",
          "Aggregate",
          "Gather Merge",
          "Subquery Scan",
          "Append"
        ],
        [
          "Seq Scan",
          "Hash",
          "Hash Join",
          "Sort",
          "Aggregate",
          "Gather Merge",
          "Subquery Scan",
          "Append"
        ],
        [
          "Seq Scan",
          "Hash Join",
          "Sort",
          "Aggregate",
          "Gather Merge",
          "Subquery Scan",
          "Append"
        ],
        [
          "Seq Scan",
          "Hash",
          "Hash Join",
          "Sort",
          "Aggregate",
          "Gather Merge",
          "Subquery Scan",
          "Append"
        ],
        [
          "Seq Scan",
          "Hash",
          "Hash Join",
          "Sort",
          "Aggregate",
          "Gather Merge",
          "Subquery Scan",
          "Append"
        ],
        [
          "Seq Scan",
          "Hash",
          "Hash Join",
          "Sort",
          "Aggregate",
          "Gather Merge",
          "Subquery Scan",
          "Append"
        ],
        [
          "Seq Scan",
          "Hash",
          "Hash Join",
          "Sort",
          "Aggregate",
          "Gather Merge",
          "Subquery Scan",
          "Append"
        ],
        [
          "Seq Scan",
          "Hash",
          "Hash Join",
          "Sort",
          "Aggregate",
          "Gather Merge",
          "Subquery Scan",
          "Append"
        ],
        [
          "Seq Scan",
          "Hash Join",
          "Sort",
          "Aggregate",
          "Gather Merge",
          "Subquery Scan",
          "Append"
        ],
        [
          "Seq Scan",
          "Hash",
          "Hash Join",
          "Sort",
          "Aggregate",
          "Gather Merge",
          "Subquery Scan",
          "Append"
        ],
        [
          "Seq Scan",
          "Hash",
          "Hash Join",
          "Sort",
          "Aggregate",
          "Gather Merge",
          "Subquery Scan",
          "Append"
        ],
        [
          "Seq Scan",
          "Hash",
          "Hash Join",
          "Sort",
          "Aggregate",
          "Gather Merge",
          "Subquery Scan",
          "Append"
        ],
        [
          "Seq Scan",
          "Hash",
          "Hash Join",
          "Sort",
          "Aggregate",
          "Gather Merge",
          "Subquery Scan",
          "Append"
        ],
        [
          "Seq Scan",
          "Hash",
          "Hash Join",
          "Sort",
          "Aggregate",
          "Gather Merge",
          "Subquery Scan",
          "Append"
        ]
      ],
      "index_shape": [
        "join"
      ],
      "physical_operator": {
        "Hash Join": [
          0.1543033499620919
        ]
      }
    }
  },
  {
    "query": "with ssr as\n (select  s_store_id as store_id,\n          sum(ss_ext_sales_price) as sales,\n          sum(coalesce(sr_return_amt, 0)) as returns,\n          sum(ss_net_profit - coalesce(sr_net_loss, 0)) as profit\n  from store_sales left outer join store_returns on\n         (ss_item_sk = sr_item_sk and ss_ticket_number = sr_ticket_number),\n     date_dim,\n     store,\n     item,\n     promotion\n where ss_sold_date_sk = d_date_sk\n       and d_date between cast('2000-08-25' as date) \n                  and (cast('2000-08-25' as date) +  interval '30 days')\n       and ss_store_sk = s_store_sk\n       and ss_item_sk = i_item_sk\n       and i_current_price > 50\n       and ss_promo_sk = p_promo_sk\n       and p_channel_tv = 'N'\n group by s_store_id)\n ,\n csr as\n (select  cp_catalog_page_id as catalog_page_id,\n          sum(cs_ext_sales_price) as sales,\n          sum(coalesce(cr_return_amount, 0)) as returns,\n          sum(cs_net_profit - coalesce(cr_net_loss, 0)) as profit\n  from catalog_sales left outer join catalog_returns on\n         (cs_item_sk = cr_item_sk and cs_order_number = cr_order_number),\n     date_dim,\n     catalog_page,\n     item,\n     promotion\n where cs_sold_date_sk = d_date_sk\n       and d_date between cast('2000-08-25' as date)\n                  and (cast('2000-08-25' as date) +  interval '30 days')\n        and cs_catalog_page_sk = cp_catalog_page_sk\n       and cs_item_sk = i_item_sk\n       and i_current_price > 50\n       and cs_promo_sk = p_promo_sk\n       and p_channel_tv = 'N'\ngroup by cp_catalog_page_id)\n ,\n wsr as\n (select  web_site_id,\n          sum(ws_ext_sales_price) as sales,\n          sum(coalesce(wr_return_amt, 0)) as returns,\n          sum(ws_net_profit - coalesce(wr_net_loss, 0)) as profit\n  from web_sales left outer join web_returns on\n         (ws_item_sk = wr_item_sk and ws_order_number = wr_order_number),\n     date_dim,\n     web_site,\n     item,\n     promotion\n where ws_sold_date_sk = d_date_sk\n       and d_date between cast('2000-08-25' as date)\n                  and (cast('2000-08-25' as date) +  interval '30 days')\n        and ws_web_site_sk = web_site_sk\n       and ws_item_sk = i_item_sk\n       and i_current_price > 50\n       and ws_promo_sk = p_promo_sk\n       and p_channel_tv = 'N'\ngroup by web_site_id)\n  select  channel\n        , id\n        , sum(sales) as sales\n        , sum(returns) as returns\n        , sum(profit) as profit\n from \n (select 'store channel' as channel\n        , 'store' || store_id as id\n        , sales\n        , returns\n        , profit\n from   ssr\n union all\n select 'catalog channel' as channel\n        , 'catalog_page' || catalog_page_id as id\n        , sales\n        , returns\n        , profit\n from  csr\n union all\n select 'web channel' as channel\n        , 'web_site' || web_site_id as id\n        , sales\n        , returns\n        , profit\n from   wsr\n ) x\n group by rollup (channel, id)\n order by channel\n         ,id\n limit 100;\n\n-- end query 61 in stream 1 using template query80.tpl\n",
    "indexes": "web_sales.ws_promo_sk",
    "wo plan est": {
      "Node Type": "Limit",
      "Parallel Aware": false,
      "Async Capable": false,
      "Startup Cost": 1566793.64,
      "Total Cost": 1566796.93,
      "Plan Rows": 100,
      "Plan Width": 160,
      "Plans": [
        {
          "Node Type": "Aggregate",
          "Strategy": "Sorted",
          "Partial Mode": "Simple",
          "Parent Relationship": "Outer",
          "Parallel Aware": false,
          "Async Capable": false,
          "Startup Cost": 1566793.64,
          "Total Cost": 1566806.84,
          "Plan Rows": 401,
          "Plan Width": 160,
          "Grouping Sets": [
            {
              "Group Keys": [
                [
                  "('store channel'::text)",
                  "(('store'::text || (ssr.store_id)::text))"
                ],
                [
                  "('store channel'::text)"
                ],
                []
              ]
            }
          ],
          "Plans": [
            {
              "Node Type": "Sort",
              "Parent Relationship": "Outer",
              "Parallel Aware": false,
              "Async Capable": false,
              "Startup Cost": 1566793.64,
              "Total Cost": 1566794.67,
              "Plan Rows": 412,
              "Plan Width": 160,
              "Sort Key": [
                "('store channel'::text)",
                "(('store'::text || (ssr.store_id)::text))"
              ],
              "Plans": [
                {
                  "Node Type": "Append",
                  "Parent Relationship": "Outer",
                  "Parallel Aware": false,
                  "Async Capable": false,
                  "Startup Cost": 784596.3,
                  "Total Cost": 1566775.74,
                  "Plan Rows": 412,
                  "Plan Width": 160,
                  "Subplans Removed": 0,
                  "Plans": [
                    {
                      "Node Type": "Subquery Scan",
                      "Parent Relationship": "Member",
                      "Parallel Aware": false,
                      "Async Capable": false,
                      "Alias": "ssr",
                      "Startup Cost": 784596.3,
                      "Total Cost": 784616.16,
                      "Plan Rows": 51,
                      "Plan Width": 160,
                      "Plans": [
                        {
                          "Node Type": "Aggregate",
                          "Strategy": "Sorted",
                          "Partial Mode": "Finalize",
                          "Parent Relationship": "Subquery",
                          "Parallel Aware": false,
                          "Async Capable": false,
                          "Startup Cost": 784596.3,
                          "Total Cost": 784615.39,
                          "Plan Rows": 51,
                          "Plan Width": 113,
                          "Group Key": [
                            "store.s_store_id"
                          ],
                          "Plans": [
                            {
                              "Node Type": "Gather Merge",
                              "Parent Relationship": "Outer",
                              "Parallel Aware": false,
                              "Async Capable": false,
                              "Startup Cost": 784596.3,
                              "Total Cost": 784612.71,
                              "Plan Rows": 102,
                              "Plan Width": 113,
                              "Workers Planned": 2,
                              "Plans": [
                                {
                                  "Node Type": "Aggregate",
                                  "Strategy": "Sorted",
                                  "Partial Mode": "Partial",
                                  "Parent Relationship": "Outer",
                                  "Parallel Aware": false,
                                  "Async Capable": false,
                                  "Startup Cost": 783596.27,
                                  "Total Cost": 783600.92,
                                  "Plan Rows": 51,
                                  "Plan Width": 113,
                                  "Group Key": [
                                    "store.s_store_id"
                                  ],
                                  "Plans": [
                                    {
                                      "Node Type": "Sort",
                                      "Parent Relationship": "Outer",
                                      "Parallel Aware": false,
                                      "Async Capable": false,
                                      "Startup Cost": 783596.27,
                                      "Total Cost": 783596.9,
                                      "Plan Rows": 250,
                                      "Plan Width": 41,
                                      "Sort Key": [
                                        "store.s_store_id"
                                      ],
                                      "Plans": [
                                        {
                                          "Node Type": "Hash Join",
                                          "Parent Relationship": "Outer",
                                          "Parallel Aware": false,
                                          "Async Capable": false,
                                          "Join Type": "Inner",
                                          "Startup Cost": 94489.35,
                                          "Total Cost": 783586.32,
                                          "Plan Rows": 250,
                                          "Plan Width": 41,
                                          "Inner Unique": false,
                                          "Hash Cond": "(store_sales.ss_store_sk = store.s_store_sk)",
                                          "Plans": [
                                            {
                                              "Node Type": "Hash Join",
                                              "Parent Relationship": "Outer",
                                              "Parallel Aware": false,
                                              "Async Capable": false,
                                              "Join Type": "Inner",
                                              "Startup Cost": 94482.05,
                                              "Total Cost": 783575.54,
                                              "Plan Rows": 262,
                                              "Plan Width": 28,
                                              "Inner Unique": false,
                                              "Hash Cond": "(store_sales.ss_promo_sk = promotion.p_promo_sk)",
                                              "Plans": [
                                                {
                                                  "Node Type": "Hash Join",
                                                  "Parent Relationship": "Outer",
                                                  "Parallel Aware": true,
                                                  "Async Capable": false,
                                                  "Join Type": "Inner",
                                                  "Startup Cost": 94456.65,
                                                  "Total Cost": 783546.47,
                                                  "Plan Rows": 279,
                                                  "Plan Width": 32,
                                                  "Inner Unique": false,
                                                  "Hash Cond": "(store_sales.ss_item_sk = item.i_item_sk)",
                                                  "Plans": [
                                                    {
                                                      "Node Type": "Hash Join",
                                                      "Parent Relationship": "Outer",
                                                      "Parallel Aware": true,
                                                      "Async Capable": false,
                                                      "Join Type": "Left",
                                                      "Startup Cost": 86930.88,
                                                      "Total Cost": 776001.31,
                                                      "Plan Rows": 4860,
                                                      "Plan Width": 36,
                                                      "Inner Unique": false,
                                                      "Hash Cond": "((store_sales.ss_item_sk = store_returns.sr_item_sk) AND (store_sales.ss_ticket_number = store_returns.sr_ticket_number))",
                                                      "Plans": [
                                                        {
                                                          "Node Type": "Hash Join",
                                                          "Parent Relationship": "Outer",
                                                          "Parallel Aware": true,
                                                          "Async Capable": false,
                                                          "Join Type": "Inner",
                                                          "Startup Cost": 2049.78,
                                                          "Total Cost": 683994.75,
                                                          "Plan Rows": 4860,
                                                          "Plan Width": 28,
                                                          "Inner Unique": false,
                                                          "Hash Cond": "(store_sales.ss_sold_date_sk = date_dim.d_date_sk)",
                                                          "Plans": [
                                                            {
                                                              "Node Type": "Seq Scan",
                                                              "Parent Relationship": "Outer",
                                                              "Parallel Aware": true,
                                                              "Async Capable": false,
                                                              "Relation Name": "store_sales",
                                                              "Alias": "store_sales",
                                                              "Startup Cost": 0.0,
                                                              "Total Cost": 636914.37,
                                                              "Plan Rows": 12000637,
                                                              "Plan Width": 32,
                                                              "parent": 13,
                                                              "ID": 14
                                                            },
                                                            {
                                                              "Node Type": "Hash",
                                                              "Parent Relationship": "Inner",
                                                              "Parallel Aware": true,
                                                              "Async Capable": false,
                                                              "Startup Cost": 2049.55,
                                                              "Total Cost": 2049.55,
                                                              "Plan Rows": 18,
                                                              "Plan Width": 4,
                                                              "Plans": [
                                                                {
                                                                  "Node Type": "Seq Scan",
                                                                  "Parent Relationship": "Outer",
                                                                  "Parallel Aware": true,
                                                                  "Async Capable": false,
                                                                  "Relation Name": "date_dim",
                                                                  "Alias": "date_dim",
                                                                  "Startup Cost": 0.0,
                                                                  "Total Cost": 2049.55,
                                                                  "Plan Rows": 18,
                                                                  "Plan Width": 4,
                                                                  "Filter": "((d_date >= '2000-08-25'::date) AND (d_date <= '2000-09-24 00:00:00'::timestamp without time zone))",
                                                                  "parent": 15,
                                                                  "ID": 16
                                                                }
                                                              ],
                                                              "parent": 13,
                                                              "ID": 15,
                                                              "left": 16
                                                            }
                                                          ],
                                                          "parent": 12,
                                                          "ID": 13,
                                                          "left": 14,
                                                          "right": 15
                                                        },
                                                        {
                                                          "Node Type": "Hash",
                                                          "Parent Relationship": "Inner",
                                                          "Parallel Aware": true,
                                                          "Async Capable": false,
                                                          "Startup Cost": 59887.64,
                                                          "Total Cost": 59887.64,
                                                          "Plan Rows": 1198164,
                                                          "Plan Width": 20,
                                                          "Plans": [
                                                            {
                                                              "Node Type": "Seq Scan",
                                                              "Parent Relationship": "Outer",
                                                              "Parallel Aware": true,
                                                              "Async Capable": false,
                                                              "Relation Name": "store_returns",
                                                              "Alias": "store_returns",
                                                              "Startup Cost": 0.0,
                                                              "Total Cost": 59887.64,
                                                              "Plan Rows": 1198164,
                                                              "Plan Width": 20,
                                                              "parent": 17,
                                                              "ID": 18
                                                            }
                                                          ],
                                                          "parent": 12,
                                                          "ID": 17,
                                                          "left": 18
                                                        }
                                                      ],
                                                      "parent": 11,
                                                      "ID": 12,
                                                      "left": 13,
                                                      "right": 17
                                                    },
                                                    {
                                                      "Node Type": "Hash",
                                                      "Parent Relationship": "Inner",
                                                      "Parallel Aware": true,
                                                      "Async Capable": false,
                                                      "Startup Cost": 7495.25,
                                                      "Total Cost": 7495.25,
                                                      "Plan Rows": 2442,
                                                      "Plan Width": 4,
                                                      "Plans": [
                                                        {
                                                          "Node Type": "Seq Scan",
                                                          "Parent Relationship": "Outer",
                                                          "Parallel Aware": true,
                                                          "Async Capable": false,
                                                          "Relation Name": "item",
                                                          "Alias": "item",
                                                          "Startup Cost": 0.0,
                                                          "Total Cost": 7495.25,
                                                          "Plan Rows": 2442,
                                                          "Plan Width": 4,
                                                          "Filter": "(i_current_price > '50'::numeric)",
                                                          "parent": 19,
                                                          "ID": 20
                                                        }
                                                      ],
                                                      "parent": 11,
                                                      "ID": 19,
                                                      "left": 20
                                                    }
                                                  ],
                                                  "parent": 10,
                                                  "ID": 11,
                                                  "left": 12,
                                                  "right": 19
                                                },
                                                {
                                                  "Node Type": "Hash",
                                                  "Parent Relationship": "Inner",
                                                  "Parallel Aware": false,
                                                  "Async Capable": false,
                                                  "Startup Cost": 19.25,
                                                  "Total Cost": 19.25,
                                                  "Plan Rows": 492,
                                                  "Plan Width": 4,
                                                  "Plans": [
                                                    {
                                                      "Node Type": "Seq Scan",
                                                      "Parent Relationship": "Outer",
                                                      "Parallel Aware": false,
                                                      "Async Capable": false,
                                                      "Relation Name": "promotion",
                                                      "Alias": "promotion",
                                                      "Startup Cost": 0.0,
                                                      "Total Cost": 19.25,
                                                      "Plan Rows": 492,
                                                      "Plan Width": 4,
                                                      "Filter": "(p_channel_tv = 'N'::bpchar)",
                                                      "parent": 21,
                                                      "ID": 22
                                                    }
                                                  ],
                                                  "parent": 10,
                                                  "ID": 21,
                                                  "left": 22
                                                }
                                              ],
                                              "parent": 9,
                                              "ID": 10,
                                              "left": 11,
                                              "right": 21
                                            },
                                            {
                                              "Node Type": "Hash",
                                              "Parent Relationship": "Inner",
                                              "Parallel Aware": false,
                                              "Async Capable": false,
                                              "Startup Cost": 6.02,
                                              "Total Cost": 6.02,
                                              "Plan Rows": 102,
                                              "Plan Width": 21,
                                              "Plans": [
                                                {
                                                  "Node Type": "Seq Scan",
                                                  "Parent Relationship": "Outer",
                                                  "Parallel Aware": false,
                                                  "Async Capable": false,
                                                  "Relation Name": "store",
                                                  "Alias": "store",
                                                  "Startup Cost": 0.0,
                                                  "Total Cost": 6.02,
                                                  "Plan Rows": 102,
                                                  "Plan Width": 21,
                                                  "parent": 23,
                                                  "ID": 24
                                                }
                                              ],
                                              "parent": 9,
                                              "ID": 23,
                                              "left": 24
                                            }
                                          ],
                                          "parent": 8,
                                          "ID": 9,
                                          "left": 10,
                                          "right": 23
                                        }
                                      ],
                                      "parent": 7,
                                      "ID": 8,
                                      "left": 9
                                    }
                                  ],
                                  "parent": 6,
                                  "ID": 7,
                                  "left": 8
                                }
                              ],
                              "parent": 5,
                              "ID": 6,
                              "left": 7
                            }
                          ],
                          "parent": 4,
                          "ID": 5,
                          "left": 6
                        }
                      ],
                      "parent": 3,
                      "ID": 4,
                      "left": 5
                    },
                    {
                      "Node Type": "Subquery Scan",
                      "Parent Relationship": "Member",
                      "Parallel Aware": false,
                      "Async Capable": false,
                      "Alias": "csr",
                      "Startup Cost": 518177.36,
                      "Total Cost": 518230.78,
                      "Plan Rows": 340,
                      "Plan Width": 160,
                      "Plans": [
                        {
                          "Node Type": "Aggregate",
                          "Strategy": "Sorted",
                          "Partial Mode": "Finalize",
                          "Parent Relationship": "Subquery",
                          "Parallel Aware": false,
                          "Async Capable": false,
                          "Startup Cost": 518177.36,
                          "Total Cost": 518225.68,
                          "Plan Rows": 340,
                          "Plan Width": 113,
                          "Group Key": [
                            "catalog_page.cp_catalog_page_id"
                          ],
                          "Plans": [
                            {
                              "Node Type": "Gather Merge",
                              "Parent Relationship": "Outer",
                              "Parallel Aware": false,
                              "Async Capable": false,
                              "Startup Cost": 518177.36,
                              "Total Cost": 518214.76,
                              "Plan Rows": 284,
                              "Plan Width": 113,
                              "Workers Planned": 2,
                              "Plans": [
                                {
                                  "Node Type": "Aggregate",
                                  "Strategy": "Sorted",
                                  "Partial Mode": "Partial",
                                  "Parent Relationship": "Outer",
                                  "Parallel Aware": false,
                                  "Async Capable": false,
                                  "Startup Cost": 517177.34,
                                  "Total Cost": 517181.95,
                                  "Plan Rows": 142,
                                  "Plan Width": 113,
                                  "Group Key": [
                                    "catalog_page.cp_catalog_page_id"
                                  ],
                                  "Plans": [
                                    {
                                      "Node Type": "Sort",
                                      "Parent Relationship": "Outer",
                                      "Parallel Aware": false,
                                      "Async Capable": false,
                                      "Startup Cost": 517177.34,
                                      "Total Cost": 517177.69,
                                      "Plan Rows": 142,
                                      "Plan Width": 41,
                                      "Sort Key": [
                                        "catalog_page.cp_catalog_page_id"
                                      ],
                                      "Plans": [
                                        {
                                          "Node Type": "Hash Join",
                                          "Parent Relationship": "Outer",
                                          "Parallel Aware": false,
                                          "Async Capable": false,
                                          "Join Type": "Inner",
                                          "Startup Cost": 57382.33,
                                          "Total Cost": 517172.26,
                                          "Plan Rows": 142,
                                          "Plan Width": 41,
                                          "Inner Unique": false,
                                          "Hash Cond": "(catalog_sales.cs_catalog_page_sk = catalog_page.cp_catalog_page_sk)",
                                          "Plans": [
                                            {
                                              "Node Type": "Hash Join",
                                              "Parent Relationship": "Outer",
                                              "Parallel Aware": false,
                                              "Async Capable": false,
                                              "Join Type": "Inner",
                                              "Startup Cost": 56864.33,
                                              "Total Cost": 516652.32,
                                              "Plan Rows": 142,
                                              "Plan Width": 28,
                                              "Inner Unique": false,
                                              "Hash Cond": "(catalog_sales.cs_promo_sk = promotion_1.p_promo_sk)",
                                              "Plans": [
                                                {
                                                  "Node Type": "Hash Join",
                                                  "Parent Relationship": "Outer",
                                                  "Parallel Aware": true,
                                                  "Async Capable": false,
                                                  "Join Type": "Inner",
                                                  "Startup Cost": 56838.93,
                                                  "Total Cost": 516624.96,
                                                  "Plan Rows": 145,
                                                  "Plan Width": 32,
                                                  "Inner Unique": false,
                                                  "Hash Cond": "(catalog_sales.cs_item_sk = item_1.i_item_sk)",
                                                  "Plans": [
                                                    {
                                                      "Node Type": "Hash Join",
                                                      "Parent Relationship": "Outer",
                                                      "Parallel Aware": true,
                                                      "Async Capable": false,
                                                      "Join Type": "Left",
                                                      "Startup Cost": 49313.15,
                                                      "Total Cost": 509089.08,
                                                      "Plan Rows": 2532,
                                                      "Plan Width": 36,
                                                      "Inner Unique": false,
                                                      "Hash Cond": "((catalog_sales.cs_item_sk = catalog_returns.cr_item_sk) AND (catalog_sales.cs_order_number = catalog_returns.cr_order_number))",
                                                      "Plans": [
                                                        {
                                                          "Node Type": "Hash Join",
                                                          "Parent Relationship": "Outer",
                                                          "Parallel Aware": true,
                                                          "Async Capable": false,
                                                          "Join Type": "Inner",
                                                          "Startup Cost": 2049.78,
                                                          "Total Cost": 458254.7,
                                                          "Plan Rows": 2532,
                                                          "Plan Width": 28,
                                                          "Inner Unique": false,
                                                          "Hash Cond": "(catalog_sales.cs_sold_date_sk = date_dim_1.d_date_sk)",
                                                          "Plans": [
                                                            {
                                                              "Node Type": "Seq Scan",
                                                              "Parent Relationship": "Outer",
                                                              "Parallel Aware": true,
                                                              "Async Capable": false,
                                                              "Relation Name": "catalog_sales",
                                                              "Alias": "catalog_sales",
                                                              "Startup Cost": 0.0,
                                                              "Total Cost": 433688.25,
                                                              "Plan Rows": 6000525,
                                                              "Plan Width": 32,
                                                              "parent": 34,
                                                              "ID": 35
                                                            },
                                                            {
                                                              "Node Type": "Hash",
                                                              "Parent Relationship": "Inner",
                                                              "Parallel Aware": true,
                                                              "Async Capable": false,
                                                              "Startup Cost": 2049.55,
                                                              "Total Cost": 2049.55,
                                                              "Plan Rows": 18,
                                                              "Plan Width": 4,
                                                              "Plans": [
                                                                {
                                                                  "Node Type": "Seq Scan",
                                                                  "Parent Relationship": "Outer",
                                                                  "Parallel Aware": true,
                                                                  "Async Capable": false,
                                                                  "Relation Name": "date_dim",
                                                                  "Alias": "date_dim_1",
                                                                  "Startup Cost": 0.0,
                                                                  "Total Cost": 2049.55,
                                                                  "Plan Rows": 18,
                                                                  "Plan Width": 4,
                                                                  "Filter": "((d_date >= '2000-08-25'::date) AND (d_date <= '2000-09-24 00:00:00'::timestamp without time zone))",
                                                                  "parent": 36,
                                                                  "ID": 37
                                                                }
                                                              ],
                                                              "parent": 34,
                                                              "ID": 36,
                                                              "left": 37
                                                            }
                                                          ],
                                                          "parent": 33,
                                                          "ID": 34,
                                                          "left": 35,
                                                          "right": 36
                                                        },
                                                        {
                                                          "Node Type": "Hash",
                                                          "Parent Relationship": "Inner",
                                                          "Parallel Aware": true,
                                                          "Async Capable": false,
                                                          "Startup Cost": 34748.95,
                                                          "Total Cost": 34748.95,
                                                          "Plan Rows": 599895,
                                                          "Plan Width": 20,
                                                          "Plans": [
                                                            {
                                                              "Node Type": "Seq Scan",
                                                              "Parent Relationship": "Outer",
                                                              "Parallel Aware": true,
                                                              "Async Capable": false,
                                                              "Relation Name": "catalog_returns",
                                                              "Alias": "catalog_returns",
                                                              "Startup Cost": 0.0,
                                                              "Total Cost": 34748.95,
                                                              "Plan Rows": 599895,
                                                              "Plan Width": 20,
                                                              "parent": 38,
                                                              "ID": 39
                                                            }
                                                          ],
                                                          "parent": 33,
                                                          "ID": 38,
                                                          "left": 39
                                                        }
                                                      ],
                                                      "parent": 32,
                                                      "ID": 33,
                                                      "left": 34,
                                                      "right": 38
                                                    },
                                                    {
                                                      "Node Type": "Hash",
                                                      "Parent Relationship": "Inner",
                                                      "Parallel Aware": true,
                                                      "Async Capable": false,
                                                      "Startup Cost": 7495.25,
                                                      "Total Cost": 7495.25,
                                                      "Plan Rows": 2442,
                                                      "Plan Width": 4,
                                                      "Plans": [
                                                        {
                                                          "Node Type": "Seq Scan",
                                                          "Parent Relationship": "Outer",
                                                          "Parallel Aware": true,
                                                          "Async Capable": false,
                                                          "Relation Name": "item",
                                                          "Alias": "item_1",
                                                          "Startup Cost": 0.0,
                                                          "Total Cost": 7495.25,
                                                          "Plan Rows": 2442,
                                                          "Plan Width": 4,
                                                          "Filter": "(i_current_price > '50'::numeric)",
                                                          "parent": 40,
                                                          "ID": 41
                                                        }
                                                      ],
                                                      "parent": 32,
                                                      "ID": 40,
                                                      "left": 41
                                                    }
                                                  ],
                                                  "parent": 31,
                                                  "ID": 32,
                                                  "left": 33,
                                                  "right": 40
                                                },
                                                {
                                                  "Node Type": "Hash",
                                                  "Parent Relationship": "Inner",
                                                  "Parallel Aware": false,
                                                  "Async Capable": false,
                                                  "Startup Cost": 19.25,
                                                  "Total Cost": 19.25,
                                                  "Plan Rows": 492,
                                                  "Plan Width": 4,
                                                  "Plans": [
                                                    {
                                                      "Node Type": "Seq Scan",
                                                      "Parent Relationship": "Outer",
                                                      "Parallel Aware": false,
                                                      "Async Capable": false,
                                                      "Relation Name": "promotion",
                                                      "Alias": "promotion_1",
                                                      "Startup Cost": 0.0,
                                                      "Total Cost": 19.25,
                                                      "Plan Rows": 492,
                                                      "Plan Width": 4,
                                                      "Filter": "(p_channel_tv = 'N'::bpchar)",
                                                      "parent": 42,
                                                      "ID": 43
                                                    }
                                                  ],
                                                  "parent": 31,
                                                  "ID": 42,
                                                  "left": 43
                                                }
                                              ],
                                              "parent": 30,
                                              "ID": 31,
                                              "left": 32,
                                              "right": 42
                                            },
                                            {
                                              "Node Type": "Hash",
                                              "Parent Relationship": "Inner",
                                              "Parallel Aware": false,
                                              "Async Capable": false,
                                              "Startup Cost": 368.0,
                                              "Total Cost": 368.0,
                                              "Plan Rows": 12000,
                                              "Plan Width": 21,
                                              "Plans": [
                                                {
                                                  "Node Type": "Seq Scan",
                                                  "Parent Relationship": "Outer",
                                                  "Parallel Aware": false,
                                                  "Async Capable": false,
                                                  "Relation Name": "catalog_page",
                                                  "Alias": "catalog_page",
                                                  "Startup Cost": 0.0,
                                                  "Total Cost": 368.0,
                                                  "Plan Rows": 12000,
                                                  "Plan Width": 21,
                                                  "parent": 44,
                                                  "ID": 45
                                                }
                                              ],
                                              "parent": 30,
                                              "ID": 44,
                                              "left": 45
                                            }
                                          ],
                                          "parent": 29,
                                          "ID": 30,
                                          "left": 31,
                                          "right": 44
                                        }
                                      ],
                                      "parent": 28,
                                      "ID": 29,
                                      "left": 30
                                    }
                                  ],
                                  "parent": 27,
                                  "ID": 28,
                                  "left": 29
                                }
                              ],
                              "parent": 26,
                              "ID": 27,
                              "left": 28
                            }
                          ],
                          "parent": 25,
                          "ID": 26,
                          "left": 27
                        }
                      ],
                      "parent": 3,
                      "ID": 25,
                      "left": 26
                    },
                    {
                      "Node Type": "Subquery Scan",
                      "Parent Relationship": "Member",
                      "Parallel Aware": false,
                      "Async Capable": false,
                      "Alias": "wsr",
                      "Startup Cost": 263919.04,
                      "Total Cost": 263926.75,
                      "Plan Rows": 21,
                      "Plan Width": 160,
                      "Plans": [
                        {
                          "Node Type": "Aggregate",
                          "Strategy": "Sorted",
                          "Partial Mode": "Finalize",
                          "Parent Relationship": "Subquery",
                          "Parallel Aware": false,
                          "Async Capable": false,
                          "Startup Cost": 263919.04,
                          "Total Cost": 263926.43,
                          "Plan Rows": 21,
                          "Plan Width": 113,
                          "Group Key": [
                            "web_site.web_site_id"
                          ],
                          "Plans": [
                            {
                              "Node Type": "Gather Merge",
                              "Parent Relationship": "Outer",
                              "Parallel Aware": false,
                              "Async Capable": false,
                              "Startup Cost": 263919.04,
                              "Total Cost": 263925.33,
                              "Plan Rows": 42,
                              "Plan Width": 113,
                              "Workers Planned": 2,
                              "Plans": [
                                {
                                  "Node Type": "Aggregate",
                                  "Strategy": "Sorted",
                                  "Partial Mode": "Partial",
                                  "Parent Relationship": "Outer",
                                  "Parallel Aware": false,
                                  "Async Capable": false,
                                  "Startup Cost": 262919.01,
                                  "Total Cost": 262920.46,
                                  "Plan Rows": 21,
                                  "Plan Width": 113,
                                  "Group Key": [
                                    "web_site.web_site_id"
                                  ],
                                  "Plans": [
                                    {
                                      "Node Type": "Sort",
                                      "Parent Relationship": "Outer",
                                      "Parallel Aware": false,
                                      "Async Capable": false,
                                      "Startup Cost": 262919.01,
                                      "Total Cost": 262919.19,
                                      "Plan Rows": 72,
                                      "Plan Width": 41,
                                      "Sort Key": [
                                        "web_site.web_site_id"
                                      ],
                                      "Plans": [
                                        {
                                          "Node Type": "Hash Join",
                                          "Parent Relationship": "Outer",
                                          "Parallel Aware": false,
                                          "Async Capable": false,
                                          "Join Type": "Inner",
                                          "Startup Cost": 32134.74,
                                          "Total Cost": 262916.79,
                                          "Plan Rows": 72,
                                          "Plan Width": 41,
                                          "Inner Unique": false,
                                          "Hash Cond": "(web_sales.ws_web_site_sk = web_site.web_site_sk)",
                                          "Plans": [
                                            {
                                              "Node Type": "Hash Join",
                                              "Parent Relationship": "Outer",
                                              "Parallel Aware": false,
                                              "Async Capable": false,
                                              "Join Type": "Inner",
                                              "Startup Cost": 32130.8,
                                              "Total Cost": 262911.86,
                                              "Plan Rows": 72,
                                              "Plan Width": 28,
                                              "Inner Unique": false,
                                              "Hash Cond": "(web_sales.ws_promo_sk = promotion_2.p_promo_sk)",
                                              "Plans": [
                                                {
                                                  "Node Type": "Hash Join",
                                                  "Parent Relationship": "Outer",
                                                  "Parallel Aware": true,
                                                  "Async Capable": false,
                                                  "Join Type": "Inner",
                                                  "Startup Cost": 32105.4,
                                                  "Total Cost": 262885.46,
                                                  "Plan Rows": 73,
                                                  "Plan Width": 32,
                                                  "Inner Unique": false,
                                                  "Hash Cond": "(web_sales.ws_item_sk = item_2.i_item_sk)",
                                                  "Plans": [
                                                    {
                                                      "Node Type": "Hash Join",
                                                      "Parent Relationship": "Outer",
                                                      "Parallel Aware": true,
                                                      "Async Capable": false,
                                                      "Join Type": "Left",
                                                      "Startup Cost": 24579.62,
                                                      "Total Cost": 255354.62,
                                                      "Plan Rows": 1272,
                                                      "Plan Width": 36,
                                                      "Inner Unique": false,
                                                      "Hash Cond": "((web_sales.ws_item_sk = web_returns.wr_item_sk) AND (web_sales.ws_order_number = web_returns.wr_order_number))",
                                                      "Plans": [
                                                        {
                                                          "Node Type": "Hash Join",
                                                          "Parent Relationship": "Outer",
                                                          "Parallel Aware": true,
                                                          "Async Capable": false,
                                                          "Join Type": "Inner",
                                                          "Startup Cost": 2049.78,
                                                          "Total Cost": 231041.22,
                                                          "Plan Rows": 1272,
                                                          "Plan Width": 28,
                                                          "Inner Unique": false,
                                                          "Hash Cond": "(web_sales.ws_sold_date_sk = date_dim_2.d_date_sk)",
                                                          "Plans": [
                                                            {
                                                              "Node Type": "Seq Scan",
                                                              "Parent Relationship": "Outer",
                                                              "Parallel Aware": true,
                                                              "Async Capable": false,
                                                              "Relation Name": "web_sales",
                                                              "Alias": "web_sales",
                                                              "Startup Cost": 0.0,
                                                              "Total Cost": 217737.86,
                                                              "Plan Rows": 2998986,
                                                              "Plan Width": 32,
                                                              "parent": 55,
                                                              "ID": 56
                                                            },
                                                            {
                                                              "Node Type": "Hash",
                                                              "Parent Relationship": "Inner",
                                                              "Parallel Aware": true,
                                                              "Async Capable": false,
                                                              "Startup Cost": 2049.55,
                                                              "Total Cost": 2049.55,
                                                              "Plan Rows": 18,
                                                              "Plan Width": 4,
                                                              "Plans": [
                                                                {
                                                                  "Node Type": "Seq Scan",
                                                                  "Parent Relationship": "Outer",
                                                                  "Parallel Aware": true,
                                                                  "Async Capable": false,
                                                                  "Relation Name": "date_dim",
                                                                  "Alias": "date_dim_2",
                                                                  "Startup Cost": 0.0,
                                                                  "Total Cost": 2049.55,
                                                                  "Plan Rows": 18,
                                                                  "Plan Width": 4,
                                                                  "Filter": "((d_date >= '2000-08-25'::date) AND (d_date <= '2000-09-24 00:00:00'::timestamp without time zone))",
                                                                  "parent": 57,
                                                                  "ID": 58
                                                                }
                                                              ],
                                                              "parent": 55,
                                                              "ID": 57,
                                                              "left": 58
                                                            }
                                                          ],
                                                          "parent": 54,
                                                          "ID": 55,
                                                          "left": 56,
                                                          "right": 57
                                                        },
                                                        {
                                                          "Node Type": "Hash",
                                                          "Parent Relationship": "Inner",
                                                          "Parallel Aware": true,
                                                          "Async Capable": false,
                                                          "Startup Cost": 16278.74,
                                                          "Total Cost": 16278.74,
                                                          "Plan Rows": 299674,
                                                          "Plan Width": 20,
                                                          "Plans": [
                                                            {
                                                              "Node Type": "Seq Scan",
                                                              "Parent Relationship": "Outer",
                                                              "Parallel Aware": true,
                                                              "Async Capable": false,
                                                              "Relation Name": "web_returns",
                                                              "Alias": "web_returns",
                                                              "Startup Cost": 0.0,
                                                              "Total Cost": 16278.74,
                                                              "Plan Rows": 299674,
                                                              "Plan Width": 20,
                                                              "parent": 59,
                                                              "ID": 60
                                                            }
                                                          ],
                                                          "parent": 54,
                                                          "ID": 59,
                                                          "left": 60
                                                        }
                                                      ],
                                                      "parent": 53,
                                                      "ID": 54,
                                                      "left": 55,
                                                      "right": 59
                                                    },
                                                    {
                                                      "Node Type": "Hash",
                                                      "Parent Relationship": "Inner",
                                                      "Parallel Aware": true,
                                                      "Async Capable": false,
                                                      "Startup Cost": 7495.25,
                                                      "Total Cost": 7495.25,
                                                      "Plan Rows": 2442,
                                                      "Plan Width": 4,
                                                      "Plans": [
                                                        {
                                                          "Node Type": "Seq Scan",
                                                          "Parent Relationship": "Outer",
                                                          "Parallel Aware": true,
                                                          "Async Capable": false,
                                                          "Relation Name": "item",
                                                          "Alias": "item_2",
                                                          "Startup Cost": 0.0,
                                                          "Total Cost": 7495.25,
                                                          "Plan Rows": 2442,
                                                          "Plan Width": 4,
                                                          "Filter": "(i_current_price > '50'::numeric)",
                                                          "parent": 61,
                                                          "ID": 62
                                                        }
                                                      ],
                                                      "parent": 53,
                                                      "ID": 61,
                                                      "left": 62
                                                    }
                                                  ],
                                                  "parent": 52,
                                                  "ID": 53,
                                                  "left": 54,
                                                  "right": 61
                                                },
                                                {
                                                  "Node Type": "Hash",
                                                  "Parent Relationship": "Inner",
                                                  "Parallel Aware": false,
                                                  "Async Capable": false,
                                                  "Startup Cost": 19.25,
                                                  "Total Cost": 19.25,
                                                  "Plan Rows": 492,
                                                  "Plan Width": 4,
                                                  "Plans": [
                                                    {
                                                      "Node Type": "Seq Scan",
                                                      "Parent Relationship": "Outer",
                                                      "Parallel Aware": false,
                                                      "Async Capable": false,
                                                      "Relation Name": "promotion",
                                                      "Alias": "promotion_2",
                                                      "Startup Cost": 0.0,
                                                      "Total Cost": 19.25,
                                                      "Plan Rows": 492,
                                                      "Plan Width": 4,
                                                      "Filter": "(p_channel_tv = 'N'::bpchar)",
                                                      "parent": 63,
                                                      "ID": 64
                                                    }
                                                  ],
                                                  "parent": 52,
                                                  "ID": 63,
                                                  "left": 64
                                                }
                                              ],
                                              "parent": 51,
                                              "ID": 52,
                                              "left": 53,
                                              "right": 63
                                            },
                                            {
                                              "Node Type": "Hash",
                                              "Parent Relationship": "Inner",
                                              "Parallel Aware": false,
                                              "Async Capable": false,
                                              "Startup Cost": 3.42,
                                              "Total Cost": 3.42,
                                              "Plan Rows": 42,
                                              "Plan Width": 21,
                                              "Plans": [
                                                {
                                                  "Node Type": "Seq Scan",
                                                  "Parent Relationship": "Outer",
                                                  "Parallel Aware": false,
                                                  "Async Capable": false,
                                                  "Relation Name": "web_site",
                                                  "Alias": "web_site",
                                                  "Startup Cost": 0.0,
                                                  "Total Cost": 3.42,
                                                  "Plan Rows": 42,
                                                  "Plan Width": 21,
                                                  "parent": 65,
                                                  "ID": 66
                                                }
                                              ],
                                              "parent": 51,
                                              "ID": 65,
                                              "left": 66
                                            }
                                          ],
                                          "parent": 50,
                                          "ID": 51,
                                          "left": 52,
                                          "right": 65
                                        }
                                      ],
                                      "parent": 49,
                                      "ID": 50,
                                      "left": 51
                                    }
                                  ],
                                  "parent": 48,
                                  "ID": 49,
                                  "left": 50
                                }
                              ],
                              "parent": 47,
                              "ID": 48,
                              "left": 49
                            }
                          ],
                          "parent": 46,
                          "ID": 47,
                          "left": 48
                        }
                      ],
                      "parent": 3,
                      "ID": 46,
                      "left": 47
                    }
                  ],
                  "parent": 2,
                  "ID": 3,
                  "left": 4,
                  "right": 25
                }
              ],
              "parent": 1,
              "ID": 2,
              "left": 3
            }
          ],
          "parent": 0,
          "ID": 1,
          "left": 2
        }
      ],
      "parent": null,
      "ID": 0,
      "left": 1
    },
    "feat": {
      "utility": 2.0850654840376086e-06,
      "query_shape": [
        [
          "Seq Scan",
          "Hash Join",
          "Sort",
          "Aggregate",
          "Gather Merge",
          "Subquery Scan",
          "Append"
        ],
        [
          "Seq Scan",
          "Hash",
          "Hash Join",
          "Sort",
          "Aggregate",
          "Gather Merge",
          "Subquery Scan",
          "Append"
        ],
        [
          "Seq Scan",
          "Hash",
          "Hash Join",
          "Sort",
          "Aggregate",
          "Gather Merge",
          "Subquery Scan",
          "Append"
        ],
        [
          "Seq Scan",
          "Hash",
          "Hash Join",
          "Sort",
          "Aggregate",
          "Gather Merge",
          "Subquery Scan",
          "Append"
        ],
        [
          "Seq Scan",
          "Hash",
          "Hash Join",
          "Sort",
          "Aggregate",
          "Gather Merge",
          "Subquery Scan",
          "Append"
        ],
        [
          "Seq Scan",
          "Hash",
          "Hash Join",
          "Sort",
          "Aggregate",
          "Gather Merge",
          "Subquery Scan",
          "Append"
        ],
        [
          "Seq Scan",
          "Hash Join",
          "Sort",
          "Aggregate",
          "Gather Merge",
          "Subquery Scan",
          "Append"
        ],
        [
          "Seq Scan",
          "Hash",
          "Hash Join",
          "Sort",
          "Aggregate",
          "Gather Merge",
          "Subquery Scan",
          "Append"
        ],
        [
          "Seq Scan",
          "Hash",
          "Hash Join",
          "Sort",
          "Aggregate",
          "Gather Merge",
          "Subquery Scan",
          "Append"
        ],
        [
          "Seq Scan",
          "Hash",
          "Hash Join",
          "Sort",
          "Aggregate",
          "Gather Merge",
          "Subquery Scan",
          "Append"
        ],
        [
          "Seq Scan",
          "Hash",
          "Hash Join",
          "Sort",
          "Aggregate",
          "Gather Merge",
          "Subquery Scan",
          "Append"
        ],
        [
          "Seq Scan",
          "Hash",
          "Hash Join",
          "Sort",
          "Aggregate",
          "Gather Merge",
          "Subquery Scan",
          "Append"
        ],
        [
          "Seq Scan",
          "Hash Join",
          "Sort",
          "Aggregate",
          "Gather Merge",
          "Subquery Scan",
          "Append"
        ],
        [
          "Seq Scan",
          "Hash",
          "Hash Join",
          "Sort",
          "Aggregate",
          "Gather Merge",
          "Subquery Scan",
          "Append"
        ],
        [
          "Seq Scan",
          "Hash",
          "Hash Join",
          "Sort",
          "Aggregate",
          "Gather Merge",
          "Subquery Scan",
          "Append"
        ],
        [
          "Seq Scan",
          "Hash",
          "Hash Join",
          "Sort",
          "Aggregate",
          "Gather Merge",
          "Subquery Scan",
          "Append"
        ],
        [
          "Seq Scan",
          "Hash",
          "Hash Join",
          "Sort",
          "Aggregate",
          "Gather Merge",
          "Subquery Scan",
          "Append"
        ],
        [
          "Seq Scan",
          "Hash",
          "Hash Join",
          "Sort",
          "Aggregate",
          "Gather Merge",
          "Subquery Scan",
          "Append"
        ]
      ],
      "index_shape": [
        "join"
      ],
      "physical_operator": {
        "Hash Join": [
          0.04477362595348276
        ]
      }
    }
  },
  {
    "query": "with ssr as\n (select  s_store_id as store_id,\n          sum(ss_ext_sales_price) as sales,\n          sum(coalesce(sr_return_amt, 0)) as returns,\n          sum(ss_net_profit - coalesce(sr_net_loss, 0)) as profit\n  from store_sales left outer join store_returns on\n         (ss_item_sk = sr_item_sk and ss_ticket_number = sr_ticket_number),\n     date_dim,\n     store,\n     item,\n     promotion\n where ss_sold_date_sk = d_date_sk\n       and d_date between cast('2000-08-25' as date) \n                  and (cast('2000-08-25' as date) +  interval '30 days')\n       and ss_store_sk = s_store_sk\n       and ss_item_sk = i_item_sk\n       and i_current_price > 50\n       and ss_promo_sk = p_promo_sk\n       and p_channel_tv = 'N'\n group by s_store_id)\n ,\n csr as\n (select  cp_catalog_page_id as catalog_page_id,\n          sum(cs_ext_sales_price) as sales,\n          sum(coalesce(cr_return_amount, 0)) as returns,\n          sum(cs_net_profit - coalesce(cr_net_loss, 0)) as profit\n  from catalog_sales left outer join catalog_returns on\n         (cs_item_sk = cr_item_sk and cs_order_number = cr_order_number),\n     date_dim,\n     catalog_page,\n     item,\n     promotion\n where cs_sold_date_sk = d_date_sk\n       and d_date between cast('2000-08-25' as date)\n                  and (cast('2000-08-25' as date) +  interval '30 days')\n        and cs_catalog_page_sk = cp_catalog_page_sk\n       and cs_item_sk = i_item_sk\n       and i_current_price > 50\n       and cs_promo_sk = p_promo_sk\n       and p_channel_tv = 'N'\ngroup by cp_catalog_page_id)\n ,\n wsr as\n (select  web_site_id,\n          sum(ws_ext_sales_price) as sales,\n          sum(coalesce(wr_return_amt, 0)) as returns,\n          sum(ws_net_profit - coalesce(wr_net_loss, 0)) as profit\n  from web_sales left outer join web_returns on\n         (ws_item_sk = wr_item_sk and ws_order_number = wr_order_number),\n     date_dim,\n     web_site,\n     item,\n     promotion\n where ws_sold_date_sk = d_date_sk\n       and d_date between cast('2000-08-25' as date)\n                  and (cast('2000-08-25' as date) +  interval '30 days')\n        and ws_web_site_sk = web_site_sk\n       and ws_item_sk = i_item_sk\n       and i_current_price > 50\n       and ws_promo_sk = p_promo_sk\n       and p_channel_tv = 'N'\ngroup by web_site_id)\n  select  channel\n        , id\n        , sum(sales) as sales\n        , sum(returns) as returns\n        , sum(profit) as profit\n from \n (select 'store channel' as channel\n        , 'store' || store_id as id\n        , sales\n        , returns\n        , profit\n from   ssr\n union all\n select 'catalog channel' as channel\n        , 'catalog_page' || catalog_page_id as id\n        , sales\n        , returns\n        , profit\n from  csr\n union all\n select 'web channel' as channel\n        , 'web_site' || web_site_id as id\n        , sales\n        , returns\n        , profit\n from   wsr\n ) x\n group by rollup (channel, id)\n order by channel\n         ,id\n limit 100;\n\n-- end query 61 in stream 1 using template query80.tpl\n",
    "indexes": "web_sales.ws_order_number",
    "wo plan est": {
      "Node Type": "Limit",
      "Parallel Aware": false,
      "Async Capable": false,
      "Startup Cost": 1566793.64,
      "Total Cost": 1566796.93,
      "Plan Rows": 100,
      "Plan Width": 160,
      "Plans": [
        {
          "Node Type": "Aggregate",
          "Strategy": "Sorted",
          "Partial Mode": "Simple",
          "Parent Relationship": "Outer",
          "Parallel Aware": false,
          "Async Capable": false,
          "Startup Cost": 1566793.64,
          "Total Cost": 1566806.84,
          "Plan Rows": 401,
          "Plan Width": 160,
          "Grouping Sets": [
            {
              "Group Keys": [
                [
                  "('store channel'::text)",
                  "(('store'::text || (ssr.store_id)::text))"
                ],
                [
                  "('store channel'::text)"
                ],
                []
              ]
            }
          ],
          "Plans": [
            {
              "Node Type": "Sort",
              "Parent Relationship": "Outer",
              "Parallel Aware": false,
              "Async Capable": false,
              "Startup Cost": 1566793.64,
              "Total Cost": 1566794.67,
              "Plan Rows": 412,
              "Plan Width": 160,
              "Sort Key": [
                "('store channel'::text)",
                "(('store'::text || (ssr.store_id)::text))"
              ],
              "Plans": [
                {
                  "Node Type": "Append",
                  "Parent Relationship": "Outer",
                  "Parallel Aware": false,
                  "Async Capable": false,
                  "Startup Cost": 784596.3,
                  "Total Cost": 1566775.74,
                  "Plan Rows": 412,
                  "Plan Width": 160,
                  "Subplans Removed": 0,
                  "Plans": [
                    {
                      "Node Type": "Subquery Scan",
                      "Parent Relationship": "Member",
                      "Parallel Aware": false,
                      "Async Capable": false,
                      "Alias": "ssr",
                      "Startup Cost": 784596.3,
                      "Total Cost": 784616.16,
                      "Plan Rows": 51,
                      "Plan Width": 160,
                      "Plans": [
                        {
                          "Node Type": "Aggregate",
                          "Strategy": "Sorted",
                          "Partial Mode": "Finalize",
                          "Parent Relationship": "Subquery",
                          "Parallel Aware": false,
                          "Async Capable": false,
                          "Startup Cost": 784596.3,
                          "Total Cost": 784615.39,
                          "Plan Rows": 51,
                          "Plan Width": 113,
                          "Group Key": [
                            "store.s_store_id"
                          ],
                          "Plans": [
                            {
                              "Node Type": "Gather Merge",
                              "Parent Relationship": "Outer",
                              "Parallel Aware": false,
                              "Async Capable": false,
                              "Startup Cost": 784596.3,
                              "Total Cost": 784612.71,
                              "Plan Rows": 102,
                              "Plan Width": 113,
                              "Workers Planned": 2,
                              "Plans": [
                                {
                                  "Node Type": "Aggregate",
                                  "Strategy": "Sorted",
                                  "Partial Mode": "Partial",
                                  "Parent Relationship": "Outer",
                                  "Parallel Aware": false,
                                  "Async Capable": false,
                                  "Startup Cost": 783596.27,
                                  "Total Cost": 783600.92,
                                  "Plan Rows": 51,
                                  "Plan Width": 113,
                                  "Group Key": [
                                    "store.s_store_id"
                                  ],
                                  "Plans": [
                                    {
                                      "Node Type": "Sort",
                                      "Parent Relationship": "Outer",
                                      "Parallel Aware": false,
                                      "Async Capable": false,
                                      "Startup Cost": 783596.27,
                                      "Total Cost": 783596.9,
                                      "Plan Rows": 250,
                                      "Plan Width": 41,
                                      "Sort Key": [
                                        "store.s_store_id"
                                      ],
                                      "Plans": [
                                        {
                                          "Node Type": "Hash Join",
                                          "Parent Relationship": "Outer",
                                          "Parallel Aware": false,
                                          "Async Capable": false,
                                          "Join Type": "Inner",
                                          "Startup Cost": 94489.35,
                                          "Total Cost": 783586.32,
                                          "Plan Rows": 250,
                                          "Plan Width": 41,
                                          "Inner Unique": false,
                                          "Hash Cond": "(store_sales.ss_store_sk = store.s_store_sk)",
                                          "Plans": [
                                            {
                                              "Node Type": "Hash Join",
                                              "Parent Relationship": "Outer",
                                              "Parallel Aware": false,
                                              "Async Capable": false,
                                              "Join Type": "Inner",
                                              "Startup Cost": 94482.05,
                                              "Total Cost": 783575.54,
                                              "Plan Rows": 262,
                                              "Plan Width": 28,
                                              "Inner Unique": false,
                                              "Hash Cond": "(store_sales.ss_promo_sk = promotion.p_promo_sk)",
                                              "Plans": [
                                                {
                                                  "Node Type": "Hash Join",
                                                  "Parent Relationship": "Outer",
                                                  "Parallel Aware": true,
                                                  "Async Capable": false,
                                                  "Join Type": "Inner",
                                                  "Startup Cost": 94456.65,
                                                  "Total Cost": 783546.47,
                                                  "Plan Rows": 279,
                                                  "Plan Width": 32,
                                                  "Inner Unique": false,
                                                  "Hash Cond": "(store_sales.ss_item_sk = item.i_item_sk)",
                                                  "Plans": [
                                                    {
                                                      "Node Type": "Hash Join",
                                                      "Parent Relationship": "Outer",
                                                      "Parallel Aware": true,
                                                      "Async Capable": false,
                                                      "Join Type": "Left",
                                                      "Startup Cost": 86930.88,
                                                      "Total Cost": 776001.31,
                                                      "Plan Rows": 4860,
                                                      "Plan Width": 36,
                                                      "Inner Unique": false,
                                                      "Hash Cond": "((store_sales.ss_item_sk = store_returns.sr_item_sk) AND (store_sales.ss_ticket_number = store_returns.sr_ticket_number))",
                                                      "Plans": [
                                                        {
                                                          "Node Type": "Hash Join",
                                                          "Parent Relationship": "Outer",
                                                          "Parallel Aware": true,
                                                          "Async Capable": false,
                                                          "Join Type": "Inner",
                                                          "Startup Cost": 2049.78,
                                                          "Total Cost": 683994.75,
                                                          "Plan Rows": 4860,
                                                          "Plan Width": 28,
                                                          "Inner Unique": false,
                                                          "Hash Cond": "(store_sales.ss_sold_date_sk = date_dim.d_date_sk)",
                                                          "Plans": [
                                                            {
                                                              "Node Type": "Seq Scan",
                                                              "Parent Relationship": "Outer",
                                                              "Parallel Aware": true,
                                                              "Async Capable": false,
                                                              "Relation Name": "store_sales",
                                                              "Alias": "store_sales",
                                                              "Startup Cost": 0.0,
                                                              "Total Cost": 636914.37,
                                                              "Plan Rows": 12000637,
                                                              "Plan Width": 32,
                                                              "parent": 13,
                                                              "ID": 14
                                                            },
                                                            {
                                                              "Node Type": "Hash",
                                                              "Parent Relationship": "Inner",
                                                              "Parallel Aware": true,
                                                              "Async Capable": false,
                                                              "Startup Cost": 2049.55,
                                                              "Total Cost": 2049.55,
                                                              "Plan Rows": 18,
                                                              "Plan Width": 4,
                                                              "Plans": [
                                                                {
                                                                  "Node Type": "Seq Scan",
                                                                  "Parent Relationship": "Outer",
                                                                  "Parallel Aware": true,
                                                                  "Async Capable": false,
                                                                  "Relation Name": "date_dim",
                                                                  "Alias": "date_dim",
                                                                  "Startup Cost": 0.0,
                                                                  "Total Cost": 2049.55,
                                                                  "Plan Rows": 18,
                                                                  "Plan Width": 4,
                                                                  "Filter": "((d_date >= '2000-08-25'::date) AND (d_date <= '2000-09-24 00:00:00'::timestamp without time zone))",
                                                                  "parent": 15,
                                                                  "ID": 16
                                                                }
                                                              ],
                                                              "parent": 13,
                                                              "ID": 15,
                                                              "left": 16
                                                            }
                                                          ],
                                                          "parent": 12,
                                                          "ID": 13,
                                                          "left": 14,
                                                          "right": 15
                                                        },
                                                        {
                                                          "Node Type": "Hash",
                                                          "Parent Relationship": "Inner",
                                                          "Parallel Aware": true,
                                                          "Async Capable": false,
                                                          "Startup Cost": 59887.64,
                                                          "Total Cost": 59887.64,
                                                          "Plan Rows": 1198164,
                                                          "Plan Width": 20,
                                                          "Plans": [
                                                            {
                                                              "Node Type": "Seq Scan",
                                                              "Parent Relationship": "Outer",
                                                              "Parallel Aware": true,
                                                              "Async Capable": false,
                                                              "Relation Name": "store_returns",
                                                              "Alias": "store_returns",
                                                              "Startup Cost": 0.0,
                                                              "Total Cost": 59887.64,
                                                              "Plan Rows": 1198164,
                                                              "Plan Width": 20,
                                                              "parent": 17,
                                                              "ID": 18
                                                            }
                                                          ],
                                                          "parent": 12,
                                                          "ID": 17,
                                                          "left": 18
                                                        }
                                                      ],
                                                      "parent": 11,
                                                      "ID": 12,
                                                      "left": 13,
                                                      "right": 17
                                                    },
                                                    {
                                                      "Node Type": "Hash",
                                                      "Parent Relationship": "Inner",
                                                      "Parallel Aware": true,
                                                      "Async Capable": false,
                                                      "Startup Cost": 7495.25,
                                                      "Total Cost": 7495.25,
                                                      "Plan Rows": 2442,
                                                      "Plan Width": 4,
                                                      "Plans": [
                                                        {
                                                          "Node Type": "Seq Scan",
                                                          "Parent Relationship": "Outer",
                                                          "Parallel Aware": true,
                                                          "Async Capable": false,
                                                          "Relation Name": "item",
                                                          "Alias": "item",
                                                          "Startup Cost": 0.0,
                                                          "Total Cost": 7495.25,
                                                          "Plan Rows": 2442,
                                                          "Plan Width": 4,
                                                          "Filter": "(i_current_price > '50'::numeric)",
                                                          "parent": 19,
                                                          "ID": 20
                                                        }
                                                      ],
                                                      "parent": 11,
                                                      "ID": 19,
                                                      "left": 20
                                                    }
                                                  ],
                                                  "parent": 10,
                                                  "ID": 11,
                                                  "left": 12,
                                                  "right": 19
                                                },
                                                {
                                                  "Node Type": "Hash",
                                                  "Parent Relationship": "Inner",
                                                  "Parallel Aware": false,
                                                  "Async Capable": false,
                                                  "Startup Cost": 19.25,
                                                  "Total Cost": 19.25,
                                                  "Plan Rows": 492,
                                                  "Plan Width": 4,
                                                  "Plans": [
                                                    {
                                                      "Node Type": "Seq Scan",
                                                      "Parent Relationship": "Outer",
                                                      "Parallel Aware": false,
                                                      "Async Capable": false,
                                                      "Relation Name": "promotion",
                                                      "Alias": "promotion",
                                                      "Startup Cost": 0.0,
                                                      "Total Cost": 19.25,
                                                      "Plan Rows": 492,
                                                      "Plan Width": 4,
                                                      "Filter": "(p_channel_tv = 'N'::bpchar)",
                                                      "parent": 21,
                                                      "ID": 22
                                                    }
                                                  ],
                                                  "parent": 10,
                                                  "ID": 21,
                                                  "left": 22
                                                }
                                              ],
                                              "parent": 9,
                                              "ID": 10,
                                              "left": 11,
                                              "right": 21
                                            },
                                            {
                                              "Node Type": "Hash",
                                              "Parent Relationship": "Inner",
                                              "Parallel Aware": false,
                                              "Async Capable": false,
                                              "Startup Cost": 6.02,
                                              "Total Cost": 6.02,
                                              "Plan Rows": 102,
                                              "Plan Width": 21,
                                              "Plans": [
                                                {
                                                  "Node Type": "Seq Scan",
                                                  "Parent Relationship": "Outer",
                                                  "Parallel Aware": false,
                                                  "Async Capable": false,
                                                  "Relation Name": "store",
                                                  "Alias": "store",
                                                  "Startup Cost": 0.0,
                                                  "Total Cost": 6.02,
                                                  "Plan Rows": 102,
                                                  "Plan Width": 21,
                                                  "parent": 23,
                                                  "ID": 24
                                                }
                                              ],
                                              "parent": 9,
                                              "ID": 23,
                                              "left": 24
                                            }
                                          ],
                                          "parent": 8,
                                          "ID": 9,
                                          "left": 10,
                                          "right": 23
                                        }
                                      ],
                                      "parent": 7,
                                      "ID": 8,
                                      "left": 9
                                    }
                                  ],
                                  "parent": 6,
                                  "ID": 7,
                                  "left": 8
                                }
                              ],
                              "parent": 5,
                              "ID": 6,
                              "left": 7
                            }
                          ],
                          "parent": 4,
                          "ID": 5,
                          "left": 6
                        }
                      ],
                      "parent": 3,
                      "ID": 4,
                      "left": 5
                    },
                    {
                      "Node Type": "Subquery Scan",
                      "Parent Relationship": "Member",
                      "Parallel Aware": false,
                      "Async Capable": false,
                      "Alias": "csr",
                      "Startup Cost": 518177.36,
                      "Total Cost": 518230.78,
                      "Plan Rows": 340,
                      "Plan Width": 160,
                      "Plans": [
                        {
                          "Node Type": "Aggregate",
                          "Strategy": "Sorted",
                          "Partial Mode": "Finalize",
                          "Parent Relationship": "Subquery",
                          "Parallel Aware": false,
                          "Async Capable": false,
                          "Startup Cost": 518177.36,
                          "Total Cost": 518225.68,
                          "Plan Rows": 340,
                          "Plan Width": 113,
                          "Group Key": [
                            "catalog_page.cp_catalog_page_id"
                          ],
                          "Plans": [
                            {
                              "Node Type": "Gather Merge",
                              "Parent Relationship": "Outer",
                              "Parallel Aware": false,
                              "Async Capable": false,
                              "Startup Cost": 518177.36,
                              "Total Cost": 518214.76,
                              "Plan Rows": 284,
                              "Plan Width": 113,
                              "Workers Planned": 2,
                              "Plans": [
                                {
                                  "Node Type": "Aggregate",
                                  "Strategy": "Sorted",
                                  "Partial Mode": "Partial",
                                  "Parent Relationship": "Outer",
                                  "Parallel Aware": false,
                                  "Async Capable": false,
                                  "Startup Cost": 517177.34,
                                  "Total Cost": 517181.95,
                                  "Plan Rows": 142,
                                  "Plan Width": 113,
                                  "Group Key": [
                                    "catalog_page.cp_catalog_page_id"
                                  ],
                                  "Plans": [
                                    {
                                      "Node Type": "Sort",
                                      "Parent Relationship": "Outer",
                                      "Parallel Aware": false,
                                      "Async Capable": false,
                                      "Startup Cost": 517177.34,
                                      "Total Cost": 517177.69,
                                      "Plan Rows": 142,
                                      "Plan Width": 41,
                                      "Sort Key": [
                                        "catalog_page.cp_catalog_page_id"
                                      ],
                                      "Plans": [
                                        {
                                          "Node Type": "Hash Join",
                                          "Parent Relationship": "Outer",
                                          "Parallel Aware": false,
                                          "Async Capable": false,
                                          "Join Type": "Inner",
                                          "Startup Cost": 57382.33,
                                          "Total Cost": 517172.26,
                                          "Plan Rows": 142,
                                          "Plan Width": 41,
                                          "Inner Unique": false,
                                          "Hash Cond": "(catalog_sales.cs_catalog_page_sk = catalog_page.cp_catalog_page_sk)",
                                          "Plans": [
                                            {
                                              "Node Type": "Hash Join",
                                              "Parent Relationship": "Outer",
                                              "Parallel Aware": false,
                                              "Async Capable": false,
                                              "Join Type": "Inner",
                                              "Startup Cost": 56864.33,
                                              "Total Cost": 516652.32,
                                              "Plan Rows": 142,
                                              "Plan Width": 28,
                                              "Inner Unique": false,
                                              "Hash Cond": "(catalog_sales.cs_promo_sk = promotion_1.p_promo_sk)",
                                              "Plans": [
                                                {
                                                  "Node Type": "Hash Join",
                                                  "Parent Relationship": "Outer",
                                                  "Parallel Aware": true,
                                                  "Async Capable": false,
                                                  "Join Type": "Inner",
                                                  "Startup Cost": 56838.93,
                                                  "Total Cost": 516624.96,
                                                  "Plan Rows": 145,
                                                  "Plan Width": 32,
                                                  "Inner Unique": false,
                                                  "Hash Cond": "(catalog_sales.cs_item_sk = item_1.i_item_sk)",
                                                  "Plans": [
                                                    {
                                                      "Node Type": "Hash Join",
                                                      "Parent Relationship": "Outer",
                                                      "Parallel Aware": true,
                                                      "Async Capable": false,
                                                      "Join Type": "Left",
                                                      "Startup Cost": 49313.15,
                                                      "Total Cost": 509089.08,
                                                      "Plan Rows": 2532,
                                                      "Plan Width": 36,
                                                      "Inner Unique": false,
                                                      "Hash Cond": "((catalog_sales.cs_item_sk = catalog_returns.cr_item_sk) AND (catalog_sales.cs_order_number = catalog_returns.cr_order_number))",
                                                      "Plans": [
                                                        {
                                                          "Node Type": "Hash Join",
                                                          "Parent Relationship": "Outer",
                                                          "Parallel Aware": true,
                                                          "Async Capable": false,
                                                          "Join Type": "Inner",
                                                          "Startup Cost": 2049.78,
                                                          "Total Cost": 458254.7,
                                                          "Plan Rows": 2532,
                                                          "Plan Width": 28,
                                                          "Inner Unique": false,
                                                          "Hash Cond": "(catalog_sales.cs_sold_date_sk = date_dim_1.d_date_sk)",
                                                          "Plans": [
                                                            {
                                                              "Node Type": "Seq Scan",
                                                              "Parent Relationship": "Outer",
                                                              "Parallel Aware": true,
                                                              "Async Capable": false,
                                                              "Relation Name": "catalog_sales",
                                                              "Alias": "catalog_sales",
                                                              "Startup Cost": 0.0,
                                                              "Total Cost": 433688.25,
                                                              "Plan Rows": 6000525,
                                                              "Plan Width": 32,
                                                              "parent": 34,
                                                              "ID": 35
                                                            },
                                                            {
                                                              "Node Type": "Hash",
                                                              "Parent Relationship": "Inner",
                                                              "Parallel Aware": true,
                                                              "Async Capable": false,
                                                              "Startup Cost": 2049.55,
                                                              "Total Cost": 2049.55,
                                                              "Plan Rows": 18,
                                                              "Plan Width": 4,
                                                              "Plans": [
                                                                {
                                                                  "Node Type": "Seq Scan",
                                                                  "Parent Relationship": "Outer",
                                                                  "Parallel Aware": true,
                                                                  "Async Capable": false,
                                                                  "Relation Name": "date_dim",
                                                                  "Alias": "date_dim_1",
                                                                  "Startup Cost": 0.0,
                                                                  "Total Cost": 2049.55,
                                                                  "Plan Rows": 18,
                                                                  "Plan Width": 4,
                                                                  "Filter": "((d_date >= '2000-08-25'::date) AND (d_date <= '2000-09-24 00:00:00'::timestamp without time zone))",
                                                                  "parent": 36,
                                                                  "ID": 37
                                                                }
                                                              ],
                                                              "parent": 34,
                                                              "ID": 36,
                                                              "left": 37
                                                            }
                                                          ],
                                                          "parent": 33,
                                                          "ID": 34,
                                                          "left": 35,
                                                          "right": 36
                                                        },
                                                        {
                                                          "Node Type": "Hash",
                                                          "Parent Relationship": "Inner",
                                                          "Parallel Aware": true,
                                                          "Async Capable": false,
                                                          "Startup Cost": 34748.95,
                                                          "Total Cost": 34748.95,
                                                          "Plan Rows": 599895,
                                                          "Plan Width": 20,
                                                          "Plans": [
                                                            {
                                                              "Node Type": "Seq Scan",
                                                              "Parent Relationship": "Outer",
                                                              "Parallel Aware": true,
                                                              "Async Capable": false,
                                                              "Relation Name": "catalog_returns",
                                                              "Alias": "catalog_returns",
                                                              "Startup Cost": 0.0,
                                                              "Total Cost": 34748.95,
                                                              "Plan Rows": 599895,
                                                              "Plan Width": 20,
                                                              "parent": 38,
                                                              "ID": 39
                                                            }
                                                          ],
                                                          "parent": 33,
                                                          "ID": 38,
                                                          "left": 39
                                                        }
                                                      ],
                                                      "parent": 32,
                                                      "ID": 33,
                                                      "left": 34,
                                                      "right": 38
                                                    },
                                                    {
                                                      "Node Type": "Hash",
                                                      "Parent Relationship": "Inner",
                                                      "Parallel Aware": true,
                                                      "Async Capable": false,
                                                      "Startup Cost": 7495.25,
                                                      "Total Cost": 7495.25,
                                                      "Plan Rows": 2442,
                                                      "Plan Width": 4,
                                                      "Plans": [
                                                        {
                                                          "Node Type": "Seq Scan",
                                                          "Parent Relationship": "Outer",
                                                          "Parallel Aware": true,
                                                          "Async Capable": false,
                                                          "Relation Name": "item",
                                                          "Alias": "item_1",
                                                          "Startup Cost": 0.0,
                                                          "Total Cost": 7495.25,
                                                          "Plan Rows": 2442,
                                                          "Plan Width": 4,
                                                          "Filter": "(i_current_price > '50'::numeric)",
                                                          "parent": 40,
                                                          "ID": 41
                                                        }
                                                      ],
                                                      "parent": 32,
                                                      "ID": 40,
                                                      "left": 41
                                                    }
                                                  ],
                                                  "parent": 31,
                                                  "ID": 32,
                                                  "left": 33,
                                                  "right": 40
                                                },
                                                {
                                                  "Node Type": "Hash",
                                                  "Parent Relationship": "Inner",
                                                  "Parallel Aware": false,
                                                  "Async Capable": false,
                                                  "Startup Cost": 19.25,
                                                  "Total Cost": 19.25,
                                                  "Plan Rows": 492,
                                                  "Plan Width": 4,
                                                  "Plans": [
                                                    {
                                                      "Node Type": "Seq Scan",
                                                      "Parent Relationship": "Outer",
                                                      "Parallel Aware": false,
                                                      "Async Capable": false,
                                                      "Relation Name": "promotion",
                                                      "Alias": "promotion_1",
                                                      "Startup Cost": 0.0,
                                                      "Total Cost": 19.25,
                                                      "Plan Rows": 492,
                                                      "Plan Width": 4,
                                                      "Filter": "(p_channel_tv = 'N'::bpchar)",
                                                      "parent": 42,
                                                      "ID": 43
                                                    }
                                                  ],
                                                  "parent": 31,
                                                  "ID": 42,
                                                  "left": 43
                                                }
                                              ],
                                              "parent": 30,
                                              "ID": 31,
                                              "left": 32,
                                              "right": 42
                                            },
                                            {
                                              "Node Type": "Hash",
                                              "Parent Relationship": "Inner",
                                              "Parallel Aware": false,
                                              "Async Capable": false,
                                              "Startup Cost": 368.0,
                                              "Total Cost": 368.0,
                                              "Plan Rows": 12000,
                                              "Plan Width": 21,
                                              "Plans": [
                                                {
                                                  "Node Type": "Seq Scan",
                                                  "Parent Relationship": "Outer",
                                                  "Parallel Aware": false,
                                                  "Async Capable": false,
                                                  "Relation Name": "catalog_page",
                                                  "Alias": "catalog_page",
                                                  "Startup Cost": 0.0,
                                                  "Total Cost": 368.0,
                                                  "Plan Rows": 12000,
                                                  "Plan Width": 21,
                                                  "parent": 44,
                                                  "ID": 45
                                                }
                                              ],
                                              "parent": 30,
                                              "ID": 44,
                                              "left": 45
                                            }
                                          ],
                                          "parent": 29,
                                          "ID": 30,
                                          "left": 31,
                                          "right": 44
                                        }
                                      ],
                                      "parent": 28,
                                      "ID": 29,
                                      "left": 30
                                    }
                                  ],
                                  "parent": 27,
                                  "ID": 28,
                                  "left": 29
                                }
                              ],
                              "parent": 26,
                              "ID": 27,
                              "left": 28
                            }
                          ],
                          "parent": 25,
                          "ID": 26,
                          "left": 27
                        }
                      ],
                      "parent": 3,
                      "ID": 25,
                      "left": 26
                    },
                    {
                      "Node Type": "Subquery Scan",
                      "Parent Relationship": "Member",
                      "Parallel Aware": false,
                      "Async Capable": false,
                      "Alias": "wsr",
                      "Startup Cost": 263919.04,
                      "Total Cost": 263926.75,
                      "Plan Rows": 21,
                      "Plan Width": 160,
                      "Plans": [
                        {
                          "Node Type": "Aggregate",
                          "Strategy": "Sorted",
                          "Partial Mode": "Finalize",
                          "Parent Relationship": "Subquery",
                          "Parallel Aware": false,
                          "Async Capable": false,
                          "Startup Cost": 263919.04,
                          "Total Cost": 263926.43,
                          "Plan Rows": 21,
                          "Plan Width": 113,
                          "Group Key": [
                            "web_site.web_site_id"
                          ],
                          "Plans": [
                            {
                              "Node Type": "Gather Merge",
                              "Parent Relationship": "Outer",
                              "Parallel Aware": false,
                              "Async Capable": false,
                              "Startup Cost": 263919.04,
                              "Total Cost": 263925.33,
                              "Plan Rows": 42,
                              "Plan Width": 113,
                              "Workers Planned": 2,
                              "Plans": [
                                {
                                  "Node Type": "Aggregate",
                                  "Strategy": "Sorted",
                                  "Partial Mode": "Partial",
                                  "Parent Relationship": "Outer",
                                  "Parallel Aware": false,
                                  "Async Capable": false,
                                  "Startup Cost": 262919.01,
                                  "Total Cost": 262920.46,
                                  "Plan Rows": 21,
                                  "Plan Width": 113,
                                  "Group Key": [
                                    "web_site.web_site_id"
                                  ],
                                  "Plans": [
                                    {
                                      "Node Type": "Sort",
                                      "Parent Relationship": "Outer",
                                      "Parallel Aware": false,
                                      "Async Capable": false,
                                      "Startup Cost": 262919.01,
                                      "Total Cost": 262919.19,
                                      "Plan Rows": 72,
                                      "Plan Width": 41,
                                      "Sort Key": [
                                        "web_site.web_site_id"
                                      ],
                                      "Plans": [
                                        {
                                          "Node Type": "Hash Join",
                                          "Parent Relationship": "Outer",
                                          "Parallel Aware": false,
                                          "Async Capable": false,
                                          "Join Type": "Inner",
                                          "Startup Cost": 32134.74,
                                          "Total Cost": 262916.79,
                                          "Plan Rows": 72,
                                          "Plan Width": 41,
                                          "Inner Unique": false,
                                          "Hash Cond": "(web_sales.ws_web_site_sk = web_site.web_site_sk)",
                                          "Plans": [
                                            {
                                              "Node Type": "Hash Join",
                                              "Parent Relationship": "Outer",
                                              "Parallel Aware": false,
                                              "Async Capable": false,
                                              "Join Type": "Inner",
                                              "Startup Cost": 32130.8,
                                              "Total Cost": 262911.86,
                                              "Plan Rows": 72,
                                              "Plan Width": 28,
                                              "Inner Unique": false,
                                              "Hash Cond": "(web_sales.ws_promo_sk = promotion_2.p_promo_sk)",
                                              "Plans": [
                                                {
                                                  "Node Type": "Hash Join",
                                                  "Parent Relationship": "Outer",
                                                  "Parallel Aware": true,
                                                  "Async Capable": false,
                                                  "Join Type": "Inner",
                                                  "Startup Cost": 32105.4,
                                                  "Total Cost": 262885.46,
                                                  "Plan Rows": 73,
                                                  "Plan Width": 32,
                                                  "Inner Unique": false,
                                                  "Hash Cond": "(web_sales.ws_item_sk = item_2.i_item_sk)",
                                                  "Plans": [
                                                    {
                                                      "Node Type": "Hash Join",
                                                      "Parent Relationship": "Outer",
                                                      "Parallel Aware": true,
                                                      "Async Capable": false,
                                                      "Join Type": "Left",
                                                      "Startup Cost": 24579.62,
                                                      "Total Cost": 255354.62,
                                                      "Plan Rows": 1272,
                                                      "Plan Width": 36,
                                                      "Inner Unique": false,
                                                      "Hash Cond": "((web_sales.ws_item_sk = web_returns.wr_item_sk) AND (web_sales.ws_order_number = web_returns.wr_order_number))",
                                                      "Plans": [
                                                        {
                                                          "Node Type": "Hash Join",
                                                          "Parent Relationship": "Outer",
                                                          "Parallel Aware": true,
                                                          "Async Capable": false,
                                                          "Join Type": "Inner",
                                                          "Startup Cost": 2049.78,
                                                          "Total Cost": 231041.22,
                                                          "Plan Rows": 1272,
                                                          "Plan Width": 28,
                                                          "Inner Unique": false,
                                                          "Hash Cond": "(web_sales.ws_sold_date_sk = date_dim_2.d_date_sk)",
                                                          "Plans": [
                                                            {
                                                              "Node Type": "Seq Scan",
                                                              "Parent Relationship": "Outer",
                                                              "Parallel Aware": true,
                                                              "Async Capable": false,
                                                              "Relation Name": "web_sales",
                                                              "Alias": "web_sales",
                                                              "Startup Cost": 0.0,
                                                              "Total Cost": 217737.86,
                                                              "Plan Rows": 2998986,
                                                              "Plan Width": 32,
                                                              "parent": 55,
                                                              "ID": 56
                                                            },
                                                            {
                                                              "Node Type": "Hash",
                                                              "Parent Relationship": "Inner",
                                                              "Parallel Aware": true,
                                                              "Async Capable": false,
                                                              "Startup Cost": 2049.55,
                                                              "Total Cost": 2049.55,
                                                              "Plan Rows": 18,
                                                              "Plan Width": 4,
                                                              "Plans": [
                                                                {
                                                                  "Node Type": "Seq Scan",
                                                                  "Parent Relationship": "Outer",
                                                                  "Parallel Aware": true,
                                                                  "Async Capable": false,
                                                                  "Relation Name": "date_dim",
                                                                  "Alias": "date_dim_2",
                                                                  "Startup Cost": 0.0,
                                                                  "Total Cost": 2049.55,
                                                                  "Plan Rows": 18,
                                                                  "Plan Width": 4,
                                                                  "Filter": "((d_date >= '2000-08-25'::date) AND (d_date <= '2000-09-24 00:00:00'::timestamp without time zone))",
                                                                  "parent": 57,
                                                                  "ID": 58
                                                                }
                                                              ],
                                                              "parent": 55,
                                                              "ID": 57,
                                                              "left": 58
                                                            }
                                                          ],
                                                          "parent": 54,
                                                          "ID": 55,
                                                          "left": 56,
                                                          "right": 57
                                                        },
                                                        {
                                                          "Node Type": "Hash",
                                                          "Parent Relationship": "Inner",
                                                          "Parallel Aware": true,
                                                          "Async Capable": false,
                                                          "Startup Cost": 16278.74,
                                                          "Total Cost": 16278.74,
                                                          "Plan Rows": 299674,
                                                          "Plan Width": 20,
                                                          "Plans": [
                                                            {
                                                              "Node Type": "Seq Scan",
                                                              "Parent Relationship": "Outer",
                                                              "Parallel Aware": true,
                                                              "Async Capable": false,
                                                              "Relation Name": "web_returns",
                                                              "Alias": "web_returns",
                                                              "Startup Cost": 0.0,
                                                              "Total Cost": 16278.74,
                                                              "Plan Rows": 299674,
                                                              "Plan Width": 20,
                                                              "parent": 59,
                                                              "ID": 60
                                                            }
                                                          ],
                                                          "parent": 54,
                                                          "ID": 59,
                                                          "left": 60
                                                        }
                                                      ],
                                                      "parent": 53,
                                                      "ID": 54,
                                                      "left": 55,
                                                      "right": 59
                                                    },
                                                    {
                                                      "Node Type": "Hash",
                                                      "Parent Relationship": "Inner",
                                                      "Parallel Aware": true,
                                                      "Async Capable": false,
                                                      "Startup Cost": 7495.25,
                                                      "Total Cost": 7495.25,
                                                      "Plan Rows": 2442,
                                                      "Plan Width": 4,
                                                      "Plans": [
                                                        {
                                                          "Node Type": "Seq Scan",
                                                          "Parent Relationship": "Outer",
                                                          "Parallel Aware": true,
                                                          "Async Capable": false,
                                                          "Relation Name": "item",
                                                          "Alias": "item_2",
                                                          "Startup Cost": 0.0,
                                                          "Total Cost": 7495.25,
                                                          "Plan Rows": 2442,
                                                          "Plan Width": 4,
                                                          "Filter": "(i_current_price > '50'::numeric)",
                                                          "parent": 61,
                                                          "ID": 62
                                                        }
                                                      ],
                                                      "parent": 53,
                                                      "ID": 61,
                                                      "left": 62
                                                    }
                                                  ],
                                                  "parent": 52,
                                                  "ID": 53,
                                                  "left": 54,
                                                  "right": 61
                                                },
                                                {
                                                  "Node Type": "Hash",
                                                  "Parent Relationship": "Inner",
                                                  "Parallel Aware": false,
                                                  "Async Capable": false,
                                                  "Startup Cost": 19.25,
                                                  "Total Cost": 19.25,
                                                  "Plan Rows": 492,
                                                  "Plan Width": 4,
                                                  "Plans": [
                                                    {
                                                      "Node Type": "Seq Scan",
                                                      "Parent Relationship": "Outer",
                                                      "Parallel Aware": false,
                                                      "Async Capable": false,
                                                      "Relation Name": "promotion",
                                                      "Alias": "promotion_2",
                                                      "Startup Cost": 0.0,
                                                      "Total Cost": 19.25,
                                                      "Plan Rows": 492,
                                                      "Plan Width": 4,
                                                      "Filter": "(p_channel_tv = 'N'::bpchar)",
                                                      "parent": 63,
                                                      "ID": 64
                                                    }
                                                  ],
                                                  "parent": 52,
                                                  "ID": 63,
                                                  "left": 64
                                                }
                                              ],
                                              "parent": 51,
                                              "ID": 52,
                                              "left": 53,
                                              "right": 63
                                            },
                                            {
                                              "Node Type": "Hash",
                                              "Parent Relationship": "Inner",
                                              "Parallel Aware": false,
                                              "Async Capable": false,
                                              "Startup Cost": 3.42,
                                              "Total Cost": 3.42,
                                              "Plan Rows": 42,
                                              "Plan Width": 21,
                                              "Plans": [
                                                {
                                                  "Node Type": "Seq Scan",
                                                  "Parent Relationship": "Outer",
                                                  "Parallel Aware": false,
                                                  "Async Capable": false,
                                                  "Relation Name": "web_site",
                                                  "Alias": "web_site",
                                                  "Startup Cost": 0.0,
                                                  "Total Cost": 3.42,
                                                  "Plan Rows": 42,
                                                  "Plan Width": 21,
                                                  "parent": 65,
                                                  "ID": 66
                                                }
                                              ],
                                              "parent": 51,
                                              "ID": 65,
                                              "left": 66
                                            }
                                          ],
                                          "parent": 50,
                                          "ID": 51,
                                          "left": 52,
                                          "right": 65
                                        }
                                      ],
                                      "parent": 49,
                                      "ID": 50,
                                      "left": 51
                                    }
                                  ],
                                  "parent": 48,
                                  "ID": 49,
                                  "left": 50
                                }
                              ],
                              "parent": 47,
                              "ID": 48,
                              "left": 49
                            }
                          ],
                          "parent": 46,
                          "ID": 47,
                          "left": 48
                        }
                      ],
                      "parent": 3,
                      "ID": 46,
                      "left": 47
                    }
                  ],
                  "parent": 2,
                  "ID": 3,
                  "left": 4,
                  "right": 25
                }
              ],
              "parent": 1,
              "ID": 2,
              "left": 3
            }
          ],
          "parent": 0,
          "ID": 1,
          "left": 2
        }
      ],
      "parent": null,
      "ID": 0,
      "left": 1
    },
    "feat": {
      "utility": 2.1788098394368505e-06,
      "query_shape": [
        [
          "Seq Scan",
          "Hash Join",
          "Sort",
          "Aggregate",
          "Gather Merge",
          "Subquery Scan",
          "Append"
        ],
        [
          "Seq Scan",
          "Hash",
          "Hash Join",
          "Sort",
          "Aggregate",
          "Gather Merge",
          "Subquery Scan",
          "Append"
        ],
        [
          "Seq Scan",
          "Hash",
          "Hash Join",
          "Sort",
          "Aggregate",
          "Gather Merge",
          "Subquery Scan",
          "Append"
        ],
        [
          "Seq Scan",
          "Hash",
          "Hash Join",
          "Sort",
          "Aggregate",
          "Gather Merge",
          "Subquery Scan",
          "Append"
        ],
        [
          "Seq Scan",
          "Hash",
          "Hash Join",
          "Sort",
          "Aggregate",
          "Gather Merge",
          "Subquery Scan",
          "Append"
        ],
        [
          "Seq Scan",
          "Hash",
          "Hash Join",
          "Sort",
          "Aggregate",
          "Gather Merge",
          "Subquery Scan",
          "Append"
        ],
        [
          "Seq Scan",
          "Hash Join",
          "Sort",
          "Aggregate",
          "Gather Merge",
          "Subquery Scan",
          "Append"
        ],
        [
          "Seq Scan",
          "Hash",
          "Hash Join",
          "Sort",
          "Aggregate",
          "Gather Merge",
          "Subquery Scan",
          "Append"
        ],
        [
          "Seq Scan",
          "Hash",
          "Hash Join",
          "Sort",
          "Aggregate",
          "Gather Merge",
          "Subquery Scan",
          "Append"
        ],
        [
          "Seq Scan",
          "Hash",
          "Hash Join",
          "Sort",
          "Aggregate",
          "Gather Merge",
          "Subquery Scan",
          "Append"
        ],
        [
          "Seq Scan",
          "Hash",
          "Hash Join",
          "Sort",
          "Aggregate",
          "Gather Merge",
          "Subquery Scan",
          "Append"
        ],
        [
          "Seq Scan",
          "Hash",
          "Hash Join",
          "Sort",
          "Aggregate",
          "Gather Merge",
          "Subquery Scan",
          "Append"
        ],
        [
          "Seq Scan",
          "Hash Join",
          "Sort",
          "Aggregate",
          "Gather Merge",
          "Subquery Scan",
          "Append"
        ],
        [
          "Seq Scan",
          "Hash",
          "Hash Join",
          "Sort",
          "Aggregate",
          "Gather Merge",
          "Subquery Scan",
          "Append"
        ],
        [
          "Seq Scan",
          "Hash",
          "Hash Join",
          "Sort",
          "Aggregate",
          "Gather Merge",
          "Subquery Scan",
          "Append"
        ],
        [
          "Seq Scan",
          "Hash",
          "Hash Join",
          "Sort",
          "Aggregate",
          "Gather Merge",
          "Subquery Scan",
          "Append"
        ],
        [
          "Seq Scan",
          "Hash",
          "Hash Join",
          "Sort",
          "Aggregate",
          "Gather Merge",
          "Subquery Scan",
          "Append"
        ],
        [
          "Seq Scan",
          "Hash",
          "Hash Join",
          "Sort",
          "Aggregate",
          "Gather Merge",
          "Subquery Scan",
          "Append"
        ]
      ],
      "index_shape": [
        "join"
      ],
      "physical_operator": {
        "Hash Join": [
          0.0018267346539619918
        ]
      }
    }
  },
  {
    "query": "with ssr as\n (select  s_store_id as store_id,\n          sum(ss_ext_sales_price) as sales,\n          sum(coalesce(sr_return_amt, 0)) as returns,\n          sum(ss_net_profit - coalesce(sr_net_loss, 0)) as profit\n  from store_sales left outer join store_returns on\n         (ss_item_sk = sr_item_sk and ss_ticket_number = sr_ticket_number),\n     date_dim,\n     store,\n     item,\n     promotion\n where ss_sold_date_sk = d_date_sk\n       and d_date between cast('2000-08-25' as date) \n                  and (cast('2000-08-25' as date) +  interval '30 days')\n       and ss_store_sk = s_store_sk\n       and ss_item_sk = i_item_sk\n       and i_current_price > 50\n       and ss_promo_sk = p_promo_sk\n       and p_channel_tv = 'N'\n group by s_store_id)\n ,\n csr as\n (select  cp_catalog_page_id as catalog_page_id,\n          sum(cs_ext_sales_price) as sales,\n          sum(coalesce(cr_return_amount, 0)) as returns,\n          sum(cs_net_profit - coalesce(cr_net_loss, 0)) as profit\n  from catalog_sales left outer join catalog_returns on\n         (cs_item_sk = cr_item_sk and cs_order_number = cr_order_number),\n     date_dim,\n     catalog_page,\n     item,\n     promotion\n where cs_sold_date_sk = d_date_sk\n       and d_date between cast('2000-08-25' as date)\n                  and (cast('2000-08-25' as date) +  interval '30 days')\n        and cs_catalog_page_sk = cp_catalog_page_sk\n       and cs_item_sk = i_item_sk\n       and i_current_price > 50\n       and cs_promo_sk = p_promo_sk\n       and p_channel_tv = 'N'\ngroup by cp_catalog_page_id)\n ,\n wsr as\n (select  web_site_id,\n          sum(ws_ext_sales_price) as sales,\n          sum(coalesce(wr_return_amt, 0)) as returns,\n          sum(ws_net_profit - coalesce(wr_net_loss, 0)) as profit\n  from web_sales left outer join web_returns on\n         (ws_item_sk = wr_item_sk and ws_order_number = wr_order_number),\n     date_dim,\n     web_site,\n     item,\n     promotion\n where ws_sold_date_sk = d_date_sk\n       and d_date between cast('2000-08-25' as date)\n                  and (cast('2000-08-25' as date) +  interval '30 days')\n        and ws_web_site_sk = web_site_sk\n       and ws_item_sk = i_item_sk\n       and i_current_price > 50\n       and ws_promo_sk = p_promo_sk\n       and p_channel_tv = 'N'\ngroup by web_site_id)\n  select  channel\n        , id\n        , sum(sales) as sales\n        , sum(returns) as returns\n        , sum(profit) as profit\n from \n (select 'store channel' as channel\n        , 'store' || store_id as id\n        , sales\n        , returns\n        , profit\n from   ssr\n union all\n select 'catalog channel' as channel\n        , 'catalog_page' || catalog_page_id as id\n        , sales\n        , returns\n        , profit\n from  csr\n union all\n select 'web channel' as channel\n        , 'web_site' || web_site_id as id\n        , sales\n        , returns\n        , profit\n from   wsr\n ) x\n group by rollup (channel, id)\n order by channel\n         ,id\n limit 100;\n\n-- end query 61 in stream 1 using template query80.tpl\n",
    "indexes": "web_sales.ws_ext_sales_price",
    "wo plan est": {
      "Node Type": "Limit",
      "Parallel Aware": false,
      "Async Capable": false,
      "Startup Cost": 1566793.64,
      "Total Cost": 1566796.93,
      "Plan Rows": 100,
      "Plan Width": 160,
      "Plans": [
        {
          "Node Type": "Aggregate",
          "Strategy": "Sorted",
          "Partial Mode": "Simple",
          "Parent Relationship": "Outer",
          "Parallel Aware": false,
          "Async Capable": false,
          "Startup Cost": 1566793.64,
          "Total Cost": 1566806.84,
          "Plan Rows": 401,
          "Plan Width": 160,
          "Grouping Sets": [
            {
              "Group Keys": [
                [
                  "('store channel'::text)",
                  "(('store'::text || (ssr.store_id)::text))"
                ],
                [
                  "('store channel'::text)"
                ],
                []
              ]
            }
          ],
          "Plans": [
            {
              "Node Type": "Sort",
              "Parent Relationship": "Outer",
              "Parallel Aware": false,
              "Async Capable": false,
              "Startup Cost": 1566793.64,
              "Total Cost": 1566794.67,
              "Plan Rows": 412,
              "Plan Width": 160,
              "Sort Key": [
                "('store channel'::text)",
                "(('store'::text || (ssr.store_id)::text))"
              ],
              "Plans": [
                {
                  "Node Type": "Append",
                  "Parent Relationship": "Outer",
                  "Parallel Aware": false,
                  "Async Capable": false,
                  "Startup Cost": 784596.3,
                  "Total Cost": 1566775.74,
                  "Plan Rows": 412,
                  "Plan Width": 160,
                  "Subplans Removed": 0,
                  "Plans": [
                    {
                      "Node Type": "Subquery Scan",
                      "Parent Relationship": "Member",
                      "Parallel Aware": false,
                      "Async Capable": false,
                      "Alias": "ssr",
                      "Startup Cost": 784596.3,
                      "Total Cost": 784616.16,
                      "Plan Rows": 51,
                      "Plan Width": 160,
                      "Plans": [
                        {
                          "Node Type": "Aggregate",
                          "Strategy": "Sorted",
                          "Partial Mode": "Finalize",
                          "Parent Relationship": "Subquery",
                          "Parallel Aware": false,
                          "Async Capable": false,
                          "Startup Cost": 784596.3,
                          "Total Cost": 784615.39,
                          "Plan Rows": 51,
                          "Plan Width": 113,
                          "Group Key": [
                            "store.s_store_id"
                          ],
                          "Plans": [
                            {
                              "Node Type": "Gather Merge",
                              "Parent Relationship": "Outer",
                              "Parallel Aware": false,
                              "Async Capable": false,
                              "Startup Cost": 784596.3,
                              "Total Cost": 784612.71,
                              "Plan Rows": 102,
                              "Plan Width": 113,
                              "Workers Planned": 2,
                              "Plans": [
                                {
                                  "Node Type": "Aggregate",
                                  "Strategy": "Sorted",
                                  "Partial Mode": "Partial",
                                  "Parent Relationship": "Outer",
                                  "Parallel Aware": false,
                                  "Async Capable": false,
                                  "Startup Cost": 783596.27,
                                  "Total Cost": 783600.92,
                                  "Plan Rows": 51,
                                  "Plan Width": 113,
                                  "Group Key": [
                                    "store.s_store_id"
                                  ],
                                  "Plans": [
                                    {
                                      "Node Type": "Sort",
                                      "Parent Relationship": "Outer",
                                      "Parallel Aware": false,
                                      "Async Capable": false,
                                      "Startup Cost": 783596.27,
                                      "Total Cost": 783596.9,
                                      "Plan Rows": 250,
                                      "Plan Width": 41,
                                      "Sort Key": [
                                        "store.s_store_id"
                                      ],
                                      "Plans": [
                                        {
                                          "Node Type": "Hash Join",
                                          "Parent Relationship": "Outer",
                                          "Parallel Aware": false,
                                          "Async Capable": false,
                                          "Join Type": "Inner",
                                          "Startup Cost": 94489.35,
                                          "Total Cost": 783586.32,
                                          "Plan Rows": 250,
                                          "Plan Width": 41,
                                          "Inner Unique": false,
                                          "Hash Cond": "(store_sales.ss_store_sk = store.s_store_sk)",
                                          "Plans": [
                                            {
                                              "Node Type": "Hash Join",
                                              "Parent Relationship": "Outer",
                                              "Parallel Aware": false,
                                              "Async Capable": false,
                                              "Join Type": "Inner",
                                              "Startup Cost": 94482.05,
                                              "Total Cost": 783575.54,
                                              "Plan Rows": 262,
                                              "Plan Width": 28,
                                              "Inner Unique": false,
                                              "Hash Cond": "(store_sales.ss_promo_sk = promotion.p_promo_sk)",
                                              "Plans": [
                                                {
                                                  "Node Type": "Hash Join",
                                                  "Parent Relationship": "Outer",
                                                  "Parallel Aware": true,
                                                  "Async Capable": false,
                                                  "Join Type": "Inner",
                                                  "Startup Cost": 94456.65,
                                                  "Total Cost": 783546.47,
                                                  "Plan Rows": 279,
                                                  "Plan Width": 32,
                                                  "Inner Unique": false,
                                                  "Hash Cond": "(store_sales.ss_item_sk = item.i_item_sk)",
                                                  "Plans": [
                                                    {
                                                      "Node Type": "Hash Join",
                                                      "Parent Relationship": "Outer",
                                                      "Parallel Aware": true,
                                                      "Async Capable": false,
                                                      "Join Type": "Left",
                                                      "Startup Cost": 86930.88,
                                                      "Total Cost": 776001.31,
                                                      "Plan Rows": 4860,
                                                      "Plan Width": 36,
                                                      "Inner Unique": false,
                                                      "Hash Cond": "((store_sales.ss_item_sk = store_returns.sr_item_sk) AND (store_sales.ss_ticket_number = store_returns.sr_ticket_number))",
                                                      "Plans": [
                                                        {
                                                          "Node Type": "Hash Join",
                                                          "Parent Relationship": "Outer",
                                                          "Parallel Aware": true,
                                                          "Async Capable": false,
                                                          "Join Type": "Inner",
                                                          "Startup Cost": 2049.78,
                                                          "Total Cost": 683994.75,
                                                          "Plan Rows": 4860,
                                                          "Plan Width": 28,
                                                          "Inner Unique": false,
                                                          "Hash Cond": "(store_sales.ss_sold_date_sk = date_dim.d_date_sk)",
                                                          "Plans": [
                                                            {
                                                              "Node Type": "Seq Scan",
                                                              "Parent Relationship": "Outer",
                                                              "Parallel Aware": true,
                                                              "Async Capable": false,
                                                              "Relation Name": "store_sales",
                                                              "Alias": "store_sales",
                                                              "Startup Cost": 0.0,
                                                              "Total Cost": 636914.37,
                                                              "Plan Rows": 12000637,
                                                              "Plan Width": 32,
                                                              "parent": 13,
                                                              "ID": 14
                                                            },
                                                            {
                                                              "Node Type": "Hash",
                                                              "Parent Relationship": "Inner",
                                                              "Parallel Aware": true,
                                                              "Async Capable": false,
                                                              "Startup Cost": 2049.55,
                                                              "Total Cost": 2049.55,
                                                              "Plan Rows": 18,
                                                              "Plan Width": 4,
                                                              "Plans": [
                                                                {
                                                                  "Node Type": "Seq Scan",
                                                                  "Parent Relationship": "Outer",
                                                                  "Parallel Aware": true,
                                                                  "Async Capable": false,
                                                                  "Relation Name": "date_dim",
                                                                  "Alias": "date_dim",
                                                                  "Startup Cost": 0.0,
                                                                  "Total Cost": 2049.55,
                                                                  "Plan Rows": 18,
                                                                  "Plan Width": 4,
                                                                  "Filter": "((d_date >= '2000-08-25'::date) AND (d_date <= '2000-09-24 00:00:00'::timestamp without time zone))",
                                                                  "parent": 15,
                                                                  "ID": 16
                                                                }
                                                              ],
                                                              "parent": 13,
                                                              "ID": 15,
                                                              "left": 16
                                                            }
                                                          ],
                                                          "parent": 12,
                                                          "ID": 13,
                                                          "left": 14,
                                                          "right": 15
                                                        },
                                                        {
                                                          "Node Type": "Hash",
                                                          "Parent Relationship": "Inner",
                                                          "Parallel Aware": true,
                                                          "Async Capable": false,
                                                          "Startup Cost": 59887.64,
                                                          "Total Cost": 59887.64,
                                                          "Plan Rows": 1198164,
                                                          "Plan Width": 20,
                                                          "Plans": [
                                                            {
                                                              "Node Type": "Seq Scan",
                                                              "Parent Relationship": "Outer",
                                                              "Parallel Aware": true,
                                                              "Async Capable": false,
                                                              "Relation Name": "store_returns",
                                                              "Alias": "store_returns",
                                                              "Startup Cost": 0.0,
                                                              "Total Cost": 59887.64,
                                                              "Plan Rows": 1198164,
                                                              "Plan Width": 20,
                                                              "parent": 17,
                                                              "ID": 18
                                                            }
                                                          ],
                                                          "parent": 12,
                                                          "ID": 17,
                                                          "left": 18
                                                        }
                                                      ],
                                                      "parent": 11,
                                                      "ID": 12,
                                                      "left": 13,
                                                      "right": 17
                                                    },
                                                    {
                                                      "Node Type": "Hash",
                                                      "Parent Relationship": "Inner",
                                                      "Parallel Aware": true,
                                                      "Async Capable": false,
                                                      "Startup Cost": 7495.25,
                                                      "Total Cost": 7495.25,
                                                      "Plan Rows": 2442,
                                                      "Plan Width": 4,
                                                      "Plans": [
                                                        {
                                                          "Node Type": "Seq Scan",
                                                          "Parent Relationship": "Outer",
                                                          "Parallel Aware": true,
                                                          "Async Capable": false,
                                                          "Relation Name": "item",
                                                          "Alias": "item",
                                                          "Startup Cost": 0.0,
                                                          "Total Cost": 7495.25,
                                                          "Plan Rows": 2442,
                                                          "Plan Width": 4,
                                                          "Filter": "(i_current_price > '50'::numeric)",
                                                          "parent": 19,
                                                          "ID": 20
                                                        }
                                                      ],
                                                      "parent": 11,
                                                      "ID": 19,
                                                      "left": 20
                                                    }
                                                  ],
                                                  "parent": 10,
                                                  "ID": 11,
                                                  "left": 12,
                                                  "right": 19
                                                },
                                                {
                                                  "Node Type": "Hash",
                                                  "Parent Relationship": "Inner",
                                                  "Parallel Aware": false,
                                                  "Async Capable": false,
                                                  "Startup Cost": 19.25,
                                                  "Total Cost": 19.25,
                                                  "Plan Rows": 492,
                                                  "Plan Width": 4,
                                                  "Plans": [
                                                    {
                                                      "Node Type": "Seq Scan",
                                                      "Parent Relationship": "Outer",
                                                      "Parallel Aware": false,
                                                      "Async Capable": false,
                                                      "Relation Name": "promotion",
                                                      "Alias": "promotion",
                                                      "Startup Cost": 0.0,
                                                      "Total Cost": 19.25,
                                                      "Plan Rows": 492,
                                                      "Plan Width": 4,
                                                      "Filter": "(p_channel_tv = 'N'::bpchar)",
                                                      "parent": 21,
                                                      "ID": 22
                                                    }
                                                  ],
                                                  "parent": 10,
                                                  "ID": 21,
                                                  "left": 22
                                                }
                                              ],
                                              "parent": 9,
                                              "ID": 10,
                                              "left": 11,
                                              "right": 21
                                            },
                                            {
                                              "Node Type": "Hash",
                                              "Parent Relationship": "Inner",
                                              "Parallel Aware": false,
                                              "Async Capable": false,
                                              "Startup Cost": 6.02,
                                              "Total Cost": 6.02,
                                              "Plan Rows": 102,
                                              "Plan Width": 21,
                                              "Plans": [
                                                {
                                                  "Node Type": "Seq Scan",
                                                  "Parent Relationship": "Outer",
                                                  "Parallel Aware": false,
                                                  "Async Capable": false,
                                                  "Relation Name": "store",
                                                  "Alias": "store",
                                                  "Startup Cost": 0.0,
                                                  "Total Cost": 6.02,
                                                  "Plan Rows": 102,
                                                  "Plan Width": 21,
                                                  "parent": 23,
                                                  "ID": 24
                                                }
                                              ],
                                              "parent": 9,
                                              "ID": 23,
                                              "left": 24
                                            }
                                          ],
                                          "parent": 8,
                                          "ID": 9,
                                          "left": 10,
                                          "right": 23
                                        }
                                      ],
                                      "parent": 7,
                                      "ID": 8,
                                      "left": 9
                                    }
                                  ],
                                  "parent": 6,
                                  "ID": 7,
                                  "left": 8
                                }
                              ],
                              "parent": 5,
                              "ID": 6,
                              "left": 7
                            }
                          ],
                          "parent": 4,
                          "ID": 5,
                          "left": 6
                        }
                      ],
                      "parent": 3,
                      "ID": 4,
                      "left": 5
                    },
                    {
                      "Node Type": "Subquery Scan",
                      "Parent Relationship": "Member",
                      "Parallel Aware": false,
                      "Async Capable": false,
                      "Alias": "csr",
                      "Startup Cost": 518177.36,
                      "Total Cost": 518230.78,
                      "Plan Rows": 340,
                      "Plan Width": 160,
                      "Plans": [
                        {
                          "Node Type": "Aggregate",
                          "Strategy": "Sorted",
                          "Partial Mode": "Finalize",
                          "Parent Relationship": "Subquery",
                          "Parallel Aware": false,
                          "Async Capable": false,
                          "Startup Cost": 518177.36,
                          "Total Cost": 518225.68,
                          "Plan Rows": 340,
                          "Plan Width": 113,
                          "Group Key": [
                            "catalog_page.cp_catalog_page_id"
                          ],
                          "Plans": [
                            {
                              "Node Type": "Gather Merge",
                              "Parent Relationship": "Outer",
                              "Parallel Aware": false,
                              "Async Capable": false,
                              "Startup Cost": 518177.36,
                              "Total Cost": 518214.76,
                              "Plan Rows": 284,
                              "Plan Width": 113,
                              "Workers Planned": 2,
                              "Plans": [
                                {
                                  "Node Type": "Aggregate",
                                  "Strategy": "Sorted",
                                  "Partial Mode": "Partial",
                                  "Parent Relationship": "Outer",
                                  "Parallel Aware": false,
                                  "Async Capable": false,
                                  "Startup Cost": 517177.34,
                                  "Total Cost": 517181.95,
                                  "Plan Rows": 142,
                                  "Plan Width": 113,
                                  "Group Key": [
                                    "catalog_page.cp_catalog_page_id"
                                  ],
                                  "Plans": [
                                    {
                                      "Node Type": "Sort",
                                      "Parent Relationship": "Outer",
                                      "Parallel Aware": false,
                                      "Async Capable": false,
                                      "Startup Cost": 517177.34,
                                      "Total Cost": 517177.69,
                                      "Plan Rows": 142,
                                      "Plan Width": 41,
                                      "Sort Key": [
                                        "catalog_page.cp_catalog_page_id"
                                      ],
                                      "Plans": [
                                        {
                                          "Node Type": "Hash Join",
                                          "Parent Relationship": "Outer",
                                          "Parallel Aware": false,
                                          "Async Capable": false,
                                          "Join Type": "Inner",
                                          "Startup Cost": 57382.33,
                                          "Total Cost": 517172.26,
                                          "Plan Rows": 142,
                                          "Plan Width": 41,
                                          "Inner Unique": false,
                                          "Hash Cond": "(catalog_sales.cs_catalog_page_sk = catalog_page.cp_catalog_page_sk)",
                                          "Plans": [
                                            {
                                              "Node Type": "Hash Join",
                                              "Parent Relationship": "Outer",
                                              "Parallel Aware": false,
                                              "Async Capable": false,
                                              "Join Type": "Inner",
                                              "Startup Cost": 56864.33,
                                              "Total Cost": 516652.32,
                                              "Plan Rows": 142,
                                              "Plan Width": 28,
                                              "Inner Unique": false,
                                              "Hash Cond": "(catalog_sales.cs_promo_sk = promotion_1.p_promo_sk)",
                                              "Plans": [
                                                {
                                                  "Node Type": "Hash Join",
                                                  "Parent Relationship": "Outer",
                                                  "Parallel Aware": true,
                                                  "Async Capable": false,
                                                  "Join Type": "Inner",
                                                  "Startup Cost": 56838.93,
                                                  "Total Cost": 516624.96,
                                                  "Plan Rows": 145,
                                                  "Plan Width": 32,
                                                  "Inner Unique": false,
                                                  "Hash Cond": "(catalog_sales.cs_item_sk = item_1.i_item_sk)",
                                                  "Plans": [
                                                    {
                                                      "Node Type": "Hash Join",
                                                      "Parent Relationship": "Outer",
                                                      "Parallel Aware": true,
                                                      "Async Capable": false,
                                                      "Join Type": "Left",
                                                      "Startup Cost": 49313.15,
                                                      "Total Cost": 509089.08,
                                                      "Plan Rows": 2532,
                                                      "Plan Width": 36,
                                                      "Inner Unique": false,
                                                      "Hash Cond": "((catalog_sales.cs_item_sk = catalog_returns.cr_item_sk) AND (catalog_sales.cs_order_number = catalog_returns.cr_order_number))",
                                                      "Plans": [
                                                        {
                                                          "Node Type": "Hash Join",
                                                          "Parent Relationship": "Outer",
                                                          "Parallel Aware": true,
                                                          "Async Capable": false,
                                                          "Join Type": "Inner",
                                                          "Startup Cost": 2049.78,
                                                          "Total Cost": 458254.7,
                                                          "Plan Rows": 2532,
                                                          "Plan Width": 28,
                                                          "Inner Unique": false,
                                                          "Hash Cond": "(catalog_sales.cs_sold_date_sk = date_dim_1.d_date_sk)",
                                                          "Plans": [
                                                            {
                                                              "Node Type": "Seq Scan",
                                                              "Parent Relationship": "Outer",
                                                              "Parallel Aware": true,
                                                              "Async Capable": false,
                                                              "Relation Name": "catalog_sales",
                                                              "Alias": "catalog_sales",
                                                              "Startup Cost": 0.0,
                                                              "Total Cost": 433688.25,
                                                              "Plan Rows": 6000525,
                                                              "Plan Width": 32,
                                                              "parent": 34,
                                                              "ID": 35
                                                            },
                                                            {
                                                              "Node Type": "Hash",
                                                              "Parent Relationship": "Inner",
                                                              "Parallel Aware": true,
                                                              "Async Capable": false,
                                                              "Startup Cost": 2049.55,
                                                              "Total Cost": 2049.55,
                                                              "Plan Rows": 18,
                                                              "Plan Width": 4,
                                                              "Plans": [
                                                                {
                                                                  "Node Type": "Seq Scan",
                                                                  "Parent Relationship": "Outer",
                                                                  "Parallel Aware": true,
                                                                  "Async Capable": false,
                                                                  "Relation Name": "date_dim",
                                                                  "Alias": "date_dim_1",
                                                                  "Startup Cost": 0.0,
                                                                  "Total Cost": 2049.55,
                                                                  "Plan Rows": 18,
                                                                  "Plan Width": 4,
                                                                  "Filter": "((d_date >= '2000-08-25'::date) AND (d_date <= '2000-09-24 00:00:00'::timestamp without time zone))",
                                                                  "parent": 36,
                                                                  "ID": 37
                                                                }
                                                              ],
                                                              "parent": 34,
                                                              "ID": 36,
                                                              "left": 37
                                                            }
                                                          ],
                                                          "parent": 33,
                                                          "ID": 34,
                                                          "left": 35,
                                                          "right": 36
                                                        },
                                                        {
                                                          "Node Type": "Hash",
                                                          "Parent Relationship": "Inner",
                                                          "Parallel Aware": true,
                                                          "Async Capable": false,
                                                          "Startup Cost": 34748.95,
                                                          "Total Cost": 34748.95,
                                                          "Plan Rows": 599895,
                                                          "Plan Width": 20,
                                                          "Plans": [
                                                            {
                                                              "Node Type": "Seq Scan",
                                                              "Parent Relationship": "Outer",
                                                              "Parallel Aware": true,
                                                              "Async Capable": false,
                                                              "Relation Name": "catalog_returns",
                                                              "Alias": "catalog_returns",
                                                              "Startup Cost": 0.0,
                                                              "Total Cost": 34748.95,
                                                              "Plan Rows": 599895,
                                                              "Plan Width": 20,
                                                              "parent": 38,
                                                              "ID": 39
                                                            }
                                                          ],
                                                          "parent": 33,
                                                          "ID": 38,
                                                          "left": 39
                                                        }
                                                      ],
                                                      "parent": 32,
                                                      "ID": 33,
                                                      "left": 34,
                                                      "right": 38
                                                    },
                                                    {
                                                      "Node Type": "Hash",
                                                      "Parent Relationship": "Inner",
                                                      "Parallel Aware": true,
                                                      "Async Capable": false,
                                                      "Startup Cost": 7495.25,
                                                      "Total Cost": 7495.25,
                                                      "Plan Rows": 2442,
                                                      "Plan Width": 4,
                                                      "Plans": [
                                                        {
                                                          "Node Type": "Seq Scan",
                                                          "Parent Relationship": "Outer",
                                                          "Parallel Aware": true,
                                                          "Async Capable": false,
                                                          "Relation Name": "item",
                                                          "Alias": "item_1",
                                                          "Startup Cost": 0.0,
                                                          "Total Cost": 7495.25,
                                                          "Plan Rows": 2442,
                                                          "Plan Width": 4,
                                                          "Filter": "(i_current_price > '50'::numeric)",
                                                          "parent": 40,
                                                          "ID": 41
                                                        }
                                                      ],
                                                      "parent": 32,
                                                      "ID": 40,
                                                      "left": 41
                                                    }
                                                  ],
                                                  "parent": 31,
                                                  "ID": 32,
                                                  "left": 33,
                                                  "right": 40
                                                },
                                                {
                                                  "Node Type": "Hash",
                                                  "Parent Relationship": "Inner",
                                                  "Parallel Aware": false,
                                                  "Async Capable": false,
                                                  "Startup Cost": 19.25,
                                                  "Total Cost": 19.25,
                                                  "Plan Rows": 492,
                                                  "Plan Width": 4,
                                                  "Plans": [
                                                    {
                                                      "Node Type": "Seq Scan",
                                                      "Parent Relationship": "Outer",
                                                      "Parallel Aware": false,
                                                      "Async Capable": false,
                                                      "Relation Name": "promotion",
                                                      "Alias": "promotion_1",
                                                      "Startup Cost": 0.0,
                                                      "Total Cost": 19.25,
                                                      "Plan Rows": 492,
                                                      "Plan Width": 4,
                                                      "Filter": "(p_channel_tv = 'N'::bpchar)",
                                                      "parent": 42,
                                                      "ID": 43
                                                    }
                                                  ],
                                                  "parent": 31,
                                                  "ID": 42,
                                                  "left": 43
                                                }
                                              ],
                                              "parent": 30,
                                              "ID": 31,
                                              "left": 32,
                                              "right": 42
                                            },
                                            {
                                              "Node Type": "Hash",
                                              "Parent Relationship": "Inner",
                                              "Parallel Aware": false,
                                              "Async Capable": false,
                                              "Startup Cost": 368.0,
                                              "Total Cost": 368.0,
                                              "Plan Rows": 12000,
                                              "Plan Width": 21,
                                              "Plans": [
                                                {
                                                  "Node Type": "Seq Scan",
                                                  "Parent Relationship": "Outer",
                                                  "Parallel Aware": false,
                                                  "Async Capable": false,
                                                  "Relation Name": "catalog_page",
                                                  "Alias": "catalog_page",
                                                  "Startup Cost": 0.0,
                                                  "Total Cost": 368.0,
                                                  "Plan Rows": 12000,
                                                  "Plan Width": 21,
                                                  "parent": 44,
                                                  "ID": 45
                                                }
                                              ],
                                              "parent": 30,
                                              "ID": 44,
                                              "left": 45
                                            }
                                          ],
                                          "parent": 29,
                                          "ID": 30,
                                          "left": 31,
                                          "right": 44
                                        }
                                      ],
                                      "parent": 28,
                                      "ID": 29,
                                      "left": 30
                                    }
                                  ],
                                  "parent": 27,
                                  "ID": 28,
                                  "left": 29
                                }
                              ],
                              "parent": 26,
                              "ID": 27,
                              "left": 28
                            }
                          ],
                          "parent": 25,
                          "ID": 26,
                          "left": 27
                        }
                      ],
                      "parent": 3,
                      "ID": 25,
                      "left": 26
                    },
                    {
                      "Node Type": "Subquery Scan",
                      "Parent Relationship": "Member",
                      "Parallel Aware": false,
                      "Async Capable": false,
                      "Alias": "wsr",
                      "Startup Cost": 263919.04,
                      "Total Cost": 263926.75,
                      "Plan Rows": 21,
                      "Plan Width": 160,
                      "Plans": [
                        {
                          "Node Type": "Aggregate",
                          "Strategy": "Sorted",
                          "Partial Mode": "Finalize",
                          "Parent Relationship": "Subquery",
                          "Parallel Aware": false,
                          "Async Capable": false,
                          "Startup Cost": 263919.04,
                          "Total Cost": 263926.43,
                          "Plan Rows": 21,
                          "Plan Width": 113,
                          "Group Key": [
                            "web_site.web_site_id"
                          ],
                          "Plans": [
                            {
                              "Node Type": "Gather Merge",
                              "Parent Relationship": "Outer",
                              "Parallel Aware": false,
                              "Async Capable": false,
                              "Startup Cost": 263919.04,
                              "Total Cost": 263925.33,
                              "Plan Rows": 42,
                              "Plan Width": 113,
                              "Workers Planned": 2,
                              "Plans": [
                                {
                                  "Node Type": "Aggregate",
                                  "Strategy": "Sorted",
                                  "Partial Mode": "Partial",
                                  "Parent Relationship": "Outer",
                                  "Parallel Aware": false,
                                  "Async Capable": false,
                                  "Startup Cost": 262919.01,
                                  "Total Cost": 262920.46,
                                  "Plan Rows": 21,
                                  "Plan Width": 113,
                                  "Group Key": [
                                    "web_site.web_site_id"
                                  ],
                                  "Plans": [
                                    {
                                      "Node Type": "Sort",
                                      "Parent Relationship": "Outer",
                                      "Parallel Aware": false,
                                      "Async Capable": false,
                                      "Startup Cost": 262919.01,
                                      "Total Cost": 262919.19,
                                      "Plan Rows": 72,
                                      "Plan Width": 41,
                                      "Sort Key": [
                                        "web_site.web_site_id"
                                      ],
                                      "Plans": [
                                        {
                                          "Node Type": "Hash Join",
                                          "Parent Relationship": "Outer",
                                          "Parallel Aware": false,
                                          "Async Capable": false,
                                          "Join Type": "Inner",
                                          "Startup Cost": 32134.74,
                                          "Total Cost": 262916.79,
                                          "Plan Rows": 72,
                                          "Plan Width": 41,
                                          "Inner Unique": false,
                                          "Hash Cond": "(web_sales.ws_web_site_sk = web_site.web_site_sk)",
                                          "Plans": [
                                            {
                                              "Node Type": "Hash Join",
                                              "Parent Relationship": "Outer",
                                              "Parallel Aware": false,
                                              "Async Capable": false,
                                              "Join Type": "Inner",
                                              "Startup Cost": 32130.8,
                                              "Total Cost": 262911.86,
                                              "Plan Rows": 72,
                                              "Plan Width": 28,
                                              "Inner Unique": false,
                                              "Hash Cond": "(web_sales.ws_promo_sk = promotion_2.p_promo_sk)",
                                              "Plans": [
                                                {
                                                  "Node Type": "Hash Join",
                                                  "Parent Relationship": "Outer",
                                                  "Parallel Aware": true,
                                                  "Async Capable": false,
                                                  "Join Type": "Inner",
                                                  "Startup Cost": 32105.4,
                                                  "Total Cost": 262885.46,
                                                  "Plan Rows": 73,
                                                  "Plan Width": 32,
                                                  "Inner Unique": false,
                                                  "Hash Cond": "(web_sales.ws_item_sk = item_2.i_item_sk)",
                                                  "Plans": [
                                                    {
                                                      "Node Type": "Hash Join",
                                                      "Parent Relationship": "Outer",
                                                      "Parallel Aware": true,
                                                      "Async Capable": false,
                                                      "Join Type": "Left",
                                                      "Startup Cost": 24579.62,
                                                      "Total Cost": 255354.62,
                                                      "Plan Rows": 1272,
                                                      "Plan Width": 36,
                                                      "Inner Unique": false,
                                                      "Hash Cond": "((web_sales.ws_item_sk = web_returns.wr_item_sk) AND (web_sales.ws_order_number = web_returns.wr_order_number))",
                                                      "Plans": [
                                                        {
                                                          "Node Type": "Hash Join",
                                                          "Parent Relationship": "Outer",
                                                          "Parallel Aware": true,
                                                          "Async Capable": false,
                                                          "Join Type": "Inner",
                                                          "Startup Cost": 2049.78,
                                                          "Total Cost": 231041.22,
                                                          "Plan Rows": 1272,
                                                          "Plan Width": 28,
                                                          "Inner Unique": false,
                                                          "Hash Cond": "(web_sales.ws_sold_date_sk = date_dim_2.d_date_sk)",
                                                          "Plans": [
                                                            {
                                                              "Node Type": "Seq Scan",
                                                              "Parent Relationship": "Outer",
                                                              "Parallel Aware": true,
                                                              "Async Capable": false,
                                                              "Relation Name": "web_sales",
                                                              "Alias": "web_sales",
                                                              "Startup Cost": 0.0,
                                                              "Total Cost": 217737.86,
                                                              "Plan Rows": 2998986,
                                                              "Plan Width": 32,
                                                              "parent": 55,
                                                              "ID": 56
                                                            },
                                                            {
                                                              "Node Type": "Hash",
                                                              "Parent Relationship": "Inner",
                                                              "Parallel Aware": true,
                                                              "Async Capable": false,
                                                              "Startup Cost": 2049.55,
                                                              "Total Cost": 2049.55,
                                                              "Plan Rows": 18,
                                                              "Plan Width": 4,
                                                              "Plans": [
                                                                {
                                                                  "Node Type": "Seq Scan",
                                                                  "Parent Relationship": "Outer",
                                                                  "Parallel Aware": true,
                                                                  "Async Capable": false,
                                                                  "Relation Name": "date_dim",
                                                                  "Alias": "date_dim_2",
                                                                  "Startup Cost": 0.0,
                                                                  "Total Cost": 2049.55,
                                                                  "Plan Rows": 18,
                                                                  "Plan Width": 4,
                                                                  "Filter": "((d_date >= '2000-08-25'::date) AND (d_date <= '2000-09-24 00:00:00'::timestamp without time zone))",
                                                                  "parent": 57,
                                                                  "ID": 58
                                                                }
                                                              ],
                                                              "parent": 55,
                                                              "ID": 57,
                                                              "left": 58
                                                            }
                                                          ],
                                                          "parent": 54,
                                                          "ID": 55,
                                                          "left": 56,
                                                          "right": 57
                                                        },
                                                        {
                                                          "Node Type": "Hash",
                                                          "Parent Relationship": "Inner",
                                                          "Parallel Aware": true,
                                                          "Async Capable": false,
                                                          "Startup Cost": 16278.74,
                                                          "Total Cost": 16278.74,
                                                          "Plan Rows": 299674,
                                                          "Plan Width": 20,
                                                          "Plans": [
                                                            {
                                                              "Node Type": "Seq Scan",
                                                              "Parent Relationship": "Outer",
                                                              "Parallel Aware": true,
                                                              "Async Capable": false,
                                                              "Relation Name": "web_returns",
                                                              "Alias": "web_returns",
                                                              "Startup Cost": 0.0,
                                                              "Total Cost": 16278.74,
                                                              "Plan Rows": 299674,
                                                              "Plan Width": 20,
                                                              "parent": 59,
                                                              "ID": 60
                                                            }
                                                          ],
                                                          "parent": 54,
                                                          "ID": 59,
                                                          "left": 60
                                                        }
                                                      ],
                                                      "parent": 53,
                                                      "ID": 54,
                                                      "left": 55,
                                                      "right": 59
                                                    },
                                                    {
                                                      "Node Type": "Hash",
                                                      "Parent Relationship": "Inner",
                                                      "Parallel Aware": true,
                                                      "Async Capable": false,
                                                      "Startup Cost": 7495.25,
                                                      "Total Cost": 7495.25,
                                                      "Plan Rows": 2442,
                                                      "Plan Width": 4,
                                                      "Plans": [
                                                        {
                                                          "Node Type": "Seq Scan",
                                                          "Parent Relationship": "Outer",
                                                          "Parallel Aware": true,
                                                          "Async Capable": false,
                                                          "Relation Name": "item",
                                                          "Alias": "item_2",
                                                          "Startup Cost": 0.0,
                                                          "Total Cost": 7495.25,
                                                          "Plan Rows": 2442,
                                                          "Plan Width": 4,
                                                          "Filter": "(i_current_price > '50'::numeric)",
                                                          "parent": 61,
                                                          "ID": 62
                                                        }
                                                      ],
                                                      "parent": 53,
                                                      "ID": 61,
                                                      "left": 62
                                                    }
                                                  ],
                                                  "parent": 52,
                                                  "ID": 53,
                                                  "left": 54,
                                                  "right": 61
                                                },
                                                {
                                                  "Node Type": "Hash",
                                                  "Parent Relationship": "Inner",
                                                  "Parallel Aware": false,
                                                  "Async Capable": false,
                                                  "Startup Cost": 19.25,
                                                  "Total Cost": 19.25,
                                                  "Plan Rows": 492,
                                                  "Plan Width": 4,
                                                  "Plans": [
                                                    {
                                                      "Node Type": "Seq Scan",
                                                      "Parent Relationship": "Outer",
                                                      "Parallel Aware": false,
                                                      "Async Capable": false,
                                                      "Relation Name": "promotion",
                                                      "Alias": "promotion_2",
                                                      "Startup Cost": 0.0,
                                                      "Total Cost": 19.25,
                                                      "Plan Rows": 492,
                                                      "Plan Width": 4,
                                                      "Filter": "(p_channel_tv = 'N'::bpchar)",
                                                      "parent": 63,
                                                      "ID": 64
                                                    }
                                                  ],
                                                  "parent": 52,
                                                  "ID": 63,
                                                  "left": 64
                                                }
                                              ],
                                              "parent": 51,
                                              "ID": 52,
                                              "left": 53,
                                              "right": 63
                                            },
                                            {
                                              "Node Type": "Hash",
                                              "Parent Relationship": "Inner",
                                              "Parallel Aware": false,
                                              "Async Capable": false,
                                              "Startup Cost": 3.42,
                                              "Total Cost": 3.42,
                                              "Plan Rows": 42,
                                              "Plan Width": 21,
                                              "Plans": [
                                                {
                                                  "Node Type": "Seq Scan",
                                                  "Parent Relationship": "Outer",
                                                  "Parallel Aware": false,
                                                  "Async Capable": false,
                                                  "Relation Name": "web_site",
                                                  "Alias": "web_site",
                                                  "Startup Cost": 0.0,
                                                  "Total Cost": 3.42,
                                                  "Plan Rows": 42,
                                                  "Plan Width": 21,
                                                  "parent": 65,
                                                  "ID": 66
                                                }
                                              ],
                                              "parent": 51,
                                              "ID": 65,
                                              "left": 66
                                            }
                                          ],
                                          "parent": 50,
                                          "ID": 51,
                                          "left": 52,
                                          "right": 65
                                        }
                                      ],
                                      "parent": 49,
                                      "ID": 50,
                                      "left": 51
                                    }
                                  ],
                                  "parent": 48,
                                  "ID": 49,
                                  "left": 50
                                }
                              ],
                              "parent": 47,
                              "ID": 48,
                              "left": 49
                            }
                          ],
                          "parent": 46,
                          "ID": 47,
                          "left": 48
                        }
                      ],
                      "parent": 3,
                      "ID": 46,
                      "left": 47
                    }
                  ],
                  "parent": 2,
                  "ID": 3,
                  "left": 4,
                  "right": 25
                }
              ],
              "parent": 1,
              "ID": 2,
              "left": 3
            }
          ],
          "parent": 0,
          "ID": 1,
          "left": 2
        }
      ],
      "parent": null,
      "ID": 0,
      "left": 1
    },
    "feat": {
      "utility": 0.0,
      "query_shape": [
        [
          "Seq Scan",
          "Hash Join",
          "Sort",
          "Aggregate",
          "Gather Merge",
          "Subquery Scan",
          "Append"
        ],
        [
          "Seq Scan",
          "Hash",
          "Hash Join",
          "Sort",
          "Aggregate",
          "Gather Merge",
          "Subquery Scan",
          "Append"
        ],
        [
          "Seq Scan",
          "Hash",
          "Hash Join",
          "Sort",
          "Aggregate",
          "Gather Merge",
          "Subquery Scan",
          "Append"
        ],
        [
          "Seq Scan",
          "Hash",
          "Hash Join",
          "Sort",
          "Aggregate",
          "Gather Merge",
          "Subquery Scan",
          "Append"
        ],
        [
          "Seq Scan",
          "Hash",
          "Hash Join",
          "Sort",
          "Aggregate",
          "Gather Merge",
          "Subquery Scan",
          "Append"
        ],
        [
          "Seq Scan",
          "Hash",
          "Hash Join",
          "Sort",
          "Aggregate",
          "Gather Merge",
          "Subquery Scan",
          "Append"
        ],
        [
          "Seq Scan",
          "Hash Join",
          "Sort",
          "Aggregate",
          "Gather Merge",
          "Subquery Scan",
          "Append"
        ],
        [
          "Seq Scan",
          "Hash",
          "Hash Join",
          "Sort",
          "Aggregate",
          "Gather Merge",
          "Subquery Scan",
          "Append"
        ],
        [
          "Seq Scan",
          "Hash",
          "Hash Join",
          "Sort",
          "Aggregate",
          "Gather Merge",
          "Subquery Scan",
          "Append"
        ],
        [
          "Seq Scan",
          "Hash",
          "Hash Join",
          "Sort",
          "Aggregate",
          "Gather Merge",
          "Subquery Scan",
          "Append"
        ],
        [
          "Seq Scan",
          "Hash",
          "Hash Join",
          "Sort",
          "Aggregate",
          "Gather Merge",
          "Subquery Scan",
          "Append"
        ],
        [
          "Seq Scan",
          "Hash",
          "Hash Join",
          "Sort",
          "Aggregate",
          "Gather Merge",
          "Subquery Scan",
          "Append"
        ],
        [
          "Seq Scan",
          "Hash Join",
          "Sort",
          "Aggregate",
          "Gather Merge",
          "Subquery Scan",
          "Append"
        ],
        [
          "Seq Scan",
          "Hash",
          "Hash Join",
          "Sort",
          "Aggregate",
          "Gather Merge",
          "Subquery Scan",
          "Append"
        ],
        [
          "Seq Scan",
          "Hash",
          "Hash Join",
          "Sort",
          "Aggregate",
          "Gather Merge",
          "Subquery Scan",
          "Append"
        ],
        [
          "Seq Scan",
          "Hash",
          "Hash Join",
          "Sort",
          "Aggregate",
          "Gather Merge",
          "Subquery Scan",
          "Append"
        ],
        [
          "Seq Scan",
          "Hash",
          "Hash Join",
          "Sort",
          "Aggregate",
          "Gather Merge",
          "Subquery Scan",
          "Append"
        ],
        [
          "Seq Scan",
          "Hash",
          "Hash Join",
          "Sort",
          "Aggregate",
          "Gather Merge",
          "Subquery Scan",
          "Append"
        ]
      ],
      "index_shape": [],
      "physical_operator": {}
    }
  },
  {
    "query": "with ssr as\n (select  s_store_id as store_id,\n          sum(ss_ext_sales_price) as sales,\n          sum(coalesce(sr_return_amt, 0)) as returns,\n          sum(ss_net_profit - coalesce(sr_net_loss, 0)) as profit\n  from store_sales left outer join store_returns on\n         (ss_item_sk = sr_item_sk and ss_ticket_number = sr_ticket_number),\n     date_dim,\n     store,\n     item,\n     promotion\n where ss_sold_date_sk = d_date_sk\n       and d_date between cast('2000-08-25' as date) \n                  and (cast('2000-08-25' as date) +  interval '30 days')\n       and ss_store_sk = s_store_sk\n       and ss_item_sk = i_item_sk\n       and i_current_price > 50\n       and ss_promo_sk = p_promo_sk\n       and p_channel_tv = 'N'\n group by s_store_id)\n ,\n csr as\n (select  cp_catalog_page_id as catalog_page_id,\n          sum(cs_ext_sales_price) as sales,\n          sum(coalesce(cr_return_amount, 0)) as returns,\n          sum(cs_net_profit - coalesce(cr_net_loss, 0)) as profit\n  from catalog_sales left outer join catalog_returns on\n         (cs_item_sk = cr_item_sk and cs_order_number = cr_order_number),\n     date_dim,\n     catalog_page,\n     item,\n     promotion\n where cs_sold_date_sk = d_date_sk\n       and d_date between cast('2000-08-25' as date)\n                  and (cast('2000-08-25' as date) +  interval '30 days')\n        and cs_catalog_page_sk = cp_catalog_page_sk\n       and cs_item_sk = i_item_sk\n       and i_current_price > 50\n       and cs_promo_sk = p_promo_sk\n       and p_channel_tv = 'N'\ngroup by cp_catalog_page_id)\n ,\n wsr as\n (select  web_site_id,\n          sum(ws_ext_sales_price) as sales,\n          sum(coalesce(wr_return_amt, 0)) as returns,\n          sum(ws_net_profit - coalesce(wr_net_loss, 0)) as profit\n  from web_sales left outer join web_returns on\n         (ws_item_sk = wr_item_sk and ws_order_number = wr_order_number),\n     date_dim,\n     web_site,\n     item,\n     promotion\n where ws_sold_date_sk = d_date_sk\n       and d_date between cast('2000-08-25' as date)\n                  and (cast('2000-08-25' as date) +  interval '30 days')\n        and ws_web_site_sk = web_site_sk\n       and ws_item_sk = i_item_sk\n       and i_current_price > 50\n       and ws_promo_sk = p_promo_sk\n       and p_channel_tv = 'N'\ngroup by web_site_id)\n  select  channel\n        , id\n        , sum(sales) as sales\n        , sum(returns) as returns\n        , sum(profit) as profit\n from \n (select 'store channel' as channel\n        , 'store' || store_id as id\n        , sales\n        , returns\n        , profit\n from   ssr\n union all\n select 'catalog channel' as channel\n        , 'catalog_page' || catalog_page_id as id\n        , sales\n        , returns\n        , profit\n from  csr\n union all\n select 'web channel' as channel\n        , 'web_site' || web_site_id as id\n        , sales\n        , returns\n        , profit\n from   wsr\n ) x\n group by rollup (channel, id)\n order by channel\n         ,id\n limit 100;\n\n-- end query 61 in stream 1 using template query80.tpl\n",
    "indexes": "web_sales.ws_net_profit",
    "wo plan est": {
      "Node Type": "Limit",
      "Parallel Aware": false,
      "Async Capable": false,
      "Startup Cost": 1566793.64,
      "Total Cost": 1566796.93,
      "Plan Rows": 100,
      "Plan Width": 160,
      "Plans": [
        {
          "Node Type": "Aggregate",
          "Strategy": "Sorted",
          "Partial Mode": "Simple",
          "Parent Relationship": "Outer",
          "Parallel Aware": false,
          "Async Capable": false,
          "Startup Cost": 1566793.64,
          "Total Cost": 1566806.84,
          "Plan Rows": 401,
          "Plan Width": 160,
          "Grouping Sets": [
            {
              "Group Keys": [
                [
                  "('store channel'::text)",
                  "(('store'::text || (ssr.store_id)::text))"
                ],
                [
                  "('store channel'::text)"
                ],
                []
              ]
            }
          ],
          "Plans": [
            {
              "Node Type": "Sort",
              "Parent Relationship": "Outer",
              "Parallel Aware": false,
              "Async Capable": false,
              "Startup Cost": 1566793.64,
              "Total Cost": 1566794.67,
              "Plan Rows": 412,
              "Plan Width": 160,
              "Sort Key": [
                "('store channel'::text)",
                "(('store'::text || (ssr.store_id)::text))"
              ],
              "Plans": [
                {
                  "Node Type": "Append",
                  "Parent Relationship": "Outer",
                  "Parallel Aware": false,
                  "Async Capable": false,
                  "Startup Cost": 784596.3,
                  "Total Cost": 1566775.74,
                  "Plan Rows": 412,
                  "Plan Width": 160,
                  "Subplans Removed": 0,
                  "Plans": [
                    {
                      "Node Type": "Subquery Scan",
                      "Parent Relationship": "Member",
                      "Parallel Aware": false,
                      "Async Capable": false,
                      "Alias": "ssr",
                      "Startup Cost": 784596.3,
                      "Total Cost": 784616.16,
                      "Plan Rows": 51,
                      "Plan Width": 160,
                      "Plans": [
                        {
                          "Node Type": "Aggregate",
                          "Strategy": "Sorted",
                          "Partial Mode": "Finalize",
                          "Parent Relationship": "Subquery",
                          "Parallel Aware": false,
                          "Async Capable": false,
                          "Startup Cost": 784596.3,
                          "Total Cost": 784615.39,
                          "Plan Rows": 51,
                          "Plan Width": 113,
                          "Group Key": [
                            "store.s_store_id"
                          ],
                          "Plans": [
                            {
                              "Node Type": "Gather Merge",
                              "Parent Relationship": "Outer",
                              "Parallel Aware": false,
                              "Async Capable": false,
                              "Startup Cost": 784596.3,
                              "Total Cost": 784612.71,
                              "Plan Rows": 102,
                              "Plan Width": 113,
                              "Workers Planned": 2,
                              "Plans": [
                                {
                                  "Node Type": "Aggregate",
                                  "Strategy": "Sorted",
                                  "Partial Mode": "Partial",
                                  "Parent Relationship": "Outer",
                                  "Parallel Aware": false,
                                  "Async Capable": false,
                                  "Startup Cost": 783596.27,
                                  "Total Cost": 783600.92,
                                  "Plan Rows": 51,
                                  "Plan Width": 113,
                                  "Group Key": [
                                    "store.s_store_id"
                                  ],
                                  "Plans": [
                                    {
                                      "Node Type": "Sort",
                                      "Parent Relationship": "Outer",
                                      "Parallel Aware": false,
                                      "Async Capable": false,
                                      "Startup Cost": 783596.27,
                                      "Total Cost": 783596.9,
                                      "Plan Rows": 250,
                                      "Plan Width": 41,
                                      "Sort Key": [
                                        "store.s_store_id"
                                      ],
                                      "Plans": [
                                        {
                                          "Node Type": "Hash Join",
                                          "Parent Relationship": "Outer",
                                          "Parallel Aware": false,
                                          "Async Capable": false,
                                          "Join Type": "Inner",
                                          "Startup Cost": 94489.35,
                                          "Total Cost": 783586.32,
                                          "Plan Rows": 250,
                                          "Plan Width": 41,
                                          "Inner Unique": false,
                                          "Hash Cond": "(store_sales.ss_store_sk = store.s_store_sk)",
                                          "Plans": [
                                            {
                                              "Node Type": "Hash Join",
                                              "Parent Relationship": "Outer",
                                              "Parallel Aware": false,
                                              "Async Capable": false,
                                              "Join Type": "Inner",
                                              "Startup Cost": 94482.05,
                                              "Total Cost": 783575.54,
                                              "Plan Rows": 262,
                                              "Plan Width": 28,
                                              "Inner Unique": false,
                                              "Hash Cond": "(store_sales.ss_promo_sk = promotion.p_promo_sk)",
                                              "Plans": [
                                                {
                                                  "Node Type": "Hash Join",
                                                  "Parent Relationship": "Outer",
                                                  "Parallel Aware": true,
                                                  "Async Capable": false,
                                                  "Join Type": "Inner",
                                                  "Startup Cost": 94456.65,
                                                  "Total Cost": 783546.47,
                                                  "Plan Rows": 279,
                                                  "Plan Width": 32,
                                                  "Inner Unique": false,
                                                  "Hash Cond": "(store_sales.ss_item_sk = item.i_item_sk)",
                                                  "Plans": [
                                                    {
                                                      "Node Type": "Hash Join",
                                                      "Parent Relationship": "Outer",
                                                      "Parallel Aware": true,
                                                      "Async Capable": false,
                                                      "Join Type": "Left",
                                                      "Startup Cost": 86930.88,
                                                      "Total Cost": 776001.31,
                                                      "Plan Rows": 4860,
                                                      "Plan Width": 36,
                                                      "Inner Unique": false,
                                                      "Hash Cond": "((store_sales.ss_item_sk = store_returns.sr_item_sk) AND (store_sales.ss_ticket_number = store_returns.sr_ticket_number))",
                                                      "Plans": [
                                                        {
                                                          "Node Type": "Hash Join",
                                                          "Parent Relationship": "Outer",
                                                          "Parallel Aware": true,
                                                          "Async Capable": false,
                                                          "Join Type": "Inner",
                                                          "Startup Cost": 2049.78,
                                                          "Total Cost": 683994.75,
                                                          "Plan Rows": 4860,
                                                          "Plan Width": 28,
                                                          "Inner Unique": false,
                                                          "Hash Cond": "(store_sales.ss_sold_date_sk = date_dim.d_date_sk)",
                                                          "Plans": [
                                                            {
                                                              "Node Type": "Seq Scan",
                                                              "Parent Relationship": "Outer",
                                                              "Parallel Aware": true,
                                                              "Async Capable": false,
                                                              "Relation Name": "store_sales",
                                                              "Alias": "store_sales",
                                                              "Startup Cost": 0.0,
                                                              "Total Cost": 636914.37,
                                                              "Plan Rows": 12000637,
                                                              "Plan Width": 32,
                                                              "parent": 13,
                                                              "ID": 14
                                                            },
                                                            {
                                                              "Node Type": "Hash",
                                                              "Parent Relationship": "Inner",
                                                              "Parallel Aware": true,
                                                              "Async Capable": false,
                                                              "Startup Cost": 2049.55,
                                                              "Total Cost": 2049.55,
                                                              "Plan Rows": 18,
                                                              "Plan Width": 4,
                                                              "Plans": [
                                                                {
                                                                  "Node Type": "Seq Scan",
                                                                  "Parent Relationship": "Outer",
                                                                  "Parallel Aware": true,
                                                                  "Async Capable": false,
                                                                  "Relation Name": "date_dim",
                                                                  "Alias": "date_dim",
                                                                  "Startup Cost": 0.0,
                                                                  "Total Cost": 2049.55,
                                                                  "Plan Rows": 18,
                                                                  "Plan Width": 4,
                                                                  "Filter": "((d_date >= '2000-08-25'::date) AND (d_date <= '2000-09-24 00:00:00'::timestamp without time zone))",
                                                                  "parent": 15,
                                                                  "ID": 16
                                                                }
                                                              ],
                                                              "parent": 13,
                                                              "ID": 15,
                                                              "left": 16
                                                            }
                                                          ],
                                                          "parent": 12,
                                                          "ID": 13,
                                                          "left": 14,
                                                          "right": 15
                                                        },
                                                        {
                                                          "Node Type": "Hash",
                                                          "Parent Relationship": "Inner",
                                                          "Parallel Aware": true,
                                                          "Async Capable": false,
                                                          "Startup Cost": 59887.64,
                                                          "Total Cost": 59887.64,
                                                          "Plan Rows": 1198164,
                                                          "Plan Width": 20,
                                                          "Plans": [
                                                            {
                                                              "Node Type": "Seq Scan",
                                                              "Parent Relationship": "Outer",
                                                              "Parallel Aware": true,
                                                              "Async Capable": false,
                                                              "Relation Name": "store_returns",
                                                              "Alias": "store_returns",
                                                              "Startup Cost": 0.0,
                                                              "Total Cost": 59887.64,
                                                              "Plan Rows": 1198164,
                                                              "Plan Width": 20,
                                                              "parent": 17,
                                                              "ID": 18
                                                            }
                                                          ],
                                                          "parent": 12,
                                                          "ID": 17,
                                                          "left": 18
                                                        }
                                                      ],
                                                      "parent": 11,
                                                      "ID": 12,
                                                      "left": 13,
                                                      "right": 17
                                                    },
                                                    {
                                                      "Node Type": "Hash",
                                                      "Parent Relationship": "Inner",
                                                      "Parallel Aware": true,
                                                      "Async Capable": false,
                                                      "Startup Cost": 7495.25,
                                                      "Total Cost": 7495.25,
                                                      "Plan Rows": 2442,
                                                      "Plan Width": 4,
                                                      "Plans": [
                                                        {
                                                          "Node Type": "Seq Scan",
                                                          "Parent Relationship": "Outer",
                                                          "Parallel Aware": true,
                                                          "Async Capable": false,
                                                          "Relation Name": "item",
                                                          "Alias": "item",
                                                          "Startup Cost": 0.0,
                                                          "Total Cost": 7495.25,
                                                          "Plan Rows": 2442,
                                                          "Plan Width": 4,
                                                          "Filter": "(i_current_price > '50'::numeric)",
                                                          "parent": 19,
                                                          "ID": 20
                                                        }
                                                      ],
                                                      "parent": 11,
                                                      "ID": 19,
                                                      "left": 20
                                                    }
                                                  ],
                                                  "parent": 10,
                                                  "ID": 11,
                                                  "left": 12,
                                                  "right": 19
                                                },
                                                {
                                                  "Node Type": "Hash",
                                                  "Parent Relationship": "Inner",
                                                  "Parallel Aware": false,
                                                  "Async Capable": false,
                                                  "Startup Cost": 19.25,
                                                  "Total Cost": 19.25,
                                                  "Plan Rows": 492,
                                                  "Plan Width": 4,
                                                  "Plans": [
                                                    {
                                                      "Node Type": "Seq Scan",
                                                      "Parent Relationship": "Outer",
                                                      "Parallel Aware": false,
                                                      "Async Capable": false,
                                                      "Relation Name": "promotion",
                                                      "Alias": "promotion",
                                                      "Startup Cost": 0.0,
                                                      "Total Cost": 19.25,
                                                      "Plan Rows": 492,
                                                      "Plan Width": 4,
                                                      "Filter": "(p_channel_tv = 'N'::bpchar)",
                                                      "parent": 21,
                                                      "ID": 22
                                                    }
                                                  ],
                                                  "parent": 10,
                                                  "ID": 21,
                                                  "left": 22
                                                }
                                              ],
                                              "parent": 9,
                                              "ID": 10,
                                              "left": 11,
                                              "right": 21
                                            },
                                            {
                                              "Node Type": "Hash",
                                              "Parent Relationship": "Inner",
                                              "Parallel Aware": false,
                                              "Async Capable": false,
                                              "Startup Cost": 6.02,
                                              "Total Cost": 6.02,
                                              "Plan Rows": 102,
                                              "Plan Width": 21,
                                              "Plans": [
                                                {
                                                  "Node Type": "Seq Scan",
                                                  "Parent Relationship": "Outer",
                                                  "Parallel Aware": false,
                                                  "Async Capable": false,
                                                  "Relation Name": "store",
                                                  "Alias": "store",
                                                  "Startup Cost": 0.0,
                                                  "Total Cost": 6.02,
                                                  "Plan Rows": 102,
                                                  "Plan Width": 21,
                                                  "parent": 23,
                                                  "ID": 24
                                                }
                                              ],
                                              "parent": 9,
                                              "ID": 23,
                                              "left": 24
                                            }
                                          ],
                                          "parent": 8,
                                          "ID": 9,
                                          "left": 10,
                                          "right": 23
                                        }
                                      ],
                                      "parent": 7,
                                      "ID": 8,
                                      "left": 9
                                    }
                                  ],
                                  "parent": 6,
                                  "ID": 7,
                                  "left": 8
                                }
                              ],
                              "parent": 5,
                              "ID": 6,
                              "left": 7
                            }
                          ],
                          "parent": 4,
                          "ID": 5,
                          "left": 6
                        }
                      ],
                      "parent": 3,
                      "ID": 4,
                      "left": 5
                    },
                    {
                      "Node Type": "Subquery Scan",
                      "Parent Relationship": "Member",
                      "Parallel Aware": false,
                      "Async Capable": false,
                      "Alias": "csr",
                      "Startup Cost": 518177.36,
                      "Total Cost": 518230.78,
                      "Plan Rows": 340,
                      "Plan Width": 160,
                      "Plans": [
                        {
                          "Node Type": "Aggregate",
                          "Strategy": "Sorted",
                          "Partial Mode": "Finalize",
                          "Parent Relationship": "Subquery",
                          "Parallel Aware": false,
                          "Async Capable": false,
                          "Startup Cost": 518177.36,
                          "Total Cost": 518225.68,
                          "Plan Rows": 340,
                          "Plan Width": 113,
                          "Group Key": [
                            "catalog_page.cp_catalog_page_id"
                          ],
                          "Plans": [
                            {
                              "Node Type": "Gather Merge",
                              "Parent Relationship": "Outer",
                              "Parallel Aware": false,
                              "Async Capable": false,
                              "Startup Cost": 518177.36,
                              "Total Cost": 518214.76,
                              "Plan Rows": 284,
                              "Plan Width": 113,
                              "Workers Planned": 2,
                              "Plans": [
                                {
                                  "Node Type": "Aggregate",
                                  "Strategy": "Sorted",
                                  "Partial Mode": "Partial",
                                  "Parent Relationship": "Outer",
                                  "Parallel Aware": false,
                                  "Async Capable": false,
                                  "Startup Cost": 517177.34,
                                  "Total Cost": 517181.95,
                                  "Plan Rows": 142,
                                  "Plan Width": 113,
                                  "Group Key": [
                                    "catalog_page.cp_catalog_page_id"
                                  ],
                                  "Plans": [
                                    {
                                      "Node Type": "Sort",
                                      "Parent Relationship": "Outer",
                                      "Parallel Aware": false,
                                      "Async Capable": false,
                                      "Startup Cost": 517177.34,
                                      "Total Cost": 517177.69,
                                      "Plan Rows": 142,
                                      "Plan Width": 41,
                                      "Sort Key": [
                                        "catalog_page.cp_catalog_page_id"
                                      ],
                                      "Plans": [
                                        {
                                          "Node Type": "Hash Join",
                                          "Parent Relationship": "Outer",
                                          "Parallel Aware": false,
                                          "Async Capable": false,
                                          "Join Type": "Inner",
                                          "Startup Cost": 57382.33,
                                          "Total Cost": 517172.26,
                                          "Plan Rows": 142,
                                          "Plan Width": 41,
                                          "Inner Unique": false,
                                          "Hash Cond": "(catalog_sales.cs_catalog_page_sk = catalog_page.cp_catalog_page_sk)",
                                          "Plans": [
                                            {
                                              "Node Type": "Hash Join",
                                              "Parent Relationship": "Outer",
                                              "Parallel Aware": false,
                                              "Async Capable": false,
                                              "Join Type": "Inner",
                                              "Startup Cost": 56864.33,
                                              "Total Cost": 516652.32,
                                              "Plan Rows": 142,
                                              "Plan Width": 28,
                                              "Inner Unique": false,
                                              "Hash Cond": "(catalog_sales.cs_promo_sk = promotion_1.p_promo_sk)",
                                              "Plans": [
                                                {
                                                  "Node Type": "Hash Join",
                                                  "Parent Relationship": "Outer",
                                                  "Parallel Aware": true,
                                                  "Async Capable": false,
                                                  "Join Type": "Inner",
                                                  "Startup Cost": 56838.93,
                                                  "Total Cost": 516624.96,
                                                  "Plan Rows": 145,
                                                  "Plan Width": 32,
                                                  "Inner Unique": false,
                                                  "Hash Cond": "(catalog_sales.cs_item_sk = item_1.i_item_sk)",
                                                  "Plans": [
                                                    {
                                                      "Node Type": "Hash Join",
                                                      "Parent Relationship": "Outer",
                                                      "Parallel Aware": true,
                                                      "Async Capable": false,
                                                      "Join Type": "Left",
                                                      "Startup Cost": 49313.15,
                                                      "Total Cost": 509089.08,
                                                      "Plan Rows": 2532,
                                                      "Plan Width": 36,
                                                      "Inner Unique": false,
                                                      "Hash Cond": "((catalog_sales.cs_item_sk = catalog_returns.cr_item_sk) AND (catalog_sales.cs_order_number = catalog_returns.cr_order_number))",
                                                      "Plans": [
                                                        {
                                                          "Node Type": "Hash Join",
                                                          "Parent Relationship": "Outer",
                                                          "Parallel Aware": true,
                                                          "Async Capable": false,
                                                          "Join Type": "Inner",
                                                          "Startup Cost": 2049.78,
                                                          "Total Cost": 458254.7,
                                                          "Plan Rows": 2532,
                                                          "Plan Width": 28,
                                                          "Inner Unique": false,
                                                          "Hash Cond": "(catalog_sales.cs_sold_date_sk = date_dim_1.d_date_sk)",
                                                          "Plans": [
                                                            {
                                                              "Node Type": "Seq Scan",
                                                              "Parent Relationship": "Outer",
                                                              "Parallel Aware": true,
                                                              "Async Capable": false,
                                                              "Relation Name": "catalog_sales",
                                                              "Alias": "catalog_sales",
                                                              "Startup Cost": 0.0,
                                                              "Total Cost": 433688.25,
                                                              "Plan Rows": 6000525,
                                                              "Plan Width": 32,
                                                              "parent": 34,
                                                              "ID": 35
                                                            },
                                                            {
                                                              "Node Type": "Hash",
                                                              "Parent Relationship": "Inner",
                                                              "Parallel Aware": true,
                                                              "Async Capable": false,
                                                              "Startup Cost": 2049.55,
                                                              "Total Cost": 2049.55,
                                                              "Plan Rows": 18,
                                                              "Plan Width": 4,
                                                              "Plans": [
                                                                {
                                                                  "Node Type": "Seq Scan",
                                                                  "Parent Relationship": "Outer",
                                                                  "Parallel Aware": true,
                                                                  "Async Capable": false,
                                                                  "Relation Name": "date_dim",
                                                                  "Alias": "date_dim_1",
                                                                  "Startup Cost": 0.0,
                                                                  "Total Cost": 2049.55,
                                                                  "Plan Rows": 18,
                                                                  "Plan Width": 4,
                                                                  "Filter": "((d_date >= '2000-08-25'::date) AND (d_date <= '2000-09-24 00:00:00'::timestamp without time zone))",
                                                                  "parent": 36,
                                                                  "ID": 37
                                                                }
                                                              ],
                                                              "parent": 34,
                                                              "ID": 36,
                                                              "left": 37
                                                            }
                                                          ],
                                                          "parent": 33,
                                                          "ID": 34,
                                                          "left": 35,
                                                          "right": 36
                                                        },
                                                        {
                                                          "Node Type": "Hash",
                                                          "Parent Relationship": "Inner",
                                                          "Parallel Aware": true,
                                                          "Async Capable": false,
                                                          "Startup Cost": 34748.95,
                                                          "Total Cost": 34748.95,
                                                          "Plan Rows": 599895,
                                                          "Plan Width": 20,
                                                          "Plans": [
                                                            {
                                                              "Node Type": "Seq Scan",
                                                              "Parent Relationship": "Outer",
                                                              "Parallel Aware": true,
                                                              "Async Capable": false,
                                                              "Relation Name": "catalog_returns",
                                                              "Alias": "catalog_returns",
                                                              "Startup Cost": 0.0,
                                                              "Total Cost": 34748.95,
                                                              "Plan Rows": 599895,
                                                              "Plan Width": 20,
                                                              "parent": 38,
                                                              "ID": 39
                                                            }
                                                          ],
                                                          "parent": 33,
                                                          "ID": 38,
                                                          "left": 39
                                                        }
                                                      ],
                                                      "parent": 32,
                                                      "ID": 33,
                                                      "left": 34,
                                                      "right": 38
                                                    },
                                                    {
                                                      "Node Type": "Hash",
                                                      "Parent Relationship": "Inner",
                                                      "Parallel Aware": true,
                                                      "Async Capable": false,
                                                      "Startup Cost": 7495.25,
                                                      "Total Cost": 7495.25,
                                                      "Plan Rows": 2442,
                                                      "Plan Width": 4,
                                                      "Plans": [
                                                        {
                                                          "Node Type": "Seq Scan",
                                                          "Parent Relationship": "Outer",
                                                          "Parallel Aware": true,
                                                          "Async Capable": false,
                                                          "Relation Name": "item",
                                                          "Alias": "item_1",
                                                          "Startup Cost": 0.0,
                                                          "Total Cost": 7495.25,
                                                          "Plan Rows": 2442,
                                                          "Plan Width": 4,
                                                          "Filter": "(i_current_price > '50'::numeric)",
                                                          "parent": 40,
                                                          "ID": 41
                                                        }
                                                      ],
                                                      "parent": 32,
                                                      "ID": 40,
                                                      "left": 41
                                                    }
                                                  ],
                                                  "parent": 31,
                                                  "ID": 32,
                                                  "left": 33,
                                                  "right": 40
                                                },
                                                {
                                                  "Node Type": "Hash",
                                                  "Parent Relationship": "Inner",
                                                  "Parallel Aware": false,
                                                  "Async Capable": false,
                                                  "Startup Cost": 19.25,
                                                  "Total Cost": 19.25,
                                                  "Plan Rows": 492,
                                                  "Plan Width": 4,
                                                  "Plans": [
                                                    {
                                                      "Node Type": "Seq Scan",
                                                      "Parent Relationship": "Outer",
                                                      "Parallel Aware": false,
                                                      "Async Capable": false,
                                                      "Relation Name": "promotion",
                                                      "Alias": "promotion_1",
                                                      "Startup Cost": 0.0,
                                                      "Total Cost": 19.25,
                                                      "Plan Rows": 492,
                                                      "Plan Width": 4,
                                                      "Filter": "(p_channel_tv = 'N'::bpchar)",
                                                      "parent": 42,
                                                      "ID": 43
                                                    }
                                                  ],
                                                  "parent": 31,
                                                  "ID": 42,
                                                  "left": 43
                                                }
                                              ],
                                              "parent": 30,
                                              "ID": 31,
                                              "left": 32,
                                              "right": 42
                                            },
                                            {
                                              "Node Type": "Hash",
                                              "Parent Relationship": "Inner",
                                              "Parallel Aware": false,
                                              "Async Capable": false,
                                              "Startup Cost": 368.0,
                                              "Total Cost": 368.0,
                                              "Plan Rows": 12000,
                                              "Plan Width": 21,
                                              "Plans": [
                                                {
                                                  "Node Type": "Seq Scan",
                                                  "Parent Relationship": "Outer",
                                                  "Parallel Aware": false,
                                                  "Async Capable": false,
                                                  "Relation Name": "catalog_page",
                                                  "Alias": "catalog_page",
                                                  "Startup Cost": 0.0,
                                                  "Total Cost": 368.0,
                                                  "Plan Rows": 12000,
                                                  "Plan Width": 21,
                                                  "parent": 44,
                                                  "ID": 45
                                                }
                                              ],
                                              "parent": 30,
                                              "ID": 44,
                                              "left": 45
                                            }
                                          ],
                                          "parent": 29,
                                          "ID": 30,
                                          "left": 31,
                                          "right": 44
                                        }
                                      ],
                                      "parent": 28,
                                      "ID": 29,
                                      "left": 30
                                    }
                                  ],
                                  "parent": 27,
                                  "ID": 28,
                                  "left": 29
                                }
                              ],
                              "parent": 26,
                              "ID": 27,
                              "left": 28
                            }
                          ],
                          "parent": 25,
                          "ID": 26,
                          "left": 27
                        }
                      ],
                      "parent": 3,
                      "ID": 25,
                      "left": 26
                    },
                    {
                      "Node Type": "Subquery Scan",
                      "Parent Relationship": "Member",
                      "Parallel Aware": false,
                      "Async Capable": false,
                      "Alias": "wsr",
                      "Startup Cost": 263919.04,
                      "Total Cost": 263926.75,
                      "Plan Rows": 21,
                      "Plan Width": 160,
                      "Plans": [
                        {
                          "Node Type": "Aggregate",
                          "Strategy": "Sorted",
                          "Partial Mode": "Finalize",
                          "Parent Relationship": "Subquery",
                          "Parallel Aware": false,
                          "Async Capable": false,
                          "Startup Cost": 263919.04,
                          "Total Cost": 263926.43,
                          "Plan Rows": 21,
                          "Plan Width": 113,
                          "Group Key": [
                            "web_site.web_site_id"
                          ],
                          "Plans": [
                            {
                              "Node Type": "Gather Merge",
                              "Parent Relationship": "Outer",
                              "Parallel Aware": false,
                              "Async Capable": false,
                              "Startup Cost": 263919.04,
                              "Total Cost": 263925.33,
                              "Plan Rows": 42,
                              "Plan Width": 113,
                              "Workers Planned": 2,
                              "Plans": [
                                {
                                  "Node Type": "Aggregate",
                                  "Strategy": "Sorted",
                                  "Partial Mode": "Partial",
                                  "Parent Relationship": "Outer",
                                  "Parallel Aware": false,
                                  "Async Capable": false,
                                  "Startup Cost": 262919.01,
                                  "Total Cost": 262920.46,
                                  "Plan Rows": 21,
                                  "Plan Width": 113,
                                  "Group Key": [
                                    "web_site.web_site_id"
                                  ],
                                  "Plans": [
                                    {
                                      "Node Type": "Sort",
                                      "Parent Relationship": "Outer",
                                      "Parallel Aware": false,
                                      "Async Capable": false,
                                      "Startup Cost": 262919.01,
                                      "Total Cost": 262919.19,
                                      "Plan Rows": 72,
                                      "Plan Width": 41,
                                      "Sort Key": [
                                        "web_site.web_site_id"
                                      ],
                                      "Plans": [
                                        {
                                          "Node Type": "Hash Join",
                                          "Parent Relationship": "Outer",
                                          "Parallel Aware": false,
                                          "Async Capable": false,
                                          "Join Type": "Inner",
                                          "Startup Cost": 32134.74,
                                          "Total Cost": 262916.79,
                                          "Plan Rows": 72,
                                          "Plan Width": 41,
                                          "Inner Unique": false,
                                          "Hash Cond": "(web_sales.ws_web_site_sk = web_site.web_site_sk)",
                                          "Plans": [
                                            {
                                              "Node Type": "Hash Join",
                                              "Parent Relationship": "Outer",
                                              "Parallel Aware": false,
                                              "Async Capable": false,
                                              "Join Type": "Inner",
                                              "Startup Cost": 32130.8,
                                              "Total Cost": 262911.86,
                                              "Plan Rows": 72,
                                              "Plan Width": 28,
                                              "Inner Unique": false,
                                              "Hash Cond": "(web_sales.ws_promo_sk = promotion_2.p_promo_sk)",
                                              "Plans": [
                                                {
                                                  "Node Type": "Hash Join",
                                                  "Parent Relationship": "Outer",
                                                  "Parallel Aware": true,
                                                  "Async Capable": false,
                                                  "Join Type": "Inner",
                                                  "Startup Cost": 32105.4,
                                                  "Total Cost": 262885.46,
                                                  "Plan Rows": 73,
                                                  "Plan Width": 32,
                                                  "Inner Unique": false,
                                                  "Hash Cond": "(web_sales.ws_item_sk = item_2.i_item_sk)",
                                                  "Plans": [
                                                    {
                                                      "Node Type": "Hash Join",
                                                      "Parent Relationship": "Outer",
                                                      "Parallel Aware": true,
                                                      "Async Capable": false,
                                                      "Join Type": "Left",
                                                      "Startup Cost": 24579.62,
                                                      "Total Cost": 255354.62,
                                                      "Plan Rows": 1272,
                                                      "Plan Width": 36,
                                                      "Inner Unique": false,
                                                      "Hash Cond": "((web_sales.ws_item_sk = web_returns.wr_item_sk) AND (web_sales.ws_order_number = web_returns.wr_order_number))",
                                                      "Plans": [
                                                        {
                                                          "Node Type": "Hash Join",
                                                          "Parent Relationship": "Outer",
                                                          "Parallel Aware": true,
                                                          "Async Capable": false,
                                                          "Join Type": "Inner",
                                                          "Startup Cost": 2049.78,
                                                          "Total Cost": 231041.22,
                                                          "Plan Rows": 1272,
                                                          "Plan Width": 28,
                                                          "Inner Unique": false,
                                                          "Hash Cond": "(web_sales.ws_sold_date_sk = date_dim_2.d_date_sk)",
                                                          "Plans": [
                                                            {
                                                              "Node Type": "Seq Scan",
                                                              "Parent Relationship": "Outer",
                                                              "Parallel Aware": true,
                                                              "Async Capable": false,
                                                              "Relation Name": "web_sales",
                                                              "Alias": "web_sales",
                                                              "Startup Cost": 0.0,
                                                              "Total Cost": 217737.86,
                                                              "Plan Rows": 2998986,
                                                              "Plan Width": 32,
                                                              "parent": 55,
                                                              "ID": 56
                                                            },
                                                            {
                                                              "Node Type": "Hash",
                                                              "Parent Relationship": "Inner",
                                                              "Parallel Aware": true,
                                                              "Async Capable": false,
                                                              "Startup Cost": 2049.55,
                                                              "Total Cost": 2049.55,
                                                              "Plan Rows": 18,
                                                              "Plan Width": 4,
                                                              "Plans": [
                                                                {
                                                                  "Node Type": "Seq Scan",
                                                                  "Parent Relationship": "Outer",
                                                                  "Parallel Aware": true,
                                                                  "Async Capable": false,
                                                                  "Relation Name": "date_dim",
                                                                  "Alias": "date_dim_2",
                                                                  "Startup Cost": 0.0,
                                                                  "Total Cost": 2049.55,
                                                                  "Plan Rows": 18,
                                                                  "Plan Width": 4,
                                                                  "Filter": "((d_date >= '2000-08-25'::date) AND (d_date <= '2000-09-24 00:00:00'::timestamp without time zone))",
                                                                  "parent": 57,
                                                                  "ID": 58
                                                                }
                                                              ],
                                                              "parent": 55,
                                                              "ID": 57,
                                                              "left": 58
                                                            }
                                                          ],
                                                          "parent": 54,
                                                          "ID": 55,
                                                          "left": 56,
                                                          "right": 57
                                                        },
                                                        {
                                                          "Node Type": "Hash",
                                                          "Parent Relationship": "Inner",
                                                          "Parallel Aware": true,
                                                          "Async Capable": false,
                                                          "Startup Cost": 16278.74,
                                                          "Total Cost": 16278.74,
                                                          "Plan Rows": 299674,
                                                          "Plan Width": 20,
                                                          "Plans": [
                                                            {
                                                              "Node Type": "Seq Scan",
                                                              "Parent Relationship": "Outer",
                                                              "Parallel Aware": true,
                                                              "Async Capable": false,
                                                              "Relation Name": "web_returns",
                                                              "Alias": "web_returns",
                                                              "Startup Cost": 0.0,
                                                              "Total Cost": 16278.74,
                                                              "Plan Rows": 299674,
                                                              "Plan Width": 20,
                                                              "parent": 59,
                                                              "ID": 60
                                                            }
                                                          ],
                                                          "parent": 54,
                                                          "ID": 59,
                                                          "left": 60
                                                        }
                                                      ],
                                                      "parent": 53,
                                                      "ID": 54,
                                                      "left": 55,
                                                      "right": 59
                                                    },
                                                    {
                                                      "Node Type": "Hash",
                                                      "Parent Relationship": "Inner",
                                                      "Parallel Aware": true,
                                                      "Async Capable": false,
                                                      "Startup Cost": 7495.25,
                                                      "Total Cost": 7495.25,
                                                      "Plan Rows": 2442,
                                                      "Plan Width": 4,
                                                      "Plans": [
                                                        {
                                                          "Node Type": "Seq Scan",
                                                          "Parent Relationship": "Outer",
                                                          "Parallel Aware": true,
                                                          "Async Capable": false,
                                                          "Relation Name": "item",
                                                          "Alias": "item_2",
                                                          "Startup Cost": 0.0,
                                                          "Total Cost": 7495.25,
                                                          "Plan Rows": 2442,
                                                          "Plan Width": 4,
                                                          "Filter": "(i_current_price > '50'::numeric)",
                                                          "parent": 61,
                                                          "ID": 62
                                                        }
                                                      ],
                                                      "parent": 53,
                                                      "ID": 61,
                                                      "left": 62
                                                    }
                                                  ],
                                                  "parent": 52,
                                                  "ID": 53,
                                                  "left": 54,
                                                  "right": 61
                                                },
                                                {
                                                  "Node Type": "Hash",
                                                  "Parent Relationship": "Inner",
                                                  "Parallel Aware": false,
                                                  "Async Capable": false,
                                                  "Startup Cost": 19.25,
                                                  "Total Cost": 19.25,
                                                  "Plan Rows": 492,
                                                  "Plan Width": 4,
                                                  "Plans": [
                                                    {
                                                      "Node Type": "Seq Scan",
                                                      "Parent Relationship": "Outer",
                                                      "Parallel Aware": false,
                                                      "Async Capable": false,
                                                      "Relation Name": "promotion",
                                                      "Alias": "promotion_2",
                                                      "Startup Cost": 0.0,
                                                      "Total Cost": 19.25,
                                                      "Plan Rows": 492,
                                                      "Plan Width": 4,
                                                      "Filter": "(p_channel_tv = 'N'::bpchar)",
                                                      "parent": 63,
                                                      "ID": 64
                                                    }
                                                  ],
                                                  "parent": 52,
                                                  "ID": 63,
                                                  "left": 64
                                                }
                                              ],
                                              "parent": 51,
                                              "ID": 52,
                                              "left": 53,
                                              "right": 63
                                            },
                                            {
                                              "Node Type": "Hash",
                                              "Parent Relationship": "Inner",
                                              "Parallel Aware": false,
                                              "Async Capable": false,
                                              "Startup Cost": 3.42,
                                              "Total Cost": 3.42,
                                              "Plan Rows": 42,
                                              "Plan Width": 21,
                                              "Plans": [
                                                {
                                                  "Node Type": "Seq Scan",
                                                  "Parent Relationship": "Outer",
                                                  "Parallel Aware": false,
                                                  "Async Capable": false,
                                                  "Relation Name": "web_site",
                                                  "Alias": "web_site",
                                                  "Startup Cost": 0.0,
                                                  "Total Cost": 3.42,
                                                  "Plan Rows": 42,
                                                  "Plan Width": 21,
                                                  "parent": 65,
                                                  "ID": 66
                                                }
                                              ],
                                              "parent": 51,
                                              "ID": 65,
                                              "left": 66
                                            }
                                          ],
                                          "parent": 50,
                                          "ID": 51,
                                          "left": 52,
                                          "right": 65
                                        }
                                      ],
                                      "parent": 49,
                                      "ID": 50,
                                      "left": 51
                                    }
                                  ],
                                  "parent": 48,
                                  "ID": 49,
                                  "left": 50
                                }
                              ],
                              "parent": 47,
                              "ID": 48,
                              "left": 49
                            }
                          ],
                          "parent": 46,
                          "ID": 47,
                          "left": 48
                        }
                      ],
                      "parent": 3,
                      "ID": 46,
                      "left": 47
                    }
                  ],
                  "parent": 2,
                  "ID": 3,
                  "left": 4,
                  "right": 25
                }
              ],
              "parent": 1,
              "ID": 2,
              "left": 3
            }
          ],
          "parent": 0,
          "ID": 1,
          "left": 2
        }
      ],
      "parent": null,
      "ID": 0,
      "left": 1
    },
    "feat": {
      "utility": 0.0,
      "query_shape": [
        [
          "Seq Scan",
          "Hash Join",
          "Sort",
          "Aggregate",
          "Gather Merge",
          "Subquery Scan",
          "Append"
        ],
        [
          "Seq Scan",
          "Hash",
          "Hash Join",
          "Sort",
          "Aggregate",
          "Gather Merge",
          "Subquery Scan",
          "Append"
        ],
        [
          "Seq Scan",
          "Hash",
          "Hash Join",
          "Sort",
          "Aggregate",
          "Gather Merge",
          "Subquery Scan",
          "Append"
        ],
        [
          "Seq Scan",
          "Hash",
          "Hash Join",
          "Sort",
          "Aggregate",
          "Gather Merge",
          "Subquery Scan",
          "Append"
        ],
        [
          "Seq Scan",
          "Hash",
          "Hash Join",
          "Sort",
          "Aggregate",
          "Gather Merge",
          "Subquery Scan",
          "Append"
        ],
        [
          "Seq Scan",
          "Hash",
          "Hash Join",
          "Sort",
          "Aggregate",
          "Gather Merge",
          "Subquery Scan",
          "Append"
        ],
        [
          "Seq Scan",
          "Hash Join",
          "Sort",
          "Aggregate",
          "Gather Merge",
          "Subquery Scan",
          "Append"
        ],
        [
          "Seq Scan",
          "Hash",
          "Hash Join",
          "Sort",
          "Aggregate",
          "Gather Merge",
          "Subquery Scan",
          "Append"
        ],
        [
          "Seq Scan",
          "Hash",
          "Hash Join",
          "Sort",
          "Aggregate",
          "Gather Merge",
          "Subquery Scan",
          "Append"
        ],
        [
          "Seq Scan",
          "Hash",
          "Hash Join",
          "Sort",
          "Aggregate",
          "Gather Merge",
          "Subquery Scan",
          "Append"
        ],
        [
          "Seq Scan",
          "Hash",
          "Hash Join",
          "Sort",
          "Aggregate",
          "Gather Merge",
          "Subquery Scan",
          "Append"
        ],
        [
          "Seq Scan",
          "Hash",
          "Hash Join",
          "Sort",
          "Aggregate",
          "Gather Merge",
          "Subquery Scan",
          "Append"
        ],
        [
          "Seq Scan",
          "Hash Join",
          "Sort",
          "Aggregate",
          "Gather Merge",
          "Subquery Scan",
          "Append"
        ],
        [
          "Seq Scan",
          "Hash",
          "Hash Join",
          "Sort",
          "Aggregate",
          "Gather Merge",
          "Subquery Scan",
          "Append"
        ],
        [
          "Seq Scan",
          "Hash",
          "Hash Join",
          "Sort",
          "Aggregate",
          "Gather Merge",
          "Subquery Scan",
          "Append"
        ],
        [
          "Seq Scan",
          "Hash",
          "Hash Join",
          "Sort",
          "Aggregate",
          "Gather Merge",
          "Subquery Scan",
          "Append"
        ],
        [
          "Seq Scan",
          "Hash",
          "Hash Join",
          "Sort",
          "Aggregate",
          "Gather Merge",
          "Subquery Scan",
          "Append"
        ],
        [
          "Seq Scan",
          "Hash",
          "Hash Join",
          "Sort",
          "Aggregate",
          "Gather Merge",
          "Subquery Scan",
          "Append"
        ]
      ],
      "index_shape": [],
      "physical_operator": {}
    }
  },
  {
    "query": "select  \n  cd_gender,\n  cd_marital_status,\n  cd_education_status,\n  count(*) cnt1,\n  cd_purchase_estimate,\n  count(*) cnt2,\n  cd_credit_rating,\n  count(*) cnt3\n from\n  customer c,customer_address ca,customer_demographics\n where\n  c.c_current_addr_sk = ca.ca_address_sk and\n  ca_state in ('WI','NE','SD') and\n  cd_demo_sk = c.c_current_cdemo_sk and \n  exists (select *\n          from store_sales,date_dim\n          where c.c_customer_sk = ss_customer_sk and\n                ss_sold_date_sk = d_date_sk and\n                d_year = 2003 and\n                d_moy between 4 and 4+2) and\n   (not exists (select *\n            from web_sales,date_dim\n            where c.c_customer_sk = ws_bill_customer_sk and\n                  ws_sold_date_sk = d_date_sk and\n                  d_year = 2003 and\n                  d_moy between 4 and 4+2) and\n    not exists (select * \n            from catalog_sales,date_dim\n            where c.c_customer_sk = cs_ship_customer_sk and\n                  cs_sold_date_sk = d_date_sk and\n                  d_year = 2003 and\n                  d_moy between 4 and 4+2))\n group by cd_gender,\n          cd_marital_status,\n          cd_education_status,\n          cd_purchase_estimate,\n          cd_credit_rating\n order by cd_gender,\n          cd_marital_status,\n          cd_education_status,\n          cd_purchase_estimate,\n          cd_credit_rating\n limit 100;\n\n-- end query 51 in stream 1 using template query69.tpl\n",
    "indexes": "customer.c_customer_sk",
    "wo plan est": {
      "Node Type": "Limit",
      "Parallel Aware": false,
      "Async Capable": false,
      "Startup Cost": 747713.69,
      "Total Cost": 825706.62,
      "Plan Rows": 100,
      "Plan Width": 64,
      "Plans": [
        {
          "Node Type": "Aggregate",
          "Strategy": "Sorted",
          "Partial Mode": "Simple",
          "Parent Relationship": "Outer",
          "Parallel Aware": false,
          "Async Capable": false,
          "Startup Cost": 747713.69,
          "Total Cost": 2483056.39,
          "Plan Rows": 2225,
          "Plan Width": 64,
          "Group Key": [
            "customer_demographics.cd_gender",
            "customer_demographics.cd_marital_status",
            "customer_demographics.cd_education_status",
            "customer_demographics.cd_purchase_estimate",
            "customer_demographics.cd_credit_rating"
          ],
          "Plans": [
            {
              "Node Type": "Nested Loop",
              "Parent Relationship": "Outer",
              "Parallel Aware": false,
              "Async Capable": false,
              "Join Type": "Anti",
              "Startup Cost": 747713.69,
              "Total Cost": 2483000.76,
              "Plan Rows": 2225,
              "Plan Width": 40,
              "Inner Unique": false,
              "Join Filter": "(c.c_customer_sk = catalog_sales.cs_ship_customer_sk)",
              "Plans": [
                {
                  "Node Type": "Nested Loop",
                  "Parent Relationship": "Outer",
                  "Parallel Aware": false,
                  "Async Capable": false,
                  "Join Type": "Anti",
                  "Startup Cost": 745029.2,
                  "Total Cost": 1291074.35,
                  "Plan Rows": 2307,
                  "Plan Width": 44,
                  "Inner Unique": false,
                  "Join Filter": "(c.c_customer_sk = web_sales.ws_bill_customer_sk)",
                  "Plans": [
                    {
                      "Node Type": "Gather Merge",
                      "Parent Relationship": "Outer",
                      "Parallel Aware": false,
                      "Async Capable": false,
                      "Startup Cost": 741871.55,
                      "Total Cost": 742145.13,
                      "Plan Rows": 2349,
                      "Plan Width": 44,
                      "Workers Planned": 2,
                      "Plans": [
                        {
                          "Node Type": "Sort",
                          "Parent Relationship": "Outer",
                          "Parallel Aware": false,
                          "Async Capable": false,
                          "Startup Cost": 740871.53,
                          "Total Cost": 740873.97,
                          "Plan Rows": 979,
                          "Plan Width": 44,
                          "Sort Key": [
                            "customer_demographics.cd_gender",
                            "customer_demographics.cd_marital_status",
                            "customer_demographics.cd_education_status",
                            "customer_demographics.cd_purchase_estimate",
                            "customer_demographics.cd_credit_rating"
                          ],
                          "Plans": [
                            {
                              "Node Type": "Hash Join",
                              "Parent Relationship": "Outer",
                              "Parallel Aware": true,
                              "Async Capable": false,
                              "Join Type": "Inner",
                              "Startup Cost": 707986.23,
                              "Total Cost": 740822.89,
                              "Plan Rows": 979,
                              "Plan Width": 44,
                              "Inner Unique": false,
                              "Hash Cond": "(customer_demographics.cd_demo_sk = c.c_current_cdemo_sk)",
                              "Plans": [
                                {
                                  "Node Type": "Seq Scan",
                                  "Parent Relationship": "Outer",
                                  "Parallel Aware": true,
                                  "Async Capable": false,
                                  "Relation Name": "customer_demographics",
                                  "Alias": "customer_demographics",
                                  "Startup Cost": 0.0,
                                  "Total Cost": 29831.33,
                                  "Plan Rows": 800333,
                                  "Plan Width": 44,
                                  "parent": 6,
                                  "ID": 7
                                },
                                {
                                  "Node Type": "Hash",
                                  "Parent Relationship": "Inner",
                                  "Parallel Aware": true,
                                  "Async Capable": false,
                                  "Startup Cost": 707973.57,
                                  "Total Cost": 707973.57,
                                  "Plan Rows": 1013,
                                  "Plan Width": 8,
                                  "Plans": [
                                    {
                                      "Node Type": "Hash Join",
                                      "Parent Relationship": "Outer",
                                      "Parallel Aware": true,
                                      "Async Capable": false,
                                      "Join Type": "Inner",
                                      "Startup Cost": 691301.61,
                                      "Total Cost": 707973.57,
                                      "Plan Rows": 1013,
                                      "Plan Width": 8,
                                      "Inner Unique": false,
                                      "Hash Cond": "(c.c_current_addr_sk = ca.ca_address_sk)",
                                      "Plans": [
                                        {
                                          "Node Type": "Hash Join",
                                          "Parent Relationship": "Outer",
                                          "Parallel Aware": true,
                                          "Async Capable": false,
                                          "Join Type": "Semi",
                                          "Startup Cost": 684337.4,
                                          "Total Cost": 700954.09,
                                          "Plan Rows": 13615,
                                          "Plan Width": 12,
                                          "Inner Unique": false,
                                          "Hash Cond": "(c.c_customer_sk = store_sales.ss_customer_sk)",
                                          "Plans": [
                                            {
                                              "Node Type": "Seq Scan",
                                              "Parent Relationship": "Outer",
                                              "Parallel Aware": true,
                                              "Async Capable": false,
                                              "Relation Name": "customer",
                                              "Alias": "c",
                                              "Startup Cost": 0.0,
                                              "Total Cost": 15918.33,
                                              "Plan Rows": 208333,
                                              "Plan Width": 12,
                                              "parent": 10,
                                              "ID": 11
                                            },
                                            {
                                              "Node Type": "Hash",
                                              "Parent Relationship": "Inner",
                                              "Parallel Aware": true,
                                              "Async Capable": false,
                                              "Startup Cost": 684159.07,
                                              "Total Cost": 684159.07,
                                              "Plan Rows": 14267,
                                              "Plan Width": 4,
                                              "Plans": [
                                                {
                                                  "Node Type": "Hash Join",
                                                  "Parent Relationship": "Outer",
                                                  "Parallel Aware": true,
                                                  "Async Capable": false,
                                                  "Join Type": "Inner",
                                                  "Startup Cost": 2157.65,
                                                  "Total Cost": 684159.07,
                                                  "Plan Rows": 14267,
                                                  "Plan Width": 4,
                                                  "Inner Unique": false,
                                                  "Hash Cond": "(store_sales.ss_sold_date_sk = date_dim.d_date_sk)",
                                                  "Plans": [
                                                    {
                                                      "Node Type": "Seq Scan",
                                                      "Parent Relationship": "Outer",
                                                      "Parallel Aware": true,
                                                      "Async Capable": false,
                                                      "Relation Name": "store_sales",
                                                      "Alias": "store_sales",
                                                      "Startup Cost": 0.0,
                                                      "Total Cost": 636914.37,
                                                      "Plan Rows": 12000637,
                                                      "Plan Width": 8,
                                                      "parent": 13,
                                                      "ID": 14
                                                    },
                                                    {
                                                      "Node Type": "Hash",
                                                      "Parent Relationship": "Inner",
                                                      "Parallel Aware": true,
                                                      "Async Capable": false,
                                                      "Startup Cost": 2156.97,
                                                      "Total Cost": 2156.97,
                                                      "Plan Rows": 54,
                                                      "Plan Width": 4,
                                                      "Plans": [
                                                        {
                                                          "Node Type": "Seq Scan",
                                                          "Parent Relationship": "Outer",
                                                          "Parallel Aware": true,
                                                          "Async Capable": false,
                                                          "Relation Name": "date_dim",
                                                          "Alias": "date_dim",
                                                          "Startup Cost": 0.0,
                                                          "Total Cost": 2156.97,
                                                          "Plan Rows": 54,
                                                          "Plan Width": 4,
                                                          "Filter": "((d_moy >= 4) AND (d_moy <= 6) AND (d_year = 2003))",
                                                          "parent": 15,
                                                          "ID": 16
                                                        }
                                                      ],
                                                      "parent": 13,
                                                      "ID": 15,
                                                      "left": 16
                                                    }
                                                  ],
                                                  "parent": 12,
                                                  "ID": 13,
                                                  "left": 14,
                                                  "right": 15
                                                }
                                              ],
                                              "parent": 10,
                                              "ID": 12,
                                              "left": 13
                                            }
                                          ],
                                          "parent": 9,
                                          "ID": 10,
                                          "left": 11,
                                          "right": 12
                                        },
                                        {
                                          "Node Type": "Hash",
                                          "Parent Relationship": "Inner",
                                          "Parallel Aware": true,
                                          "Async Capable": false,
                                          "Startup Cost": 6867.29,
                                          "Total Cost": 6867.29,
                                          "Plan Rows": 7753,
                                          "Plan Width": 4,
                                          "Plans": [
                                            {
                                              "Node Type": "Seq Scan",
                                              "Parent Relationship": "Outer",
                                              "Parallel Aware": true,
                                              "Async Capable": false,
                                              "Relation Name": "customer_address",
                                              "Alias": "ca",
                                              "Startup Cost": 0.0,
                                              "Total Cost": 6867.29,
                                              "Plan Rows": 7753,
                                              "Plan Width": 4,
                                              "Filter": "(ca_state = ANY ('{WI,NE,SD}'::bpchar[]))",
                                              "parent": 17,
                                              "ID": 18
                                            }
                                          ],
                                          "parent": 9,
                                          "ID": 17,
                                          "left": 18
                                        }
                                      ],
                                      "parent": 8,
                                      "ID": 9,
                                      "left": 10,
                                      "right": 17
                                    }
                                  ],
                                  "parent": 6,
                                  "ID": 8,
                                  "left": 9
                                }
                              ],
                              "parent": 5,
                              "ID": 6,
                              "left": 7,
                              "right": 8
                            }
                          ],
                          "parent": 4,
                          "ID": 5,
                          "left": 6
                        }
                      ],
                      "parent": 3,
                      "ID": 4,
                      "left": 5
                    },
                    {
                      "Node Type": "Materialize",
                      "Parent Relationship": "Inner",
                      "Parallel Aware": false,
                      "Async Capable": false,
                      "Startup Cost": 3157.65,
                      "Total Cost": 233105.09,
                      "Plan Rows": 8964,
                      "Plan Width": 4,
                      "Plans": [
                        {
                          "Node Type": "Gather",
                          "Parent Relationship": "Outer",
                          "Parallel Aware": false,
                          "Async Capable": false,
                          "Startup Cost": 3157.65,
                          "Total Cost": 233060.27,
                          "Plan Rows": 8964,
                          "Plan Width": 4,
                          "Workers Planned": 2,
                          "Single Copy": false,
                          "Plans": [
                            {
                              "Node Type": "Hash Join",
                              "Parent Relationship": "Outer",
                              "Parallel Aware": true,
                              "Async Capable": false,
                              "Join Type": "Inner",
                              "Startup Cost": 2157.65,
                              "Total Cost": 231163.87,
                              "Plan Rows": 3735,
                              "Plan Width": 4,
                              "Inner Unique": false,
                              "Hash Cond": "(web_sales.ws_sold_date_sk = date_dim_1.d_date_sk)",
                              "Plans": [
                                {
                                  "Node Type": "Seq Scan",
                                  "Parent Relationship": "Outer",
                                  "Parallel Aware": true,
                                  "Async Capable": false,
                                  "Relation Name": "web_sales",
                                  "Alias": "web_sales",
                                  "Startup Cost": 0.0,
                                  "Total Cost": 217737.86,
                                  "Plan Rows": 2998986,
                                  "Plan Width": 8,
                                  "parent": 21,
                                  "ID": 22
                                },
                                {
                                  "Node Type": "Hash",
                                  "Parent Relationship": "Inner",
                                  "Parallel Aware": true,
                                  "Async Capable": false,
                                  "Startup Cost": 2156.97,
                                  "Total Cost": 2156.97,
                                  "Plan Rows": 54,
                                  "Plan Width": 4,
                                  "Plans": [
                                    {
                                      "Node Type": "Seq Scan",
                                      "Parent Relationship": "Outer",
                                      "Parallel Aware": true,
                                      "Async Capable": false,
                                      "Relation Name": "date_dim",
                                      "Alias": "date_dim_1",
                                      "Startup Cost": 0.0,
                                      "Total Cost": 2156.97,
                                      "Plan Rows": 54,
                                      "Plan Width": 4,
                                      "Filter": "((d_moy >= 4) AND (d_moy <= 6) AND (d_year = 2003))",
                                      "parent": 23,
                                      "ID": 24
                                    }
                                  ],
                                  "parent": 21,
                                  "ID": 23,
                                  "left": 24
                                }
                              ],
                              "parent": 20,
                              "ID": 21,
                              "left": 22,
                              "right": 23
                            }
                          ],
                          "parent": 19,
                          "ID": 20,
                          "left": 21
                        }
                      ],
                      "parent": 3,
                      "ID": 19,
                      "left": 20
                    }
                  ],
                  "parent": 2,
                  "ID": 3,
                  "left": 4,
                  "right": 19
                },
                {
                  "Node Type": "Materialize",
                  "Parent Relationship": "Inner",
                  "Parallel Aware": false,
                  "Async Capable": false,
                  "Startup Cost": 2684.49,
                  "Total Cost": 574652.42,
                  "Plan Rows": 17839,
                  "Plan Width": 4,
                  "Plans": [
                    {
                      "Node Type": "Hash Join",
                      "Parent Relationship": "Outer",
                      "Parallel Aware": false,
                      "Async Capable": false,
                      "Join Type": "Inner",
                      "Startup Cost": 2684.49,
                      "Total Cost": 574563.22,
                      "Plan Rows": 17839,
                      "Plan Width": 4,
                      "Inner Unique": false,
                      "Hash Cond": "(catalog_sales.cs_sold_date_sk = date_dim_2.d_date_sk)",
                      "Plans": [
                        {
                          "Node Type": "Seq Scan",
                          "Parent Relationship": "Outer",
                          "Parallel Aware": false,
                          "Async Capable": false,
                          "Relation Name": "catalog_sales",
                          "Alias": "catalog_sales",
                          "Startup Cost": 0.0,
                          "Total Cost": 517695.61,
                          "Plan Rows": 14401261,
                          "Plan Width": 8,
                          "parent": 26,
                          "ID": 27
                        },
                        {
                          "Node Type": "Hash",
                          "Parent Relationship": "Inner",
                          "Parallel Aware": false,
                          "Async Capable": false,
                          "Startup Cost": 2683.36,
                          "Total Cost": 2683.36,
                          "Plan Rows": 91,
                          "Plan Width": 4,
                          "Plans": [
                            {
                              "Node Type": "Seq Scan",
                              "Parent Relationship": "Outer",
                              "Parallel Aware": false,
                              "Async Capable": false,
                              "Relation Name": "date_dim",
                              "Alias": "date_dim_2",
                              "Startup Cost": 0.0,
                              "Total Cost": 2683.36,
                              "Plan Rows": 91,
                              "Plan Width": 4,
                              "Filter": "((d_moy >= 4) AND (d_moy <= 6) AND (d_year = 2003))",
                              "parent": 28,
                              "ID": 29
                            }
                          ],
                          "parent": 26,
                          "ID": 28,
                          "left": 29
                        }
                      ],
                      "parent": 25,
                      "ID": 26,
                      "left": 27,
                      "right": 28
                    }
                  ],
                  "parent": 2,
                  "ID": 25,
                  "left": 26
                }
              ],
              "parent": 1,
              "ID": 2,
              "left": 3,
              "right": 25
            }
          ],
          "parent": 0,
          "ID": 1,
          "left": 2
        }
      ],
      "parent": null,
      "ID": 0,
      "left": 1
    },
    "feat": {
      "utility": 0.009684455814752272,
      "query_shape": [
        [
          "Seq Scan",
          "Hash Join",
          "Sort",
          "Gather Merge",
          "Nested Loop",
          "Aggregate"
        ],
        [
          "Seq Scan",
          "Hash Join",
          "Hash",
          "Sort",
          "Gather Merge",
          "Nested Loop",
          "Aggregate"
        ],
        [
          "Seq Scan",
          "Hash Join",
          "Hash",
          "Sort",
          "Gather Merge",
          "Nested Loop",
          "Aggregate"
        ],
        [
          "Seq Scan",
          "Hash",
          "Hash Join",
          "Sort",
          "Gather Merge",
          "Nested Loop",
          "Aggregate"
        ],
        [
          "Seq Scan",
          "Hash",
          "Hash Join",
          "Sort",
          "Gather Merge",
          "Nested Loop",
          "Aggregate"
        ],
        [
          "Seq Scan",
          "Hash Join",
          "Gather",
          "Materialize",
          "Nested Loop",
          "Aggregate"
        ],
        [
          "Seq Scan",
          "Hash",
          "Hash Join",
          "Gather",
          "Materialize",
          "Nested Loop",
          "Aggregate"
        ],
        [
          "Seq Scan",
          "Hash Join",
          "Materialize",
          "Nested Loop",
          "Aggregate"
        ],
        [
          "Seq Scan",
          "Hash",
          "Hash Join",
          "Materialize",
          "Nested Loop",
          "Aggregate"
        ]
      ],
      "index_shape": [
        "join"
      ],
      "physical_operator": {
        "Nested Loop": [
          0.007352854254732239,
          0.010467220305521231
        ],
        "Hash Join": [
          0.0021402448383944653
        ]
      }
    }
  },
  {
    "query": "select  \n  cd_gender,\n  cd_marital_status,\n  cd_education_status,\n  count(*) cnt1,\n  cd_purchase_estimate,\n  count(*) cnt2,\n  cd_credit_rating,\n  count(*) cnt3\n from\n  customer c,customer_address ca,customer_demographics\n where\n  c.c_current_addr_sk = ca.ca_address_sk and\n  ca_state in ('WI','NE','SD') and\n  cd_demo_sk = c.c_current_cdemo_sk and \n  exists (select *\n          from store_sales,date_dim\n          where c.c_customer_sk = ss_customer_sk and\n                ss_sold_date_sk = d_date_sk and\n                d_year = 2003 and\n                d_moy between 4 and 4+2) and\n   (not exists (select *\n            from web_sales,date_dim\n            where c.c_customer_sk = ws_bill_customer_sk and\n                  ws_sold_date_sk = d_date_sk and\n                  d_year = 2003 and\n                  d_moy between 4 and 4+2) and\n    not exists (select * \n            from catalog_sales,date_dim\n            where c.c_customer_sk = cs_ship_customer_sk and\n                  cs_sold_date_sk = d_date_sk and\n                  d_year = 2003 and\n                  d_moy between 4 and 4+2))\n group by cd_gender,\n          cd_marital_status,\n          cd_education_status,\n          cd_purchase_estimate,\n          cd_credit_rating\n order by cd_gender,\n          cd_marital_status,\n          cd_education_status,\n          cd_purchase_estimate,\n          cd_credit_rating\n limit 100;\n\n-- end query 51 in stream 1 using template query69.tpl\n",
    "indexes": "customer.c_current_addr_sk",
    "wo plan est": {
      "Node Type": "Limit",
      "Parallel Aware": false,
      "Async Capable": false,
      "Startup Cost": 747713.69,
      "Total Cost": 825706.62,
      "Plan Rows": 100,
      "Plan Width": 64,
      "Plans": [
        {
          "Node Type": "Aggregate",
          "Strategy": "Sorted",
          "Partial Mode": "Simple",
          "Parent Relationship": "Outer",
          "Parallel Aware": false,
          "Async Capable": false,
          "Startup Cost": 747713.69,
          "Total Cost": 2483056.39,
          "Plan Rows": 2225,
          "Plan Width": 64,
          "Group Key": [
            "customer_demographics.cd_gender",
            "customer_demographics.cd_marital_status",
            "customer_demographics.cd_education_status",
            "customer_demographics.cd_purchase_estimate",
            "customer_demographics.cd_credit_rating"
          ],
          "Plans": [
            {
              "Node Type": "Nested Loop",
              "Parent Relationship": "Outer",
              "Parallel Aware": false,
              "Async Capable": false,
              "Join Type": "Anti",
              "Startup Cost": 747713.69,
              "Total Cost": 2483000.76,
              "Plan Rows": 2225,
              "Plan Width": 40,
              "Inner Unique": false,
              "Join Filter": "(c.c_customer_sk = catalog_sales.cs_ship_customer_sk)",
              "Plans": [
                {
                  "Node Type": "Nested Loop",
                  "Parent Relationship": "Outer",
                  "Parallel Aware": false,
                  "Async Capable": false,
                  "Join Type": "Anti",
                  "Startup Cost": 745029.2,
                  "Total Cost": 1291074.35,
                  "Plan Rows": 2307,
                  "Plan Width": 44,
                  "Inner Unique": false,
                  "Join Filter": "(c.c_customer_sk = web_sales.ws_bill_customer_sk)",
                  "Plans": [
                    {
                      "Node Type": "Gather Merge",
                      "Parent Relationship": "Outer",
                      "Parallel Aware": false,
                      "Async Capable": false,
                      "Startup Cost": 741871.55,
                      "Total Cost": 742145.13,
                      "Plan Rows": 2349,
                      "Plan Width": 44,
                      "Workers Planned": 2,
                      "Plans": [
                        {
                          "Node Type": "Sort",
                          "Parent Relationship": "Outer",
                          "Parallel Aware": false,
                          "Async Capable": false,
                          "Startup Cost": 740871.53,
                          "Total Cost": 740873.97,
                          "Plan Rows": 979,
                          "Plan Width": 44,
                          "Sort Key": [
                            "customer_demographics.cd_gender",
                            "customer_demographics.cd_marital_status",
                            "customer_demographics.cd_education_status",
                            "customer_demographics.cd_purchase_estimate",
                            "customer_demographics.cd_credit_rating"
                          ],
                          "Plans": [
                            {
                              "Node Type": "Hash Join",
                              "Parent Relationship": "Outer",
                              "Parallel Aware": true,
                              "Async Capable": false,
                              "Join Type": "Inner",
                              "Startup Cost": 707986.23,
                              "Total Cost": 740822.89,
                              "Plan Rows": 979,
                              "Plan Width": 44,
                              "Inner Unique": false,
                              "Hash Cond": "(customer_demographics.cd_demo_sk = c.c_current_cdemo_sk)",
                              "Plans": [
                                {
                                  "Node Type": "Seq Scan",
                                  "Parent Relationship": "Outer",
                                  "Parallel Aware": true,
                                  "Async Capable": false,
                                  "Relation Name": "customer_demographics",
                                  "Alias": "customer_demographics",
                                  "Startup Cost": 0.0,
                                  "Total Cost": 29831.33,
                                  "Plan Rows": 800333,
                                  "Plan Width": 44,
                                  "parent": 6,
                                  "ID": 7
                                },
                                {
                                  "Node Type": "Hash",
                                  "Parent Relationship": "Inner",
                                  "Parallel Aware": true,
                                  "Async Capable": false,
                                  "Startup Cost": 707973.57,
                                  "Total Cost": 707973.57,
                                  "Plan Rows": 1013,
                                  "Plan Width": 8,
                                  "Plans": [
                                    {
                                      "Node Type": "Hash Join",
                                      "Parent Relationship": "Outer",
                                      "Parallel Aware": true,
                                      "Async Capable": false,
                                      "Join Type": "Inner",
                                      "Startup Cost": 691301.61,
                                      "Total Cost": 707973.57,
                                      "Plan Rows": 1013,
                                      "Plan Width": 8,
                                      "Inner Unique": false,
                                      "Hash Cond": "(c.c_current_addr_sk = ca.ca_address_sk)",
                                      "Plans": [
                                        {
                                          "Node Type": "Hash Join",
                                          "Parent Relationship": "Outer",
                                          "Parallel Aware": true,
                                          "Async Capable": false,
                                          "Join Type": "Semi",
                                          "Startup Cost": 684337.4,
                                          "Total Cost": 700954.09,
                                          "Plan Rows": 13615,
                                          "Plan Width": 12,
                                          "Inner Unique": false,
                                          "Hash Cond": "(c.c_customer_sk = store_sales.ss_customer_sk)",
                                          "Plans": [
                                            {
                                              "Node Type": "Seq Scan",
                                              "Parent Relationship": "Outer",
                                              "Parallel Aware": true,
                                              "Async Capable": false,
                                              "Relation Name": "customer",
                                              "Alias": "c",
                                              "Startup Cost": 0.0,
                                              "Total Cost": 15918.33,
                                              "Plan Rows": 208333,
                                              "Plan Width": 12,
                                              "parent": 10,
                                              "ID": 11
                                            },
                                            {
                                              "Node Type": "Hash",
                                              "Parent Relationship": "Inner",
                                              "Parallel Aware": true,
                                              "Async Capable": false,
                                              "Startup Cost": 684159.07,
                                              "Total Cost": 684159.07,
                                              "Plan Rows": 14267,
                                              "Plan Width": 4,
                                              "Plans": [
                                                {
                                                  "Node Type": "Hash Join",
                                                  "Parent Relationship": "Outer",
                                                  "Parallel Aware": true,
                                                  "Async Capable": false,
                                                  "Join Type": "Inner",
                                                  "Startup Cost": 2157.65,
                                                  "Total Cost": 684159.07,
                                                  "Plan Rows": 14267,
                                                  "Plan Width": 4,
                                                  "Inner Unique": false,
                                                  "Hash Cond": "(store_sales.ss_sold_date_sk = date_dim.d_date_sk)",
                                                  "Plans": [
                                                    {
                                                      "Node Type": "Seq Scan",
                                                      "Parent Relationship": "Outer",
                                                      "Parallel Aware": true,
                                                      "Async Capable": false,
                                                      "Relation Name": "store_sales",
                                                      "Alias": "store_sales",
                                                      "Startup Cost": 0.0,
                                                      "Total Cost": 636914.37,
                                                      "Plan Rows": 12000637,
                                                      "Plan Width": 8,
                                                      "parent": 13,
                                                      "ID": 14
                                                    },
                                                    {
                                                      "Node Type": "Hash",
                                                      "Parent Relationship": "Inner",
                                                      "Parallel Aware": true,
                                                      "Async Capable": false,
                                                      "Startup Cost": 2156.97,
                                                      "Total Cost": 2156.97,
                                                      "Plan Rows": 54,
                                                      "Plan Width": 4,
                                                      "Plans": [
                                                        {
                                                          "Node Type": "Seq Scan",
                                                          "Parent Relationship": "Outer",
                                                          "Parallel Aware": true,
                                                          "Async Capable": false,
                                                          "Relation Name": "date_dim",
                                                          "Alias": "date_dim",
                                                          "Startup Cost": 0.0,
                                                          "Total Cost": 2156.97,
                                                          "Plan Rows": 54,
                                                          "Plan Width": 4,
                                                          "Filter": "((d_moy >= 4) AND (d_moy <= 6) AND (d_year = 2003))",
                                                          "parent": 15,
                                                          "ID": 16
                                                        }
                                                      ],
                                                      "parent": 13,
                                                      "ID": 15,
                                                      "left": 16
                                                    }
                                                  ],
                                                  "parent": 12,
                                                  "ID": 13,
                                                  "left": 14,
                                                  "right": 15
                                                }
                                              ],
                                              "parent": 10,
                                              "ID": 12,
                                              "left": 13
                                            }
                                          ],
                                          "parent": 9,
                                          "ID": 10,
                                          "left": 11,
                                          "right": 12
                                        },
                                        {
                                          "Node Type": "Hash",
                                          "Parent Relationship": "Inner",
                                          "Parallel Aware": true,
                                          "Async Capable": false,
                                          "Startup Cost": 6867.29,
                                          "Total Cost": 6867.29,
                                          "Plan Rows": 7753,
                                          "Plan Width": 4,
                                          "Plans": [
                                            {
                                              "Node Type": "Seq Scan",
                                              "Parent Relationship": "Outer",
                                              "Parallel Aware": true,
                                              "Async Capable": false,
                                              "Relation Name": "customer_address",
                                              "Alias": "ca",
                                              "Startup Cost": 0.0,
                                              "Total Cost": 6867.29,
                                              "Plan Rows": 7753,
                                              "Plan Width": 4,
                                              "Filter": "(ca_state = ANY ('{WI,NE,SD}'::bpchar[]))",
                                              "parent": 17,
                                              "ID": 18
                                            }
                                          ],
                                          "parent": 9,
                                          "ID": 17,
                                          "left": 18
                                        }
                                      ],
                                      "parent": 8,
                                      "ID": 9,
                                      "left": 10,
                                      "right": 17
                                    }
                                  ],
                                  "parent": 6,
                                  "ID": 8,
                                  "left": 9
                                }
                              ],
                              "parent": 5,
                              "ID": 6,
                              "left": 7,
                              "right": 8
                            }
                          ],
                          "parent": 4,
                          "ID": 5,
                          "left": 6
                        }
                      ],
                      "parent": 3,
                      "ID": 4,
                      "left": 5
                    },
                    {
                      "Node Type": "Materialize",
                      "Parent Relationship": "Inner",
                      "Parallel Aware": false,
                      "Async Capable": false,
                      "Startup Cost": 3157.65,
                      "Total Cost": 233105.09,
                      "Plan Rows": 8964,
                      "Plan Width": 4,
                      "Plans": [
                        {
                          "Node Type": "Gather",
                          "Parent Relationship": "Outer",
                          "Parallel Aware": false,
                          "Async Capable": false,
                          "Startup Cost": 3157.65,
                          "Total Cost": 233060.27,
                          "Plan Rows": 8964,
                          "Plan Width": 4,
                          "Workers Planned": 2,
                          "Single Copy": false,
                          "Plans": [
                            {
                              "Node Type": "Hash Join",
                              "Parent Relationship": "Outer",
                              "Parallel Aware": true,
                              "Async Capable": false,
                              "Join Type": "Inner",
                              "Startup Cost": 2157.65,
                              "Total Cost": 231163.87,
                              "Plan Rows": 3735,
                              "Plan Width": 4,
                              "Inner Unique": false,
                              "Hash Cond": "(web_sales.ws_sold_date_sk = date_dim_1.d_date_sk)",
                              "Plans": [
                                {
                                  "Node Type": "Seq Scan",
                                  "Parent Relationship": "Outer",
                                  "Parallel Aware": true,
                                  "Async Capable": false,
                                  "Relation Name": "web_sales",
                                  "Alias": "web_sales",
                                  "Startup Cost": 0.0,
                                  "Total Cost": 217737.86,
                                  "Plan Rows": 2998986,
                                  "Plan Width": 8,
                                  "parent": 21,
                                  "ID": 22
                                },
                                {
                                  "Node Type": "Hash",
                                  "Parent Relationship": "Inner",
                                  "Parallel Aware": true,
                                  "Async Capable": false,
                                  "Startup Cost": 2156.97,
                                  "Total Cost": 2156.97,
                                  "Plan Rows": 54,
                                  "Plan Width": 4,
                                  "Plans": [
                                    {
                                      "Node Type": "Seq Scan",
                                      "Parent Relationship": "Outer",
                                      "Parallel Aware": true,
                                      "Async Capable": false,
                                      "Relation Name": "date_dim",
                                      "Alias": "date_dim_1",
                                      "Startup Cost": 0.0,
                                      "Total Cost": 2156.97,
                                      "Plan Rows": 54,
                                      "Plan Width": 4,
                                      "Filter": "((d_moy >= 4) AND (d_moy <= 6) AND (d_year = 2003))",
                                      "parent": 23,
                                      "ID": 24
                                    }
                                  ],
                                  "parent": 21,
                                  "ID": 23,
                                  "left": 24
                                }
                              ],
                              "parent": 20,
                              "ID": 21,
                              "left": 22,
                              "right": 23
                            }
                          ],
                          "parent": 19,
                          "ID": 20,
                          "left": 21
                        }
                      ],
                      "parent": 3,
                      "ID": 19,
                      "left": 20
                    }
                  ],
                  "parent": 2,
                  "ID": 3,
                  "left": 4,
                  "right": 19
                },
                {
                  "Node Type": "Materialize",
                  "Parent Relationship": "Inner",
                  "Parallel Aware": false,
                  "Async Capable": false,
                  "Startup Cost": 2684.49,
                  "Total Cost": 574652.42,
                  "Plan Rows": 17839,
                  "Plan Width": 4,
                  "Plans": [
                    {
                      "Node Type": "Hash Join",
                      "Parent Relationship": "Outer",
                      "Parallel Aware": false,
                      "Async Capable": false,
                      "Join Type": "Inner",
                      "Startup Cost": 2684.49,
                      "Total Cost": 574563.22,
                      "Plan Rows": 17839,
                      "Plan Width": 4,
                      "Inner Unique": false,
                      "Hash Cond": "(catalog_sales.cs_sold_date_sk = date_dim_2.d_date_sk)",
                      "Plans": [
                        {
                          "Node Type": "Seq Scan",
                          "Parent Relationship": "Outer",
                          "Parallel Aware": false,
                          "Async Capable": false,
                          "Relation Name": "catalog_sales",
                          "Alias": "catalog_sales",
                          "Startup Cost": 0.0,
                          "Total Cost": 517695.61,
                          "Plan Rows": 14401261,
                          "Plan Width": 8,
                          "parent": 26,
                          "ID": 27
                        },
                        {
                          "Node Type": "Hash",
                          "Parent Relationship": "Inner",
                          "Parallel Aware": false,
                          "Async Capable": false,
                          "Startup Cost": 2683.36,
                          "Total Cost": 2683.36,
                          "Plan Rows": 91,
                          "Plan Width": 4,
                          "Plans": [
                            {
                              "Node Type": "Seq Scan",
                              "Parent Relationship": "Outer",
                              "Parallel Aware": false,
                              "Async Capable": false,
                              "Relation Name": "date_dim",
                              "Alias": "date_dim_2",
                              "Startup Cost": 0.0,
                              "Total Cost": 2683.36,
                              "Plan Rows": 91,
                              "Plan Width": 4,
                              "Filter": "((d_moy >= 4) AND (d_moy <= 6) AND (d_year = 2003))",
                              "parent": 28,
                              "ID": 29
                            }
                          ],
                          "parent": 26,
                          "ID": 28,
                          "left": 29
                        }
                      ],
                      "parent": 25,
                      "ID": 26,
                      "left": 27,
                      "right": 28
                    }
                  ],
                  "parent": 2,
                  "ID": 25,
                  "left": 26
                }
              ],
              "parent": 1,
              "ID": 2,
              "left": 3,
              "right": 25
            }
          ],
          "parent": 0,
          "ID": 1,
          "left": 2
        }
      ],
      "parent": null,
      "ID": 0,
      "left": 1
    },
    "feat": {
      "utility": 0.0,
      "query_shape": [
        [
          "Seq Scan",
          "Hash Join",
          "Sort",
          "Gather Merge",
          "Nested Loop",
          "Aggregate"
        ],
        [
          "Seq Scan",
          "Hash Join",
          "Hash",
          "Sort",
          "Gather Merge",
          "Nested Loop",
          "Aggregate"
        ],
        [
          "Seq Scan",
          "Hash Join",
          "Hash",
          "Sort",
          "Gather Merge",
          "Nested Loop",
          "Aggregate"
        ],
        [
          "Seq Scan",
          "Hash",
          "Hash Join",
          "Sort",
          "Gather Merge",
          "Nested Loop",
          "Aggregate"
        ],
        [
          "Seq Scan",
          "Hash",
          "Hash Join",
          "Sort",
          "Gather Merge",
          "Nested Loop",
          "Aggregate"
        ],
        [
          "Seq Scan",
          "Hash Join",
          "Gather",
          "Materialize",
          "Nested Loop",
          "Aggregate"
        ],
        [
          "Seq Scan",
          "Hash",
          "Hash Join",
          "Gather",
          "Materialize",
          "Nested Loop",
          "Aggregate"
        ],
        [
          "Seq Scan",
          "Hash Join",
          "Materialize",
          "Nested Loop",
          "Aggregate"
        ],
        [
          "Seq Scan",
          "Hash",
          "Hash Join",
          "Materialize",
          "Nested Loop",
          "Aggregate"
        ]
      ],
      "index_shape": [
        "join"
      ],
      "physical_operator": {}
    }
  },
  {
    "query": "select  \n  cd_gender,\n  cd_marital_status,\n  cd_education_status,\n  count(*) cnt1,\n  cd_purchase_estimate,\n  count(*) cnt2,\n  cd_credit_rating,\n  count(*) cnt3\n from\n  customer c,customer_address ca,customer_demographics\n where\n  c.c_current_addr_sk = ca.ca_address_sk and\n  ca_state in ('WI','NE','SD') and\n  cd_demo_sk = c.c_current_cdemo_sk and \n  exists (select *\n          from store_sales,date_dim\n          where c.c_customer_sk = ss_customer_sk and\n                ss_sold_date_sk = d_date_sk and\n                d_year = 2003 and\n                d_moy between 4 and 4+2) and\n   (not exists (select *\n            from web_sales,date_dim\n            where c.c_customer_sk = ws_bill_customer_sk and\n                  ws_sold_date_sk = d_date_sk and\n                  d_year = 2003 and\n                  d_moy between 4 and 4+2) and\n    not exists (select * \n            from catalog_sales,date_dim\n            where c.c_customer_sk = cs_ship_customer_sk and\n                  cs_sold_date_sk = d_date_sk and\n                  d_year = 2003 and\n                  d_moy between 4 and 4+2))\n group by cd_gender,\n          cd_marital_status,\n          cd_education_status,\n          cd_purchase_estimate,\n          cd_credit_rating\n order by cd_gender,\n          cd_marital_status,\n          cd_education_status,\n          cd_purchase_estimate,\n          cd_credit_rating\n limit 100;\n\n-- end query 51 in stream 1 using template query69.tpl\n",
    "indexes": "customer.c_current_cdemo_sk",
    "wo plan est": {
      "Node Type": "Limit",
      "Parallel Aware": false,
      "Async Capable": false,
      "Startup Cost": 747713.69,
      "Total Cost": 825706.62,
      "Plan Rows": 100,
      "Plan Width": 64,
      "Plans": [
        {
          "Node Type": "Aggregate",
          "Strategy": "Sorted",
          "Partial Mode": "Simple",
          "Parent Relationship": "Outer",
          "Parallel Aware": false,
          "Async Capable": false,
          "Startup Cost": 747713.69,
          "Total Cost": 2483056.39,
          "Plan Rows": 2225,
          "Plan Width": 64,
          "Group Key": [
            "customer_demographics.cd_gender",
            "customer_demographics.cd_marital_status",
            "customer_demographics.cd_education_status",
            "customer_demographics.cd_purchase_estimate",
            "customer_demographics.cd_credit_rating"
          ],
          "Plans": [
            {
              "Node Type": "Nested Loop",
              "Parent Relationship": "Outer",
              "Parallel Aware": false,
              "Async Capable": false,
              "Join Type": "Anti",
              "Startup Cost": 747713.69,
              "Total Cost": 2483000.76,
              "Plan Rows": 2225,
              "Plan Width": 40,
              "Inner Unique": false,
              "Join Filter": "(c.c_customer_sk = catalog_sales.cs_ship_customer_sk)",
              "Plans": [
                {
                  "Node Type": "Nested Loop",
                  "Parent Relationship": "Outer",
                  "Parallel Aware": false,
                  "Async Capable": false,
                  "Join Type": "Anti",
                  "Startup Cost": 745029.2,
                  "Total Cost": 1291074.35,
                  "Plan Rows": 2307,
                  "Plan Width": 44,
                  "Inner Unique": false,
                  "Join Filter": "(c.c_customer_sk = web_sales.ws_bill_customer_sk)",
                  "Plans": [
                    {
                      "Node Type": "Gather Merge",
                      "Parent Relationship": "Outer",
                      "Parallel Aware": false,
                      "Async Capable": false,
                      "Startup Cost": 741871.55,
                      "Total Cost": 742145.13,
                      "Plan Rows": 2349,
                      "Plan Width": 44,
                      "Workers Planned": 2,
                      "Plans": [
                        {
                          "Node Type": "Sort",
                          "Parent Relationship": "Outer",
                          "Parallel Aware": false,
                          "Async Capable": false,
                          "Startup Cost": 740871.53,
                          "Total Cost": 740873.97,
                          "Plan Rows": 979,
                          "Plan Width": 44,
                          "Sort Key": [
                            "customer_demographics.cd_gender",
                            "customer_demographics.cd_marital_status",
                            "customer_demographics.cd_education_status",
                            "customer_demographics.cd_purchase_estimate",
                            "customer_demographics.cd_credit_rating"
                          ],
                          "Plans": [
                            {
                              "Node Type": "Hash Join",
                              "Parent Relationship": "Outer",
                              "Parallel Aware": true,
                              "Async Capable": false,
                              "Join Type": "Inner",
                              "Startup Cost": 707986.23,
                              "Total Cost": 740822.89,
                              "Plan Rows": 979,
                              "Plan Width": 44,
                              "Inner Unique": false,
                              "Hash Cond": "(customer_demographics.cd_demo_sk = c.c_current_cdemo_sk)",
                              "Plans": [
                                {
                                  "Node Type": "Seq Scan",
                                  "Parent Relationship": "Outer",
                                  "Parallel Aware": true,
                                  "Async Capable": false,
                                  "Relation Name": "customer_demographics",
                                  "Alias": "customer_demographics",
                                  "Startup Cost": 0.0,
                                  "Total Cost": 29831.33,
                                  "Plan Rows": 800333,
                                  "Plan Width": 44,
                                  "parent": 6,
                                  "ID": 7
                                },
                                {
                                  "Node Type": "Hash",
                                  "Parent Relationship": "Inner",
                                  "Parallel Aware": true,
                                  "Async Capable": false,
                                  "Startup Cost": 707973.57,
                                  "Total Cost": 707973.57,
                                  "Plan Rows": 1013,
                                  "Plan Width": 8,
                                  "Plans": [
                                    {
                                      "Node Type": "Hash Join",
                                      "Parent Relationship": "Outer",
                                      "Parallel Aware": true,
                                      "Async Capable": false,
                                      "Join Type": "Inner",
                                      "Startup Cost": 691301.61,
                                      "Total Cost": 707973.57,
                                      "Plan Rows": 1013,
                                      "Plan Width": 8,
                                      "Inner Unique": false,
                                      "Hash Cond": "(c.c_current_addr_sk = ca.ca_address_sk)",
                                      "Plans": [
                                        {
                                          "Node Type": "Hash Join",
                                          "Parent Relationship": "Outer",
                                          "Parallel Aware": true,
                                          "Async Capable": false,
                                          "Join Type": "Semi",
                                          "Startup Cost": 684337.4,
                                          "Total Cost": 700954.09,
                                          "Plan Rows": 13615,
                                          "Plan Width": 12,
                                          "Inner Unique": false,
                                          "Hash Cond": "(c.c_customer_sk = store_sales.ss_customer_sk)",
                                          "Plans": [
                                            {
                                              "Node Type": "Seq Scan",
                                              "Parent Relationship": "Outer",
                                              "Parallel Aware": true,
                                              "Async Capable": false,
                                              "Relation Name": "customer",
                                              "Alias": "c",
                                              "Startup Cost": 0.0,
                                              "Total Cost": 15918.33,
                                              "Plan Rows": 208333,
                                              "Plan Width": 12,
                                              "parent": 10,
                                              "ID": 11
                                            },
                                            {
                                              "Node Type": "Hash",
                                              "Parent Relationship": "Inner",
                                              "Parallel Aware": true,
                                              "Async Capable": false,
                                              "Startup Cost": 684159.07,
                                              "Total Cost": 684159.07,
                                              "Plan Rows": 14267,
                                              "Plan Width": 4,
                                              "Plans": [
                                                {
                                                  "Node Type": "Hash Join",
                                                  "Parent Relationship": "Outer",
                                                  "Parallel Aware": true,
                                                  "Async Capable": false,
                                                  "Join Type": "Inner",
                                                  "Startup Cost": 2157.65,
                                                  "Total Cost": 684159.07,
                                                  "Plan Rows": 14267,
                                                  "Plan Width": 4,
                                                  "Inner Unique": false,
                                                  "Hash Cond": "(store_sales.ss_sold_date_sk = date_dim.d_date_sk)",
                                                  "Plans": [
                                                    {
                                                      "Node Type": "Seq Scan",
                                                      "Parent Relationship": "Outer",
                                                      "Parallel Aware": true,
                                                      "Async Capable": false,
                                                      "Relation Name": "store_sales",
                                                      "Alias": "store_sales",
                                                      "Startup Cost": 0.0,
                                                      "Total Cost": 636914.37,
                                                      "Plan Rows": 12000637,
                                                      "Plan Width": 8,
                                                      "parent": 13,
                                                      "ID": 14
                                                    },
                                                    {
                                                      "Node Type": "Hash",
                                                      "Parent Relationship": "Inner",
                                                      "Parallel Aware": true,
                                                      "Async Capable": false,
                                                      "Startup Cost": 2156.97,
                                                      "Total Cost": 2156.97,
                                                      "Plan Rows": 54,
                                                      "Plan Width": 4,
                                                      "Plans": [
                                                        {
                                                          "Node Type": "Seq Scan",
                                                          "Parent Relationship": "Outer",
                                                          "Parallel Aware": true,
                                                          "Async Capable": false,
                                                          "Relation Name": "date_dim",
                                                          "Alias": "date_dim",
                                                          "Startup Cost": 0.0,
                                                          "Total Cost": 2156.97,
                                                          "Plan Rows": 54,
                                                          "Plan Width": 4,
                                                          "Filter": "((d_moy >= 4) AND (d_moy <= 6) AND (d_year = 2003))",
                                                          "parent": 15,
                                                          "ID": 16
                                                        }
                                                      ],
                                                      "parent": 13,
                                                      "ID": 15,
                                                      "left": 16
                                                    }
                                                  ],
                                                  "parent": 12,
                                                  "ID": 13,
                                                  "left": 14,
                                                  "right": 15
                                                }
                                              ],
                                              "parent": 10,
                                              "ID": 12,
                                              "left": 13
                                            }
                                          ],
                                          "parent": 9,
                                          "ID": 10,
                                          "left": 11,
                                          "right": 12
                                        },
                                        {
                                          "Node Type": "Hash",
                                          "Parent Relationship": "Inner",
                                          "Parallel Aware": true,
                                          "Async Capable": false,
                                          "Startup Cost": 6867.29,
                                          "Total Cost": 6867.29,
                                          "Plan Rows": 7753,
                                          "Plan Width": 4,
                                          "Plans": [
                                            {
                                              "Node Type": "Seq Scan",
                                              "Parent Relationship": "Outer",
                                              "Parallel Aware": true,
                                              "Async Capable": false,
                                              "Relation Name": "customer_address",
                                              "Alias": "ca",
                                              "Startup Cost": 0.0,
                                              "Total Cost": 6867.29,
                                              "Plan Rows": 7753,
                                              "Plan Width": 4,
                                              "Filter": "(ca_state = ANY ('{WI,NE,SD}'::bpchar[]))",
                                              "parent": 17,
                                              "ID": 18
                                            }
                                          ],
                                          "parent": 9,
                                          "ID": 17,
                                          "left": 18
                                        }
                                      ],
                                      "parent": 8,
                                      "ID": 9,
                                      "left": 10,
                                      "right": 17
                                    }
                                  ],
                                  "parent": 6,
                                  "ID": 8,
                                  "left": 9
                                }
                              ],
                              "parent": 5,
                              "ID": 6,
                              "left": 7,
                              "right": 8
                            }
                          ],
                          "parent": 4,
                          "ID": 5,
                          "left": 6
                        }
                      ],
                      "parent": 3,
                      "ID": 4,
                      "left": 5
                    },
                    {
                      "Node Type": "Materialize",
                      "Parent Relationship": "Inner",
                      "Parallel Aware": false,
                      "Async Capable": false,
                      "Startup Cost": 3157.65,
                      "Total Cost": 233105.09,
                      "Plan Rows": 8964,
                      "Plan Width": 4,
                      "Plans": [
                        {
                          "Node Type": "Gather",
                          "Parent Relationship": "Outer",
                          "Parallel Aware": false,
                          "Async Capable": false,
                          "Startup Cost": 3157.65,
                          "Total Cost": 233060.27,
                          "Plan Rows": 8964,
                          "Plan Width": 4,
                          "Workers Planned": 2,
                          "Single Copy": false,
                          "Plans": [
                            {
                              "Node Type": "Hash Join",
                              "Parent Relationship": "Outer",
                              "Parallel Aware": true,
                              "Async Capable": false,
                              "Join Type": "Inner",
                              "Startup Cost": 2157.65,
                              "Total Cost": 231163.87,
                              "Plan Rows": 3735,
                              "Plan Width": 4,
                              "Inner Unique": false,
                              "Hash Cond": "(web_sales.ws_sold_date_sk = date_dim_1.d_date_sk)",
                              "Plans": [
                                {
                                  "Node Type": "Seq Scan",
                                  "Parent Relationship": "Outer",
                                  "Parallel Aware": true,
                                  "Async Capable": false,
                                  "Relation Name": "web_sales",
                                  "Alias": "web_sales",
                                  "Startup Cost": 0.0,
                                  "Total Cost": 217737.86,
                                  "Plan Rows": 2998986,
                                  "Plan Width": 8,
                                  "parent": 21,
                                  "ID": 22
                                },
                                {
                                  "Node Type": "Hash",
                                  "Parent Relationship": "Inner",
                                  "Parallel Aware": true,
                                  "Async Capable": false,
                                  "Startup Cost": 2156.97,
                                  "Total Cost": 2156.97,
                                  "Plan Rows": 54,
                                  "Plan Width": 4,
                                  "Plans": [
                                    {
                                      "Node Type": "Seq Scan",
                                      "Parent Relationship": "Outer",
                                      "Parallel Aware": true,
                                      "Async Capable": false,
                                      "Relation Name": "date_dim",
                                      "Alias": "date_dim_1",
                                      "Startup Cost": 0.0,
                                      "Total Cost": 2156.97,
                                      "Plan Rows": 54,
                                      "Plan Width": 4,
                                      "Filter": "((d_moy >= 4) AND (d_moy <= 6) AND (d_year = 2003))",
                                      "parent": 23,
                                      "ID": 24
                                    }
                                  ],
                                  "parent": 21,
                                  "ID": 23,
                                  "left": 24
                                }
                              ],
                              "parent": 20,
                              "ID": 21,
                              "left": 22,
                              "right": 23
                            }
                          ],
                          "parent": 19,
                          "ID": 20,
                          "left": 21
                        }
                      ],
                      "parent": 3,
                      "ID": 19,
                      "left": 20
                    }
                  ],
                  "parent": 2,
                  "ID": 3,
                  "left": 4,
                  "right": 19
                },
                {
                  "Node Type": "Materialize",
                  "Parent Relationship": "Inner",
                  "Parallel Aware": false,
                  "Async Capable": false,
                  "Startup Cost": 2684.49,
                  "Total Cost": 574652.42,
                  "Plan Rows": 17839,
                  "Plan Width": 4,
                  "Plans": [
                    {
                      "Node Type": "Hash Join",
                      "Parent Relationship": "Outer",
                      "Parallel Aware": false,
                      "Async Capable": false,
                      "Join Type": "Inner",
                      "Startup Cost": 2684.49,
                      "Total Cost": 574563.22,
                      "Plan Rows": 17839,
                      "Plan Width": 4,
                      "Inner Unique": false,
                      "Hash Cond": "(catalog_sales.cs_sold_date_sk = date_dim_2.d_date_sk)",
                      "Plans": [
                        {
                          "Node Type": "Seq Scan",
                          "Parent Relationship": "Outer",
                          "Parallel Aware": false,
                          "Async Capable": false,
                          "Relation Name": "catalog_sales",
                          "Alias": "catalog_sales",
                          "Startup Cost": 0.0,
                          "Total Cost": 517695.61,
                          "Plan Rows": 14401261,
                          "Plan Width": 8,
                          "parent": 26,
                          "ID": 27
                        },
                        {
                          "Node Type": "Hash",
                          "Parent Relationship": "Inner",
                          "Parallel Aware": false,
                          "Async Capable": false,
                          "Startup Cost": 2683.36,
                          "Total Cost": 2683.36,
                          "Plan Rows": 91,
                          "Plan Width": 4,
                          "Plans": [
                            {
                              "Node Type": "Seq Scan",
                              "Parent Relationship": "Outer",
                              "Parallel Aware": false,
                              "Async Capable": false,
                              "Relation Name": "date_dim",
                              "Alias": "date_dim_2",
                              "Startup Cost": 0.0,
                              "Total Cost": 2683.36,
                              "Plan Rows": 91,
                              "Plan Width": 4,
                              "Filter": "((d_moy >= 4) AND (d_moy <= 6) AND (d_year = 2003))",
                              "parent": 28,
                              "ID": 29
                            }
                          ],
                          "parent": 26,
                          "ID": 28,
                          "left": 29
                        }
                      ],
                      "parent": 25,
                      "ID": 26,
                      "left": 27,
                      "right": 28
                    }
                  ],
                  "parent": 2,
                  "ID": 25,
                  "left": 26
                }
              ],
              "parent": 1,
              "ID": 2,
              "left": 3,
              "right": 25
            }
          ],
          "parent": 0,
          "ID": 1,
          "left": 2
        }
      ],
      "parent": null,
      "ID": 0,
      "left": 1
    },
    "feat": {
      "utility": 0.003246202994750034,
      "query_shape": [
        [
          "Seq Scan",
          "Hash Join",
          "Sort",
          "Gather Merge",
          "Nested Loop",
          "Aggregate"
        ],
        [
          "Seq Scan",
          "Hash Join",
          "Hash",
          "Sort",
          "Gather Merge",
          "Nested Loop",
          "Aggregate"
        ],
        [
          "Seq Scan",
          "Hash Join",
          "Hash",
          "Sort",
          "Gather Merge",
          "Nested Loop",
          "Aggregate"
        ],
        [
          "Seq Scan",
          "Hash",
          "Hash Join",
          "Sort",
          "Gather Merge",
          "Nested Loop",
          "Aggregate"
        ],
        [
          "Seq Scan",
          "Hash",
          "Hash Join",
          "Sort",
          "Gather Merge",
          "Nested Loop",
          "Aggregate"
        ],
        [
          "Seq Scan",
          "Hash Join",
          "Gather",
          "Materialize",
          "Nested Loop",
          "Aggregate"
        ],
        [
          "Seq Scan",
          "Hash",
          "Hash Join",
          "Gather",
          "Materialize",
          "Nested Loop",
          "Aggregate"
        ],
        [
          "Seq Scan",
          "Hash Join",
          "Materialize",
          "Nested Loop",
          "Aggregate"
        ],
        [
          "Seq Scan",
          "Hash",
          "Hash Join",
          "Materialize",
          "Nested Loop",
          "Aggregate"
        ]
      ],
      "index_shape": [
        "join"
      ],
      "physical_operator": {
        "Hash Join": [
          0.0010988825096416013
        ]
      }
    }
  },
  {
    "query": "select  \n  cd_gender,\n  cd_marital_status,\n  cd_education_status,\n  count(*) cnt1,\n  cd_purchase_estimate,\n  count(*) cnt2,\n  cd_credit_rating,\n  count(*) cnt3\n from\n  customer c,customer_address ca,customer_demographics\n where\n  c.c_current_addr_sk = ca.ca_address_sk and\n  ca_state in ('WI','NE','SD') and\n  cd_demo_sk = c.c_current_cdemo_sk and \n  exists (select *\n          from store_sales,date_dim\n          where c.c_customer_sk = ss_customer_sk and\n                ss_sold_date_sk = d_date_sk and\n                d_year = 2003 and\n                d_moy between 4 and 4+2) and\n   (not exists (select *\n            from web_sales,date_dim\n            where c.c_customer_sk = ws_bill_customer_sk and\n                  ws_sold_date_sk = d_date_sk and\n                  d_year = 2003 and\n                  d_moy between 4 and 4+2) and\n    not exists (select * \n            from catalog_sales,date_dim\n            where c.c_customer_sk = cs_ship_customer_sk and\n                  cs_sold_date_sk = d_date_sk and\n                  d_year = 2003 and\n                  d_moy between 4 and 4+2))\n group by cd_gender,\n          cd_marital_status,\n          cd_education_status,\n          cd_purchase_estimate,\n          cd_credit_rating\n order by cd_gender,\n          cd_marital_status,\n          cd_education_status,\n          cd_purchase_estimate,\n          cd_credit_rating\n limit 100;\n\n-- end query 51 in stream 1 using template query69.tpl\n",
    "indexes": "customer_address.ca_address_sk",
    "wo plan est": {
      "Node Type": "Limit",
      "Parallel Aware": false,
      "Async Capable": false,
      "Startup Cost": 747713.69,
      "Total Cost": 825706.62,
      "Plan Rows": 100,
      "Plan Width": 64,
      "Plans": [
        {
          "Node Type": "Aggregate",
          "Strategy": "Sorted",
          "Partial Mode": "Simple",
          "Parent Relationship": "Outer",
          "Parallel Aware": false,
          "Async Capable": false,
          "Startup Cost": 747713.69,
          "Total Cost": 2483056.39,
          "Plan Rows": 2225,
          "Plan Width": 64,
          "Group Key": [
            "customer_demographics.cd_gender",
            "customer_demographics.cd_marital_status",
            "customer_demographics.cd_education_status",
            "customer_demographics.cd_purchase_estimate",
            "customer_demographics.cd_credit_rating"
          ],
          "Plans": [
            {
              "Node Type": "Nested Loop",
              "Parent Relationship": "Outer",
              "Parallel Aware": false,
              "Async Capable": false,
              "Join Type": "Anti",
              "Startup Cost": 747713.69,
              "Total Cost": 2483000.76,
              "Plan Rows": 2225,
              "Plan Width": 40,
              "Inner Unique": false,
              "Join Filter": "(c.c_customer_sk = catalog_sales.cs_ship_customer_sk)",
              "Plans": [
                {
                  "Node Type": "Nested Loop",
                  "Parent Relationship": "Outer",
                  "Parallel Aware": false,
                  "Async Capable": false,
                  "Join Type": "Anti",
                  "Startup Cost": 745029.2,
                  "Total Cost": 1291074.35,
                  "Plan Rows": 2307,
                  "Plan Width": 44,
                  "Inner Unique": false,
                  "Join Filter": "(c.c_customer_sk = web_sales.ws_bill_customer_sk)",
                  "Plans": [
                    {
                      "Node Type": "Gather Merge",
                      "Parent Relationship": "Outer",
                      "Parallel Aware": false,
                      "Async Capable": false,
                      "Startup Cost": 741871.55,
                      "Total Cost": 742145.13,
                      "Plan Rows": 2349,
                      "Plan Width": 44,
                      "Workers Planned": 2,
                      "Plans": [
                        {
                          "Node Type": "Sort",
                          "Parent Relationship": "Outer",
                          "Parallel Aware": false,
                          "Async Capable": false,
                          "Startup Cost": 740871.53,
                          "Total Cost": 740873.97,
                          "Plan Rows": 979,
                          "Plan Width": 44,
                          "Sort Key": [
                            "customer_demographics.cd_gender",
                            "customer_demographics.cd_marital_status",
                            "customer_demographics.cd_education_status",
                            "customer_demographics.cd_purchase_estimate",
                            "customer_demographics.cd_credit_rating"
                          ],
                          "Plans": [
                            {
                              "Node Type": "Hash Join",
                              "Parent Relationship": "Outer",
                              "Parallel Aware": true,
                              "Async Capable": false,
                              "Join Type": "Inner",
                              "Startup Cost": 707986.23,
                              "Total Cost": 740822.89,
                              "Plan Rows": 979,
                              "Plan Width": 44,
                              "Inner Unique": false,
                              "Hash Cond": "(customer_demographics.cd_demo_sk = c.c_current_cdemo_sk)",
                              "Plans": [
                                {
                                  "Node Type": "Seq Scan",
                                  "Parent Relationship": "Outer",
                                  "Parallel Aware": true,
                                  "Async Capable": false,
                                  "Relation Name": "customer_demographics",
                                  "Alias": "customer_demographics",
                                  "Startup Cost": 0.0,
                                  "Total Cost": 29831.33,
                                  "Plan Rows": 800333,
                                  "Plan Width": 44,
                                  "parent": 6,
                                  "ID": 7
                                },
                                {
                                  "Node Type": "Hash",
                                  "Parent Relationship": "Inner",
                                  "Parallel Aware": true,
                                  "Async Capable": false,
                                  "Startup Cost": 707973.57,
                                  "Total Cost": 707973.57,
                                  "Plan Rows": 1013,
                                  "Plan Width": 8,
                                  "Plans": [
                                    {
                                      "Node Type": "Hash Join",
                                      "Parent Relationship": "Outer",
                                      "Parallel Aware": true,
                                      "Async Capable": false,
                                      "Join Type": "Inner",
                                      "Startup Cost": 691301.61,
                                      "Total Cost": 707973.57,
                                      "Plan Rows": 1013,
                                      "Plan Width": 8,
                                      "Inner Unique": false,
                                      "Hash Cond": "(c.c_current_addr_sk = ca.ca_address_sk)",
                                      "Plans": [
                                        {
                                          "Node Type": "Hash Join",
                                          "Parent Relationship": "Outer",
                                          "Parallel Aware": true,
                                          "Async Capable": false,
                                          "Join Type": "Semi",
                                          "Startup Cost": 684337.4,
                                          "Total Cost": 700954.09,
                                          "Plan Rows": 13615,
                                          "Plan Width": 12,
                                          "Inner Unique": false,
                                          "Hash Cond": "(c.c_customer_sk = store_sales.ss_customer_sk)",
                                          "Plans": [
                                            {
                                              "Node Type": "Seq Scan",
                                              "Parent Relationship": "Outer",
                                              "Parallel Aware": true,
                                              "Async Capable": false,
                                              "Relation Name": "customer",
                                              "Alias": "c",
                                              "Startup Cost": 0.0,
                                              "Total Cost": 15918.33,
                                              "Plan Rows": 208333,
                                              "Plan Width": 12,
                                              "parent": 10,
                                              "ID": 11
                                            },
                                            {
                                              "Node Type": "Hash",
                                              "Parent Relationship": "Inner",
                                              "Parallel Aware": true,
                                              "Async Capable": false,
                                              "Startup Cost": 684159.07,
                                              "Total Cost": 684159.07,
                                              "Plan Rows": 14267,
                                              "Plan Width": 4,
                                              "Plans": [
                                                {
                                                  "Node Type": "Hash Join",
                                                  "Parent Relationship": "Outer",
                                                  "Parallel Aware": true,
                                                  "Async Capable": false,
                                                  "Join Type": "Inner",
                                                  "Startup Cost": 2157.65,
                                                  "Total Cost": 684159.07,
                                                  "Plan Rows": 14267,
                                                  "Plan Width": 4,
                                                  "Inner Unique": false,
                                                  "Hash Cond": "(store_sales.ss_sold_date_sk = date_dim.d_date_sk)",
                                                  "Plans": [
                                                    {
                                                      "Node Type": "Seq Scan",
                                                      "Parent Relationship": "Outer",
                                                      "Parallel Aware": true,
                                                      "Async Capable": false,
                                                      "Relation Name": "store_sales",
                                                      "Alias": "store_sales",
                                                      "Startup Cost": 0.0,
                                                      "Total Cost": 636914.37,
                                                      "Plan Rows": 12000637,
                                                      "Plan Width": 8,
                                                      "parent": 13,
                                                      "ID": 14
                                                    },
                                                    {
                                                      "Node Type": "Hash",
                                                      "Parent Relationship": "Inner",
                                                      "Parallel Aware": true,
                                                      "Async Capable": false,
                                                      "Startup Cost": 2156.97,
                                                      "Total Cost": 2156.97,
                                                      "Plan Rows": 54,
                                                      "Plan Width": 4,
                                                      "Plans": [
                                                        {
                                                          "Node Type": "Seq Scan",
                                                          "Parent Relationship": "Outer",
                                                          "Parallel Aware": true,
                                                          "Async Capable": false,
                                                          "Relation Name": "date_dim",
                                                          "Alias": "date_dim",
                                                          "Startup Cost": 0.0,
                                                          "Total Cost": 2156.97,
                                                          "Plan Rows": 54,
                                                          "Plan Width": 4,
                                                          "Filter": "((d_moy >= 4) AND (d_moy <= 6) AND (d_year = 2003))",
                                                          "parent": 15,
                                                          "ID": 16
                                                        }
                                                      ],
                                                      "parent": 13,
                                                      "ID": 15,
                                                      "left": 16
                                                    }
                                                  ],
                                                  "parent": 12,
                                                  "ID": 13,
                                                  "left": 14,
                                                  "right": 15
                                                }
                                              ],
                                              "parent": 10,
                                              "ID": 12,
                                              "left": 13
                                            }
                                          ],
                                          "parent": 9,
                                          "ID": 10,
                                          "left": 11,
                                          "right": 12
                                        },
                                        {
                                          "Node Type": "Hash",
                                          "Parent Relationship": "Inner",
                                          "Parallel Aware": true,
                                          "Async Capable": false,
                                          "Startup Cost": 6867.29,
                                          "Total Cost": 6867.29,
                                          "Plan Rows": 7753,
                                          "Plan Width": 4,
                                          "Plans": [
                                            {
                                              "Node Type": "Seq Scan",
                                              "Parent Relationship": "Outer",
                                              "Parallel Aware": true,
                                              "Async Capable": false,
                                              "Relation Name": "customer_address",
                                              "Alias": "ca",
                                              "Startup Cost": 0.0,
                                              "Total Cost": 6867.29,
                                              "Plan Rows": 7753,
                                              "Plan Width": 4,
                                              "Filter": "(ca_state = ANY ('{WI,NE,SD}'::bpchar[]))",
                                              "parent": 17,
                                              "ID": 18
                                            }
                                          ],
                                          "parent": 9,
                                          "ID": 17,
                                          "left": 18
                                        }
                                      ],
                                      "parent": 8,
                                      "ID": 9,
                                      "left": 10,
                                      "right": 17
                                    }
                                  ],
                                  "parent": 6,
                                  "ID": 8,
                                  "left": 9
                                }
                              ],
                              "parent": 5,
                              "ID": 6,
                              "left": 7,
                              "right": 8
                            }
                          ],
                          "parent": 4,
                          "ID": 5,
                          "left": 6
                        }
                      ],
                      "parent": 3,
                      "ID": 4,
                      "left": 5
                    },
                    {
                      "Node Type": "Materialize",
                      "Parent Relationship": "Inner",
                      "Parallel Aware": false,
                      "Async Capable": false,
                      "Startup Cost": 3157.65,
                      "Total Cost": 233105.09,
                      "Plan Rows": 8964,
                      "Plan Width": 4,
                      "Plans": [
                        {
                          "Node Type": "Gather",
                          "Parent Relationship": "Outer",
                          "Parallel Aware": false,
                          "Async Capable": false,
                          "Startup Cost": 3157.65,
                          "Total Cost": 233060.27,
                          "Plan Rows": 8964,
                          "Plan Width": 4,
                          "Workers Planned": 2,
                          "Single Copy": false,
                          "Plans": [
                            {
                              "Node Type": "Hash Join",
                              "Parent Relationship": "Outer",
                              "Parallel Aware": true,
                              "Async Capable": false,
                              "Join Type": "Inner",
                              "Startup Cost": 2157.65,
                              "Total Cost": 231163.87,
                              "Plan Rows": 3735,
                              "Plan Width": 4,
                              "Inner Unique": false,
                              "Hash Cond": "(web_sales.ws_sold_date_sk = date_dim_1.d_date_sk)",
                              "Plans": [
                                {
                                  "Node Type": "Seq Scan",
                                  "Parent Relationship": "Outer",
                                  "Parallel Aware": true,
                                  "Async Capable": false,
                                  "Relation Name": "web_sales",
                                  "Alias": "web_sales",
                                  "Startup Cost": 0.0,
                                  "Total Cost": 217737.86,
                                  "Plan Rows": 2998986,
                                  "Plan Width": 8,
                                  "parent": 21,
                                  "ID": 22
                                },
                                {
                                  "Node Type": "Hash",
                                  "Parent Relationship": "Inner",
                                  "Parallel Aware": true,
                                  "Async Capable": false,
                                  "Startup Cost": 2156.97,
                                  "Total Cost": 2156.97,
                                  "Plan Rows": 54,
                                  "Plan Width": 4,
                                  "Plans": [
                                    {
                                      "Node Type": "Seq Scan",
                                      "Parent Relationship": "Outer",
                                      "Parallel Aware": true,
                                      "Async Capable": false,
                                      "Relation Name": "date_dim",
                                      "Alias": "date_dim_1",
                                      "Startup Cost": 0.0,
                                      "Total Cost": 2156.97,
                                      "Plan Rows": 54,
                                      "Plan Width": 4,
                                      "Filter": "((d_moy >= 4) AND (d_moy <= 6) AND (d_year = 2003))",
                                      "parent": 23,
                                      "ID": 24
                                    }
                                  ],
                                  "parent": 21,
                                  "ID": 23,
                                  "left": 24
                                }
                              ],
                              "parent": 20,
                              "ID": 21,
                              "left": 22,
                              "right": 23
                            }
                          ],
                          "parent": 19,
                          "ID": 20,
                          "left": 21
                        }
                      ],
                      "parent": 3,
                      "ID": 19,
                      "left": 20
                    }
                  ],
                  "parent": 2,
                  "ID": 3,
                  "left": 4,
                  "right": 19
                },
                {
                  "Node Type": "Materialize",
                  "Parent Relationship": "Inner",
                  "Parallel Aware": false,
                  "Async Capable": false,
                  "Startup Cost": 2684.49,
                  "Total Cost": 574652.42,
                  "Plan Rows": 17839,
                  "Plan Width": 4,
                  "Plans": [
                    {
                      "Node Type": "Hash Join",
                      "Parent Relationship": "Outer",
                      "Parallel Aware": false,
                      "Async Capable": false,
                      "Join Type": "Inner",
                      "Startup Cost": 2684.49,
                      "Total Cost": 574563.22,
                      "Plan Rows": 17839,
                      "Plan Width": 4,
                      "Inner Unique": false,
                      "Hash Cond": "(catalog_sales.cs_sold_date_sk = date_dim_2.d_date_sk)",
                      "Plans": [
                        {
                          "Node Type": "Seq Scan",
                          "Parent Relationship": "Outer",
                          "Parallel Aware": false,
                          "Async Capable": false,
                          "Relation Name": "catalog_sales",
                          "Alias": "catalog_sales",
                          "Startup Cost": 0.0,
                          "Total Cost": 517695.61,
                          "Plan Rows": 14401261,
                          "Plan Width": 8,
                          "parent": 26,
                          "ID": 27
                        },
                        {
                          "Node Type": "Hash",
                          "Parent Relationship": "Inner",
                          "Parallel Aware": false,
                          "Async Capable": false,
                          "Startup Cost": 2683.36,
                          "Total Cost": 2683.36,
                          "Plan Rows": 91,
                          "Plan Width": 4,
                          "Plans": [
                            {
                              "Node Type": "Seq Scan",
                              "Parent Relationship": "Outer",
                              "Parallel Aware": false,
                              "Async Capable": false,
                              "Relation Name": "date_dim",
                              "Alias": "date_dim_2",
                              "Startup Cost": 0.0,
                              "Total Cost": 2683.36,
                              "Plan Rows": 91,
                              "Plan Width": 4,
                              "Filter": "((d_moy >= 4) AND (d_moy <= 6) AND (d_year = 2003))",
                              "parent": 28,
                              "ID": 29
                            }
                          ],
                          "parent": 26,
                          "ID": 28,
                          "left": 29
                        }
                      ],
                      "parent": 25,
                      "ID": 26,
                      "left": 27,
                      "right": 28
                    }
                  ],
                  "parent": 2,
                  "ID": 25,
                  "left": 26
                }
              ],
              "parent": 1,
              "ID": 2,
              "left": 3,
              "right": 25
            }
          ],
          "parent": 0,
          "ID": 1,
          "left": 2
        }
      ],
      "parent": null,
      "ID": 0,
      "left": 1
    },
    "feat": {
      "utility": 0.0,
      "query_shape": [
        [
          "Seq Scan",
          "Hash Join",
          "Sort",
          "Gather Merge",
          "Nested Loop",
          "Aggregate"
        ],
        [
          "Seq Scan",
          "Hash Join",
          "Hash",
          "Sort",
          "Gather Merge",
          "Nested Loop",
          "Aggregate"
        ],
        [
          "Seq Scan",
          "Hash Join",
          "Hash",
          "Sort",
          "Gather Merge",
          "Nested Loop",
          "Aggregate"
        ],
        [
          "Seq Scan",
          "Hash",
          "Hash Join",
          "Sort",
          "Gather Merge",
          "Nested Loop",
          "Aggregate"
        ],
        [
          "Seq Scan",
          "Hash",
          "Hash Join",
          "Sort",
          "Gather Merge",
          "Nested Loop",
          "Aggregate"
        ],
        [
          "Seq Scan",
          "Hash Join",
          "Gather",
          "Materialize",
          "Nested Loop",
          "Aggregate"
        ],
        [
          "Seq Scan",
          "Hash",
          "Hash Join",
          "Gather",
          "Materialize",
          "Nested Loop",
          "Aggregate"
        ],
        [
          "Seq Scan",
          "Hash Join",
          "Materialize",
          "Nested Loop",
          "Aggregate"
        ],
        [
          "Seq Scan",
          "Hash",
          "Hash Join",
          "Materialize",
          "Nested Loop",
          "Aggregate"
        ]
      ],
      "index_shape": [],
      "physical_operator": {}
    }
  },
  {
    "query": "select  \n  cd_gender,\n  cd_marital_status,\n  cd_education_status,\n  count(*) cnt1,\n  cd_purchase_estimate,\n  count(*) cnt2,\n  cd_credit_rating,\n  count(*) cnt3\n from\n  customer c,customer_address ca,customer_demographics\n where\n  c.c_current_addr_sk = ca.ca_address_sk and\n  ca_state in ('WI','NE','SD') and\n  cd_demo_sk = c.c_current_cdemo_sk and \n  exists (select *\n          from store_sales,date_dim\n          where c.c_customer_sk = ss_customer_sk and\n                ss_sold_date_sk = d_date_sk and\n                d_year = 2003 and\n                d_moy between 4 and 4+2) and\n   (not exists (select *\n            from web_sales,date_dim\n            where c.c_customer_sk = ws_bill_customer_sk and\n                  ws_sold_date_sk = d_date_sk and\n                  d_year = 2003 and\n                  d_moy between 4 and 4+2) and\n    not exists (select * \n            from catalog_sales,date_dim\n            where c.c_customer_sk = cs_ship_customer_sk and\n                  cs_sold_date_sk = d_date_sk and\n                  d_year = 2003 and\n                  d_moy between 4 and 4+2))\n group by cd_gender,\n          cd_marital_status,\n          cd_education_status,\n          cd_purchase_estimate,\n          cd_credit_rating\n order by cd_gender,\n          cd_marital_status,\n          cd_education_status,\n          cd_purchase_estimate,\n          cd_credit_rating\n limit 100;\n\n-- end query 51 in stream 1 using template query69.tpl\n",
    "indexes": "customer_address.ca_state",
    "wo plan est": {
      "Node Type": "Limit",
      "Parallel Aware": false,
      "Async Capable": false,
      "Startup Cost": 747713.69,
      "Total Cost": 825706.62,
      "Plan Rows": 100,
      "Plan Width": 64,
      "Plans": [
        {
          "Node Type": "Aggregate",
          "Strategy": "Sorted",
          "Partial Mode": "Simple",
          "Parent Relationship": "Outer",
          "Parallel Aware": false,
          "Async Capable": false,
          "Startup Cost": 747713.69,
          "Total Cost": 2483056.39,
          "Plan Rows": 2225,
          "Plan Width": 64,
          "Group Key": [
            "customer_demographics.cd_gender",
            "customer_demographics.cd_marital_status",
            "customer_demographics.cd_education_status",
            "customer_demographics.cd_purchase_estimate",
            "customer_demographics.cd_credit_rating"
          ],
          "Plans": [
            {
              "Node Type": "Nested Loop",
              "Parent Relationship": "Outer",
              "Parallel Aware": false,
              "Async Capable": false,
              "Join Type": "Anti",
              "Startup Cost": 747713.69,
              "Total Cost": 2483000.76,
              "Plan Rows": 2225,
              "Plan Width": 40,
              "Inner Unique": false,
              "Join Filter": "(c.c_customer_sk = catalog_sales.cs_ship_customer_sk)",
              "Plans": [
                {
                  "Node Type": "Nested Loop",
                  "Parent Relationship": "Outer",
                  "Parallel Aware": false,
                  "Async Capable": false,
                  "Join Type": "Anti",
                  "Startup Cost": 745029.2,
                  "Total Cost": 1291074.35,
                  "Plan Rows": 2307,
                  "Plan Width": 44,
                  "Inner Unique": false,
                  "Join Filter": "(c.c_customer_sk = web_sales.ws_bill_customer_sk)",
                  "Plans": [
                    {
                      "Node Type": "Gather Merge",
                      "Parent Relationship": "Outer",
                      "Parallel Aware": false,
                      "Async Capable": false,
                      "Startup Cost": 741871.55,
                      "Total Cost": 742145.13,
                      "Plan Rows": 2349,
                      "Plan Width": 44,
                      "Workers Planned": 2,
                      "Plans": [
                        {
                          "Node Type": "Sort",
                          "Parent Relationship": "Outer",
                          "Parallel Aware": false,
                          "Async Capable": false,
                          "Startup Cost": 740871.53,
                          "Total Cost": 740873.97,
                          "Plan Rows": 979,
                          "Plan Width": 44,
                          "Sort Key": [
                            "customer_demographics.cd_gender",
                            "customer_demographics.cd_marital_status",
                            "customer_demographics.cd_education_status",
                            "customer_demographics.cd_purchase_estimate",
                            "customer_demographics.cd_credit_rating"
                          ],
                          "Plans": [
                            {
                              "Node Type": "Hash Join",
                              "Parent Relationship": "Outer",
                              "Parallel Aware": true,
                              "Async Capable": false,
                              "Join Type": "Inner",
                              "Startup Cost": 707986.23,
                              "Total Cost": 740822.89,
                              "Plan Rows": 979,
                              "Plan Width": 44,
                              "Inner Unique": false,
                              "Hash Cond": "(customer_demographics.cd_demo_sk = c.c_current_cdemo_sk)",
                              "Plans": [
                                {
                                  "Node Type": "Seq Scan",
                                  "Parent Relationship": "Outer",
                                  "Parallel Aware": true,
                                  "Async Capable": false,
                                  "Relation Name": "customer_demographics",
                                  "Alias": "customer_demographics",
                                  "Startup Cost": 0.0,
                                  "Total Cost": 29831.33,
                                  "Plan Rows": 800333,
                                  "Plan Width": 44,
                                  "parent": 6,
                                  "ID": 7
                                },
                                {
                                  "Node Type": "Hash",
                                  "Parent Relationship": "Inner",
                                  "Parallel Aware": true,
                                  "Async Capable": false,
                                  "Startup Cost": 707973.57,
                                  "Total Cost": 707973.57,
                                  "Plan Rows": 1013,
                                  "Plan Width": 8,
                                  "Plans": [
                                    {
                                      "Node Type": "Hash Join",
                                      "Parent Relationship": "Outer",
                                      "Parallel Aware": true,
                                      "Async Capable": false,
                                      "Join Type": "Inner",
                                      "Startup Cost": 691301.61,
                                      "Total Cost": 707973.57,
                                      "Plan Rows": 1013,
                                      "Plan Width": 8,
                                      "Inner Unique": false,
                                      "Hash Cond": "(c.c_current_addr_sk = ca.ca_address_sk)",
                                      "Plans": [
                                        {
                                          "Node Type": "Hash Join",
                                          "Parent Relationship": "Outer",
                                          "Parallel Aware": true,
                                          "Async Capable": false,
                                          "Join Type": "Semi",
                                          "Startup Cost": 684337.4,
                                          "Total Cost": 700954.09,
                                          "Plan Rows": 13615,
                                          "Plan Width": 12,
                                          "Inner Unique": false,
                                          "Hash Cond": "(c.c_customer_sk = store_sales.ss_customer_sk)",
                                          "Plans": [
                                            {
                                              "Node Type": "Seq Scan",
                                              "Parent Relationship": "Outer",
                                              "Parallel Aware": true,
                                              "Async Capable": false,
                                              "Relation Name": "customer",
                                              "Alias": "c",
                                              "Startup Cost": 0.0,
                                              "Total Cost": 15918.33,
                                              "Plan Rows": 208333,
                                              "Plan Width": 12,
                                              "parent": 10,
                                              "ID": 11
                                            },
                                            {
                                              "Node Type": "Hash",
                                              "Parent Relationship": "Inner",
                                              "Parallel Aware": true,
                                              "Async Capable": false,
                                              "Startup Cost": 684159.07,
                                              "Total Cost": 684159.07,
                                              "Plan Rows": 14267,
                                              "Plan Width": 4,
                                              "Plans": [
                                                {
                                                  "Node Type": "Hash Join",
                                                  "Parent Relationship": "Outer",
                                                  "Parallel Aware": true,
                                                  "Async Capable": false,
                                                  "Join Type": "Inner",
                                                  "Startup Cost": 2157.65,
                                                  "Total Cost": 684159.07,
                                                  "Plan Rows": 14267,
                                                  "Plan Width": 4,
                                                  "Inner Unique": false,
                                                  "Hash Cond": "(store_sales.ss_sold_date_sk = date_dim.d_date_sk)",
                                                  "Plans": [
                                                    {
                                                      "Node Type": "Seq Scan",
                                                      "Parent Relationship": "Outer",
                                                      "Parallel Aware": true,
                                                      "Async Capable": false,
                                                      "Relation Name": "store_sales",
                                                      "Alias": "store_sales",
                                                      "Startup Cost": 0.0,
                                                      "Total Cost": 636914.37,
                                                      "Plan Rows": 12000637,
                                                      "Plan Width": 8,
                                                      "parent": 13,
                                                      "ID": 14
                                                    },
                                                    {
                                                      "Node Type": "Hash",
                                                      "Parent Relationship": "Inner",
                                                      "Parallel Aware": true,
                                                      "Async Capable": false,
                                                      "Startup Cost": 2156.97,
                                                      "Total Cost": 2156.97,
                                                      "Plan Rows": 54,
                                                      "Plan Width": 4,
                                                      "Plans": [
                                                        {
                                                          "Node Type": "Seq Scan",
                                                          "Parent Relationship": "Outer",
                                                          "Parallel Aware": true,
                                                          "Async Capable": false,
                                                          "Relation Name": "date_dim",
                                                          "Alias": "date_dim",
                                                          "Startup Cost": 0.0,
                                                          "Total Cost": 2156.97,
                                                          "Plan Rows": 54,
                                                          "Plan Width": 4,
                                                          "Filter": "((d_moy >= 4) AND (d_moy <= 6) AND (d_year = 2003))",
                                                          "parent": 15,
                                                          "ID": 16
                                                        }
                                                      ],
                                                      "parent": 13,
                                                      "ID": 15,
                                                      "left": 16
                                                    }
                                                  ],
                                                  "parent": 12,
                                                  "ID": 13,
                                                  "left": 14,
                                                  "right": 15
                                                }
                                              ],
                                              "parent": 10,
                                              "ID": 12,
                                              "left": 13
                                            }
                                          ],
                                          "parent": 9,
                                          "ID": 10,
                                          "left": 11,
                                          "right": 12
                                        },
                                        {
                                          "Node Type": "Hash",
                                          "Parent Relationship": "Inner",
                                          "Parallel Aware": true,
                                          "Async Capable": false,
                                          "Startup Cost": 6867.29,
                                          "Total Cost": 6867.29,
                                          "Plan Rows": 7753,
                                          "Plan Width": 4,
                                          "Plans": [
                                            {
                                              "Node Type": "Seq Scan",
                                              "Parent Relationship": "Outer",
                                              "Parallel Aware": true,
                                              "Async Capable": false,
                                              "Relation Name": "customer_address",
                                              "Alias": "ca",
                                              "Startup Cost": 0.0,
                                              "Total Cost": 6867.29,
                                              "Plan Rows": 7753,
                                              "Plan Width": 4,
                                              "Filter": "(ca_state = ANY ('{WI,NE,SD}'::bpchar[]))",
                                              "parent": 17,
                                              "ID": 18
                                            }
                                          ],
                                          "parent": 9,
                                          "ID": 17,
                                          "left": 18
                                        }
                                      ],
                                      "parent": 8,
                                      "ID": 9,
                                      "left": 10,
                                      "right": 17
                                    }
                                  ],
                                  "parent": 6,
                                  "ID": 8,
                                  "left": 9
                                }
                              ],
                              "parent": 5,
                              "ID": 6,
                              "left": 7,
                              "right": 8
                            }
                          ],
                          "parent": 4,
                          "ID": 5,
                          "left": 6
                        }
                      ],
                      "parent": 3,
                      "ID": 4,
                      "left": 5
                    },
                    {
                      "Node Type": "Materialize",
                      "Parent Relationship": "Inner",
                      "Parallel Aware": false,
                      "Async Capable": false,
                      "Startup Cost": 3157.65,
                      "Total Cost": 233105.09,
                      "Plan Rows": 8964,
                      "Plan Width": 4,
                      "Plans": [
                        {
                          "Node Type": "Gather",
                          "Parent Relationship": "Outer",
                          "Parallel Aware": false,
                          "Async Capable": false,
                          "Startup Cost": 3157.65,
                          "Total Cost": 233060.27,
                          "Plan Rows": 8964,
                          "Plan Width": 4,
                          "Workers Planned": 2,
                          "Single Copy": false,
                          "Plans": [
                            {
                              "Node Type": "Hash Join",
                              "Parent Relationship": "Outer",
                              "Parallel Aware": true,
                              "Async Capable": false,
                              "Join Type": "Inner",
                              "Startup Cost": 2157.65,
                              "Total Cost": 231163.87,
                              "Plan Rows": 3735,
                              "Plan Width": 4,
                              "Inner Unique": false,
                              "Hash Cond": "(web_sales.ws_sold_date_sk = date_dim_1.d_date_sk)",
                              "Plans": [
                                {
                                  "Node Type": "Seq Scan",
                                  "Parent Relationship": "Outer",
                                  "Parallel Aware": true,
                                  "Async Capable": false,
                                  "Relation Name": "web_sales",
                                  "Alias": "web_sales",
                                  "Startup Cost": 0.0,
                                  "Total Cost": 217737.86,
                                  "Plan Rows": 2998986,
                                  "Plan Width": 8,
                                  "parent": 21,
                                  "ID": 22
                                },
                                {
                                  "Node Type": "Hash",
                                  "Parent Relationship": "Inner",
                                  "Parallel Aware": true,
                                  "Async Capable": false,
                                  "Startup Cost": 2156.97,
                                  "Total Cost": 2156.97,
                                  "Plan Rows": 54,
                                  "Plan Width": 4,
                                  "Plans": [
                                    {
                                      "Node Type": "Seq Scan",
                                      "Parent Relationship": "Outer",
                                      "Parallel Aware": true,
                                      "Async Capable": false,
                                      "Relation Name": "date_dim",
                                      "Alias": "date_dim_1",
                                      "Startup Cost": 0.0,
                                      "Total Cost": 2156.97,
                                      "Plan Rows": 54,
                                      "Plan Width": 4,
                                      "Filter": "((d_moy >= 4) AND (d_moy <= 6) AND (d_year = 2003))",
                                      "parent": 23,
                                      "ID": 24
                                    }
                                  ],
                                  "parent": 21,
                                  "ID": 23,
                                  "left": 24
                                }
                              ],
                              "parent": 20,
                              "ID": 21,
                              "left": 22,
                              "right": 23
                            }
                          ],
                          "parent": 19,
                          "ID": 20,
                          "left": 21
                        }
                      ],
                      "parent": 3,
                      "ID": 19,
                      "left": 20
                    }
                  ],
                  "parent": 2,
                  "ID": 3,
                  "left": 4,
                  "right": 19
                },
                {
                  "Node Type": "Materialize",
                  "Parent Relationship": "Inner",
                  "Parallel Aware": false,
                  "Async Capable": false,
                  "Startup Cost": 2684.49,
                  "Total Cost": 574652.42,
                  "Plan Rows": 17839,
                  "Plan Width": 4,
                  "Plans": [
                    {
                      "Node Type": "Hash Join",
                      "Parent Relationship": "Outer",
                      "Parallel Aware": false,
                      "Async Capable": false,
                      "Join Type": "Inner",
                      "Startup Cost": 2684.49,
                      "Total Cost": 574563.22,
                      "Plan Rows": 17839,
                      "Plan Width": 4,
                      "Inner Unique": false,
                      "Hash Cond": "(catalog_sales.cs_sold_date_sk = date_dim_2.d_date_sk)",
                      "Plans": [
                        {
                          "Node Type": "Seq Scan",
                          "Parent Relationship": "Outer",
                          "Parallel Aware": false,
                          "Async Capable": false,
                          "Relation Name": "catalog_sales",
                          "Alias": "catalog_sales",
                          "Startup Cost": 0.0,
                          "Total Cost": 517695.61,
                          "Plan Rows": 14401261,
                          "Plan Width": 8,
                          "parent": 26,
                          "ID": 27
                        },
                        {
                          "Node Type": "Hash",
                          "Parent Relationship": "Inner",
                          "Parallel Aware": false,
                          "Async Capable": false,
                          "Startup Cost": 2683.36,
                          "Total Cost": 2683.36,
                          "Plan Rows": 91,
                          "Plan Width": 4,
                          "Plans": [
                            {
                              "Node Type": "Seq Scan",
                              "Parent Relationship": "Outer",
                              "Parallel Aware": false,
                              "Async Capable": false,
                              "Relation Name": "date_dim",
                              "Alias": "date_dim_2",
                              "Startup Cost": 0.0,
                              "Total Cost": 2683.36,
                              "Plan Rows": 91,
                              "Plan Width": 4,
                              "Filter": "((d_moy >= 4) AND (d_moy <= 6) AND (d_year = 2003))",
                              "parent": 28,
                              "ID": 29
                            }
                          ],
                          "parent": 26,
                          "ID": 28,
                          "left": 29
                        }
                      ],
                      "parent": 25,
                      "ID": 26,
                      "left": 27,
                      "right": 28
                    }
                  ],
                  "parent": 2,
                  "ID": 25,
                  "left": 26
                }
              ],
              "parent": 1,
              "ID": 2,
              "left": 3,
              "right": 25
            }
          ],
          "parent": 0,
          "ID": 1,
          "left": 2
        }
      ],
      "parent": null,
      "ID": 0,
      "left": 1
    },
    "feat": {
      "utility": 0.008058941809767736,
      "query_shape": [
        [
          "Seq Scan",
          "Hash Join",
          "Sort",
          "Gather Merge",
          "Nested Loop",
          "Aggregate"
        ],
        [
          "Seq Scan",
          "Hash Join",
          "Hash",
          "Sort",
          "Gather Merge",
          "Nested Loop",
          "Aggregate"
        ],
        [
          "Seq Scan",
          "Hash Join",
          "Hash",
          "Sort",
          "Gather Merge",
          "Nested Loop",
          "Aggregate"
        ],
        [
          "Seq Scan",
          "Hash",
          "Hash Join",
          "Sort",
          "Gather Merge",
          "Nested Loop",
          "Aggregate"
        ],
        [
          "Seq Scan",
          "Hash",
          "Hash Join",
          "Sort",
          "Gather Merge",
          "Nested Loop",
          "Aggregate"
        ],
        [
          "Seq Scan",
          "Hash Join",
          "Gather",
          "Materialize",
          "Nested Loop",
          "Aggregate"
        ],
        [
          "Seq Scan",
          "Hash",
          "Hash Join",
          "Gather",
          "Materialize",
          "Nested Loop",
          "Aggregate"
        ],
        [
          "Seq Scan",
          "Hash Join",
          "Materialize",
          "Nested Loop",
          "Aggregate"
        ],
        [
          "Seq Scan",
          "Hash",
          "Hash Join",
          "Materialize",
          "Nested Loop",
          "Aggregate"
        ]
      ],
      "index_shape": [
        "selection"
      ],
      "physical_operator": {
        "Seq Scan": [
          0.03101200000000004
        ]
      }
    }
  },
  {
    "query": "select  \n  cd_gender,\n  cd_marital_status,\n  cd_education_status,\n  count(*) cnt1,\n  cd_purchase_estimate,\n  count(*) cnt2,\n  cd_credit_rating,\n  count(*) cnt3\n from\n  customer c,customer_address ca,customer_demographics\n where\n  c.c_current_addr_sk = ca.ca_address_sk and\n  ca_state in ('WI','NE','SD') and\n  cd_demo_sk = c.c_current_cdemo_sk and \n  exists (select *\n          from store_sales,date_dim\n          where c.c_customer_sk = ss_customer_sk and\n                ss_sold_date_sk = d_date_sk and\n                d_year = 2003 and\n                d_moy between 4 and 4+2) and\n   (not exists (select *\n            from web_sales,date_dim\n            where c.c_customer_sk = ws_bill_customer_sk and\n                  ws_sold_date_sk = d_date_sk and\n                  d_year = 2003 and\n                  d_moy between 4 and 4+2) and\n    not exists (select * \n            from catalog_sales,date_dim\n            where c.c_customer_sk = cs_ship_customer_sk and\n                  cs_sold_date_sk = d_date_sk and\n                  d_year = 2003 and\n                  d_moy between 4 and 4+2))\n group by cd_gender,\n          cd_marital_status,\n          cd_education_status,\n          cd_purchase_estimate,\n          cd_credit_rating\n order by cd_gender,\n          cd_marital_status,\n          cd_education_status,\n          cd_purchase_estimate,\n          cd_credit_rating\n limit 100;\n\n-- end query 51 in stream 1 using template query69.tpl\n",
    "indexes": "customer_demographics.cd_purchase_estimate",
    "wo plan est": {
      "Node Type": "Limit",
      "Parallel Aware": false,
      "Async Capable": false,
      "Startup Cost": 747713.69,
      "Total Cost": 825706.62,
      "Plan Rows": 100,
      "Plan Width": 64,
      "Plans": [
        {
          "Node Type": "Aggregate",
          "Strategy": "Sorted",
          "Partial Mode": "Simple",
          "Parent Relationship": "Outer",
          "Parallel Aware": false,
          "Async Capable": false,
          "Startup Cost": 747713.69,
          "Total Cost": 2483056.39,
          "Plan Rows": 2225,
          "Plan Width": 64,
          "Group Key": [
            "customer_demographics.cd_gender",
            "customer_demographics.cd_marital_status",
            "customer_demographics.cd_education_status",
            "customer_demographics.cd_purchase_estimate",
            "customer_demographics.cd_credit_rating"
          ],
          "Plans": [
            {
              "Node Type": "Nested Loop",
              "Parent Relationship": "Outer",
              "Parallel Aware": false,
              "Async Capable": false,
              "Join Type": "Anti",
              "Startup Cost": 747713.69,
              "Total Cost": 2483000.76,
              "Plan Rows": 2225,
              "Plan Width": 40,
              "Inner Unique": false,
              "Join Filter": "(c.c_customer_sk = catalog_sales.cs_ship_customer_sk)",
              "Plans": [
                {
                  "Node Type": "Nested Loop",
                  "Parent Relationship": "Outer",
                  "Parallel Aware": false,
                  "Async Capable": false,
                  "Join Type": "Anti",
                  "Startup Cost": 745029.2,
                  "Total Cost": 1291074.35,
                  "Plan Rows": 2307,
                  "Plan Width": 44,
                  "Inner Unique": false,
                  "Join Filter": "(c.c_customer_sk = web_sales.ws_bill_customer_sk)",
                  "Plans": [
                    {
                      "Node Type": "Gather Merge",
                      "Parent Relationship": "Outer",
                      "Parallel Aware": false,
                      "Async Capable": false,
                      "Startup Cost": 741871.55,
                      "Total Cost": 742145.13,
                      "Plan Rows": 2349,
                      "Plan Width": 44,
                      "Workers Planned": 2,
                      "Plans": [
                        {
                          "Node Type": "Sort",
                          "Parent Relationship": "Outer",
                          "Parallel Aware": false,
                          "Async Capable": false,
                          "Startup Cost": 740871.53,
                          "Total Cost": 740873.97,
                          "Plan Rows": 979,
                          "Plan Width": 44,
                          "Sort Key": [
                            "customer_demographics.cd_gender",
                            "customer_demographics.cd_marital_status",
                            "customer_demographics.cd_education_status",
                            "customer_demographics.cd_purchase_estimate",
                            "customer_demographics.cd_credit_rating"
                          ],
                          "Plans": [
                            {
                              "Node Type": "Hash Join",
                              "Parent Relationship": "Outer",
                              "Parallel Aware": true,
                              "Async Capable": false,
                              "Join Type": "Inner",
                              "Startup Cost": 707986.23,
                              "Total Cost": 740822.89,
                              "Plan Rows": 979,
                              "Plan Width": 44,
                              "Inner Unique": false,
                              "Hash Cond": "(customer_demographics.cd_demo_sk = c.c_current_cdemo_sk)",
                              "Plans": [
                                {
                                  "Node Type": "Seq Scan",
                                  "Parent Relationship": "Outer",
                                  "Parallel Aware": true,
                                  "Async Capable": false,
                                  "Relation Name": "customer_demographics",
                                  "Alias": "customer_demographics",
                                  "Startup Cost": 0.0,
                                  "Total Cost": 29831.33,
                                  "Plan Rows": 800333,
                                  "Plan Width": 44,
                                  "parent": 6,
                                  "ID": 7
                                },
                                {
                                  "Node Type": "Hash",
                                  "Parent Relationship": "Inner",
                                  "Parallel Aware": true,
                                  "Async Capable": false,
                                  "Startup Cost": 707973.57,
                                  "Total Cost": 707973.57,
                                  "Plan Rows": 1013,
                                  "Plan Width": 8,
                                  "Plans": [
                                    {
                                      "Node Type": "Hash Join",
                                      "Parent Relationship": "Outer",
                                      "Parallel Aware": true,
                                      "Async Capable": false,
                                      "Join Type": "Inner",
                                      "Startup Cost": 691301.61,
                                      "Total Cost": 707973.57,
                                      "Plan Rows": 1013,
                                      "Plan Width": 8,
                                      "Inner Unique": false,
                                      "Hash Cond": "(c.c_current_addr_sk = ca.ca_address_sk)",
                                      "Plans": [
                                        {
                                          "Node Type": "Hash Join",
                                          "Parent Relationship": "Outer",
                                          "Parallel Aware": true,
                                          "Async Capable": false,
                                          "Join Type": "Semi",
                                          "Startup Cost": 684337.4,
                                          "Total Cost": 700954.09,
                                          "Plan Rows": 13615,
                                          "Plan Width": 12,
                                          "Inner Unique": false,
                                          "Hash Cond": "(c.c_customer_sk = store_sales.ss_customer_sk)",
                                          "Plans": [
                                            {
                                              "Node Type": "Seq Scan",
                                              "Parent Relationship": "Outer",
                                              "Parallel Aware": true,
                                              "Async Capable": false,
                                              "Relation Name": "customer",
                                              "Alias": "c",
                                              "Startup Cost": 0.0,
                                              "Total Cost": 15918.33,
                                              "Plan Rows": 208333,
                                              "Plan Width": 12,
                                              "parent": 10,
                                              "ID": 11
                                            },
                                            {
                                              "Node Type": "Hash",
                                              "Parent Relationship": "Inner",
                                              "Parallel Aware": true,
                                              "Async Capable": false,
                                              "Startup Cost": 684159.07,
                                              "Total Cost": 684159.07,
                                              "Plan Rows": 14267,
                                              "Plan Width": 4,
                                              "Plans": [
                                                {
                                                  "Node Type": "Hash Join",
                                                  "Parent Relationship": "Outer",
                                                  "Parallel Aware": true,
                                                  "Async Capable": false,
                                                  "Join Type": "Inner",
                                                  "Startup Cost": 2157.65,
                                                  "Total Cost": 684159.07,
                                                  "Plan Rows": 14267,
                                                  "Plan Width": 4,
                                                  "Inner Unique": false,
                                                  "Hash Cond": "(store_sales.ss_sold_date_sk = date_dim.d_date_sk)",
                                                  "Plans": [
                                                    {
                                                      "Node Type": "Seq Scan",
                                                      "Parent Relationship": "Outer",
                                                      "Parallel Aware": true,
                                                      "Async Capable": false,
                                                      "Relation Name": "store_sales",
                                                      "Alias": "store_sales",
                                                      "Startup Cost": 0.0,
                                                      "Total Cost": 636914.37,
                                                      "Plan Rows": 12000637,
                                                      "Plan Width": 8,
                                                      "parent": 13,
                                                      "ID": 14
                                                    },
                                                    {
                                                      "Node Type": "Hash",
                                                      "Parent Relationship": "Inner",
                                                      "Parallel Aware": true,
                                                      "Async Capable": false,
                                                      "Startup Cost": 2156.97,
                                                      "Total Cost": 2156.97,
                                                      "Plan Rows": 54,
                                                      "Plan Width": 4,
                                                      "Plans": [
                                                        {
                                                          "Node Type": "Seq Scan",
                                                          "Parent Relationship": "Outer",
                                                          "Parallel Aware": true,
                                                          "Async Capable": false,
                                                          "Relation Name": "date_dim",
                                                          "Alias": "date_dim",
                                                          "Startup Cost": 0.0,
                                                          "Total Cost": 2156.97,
                                                          "Plan Rows": 54,
                                                          "Plan Width": 4,
                                                          "Filter": "((d_moy >= 4) AND (d_moy <= 6) AND (d_year = 2003))",
                                                          "parent": 15,
                                                          "ID": 16
                                                        }
                                                      ],
                                                      "parent": 13,
                                                      "ID": 15,
                                                      "left": 16
                                                    }
                                                  ],
                                                  "parent": 12,
                                                  "ID": 13,
                                                  "left": 14,
                                                  "right": 15
                                                }
                                              ],
                                              "parent": 10,
                                              "ID": 12,
                                              "left": 13
                                            }
                                          ],
                                          "parent": 9,
                                          "ID": 10,
                                          "left": 11,
                                          "right": 12
                                        },
                                        {
                                          "Node Type": "Hash",
                                          "Parent Relationship": "Inner",
                                          "Parallel Aware": true,
                                          "Async Capable": false,
                                          "Startup Cost": 6867.29,
                                          "Total Cost": 6867.29,
                                          "Plan Rows": 7753,
                                          "Plan Width": 4,
                                          "Plans": [
                                            {
                                              "Node Type": "Seq Scan",
                                              "Parent Relationship": "Outer",
                                              "Parallel Aware": true,
                                              "Async Capable": false,
                                              "Relation Name": "customer_address",
                                              "Alias": "ca",
                                              "Startup Cost": 0.0,
                                              "Total Cost": 6867.29,
                                              "Plan Rows": 7753,
                                              "Plan Width": 4,
                                              "Filter": "(ca_state = ANY ('{WI,NE,SD}'::bpchar[]))",
                                              "parent": 17,
                                              "ID": 18
                                            }
                                          ],
                                          "parent": 9,
                                          "ID": 17,
                                          "left": 18
                                        }
                                      ],
                                      "parent": 8,
                                      "ID": 9,
                                      "left": 10,
                                      "right": 17
                                    }
                                  ],
                                  "parent": 6,
                                  "ID": 8,
                                  "left": 9
                                }
                              ],
                              "parent": 5,
                              "ID": 6,
                              "left": 7,
                              "right": 8
                            }
                          ],
                          "parent": 4,
                          "ID": 5,
                          "left": 6
                        }
                      ],
                      "parent": 3,
                      "ID": 4,
                      "left": 5
                    },
                    {
                      "Node Type": "Materialize",
                      "Parent Relationship": "Inner",
                      "Parallel Aware": false,
                      "Async Capable": false,
                      "Startup Cost": 3157.65,
                      "Total Cost": 233105.09,
                      "Plan Rows": 8964,
                      "Plan Width": 4,
                      "Plans": [
                        {
                          "Node Type": "Gather",
                          "Parent Relationship": "Outer",
                          "Parallel Aware": false,
                          "Async Capable": false,
                          "Startup Cost": 3157.65,
                          "Total Cost": 233060.27,
                          "Plan Rows": 8964,
                          "Plan Width": 4,
                          "Workers Planned": 2,
                          "Single Copy": false,
                          "Plans": [
                            {
                              "Node Type": "Hash Join",
                              "Parent Relationship": "Outer",
                              "Parallel Aware": true,
                              "Async Capable": false,
                              "Join Type": "Inner",
                              "Startup Cost": 2157.65,
                              "Total Cost": 231163.87,
                              "Plan Rows": 3735,
                              "Plan Width": 4,
                              "Inner Unique": false,
                              "Hash Cond": "(web_sales.ws_sold_date_sk = date_dim_1.d_date_sk)",
                              "Plans": [
                                {
                                  "Node Type": "Seq Scan",
                                  "Parent Relationship": "Outer",
                                  "Parallel Aware": true,
                                  "Async Capable": false,
                                  "Relation Name": "web_sales",
                                  "Alias": "web_sales",
                                  "Startup Cost": 0.0,
                                  "Total Cost": 217737.86,
                                  "Plan Rows": 2998986,
                                  "Plan Width": 8,
                                  "parent": 21,
                                  "ID": 22
                                },
                                {
                                  "Node Type": "Hash",
                                  "Parent Relationship": "Inner",
                                  "Parallel Aware": true,
                                  "Async Capable": false,
                                  "Startup Cost": 2156.97,
                                  "Total Cost": 2156.97,
                                  "Plan Rows": 54,
                                  "Plan Width": 4,
                                  "Plans": [
                                    {
                                      "Node Type": "Seq Scan",
                                      "Parent Relationship": "Outer",
                                      "Parallel Aware": true,
                                      "Async Capable": false,
                                      "Relation Name": "date_dim",
                                      "Alias": "date_dim_1",
                                      "Startup Cost": 0.0,
                                      "Total Cost": 2156.97,
                                      "Plan Rows": 54,
                                      "Plan Width": 4,
                                      "Filter": "((d_moy >= 4) AND (d_moy <= 6) AND (d_year = 2003))",
                                      "parent": 23,
                                      "ID": 24
                                    }
                                  ],
                                  "parent": 21,
                                  "ID": 23,
                                  "left": 24
                                }
                              ],
                              "parent": 20,
                              "ID": 21,
                              "left": 22,
                              "right": 23
                            }
                          ],
                          "parent": 19,
                          "ID": 20,
                          "left": 21
                        }
                      ],
                      "parent": 3,
                      "ID": 19,
                      "left": 20
                    }
                  ],
                  "parent": 2,
                  "ID": 3,
                  "left": 4,
                  "right": 19
                },
                {
                  "Node Type": "Materialize",
                  "Parent Relationship": "Inner",
                  "Parallel Aware": false,
                  "Async Capable": false,
                  "Startup Cost": 2684.49,
                  "Total Cost": 574652.42,
                  "Plan Rows": 17839,
                  "Plan Width": 4,
                  "Plans": [
                    {
                      "Node Type": "Hash Join",
                      "Parent Relationship": "Outer",
                      "Parallel Aware": false,
                      "Async Capable": false,
                      "Join Type": "Inner",
                      "Startup Cost": 2684.49,
                      "Total Cost": 574563.22,
                      "Plan Rows": 17839,
                      "Plan Width": 4,
                      "Inner Unique": false,
                      "Hash Cond": "(catalog_sales.cs_sold_date_sk = date_dim_2.d_date_sk)",
                      "Plans": [
                        {
                          "Node Type": "Seq Scan",
                          "Parent Relationship": "Outer",
                          "Parallel Aware": false,
                          "Async Capable": false,
                          "Relation Name": "catalog_sales",
                          "Alias": "catalog_sales",
                          "Startup Cost": 0.0,
                          "Total Cost": 517695.61,
                          "Plan Rows": 14401261,
                          "Plan Width": 8,
                          "parent": 26,
                          "ID": 27
                        },
                        {
                          "Node Type": "Hash",
                          "Parent Relationship": "Inner",
                          "Parallel Aware": false,
                          "Async Capable": false,
                          "Startup Cost": 2683.36,
                          "Total Cost": 2683.36,
                          "Plan Rows": 91,
                          "Plan Width": 4,
                          "Plans": [
                            {
                              "Node Type": "Seq Scan",
                              "Parent Relationship": "Outer",
                              "Parallel Aware": false,
                              "Async Capable": false,
                              "Relation Name": "date_dim",
                              "Alias": "date_dim_2",
                              "Startup Cost": 0.0,
                              "Total Cost": 2683.36,
                              "Plan Rows": 91,
                              "Plan Width": 4,
                              "Filter": "((d_moy >= 4) AND (d_moy <= 6) AND (d_year = 2003))",
                              "parent": 28,
                              "ID": 29
                            }
                          ],
                          "parent": 26,
                          "ID": 28,
                          "left": 29
                        }
                      ],
                      "parent": 25,
                      "ID": 26,
                      "left": 27,
                      "right": 28
                    }
                  ],
                  "parent": 2,
                  "ID": 25,
                  "left": 26
                }
              ],
              "parent": 1,
              "ID": 2,
              "left": 3,
              "right": 25
            }
          ],
          "parent": 0,
          "ID": 1,
          "left": 2
        }
      ],
      "parent": null,
      "ID": 0,
      "left": 1
    },
    "feat": {
      "utility": 0.0,
      "query_shape": [
        [
          "Seq Scan",
          "Hash Join",
          "Sort",
          "Gather Merge",
          "Nested Loop",
          "Aggregate"
        ],
        [
          "Seq Scan",
          "Hash Join",
          "Hash",
          "Sort",
          "Gather Merge",
          "Nested Loop",
          "Aggregate"
        ],
        [
          "Seq Scan",
          "Hash Join",
          "Hash",
          "Sort",
          "Gather Merge",
          "Nested Loop",
          "Aggregate"
        ],
        [
          "Seq Scan",
          "Hash",
          "Hash Join",
          "Sort",
          "Gather Merge",
          "Nested Loop",
          "Aggregate"
        ],
        [
          "Seq Scan",
          "Hash",
          "Hash Join",
          "Sort",
          "Gather Merge",
          "Nested Loop",
          "Aggregate"
        ],
        [
          "Seq Scan",
          "Hash Join",
          "Gather",
          "Materialize",
          "Nested Loop",
          "Aggregate"
        ],
        [
          "Seq Scan",
          "Hash",
          "Hash Join",
          "Gather",
          "Materialize",
          "Nested Loop",
          "Aggregate"
        ],
        [
          "Seq Scan",
          "Hash Join",
          "Materialize",
          "Nested Loop",
          "Aggregate"
        ],
        [
          "Seq Scan",
          "Hash",
          "Hash Join",
          "Materialize",
          "Nested Loop",
          "Aggregate"
        ]
      ],
      "index_shape": [
        "order-by"
      ],
      "physical_operator": {
        "Sort": [
          "[  500.           500.           500.          1000.\n  1000.          1450.00000001  1500.          1500.\n  2000.          2000.          2400.00000002  2500.\n  2500.          3000.          3000.          3349.99999998\n  3500.          3500.          4000.          4000.\n  4300.00000005  4500.          4500.          5000.\n  5000.          5250.          5500.          5500.\n  6000.          6000.          6199.99999995  6500.\n  6500.          7000.          7000.          7149.99999991\n  7500.          7500.          8000.          8000.\n  8100.00000009  8500.          8500.          9000.\n  9000.          9050.00000005  9500.          9500.\n 10000.         10000.         10000.        ]"
        ],
        "Aggregate": [
          "[  500.           500.           500.          1000.\n  1000.          1450.00000001  1500.          1500.\n  2000.          2000.          2400.00000002  2500.\n  2500.          3000.          3000.          3349.99999998\n  3500.          3500.          4000.          4000.\n  4300.00000005  4500.          4500.          5000.\n  5000.          5250.          5500.          5500.\n  6000.          6000.          6199.99999995  6500.\n  6500.          7000.          7000.          7149.99999991\n  7500.          7500.          8000.          8000.\n  8100.00000009  8500.          8500.          9000.\n  9000.          9050.00000005  9500.          9500.\n 10000.         10000.         10000.        ]"
        ]
      }
    }
  },
  {
    "query": "select  \n  cd_gender,\n  cd_marital_status,\n  cd_education_status,\n  count(*) cnt1,\n  cd_purchase_estimate,\n  count(*) cnt2,\n  cd_credit_rating,\n  count(*) cnt3\n from\n  customer c,customer_address ca,customer_demographics\n where\n  c.c_current_addr_sk = ca.ca_address_sk and\n  ca_state in ('WI','NE','SD') and\n  cd_demo_sk = c.c_current_cdemo_sk and \n  exists (select *\n          from store_sales,date_dim\n          where c.c_customer_sk = ss_customer_sk and\n                ss_sold_date_sk = d_date_sk and\n                d_year = 2003 and\n                d_moy between 4 and 4+2) and\n   (not exists (select *\n            from web_sales,date_dim\n            where c.c_customer_sk = ws_bill_customer_sk and\n                  ws_sold_date_sk = d_date_sk and\n                  d_year = 2003 and\n                  d_moy between 4 and 4+2) and\n    not exists (select * \n            from catalog_sales,date_dim\n            where c.c_customer_sk = cs_ship_customer_sk and\n                  cs_sold_date_sk = d_date_sk and\n                  d_year = 2003 and\n                  d_moy between 4 and 4+2))\n group by cd_gender,\n          cd_marital_status,\n          cd_education_status,\n          cd_purchase_estimate,\n          cd_credit_rating\n order by cd_gender,\n          cd_marital_status,\n          cd_education_status,\n          cd_purchase_estimate,\n          cd_credit_rating\n limit 100;\n\n-- end query 51 in stream 1 using template query69.tpl\n",
    "indexes": "customer_demographics.cd_demo_sk",
    "wo plan est": {
      "Node Type": "Limit",
      "Parallel Aware": false,
      "Async Capable": false,
      "Startup Cost": 747713.69,
      "Total Cost": 825706.62,
      "Plan Rows": 100,
      "Plan Width": 64,
      "Plans": [
        {
          "Node Type": "Aggregate",
          "Strategy": "Sorted",
          "Partial Mode": "Simple",
          "Parent Relationship": "Outer",
          "Parallel Aware": false,
          "Async Capable": false,
          "Startup Cost": 747713.69,
          "Total Cost": 2483056.39,
          "Plan Rows": 2225,
          "Plan Width": 64,
          "Group Key": [
            "customer_demographics.cd_gender",
            "customer_demographics.cd_marital_status",
            "customer_demographics.cd_education_status",
            "customer_demographics.cd_purchase_estimate",
            "customer_demographics.cd_credit_rating"
          ],
          "Plans": [
            {
              "Node Type": "Nested Loop",
              "Parent Relationship": "Outer",
              "Parallel Aware": false,
              "Async Capable": false,
              "Join Type": "Anti",
              "Startup Cost": 747713.69,
              "Total Cost": 2483000.76,
              "Plan Rows": 2225,
              "Plan Width": 40,
              "Inner Unique": false,
              "Join Filter": "(c.c_customer_sk = catalog_sales.cs_ship_customer_sk)",
              "Plans": [
                {
                  "Node Type": "Nested Loop",
                  "Parent Relationship": "Outer",
                  "Parallel Aware": false,
                  "Async Capable": false,
                  "Join Type": "Anti",
                  "Startup Cost": 745029.2,
                  "Total Cost": 1291074.35,
                  "Plan Rows": 2307,
                  "Plan Width": 44,
                  "Inner Unique": false,
                  "Join Filter": "(c.c_customer_sk = web_sales.ws_bill_customer_sk)",
                  "Plans": [
                    {
                      "Node Type": "Gather Merge",
                      "Parent Relationship": "Outer",
                      "Parallel Aware": false,
                      "Async Capable": false,
                      "Startup Cost": 741871.55,
                      "Total Cost": 742145.13,
                      "Plan Rows": 2349,
                      "Plan Width": 44,
                      "Workers Planned": 2,
                      "Plans": [
                        {
                          "Node Type": "Sort",
                          "Parent Relationship": "Outer",
                          "Parallel Aware": false,
                          "Async Capable": false,
                          "Startup Cost": 740871.53,
                          "Total Cost": 740873.97,
                          "Plan Rows": 979,
                          "Plan Width": 44,
                          "Sort Key": [
                            "customer_demographics.cd_gender",
                            "customer_demographics.cd_marital_status",
                            "customer_demographics.cd_education_status",
                            "customer_demographics.cd_purchase_estimate",
                            "customer_demographics.cd_credit_rating"
                          ],
                          "Plans": [
                            {
                              "Node Type": "Hash Join",
                              "Parent Relationship": "Outer",
                              "Parallel Aware": true,
                              "Async Capable": false,
                              "Join Type": "Inner",
                              "Startup Cost": 707986.23,
                              "Total Cost": 740822.89,
                              "Plan Rows": 979,
                              "Plan Width": 44,
                              "Inner Unique": false,
                              "Hash Cond": "(customer_demographics.cd_demo_sk = c.c_current_cdemo_sk)",
                              "Plans": [
                                {
                                  "Node Type": "Seq Scan",
                                  "Parent Relationship": "Outer",
                                  "Parallel Aware": true,
                                  "Async Capable": false,
                                  "Relation Name": "customer_demographics",
                                  "Alias": "customer_demographics",
                                  "Startup Cost": 0.0,
                                  "Total Cost": 29831.33,
                                  "Plan Rows": 800333,
                                  "Plan Width": 44,
                                  "parent": 6,
                                  "ID": 7
                                },
                                {
                                  "Node Type": "Hash",
                                  "Parent Relationship": "Inner",
                                  "Parallel Aware": true,
                                  "Async Capable": false,
                                  "Startup Cost": 707973.57,
                                  "Total Cost": 707973.57,
                                  "Plan Rows": 1013,
                                  "Plan Width": 8,
                                  "Plans": [
                                    {
                                      "Node Type": "Hash Join",
                                      "Parent Relationship": "Outer",
                                      "Parallel Aware": true,
                                      "Async Capable": false,
                                      "Join Type": "Inner",
                                      "Startup Cost": 691301.61,
                                      "Total Cost": 707973.57,
                                      "Plan Rows": 1013,
                                      "Plan Width": 8,
                                      "Inner Unique": false,
                                      "Hash Cond": "(c.c_current_addr_sk = ca.ca_address_sk)",
                                      "Plans": [
                                        {
                                          "Node Type": "Hash Join",
                                          "Parent Relationship": "Outer",
                                          "Parallel Aware": true,
                                          "Async Capable": false,
                                          "Join Type": "Semi",
                                          "Startup Cost": 684337.4,
                                          "Total Cost": 700954.09,
                                          "Plan Rows": 13615,
                                          "Plan Width": 12,
                                          "Inner Unique": false,
                                          "Hash Cond": "(c.c_customer_sk = store_sales.ss_customer_sk)",
                                          "Plans": [
                                            {
                                              "Node Type": "Seq Scan",
                                              "Parent Relationship": "Outer",
                                              "Parallel Aware": true,
                                              "Async Capable": false,
                                              "Relation Name": "customer",
                                              "Alias": "c",
                                              "Startup Cost": 0.0,
                                              "Total Cost": 15918.33,
                                              "Plan Rows": 208333,
                                              "Plan Width": 12,
                                              "parent": 10,
                                              "ID": 11
                                            },
                                            {
                                              "Node Type": "Hash",
                                              "Parent Relationship": "Inner",
                                              "Parallel Aware": true,
                                              "Async Capable": false,
                                              "Startup Cost": 684159.07,
                                              "Total Cost": 684159.07,
                                              "Plan Rows": 14267,
                                              "Plan Width": 4,
                                              "Plans": [
                                                {
                                                  "Node Type": "Hash Join",
                                                  "Parent Relationship": "Outer",
                                                  "Parallel Aware": true,
                                                  "Async Capable": false,
                                                  "Join Type": "Inner",
                                                  "Startup Cost": 2157.65,
                                                  "Total Cost": 684159.07,
                                                  "Plan Rows": 14267,
                                                  "Plan Width": 4,
                                                  "Inner Unique": false,
                                                  "Hash Cond": "(store_sales.ss_sold_date_sk = date_dim.d_date_sk)",
                                                  "Plans": [
                                                    {
                                                      "Node Type": "Seq Scan",
                                                      "Parent Relationship": "Outer",
                                                      "Parallel Aware": true,
                                                      "Async Capable": false,
                                                      "Relation Name": "store_sales",
                                                      "Alias": "store_sales",
                                                      "Startup Cost": 0.0,
                                                      "Total Cost": 636914.37,
                                                      "Plan Rows": 12000637,
                                                      "Plan Width": 8,
                                                      "parent": 13,
                                                      "ID": 14
                                                    },
                                                    {
                                                      "Node Type": "Hash",
                                                      "Parent Relationship": "Inner",
                                                      "Parallel Aware": true,
                                                      "Async Capable": false,
                                                      "Startup Cost": 2156.97,
                                                      "Total Cost": 2156.97,
                                                      "Plan Rows": 54,
                                                      "Plan Width": 4,
                                                      "Plans": [
                                                        {
                                                          "Node Type": "Seq Scan",
                                                          "Parent Relationship": "Outer",
                                                          "Parallel Aware": true,
                                                          "Async Capable": false,
                                                          "Relation Name": "date_dim",
                                                          "Alias": "date_dim",
                                                          "Startup Cost": 0.0,
                                                          "Total Cost": 2156.97,
                                                          "Plan Rows": 54,
                                                          "Plan Width": 4,
                                                          "Filter": "((d_moy >= 4) AND (d_moy <= 6) AND (d_year = 2003))",
                                                          "parent": 15,
                                                          "ID": 16
                                                        }
                                                      ],
                                                      "parent": 13,
                                                      "ID": 15,
                                                      "left": 16
                                                    }
                                                  ],
                                                  "parent": 12,
                                                  "ID": 13,
                                                  "left": 14,
                                                  "right": 15
                                                }
                                              ],
                                              "parent": 10,
                                              "ID": 12,
                                              "left": 13
                                            }
                                          ],
                                          "parent": 9,
                                          "ID": 10,
                                          "left": 11,
                                          "right": 12
                                        },
                                        {
                                          "Node Type": "Hash",
                                          "Parent Relationship": "Inner",
                                          "Parallel Aware": true,
                                          "Async Capable": false,
                                          "Startup Cost": 6867.29,
                                          "Total Cost": 6867.29,
                                          "Plan Rows": 7753,
                                          "Plan Width": 4,
                                          "Plans": [
                                            {
                                              "Node Type": "Seq Scan",
                                              "Parent Relationship": "Outer",
                                              "Parallel Aware": true,
                                              "Async Capable": false,
                                              "Relation Name": "customer_address",
                                              "Alias": "ca",
                                              "Startup Cost": 0.0,
                                              "Total Cost": 6867.29,
                                              "Plan Rows": 7753,
                                              "Plan Width": 4,
                                              "Filter": "(ca_state = ANY ('{WI,NE,SD}'::bpchar[]))",
                                              "parent": 17,
                                              "ID": 18
                                            }
                                          ],
                                          "parent": 9,
                                          "ID": 17,
                                          "left": 18
                                        }
                                      ],
                                      "parent": 8,
                                      "ID": 9,
                                      "left": 10,
                                      "right": 17
                                    }
                                  ],
                                  "parent": 6,
                                  "ID": 8,
                                  "left": 9
                                }
                              ],
                              "parent": 5,
                              "ID": 6,
                              "left": 7,
                              "right": 8
                            }
                          ],
                          "parent": 4,
                          "ID": 5,
                          "left": 6
                        }
                      ],
                      "parent": 3,
                      "ID": 4,
                      "left": 5
                    },
                    {
                      "Node Type": "Materialize",
                      "Parent Relationship": "Inner",
                      "Parallel Aware": false,
                      "Async Capable": false,
                      "Startup Cost": 3157.65,
                      "Total Cost": 233105.09,
                      "Plan Rows": 8964,
                      "Plan Width": 4,
                      "Plans": [
                        {
                          "Node Type": "Gather",
                          "Parent Relationship": "Outer",
                          "Parallel Aware": false,
                          "Async Capable": false,
                          "Startup Cost": 3157.65,
                          "Total Cost": 233060.27,
                          "Plan Rows": 8964,
                          "Plan Width": 4,
                          "Workers Planned": 2,
                          "Single Copy": false,
                          "Plans": [
                            {
                              "Node Type": "Hash Join",
                              "Parent Relationship": "Outer",
                              "Parallel Aware": true,
                              "Async Capable": false,
                              "Join Type": "Inner",
                              "Startup Cost": 2157.65,
                              "Total Cost": 231163.87,
                              "Plan Rows": 3735,
                              "Plan Width": 4,
                              "Inner Unique": false,
                              "Hash Cond": "(web_sales.ws_sold_date_sk = date_dim_1.d_date_sk)",
                              "Plans": [
                                {
                                  "Node Type": "Seq Scan",
                                  "Parent Relationship": "Outer",
                                  "Parallel Aware": true,
                                  "Async Capable": false,
                                  "Relation Name": "web_sales",
                                  "Alias": "web_sales",
                                  "Startup Cost": 0.0,
                                  "Total Cost": 217737.86,
                                  "Plan Rows": 2998986,
                                  "Plan Width": 8,
                                  "parent": 21,
                                  "ID": 22
                                },
                                {
                                  "Node Type": "Hash",
                                  "Parent Relationship": "Inner",
                                  "Parallel Aware": true,
                                  "Async Capable": false,
                                  "Startup Cost": 2156.97,
                                  "Total Cost": 2156.97,
                                  "Plan Rows": 54,
                                  "Plan Width": 4,
                                  "Plans": [
                                    {
                                      "Node Type": "Seq Scan",
                                      "Parent Relationship": "Outer",
                                      "Parallel Aware": true,
                                      "Async Capable": false,
                                      "Relation Name": "date_dim",
                                      "Alias": "date_dim_1",
                                      "Startup Cost": 0.0,
                                      "Total Cost": 2156.97,
                                      "Plan Rows": 54,
                                      "Plan Width": 4,
                                      "Filter": "((d_moy >= 4) AND (d_moy <= 6) AND (d_year = 2003))",
                                      "parent": 23,
                                      "ID": 24
                                    }
                                  ],
                                  "parent": 21,
                                  "ID": 23,
                                  "left": 24
                                }
                              ],
                              "parent": 20,
                              "ID": 21,
                              "left": 22,
                              "right": 23
                            }
                          ],
                          "parent": 19,
                          "ID": 20,
                          "left": 21
                        }
                      ],
                      "parent": 3,
                      "ID": 19,
                      "left": 20
                    }
                  ],
                  "parent": 2,
                  "ID": 3,
                  "left": 4,
                  "right": 19
                },
                {
                  "Node Type": "Materialize",
                  "Parent Relationship": "Inner",
                  "Parallel Aware": false,
                  "Async Capable": false,
                  "Startup Cost": 2684.49,
                  "Total Cost": 574652.42,
                  "Plan Rows": 17839,
                  "Plan Width": 4,
                  "Plans": [
                    {
                      "Node Type": "Hash Join",
                      "Parent Relationship": "Outer",
                      "Parallel Aware": false,
                      "Async Capable": false,
                      "Join Type": "Inner",
                      "Startup Cost": 2684.49,
                      "Total Cost": 574563.22,
                      "Plan Rows": 17839,
                      "Plan Width": 4,
                      "Inner Unique": false,
                      "Hash Cond": "(catalog_sales.cs_sold_date_sk = date_dim_2.d_date_sk)",
                      "Plans": [
                        {
                          "Node Type": "Seq Scan",
                          "Parent Relationship": "Outer",
                          "Parallel Aware": false,
                          "Async Capable": false,
                          "Relation Name": "catalog_sales",
                          "Alias": "catalog_sales",
                          "Startup Cost": 0.0,
                          "Total Cost": 517695.61,
                          "Plan Rows": 14401261,
                          "Plan Width": 8,
                          "parent": 26,
                          "ID": 27
                        },
                        {
                          "Node Type": "Hash",
                          "Parent Relationship": "Inner",
                          "Parallel Aware": false,
                          "Async Capable": false,
                          "Startup Cost": 2683.36,
                          "Total Cost": 2683.36,
                          "Plan Rows": 91,
                          "Plan Width": 4,
                          "Plans": [
                            {
                              "Node Type": "Seq Scan",
                              "Parent Relationship": "Outer",
                              "Parallel Aware": false,
                              "Async Capable": false,
                              "Relation Name": "date_dim",
                              "Alias": "date_dim_2",
                              "Startup Cost": 0.0,
                              "Total Cost": 2683.36,
                              "Plan Rows": 91,
                              "Plan Width": 4,
                              "Filter": "((d_moy >= 4) AND (d_moy <= 6) AND (d_year = 2003))",
                              "parent": 28,
                              "ID": 29
                            }
                          ],
                          "parent": 26,
                          "ID": 28,
                          "left": 29
                        }
                      ],
                      "parent": 25,
                      "ID": 26,
                      "left": 27,
                      "right": 28
                    }
                  ],
                  "parent": 2,
                  "ID": 25,
                  "left": 26
                }
              ],
              "parent": 1,
              "ID": 2,
              "left": 3,
              "right": 25
            }
          ],
          "parent": 0,
          "ID": 1,
          "left": 2
        }
      ],
      "parent": null,
      "ID": 0,
      "left": 1
    },
    "feat": {
      "utility": 0.003246202994750034,
      "query_shape": [
        [
          "Seq Scan",
          "Hash Join",
          "Sort",
          "Gather Merge",
          "Nested Loop",
          "Aggregate"
        ],
        [
          "Seq Scan",
          "Hash Join",
          "Hash",
          "Sort",
          "Gather Merge",
          "Nested Loop",
          "Aggregate"
        ],
        [
          "Seq Scan",
          "Hash Join",
          "Hash",
          "Sort",
          "Gather Merge",
          "Nested Loop",
          "Aggregate"
        ],
        [
          "Seq Scan",
          "Hash",
          "Hash Join",
          "Sort",
          "Gather Merge",
          "Nested Loop",
          "Aggregate"
        ],
        [
          "Seq Scan",
          "Hash",
          "Hash Join",
          "Sort",
          "Gather Merge",
          "Nested Loop",
          "Aggregate"
        ],
        [
          "Seq Scan",
          "Hash Join",
          "Gather",
          "Materialize",
          "Nested Loop",
          "Aggregate"
        ],
        [
          "Seq Scan",
          "Hash",
          "Hash Join",
          "Gather",
          "Materialize",
          "Nested Loop",
          "Aggregate"
        ],
        [
          "Seq Scan",
          "Hash Join",
          "Materialize",
          "Nested Loop",
          "Aggregate"
        ],
        [
          "Seq Scan",
          "Hash",
          "Hash Join",
          "Materialize",
          "Nested Loop",
          "Aggregate"
        ]
      ],
      "index_shape": [
        "join"
      ],
      "physical_operator": {
        "Hash Join": [
          0.0010988825096416013
        ]
      }
    }
  },
  {
    "query": "select  \n  cd_gender,\n  cd_marital_status,\n  cd_education_status,\n  count(*) cnt1,\n  cd_purchase_estimate,\n  count(*) cnt2,\n  cd_credit_rating,\n  count(*) cnt3\n from\n  customer c,customer_address ca,customer_demographics\n where\n  c.c_current_addr_sk = ca.ca_address_sk and\n  ca_state in ('WI','NE','SD') and\n  cd_demo_sk = c.c_current_cdemo_sk and \n  exists (select *\n          from store_sales,date_dim\n          where c.c_customer_sk = ss_customer_sk and\n                ss_sold_date_sk = d_date_sk and\n                d_year = 2003 and\n                d_moy between 4 and 4+2) and\n   (not exists (select *\n            from web_sales,date_dim\n            where c.c_customer_sk = ws_bill_customer_sk and\n                  ws_sold_date_sk = d_date_sk and\n                  d_year = 2003 and\n                  d_moy between 4 and 4+2) and\n    not exists (select * \n            from catalog_sales,date_dim\n            where c.c_customer_sk = cs_ship_customer_sk and\n                  cs_sold_date_sk = d_date_sk and\n                  d_year = 2003 and\n                  d_moy between 4 and 4+2))\n group by cd_gender,\n          cd_marital_status,\n          cd_education_status,\n          cd_purchase_estimate,\n          cd_credit_rating\n order by cd_gender,\n          cd_marital_status,\n          cd_education_status,\n          cd_purchase_estimate,\n          cd_credit_rating\n limit 100;\n\n-- end query 51 in stream 1 using template query69.tpl\n",
    "indexes": "customer_demographics.cd_gender",
    "wo plan est": {
      "Node Type": "Limit",
      "Parallel Aware": false,
      "Async Capable": false,
      "Startup Cost": 747713.69,
      "Total Cost": 825706.62,
      "Plan Rows": 100,
      "Plan Width": 64,
      "Plans": [
        {
          "Node Type": "Aggregate",
          "Strategy": "Sorted",
          "Partial Mode": "Simple",
          "Parent Relationship": "Outer",
          "Parallel Aware": false,
          "Async Capable": false,
          "Startup Cost": 747713.69,
          "Total Cost": 2483056.39,
          "Plan Rows": 2225,
          "Plan Width": 64,
          "Group Key": [
            "customer_demographics.cd_gender",
            "customer_demographics.cd_marital_status",
            "customer_demographics.cd_education_status",
            "customer_demographics.cd_purchase_estimate",
            "customer_demographics.cd_credit_rating"
          ],
          "Plans": [
            {
              "Node Type": "Nested Loop",
              "Parent Relationship": "Outer",
              "Parallel Aware": false,
              "Async Capable": false,
              "Join Type": "Anti",
              "Startup Cost": 747713.69,
              "Total Cost": 2483000.76,
              "Plan Rows": 2225,
              "Plan Width": 40,
              "Inner Unique": false,
              "Join Filter": "(c.c_customer_sk = catalog_sales.cs_ship_customer_sk)",
              "Plans": [
                {
                  "Node Type": "Nested Loop",
                  "Parent Relationship": "Outer",
                  "Parallel Aware": false,
                  "Async Capable": false,
                  "Join Type": "Anti",
                  "Startup Cost": 745029.2,
                  "Total Cost": 1291074.35,
                  "Plan Rows": 2307,
                  "Plan Width": 44,
                  "Inner Unique": false,
                  "Join Filter": "(c.c_customer_sk = web_sales.ws_bill_customer_sk)",
                  "Plans": [
                    {
                      "Node Type": "Gather Merge",
                      "Parent Relationship": "Outer",
                      "Parallel Aware": false,
                      "Async Capable": false,
                      "Startup Cost": 741871.55,
                      "Total Cost": 742145.13,
                      "Plan Rows": 2349,
                      "Plan Width": 44,
                      "Workers Planned": 2,
                      "Plans": [
                        {
                          "Node Type": "Sort",
                          "Parent Relationship": "Outer",
                          "Parallel Aware": false,
                          "Async Capable": false,
                          "Startup Cost": 740871.53,
                          "Total Cost": 740873.97,
                          "Plan Rows": 979,
                          "Plan Width": 44,
                          "Sort Key": [
                            "customer_demographics.cd_gender",
                            "customer_demographics.cd_marital_status",
                            "customer_demographics.cd_education_status",
                            "customer_demographics.cd_purchase_estimate",
                            "customer_demographics.cd_credit_rating"
                          ],
                          "Plans": [
                            {
                              "Node Type": "Hash Join",
                              "Parent Relationship": "Outer",
                              "Parallel Aware": true,
                              "Async Capable": false,
                              "Join Type": "Inner",
                              "Startup Cost": 707986.23,
                              "Total Cost": 740822.89,
                              "Plan Rows": 979,
                              "Plan Width": 44,
                              "Inner Unique": false,
                              "Hash Cond": "(customer_demographics.cd_demo_sk = c.c_current_cdemo_sk)",
                              "Plans": [
                                {
                                  "Node Type": "Seq Scan",
                                  "Parent Relationship": "Outer",
                                  "Parallel Aware": true,
                                  "Async Capable": false,
                                  "Relation Name": "customer_demographics",
                                  "Alias": "customer_demographics",
                                  "Startup Cost": 0.0,
                                  "Total Cost": 29831.33,
                                  "Plan Rows": 800333,
                                  "Plan Width": 44,
                                  "parent": 6,
                                  "ID": 7
                                },
                                {
                                  "Node Type": "Hash",
                                  "Parent Relationship": "Inner",
                                  "Parallel Aware": true,
                                  "Async Capable": false,
                                  "Startup Cost": 707973.57,
                                  "Total Cost": 707973.57,
                                  "Plan Rows": 1013,
                                  "Plan Width": 8,
                                  "Plans": [
                                    {
                                      "Node Type": "Hash Join",
                                      "Parent Relationship": "Outer",
                                      "Parallel Aware": true,
                                      "Async Capable": false,
                                      "Join Type": "Inner",
                                      "Startup Cost": 691301.61,
                                      "Total Cost": 707973.57,
                                      "Plan Rows": 1013,
                                      "Plan Width": 8,
                                      "Inner Unique": false,
                                      "Hash Cond": "(c.c_current_addr_sk = ca.ca_address_sk)",
                                      "Plans": [
                                        {
                                          "Node Type": "Hash Join",
                                          "Parent Relationship": "Outer",
                                          "Parallel Aware": true,
                                          "Async Capable": false,
                                          "Join Type": "Semi",
                                          "Startup Cost": 684337.4,
                                          "Total Cost": 700954.09,
                                          "Plan Rows": 13615,
                                          "Plan Width": 12,
                                          "Inner Unique": false,
                                          "Hash Cond": "(c.c_customer_sk = store_sales.ss_customer_sk)",
                                          "Plans": [
                                            {
                                              "Node Type": "Seq Scan",
                                              "Parent Relationship": "Outer",
                                              "Parallel Aware": true,
                                              "Async Capable": false,
                                              "Relation Name": "customer",
                                              "Alias": "c",
                                              "Startup Cost": 0.0,
                                              "Total Cost": 15918.33,
                                              "Plan Rows": 208333,
                                              "Plan Width": 12,
                                              "parent": 10,
                                              "ID": 11
                                            },
                                            {
                                              "Node Type": "Hash",
                                              "Parent Relationship": "Inner",
                                              "Parallel Aware": true,
                                              "Async Capable": false,
                                              "Startup Cost": 684159.07,
                                              "Total Cost": 684159.07,
                                              "Plan Rows": 14267,
                                              "Plan Width": 4,
                                              "Plans": [
                                                {
                                                  "Node Type": "Hash Join",
                                                  "Parent Relationship": "Outer",
                                                  "Parallel Aware": true,
                                                  "Async Capable": false,
                                                  "Join Type": "Inner",
                                                  "Startup Cost": 2157.65,
                                                  "Total Cost": 684159.07,
                                                  "Plan Rows": 14267,
                                                  "Plan Width": 4,
                                                  "Inner Unique": false,
                                                  "Hash Cond": "(store_sales.ss_sold_date_sk = date_dim.d_date_sk)",
                                                  "Plans": [
                                                    {
                                                      "Node Type": "Seq Scan",
                                                      "Parent Relationship": "Outer",
                                                      "Parallel Aware": true,
                                                      "Async Capable": false,
                                                      "Relation Name": "store_sales",
                                                      "Alias": "store_sales",
                                                      "Startup Cost": 0.0,
                                                      "Total Cost": 636914.37,
                                                      "Plan Rows": 12000637,
                                                      "Plan Width": 8,
                                                      "parent": 13,
                                                      "ID": 14
                                                    },
                                                    {
                                                      "Node Type": "Hash",
                                                      "Parent Relationship": "Inner",
                                                      "Parallel Aware": true,
                                                      "Async Capable": false,
                                                      "Startup Cost": 2156.97,
                                                      "Total Cost": 2156.97,
                                                      "Plan Rows": 54,
                                                      "Plan Width": 4,
                                                      "Plans": [
                                                        {
                                                          "Node Type": "Seq Scan",
                                                          "Parent Relationship": "Outer",
                                                          "Parallel Aware": true,
                                                          "Async Capable": false,
                                                          "Relation Name": "date_dim",
                                                          "Alias": "date_dim",
                                                          "Startup Cost": 0.0,
                                                          "Total Cost": 2156.97,
                                                          "Plan Rows": 54,
                                                          "Plan Width": 4,
                                                          "Filter": "((d_moy >= 4) AND (d_moy <= 6) AND (d_year = 2003))",
                                                          "parent": 15,
                                                          "ID": 16
                                                        }
                                                      ],
                                                      "parent": 13,
                                                      "ID": 15,
                                                      "left": 16
                                                    }
                                                  ],
                                                  "parent": 12,
                                                  "ID": 13,
                                                  "left": 14,
                                                  "right": 15
                                                }
                                              ],
                                              "parent": 10,
                                              "ID": 12,
                                              "left": 13
                                            }
                                          ],
                                          "parent": 9,
                                          "ID": 10,
                                          "left": 11,
                                          "right": 12
                                        },
                                        {
                                          "Node Type": "Hash",
                                          "Parent Relationship": "Inner",
                                          "Parallel Aware": true,
                                          "Async Capable": false,
                                          "Startup Cost": 6867.29,
                                          "Total Cost": 6867.29,
                                          "Plan Rows": 7753,
                                          "Plan Width": 4,
                                          "Plans": [
                                            {
                                              "Node Type": "Seq Scan",
                                              "Parent Relationship": "Outer",
                                              "Parallel Aware": true,
                                              "Async Capable": false,
                                              "Relation Name": "customer_address",
                                              "Alias": "ca",
                                              "Startup Cost": 0.0,
                                              "Total Cost": 6867.29,
                                              "Plan Rows": 7753,
                                              "Plan Width": 4,
                                              "Filter": "(ca_state = ANY ('{WI,NE,SD}'::bpchar[]))",
                                              "parent": 17,
                                              "ID": 18
                                            }
                                          ],
                                          "parent": 9,
                                          "ID": 17,
                                          "left": 18
                                        }
                                      ],
                                      "parent": 8,
                                      "ID": 9,
                                      "left": 10,
                                      "right": 17
                                    }
                                  ],
                                  "parent": 6,
                                  "ID": 8,
                                  "left": 9
                                }
                              ],
                              "parent": 5,
                              "ID": 6,
                              "left": 7,
                              "right": 8
                            }
                          ],
                          "parent": 4,
                          "ID": 5,
                          "left": 6
                        }
                      ],
                      "parent": 3,
                      "ID": 4,
                      "left": 5
                    },
                    {
                      "Node Type": "Materialize",
                      "Parent Relationship": "Inner",
                      "Parallel Aware": false,
                      "Async Capable": false,
                      "Startup Cost": 3157.65,
                      "Total Cost": 233105.09,
                      "Plan Rows": 8964,
                      "Plan Width": 4,
                      "Plans": [
                        {
                          "Node Type": "Gather",
                          "Parent Relationship": "Outer",
                          "Parallel Aware": false,
                          "Async Capable": false,
                          "Startup Cost": 3157.65,
                          "Total Cost": 233060.27,
                          "Plan Rows": 8964,
                          "Plan Width": 4,
                          "Workers Planned": 2,
                          "Single Copy": false,
                          "Plans": [
                            {
                              "Node Type": "Hash Join",
                              "Parent Relationship": "Outer",
                              "Parallel Aware": true,
                              "Async Capable": false,
                              "Join Type": "Inner",
                              "Startup Cost": 2157.65,
                              "Total Cost": 231163.87,
                              "Plan Rows": 3735,
                              "Plan Width": 4,
                              "Inner Unique": false,
                              "Hash Cond": "(web_sales.ws_sold_date_sk = date_dim_1.d_date_sk)",
                              "Plans": [
                                {
                                  "Node Type": "Seq Scan",
                                  "Parent Relationship": "Outer",
                                  "Parallel Aware": true,
                                  "Async Capable": false,
                                  "Relation Name": "web_sales",
                                  "Alias": "web_sales",
                                  "Startup Cost": 0.0,
                                  "Total Cost": 217737.86,
                                  "Plan Rows": 2998986,
                                  "Plan Width": 8,
                                  "parent": 21,
                                  "ID": 22
                                },
                                {
                                  "Node Type": "Hash",
                                  "Parent Relationship": "Inner",
                                  "Parallel Aware": true,
                                  "Async Capable": false,
                                  "Startup Cost": 2156.97,
                                  "Total Cost": 2156.97,
                                  "Plan Rows": 54,
                                  "Plan Width": 4,
                                  "Plans": [
                                    {
                                      "Node Type": "Seq Scan",
                                      "Parent Relationship": "Outer",
                                      "Parallel Aware": true,
                                      "Async Capable": false,
                                      "Relation Name": "date_dim",
                                      "Alias": "date_dim_1",
                                      "Startup Cost": 0.0,
                                      "Total Cost": 2156.97,
                                      "Plan Rows": 54,
                                      "Plan Width": 4,
                                      "Filter": "((d_moy >= 4) AND (d_moy <= 6) AND (d_year = 2003))",
                                      "parent": 23,
                                      "ID": 24
                                    }
                                  ],
                                  "parent": 21,
                                  "ID": 23,
                                  "left": 24
                                }
                              ],
                              "parent": 20,
                              "ID": 21,
                              "left": 22,
                              "right": 23
                            }
                          ],
                          "parent": 19,
                          "ID": 20,
                          "left": 21
                        }
                      ],
                      "parent": 3,
                      "ID": 19,
                      "left": 20
                    }
                  ],
                  "parent": 2,
                  "ID": 3,
                  "left": 4,
                  "right": 19
                },
                {
                  "Node Type": "Materialize",
                  "Parent Relationship": "Inner",
                  "Parallel Aware": false,
                  "Async Capable": false,
                  "Startup Cost": 2684.49,
                  "Total Cost": 574652.42,
                  "Plan Rows": 17839,
                  "Plan Width": 4,
                  "Plans": [
                    {
                      "Node Type": "Hash Join",
                      "Parent Relationship": "Outer",
                      "Parallel Aware": false,
                      "Async Capable": false,
                      "Join Type": "Inner",
                      "Startup Cost": 2684.49,
                      "Total Cost": 574563.22,
                      "Plan Rows": 17839,
                      "Plan Width": 4,
                      "Inner Unique": false,
                      "Hash Cond": "(catalog_sales.cs_sold_date_sk = date_dim_2.d_date_sk)",
                      "Plans": [
                        {
                          "Node Type": "Seq Scan",
                          "Parent Relationship": "Outer",
                          "Parallel Aware": false,
                          "Async Capable": false,
                          "Relation Name": "catalog_sales",
                          "Alias": "catalog_sales",
                          "Startup Cost": 0.0,
                          "Total Cost": 517695.61,
                          "Plan Rows": 14401261,
                          "Plan Width": 8,
                          "parent": 26,
                          "ID": 27
                        },
                        {
                          "Node Type": "Hash",
                          "Parent Relationship": "Inner",
                          "Parallel Aware": false,
                          "Async Capable": false,
                          "Startup Cost": 2683.36,
                          "Total Cost": 2683.36,
                          "Plan Rows": 91,
                          "Plan Width": 4,
                          "Plans": [
                            {
                              "Node Type": "Seq Scan",
                              "Parent Relationship": "Outer",
                              "Parallel Aware": false,
                              "Async Capable": false,
                              "Relation Name": "date_dim",
                              "Alias": "date_dim_2",
                              "Startup Cost": 0.0,
                              "Total Cost": 2683.36,
                              "Plan Rows": 91,
                              "Plan Width": 4,
                              "Filter": "((d_moy >= 4) AND (d_moy <= 6) AND (d_year = 2003))",
                              "parent": 28,
                              "ID": 29
                            }
                          ],
                          "parent": 26,
                          "ID": 28,
                          "left": 29
                        }
                      ],
                      "parent": 25,
                      "ID": 26,
                      "left": 27,
                      "right": 28
                    }
                  ],
                  "parent": 2,
                  "ID": 25,
                  "left": 26
                }
              ],
              "parent": 1,
              "ID": 2,
              "left": 3,
              "right": 25
            }
          ],
          "parent": 0,
          "ID": 1,
          "left": 2
        }
      ],
      "parent": null,
      "ID": 0,
      "left": 1
    },
    "feat": {
      "utility": 0.0,
      "query_shape": [
        [
          "Seq Scan",
          "Hash Join",
          "Sort",
          "Gather Merge",
          "Nested Loop",
          "Aggregate"
        ],
        [
          "Seq Scan",
          "Hash Join",
          "Hash",
          "Sort",
          "Gather Merge",
          "Nested Loop",
          "Aggregate"
        ],
        [
          "Seq Scan",
          "Hash Join",
          "Hash",
          "Sort",
          "Gather Merge",
          "Nested Loop",
          "Aggregate"
        ],
        [
          "Seq Scan",
          "Hash",
          "Hash Join",
          "Sort",
          "Gather Merge",
          "Nested Loop",
          "Aggregate"
        ],
        [
          "Seq Scan",
          "Hash",
          "Hash Join",
          "Sort",
          "Gather Merge",
          "Nested Loop",
          "Aggregate"
        ],
        [
          "Seq Scan",
          "Hash Join",
          "Gather",
          "Materialize",
          "Nested Loop",
          "Aggregate"
        ],
        [
          "Seq Scan",
          "Hash",
          "Hash Join",
          "Gather",
          "Materialize",
          "Nested Loop",
          "Aggregate"
        ],
        [
          "Seq Scan",
          "Hash Join",
          "Materialize",
          "Nested Loop",
          "Aggregate"
        ],
        [
          "Seq Scan",
          "Hash",
          "Hash Join",
          "Materialize",
          "Nested Loop",
          "Aggregate"
        ]
      ],
      "index_shape": [
        "order-by"
      ],
      "physical_operator": {
        "Sort": [
          "[0. 0. 0. 0. 0. 0. 0. 0. 0. 0. 0. 0. 0. 0. 0. 0. 0. 0. 0. 0. 0. 0. 0. 0.\n 0. 0. 0. 0. 0. 0. 0. 0. 0. 0. 0. 0. 0. 0. 0. 0. 0. 0. 0. 0. 0. 0. 0. 0.\n 0. 0. 0.]"
        ],
        "Aggregate": [
          "[0. 0. 0. 0. 0. 0. 0. 0. 0. 0. 0. 0. 0. 0. 0. 0. 0. 0. 0. 0. 0. 0. 0. 0.\n 0. 0. 0. 0. 0. 0. 0. 0. 0. 0. 0. 0. 0. 0. 0. 0. 0. 0. 0. 0. 0. 0. 0. 0.\n 0. 0. 0.]"
        ]
      }
    }
  },
  {
    "query": "select  \n  cd_gender,\n  cd_marital_status,\n  cd_education_status,\n  count(*) cnt1,\n  cd_purchase_estimate,\n  count(*) cnt2,\n  cd_credit_rating,\n  count(*) cnt3\n from\n  customer c,customer_address ca,customer_demographics\n where\n  c.c_current_addr_sk = ca.ca_address_sk and\n  ca_state in ('WI','NE','SD') and\n  cd_demo_sk = c.c_current_cdemo_sk and \n  exists (select *\n          from store_sales,date_dim\n          where c.c_customer_sk = ss_customer_sk and\n                ss_sold_date_sk = d_date_sk and\n                d_year = 2003 and\n                d_moy between 4 and 4+2) and\n   (not exists (select *\n            from web_sales,date_dim\n            where c.c_customer_sk = ws_bill_customer_sk and\n                  ws_sold_date_sk = d_date_sk and\n                  d_year = 2003 and\n                  d_moy between 4 and 4+2) and\n    not exists (select * \n            from catalog_sales,date_dim\n            where c.c_customer_sk = cs_ship_customer_sk and\n                  cs_sold_date_sk = d_date_sk and\n                  d_year = 2003 and\n                  d_moy between 4 and 4+2))\n group by cd_gender,\n          cd_marital_status,\n          cd_education_status,\n          cd_purchase_estimate,\n          cd_credit_rating\n order by cd_gender,\n          cd_marital_status,\n          cd_education_status,\n          cd_purchase_estimate,\n          cd_credit_rating\n limit 100;\n\n-- end query 51 in stream 1 using template query69.tpl\n",
    "indexes": "customer_demographics.cd_marital_status",
    "wo plan est": {
      "Node Type": "Limit",
      "Parallel Aware": false,
      "Async Capable": false,
      "Startup Cost": 747713.69,
      "Total Cost": 825706.62,
      "Plan Rows": 100,
      "Plan Width": 64,
      "Plans": [
        {
          "Node Type": "Aggregate",
          "Strategy": "Sorted",
          "Partial Mode": "Simple",
          "Parent Relationship": "Outer",
          "Parallel Aware": false,
          "Async Capable": false,
          "Startup Cost": 747713.69,
          "Total Cost": 2483056.39,
          "Plan Rows": 2225,
          "Plan Width": 64,
          "Group Key": [
            "customer_demographics.cd_gender",
            "customer_demographics.cd_marital_status",
            "customer_demographics.cd_education_status",
            "customer_demographics.cd_purchase_estimate",
            "customer_demographics.cd_credit_rating"
          ],
          "Plans": [
            {
              "Node Type": "Nested Loop",
              "Parent Relationship": "Outer",
              "Parallel Aware": false,
              "Async Capable": false,
              "Join Type": "Anti",
              "Startup Cost": 747713.69,
              "Total Cost": 2483000.76,
              "Plan Rows": 2225,
              "Plan Width": 40,
              "Inner Unique": false,
              "Join Filter": "(c.c_customer_sk = catalog_sales.cs_ship_customer_sk)",
              "Plans": [
                {
                  "Node Type": "Nested Loop",
                  "Parent Relationship": "Outer",
                  "Parallel Aware": false,
                  "Async Capable": false,
                  "Join Type": "Anti",
                  "Startup Cost": 745029.2,
                  "Total Cost": 1291074.35,
                  "Plan Rows": 2307,
                  "Plan Width": 44,
                  "Inner Unique": false,
                  "Join Filter": "(c.c_customer_sk = web_sales.ws_bill_customer_sk)",
                  "Plans": [
                    {
                      "Node Type": "Gather Merge",
                      "Parent Relationship": "Outer",
                      "Parallel Aware": false,
                      "Async Capable": false,
                      "Startup Cost": 741871.55,
                      "Total Cost": 742145.13,
                      "Plan Rows": 2349,
                      "Plan Width": 44,
                      "Workers Planned": 2,
                      "Plans": [
                        {
                          "Node Type": "Sort",
                          "Parent Relationship": "Outer",
                          "Parallel Aware": false,
                          "Async Capable": false,
                          "Startup Cost": 740871.53,
                          "Total Cost": 740873.97,
                          "Plan Rows": 979,
                          "Plan Width": 44,
                          "Sort Key": [
                            "customer_demographics.cd_gender",
                            "customer_demographics.cd_marital_status",
                            "customer_demographics.cd_education_status",
                            "customer_demographics.cd_purchase_estimate",
                            "customer_demographics.cd_credit_rating"
                          ],
                          "Plans": [
                            {
                              "Node Type": "Hash Join",
                              "Parent Relationship": "Outer",
                              "Parallel Aware": true,
                              "Async Capable": false,
                              "Join Type": "Inner",
                              "Startup Cost": 707986.23,
                              "Total Cost": 740822.89,
                              "Plan Rows": 979,
                              "Plan Width": 44,
                              "Inner Unique": false,
                              "Hash Cond": "(customer_demographics.cd_demo_sk = c.c_current_cdemo_sk)",
                              "Plans": [
                                {
                                  "Node Type": "Seq Scan",
                                  "Parent Relationship": "Outer",
                                  "Parallel Aware": true,
                                  "Async Capable": false,
                                  "Relation Name": "customer_demographics",
                                  "Alias": "customer_demographics",
                                  "Startup Cost": 0.0,
                                  "Total Cost": 29831.33,
                                  "Plan Rows": 800333,
                                  "Plan Width": 44,
                                  "parent": 6,
                                  "ID": 7
                                },
                                {
                                  "Node Type": "Hash",
                                  "Parent Relationship": "Inner",
                                  "Parallel Aware": true,
                                  "Async Capable": false,
                                  "Startup Cost": 707973.57,
                                  "Total Cost": 707973.57,
                                  "Plan Rows": 1013,
                                  "Plan Width": 8,
                                  "Plans": [
                                    {
                                      "Node Type": "Hash Join",
                                      "Parent Relationship": "Outer",
                                      "Parallel Aware": true,
                                      "Async Capable": false,
                                      "Join Type": "Inner",
                                      "Startup Cost": 691301.61,
                                      "Total Cost": 707973.57,
                                      "Plan Rows": 1013,
                                      "Plan Width": 8,
                                      "Inner Unique": false,
                                      "Hash Cond": "(c.c_current_addr_sk = ca.ca_address_sk)",
                                      "Plans": [
                                        {
                                          "Node Type": "Hash Join",
                                          "Parent Relationship": "Outer",
                                          "Parallel Aware": true,
                                          "Async Capable": false,
                                          "Join Type": "Semi",
                                          "Startup Cost": 684337.4,
                                          "Total Cost": 700954.09,
                                          "Plan Rows": 13615,
                                          "Plan Width": 12,
                                          "Inner Unique": false,
                                          "Hash Cond": "(c.c_customer_sk = store_sales.ss_customer_sk)",
                                          "Plans": [
                                            {
                                              "Node Type": "Seq Scan",
                                              "Parent Relationship": "Outer",
                                              "Parallel Aware": true,
                                              "Async Capable": false,
                                              "Relation Name": "customer",
                                              "Alias": "c",
                                              "Startup Cost": 0.0,
                                              "Total Cost": 15918.33,
                                              "Plan Rows": 208333,
                                              "Plan Width": 12,
                                              "parent": 10,
                                              "ID": 11
                                            },
                                            {
                                              "Node Type": "Hash",
                                              "Parent Relationship": "Inner",
                                              "Parallel Aware": true,
                                              "Async Capable": false,
                                              "Startup Cost": 684159.07,
                                              "Total Cost": 684159.07,
                                              "Plan Rows": 14267,
                                              "Plan Width": 4,
                                              "Plans": [
                                                {
                                                  "Node Type": "Hash Join",
                                                  "Parent Relationship": "Outer",
                                                  "Parallel Aware": true,
                                                  "Async Capable": false,
                                                  "Join Type": "Inner",
                                                  "Startup Cost": 2157.65,
                                                  "Total Cost": 684159.07,
                                                  "Plan Rows": 14267,
                                                  "Plan Width": 4,
                                                  "Inner Unique": false,
                                                  "Hash Cond": "(store_sales.ss_sold_date_sk = date_dim.d_date_sk)",
                                                  "Plans": [
                                                    {
                                                      "Node Type": "Seq Scan",
                                                      "Parent Relationship": "Outer",
                                                      "Parallel Aware": true,
                                                      "Async Capable": false,
                                                      "Relation Name": "store_sales",
                                                      "Alias": "store_sales",
                                                      "Startup Cost": 0.0,
                                                      "Total Cost": 636914.37,
                                                      "Plan Rows": 12000637,
                                                      "Plan Width": 8,
                                                      "parent": 13,
                                                      "ID": 14
                                                    },
                                                    {
                                                      "Node Type": "Hash",
                                                      "Parent Relationship": "Inner",
                                                      "Parallel Aware": true,
                                                      "Async Capable": false,
                                                      "Startup Cost": 2156.97,
                                                      "Total Cost": 2156.97,
                                                      "Plan Rows": 54,
                                                      "Plan Width": 4,
                                                      "Plans": [
                                                        {
                                                          "Node Type": "Seq Scan",
                                                          "Parent Relationship": "Outer",
                                                          "Parallel Aware": true,
                                                          "Async Capable": false,
                                                          "Relation Name": "date_dim",
                                                          "Alias": "date_dim",
                                                          "Startup Cost": 0.0,
                                                          "Total Cost": 2156.97,
                                                          "Plan Rows": 54,
                                                          "Plan Width": 4,
                                                          "Filter": "((d_moy >= 4) AND (d_moy <= 6) AND (d_year = 2003))",
                                                          "parent": 15,
                                                          "ID": 16
                                                        }
                                                      ],
                                                      "parent": 13,
                                                      "ID": 15,
                                                      "left": 16
                                                    }
                                                  ],
                                                  "parent": 12,
                                                  "ID": 13,
                                                  "left": 14,
                                                  "right": 15
                                                }
                                              ],
                                              "parent": 10,
                                              "ID": 12,
                                              "left": 13
                                            }
                                          ],
                                          "parent": 9,
                                          "ID": 10,
                                          "left": 11,
                                          "right": 12
                                        },
                                        {
                                          "Node Type": "Hash",
                                          "Parent Relationship": "Inner",
                                          "Parallel Aware": true,
                                          "Async Capable": false,
                                          "Startup Cost": 6867.29,
                                          "Total Cost": 6867.29,
                                          "Plan Rows": 7753,
                                          "Plan Width": 4,
                                          "Plans": [
                                            {
                                              "Node Type": "Seq Scan",
                                              "Parent Relationship": "Outer",
                                              "Parallel Aware": true,
                                              "Async Capable": false,
                                              "Relation Name": "customer_address",
                                              "Alias": "ca",
                                              "Startup Cost": 0.0,
                                              "Total Cost": 6867.29,
                                              "Plan Rows": 7753,
                                              "Plan Width": 4,
                                              "Filter": "(ca_state = ANY ('{WI,NE,SD}'::bpchar[]))",
                                              "parent": 17,
                                              "ID": 18
                                            }
                                          ],
                                          "parent": 9,
                                          "ID": 17,
                                          "left": 18
                                        }
                                      ],
                                      "parent": 8,
                                      "ID": 9,
                                      "left": 10,
                                      "right": 17
                                    }
                                  ],
                                  "parent": 6,
                                  "ID": 8,
                                  "left": 9
                                }
                              ],
                              "parent": 5,
                              "ID": 6,
                              "left": 7,
                              "right": 8
                            }
                          ],
                          "parent": 4,
                          "ID": 5,
                          "left": 6
                        }
                      ],
                      "parent": 3,
                      "ID": 4,
                      "left": 5
                    },
                    {
                      "Node Type": "Materialize",
                      "Parent Relationship": "Inner",
                      "Parallel Aware": false,
                      "Async Capable": false,
                      "Startup Cost": 3157.65,
                      "Total Cost": 233105.09,
                      "Plan Rows": 8964,
                      "Plan Width": 4,
                      "Plans": [
                        {
                          "Node Type": "Gather",
                          "Parent Relationship": "Outer",
                          "Parallel Aware": false,
                          "Async Capable": false,
                          "Startup Cost": 3157.65,
                          "Total Cost": 233060.27,
                          "Plan Rows": 8964,
                          "Plan Width": 4,
                          "Workers Planned": 2,
                          "Single Copy": false,
                          "Plans": [
                            {
                              "Node Type": "Hash Join",
                              "Parent Relationship": "Outer",
                              "Parallel Aware": true,
                              "Async Capable": false,
                              "Join Type": "Inner",
                              "Startup Cost": 2157.65,
                              "Total Cost": 231163.87,
                              "Plan Rows": 3735,
                              "Plan Width": 4,
                              "Inner Unique": false,
                              "Hash Cond": "(web_sales.ws_sold_date_sk = date_dim_1.d_date_sk)",
                              "Plans": [
                                {
                                  "Node Type": "Seq Scan",
                                  "Parent Relationship": "Outer",
                                  "Parallel Aware": true,
                                  "Async Capable": false,
                                  "Relation Name": "web_sales",
                                  "Alias": "web_sales",
                                  "Startup Cost": 0.0,
                                  "Total Cost": 217737.86,
                                  "Plan Rows": 2998986,
                                  "Plan Width": 8,
                                  "parent": 21,
                                  "ID": 22
                                },
                                {
                                  "Node Type": "Hash",
                                  "Parent Relationship": "Inner",
                                  "Parallel Aware": true,
                                  "Async Capable": false,
                                  "Startup Cost": 2156.97,
                                  "Total Cost": 2156.97,
                                  "Plan Rows": 54,
                                  "Plan Width": 4,
                                  "Plans": [
                                    {
                                      "Node Type": "Seq Scan",
                                      "Parent Relationship": "Outer",
                                      "Parallel Aware": true,
                                      "Async Capable": false,
                                      "Relation Name": "date_dim",
                                      "Alias": "date_dim_1",
                                      "Startup Cost": 0.0,
                                      "Total Cost": 2156.97,
                                      "Plan Rows": 54,
                                      "Plan Width": 4,
                                      "Filter": "((d_moy >= 4) AND (d_moy <= 6) AND (d_year = 2003))",
                                      "parent": 23,
                                      "ID": 24
                                    }
                                  ],
                                  "parent": 21,
                                  "ID": 23,
                                  "left": 24
                                }
                              ],
                              "parent": 20,
                              "ID": 21,
                              "left": 22,
                              "right": 23
                            }
                          ],
                          "parent": 19,
                          "ID": 20,
                          "left": 21
                        }
                      ],
                      "parent": 3,
                      "ID": 19,
                      "left": 20
                    }
                  ],
                  "parent": 2,
                  "ID": 3,
                  "left": 4,
                  "right": 19
                },
                {
                  "Node Type": "Materialize",
                  "Parent Relationship": "Inner",
                  "Parallel Aware": false,
                  "Async Capable": false,
                  "Startup Cost": 2684.49,
                  "Total Cost": 574652.42,
                  "Plan Rows": 17839,
                  "Plan Width": 4,
                  "Plans": [
                    {
                      "Node Type": "Hash Join",
                      "Parent Relationship": "Outer",
                      "Parallel Aware": false,
                      "Async Capable": false,
                      "Join Type": "Inner",
                      "Startup Cost": 2684.49,
                      "Total Cost": 574563.22,
                      "Plan Rows": 17839,
                      "Plan Width": 4,
                      "Inner Unique": false,
                      "Hash Cond": "(catalog_sales.cs_sold_date_sk = date_dim_2.d_date_sk)",
                      "Plans": [
                        {
                          "Node Type": "Seq Scan",
                          "Parent Relationship": "Outer",
                          "Parallel Aware": false,
                          "Async Capable": false,
                          "Relation Name": "catalog_sales",
                          "Alias": "catalog_sales",
                          "Startup Cost": 0.0,
                          "Total Cost": 517695.61,
                          "Plan Rows": 14401261,
                          "Plan Width": 8,
                          "parent": 26,
                          "ID": 27
                        },
                        {
                          "Node Type": "Hash",
                          "Parent Relationship": "Inner",
                          "Parallel Aware": false,
                          "Async Capable": false,
                          "Startup Cost": 2683.36,
                          "Total Cost": 2683.36,
                          "Plan Rows": 91,
                          "Plan Width": 4,
                          "Plans": [
                            {
                              "Node Type": "Seq Scan",
                              "Parent Relationship": "Outer",
                              "Parallel Aware": false,
                              "Async Capable": false,
                              "Relation Name": "date_dim",
                              "Alias": "date_dim_2",
                              "Startup Cost": 0.0,
                              "Total Cost": 2683.36,
                              "Plan Rows": 91,
                              "Plan Width": 4,
                              "Filter": "((d_moy >= 4) AND (d_moy <= 6) AND (d_year = 2003))",
                              "parent": 28,
                              "ID": 29
                            }
                          ],
                          "parent": 26,
                          "ID": 28,
                          "left": 29
                        }
                      ],
                      "parent": 25,
                      "ID": 26,
                      "left": 27,
                      "right": 28
                    }
                  ],
                  "parent": 2,
                  "ID": 25,
                  "left": 26
                }
              ],
              "parent": 1,
              "ID": 2,
              "left": 3,
              "right": 25
            }
          ],
          "parent": 0,
          "ID": 1,
          "left": 2
        }
      ],
      "parent": null,
      "ID": 0,
      "left": 1
    },
    "feat": {
      "utility": 0.0,
      "query_shape": [
        [
          "Seq Scan",
          "Hash Join",
          "Sort",
          "Gather Merge",
          "Nested Loop",
          "Aggregate"
        ],
        [
          "Seq Scan",
          "Hash Join",
          "Hash",
          "Sort",
          "Gather Merge",
          "Nested Loop",
          "Aggregate"
        ],
        [
          "Seq Scan",
          "Hash Join",
          "Hash",
          "Sort",
          "Gather Merge",
          "Nested Loop",
          "Aggregate"
        ],
        [
          "Seq Scan",
          "Hash",
          "Hash Join",
          "Sort",
          "Gather Merge",
          "Nested Loop",
          "Aggregate"
        ],
        [
          "Seq Scan",
          "Hash",
          "Hash Join",
          "Sort",
          "Gather Merge",
          "Nested Loop",
          "Aggregate"
        ],
        [
          "Seq Scan",
          "Hash Join",
          "Gather",
          "Materialize",
          "Nested Loop",
          "Aggregate"
        ],
        [
          "Seq Scan",
          "Hash",
          "Hash Join",
          "Gather",
          "Materialize",
          "Nested Loop",
          "Aggregate"
        ],
        [
          "Seq Scan",
          "Hash Join",
          "Materialize",
          "Nested Loop",
          "Aggregate"
        ],
        [
          "Seq Scan",
          "Hash",
          "Hash Join",
          "Materialize",
          "Nested Loop",
          "Aggregate"
        ]
      ],
      "index_shape": [
        "order-by"
      ],
      "physical_operator": {
        "Sort": [
          "[0. 0. 0. 0. 0. 0. 0. 0. 0. 0. 0. 0. 0. 0. 0. 0. 0. 0. 0. 0. 0. 0. 0. 0.\n 0. 0. 0. 0. 0. 0. 0. 0. 0. 0. 0. 0. 0. 0. 0. 0. 0. 0. 0. 0. 0. 0. 0. 0.\n 0. 0. 0.]"
        ],
        "Aggregate": [
          "[0. 0. 0. 0. 0. 0. 0. 0. 0. 0. 0. 0. 0. 0. 0. 0. 0. 0. 0. 0. 0. 0. 0. 0.\n 0. 0. 0. 0. 0. 0. 0. 0. 0. 0. 0. 0. 0. 0. 0. 0. 0. 0. 0. 0. 0. 0. 0. 0.\n 0. 0. 0.]"
        ]
      }
    }
  },
  {
    "query": "select  \n  cd_gender,\n  cd_marital_status,\n  cd_education_status,\n  count(*) cnt1,\n  cd_purchase_estimate,\n  count(*) cnt2,\n  cd_credit_rating,\n  count(*) cnt3\n from\n  customer c,customer_address ca,customer_demographics\n where\n  c.c_current_addr_sk = ca.ca_address_sk and\n  ca_state in ('WI','NE','SD') and\n  cd_demo_sk = c.c_current_cdemo_sk and \n  exists (select *\n          from store_sales,date_dim\n          where c.c_customer_sk = ss_customer_sk and\n                ss_sold_date_sk = d_date_sk and\n                d_year = 2003 and\n                d_moy between 4 and 4+2) and\n   (not exists (select *\n            from web_sales,date_dim\n            where c.c_customer_sk = ws_bill_customer_sk and\n                  ws_sold_date_sk = d_date_sk and\n                  d_year = 2003 and\n                  d_moy between 4 and 4+2) and\n    not exists (select * \n            from catalog_sales,date_dim\n            where c.c_customer_sk = cs_ship_customer_sk and\n                  cs_sold_date_sk = d_date_sk and\n                  d_year = 2003 and\n                  d_moy between 4 and 4+2))\n group by cd_gender,\n          cd_marital_status,\n          cd_education_status,\n          cd_purchase_estimate,\n          cd_credit_rating\n order by cd_gender,\n          cd_marital_status,\n          cd_education_status,\n          cd_purchase_estimate,\n          cd_credit_rating\n limit 100;\n\n-- end query 51 in stream 1 using template query69.tpl\n",
    "indexes": "customer_demographics.cd_education_status",
    "wo plan est": {
      "Node Type": "Limit",
      "Parallel Aware": false,
      "Async Capable": false,
      "Startup Cost": 747713.69,
      "Total Cost": 825706.62,
      "Plan Rows": 100,
      "Plan Width": 64,
      "Plans": [
        {
          "Node Type": "Aggregate",
          "Strategy": "Sorted",
          "Partial Mode": "Simple",
          "Parent Relationship": "Outer",
          "Parallel Aware": false,
          "Async Capable": false,
          "Startup Cost": 747713.69,
          "Total Cost": 2483056.39,
          "Plan Rows": 2225,
          "Plan Width": 64,
          "Group Key": [
            "customer_demographics.cd_gender",
            "customer_demographics.cd_marital_status",
            "customer_demographics.cd_education_status",
            "customer_demographics.cd_purchase_estimate",
            "customer_demographics.cd_credit_rating"
          ],
          "Plans": [
            {
              "Node Type": "Nested Loop",
              "Parent Relationship": "Outer",
              "Parallel Aware": false,
              "Async Capable": false,
              "Join Type": "Anti",
              "Startup Cost": 747713.69,
              "Total Cost": 2483000.76,
              "Plan Rows": 2225,
              "Plan Width": 40,
              "Inner Unique": false,
              "Join Filter": "(c.c_customer_sk = catalog_sales.cs_ship_customer_sk)",
              "Plans": [
                {
                  "Node Type": "Nested Loop",
                  "Parent Relationship": "Outer",
                  "Parallel Aware": false,
                  "Async Capable": false,
                  "Join Type": "Anti",
                  "Startup Cost": 745029.2,
                  "Total Cost": 1291074.35,
                  "Plan Rows": 2307,
                  "Plan Width": 44,
                  "Inner Unique": false,
                  "Join Filter": "(c.c_customer_sk = web_sales.ws_bill_customer_sk)",
                  "Plans": [
                    {
                      "Node Type": "Gather Merge",
                      "Parent Relationship": "Outer",
                      "Parallel Aware": false,
                      "Async Capable": false,
                      "Startup Cost": 741871.55,
                      "Total Cost": 742145.13,
                      "Plan Rows": 2349,
                      "Plan Width": 44,
                      "Workers Planned": 2,
                      "Plans": [
                        {
                          "Node Type": "Sort",
                          "Parent Relationship": "Outer",
                          "Parallel Aware": false,
                          "Async Capable": false,
                          "Startup Cost": 740871.53,
                          "Total Cost": 740873.97,
                          "Plan Rows": 979,
                          "Plan Width": 44,
                          "Sort Key": [
                            "customer_demographics.cd_gender",
                            "customer_demographics.cd_marital_status",
                            "customer_demographics.cd_education_status",
                            "customer_demographics.cd_purchase_estimate",
                            "customer_demographics.cd_credit_rating"
                          ],
                          "Plans": [
                            {
                              "Node Type": "Hash Join",
                              "Parent Relationship": "Outer",
                              "Parallel Aware": true,
                              "Async Capable": false,
                              "Join Type": "Inner",
                              "Startup Cost": 707986.23,
                              "Total Cost": 740822.89,
                              "Plan Rows": 979,
                              "Plan Width": 44,
                              "Inner Unique": false,
                              "Hash Cond": "(customer_demographics.cd_demo_sk = c.c_current_cdemo_sk)",
                              "Plans": [
                                {
                                  "Node Type": "Seq Scan",
                                  "Parent Relationship": "Outer",
                                  "Parallel Aware": true,
                                  "Async Capable": false,
                                  "Relation Name": "customer_demographics",
                                  "Alias": "customer_demographics",
                                  "Startup Cost": 0.0,
                                  "Total Cost": 29831.33,
                                  "Plan Rows": 800333,
                                  "Plan Width": 44,
                                  "parent": 6,
                                  "ID": 7
                                },
                                {
                                  "Node Type": "Hash",
                                  "Parent Relationship": "Inner",
                                  "Parallel Aware": true,
                                  "Async Capable": false,
                                  "Startup Cost": 707973.57,
                                  "Total Cost": 707973.57,
                                  "Plan Rows": 1013,
                                  "Plan Width": 8,
                                  "Plans": [
                                    {
                                      "Node Type": "Hash Join",
                                      "Parent Relationship": "Outer",
                                      "Parallel Aware": true,
                                      "Async Capable": false,
                                      "Join Type": "Inner",
                                      "Startup Cost": 691301.61,
                                      "Total Cost": 707973.57,
                                      "Plan Rows": 1013,
                                      "Plan Width": 8,
                                      "Inner Unique": false,
                                      "Hash Cond": "(c.c_current_addr_sk = ca.ca_address_sk)",
                                      "Plans": [
                                        {
                                          "Node Type": "Hash Join",
                                          "Parent Relationship": "Outer",
                                          "Parallel Aware": true,
                                          "Async Capable": false,
                                          "Join Type": "Semi",
                                          "Startup Cost": 684337.4,
                                          "Total Cost": 700954.09,
                                          "Plan Rows": 13615,
                                          "Plan Width": 12,
                                          "Inner Unique": false,
                                          "Hash Cond": "(c.c_customer_sk = store_sales.ss_customer_sk)",
                                          "Plans": [
                                            {
                                              "Node Type": "Seq Scan",
                                              "Parent Relationship": "Outer",
                                              "Parallel Aware": true,
                                              "Async Capable": false,
                                              "Relation Name": "customer",
                                              "Alias": "c",
                                              "Startup Cost": 0.0,
                                              "Total Cost": 15918.33,
                                              "Plan Rows": 208333,
                                              "Plan Width": 12,
                                              "parent": 10,
                                              "ID": 11
                                            },
                                            {
                                              "Node Type": "Hash",
                                              "Parent Relationship": "Inner",
                                              "Parallel Aware": true,
                                              "Async Capable": false,
                                              "Startup Cost": 684159.07,
                                              "Total Cost": 684159.07,
                                              "Plan Rows": 14267,
                                              "Plan Width": 4,
                                              "Plans": [
                                                {
                                                  "Node Type": "Hash Join",
                                                  "Parent Relationship": "Outer",
                                                  "Parallel Aware": true,
                                                  "Async Capable": false,
                                                  "Join Type": "Inner",
                                                  "Startup Cost": 2157.65,
                                                  "Total Cost": 684159.07,
                                                  "Plan Rows": 14267,
                                                  "Plan Width": 4,
                                                  "Inner Unique": false,
                                                  "Hash Cond": "(store_sales.ss_sold_date_sk = date_dim.d_date_sk)",
                                                  "Plans": [
                                                    {
                                                      "Node Type": "Seq Scan",
                                                      "Parent Relationship": "Outer",
                                                      "Parallel Aware": true,
                                                      "Async Capable": false,
                                                      "Relation Name": "store_sales",
                                                      "Alias": "store_sales",
                                                      "Startup Cost": 0.0,
                                                      "Total Cost": 636914.37,
                                                      "Plan Rows": 12000637,
                                                      "Plan Width": 8,
                                                      "parent": 13,
                                                      "ID": 14
                                                    },
                                                    {
                                                      "Node Type": "Hash",
                                                      "Parent Relationship": "Inner",
                                                      "Parallel Aware": true,
                                                      "Async Capable": false,
                                                      "Startup Cost": 2156.97,
                                                      "Total Cost": 2156.97,
                                                      "Plan Rows": 54,
                                                      "Plan Width": 4,
                                                      "Plans": [
                                                        {
                                                          "Node Type": "Seq Scan",
                                                          "Parent Relationship": "Outer",
                                                          "Parallel Aware": true,
                                                          "Async Capable": false,
                                                          "Relation Name": "date_dim",
                                                          "Alias": "date_dim",
                                                          "Startup Cost": 0.0,
                                                          "Total Cost": 2156.97,
                                                          "Plan Rows": 54,
                                                          "Plan Width": 4,
                                                          "Filter": "((d_moy >= 4) AND (d_moy <= 6) AND (d_year = 2003))",
                                                          "parent": 15,
                                                          "ID": 16
                                                        }
                                                      ],
                                                      "parent": 13,
                                                      "ID": 15,
                                                      "left": 16
                                                    }
                                                  ],
                                                  "parent": 12,
                                                  "ID": 13,
                                                  "left": 14,
                                                  "right": 15
                                                }
                                              ],
                                              "parent": 10,
                                              "ID": 12,
                                              "left": 13
                                            }
                                          ],
                                          "parent": 9,
                                          "ID": 10,
                                          "left": 11,
                                          "right": 12
                                        },
                                        {
                                          "Node Type": "Hash",
                                          "Parent Relationship": "Inner",
                                          "Parallel Aware": true,
                                          "Async Capable": false,
                                          "Startup Cost": 6867.29,
                                          "Total Cost": 6867.29,
                                          "Plan Rows": 7753,
                                          "Plan Width": 4,
                                          "Plans": [
                                            {
                                              "Node Type": "Seq Scan",
                                              "Parent Relationship": "Outer",
                                              "Parallel Aware": true,
                                              "Async Capable": false,
                                              "Relation Name": "customer_address",
                                              "Alias": "ca",
                                              "Startup Cost": 0.0,
                                              "Total Cost": 6867.29,
                                              "Plan Rows": 7753,
                                              "Plan Width": 4,
                                              "Filter": "(ca_state = ANY ('{WI,NE,SD}'::bpchar[]))",
                                              "parent": 17,
                                              "ID": 18
                                            }
                                          ],
                                          "parent": 9,
                                          "ID": 17,
                                          "left": 18
                                        }
                                      ],
                                      "parent": 8,
                                      "ID": 9,
                                      "left": 10,
                                      "right": 17
                                    }
                                  ],
                                  "parent": 6,
                                  "ID": 8,
                                  "left": 9
                                }
                              ],
                              "parent": 5,
                              "ID": 6,
                              "left": 7,
                              "right": 8
                            }
                          ],
                          "parent": 4,
                          "ID": 5,
                          "left": 6
                        }
                      ],
                      "parent": 3,
                      "ID": 4,
                      "left": 5
                    },
                    {
                      "Node Type": "Materialize",
                      "Parent Relationship": "Inner",
                      "Parallel Aware": false,
                      "Async Capable": false,
                      "Startup Cost": 3157.65,
                      "Total Cost": 233105.09,
                      "Plan Rows": 8964,
                      "Plan Width": 4,
                      "Plans": [
                        {
                          "Node Type": "Gather",
                          "Parent Relationship": "Outer",
                          "Parallel Aware": false,
                          "Async Capable": false,
                          "Startup Cost": 3157.65,
                          "Total Cost": 233060.27,
                          "Plan Rows": 8964,
                          "Plan Width": 4,
                          "Workers Planned": 2,
                          "Single Copy": false,
                          "Plans": [
                            {
                              "Node Type": "Hash Join",
                              "Parent Relationship": "Outer",
                              "Parallel Aware": true,
                              "Async Capable": false,
                              "Join Type": "Inner",
                              "Startup Cost": 2157.65,
                              "Total Cost": 231163.87,
                              "Plan Rows": 3735,
                              "Plan Width": 4,
                              "Inner Unique": false,
                              "Hash Cond": "(web_sales.ws_sold_date_sk = date_dim_1.d_date_sk)",
                              "Plans": [
                                {
                                  "Node Type": "Seq Scan",
                                  "Parent Relationship": "Outer",
                                  "Parallel Aware": true,
                                  "Async Capable": false,
                                  "Relation Name": "web_sales",
                                  "Alias": "web_sales",
                                  "Startup Cost": 0.0,
                                  "Total Cost": 217737.86,
                                  "Plan Rows": 2998986,
                                  "Plan Width": 8,
                                  "parent": 21,
                                  "ID": 22
                                },
                                {
                                  "Node Type": "Hash",
                                  "Parent Relationship": "Inner",
                                  "Parallel Aware": true,
                                  "Async Capable": false,
                                  "Startup Cost": 2156.97,
                                  "Total Cost": 2156.97,
                                  "Plan Rows": 54,
                                  "Plan Width": 4,
                                  "Plans": [
                                    {
                                      "Node Type": "Seq Scan",
                                      "Parent Relationship": "Outer",
                                      "Parallel Aware": true,
                                      "Async Capable": false,
                                      "Relation Name": "date_dim",
                                      "Alias": "date_dim_1",
                                      "Startup Cost": 0.0,
                                      "Total Cost": 2156.97,
                                      "Plan Rows": 54,
                                      "Plan Width": 4,
                                      "Filter": "((d_moy >= 4) AND (d_moy <= 6) AND (d_year = 2003))",
                                      "parent": 23,
                                      "ID": 24
                                    }
                                  ],
                                  "parent": 21,
                                  "ID": 23,
                                  "left": 24
                                }
                              ],
                              "parent": 20,
                              "ID": 21,
                              "left": 22,
                              "right": 23
                            }
                          ],
                          "parent": 19,
                          "ID": 20,
                          "left": 21
                        }
                      ],
                      "parent": 3,
                      "ID": 19,
                      "left": 20
                    }
                  ],
                  "parent": 2,
                  "ID": 3,
                  "left": 4,
                  "right": 19
                },
                {
                  "Node Type": "Materialize",
                  "Parent Relationship": "Inner",
                  "Parallel Aware": false,
                  "Async Capable": false,
                  "Startup Cost": 2684.49,
                  "Total Cost": 574652.42,
                  "Plan Rows": 17839,
                  "Plan Width": 4,
                  "Plans": [
                    {
                      "Node Type": "Hash Join",
                      "Parent Relationship": "Outer",
                      "Parallel Aware": false,
                      "Async Capable": false,
                      "Join Type": "Inner",
                      "Startup Cost": 2684.49,
                      "Total Cost": 574563.22,
                      "Plan Rows": 17839,
                      "Plan Width": 4,
                      "Inner Unique": false,
                      "Hash Cond": "(catalog_sales.cs_sold_date_sk = date_dim_2.d_date_sk)",
                      "Plans": [
                        {
                          "Node Type": "Seq Scan",
                          "Parent Relationship": "Outer",
                          "Parallel Aware": false,
                          "Async Capable": false,
                          "Relation Name": "catalog_sales",
                          "Alias": "catalog_sales",
                          "Startup Cost": 0.0,
                          "Total Cost": 517695.61,
                          "Plan Rows": 14401261,
                          "Plan Width": 8,
                          "parent": 26,
                          "ID": 27
                        },
                        {
                          "Node Type": "Hash",
                          "Parent Relationship": "Inner",
                          "Parallel Aware": false,
                          "Async Capable": false,
                          "Startup Cost": 2683.36,
                          "Total Cost": 2683.36,
                          "Plan Rows": 91,
                          "Plan Width": 4,
                          "Plans": [
                            {
                              "Node Type": "Seq Scan",
                              "Parent Relationship": "Outer",
                              "Parallel Aware": false,
                              "Async Capable": false,
                              "Relation Name": "date_dim",
                              "Alias": "date_dim_2",
                              "Startup Cost": 0.0,
                              "Total Cost": 2683.36,
                              "Plan Rows": 91,
                              "Plan Width": 4,
                              "Filter": "((d_moy >= 4) AND (d_moy <= 6) AND (d_year = 2003))",
                              "parent": 28,
                              "ID": 29
                            }
                          ],
                          "parent": 26,
                          "ID": 28,
                          "left": 29
                        }
                      ],
                      "parent": 25,
                      "ID": 26,
                      "left": 27,
                      "right": 28
                    }
                  ],
                  "parent": 2,
                  "ID": 25,
                  "left": 26
                }
              ],
              "parent": 1,
              "ID": 2,
              "left": 3,
              "right": 25
            }
          ],
          "parent": 0,
          "ID": 1,
          "left": 2
        }
      ],
      "parent": null,
      "ID": 0,
      "left": 1
    },
    "feat": {
      "utility": 0.0,
      "query_shape": [
        [
          "Seq Scan",
          "Hash Join",
          "Sort",
          "Gather Merge",
          "Nested Loop",
          "Aggregate"
        ],
        [
          "Seq Scan",
          "Hash Join",
          "Hash",
          "Sort",
          "Gather Merge",
          "Nested Loop",
          "Aggregate"
        ],
        [
          "Seq Scan",
          "Hash Join",
          "Hash",
          "Sort",
          "Gather Merge",
          "Nested Loop",
          "Aggregate"
        ],
        [
          "Seq Scan",
          "Hash",
          "Hash Join",
          "Sort",
          "Gather Merge",
          "Nested Loop",
          "Aggregate"
        ],
        [
          "Seq Scan",
          "Hash",
          "Hash Join",
          "Sort",
          "Gather Merge",
          "Nested Loop",
          "Aggregate"
        ],
        [
          "Seq Scan",
          "Hash Join",
          "Gather",
          "Materialize",
          "Nested Loop",
          "Aggregate"
        ],
        [
          "Seq Scan",
          "Hash",
          "Hash Join",
          "Gather",
          "Materialize",
          "Nested Loop",
          "Aggregate"
        ],
        [
          "Seq Scan",
          "Hash Join",
          "Materialize",
          "Nested Loop",
          "Aggregate"
        ],
        [
          "Seq Scan",
          "Hash",
          "Hash Join",
          "Materialize",
          "Nested Loop",
          "Aggregate"
        ]
      ],
      "index_shape": [
        "order-by"
      ],
      "physical_operator": {
        "Sort": [
          "[0. 0. 0. 0. 0. 0. 0. 0. 0. 0. 0. 0. 0. 0. 0. 0. 0. 0. 0. 0. 0. 0. 0. 0.\n 0. 0. 0. 0. 0. 0. 0. 0. 0. 0. 0. 0. 0. 0. 0. 0. 0. 0. 0. 0. 0. 0. 0. 0.\n 0. 0. 0.]"
        ],
        "Aggregate": [
          "[0. 0. 0. 0. 0. 0. 0. 0. 0. 0. 0. 0. 0. 0. 0. 0. 0. 0. 0. 0. 0. 0. 0. 0.\n 0. 0. 0. 0. 0. 0. 0. 0. 0. 0. 0. 0. 0. 0. 0. 0. 0. 0. 0. 0. 0. 0. 0. 0.\n 0. 0. 0.]"
        ]
      }
    }
  },
  {
    "query": "select  \n  cd_gender,\n  cd_marital_status,\n  cd_education_status,\n  count(*) cnt1,\n  cd_purchase_estimate,\n  count(*) cnt2,\n  cd_credit_rating,\n  count(*) cnt3\n from\n  customer c,customer_address ca,customer_demographics\n where\n  c.c_current_addr_sk = ca.ca_address_sk and\n  ca_state in ('WI','NE','SD') and\n  cd_demo_sk = c.c_current_cdemo_sk and \n  exists (select *\n          from store_sales,date_dim\n          where c.c_customer_sk = ss_customer_sk and\n                ss_sold_date_sk = d_date_sk and\n                d_year = 2003 and\n                d_moy between 4 and 4+2) and\n   (not exists (select *\n            from web_sales,date_dim\n            where c.c_customer_sk = ws_bill_customer_sk and\n                  ws_sold_date_sk = d_date_sk and\n                  d_year = 2003 and\n                  d_moy between 4 and 4+2) and\n    not exists (select * \n            from catalog_sales,date_dim\n            where c.c_customer_sk = cs_ship_customer_sk and\n                  cs_sold_date_sk = d_date_sk and\n                  d_year = 2003 and\n                  d_moy between 4 and 4+2))\n group by cd_gender,\n          cd_marital_status,\n          cd_education_status,\n          cd_purchase_estimate,\n          cd_credit_rating\n order by cd_gender,\n          cd_marital_status,\n          cd_education_status,\n          cd_purchase_estimate,\n          cd_credit_rating\n limit 100;\n\n-- end query 51 in stream 1 using template query69.tpl\n",
    "indexes": "customer_demographics.cd_credit_rating",
    "wo plan est": {
      "Node Type": "Limit",
      "Parallel Aware": false,
      "Async Capable": false,
      "Startup Cost": 747713.69,
      "Total Cost": 825706.62,
      "Plan Rows": 100,
      "Plan Width": 64,
      "Plans": [
        {
          "Node Type": "Aggregate",
          "Strategy": "Sorted",
          "Partial Mode": "Simple",
          "Parent Relationship": "Outer",
          "Parallel Aware": false,
          "Async Capable": false,
          "Startup Cost": 747713.69,
          "Total Cost": 2483056.39,
          "Plan Rows": 2225,
          "Plan Width": 64,
          "Group Key": [
            "customer_demographics.cd_gender",
            "customer_demographics.cd_marital_status",
            "customer_demographics.cd_education_status",
            "customer_demographics.cd_purchase_estimate",
            "customer_demographics.cd_credit_rating"
          ],
          "Plans": [
            {
              "Node Type": "Nested Loop",
              "Parent Relationship": "Outer",
              "Parallel Aware": false,
              "Async Capable": false,
              "Join Type": "Anti",
              "Startup Cost": 747713.69,
              "Total Cost": 2483000.76,
              "Plan Rows": 2225,
              "Plan Width": 40,
              "Inner Unique": false,
              "Join Filter": "(c.c_customer_sk = catalog_sales.cs_ship_customer_sk)",
              "Plans": [
                {
                  "Node Type": "Nested Loop",
                  "Parent Relationship": "Outer",
                  "Parallel Aware": false,
                  "Async Capable": false,
                  "Join Type": "Anti",
                  "Startup Cost": 745029.2,
                  "Total Cost": 1291074.35,
                  "Plan Rows": 2307,
                  "Plan Width": 44,
                  "Inner Unique": false,
                  "Join Filter": "(c.c_customer_sk = web_sales.ws_bill_customer_sk)",
                  "Plans": [
                    {
                      "Node Type": "Gather Merge",
                      "Parent Relationship": "Outer",
                      "Parallel Aware": false,
                      "Async Capable": false,
                      "Startup Cost": 741871.55,
                      "Total Cost": 742145.13,
                      "Plan Rows": 2349,
                      "Plan Width": 44,
                      "Workers Planned": 2,
                      "Plans": [
                        {
                          "Node Type": "Sort",
                          "Parent Relationship": "Outer",
                          "Parallel Aware": false,
                          "Async Capable": false,
                          "Startup Cost": 740871.53,
                          "Total Cost": 740873.97,
                          "Plan Rows": 979,
                          "Plan Width": 44,
                          "Sort Key": [
                            "customer_demographics.cd_gender",
                            "customer_demographics.cd_marital_status",
                            "customer_demographics.cd_education_status",
                            "customer_demographics.cd_purchase_estimate",
                            "customer_demographics.cd_credit_rating"
                          ],
                          "Plans": [
                            {
                              "Node Type": "Hash Join",
                              "Parent Relationship": "Outer",
                              "Parallel Aware": true,
                              "Async Capable": false,
                              "Join Type": "Inner",
                              "Startup Cost": 707986.23,
                              "Total Cost": 740822.89,
                              "Plan Rows": 979,
                              "Plan Width": 44,
                              "Inner Unique": false,
                              "Hash Cond": "(customer_demographics.cd_demo_sk = c.c_current_cdemo_sk)",
                              "Plans": [
                                {
                                  "Node Type": "Seq Scan",
                                  "Parent Relationship": "Outer",
                                  "Parallel Aware": true,
                                  "Async Capable": false,
                                  "Relation Name": "customer_demographics",
                                  "Alias": "customer_demographics",
                                  "Startup Cost": 0.0,
                                  "Total Cost": 29831.33,
                                  "Plan Rows": 800333,
                                  "Plan Width": 44,
                                  "parent": 6,
                                  "ID": 7
                                },
                                {
                                  "Node Type": "Hash",
                                  "Parent Relationship": "Inner",
                                  "Parallel Aware": true,
                                  "Async Capable": false,
                                  "Startup Cost": 707973.57,
                                  "Total Cost": 707973.57,
                                  "Plan Rows": 1013,
                                  "Plan Width": 8,
                                  "Plans": [
                                    {
                                      "Node Type": "Hash Join",
                                      "Parent Relationship": "Outer",
                                      "Parallel Aware": true,
                                      "Async Capable": false,
                                      "Join Type": "Inner",
                                      "Startup Cost": 691301.61,
                                      "Total Cost": 707973.57,
                                      "Plan Rows": 1013,
                                      "Plan Width": 8,
                                      "Inner Unique": false,
                                      "Hash Cond": "(c.c_current_addr_sk = ca.ca_address_sk)",
                                      "Plans": [
                                        {
                                          "Node Type": "Hash Join",
                                          "Parent Relationship": "Outer",
                                          "Parallel Aware": true,
                                          "Async Capable": false,
                                          "Join Type": "Semi",
                                          "Startup Cost": 684337.4,
                                          "Total Cost": 700954.09,
                                          "Plan Rows": 13615,
                                          "Plan Width": 12,
                                          "Inner Unique": false,
                                          "Hash Cond": "(c.c_customer_sk = store_sales.ss_customer_sk)",
                                          "Plans": [
                                            {
                                              "Node Type": "Seq Scan",
                                              "Parent Relationship": "Outer",
                                              "Parallel Aware": true,
                                              "Async Capable": false,
                                              "Relation Name": "customer",
                                              "Alias": "c",
                                              "Startup Cost": 0.0,
                                              "Total Cost": 15918.33,
                                              "Plan Rows": 208333,
                                              "Plan Width": 12,
                                              "parent": 10,
                                              "ID": 11
                                            },
                                            {
                                              "Node Type": "Hash",
                                              "Parent Relationship": "Inner",
                                              "Parallel Aware": true,
                                              "Async Capable": false,
                                              "Startup Cost": 684159.07,
                                              "Total Cost": 684159.07,
                                              "Plan Rows": 14267,
                                              "Plan Width": 4,
                                              "Plans": [
                                                {
                                                  "Node Type": "Hash Join",
                                                  "Parent Relationship": "Outer",
                                                  "Parallel Aware": true,
                                                  "Async Capable": false,
                                                  "Join Type": "Inner",
                                                  "Startup Cost": 2157.65,
                                                  "Total Cost": 684159.07,
                                                  "Plan Rows": 14267,
                                                  "Plan Width": 4,
                                                  "Inner Unique": false,
                                                  "Hash Cond": "(store_sales.ss_sold_date_sk = date_dim.d_date_sk)",
                                                  "Plans": [
                                                    {
                                                      "Node Type": "Seq Scan",
                                                      "Parent Relationship": "Outer",
                                                      "Parallel Aware": true,
                                                      "Async Capable": false,
                                                      "Relation Name": "store_sales",
                                                      "Alias": "store_sales",
                                                      "Startup Cost": 0.0,
                                                      "Total Cost": 636914.37,
                                                      "Plan Rows": 12000637,
                                                      "Plan Width": 8,
                                                      "parent": 13,
                                                      "ID": 14
                                                    },
                                                    {
                                                      "Node Type": "Hash",
                                                      "Parent Relationship": "Inner",
                                                      "Parallel Aware": true,
                                                      "Async Capable": false,
                                                      "Startup Cost": 2156.97,
                                                      "Total Cost": 2156.97,
                                                      "Plan Rows": 54,
                                                      "Plan Width": 4,
                                                      "Plans": [
                                                        {
                                                          "Node Type": "Seq Scan",
                                                          "Parent Relationship": "Outer",
                                                          "Parallel Aware": true,
                                                          "Async Capable": false,
                                                          "Relation Name": "date_dim",
                                                          "Alias": "date_dim",
                                                          "Startup Cost": 0.0,
                                                          "Total Cost": 2156.97,
                                                          "Plan Rows": 54,
                                                          "Plan Width": 4,
                                                          "Filter": "((d_moy >= 4) AND (d_moy <= 6) AND (d_year = 2003))",
                                                          "parent": 15,
                                                          "ID": 16
                                                        }
                                                      ],
                                                      "parent": 13,
                                                      "ID": 15,
                                                      "left": 16
                                                    }
                                                  ],
                                                  "parent": 12,
                                                  "ID": 13,
                                                  "left": 14,
                                                  "right": 15
                                                }
                                              ],
                                              "parent": 10,
                                              "ID": 12,
                                              "left": 13
                                            }
                                          ],
                                          "parent": 9,
                                          "ID": 10,
                                          "left": 11,
                                          "right": 12
                                        },
                                        {
                                          "Node Type": "Hash",
                                          "Parent Relationship": "Inner",
                                          "Parallel Aware": true,
                                          "Async Capable": false,
                                          "Startup Cost": 6867.29,
                                          "Total Cost": 6867.29,
                                          "Plan Rows": 7753,
                                          "Plan Width": 4,
                                          "Plans": [
                                            {
                                              "Node Type": "Seq Scan",
                                              "Parent Relationship": "Outer",
                                              "Parallel Aware": true,
                                              "Async Capable": false,
                                              "Relation Name": "customer_address",
                                              "Alias": "ca",
                                              "Startup Cost": 0.0,
                                              "Total Cost": 6867.29,
                                              "Plan Rows": 7753,
                                              "Plan Width": 4,
                                              "Filter": "(ca_state = ANY ('{WI,NE,SD}'::bpchar[]))",
                                              "parent": 17,
                                              "ID": 18
                                            }
                                          ],
                                          "parent": 9,
                                          "ID": 17,
                                          "left": 18
                                        }
                                      ],
                                      "parent": 8,
                                      "ID": 9,
                                      "left": 10,
                                      "right": 17
                                    }
                                  ],
                                  "parent": 6,
                                  "ID": 8,
                                  "left": 9
                                }
                              ],
                              "parent": 5,
                              "ID": 6,
                              "left": 7,
                              "right": 8
                            }
                          ],
                          "parent": 4,
                          "ID": 5,
                          "left": 6
                        }
                      ],
                      "parent": 3,
                      "ID": 4,
                      "left": 5
                    },
                    {
                      "Node Type": "Materialize",
                      "Parent Relationship": "Inner",
                      "Parallel Aware": false,
                      "Async Capable": false,
                      "Startup Cost": 3157.65,
                      "Total Cost": 233105.09,
                      "Plan Rows": 8964,
                      "Plan Width": 4,
                      "Plans": [
                        {
                          "Node Type": "Gather",
                          "Parent Relationship": "Outer",
                          "Parallel Aware": false,
                          "Async Capable": false,
                          "Startup Cost": 3157.65,
                          "Total Cost": 233060.27,
                          "Plan Rows": 8964,
                          "Plan Width": 4,
                          "Workers Planned": 2,
                          "Single Copy": false,
                          "Plans": [
                            {
                              "Node Type": "Hash Join",
                              "Parent Relationship": "Outer",
                              "Parallel Aware": true,
                              "Async Capable": false,
                              "Join Type": "Inner",
                              "Startup Cost": 2157.65,
                              "Total Cost": 231163.87,
                              "Plan Rows": 3735,
                              "Plan Width": 4,
                              "Inner Unique": false,
                              "Hash Cond": "(web_sales.ws_sold_date_sk = date_dim_1.d_date_sk)",
                              "Plans": [
                                {
                                  "Node Type": "Seq Scan",
                                  "Parent Relationship": "Outer",
                                  "Parallel Aware": true,
                                  "Async Capable": false,
                                  "Relation Name": "web_sales",
                                  "Alias": "web_sales",
                                  "Startup Cost": 0.0,
                                  "Total Cost": 217737.86,
                                  "Plan Rows": 2998986,
                                  "Plan Width": 8,
                                  "parent": 21,
                                  "ID": 22
                                },
                                {
                                  "Node Type": "Hash",
                                  "Parent Relationship": "Inner",
                                  "Parallel Aware": true,
                                  "Async Capable": false,
                                  "Startup Cost": 2156.97,
                                  "Total Cost": 2156.97,
                                  "Plan Rows": 54,
                                  "Plan Width": 4,
                                  "Plans": [
                                    {
                                      "Node Type": "Seq Scan",
                                      "Parent Relationship": "Outer",
                                      "Parallel Aware": true,
                                      "Async Capable": false,
                                      "Relation Name": "date_dim",
                                      "Alias": "date_dim_1",
                                      "Startup Cost": 0.0,
                                      "Total Cost": 2156.97,
                                      "Plan Rows": 54,
                                      "Plan Width": 4,
                                      "Filter": "((d_moy >= 4) AND (d_moy <= 6) AND (d_year = 2003))",
                                      "parent": 23,
                                      "ID": 24
                                    }
                                  ],
                                  "parent": 21,
                                  "ID": 23,
                                  "left": 24
                                }
                              ],
                              "parent": 20,
                              "ID": 21,
                              "left": 22,
                              "right": 23
                            }
                          ],
                          "parent": 19,
                          "ID": 20,
                          "left": 21
                        }
                      ],
                      "parent": 3,
                      "ID": 19,
                      "left": 20
                    }
                  ],
                  "parent": 2,
                  "ID": 3,
                  "left": 4,
                  "right": 19
                },
                {
                  "Node Type": "Materialize",
                  "Parent Relationship": "Inner",
                  "Parallel Aware": false,
                  "Async Capable": false,
                  "Startup Cost": 2684.49,
                  "Total Cost": 574652.42,
                  "Plan Rows": 17839,
                  "Plan Width": 4,
                  "Plans": [
                    {
                      "Node Type": "Hash Join",
                      "Parent Relationship": "Outer",
                      "Parallel Aware": false,
                      "Async Capable": false,
                      "Join Type": "Inner",
                      "Startup Cost": 2684.49,
                      "Total Cost": 574563.22,
                      "Plan Rows": 17839,
                      "Plan Width": 4,
                      "Inner Unique": false,
                      "Hash Cond": "(catalog_sales.cs_sold_date_sk = date_dim_2.d_date_sk)",
                      "Plans": [
                        {
                          "Node Type": "Seq Scan",
                          "Parent Relationship": "Outer",
                          "Parallel Aware": false,
                          "Async Capable": false,
                          "Relation Name": "catalog_sales",
                          "Alias": "catalog_sales",
                          "Startup Cost": 0.0,
                          "Total Cost": 517695.61,
                          "Plan Rows": 14401261,
                          "Plan Width": 8,
                          "parent": 26,
                          "ID": 27
                        },
                        {
                          "Node Type": "Hash",
                          "Parent Relationship": "Inner",
                          "Parallel Aware": false,
                          "Async Capable": false,
                          "Startup Cost": 2683.36,
                          "Total Cost": 2683.36,
                          "Plan Rows": 91,
                          "Plan Width": 4,
                          "Plans": [
                            {
                              "Node Type": "Seq Scan",
                              "Parent Relationship": "Outer",
                              "Parallel Aware": false,
                              "Async Capable": false,
                              "Relation Name": "date_dim",
                              "Alias": "date_dim_2",
                              "Startup Cost": 0.0,
                              "Total Cost": 2683.36,
                              "Plan Rows": 91,
                              "Plan Width": 4,
                              "Filter": "((d_moy >= 4) AND (d_moy <= 6) AND (d_year = 2003))",
                              "parent": 28,
                              "ID": 29
                            }
                          ],
                          "parent": 26,
                          "ID": 28,
                          "left": 29
                        }
                      ],
                      "parent": 25,
                      "ID": 26,
                      "left": 27,
                      "right": 28
                    }
                  ],
                  "parent": 2,
                  "ID": 25,
                  "left": 26
                }
              ],
              "parent": 1,
              "ID": 2,
              "left": 3,
              "right": 25
            }
          ],
          "parent": 0,
          "ID": 1,
          "left": 2
        }
      ],
      "parent": null,
      "ID": 0,
      "left": 1
    },
    "feat": {
      "utility": 0.0,
      "query_shape": [
        [
          "Seq Scan",
          "Hash Join",
          "Sort",
          "Gather Merge",
          "Nested Loop",
          "Aggregate"
        ],
        [
          "Seq Scan",
          "Hash Join",
          "Hash",
          "Sort",
          "Gather Merge",
          "Nested Loop",
          "Aggregate"
        ],
        [
          "Seq Scan",
          "Hash Join",
          "Hash",
          "Sort",
          "Gather Merge",
          "Nested Loop",
          "Aggregate"
        ],
        [
          "Seq Scan",
          "Hash",
          "Hash Join",
          "Sort",
          "Gather Merge",
          "Nested Loop",
          "Aggregate"
        ],
        [
          "Seq Scan",
          "Hash",
          "Hash Join",
          "Sort",
          "Gather Merge",
          "Nested Loop",
          "Aggregate"
        ],
        [
          "Seq Scan",
          "Hash Join",
          "Gather",
          "Materialize",
          "Nested Loop",
          "Aggregate"
        ],
        [
          "Seq Scan",
          "Hash",
          "Hash Join",
          "Gather",
          "Materialize",
          "Nested Loop",
          "Aggregate"
        ],
        [
          "Seq Scan",
          "Hash Join",
          "Materialize",
          "Nested Loop",
          "Aggregate"
        ],
        [
          "Seq Scan",
          "Hash",
          "Hash Join",
          "Materialize",
          "Nested Loop",
          "Aggregate"
        ]
      ],
      "index_shape": [
        "order-by"
      ],
      "physical_operator": {
        "Sort": [
          "[0. 0. 0. 0. 0. 0. 0. 0. 0. 0. 0. 0. 0. 0. 0. 0. 0. 0. 0. 0. 0. 0. 0. 0.\n 0. 0. 0. 0. 0. 0. 0. 0. 0. 0. 0. 0. 0. 0. 0. 0. 0. 0. 0. 0. 0. 0. 0. 0.\n 0. 0. 0.]"
        ],
        "Aggregate": [
          "[0. 0. 0. 0. 0. 0. 0. 0. 0. 0. 0. 0. 0. 0. 0. 0. 0. 0. 0. 0. 0. 0. 0. 0.\n 0. 0. 0. 0. 0. 0. 0. 0. 0. 0. 0. 0. 0. 0. 0. 0. 0. 0. 0. 0. 0. 0. 0. 0.\n 0. 0. 0.]"
        ]
      }
    }
  },
  {
    "query": "select  \n  cd_gender,\n  cd_marital_status,\n  cd_education_status,\n  count(*) cnt1,\n  cd_purchase_estimate,\n  count(*) cnt2,\n  cd_credit_rating,\n  count(*) cnt3\n from\n  customer c,customer_address ca,customer_demographics\n where\n  c.c_current_addr_sk = ca.ca_address_sk and\n  ca_state in ('WI','NE','SD') and\n  cd_demo_sk = c.c_current_cdemo_sk and \n  exists (select *\n          from store_sales,date_dim\n          where c.c_customer_sk = ss_customer_sk and\n                ss_sold_date_sk = d_date_sk and\n                d_year = 2003 and\n                d_moy between 4 and 4+2) and\n   (not exists (select *\n            from web_sales,date_dim\n            where c.c_customer_sk = ws_bill_customer_sk and\n                  ws_sold_date_sk = d_date_sk and\n                  d_year = 2003 and\n                  d_moy between 4 and 4+2) and\n    not exists (select * \n            from catalog_sales,date_dim\n            where c.c_customer_sk = cs_ship_customer_sk and\n                  cs_sold_date_sk = d_date_sk and\n                  d_year = 2003 and\n                  d_moy between 4 and 4+2))\n group by cd_gender,\n          cd_marital_status,\n          cd_education_status,\n          cd_purchase_estimate,\n          cd_credit_rating\n order by cd_gender,\n          cd_marital_status,\n          cd_education_status,\n          cd_purchase_estimate,\n          cd_credit_rating\n limit 100;\n\n-- end query 51 in stream 1 using template query69.tpl\n",
    "indexes": "date_dim.d_year",
    "wo plan est": {
      "Node Type": "Limit",
      "Parallel Aware": false,
      "Async Capable": false,
      "Startup Cost": 747713.69,
      "Total Cost": 825706.62,
      "Plan Rows": 100,
      "Plan Width": 64,
      "Plans": [
        {
          "Node Type": "Aggregate",
          "Strategy": "Sorted",
          "Partial Mode": "Simple",
          "Parent Relationship": "Outer",
          "Parallel Aware": false,
          "Async Capable": false,
          "Startup Cost": 747713.69,
          "Total Cost": 2483056.39,
          "Plan Rows": 2225,
          "Plan Width": 64,
          "Group Key": [
            "customer_demographics.cd_gender",
            "customer_demographics.cd_marital_status",
            "customer_demographics.cd_education_status",
            "customer_demographics.cd_purchase_estimate",
            "customer_demographics.cd_credit_rating"
          ],
          "Plans": [
            {
              "Node Type": "Nested Loop",
              "Parent Relationship": "Outer",
              "Parallel Aware": false,
              "Async Capable": false,
              "Join Type": "Anti",
              "Startup Cost": 747713.69,
              "Total Cost": 2483000.76,
              "Plan Rows": 2225,
              "Plan Width": 40,
              "Inner Unique": false,
              "Join Filter": "(c.c_customer_sk = catalog_sales.cs_ship_customer_sk)",
              "Plans": [
                {
                  "Node Type": "Nested Loop",
                  "Parent Relationship": "Outer",
                  "Parallel Aware": false,
                  "Async Capable": false,
                  "Join Type": "Anti",
                  "Startup Cost": 745029.2,
                  "Total Cost": 1291074.35,
                  "Plan Rows": 2307,
                  "Plan Width": 44,
                  "Inner Unique": false,
                  "Join Filter": "(c.c_customer_sk = web_sales.ws_bill_customer_sk)",
                  "Plans": [
                    {
                      "Node Type": "Gather Merge",
                      "Parent Relationship": "Outer",
                      "Parallel Aware": false,
                      "Async Capable": false,
                      "Startup Cost": 741871.55,
                      "Total Cost": 742145.13,
                      "Plan Rows": 2349,
                      "Plan Width": 44,
                      "Workers Planned": 2,
                      "Plans": [
                        {
                          "Node Type": "Sort",
                          "Parent Relationship": "Outer",
                          "Parallel Aware": false,
                          "Async Capable": false,
                          "Startup Cost": 740871.53,
                          "Total Cost": 740873.97,
                          "Plan Rows": 979,
                          "Plan Width": 44,
                          "Sort Key": [
                            "customer_demographics.cd_gender",
                            "customer_demographics.cd_marital_status",
                            "customer_demographics.cd_education_status",
                            "customer_demographics.cd_purchase_estimate",
                            "customer_demographics.cd_credit_rating"
                          ],
                          "Plans": [
                            {
                              "Node Type": "Hash Join",
                              "Parent Relationship": "Outer",
                              "Parallel Aware": true,
                              "Async Capable": false,
                              "Join Type": "Inner",
                              "Startup Cost": 707986.23,
                              "Total Cost": 740822.89,
                              "Plan Rows": 979,
                              "Plan Width": 44,
                              "Inner Unique": false,
                              "Hash Cond": "(customer_demographics.cd_demo_sk = c.c_current_cdemo_sk)",
                              "Plans": [
                                {
                                  "Node Type": "Seq Scan",
                                  "Parent Relationship": "Outer",
                                  "Parallel Aware": true,
                                  "Async Capable": false,
                                  "Relation Name": "customer_demographics",
                                  "Alias": "customer_demographics",
                                  "Startup Cost": 0.0,
                                  "Total Cost": 29831.33,
                                  "Plan Rows": 800333,
                                  "Plan Width": 44,
                                  "parent": 6,
                                  "ID": 7
                                },
                                {
                                  "Node Type": "Hash",
                                  "Parent Relationship": "Inner",
                                  "Parallel Aware": true,
                                  "Async Capable": false,
                                  "Startup Cost": 707973.57,
                                  "Total Cost": 707973.57,
                                  "Plan Rows": 1013,
                                  "Plan Width": 8,
                                  "Plans": [
                                    {
                                      "Node Type": "Hash Join",
                                      "Parent Relationship": "Outer",
                                      "Parallel Aware": true,
                                      "Async Capable": false,
                                      "Join Type": "Inner",
                                      "Startup Cost": 691301.61,
                                      "Total Cost": 707973.57,
                                      "Plan Rows": 1013,
                                      "Plan Width": 8,
                                      "Inner Unique": false,
                                      "Hash Cond": "(c.c_current_addr_sk = ca.ca_address_sk)",
                                      "Plans": [
                                        {
                                          "Node Type": "Hash Join",
                                          "Parent Relationship": "Outer",
                                          "Parallel Aware": true,
                                          "Async Capable": false,
                                          "Join Type": "Semi",
                                          "Startup Cost": 684337.4,
                                          "Total Cost": 700954.09,
                                          "Plan Rows": 13615,
                                          "Plan Width": 12,
                                          "Inner Unique": false,
                                          "Hash Cond": "(c.c_customer_sk = store_sales.ss_customer_sk)",
                                          "Plans": [
                                            {
                                              "Node Type": "Seq Scan",
                                              "Parent Relationship": "Outer",
                                              "Parallel Aware": true,
                                              "Async Capable": false,
                                              "Relation Name": "customer",
                                              "Alias": "c",
                                              "Startup Cost": 0.0,
                                              "Total Cost": 15918.33,
                                              "Plan Rows": 208333,
                                              "Plan Width": 12,
                                              "parent": 10,
                                              "ID": 11
                                            },
                                            {
                                              "Node Type": "Hash",
                                              "Parent Relationship": "Inner",
                                              "Parallel Aware": true,
                                              "Async Capable": false,
                                              "Startup Cost": 684159.07,
                                              "Total Cost": 684159.07,
                                              "Plan Rows": 14267,
                                              "Plan Width": 4,
                                              "Plans": [
                                                {
                                                  "Node Type": "Hash Join",
                                                  "Parent Relationship": "Outer",
                                                  "Parallel Aware": true,
                                                  "Async Capable": false,
                                                  "Join Type": "Inner",
                                                  "Startup Cost": 2157.65,
                                                  "Total Cost": 684159.07,
                                                  "Plan Rows": 14267,
                                                  "Plan Width": 4,
                                                  "Inner Unique": false,
                                                  "Hash Cond": "(store_sales.ss_sold_date_sk = date_dim.d_date_sk)",
                                                  "Plans": [
                                                    {
                                                      "Node Type": "Seq Scan",
                                                      "Parent Relationship": "Outer",
                                                      "Parallel Aware": true,
                                                      "Async Capable": false,
                                                      "Relation Name": "store_sales",
                                                      "Alias": "store_sales",
                                                      "Startup Cost": 0.0,
                                                      "Total Cost": 636914.37,
                                                      "Plan Rows": 12000637,
                                                      "Plan Width": 8,
                                                      "parent": 13,
                                                      "ID": 14
                                                    },
                                                    {
                                                      "Node Type": "Hash",
                                                      "Parent Relationship": "Inner",
                                                      "Parallel Aware": true,
                                                      "Async Capable": false,
                                                      "Startup Cost": 2156.97,
                                                      "Total Cost": 2156.97,
                                                      "Plan Rows": 54,
                                                      "Plan Width": 4,
                                                      "Plans": [
                                                        {
                                                          "Node Type": "Seq Scan",
                                                          "Parent Relationship": "Outer",
                                                          "Parallel Aware": true,
                                                          "Async Capable": false,
                                                          "Relation Name": "date_dim",
                                                          "Alias": "date_dim",
                                                          "Startup Cost": 0.0,
                                                          "Total Cost": 2156.97,
                                                          "Plan Rows": 54,
                                                          "Plan Width": 4,
                                                          "Filter": "((d_moy >= 4) AND (d_moy <= 6) AND (d_year = 2003))",
                                                          "parent": 15,
                                                          "ID": 16
                                                        }
                                                      ],
                                                      "parent": 13,
                                                      "ID": 15,
                                                      "left": 16
                                                    }
                                                  ],
                                                  "parent": 12,
                                                  "ID": 13,
                                                  "left": 14,
                                                  "right": 15
                                                }
                                              ],
                                              "parent": 10,
                                              "ID": 12,
                                              "left": 13
                                            }
                                          ],
                                          "parent": 9,
                                          "ID": 10,
                                          "left": 11,
                                          "right": 12
                                        },
                                        {
                                          "Node Type": "Hash",
                                          "Parent Relationship": "Inner",
                                          "Parallel Aware": true,
                                          "Async Capable": false,
                                          "Startup Cost": 6867.29,
                                          "Total Cost": 6867.29,
                                          "Plan Rows": 7753,
                                          "Plan Width": 4,
                                          "Plans": [
                                            {
                                              "Node Type": "Seq Scan",
                                              "Parent Relationship": "Outer",
                                              "Parallel Aware": true,
                                              "Async Capable": false,
                                              "Relation Name": "customer_address",
                                              "Alias": "ca",
                                              "Startup Cost": 0.0,
                                              "Total Cost": 6867.29,
                                              "Plan Rows": 7753,
                                              "Plan Width": 4,
                                              "Filter": "(ca_state = ANY ('{WI,NE,SD}'::bpchar[]))",
                                              "parent": 17,
                                              "ID": 18
                                            }
                                          ],
                                          "parent": 9,
                                          "ID": 17,
                                          "left": 18
                                        }
                                      ],
                                      "parent": 8,
                                      "ID": 9,
                                      "left": 10,
                                      "right": 17
                                    }
                                  ],
                                  "parent": 6,
                                  "ID": 8,
                                  "left": 9
                                }
                              ],
                              "parent": 5,
                              "ID": 6,
                              "left": 7,
                              "right": 8
                            }
                          ],
                          "parent": 4,
                          "ID": 5,
                          "left": 6
                        }
                      ],
                      "parent": 3,
                      "ID": 4,
                      "left": 5
                    },
                    {
                      "Node Type": "Materialize",
                      "Parent Relationship": "Inner",
                      "Parallel Aware": false,
                      "Async Capable": false,
                      "Startup Cost": 3157.65,
                      "Total Cost": 233105.09,
                      "Plan Rows": 8964,
                      "Plan Width": 4,
                      "Plans": [
                        {
                          "Node Type": "Gather",
                          "Parent Relationship": "Outer",
                          "Parallel Aware": false,
                          "Async Capable": false,
                          "Startup Cost": 3157.65,
                          "Total Cost": 233060.27,
                          "Plan Rows": 8964,
                          "Plan Width": 4,
                          "Workers Planned": 2,
                          "Single Copy": false,
                          "Plans": [
                            {
                              "Node Type": "Hash Join",
                              "Parent Relationship": "Outer",
                              "Parallel Aware": true,
                              "Async Capable": false,
                              "Join Type": "Inner",
                              "Startup Cost": 2157.65,
                              "Total Cost": 231163.87,
                              "Plan Rows": 3735,
                              "Plan Width": 4,
                              "Inner Unique": false,
                              "Hash Cond": "(web_sales.ws_sold_date_sk = date_dim_1.d_date_sk)",
                              "Plans": [
                                {
                                  "Node Type": "Seq Scan",
                                  "Parent Relationship": "Outer",
                                  "Parallel Aware": true,
                                  "Async Capable": false,
                                  "Relation Name": "web_sales",
                                  "Alias": "web_sales",
                                  "Startup Cost": 0.0,
                                  "Total Cost": 217737.86,
                                  "Plan Rows": 2998986,
                                  "Plan Width": 8,
                                  "parent": 21,
                                  "ID": 22
                                },
                                {
                                  "Node Type": "Hash",
                                  "Parent Relationship": "Inner",
                                  "Parallel Aware": true,
                                  "Async Capable": false,
                                  "Startup Cost": 2156.97,
                                  "Total Cost": 2156.97,
                                  "Plan Rows": 54,
                                  "Plan Width": 4,
                                  "Plans": [
                                    {
                                      "Node Type": "Seq Scan",
                                      "Parent Relationship": "Outer",
                                      "Parallel Aware": true,
                                      "Async Capable": false,
                                      "Relation Name": "date_dim",
                                      "Alias": "date_dim_1",
                                      "Startup Cost": 0.0,
                                      "Total Cost": 2156.97,
                                      "Plan Rows": 54,
                                      "Plan Width": 4,
                                      "Filter": "((d_moy >= 4) AND (d_moy <= 6) AND (d_year = 2003))",
                                      "parent": 23,
                                      "ID": 24
                                    }
                                  ],
                                  "parent": 21,
                                  "ID": 23,
                                  "left": 24
                                }
                              ],
                              "parent": 20,
                              "ID": 21,
                              "left": 22,
                              "right": 23
                            }
                          ],
                          "parent": 19,
                          "ID": 20,
                          "left": 21
                        }
                      ],
                      "parent": 3,
                      "ID": 19,
                      "left": 20
                    }
                  ],
                  "parent": 2,
                  "ID": 3,
                  "left": 4,
                  "right": 19
                },
                {
                  "Node Type": "Materialize",
                  "Parent Relationship": "Inner",
                  "Parallel Aware": false,
                  "Async Capable": false,
                  "Startup Cost": 2684.49,
                  "Total Cost": 574652.42,
                  "Plan Rows": 17839,
                  "Plan Width": 4,
                  "Plans": [
                    {
                      "Node Type": "Hash Join",
                      "Parent Relationship": "Outer",
                      "Parallel Aware": false,
                      "Async Capable": false,
                      "Join Type": "Inner",
                      "Startup Cost": 2684.49,
                      "Total Cost": 574563.22,
                      "Plan Rows": 17839,
                      "Plan Width": 4,
                      "Inner Unique": false,
                      "Hash Cond": "(catalog_sales.cs_sold_date_sk = date_dim_2.d_date_sk)",
                      "Plans": [
                        {
                          "Node Type": "Seq Scan",
                          "Parent Relationship": "Outer",
                          "Parallel Aware": false,
                          "Async Capable": false,
                          "Relation Name": "catalog_sales",
                          "Alias": "catalog_sales",
                          "Startup Cost": 0.0,
                          "Total Cost": 517695.61,
                          "Plan Rows": 14401261,
                          "Plan Width": 8,
                          "parent": 26,
                          "ID": 27
                        },
                        {
                          "Node Type": "Hash",
                          "Parent Relationship": "Inner",
                          "Parallel Aware": false,
                          "Async Capable": false,
                          "Startup Cost": 2683.36,
                          "Total Cost": 2683.36,
                          "Plan Rows": 91,
                          "Plan Width": 4,
                          "Plans": [
                            {
                              "Node Type": "Seq Scan",
                              "Parent Relationship": "Outer",
                              "Parallel Aware": false,
                              "Async Capable": false,
                              "Relation Name": "date_dim",
                              "Alias": "date_dim_2",
                              "Startup Cost": 0.0,
                              "Total Cost": 2683.36,
                              "Plan Rows": 91,
                              "Plan Width": 4,
                              "Filter": "((d_moy >= 4) AND (d_moy <= 6) AND (d_year = 2003))",
                              "parent": 28,
                              "ID": 29
                            }
                          ],
                          "parent": 26,
                          "ID": 28,
                          "left": 29
                        }
                      ],
                      "parent": 25,
                      "ID": 26,
                      "left": 27,
                      "right": 28
                    }
                  ],
                  "parent": 2,
                  "ID": 25,
                  "left": 26
                }
              ],
              "parent": 1,
              "ID": 2,
              "left": 3,
              "right": 25
            }
          ],
          "parent": 0,
          "ID": 1,
          "left": 2
        }
      ],
      "parent": null,
      "ID": 0,
      "left": 1
    },
    "feat": {
      "utility": 0.008466406918503713,
      "query_shape": [
        [
          "Seq Scan",
          "Hash Join",
          "Sort",
          "Gather Merge",
          "Nested Loop",
          "Aggregate"
        ],
        [
          "Seq Scan",
          "Hash Join",
          "Hash",
          "Sort",
          "Gather Merge",
          "Nested Loop",
          "Aggregate"
        ],
        [
          "Seq Scan",
          "Hash Join",
          "Hash",
          "Sort",
          "Gather Merge",
          "Nested Loop",
          "Aggregate"
        ],
        [
          "Seq Scan",
          "Hash",
          "Hash Join",
          "Sort",
          "Gather Merge",
          "Nested Loop",
          "Aggregate"
        ],
        [
          "Seq Scan",
          "Hash",
          "Hash Join",
          "Sort",
          "Gather Merge",
          "Nested Loop",
          "Aggregate"
        ],
        [
          "Seq Scan",
          "Hash Join",
          "Gather",
          "Materialize",
          "Nested Loop",
          "Aggregate"
        ],
        [
          "Seq Scan",
          "Hash",
          "Hash Join",
          "Gather",
          "Materialize",
          "Nested Loop",
          "Aggregate"
        ],
        [
          "Seq Scan",
          "Hash Join",
          "Materialize",
          "Nested Loop",
          "Aggregate"
        ],
        [
          "Seq Scan",
          "Hash",
          "Hash Join",
          "Materialize",
          "Nested Loop",
          "Aggregate"
        ]
      ],
      "index_shape": [
        "selection"
      ],
      "physical_operator": {
        "Seq Scan": [
          0.0007392298320305635,
          0.0007392298320305635,
          0.0012457391613848179
        ]
      }
    }
  },
  {
    "query": "select  \n  cd_gender,\n  cd_marital_status,\n  cd_education_status,\n  count(*) cnt1,\n  cd_purchase_estimate,\n  count(*) cnt2,\n  cd_credit_rating,\n  count(*) cnt3\n from\n  customer c,customer_address ca,customer_demographics\n where\n  c.c_current_addr_sk = ca.ca_address_sk and\n  ca_state in ('WI','NE','SD') and\n  cd_demo_sk = c.c_current_cdemo_sk and \n  exists (select *\n          from store_sales,date_dim\n          where c.c_customer_sk = ss_customer_sk and\n                ss_sold_date_sk = d_date_sk and\n                d_year = 2003 and\n                d_moy between 4 and 4+2) and\n   (not exists (select *\n            from web_sales,date_dim\n            where c.c_customer_sk = ws_bill_customer_sk and\n                  ws_sold_date_sk = d_date_sk and\n                  d_year = 2003 and\n                  d_moy between 4 and 4+2) and\n    not exists (select * \n            from catalog_sales,date_dim\n            where c.c_customer_sk = cs_ship_customer_sk and\n                  cs_sold_date_sk = d_date_sk and\n                  d_year = 2003 and\n                  d_moy between 4 and 4+2))\n group by cd_gender,\n          cd_marital_status,\n          cd_education_status,\n          cd_purchase_estimate,\n          cd_credit_rating\n order by cd_gender,\n          cd_marital_status,\n          cd_education_status,\n          cd_purchase_estimate,\n          cd_credit_rating\n limit 100;\n\n-- end query 51 in stream 1 using template query69.tpl\n",
    "indexes": "date_dim.d_moy",
    "wo plan est": {
      "Node Type": "Limit",
      "Parallel Aware": false,
      "Async Capable": false,
      "Startup Cost": 747713.69,
      "Total Cost": 825706.62,
      "Plan Rows": 100,
      "Plan Width": 64,
      "Plans": [
        {
          "Node Type": "Aggregate",
          "Strategy": "Sorted",
          "Partial Mode": "Simple",
          "Parent Relationship": "Outer",
          "Parallel Aware": false,
          "Async Capable": false,
          "Startup Cost": 747713.69,
          "Total Cost": 2483056.39,
          "Plan Rows": 2225,
          "Plan Width": 64,
          "Group Key": [
            "customer_demographics.cd_gender",
            "customer_demographics.cd_marital_status",
            "customer_demographics.cd_education_status",
            "customer_demographics.cd_purchase_estimate",
            "customer_demographics.cd_credit_rating"
          ],
          "Plans": [
            {
              "Node Type": "Nested Loop",
              "Parent Relationship": "Outer",
              "Parallel Aware": false,
              "Async Capable": false,
              "Join Type": "Anti",
              "Startup Cost": 747713.69,
              "Total Cost": 2483000.76,
              "Plan Rows": 2225,
              "Plan Width": 40,
              "Inner Unique": false,
              "Join Filter": "(c.c_customer_sk = catalog_sales.cs_ship_customer_sk)",
              "Plans": [
                {
                  "Node Type": "Nested Loop",
                  "Parent Relationship": "Outer",
                  "Parallel Aware": false,
                  "Async Capable": false,
                  "Join Type": "Anti",
                  "Startup Cost": 745029.2,
                  "Total Cost": 1291074.35,
                  "Plan Rows": 2307,
                  "Plan Width": 44,
                  "Inner Unique": false,
                  "Join Filter": "(c.c_customer_sk = web_sales.ws_bill_customer_sk)",
                  "Plans": [
                    {
                      "Node Type": "Gather Merge",
                      "Parent Relationship": "Outer",
                      "Parallel Aware": false,
                      "Async Capable": false,
                      "Startup Cost": 741871.55,
                      "Total Cost": 742145.13,
                      "Plan Rows": 2349,
                      "Plan Width": 44,
                      "Workers Planned": 2,
                      "Plans": [
                        {
                          "Node Type": "Sort",
                          "Parent Relationship": "Outer",
                          "Parallel Aware": false,
                          "Async Capable": false,
                          "Startup Cost": 740871.53,
                          "Total Cost": 740873.97,
                          "Plan Rows": 979,
                          "Plan Width": 44,
                          "Sort Key": [
                            "customer_demographics.cd_gender",
                            "customer_demographics.cd_marital_status",
                            "customer_demographics.cd_education_status",
                            "customer_demographics.cd_purchase_estimate",
                            "customer_demographics.cd_credit_rating"
                          ],
                          "Plans": [
                            {
                              "Node Type": "Hash Join",
                              "Parent Relationship": "Outer",
                              "Parallel Aware": true,
                              "Async Capable": false,
                              "Join Type": "Inner",
                              "Startup Cost": 707986.23,
                              "Total Cost": 740822.89,
                              "Plan Rows": 979,
                              "Plan Width": 44,
                              "Inner Unique": false,
                              "Hash Cond": "(customer_demographics.cd_demo_sk = c.c_current_cdemo_sk)",
                              "Plans": [
                                {
                                  "Node Type": "Seq Scan",
                                  "Parent Relationship": "Outer",
                                  "Parallel Aware": true,
                                  "Async Capable": false,
                                  "Relation Name": "customer_demographics",
                                  "Alias": "customer_demographics",
                                  "Startup Cost": 0.0,
                                  "Total Cost": 29831.33,
                                  "Plan Rows": 800333,
                                  "Plan Width": 44,
                                  "parent": 6,
                                  "ID": 7
                                },
                                {
                                  "Node Type": "Hash",
                                  "Parent Relationship": "Inner",
                                  "Parallel Aware": true,
                                  "Async Capable": false,
                                  "Startup Cost": 707973.57,
                                  "Total Cost": 707973.57,
                                  "Plan Rows": 1013,
                                  "Plan Width": 8,
                                  "Plans": [
                                    {
                                      "Node Type": "Hash Join",
                                      "Parent Relationship": "Outer",
                                      "Parallel Aware": true,
                                      "Async Capable": false,
                                      "Join Type": "Inner",
                                      "Startup Cost": 691301.61,
                                      "Total Cost": 707973.57,
                                      "Plan Rows": 1013,
                                      "Plan Width": 8,
                                      "Inner Unique": false,
                                      "Hash Cond": "(c.c_current_addr_sk = ca.ca_address_sk)",
                                      "Plans": [
                                        {
                                          "Node Type": "Hash Join",
                                          "Parent Relationship": "Outer",
                                          "Parallel Aware": true,
                                          "Async Capable": false,
                                          "Join Type": "Semi",
                                          "Startup Cost": 684337.4,
                                          "Total Cost": 700954.09,
                                          "Plan Rows": 13615,
                                          "Plan Width": 12,
                                          "Inner Unique": false,
                                          "Hash Cond": "(c.c_customer_sk = store_sales.ss_customer_sk)",
                                          "Plans": [
                                            {
                                              "Node Type": "Seq Scan",
                                              "Parent Relationship": "Outer",
                                              "Parallel Aware": true,
                                              "Async Capable": false,
                                              "Relation Name": "customer",
                                              "Alias": "c",
                                              "Startup Cost": 0.0,
                                              "Total Cost": 15918.33,
                                              "Plan Rows": 208333,
                                              "Plan Width": 12,
                                              "parent": 10,
                                              "ID": 11
                                            },
                                            {
                                              "Node Type": "Hash",
                                              "Parent Relationship": "Inner",
                                              "Parallel Aware": true,
                                              "Async Capable": false,
                                              "Startup Cost": 684159.07,
                                              "Total Cost": 684159.07,
                                              "Plan Rows": 14267,
                                              "Plan Width": 4,
                                              "Plans": [
                                                {
                                                  "Node Type": "Hash Join",
                                                  "Parent Relationship": "Outer",
                                                  "Parallel Aware": true,
                                                  "Async Capable": false,
                                                  "Join Type": "Inner",
                                                  "Startup Cost": 2157.65,
                                                  "Total Cost": 684159.07,
                                                  "Plan Rows": 14267,
                                                  "Plan Width": 4,
                                                  "Inner Unique": false,
                                                  "Hash Cond": "(store_sales.ss_sold_date_sk = date_dim.d_date_sk)",
                                                  "Plans": [
                                                    {
                                                      "Node Type": "Seq Scan",
                                                      "Parent Relationship": "Outer",
                                                      "Parallel Aware": true,
                                                      "Async Capable": false,
                                                      "Relation Name": "store_sales",
                                                      "Alias": "store_sales",
                                                      "Startup Cost": 0.0,
                                                      "Total Cost": 636914.37,
                                                      "Plan Rows": 12000637,
                                                      "Plan Width": 8,
                                                      "parent": 13,
                                                      "ID": 14
                                                    },
                                                    {
                                                      "Node Type": "Hash",
                                                      "Parent Relationship": "Inner",
                                                      "Parallel Aware": true,
                                                      "Async Capable": false,
                                                      "Startup Cost": 2156.97,
                                                      "Total Cost": 2156.97,
                                                      "Plan Rows": 54,
                                                      "Plan Width": 4,
                                                      "Plans": [
                                                        {
                                                          "Node Type": "Seq Scan",
                                                          "Parent Relationship": "Outer",
                                                          "Parallel Aware": true,
                                                          "Async Capable": false,
                                                          "Relation Name": "date_dim",
                                                          "Alias": "date_dim",
                                                          "Startup Cost": 0.0,
                                                          "Total Cost": 2156.97,
                                                          "Plan Rows": 54,
                                                          "Plan Width": 4,
                                                          "Filter": "((d_moy >= 4) AND (d_moy <= 6) AND (d_year = 2003))",
                                                          "parent": 15,
                                                          "ID": 16
                                                        }
                                                      ],
                                                      "parent": 13,
                                                      "ID": 15,
                                                      "left": 16
                                                    }
                                                  ],
                                                  "parent": 12,
                                                  "ID": 13,
                                                  "left": 14,
                                                  "right": 15
                                                }
                                              ],
                                              "parent": 10,
                                              "ID": 12,
                                              "left": 13
                                            }
                                          ],
                                          "parent": 9,
                                          "ID": 10,
                                          "left": 11,
                                          "right": 12
                                        },
                                        {
                                          "Node Type": "Hash",
                                          "Parent Relationship": "Inner",
                                          "Parallel Aware": true,
                                          "Async Capable": false,
                                          "Startup Cost": 6867.29,
                                          "Total Cost": 6867.29,
                                          "Plan Rows": 7753,
                                          "Plan Width": 4,
                                          "Plans": [
                                            {
                                              "Node Type": "Seq Scan",
                                              "Parent Relationship": "Outer",
                                              "Parallel Aware": true,
                                              "Async Capable": false,
                                              "Relation Name": "customer_address",
                                              "Alias": "ca",
                                              "Startup Cost": 0.0,
                                              "Total Cost": 6867.29,
                                              "Plan Rows": 7753,
                                              "Plan Width": 4,
                                              "Filter": "(ca_state = ANY ('{WI,NE,SD}'::bpchar[]))",
                                              "parent": 17,
                                              "ID": 18
                                            }
                                          ],
                                          "parent": 9,
                                          "ID": 17,
                                          "left": 18
                                        }
                                      ],
                                      "parent": 8,
                                      "ID": 9,
                                      "left": 10,
                                      "right": 17
                                    }
                                  ],
                                  "parent": 6,
                                  "ID": 8,
                                  "left": 9
                                }
                              ],
                              "parent": 5,
                              "ID": 6,
                              "left": 7,
                              "right": 8
                            }
                          ],
                          "parent": 4,
                          "ID": 5,
                          "left": 6
                        }
                      ],
                      "parent": 3,
                      "ID": 4,
                      "left": 5
                    },
                    {
                      "Node Type": "Materialize",
                      "Parent Relationship": "Inner",
                      "Parallel Aware": false,
                      "Async Capable": false,
                      "Startup Cost": 3157.65,
                      "Total Cost": 233105.09,
                      "Plan Rows": 8964,
                      "Plan Width": 4,
                      "Plans": [
                        {
                          "Node Type": "Gather",
                          "Parent Relationship": "Outer",
                          "Parallel Aware": false,
                          "Async Capable": false,
                          "Startup Cost": 3157.65,
                          "Total Cost": 233060.27,
                          "Plan Rows": 8964,
                          "Plan Width": 4,
                          "Workers Planned": 2,
                          "Single Copy": false,
                          "Plans": [
                            {
                              "Node Type": "Hash Join",
                              "Parent Relationship": "Outer",
                              "Parallel Aware": true,
                              "Async Capable": false,
                              "Join Type": "Inner",
                              "Startup Cost": 2157.65,
                              "Total Cost": 231163.87,
                              "Plan Rows": 3735,
                              "Plan Width": 4,
                              "Inner Unique": false,
                              "Hash Cond": "(web_sales.ws_sold_date_sk = date_dim_1.d_date_sk)",
                              "Plans": [
                                {
                                  "Node Type": "Seq Scan",
                                  "Parent Relationship": "Outer",
                                  "Parallel Aware": true,
                                  "Async Capable": false,
                                  "Relation Name": "web_sales",
                                  "Alias": "web_sales",
                                  "Startup Cost": 0.0,
                                  "Total Cost": 217737.86,
                                  "Plan Rows": 2998986,
                                  "Plan Width": 8,
                                  "parent": 21,
                                  "ID": 22
                                },
                                {
                                  "Node Type": "Hash",
                                  "Parent Relationship": "Inner",
                                  "Parallel Aware": true,
                                  "Async Capable": false,
                                  "Startup Cost": 2156.97,
                                  "Total Cost": 2156.97,
                                  "Plan Rows": 54,
                                  "Plan Width": 4,
                                  "Plans": [
                                    {
                                      "Node Type": "Seq Scan",
                                      "Parent Relationship": "Outer",
                                      "Parallel Aware": true,
                                      "Async Capable": false,
                                      "Relation Name": "date_dim",
                                      "Alias": "date_dim_1",
                                      "Startup Cost": 0.0,
                                      "Total Cost": 2156.97,
                                      "Plan Rows": 54,
                                      "Plan Width": 4,
                                      "Filter": "((d_moy >= 4) AND (d_moy <= 6) AND (d_year = 2003))",
                                      "parent": 23,
                                      "ID": 24
                                    }
                                  ],
                                  "parent": 21,
                                  "ID": 23,
                                  "left": 24
                                }
                              ],
                              "parent": 20,
                              "ID": 21,
                              "left": 22,
                              "right": 23
                            }
                          ],
                          "parent": 19,
                          "ID": 20,
                          "left": 21
                        }
                      ],
                      "parent": 3,
                      "ID": 19,
                      "left": 20
                    }
                  ],
                  "parent": 2,
                  "ID": 3,
                  "left": 4,
                  "right": 19
                },
                {
                  "Node Type": "Materialize",
                  "Parent Relationship": "Inner",
                  "Parallel Aware": false,
                  "Async Capable": false,
                  "Startup Cost": 2684.49,
                  "Total Cost": 574652.42,
                  "Plan Rows": 17839,
                  "Plan Width": 4,
                  "Plans": [
                    {
                      "Node Type": "Hash Join",
                      "Parent Relationship": "Outer",
                      "Parallel Aware": false,
                      "Async Capable": false,
                      "Join Type": "Inner",
                      "Startup Cost": 2684.49,
                      "Total Cost": 574563.22,
                      "Plan Rows": 17839,
                      "Plan Width": 4,
                      "Inner Unique": false,
                      "Hash Cond": "(catalog_sales.cs_sold_date_sk = date_dim_2.d_date_sk)",
                      "Plans": [
                        {
                          "Node Type": "Seq Scan",
                          "Parent Relationship": "Outer",
                          "Parallel Aware": false,
                          "Async Capable": false,
                          "Relation Name": "catalog_sales",
                          "Alias": "catalog_sales",
                          "Startup Cost": 0.0,
                          "Total Cost": 517695.61,
                          "Plan Rows": 14401261,
                          "Plan Width": 8,
                          "parent": 26,
                          "ID": 27
                        },
                        {
                          "Node Type": "Hash",
                          "Parent Relationship": "Inner",
                          "Parallel Aware": false,
                          "Async Capable": false,
                          "Startup Cost": 2683.36,
                          "Total Cost": 2683.36,
                          "Plan Rows": 91,
                          "Plan Width": 4,
                          "Plans": [
                            {
                              "Node Type": "Seq Scan",
                              "Parent Relationship": "Outer",
                              "Parallel Aware": false,
                              "Async Capable": false,
                              "Relation Name": "date_dim",
                              "Alias": "date_dim_2",
                              "Startup Cost": 0.0,
                              "Total Cost": 2683.36,
                              "Plan Rows": 91,
                              "Plan Width": 4,
                              "Filter": "((d_moy >= 4) AND (d_moy <= 6) AND (d_year = 2003))",
                              "parent": 28,
                              "ID": 29
                            }
                          ],
                          "parent": 26,
                          "ID": 28,
                          "left": 29
                        }
                      ],
                      "parent": 25,
                      "ID": 26,
                      "left": 27,
                      "right": 28
                    }
                  ],
                  "parent": 2,
                  "ID": 25,
                  "left": 26
                }
              ],
              "parent": 1,
              "ID": 2,
              "left": 3,
              "right": 25
            }
          ],
          "parent": 0,
          "ID": 1,
          "left": 2
        }
      ],
      "parent": null,
      "ID": 0,
      "left": 1
    },
    "feat": {
      "utility": 0.008466406918503713,
      "query_shape": [
        [
          "Seq Scan",
          "Hash Join",
          "Sort",
          "Gather Merge",
          "Nested Loop",
          "Aggregate"
        ],
        [
          "Seq Scan",
          "Hash Join",
          "Hash",
          "Sort",
          "Gather Merge",
          "Nested Loop",
          "Aggregate"
        ],
        [
          "Seq Scan",
          "Hash Join",
          "Hash",
          "Sort",
          "Gather Merge",
          "Nested Loop",
          "Aggregate"
        ],
        [
          "Seq Scan",
          "Hash",
          "Hash Join",
          "Sort",
          "Gather Merge",
          "Nested Loop",
          "Aggregate"
        ],
        [
          "Seq Scan",
          "Hash",
          "Hash Join",
          "Sort",
          "Gather Merge",
          "Nested Loop",
          "Aggregate"
        ],
        [
          "Seq Scan",
          "Hash Join",
          "Gather",
          "Materialize",
          "Nested Loop",
          "Aggregate"
        ],
        [
          "Seq Scan",
          "Hash",
          "Hash Join",
          "Gather",
          "Materialize",
          "Nested Loop",
          "Aggregate"
        ],
        [
          "Seq Scan",
          "Hash Join",
          "Materialize",
          "Nested Loop",
          "Aggregate"
        ],
        [
          "Seq Scan",
          "Hash",
          "Hash Join",
          "Materialize",
          "Nested Loop",
          "Aggregate"
        ]
      ],
      "index_shape": [
        "selection"
      ],
      "physical_operator": {
        "Seq Scan": [
          0.0007392298320305635,
          0.0007392298320305635,
          0.0012457391613848179
        ]
      }
    }
  },
  {
    "query": "select  \n  cd_gender,\n  cd_marital_status,\n  cd_education_status,\n  count(*) cnt1,\n  cd_purchase_estimate,\n  count(*) cnt2,\n  cd_credit_rating,\n  count(*) cnt3\n from\n  customer c,customer_address ca,customer_demographics\n where\n  c.c_current_addr_sk = ca.ca_address_sk and\n  ca_state in ('WI','NE','SD') and\n  cd_demo_sk = c.c_current_cdemo_sk and \n  exists (select *\n          from store_sales,date_dim\n          where c.c_customer_sk = ss_customer_sk and\n                ss_sold_date_sk = d_date_sk and\n                d_year = 2003 and\n                d_moy between 4 and 4+2) and\n   (not exists (select *\n            from web_sales,date_dim\n            where c.c_customer_sk = ws_bill_customer_sk and\n                  ws_sold_date_sk = d_date_sk and\n                  d_year = 2003 and\n                  d_moy between 4 and 4+2) and\n    not exists (select * \n            from catalog_sales,date_dim\n            where c.c_customer_sk = cs_ship_customer_sk and\n                  cs_sold_date_sk = d_date_sk and\n                  d_year = 2003 and\n                  d_moy between 4 and 4+2))\n group by cd_gender,\n          cd_marital_status,\n          cd_education_status,\n          cd_purchase_estimate,\n          cd_credit_rating\n order by cd_gender,\n          cd_marital_status,\n          cd_education_status,\n          cd_purchase_estimate,\n          cd_credit_rating\n limit 100;\n\n-- end query 51 in stream 1 using template query69.tpl\n",
    "indexes": "date_dim.d_date_sk",
    "wo plan est": {
      "Node Type": "Limit",
      "Parallel Aware": false,
      "Async Capable": false,
      "Startup Cost": 747713.69,
      "Total Cost": 825706.62,
      "Plan Rows": 100,
      "Plan Width": 64,
      "Plans": [
        {
          "Node Type": "Aggregate",
          "Strategy": "Sorted",
          "Partial Mode": "Simple",
          "Parent Relationship": "Outer",
          "Parallel Aware": false,
          "Async Capable": false,
          "Startup Cost": 747713.69,
          "Total Cost": 2483056.39,
          "Plan Rows": 2225,
          "Plan Width": 64,
          "Group Key": [
            "customer_demographics.cd_gender",
            "customer_demographics.cd_marital_status",
            "customer_demographics.cd_education_status",
            "customer_demographics.cd_purchase_estimate",
            "customer_demographics.cd_credit_rating"
          ],
          "Plans": [
            {
              "Node Type": "Nested Loop",
              "Parent Relationship": "Outer",
              "Parallel Aware": false,
              "Async Capable": false,
              "Join Type": "Anti",
              "Startup Cost": 747713.69,
              "Total Cost": 2483000.76,
              "Plan Rows": 2225,
              "Plan Width": 40,
              "Inner Unique": false,
              "Join Filter": "(c.c_customer_sk = catalog_sales.cs_ship_customer_sk)",
              "Plans": [
                {
                  "Node Type": "Nested Loop",
                  "Parent Relationship": "Outer",
                  "Parallel Aware": false,
                  "Async Capable": false,
                  "Join Type": "Anti",
                  "Startup Cost": 745029.2,
                  "Total Cost": 1291074.35,
                  "Plan Rows": 2307,
                  "Plan Width": 44,
                  "Inner Unique": false,
                  "Join Filter": "(c.c_customer_sk = web_sales.ws_bill_customer_sk)",
                  "Plans": [
                    {
                      "Node Type": "Gather Merge",
                      "Parent Relationship": "Outer",
                      "Parallel Aware": false,
                      "Async Capable": false,
                      "Startup Cost": 741871.55,
                      "Total Cost": 742145.13,
                      "Plan Rows": 2349,
                      "Plan Width": 44,
                      "Workers Planned": 2,
                      "Plans": [
                        {
                          "Node Type": "Sort",
                          "Parent Relationship": "Outer",
                          "Parallel Aware": false,
                          "Async Capable": false,
                          "Startup Cost": 740871.53,
                          "Total Cost": 740873.97,
                          "Plan Rows": 979,
                          "Plan Width": 44,
                          "Sort Key": [
                            "customer_demographics.cd_gender",
                            "customer_demographics.cd_marital_status",
                            "customer_demographics.cd_education_status",
                            "customer_demographics.cd_purchase_estimate",
                            "customer_demographics.cd_credit_rating"
                          ],
                          "Plans": [
                            {
                              "Node Type": "Hash Join",
                              "Parent Relationship": "Outer",
                              "Parallel Aware": true,
                              "Async Capable": false,
                              "Join Type": "Inner",
                              "Startup Cost": 707986.23,
                              "Total Cost": 740822.89,
                              "Plan Rows": 979,
                              "Plan Width": 44,
                              "Inner Unique": false,
                              "Hash Cond": "(customer_demographics.cd_demo_sk = c.c_current_cdemo_sk)",
                              "Plans": [
                                {
                                  "Node Type": "Seq Scan",
                                  "Parent Relationship": "Outer",
                                  "Parallel Aware": true,
                                  "Async Capable": false,
                                  "Relation Name": "customer_demographics",
                                  "Alias": "customer_demographics",
                                  "Startup Cost": 0.0,
                                  "Total Cost": 29831.33,
                                  "Plan Rows": 800333,
                                  "Plan Width": 44,
                                  "parent": 6,
                                  "ID": 7
                                },
                                {
                                  "Node Type": "Hash",
                                  "Parent Relationship": "Inner",
                                  "Parallel Aware": true,
                                  "Async Capable": false,
                                  "Startup Cost": 707973.57,
                                  "Total Cost": 707973.57,
                                  "Plan Rows": 1013,
                                  "Plan Width": 8,
                                  "Plans": [
                                    {
                                      "Node Type": "Hash Join",
                                      "Parent Relationship": "Outer",
                                      "Parallel Aware": true,
                                      "Async Capable": false,
                                      "Join Type": "Inner",
                                      "Startup Cost": 691301.61,
                                      "Total Cost": 707973.57,
                                      "Plan Rows": 1013,
                                      "Plan Width": 8,
                                      "Inner Unique": false,
                                      "Hash Cond": "(c.c_current_addr_sk = ca.ca_address_sk)",
                                      "Plans": [
                                        {
                                          "Node Type": "Hash Join",
                                          "Parent Relationship": "Outer",
                                          "Parallel Aware": true,
                                          "Async Capable": false,
                                          "Join Type": "Semi",
                                          "Startup Cost": 684337.4,
                                          "Total Cost": 700954.09,
                                          "Plan Rows": 13615,
                                          "Plan Width": 12,
                                          "Inner Unique": false,
                                          "Hash Cond": "(c.c_customer_sk = store_sales.ss_customer_sk)",
                                          "Plans": [
                                            {
                                              "Node Type": "Seq Scan",
                                              "Parent Relationship": "Outer",
                                              "Parallel Aware": true,
                                              "Async Capable": false,
                                              "Relation Name": "customer",
                                              "Alias": "c",
                                              "Startup Cost": 0.0,
                                              "Total Cost": 15918.33,
                                              "Plan Rows": 208333,
                                              "Plan Width": 12,
                                              "parent": 10,
                                              "ID": 11
                                            },
                                            {
                                              "Node Type": "Hash",
                                              "Parent Relationship": "Inner",
                                              "Parallel Aware": true,
                                              "Async Capable": false,
                                              "Startup Cost": 684159.07,
                                              "Total Cost": 684159.07,
                                              "Plan Rows": 14267,
                                              "Plan Width": 4,
                                              "Plans": [
                                                {
                                                  "Node Type": "Hash Join",
                                                  "Parent Relationship": "Outer",
                                                  "Parallel Aware": true,
                                                  "Async Capable": false,
                                                  "Join Type": "Inner",
                                                  "Startup Cost": 2157.65,
                                                  "Total Cost": 684159.07,
                                                  "Plan Rows": 14267,
                                                  "Plan Width": 4,
                                                  "Inner Unique": false,
                                                  "Hash Cond": "(store_sales.ss_sold_date_sk = date_dim.d_date_sk)",
                                                  "Plans": [
                                                    {
                                                      "Node Type": "Seq Scan",
                                                      "Parent Relationship": "Outer",
                                                      "Parallel Aware": true,
                                                      "Async Capable": false,
                                                      "Relation Name": "store_sales",
                                                      "Alias": "store_sales",
                                                      "Startup Cost": 0.0,
                                                      "Total Cost": 636914.37,
                                                      "Plan Rows": 12000637,
                                                      "Plan Width": 8,
                                                      "parent": 13,
                                                      "ID": 14
                                                    },
                                                    {
                                                      "Node Type": "Hash",
                                                      "Parent Relationship": "Inner",
                                                      "Parallel Aware": true,
                                                      "Async Capable": false,
                                                      "Startup Cost": 2156.97,
                                                      "Total Cost": 2156.97,
                                                      "Plan Rows": 54,
                                                      "Plan Width": 4,
                                                      "Plans": [
                                                        {
                                                          "Node Type": "Seq Scan",
                                                          "Parent Relationship": "Outer",
                                                          "Parallel Aware": true,
                                                          "Async Capable": false,
                                                          "Relation Name": "date_dim",
                                                          "Alias": "date_dim",
                                                          "Startup Cost": 0.0,
                                                          "Total Cost": 2156.97,
                                                          "Plan Rows": 54,
                                                          "Plan Width": 4,
                                                          "Filter": "((d_moy >= 4) AND (d_moy <= 6) AND (d_year = 2003))",
                                                          "parent": 15,
                                                          "ID": 16
                                                        }
                                                      ],
                                                      "parent": 13,
                                                      "ID": 15,
                                                      "left": 16
                                                    }
                                                  ],
                                                  "parent": 12,
                                                  "ID": 13,
                                                  "left": 14,
                                                  "right": 15
                                                }
                                              ],
                                              "parent": 10,
                                              "ID": 12,
                                              "left": 13
                                            }
                                          ],
                                          "parent": 9,
                                          "ID": 10,
                                          "left": 11,
                                          "right": 12
                                        },
                                        {
                                          "Node Type": "Hash",
                                          "Parent Relationship": "Inner",
                                          "Parallel Aware": true,
                                          "Async Capable": false,
                                          "Startup Cost": 6867.29,
                                          "Total Cost": 6867.29,
                                          "Plan Rows": 7753,
                                          "Plan Width": 4,
                                          "Plans": [
                                            {
                                              "Node Type": "Seq Scan",
                                              "Parent Relationship": "Outer",
                                              "Parallel Aware": true,
                                              "Async Capable": false,
                                              "Relation Name": "customer_address",
                                              "Alias": "ca",
                                              "Startup Cost": 0.0,
                                              "Total Cost": 6867.29,
                                              "Plan Rows": 7753,
                                              "Plan Width": 4,
                                              "Filter": "(ca_state = ANY ('{WI,NE,SD}'::bpchar[]))",
                                              "parent": 17,
                                              "ID": 18
                                            }
                                          ],
                                          "parent": 9,
                                          "ID": 17,
                                          "left": 18
                                        }
                                      ],
                                      "parent": 8,
                                      "ID": 9,
                                      "left": 10,
                                      "right": 17
                                    }
                                  ],
                                  "parent": 6,
                                  "ID": 8,
                                  "left": 9
                                }
                              ],
                              "parent": 5,
                              "ID": 6,
                              "left": 7,
                              "right": 8
                            }
                          ],
                          "parent": 4,
                          "ID": 5,
                          "left": 6
                        }
                      ],
                      "parent": 3,
                      "ID": 4,
                      "left": 5
                    },
                    {
                      "Node Type": "Materialize",
                      "Parent Relationship": "Inner",
                      "Parallel Aware": false,
                      "Async Capable": false,
                      "Startup Cost": 3157.65,
                      "Total Cost": 233105.09,
                      "Plan Rows": 8964,
                      "Plan Width": 4,
                      "Plans": [
                        {
                          "Node Type": "Gather",
                          "Parent Relationship": "Outer",
                          "Parallel Aware": false,
                          "Async Capable": false,
                          "Startup Cost": 3157.65,
                          "Total Cost": 233060.27,
                          "Plan Rows": 8964,
                          "Plan Width": 4,
                          "Workers Planned": 2,
                          "Single Copy": false,
                          "Plans": [
                            {
                              "Node Type": "Hash Join",
                              "Parent Relationship": "Outer",
                              "Parallel Aware": true,
                              "Async Capable": false,
                              "Join Type": "Inner",
                              "Startup Cost": 2157.65,
                              "Total Cost": 231163.87,
                              "Plan Rows": 3735,
                              "Plan Width": 4,
                              "Inner Unique": false,
                              "Hash Cond": "(web_sales.ws_sold_date_sk = date_dim_1.d_date_sk)",
                              "Plans": [
                                {
                                  "Node Type": "Seq Scan",
                                  "Parent Relationship": "Outer",
                                  "Parallel Aware": true,
                                  "Async Capable": false,
                                  "Relation Name": "web_sales",
                                  "Alias": "web_sales",
                                  "Startup Cost": 0.0,
                                  "Total Cost": 217737.86,
                                  "Plan Rows": 2998986,
                                  "Plan Width": 8,
                                  "parent": 21,
                                  "ID": 22
                                },
                                {
                                  "Node Type": "Hash",
                                  "Parent Relationship": "Inner",
                                  "Parallel Aware": true,
                                  "Async Capable": false,
                                  "Startup Cost": 2156.97,
                                  "Total Cost": 2156.97,
                                  "Plan Rows": 54,
                                  "Plan Width": 4,
                                  "Plans": [
                                    {
                                      "Node Type": "Seq Scan",
                                      "Parent Relationship": "Outer",
                                      "Parallel Aware": true,
                                      "Async Capable": false,
                                      "Relation Name": "date_dim",
                                      "Alias": "date_dim_1",
                                      "Startup Cost": 0.0,
                                      "Total Cost": 2156.97,
                                      "Plan Rows": 54,
                                      "Plan Width": 4,
                                      "Filter": "((d_moy >= 4) AND (d_moy <= 6) AND (d_year = 2003))",
                                      "parent": 23,
                                      "ID": 24
                                    }
                                  ],
                                  "parent": 21,
                                  "ID": 23,
                                  "left": 24
                                }
                              ],
                              "parent": 20,
                              "ID": 21,
                              "left": 22,
                              "right": 23
                            }
                          ],
                          "parent": 19,
                          "ID": 20,
                          "left": 21
                        }
                      ],
                      "parent": 3,
                      "ID": 19,
                      "left": 20
                    }
                  ],
                  "parent": 2,
                  "ID": 3,
                  "left": 4,
                  "right": 19
                },
                {
                  "Node Type": "Materialize",
                  "Parent Relationship": "Inner",
                  "Parallel Aware": false,
                  "Async Capable": false,
                  "Startup Cost": 2684.49,
                  "Total Cost": 574652.42,
                  "Plan Rows": 17839,
                  "Plan Width": 4,
                  "Plans": [
                    {
                      "Node Type": "Hash Join",
                      "Parent Relationship": "Outer",
                      "Parallel Aware": false,
                      "Async Capable": false,
                      "Join Type": "Inner",
                      "Startup Cost": 2684.49,
                      "Total Cost": 574563.22,
                      "Plan Rows": 17839,
                      "Plan Width": 4,
                      "Inner Unique": false,
                      "Hash Cond": "(catalog_sales.cs_sold_date_sk = date_dim_2.d_date_sk)",
                      "Plans": [
                        {
                          "Node Type": "Seq Scan",
                          "Parent Relationship": "Outer",
                          "Parallel Aware": false,
                          "Async Capable": false,
                          "Relation Name": "catalog_sales",
                          "Alias": "catalog_sales",
                          "Startup Cost": 0.0,
                          "Total Cost": 517695.61,
                          "Plan Rows": 14401261,
                          "Plan Width": 8,
                          "parent": 26,
                          "ID": 27
                        },
                        {
                          "Node Type": "Hash",
                          "Parent Relationship": "Inner",
                          "Parallel Aware": false,
                          "Async Capable": false,
                          "Startup Cost": 2683.36,
                          "Total Cost": 2683.36,
                          "Plan Rows": 91,
                          "Plan Width": 4,
                          "Plans": [
                            {
                              "Node Type": "Seq Scan",
                              "Parent Relationship": "Outer",
                              "Parallel Aware": false,
                              "Async Capable": false,
                              "Relation Name": "date_dim",
                              "Alias": "date_dim_2",
                              "Startup Cost": 0.0,
                              "Total Cost": 2683.36,
                              "Plan Rows": 91,
                              "Plan Width": 4,
                              "Filter": "((d_moy >= 4) AND (d_moy <= 6) AND (d_year = 2003))",
                              "parent": 28,
                              "ID": 29
                            }
                          ],
                          "parent": 26,
                          "ID": 28,
                          "left": 29
                        }
                      ],
                      "parent": 25,
                      "ID": 26,
                      "left": 27,
                      "right": 28
                    }
                  ],
                  "parent": 2,
                  "ID": 25,
                  "left": 26
                }
              ],
              "parent": 1,
              "ID": 2,
              "left": 3,
              "right": 25
            }
          ],
          "parent": 0,
          "ID": 1,
          "left": 2
        }
      ],
      "parent": null,
      "ID": 0,
      "left": 1
    },
    "feat": {
      "utility": 0.009706477306260553,
      "query_shape": [
        [
          "Seq Scan",
          "Hash Join",
          "Sort",
          "Gather Merge",
          "Nested Loop",
          "Aggregate"
        ],
        [
          "Seq Scan",
          "Hash Join",
          "Hash",
          "Sort",
          "Gather Merge",
          "Nested Loop",
          "Aggregate"
        ],
        [
          "Seq Scan",
          "Hash Join",
          "Hash",
          "Sort",
          "Gather Merge",
          "Nested Loop",
          "Aggregate"
        ],
        [
          "Seq Scan",
          "Hash",
          "Hash Join",
          "Sort",
          "Gather Merge",
          "Nested Loop",
          "Aggregate"
        ],
        [
          "Seq Scan",
          "Hash",
          "Hash Join",
          "Sort",
          "Gather Merge",
          "Nested Loop",
          "Aggregate"
        ],
        [
          "Seq Scan",
          "Hash Join",
          "Gather",
          "Materialize",
          "Nested Loop",
          "Aggregate"
        ],
        [
          "Seq Scan",
          "Hash",
          "Hash Join",
          "Gather",
          "Materialize",
          "Nested Loop",
          "Aggregate"
        ],
        [
          "Seq Scan",
          "Hash Join",
          "Materialize",
          "Nested Loop",
          "Aggregate"
        ],
        [
          "Seq Scan",
          "Hash",
          "Hash Join",
          "Materialize",
          "Nested Loop",
          "Aggregate"
        ]
      ],
      "index_shape": [
        "join"
      ],
      "physical_operator": {
        "Hash Join": [
          0.00469210045035693,
          0.004802431776525597,
          0.0036894726553894776
        ]
      }
    }
  },
  {
    "query": "select  \n  cd_gender,\n  cd_marital_status,\n  cd_education_status,\n  count(*) cnt1,\n  cd_purchase_estimate,\n  count(*) cnt2,\n  cd_credit_rating,\n  count(*) cnt3\n from\n  customer c,customer_address ca,customer_demographics\n where\n  c.c_current_addr_sk = ca.ca_address_sk and\n  ca_state in ('WI','NE','SD') and\n  cd_demo_sk = c.c_current_cdemo_sk and \n  exists (select *\n          from store_sales,date_dim\n          where c.c_customer_sk = ss_customer_sk and\n                ss_sold_date_sk = d_date_sk and\n                d_year = 2003 and\n                d_moy between 4 and 4+2) and\n   (not exists (select *\n            from web_sales,date_dim\n            where c.c_customer_sk = ws_bill_customer_sk and\n                  ws_sold_date_sk = d_date_sk and\n                  d_year = 2003 and\n                  d_moy between 4 and 4+2) and\n    not exists (select * \n            from catalog_sales,date_dim\n            where c.c_customer_sk = cs_ship_customer_sk and\n                  cs_sold_date_sk = d_date_sk and\n                  d_year = 2003 and\n                  d_moy between 4 and 4+2))\n group by cd_gender,\n          cd_marital_status,\n          cd_education_status,\n          cd_purchase_estimate,\n          cd_credit_rating\n order by cd_gender,\n          cd_marital_status,\n          cd_education_status,\n          cd_purchase_estimate,\n          cd_credit_rating\n limit 100;\n\n-- end query 51 in stream 1 using template query69.tpl\n",
    "indexes": "date_dim.d_date",
    "wo plan est": {
      "Node Type": "Limit",
      "Parallel Aware": false,
      "Async Capable": false,
      "Startup Cost": 747713.69,
      "Total Cost": 825706.62,
      "Plan Rows": 100,
      "Plan Width": 64,
      "Plans": [
        {
          "Node Type": "Aggregate",
          "Strategy": "Sorted",
          "Partial Mode": "Simple",
          "Parent Relationship": "Outer",
          "Parallel Aware": false,
          "Async Capable": false,
          "Startup Cost": 747713.69,
          "Total Cost": 2483056.39,
          "Plan Rows": 2225,
          "Plan Width": 64,
          "Group Key": [
            "customer_demographics.cd_gender",
            "customer_demographics.cd_marital_status",
            "customer_demographics.cd_education_status",
            "customer_demographics.cd_purchase_estimate",
            "customer_demographics.cd_credit_rating"
          ],
          "Plans": [
            {
              "Node Type": "Nested Loop",
              "Parent Relationship": "Outer",
              "Parallel Aware": false,
              "Async Capable": false,
              "Join Type": "Anti",
              "Startup Cost": 747713.69,
              "Total Cost": 2483000.76,
              "Plan Rows": 2225,
              "Plan Width": 40,
              "Inner Unique": false,
              "Join Filter": "(c.c_customer_sk = catalog_sales.cs_ship_customer_sk)",
              "Plans": [
                {
                  "Node Type": "Nested Loop",
                  "Parent Relationship": "Outer",
                  "Parallel Aware": false,
                  "Async Capable": false,
                  "Join Type": "Anti",
                  "Startup Cost": 745029.2,
                  "Total Cost": 1291074.35,
                  "Plan Rows": 2307,
                  "Plan Width": 44,
                  "Inner Unique": false,
                  "Join Filter": "(c.c_customer_sk = web_sales.ws_bill_customer_sk)",
                  "Plans": [
                    {
                      "Node Type": "Gather Merge",
                      "Parent Relationship": "Outer",
                      "Parallel Aware": false,
                      "Async Capable": false,
                      "Startup Cost": 741871.55,
                      "Total Cost": 742145.13,
                      "Plan Rows": 2349,
                      "Plan Width": 44,
                      "Workers Planned": 2,
                      "Plans": [
                        {
                          "Node Type": "Sort",
                          "Parent Relationship": "Outer",
                          "Parallel Aware": false,
                          "Async Capable": false,
                          "Startup Cost": 740871.53,
                          "Total Cost": 740873.97,
                          "Plan Rows": 979,
                          "Plan Width": 44,
                          "Sort Key": [
                            "customer_demographics.cd_gender",
                            "customer_demographics.cd_marital_status",
                            "customer_demographics.cd_education_status",
                            "customer_demographics.cd_purchase_estimate",
                            "customer_demographics.cd_credit_rating"
                          ],
                          "Plans": [
                            {
                              "Node Type": "Hash Join",
                              "Parent Relationship": "Outer",
                              "Parallel Aware": true,
                              "Async Capable": false,
                              "Join Type": "Inner",
                              "Startup Cost": 707986.23,
                              "Total Cost": 740822.89,
                              "Plan Rows": 979,
                              "Plan Width": 44,
                              "Inner Unique": false,
                              "Hash Cond": "(customer_demographics.cd_demo_sk = c.c_current_cdemo_sk)",
                              "Plans": [
                                {
                                  "Node Type": "Seq Scan",
                                  "Parent Relationship": "Outer",
                                  "Parallel Aware": true,
                                  "Async Capable": false,
                                  "Relation Name": "customer_demographics",
                                  "Alias": "customer_demographics",
                                  "Startup Cost": 0.0,
                                  "Total Cost": 29831.33,
                                  "Plan Rows": 800333,
                                  "Plan Width": 44,
                                  "parent": 6,
                                  "ID": 7
                                },
                                {
                                  "Node Type": "Hash",
                                  "Parent Relationship": "Inner",
                                  "Parallel Aware": true,
                                  "Async Capable": false,
                                  "Startup Cost": 707973.57,
                                  "Total Cost": 707973.57,
                                  "Plan Rows": 1013,
                                  "Plan Width": 8,
                                  "Plans": [
                                    {
                                      "Node Type": "Hash Join",
                                      "Parent Relationship": "Outer",
                                      "Parallel Aware": true,
                                      "Async Capable": false,
                                      "Join Type": "Inner",
                                      "Startup Cost": 691301.61,
                                      "Total Cost": 707973.57,
                                      "Plan Rows": 1013,
                                      "Plan Width": 8,
                                      "Inner Unique": false,
                                      "Hash Cond": "(c.c_current_addr_sk = ca.ca_address_sk)",
                                      "Plans": [
                                        {
                                          "Node Type": "Hash Join",
                                          "Parent Relationship": "Outer",
                                          "Parallel Aware": true,
                                          "Async Capable": false,
                                          "Join Type": "Semi",
                                          "Startup Cost": 684337.4,
                                          "Total Cost": 700954.09,
                                          "Plan Rows": 13615,
                                          "Plan Width": 12,
                                          "Inner Unique": false,
                                          "Hash Cond": "(c.c_customer_sk = store_sales.ss_customer_sk)",
                                          "Plans": [
                                            {
                                              "Node Type": "Seq Scan",
                                              "Parent Relationship": "Outer",
                                              "Parallel Aware": true,
                                              "Async Capable": false,
                                              "Relation Name": "customer",
                                              "Alias": "c",
                                              "Startup Cost": 0.0,
                                              "Total Cost": 15918.33,
                                              "Plan Rows": 208333,
                                              "Plan Width": 12,
                                              "parent": 10,
                                              "ID": 11
                                            },
                                            {
                                              "Node Type": "Hash",
                                              "Parent Relationship": "Inner",
                                              "Parallel Aware": true,
                                              "Async Capable": false,
                                              "Startup Cost": 684159.07,
                                              "Total Cost": 684159.07,
                                              "Plan Rows": 14267,
                                              "Plan Width": 4,
                                              "Plans": [
                                                {
                                                  "Node Type": "Hash Join",
                                                  "Parent Relationship": "Outer",
                                                  "Parallel Aware": true,
                                                  "Async Capable": false,
                                                  "Join Type": "Inner",
                                                  "Startup Cost": 2157.65,
                                                  "Total Cost": 684159.07,
                                                  "Plan Rows": 14267,
                                                  "Plan Width": 4,
                                                  "Inner Unique": false,
                                                  "Hash Cond": "(store_sales.ss_sold_date_sk = date_dim.d_date_sk)",
                                                  "Plans": [
                                                    {
                                                      "Node Type": "Seq Scan",
                                                      "Parent Relationship": "Outer",
                                                      "Parallel Aware": true,
                                                      "Async Capable": false,
                                                      "Relation Name": "store_sales",
                                                      "Alias": "store_sales",
                                                      "Startup Cost": 0.0,
                                                      "Total Cost": 636914.37,
                                                      "Plan Rows": 12000637,
                                                      "Plan Width": 8,
                                                      "parent": 13,
                                                      "ID": 14
                                                    },
                                                    {
                                                      "Node Type": "Hash",
                                                      "Parent Relationship": "Inner",
                                                      "Parallel Aware": true,
                                                      "Async Capable": false,
                                                      "Startup Cost": 2156.97,
                                                      "Total Cost": 2156.97,
                                                      "Plan Rows": 54,
                                                      "Plan Width": 4,
                                                      "Plans": [
                                                        {
                                                          "Node Type": "Seq Scan",
                                                          "Parent Relationship": "Outer",
                                                          "Parallel Aware": true,
                                                          "Async Capable": false,
                                                          "Relation Name": "date_dim",
                                                          "Alias": "date_dim",
                                                          "Startup Cost": 0.0,
                                                          "Total Cost": 2156.97,
                                                          "Plan Rows": 54,
                                                          "Plan Width": 4,
                                                          "Filter": "((d_moy >= 4) AND (d_moy <= 6) AND (d_year = 2003))",
                                                          "parent": 15,
                                                          "ID": 16
                                                        }
                                                      ],
                                                      "parent": 13,
                                                      "ID": 15,
                                                      "left": 16
                                                    }
                                                  ],
                                                  "parent": 12,
                                                  "ID": 13,
                                                  "left": 14,
                                                  "right": 15
                                                }
                                              ],
                                              "parent": 10,
                                              "ID": 12,
                                              "left": 13
                                            }
                                          ],
                                          "parent": 9,
                                          "ID": 10,
                                          "left": 11,
                                          "right": 12
                                        },
                                        {
                                          "Node Type": "Hash",
                                          "Parent Relationship": "Inner",
                                          "Parallel Aware": true,
                                          "Async Capable": false,
                                          "Startup Cost": 6867.29,
                                          "Total Cost": 6867.29,
                                          "Plan Rows": 7753,
                                          "Plan Width": 4,
                                          "Plans": [
                                            {
                                              "Node Type": "Seq Scan",
                                              "Parent Relationship": "Outer",
                                              "Parallel Aware": true,
                                              "Async Capable": false,
                                              "Relation Name": "customer_address",
                                              "Alias": "ca",
                                              "Startup Cost": 0.0,
                                              "Total Cost": 6867.29,
                                              "Plan Rows": 7753,
                                              "Plan Width": 4,
                                              "Filter": "(ca_state = ANY ('{WI,NE,SD}'::bpchar[]))",
                                              "parent": 17,
                                              "ID": 18
                                            }
                                          ],
                                          "parent": 9,
                                          "ID": 17,
                                          "left": 18
                                        }
                                      ],
                                      "parent": 8,
                                      "ID": 9,
                                      "left": 10,
                                      "right": 17
                                    }
                                  ],
                                  "parent": 6,
                                  "ID": 8,
                                  "left": 9
                                }
                              ],
                              "parent": 5,
                              "ID": 6,
                              "left": 7,
                              "right": 8
                            }
                          ],
                          "parent": 4,
                          "ID": 5,
                          "left": 6
                        }
                      ],
                      "parent": 3,
                      "ID": 4,
                      "left": 5
                    },
                    {
                      "Node Type": "Materialize",
                      "Parent Relationship": "Inner",
                      "Parallel Aware": false,
                      "Async Capable": false,
                      "Startup Cost": 3157.65,
                      "Total Cost": 233105.09,
                      "Plan Rows": 8964,
                      "Plan Width": 4,
                      "Plans": [
                        {
                          "Node Type": "Gather",
                          "Parent Relationship": "Outer",
                          "Parallel Aware": false,
                          "Async Capable": false,
                          "Startup Cost": 3157.65,
                          "Total Cost": 233060.27,
                          "Plan Rows": 8964,
                          "Plan Width": 4,
                          "Workers Planned": 2,
                          "Single Copy": false,
                          "Plans": [
                            {
                              "Node Type": "Hash Join",
                              "Parent Relationship": "Outer",
                              "Parallel Aware": true,
                              "Async Capable": false,
                              "Join Type": "Inner",
                              "Startup Cost": 2157.65,
                              "Total Cost": 231163.87,
                              "Plan Rows": 3735,
                              "Plan Width": 4,
                              "Inner Unique": false,
                              "Hash Cond": "(web_sales.ws_sold_date_sk = date_dim_1.d_date_sk)",
                              "Plans": [
                                {
                                  "Node Type": "Seq Scan",
                                  "Parent Relationship": "Outer",
                                  "Parallel Aware": true,
                                  "Async Capable": false,
                                  "Relation Name": "web_sales",
                                  "Alias": "web_sales",
                                  "Startup Cost": 0.0,
                                  "Total Cost": 217737.86,
                                  "Plan Rows": 2998986,
                                  "Plan Width": 8,
                                  "parent": 21,
                                  "ID": 22
                                },
                                {
                                  "Node Type": "Hash",
                                  "Parent Relationship": "Inner",
                                  "Parallel Aware": true,
                                  "Async Capable": false,
                                  "Startup Cost": 2156.97,
                                  "Total Cost": 2156.97,
                                  "Plan Rows": 54,
                                  "Plan Width": 4,
                                  "Plans": [
                                    {
                                      "Node Type": "Seq Scan",
                                      "Parent Relationship": "Outer",
                                      "Parallel Aware": true,
                                      "Async Capable": false,
                                      "Relation Name": "date_dim",
                                      "Alias": "date_dim_1",
                                      "Startup Cost": 0.0,
                                      "Total Cost": 2156.97,
                                      "Plan Rows": 54,
                                      "Plan Width": 4,
                                      "Filter": "((d_moy >= 4) AND (d_moy <= 6) AND (d_year = 2003))",
                                      "parent": 23,
                                      "ID": 24
                                    }
                                  ],
                                  "parent": 21,
                                  "ID": 23,
                                  "left": 24
                                }
                              ],
                              "parent": 20,
                              "ID": 21,
                              "left": 22,
                              "right": 23
                            }
                          ],
                          "parent": 19,
                          "ID": 20,
                          "left": 21
                        }
                      ],
                      "parent": 3,
                      "ID": 19,
                      "left": 20
                    }
                  ],
                  "parent": 2,
                  "ID": 3,
                  "left": 4,
                  "right": 19
                },
                {
                  "Node Type": "Materialize",
                  "Parent Relationship": "Inner",
                  "Parallel Aware": false,
                  "Async Capable": false,
                  "Startup Cost": 2684.49,
                  "Total Cost": 574652.42,
                  "Plan Rows": 17839,
                  "Plan Width": 4,
                  "Plans": [
                    {
                      "Node Type": "Hash Join",
                      "Parent Relationship": "Outer",
                      "Parallel Aware": false,
                      "Async Capable": false,
                      "Join Type": "Inner",
                      "Startup Cost": 2684.49,
                      "Total Cost": 574563.22,
                      "Plan Rows": 17839,
                      "Plan Width": 4,
                      "Inner Unique": false,
                      "Hash Cond": "(catalog_sales.cs_sold_date_sk = date_dim_2.d_date_sk)",
                      "Plans": [
                        {
                          "Node Type": "Seq Scan",
                          "Parent Relationship": "Outer",
                          "Parallel Aware": false,
                          "Async Capable": false,
                          "Relation Name": "catalog_sales",
                          "Alias": "catalog_sales",
                          "Startup Cost": 0.0,
                          "Total Cost": 517695.61,
                          "Plan Rows": 14401261,
                          "Plan Width": 8,
                          "parent": 26,
                          "ID": 27
                        },
                        {
                          "Node Type": "Hash",
                          "Parent Relationship": "Inner",
                          "Parallel Aware": false,
                          "Async Capable": false,
                          "Startup Cost": 2683.36,
                          "Total Cost": 2683.36,
                          "Plan Rows": 91,
                          "Plan Width": 4,
                          "Plans": [
                            {
                              "Node Type": "Seq Scan",
                              "Parent Relationship": "Outer",
                              "Parallel Aware": false,
                              "Async Capable": false,
                              "Relation Name": "date_dim",
                              "Alias": "date_dim_2",
                              "Startup Cost": 0.0,
                              "Total Cost": 2683.36,
                              "Plan Rows": 91,
                              "Plan Width": 4,
                              "Filter": "((d_moy >= 4) AND (d_moy <= 6) AND (d_year = 2003))",
                              "parent": 28,
                              "ID": 29
                            }
                          ],
                          "parent": 26,
                          "ID": 28,
                          "left": 29
                        }
                      ],
                      "parent": 25,
                      "ID": 26,
                      "left": 27,
                      "right": 28
                    }
                  ],
                  "parent": 2,
                  "ID": 25,
                  "left": 26
                }
              ],
              "parent": 1,
              "ID": 2,
              "left": 3,
              "right": 25
            }
          ],
          "parent": 0,
          "ID": 1,
          "left": 2
        }
      ],
      "parent": null,
      "ID": 0,
      "left": 1
    },
    "feat": {
      "utility": 0.009706477306260553,
      "query_shape": [
        [
          "Seq Scan",
          "Hash Join",
          "Sort",
          "Gather Merge",
          "Nested Loop",
          "Aggregate"
        ],
        [
          "Seq Scan",
          "Hash Join",
          "Hash",
          "Sort",
          "Gather Merge",
          "Nested Loop",
          "Aggregate"
        ],
        [
          "Seq Scan",
          "Hash Join",
          "Hash",
          "Sort",
          "Gather Merge",
          "Nested Loop",
          "Aggregate"
        ],
        [
          "Seq Scan",
          "Hash",
          "Hash Join",
          "Sort",
          "Gather Merge",
          "Nested Loop",
          "Aggregate"
        ],
        [
          "Seq Scan",
          "Hash",
          "Hash Join",
          "Sort",
          "Gather Merge",
          "Nested Loop",
          "Aggregate"
        ],
        [
          "Seq Scan",
          "Hash Join",
          "Gather",
          "Materialize",
          "Nested Loop",
          "Aggregate"
        ],
        [
          "Seq Scan",
          "Hash",
          "Hash Join",
          "Gather",
          "Materialize",
          "Nested Loop",
          "Aggregate"
        ],
        [
          "Seq Scan",
          "Hash Join",
          "Materialize",
          "Nested Loop",
          "Aggregate"
        ],
        [
          "Seq Scan",
          "Hash",
          "Hash Join",
          "Materialize",
          "Nested Loop",
          "Aggregate"
        ]
      ],
      "index_shape": [
        "join"
      ],
      "physical_operator": {
        "Hash Join": [
          0.00469210045035693,
          0.004802431776525597,
          0.0036894726553894776
        ]
      }
    }
  },
  {
    "query": "select  \n  cd_gender,\n  cd_marital_status,\n  cd_education_status,\n  count(*) cnt1,\n  cd_purchase_estimate,\n  count(*) cnt2,\n  cd_credit_rating,\n  count(*) cnt3\n from\n  customer c,customer_address ca,customer_demographics\n where\n  c.c_current_addr_sk = ca.ca_address_sk and\n  ca_state in ('WI','NE','SD') and\n  cd_demo_sk = c.c_current_cdemo_sk and \n  exists (select *\n          from store_sales,date_dim\n          where c.c_customer_sk = ss_customer_sk and\n                ss_sold_date_sk = d_date_sk and\n                d_year = 2003 and\n                d_moy between 4 and 4+2) and\n   (not exists (select *\n            from web_sales,date_dim\n            where c.c_customer_sk = ws_bill_customer_sk and\n                  ws_sold_date_sk = d_date_sk and\n                  d_year = 2003 and\n                  d_moy between 4 and 4+2) and\n    not exists (select * \n            from catalog_sales,date_dim\n            where c.c_customer_sk = cs_ship_customer_sk and\n                  cs_sold_date_sk = d_date_sk and\n                  d_year = 2003 and\n                  d_moy between 4 and 4+2))\n group by cd_gender,\n          cd_marital_status,\n          cd_education_status,\n          cd_purchase_estimate,\n          cd_credit_rating\n order by cd_gender,\n          cd_marital_status,\n          cd_education_status,\n          cd_purchase_estimate,\n          cd_credit_rating\n limit 100;\n\n-- end query 51 in stream 1 using template query69.tpl\n",
    "indexes": "catalog_sales.cs_sold_date_sk",
    "wo plan est": {
      "Node Type": "Limit",
      "Parallel Aware": false,
      "Async Capable": false,
      "Startup Cost": 747713.69,
      "Total Cost": 825706.62,
      "Plan Rows": 100,
      "Plan Width": 64,
      "Plans": [
        {
          "Node Type": "Aggregate",
          "Strategy": "Sorted",
          "Partial Mode": "Simple",
          "Parent Relationship": "Outer",
          "Parallel Aware": false,
          "Async Capable": false,
          "Startup Cost": 747713.69,
          "Total Cost": 2483056.39,
          "Plan Rows": 2225,
          "Plan Width": 64,
          "Group Key": [
            "customer_demographics.cd_gender",
            "customer_demographics.cd_marital_status",
            "customer_demographics.cd_education_status",
            "customer_demographics.cd_purchase_estimate",
            "customer_demographics.cd_credit_rating"
          ],
          "Plans": [
            {
              "Node Type": "Nested Loop",
              "Parent Relationship": "Outer",
              "Parallel Aware": false,
              "Async Capable": false,
              "Join Type": "Anti",
              "Startup Cost": 747713.69,
              "Total Cost": 2483000.76,
              "Plan Rows": 2225,
              "Plan Width": 40,
              "Inner Unique": false,
              "Join Filter": "(c.c_customer_sk = catalog_sales.cs_ship_customer_sk)",
              "Plans": [
                {
                  "Node Type": "Nested Loop",
                  "Parent Relationship": "Outer",
                  "Parallel Aware": false,
                  "Async Capable": false,
                  "Join Type": "Anti",
                  "Startup Cost": 745029.2,
                  "Total Cost": 1291074.35,
                  "Plan Rows": 2307,
                  "Plan Width": 44,
                  "Inner Unique": false,
                  "Join Filter": "(c.c_customer_sk = web_sales.ws_bill_customer_sk)",
                  "Plans": [
                    {
                      "Node Type": "Gather Merge",
                      "Parent Relationship": "Outer",
                      "Parallel Aware": false,
                      "Async Capable": false,
                      "Startup Cost": 741871.55,
                      "Total Cost": 742145.13,
                      "Plan Rows": 2349,
                      "Plan Width": 44,
                      "Workers Planned": 2,
                      "Plans": [
                        {
                          "Node Type": "Sort",
                          "Parent Relationship": "Outer",
                          "Parallel Aware": false,
                          "Async Capable": false,
                          "Startup Cost": 740871.53,
                          "Total Cost": 740873.97,
                          "Plan Rows": 979,
                          "Plan Width": 44,
                          "Sort Key": [
                            "customer_demographics.cd_gender",
                            "customer_demographics.cd_marital_status",
                            "customer_demographics.cd_education_status",
                            "customer_demographics.cd_purchase_estimate",
                            "customer_demographics.cd_credit_rating"
                          ],
                          "Plans": [
                            {
                              "Node Type": "Hash Join",
                              "Parent Relationship": "Outer",
                              "Parallel Aware": true,
                              "Async Capable": false,
                              "Join Type": "Inner",
                              "Startup Cost": 707986.23,
                              "Total Cost": 740822.89,
                              "Plan Rows": 979,
                              "Plan Width": 44,
                              "Inner Unique": false,
                              "Hash Cond": "(customer_demographics.cd_demo_sk = c.c_current_cdemo_sk)",
                              "Plans": [
                                {
                                  "Node Type": "Seq Scan",
                                  "Parent Relationship": "Outer",
                                  "Parallel Aware": true,
                                  "Async Capable": false,
                                  "Relation Name": "customer_demographics",
                                  "Alias": "customer_demographics",
                                  "Startup Cost": 0.0,
                                  "Total Cost": 29831.33,
                                  "Plan Rows": 800333,
                                  "Plan Width": 44,
                                  "parent": 6,
                                  "ID": 7
                                },
                                {
                                  "Node Type": "Hash",
                                  "Parent Relationship": "Inner",
                                  "Parallel Aware": true,
                                  "Async Capable": false,
                                  "Startup Cost": 707973.57,
                                  "Total Cost": 707973.57,
                                  "Plan Rows": 1013,
                                  "Plan Width": 8,
                                  "Plans": [
                                    {
                                      "Node Type": "Hash Join",
                                      "Parent Relationship": "Outer",
                                      "Parallel Aware": true,
                                      "Async Capable": false,
                                      "Join Type": "Inner",
                                      "Startup Cost": 691301.61,
                                      "Total Cost": 707973.57,
                                      "Plan Rows": 1013,
                                      "Plan Width": 8,
                                      "Inner Unique": false,
                                      "Hash Cond": "(c.c_current_addr_sk = ca.ca_address_sk)",
                                      "Plans": [
                                        {
                                          "Node Type": "Hash Join",
                                          "Parent Relationship": "Outer",
                                          "Parallel Aware": true,
                                          "Async Capable": false,
                                          "Join Type": "Semi",
                                          "Startup Cost": 684337.4,
                                          "Total Cost": 700954.09,
                                          "Plan Rows": 13615,
                                          "Plan Width": 12,
                                          "Inner Unique": false,
                                          "Hash Cond": "(c.c_customer_sk = store_sales.ss_customer_sk)",
                                          "Plans": [
                                            {
                                              "Node Type": "Seq Scan",
                                              "Parent Relationship": "Outer",
                                              "Parallel Aware": true,
                                              "Async Capable": false,
                                              "Relation Name": "customer",
                                              "Alias": "c",
                                              "Startup Cost": 0.0,
                                              "Total Cost": 15918.33,
                                              "Plan Rows": 208333,
                                              "Plan Width": 12,
                                              "parent": 10,
                                              "ID": 11
                                            },
                                            {
                                              "Node Type": "Hash",
                                              "Parent Relationship": "Inner",
                                              "Parallel Aware": true,
                                              "Async Capable": false,
                                              "Startup Cost": 684159.07,
                                              "Total Cost": 684159.07,
                                              "Plan Rows": 14267,
                                              "Plan Width": 4,
                                              "Plans": [
                                                {
                                                  "Node Type": "Hash Join",
                                                  "Parent Relationship": "Outer",
                                                  "Parallel Aware": true,
                                                  "Async Capable": false,
                                                  "Join Type": "Inner",
                                                  "Startup Cost": 2157.65,
                                                  "Total Cost": 684159.07,
                                                  "Plan Rows": 14267,
                                                  "Plan Width": 4,
                                                  "Inner Unique": false,
                                                  "Hash Cond": "(store_sales.ss_sold_date_sk = date_dim.d_date_sk)",
                                                  "Plans": [
                                                    {
                                                      "Node Type": "Seq Scan",
                                                      "Parent Relationship": "Outer",
                                                      "Parallel Aware": true,
                                                      "Async Capable": false,
                                                      "Relation Name": "store_sales",
                                                      "Alias": "store_sales",
                                                      "Startup Cost": 0.0,
                                                      "Total Cost": 636914.37,
                                                      "Plan Rows": 12000637,
                                                      "Plan Width": 8,
                                                      "parent": 13,
                                                      "ID": 14
                                                    },
                                                    {
                                                      "Node Type": "Hash",
                                                      "Parent Relationship": "Inner",
                                                      "Parallel Aware": true,
                                                      "Async Capable": false,
                                                      "Startup Cost": 2156.97,
                                                      "Total Cost": 2156.97,
                                                      "Plan Rows": 54,
                                                      "Plan Width": 4,
                                                      "Plans": [
                                                        {
                                                          "Node Type": "Seq Scan",
                                                          "Parent Relationship": "Outer",
                                                          "Parallel Aware": true,
                                                          "Async Capable": false,
                                                          "Relation Name": "date_dim",
                                                          "Alias": "date_dim",
                                                          "Startup Cost": 0.0,
                                                          "Total Cost": 2156.97,
                                                          "Plan Rows": 54,
                                                          "Plan Width": 4,
                                                          "Filter": "((d_moy >= 4) AND (d_moy <= 6) AND (d_year = 2003))",
                                                          "parent": 15,
                                                          "ID": 16
                                                        }
                                                      ],
                                                      "parent": 13,
                                                      "ID": 15,
                                                      "left": 16
                                                    }
                                                  ],
                                                  "parent": 12,
                                                  "ID": 13,
                                                  "left": 14,
                                                  "right": 15
                                                }
                                              ],
                                              "parent": 10,
                                              "ID": 12,
                                              "left": 13
                                            }
                                          ],
                                          "parent": 9,
                                          "ID": 10,
                                          "left": 11,
                                          "right": 12
                                        },
                                        {
                                          "Node Type": "Hash",
                                          "Parent Relationship": "Inner",
                                          "Parallel Aware": true,
                                          "Async Capable": false,
                                          "Startup Cost": 6867.29,
                                          "Total Cost": 6867.29,
                                          "Plan Rows": 7753,
                                          "Plan Width": 4,
                                          "Plans": [
                                            {
                                              "Node Type": "Seq Scan",
                                              "Parent Relationship": "Outer",
                                              "Parallel Aware": true,
                                              "Async Capable": false,
                                              "Relation Name": "customer_address",
                                              "Alias": "ca",
                                              "Startup Cost": 0.0,
                                              "Total Cost": 6867.29,
                                              "Plan Rows": 7753,
                                              "Plan Width": 4,
                                              "Filter": "(ca_state = ANY ('{WI,NE,SD}'::bpchar[]))",
                                              "parent": 17,
                                              "ID": 18
                                            }
                                          ],
                                          "parent": 9,
                                          "ID": 17,
                                          "left": 18
                                        }
                                      ],
                                      "parent": 8,
                                      "ID": 9,
                                      "left": 10,
                                      "right": 17
                                    }
                                  ],
                                  "parent": 6,
                                  "ID": 8,
                                  "left": 9
                                }
                              ],
                              "parent": 5,
                              "ID": 6,
                              "left": 7,
                              "right": 8
                            }
                          ],
                          "parent": 4,
                          "ID": 5,
                          "left": 6
                        }
                      ],
                      "parent": 3,
                      "ID": 4,
                      "left": 5
                    },
                    {
                      "Node Type": "Materialize",
                      "Parent Relationship": "Inner",
                      "Parallel Aware": false,
                      "Async Capable": false,
                      "Startup Cost": 3157.65,
                      "Total Cost": 233105.09,
                      "Plan Rows": 8964,
                      "Plan Width": 4,
                      "Plans": [
                        {
                          "Node Type": "Gather",
                          "Parent Relationship": "Outer",
                          "Parallel Aware": false,
                          "Async Capable": false,
                          "Startup Cost": 3157.65,
                          "Total Cost": 233060.27,
                          "Plan Rows": 8964,
                          "Plan Width": 4,
                          "Workers Planned": 2,
                          "Single Copy": false,
                          "Plans": [
                            {
                              "Node Type": "Hash Join",
                              "Parent Relationship": "Outer",
                              "Parallel Aware": true,
                              "Async Capable": false,
                              "Join Type": "Inner",
                              "Startup Cost": 2157.65,
                              "Total Cost": 231163.87,
                              "Plan Rows": 3735,
                              "Plan Width": 4,
                              "Inner Unique": false,
                              "Hash Cond": "(web_sales.ws_sold_date_sk = date_dim_1.d_date_sk)",
                              "Plans": [
                                {
                                  "Node Type": "Seq Scan",
                                  "Parent Relationship": "Outer",
                                  "Parallel Aware": true,
                                  "Async Capable": false,
                                  "Relation Name": "web_sales",
                                  "Alias": "web_sales",
                                  "Startup Cost": 0.0,
                                  "Total Cost": 217737.86,
                                  "Plan Rows": 2998986,
                                  "Plan Width": 8,
                                  "parent": 21,
                                  "ID": 22
                                },
                                {
                                  "Node Type": "Hash",
                                  "Parent Relationship": "Inner",
                                  "Parallel Aware": true,
                                  "Async Capable": false,
                                  "Startup Cost": 2156.97,
                                  "Total Cost": 2156.97,
                                  "Plan Rows": 54,
                                  "Plan Width": 4,
                                  "Plans": [
                                    {
                                      "Node Type": "Seq Scan",
                                      "Parent Relationship": "Outer",
                                      "Parallel Aware": true,
                                      "Async Capable": false,
                                      "Relation Name": "date_dim",
                                      "Alias": "date_dim_1",
                                      "Startup Cost": 0.0,
                                      "Total Cost": 2156.97,
                                      "Plan Rows": 54,
                                      "Plan Width": 4,
                                      "Filter": "((d_moy >= 4) AND (d_moy <= 6) AND (d_year = 2003))",
                                      "parent": 23,
                                      "ID": 24
                                    }
                                  ],
                                  "parent": 21,
                                  "ID": 23,
                                  "left": 24
                                }
                              ],
                              "parent": 20,
                              "ID": 21,
                              "left": 22,
                              "right": 23
                            }
                          ],
                          "parent": 19,
                          "ID": 20,
                          "left": 21
                        }
                      ],
                      "parent": 3,
                      "ID": 19,
                      "left": 20
                    }
                  ],
                  "parent": 2,
                  "ID": 3,
                  "left": 4,
                  "right": 19
                },
                {
                  "Node Type": "Materialize",
                  "Parent Relationship": "Inner",
                  "Parallel Aware": false,
                  "Async Capable": false,
                  "Startup Cost": 2684.49,
                  "Total Cost": 574652.42,
                  "Plan Rows": 17839,
                  "Plan Width": 4,
                  "Plans": [
                    {
                      "Node Type": "Hash Join",
                      "Parent Relationship": "Outer",
                      "Parallel Aware": false,
                      "Async Capable": false,
                      "Join Type": "Inner",
                      "Startup Cost": 2684.49,
                      "Total Cost": 574563.22,
                      "Plan Rows": 17839,
                      "Plan Width": 4,
                      "Inner Unique": false,
                      "Hash Cond": "(catalog_sales.cs_sold_date_sk = date_dim_2.d_date_sk)",
                      "Plans": [
                        {
                          "Node Type": "Seq Scan",
                          "Parent Relationship": "Outer",
                          "Parallel Aware": false,
                          "Async Capable": false,
                          "Relation Name": "catalog_sales",
                          "Alias": "catalog_sales",
                          "Startup Cost": 0.0,
                          "Total Cost": 517695.61,
                          "Plan Rows": 14401261,
                          "Plan Width": 8,
                          "parent": 26,
                          "ID": 27
                        },
                        {
                          "Node Type": "Hash",
                          "Parent Relationship": "Inner",
                          "Parallel Aware": false,
                          "Async Capable": false,
                          "Startup Cost": 2683.36,
                          "Total Cost": 2683.36,
                          "Plan Rows": 91,
                          "Plan Width": 4,
                          "Plans": [
                            {
                              "Node Type": "Seq Scan",
                              "Parent Relationship": "Outer",
                              "Parallel Aware": false,
                              "Async Capable": false,
                              "Relation Name": "date_dim",
                              "Alias": "date_dim_2",
                              "Startup Cost": 0.0,
                              "Total Cost": 2683.36,
                              "Plan Rows": 91,
                              "Plan Width": 4,
                              "Filter": "((d_moy >= 4) AND (d_moy <= 6) AND (d_year = 2003))",
                              "parent": 28,
                              "ID": 29
                            }
                          ],
                          "parent": 26,
                          "ID": 28,
                          "left": 29
                        }
                      ],
                      "parent": 25,
                      "ID": 26,
                      "left": 27,
                      "right": 28
                    }
                  ],
                  "parent": 2,
                  "ID": 25,
                  "left": 26
                }
              ],
              "parent": 1,
              "ID": 2,
              "left": 3,
              "right": 25
            }
          ],
          "parent": 0,
          "ID": 1,
          "left": 2
        }
      ],
      "parent": null,
      "ID": 0,
      "left": 1
    },
    "feat": {
      "utility": 0.0032377841619526245,
      "query_shape": [
        [
          "Seq Scan",
          "Hash Join",
          "Sort",
          "Gather Merge",
          "Nested Loop",
          "Aggregate"
        ],
        [
          "Seq Scan",
          "Hash Join",
          "Hash",
          "Sort",
          "Gather Merge",
          "Nested Loop",
          "Aggregate"
        ],
        [
          "Seq Scan",
          "Hash Join",
          "Hash",
          "Sort",
          "Gather Merge",
          "Nested Loop",
          "Aggregate"
        ],
        [
          "Seq Scan",
          "Hash",
          "Hash Join",
          "Sort",
          "Gather Merge",
          "Nested Loop",
          "Aggregate"
        ],
        [
          "Seq Scan",
          "Hash",
          "Hash Join",
          "Sort",
          "Gather Merge",
          "Nested Loop",
          "Aggregate"
        ],
        [
          "Seq Scan",
          "Hash Join",
          "Gather",
          "Materialize",
          "Nested Loop",
          "Aggregate"
        ],
        [
          "Seq Scan",
          "Hash",
          "Hash Join",
          "Gather",
          "Materialize",
          "Nested Loop",
          "Aggregate"
        ],
        [
          "Seq Scan",
          "Hash Join",
          "Materialize",
          "Nested Loop",
          "Aggregate"
        ],
        [
          "Seq Scan",
          "Hash",
          "Hash Join",
          "Materialize",
          "Nested Loop",
          "Aggregate"
        ]
      ],
      "index_shape": [
        "join"
      ],
      "physical_operator": {
        "Hash Join": [
          0.0036894726553894776
        ]
      }
    }
  },
  {
    "query": "select  \n  cd_gender,\n  cd_marital_status,\n  cd_education_status,\n  count(*) cnt1,\n  cd_purchase_estimate,\n  count(*) cnt2,\n  cd_credit_rating,\n  count(*) cnt3\n from\n  customer c,customer_address ca,customer_demographics\n where\n  c.c_current_addr_sk = ca.ca_address_sk and\n  ca_state in ('WI','NE','SD') and\n  cd_demo_sk = c.c_current_cdemo_sk and \n  exists (select *\n          from store_sales,date_dim\n          where c.c_customer_sk = ss_customer_sk and\n                ss_sold_date_sk = d_date_sk and\n                d_year = 2003 and\n                d_moy between 4 and 4+2) and\n   (not exists (select *\n            from web_sales,date_dim\n            where c.c_customer_sk = ws_bill_customer_sk and\n                  ws_sold_date_sk = d_date_sk and\n                  d_year = 2003 and\n                  d_moy between 4 and 4+2) and\n    not exists (select * \n            from catalog_sales,date_dim\n            where c.c_customer_sk = cs_ship_customer_sk and\n                  cs_sold_date_sk = d_date_sk and\n                  d_year = 2003 and\n                  d_moy between 4 and 4+2))\n group by cd_gender,\n          cd_marital_status,\n          cd_education_status,\n          cd_purchase_estimate,\n          cd_credit_rating\n order by cd_gender,\n          cd_marital_status,\n          cd_education_status,\n          cd_purchase_estimate,\n          cd_credit_rating\n limit 100;\n\n-- end query 51 in stream 1 using template query69.tpl\n",
    "indexes": "catalog_sales.cs_ship_customer_sk",
    "wo plan est": {
      "Node Type": "Limit",
      "Parallel Aware": false,
      "Async Capable": false,
      "Startup Cost": 747713.69,
      "Total Cost": 825706.62,
      "Plan Rows": 100,
      "Plan Width": 64,
      "Plans": [
        {
          "Node Type": "Aggregate",
          "Strategy": "Sorted",
          "Partial Mode": "Simple",
          "Parent Relationship": "Outer",
          "Parallel Aware": false,
          "Async Capable": false,
          "Startup Cost": 747713.69,
          "Total Cost": 2483056.39,
          "Plan Rows": 2225,
          "Plan Width": 64,
          "Group Key": [
            "customer_demographics.cd_gender",
            "customer_demographics.cd_marital_status",
            "customer_demographics.cd_education_status",
            "customer_demographics.cd_purchase_estimate",
            "customer_demographics.cd_credit_rating"
          ],
          "Plans": [
            {
              "Node Type": "Nested Loop",
              "Parent Relationship": "Outer",
              "Parallel Aware": false,
              "Async Capable": false,
              "Join Type": "Anti",
              "Startup Cost": 747713.69,
              "Total Cost": 2483000.76,
              "Plan Rows": 2225,
              "Plan Width": 40,
              "Inner Unique": false,
              "Join Filter": "(c.c_customer_sk = catalog_sales.cs_ship_customer_sk)",
              "Plans": [
                {
                  "Node Type": "Nested Loop",
                  "Parent Relationship": "Outer",
                  "Parallel Aware": false,
                  "Async Capable": false,
                  "Join Type": "Anti",
                  "Startup Cost": 745029.2,
                  "Total Cost": 1291074.35,
                  "Plan Rows": 2307,
                  "Plan Width": 44,
                  "Inner Unique": false,
                  "Join Filter": "(c.c_customer_sk = web_sales.ws_bill_customer_sk)",
                  "Plans": [
                    {
                      "Node Type": "Gather Merge",
                      "Parent Relationship": "Outer",
                      "Parallel Aware": false,
                      "Async Capable": false,
                      "Startup Cost": 741871.55,
                      "Total Cost": 742145.13,
                      "Plan Rows": 2349,
                      "Plan Width": 44,
                      "Workers Planned": 2,
                      "Plans": [
                        {
                          "Node Type": "Sort",
                          "Parent Relationship": "Outer",
                          "Parallel Aware": false,
                          "Async Capable": false,
                          "Startup Cost": 740871.53,
                          "Total Cost": 740873.97,
                          "Plan Rows": 979,
                          "Plan Width": 44,
                          "Sort Key": [
                            "customer_demographics.cd_gender",
                            "customer_demographics.cd_marital_status",
                            "customer_demographics.cd_education_status",
                            "customer_demographics.cd_purchase_estimate",
                            "customer_demographics.cd_credit_rating"
                          ],
                          "Plans": [
                            {
                              "Node Type": "Hash Join",
                              "Parent Relationship": "Outer",
                              "Parallel Aware": true,
                              "Async Capable": false,
                              "Join Type": "Inner",
                              "Startup Cost": 707986.23,
                              "Total Cost": 740822.89,
                              "Plan Rows": 979,
                              "Plan Width": 44,
                              "Inner Unique": false,
                              "Hash Cond": "(customer_demographics.cd_demo_sk = c.c_current_cdemo_sk)",
                              "Plans": [
                                {
                                  "Node Type": "Seq Scan",
                                  "Parent Relationship": "Outer",
                                  "Parallel Aware": true,
                                  "Async Capable": false,
                                  "Relation Name": "customer_demographics",
                                  "Alias": "customer_demographics",
                                  "Startup Cost": 0.0,
                                  "Total Cost": 29831.33,
                                  "Plan Rows": 800333,
                                  "Plan Width": 44,
                                  "parent": 6,
                                  "ID": 7
                                },
                                {
                                  "Node Type": "Hash",
                                  "Parent Relationship": "Inner",
                                  "Parallel Aware": true,
                                  "Async Capable": false,
                                  "Startup Cost": 707973.57,
                                  "Total Cost": 707973.57,
                                  "Plan Rows": 1013,
                                  "Plan Width": 8,
                                  "Plans": [
                                    {
                                      "Node Type": "Hash Join",
                                      "Parent Relationship": "Outer",
                                      "Parallel Aware": true,
                                      "Async Capable": false,
                                      "Join Type": "Inner",
                                      "Startup Cost": 691301.61,
                                      "Total Cost": 707973.57,
                                      "Plan Rows": 1013,
                                      "Plan Width": 8,
                                      "Inner Unique": false,
                                      "Hash Cond": "(c.c_current_addr_sk = ca.ca_address_sk)",
                                      "Plans": [
                                        {
                                          "Node Type": "Hash Join",
                                          "Parent Relationship": "Outer",
                                          "Parallel Aware": true,
                                          "Async Capable": false,
                                          "Join Type": "Semi",
                                          "Startup Cost": 684337.4,
                                          "Total Cost": 700954.09,
                                          "Plan Rows": 13615,
                                          "Plan Width": 12,
                                          "Inner Unique": false,
                                          "Hash Cond": "(c.c_customer_sk = store_sales.ss_customer_sk)",
                                          "Plans": [
                                            {
                                              "Node Type": "Seq Scan",
                                              "Parent Relationship": "Outer",
                                              "Parallel Aware": true,
                                              "Async Capable": false,
                                              "Relation Name": "customer",
                                              "Alias": "c",
                                              "Startup Cost": 0.0,
                                              "Total Cost": 15918.33,
                                              "Plan Rows": 208333,
                                              "Plan Width": 12,
                                              "parent": 10,
                                              "ID": 11
                                            },
                                            {
                                              "Node Type": "Hash",
                                              "Parent Relationship": "Inner",
                                              "Parallel Aware": true,
                                              "Async Capable": false,
                                              "Startup Cost": 684159.07,
                                              "Total Cost": 684159.07,
                                              "Plan Rows": 14267,
                                              "Plan Width": 4,
                                              "Plans": [
                                                {
                                                  "Node Type": "Hash Join",
                                                  "Parent Relationship": "Outer",
                                                  "Parallel Aware": true,
                                                  "Async Capable": false,
                                                  "Join Type": "Inner",
                                                  "Startup Cost": 2157.65,
                                                  "Total Cost": 684159.07,
                                                  "Plan Rows": 14267,
                                                  "Plan Width": 4,
                                                  "Inner Unique": false,
                                                  "Hash Cond": "(store_sales.ss_sold_date_sk = date_dim.d_date_sk)",
                                                  "Plans": [
                                                    {
                                                      "Node Type": "Seq Scan",
                                                      "Parent Relationship": "Outer",
                                                      "Parallel Aware": true,
                                                      "Async Capable": false,
                                                      "Relation Name": "store_sales",
                                                      "Alias": "store_sales",
                                                      "Startup Cost": 0.0,
                                                      "Total Cost": 636914.37,
                                                      "Plan Rows": 12000637,
                                                      "Plan Width": 8,
                                                      "parent": 13,
                                                      "ID": 14
                                                    },
                                                    {
                                                      "Node Type": "Hash",
                                                      "Parent Relationship": "Inner",
                                                      "Parallel Aware": true,
                                                      "Async Capable": false,
                                                      "Startup Cost": 2156.97,
                                                      "Total Cost": 2156.97,
                                                      "Plan Rows": 54,
                                                      "Plan Width": 4,
                                                      "Plans": [
                                                        {
                                                          "Node Type": "Seq Scan",
                                                          "Parent Relationship": "Outer",
                                                          "Parallel Aware": true,
                                                          "Async Capable": false,
                                                          "Relation Name": "date_dim",
                                                          "Alias": "date_dim",
                                                          "Startup Cost": 0.0,
                                                          "Total Cost": 2156.97,
                                                          "Plan Rows": 54,
                                                          "Plan Width": 4,
                                                          "Filter": "((d_moy >= 4) AND (d_moy <= 6) AND (d_year = 2003))",
                                                          "parent": 15,
                                                          "ID": 16
                                                        }
                                                      ],
                                                      "parent": 13,
                                                      "ID": 15,
                                                      "left": 16
                                                    }
                                                  ],
                                                  "parent": 12,
                                                  "ID": 13,
                                                  "left": 14,
                                                  "right": 15
                                                }
                                              ],
                                              "parent": 10,
                                              "ID": 12,
                                              "left": 13
                                            }
                                          ],
                                          "parent": 9,
                                          "ID": 10,
                                          "left": 11,
                                          "right": 12
                                        },
                                        {
                                          "Node Type": "Hash",
                                          "Parent Relationship": "Inner",
                                          "Parallel Aware": true,
                                          "Async Capable": false,
                                          "Startup Cost": 6867.29,
                                          "Total Cost": 6867.29,
                                          "Plan Rows": 7753,
                                          "Plan Width": 4,
                                          "Plans": [
                                            {
                                              "Node Type": "Seq Scan",
                                              "Parent Relationship": "Outer",
                                              "Parallel Aware": true,
                                              "Async Capable": false,
                                              "Relation Name": "customer_address",
                                              "Alias": "ca",
                                              "Startup Cost": 0.0,
                                              "Total Cost": 6867.29,
                                              "Plan Rows": 7753,
                                              "Plan Width": 4,
                                              "Filter": "(ca_state = ANY ('{WI,NE,SD}'::bpchar[]))",
                                              "parent": 17,
                                              "ID": 18
                                            }
                                          ],
                                          "parent": 9,
                                          "ID": 17,
                                          "left": 18
                                        }
                                      ],
                                      "parent": 8,
                                      "ID": 9,
                                      "left": 10,
                                      "right": 17
                                    }
                                  ],
                                  "parent": 6,
                                  "ID": 8,
                                  "left": 9
                                }
                              ],
                              "parent": 5,
                              "ID": 6,
                              "left": 7,
                              "right": 8
                            }
                          ],
                          "parent": 4,
                          "ID": 5,
                          "left": 6
                        }
                      ],
                      "parent": 3,
                      "ID": 4,
                      "left": 5
                    },
                    {
                      "Node Type": "Materialize",
                      "Parent Relationship": "Inner",
                      "Parallel Aware": false,
                      "Async Capable": false,
                      "Startup Cost": 3157.65,
                      "Total Cost": 233105.09,
                      "Plan Rows": 8964,
                      "Plan Width": 4,
                      "Plans": [
                        {
                          "Node Type": "Gather",
                          "Parent Relationship": "Outer",
                          "Parallel Aware": false,
                          "Async Capable": false,
                          "Startup Cost": 3157.65,
                          "Total Cost": 233060.27,
                          "Plan Rows": 8964,
                          "Plan Width": 4,
                          "Workers Planned": 2,
                          "Single Copy": false,
                          "Plans": [
                            {
                              "Node Type": "Hash Join",
                              "Parent Relationship": "Outer",
                              "Parallel Aware": true,
                              "Async Capable": false,
                              "Join Type": "Inner",
                              "Startup Cost": 2157.65,
                              "Total Cost": 231163.87,
                              "Plan Rows": 3735,
                              "Plan Width": 4,
                              "Inner Unique": false,
                              "Hash Cond": "(web_sales.ws_sold_date_sk = date_dim_1.d_date_sk)",
                              "Plans": [
                                {
                                  "Node Type": "Seq Scan",
                                  "Parent Relationship": "Outer",
                                  "Parallel Aware": true,
                                  "Async Capable": false,
                                  "Relation Name": "web_sales",
                                  "Alias": "web_sales",
                                  "Startup Cost": 0.0,
                                  "Total Cost": 217737.86,
                                  "Plan Rows": 2998986,
                                  "Plan Width": 8,
                                  "parent": 21,
                                  "ID": 22
                                },
                                {
                                  "Node Type": "Hash",
                                  "Parent Relationship": "Inner",
                                  "Parallel Aware": true,
                                  "Async Capable": false,
                                  "Startup Cost": 2156.97,
                                  "Total Cost": 2156.97,
                                  "Plan Rows": 54,
                                  "Plan Width": 4,
                                  "Plans": [
                                    {
                                      "Node Type": "Seq Scan",
                                      "Parent Relationship": "Outer",
                                      "Parallel Aware": true,
                                      "Async Capable": false,
                                      "Relation Name": "date_dim",
                                      "Alias": "date_dim_1",
                                      "Startup Cost": 0.0,
                                      "Total Cost": 2156.97,
                                      "Plan Rows": 54,
                                      "Plan Width": 4,
                                      "Filter": "((d_moy >= 4) AND (d_moy <= 6) AND (d_year = 2003))",
                                      "parent": 23,
                                      "ID": 24
                                    }
                                  ],
                                  "parent": 21,
                                  "ID": 23,
                                  "left": 24
                                }
                              ],
                              "parent": 20,
                              "ID": 21,
                              "left": 22,
                              "right": 23
                            }
                          ],
                          "parent": 19,
                          "ID": 20,
                          "left": 21
                        }
                      ],
                      "parent": 3,
                      "ID": 19,
                      "left": 20
                    }
                  ],
                  "parent": 2,
                  "ID": 3,
                  "left": 4,
                  "right": 19
                },
                {
                  "Node Type": "Materialize",
                  "Parent Relationship": "Inner",
                  "Parallel Aware": false,
                  "Async Capable": false,
                  "Startup Cost": 2684.49,
                  "Total Cost": 574652.42,
                  "Plan Rows": 17839,
                  "Plan Width": 4,
                  "Plans": [
                    {
                      "Node Type": "Hash Join",
                      "Parent Relationship": "Outer",
                      "Parallel Aware": false,
                      "Async Capable": false,
                      "Join Type": "Inner",
                      "Startup Cost": 2684.49,
                      "Total Cost": 574563.22,
                      "Plan Rows": 17839,
                      "Plan Width": 4,
                      "Inner Unique": false,
                      "Hash Cond": "(catalog_sales.cs_sold_date_sk = date_dim_2.d_date_sk)",
                      "Plans": [
                        {
                          "Node Type": "Seq Scan",
                          "Parent Relationship": "Outer",
                          "Parallel Aware": false,
                          "Async Capable": false,
                          "Relation Name": "catalog_sales",
                          "Alias": "catalog_sales",
                          "Startup Cost": 0.0,
                          "Total Cost": 517695.61,
                          "Plan Rows": 14401261,
                          "Plan Width": 8,
                          "parent": 26,
                          "ID": 27
                        },
                        {
                          "Node Type": "Hash",
                          "Parent Relationship": "Inner",
                          "Parallel Aware": false,
                          "Async Capable": false,
                          "Startup Cost": 2683.36,
                          "Total Cost": 2683.36,
                          "Plan Rows": 91,
                          "Plan Width": 4,
                          "Plans": [
                            {
                              "Node Type": "Seq Scan",
                              "Parent Relationship": "Outer",
                              "Parallel Aware": false,
                              "Async Capable": false,
                              "Relation Name": "date_dim",
                              "Alias": "date_dim_2",
                              "Startup Cost": 0.0,
                              "Total Cost": 2683.36,
                              "Plan Rows": 91,
                              "Plan Width": 4,
                              "Filter": "((d_moy >= 4) AND (d_moy <= 6) AND (d_year = 2003))",
                              "parent": 28,
                              "ID": 29
                            }
                          ],
                          "parent": 26,
                          "ID": 28,
                          "left": 29
                        }
                      ],
                      "parent": 25,
                      "ID": 26,
                      "left": 27,
                      "right": 28
                    }
                  ],
                  "parent": 2,
                  "ID": 25,
                  "left": 26
                }
              ],
              "parent": 1,
              "ID": 2,
              "left": 3,
              "right": 25
            }
          ],
          "parent": 0,
          "ID": 1,
          "left": 2
        }
      ],
      "parent": null,
      "ID": 0,
      "left": 1
    },
    "feat": {
      "utility": 0.0032258789992588672,
      "query_shape": [
        [
          "Seq Scan",
          "Hash Join",
          "Sort",
          "Gather Merge",
          "Nested Loop",
          "Aggregate"
        ],
        [
          "Seq Scan",
          "Hash Join",
          "Hash",
          "Sort",
          "Gather Merge",
          "Nested Loop",
          "Aggregate"
        ],
        [
          "Seq Scan",
          "Hash Join",
          "Hash",
          "Sort",
          "Gather Merge",
          "Nested Loop",
          "Aggregate"
        ],
        [
          "Seq Scan",
          "Hash",
          "Hash Join",
          "Sort",
          "Gather Merge",
          "Nested Loop",
          "Aggregate"
        ],
        [
          "Seq Scan",
          "Hash",
          "Hash Join",
          "Sort",
          "Gather Merge",
          "Nested Loop",
          "Aggregate"
        ],
        [
          "Seq Scan",
          "Hash Join",
          "Gather",
          "Materialize",
          "Nested Loop",
          "Aggregate"
        ],
        [
          "Seq Scan",
          "Hash",
          "Hash Join",
          "Gather",
          "Materialize",
          "Nested Loop",
          "Aggregate"
        ],
        [
          "Seq Scan",
          "Hash Join",
          "Materialize",
          "Nested Loop",
          "Aggregate"
        ],
        [
          "Seq Scan",
          "Hash",
          "Hash Join",
          "Materialize",
          "Nested Loop",
          "Aggregate"
        ]
      ],
      "index_shape": [
        "join"
      ],
      "physical_operator": {
        "Nested Loop": [
          0.007352854254732239
        ]
      }
    }
  },
  {
    "query": "select  \n  cd_gender,\n  cd_marital_status,\n  cd_education_status,\n  count(*) cnt1,\n  cd_purchase_estimate,\n  count(*) cnt2,\n  cd_credit_rating,\n  count(*) cnt3\n from\n  customer c,customer_address ca,customer_demographics\n where\n  c.c_current_addr_sk = ca.ca_address_sk and\n  ca_state in ('WI','NE','SD') and\n  cd_demo_sk = c.c_current_cdemo_sk and \n  exists (select *\n          from store_sales,date_dim\n          where c.c_customer_sk = ss_customer_sk and\n                ss_sold_date_sk = d_date_sk and\n                d_year = 2003 and\n                d_moy between 4 and 4+2) and\n   (not exists (select *\n            from web_sales,date_dim\n            where c.c_customer_sk = ws_bill_customer_sk and\n                  ws_sold_date_sk = d_date_sk and\n                  d_year = 2003 and\n                  d_moy between 4 and 4+2) and\n    not exists (select * \n            from catalog_sales,date_dim\n            where c.c_customer_sk = cs_ship_customer_sk and\n                  cs_sold_date_sk = d_date_sk and\n                  d_year = 2003 and\n                  d_moy between 4 and 4+2))\n group by cd_gender,\n          cd_marital_status,\n          cd_education_status,\n          cd_purchase_estimate,\n          cd_credit_rating\n order by cd_gender,\n          cd_marital_status,\n          cd_education_status,\n          cd_purchase_estimate,\n          cd_credit_rating\n limit 100;\n\n-- end query 51 in stream 1 using template query69.tpl\n",
    "indexes": "store_sales.ss_sold_date_sk",
    "wo plan est": {
      "Node Type": "Limit",
      "Parallel Aware": false,
      "Async Capable": false,
      "Startup Cost": 747713.69,
      "Total Cost": 825706.62,
      "Plan Rows": 100,
      "Plan Width": 64,
      "Plans": [
        {
          "Node Type": "Aggregate",
          "Strategy": "Sorted",
          "Partial Mode": "Simple",
          "Parent Relationship": "Outer",
          "Parallel Aware": false,
          "Async Capable": false,
          "Startup Cost": 747713.69,
          "Total Cost": 2483056.39,
          "Plan Rows": 2225,
          "Plan Width": 64,
          "Group Key": [
            "customer_demographics.cd_gender",
            "customer_demographics.cd_marital_status",
            "customer_demographics.cd_education_status",
            "customer_demographics.cd_purchase_estimate",
            "customer_demographics.cd_credit_rating"
          ],
          "Plans": [
            {
              "Node Type": "Nested Loop",
              "Parent Relationship": "Outer",
              "Parallel Aware": false,
              "Async Capable": false,
              "Join Type": "Anti",
              "Startup Cost": 747713.69,
              "Total Cost": 2483000.76,
              "Plan Rows": 2225,
              "Plan Width": 40,
              "Inner Unique": false,
              "Join Filter": "(c.c_customer_sk = catalog_sales.cs_ship_customer_sk)",
              "Plans": [
                {
                  "Node Type": "Nested Loop",
                  "Parent Relationship": "Outer",
                  "Parallel Aware": false,
                  "Async Capable": false,
                  "Join Type": "Anti",
                  "Startup Cost": 745029.2,
                  "Total Cost": 1291074.35,
                  "Plan Rows": 2307,
                  "Plan Width": 44,
                  "Inner Unique": false,
                  "Join Filter": "(c.c_customer_sk = web_sales.ws_bill_customer_sk)",
                  "Plans": [
                    {
                      "Node Type": "Gather Merge",
                      "Parent Relationship": "Outer",
                      "Parallel Aware": false,
                      "Async Capable": false,
                      "Startup Cost": 741871.55,
                      "Total Cost": 742145.13,
                      "Plan Rows": 2349,
                      "Plan Width": 44,
                      "Workers Planned": 2,
                      "Plans": [
                        {
                          "Node Type": "Sort",
                          "Parent Relationship": "Outer",
                          "Parallel Aware": false,
                          "Async Capable": false,
                          "Startup Cost": 740871.53,
                          "Total Cost": 740873.97,
                          "Plan Rows": 979,
                          "Plan Width": 44,
                          "Sort Key": [
                            "customer_demographics.cd_gender",
                            "customer_demographics.cd_marital_status",
                            "customer_demographics.cd_education_status",
                            "customer_demographics.cd_purchase_estimate",
                            "customer_demographics.cd_credit_rating"
                          ],
                          "Plans": [
                            {
                              "Node Type": "Hash Join",
                              "Parent Relationship": "Outer",
                              "Parallel Aware": true,
                              "Async Capable": false,
                              "Join Type": "Inner",
                              "Startup Cost": 707986.23,
                              "Total Cost": 740822.89,
                              "Plan Rows": 979,
                              "Plan Width": 44,
                              "Inner Unique": false,
                              "Hash Cond": "(customer_demographics.cd_demo_sk = c.c_current_cdemo_sk)",
                              "Plans": [
                                {
                                  "Node Type": "Seq Scan",
                                  "Parent Relationship": "Outer",
                                  "Parallel Aware": true,
                                  "Async Capable": false,
                                  "Relation Name": "customer_demographics",
                                  "Alias": "customer_demographics",
                                  "Startup Cost": 0.0,
                                  "Total Cost": 29831.33,
                                  "Plan Rows": 800333,
                                  "Plan Width": 44,
                                  "parent": 6,
                                  "ID": 7
                                },
                                {
                                  "Node Type": "Hash",
                                  "Parent Relationship": "Inner",
                                  "Parallel Aware": true,
                                  "Async Capable": false,
                                  "Startup Cost": 707973.57,
                                  "Total Cost": 707973.57,
                                  "Plan Rows": 1013,
                                  "Plan Width": 8,
                                  "Plans": [
                                    {
                                      "Node Type": "Hash Join",
                                      "Parent Relationship": "Outer",
                                      "Parallel Aware": true,
                                      "Async Capable": false,
                                      "Join Type": "Inner",
                                      "Startup Cost": 691301.61,
                                      "Total Cost": 707973.57,
                                      "Plan Rows": 1013,
                                      "Plan Width": 8,
                                      "Inner Unique": false,
                                      "Hash Cond": "(c.c_current_addr_sk = ca.ca_address_sk)",
                                      "Plans": [
                                        {
                                          "Node Type": "Hash Join",
                                          "Parent Relationship": "Outer",
                                          "Parallel Aware": true,
                                          "Async Capable": false,
                                          "Join Type": "Semi",
                                          "Startup Cost": 684337.4,
                                          "Total Cost": 700954.09,
                                          "Plan Rows": 13615,
                                          "Plan Width": 12,
                                          "Inner Unique": false,
                                          "Hash Cond": "(c.c_customer_sk = store_sales.ss_customer_sk)",
                                          "Plans": [
                                            {
                                              "Node Type": "Seq Scan",
                                              "Parent Relationship": "Outer",
                                              "Parallel Aware": true,
                                              "Async Capable": false,
                                              "Relation Name": "customer",
                                              "Alias": "c",
                                              "Startup Cost": 0.0,
                                              "Total Cost": 15918.33,
                                              "Plan Rows": 208333,
                                              "Plan Width": 12,
                                              "parent": 10,
                                              "ID": 11
                                            },
                                            {
                                              "Node Type": "Hash",
                                              "Parent Relationship": "Inner",
                                              "Parallel Aware": true,
                                              "Async Capable": false,
                                              "Startup Cost": 684159.07,
                                              "Total Cost": 684159.07,
                                              "Plan Rows": 14267,
                                              "Plan Width": 4,
                                              "Plans": [
                                                {
                                                  "Node Type": "Hash Join",
                                                  "Parent Relationship": "Outer",
                                                  "Parallel Aware": true,
                                                  "Async Capable": false,
                                                  "Join Type": "Inner",
                                                  "Startup Cost": 2157.65,
                                                  "Total Cost": 684159.07,
                                                  "Plan Rows": 14267,
                                                  "Plan Width": 4,
                                                  "Inner Unique": false,
                                                  "Hash Cond": "(store_sales.ss_sold_date_sk = date_dim.d_date_sk)",
                                                  "Plans": [
                                                    {
                                                      "Node Type": "Seq Scan",
                                                      "Parent Relationship": "Outer",
                                                      "Parallel Aware": true,
                                                      "Async Capable": false,
                                                      "Relation Name": "store_sales",
                                                      "Alias": "store_sales",
                                                      "Startup Cost": 0.0,
                                                      "Total Cost": 636914.37,
                                                      "Plan Rows": 12000637,
                                                      "Plan Width": 8,
                                                      "parent": 13,
                                                      "ID": 14
                                                    },
                                                    {
                                                      "Node Type": "Hash",
                                                      "Parent Relationship": "Inner",
                                                      "Parallel Aware": true,
                                                      "Async Capable": false,
                                                      "Startup Cost": 2156.97,
                                                      "Total Cost": 2156.97,
                                                      "Plan Rows": 54,
                                                      "Plan Width": 4,
                                                      "Plans": [
                                                        {
                                                          "Node Type": "Seq Scan",
                                                          "Parent Relationship": "Outer",
                                                          "Parallel Aware": true,
                                                          "Async Capable": false,
                                                          "Relation Name": "date_dim",
                                                          "Alias": "date_dim",
                                                          "Startup Cost": 0.0,
                                                          "Total Cost": 2156.97,
                                                          "Plan Rows": 54,
                                                          "Plan Width": 4,
                                                          "Filter": "((d_moy >= 4) AND (d_moy <= 6) AND (d_year = 2003))",
                                                          "parent": 15,
                                                          "ID": 16
                                                        }
                                                      ],
                                                      "parent": 13,
                                                      "ID": 15,
                                                      "left": 16
                                                    }
                                                  ],
                                                  "parent": 12,
                                                  "ID": 13,
                                                  "left": 14,
                                                  "right": 15
                                                }
                                              ],
                                              "parent": 10,
                                              "ID": 12,
                                              "left": 13
                                            }
                                          ],
                                          "parent": 9,
                                          "ID": 10,
                                          "left": 11,
                                          "right": 12
                                        },
                                        {
                                          "Node Type": "Hash",
                                          "Parent Relationship": "Inner",
                                          "Parallel Aware": true,
                                          "Async Capable": false,
                                          "Startup Cost": 6867.29,
                                          "Total Cost": 6867.29,
                                          "Plan Rows": 7753,
                                          "Plan Width": 4,
                                          "Plans": [
                                            {
                                              "Node Type": "Seq Scan",
                                              "Parent Relationship": "Outer",
                                              "Parallel Aware": true,
                                              "Async Capable": false,
                                              "Relation Name": "customer_address",
                                              "Alias": "ca",
                                              "Startup Cost": 0.0,
                                              "Total Cost": 6867.29,
                                              "Plan Rows": 7753,
                                              "Plan Width": 4,
                                              "Filter": "(ca_state = ANY ('{WI,NE,SD}'::bpchar[]))",
                                              "parent": 17,
                                              "ID": 18
                                            }
                                          ],
                                          "parent": 9,
                                          "ID": 17,
                                          "left": 18
                                        }
                                      ],
                                      "parent": 8,
                                      "ID": 9,
                                      "left": 10,
                                      "right": 17
                                    }
                                  ],
                                  "parent": 6,
                                  "ID": 8,
                                  "left": 9
                                }
                              ],
                              "parent": 5,
                              "ID": 6,
                              "left": 7,
                              "right": 8
                            }
                          ],
                          "parent": 4,
                          "ID": 5,
                          "left": 6
                        }
                      ],
                      "parent": 3,
                      "ID": 4,
                      "left": 5
                    },
                    {
                      "Node Type": "Materialize",
                      "Parent Relationship": "Inner",
                      "Parallel Aware": false,
                      "Async Capable": false,
                      "Startup Cost": 3157.65,
                      "Total Cost": 233105.09,
                      "Plan Rows": 8964,
                      "Plan Width": 4,
                      "Plans": [
                        {
                          "Node Type": "Gather",
                          "Parent Relationship": "Outer",
                          "Parallel Aware": false,
                          "Async Capable": false,
                          "Startup Cost": 3157.65,
                          "Total Cost": 233060.27,
                          "Plan Rows": 8964,
                          "Plan Width": 4,
                          "Workers Planned": 2,
                          "Single Copy": false,
                          "Plans": [
                            {
                              "Node Type": "Hash Join",
                              "Parent Relationship": "Outer",
                              "Parallel Aware": true,
                              "Async Capable": false,
                              "Join Type": "Inner",
                              "Startup Cost": 2157.65,
                              "Total Cost": 231163.87,
                              "Plan Rows": 3735,
                              "Plan Width": 4,
                              "Inner Unique": false,
                              "Hash Cond": "(web_sales.ws_sold_date_sk = date_dim_1.d_date_sk)",
                              "Plans": [
                                {
                                  "Node Type": "Seq Scan",
                                  "Parent Relationship": "Outer",
                                  "Parallel Aware": true,
                                  "Async Capable": false,
                                  "Relation Name": "web_sales",
                                  "Alias": "web_sales",
                                  "Startup Cost": 0.0,
                                  "Total Cost": 217737.86,
                                  "Plan Rows": 2998986,
                                  "Plan Width": 8,
                                  "parent": 21,
                                  "ID": 22
                                },
                                {
                                  "Node Type": "Hash",
                                  "Parent Relationship": "Inner",
                                  "Parallel Aware": true,
                                  "Async Capable": false,
                                  "Startup Cost": 2156.97,
                                  "Total Cost": 2156.97,
                                  "Plan Rows": 54,
                                  "Plan Width": 4,
                                  "Plans": [
                                    {
                                      "Node Type": "Seq Scan",
                                      "Parent Relationship": "Outer",
                                      "Parallel Aware": true,
                                      "Async Capable": false,
                                      "Relation Name": "date_dim",
                                      "Alias": "date_dim_1",
                                      "Startup Cost": 0.0,
                                      "Total Cost": 2156.97,
                                      "Plan Rows": 54,
                                      "Plan Width": 4,
                                      "Filter": "((d_moy >= 4) AND (d_moy <= 6) AND (d_year = 2003))",
                                      "parent": 23,
                                      "ID": 24
                                    }
                                  ],
                                  "parent": 21,
                                  "ID": 23,
                                  "left": 24
                                }
                              ],
                              "parent": 20,
                              "ID": 21,
                              "left": 22,
                              "right": 23
                            }
                          ],
                          "parent": 19,
                          "ID": 20,
                          "left": 21
                        }
                      ],
                      "parent": 3,
                      "ID": 19,
                      "left": 20
                    }
                  ],
                  "parent": 2,
                  "ID": 3,
                  "left": 4,
                  "right": 19
                },
                {
                  "Node Type": "Materialize",
                  "Parent Relationship": "Inner",
                  "Parallel Aware": false,
                  "Async Capable": false,
                  "Startup Cost": 2684.49,
                  "Total Cost": 574652.42,
                  "Plan Rows": 17839,
                  "Plan Width": 4,
                  "Plans": [
                    {
                      "Node Type": "Hash Join",
                      "Parent Relationship": "Outer",
                      "Parallel Aware": false,
                      "Async Capable": false,
                      "Join Type": "Inner",
                      "Startup Cost": 2684.49,
                      "Total Cost": 574563.22,
                      "Plan Rows": 17839,
                      "Plan Width": 4,
                      "Inner Unique": false,
                      "Hash Cond": "(catalog_sales.cs_sold_date_sk = date_dim_2.d_date_sk)",
                      "Plans": [
                        {
                          "Node Type": "Seq Scan",
                          "Parent Relationship": "Outer",
                          "Parallel Aware": false,
                          "Async Capable": false,
                          "Relation Name": "catalog_sales",
                          "Alias": "catalog_sales",
                          "Startup Cost": 0.0,
                          "Total Cost": 517695.61,
                          "Plan Rows": 14401261,
                          "Plan Width": 8,
                          "parent": 26,
                          "ID": 27
                        },
                        {
                          "Node Type": "Hash",
                          "Parent Relationship": "Inner",
                          "Parallel Aware": false,
                          "Async Capable": false,
                          "Startup Cost": 2683.36,
                          "Total Cost": 2683.36,
                          "Plan Rows": 91,
                          "Plan Width": 4,
                          "Plans": [
                            {
                              "Node Type": "Seq Scan",
                              "Parent Relationship": "Outer",
                              "Parallel Aware": false,
                              "Async Capable": false,
                              "Relation Name": "date_dim",
                              "Alias": "date_dim_2",
                              "Startup Cost": 0.0,
                              "Total Cost": 2683.36,
                              "Plan Rows": 91,
                              "Plan Width": 4,
                              "Filter": "((d_moy >= 4) AND (d_moy <= 6) AND (d_year = 2003))",
                              "parent": 28,
                              "ID": 29
                            }
                          ],
                          "parent": 26,
                          "ID": 28,
                          "left": 29
                        }
                      ],
                      "parent": 25,
                      "ID": 26,
                      "left": 27,
                      "right": 28
                    }
                  ],
                  "parent": 2,
                  "ID": 25,
                  "left": 26
                }
              ],
              "parent": 1,
              "ID": 2,
              "left": 3,
              "right": 25
            }
          ],
          "parent": 0,
          "ID": 1,
          "left": 2
        }
      ],
      "parent": null,
      "ID": 0,
      "left": 1
    },
    "feat": {
      "utility": 0.0032345258480978756,
      "query_shape": [
        [
          "Seq Scan",
          "Hash Join",
          "Sort",
          "Gather Merge",
          "Nested Loop",
          "Aggregate"
        ],
        [
          "Seq Scan",
          "Hash Join",
          "Hash",
          "Sort",
          "Gather Merge",
          "Nested Loop",
          "Aggregate"
        ],
        [
          "Seq Scan",
          "Hash Join",
          "Hash",
          "Sort",
          "Gather Merge",
          "Nested Loop",
          "Aggregate"
        ],
        [
          "Seq Scan",
          "Hash",
          "Hash Join",
          "Sort",
          "Gather Merge",
          "Nested Loop",
          "Aggregate"
        ],
        [
          "Seq Scan",
          "Hash",
          "Hash Join",
          "Sort",
          "Gather Merge",
          "Nested Loop",
          "Aggregate"
        ],
        [
          "Seq Scan",
          "Hash Join",
          "Gather",
          "Materialize",
          "Nested Loop",
          "Aggregate"
        ],
        [
          "Seq Scan",
          "Hash",
          "Hash Join",
          "Gather",
          "Materialize",
          "Nested Loop",
          "Aggregate"
        ],
        [
          "Seq Scan",
          "Hash Join",
          "Materialize",
          "Nested Loop",
          "Aggregate"
        ],
        [
          "Seq Scan",
          "Hash",
          "Hash Join",
          "Materialize",
          "Nested Loop",
          "Aggregate"
        ]
      ],
      "index_shape": [
        "join"
      ],
      "physical_operator": {
        "Hash Join": [
          0.00469210045035693
        ]
      }
    }
  },
  {
    "query": "select  \n  cd_gender,\n  cd_marital_status,\n  cd_education_status,\n  count(*) cnt1,\n  cd_purchase_estimate,\n  count(*) cnt2,\n  cd_credit_rating,\n  count(*) cnt3\n from\n  customer c,customer_address ca,customer_demographics\n where\n  c.c_current_addr_sk = ca.ca_address_sk and\n  ca_state in ('WI','NE','SD') and\n  cd_demo_sk = c.c_current_cdemo_sk and \n  exists (select *\n          from store_sales,date_dim\n          where c.c_customer_sk = ss_customer_sk and\n                ss_sold_date_sk = d_date_sk and\n                d_year = 2003 and\n                d_moy between 4 and 4+2) and\n   (not exists (select *\n            from web_sales,date_dim\n            where c.c_customer_sk = ws_bill_customer_sk and\n                  ws_sold_date_sk = d_date_sk and\n                  d_year = 2003 and\n                  d_moy between 4 and 4+2) and\n    not exists (select * \n            from catalog_sales,date_dim\n            where c.c_customer_sk = cs_ship_customer_sk and\n                  cs_sold_date_sk = d_date_sk and\n                  d_year = 2003 and\n                  d_moy between 4 and 4+2))\n group by cd_gender,\n          cd_marital_status,\n          cd_education_status,\n          cd_purchase_estimate,\n          cd_credit_rating\n order by cd_gender,\n          cd_marital_status,\n          cd_education_status,\n          cd_purchase_estimate,\n          cd_credit_rating\n limit 100;\n\n-- end query 51 in stream 1 using template query69.tpl\n",
    "indexes": "store_sales.ss_customer_sk",
    "wo plan est": {
      "Node Type": "Limit",
      "Parallel Aware": false,
      "Async Capable": false,
      "Startup Cost": 747713.69,
      "Total Cost": 825706.62,
      "Plan Rows": 100,
      "Plan Width": 64,
      "Plans": [
        {
          "Node Type": "Aggregate",
          "Strategy": "Sorted",
          "Partial Mode": "Simple",
          "Parent Relationship": "Outer",
          "Parallel Aware": false,
          "Async Capable": false,
          "Startup Cost": 747713.69,
          "Total Cost": 2483056.39,
          "Plan Rows": 2225,
          "Plan Width": 64,
          "Group Key": [
            "customer_demographics.cd_gender",
            "customer_demographics.cd_marital_status",
            "customer_demographics.cd_education_status",
            "customer_demographics.cd_purchase_estimate",
            "customer_demographics.cd_credit_rating"
          ],
          "Plans": [
            {
              "Node Type": "Nested Loop",
              "Parent Relationship": "Outer",
              "Parallel Aware": false,
              "Async Capable": false,
              "Join Type": "Anti",
              "Startup Cost": 747713.69,
              "Total Cost": 2483000.76,
              "Plan Rows": 2225,
              "Plan Width": 40,
              "Inner Unique": false,
              "Join Filter": "(c.c_customer_sk = catalog_sales.cs_ship_customer_sk)",
              "Plans": [
                {
                  "Node Type": "Nested Loop",
                  "Parent Relationship": "Outer",
                  "Parallel Aware": false,
                  "Async Capable": false,
                  "Join Type": "Anti",
                  "Startup Cost": 745029.2,
                  "Total Cost": 1291074.35,
                  "Plan Rows": 2307,
                  "Plan Width": 44,
                  "Inner Unique": false,
                  "Join Filter": "(c.c_customer_sk = web_sales.ws_bill_customer_sk)",
                  "Plans": [
                    {
                      "Node Type": "Gather Merge",
                      "Parent Relationship": "Outer",
                      "Parallel Aware": false,
                      "Async Capable": false,
                      "Startup Cost": 741871.55,
                      "Total Cost": 742145.13,
                      "Plan Rows": 2349,
                      "Plan Width": 44,
                      "Workers Planned": 2,
                      "Plans": [
                        {
                          "Node Type": "Sort",
                          "Parent Relationship": "Outer",
                          "Parallel Aware": false,
                          "Async Capable": false,
                          "Startup Cost": 740871.53,
                          "Total Cost": 740873.97,
                          "Plan Rows": 979,
                          "Plan Width": 44,
                          "Sort Key": [
                            "customer_demographics.cd_gender",
                            "customer_demographics.cd_marital_status",
                            "customer_demographics.cd_education_status",
                            "customer_demographics.cd_purchase_estimate",
                            "customer_demographics.cd_credit_rating"
                          ],
                          "Plans": [
                            {
                              "Node Type": "Hash Join",
                              "Parent Relationship": "Outer",
                              "Parallel Aware": true,
                              "Async Capable": false,
                              "Join Type": "Inner",
                              "Startup Cost": 707986.23,
                              "Total Cost": 740822.89,
                              "Plan Rows": 979,
                              "Plan Width": 44,
                              "Inner Unique": false,
                              "Hash Cond": "(customer_demographics.cd_demo_sk = c.c_current_cdemo_sk)",
                              "Plans": [
                                {
                                  "Node Type": "Seq Scan",
                                  "Parent Relationship": "Outer",
                                  "Parallel Aware": true,
                                  "Async Capable": false,
                                  "Relation Name": "customer_demographics",
                                  "Alias": "customer_demographics",
                                  "Startup Cost": 0.0,
                                  "Total Cost": 29831.33,
                                  "Plan Rows": 800333,
                                  "Plan Width": 44,
                                  "parent": 6,
                                  "ID": 7
                                },
                                {
                                  "Node Type": "Hash",
                                  "Parent Relationship": "Inner",
                                  "Parallel Aware": true,
                                  "Async Capable": false,
                                  "Startup Cost": 707973.57,
                                  "Total Cost": 707973.57,
                                  "Plan Rows": 1013,
                                  "Plan Width": 8,
                                  "Plans": [
                                    {
                                      "Node Type": "Hash Join",
                                      "Parent Relationship": "Outer",
                                      "Parallel Aware": true,
                                      "Async Capable": false,
                                      "Join Type": "Inner",
                                      "Startup Cost": 691301.61,
                                      "Total Cost": 707973.57,
                                      "Plan Rows": 1013,
                                      "Plan Width": 8,
                                      "Inner Unique": false,
                                      "Hash Cond": "(c.c_current_addr_sk = ca.ca_address_sk)",
                                      "Plans": [
                                        {
                                          "Node Type": "Hash Join",
                                          "Parent Relationship": "Outer",
                                          "Parallel Aware": true,
                                          "Async Capable": false,
                                          "Join Type": "Semi",
                                          "Startup Cost": 684337.4,
                                          "Total Cost": 700954.09,
                                          "Plan Rows": 13615,
                                          "Plan Width": 12,
                                          "Inner Unique": false,
                                          "Hash Cond": "(c.c_customer_sk = store_sales.ss_customer_sk)",
                                          "Plans": [
                                            {
                                              "Node Type": "Seq Scan",
                                              "Parent Relationship": "Outer",
                                              "Parallel Aware": true,
                                              "Async Capable": false,
                                              "Relation Name": "customer",
                                              "Alias": "c",
                                              "Startup Cost": 0.0,
                                              "Total Cost": 15918.33,
                                              "Plan Rows": 208333,
                                              "Plan Width": 12,
                                              "parent": 10,
                                              "ID": 11
                                            },
                                            {
                                              "Node Type": "Hash",
                                              "Parent Relationship": "Inner",
                                              "Parallel Aware": true,
                                              "Async Capable": false,
                                              "Startup Cost": 684159.07,
                                              "Total Cost": 684159.07,
                                              "Plan Rows": 14267,
                                              "Plan Width": 4,
                                              "Plans": [
                                                {
                                                  "Node Type": "Hash Join",
                                                  "Parent Relationship": "Outer",
                                                  "Parallel Aware": true,
                                                  "Async Capable": false,
                                                  "Join Type": "Inner",
                                                  "Startup Cost": 2157.65,
                                                  "Total Cost": 684159.07,
                                                  "Plan Rows": 14267,
                                                  "Plan Width": 4,
                                                  "Inner Unique": false,
                                                  "Hash Cond": "(store_sales.ss_sold_date_sk = date_dim.d_date_sk)",
                                                  "Plans": [
                                                    {
                                                      "Node Type": "Seq Scan",
                                                      "Parent Relationship": "Outer",
                                                      "Parallel Aware": true,
                                                      "Async Capable": false,
                                                      "Relation Name": "store_sales",
                                                      "Alias": "store_sales",
                                                      "Startup Cost": 0.0,
                                                      "Total Cost": 636914.37,
                                                      "Plan Rows": 12000637,
                                                      "Plan Width": 8,
                                                      "parent": 13,
                                                      "ID": 14
                                                    },
                                                    {
                                                      "Node Type": "Hash",
                                                      "Parent Relationship": "Inner",
                                                      "Parallel Aware": true,
                                                      "Async Capable": false,
                                                      "Startup Cost": 2156.97,
                                                      "Total Cost": 2156.97,
                                                      "Plan Rows": 54,
                                                      "Plan Width": 4,
                                                      "Plans": [
                                                        {
                                                          "Node Type": "Seq Scan",
                                                          "Parent Relationship": "Outer",
                                                          "Parallel Aware": true,
                                                          "Async Capable": false,
                                                          "Relation Name": "date_dim",
                                                          "Alias": "date_dim",
                                                          "Startup Cost": 0.0,
                                                          "Total Cost": 2156.97,
                                                          "Plan Rows": 54,
                                                          "Plan Width": 4,
                                                          "Filter": "((d_moy >= 4) AND (d_moy <= 6) AND (d_year = 2003))",
                                                          "parent": 15,
                                                          "ID": 16
                                                        }
                                                      ],
                                                      "parent": 13,
                                                      "ID": 15,
                                                      "left": 16
                                                    }
                                                  ],
                                                  "parent": 12,
                                                  "ID": 13,
                                                  "left": 14,
                                                  "right": 15
                                                }
                                              ],
                                              "parent": 10,
                                              "ID": 12,
                                              "left": 13
                                            }
                                          ],
                                          "parent": 9,
                                          "ID": 10,
                                          "left": 11,
                                          "right": 12
                                        },
                                        {
                                          "Node Type": "Hash",
                                          "Parent Relationship": "Inner",
                                          "Parallel Aware": true,
                                          "Async Capable": false,
                                          "Startup Cost": 6867.29,
                                          "Total Cost": 6867.29,
                                          "Plan Rows": 7753,
                                          "Plan Width": 4,
                                          "Plans": [
                                            {
                                              "Node Type": "Seq Scan",
                                              "Parent Relationship": "Outer",
                                              "Parallel Aware": true,
                                              "Async Capable": false,
                                              "Relation Name": "customer_address",
                                              "Alias": "ca",
                                              "Startup Cost": 0.0,
                                              "Total Cost": 6867.29,
                                              "Plan Rows": 7753,
                                              "Plan Width": 4,
                                              "Filter": "(ca_state = ANY ('{WI,NE,SD}'::bpchar[]))",
                                              "parent": 17,
                                              "ID": 18
                                            }
                                          ],
                                          "parent": 9,
                                          "ID": 17,
                                          "left": 18
                                        }
                                      ],
                                      "parent": 8,
                                      "ID": 9,
                                      "left": 10,
                                      "right": 17
                                    }
                                  ],
                                  "parent": 6,
                                  "ID": 8,
                                  "left": 9
                                }
                              ],
                              "parent": 5,
                              "ID": 6,
                              "left": 7,
                              "right": 8
                            }
                          ],
                          "parent": 4,
                          "ID": 5,
                          "left": 6
                        }
                      ],
                      "parent": 3,
                      "ID": 4,
                      "left": 5
                    },
                    {
                      "Node Type": "Materialize",
                      "Parent Relationship": "Inner",
                      "Parallel Aware": false,
                      "Async Capable": false,
                      "Startup Cost": 3157.65,
                      "Total Cost": 233105.09,
                      "Plan Rows": 8964,
                      "Plan Width": 4,
                      "Plans": [
                        {
                          "Node Type": "Gather",
                          "Parent Relationship": "Outer",
                          "Parallel Aware": false,
                          "Async Capable": false,
                          "Startup Cost": 3157.65,
                          "Total Cost": 233060.27,
                          "Plan Rows": 8964,
                          "Plan Width": 4,
                          "Workers Planned": 2,
                          "Single Copy": false,
                          "Plans": [
                            {
                              "Node Type": "Hash Join",
                              "Parent Relationship": "Outer",
                              "Parallel Aware": true,
                              "Async Capable": false,
                              "Join Type": "Inner",
                              "Startup Cost": 2157.65,
                              "Total Cost": 231163.87,
                              "Plan Rows": 3735,
                              "Plan Width": 4,
                              "Inner Unique": false,
                              "Hash Cond": "(web_sales.ws_sold_date_sk = date_dim_1.d_date_sk)",
                              "Plans": [
                                {
                                  "Node Type": "Seq Scan",
                                  "Parent Relationship": "Outer",
                                  "Parallel Aware": true,
                                  "Async Capable": false,
                                  "Relation Name": "web_sales",
                                  "Alias": "web_sales",
                                  "Startup Cost": 0.0,
                                  "Total Cost": 217737.86,
                                  "Plan Rows": 2998986,
                                  "Plan Width": 8,
                                  "parent": 21,
                                  "ID": 22
                                },
                                {
                                  "Node Type": "Hash",
                                  "Parent Relationship": "Inner",
                                  "Parallel Aware": true,
                                  "Async Capable": false,
                                  "Startup Cost": 2156.97,
                                  "Total Cost": 2156.97,
                                  "Plan Rows": 54,
                                  "Plan Width": 4,
                                  "Plans": [
                                    {
                                      "Node Type": "Seq Scan",
                                      "Parent Relationship": "Outer",
                                      "Parallel Aware": true,
                                      "Async Capable": false,
                                      "Relation Name": "date_dim",
                                      "Alias": "date_dim_1",
                                      "Startup Cost": 0.0,
                                      "Total Cost": 2156.97,
                                      "Plan Rows": 54,
                                      "Plan Width": 4,
                                      "Filter": "((d_moy >= 4) AND (d_moy <= 6) AND (d_year = 2003))",
                                      "parent": 23,
                                      "ID": 24
                                    }
                                  ],
                                  "parent": 21,
                                  "ID": 23,
                                  "left": 24
                                }
                              ],
                              "parent": 20,
                              "ID": 21,
                              "left": 22,
                              "right": 23
                            }
                          ],
                          "parent": 19,
                          "ID": 20,
                          "left": 21
                        }
                      ],
                      "parent": 3,
                      "ID": 19,
                      "left": 20
                    }
                  ],
                  "parent": 2,
                  "ID": 3,
                  "left": 4,
                  "right": 19
                },
                {
                  "Node Type": "Materialize",
                  "Parent Relationship": "Inner",
                  "Parallel Aware": false,
                  "Async Capable": false,
                  "Startup Cost": 2684.49,
                  "Total Cost": 574652.42,
                  "Plan Rows": 17839,
                  "Plan Width": 4,
                  "Plans": [
                    {
                      "Node Type": "Hash Join",
                      "Parent Relationship": "Outer",
                      "Parallel Aware": false,
                      "Async Capable": false,
                      "Join Type": "Inner",
                      "Startup Cost": 2684.49,
                      "Total Cost": 574563.22,
                      "Plan Rows": 17839,
                      "Plan Width": 4,
                      "Inner Unique": false,
                      "Hash Cond": "(catalog_sales.cs_sold_date_sk = date_dim_2.d_date_sk)",
                      "Plans": [
                        {
                          "Node Type": "Seq Scan",
                          "Parent Relationship": "Outer",
                          "Parallel Aware": false,
                          "Async Capable": false,
                          "Relation Name": "catalog_sales",
                          "Alias": "catalog_sales",
                          "Startup Cost": 0.0,
                          "Total Cost": 517695.61,
                          "Plan Rows": 14401261,
                          "Plan Width": 8,
                          "parent": 26,
                          "ID": 27
                        },
                        {
                          "Node Type": "Hash",
                          "Parent Relationship": "Inner",
                          "Parallel Aware": false,
                          "Async Capable": false,
                          "Startup Cost": 2683.36,
                          "Total Cost": 2683.36,
                          "Plan Rows": 91,
                          "Plan Width": 4,
                          "Plans": [
                            {
                              "Node Type": "Seq Scan",
                              "Parent Relationship": "Outer",
                              "Parallel Aware": false,
                              "Async Capable": false,
                              "Relation Name": "date_dim",
                              "Alias": "date_dim_2",
                              "Startup Cost": 0.0,
                              "Total Cost": 2683.36,
                              "Plan Rows": 91,
                              "Plan Width": 4,
                              "Filter": "((d_moy >= 4) AND (d_moy <= 6) AND (d_year = 2003))",
                              "parent": 28,
                              "ID": 29
                            }
                          ],
                          "parent": 26,
                          "ID": 28,
                          "left": 29
                        }
                      ],
                      "parent": 25,
                      "ID": 26,
                      "left": 27,
                      "right": 28
                    }
                  ],
                  "parent": 2,
                  "ID": 25,
                  "left": 26
                }
              ],
              "parent": 1,
              "ID": 2,
              "left": 3,
              "right": 25
            }
          ],
          "parent": 0,
          "ID": 1,
          "left": 2
        }
      ],
      "parent": null,
      "ID": 0,
      "left": 1
    },
    "feat": {
      "utility": 0.003242818802410045,
      "query_shape": [
        [
          "Seq Scan",
          "Hash Join",
          "Sort",
          "Gather Merge",
          "Nested Loop",
          "Aggregate"
        ],
        [
          "Seq Scan",
          "Hash Join",
          "Hash",
          "Sort",
          "Gather Merge",
          "Nested Loop",
          "Aggregate"
        ],
        [
          "Seq Scan",
          "Hash Join",
          "Hash",
          "Sort",
          "Gather Merge",
          "Nested Loop",
          "Aggregate"
        ],
        [
          "Seq Scan",
          "Hash",
          "Hash Join",
          "Sort",
          "Gather Merge",
          "Nested Loop",
          "Aggregate"
        ],
        [
          "Seq Scan",
          "Hash",
          "Hash Join",
          "Sort",
          "Gather Merge",
          "Nested Loop",
          "Aggregate"
        ],
        [
          "Seq Scan",
          "Hash Join",
          "Gather",
          "Materialize",
          "Nested Loop",
          "Aggregate"
        ],
        [
          "Seq Scan",
          "Hash",
          "Hash Join",
          "Gather",
          "Materialize",
          "Nested Loop",
          "Aggregate"
        ],
        [
          "Seq Scan",
          "Hash Join",
          "Materialize",
          "Nested Loop",
          "Aggregate"
        ],
        [
          "Seq Scan",
          "Hash",
          "Hash Join",
          "Materialize",
          "Nested Loop",
          "Aggregate"
        ]
      ],
      "index_shape": [
        "join"
      ],
      "physical_operator": {
        "Hash Join": [
          0.0021402448383944653
        ]
      }
    }
  },
  {
    "query": "select  \n  cd_gender,\n  cd_marital_status,\n  cd_education_status,\n  count(*) cnt1,\n  cd_purchase_estimate,\n  count(*) cnt2,\n  cd_credit_rating,\n  count(*) cnt3\n from\n  customer c,customer_address ca,customer_demographics\n where\n  c.c_current_addr_sk = ca.ca_address_sk and\n  ca_state in ('WI','NE','SD') and\n  cd_demo_sk = c.c_current_cdemo_sk and \n  exists (select *\n          from store_sales,date_dim\n          where c.c_customer_sk = ss_customer_sk and\n                ss_sold_date_sk = d_date_sk and\n                d_year = 2003 and\n                d_moy between 4 and 4+2) and\n   (not exists (select *\n            from web_sales,date_dim\n            where c.c_customer_sk = ws_bill_customer_sk and\n                  ws_sold_date_sk = d_date_sk and\n                  d_year = 2003 and\n                  d_moy between 4 and 4+2) and\n    not exists (select * \n            from catalog_sales,date_dim\n            where c.c_customer_sk = cs_ship_customer_sk and\n                  cs_sold_date_sk = d_date_sk and\n                  d_year = 2003 and\n                  d_moy between 4 and 4+2))\n group by cd_gender,\n          cd_marital_status,\n          cd_education_status,\n          cd_purchase_estimate,\n          cd_credit_rating\n order by cd_gender,\n          cd_marital_status,\n          cd_education_status,\n          cd_purchase_estimate,\n          cd_credit_rating\n limit 100;\n\n-- end query 51 in stream 1 using template query69.tpl\n",
    "indexes": "web_sales.ws_sold_date_sk",
    "wo plan est": {
      "Node Type": "Limit",
      "Parallel Aware": false,
      "Async Capable": false,
      "Startup Cost": 747713.69,
      "Total Cost": 825706.62,
      "Plan Rows": 100,
      "Plan Width": 64,
      "Plans": [
        {
          "Node Type": "Aggregate",
          "Strategy": "Sorted",
          "Partial Mode": "Simple",
          "Parent Relationship": "Outer",
          "Parallel Aware": false,
          "Async Capable": false,
          "Startup Cost": 747713.69,
          "Total Cost": 2483056.39,
          "Plan Rows": 2225,
          "Plan Width": 64,
          "Group Key": [
            "customer_demographics.cd_gender",
            "customer_demographics.cd_marital_status",
            "customer_demographics.cd_education_status",
            "customer_demographics.cd_purchase_estimate",
            "customer_demographics.cd_credit_rating"
          ],
          "Plans": [
            {
              "Node Type": "Nested Loop",
              "Parent Relationship": "Outer",
              "Parallel Aware": false,
              "Async Capable": false,
              "Join Type": "Anti",
              "Startup Cost": 747713.69,
              "Total Cost": 2483000.76,
              "Plan Rows": 2225,
              "Plan Width": 40,
              "Inner Unique": false,
              "Join Filter": "(c.c_customer_sk = catalog_sales.cs_ship_customer_sk)",
              "Plans": [
                {
                  "Node Type": "Nested Loop",
                  "Parent Relationship": "Outer",
                  "Parallel Aware": false,
                  "Async Capable": false,
                  "Join Type": "Anti",
                  "Startup Cost": 745029.2,
                  "Total Cost": 1291074.35,
                  "Plan Rows": 2307,
                  "Plan Width": 44,
                  "Inner Unique": false,
                  "Join Filter": "(c.c_customer_sk = web_sales.ws_bill_customer_sk)",
                  "Plans": [
                    {
                      "Node Type": "Gather Merge",
                      "Parent Relationship": "Outer",
                      "Parallel Aware": false,
                      "Async Capable": false,
                      "Startup Cost": 741871.55,
                      "Total Cost": 742145.13,
                      "Plan Rows": 2349,
                      "Plan Width": 44,
                      "Workers Planned": 2,
                      "Plans": [
                        {
                          "Node Type": "Sort",
                          "Parent Relationship": "Outer",
                          "Parallel Aware": false,
                          "Async Capable": false,
                          "Startup Cost": 740871.53,
                          "Total Cost": 740873.97,
                          "Plan Rows": 979,
                          "Plan Width": 44,
                          "Sort Key": [
                            "customer_demographics.cd_gender",
                            "customer_demographics.cd_marital_status",
                            "customer_demographics.cd_education_status",
                            "customer_demographics.cd_purchase_estimate",
                            "customer_demographics.cd_credit_rating"
                          ],
                          "Plans": [
                            {
                              "Node Type": "Hash Join",
                              "Parent Relationship": "Outer",
                              "Parallel Aware": true,
                              "Async Capable": false,
                              "Join Type": "Inner",
                              "Startup Cost": 707986.23,
                              "Total Cost": 740822.89,
                              "Plan Rows": 979,
                              "Plan Width": 44,
                              "Inner Unique": false,
                              "Hash Cond": "(customer_demographics.cd_demo_sk = c.c_current_cdemo_sk)",
                              "Plans": [
                                {
                                  "Node Type": "Seq Scan",
                                  "Parent Relationship": "Outer",
                                  "Parallel Aware": true,
                                  "Async Capable": false,
                                  "Relation Name": "customer_demographics",
                                  "Alias": "customer_demographics",
                                  "Startup Cost": 0.0,
                                  "Total Cost": 29831.33,
                                  "Plan Rows": 800333,
                                  "Plan Width": 44,
                                  "parent": 6,
                                  "ID": 7
                                },
                                {
                                  "Node Type": "Hash",
                                  "Parent Relationship": "Inner",
                                  "Parallel Aware": true,
                                  "Async Capable": false,
                                  "Startup Cost": 707973.57,
                                  "Total Cost": 707973.57,
                                  "Plan Rows": 1013,
                                  "Plan Width": 8,
                                  "Plans": [
                                    {
                                      "Node Type": "Hash Join",
                                      "Parent Relationship": "Outer",
                                      "Parallel Aware": true,
                                      "Async Capable": false,
                                      "Join Type": "Inner",
                                      "Startup Cost": 691301.61,
                                      "Total Cost": 707973.57,
                                      "Plan Rows": 1013,
                                      "Plan Width": 8,
                                      "Inner Unique": false,
                                      "Hash Cond": "(c.c_current_addr_sk = ca.ca_address_sk)",
                                      "Plans": [
                                        {
                                          "Node Type": "Hash Join",
                                          "Parent Relationship": "Outer",
                                          "Parallel Aware": true,
                                          "Async Capable": false,
                                          "Join Type": "Semi",
                                          "Startup Cost": 684337.4,
                                          "Total Cost": 700954.09,
                                          "Plan Rows": 13615,
                                          "Plan Width": 12,
                                          "Inner Unique": false,
                                          "Hash Cond": "(c.c_customer_sk = store_sales.ss_customer_sk)",
                                          "Plans": [
                                            {
                                              "Node Type": "Seq Scan",
                                              "Parent Relationship": "Outer",
                                              "Parallel Aware": true,
                                              "Async Capable": false,
                                              "Relation Name": "customer",
                                              "Alias": "c",
                                              "Startup Cost": 0.0,
                                              "Total Cost": 15918.33,
                                              "Plan Rows": 208333,
                                              "Plan Width": 12,
                                              "parent": 10,
                                              "ID": 11
                                            },
                                            {
                                              "Node Type": "Hash",
                                              "Parent Relationship": "Inner",
                                              "Parallel Aware": true,
                                              "Async Capable": false,
                                              "Startup Cost": 684159.07,
                                              "Total Cost": 684159.07,
                                              "Plan Rows": 14267,
                                              "Plan Width": 4,
                                              "Plans": [
                                                {
                                                  "Node Type": "Hash Join",
                                                  "Parent Relationship": "Outer",
                                                  "Parallel Aware": true,
                                                  "Async Capable": false,
                                                  "Join Type": "Inner",
                                                  "Startup Cost": 2157.65,
                                                  "Total Cost": 684159.07,
                                                  "Plan Rows": 14267,
                                                  "Plan Width": 4,
                                                  "Inner Unique": false,
                                                  "Hash Cond": "(store_sales.ss_sold_date_sk = date_dim.d_date_sk)",
                                                  "Plans": [
                                                    {
                                                      "Node Type": "Seq Scan",
                                                      "Parent Relationship": "Outer",
                                                      "Parallel Aware": true,
                                                      "Async Capable": false,
                                                      "Relation Name": "store_sales",
                                                      "Alias": "store_sales",
                                                      "Startup Cost": 0.0,
                                                      "Total Cost": 636914.37,
                                                      "Plan Rows": 12000637,
                                                      "Plan Width": 8,
                                                      "parent": 13,
                                                      "ID": 14
                                                    },
                                                    {
                                                      "Node Type": "Hash",
                                                      "Parent Relationship": "Inner",
                                                      "Parallel Aware": true,
                                                      "Async Capable": false,
                                                      "Startup Cost": 2156.97,
                                                      "Total Cost": 2156.97,
                                                      "Plan Rows": 54,
                                                      "Plan Width": 4,
                                                      "Plans": [
                                                        {
                                                          "Node Type": "Seq Scan",
                                                          "Parent Relationship": "Outer",
                                                          "Parallel Aware": true,
                                                          "Async Capable": false,
                                                          "Relation Name": "date_dim",
                                                          "Alias": "date_dim",
                                                          "Startup Cost": 0.0,
                                                          "Total Cost": 2156.97,
                                                          "Plan Rows": 54,
                                                          "Plan Width": 4,
                                                          "Filter": "((d_moy >= 4) AND (d_moy <= 6) AND (d_year = 2003))",
                                                          "parent": 15,
                                                          "ID": 16
                                                        }
                                                      ],
                                                      "parent": 13,
                                                      "ID": 15,
                                                      "left": 16
                                                    }
                                                  ],
                                                  "parent": 12,
                                                  "ID": 13,
                                                  "left": 14,
                                                  "right": 15
                                                }
                                              ],
                                              "parent": 10,
                                              "ID": 12,
                                              "left": 13
                                            }
                                          ],
                                          "parent": 9,
                                          "ID": 10,
                                          "left": 11,
                                          "right": 12
                                        },
                                        {
                                          "Node Type": "Hash",
                                          "Parent Relationship": "Inner",
                                          "Parallel Aware": true,
                                          "Async Capable": false,
                                          "Startup Cost": 6867.29,
                                          "Total Cost": 6867.29,
                                          "Plan Rows": 7753,
                                          "Plan Width": 4,
                                          "Plans": [
                                            {
                                              "Node Type": "Seq Scan",
                                              "Parent Relationship": "Outer",
                                              "Parallel Aware": true,
                                              "Async Capable": false,
                                              "Relation Name": "customer_address",
                                              "Alias": "ca",
                                              "Startup Cost": 0.0,
                                              "Total Cost": 6867.29,
                                              "Plan Rows": 7753,
                                              "Plan Width": 4,
                                              "Filter": "(ca_state = ANY ('{WI,NE,SD}'::bpchar[]))",
                                              "parent": 17,
                                              "ID": 18
                                            }
                                          ],
                                          "parent": 9,
                                          "ID": 17,
                                          "left": 18
                                        }
                                      ],
                                      "parent": 8,
                                      "ID": 9,
                                      "left": 10,
                                      "right": 17
                                    }
                                  ],
                                  "parent": 6,
                                  "ID": 8,
                                  "left": 9
                                }
                              ],
                              "parent": 5,
                              "ID": 6,
                              "left": 7,
                              "right": 8
                            }
                          ],
                          "parent": 4,
                          "ID": 5,
                          "left": 6
                        }
                      ],
                      "parent": 3,
                      "ID": 4,
                      "left": 5
                    },
                    {
                      "Node Type": "Materialize",
                      "Parent Relationship": "Inner",
                      "Parallel Aware": false,
                      "Async Capable": false,
                      "Startup Cost": 3157.65,
                      "Total Cost": 233105.09,
                      "Plan Rows": 8964,
                      "Plan Width": 4,
                      "Plans": [
                        {
                          "Node Type": "Gather",
                          "Parent Relationship": "Outer",
                          "Parallel Aware": false,
                          "Async Capable": false,
                          "Startup Cost": 3157.65,
                          "Total Cost": 233060.27,
                          "Plan Rows": 8964,
                          "Plan Width": 4,
                          "Workers Planned": 2,
                          "Single Copy": false,
                          "Plans": [
                            {
                              "Node Type": "Hash Join",
                              "Parent Relationship": "Outer",
                              "Parallel Aware": true,
                              "Async Capable": false,
                              "Join Type": "Inner",
                              "Startup Cost": 2157.65,
                              "Total Cost": 231163.87,
                              "Plan Rows": 3735,
                              "Plan Width": 4,
                              "Inner Unique": false,
                              "Hash Cond": "(web_sales.ws_sold_date_sk = date_dim_1.d_date_sk)",
                              "Plans": [
                                {
                                  "Node Type": "Seq Scan",
                                  "Parent Relationship": "Outer",
                                  "Parallel Aware": true,
                                  "Async Capable": false,
                                  "Relation Name": "web_sales",
                                  "Alias": "web_sales",
                                  "Startup Cost": 0.0,
                                  "Total Cost": 217737.86,
                                  "Plan Rows": 2998986,
                                  "Plan Width": 8,
                                  "parent": 21,
                                  "ID": 22
                                },
                                {
                                  "Node Type": "Hash",
                                  "Parent Relationship": "Inner",
                                  "Parallel Aware": true,
                                  "Async Capable": false,
                                  "Startup Cost": 2156.97,
                                  "Total Cost": 2156.97,
                                  "Plan Rows": 54,
                                  "Plan Width": 4,
                                  "Plans": [
                                    {
                                      "Node Type": "Seq Scan",
                                      "Parent Relationship": "Outer",
                                      "Parallel Aware": true,
                                      "Async Capable": false,
                                      "Relation Name": "date_dim",
                                      "Alias": "date_dim_1",
                                      "Startup Cost": 0.0,
                                      "Total Cost": 2156.97,
                                      "Plan Rows": 54,
                                      "Plan Width": 4,
                                      "Filter": "((d_moy >= 4) AND (d_moy <= 6) AND (d_year = 2003))",
                                      "parent": 23,
                                      "ID": 24
                                    }
                                  ],
                                  "parent": 21,
                                  "ID": 23,
                                  "left": 24
                                }
                              ],
                              "parent": 20,
                              "ID": 21,
                              "left": 22,
                              "right": 23
                            }
                          ],
                          "parent": 19,
                          "ID": 20,
                          "left": 21
                        }
                      ],
                      "parent": 3,
                      "ID": 19,
                      "left": 20
                    }
                  ],
                  "parent": 2,
                  "ID": 3,
                  "left": 4,
                  "right": 19
                },
                {
                  "Node Type": "Materialize",
                  "Parent Relationship": "Inner",
                  "Parallel Aware": false,
                  "Async Capable": false,
                  "Startup Cost": 2684.49,
                  "Total Cost": 574652.42,
                  "Plan Rows": 17839,
                  "Plan Width": 4,
                  "Plans": [
                    {
                      "Node Type": "Hash Join",
                      "Parent Relationship": "Outer",
                      "Parallel Aware": false,
                      "Async Capable": false,
                      "Join Type": "Inner",
                      "Startup Cost": 2684.49,
                      "Total Cost": 574563.22,
                      "Plan Rows": 17839,
                      "Plan Width": 4,
                      "Inner Unique": false,
                      "Hash Cond": "(catalog_sales.cs_sold_date_sk = date_dim_2.d_date_sk)",
                      "Plans": [
                        {
                          "Node Type": "Seq Scan",
                          "Parent Relationship": "Outer",
                          "Parallel Aware": false,
                          "Async Capable": false,
                          "Relation Name": "catalog_sales",
                          "Alias": "catalog_sales",
                          "Startup Cost": 0.0,
                          "Total Cost": 517695.61,
                          "Plan Rows": 14401261,
                          "Plan Width": 8,
                          "parent": 26,
                          "ID": 27
                        },
                        {
                          "Node Type": "Hash",
                          "Parent Relationship": "Inner",
                          "Parallel Aware": false,
                          "Async Capable": false,
                          "Startup Cost": 2683.36,
                          "Total Cost": 2683.36,
                          "Plan Rows": 91,
                          "Plan Width": 4,
                          "Plans": [
                            {
                              "Node Type": "Seq Scan",
                              "Parent Relationship": "Outer",
                              "Parallel Aware": false,
                              "Async Capable": false,
                              "Relation Name": "date_dim",
                              "Alias": "date_dim_2",
                              "Startup Cost": 0.0,
                              "Total Cost": 2683.36,
                              "Plan Rows": 91,
                              "Plan Width": 4,
                              "Filter": "((d_moy >= 4) AND (d_moy <= 6) AND (d_year = 2003))",
                              "parent": 28,
                              "ID": 29
                            }
                          ],
                          "parent": 26,
                          "ID": 28,
                          "left": 29
                        }
                      ],
                      "parent": 25,
                      "ID": 26,
                      "left": 27,
                      "right": 28
                    }
                  ],
                  "parent": 2,
                  "ID": 25,
                  "left": 26
                }
              ],
              "parent": 1,
              "ID": 2,
              "left": 3,
              "right": 25
            }
          ],
          "parent": 0,
          "ID": 1,
          "left": 2
        }
      ],
      "parent": null,
      "ID": 0,
      "left": 1
    },
    "feat": {
      "utility": 0.003234167296210054,
      "query_shape": [
        [
          "Seq Scan",
          "Hash Join",
          "Sort",
          "Gather Merge",
          "Nested Loop",
          "Aggregate"
        ],
        [
          "Seq Scan",
          "Hash Join",
          "Hash",
          "Sort",
          "Gather Merge",
          "Nested Loop",
          "Aggregate"
        ],
        [
          "Seq Scan",
          "Hash Join",
          "Hash",
          "Sort",
          "Gather Merge",
          "Nested Loop",
          "Aggregate"
        ],
        [
          "Seq Scan",
          "Hash",
          "Hash Join",
          "Sort",
          "Gather Merge",
          "Nested Loop",
          "Aggregate"
        ],
        [
          "Seq Scan",
          "Hash",
          "Hash Join",
          "Sort",
          "Gather Merge",
          "Nested Loop",
          "Aggregate"
        ],
        [
          "Seq Scan",
          "Hash Join",
          "Gather",
          "Materialize",
          "Nested Loop",
          "Aggregate"
        ],
        [
          "Seq Scan",
          "Hash",
          "Hash Join",
          "Gather",
          "Materialize",
          "Nested Loop",
          "Aggregate"
        ],
        [
          "Seq Scan",
          "Hash Join",
          "Materialize",
          "Nested Loop",
          "Aggregate"
        ],
        [
          "Seq Scan",
          "Hash",
          "Hash Join",
          "Materialize",
          "Nested Loop",
          "Aggregate"
        ]
      ],
      "index_shape": [
        "join"
      ],
      "physical_operator": {
        "Hash Join": [
          0.004802431776525597
        ]
      }
    }
  },
  {
    "query": "select  \n  cd_gender,\n  cd_marital_status,\n  cd_education_status,\n  count(*) cnt1,\n  cd_purchase_estimate,\n  count(*) cnt2,\n  cd_credit_rating,\n  count(*) cnt3\n from\n  customer c,customer_address ca,customer_demographics\n where\n  c.c_current_addr_sk = ca.ca_address_sk and\n  ca_state in ('WI','NE','SD') and\n  cd_demo_sk = c.c_current_cdemo_sk and \n  exists (select *\n          from store_sales,date_dim\n          where c.c_customer_sk = ss_customer_sk and\n                ss_sold_date_sk = d_date_sk and\n                d_year = 2003 and\n                d_moy between 4 and 4+2) and\n   (not exists (select *\n            from web_sales,date_dim\n            where c.c_customer_sk = ws_bill_customer_sk and\n                  ws_sold_date_sk = d_date_sk and\n                  d_year = 2003 and\n                  d_moy between 4 and 4+2) and\n    not exists (select * \n            from catalog_sales,date_dim\n            where c.c_customer_sk = cs_ship_customer_sk and\n                  cs_sold_date_sk = d_date_sk and\n                  d_year = 2003 and\n                  d_moy between 4 and 4+2))\n group by cd_gender,\n          cd_marital_status,\n          cd_education_status,\n          cd_purchase_estimate,\n          cd_credit_rating\n order by cd_gender,\n          cd_marital_status,\n          cd_education_status,\n          cd_purchase_estimate,\n          cd_credit_rating\n limit 100;\n\n-- end query 51 in stream 1 using template query69.tpl\n",
    "indexes": "web_sales.ws_bill_customer_sk",
    "wo plan est": {
      "Node Type": "Limit",
      "Parallel Aware": false,
      "Async Capable": false,
      "Startup Cost": 747713.69,
      "Total Cost": 825706.62,
      "Plan Rows": 100,
      "Plan Width": 64,
      "Plans": [
        {
          "Node Type": "Aggregate",
          "Strategy": "Sorted",
          "Partial Mode": "Simple",
          "Parent Relationship": "Outer",
          "Parallel Aware": false,
          "Async Capable": false,
          "Startup Cost": 747713.69,
          "Total Cost": 2483056.39,
          "Plan Rows": 2225,
          "Plan Width": 64,
          "Group Key": [
            "customer_demographics.cd_gender",
            "customer_demographics.cd_marital_status",
            "customer_demographics.cd_education_status",
            "customer_demographics.cd_purchase_estimate",
            "customer_demographics.cd_credit_rating"
          ],
          "Plans": [
            {
              "Node Type": "Nested Loop",
              "Parent Relationship": "Outer",
              "Parallel Aware": false,
              "Async Capable": false,
              "Join Type": "Anti",
              "Startup Cost": 747713.69,
              "Total Cost": 2483000.76,
              "Plan Rows": 2225,
              "Plan Width": 40,
              "Inner Unique": false,
              "Join Filter": "(c.c_customer_sk = catalog_sales.cs_ship_customer_sk)",
              "Plans": [
                {
                  "Node Type": "Nested Loop",
                  "Parent Relationship": "Outer",
                  "Parallel Aware": false,
                  "Async Capable": false,
                  "Join Type": "Anti",
                  "Startup Cost": 745029.2,
                  "Total Cost": 1291074.35,
                  "Plan Rows": 2307,
                  "Plan Width": 44,
                  "Inner Unique": false,
                  "Join Filter": "(c.c_customer_sk = web_sales.ws_bill_customer_sk)",
                  "Plans": [
                    {
                      "Node Type": "Gather Merge",
                      "Parent Relationship": "Outer",
                      "Parallel Aware": false,
                      "Async Capable": false,
                      "Startup Cost": 741871.55,
                      "Total Cost": 742145.13,
                      "Plan Rows": 2349,
                      "Plan Width": 44,
                      "Workers Planned": 2,
                      "Plans": [
                        {
                          "Node Type": "Sort",
                          "Parent Relationship": "Outer",
                          "Parallel Aware": false,
                          "Async Capable": false,
                          "Startup Cost": 740871.53,
                          "Total Cost": 740873.97,
                          "Plan Rows": 979,
                          "Plan Width": 44,
                          "Sort Key": [
                            "customer_demographics.cd_gender",
                            "customer_demographics.cd_marital_status",
                            "customer_demographics.cd_education_status",
                            "customer_demographics.cd_purchase_estimate",
                            "customer_demographics.cd_credit_rating"
                          ],
                          "Plans": [
                            {
                              "Node Type": "Hash Join",
                              "Parent Relationship": "Outer",
                              "Parallel Aware": true,
                              "Async Capable": false,
                              "Join Type": "Inner",
                              "Startup Cost": 707986.23,
                              "Total Cost": 740822.89,
                              "Plan Rows": 979,
                              "Plan Width": 44,
                              "Inner Unique": false,
                              "Hash Cond": "(customer_demographics.cd_demo_sk = c.c_current_cdemo_sk)",
                              "Plans": [
                                {
                                  "Node Type": "Seq Scan",
                                  "Parent Relationship": "Outer",
                                  "Parallel Aware": true,
                                  "Async Capable": false,
                                  "Relation Name": "customer_demographics",
                                  "Alias": "customer_demographics",
                                  "Startup Cost": 0.0,
                                  "Total Cost": 29831.33,
                                  "Plan Rows": 800333,
                                  "Plan Width": 44,
                                  "parent": 6,
                                  "ID": 7
                                },
                                {
                                  "Node Type": "Hash",
                                  "Parent Relationship": "Inner",
                                  "Parallel Aware": true,
                                  "Async Capable": false,
                                  "Startup Cost": 707973.57,
                                  "Total Cost": 707973.57,
                                  "Plan Rows": 1013,
                                  "Plan Width": 8,
                                  "Plans": [
                                    {
                                      "Node Type": "Hash Join",
                                      "Parent Relationship": "Outer",
                                      "Parallel Aware": true,
                                      "Async Capable": false,
                                      "Join Type": "Inner",
                                      "Startup Cost": 691301.61,
                                      "Total Cost": 707973.57,
                                      "Plan Rows": 1013,
                                      "Plan Width": 8,
                                      "Inner Unique": false,
                                      "Hash Cond": "(c.c_current_addr_sk = ca.ca_address_sk)",
                                      "Plans": [
                                        {
                                          "Node Type": "Hash Join",
                                          "Parent Relationship": "Outer",
                                          "Parallel Aware": true,
                                          "Async Capable": false,
                                          "Join Type": "Semi",
                                          "Startup Cost": 684337.4,
                                          "Total Cost": 700954.09,
                                          "Plan Rows": 13615,
                                          "Plan Width": 12,
                                          "Inner Unique": false,
                                          "Hash Cond": "(c.c_customer_sk = store_sales.ss_customer_sk)",
                                          "Plans": [
                                            {
                                              "Node Type": "Seq Scan",
                                              "Parent Relationship": "Outer",
                                              "Parallel Aware": true,
                                              "Async Capable": false,
                                              "Relation Name": "customer",
                                              "Alias": "c",
                                              "Startup Cost": 0.0,
                                              "Total Cost": 15918.33,
                                              "Plan Rows": 208333,
                                              "Plan Width": 12,
                                              "parent": 10,
                                              "ID": 11
                                            },
                                            {
                                              "Node Type": "Hash",
                                              "Parent Relationship": "Inner",
                                              "Parallel Aware": true,
                                              "Async Capable": false,
                                              "Startup Cost": 684159.07,
                                              "Total Cost": 684159.07,
                                              "Plan Rows": 14267,
                                              "Plan Width": 4,
                                              "Plans": [
                                                {
                                                  "Node Type": "Hash Join",
                                                  "Parent Relationship": "Outer",
                                                  "Parallel Aware": true,
                                                  "Async Capable": false,
                                                  "Join Type": "Inner",
                                                  "Startup Cost": 2157.65,
                                                  "Total Cost": 684159.07,
                                                  "Plan Rows": 14267,
                                                  "Plan Width": 4,
                                                  "Inner Unique": false,
                                                  "Hash Cond": "(store_sales.ss_sold_date_sk = date_dim.d_date_sk)",
                                                  "Plans": [
                                                    {
                                                      "Node Type": "Seq Scan",
                                                      "Parent Relationship": "Outer",
                                                      "Parallel Aware": true,
                                                      "Async Capable": false,
                                                      "Relation Name": "store_sales",
                                                      "Alias": "store_sales",
                                                      "Startup Cost": 0.0,
                                                      "Total Cost": 636914.37,
                                                      "Plan Rows": 12000637,
                                                      "Plan Width": 8,
                                                      "parent": 13,
                                                      "ID": 14
                                                    },
                                                    {
                                                      "Node Type": "Hash",
                                                      "Parent Relationship": "Inner",
                                                      "Parallel Aware": true,
                                                      "Async Capable": false,
                                                      "Startup Cost": 2156.97,
                                                      "Total Cost": 2156.97,
                                                      "Plan Rows": 54,
                                                      "Plan Width": 4,
                                                      "Plans": [
                                                        {
                                                          "Node Type": "Seq Scan",
                                                          "Parent Relationship": "Outer",
                                                          "Parallel Aware": true,
                                                          "Async Capable": false,
                                                          "Relation Name": "date_dim",
                                                          "Alias": "date_dim",
                                                          "Startup Cost": 0.0,
                                                          "Total Cost": 2156.97,
                                                          "Plan Rows": 54,
                                                          "Plan Width": 4,
                                                          "Filter": "((d_moy >= 4) AND (d_moy <= 6) AND (d_year = 2003))",
                                                          "parent": 15,
                                                          "ID": 16
                                                        }
                                                      ],
                                                      "parent": 13,
                                                      "ID": 15,
                                                      "left": 16
                                                    }
                                                  ],
                                                  "parent": 12,
                                                  "ID": 13,
                                                  "left": 14,
                                                  "right": 15
                                                }
                                              ],
                                              "parent": 10,
                                              "ID": 12,
                                              "left": 13
                                            }
                                          ],
                                          "parent": 9,
                                          "ID": 10,
                                          "left": 11,
                                          "right": 12
                                        },
                                        {
                                          "Node Type": "Hash",
                                          "Parent Relationship": "Inner",
                                          "Parallel Aware": true,
                                          "Async Capable": false,
                                          "Startup Cost": 6867.29,
                                          "Total Cost": 6867.29,
                                          "Plan Rows": 7753,
                                          "Plan Width": 4,
                                          "Plans": [
                                            {
                                              "Node Type": "Seq Scan",
                                              "Parent Relationship": "Outer",
                                              "Parallel Aware": true,
                                              "Async Capable": false,
                                              "Relation Name": "customer_address",
                                              "Alias": "ca",
                                              "Startup Cost": 0.0,
                                              "Total Cost": 6867.29,
                                              "Plan Rows": 7753,
                                              "Plan Width": 4,
                                              "Filter": "(ca_state = ANY ('{WI,NE,SD}'::bpchar[]))",
                                              "parent": 17,
                                              "ID": 18
                                            }
                                          ],
                                          "parent": 9,
                                          "ID": 17,
                                          "left": 18
                                        }
                                      ],
                                      "parent": 8,
                                      "ID": 9,
                                      "left": 10,
                                      "right": 17
                                    }
                                  ],
                                  "parent": 6,
                                  "ID": 8,
                                  "left": 9
                                }
                              ],
                              "parent": 5,
                              "ID": 6,
                              "left": 7,
                              "right": 8
                            }
                          ],
                          "parent": 4,
                          "ID": 5,
                          "left": 6
                        }
                      ],
                      "parent": 3,
                      "ID": 4,
                      "left": 5
                    },
                    {
                      "Node Type": "Materialize",
                      "Parent Relationship": "Inner",
                      "Parallel Aware": false,
                      "Async Capable": false,
                      "Startup Cost": 3157.65,
                      "Total Cost": 233105.09,
                      "Plan Rows": 8964,
                      "Plan Width": 4,
                      "Plans": [
                        {
                          "Node Type": "Gather",
                          "Parent Relationship": "Outer",
                          "Parallel Aware": false,
                          "Async Capable": false,
                          "Startup Cost": 3157.65,
                          "Total Cost": 233060.27,
                          "Plan Rows": 8964,
                          "Plan Width": 4,
                          "Workers Planned": 2,
                          "Single Copy": false,
                          "Plans": [
                            {
                              "Node Type": "Hash Join",
                              "Parent Relationship": "Outer",
                              "Parallel Aware": true,
                              "Async Capable": false,
                              "Join Type": "Inner",
                              "Startup Cost": 2157.65,
                              "Total Cost": 231163.87,
                              "Plan Rows": 3735,
                              "Plan Width": 4,
                              "Inner Unique": false,
                              "Hash Cond": "(web_sales.ws_sold_date_sk = date_dim_1.d_date_sk)",
                              "Plans": [
                                {
                                  "Node Type": "Seq Scan",
                                  "Parent Relationship": "Outer",
                                  "Parallel Aware": true,
                                  "Async Capable": false,
                                  "Relation Name": "web_sales",
                                  "Alias": "web_sales",
                                  "Startup Cost": 0.0,
                                  "Total Cost": 217737.86,
                                  "Plan Rows": 2998986,
                                  "Plan Width": 8,
                                  "parent": 21,
                                  "ID": 22
                                },
                                {
                                  "Node Type": "Hash",
                                  "Parent Relationship": "Inner",
                                  "Parallel Aware": true,
                                  "Async Capable": false,
                                  "Startup Cost": 2156.97,
                                  "Total Cost": 2156.97,
                                  "Plan Rows": 54,
                                  "Plan Width": 4,
                                  "Plans": [
                                    {
                                      "Node Type": "Seq Scan",
                                      "Parent Relationship": "Outer",
                                      "Parallel Aware": true,
                                      "Async Capable": false,
                                      "Relation Name": "date_dim",
                                      "Alias": "date_dim_1",
                                      "Startup Cost": 0.0,
                                      "Total Cost": 2156.97,
                                      "Plan Rows": 54,
                                      "Plan Width": 4,
                                      "Filter": "((d_moy >= 4) AND (d_moy <= 6) AND (d_year = 2003))",
                                      "parent": 23,
                                      "ID": 24
                                    }
                                  ],
                                  "parent": 21,
                                  "ID": 23,
                                  "left": 24
                                }
                              ],
                              "parent": 20,
                              "ID": 21,
                              "left": 22,
                              "right": 23
                            }
                          ],
                          "parent": 19,
                          "ID": 20,
                          "left": 21
                        }
                      ],
                      "parent": 3,
                      "ID": 19,
                      "left": 20
                    }
                  ],
                  "parent": 2,
                  "ID": 3,
                  "left": 4,
                  "right": 19
                },
                {
                  "Node Type": "Materialize",
                  "Parent Relationship": "Inner",
                  "Parallel Aware": false,
                  "Async Capable": false,
                  "Startup Cost": 2684.49,
                  "Total Cost": 574652.42,
                  "Plan Rows": 17839,
                  "Plan Width": 4,
                  "Plans": [
                    {
                      "Node Type": "Hash Join",
                      "Parent Relationship": "Outer",
                      "Parallel Aware": false,
                      "Async Capable": false,
                      "Join Type": "Inner",
                      "Startup Cost": 2684.49,
                      "Total Cost": 574563.22,
                      "Plan Rows": 17839,
                      "Plan Width": 4,
                      "Inner Unique": false,
                      "Hash Cond": "(catalog_sales.cs_sold_date_sk = date_dim_2.d_date_sk)",
                      "Plans": [
                        {
                          "Node Type": "Seq Scan",
                          "Parent Relationship": "Outer",
                          "Parallel Aware": false,
                          "Async Capable": false,
                          "Relation Name": "catalog_sales",
                          "Alias": "catalog_sales",
                          "Startup Cost": 0.0,
                          "Total Cost": 517695.61,
                          "Plan Rows": 14401261,
                          "Plan Width": 8,
                          "parent": 26,
                          "ID": 27
                        },
                        {
                          "Node Type": "Hash",
                          "Parent Relationship": "Inner",
                          "Parallel Aware": false,
                          "Async Capable": false,
                          "Startup Cost": 2683.36,
                          "Total Cost": 2683.36,
                          "Plan Rows": 91,
                          "Plan Width": 4,
                          "Plans": [
                            {
                              "Node Type": "Seq Scan",
                              "Parent Relationship": "Outer",
                              "Parallel Aware": false,
                              "Async Capable": false,
                              "Relation Name": "date_dim",
                              "Alias": "date_dim_2",
                              "Startup Cost": 0.0,
                              "Total Cost": 2683.36,
                              "Plan Rows": 91,
                              "Plan Width": 4,
                              "Filter": "((d_moy >= 4) AND (d_moy <= 6) AND (d_year = 2003))",
                              "parent": 28,
                              "ID": 29
                            }
                          ],
                          "parent": 26,
                          "ID": 28,
                          "left": 29
                        }
                      ],
                      "parent": 25,
                      "ID": 26,
                      "left": 27,
                      "right": 28
                    }
                  ],
                  "parent": 2,
                  "ID": 25,
                  "left": 26
                }
              ],
              "parent": 1,
              "ID": 2,
              "left": 3,
              "right": 25
            }
          ],
          "parent": 0,
          "ID": 1,
          "left": 2
        }
      ],
      "parent": null,
      "ID": 0,
      "left": 1
    },
    "feat": {
      "utility": 0.0032157580130833595,
      "query_shape": [
        [
          "Seq Scan",
          "Hash Join",
          "Sort",
          "Gather Merge",
          "Nested Loop",
          "Aggregate"
        ],
        [
          "Seq Scan",
          "Hash Join",
          "Hash",
          "Sort",
          "Gather Merge",
          "Nested Loop",
          "Aggregate"
        ],
        [
          "Seq Scan",
          "Hash Join",
          "Hash",
          "Sort",
          "Gather Merge",
          "Nested Loop",
          "Aggregate"
        ],
        [
          "Seq Scan",
          "Hash",
          "Hash Join",
          "Sort",
          "Gather Merge",
          "Nested Loop",
          "Aggregate"
        ],
        [
          "Seq Scan",
          "Hash",
          "Hash Join",
          "Sort",
          "Gather Merge",
          "Nested Loop",
          "Aggregate"
        ],
        [
          "Seq Scan",
          "Hash Join",
          "Gather",
          "Materialize",
          "Nested Loop",
          "Aggregate"
        ],
        [
          "Seq Scan",
          "Hash",
          "Hash Join",
          "Gather",
          "Materialize",
          "Nested Loop",
          "Aggregate"
        ],
        [
          "Seq Scan",
          "Hash Join",
          "Materialize",
          "Nested Loop",
          "Aggregate"
        ],
        [
          "Seq Scan",
          "Hash",
          "Hash Join",
          "Materialize",
          "Nested Loop",
          "Aggregate"
        ]
      ],
      "index_shape": [
        "join"
      ],
      "physical_operator": {
        "Nested Loop": [
          0.010467220305521231
        ]
      }
    }
  }
]