[
  {
    "query": "select  c_last_name\n       ,c_first_name\n       ,ca_city\n       ,bought_city\n       ,ss_ticket_number\n       ,amt,profit \n from\n   (select ss_ticket_number\n          ,ss_customer_sk\n          ,ca_city bought_city\n          ,sum(ss_coupon_amt) amt\n          ,sum(ss_net_profit) profit\n    from store_sales,date_dim,store,household_demographics,customer_address \n    where store_sales.ss_sold_date_sk = date_dim.d_date_sk\n    and store_sales.ss_store_sk = store.s_store_sk  \n    and store_sales.ss_hdemo_sk = household_demographics.hd_demo_sk\n    and store_sales.ss_addr_sk = customer_address.ca_address_sk\n    and (household_demographics.hd_dep_count = 0 or\n         household_demographics.hd_vehicle_count= 4)\n    and date_dim.d_dow in (6,0)\n    and date_dim.d_year in (1999,1999+1,1999+2) \n    and store.s_city in ('Midway','Fairview','Fairview','Midway','Midway') \n    group by ss_ticket_number,ss_customer_sk,ss_addr_sk,ca_city) dn,customer,customer_address current_addr\n    where ss_customer_sk = c_customer_sk\n      and customer.c_current_addr_sk = current_addr.ca_address_sk\n      and current_addr.ca_city <> bought_city\n  order by c_last_name\n          ,c_first_name\n          ,ca_city\n          ,bought_city\n          ,ss_ticket_number\n  limit 100;\n\n-- end query 31 in stream 3 using template query46.tpl\n",
    "indexes": "customer.c_customer_sk",
    "wo plan est": {
      "Node Type": "Limit",
      "Parallel Aware": false,
      "Async Capable": false,
      "Startup Cost": 742674.58,
      "Total Cost": 742674.83,
      "Plan Rows": 100,
      "Plan Width": 138,
      "Plans": [
        {
          "Node Type": "Sort",
          "Parent Relationship": "Outer",
          "Parallel Aware": false,
          "Async Capable": false,
          "Startup Cost": 742674.58,
          "Total Cost": 742719.28,
          "Plan Rows": 17880,
          "Plan Width": 138,
          "Sort Key": [
            "customer.c_last_name",
            "customer.c_first_name",
            "current_addr.ca_city",
            "dn.bought_city",
            "dn.ss_ticket_number"
          ],
          "Plans": [
            {
              "Node Type": "Hash Join",
              "Parent Relationship": "Outer",
              "Parallel Aware": false,
              "Async Capable": false,
              "Join Type": "Inner",
              "Startup Cost": 732894.87,
              "Total Cost": 741991.22,
              "Plan Rows": 17880,
              "Plan Width": 138,
              "Inner Unique": false,
              "Hash Cond": "(current_addr.ca_address_sk = customer.c_current_addr_sk)",
              "Join Filter": "((current_addr.ca_city)::text <> (dn.bought_city)::text)",
              "Plans": [
                {
                  "Node Type": "Seq Scan",
                  "Parent Relationship": "Outer",
                  "Parallel Aware": false,
                  "Async Capable": false,
                  "Relation Name": "customer_address",
                  "Alias": "current_addr",
                  "Startup Cost": 0.0,
                  "Total Cost": 7935.0,
                  "Plan Rows": 250000,
                  "Plan Width": 13,
                  "parent": 2,
                  "ID": 3
                },
                {
                  "Node Type": "Hash",
                  "Parent Relationship": "Inner",
                  "Parallel Aware": false,
                  "Async Capable": false,
                  "Startup Cost": 732671.02,
                  "Total Cost": 732671.02,
                  "Plan Rows": 17908,
                  "Plan Width": 133,
                  "Plans": [
                    {
                      "Node Type": "Hash Join",
                      "Parent Relationship": "Outer",
                      "Parallel Aware": false,
                      "Async Capable": false,
                      "Join Type": "Inner",
                      "Startup Cost": 723851.49,
                      "Total Cost": 732671.02,
                      "Plan Rows": 17908,
                      "Plan Width": 133,
                      "Inner Unique": false,
                      "Hash Cond": "(dn.ss_customer_sk = customer.c_customer_sk)",
                      "Plans": [
                        {
                          "Node Type": "Subquery Scan",
                          "Parent Relationship": "Outer",
                          "Parallel Aware": false,
                          "Async Capable": false,
                          "Alias": "dn",
                          "Startup Cost": 693394.49,
                          "Total Cost": 696105.78,
                          "Plan Rows": 17908,
                          "Plan Width": 81,
                          "Plans": [
                            {
                              "Node Type": "Aggregate",
                              "Strategy": "Sorted",
                              "Partial Mode": "Finalize",
                              "Parent Relationship": "Subquery",
                              "Parallel Aware": false,
                              "Async Capable": false,
                              "Startup Cost": 693394.49,
                              "Total Cost": 695926.7,
                              "Plan Rows": 17908,
                              "Plan Width": 85,
                              "Group Key": [
                                "store_sales.ss_ticket_number",
                                "store_sales.ss_customer_sk",
                                "store_sales.ss_addr_sk",
                                "customer_address.ca_city"
                              ],
                              "Plans": [
                                {
                                  "Node Type": "Gather Merge",
                                  "Parent Relationship": "Outer",
                                  "Parallel Aware": false,
                                  "Async Capable": false,
                                  "Startup Cost": 693394.49,
                                  "Total Cost": 695359.6,
                                  "Plan Rows": 14924,
                                  "Plan Width": 85,
                                  "Workers Planned": 2,
                                  "Plans": [
                                    {
                                      "Node Type": "Aggregate",
                                      "Strategy": "Sorted",
                                      "Partial Mode": "Partial",
                                      "Parent Relationship": "Outer",
                                      "Parallel Aware": false,
                                      "Async Capable": false,
                                      "Startup Cost": 692394.47,
                                      "Total Cost": 692636.98,
                                      "Plan Rows": 7462,
                                      "Plan Width": 85,
                                      "Group Key": [
                                        "store_sales.ss_ticket_number",
                                        "store_sales.ss_customer_sk",
                                        "store_sales.ss_addr_sk",
                                        "customer_address.ca_city"
                                      ],
                                      "Plans": [
                                        {
                                          "Node Type": "Sort",
                                          "Parent Relationship": "Outer",
                                          "Parallel Aware": false,
                                          "Async Capable": false,
                                          "Startup Cost": 692394.47,
                                          "Total Cost": 692413.12,
                                          "Plan Rows": 7462,
                                          "Plan Width": 30,
                                          "Sort Key": [
                                            "store_sales.ss_ticket_number",
                                            "store_sales.ss_customer_sk",
                                            "store_sales.ss_addr_sk",
                                            "customer_address.ca_city"
                                          ],
                                          "Plans": [
                                            {
                                              "Node Type": "Hash Join",
                                              "Parent Relationship": "Outer",
                                              "Parallel Aware": true,
                                              "Async Capable": false,
                                              "Join Type": "Inner",
                                              "Startup Cost": 685016.08,
                                              "Total Cost": 691914.46,
                                              "Plan Rows": 7462,
                                              "Plan Width": 30,
                                              "Inner Unique": false,
                                              "Hash Cond": "(customer_address.ca_address_sk = store_sales.ss_addr_sk)",
                                              "Plans": [
                                                {
                                                  "Node Type": "Seq Scan",
                                                  "Parent Relationship": "Outer",
                                                  "Parallel Aware": true,
                                                  "Async Capable": false,
                                                  "Relation Name": "customer_address",
                                                  "Alias": "customer_address",
                                                  "Startup Cost": 0.0,
                                                  "Total Cost": 6476.67,
                                                  "Plan Rows": 104167,
                                                  "Plan Width": 13,
                                                  "parent": 11,
                                                  "ID": 12
                                                },
                                                {
                                                  "Node Type": "Hash",
                                                  "Parent Relationship": "Inner",
                                                  "Parallel Aware": true,
                                                  "Async Capable": false,
                                                  "Startup Cost": 684918.45,
                                                  "Total Cost": 684918.45,
                                                  "Plan Rows": 7810,
                                                  "Plan Width": 21,
                                                  "Plans": [
                                                    {
                                                      "Node Type": "Hash Join",
                                                      "Parent Relationship": "Outer",
                                                      "Parallel Aware": false,
                                                      "Async Capable": false,
                                                      "Join Type": "Inner",
                                                      "Startup Cost": 2296.59,
                                                      "Total Cost": 684918.45,
                                                      "Plan Rows": 7810,
                                                      "Plan Width": 21,
                                                      "Inner Unique": false,
                                                      "Hash Cond": "(store_sales.ss_store_sk = store.s_store_sk)",
                                                      "Plans": [
                                                        {
                                                          "Node Type": "Hash Join",
                                                          "Parent Relationship": "Outer",
                                                          "Parallel Aware": false,
                                                          "Async Capable": false,
                                                          "Join Type": "Inner",
                                                          "Startup Cost": 2289.04,
                                                          "Total Cost": 684789.32,
                                                          "Plan Rows": 11593,
                                                          "Plan Width": 25,
                                                          "Inner Unique": false,
                                                          "Hash Cond": "(store_sales.ss_hdemo_sk = household_demographics.hd_demo_sk)",
                                                          "Plans": [
                                                            {
                                                              "Node Type": "Hash Join",
                                                              "Parent Relationship": "Outer",
                                                              "Parallel Aware": true,
                                                              "Async Capable": false,
                                                              "Join Type": "Inner",
                                                              "Startup Cost": 2105.54,
                                                              "Total Cost": 684307.63,
                                                              "Plan Rows": 48602,
                                                              "Plan Width": 29,
                                                              "Inner Unique": false,
                                                              "Hash Cond": "(store_sales.ss_sold_date_sk = date_dim.d_date_sk)",
                                                              "Plans": [
                                                                {
                                                                  "Node Type": "Seq Scan",
                                                                  "Parent Relationship": "Outer",
                                                                  "Parallel Aware": true,
                                                                  "Async Capable": false,
                                                                  "Relation Name": "store_sales",
                                                                  "Alias": "store_sales",
                                                                  "Startup Cost": 0.0,
                                                                  "Total Cost": 636914.37,
                                                                  "Plan Rows": 12000637,
                                                                  "Plan Width": 33,
                                                                  "parent": 16,
                                                                  "ID": 17
                                                                },
                                                                {
                                                                  "Node Type": "Hash",
                                                                  "Parent Relationship": "Inner",
                                                                  "Parallel Aware": true,
                                                                  "Async Capable": false,
                                                                  "Startup Cost": 2103.26,
                                                                  "Total Cost": 2103.26,
                                                                  "Plan Rows": 182,
                                                                  "Plan Width": 4,
                                                                  "Plans": [
                                                                    {
                                                                      "Node Type": "Seq Scan",
                                                                      "Parent Relationship": "Outer",
                                                                      "Parallel Aware": true,
                                                                      "Async Capable": false,
                                                                      "Relation Name": "date_dim",
                                                                      "Alias": "date_dim",
                                                                      "Startup Cost": 0.0,
                                                                      "Total Cost": 2103.26,
                                                                      "Plan Rows": 182,
                                                                      "Plan Width": 4,
                                                                      "Filter": "((d_dow = ANY ('{6,0}'::integer[])) AND (d_year = ANY ('{1999,2000,2001}'::integer[])))",
                                                                      "parent": 18,
                                                                      "ID": 19
                                                                    }
                                                                  ],
                                                                  "parent": 16,
                                                                  "ID": 18,
                                                                  "left": 19
                                                                }
                                                              ],
                                                              "parent": 15,
                                                              "ID": 16,
                                                              "left": 17,
                                                              "right": 18
                                                            },
                                                            {
                                                              "Node Type": "Hash",
                                                              "Parent Relationship": "Inner",
                                                              "Parallel Aware": false,
                                                              "Async Capable": false,
                                                              "Startup Cost": 161.0,
                                                              "Total Cost": 161.0,
                                                              "Plan Rows": 1800,
                                                              "Plan Width": 4,
                                                              "Plans": [
                                                                {
                                                                  "Node Type": "Seq Scan",
                                                                  "Parent Relationship": "Outer",
                                                                  "Parallel Aware": false,
                                                                  "Async Capable": false,
                                                                  "Relation Name": "household_demographics",
                                                                  "Alias": "household_demographics",
                                                                  "Startup Cost": 0.0,
                                                                  "Total Cost": 161.0,
                                                                  "Plan Rows": 1800,
                                                                  "Plan Width": 4,
                                                                  "Filter": "((hd_dep_count = 0) OR (hd_vehicle_count = 4))",
                                                                  "parent": 20,
                                                                  "ID": 21
                                                                }
                                                              ],
                                                              "parent": 15,
                                                              "ID": 20,
                                                              "left": 21
                                                            }
                                                          ],
                                                          "parent": 14,
                                                          "ID": 15,
                                                          "left": 16,
                                                          "right": 20
                                                        },
                                                        {
                                                          "Node Type": "Hash",
                                                          "Parent Relationship": "Inner",
                                                          "Parallel Aware": false,
                                                          "Async Capable": false,
                                                          "Startup Cost": 6.66,
                                                          "Total Cost": 6.66,
                                                          "Plan Rows": 72,
                                                          "Plan Width": 4,
                                                          "Plans": [
                                                            {
                                                              "Node Type": "Seq Scan",
                                                              "Parent Relationship": "Outer",
                                                              "Parallel Aware": false,
                                                              "Async Capable": false,
                                                              "Relation Name": "store",
                                                              "Alias": "store",
                                                              "Startup Cost": 0.0,
                                                              "Total Cost": 6.66,
                                                              "Plan Rows": 72,
                                                              "Plan Width": 4,
                                                              "Filter": "((s_city)::text = ANY ('{Midway,Fairview,Fairview,Midway,Midway}'::text[]))",
                                                              "parent": 22,
                                                              "ID": 23
                                                            }
                                                          ],
                                                          "parent": 14,
                                                          "ID": 22,
                                                          "left": 23
                                                        }
                                                      ],
                                                      "parent": 13,
                                                      "ID": 14,
                                                      "left": 15,
                                                      "right": 22
                                                    }
                                                  ],
                                                  "parent": 11,
                                                  "ID": 13,
                                                  "left": 14
                                                }
                                              ],
                                              "parent": 10,
                                              "ID": 11,
                                              "left": 12,
                                              "right": 13
                                            }
                                          ],
                                          "parent": 9,
                                          "ID": 10,
                                          "left": 11
                                        }
                                      ],
                                      "parent": 8,
                                      "ID": 9,
                                      "left": 10
                                    }
                                  ],
                                  "parent": 7,
                                  "ID": 8,
                                  "left": 9
                                }
                              ],
                              "parent": 6,
                              "ID": 7,
                              "left": 8
                            }
                          ],
                          "parent": 5,
                          "ID": 6,
                          "left": 7
                        },
                        {
                          "Node Type": "Hash",
                          "Parent Relationship": "Inner",
                          "Parallel Aware": false,
                          "Async Capable": false,
                          "Startup Cost": 18835.0,
                          "Total Cost": 18835.0,
                          "Plan Rows": 500000,
                          "Plan Width": 60,
                          "Plans": [
                            {
                              "Node Type": "Seq Scan",
                              "Parent Relationship": "Outer",
                              "Parallel Aware": false,
                              "Async Capable": false,
                              "Relation Name": "customer",
                              "Alias": "customer",
                              "Startup Cost": 0.0,
                              "Total Cost": 18835.0,
                              "Plan Rows": 500000,
                              "Plan Width": 60,
                              "parent": 24,
                              "ID": 25
                            }
                          ],
                          "parent": 5,
                          "ID": 24,
                          "left": 25
                        }
                      ],
                      "parent": 4,
                      "ID": 5,
                      "left": 6,
                      "right": 24
                    }
                  ],
                  "parent": 2,
                  "ID": 4,
                  "left": 5
                }
              ],
              "parent": 1,
              "ID": 2,
              "left": 3,
              "right": 4
            }
          ],
          "parent": 0,
          "ID": 1,
          "left": 2
        }
      ],
      "parent": null,
      "ID": 0,
      "left": 1
    },
    "feat": {
      "utility": 0.02532516591083705,
      "query_shape": [
        [
          "Seq Scan",
          "Hash Join",
          "Sort"
        ],
        [
          "Seq Scan",
          "Hash Join",
          "Sort",
          "Aggregate",
          "Gather Merge",
          "Subquery Scan",
          "Hash"
        ],
        [
          "Seq Scan",
          "Hash Join",
          "Hash",
          "Sort",
          "Aggregate",
          "Gather Merge",
          "Subquery Scan"
        ],
        [
          "Seq Scan",
          "Hash",
          "Hash Join",
          "Sort",
          "Aggregate",
          "Gather Merge",
          "Subquery Scan"
        ],
        [
          "Seq Scan",
          "Hash",
          "Hash Join",
          "Sort",
          "Aggregate",
          "Gather Merge",
          "Subquery Scan"
        ],
        [
          "Seq Scan",
          "Hash",
          "Hash Join",
          "Sort",
          "Aggregate",
          "Gather Merge",
          "Subquery Scan"
        ],
        [
          "Seq Scan",
          "Hash",
          "Hash Join",
          "Sort"
        ]
      ],
      "index_shape": [
        "join"
      ],
      "physical_operator": {
        "Hash Join": [
          0.001414213562373095
        ]
      }
    }
  },
  {
    "query": "select  c_last_name\n       ,c_first_name\n       ,ca_city\n       ,bought_city\n       ,ss_ticket_number\n       ,amt,profit \n from\n   (select ss_ticket_number\n          ,ss_customer_sk\n          ,ca_city bought_city\n          ,sum(ss_coupon_amt) amt\n          ,sum(ss_net_profit) profit\n    from store_sales,date_dim,store,household_demographics,customer_address \n    where store_sales.ss_sold_date_sk = date_dim.d_date_sk\n    and store_sales.ss_store_sk = store.s_store_sk  \n    and store_sales.ss_hdemo_sk = household_demographics.hd_demo_sk\n    and store_sales.ss_addr_sk = customer_address.ca_address_sk\n    and (household_demographics.hd_dep_count = 0 or\n         household_demographics.hd_vehicle_count= 4)\n    and date_dim.d_dow in (6,0)\n    and date_dim.d_year in (1999,1999+1,1999+2) \n    and store.s_city in ('Midway','Fairview','Fairview','Midway','Midway') \n    group by ss_ticket_number,ss_customer_sk,ss_addr_sk,ca_city) dn,customer,customer_address current_addr\n    where ss_customer_sk = c_customer_sk\n      and customer.c_current_addr_sk = current_addr.ca_address_sk\n      and current_addr.ca_city <> bought_city\n  order by c_last_name\n          ,c_first_name\n          ,ca_city\n          ,bought_city\n          ,ss_ticket_number\n  limit 100;\n\n-- end query 31 in stream 3 using template query46.tpl\n",
    "indexes": "customer.c_current_addr_sk",
    "wo plan est": {
      "Node Type": "Limit",
      "Parallel Aware": false,
      "Async Capable": false,
      "Startup Cost": 742674.58,
      "Total Cost": 742674.83,
      "Plan Rows": 100,
      "Plan Width": 138,
      "Plans": [
        {
          "Node Type": "Sort",
          "Parent Relationship": "Outer",
          "Parallel Aware": false,
          "Async Capable": false,
          "Startup Cost": 742674.58,
          "Total Cost": 742719.28,
          "Plan Rows": 17880,
          "Plan Width": 138,
          "Sort Key": [
            "customer.c_last_name",
            "customer.c_first_name",
            "current_addr.ca_city",
            "dn.bought_city",
            "dn.ss_ticket_number"
          ],
          "Plans": [
            {
              "Node Type": "Hash Join",
              "Parent Relationship": "Outer",
              "Parallel Aware": false,
              "Async Capable": false,
              "Join Type": "Inner",
              "Startup Cost": 732894.87,
              "Total Cost": 741991.22,
              "Plan Rows": 17880,
              "Plan Width": 138,
              "Inner Unique": false,
              "Hash Cond": "(current_addr.ca_address_sk = customer.c_current_addr_sk)",
              "Join Filter": "((current_addr.ca_city)::text <> (dn.bought_city)::text)",
              "Plans": [
                {
                  "Node Type": "Seq Scan",
                  "Parent Relationship": "Outer",
                  "Parallel Aware": false,
                  "Async Capable": false,
                  "Relation Name": "customer_address",
                  "Alias": "current_addr",
                  "Startup Cost": 0.0,
                  "Total Cost": 7935.0,
                  "Plan Rows": 250000,
                  "Plan Width": 13,
                  "parent": 2,
                  "ID": 3
                },
                {
                  "Node Type": "Hash",
                  "Parent Relationship": "Inner",
                  "Parallel Aware": false,
                  "Async Capable": false,
                  "Startup Cost": 732671.02,
                  "Total Cost": 732671.02,
                  "Plan Rows": 17908,
                  "Plan Width": 133,
                  "Plans": [
                    {
                      "Node Type": "Hash Join",
                      "Parent Relationship": "Outer",
                      "Parallel Aware": false,
                      "Async Capable": false,
                      "Join Type": "Inner",
                      "Startup Cost": 723851.49,
                      "Total Cost": 732671.02,
                      "Plan Rows": 17908,
                      "Plan Width": 133,
                      "Inner Unique": false,
                      "Hash Cond": "(dn.ss_customer_sk = customer.c_customer_sk)",
                      "Plans": [
                        {
                          "Node Type": "Subquery Scan",
                          "Parent Relationship": "Outer",
                          "Parallel Aware": false,
                          "Async Capable": false,
                          "Alias": "dn",
                          "Startup Cost": 693394.49,
                          "Total Cost": 696105.78,
                          "Plan Rows": 17908,
                          "Plan Width": 81,
                          "Plans": [
                            {
                              "Node Type": "Aggregate",
                              "Strategy": "Sorted",
                              "Partial Mode": "Finalize",
                              "Parent Relationship": "Subquery",
                              "Parallel Aware": false,
                              "Async Capable": false,
                              "Startup Cost": 693394.49,
                              "Total Cost": 695926.7,
                              "Plan Rows": 17908,
                              "Plan Width": 85,
                              "Group Key": [
                                "store_sales.ss_ticket_number",
                                "store_sales.ss_customer_sk",
                                "store_sales.ss_addr_sk",
                                "customer_address.ca_city"
                              ],
                              "Plans": [
                                {
                                  "Node Type": "Gather Merge",
                                  "Parent Relationship": "Outer",
                                  "Parallel Aware": false,
                                  "Async Capable": false,
                                  "Startup Cost": 693394.49,
                                  "Total Cost": 695359.6,
                                  "Plan Rows": 14924,
                                  "Plan Width": 85,
                                  "Workers Planned": 2,
                                  "Plans": [
                                    {
                                      "Node Type": "Aggregate",
                                      "Strategy": "Sorted",
                                      "Partial Mode": "Partial",
                                      "Parent Relationship": "Outer",
                                      "Parallel Aware": false,
                                      "Async Capable": false,
                                      "Startup Cost": 692394.47,
                                      "Total Cost": 692636.98,
                                      "Plan Rows": 7462,
                                      "Plan Width": 85,
                                      "Group Key": [
                                        "store_sales.ss_ticket_number",
                                        "store_sales.ss_customer_sk",
                                        "store_sales.ss_addr_sk",
                                        "customer_address.ca_city"
                                      ],
                                      "Plans": [
                                        {
                                          "Node Type": "Sort",
                                          "Parent Relationship": "Outer",
                                          "Parallel Aware": false,
                                          "Async Capable": false,
                                          "Startup Cost": 692394.47,
                                          "Total Cost": 692413.12,
                                          "Plan Rows": 7462,
                                          "Plan Width": 30,
                                          "Sort Key": [
                                            "store_sales.ss_ticket_number",
                                            "store_sales.ss_customer_sk",
                                            "store_sales.ss_addr_sk",
                                            "customer_address.ca_city"
                                          ],
                                          "Plans": [
                                            {
                                              "Node Type": "Hash Join",
                                              "Parent Relationship": "Outer",
                                              "Parallel Aware": true,
                                              "Async Capable": false,
                                              "Join Type": "Inner",
                                              "Startup Cost": 685016.08,
                                              "Total Cost": 691914.46,
                                              "Plan Rows": 7462,
                                              "Plan Width": 30,
                                              "Inner Unique": false,
                                              "Hash Cond": "(customer_address.ca_address_sk = store_sales.ss_addr_sk)",
                                              "Plans": [
                                                {
                                                  "Node Type": "Seq Scan",
                                                  "Parent Relationship": "Outer",
                                                  "Parallel Aware": true,
                                                  "Async Capable": false,
                                                  "Relation Name": "customer_address",
                                                  "Alias": "customer_address",
                                                  "Startup Cost": 0.0,
                                                  "Total Cost": 6476.67,
                                                  "Plan Rows": 104167,
                                                  "Plan Width": 13,
                                                  "parent": 11,
                                                  "ID": 12
                                                },
                                                {
                                                  "Node Type": "Hash",
                                                  "Parent Relationship": "Inner",
                                                  "Parallel Aware": true,
                                                  "Async Capable": false,
                                                  "Startup Cost": 684918.45,
                                                  "Total Cost": 684918.45,
                                                  "Plan Rows": 7810,
                                                  "Plan Width": 21,
                                                  "Plans": [
                                                    {
                                                      "Node Type": "Hash Join",
                                                      "Parent Relationship": "Outer",
                                                      "Parallel Aware": false,
                                                      "Async Capable": false,
                                                      "Join Type": "Inner",
                                                      "Startup Cost": 2296.59,
                                                      "Total Cost": 684918.45,
                                                      "Plan Rows": 7810,
                                                      "Plan Width": 21,
                                                      "Inner Unique": false,
                                                      "Hash Cond": "(store_sales.ss_store_sk = store.s_store_sk)",
                                                      "Plans": [
                                                        {
                                                          "Node Type": "Hash Join",
                                                          "Parent Relationship": "Outer",
                                                          "Parallel Aware": false,
                                                          "Async Capable": false,
                                                          "Join Type": "Inner",
                                                          "Startup Cost": 2289.04,
                                                          "Total Cost": 684789.32,
                                                          "Plan Rows": 11593,
                                                          "Plan Width": 25,
                                                          "Inner Unique": false,
                                                          "Hash Cond": "(store_sales.ss_hdemo_sk = household_demographics.hd_demo_sk)",
                                                          "Plans": [
                                                            {
                                                              "Node Type": "Hash Join",
                                                              "Parent Relationship": "Outer",
                                                              "Parallel Aware": true,
                                                              "Async Capable": false,
                                                              "Join Type": "Inner",
                                                              "Startup Cost": 2105.54,
                                                              "Total Cost": 684307.63,
                                                              "Plan Rows": 48602,
                                                              "Plan Width": 29,
                                                              "Inner Unique": false,
                                                              "Hash Cond": "(store_sales.ss_sold_date_sk = date_dim.d_date_sk)",
                                                              "Plans": [
                                                                {
                                                                  "Node Type": "Seq Scan",
                                                                  "Parent Relationship": "Outer",
                                                                  "Parallel Aware": true,
                                                                  "Async Capable": false,
                                                                  "Relation Name": "store_sales",
                                                                  "Alias": "store_sales",
                                                                  "Startup Cost": 0.0,
                                                                  "Total Cost": 636914.37,
                                                                  "Plan Rows": 12000637,
                                                                  "Plan Width": 33,
                                                                  "parent": 16,
                                                                  "ID": 17
                                                                },
                                                                {
                                                                  "Node Type": "Hash",
                                                                  "Parent Relationship": "Inner",
                                                                  "Parallel Aware": true,
                                                                  "Async Capable": false,
                                                                  "Startup Cost": 2103.26,
                                                                  "Total Cost": 2103.26,
                                                                  "Plan Rows": 182,
                                                                  "Plan Width": 4,
                                                                  "Plans": [
                                                                    {
                                                                      "Node Type": "Seq Scan",
                                                                      "Parent Relationship": "Outer",
                                                                      "Parallel Aware": true,
                                                                      "Async Capable": false,
                                                                      "Relation Name": "date_dim",
                                                                      "Alias": "date_dim",
                                                                      "Startup Cost": 0.0,
                                                                      "Total Cost": 2103.26,
                                                                      "Plan Rows": 182,
                                                                      "Plan Width": 4,
                                                                      "Filter": "((d_dow = ANY ('{6,0}'::integer[])) AND (d_year = ANY ('{1999,2000,2001}'::integer[])))",
                                                                      "parent": 18,
                                                                      "ID": 19
                                                                    }
                                                                  ],
                                                                  "parent": 16,
                                                                  "ID": 18,
                                                                  "left": 19
                                                                }
                                                              ],
                                                              "parent": 15,
                                                              "ID": 16,
                                                              "left": 17,
                                                              "right": 18
                                                            },
                                                            {
                                                              "Node Type": "Hash",
                                                              "Parent Relationship": "Inner",
                                                              "Parallel Aware": false,
                                                              "Async Capable": false,
                                                              "Startup Cost": 161.0,
                                                              "Total Cost": 161.0,
                                                              "Plan Rows": 1800,
                                                              "Plan Width": 4,
                                                              "Plans": [
                                                                {
                                                                  "Node Type": "Seq Scan",
                                                                  "Parent Relationship": "Outer",
                                                                  "Parallel Aware": false,
                                                                  "Async Capable": false,
                                                                  "Relation Name": "household_demographics",
                                                                  "Alias": "household_demographics",
                                                                  "Startup Cost": 0.0,
                                                                  "Total Cost": 161.0,
                                                                  "Plan Rows": 1800,
                                                                  "Plan Width": 4,
                                                                  "Filter": "((hd_dep_count = 0) OR (hd_vehicle_count = 4))",
                                                                  "parent": 20,
                                                                  "ID": 21
                                                                }
                                                              ],
                                                              "parent": 15,
                                                              "ID": 20,
                                                              "left": 21
                                                            }
                                                          ],
                                                          "parent": 14,
                                                          "ID": 15,
                                                          "left": 16,
                                                          "right": 20
                                                        },
                                                        {
                                                          "Node Type": "Hash",
                                                          "Parent Relationship": "Inner",
                                                          "Parallel Aware": false,
                                                          "Async Capable": false,
                                                          "Startup Cost": 6.66,
                                                          "Total Cost": 6.66,
                                                          "Plan Rows": 72,
                                                          "Plan Width": 4,
                                                          "Plans": [
                                                            {
                                                              "Node Type": "Seq Scan",
                                                              "Parent Relationship": "Outer",
                                                              "Parallel Aware": false,
                                                              "Async Capable": false,
                                                              "Relation Name": "store",
                                                              "Alias": "store",
                                                              "Startup Cost": 0.0,
                                                              "Total Cost": 6.66,
                                                              "Plan Rows": 72,
                                                              "Plan Width": 4,
                                                              "Filter": "((s_city)::text = ANY ('{Midway,Fairview,Fairview,Midway,Midway}'::text[]))",
                                                              "parent": 22,
                                                              "ID": 23
                                                            }
                                                          ],
                                                          "parent": 14,
                                                          "ID": 22,
                                                          "left": 23
                                                        }
                                                      ],
                                                      "parent": 13,
                                                      "ID": 14,
                                                      "left": 15,
                                                      "right": 22
                                                    }
                                                  ],
                                                  "parent": 11,
                                                  "ID": 13,
                                                  "left": 14
                                                }
                                              ],
                                              "parent": 10,
                                              "ID": 11,
                                              "left": 12,
                                              "right": 13
                                            }
                                          ],
                                          "parent": 9,
                                          "ID": 10,
                                          "left": 11
                                        }
                                      ],
                                      "parent": 8,
                                      "ID": 9,
                                      "left": 10
                                    }
                                  ],
                                  "parent": 7,
                                  "ID": 8,
                                  "left": 9
                                }
                              ],
                              "parent": 6,
                              "ID": 7,
                              "left": 8
                            }
                          ],
                          "parent": 5,
                          "ID": 6,
                          "left": 7
                        },
                        {
                          "Node Type": "Hash",
                          "Parent Relationship": "Inner",
                          "Parallel Aware": false,
                          "Async Capable": false,
                          "Startup Cost": 18835.0,
                          "Total Cost": 18835.0,
                          "Plan Rows": 500000,
                          "Plan Width": 60,
                          "Plans": [
                            {
                              "Node Type": "Seq Scan",
                              "Parent Relationship": "Outer",
                              "Parallel Aware": false,
                              "Async Capable": false,
                              "Relation Name": "customer",
                              "Alias": "customer",
                              "Startup Cost": 0.0,
                              "Total Cost": 18835.0,
                              "Plan Rows": 500000,
                              "Plan Width": 60,
                              "parent": 24,
                              "ID": 25
                            }
                          ],
                          "parent": 5,
                          "ID": 24,
                          "left": 25
                        }
                      ],
                      "parent": 4,
                      "ID": 5,
                      "left": 6,
                      "right": 24
                    }
                  ],
                  "parent": 2,
                  "ID": 4,
                  "left": 5
                }
              ],
              "parent": 1,
              "ID": 2,
              "left": 3,
              "right": 4
            }
          ],
          "parent": 0,
          "ID": 1,
          "left": 2
        }
      ],
      "parent": null,
      "ID": 0,
      "left": 1
    },
    "feat": {
      "utility": 0.02531034943102687,
      "query_shape": [
        [
          "Seq Scan",
          "Hash Join",
          "Sort"
        ],
        [
          "Seq Scan",
          "Hash Join",
          "Sort",
          "Aggregate",
          "Gather Merge",
          "Subquery Scan",
          "Hash"
        ],
        [
          "Seq Scan",
          "Hash Join",
          "Hash",
          "Sort",
          "Aggregate",
          "Gather Merge",
          "Subquery Scan"
        ],
        [
          "Seq Scan",
          "Hash",
          "Hash Join",
          "Sort",
          "Aggregate",
          "Gather Merge",
          "Subquery Scan"
        ],
        [
          "Seq Scan",
          "Hash",
          "Hash Join",
          "Sort",
          "Aggregate",
          "Gather Merge",
          "Subquery Scan"
        ],
        [
          "Seq Scan",
          "Hash",
          "Hash Join",
          "Sort",
          "Aggregate",
          "Gather Merge",
          "Subquery Scan"
        ],
        [
          "Seq Scan",
          "Hash",
          "Hash Join",
          "Sort"
        ]
      ],
      "index_shape": [
        "join"
      ],
      "physical_operator": {
        "Hash Join": [
          0.0019984358413338245
        ]
      }
    }
  },
  {
    "query": "select  c_last_name\n       ,c_first_name\n       ,ca_city\n       ,bought_city\n       ,ss_ticket_number\n       ,amt,profit \n from\n   (select ss_ticket_number\n          ,ss_customer_sk\n          ,ca_city bought_city\n          ,sum(ss_coupon_amt) amt\n          ,sum(ss_net_profit) profit\n    from store_sales,date_dim,store,household_demographics,customer_address \n    where store_sales.ss_sold_date_sk = date_dim.d_date_sk\n    and store_sales.ss_store_sk = store.s_store_sk  \n    and store_sales.ss_hdemo_sk = household_demographics.hd_demo_sk\n    and store_sales.ss_addr_sk = customer_address.ca_address_sk\n    and (household_demographics.hd_dep_count = 0 or\n         household_demographics.hd_vehicle_count= 4)\n    and date_dim.d_dow in (6,0)\n    and date_dim.d_year in (1999,1999+1,1999+2) \n    and store.s_city in ('Midway','Fairview','Fairview','Midway','Midway') \n    group by ss_ticket_number,ss_customer_sk,ss_addr_sk,ca_city) dn,customer,customer_address current_addr\n    where ss_customer_sk = c_customer_sk\n      and customer.c_current_addr_sk = current_addr.ca_address_sk\n      and current_addr.ca_city <> bought_city\n  order by c_last_name\n          ,c_first_name\n          ,ca_city\n          ,bought_city\n          ,ss_ticket_number\n  limit 100;\n\n-- end query 31 in stream 3 using template query46.tpl\n",
    "indexes": "customer.c_last_name",
    "wo plan est": {
      "Node Type": "Limit",
      "Parallel Aware": false,
      "Async Capable": false,
      "Startup Cost": 742674.58,
      "Total Cost": 742674.83,
      "Plan Rows": 100,
      "Plan Width": 138,
      "Plans": [
        {
          "Node Type": "Sort",
          "Parent Relationship": "Outer",
          "Parallel Aware": false,
          "Async Capable": false,
          "Startup Cost": 742674.58,
          "Total Cost": 742719.28,
          "Plan Rows": 17880,
          "Plan Width": 138,
          "Sort Key": [
            "customer.c_last_name",
            "customer.c_first_name",
            "current_addr.ca_city",
            "dn.bought_city",
            "dn.ss_ticket_number"
          ],
          "Plans": [
            {
              "Node Type": "Hash Join",
              "Parent Relationship": "Outer",
              "Parallel Aware": false,
              "Async Capable": false,
              "Join Type": "Inner",
              "Startup Cost": 732894.87,
              "Total Cost": 741991.22,
              "Plan Rows": 17880,
              "Plan Width": 138,
              "Inner Unique": false,
              "Hash Cond": "(current_addr.ca_address_sk = customer.c_current_addr_sk)",
              "Join Filter": "((current_addr.ca_city)::text <> (dn.bought_city)::text)",
              "Plans": [
                {
                  "Node Type": "Seq Scan",
                  "Parent Relationship": "Outer",
                  "Parallel Aware": false,
                  "Async Capable": false,
                  "Relation Name": "customer_address",
                  "Alias": "current_addr",
                  "Startup Cost": 0.0,
                  "Total Cost": 7935.0,
                  "Plan Rows": 250000,
                  "Plan Width": 13,
                  "parent": 2,
                  "ID": 3
                },
                {
                  "Node Type": "Hash",
                  "Parent Relationship": "Inner",
                  "Parallel Aware": false,
                  "Async Capable": false,
                  "Startup Cost": 732671.02,
                  "Total Cost": 732671.02,
                  "Plan Rows": 17908,
                  "Plan Width": 133,
                  "Plans": [
                    {
                      "Node Type": "Hash Join",
                      "Parent Relationship": "Outer",
                      "Parallel Aware": false,
                      "Async Capable": false,
                      "Join Type": "Inner",
                      "Startup Cost": 723851.49,
                      "Total Cost": 732671.02,
                      "Plan Rows": 17908,
                      "Plan Width": 133,
                      "Inner Unique": false,
                      "Hash Cond": "(dn.ss_customer_sk = customer.c_customer_sk)",
                      "Plans": [
                        {
                          "Node Type": "Subquery Scan",
                          "Parent Relationship": "Outer",
                          "Parallel Aware": false,
                          "Async Capable": false,
                          "Alias": "dn",
                          "Startup Cost": 693394.49,
                          "Total Cost": 696105.78,
                          "Plan Rows": 17908,
                          "Plan Width": 81,
                          "Plans": [
                            {
                              "Node Type": "Aggregate",
                              "Strategy": "Sorted",
                              "Partial Mode": "Finalize",
                              "Parent Relationship": "Subquery",
                              "Parallel Aware": false,
                              "Async Capable": false,
                              "Startup Cost": 693394.49,
                              "Total Cost": 695926.7,
                              "Plan Rows": 17908,
                              "Plan Width": 85,
                              "Group Key": [
                                "store_sales.ss_ticket_number",
                                "store_sales.ss_customer_sk",
                                "store_sales.ss_addr_sk",
                                "customer_address.ca_city"
                              ],
                              "Plans": [
                                {
                                  "Node Type": "Gather Merge",
                                  "Parent Relationship": "Outer",
                                  "Parallel Aware": false,
                                  "Async Capable": false,
                                  "Startup Cost": 693394.49,
                                  "Total Cost": 695359.6,
                                  "Plan Rows": 14924,
                                  "Plan Width": 85,
                                  "Workers Planned": 2,
                                  "Plans": [
                                    {
                                      "Node Type": "Aggregate",
                                      "Strategy": "Sorted",
                                      "Partial Mode": "Partial",
                                      "Parent Relationship": "Outer",
                                      "Parallel Aware": false,
                                      "Async Capable": false,
                                      "Startup Cost": 692394.47,
                                      "Total Cost": 692636.98,
                                      "Plan Rows": 7462,
                                      "Plan Width": 85,
                                      "Group Key": [
                                        "store_sales.ss_ticket_number",
                                        "store_sales.ss_customer_sk",
                                        "store_sales.ss_addr_sk",
                                        "customer_address.ca_city"
                                      ],
                                      "Plans": [
                                        {
                                          "Node Type": "Sort",
                                          "Parent Relationship": "Outer",
                                          "Parallel Aware": false,
                                          "Async Capable": false,
                                          "Startup Cost": 692394.47,
                                          "Total Cost": 692413.12,
                                          "Plan Rows": 7462,
                                          "Plan Width": 30,
                                          "Sort Key": [
                                            "store_sales.ss_ticket_number",
                                            "store_sales.ss_customer_sk",
                                            "store_sales.ss_addr_sk",
                                            "customer_address.ca_city"
                                          ],
                                          "Plans": [
                                            {
                                              "Node Type": "Hash Join",
                                              "Parent Relationship": "Outer",
                                              "Parallel Aware": true,
                                              "Async Capable": false,
                                              "Join Type": "Inner",
                                              "Startup Cost": 685016.08,
                                              "Total Cost": 691914.46,
                                              "Plan Rows": 7462,
                                              "Plan Width": 30,
                                              "Inner Unique": false,
                                              "Hash Cond": "(customer_address.ca_address_sk = store_sales.ss_addr_sk)",
                                              "Plans": [
                                                {
                                                  "Node Type": "Seq Scan",
                                                  "Parent Relationship": "Outer",
                                                  "Parallel Aware": true,
                                                  "Async Capable": false,
                                                  "Relation Name": "customer_address",
                                                  "Alias": "customer_address",
                                                  "Startup Cost": 0.0,
                                                  "Total Cost": 6476.67,
                                                  "Plan Rows": 104167,
                                                  "Plan Width": 13,
                                                  "parent": 11,
                                                  "ID": 12
                                                },
                                                {
                                                  "Node Type": "Hash",
                                                  "Parent Relationship": "Inner",
                                                  "Parallel Aware": true,
                                                  "Async Capable": false,
                                                  "Startup Cost": 684918.45,
                                                  "Total Cost": 684918.45,
                                                  "Plan Rows": 7810,
                                                  "Plan Width": 21,
                                                  "Plans": [
                                                    {
                                                      "Node Type": "Hash Join",
                                                      "Parent Relationship": "Outer",
                                                      "Parallel Aware": false,
                                                      "Async Capable": false,
                                                      "Join Type": "Inner",
                                                      "Startup Cost": 2296.59,
                                                      "Total Cost": 684918.45,
                                                      "Plan Rows": 7810,
                                                      "Plan Width": 21,
                                                      "Inner Unique": false,
                                                      "Hash Cond": "(store_sales.ss_store_sk = store.s_store_sk)",
                                                      "Plans": [
                                                        {
                                                          "Node Type": "Hash Join",
                                                          "Parent Relationship": "Outer",
                                                          "Parallel Aware": false,
                                                          "Async Capable": false,
                                                          "Join Type": "Inner",
                                                          "Startup Cost": 2289.04,
                                                          "Total Cost": 684789.32,
                                                          "Plan Rows": 11593,
                                                          "Plan Width": 25,
                                                          "Inner Unique": false,
                                                          "Hash Cond": "(store_sales.ss_hdemo_sk = household_demographics.hd_demo_sk)",
                                                          "Plans": [
                                                            {
                                                              "Node Type": "Hash Join",
                                                              "Parent Relationship": "Outer",
                                                              "Parallel Aware": true,
                                                              "Async Capable": false,
                                                              "Join Type": "Inner",
                                                              "Startup Cost": 2105.54,
                                                              "Total Cost": 684307.63,
                                                              "Plan Rows": 48602,
                                                              "Plan Width": 29,
                                                              "Inner Unique": false,
                                                              "Hash Cond": "(store_sales.ss_sold_date_sk = date_dim.d_date_sk)",
                                                              "Plans": [
                                                                {
                                                                  "Node Type": "Seq Scan",
                                                                  "Parent Relationship": "Outer",
                                                                  "Parallel Aware": true,
                                                                  "Async Capable": false,
                                                                  "Relation Name": "store_sales",
                                                                  "Alias": "store_sales",
                                                                  "Startup Cost": 0.0,
                                                                  "Total Cost": 636914.37,
                                                                  "Plan Rows": 12000637,
                                                                  "Plan Width": 33,
                                                                  "parent": 16,
                                                                  "ID": 17
                                                                },
                                                                {
                                                                  "Node Type": "Hash",
                                                                  "Parent Relationship": "Inner",
                                                                  "Parallel Aware": true,
                                                                  "Async Capable": false,
                                                                  "Startup Cost": 2103.26,
                                                                  "Total Cost": 2103.26,
                                                                  "Plan Rows": 182,
                                                                  "Plan Width": 4,
                                                                  "Plans": [
                                                                    {
                                                                      "Node Type": "Seq Scan",
                                                                      "Parent Relationship": "Outer",
                                                                      "Parallel Aware": true,
                                                                      "Async Capable": false,
                                                                      "Relation Name": "date_dim",
                                                                      "Alias": "date_dim",
                                                                      "Startup Cost": 0.0,
                                                                      "Total Cost": 2103.26,
                                                                      "Plan Rows": 182,
                                                                      "Plan Width": 4,
                                                                      "Filter": "((d_dow = ANY ('{6,0}'::integer[])) AND (d_year = ANY ('{1999,2000,2001}'::integer[])))",
                                                                      "parent": 18,
                                                                      "ID": 19
                                                                    }
                                                                  ],
                                                                  "parent": 16,
                                                                  "ID": 18,
                                                                  "left": 19
                                                                }
                                                              ],
                                                              "parent": 15,
                                                              "ID": 16,
                                                              "left": 17,
                                                              "right": 18
                                                            },
                                                            {
                                                              "Node Type": "Hash",
                                                              "Parent Relationship": "Inner",
                                                              "Parallel Aware": false,
                                                              "Async Capable": false,
                                                              "Startup Cost": 161.0,
                                                              "Total Cost": 161.0,
                                                              "Plan Rows": 1800,
                                                              "Plan Width": 4,
                                                              "Plans": [
                                                                {
                                                                  "Node Type": "Seq Scan",
                                                                  "Parent Relationship": "Outer",
                                                                  "Parallel Aware": false,
                                                                  "Async Capable": false,
                                                                  "Relation Name": "household_demographics",
                                                                  "Alias": "household_demographics",
                                                                  "Startup Cost": 0.0,
                                                                  "Total Cost": 161.0,
                                                                  "Plan Rows": 1800,
                                                                  "Plan Width": 4,
                                                                  "Filter": "((hd_dep_count = 0) OR (hd_vehicle_count = 4))",
                                                                  "parent": 20,
                                                                  "ID": 21
                                                                }
                                                              ],
                                                              "parent": 15,
                                                              "ID": 20,
                                                              "left": 21
                                                            }
                                                          ],
                                                          "parent": 14,
                                                          "ID": 15,
                                                          "left": 16,
                                                          "right": 20
                                                        },
                                                        {
                                                          "Node Type": "Hash",
                                                          "Parent Relationship": "Inner",
                                                          "Parallel Aware": false,
                                                          "Async Capable": false,
                                                          "Startup Cost": 6.66,
                                                          "Total Cost": 6.66,
                                                          "Plan Rows": 72,
                                                          "Plan Width": 4,
                                                          "Plans": [
                                                            {
                                                              "Node Type": "Seq Scan",
                                                              "Parent Relationship": "Outer",
                                                              "Parallel Aware": false,
                                                              "Async Capable": false,
                                                              "Relation Name": "store",
                                                              "Alias": "store",
                                                              "Startup Cost": 0.0,
                                                              "Total Cost": 6.66,
                                                              "Plan Rows": 72,
                                                              "Plan Width": 4,
                                                              "Filter": "((s_city)::text = ANY ('{Midway,Fairview,Fairview,Midway,Midway}'::text[]))",
                                                              "parent": 22,
                                                              "ID": 23
                                                            }
                                                          ],
                                                          "parent": 14,
                                                          "ID": 22,
                                                          "left": 23
                                                        }
                                                      ],
                                                      "parent": 13,
                                                      "ID": 14,
                                                      "left": 15,
                                                      "right": 22
                                                    }
                                                  ],
                                                  "parent": 11,
                                                  "ID": 13,
                                                  "left": 14
                                                }
                                              ],
                                              "parent": 10,
                                              "ID": 11,
                                              "left": 12,
                                              "right": 13
                                            }
                                          ],
                                          "parent": 9,
                                          "ID": 10,
                                          "left": 11
                                        }
                                      ],
                                      "parent": 8,
                                      "ID": 9,
                                      "left": 10
                                    }
                                  ],
                                  "parent": 7,
                                  "ID": 8,
                                  "left": 9
                                }
                              ],
                              "parent": 6,
                              "ID": 7,
                              "left": 8
                            }
                          ],
                          "parent": 5,
                          "ID": 6,
                          "left": 7
                        },
                        {
                          "Node Type": "Hash",
                          "Parent Relationship": "Inner",
                          "Parallel Aware": false,
                          "Async Capable": false,
                          "Startup Cost": 18835.0,
                          "Total Cost": 18835.0,
                          "Plan Rows": 500000,
                          "Plan Width": 60,
                          "Plans": [
                            {
                              "Node Type": "Seq Scan",
                              "Parent Relationship": "Outer",
                              "Parallel Aware": false,
                              "Async Capable": false,
                              "Relation Name": "customer",
                              "Alias": "customer",
                              "Startup Cost": 0.0,
                              "Total Cost": 18835.0,
                              "Plan Rows": 500000,
                              "Plan Width": 60,
                              "parent": 24,
                              "ID": 25
                            }
                          ],
                          "parent": 5,
                          "ID": 24,
                          "left": 25
                        }
                      ],
                      "parent": 4,
                      "ID": 5,
                      "left": 6,
                      "right": 24
                    }
                  ],
                  "parent": 2,
                  "ID": 4,
                  "left": 5
                }
              ],
              "parent": 1,
              "ID": 2,
              "left": 3,
              "right": 4
            }
          ],
          "parent": 0,
          "ID": 1,
          "left": 2
        }
      ],
      "parent": null,
      "ID": 0,
      "left": 1
    },
    "feat": {
      "utility": 0.0,
      "query_shape": [
        [
          "Seq Scan",
          "Hash Join",
          "Sort"
        ],
        [
          "Seq Scan",
          "Hash Join",
          "Sort",
          "Aggregate",
          "Gather Merge",
          "Subquery Scan",
          "Hash"
        ],
        [
          "Seq Scan",
          "Hash Join",
          "Hash",
          "Sort",
          "Aggregate",
          "Gather Merge",
          "Subquery Scan"
        ],
        [
          "Seq Scan",
          "Hash",
          "Hash Join",
          "Sort",
          "Aggregate",
          "Gather Merge",
          "Subquery Scan"
        ],
        [
          "Seq Scan",
          "Hash",
          "Hash Join",
          "Sort",
          "Aggregate",
          "Gather Merge",
          "Subquery Scan"
        ],
        [
          "Seq Scan",
          "Hash",
          "Hash Join",
          "Sort",
          "Aggregate",
          "Gather Merge",
          "Subquery Scan"
        ],
        [
          "Seq Scan",
          "Hash",
          "Hash Join",
          "Sort"
        ]
      ],
      "index_shape": [
        "order-by"
      ],
      "physical_operator": {
        "Sort": [
          "[0. 0. 0. 0. 0. 0. 0. 0. 0. 0. 0. 0. 0. 0. 0. 0. 0. 0. 0. 0. 0. 0. 0. 0.\n 0. 0. 0. 0. 0. 0. 0. 0. 0. 0. 0. 0. 0. 0. 0. 0. 0. 0. 0. 0. 0. 0. 0. 0.\n 0. 0. 0.]"
        ]
      }
    }
  },
  {
    "query": "select  c_last_name\n       ,c_first_name\n       ,ca_city\n       ,bought_city\n       ,ss_ticket_number\n       ,amt,profit \n from\n   (select ss_ticket_number\n          ,ss_customer_sk\n          ,ca_city bought_city\n          ,sum(ss_coupon_amt) amt\n          ,sum(ss_net_profit) profit\n    from store_sales,date_dim,store,household_demographics,customer_address \n    where store_sales.ss_sold_date_sk = date_dim.d_date_sk\n    and store_sales.ss_store_sk = store.s_store_sk  \n    and store_sales.ss_hdemo_sk = household_demographics.hd_demo_sk\n    and store_sales.ss_addr_sk = customer_address.ca_address_sk\n    and (household_demographics.hd_dep_count = 0 or\n         household_demographics.hd_vehicle_count= 4)\n    and date_dim.d_dow in (6,0)\n    and date_dim.d_year in (1999,1999+1,1999+2) \n    and store.s_city in ('Midway','Fairview','Fairview','Midway','Midway') \n    group by ss_ticket_number,ss_customer_sk,ss_addr_sk,ca_city) dn,customer,customer_address current_addr\n    where ss_customer_sk = c_customer_sk\n      and customer.c_current_addr_sk = current_addr.ca_address_sk\n      and current_addr.ca_city <> bought_city\n  order by c_last_name\n          ,c_first_name\n          ,ca_city\n          ,bought_city\n          ,ss_ticket_number\n  limit 100;\n\n-- end query 31 in stream 3 using template query46.tpl\n",
    "indexes": "customer.c_first_name",
    "wo plan est": {
      "Node Type": "Limit",
      "Parallel Aware": false,
      "Async Capable": false,
      "Startup Cost": 742674.58,
      "Total Cost": 742674.83,
      "Plan Rows": 100,
      "Plan Width": 138,
      "Plans": [
        {
          "Node Type": "Sort",
          "Parent Relationship": "Outer",
          "Parallel Aware": false,
          "Async Capable": false,
          "Startup Cost": 742674.58,
          "Total Cost": 742719.28,
          "Plan Rows": 17880,
          "Plan Width": 138,
          "Sort Key": [
            "customer.c_last_name",
            "customer.c_first_name",
            "current_addr.ca_city",
            "dn.bought_city",
            "dn.ss_ticket_number"
          ],
          "Plans": [
            {
              "Node Type": "Hash Join",
              "Parent Relationship": "Outer",
              "Parallel Aware": false,
              "Async Capable": false,
              "Join Type": "Inner",
              "Startup Cost": 732894.87,
              "Total Cost": 741991.22,
              "Plan Rows": 17880,
              "Plan Width": 138,
              "Inner Unique": false,
              "Hash Cond": "(current_addr.ca_address_sk = customer.c_current_addr_sk)",
              "Join Filter": "((current_addr.ca_city)::text <> (dn.bought_city)::text)",
              "Plans": [
                {
                  "Node Type": "Seq Scan",
                  "Parent Relationship": "Outer",
                  "Parallel Aware": false,
                  "Async Capable": false,
                  "Relation Name": "customer_address",
                  "Alias": "current_addr",
                  "Startup Cost": 0.0,
                  "Total Cost": 7935.0,
                  "Plan Rows": 250000,
                  "Plan Width": 13,
                  "parent": 2,
                  "ID": 3
                },
                {
                  "Node Type": "Hash",
                  "Parent Relationship": "Inner",
                  "Parallel Aware": false,
                  "Async Capable": false,
                  "Startup Cost": 732671.02,
                  "Total Cost": 732671.02,
                  "Plan Rows": 17908,
                  "Plan Width": 133,
                  "Plans": [
                    {
                      "Node Type": "Hash Join",
                      "Parent Relationship": "Outer",
                      "Parallel Aware": false,
                      "Async Capable": false,
                      "Join Type": "Inner",
                      "Startup Cost": 723851.49,
                      "Total Cost": 732671.02,
                      "Plan Rows": 17908,
                      "Plan Width": 133,
                      "Inner Unique": false,
                      "Hash Cond": "(dn.ss_customer_sk = customer.c_customer_sk)",
                      "Plans": [
                        {
                          "Node Type": "Subquery Scan",
                          "Parent Relationship": "Outer",
                          "Parallel Aware": false,
                          "Async Capable": false,
                          "Alias": "dn",
                          "Startup Cost": 693394.49,
                          "Total Cost": 696105.78,
                          "Plan Rows": 17908,
                          "Plan Width": 81,
                          "Plans": [
                            {
                              "Node Type": "Aggregate",
                              "Strategy": "Sorted",
                              "Partial Mode": "Finalize",
                              "Parent Relationship": "Subquery",
                              "Parallel Aware": false,
                              "Async Capable": false,
                              "Startup Cost": 693394.49,
                              "Total Cost": 695926.7,
                              "Plan Rows": 17908,
                              "Plan Width": 85,
                              "Group Key": [
                                "store_sales.ss_ticket_number",
                                "store_sales.ss_customer_sk",
                                "store_sales.ss_addr_sk",
                                "customer_address.ca_city"
                              ],
                              "Plans": [
                                {
                                  "Node Type": "Gather Merge",
                                  "Parent Relationship": "Outer",
                                  "Parallel Aware": false,
                                  "Async Capable": false,
                                  "Startup Cost": 693394.49,
                                  "Total Cost": 695359.6,
                                  "Plan Rows": 14924,
                                  "Plan Width": 85,
                                  "Workers Planned": 2,
                                  "Plans": [
                                    {
                                      "Node Type": "Aggregate",
                                      "Strategy": "Sorted",
                                      "Partial Mode": "Partial",
                                      "Parent Relationship": "Outer",
                                      "Parallel Aware": false,
                                      "Async Capable": false,
                                      "Startup Cost": 692394.47,
                                      "Total Cost": 692636.98,
                                      "Plan Rows": 7462,
                                      "Plan Width": 85,
                                      "Group Key": [
                                        "store_sales.ss_ticket_number",
                                        "store_sales.ss_customer_sk",
                                        "store_sales.ss_addr_sk",
                                        "customer_address.ca_city"
                                      ],
                                      "Plans": [
                                        {
                                          "Node Type": "Sort",
                                          "Parent Relationship": "Outer",
                                          "Parallel Aware": false,
                                          "Async Capable": false,
                                          "Startup Cost": 692394.47,
                                          "Total Cost": 692413.12,
                                          "Plan Rows": 7462,
                                          "Plan Width": 30,
                                          "Sort Key": [
                                            "store_sales.ss_ticket_number",
                                            "store_sales.ss_customer_sk",
                                            "store_sales.ss_addr_sk",
                                            "customer_address.ca_city"
                                          ],
                                          "Plans": [
                                            {
                                              "Node Type": "Hash Join",
                                              "Parent Relationship": "Outer",
                                              "Parallel Aware": true,
                                              "Async Capable": false,
                                              "Join Type": "Inner",
                                              "Startup Cost": 685016.08,
                                              "Total Cost": 691914.46,
                                              "Plan Rows": 7462,
                                              "Plan Width": 30,
                                              "Inner Unique": false,
                                              "Hash Cond": "(customer_address.ca_address_sk = store_sales.ss_addr_sk)",
                                              "Plans": [
                                                {
                                                  "Node Type": "Seq Scan",
                                                  "Parent Relationship": "Outer",
                                                  "Parallel Aware": true,
                                                  "Async Capable": false,
                                                  "Relation Name": "customer_address",
                                                  "Alias": "customer_address",
                                                  "Startup Cost": 0.0,
                                                  "Total Cost": 6476.67,
                                                  "Plan Rows": 104167,
                                                  "Plan Width": 13,
                                                  "parent": 11,
                                                  "ID": 12
                                                },
                                                {
                                                  "Node Type": "Hash",
                                                  "Parent Relationship": "Inner",
                                                  "Parallel Aware": true,
                                                  "Async Capable": false,
                                                  "Startup Cost": 684918.45,
                                                  "Total Cost": 684918.45,
                                                  "Plan Rows": 7810,
                                                  "Plan Width": 21,
                                                  "Plans": [
                                                    {
                                                      "Node Type": "Hash Join",
                                                      "Parent Relationship": "Outer",
                                                      "Parallel Aware": false,
                                                      "Async Capable": false,
                                                      "Join Type": "Inner",
                                                      "Startup Cost": 2296.59,
                                                      "Total Cost": 684918.45,
                                                      "Plan Rows": 7810,
                                                      "Plan Width": 21,
                                                      "Inner Unique": false,
                                                      "Hash Cond": "(store_sales.ss_store_sk = store.s_store_sk)",
                                                      "Plans": [
                                                        {
                                                          "Node Type": "Hash Join",
                                                          "Parent Relationship": "Outer",
                                                          "Parallel Aware": false,
                                                          "Async Capable": false,
                                                          "Join Type": "Inner",
                                                          "Startup Cost": 2289.04,
                                                          "Total Cost": 684789.32,
                                                          "Plan Rows": 11593,
                                                          "Plan Width": 25,
                                                          "Inner Unique": false,
                                                          "Hash Cond": "(store_sales.ss_hdemo_sk = household_demographics.hd_demo_sk)",
                                                          "Plans": [
                                                            {
                                                              "Node Type": "Hash Join",
                                                              "Parent Relationship": "Outer",
                                                              "Parallel Aware": true,
                                                              "Async Capable": false,
                                                              "Join Type": "Inner",
                                                              "Startup Cost": 2105.54,
                                                              "Total Cost": 684307.63,
                                                              "Plan Rows": 48602,
                                                              "Plan Width": 29,
                                                              "Inner Unique": false,
                                                              "Hash Cond": "(store_sales.ss_sold_date_sk = date_dim.d_date_sk)",
                                                              "Plans": [
                                                                {
                                                                  "Node Type": "Seq Scan",
                                                                  "Parent Relationship": "Outer",
                                                                  "Parallel Aware": true,
                                                                  "Async Capable": false,
                                                                  "Relation Name": "store_sales",
                                                                  "Alias": "store_sales",
                                                                  "Startup Cost": 0.0,
                                                                  "Total Cost": 636914.37,
                                                                  "Plan Rows": 12000637,
                                                                  "Plan Width": 33,
                                                                  "parent": 16,
                                                                  "ID": 17
                                                                },
                                                                {
                                                                  "Node Type": "Hash",
                                                                  "Parent Relationship": "Inner",
                                                                  "Parallel Aware": true,
                                                                  "Async Capable": false,
                                                                  "Startup Cost": 2103.26,
                                                                  "Total Cost": 2103.26,
                                                                  "Plan Rows": 182,
                                                                  "Plan Width": 4,
                                                                  "Plans": [
                                                                    {
                                                                      "Node Type": "Seq Scan",
                                                                      "Parent Relationship": "Outer",
                                                                      "Parallel Aware": true,
                                                                      "Async Capable": false,
                                                                      "Relation Name": "date_dim",
                                                                      "Alias": "date_dim",
                                                                      "Startup Cost": 0.0,
                                                                      "Total Cost": 2103.26,
                                                                      "Plan Rows": 182,
                                                                      "Plan Width": 4,
                                                                      "Filter": "((d_dow = ANY ('{6,0}'::integer[])) AND (d_year = ANY ('{1999,2000,2001}'::integer[])))",
                                                                      "parent": 18,
                                                                      "ID": 19
                                                                    }
                                                                  ],
                                                                  "parent": 16,
                                                                  "ID": 18,
                                                                  "left": 19
                                                                }
                                                              ],
                                                              "parent": 15,
                                                              "ID": 16,
                                                              "left": 17,
                                                              "right": 18
                                                            },
                                                            {
                                                              "Node Type": "Hash",
                                                              "Parent Relationship": "Inner",
                                                              "Parallel Aware": false,
                                                              "Async Capable": false,
                                                              "Startup Cost": 161.0,
                                                              "Total Cost": 161.0,
                                                              "Plan Rows": 1800,
                                                              "Plan Width": 4,
                                                              "Plans": [
                                                                {
                                                                  "Node Type": "Seq Scan",
                                                                  "Parent Relationship": "Outer",
                                                                  "Parallel Aware": false,
                                                                  "Async Capable": false,
                                                                  "Relation Name": "household_demographics",
                                                                  "Alias": "household_demographics",
                                                                  "Startup Cost": 0.0,
                                                                  "Total Cost": 161.0,
                                                                  "Plan Rows": 1800,
                                                                  "Plan Width": 4,
                                                                  "Filter": "((hd_dep_count = 0) OR (hd_vehicle_count = 4))",
                                                                  "parent": 20,
                                                                  "ID": 21
                                                                }
                                                              ],
                                                              "parent": 15,
                                                              "ID": 20,
                                                              "left": 21
                                                            }
                                                          ],
                                                          "parent": 14,
                                                          "ID": 15,
                                                          "left": 16,
                                                          "right": 20
                                                        },
                                                        {
                                                          "Node Type": "Hash",
                                                          "Parent Relationship": "Inner",
                                                          "Parallel Aware": false,
                                                          "Async Capable": false,
                                                          "Startup Cost": 6.66,
                                                          "Total Cost": 6.66,
                                                          "Plan Rows": 72,
                                                          "Plan Width": 4,
                                                          "Plans": [
                                                            {
                                                              "Node Type": "Seq Scan",
                                                              "Parent Relationship": "Outer",
                                                              "Parallel Aware": false,
                                                              "Async Capable": false,
                                                              "Relation Name": "store",
                                                              "Alias": "store",
                                                              "Startup Cost": 0.0,
                                                              "Total Cost": 6.66,
                                                              "Plan Rows": 72,
                                                              "Plan Width": 4,
                                                              "Filter": "((s_city)::text = ANY ('{Midway,Fairview,Fairview,Midway,Midway}'::text[]))",
                                                              "parent": 22,
                                                              "ID": 23
                                                            }
                                                          ],
                                                          "parent": 14,
                                                          "ID": 22,
                                                          "left": 23
                                                        }
                                                      ],
                                                      "parent": 13,
                                                      "ID": 14,
                                                      "left": 15,
                                                      "right": 22
                                                    }
                                                  ],
                                                  "parent": 11,
                                                  "ID": 13,
                                                  "left": 14
                                                }
                                              ],
                                              "parent": 10,
                                              "ID": 11,
                                              "left": 12,
                                              "right": 13
                                            }
                                          ],
                                          "parent": 9,
                                          "ID": 10,
                                          "left": 11
                                        }
                                      ],
                                      "parent": 8,
                                      "ID": 9,
                                      "left": 10
                                    }
                                  ],
                                  "parent": 7,
                                  "ID": 8,
                                  "left": 9
                                }
                              ],
                              "parent": 6,
                              "ID": 7,
                              "left": 8
                            }
                          ],
                          "parent": 5,
                          "ID": 6,
                          "left": 7
                        },
                        {
                          "Node Type": "Hash",
                          "Parent Relationship": "Inner",
                          "Parallel Aware": false,
                          "Async Capable": false,
                          "Startup Cost": 18835.0,
                          "Total Cost": 18835.0,
                          "Plan Rows": 500000,
                          "Plan Width": 60,
                          "Plans": [
                            {
                              "Node Type": "Seq Scan",
                              "Parent Relationship": "Outer",
                              "Parallel Aware": false,
                              "Async Capable": false,
                              "Relation Name": "customer",
                              "Alias": "customer",
                              "Startup Cost": 0.0,
                              "Total Cost": 18835.0,
                              "Plan Rows": 500000,
                              "Plan Width": 60,
                              "parent": 24,
                              "ID": 25
                            }
                          ],
                          "parent": 5,
                          "ID": 24,
                          "left": 25
                        }
                      ],
                      "parent": 4,
                      "ID": 5,
                      "left": 6,
                      "right": 24
                    }
                  ],
                  "parent": 2,
                  "ID": 4,
                  "left": 5
                }
              ],
              "parent": 1,
              "ID": 2,
              "left": 3,
              "right": 4
            }
          ],
          "parent": 0,
          "ID": 1,
          "left": 2
        }
      ],
      "parent": null,
      "ID": 0,
      "left": 1
    },
    "feat": {
      "utility": 0.0,
      "query_shape": [
        [
          "Seq Scan",
          "Hash Join",
          "Sort"
        ],
        [
          "Seq Scan",
          "Hash Join",
          "Sort",
          "Aggregate",
          "Gather Merge",
          "Subquery Scan",
          "Hash"
        ],
        [
          "Seq Scan",
          "Hash Join",
          "Hash",
          "Sort",
          "Aggregate",
          "Gather Merge",
          "Subquery Scan"
        ],
        [
          "Seq Scan",
          "Hash",
          "Hash Join",
          "Sort",
          "Aggregate",
          "Gather Merge",
          "Subquery Scan"
        ],
        [
          "Seq Scan",
          "Hash",
          "Hash Join",
          "Sort",
          "Aggregate",
          "Gather Merge",
          "Subquery Scan"
        ],
        [
          "Seq Scan",
          "Hash",
          "Hash Join",
          "Sort",
          "Aggregate",
          "Gather Merge",
          "Subquery Scan"
        ],
        [
          "Seq Scan",
          "Hash",
          "Hash Join",
          "Sort"
        ]
      ],
      "index_shape": [
        "order-by"
      ],
      "physical_operator": {
        "Sort": [
          "[0. 0. 0. 0. 0. 0. 0. 0. 0. 0. 0. 0. 0. 0. 0. 0. 0. 0. 0. 0. 0. 0. 0. 0.\n 0. 0. 0. 0. 0. 0. 0. 0. 0. 0. 0. 0. 0. 0. 0. 0. 0. 0. 0. 0. 0. 0. 0. 0.\n 0. 0. 0.]"
        ]
      }
    }
  },
  {
    "query": "select  c_last_name\n       ,c_first_name\n       ,ca_city\n       ,bought_city\n       ,ss_ticket_number\n       ,amt,profit \n from\n   (select ss_ticket_number\n          ,ss_customer_sk\n          ,ca_city bought_city\n          ,sum(ss_coupon_amt) amt\n          ,sum(ss_net_profit) profit\n    from store_sales,date_dim,store,household_demographics,customer_address \n    where store_sales.ss_sold_date_sk = date_dim.d_date_sk\n    and store_sales.ss_store_sk = store.s_store_sk  \n    and store_sales.ss_hdemo_sk = household_demographics.hd_demo_sk\n    and store_sales.ss_addr_sk = customer_address.ca_address_sk\n    and (household_demographics.hd_dep_count = 0 or\n         household_demographics.hd_vehicle_count= 4)\n    and date_dim.d_dow in (6,0)\n    and date_dim.d_year in (1999,1999+1,1999+2) \n    and store.s_city in ('Midway','Fairview','Fairview','Midway','Midway') \n    group by ss_ticket_number,ss_customer_sk,ss_addr_sk,ca_city) dn,customer,customer_address current_addr\n    where ss_customer_sk = c_customer_sk\n      and customer.c_current_addr_sk = current_addr.ca_address_sk\n      and current_addr.ca_city <> bought_city\n  order by c_last_name\n          ,c_first_name\n          ,ca_city\n          ,bought_city\n          ,ss_ticket_number\n  limit 100;\n\n-- end query 31 in stream 3 using template query46.tpl\n",
    "indexes": "customer_address.ca_address_sk",
    "wo plan est": {
      "Node Type": "Limit",
      "Parallel Aware": false,
      "Async Capable": false,
      "Startup Cost": 742674.58,
      "Total Cost": 742674.83,
      "Plan Rows": 100,
      "Plan Width": 138,
      "Plans": [
        {
          "Node Type": "Sort",
          "Parent Relationship": "Outer",
          "Parallel Aware": false,
          "Async Capable": false,
          "Startup Cost": 742674.58,
          "Total Cost": 742719.28,
          "Plan Rows": 17880,
          "Plan Width": 138,
          "Sort Key": [
            "customer.c_last_name",
            "customer.c_first_name",
            "current_addr.ca_city",
            "dn.bought_city",
            "dn.ss_ticket_number"
          ],
          "Plans": [
            {
              "Node Type": "Hash Join",
              "Parent Relationship": "Outer",
              "Parallel Aware": false,
              "Async Capable": false,
              "Join Type": "Inner",
              "Startup Cost": 732894.87,
              "Total Cost": 741991.22,
              "Plan Rows": 17880,
              "Plan Width": 138,
              "Inner Unique": false,
              "Hash Cond": "(current_addr.ca_address_sk = customer.c_current_addr_sk)",
              "Join Filter": "((current_addr.ca_city)::text <> (dn.bought_city)::text)",
              "Plans": [
                {
                  "Node Type": "Seq Scan",
                  "Parent Relationship": "Outer",
                  "Parallel Aware": false,
                  "Async Capable": false,
                  "Relation Name": "customer_address",
                  "Alias": "current_addr",
                  "Startup Cost": 0.0,
                  "Total Cost": 7935.0,
                  "Plan Rows": 250000,
                  "Plan Width": 13,
                  "parent": 2,
                  "ID": 3
                },
                {
                  "Node Type": "Hash",
                  "Parent Relationship": "Inner",
                  "Parallel Aware": false,
                  "Async Capable": false,
                  "Startup Cost": 732671.02,
                  "Total Cost": 732671.02,
                  "Plan Rows": 17908,
                  "Plan Width": 133,
                  "Plans": [
                    {
                      "Node Type": "Hash Join",
                      "Parent Relationship": "Outer",
                      "Parallel Aware": false,
                      "Async Capable": false,
                      "Join Type": "Inner",
                      "Startup Cost": 723851.49,
                      "Total Cost": 732671.02,
                      "Plan Rows": 17908,
                      "Plan Width": 133,
                      "Inner Unique": false,
                      "Hash Cond": "(dn.ss_customer_sk = customer.c_customer_sk)",
                      "Plans": [
                        {
                          "Node Type": "Subquery Scan",
                          "Parent Relationship": "Outer",
                          "Parallel Aware": false,
                          "Async Capable": false,
                          "Alias": "dn",
                          "Startup Cost": 693394.49,
                          "Total Cost": 696105.78,
                          "Plan Rows": 17908,
                          "Plan Width": 81,
                          "Plans": [
                            {
                              "Node Type": "Aggregate",
                              "Strategy": "Sorted",
                              "Partial Mode": "Finalize",
                              "Parent Relationship": "Subquery",
                              "Parallel Aware": false,
                              "Async Capable": false,
                              "Startup Cost": 693394.49,
                              "Total Cost": 695926.7,
                              "Plan Rows": 17908,
                              "Plan Width": 85,
                              "Group Key": [
                                "store_sales.ss_ticket_number",
                                "store_sales.ss_customer_sk",
                                "store_sales.ss_addr_sk",
                                "customer_address.ca_city"
                              ],
                              "Plans": [
                                {
                                  "Node Type": "Gather Merge",
                                  "Parent Relationship": "Outer",
                                  "Parallel Aware": false,
                                  "Async Capable": false,
                                  "Startup Cost": 693394.49,
                                  "Total Cost": 695359.6,
                                  "Plan Rows": 14924,
                                  "Plan Width": 85,
                                  "Workers Planned": 2,
                                  "Plans": [
                                    {
                                      "Node Type": "Aggregate",
                                      "Strategy": "Sorted",
                                      "Partial Mode": "Partial",
                                      "Parent Relationship": "Outer",
                                      "Parallel Aware": false,
                                      "Async Capable": false,
                                      "Startup Cost": 692394.47,
                                      "Total Cost": 692636.98,
                                      "Plan Rows": 7462,
                                      "Plan Width": 85,
                                      "Group Key": [
                                        "store_sales.ss_ticket_number",
                                        "store_sales.ss_customer_sk",
                                        "store_sales.ss_addr_sk",
                                        "customer_address.ca_city"
                                      ],
                                      "Plans": [
                                        {
                                          "Node Type": "Sort",
                                          "Parent Relationship": "Outer",
                                          "Parallel Aware": false,
                                          "Async Capable": false,
                                          "Startup Cost": 692394.47,
                                          "Total Cost": 692413.12,
                                          "Plan Rows": 7462,
                                          "Plan Width": 30,
                                          "Sort Key": [
                                            "store_sales.ss_ticket_number",
                                            "store_sales.ss_customer_sk",
                                            "store_sales.ss_addr_sk",
                                            "customer_address.ca_city"
                                          ],
                                          "Plans": [
                                            {
                                              "Node Type": "Hash Join",
                                              "Parent Relationship": "Outer",
                                              "Parallel Aware": true,
                                              "Async Capable": false,
                                              "Join Type": "Inner",
                                              "Startup Cost": 685016.08,
                                              "Total Cost": 691914.46,
                                              "Plan Rows": 7462,
                                              "Plan Width": 30,
                                              "Inner Unique": false,
                                              "Hash Cond": "(customer_address.ca_address_sk = store_sales.ss_addr_sk)",
                                              "Plans": [
                                                {
                                                  "Node Type": "Seq Scan",
                                                  "Parent Relationship": "Outer",
                                                  "Parallel Aware": true,
                                                  "Async Capable": false,
                                                  "Relation Name": "customer_address",
                                                  "Alias": "customer_address",
                                                  "Startup Cost": 0.0,
                                                  "Total Cost": 6476.67,
                                                  "Plan Rows": 104167,
                                                  "Plan Width": 13,
                                                  "parent": 11,
                                                  "ID": 12
                                                },
                                                {
                                                  "Node Type": "Hash",
                                                  "Parent Relationship": "Inner",
                                                  "Parallel Aware": true,
                                                  "Async Capable": false,
                                                  "Startup Cost": 684918.45,
                                                  "Total Cost": 684918.45,
                                                  "Plan Rows": 7810,
                                                  "Plan Width": 21,
                                                  "Plans": [
                                                    {
                                                      "Node Type": "Hash Join",
                                                      "Parent Relationship": "Outer",
                                                      "Parallel Aware": false,
                                                      "Async Capable": false,
                                                      "Join Type": "Inner",
                                                      "Startup Cost": 2296.59,
                                                      "Total Cost": 684918.45,
                                                      "Plan Rows": 7810,
                                                      "Plan Width": 21,
                                                      "Inner Unique": false,
                                                      "Hash Cond": "(store_sales.ss_store_sk = store.s_store_sk)",
                                                      "Plans": [
                                                        {
                                                          "Node Type": "Hash Join",
                                                          "Parent Relationship": "Outer",
                                                          "Parallel Aware": false,
                                                          "Async Capable": false,
                                                          "Join Type": "Inner",
                                                          "Startup Cost": 2289.04,
                                                          "Total Cost": 684789.32,
                                                          "Plan Rows": 11593,
                                                          "Plan Width": 25,
                                                          "Inner Unique": false,
                                                          "Hash Cond": "(store_sales.ss_hdemo_sk = household_demographics.hd_demo_sk)",
                                                          "Plans": [
                                                            {
                                                              "Node Type": "Hash Join",
                                                              "Parent Relationship": "Outer",
                                                              "Parallel Aware": true,
                                                              "Async Capable": false,
                                                              "Join Type": "Inner",
                                                              "Startup Cost": 2105.54,
                                                              "Total Cost": 684307.63,
                                                              "Plan Rows": 48602,
                                                              "Plan Width": 29,
                                                              "Inner Unique": false,
                                                              "Hash Cond": "(store_sales.ss_sold_date_sk = date_dim.d_date_sk)",
                                                              "Plans": [
                                                                {
                                                                  "Node Type": "Seq Scan",
                                                                  "Parent Relationship": "Outer",
                                                                  "Parallel Aware": true,
                                                                  "Async Capable": false,
                                                                  "Relation Name": "store_sales",
                                                                  "Alias": "store_sales",
                                                                  "Startup Cost": 0.0,
                                                                  "Total Cost": 636914.37,
                                                                  "Plan Rows": 12000637,
                                                                  "Plan Width": 33,
                                                                  "parent": 16,
                                                                  "ID": 17
                                                                },
                                                                {
                                                                  "Node Type": "Hash",
                                                                  "Parent Relationship": "Inner",
                                                                  "Parallel Aware": true,
                                                                  "Async Capable": false,
                                                                  "Startup Cost": 2103.26,
                                                                  "Total Cost": 2103.26,
                                                                  "Plan Rows": 182,
                                                                  "Plan Width": 4,
                                                                  "Plans": [
                                                                    {
                                                                      "Node Type": "Seq Scan",
                                                                      "Parent Relationship": "Outer",
                                                                      "Parallel Aware": true,
                                                                      "Async Capable": false,
                                                                      "Relation Name": "date_dim",
                                                                      "Alias": "date_dim",
                                                                      "Startup Cost": 0.0,
                                                                      "Total Cost": 2103.26,
                                                                      "Plan Rows": 182,
                                                                      "Plan Width": 4,
                                                                      "Filter": "((d_dow = ANY ('{6,0}'::integer[])) AND (d_year = ANY ('{1999,2000,2001}'::integer[])))",
                                                                      "parent": 18,
                                                                      "ID": 19
                                                                    }
                                                                  ],
                                                                  "parent": 16,
                                                                  "ID": 18,
                                                                  "left": 19
                                                                }
                                                              ],
                                                              "parent": 15,
                                                              "ID": 16,
                                                              "left": 17,
                                                              "right": 18
                                                            },
                                                            {
                                                              "Node Type": "Hash",
                                                              "Parent Relationship": "Inner",
                                                              "Parallel Aware": false,
                                                              "Async Capable": false,
                                                              "Startup Cost": 161.0,
                                                              "Total Cost": 161.0,
                                                              "Plan Rows": 1800,
                                                              "Plan Width": 4,
                                                              "Plans": [
                                                                {
                                                                  "Node Type": "Seq Scan",
                                                                  "Parent Relationship": "Outer",
                                                                  "Parallel Aware": false,
                                                                  "Async Capable": false,
                                                                  "Relation Name": "household_demographics",
                                                                  "Alias": "household_demographics",
                                                                  "Startup Cost": 0.0,
                                                                  "Total Cost": 161.0,
                                                                  "Plan Rows": 1800,
                                                                  "Plan Width": 4,
                                                                  "Filter": "((hd_dep_count = 0) OR (hd_vehicle_count = 4))",
                                                                  "parent": 20,
                                                                  "ID": 21
                                                                }
                                                              ],
                                                              "parent": 15,
                                                              "ID": 20,
                                                              "left": 21
                                                            }
                                                          ],
                                                          "parent": 14,
                                                          "ID": 15,
                                                          "left": 16,
                                                          "right": 20
                                                        },
                                                        {
                                                          "Node Type": "Hash",
                                                          "Parent Relationship": "Inner",
                                                          "Parallel Aware": false,
                                                          "Async Capable": false,
                                                          "Startup Cost": 6.66,
                                                          "Total Cost": 6.66,
                                                          "Plan Rows": 72,
                                                          "Plan Width": 4,
                                                          "Plans": [
                                                            {
                                                              "Node Type": "Seq Scan",
                                                              "Parent Relationship": "Outer",
                                                              "Parallel Aware": false,
                                                              "Async Capable": false,
                                                              "Relation Name": "store",
                                                              "Alias": "store",
                                                              "Startup Cost": 0.0,
                                                              "Total Cost": 6.66,
                                                              "Plan Rows": 72,
                                                              "Plan Width": 4,
                                                              "Filter": "((s_city)::text = ANY ('{Midway,Fairview,Fairview,Midway,Midway}'::text[]))",
                                                              "parent": 22,
                                                              "ID": 23
                                                            }
                                                          ],
                                                          "parent": 14,
                                                          "ID": 22,
                                                          "left": 23
                                                        }
                                                      ],
                                                      "parent": 13,
                                                      "ID": 14,
                                                      "left": 15,
                                                      "right": 22
                                                    }
                                                  ],
                                                  "parent": 11,
                                                  "ID": 13,
                                                  "left": 14
                                                }
                                              ],
                                              "parent": 10,
                                              "ID": 11,
                                              "left": 12,
                                              "right": 13
                                            }
                                          ],
                                          "parent": 9,
                                          "ID": 10,
                                          "left": 11
                                        }
                                      ],
                                      "parent": 8,
                                      "ID": 9,
                                      "left": 10
                                    }
                                  ],
                                  "parent": 7,
                                  "ID": 8,
                                  "left": 9
                                }
                              ],
                              "parent": 6,
                              "ID": 7,
                              "left": 8
                            }
                          ],
                          "parent": 5,
                          "ID": 6,
                          "left": 7
                        },
                        {
                          "Node Type": "Hash",
                          "Parent Relationship": "Inner",
                          "Parallel Aware": false,
                          "Async Capable": false,
                          "Startup Cost": 18835.0,
                          "Total Cost": 18835.0,
                          "Plan Rows": 500000,
                          "Plan Width": 60,
                          "Plans": [
                            {
                              "Node Type": "Seq Scan",
                              "Parent Relationship": "Outer",
                              "Parallel Aware": false,
                              "Async Capable": false,
                              "Relation Name": "customer",
                              "Alias": "customer",
                              "Startup Cost": 0.0,
                              "Total Cost": 18835.0,
                              "Plan Rows": 500000,
                              "Plan Width": 60,
                              "parent": 24,
                              "ID": 25
                            }
                          ],
                          "parent": 5,
                          "ID": 24,
                          "left": 25
                        }
                      ],
                      "parent": 4,
                      "ID": 5,
                      "left": 6,
                      "right": 24
                    }
                  ],
                  "parent": 2,
                  "ID": 4,
                  "left": 5
                }
              ],
              "parent": 1,
              "ID": 2,
              "left": 3,
              "right": 4
            }
          ],
          "parent": 0,
          "ID": 1,
          "left": 2
        }
      ],
      "parent": null,
      "ID": 0,
      "left": 1
    },
    "feat": {
      "utility": 0.02528422427001123,
      "query_shape": [
        [
          "Seq Scan",
          "Hash Join",
          "Sort"
        ],
        [
          "Seq Scan",
          "Hash Join",
          "Sort",
          "Aggregate",
          "Gather Merge",
          "Subquery Scan",
          "Hash"
        ],
        [
          "Seq Scan",
          "Hash Join",
          "Hash",
          "Sort",
          "Aggregate",
          "Gather Merge",
          "Subquery Scan"
        ],
        [
          "Seq Scan",
          "Hash",
          "Hash Join",
          "Sort",
          "Aggregate",
          "Gather Merge",
          "Subquery Scan"
        ],
        [
          "Seq Scan",
          "Hash",
          "Hash Join",
          "Sort",
          "Aggregate",
          "Gather Merge",
          "Subquery Scan"
        ],
        [
          "Seq Scan",
          "Hash",
          "Hash Join",
          "Sort",
          "Aggregate",
          "Gather Merge",
          "Subquery Scan"
        ],
        [
          "Seq Scan",
          "Hash",
          "Hash Join",
          "Sort"
        ]
      ],
      "index_shape": [
        "join"
      ],
      "physical_operator": {
        "Hash Join": [
          0.0030285658926219646
        ]
      }
    }
  },
  {
    "query": "select  c_last_name\n       ,c_first_name\n       ,ca_city\n       ,bought_city\n       ,ss_ticket_number\n       ,amt,profit \n from\n   (select ss_ticket_number\n          ,ss_customer_sk\n          ,ca_city bought_city\n          ,sum(ss_coupon_amt) amt\n          ,sum(ss_net_profit) profit\n    from store_sales,date_dim,store,household_demographics,customer_address \n    where store_sales.ss_sold_date_sk = date_dim.d_date_sk\n    and store_sales.ss_store_sk = store.s_store_sk  \n    and store_sales.ss_hdemo_sk = household_demographics.hd_demo_sk\n    and store_sales.ss_addr_sk = customer_address.ca_address_sk\n    and (household_demographics.hd_dep_count = 0 or\n         household_demographics.hd_vehicle_count= 4)\n    and date_dim.d_dow in (6,0)\n    and date_dim.d_year in (1999,1999+1,1999+2) \n    and store.s_city in ('Midway','Fairview','Fairview','Midway','Midway') \n    group by ss_ticket_number,ss_customer_sk,ss_addr_sk,ca_city) dn,customer,customer_address current_addr\n    where ss_customer_sk = c_customer_sk\n      and customer.c_current_addr_sk = current_addr.ca_address_sk\n      and current_addr.ca_city <> bought_city\n  order by c_last_name\n          ,c_first_name\n          ,ca_city\n          ,bought_city\n          ,ss_ticket_number\n  limit 100;\n\n-- end query 31 in stream 3 using template query46.tpl\n",
    "indexes": "customer_address.ca_city",
    "wo plan est": {
      "Node Type": "Limit",
      "Parallel Aware": false,
      "Async Capable": false,
      "Startup Cost": 742674.58,
      "Total Cost": 742674.83,
      "Plan Rows": 100,
      "Plan Width": 138,
      "Plans": [
        {
          "Node Type": "Sort",
          "Parent Relationship": "Outer",
          "Parallel Aware": false,
          "Async Capable": false,
          "Startup Cost": 742674.58,
          "Total Cost": 742719.28,
          "Plan Rows": 17880,
          "Plan Width": 138,
          "Sort Key": [
            "customer.c_last_name",
            "customer.c_first_name",
            "current_addr.ca_city",
            "dn.bought_city",
            "dn.ss_ticket_number"
          ],
          "Plans": [
            {
              "Node Type": "Hash Join",
              "Parent Relationship": "Outer",
              "Parallel Aware": false,
              "Async Capable": false,
              "Join Type": "Inner",
              "Startup Cost": 732894.87,
              "Total Cost": 741991.22,
              "Plan Rows": 17880,
              "Plan Width": 138,
              "Inner Unique": false,
              "Hash Cond": "(current_addr.ca_address_sk = customer.c_current_addr_sk)",
              "Join Filter": "((current_addr.ca_city)::text <> (dn.bought_city)::text)",
              "Plans": [
                {
                  "Node Type": "Seq Scan",
                  "Parent Relationship": "Outer",
                  "Parallel Aware": false,
                  "Async Capable": false,
                  "Relation Name": "customer_address",
                  "Alias": "current_addr",
                  "Startup Cost": 0.0,
                  "Total Cost": 7935.0,
                  "Plan Rows": 250000,
                  "Plan Width": 13,
                  "parent": 2,
                  "ID": 3
                },
                {
                  "Node Type": "Hash",
                  "Parent Relationship": "Inner",
                  "Parallel Aware": false,
                  "Async Capable": false,
                  "Startup Cost": 732671.02,
                  "Total Cost": 732671.02,
                  "Plan Rows": 17908,
                  "Plan Width": 133,
                  "Plans": [
                    {
                      "Node Type": "Hash Join",
                      "Parent Relationship": "Outer",
                      "Parallel Aware": false,
                      "Async Capable": false,
                      "Join Type": "Inner",
                      "Startup Cost": 723851.49,
                      "Total Cost": 732671.02,
                      "Plan Rows": 17908,
                      "Plan Width": 133,
                      "Inner Unique": false,
                      "Hash Cond": "(dn.ss_customer_sk = customer.c_customer_sk)",
                      "Plans": [
                        {
                          "Node Type": "Subquery Scan",
                          "Parent Relationship": "Outer",
                          "Parallel Aware": false,
                          "Async Capable": false,
                          "Alias": "dn",
                          "Startup Cost": 693394.49,
                          "Total Cost": 696105.78,
                          "Plan Rows": 17908,
                          "Plan Width": 81,
                          "Plans": [
                            {
                              "Node Type": "Aggregate",
                              "Strategy": "Sorted",
                              "Partial Mode": "Finalize",
                              "Parent Relationship": "Subquery",
                              "Parallel Aware": false,
                              "Async Capable": false,
                              "Startup Cost": 693394.49,
                              "Total Cost": 695926.7,
                              "Plan Rows": 17908,
                              "Plan Width": 85,
                              "Group Key": [
                                "store_sales.ss_ticket_number",
                                "store_sales.ss_customer_sk",
                                "store_sales.ss_addr_sk",
                                "customer_address.ca_city"
                              ],
                              "Plans": [
                                {
                                  "Node Type": "Gather Merge",
                                  "Parent Relationship": "Outer",
                                  "Parallel Aware": false,
                                  "Async Capable": false,
                                  "Startup Cost": 693394.49,
                                  "Total Cost": 695359.6,
                                  "Plan Rows": 14924,
                                  "Plan Width": 85,
                                  "Workers Planned": 2,
                                  "Plans": [
                                    {
                                      "Node Type": "Aggregate",
                                      "Strategy": "Sorted",
                                      "Partial Mode": "Partial",
                                      "Parent Relationship": "Outer",
                                      "Parallel Aware": false,
                                      "Async Capable": false,
                                      "Startup Cost": 692394.47,
                                      "Total Cost": 692636.98,
                                      "Plan Rows": 7462,
                                      "Plan Width": 85,
                                      "Group Key": [
                                        "store_sales.ss_ticket_number",
                                        "store_sales.ss_customer_sk",
                                        "store_sales.ss_addr_sk",
                                        "customer_address.ca_city"
                                      ],
                                      "Plans": [
                                        {
                                          "Node Type": "Sort",
                                          "Parent Relationship": "Outer",
                                          "Parallel Aware": false,
                                          "Async Capable": false,
                                          "Startup Cost": 692394.47,
                                          "Total Cost": 692413.12,
                                          "Plan Rows": 7462,
                                          "Plan Width": 30,
                                          "Sort Key": [
                                            "store_sales.ss_ticket_number",
                                            "store_sales.ss_customer_sk",
                                            "store_sales.ss_addr_sk",
                                            "customer_address.ca_city"
                                          ],
                                          "Plans": [
                                            {
                                              "Node Type": "Hash Join",
                                              "Parent Relationship": "Outer",
                                              "Parallel Aware": true,
                                              "Async Capable": false,
                                              "Join Type": "Inner",
                                              "Startup Cost": 685016.08,
                                              "Total Cost": 691914.46,
                                              "Plan Rows": 7462,
                                              "Plan Width": 30,
                                              "Inner Unique": false,
                                              "Hash Cond": "(customer_address.ca_address_sk = store_sales.ss_addr_sk)",
                                              "Plans": [
                                                {
                                                  "Node Type": "Seq Scan",
                                                  "Parent Relationship": "Outer",
                                                  "Parallel Aware": true,
                                                  "Async Capable": false,
                                                  "Relation Name": "customer_address",
                                                  "Alias": "customer_address",
                                                  "Startup Cost": 0.0,
                                                  "Total Cost": 6476.67,
                                                  "Plan Rows": 104167,
                                                  "Plan Width": 13,
                                                  "parent": 11,
                                                  "ID": 12
                                                },
                                                {
                                                  "Node Type": "Hash",
                                                  "Parent Relationship": "Inner",
                                                  "Parallel Aware": true,
                                                  "Async Capable": false,
                                                  "Startup Cost": 684918.45,
                                                  "Total Cost": 684918.45,
                                                  "Plan Rows": 7810,
                                                  "Plan Width": 21,
                                                  "Plans": [
                                                    {
                                                      "Node Type": "Hash Join",
                                                      "Parent Relationship": "Outer",
                                                      "Parallel Aware": false,
                                                      "Async Capable": false,
                                                      "Join Type": "Inner",
                                                      "Startup Cost": 2296.59,
                                                      "Total Cost": 684918.45,
                                                      "Plan Rows": 7810,
                                                      "Plan Width": 21,
                                                      "Inner Unique": false,
                                                      "Hash Cond": "(store_sales.ss_store_sk = store.s_store_sk)",
                                                      "Plans": [
                                                        {
                                                          "Node Type": "Hash Join",
                                                          "Parent Relationship": "Outer",
                                                          "Parallel Aware": false,
                                                          "Async Capable": false,
                                                          "Join Type": "Inner",
                                                          "Startup Cost": 2289.04,
                                                          "Total Cost": 684789.32,
                                                          "Plan Rows": 11593,
                                                          "Plan Width": 25,
                                                          "Inner Unique": false,
                                                          "Hash Cond": "(store_sales.ss_hdemo_sk = household_demographics.hd_demo_sk)",
                                                          "Plans": [
                                                            {
                                                              "Node Type": "Hash Join",
                                                              "Parent Relationship": "Outer",
                                                              "Parallel Aware": true,
                                                              "Async Capable": false,
                                                              "Join Type": "Inner",
                                                              "Startup Cost": 2105.54,
                                                              "Total Cost": 684307.63,
                                                              "Plan Rows": 48602,
                                                              "Plan Width": 29,
                                                              "Inner Unique": false,
                                                              "Hash Cond": "(store_sales.ss_sold_date_sk = date_dim.d_date_sk)",
                                                              "Plans": [
                                                                {
                                                                  "Node Type": "Seq Scan",
                                                                  "Parent Relationship": "Outer",
                                                                  "Parallel Aware": true,
                                                                  "Async Capable": false,
                                                                  "Relation Name": "store_sales",
                                                                  "Alias": "store_sales",
                                                                  "Startup Cost": 0.0,
                                                                  "Total Cost": 636914.37,
                                                                  "Plan Rows": 12000637,
                                                                  "Plan Width": 33,
                                                                  "parent": 16,
                                                                  "ID": 17
                                                                },
                                                                {
                                                                  "Node Type": "Hash",
                                                                  "Parent Relationship": "Inner",
                                                                  "Parallel Aware": true,
                                                                  "Async Capable": false,
                                                                  "Startup Cost": 2103.26,
                                                                  "Total Cost": 2103.26,
                                                                  "Plan Rows": 182,
                                                                  "Plan Width": 4,
                                                                  "Plans": [
                                                                    {
                                                                      "Node Type": "Seq Scan",
                                                                      "Parent Relationship": "Outer",
                                                                      "Parallel Aware": true,
                                                                      "Async Capable": false,
                                                                      "Relation Name": "date_dim",
                                                                      "Alias": "date_dim",
                                                                      "Startup Cost": 0.0,
                                                                      "Total Cost": 2103.26,
                                                                      "Plan Rows": 182,
                                                                      "Plan Width": 4,
                                                                      "Filter": "((d_dow = ANY ('{6,0}'::integer[])) AND (d_year = ANY ('{1999,2000,2001}'::integer[])))",
                                                                      "parent": 18,
                                                                      "ID": 19
                                                                    }
                                                                  ],
                                                                  "parent": 16,
                                                                  "ID": 18,
                                                                  "left": 19
                                                                }
                                                              ],
                                                              "parent": 15,
                                                              "ID": 16,
                                                              "left": 17,
                                                              "right": 18
                                                            },
                                                            {
                                                              "Node Type": "Hash",
                                                              "Parent Relationship": "Inner",
                                                              "Parallel Aware": false,
                                                              "Async Capable": false,
                                                              "Startup Cost": 161.0,
                                                              "Total Cost": 161.0,
                                                              "Plan Rows": 1800,
                                                              "Plan Width": 4,
                                                              "Plans": [
                                                                {
                                                                  "Node Type": "Seq Scan",
                                                                  "Parent Relationship": "Outer",
                                                                  "Parallel Aware": false,
                                                                  "Async Capable": false,
                                                                  "Relation Name": "household_demographics",
                                                                  "Alias": "household_demographics",
                                                                  "Startup Cost": 0.0,
                                                                  "Total Cost": 161.0,
                                                                  "Plan Rows": 1800,
                                                                  "Plan Width": 4,
                                                                  "Filter": "((hd_dep_count = 0) OR (hd_vehicle_count = 4))",
                                                                  "parent": 20,
                                                                  "ID": 21
                                                                }
                                                              ],
                                                              "parent": 15,
                                                              "ID": 20,
                                                              "left": 21
                                                            }
                                                          ],
                                                          "parent": 14,
                                                          "ID": 15,
                                                          "left": 16,
                                                          "right": 20
                                                        },
                                                        {
                                                          "Node Type": "Hash",
                                                          "Parent Relationship": "Inner",
                                                          "Parallel Aware": false,
                                                          "Async Capable": false,
                                                          "Startup Cost": 6.66,
                                                          "Total Cost": 6.66,
                                                          "Plan Rows": 72,
                                                          "Plan Width": 4,
                                                          "Plans": [
                                                            {
                                                              "Node Type": "Seq Scan",
                                                              "Parent Relationship": "Outer",
                                                              "Parallel Aware": false,
                                                              "Async Capable": false,
                                                              "Relation Name": "store",
                                                              "Alias": "store",
                                                              "Startup Cost": 0.0,
                                                              "Total Cost": 6.66,
                                                              "Plan Rows": 72,
                                                              "Plan Width": 4,
                                                              "Filter": "((s_city)::text = ANY ('{Midway,Fairview,Fairview,Midway,Midway}'::text[]))",
                                                              "parent": 22,
                                                              "ID": 23
                                                            }
                                                          ],
                                                          "parent": 14,
                                                          "ID": 22,
                                                          "left": 23
                                                        }
                                                      ],
                                                      "parent": 13,
                                                      "ID": 14,
                                                      "left": 15,
                                                      "right": 22
                                                    }
                                                  ],
                                                  "parent": 11,
                                                  "ID": 13,
                                                  "left": 14
                                                }
                                              ],
                                              "parent": 10,
                                              "ID": 11,
                                              "left": 12,
                                              "right": 13
                                            }
                                          ],
                                          "parent": 9,
                                          "ID": 10,
                                          "left": 11
                                        }
                                      ],
                                      "parent": 8,
                                      "ID": 9,
                                      "left": 10
                                    }
                                  ],
                                  "parent": 7,
                                  "ID": 8,
                                  "left": 9
                                }
                              ],
                              "parent": 6,
                              "ID": 7,
                              "left": 8
                            }
                          ],
                          "parent": 5,
                          "ID": 6,
                          "left": 7
                        },
                        {
                          "Node Type": "Hash",
                          "Parent Relationship": "Inner",
                          "Parallel Aware": false,
                          "Async Capable": false,
                          "Startup Cost": 18835.0,
                          "Total Cost": 18835.0,
                          "Plan Rows": 500000,
                          "Plan Width": 60,
                          "Plans": [
                            {
                              "Node Type": "Seq Scan",
                              "Parent Relationship": "Outer",
                              "Parallel Aware": false,
                              "Async Capable": false,
                              "Relation Name": "customer",
                              "Alias": "customer",
                              "Startup Cost": 0.0,
                              "Total Cost": 18835.0,
                              "Plan Rows": 500000,
                              "Plan Width": 60,
                              "parent": 24,
                              "ID": 25
                            }
                          ],
                          "parent": 5,
                          "ID": 24,
                          "left": 25
                        }
                      ],
                      "parent": 4,
                      "ID": 5,
                      "left": 6,
                      "right": 24
                    }
                  ],
                  "parent": 2,
                  "ID": 4,
                  "left": 5
                }
              ],
              "parent": 1,
              "ID": 2,
              "left": 3,
              "right": 4
            }
          ],
          "parent": 0,
          "ID": 1,
          "left": 2
        }
      ],
      "parent": null,
      "ID": 0,
      "left": 1
    },
    "feat": {
      "utility": 0.0,
      "query_shape": [
        [
          "Seq Scan",
          "Hash Join",
          "Sort"
        ],
        [
          "Seq Scan",
          "Hash Join",
          "Sort",
          "Aggregate",
          "Gather Merge",
          "Subquery Scan",
          "Hash"
        ],
        [
          "Seq Scan",
          "Hash Join",
          "Hash",
          "Sort",
          "Aggregate",
          "Gather Merge",
          "Subquery Scan"
        ],
        [
          "Seq Scan",
          "Hash",
          "Hash Join",
          "Sort",
          "Aggregate",
          "Gather Merge",
          "Subquery Scan"
        ],
        [
          "Seq Scan",
          "Hash",
          "Hash Join",
          "Sort",
          "Aggregate",
          "Gather Merge",
          "Subquery Scan"
        ],
        [
          "Seq Scan",
          "Hash",
          "Hash Join",
          "Sort",
          "Aggregate",
          "Gather Merge",
          "Subquery Scan"
        ],
        [
          "Seq Scan",
          "Hash",
          "Hash Join",
          "Sort"
        ]
      ],
      "index_shape": [
        "join"
      ],
      "physical_operator": {
        "Sort": [
          "[0. 0. 0. 0. 0. 0. 0. 0. 0. 0. 0. 0. 0. 0. 0. 0. 0. 0. 0. 0. 0. 0. 0. 0.\n 0. 0. 0. 0. 0. 0. 0. 0. 0. 0. 0. 0. 0. 0. 0. 0. 0. 0. 0. 0. 0. 0. 0. 0.\n 0. 0. 0.]"
        ],
        "Aggregate": [
          "[0. 0. 0. 0. 0. 0. 0. 0. 0. 0. 0. 0. 0. 0. 0. 0. 0. 0. 0. 0. 0. 0. 0. 0.\n 0. 0. 0. 0. 0. 0. 0. 0. 0. 0. 0. 0. 0. 0. 0. 0. 0. 0. 0. 0. 0. 0. 0. 0.\n 0. 0. 0.]",
          "[0. 0. 0. 0. 0. 0. 0. 0. 0. 0. 0. 0. 0. 0. 0. 0. 0. 0. 0. 0. 0. 0. 0. 0.\n 0. 0. 0. 0. 0. 0. 0. 0. 0. 0. 0. 0. 0. 0. 0. 0. 0. 0. 0. 0. 0. 0. 0. 0.\n 0. 0. 0.]"
        ]
      }
    }
  },
  {
    "query": "select  c_last_name\n       ,c_first_name\n       ,ca_city\n       ,bought_city\n       ,ss_ticket_number\n       ,amt,profit \n from\n   (select ss_ticket_number\n          ,ss_customer_sk\n          ,ca_city bought_city\n          ,sum(ss_coupon_amt) amt\n          ,sum(ss_net_profit) profit\n    from store_sales,date_dim,store,household_demographics,customer_address \n    where store_sales.ss_sold_date_sk = date_dim.d_date_sk\n    and store_sales.ss_store_sk = store.s_store_sk  \n    and store_sales.ss_hdemo_sk = household_demographics.hd_demo_sk\n    and store_sales.ss_addr_sk = customer_address.ca_address_sk\n    and (household_demographics.hd_dep_count = 0 or\n         household_demographics.hd_vehicle_count= 4)\n    and date_dim.d_dow in (6,0)\n    and date_dim.d_year in (1999,1999+1,1999+2) \n    and store.s_city in ('Midway','Fairview','Fairview','Midway','Midway') \n    group by ss_ticket_number,ss_customer_sk,ss_addr_sk,ca_city) dn,customer,customer_address current_addr\n    where ss_customer_sk = c_customer_sk\n      and customer.c_current_addr_sk = current_addr.ca_address_sk\n      and current_addr.ca_city <> bought_city\n  order by c_last_name\n          ,c_first_name\n          ,ca_city\n          ,bought_city\n          ,ss_ticket_number\n  limit 100;\n\n-- end query 31 in stream 3 using template query46.tpl\n",
    "indexes": "date_dim.d_year",
    "wo plan est": {
      "Node Type": "Limit",
      "Parallel Aware": false,
      "Async Capable": false,
      "Startup Cost": 742674.58,
      "Total Cost": 742674.83,
      "Plan Rows": 100,
      "Plan Width": 138,
      "Plans": [
        {
          "Node Type": "Sort",
          "Parent Relationship": "Outer",
          "Parallel Aware": false,
          "Async Capable": false,
          "Startup Cost": 742674.58,
          "Total Cost": 742719.28,
          "Plan Rows": 17880,
          "Plan Width": 138,
          "Sort Key": [
            "customer.c_last_name",
            "customer.c_first_name",
            "current_addr.ca_city",
            "dn.bought_city",
            "dn.ss_ticket_number"
          ],
          "Plans": [
            {
              "Node Type": "Hash Join",
              "Parent Relationship": "Outer",
              "Parallel Aware": false,
              "Async Capable": false,
              "Join Type": "Inner",
              "Startup Cost": 732894.87,
              "Total Cost": 741991.22,
              "Plan Rows": 17880,
              "Plan Width": 138,
              "Inner Unique": false,
              "Hash Cond": "(current_addr.ca_address_sk = customer.c_current_addr_sk)",
              "Join Filter": "((current_addr.ca_city)::text <> (dn.bought_city)::text)",
              "Plans": [
                {
                  "Node Type": "Seq Scan",
                  "Parent Relationship": "Outer",
                  "Parallel Aware": false,
                  "Async Capable": false,
                  "Relation Name": "customer_address",
                  "Alias": "current_addr",
                  "Startup Cost": 0.0,
                  "Total Cost": 7935.0,
                  "Plan Rows": 250000,
                  "Plan Width": 13,
                  "parent": 2,
                  "ID": 3
                },
                {
                  "Node Type": "Hash",
                  "Parent Relationship": "Inner",
                  "Parallel Aware": false,
                  "Async Capable": false,
                  "Startup Cost": 732671.02,
                  "Total Cost": 732671.02,
                  "Plan Rows": 17908,
                  "Plan Width": 133,
                  "Plans": [
                    {
                      "Node Type": "Hash Join",
                      "Parent Relationship": "Outer",
                      "Parallel Aware": false,
                      "Async Capable": false,
                      "Join Type": "Inner",
                      "Startup Cost": 723851.49,
                      "Total Cost": 732671.02,
                      "Plan Rows": 17908,
                      "Plan Width": 133,
                      "Inner Unique": false,
                      "Hash Cond": "(dn.ss_customer_sk = customer.c_customer_sk)",
                      "Plans": [
                        {
                          "Node Type": "Subquery Scan",
                          "Parent Relationship": "Outer",
                          "Parallel Aware": false,
                          "Async Capable": false,
                          "Alias": "dn",
                          "Startup Cost": 693394.49,
                          "Total Cost": 696105.78,
                          "Plan Rows": 17908,
                          "Plan Width": 81,
                          "Plans": [
                            {
                              "Node Type": "Aggregate",
                              "Strategy": "Sorted",
                              "Partial Mode": "Finalize",
                              "Parent Relationship": "Subquery",
                              "Parallel Aware": false,
                              "Async Capable": false,
                              "Startup Cost": 693394.49,
                              "Total Cost": 695926.7,
                              "Plan Rows": 17908,
                              "Plan Width": 85,
                              "Group Key": [
                                "store_sales.ss_ticket_number",
                                "store_sales.ss_customer_sk",
                                "store_sales.ss_addr_sk",
                                "customer_address.ca_city"
                              ],
                              "Plans": [
                                {
                                  "Node Type": "Gather Merge",
                                  "Parent Relationship": "Outer",
                                  "Parallel Aware": false,
                                  "Async Capable": false,
                                  "Startup Cost": 693394.49,
                                  "Total Cost": 695359.6,
                                  "Plan Rows": 14924,
                                  "Plan Width": 85,
                                  "Workers Planned": 2,
                                  "Plans": [
                                    {
                                      "Node Type": "Aggregate",
                                      "Strategy": "Sorted",
                                      "Partial Mode": "Partial",
                                      "Parent Relationship": "Outer",
                                      "Parallel Aware": false,
                                      "Async Capable": false,
                                      "Startup Cost": 692394.47,
                                      "Total Cost": 692636.98,
                                      "Plan Rows": 7462,
                                      "Plan Width": 85,
                                      "Group Key": [
                                        "store_sales.ss_ticket_number",
                                        "store_sales.ss_customer_sk",
                                        "store_sales.ss_addr_sk",
                                        "customer_address.ca_city"
                                      ],
                                      "Plans": [
                                        {
                                          "Node Type": "Sort",
                                          "Parent Relationship": "Outer",
                                          "Parallel Aware": false,
                                          "Async Capable": false,
                                          "Startup Cost": 692394.47,
                                          "Total Cost": 692413.12,
                                          "Plan Rows": 7462,
                                          "Plan Width": 30,
                                          "Sort Key": [
                                            "store_sales.ss_ticket_number",
                                            "store_sales.ss_customer_sk",
                                            "store_sales.ss_addr_sk",
                                            "customer_address.ca_city"
                                          ],
                                          "Plans": [
                                            {
                                              "Node Type": "Hash Join",
                                              "Parent Relationship": "Outer",
                                              "Parallel Aware": true,
                                              "Async Capable": false,
                                              "Join Type": "Inner",
                                              "Startup Cost": 685016.08,
                                              "Total Cost": 691914.46,
                                              "Plan Rows": 7462,
                                              "Plan Width": 30,
                                              "Inner Unique": false,
                                              "Hash Cond": "(customer_address.ca_address_sk = store_sales.ss_addr_sk)",
                                              "Plans": [
                                                {
                                                  "Node Type": "Seq Scan",
                                                  "Parent Relationship": "Outer",
                                                  "Parallel Aware": true,
                                                  "Async Capable": false,
                                                  "Relation Name": "customer_address",
                                                  "Alias": "customer_address",
                                                  "Startup Cost": 0.0,
                                                  "Total Cost": 6476.67,
                                                  "Plan Rows": 104167,
                                                  "Plan Width": 13,
                                                  "parent": 11,
                                                  "ID": 12
                                                },
                                                {
                                                  "Node Type": "Hash",
                                                  "Parent Relationship": "Inner",
                                                  "Parallel Aware": true,
                                                  "Async Capable": false,
                                                  "Startup Cost": 684918.45,
                                                  "Total Cost": 684918.45,
                                                  "Plan Rows": 7810,
                                                  "Plan Width": 21,
                                                  "Plans": [
                                                    {
                                                      "Node Type": "Hash Join",
                                                      "Parent Relationship": "Outer",
                                                      "Parallel Aware": false,
                                                      "Async Capable": false,
                                                      "Join Type": "Inner",
                                                      "Startup Cost": 2296.59,
                                                      "Total Cost": 684918.45,
                                                      "Plan Rows": 7810,
                                                      "Plan Width": 21,
                                                      "Inner Unique": false,
                                                      "Hash Cond": "(store_sales.ss_store_sk = store.s_store_sk)",
                                                      "Plans": [
                                                        {
                                                          "Node Type": "Hash Join",
                                                          "Parent Relationship": "Outer",
                                                          "Parallel Aware": false,
                                                          "Async Capable": false,
                                                          "Join Type": "Inner",
                                                          "Startup Cost": 2289.04,
                                                          "Total Cost": 684789.32,
                                                          "Plan Rows": 11593,
                                                          "Plan Width": 25,
                                                          "Inner Unique": false,
                                                          "Hash Cond": "(store_sales.ss_hdemo_sk = household_demographics.hd_demo_sk)",
                                                          "Plans": [
                                                            {
                                                              "Node Type": "Hash Join",
                                                              "Parent Relationship": "Outer",
                                                              "Parallel Aware": true,
                                                              "Async Capable": false,
                                                              "Join Type": "Inner",
                                                              "Startup Cost": 2105.54,
                                                              "Total Cost": 684307.63,
                                                              "Plan Rows": 48602,
                                                              "Plan Width": 29,
                                                              "Inner Unique": false,
                                                              "Hash Cond": "(store_sales.ss_sold_date_sk = date_dim.d_date_sk)",
                                                              "Plans": [
                                                                {
                                                                  "Node Type": "Seq Scan",
                                                                  "Parent Relationship": "Outer",
                                                                  "Parallel Aware": true,
                                                                  "Async Capable": false,
                                                                  "Relation Name": "store_sales",
                                                                  "Alias": "store_sales",
                                                                  "Startup Cost": 0.0,
                                                                  "Total Cost": 636914.37,
                                                                  "Plan Rows": 12000637,
                                                                  "Plan Width": 33,
                                                                  "parent": 16,
                                                                  "ID": 17
                                                                },
                                                                {
                                                                  "Node Type": "Hash",
                                                                  "Parent Relationship": "Inner",
                                                                  "Parallel Aware": true,
                                                                  "Async Capable": false,
                                                                  "Startup Cost": 2103.26,
                                                                  "Total Cost": 2103.26,
                                                                  "Plan Rows": 182,
                                                                  "Plan Width": 4,
                                                                  "Plans": [
                                                                    {
                                                                      "Node Type": "Seq Scan",
                                                                      "Parent Relationship": "Outer",
                                                                      "Parallel Aware": true,
                                                                      "Async Capable": false,
                                                                      "Relation Name": "date_dim",
                                                                      "Alias": "date_dim",
                                                                      "Startup Cost": 0.0,
                                                                      "Total Cost": 2103.26,
                                                                      "Plan Rows": 182,
                                                                      "Plan Width": 4,
                                                                      "Filter": "((d_dow = ANY ('{6,0}'::integer[])) AND (d_year = ANY ('{1999,2000,2001}'::integer[])))",
                                                                      "parent": 18,
                                                                      "ID": 19
                                                                    }
                                                                  ],
                                                                  "parent": 16,
                                                                  "ID": 18,
                                                                  "left": 19
                                                                }
                                                              ],
                                                              "parent": 15,
                                                              "ID": 16,
                                                              "left": 17,
                                                              "right": 18
                                                            },
                                                            {
                                                              "Node Type": "Hash",
                                                              "Parent Relationship": "Inner",
                                                              "Parallel Aware": false,
                                                              "Async Capable": false,
                                                              "Startup Cost": 161.0,
                                                              "Total Cost": 161.0,
                                                              "Plan Rows": 1800,
                                                              "Plan Width": 4,
                                                              "Plans": [
                                                                {
                                                                  "Node Type": "Seq Scan",
                                                                  "Parent Relationship": "Outer",
                                                                  "Parallel Aware": false,
                                                                  "Async Capable": false,
                                                                  "Relation Name": "household_demographics",
                                                                  "Alias": "household_demographics",
                                                                  "Startup Cost": 0.0,
                                                                  "Total Cost": 161.0,
                                                                  "Plan Rows": 1800,
                                                                  "Plan Width": 4,
                                                                  "Filter": "((hd_dep_count = 0) OR (hd_vehicle_count = 4))",
                                                                  "parent": 20,
                                                                  "ID": 21
                                                                }
                                                              ],
                                                              "parent": 15,
                                                              "ID": 20,
                                                              "left": 21
                                                            }
                                                          ],
                                                          "parent": 14,
                                                          "ID": 15,
                                                          "left": 16,
                                                          "right": 20
                                                        },
                                                        {
                                                          "Node Type": "Hash",
                                                          "Parent Relationship": "Inner",
                                                          "Parallel Aware": false,
                                                          "Async Capable": false,
                                                          "Startup Cost": 6.66,
                                                          "Total Cost": 6.66,
                                                          "Plan Rows": 72,
                                                          "Plan Width": 4,
                                                          "Plans": [
                                                            {
                                                              "Node Type": "Seq Scan",
                                                              "Parent Relationship": "Outer",
                                                              "Parallel Aware": false,
                                                              "Async Capable": false,
                                                              "Relation Name": "store",
                                                              "Alias": "store",
                                                              "Startup Cost": 0.0,
                                                              "Total Cost": 6.66,
                                                              "Plan Rows": 72,
                                                              "Plan Width": 4,
                                                              "Filter": "((s_city)::text = ANY ('{Midway,Fairview,Fairview,Midway,Midway}'::text[]))",
                                                              "parent": 22,
                                                              "ID": 23
                                                            }
                                                          ],
                                                          "parent": 14,
                                                          "ID": 22,
                                                          "left": 23
                                                        }
                                                      ],
                                                      "parent": 13,
                                                      "ID": 14,
                                                      "left": 15,
                                                      "right": 22
                                                    }
                                                  ],
                                                  "parent": 11,
                                                  "ID": 13,
                                                  "left": 14
                                                }
                                              ],
                                              "parent": 10,
                                              "ID": 11,
                                              "left": 12,
                                              "right": 13
                                            }
                                          ],
                                          "parent": 9,
                                          "ID": 10,
                                          "left": 11
                                        }
                                      ],
                                      "parent": 8,
                                      "ID": 9,
                                      "left": 10
                                    }
                                  ],
                                  "parent": 7,
                                  "ID": 8,
                                  "left": 9
                                }
                              ],
                              "parent": 6,
                              "ID": 7,
                              "left": 8
                            }
                          ],
                          "parent": 5,
                          "ID": 6,
                          "left": 7
                        },
                        {
                          "Node Type": "Hash",
                          "Parent Relationship": "Inner",
                          "Parallel Aware": false,
                          "Async Capable": false,
                          "Startup Cost": 18835.0,
                          "Total Cost": 18835.0,
                          "Plan Rows": 500000,
                          "Plan Width": 60,
                          "Plans": [
                            {
                              "Node Type": "Seq Scan",
                              "Parent Relationship": "Outer",
                              "Parallel Aware": false,
                              "Async Capable": false,
                              "Relation Name": "customer",
                              "Alias": "customer",
                              "Startup Cost": 0.0,
                              "Total Cost": 18835.0,
                              "Plan Rows": 500000,
                              "Plan Width": 60,
                              "parent": 24,
                              "ID": 25
                            }
                          ],
                          "parent": 5,
                          "ID": 24,
                          "left": 25
                        }
                      ],
                      "parent": 4,
                      "ID": 5,
                      "left": 6,
                      "right": 24
                    }
                  ],
                  "parent": 2,
                  "ID": 4,
                  "left": 5
                }
              ],
              "parent": 1,
              "ID": 2,
              "left": 3,
              "right": 4
            }
          ],
          "parent": 0,
          "ID": 1,
          "left": 2
        }
      ],
      "parent": null,
      "ID": 0,
      "left": 1
    },
    "feat": {
      "utility": 0.0028249506897963027,
      "query_shape": [
        [
          "Seq Scan",
          "Hash Join",
          "Sort"
        ],
        [
          "Seq Scan",
          "Hash Join",
          "Sort",
          "Aggregate",
          "Gather Merge",
          "Subquery Scan",
          "Hash"
        ],
        [
          "Seq Scan",
          "Hash Join",
          "Hash",
          "Sort",
          "Aggregate",
          "Gather Merge",
          "Subquery Scan"
        ],
        [
          "Seq Scan",
          "Hash",
          "Hash Join",
          "Sort",
          "Aggregate",
          "Gather Merge",
          "Subquery Scan"
        ],
        [
          "Seq Scan",
          "Hash",
          "Hash Join",
          "Sort",
          "Aggregate",
          "Gather Merge",
          "Subquery Scan"
        ],
        [
          "Seq Scan",
          "Hash",
          "Hash Join",
          "Sort",
          "Aggregate",
          "Gather Merge",
          "Subquery Scan"
        ],
        [
          "Seq Scan",
          "Hash",
          "Hash Join",
          "Sort"
        ]
      ],
      "index_shape": [
        "selection"
      ],
      "physical_operator": {
        "Seq Scan": [
          0.0024914783227696358
        ]
      }
    }
  },
  {
    "query": "select  c_last_name\n       ,c_first_name\n       ,ca_city\n       ,bought_city\n       ,ss_ticket_number\n       ,amt,profit \n from\n   (select ss_ticket_number\n          ,ss_customer_sk\n          ,ca_city bought_city\n          ,sum(ss_coupon_amt) amt\n          ,sum(ss_net_profit) profit\n    from store_sales,date_dim,store,household_demographics,customer_address \n    where store_sales.ss_sold_date_sk = date_dim.d_date_sk\n    and store_sales.ss_store_sk = store.s_store_sk  \n    and store_sales.ss_hdemo_sk = household_demographics.hd_demo_sk\n    and store_sales.ss_addr_sk = customer_address.ca_address_sk\n    and (household_demographics.hd_dep_count = 0 or\n         household_demographics.hd_vehicle_count= 4)\n    and date_dim.d_dow in (6,0)\n    and date_dim.d_year in (1999,1999+1,1999+2) \n    and store.s_city in ('Midway','Fairview','Fairview','Midway','Midway') \n    group by ss_ticket_number,ss_customer_sk,ss_addr_sk,ca_city) dn,customer,customer_address current_addr\n    where ss_customer_sk = c_customer_sk\n      and customer.c_current_addr_sk = current_addr.ca_address_sk\n      and current_addr.ca_city <> bought_city\n  order by c_last_name\n          ,c_first_name\n          ,ca_city\n          ,bought_city\n          ,ss_ticket_number\n  limit 100;\n\n-- end query 31 in stream 3 using template query46.tpl\n",
    "indexes": "date_dim.d_dow",
    "wo plan est": {
      "Node Type": "Limit",
      "Parallel Aware": false,
      "Async Capable": false,
      "Startup Cost": 742674.58,
      "Total Cost": 742674.83,
      "Plan Rows": 100,
      "Plan Width": 138,
      "Plans": [
        {
          "Node Type": "Sort",
          "Parent Relationship": "Outer",
          "Parallel Aware": false,
          "Async Capable": false,
          "Startup Cost": 742674.58,
          "Total Cost": 742719.28,
          "Plan Rows": 17880,
          "Plan Width": 138,
          "Sort Key": [
            "customer.c_last_name",
            "customer.c_first_name",
            "current_addr.ca_city",
            "dn.bought_city",
            "dn.ss_ticket_number"
          ],
          "Plans": [
            {
              "Node Type": "Hash Join",
              "Parent Relationship": "Outer",
              "Parallel Aware": false,
              "Async Capable": false,
              "Join Type": "Inner",
              "Startup Cost": 732894.87,
              "Total Cost": 741991.22,
              "Plan Rows": 17880,
              "Plan Width": 138,
              "Inner Unique": false,
              "Hash Cond": "(current_addr.ca_address_sk = customer.c_current_addr_sk)",
              "Join Filter": "((current_addr.ca_city)::text <> (dn.bought_city)::text)",
              "Plans": [
                {
                  "Node Type": "Seq Scan",
                  "Parent Relationship": "Outer",
                  "Parallel Aware": false,
                  "Async Capable": false,
                  "Relation Name": "customer_address",
                  "Alias": "current_addr",
                  "Startup Cost": 0.0,
                  "Total Cost": 7935.0,
                  "Plan Rows": 250000,
                  "Plan Width": 13,
                  "parent": 2,
                  "ID": 3
                },
                {
                  "Node Type": "Hash",
                  "Parent Relationship": "Inner",
                  "Parallel Aware": false,
                  "Async Capable": false,
                  "Startup Cost": 732671.02,
                  "Total Cost": 732671.02,
                  "Plan Rows": 17908,
                  "Plan Width": 133,
                  "Plans": [
                    {
                      "Node Type": "Hash Join",
                      "Parent Relationship": "Outer",
                      "Parallel Aware": false,
                      "Async Capable": false,
                      "Join Type": "Inner",
                      "Startup Cost": 723851.49,
                      "Total Cost": 732671.02,
                      "Plan Rows": 17908,
                      "Plan Width": 133,
                      "Inner Unique": false,
                      "Hash Cond": "(dn.ss_customer_sk = customer.c_customer_sk)",
                      "Plans": [
                        {
                          "Node Type": "Subquery Scan",
                          "Parent Relationship": "Outer",
                          "Parallel Aware": false,
                          "Async Capable": false,
                          "Alias": "dn",
                          "Startup Cost": 693394.49,
                          "Total Cost": 696105.78,
                          "Plan Rows": 17908,
                          "Plan Width": 81,
                          "Plans": [
                            {
                              "Node Type": "Aggregate",
                              "Strategy": "Sorted",
                              "Partial Mode": "Finalize",
                              "Parent Relationship": "Subquery",
                              "Parallel Aware": false,
                              "Async Capable": false,
                              "Startup Cost": 693394.49,
                              "Total Cost": 695926.7,
                              "Plan Rows": 17908,
                              "Plan Width": 85,
                              "Group Key": [
                                "store_sales.ss_ticket_number",
                                "store_sales.ss_customer_sk",
                                "store_sales.ss_addr_sk",
                                "customer_address.ca_city"
                              ],
                              "Plans": [
                                {
                                  "Node Type": "Gather Merge",
                                  "Parent Relationship": "Outer",
                                  "Parallel Aware": false,
                                  "Async Capable": false,
                                  "Startup Cost": 693394.49,
                                  "Total Cost": 695359.6,
                                  "Plan Rows": 14924,
                                  "Plan Width": 85,
                                  "Workers Planned": 2,
                                  "Plans": [
                                    {
                                      "Node Type": "Aggregate",
                                      "Strategy": "Sorted",
                                      "Partial Mode": "Partial",
                                      "Parent Relationship": "Outer",
                                      "Parallel Aware": false,
                                      "Async Capable": false,
                                      "Startup Cost": 692394.47,
                                      "Total Cost": 692636.98,
                                      "Plan Rows": 7462,
                                      "Plan Width": 85,
                                      "Group Key": [
                                        "store_sales.ss_ticket_number",
                                        "store_sales.ss_customer_sk",
                                        "store_sales.ss_addr_sk",
                                        "customer_address.ca_city"
                                      ],
                                      "Plans": [
                                        {
                                          "Node Type": "Sort",
                                          "Parent Relationship": "Outer",
                                          "Parallel Aware": false,
                                          "Async Capable": false,
                                          "Startup Cost": 692394.47,
                                          "Total Cost": 692413.12,
                                          "Plan Rows": 7462,
                                          "Plan Width": 30,
                                          "Sort Key": [
                                            "store_sales.ss_ticket_number",
                                            "store_sales.ss_customer_sk",
                                            "store_sales.ss_addr_sk",
                                            "customer_address.ca_city"
                                          ],
                                          "Plans": [
                                            {
                                              "Node Type": "Hash Join",
                                              "Parent Relationship": "Outer",
                                              "Parallel Aware": true,
                                              "Async Capable": false,
                                              "Join Type": "Inner",
                                              "Startup Cost": 685016.08,
                                              "Total Cost": 691914.46,
                                              "Plan Rows": 7462,
                                              "Plan Width": 30,
                                              "Inner Unique": false,
                                              "Hash Cond": "(customer_address.ca_address_sk = store_sales.ss_addr_sk)",
                                              "Plans": [
                                                {
                                                  "Node Type": "Seq Scan",
                                                  "Parent Relationship": "Outer",
                                                  "Parallel Aware": true,
                                                  "Async Capable": false,
                                                  "Relation Name": "customer_address",
                                                  "Alias": "customer_address",
                                                  "Startup Cost": 0.0,
                                                  "Total Cost": 6476.67,
                                                  "Plan Rows": 104167,
                                                  "Plan Width": 13,
                                                  "parent": 11,
                                                  "ID": 12
                                                },
                                                {
                                                  "Node Type": "Hash",
                                                  "Parent Relationship": "Inner",
                                                  "Parallel Aware": true,
                                                  "Async Capable": false,
                                                  "Startup Cost": 684918.45,
                                                  "Total Cost": 684918.45,
                                                  "Plan Rows": 7810,
                                                  "Plan Width": 21,
                                                  "Plans": [
                                                    {
                                                      "Node Type": "Hash Join",
                                                      "Parent Relationship": "Outer",
                                                      "Parallel Aware": false,
                                                      "Async Capable": false,
                                                      "Join Type": "Inner",
                                                      "Startup Cost": 2296.59,
                                                      "Total Cost": 684918.45,
                                                      "Plan Rows": 7810,
                                                      "Plan Width": 21,
                                                      "Inner Unique": false,
                                                      "Hash Cond": "(store_sales.ss_store_sk = store.s_store_sk)",
                                                      "Plans": [
                                                        {
                                                          "Node Type": "Hash Join",
                                                          "Parent Relationship": "Outer",
                                                          "Parallel Aware": false,
                                                          "Async Capable": false,
                                                          "Join Type": "Inner",
                                                          "Startup Cost": 2289.04,
                                                          "Total Cost": 684789.32,
                                                          "Plan Rows": 11593,
                                                          "Plan Width": 25,
                                                          "Inner Unique": false,
                                                          "Hash Cond": "(store_sales.ss_hdemo_sk = household_demographics.hd_demo_sk)",
                                                          "Plans": [
                                                            {
                                                              "Node Type": "Hash Join",
                                                              "Parent Relationship": "Outer",
                                                              "Parallel Aware": true,
                                                              "Async Capable": false,
                                                              "Join Type": "Inner",
                                                              "Startup Cost": 2105.54,
                                                              "Total Cost": 684307.63,
                                                              "Plan Rows": 48602,
                                                              "Plan Width": 29,
                                                              "Inner Unique": false,
                                                              "Hash Cond": "(store_sales.ss_sold_date_sk = date_dim.d_date_sk)",
                                                              "Plans": [
                                                                {
                                                                  "Node Type": "Seq Scan",
                                                                  "Parent Relationship": "Outer",
                                                                  "Parallel Aware": true,
                                                                  "Async Capable": false,
                                                                  "Relation Name": "store_sales",
                                                                  "Alias": "store_sales",
                                                                  "Startup Cost": 0.0,
                                                                  "Total Cost": 636914.37,
                                                                  "Plan Rows": 12000637,
                                                                  "Plan Width": 33,
                                                                  "parent": 16,
                                                                  "ID": 17
                                                                },
                                                                {
                                                                  "Node Type": "Hash",
                                                                  "Parent Relationship": "Inner",
                                                                  "Parallel Aware": true,
                                                                  "Async Capable": false,
                                                                  "Startup Cost": 2103.26,
                                                                  "Total Cost": 2103.26,
                                                                  "Plan Rows": 182,
                                                                  "Plan Width": 4,
                                                                  "Plans": [
                                                                    {
                                                                      "Node Type": "Seq Scan",
                                                                      "Parent Relationship": "Outer",
                                                                      "Parallel Aware": true,
                                                                      "Async Capable": false,
                                                                      "Relation Name": "date_dim",
                                                                      "Alias": "date_dim",
                                                                      "Startup Cost": 0.0,
                                                                      "Total Cost": 2103.26,
                                                                      "Plan Rows": 182,
                                                                      "Plan Width": 4,
                                                                      "Filter": "((d_dow = ANY ('{6,0}'::integer[])) AND (d_year = ANY ('{1999,2000,2001}'::integer[])))",
                                                                      "parent": 18,
                                                                      "ID": 19
                                                                    }
                                                                  ],
                                                                  "parent": 16,
                                                                  "ID": 18,
                                                                  "left": 19
                                                                }
                                                              ],
                                                              "parent": 15,
                                                              "ID": 16,
                                                              "left": 17,
                                                              "right": 18
                                                            },
                                                            {
                                                              "Node Type": "Hash",
                                                              "Parent Relationship": "Inner",
                                                              "Parallel Aware": false,
                                                              "Async Capable": false,
                                                              "Startup Cost": 161.0,
                                                              "Total Cost": 161.0,
                                                              "Plan Rows": 1800,
                                                              "Plan Width": 4,
                                                              "Plans": [
                                                                {
                                                                  "Node Type": "Seq Scan",
                                                                  "Parent Relationship": "Outer",
                                                                  "Parallel Aware": false,
                                                                  "Async Capable": false,
                                                                  "Relation Name": "household_demographics",
                                                                  "Alias": "household_demographics",
                                                                  "Startup Cost": 0.0,
                                                                  "Total Cost": 161.0,
                                                                  "Plan Rows": 1800,
                                                                  "Plan Width": 4,
                                                                  "Filter": "((hd_dep_count = 0) OR (hd_vehicle_count = 4))",
                                                                  "parent": 20,
                                                                  "ID": 21
                                                                }
                                                              ],
                                                              "parent": 15,
                                                              "ID": 20,
                                                              "left": 21
                                                            }
                                                          ],
                                                          "parent": 14,
                                                          "ID": 15,
                                                          "left": 16,
                                                          "right": 20
                                                        },
                                                        {
                                                          "Node Type": "Hash",
                                                          "Parent Relationship": "Inner",
                                                          "Parallel Aware": false,
                                                          "Async Capable": false,
                                                          "Startup Cost": 6.66,
                                                          "Total Cost": 6.66,
                                                          "Plan Rows": 72,
                                                          "Plan Width": 4,
                                                          "Plans": [
                                                            {
                                                              "Node Type": "Seq Scan",
                                                              "Parent Relationship": "Outer",
                                                              "Parallel Aware": false,
                                                              "Async Capable": false,
                                                              "Relation Name": "store",
                                                              "Alias": "store",
                                                              "Startup Cost": 0.0,
                                                              "Total Cost": 6.66,
                                                              "Plan Rows": 72,
                                                              "Plan Width": 4,
                                                              "Filter": "((s_city)::text = ANY ('{Midway,Fairview,Fairview,Midway,Midway}'::text[]))",
                                                              "parent": 22,
                                                              "ID": 23
                                                            }
                                                          ],
                                                          "parent": 14,
                                                          "ID": 22,
                                                          "left": 23
                                                        }
                                                      ],
                                                      "parent": 13,
                                                      "ID": 14,
                                                      "left": 15,
                                                      "right": 22
                                                    }
                                                  ],
                                                  "parent": 11,
                                                  "ID": 13,
                                                  "left": 14
                                                }
                                              ],
                                              "parent": 10,
                                              "ID": 11,
                                              "left": 12,
                                              "right": 13
                                            }
                                          ],
                                          "parent": 9,
                                          "ID": 10,
                                          "left": 11
                                        }
                                      ],
                                      "parent": 8,
                                      "ID": 9,
                                      "left": 10
                                    }
                                  ],
                                  "parent": 7,
                                  "ID": 8,
                                  "left": 9
                                }
                              ],
                              "parent": 6,
                              "ID": 7,
                              "left": 8
                            }
                          ],
                          "parent": 5,
                          "ID": 6,
                          "left": 7
                        },
                        {
                          "Node Type": "Hash",
                          "Parent Relationship": "Inner",
                          "Parallel Aware": false,
                          "Async Capable": false,
                          "Startup Cost": 18835.0,
                          "Total Cost": 18835.0,
                          "Plan Rows": 500000,
                          "Plan Width": 60,
                          "Plans": [
                            {
                              "Node Type": "Seq Scan",
                              "Parent Relationship": "Outer",
                              "Parallel Aware": false,
                              "Async Capable": false,
                              "Relation Name": "customer",
                              "Alias": "customer",
                              "Startup Cost": 0.0,
                              "Total Cost": 18835.0,
                              "Plan Rows": 500000,
                              "Plan Width": 60,
                              "parent": 24,
                              "ID": 25
                            }
                          ],
                          "parent": 5,
                          "ID": 24,
                          "left": 25
                        }
                      ],
                      "parent": 4,
                      "ID": 5,
                      "left": 6,
                      "right": 24
                    }
                  ],
                  "parent": 2,
                  "ID": 4,
                  "left": 5
                }
              ],
              "parent": 1,
              "ID": 2,
              "left": 3,
              "right": 4
            }
          ],
          "parent": 0,
          "ID": 1,
          "left": 2
        }
      ],
      "parent": null,
      "ID": 0,
      "left": 1
    },
    "feat": {
      "utility": 0.0028249506897963027,
      "query_shape": [
        [
          "Seq Scan",
          "Hash Join",
          "Sort"
        ],
        [
          "Seq Scan",
          "Hash Join",
          "Sort",
          "Aggregate",
          "Gather Merge",
          "Subquery Scan",
          "Hash"
        ],
        [
          "Seq Scan",
          "Hash Join",
          "Hash",
          "Sort",
          "Aggregate",
          "Gather Merge",
          "Subquery Scan"
        ],
        [
          "Seq Scan",
          "Hash",
          "Hash Join",
          "Sort",
          "Aggregate",
          "Gather Merge",
          "Subquery Scan"
        ],
        [
          "Seq Scan",
          "Hash",
          "Hash Join",
          "Sort",
          "Aggregate",
          "Gather Merge",
          "Subquery Scan"
        ],
        [
          "Seq Scan",
          "Hash",
          "Hash Join",
          "Sort",
          "Aggregate",
          "Gather Merge",
          "Subquery Scan"
        ],
        [
          "Seq Scan",
          "Hash",
          "Hash Join",
          "Sort"
        ]
      ],
      "index_shape": [
        "selection"
      ],
      "physical_operator": {
        "Seq Scan": [
          0.0024914783227696358
        ]
      }
    }
  },
  {
    "query": "select  c_last_name\n       ,c_first_name\n       ,ca_city\n       ,bought_city\n       ,ss_ticket_number\n       ,amt,profit \n from\n   (select ss_ticket_number\n          ,ss_customer_sk\n          ,ca_city bought_city\n          ,sum(ss_coupon_amt) amt\n          ,sum(ss_net_profit) profit\n    from store_sales,date_dim,store,household_demographics,customer_address \n    where store_sales.ss_sold_date_sk = date_dim.d_date_sk\n    and store_sales.ss_store_sk = store.s_store_sk  \n    and store_sales.ss_hdemo_sk = household_demographics.hd_demo_sk\n    and store_sales.ss_addr_sk = customer_address.ca_address_sk\n    and (household_demographics.hd_dep_count = 0 or\n         household_demographics.hd_vehicle_count= 4)\n    and date_dim.d_dow in (6,0)\n    and date_dim.d_year in (1999,1999+1,1999+2) \n    and store.s_city in ('Midway','Fairview','Fairview','Midway','Midway') \n    group by ss_ticket_number,ss_customer_sk,ss_addr_sk,ca_city) dn,customer,customer_address current_addr\n    where ss_customer_sk = c_customer_sk\n      and customer.c_current_addr_sk = current_addr.ca_address_sk\n      and current_addr.ca_city <> bought_city\n  order by c_last_name\n          ,c_first_name\n          ,ca_city\n          ,bought_city\n          ,ss_ticket_number\n  limit 100;\n\n-- end query 31 in stream 3 using template query46.tpl\n",
    "indexes": "date_dim.d_date_sk",
    "wo plan est": {
      "Node Type": "Limit",
      "Parallel Aware": false,
      "Async Capable": false,
      "Startup Cost": 742674.58,
      "Total Cost": 742674.83,
      "Plan Rows": 100,
      "Plan Width": 138,
      "Plans": [
        {
          "Node Type": "Sort",
          "Parent Relationship": "Outer",
          "Parallel Aware": false,
          "Async Capable": false,
          "Startup Cost": 742674.58,
          "Total Cost": 742719.28,
          "Plan Rows": 17880,
          "Plan Width": 138,
          "Sort Key": [
            "customer.c_last_name",
            "customer.c_first_name",
            "current_addr.ca_city",
            "dn.bought_city",
            "dn.ss_ticket_number"
          ],
          "Plans": [
            {
              "Node Type": "Hash Join",
              "Parent Relationship": "Outer",
              "Parallel Aware": false,
              "Async Capable": false,
              "Join Type": "Inner",
              "Startup Cost": 732894.87,
              "Total Cost": 741991.22,
              "Plan Rows": 17880,
              "Plan Width": 138,
              "Inner Unique": false,
              "Hash Cond": "(current_addr.ca_address_sk = customer.c_current_addr_sk)",
              "Join Filter": "((current_addr.ca_city)::text <> (dn.bought_city)::text)",
              "Plans": [
                {
                  "Node Type": "Seq Scan",
                  "Parent Relationship": "Outer",
                  "Parallel Aware": false,
                  "Async Capable": false,
                  "Relation Name": "customer_address",
                  "Alias": "current_addr",
                  "Startup Cost": 0.0,
                  "Total Cost": 7935.0,
                  "Plan Rows": 250000,
                  "Plan Width": 13,
                  "parent": 2,
                  "ID": 3
                },
                {
                  "Node Type": "Hash",
                  "Parent Relationship": "Inner",
                  "Parallel Aware": false,
                  "Async Capable": false,
                  "Startup Cost": 732671.02,
                  "Total Cost": 732671.02,
                  "Plan Rows": 17908,
                  "Plan Width": 133,
                  "Plans": [
                    {
                      "Node Type": "Hash Join",
                      "Parent Relationship": "Outer",
                      "Parallel Aware": false,
                      "Async Capable": false,
                      "Join Type": "Inner",
                      "Startup Cost": 723851.49,
                      "Total Cost": 732671.02,
                      "Plan Rows": 17908,
                      "Plan Width": 133,
                      "Inner Unique": false,
                      "Hash Cond": "(dn.ss_customer_sk = customer.c_customer_sk)",
                      "Plans": [
                        {
                          "Node Type": "Subquery Scan",
                          "Parent Relationship": "Outer",
                          "Parallel Aware": false,
                          "Async Capable": false,
                          "Alias": "dn",
                          "Startup Cost": 693394.49,
                          "Total Cost": 696105.78,
                          "Plan Rows": 17908,
                          "Plan Width": 81,
                          "Plans": [
                            {
                              "Node Type": "Aggregate",
                              "Strategy": "Sorted",
                              "Partial Mode": "Finalize",
                              "Parent Relationship": "Subquery",
                              "Parallel Aware": false,
                              "Async Capable": false,
                              "Startup Cost": 693394.49,
                              "Total Cost": 695926.7,
                              "Plan Rows": 17908,
                              "Plan Width": 85,
                              "Group Key": [
                                "store_sales.ss_ticket_number",
                                "store_sales.ss_customer_sk",
                                "store_sales.ss_addr_sk",
                                "customer_address.ca_city"
                              ],
                              "Plans": [
                                {
                                  "Node Type": "Gather Merge",
                                  "Parent Relationship": "Outer",
                                  "Parallel Aware": false,
                                  "Async Capable": false,
                                  "Startup Cost": 693394.49,
                                  "Total Cost": 695359.6,
                                  "Plan Rows": 14924,
                                  "Plan Width": 85,
                                  "Workers Planned": 2,
                                  "Plans": [
                                    {
                                      "Node Type": "Aggregate",
                                      "Strategy": "Sorted",
                                      "Partial Mode": "Partial",
                                      "Parent Relationship": "Outer",
                                      "Parallel Aware": false,
                                      "Async Capable": false,
                                      "Startup Cost": 692394.47,
                                      "Total Cost": 692636.98,
                                      "Plan Rows": 7462,
                                      "Plan Width": 85,
                                      "Group Key": [
                                        "store_sales.ss_ticket_number",
                                        "store_sales.ss_customer_sk",
                                        "store_sales.ss_addr_sk",
                                        "customer_address.ca_city"
                                      ],
                                      "Plans": [
                                        {
                                          "Node Type": "Sort",
                                          "Parent Relationship": "Outer",
                                          "Parallel Aware": false,
                                          "Async Capable": false,
                                          "Startup Cost": 692394.47,
                                          "Total Cost": 692413.12,
                                          "Plan Rows": 7462,
                                          "Plan Width": 30,
                                          "Sort Key": [
                                            "store_sales.ss_ticket_number",
                                            "store_sales.ss_customer_sk",
                                            "store_sales.ss_addr_sk",
                                            "customer_address.ca_city"
                                          ],
                                          "Plans": [
                                            {
                                              "Node Type": "Hash Join",
                                              "Parent Relationship": "Outer",
                                              "Parallel Aware": true,
                                              "Async Capable": false,
                                              "Join Type": "Inner",
                                              "Startup Cost": 685016.08,
                                              "Total Cost": 691914.46,
                                              "Plan Rows": 7462,
                                              "Plan Width": 30,
                                              "Inner Unique": false,
                                              "Hash Cond": "(customer_address.ca_address_sk = store_sales.ss_addr_sk)",
                                              "Plans": [
                                                {
                                                  "Node Type": "Seq Scan",
                                                  "Parent Relationship": "Outer",
                                                  "Parallel Aware": true,
                                                  "Async Capable": false,
                                                  "Relation Name": "customer_address",
                                                  "Alias": "customer_address",
                                                  "Startup Cost": 0.0,
                                                  "Total Cost": 6476.67,
                                                  "Plan Rows": 104167,
                                                  "Plan Width": 13,
                                                  "parent": 11,
                                                  "ID": 12
                                                },
                                                {
                                                  "Node Type": "Hash",
                                                  "Parent Relationship": "Inner",
                                                  "Parallel Aware": true,
                                                  "Async Capable": false,
                                                  "Startup Cost": 684918.45,
                                                  "Total Cost": 684918.45,
                                                  "Plan Rows": 7810,
                                                  "Plan Width": 21,
                                                  "Plans": [
                                                    {
                                                      "Node Type": "Hash Join",
                                                      "Parent Relationship": "Outer",
                                                      "Parallel Aware": false,
                                                      "Async Capable": false,
                                                      "Join Type": "Inner",
                                                      "Startup Cost": 2296.59,
                                                      "Total Cost": 684918.45,
                                                      "Plan Rows": 7810,
                                                      "Plan Width": 21,
                                                      "Inner Unique": false,
                                                      "Hash Cond": "(store_sales.ss_store_sk = store.s_store_sk)",
                                                      "Plans": [
                                                        {
                                                          "Node Type": "Hash Join",
                                                          "Parent Relationship": "Outer",
                                                          "Parallel Aware": false,
                                                          "Async Capable": false,
                                                          "Join Type": "Inner",
                                                          "Startup Cost": 2289.04,
                                                          "Total Cost": 684789.32,
                                                          "Plan Rows": 11593,
                                                          "Plan Width": 25,
                                                          "Inner Unique": false,
                                                          "Hash Cond": "(store_sales.ss_hdemo_sk = household_demographics.hd_demo_sk)",
                                                          "Plans": [
                                                            {
                                                              "Node Type": "Hash Join",
                                                              "Parent Relationship": "Outer",
                                                              "Parallel Aware": true,
                                                              "Async Capable": false,
                                                              "Join Type": "Inner",
                                                              "Startup Cost": 2105.54,
                                                              "Total Cost": 684307.63,
                                                              "Plan Rows": 48602,
                                                              "Plan Width": 29,
                                                              "Inner Unique": false,
                                                              "Hash Cond": "(store_sales.ss_sold_date_sk = date_dim.d_date_sk)",
                                                              "Plans": [
                                                                {
                                                                  "Node Type": "Seq Scan",
                                                                  "Parent Relationship": "Outer",
                                                                  "Parallel Aware": true,
                                                                  "Async Capable": false,
                                                                  "Relation Name": "store_sales",
                                                                  "Alias": "store_sales",
                                                                  "Startup Cost": 0.0,
                                                                  "Total Cost": 636914.37,
                                                                  "Plan Rows": 12000637,
                                                                  "Plan Width": 33,
                                                                  "parent": 16,
                                                                  "ID": 17
                                                                },
                                                                {
                                                                  "Node Type": "Hash",
                                                                  "Parent Relationship": "Inner",
                                                                  "Parallel Aware": true,
                                                                  "Async Capable": false,
                                                                  "Startup Cost": 2103.26,
                                                                  "Total Cost": 2103.26,
                                                                  "Plan Rows": 182,
                                                                  "Plan Width": 4,
                                                                  "Plans": [
                                                                    {
                                                                      "Node Type": "Seq Scan",
                                                                      "Parent Relationship": "Outer",
                                                                      "Parallel Aware": true,
                                                                      "Async Capable": false,
                                                                      "Relation Name": "date_dim",
                                                                      "Alias": "date_dim",
                                                                      "Startup Cost": 0.0,
                                                                      "Total Cost": 2103.26,
                                                                      "Plan Rows": 182,
                                                                      "Plan Width": 4,
                                                                      "Filter": "((d_dow = ANY ('{6,0}'::integer[])) AND (d_year = ANY ('{1999,2000,2001}'::integer[])))",
                                                                      "parent": 18,
                                                                      "ID": 19
                                                                    }
                                                                  ],
                                                                  "parent": 16,
                                                                  "ID": 18,
                                                                  "left": 19
                                                                }
                                                              ],
                                                              "parent": 15,
                                                              "ID": 16,
                                                              "left": 17,
                                                              "right": 18
                                                            },
                                                            {
                                                              "Node Type": "Hash",
                                                              "Parent Relationship": "Inner",
                                                              "Parallel Aware": false,
                                                              "Async Capable": false,
                                                              "Startup Cost": 161.0,
                                                              "Total Cost": 161.0,
                                                              "Plan Rows": 1800,
                                                              "Plan Width": 4,
                                                              "Plans": [
                                                                {
                                                                  "Node Type": "Seq Scan",
                                                                  "Parent Relationship": "Outer",
                                                                  "Parallel Aware": false,
                                                                  "Async Capable": false,
                                                                  "Relation Name": "household_demographics",
                                                                  "Alias": "household_demographics",
                                                                  "Startup Cost": 0.0,
                                                                  "Total Cost": 161.0,
                                                                  "Plan Rows": 1800,
                                                                  "Plan Width": 4,
                                                                  "Filter": "((hd_dep_count = 0) OR (hd_vehicle_count = 4))",
                                                                  "parent": 20,
                                                                  "ID": 21
                                                                }
                                                              ],
                                                              "parent": 15,
                                                              "ID": 20,
                                                              "left": 21
                                                            }
                                                          ],
                                                          "parent": 14,
                                                          "ID": 15,
                                                          "left": 16,
                                                          "right": 20
                                                        },
                                                        {
                                                          "Node Type": "Hash",
                                                          "Parent Relationship": "Inner",
                                                          "Parallel Aware": false,
                                                          "Async Capable": false,
                                                          "Startup Cost": 6.66,
                                                          "Total Cost": 6.66,
                                                          "Plan Rows": 72,
                                                          "Plan Width": 4,
                                                          "Plans": [
                                                            {
                                                              "Node Type": "Seq Scan",
                                                              "Parent Relationship": "Outer",
                                                              "Parallel Aware": false,
                                                              "Async Capable": false,
                                                              "Relation Name": "store",
                                                              "Alias": "store",
                                                              "Startup Cost": 0.0,
                                                              "Total Cost": 6.66,
                                                              "Plan Rows": 72,
                                                              "Plan Width": 4,
                                                              "Filter": "((s_city)::text = ANY ('{Midway,Fairview,Fairview,Midway,Midway}'::text[]))",
                                                              "parent": 22,
                                                              "ID": 23
                                                            }
                                                          ],
                                                          "parent": 14,
                                                          "ID": 22,
                                                          "left": 23
                                                        }
                                                      ],
                                                      "parent": 13,
                                                      "ID": 14,
                                                      "left": 15,
                                                      "right": 22
                                                    }
                                                  ],
                                                  "parent": 11,
                                                  "ID": 13,
                                                  "left": 14
                                                }
                                              ],
                                              "parent": 10,
                                              "ID": 11,
                                              "left": 12,
                                              "right": 13
                                            }
                                          ],
                                          "parent": 9,
                                          "ID": 10,
                                          "left": 11
                                        }
                                      ],
                                      "parent": 8,
                                      "ID": 9,
                                      "left": 10
                                    }
                                  ],
                                  "parent": 7,
                                  "ID": 8,
                                  "left": 9
                                }
                              ],
                              "parent": 6,
                              "ID": 7,
                              "left": 8
                            }
                          ],
                          "parent": 5,
                          "ID": 6,
                          "left": 7
                        },
                        {
                          "Node Type": "Hash",
                          "Parent Relationship": "Inner",
                          "Parallel Aware": false,
                          "Async Capable": false,
                          "Startup Cost": 18835.0,
                          "Total Cost": 18835.0,
                          "Plan Rows": 500000,
                          "Plan Width": 60,
                          "Plans": [
                            {
                              "Node Type": "Seq Scan",
                              "Parent Relationship": "Outer",
                              "Parallel Aware": false,
                              "Async Capable": false,
                              "Relation Name": "customer",
                              "Alias": "customer",
                              "Startup Cost": 0.0,
                              "Total Cost": 18835.0,
                              "Plan Rows": 500000,
                              "Plan Width": 60,
                              "parent": 24,
                              "ID": 25
                            }
                          ],
                          "parent": 5,
                          "ID": 24,
                          "left": 25
                        }
                      ],
                      "parent": 4,
                      "ID": 5,
                      "left": 6,
                      "right": 24
                    }
                  ],
                  "parent": 2,
                  "ID": 4,
                  "left": 5
                }
              ],
              "parent": 1,
              "ID": 2,
              "left": 3,
              "right": 4
            }
          ],
          "parent": 0,
          "ID": 1,
          "left": 2
        }
      ],
      "parent": null,
      "ID": 0,
      "left": 1
    },
    "feat": {
      "utility": 0.02524139740667229,
      "query_shape": [
        [
          "Seq Scan",
          "Hash Join",
          "Sort"
        ],
        [
          "Seq Scan",
          "Hash Join",
          "Sort",
          "Aggregate",
          "Gather Merge",
          "Subquery Scan",
          "Hash"
        ],
        [
          "Seq Scan",
          "Hash Join",
          "Hash",
          "Sort",
          "Aggregate",
          "Gather Merge",
          "Subquery Scan"
        ],
        [
          "Seq Scan",
          "Hash",
          "Hash Join",
          "Sort",
          "Aggregate",
          "Gather Merge",
          "Subquery Scan"
        ],
        [
          "Seq Scan",
          "Hash",
          "Hash Join",
          "Sort",
          "Aggregate",
          "Gather Merge",
          "Subquery Scan"
        ],
        [
          "Seq Scan",
          "Hash",
          "Hash Join",
          "Sort",
          "Aggregate",
          "Gather Merge",
          "Subquery Scan"
        ],
        [
          "Seq Scan",
          "Hash",
          "Hash Join",
          "Sort"
        ]
      ],
      "index_shape": [
        "join"
      ],
      "physical_operator": {
        "Hash Join": [
          0.0047172536255490685
        ]
      }
    }
  },
  {
    "query": "select  c_last_name\n       ,c_first_name\n       ,ca_city\n       ,bought_city\n       ,ss_ticket_number\n       ,amt,profit \n from\n   (select ss_ticket_number\n          ,ss_customer_sk\n          ,ca_city bought_city\n          ,sum(ss_coupon_amt) amt\n          ,sum(ss_net_profit) profit\n    from store_sales,date_dim,store,household_demographics,customer_address \n    where store_sales.ss_sold_date_sk = date_dim.d_date_sk\n    and store_sales.ss_store_sk = store.s_store_sk  \n    and store_sales.ss_hdemo_sk = household_demographics.hd_demo_sk\n    and store_sales.ss_addr_sk = customer_address.ca_address_sk\n    and (household_demographics.hd_dep_count = 0 or\n         household_demographics.hd_vehicle_count= 4)\n    and date_dim.d_dow in (6,0)\n    and date_dim.d_year in (1999,1999+1,1999+2) \n    and store.s_city in ('Midway','Fairview','Fairview','Midway','Midway') \n    group by ss_ticket_number,ss_customer_sk,ss_addr_sk,ca_city) dn,customer,customer_address current_addr\n    where ss_customer_sk = c_customer_sk\n      and customer.c_current_addr_sk = current_addr.ca_address_sk\n      and current_addr.ca_city <> bought_city\n  order by c_last_name\n          ,c_first_name\n          ,ca_city\n          ,bought_city\n          ,ss_ticket_number\n  limit 100;\n\n-- end query 31 in stream 3 using template query46.tpl\n",
    "indexes": "date_dim.d_date",
    "wo plan est": {
      "Node Type": "Limit",
      "Parallel Aware": false,
      "Async Capable": false,
      "Startup Cost": 742674.58,
      "Total Cost": 742674.83,
      "Plan Rows": 100,
      "Plan Width": 138,
      "Plans": [
        {
          "Node Type": "Sort",
          "Parent Relationship": "Outer",
          "Parallel Aware": false,
          "Async Capable": false,
          "Startup Cost": 742674.58,
          "Total Cost": 742719.28,
          "Plan Rows": 17880,
          "Plan Width": 138,
          "Sort Key": [
            "customer.c_last_name",
            "customer.c_first_name",
            "current_addr.ca_city",
            "dn.bought_city",
            "dn.ss_ticket_number"
          ],
          "Plans": [
            {
              "Node Type": "Hash Join",
              "Parent Relationship": "Outer",
              "Parallel Aware": false,
              "Async Capable": false,
              "Join Type": "Inner",
              "Startup Cost": 732894.87,
              "Total Cost": 741991.22,
              "Plan Rows": 17880,
              "Plan Width": 138,
              "Inner Unique": false,
              "Hash Cond": "(current_addr.ca_address_sk = customer.c_current_addr_sk)",
              "Join Filter": "((current_addr.ca_city)::text <> (dn.bought_city)::text)",
              "Plans": [
                {
                  "Node Type": "Seq Scan",
                  "Parent Relationship": "Outer",
                  "Parallel Aware": false,
                  "Async Capable": false,
                  "Relation Name": "customer_address",
                  "Alias": "current_addr",
                  "Startup Cost": 0.0,
                  "Total Cost": 7935.0,
                  "Plan Rows": 250000,
                  "Plan Width": 13,
                  "parent": 2,
                  "ID": 3
                },
                {
                  "Node Type": "Hash",
                  "Parent Relationship": "Inner",
                  "Parallel Aware": false,
                  "Async Capable": false,
                  "Startup Cost": 732671.02,
                  "Total Cost": 732671.02,
                  "Plan Rows": 17908,
                  "Plan Width": 133,
                  "Plans": [
                    {
                      "Node Type": "Hash Join",
                      "Parent Relationship": "Outer",
                      "Parallel Aware": false,
                      "Async Capable": false,
                      "Join Type": "Inner",
                      "Startup Cost": 723851.49,
                      "Total Cost": 732671.02,
                      "Plan Rows": 17908,
                      "Plan Width": 133,
                      "Inner Unique": false,
                      "Hash Cond": "(dn.ss_customer_sk = customer.c_customer_sk)",
                      "Plans": [
                        {
                          "Node Type": "Subquery Scan",
                          "Parent Relationship": "Outer",
                          "Parallel Aware": false,
                          "Async Capable": false,
                          "Alias": "dn",
                          "Startup Cost": 693394.49,
                          "Total Cost": 696105.78,
                          "Plan Rows": 17908,
                          "Plan Width": 81,
                          "Plans": [
                            {
                              "Node Type": "Aggregate",
                              "Strategy": "Sorted",
                              "Partial Mode": "Finalize",
                              "Parent Relationship": "Subquery",
                              "Parallel Aware": false,
                              "Async Capable": false,
                              "Startup Cost": 693394.49,
                              "Total Cost": 695926.7,
                              "Plan Rows": 17908,
                              "Plan Width": 85,
                              "Group Key": [
                                "store_sales.ss_ticket_number",
                                "store_sales.ss_customer_sk",
                                "store_sales.ss_addr_sk",
                                "customer_address.ca_city"
                              ],
                              "Plans": [
                                {
                                  "Node Type": "Gather Merge",
                                  "Parent Relationship": "Outer",
                                  "Parallel Aware": false,
                                  "Async Capable": false,
                                  "Startup Cost": 693394.49,
                                  "Total Cost": 695359.6,
                                  "Plan Rows": 14924,
                                  "Plan Width": 85,
                                  "Workers Planned": 2,
                                  "Plans": [
                                    {
                                      "Node Type": "Aggregate",
                                      "Strategy": "Sorted",
                                      "Partial Mode": "Partial",
                                      "Parent Relationship": "Outer",
                                      "Parallel Aware": false,
                                      "Async Capable": false,
                                      "Startup Cost": 692394.47,
                                      "Total Cost": 692636.98,
                                      "Plan Rows": 7462,
                                      "Plan Width": 85,
                                      "Group Key": [
                                        "store_sales.ss_ticket_number",
                                        "store_sales.ss_customer_sk",
                                        "store_sales.ss_addr_sk",
                                        "customer_address.ca_city"
                                      ],
                                      "Plans": [
                                        {
                                          "Node Type": "Sort",
                                          "Parent Relationship": "Outer",
                                          "Parallel Aware": false,
                                          "Async Capable": false,
                                          "Startup Cost": 692394.47,
                                          "Total Cost": 692413.12,
                                          "Plan Rows": 7462,
                                          "Plan Width": 30,
                                          "Sort Key": [
                                            "store_sales.ss_ticket_number",
                                            "store_sales.ss_customer_sk",
                                            "store_sales.ss_addr_sk",
                                            "customer_address.ca_city"
                                          ],
                                          "Plans": [
                                            {
                                              "Node Type": "Hash Join",
                                              "Parent Relationship": "Outer",
                                              "Parallel Aware": true,
                                              "Async Capable": false,
                                              "Join Type": "Inner",
                                              "Startup Cost": 685016.08,
                                              "Total Cost": 691914.46,
                                              "Plan Rows": 7462,
                                              "Plan Width": 30,
                                              "Inner Unique": false,
                                              "Hash Cond": "(customer_address.ca_address_sk = store_sales.ss_addr_sk)",
                                              "Plans": [
                                                {
                                                  "Node Type": "Seq Scan",
                                                  "Parent Relationship": "Outer",
                                                  "Parallel Aware": true,
                                                  "Async Capable": false,
                                                  "Relation Name": "customer_address",
                                                  "Alias": "customer_address",
                                                  "Startup Cost": 0.0,
                                                  "Total Cost": 6476.67,
                                                  "Plan Rows": 104167,
                                                  "Plan Width": 13,
                                                  "parent": 11,
                                                  "ID": 12
                                                },
                                                {
                                                  "Node Type": "Hash",
                                                  "Parent Relationship": "Inner",
                                                  "Parallel Aware": true,
                                                  "Async Capable": false,
                                                  "Startup Cost": 684918.45,
                                                  "Total Cost": 684918.45,
                                                  "Plan Rows": 7810,
                                                  "Plan Width": 21,
                                                  "Plans": [
                                                    {
                                                      "Node Type": "Hash Join",
                                                      "Parent Relationship": "Outer",
                                                      "Parallel Aware": false,
                                                      "Async Capable": false,
                                                      "Join Type": "Inner",
                                                      "Startup Cost": 2296.59,
                                                      "Total Cost": 684918.45,
                                                      "Plan Rows": 7810,
                                                      "Plan Width": 21,
                                                      "Inner Unique": false,
                                                      "Hash Cond": "(store_sales.ss_store_sk = store.s_store_sk)",
                                                      "Plans": [
                                                        {
                                                          "Node Type": "Hash Join",
                                                          "Parent Relationship": "Outer",
                                                          "Parallel Aware": false,
                                                          "Async Capable": false,
                                                          "Join Type": "Inner",
                                                          "Startup Cost": 2289.04,
                                                          "Total Cost": 684789.32,
                                                          "Plan Rows": 11593,
                                                          "Plan Width": 25,
                                                          "Inner Unique": false,
                                                          "Hash Cond": "(store_sales.ss_hdemo_sk = household_demographics.hd_demo_sk)",
                                                          "Plans": [
                                                            {
                                                              "Node Type": "Hash Join",
                                                              "Parent Relationship": "Outer",
                                                              "Parallel Aware": true,
                                                              "Async Capable": false,
                                                              "Join Type": "Inner",
                                                              "Startup Cost": 2105.54,
                                                              "Total Cost": 684307.63,
                                                              "Plan Rows": 48602,
                                                              "Plan Width": 29,
                                                              "Inner Unique": false,
                                                              "Hash Cond": "(store_sales.ss_sold_date_sk = date_dim.d_date_sk)",
                                                              "Plans": [
                                                                {
                                                                  "Node Type": "Seq Scan",
                                                                  "Parent Relationship": "Outer",
                                                                  "Parallel Aware": true,
                                                                  "Async Capable": false,
                                                                  "Relation Name": "store_sales",
                                                                  "Alias": "store_sales",
                                                                  "Startup Cost": 0.0,
                                                                  "Total Cost": 636914.37,
                                                                  "Plan Rows": 12000637,
                                                                  "Plan Width": 33,
                                                                  "parent": 16,
                                                                  "ID": 17
                                                                },
                                                                {
                                                                  "Node Type": "Hash",
                                                                  "Parent Relationship": "Inner",
                                                                  "Parallel Aware": true,
                                                                  "Async Capable": false,
                                                                  "Startup Cost": 2103.26,
                                                                  "Total Cost": 2103.26,
                                                                  "Plan Rows": 182,
                                                                  "Plan Width": 4,
                                                                  "Plans": [
                                                                    {
                                                                      "Node Type": "Seq Scan",
                                                                      "Parent Relationship": "Outer",
                                                                      "Parallel Aware": true,
                                                                      "Async Capable": false,
                                                                      "Relation Name": "date_dim",
                                                                      "Alias": "date_dim",
                                                                      "Startup Cost": 0.0,
                                                                      "Total Cost": 2103.26,
                                                                      "Plan Rows": 182,
                                                                      "Plan Width": 4,
                                                                      "Filter": "((d_dow = ANY ('{6,0}'::integer[])) AND (d_year = ANY ('{1999,2000,2001}'::integer[])))",
                                                                      "parent": 18,
                                                                      "ID": 19
                                                                    }
                                                                  ],
                                                                  "parent": 16,
                                                                  "ID": 18,
                                                                  "left": 19
                                                                }
                                                              ],
                                                              "parent": 15,
                                                              "ID": 16,
                                                              "left": 17,
                                                              "right": 18
                                                            },
                                                            {
                                                              "Node Type": "Hash",
                                                              "Parent Relationship": "Inner",
                                                              "Parallel Aware": false,
                                                              "Async Capable": false,
                                                              "Startup Cost": 161.0,
                                                              "Total Cost": 161.0,
                                                              "Plan Rows": 1800,
                                                              "Plan Width": 4,
                                                              "Plans": [
                                                                {
                                                                  "Node Type": "Seq Scan",
                                                                  "Parent Relationship": "Outer",
                                                                  "Parallel Aware": false,
                                                                  "Async Capable": false,
                                                                  "Relation Name": "household_demographics",
                                                                  "Alias": "household_demographics",
                                                                  "Startup Cost": 0.0,
                                                                  "Total Cost": 161.0,
                                                                  "Plan Rows": 1800,
                                                                  "Plan Width": 4,
                                                                  "Filter": "((hd_dep_count = 0) OR (hd_vehicle_count = 4))",
                                                                  "parent": 20,
                                                                  "ID": 21
                                                                }
                                                              ],
                                                              "parent": 15,
                                                              "ID": 20,
                                                              "left": 21
                                                            }
                                                          ],
                                                          "parent": 14,
                                                          "ID": 15,
                                                          "left": 16,
                                                          "right": 20
                                                        },
                                                        {
                                                          "Node Type": "Hash",
                                                          "Parent Relationship": "Inner",
                                                          "Parallel Aware": false,
                                                          "Async Capable": false,
                                                          "Startup Cost": 6.66,
                                                          "Total Cost": 6.66,
                                                          "Plan Rows": 72,
                                                          "Plan Width": 4,
                                                          "Plans": [
                                                            {
                                                              "Node Type": "Seq Scan",
                                                              "Parent Relationship": "Outer",
                                                              "Parallel Aware": false,
                                                              "Async Capable": false,
                                                              "Relation Name": "store",
                                                              "Alias": "store",
                                                              "Startup Cost": 0.0,
                                                              "Total Cost": 6.66,
                                                              "Plan Rows": 72,
                                                              "Plan Width": 4,
                                                              "Filter": "((s_city)::text = ANY ('{Midway,Fairview,Fairview,Midway,Midway}'::text[]))",
                                                              "parent": 22,
                                                              "ID": 23
                                                            }
                                                          ],
                                                          "parent": 14,
                                                          "ID": 22,
                                                          "left": 23
                                                        }
                                                      ],
                                                      "parent": 13,
                                                      "ID": 14,
                                                      "left": 15,
                                                      "right": 22
                                                    }
                                                  ],
                                                  "parent": 11,
                                                  "ID": 13,
                                                  "left": 14
                                                }
                                              ],
                                              "parent": 10,
                                              "ID": 11,
                                              "left": 12,
                                              "right": 13
                                            }
                                          ],
                                          "parent": 9,
                                          "ID": 10,
                                          "left": 11
                                        }
                                      ],
                                      "parent": 8,
                                      "ID": 9,
                                      "left": 10
                                    }
                                  ],
                                  "parent": 7,
                                  "ID": 8,
                                  "left": 9
                                }
                              ],
                              "parent": 6,
                              "ID": 7,
                              "left": 8
                            }
                          ],
                          "parent": 5,
                          "ID": 6,
                          "left": 7
                        },
                        {
                          "Node Type": "Hash",
                          "Parent Relationship": "Inner",
                          "Parallel Aware": false,
                          "Async Capable": false,
                          "Startup Cost": 18835.0,
                          "Total Cost": 18835.0,
                          "Plan Rows": 500000,
                          "Plan Width": 60,
                          "Plans": [
                            {
                              "Node Type": "Seq Scan",
                              "Parent Relationship": "Outer",
                              "Parallel Aware": false,
                              "Async Capable": false,
                              "Relation Name": "customer",
                              "Alias": "customer",
                              "Startup Cost": 0.0,
                              "Total Cost": 18835.0,
                              "Plan Rows": 500000,
                              "Plan Width": 60,
                              "parent": 24,
                              "ID": 25
                            }
                          ],
                          "parent": 5,
                          "ID": 24,
                          "left": 25
                        }
                      ],
                      "parent": 4,
                      "ID": 5,
                      "left": 6,
                      "right": 24
                    }
                  ],
                  "parent": 2,
                  "ID": 4,
                  "left": 5
                }
              ],
              "parent": 1,
              "ID": 2,
              "left": 3,
              "right": 4
            }
          ],
          "parent": 0,
          "ID": 1,
          "left": 2
        }
      ],
      "parent": null,
      "ID": 0,
      "left": 1
    },
    "feat": {
      "utility": 0.02524139740667229,
      "query_shape": [
        [
          "Seq Scan",
          "Hash Join",
          "Sort"
        ],
        [
          "Seq Scan",
          "Hash Join",
          "Sort",
          "Aggregate",
          "Gather Merge",
          "Subquery Scan",
          "Hash"
        ],
        [
          "Seq Scan",
          "Hash Join",
          "Hash",
          "Sort",
          "Aggregate",
          "Gather Merge",
          "Subquery Scan"
        ],
        [
          "Seq Scan",
          "Hash",
          "Hash Join",
          "Sort",
          "Aggregate",
          "Gather Merge",
          "Subquery Scan"
        ],
        [
          "Seq Scan",
          "Hash",
          "Hash Join",
          "Sort",
          "Aggregate",
          "Gather Merge",
          "Subquery Scan"
        ],
        [
          "Seq Scan",
          "Hash",
          "Hash Join",
          "Sort",
          "Aggregate",
          "Gather Merge",
          "Subquery Scan"
        ],
        [
          "Seq Scan",
          "Hash",
          "Hash Join",
          "Sort"
        ]
      ],
      "index_shape": [
        "join"
      ],
      "physical_operator": {
        "Hash Join": [
          0.0047172536255490685
        ]
      }
    }
  },
  {
    "query": "select  c_last_name\n       ,c_first_name\n       ,ca_city\n       ,bought_city\n       ,ss_ticket_number\n       ,amt,profit \n from\n   (select ss_ticket_number\n          ,ss_customer_sk\n          ,ca_city bought_city\n          ,sum(ss_coupon_amt) amt\n          ,sum(ss_net_profit) profit\n    from store_sales,date_dim,store,household_demographics,customer_address \n    where store_sales.ss_sold_date_sk = date_dim.d_date_sk\n    and store_sales.ss_store_sk = store.s_store_sk  \n    and store_sales.ss_hdemo_sk = household_demographics.hd_demo_sk\n    and store_sales.ss_addr_sk = customer_address.ca_address_sk\n    and (household_demographics.hd_dep_count = 0 or\n         household_demographics.hd_vehicle_count= 4)\n    and date_dim.d_dow in (6,0)\n    and date_dim.d_year in (1999,1999+1,1999+2) \n    and store.s_city in ('Midway','Fairview','Fairview','Midway','Midway') \n    group by ss_ticket_number,ss_customer_sk,ss_addr_sk,ca_city) dn,customer,customer_address current_addr\n    where ss_customer_sk = c_customer_sk\n      and customer.c_current_addr_sk = current_addr.ca_address_sk\n      and current_addr.ca_city <> bought_city\n  order by c_last_name\n          ,c_first_name\n          ,ca_city\n          ,bought_city\n          ,ss_ticket_number\n  limit 100;\n\n-- end query 31 in stream 3 using template query46.tpl\n",
    "indexes": "household_demographics.hd_demo_sk",
    "wo plan est": {
      "Node Type": "Limit",
      "Parallel Aware": false,
      "Async Capable": false,
      "Startup Cost": 742674.58,
      "Total Cost": 742674.83,
      "Plan Rows": 100,
      "Plan Width": 138,
      "Plans": [
        {
          "Node Type": "Sort",
          "Parent Relationship": "Outer",
          "Parallel Aware": false,
          "Async Capable": false,
          "Startup Cost": 742674.58,
          "Total Cost": 742719.28,
          "Plan Rows": 17880,
          "Plan Width": 138,
          "Sort Key": [
            "customer.c_last_name",
            "customer.c_first_name",
            "current_addr.ca_city",
            "dn.bought_city",
            "dn.ss_ticket_number"
          ],
          "Plans": [
            {
              "Node Type": "Hash Join",
              "Parent Relationship": "Outer",
              "Parallel Aware": false,
              "Async Capable": false,
              "Join Type": "Inner",
              "Startup Cost": 732894.87,
              "Total Cost": 741991.22,
              "Plan Rows": 17880,
              "Plan Width": 138,
              "Inner Unique": false,
              "Hash Cond": "(current_addr.ca_address_sk = customer.c_current_addr_sk)",
              "Join Filter": "((current_addr.ca_city)::text <> (dn.bought_city)::text)",
              "Plans": [
                {
                  "Node Type": "Seq Scan",
                  "Parent Relationship": "Outer",
                  "Parallel Aware": false,
                  "Async Capable": false,
                  "Relation Name": "customer_address",
                  "Alias": "current_addr",
                  "Startup Cost": 0.0,
                  "Total Cost": 7935.0,
                  "Plan Rows": 250000,
                  "Plan Width": 13,
                  "parent": 2,
                  "ID": 3
                },
                {
                  "Node Type": "Hash",
                  "Parent Relationship": "Inner",
                  "Parallel Aware": false,
                  "Async Capable": false,
                  "Startup Cost": 732671.02,
                  "Total Cost": 732671.02,
                  "Plan Rows": 17908,
                  "Plan Width": 133,
                  "Plans": [
                    {
                      "Node Type": "Hash Join",
                      "Parent Relationship": "Outer",
                      "Parallel Aware": false,
                      "Async Capable": false,
                      "Join Type": "Inner",
                      "Startup Cost": 723851.49,
                      "Total Cost": 732671.02,
                      "Plan Rows": 17908,
                      "Plan Width": 133,
                      "Inner Unique": false,
                      "Hash Cond": "(dn.ss_customer_sk = customer.c_customer_sk)",
                      "Plans": [
                        {
                          "Node Type": "Subquery Scan",
                          "Parent Relationship": "Outer",
                          "Parallel Aware": false,
                          "Async Capable": false,
                          "Alias": "dn",
                          "Startup Cost": 693394.49,
                          "Total Cost": 696105.78,
                          "Plan Rows": 17908,
                          "Plan Width": 81,
                          "Plans": [
                            {
                              "Node Type": "Aggregate",
                              "Strategy": "Sorted",
                              "Partial Mode": "Finalize",
                              "Parent Relationship": "Subquery",
                              "Parallel Aware": false,
                              "Async Capable": false,
                              "Startup Cost": 693394.49,
                              "Total Cost": 695926.7,
                              "Plan Rows": 17908,
                              "Plan Width": 85,
                              "Group Key": [
                                "store_sales.ss_ticket_number",
                                "store_sales.ss_customer_sk",
                                "store_sales.ss_addr_sk",
                                "customer_address.ca_city"
                              ],
                              "Plans": [
                                {
                                  "Node Type": "Gather Merge",
                                  "Parent Relationship": "Outer",
                                  "Parallel Aware": false,
                                  "Async Capable": false,
                                  "Startup Cost": 693394.49,
                                  "Total Cost": 695359.6,
                                  "Plan Rows": 14924,
                                  "Plan Width": 85,
                                  "Workers Planned": 2,
                                  "Plans": [
                                    {
                                      "Node Type": "Aggregate",
                                      "Strategy": "Sorted",
                                      "Partial Mode": "Partial",
                                      "Parent Relationship": "Outer",
                                      "Parallel Aware": false,
                                      "Async Capable": false,
                                      "Startup Cost": 692394.47,
                                      "Total Cost": 692636.98,
                                      "Plan Rows": 7462,
                                      "Plan Width": 85,
                                      "Group Key": [
                                        "store_sales.ss_ticket_number",
                                        "store_sales.ss_customer_sk",
                                        "store_sales.ss_addr_sk",
                                        "customer_address.ca_city"
                                      ],
                                      "Plans": [
                                        {
                                          "Node Type": "Sort",
                                          "Parent Relationship": "Outer",
                                          "Parallel Aware": false,
                                          "Async Capable": false,
                                          "Startup Cost": 692394.47,
                                          "Total Cost": 692413.12,
                                          "Plan Rows": 7462,
                                          "Plan Width": 30,
                                          "Sort Key": [
                                            "store_sales.ss_ticket_number",
                                            "store_sales.ss_customer_sk",
                                            "store_sales.ss_addr_sk",
                                            "customer_address.ca_city"
                                          ],
                                          "Plans": [
                                            {
                                              "Node Type": "Hash Join",
                                              "Parent Relationship": "Outer",
                                              "Parallel Aware": true,
                                              "Async Capable": false,
                                              "Join Type": "Inner",
                                              "Startup Cost": 685016.08,
                                              "Total Cost": 691914.46,
                                              "Plan Rows": 7462,
                                              "Plan Width": 30,
                                              "Inner Unique": false,
                                              "Hash Cond": "(customer_address.ca_address_sk = store_sales.ss_addr_sk)",
                                              "Plans": [
                                                {
                                                  "Node Type": "Seq Scan",
                                                  "Parent Relationship": "Outer",
                                                  "Parallel Aware": true,
                                                  "Async Capable": false,
                                                  "Relation Name": "customer_address",
                                                  "Alias": "customer_address",
                                                  "Startup Cost": 0.0,
                                                  "Total Cost": 6476.67,
                                                  "Plan Rows": 104167,
                                                  "Plan Width": 13,
                                                  "parent": 11,
                                                  "ID": 12
                                                },
                                                {
                                                  "Node Type": "Hash",
                                                  "Parent Relationship": "Inner",
                                                  "Parallel Aware": true,
                                                  "Async Capable": false,
                                                  "Startup Cost": 684918.45,
                                                  "Total Cost": 684918.45,
                                                  "Plan Rows": 7810,
                                                  "Plan Width": 21,
                                                  "Plans": [
                                                    {
                                                      "Node Type": "Hash Join",
                                                      "Parent Relationship": "Outer",
                                                      "Parallel Aware": false,
                                                      "Async Capable": false,
                                                      "Join Type": "Inner",
                                                      "Startup Cost": 2296.59,
                                                      "Total Cost": 684918.45,
                                                      "Plan Rows": 7810,
                                                      "Plan Width": 21,
                                                      "Inner Unique": false,
                                                      "Hash Cond": "(store_sales.ss_store_sk = store.s_store_sk)",
                                                      "Plans": [
                                                        {
                                                          "Node Type": "Hash Join",
                                                          "Parent Relationship": "Outer",
                                                          "Parallel Aware": false,
                                                          "Async Capable": false,
                                                          "Join Type": "Inner",
                                                          "Startup Cost": 2289.04,
                                                          "Total Cost": 684789.32,
                                                          "Plan Rows": 11593,
                                                          "Plan Width": 25,
                                                          "Inner Unique": false,
                                                          "Hash Cond": "(store_sales.ss_hdemo_sk = household_demographics.hd_demo_sk)",
                                                          "Plans": [
                                                            {
                                                              "Node Type": "Hash Join",
                                                              "Parent Relationship": "Outer",
                                                              "Parallel Aware": true,
                                                              "Async Capable": false,
                                                              "Join Type": "Inner",
                                                              "Startup Cost": 2105.54,
                                                              "Total Cost": 684307.63,
                                                              "Plan Rows": 48602,
                                                              "Plan Width": 29,
                                                              "Inner Unique": false,
                                                              "Hash Cond": "(store_sales.ss_sold_date_sk = date_dim.d_date_sk)",
                                                              "Plans": [
                                                                {
                                                                  "Node Type": "Seq Scan",
                                                                  "Parent Relationship": "Outer",
                                                                  "Parallel Aware": true,
                                                                  "Async Capable": false,
                                                                  "Relation Name": "store_sales",
                                                                  "Alias": "store_sales",
                                                                  "Startup Cost": 0.0,
                                                                  "Total Cost": 636914.37,
                                                                  "Plan Rows": 12000637,
                                                                  "Plan Width": 33,
                                                                  "parent": 16,
                                                                  "ID": 17
                                                                },
                                                                {
                                                                  "Node Type": "Hash",
                                                                  "Parent Relationship": "Inner",
                                                                  "Parallel Aware": true,
                                                                  "Async Capable": false,
                                                                  "Startup Cost": 2103.26,
                                                                  "Total Cost": 2103.26,
                                                                  "Plan Rows": 182,
                                                                  "Plan Width": 4,
                                                                  "Plans": [
                                                                    {
                                                                      "Node Type": "Seq Scan",
                                                                      "Parent Relationship": "Outer",
                                                                      "Parallel Aware": true,
                                                                      "Async Capable": false,
                                                                      "Relation Name": "date_dim",
                                                                      "Alias": "date_dim",
                                                                      "Startup Cost": 0.0,
                                                                      "Total Cost": 2103.26,
                                                                      "Plan Rows": 182,
                                                                      "Plan Width": 4,
                                                                      "Filter": "((d_dow = ANY ('{6,0}'::integer[])) AND (d_year = ANY ('{1999,2000,2001}'::integer[])))",
                                                                      "parent": 18,
                                                                      "ID": 19
                                                                    }
                                                                  ],
                                                                  "parent": 16,
                                                                  "ID": 18,
                                                                  "left": 19
                                                                }
                                                              ],
                                                              "parent": 15,
                                                              "ID": 16,
                                                              "left": 17,
                                                              "right": 18
                                                            },
                                                            {
                                                              "Node Type": "Hash",
                                                              "Parent Relationship": "Inner",
                                                              "Parallel Aware": false,
                                                              "Async Capable": false,
                                                              "Startup Cost": 161.0,
                                                              "Total Cost": 161.0,
                                                              "Plan Rows": 1800,
                                                              "Plan Width": 4,
                                                              "Plans": [
                                                                {
                                                                  "Node Type": "Seq Scan",
                                                                  "Parent Relationship": "Outer",
                                                                  "Parallel Aware": false,
                                                                  "Async Capable": false,
                                                                  "Relation Name": "household_demographics",
                                                                  "Alias": "household_demographics",
                                                                  "Startup Cost": 0.0,
                                                                  "Total Cost": 161.0,
                                                                  "Plan Rows": 1800,
                                                                  "Plan Width": 4,
                                                                  "Filter": "((hd_dep_count = 0) OR (hd_vehicle_count = 4))",
                                                                  "parent": 20,
                                                                  "ID": 21
                                                                }
                                                              ],
                                                              "parent": 15,
                                                              "ID": 20,
                                                              "left": 21
                                                            }
                                                          ],
                                                          "parent": 14,
                                                          "ID": 15,
                                                          "left": 16,
                                                          "right": 20
                                                        },
                                                        {
                                                          "Node Type": "Hash",
                                                          "Parent Relationship": "Inner",
                                                          "Parallel Aware": false,
                                                          "Async Capable": false,
                                                          "Startup Cost": 6.66,
                                                          "Total Cost": 6.66,
                                                          "Plan Rows": 72,
                                                          "Plan Width": 4,
                                                          "Plans": [
                                                            {
                                                              "Node Type": "Seq Scan",
                                                              "Parent Relationship": "Outer",
                                                              "Parallel Aware": false,
                                                              "Async Capable": false,
                                                              "Relation Name": "store",
                                                              "Alias": "store",
                                                              "Startup Cost": 0.0,
                                                              "Total Cost": 6.66,
                                                              "Plan Rows": 72,
                                                              "Plan Width": 4,
                                                              "Filter": "((s_city)::text = ANY ('{Midway,Fairview,Fairview,Midway,Midway}'::text[]))",
                                                              "parent": 22,
                                                              "ID": 23
                                                            }
                                                          ],
                                                          "parent": 14,
                                                          "ID": 22,
                                                          "left": 23
                                                        }
                                                      ],
                                                      "parent": 13,
                                                      "ID": 14,
                                                      "left": 15,
                                                      "right": 22
                                                    }
                                                  ],
                                                  "parent": 11,
                                                  "ID": 13,
                                                  "left": 14
                                                }
                                              ],
                                              "parent": 10,
                                              "ID": 11,
                                              "left": 12,
                                              "right": 13
                                            }
                                          ],
                                          "parent": 9,
                                          "ID": 10,
                                          "left": 11
                                        }
                                      ],
                                      "parent": 8,
                                      "ID": 9,
                                      "left": 10
                                    }
                                  ],
                                  "parent": 7,
                                  "ID": 8,
                                  "left": 9
                                }
                              ],
                              "parent": 6,
                              "ID": 7,
                              "left": 8
                            }
                          ],
                          "parent": 5,
                          "ID": 6,
                          "left": 7
                        },
                        {
                          "Node Type": "Hash",
                          "Parent Relationship": "Inner",
                          "Parallel Aware": false,
                          "Async Capable": false,
                          "Startup Cost": 18835.0,
                          "Total Cost": 18835.0,
                          "Plan Rows": 500000,
                          "Plan Width": 60,
                          "Plans": [
                            {
                              "Node Type": "Seq Scan",
                              "Parent Relationship": "Outer",
                              "Parallel Aware": false,
                              "Async Capable": false,
                              "Relation Name": "customer",
                              "Alias": "customer",
                              "Startup Cost": 0.0,
                              "Total Cost": 18835.0,
                              "Plan Rows": 500000,
                              "Plan Width": 60,
                              "parent": 24,
                              "ID": 25
                            }
                          ],
                          "parent": 5,
                          "ID": 24,
                          "left": 25
                        }
                      ],
                      "parent": 4,
                      "ID": 5,
                      "left": 6,
                      "right": 24
                    }
                  ],
                  "parent": 2,
                  "ID": 4,
                  "left": 5
                }
              ],
              "parent": 1,
              "ID": 2,
              "left": 3,
              "right": 4
            }
          ],
          "parent": 0,
          "ID": 1,
          "left": 2
        }
      ],
      "parent": null,
      "ID": 0,
      "left": 1
    },
    "feat": {
      "utility": 0.025069086508584828,
      "query_shape": [
        [
          "Seq Scan",
          "Hash Join",
          "Sort"
        ],
        [
          "Seq Scan",
          "Hash Join",
          "Sort",
          "Aggregate",
          "Gather Merge",
          "Subquery Scan",
          "Hash"
        ],
        [
          "Seq Scan",
          "Hash Join",
          "Hash",
          "Sort",
          "Aggregate",
          "Gather Merge",
          "Subquery Scan"
        ],
        [
          "Seq Scan",
          "Hash",
          "Hash Join",
          "Sort",
          "Aggregate",
          "Gather Merge",
          "Subquery Scan"
        ],
        [
          "Seq Scan",
          "Hash",
          "Hash Join",
          "Sort",
          "Aggregate",
          "Gather Merge",
          "Subquery Scan"
        ],
        [
          "Seq Scan",
          "Hash",
          "Hash Join",
          "Sort",
          "Aggregate",
          "Gather Merge",
          "Subquery Scan"
        ],
        [
          "Seq Scan",
          "Hash",
          "Hash Join",
          "Sort"
        ]
      ],
      "index_shape": [
        "join"
      ],
      "physical_operator": {
        "Hash Join": [
          0.01151157095733846
        ]
      }
    }
  },
  {
    "query": "select  c_last_name\n       ,c_first_name\n       ,ca_city\n       ,bought_city\n       ,ss_ticket_number\n       ,amt,profit \n from\n   (select ss_ticket_number\n          ,ss_customer_sk\n          ,ca_city bought_city\n          ,sum(ss_coupon_amt) amt\n          ,sum(ss_net_profit) profit\n    from store_sales,date_dim,store,household_demographics,customer_address \n    where store_sales.ss_sold_date_sk = date_dim.d_date_sk\n    and store_sales.ss_store_sk = store.s_store_sk  \n    and store_sales.ss_hdemo_sk = household_demographics.hd_demo_sk\n    and store_sales.ss_addr_sk = customer_address.ca_address_sk\n    and (household_demographics.hd_dep_count = 0 or\n         household_demographics.hd_vehicle_count= 4)\n    and date_dim.d_dow in (6,0)\n    and date_dim.d_year in (1999,1999+1,1999+2) \n    and store.s_city in ('Midway','Fairview','Fairview','Midway','Midway') \n    group by ss_ticket_number,ss_customer_sk,ss_addr_sk,ca_city) dn,customer,customer_address current_addr\n    where ss_customer_sk = c_customer_sk\n      and customer.c_current_addr_sk = current_addr.ca_address_sk\n      and current_addr.ca_city <> bought_city\n  order by c_last_name\n          ,c_first_name\n          ,ca_city\n          ,bought_city\n          ,ss_ticket_number\n  limit 100;\n\n-- end query 31 in stream 3 using template query46.tpl\n",
    "indexes": "household_demographics.hd_dep_count",
    "wo plan est": {
      "Node Type": "Limit",
      "Parallel Aware": false,
      "Async Capable": false,
      "Startup Cost": 742674.58,
      "Total Cost": 742674.83,
      "Plan Rows": 100,
      "Plan Width": 138,
      "Plans": [
        {
          "Node Type": "Sort",
          "Parent Relationship": "Outer",
          "Parallel Aware": false,
          "Async Capable": false,
          "Startup Cost": 742674.58,
          "Total Cost": 742719.28,
          "Plan Rows": 17880,
          "Plan Width": 138,
          "Sort Key": [
            "customer.c_last_name",
            "customer.c_first_name",
            "current_addr.ca_city",
            "dn.bought_city",
            "dn.ss_ticket_number"
          ],
          "Plans": [
            {
              "Node Type": "Hash Join",
              "Parent Relationship": "Outer",
              "Parallel Aware": false,
              "Async Capable": false,
              "Join Type": "Inner",
              "Startup Cost": 732894.87,
              "Total Cost": 741991.22,
              "Plan Rows": 17880,
              "Plan Width": 138,
              "Inner Unique": false,
              "Hash Cond": "(current_addr.ca_address_sk = customer.c_current_addr_sk)",
              "Join Filter": "((current_addr.ca_city)::text <> (dn.bought_city)::text)",
              "Plans": [
                {
                  "Node Type": "Seq Scan",
                  "Parent Relationship": "Outer",
                  "Parallel Aware": false,
                  "Async Capable": false,
                  "Relation Name": "customer_address",
                  "Alias": "current_addr",
                  "Startup Cost": 0.0,
                  "Total Cost": 7935.0,
                  "Plan Rows": 250000,
                  "Plan Width": 13,
                  "parent": 2,
                  "ID": 3
                },
                {
                  "Node Type": "Hash",
                  "Parent Relationship": "Inner",
                  "Parallel Aware": false,
                  "Async Capable": false,
                  "Startup Cost": 732671.02,
                  "Total Cost": 732671.02,
                  "Plan Rows": 17908,
                  "Plan Width": 133,
                  "Plans": [
                    {
                      "Node Type": "Hash Join",
                      "Parent Relationship": "Outer",
                      "Parallel Aware": false,
                      "Async Capable": false,
                      "Join Type": "Inner",
                      "Startup Cost": 723851.49,
                      "Total Cost": 732671.02,
                      "Plan Rows": 17908,
                      "Plan Width": 133,
                      "Inner Unique": false,
                      "Hash Cond": "(dn.ss_customer_sk = customer.c_customer_sk)",
                      "Plans": [
                        {
                          "Node Type": "Subquery Scan",
                          "Parent Relationship": "Outer",
                          "Parallel Aware": false,
                          "Async Capable": false,
                          "Alias": "dn",
                          "Startup Cost": 693394.49,
                          "Total Cost": 696105.78,
                          "Plan Rows": 17908,
                          "Plan Width": 81,
                          "Plans": [
                            {
                              "Node Type": "Aggregate",
                              "Strategy": "Sorted",
                              "Partial Mode": "Finalize",
                              "Parent Relationship": "Subquery",
                              "Parallel Aware": false,
                              "Async Capable": false,
                              "Startup Cost": 693394.49,
                              "Total Cost": 695926.7,
                              "Plan Rows": 17908,
                              "Plan Width": 85,
                              "Group Key": [
                                "store_sales.ss_ticket_number",
                                "store_sales.ss_customer_sk",
                                "store_sales.ss_addr_sk",
                                "customer_address.ca_city"
                              ],
                              "Plans": [
                                {
                                  "Node Type": "Gather Merge",
                                  "Parent Relationship": "Outer",
                                  "Parallel Aware": false,
                                  "Async Capable": false,
                                  "Startup Cost": 693394.49,
                                  "Total Cost": 695359.6,
                                  "Plan Rows": 14924,
                                  "Plan Width": 85,
                                  "Workers Planned": 2,
                                  "Plans": [
                                    {
                                      "Node Type": "Aggregate",
                                      "Strategy": "Sorted",
                                      "Partial Mode": "Partial",
                                      "Parent Relationship": "Outer",
                                      "Parallel Aware": false,
                                      "Async Capable": false,
                                      "Startup Cost": 692394.47,
                                      "Total Cost": 692636.98,
                                      "Plan Rows": 7462,
                                      "Plan Width": 85,
                                      "Group Key": [
                                        "store_sales.ss_ticket_number",
                                        "store_sales.ss_customer_sk",
                                        "store_sales.ss_addr_sk",
                                        "customer_address.ca_city"
                                      ],
                                      "Plans": [
                                        {
                                          "Node Type": "Sort",
                                          "Parent Relationship": "Outer",
                                          "Parallel Aware": false,
                                          "Async Capable": false,
                                          "Startup Cost": 692394.47,
                                          "Total Cost": 692413.12,
                                          "Plan Rows": 7462,
                                          "Plan Width": 30,
                                          "Sort Key": [
                                            "store_sales.ss_ticket_number",
                                            "store_sales.ss_customer_sk",
                                            "store_sales.ss_addr_sk",
                                            "customer_address.ca_city"
                                          ],
                                          "Plans": [
                                            {
                                              "Node Type": "Hash Join",
                                              "Parent Relationship": "Outer",
                                              "Parallel Aware": true,
                                              "Async Capable": false,
                                              "Join Type": "Inner",
                                              "Startup Cost": 685016.08,
                                              "Total Cost": 691914.46,
                                              "Plan Rows": 7462,
                                              "Plan Width": 30,
                                              "Inner Unique": false,
                                              "Hash Cond": "(customer_address.ca_address_sk = store_sales.ss_addr_sk)",
                                              "Plans": [
                                                {
                                                  "Node Type": "Seq Scan",
                                                  "Parent Relationship": "Outer",
                                                  "Parallel Aware": true,
                                                  "Async Capable": false,
                                                  "Relation Name": "customer_address",
                                                  "Alias": "customer_address",
                                                  "Startup Cost": 0.0,
                                                  "Total Cost": 6476.67,
                                                  "Plan Rows": 104167,
                                                  "Plan Width": 13,
                                                  "parent": 11,
                                                  "ID": 12
                                                },
                                                {
                                                  "Node Type": "Hash",
                                                  "Parent Relationship": "Inner",
                                                  "Parallel Aware": true,
                                                  "Async Capable": false,
                                                  "Startup Cost": 684918.45,
                                                  "Total Cost": 684918.45,
                                                  "Plan Rows": 7810,
                                                  "Plan Width": 21,
                                                  "Plans": [
                                                    {
                                                      "Node Type": "Hash Join",
                                                      "Parent Relationship": "Outer",
                                                      "Parallel Aware": false,
                                                      "Async Capable": false,
                                                      "Join Type": "Inner",
                                                      "Startup Cost": 2296.59,
                                                      "Total Cost": 684918.45,
                                                      "Plan Rows": 7810,
                                                      "Plan Width": 21,
                                                      "Inner Unique": false,
                                                      "Hash Cond": "(store_sales.ss_store_sk = store.s_store_sk)",
                                                      "Plans": [
                                                        {
                                                          "Node Type": "Hash Join",
                                                          "Parent Relationship": "Outer",
                                                          "Parallel Aware": false,
                                                          "Async Capable": false,
                                                          "Join Type": "Inner",
                                                          "Startup Cost": 2289.04,
                                                          "Total Cost": 684789.32,
                                                          "Plan Rows": 11593,
                                                          "Plan Width": 25,
                                                          "Inner Unique": false,
                                                          "Hash Cond": "(store_sales.ss_hdemo_sk = household_demographics.hd_demo_sk)",
                                                          "Plans": [
                                                            {
                                                              "Node Type": "Hash Join",
                                                              "Parent Relationship": "Outer",
                                                              "Parallel Aware": true,
                                                              "Async Capable": false,
                                                              "Join Type": "Inner",
                                                              "Startup Cost": 2105.54,
                                                              "Total Cost": 684307.63,
                                                              "Plan Rows": 48602,
                                                              "Plan Width": 29,
                                                              "Inner Unique": false,
                                                              "Hash Cond": "(store_sales.ss_sold_date_sk = date_dim.d_date_sk)",
                                                              "Plans": [
                                                                {
                                                                  "Node Type": "Seq Scan",
                                                                  "Parent Relationship": "Outer",
                                                                  "Parallel Aware": true,
                                                                  "Async Capable": false,
                                                                  "Relation Name": "store_sales",
                                                                  "Alias": "store_sales",
                                                                  "Startup Cost": 0.0,
                                                                  "Total Cost": 636914.37,
                                                                  "Plan Rows": 12000637,
                                                                  "Plan Width": 33,
                                                                  "parent": 16,
                                                                  "ID": 17
                                                                },
                                                                {
                                                                  "Node Type": "Hash",
                                                                  "Parent Relationship": "Inner",
                                                                  "Parallel Aware": true,
                                                                  "Async Capable": false,
                                                                  "Startup Cost": 2103.26,
                                                                  "Total Cost": 2103.26,
                                                                  "Plan Rows": 182,
                                                                  "Plan Width": 4,
                                                                  "Plans": [
                                                                    {
                                                                      "Node Type": "Seq Scan",
                                                                      "Parent Relationship": "Outer",
                                                                      "Parallel Aware": true,
                                                                      "Async Capable": false,
                                                                      "Relation Name": "date_dim",
                                                                      "Alias": "date_dim",
                                                                      "Startup Cost": 0.0,
                                                                      "Total Cost": 2103.26,
                                                                      "Plan Rows": 182,
                                                                      "Plan Width": 4,
                                                                      "Filter": "((d_dow = ANY ('{6,0}'::integer[])) AND (d_year = ANY ('{1999,2000,2001}'::integer[])))",
                                                                      "parent": 18,
                                                                      "ID": 19
                                                                    }
                                                                  ],
                                                                  "parent": 16,
                                                                  "ID": 18,
                                                                  "left": 19
                                                                }
                                                              ],
                                                              "parent": 15,
                                                              "ID": 16,
                                                              "left": 17,
                                                              "right": 18
                                                            },
                                                            {
                                                              "Node Type": "Hash",
                                                              "Parent Relationship": "Inner",
                                                              "Parallel Aware": false,
                                                              "Async Capable": false,
                                                              "Startup Cost": 161.0,
                                                              "Total Cost": 161.0,
                                                              "Plan Rows": 1800,
                                                              "Plan Width": 4,
                                                              "Plans": [
                                                                {
                                                                  "Node Type": "Seq Scan",
                                                                  "Parent Relationship": "Outer",
                                                                  "Parallel Aware": false,
                                                                  "Async Capable": false,
                                                                  "Relation Name": "household_demographics",
                                                                  "Alias": "household_demographics",
                                                                  "Startup Cost": 0.0,
                                                                  "Total Cost": 161.0,
                                                                  "Plan Rows": 1800,
                                                                  "Plan Width": 4,
                                                                  "Filter": "((hd_dep_count = 0) OR (hd_vehicle_count = 4))",
                                                                  "parent": 20,
                                                                  "ID": 21
                                                                }
                                                              ],
                                                              "parent": 15,
                                                              "ID": 20,
                                                              "left": 21
                                                            }
                                                          ],
                                                          "parent": 14,
                                                          "ID": 15,
                                                          "left": 16,
                                                          "right": 20
                                                        },
                                                        {
                                                          "Node Type": "Hash",
                                                          "Parent Relationship": "Inner",
                                                          "Parallel Aware": false,
                                                          "Async Capable": false,
                                                          "Startup Cost": 6.66,
                                                          "Total Cost": 6.66,
                                                          "Plan Rows": 72,
                                                          "Plan Width": 4,
                                                          "Plans": [
                                                            {
                                                              "Node Type": "Seq Scan",
                                                              "Parent Relationship": "Outer",
                                                              "Parallel Aware": false,
                                                              "Async Capable": false,
                                                              "Relation Name": "store",
                                                              "Alias": "store",
                                                              "Startup Cost": 0.0,
                                                              "Total Cost": 6.66,
                                                              "Plan Rows": 72,
                                                              "Plan Width": 4,
                                                              "Filter": "((s_city)::text = ANY ('{Midway,Fairview,Fairview,Midway,Midway}'::text[]))",
                                                              "parent": 22,
                                                              "ID": 23
                                                            }
                                                          ],
                                                          "parent": 14,
                                                          "ID": 22,
                                                          "left": 23
                                                        }
                                                      ],
                                                      "parent": 13,
                                                      "ID": 14,
                                                      "left": 15,
                                                      "right": 22
                                                    }
                                                  ],
                                                  "parent": 11,
                                                  "ID": 13,
                                                  "left": 14
                                                }
                                              ],
                                              "parent": 10,
                                              "ID": 11,
                                              "left": 12,
                                              "right": 13
                                            }
                                          ],
                                          "parent": 9,
                                          "ID": 10,
                                          "left": 11
                                        }
                                      ],
                                      "parent": 8,
                                      "ID": 9,
                                      "left": 10
                                    }
                                  ],
                                  "parent": 7,
                                  "ID": 8,
                                  "left": 9
                                }
                              ],
                              "parent": 6,
                              "ID": 7,
                              "left": 8
                            }
                          ],
                          "parent": 5,
                          "ID": 6,
                          "left": 7
                        },
                        {
                          "Node Type": "Hash",
                          "Parent Relationship": "Inner",
                          "Parallel Aware": false,
                          "Async Capable": false,
                          "Startup Cost": 18835.0,
                          "Total Cost": 18835.0,
                          "Plan Rows": 500000,
                          "Plan Width": 60,
                          "Plans": [
                            {
                              "Node Type": "Seq Scan",
                              "Parent Relationship": "Outer",
                              "Parallel Aware": false,
                              "Async Capable": false,
                              "Relation Name": "customer",
                              "Alias": "customer",
                              "Startup Cost": 0.0,
                              "Total Cost": 18835.0,
                              "Plan Rows": 500000,
                              "Plan Width": 60,
                              "parent": 24,
                              "ID": 25
                            }
                          ],
                          "parent": 5,
                          "ID": 24,
                          "left": 25
                        }
                      ],
                      "parent": 4,
                      "ID": 5,
                      "left": 6,
                      "right": 24
                    }
                  ],
                  "parent": 2,
                  "ID": 4,
                  "left": 5
                }
              ],
              "parent": 1,
              "ID": 2,
              "left": 3,
              "right": 4
            }
          ],
          "parent": 0,
          "ID": 1,
          "left": 2
        }
      ],
      "parent": null,
      "ID": 0,
      "left": 1
    },
    "feat": {
      "utility": 0.0001625879794525957,
      "query_shape": [
        [
          "Seq Scan",
          "Hash Join",
          "Sort"
        ],
        [
          "Seq Scan",
          "Hash Join",
          "Sort",
          "Aggregate",
          "Gather Merge",
          "Subquery Scan",
          "Hash"
        ],
        [
          "Seq Scan",
          "Hash Join",
          "Hash",
          "Sort",
          "Aggregate",
          "Gather Merge",
          "Subquery Scan"
        ],
        [
          "Seq Scan",
          "Hash",
          "Hash Join",
          "Sort",
          "Aggregate",
          "Gather Merge",
          "Subquery Scan"
        ],
        [
          "Seq Scan",
          "Hash",
          "Hash Join",
          "Sort",
          "Aggregate",
          "Gather Merge",
          "Subquery Scan"
        ],
        [
          "Seq Scan",
          "Hash",
          "Hash Join",
          "Sort",
          "Aggregate",
          "Gather Merge",
          "Subquery Scan"
        ],
        [
          "Seq Scan",
          "Hash",
          "Hash Join",
          "Sort"
        ]
      ],
      "index_shape": [
        "selection"
      ],
      "physical_operator": {
        "Seq Scan": [
          0.25
        ]
      }
    }
  },
  {
    "query": "select  c_last_name\n       ,c_first_name\n       ,ca_city\n       ,bought_city\n       ,ss_ticket_number\n       ,amt,profit \n from\n   (select ss_ticket_number\n          ,ss_customer_sk\n          ,ca_city bought_city\n          ,sum(ss_coupon_amt) amt\n          ,sum(ss_net_profit) profit\n    from store_sales,date_dim,store,household_demographics,customer_address \n    where store_sales.ss_sold_date_sk = date_dim.d_date_sk\n    and store_sales.ss_store_sk = store.s_store_sk  \n    and store_sales.ss_hdemo_sk = household_demographics.hd_demo_sk\n    and store_sales.ss_addr_sk = customer_address.ca_address_sk\n    and (household_demographics.hd_dep_count = 0 or\n         household_demographics.hd_vehicle_count= 4)\n    and date_dim.d_dow in (6,0)\n    and date_dim.d_year in (1999,1999+1,1999+2) \n    and store.s_city in ('Midway','Fairview','Fairview','Midway','Midway') \n    group by ss_ticket_number,ss_customer_sk,ss_addr_sk,ca_city) dn,customer,customer_address current_addr\n    where ss_customer_sk = c_customer_sk\n      and customer.c_current_addr_sk = current_addr.ca_address_sk\n      and current_addr.ca_city <> bought_city\n  order by c_last_name\n          ,c_first_name\n          ,ca_city\n          ,bought_city\n          ,ss_ticket_number\n  limit 100;\n\n-- end query 31 in stream 3 using template query46.tpl\n",
    "indexes": "household_demographics.hd_vehicle_count",
    "wo plan est": {
      "Node Type": "Limit",
      "Parallel Aware": false,
      "Async Capable": false,
      "Startup Cost": 742674.58,
      "Total Cost": 742674.83,
      "Plan Rows": 100,
      "Plan Width": 138,
      "Plans": [
        {
          "Node Type": "Sort",
          "Parent Relationship": "Outer",
          "Parallel Aware": false,
          "Async Capable": false,
          "Startup Cost": 742674.58,
          "Total Cost": 742719.28,
          "Plan Rows": 17880,
          "Plan Width": 138,
          "Sort Key": [
            "customer.c_last_name",
            "customer.c_first_name",
            "current_addr.ca_city",
            "dn.bought_city",
            "dn.ss_ticket_number"
          ],
          "Plans": [
            {
              "Node Type": "Hash Join",
              "Parent Relationship": "Outer",
              "Parallel Aware": false,
              "Async Capable": false,
              "Join Type": "Inner",
              "Startup Cost": 732894.87,
              "Total Cost": 741991.22,
              "Plan Rows": 17880,
              "Plan Width": 138,
              "Inner Unique": false,
              "Hash Cond": "(current_addr.ca_address_sk = customer.c_current_addr_sk)",
              "Join Filter": "((current_addr.ca_city)::text <> (dn.bought_city)::text)",
              "Plans": [
                {
                  "Node Type": "Seq Scan",
                  "Parent Relationship": "Outer",
                  "Parallel Aware": false,
                  "Async Capable": false,
                  "Relation Name": "customer_address",
                  "Alias": "current_addr",
                  "Startup Cost": 0.0,
                  "Total Cost": 7935.0,
                  "Plan Rows": 250000,
                  "Plan Width": 13,
                  "parent": 2,
                  "ID": 3
                },
                {
                  "Node Type": "Hash",
                  "Parent Relationship": "Inner",
                  "Parallel Aware": false,
                  "Async Capable": false,
                  "Startup Cost": 732671.02,
                  "Total Cost": 732671.02,
                  "Plan Rows": 17908,
                  "Plan Width": 133,
                  "Plans": [
                    {
                      "Node Type": "Hash Join",
                      "Parent Relationship": "Outer",
                      "Parallel Aware": false,
                      "Async Capable": false,
                      "Join Type": "Inner",
                      "Startup Cost": 723851.49,
                      "Total Cost": 732671.02,
                      "Plan Rows": 17908,
                      "Plan Width": 133,
                      "Inner Unique": false,
                      "Hash Cond": "(dn.ss_customer_sk = customer.c_customer_sk)",
                      "Plans": [
                        {
                          "Node Type": "Subquery Scan",
                          "Parent Relationship": "Outer",
                          "Parallel Aware": false,
                          "Async Capable": false,
                          "Alias": "dn",
                          "Startup Cost": 693394.49,
                          "Total Cost": 696105.78,
                          "Plan Rows": 17908,
                          "Plan Width": 81,
                          "Plans": [
                            {
                              "Node Type": "Aggregate",
                              "Strategy": "Sorted",
                              "Partial Mode": "Finalize",
                              "Parent Relationship": "Subquery",
                              "Parallel Aware": false,
                              "Async Capable": false,
                              "Startup Cost": 693394.49,
                              "Total Cost": 695926.7,
                              "Plan Rows": 17908,
                              "Plan Width": 85,
                              "Group Key": [
                                "store_sales.ss_ticket_number",
                                "store_sales.ss_customer_sk",
                                "store_sales.ss_addr_sk",
                                "customer_address.ca_city"
                              ],
                              "Plans": [
                                {
                                  "Node Type": "Gather Merge",
                                  "Parent Relationship": "Outer",
                                  "Parallel Aware": false,
                                  "Async Capable": false,
                                  "Startup Cost": 693394.49,
                                  "Total Cost": 695359.6,
                                  "Plan Rows": 14924,
                                  "Plan Width": 85,
                                  "Workers Planned": 2,
                                  "Plans": [
                                    {
                                      "Node Type": "Aggregate",
                                      "Strategy": "Sorted",
                                      "Partial Mode": "Partial",
                                      "Parent Relationship": "Outer",
                                      "Parallel Aware": false,
                                      "Async Capable": false,
                                      "Startup Cost": 692394.47,
                                      "Total Cost": 692636.98,
                                      "Plan Rows": 7462,
                                      "Plan Width": 85,
                                      "Group Key": [
                                        "store_sales.ss_ticket_number",
                                        "store_sales.ss_customer_sk",
                                        "store_sales.ss_addr_sk",
                                        "customer_address.ca_city"
                                      ],
                                      "Plans": [
                                        {
                                          "Node Type": "Sort",
                                          "Parent Relationship": "Outer",
                                          "Parallel Aware": false,
                                          "Async Capable": false,
                                          "Startup Cost": 692394.47,
                                          "Total Cost": 692413.12,
                                          "Plan Rows": 7462,
                                          "Plan Width": 30,
                                          "Sort Key": [
                                            "store_sales.ss_ticket_number",
                                            "store_sales.ss_customer_sk",
                                            "store_sales.ss_addr_sk",
                                            "customer_address.ca_city"
                                          ],
                                          "Plans": [
                                            {
                                              "Node Type": "Hash Join",
                                              "Parent Relationship": "Outer",
                                              "Parallel Aware": true,
                                              "Async Capable": false,
                                              "Join Type": "Inner",
                                              "Startup Cost": 685016.08,
                                              "Total Cost": 691914.46,
                                              "Plan Rows": 7462,
                                              "Plan Width": 30,
                                              "Inner Unique": false,
                                              "Hash Cond": "(customer_address.ca_address_sk = store_sales.ss_addr_sk)",
                                              "Plans": [
                                                {
                                                  "Node Type": "Seq Scan",
                                                  "Parent Relationship": "Outer",
                                                  "Parallel Aware": true,
                                                  "Async Capable": false,
                                                  "Relation Name": "customer_address",
                                                  "Alias": "customer_address",
                                                  "Startup Cost": 0.0,
                                                  "Total Cost": 6476.67,
                                                  "Plan Rows": 104167,
                                                  "Plan Width": 13,
                                                  "parent": 11,
                                                  "ID": 12
                                                },
                                                {
                                                  "Node Type": "Hash",
                                                  "Parent Relationship": "Inner",
                                                  "Parallel Aware": true,
                                                  "Async Capable": false,
                                                  "Startup Cost": 684918.45,
                                                  "Total Cost": 684918.45,
                                                  "Plan Rows": 7810,
                                                  "Plan Width": 21,
                                                  "Plans": [
                                                    {
                                                      "Node Type": "Hash Join",
                                                      "Parent Relationship": "Outer",
                                                      "Parallel Aware": false,
                                                      "Async Capable": false,
                                                      "Join Type": "Inner",
                                                      "Startup Cost": 2296.59,
                                                      "Total Cost": 684918.45,
                                                      "Plan Rows": 7810,
                                                      "Plan Width": 21,
                                                      "Inner Unique": false,
                                                      "Hash Cond": "(store_sales.ss_store_sk = store.s_store_sk)",
                                                      "Plans": [
                                                        {
                                                          "Node Type": "Hash Join",
                                                          "Parent Relationship": "Outer",
                                                          "Parallel Aware": false,
                                                          "Async Capable": false,
                                                          "Join Type": "Inner",
                                                          "Startup Cost": 2289.04,
                                                          "Total Cost": 684789.32,
                                                          "Plan Rows": 11593,
                                                          "Plan Width": 25,
                                                          "Inner Unique": false,
                                                          "Hash Cond": "(store_sales.ss_hdemo_sk = household_demographics.hd_demo_sk)",
                                                          "Plans": [
                                                            {
                                                              "Node Type": "Hash Join",
                                                              "Parent Relationship": "Outer",
                                                              "Parallel Aware": true,
                                                              "Async Capable": false,
                                                              "Join Type": "Inner",
                                                              "Startup Cost": 2105.54,
                                                              "Total Cost": 684307.63,
                                                              "Plan Rows": 48602,
                                                              "Plan Width": 29,
                                                              "Inner Unique": false,
                                                              "Hash Cond": "(store_sales.ss_sold_date_sk = date_dim.d_date_sk)",
                                                              "Plans": [
                                                                {
                                                                  "Node Type": "Seq Scan",
                                                                  "Parent Relationship": "Outer",
                                                                  "Parallel Aware": true,
                                                                  "Async Capable": false,
                                                                  "Relation Name": "store_sales",
                                                                  "Alias": "store_sales",
                                                                  "Startup Cost": 0.0,
                                                                  "Total Cost": 636914.37,
                                                                  "Plan Rows": 12000637,
                                                                  "Plan Width": 33,
                                                                  "parent": 16,
                                                                  "ID": 17
                                                                },
                                                                {
                                                                  "Node Type": "Hash",
                                                                  "Parent Relationship": "Inner",
                                                                  "Parallel Aware": true,
                                                                  "Async Capable": false,
                                                                  "Startup Cost": 2103.26,
                                                                  "Total Cost": 2103.26,
                                                                  "Plan Rows": 182,
                                                                  "Plan Width": 4,
                                                                  "Plans": [
                                                                    {
                                                                      "Node Type": "Seq Scan",
                                                                      "Parent Relationship": "Outer",
                                                                      "Parallel Aware": true,
                                                                      "Async Capable": false,
                                                                      "Relation Name": "date_dim",
                                                                      "Alias": "date_dim",
                                                                      "Startup Cost": 0.0,
                                                                      "Total Cost": 2103.26,
                                                                      "Plan Rows": 182,
                                                                      "Plan Width": 4,
                                                                      "Filter": "((d_dow = ANY ('{6,0}'::integer[])) AND (d_year = ANY ('{1999,2000,2001}'::integer[])))",
                                                                      "parent": 18,
                                                                      "ID": 19
                                                                    }
                                                                  ],
                                                                  "parent": 16,
                                                                  "ID": 18,
                                                                  "left": 19
                                                                }
                                                              ],
                                                              "parent": 15,
                                                              "ID": 16,
                                                              "left": 17,
                                                              "right": 18
                                                            },
                                                            {
                                                              "Node Type": "Hash",
                                                              "Parent Relationship": "Inner",
                                                              "Parallel Aware": false,
                                                              "Async Capable": false,
                                                              "Startup Cost": 161.0,
                                                              "Total Cost": 161.0,
                                                              "Plan Rows": 1800,
                                                              "Plan Width": 4,
                                                              "Plans": [
                                                                {
                                                                  "Node Type": "Seq Scan",
                                                                  "Parent Relationship": "Outer",
                                                                  "Parallel Aware": false,
                                                                  "Async Capable": false,
                                                                  "Relation Name": "household_demographics",
                                                                  "Alias": "household_demographics",
                                                                  "Startup Cost": 0.0,
                                                                  "Total Cost": 161.0,
                                                                  "Plan Rows": 1800,
                                                                  "Plan Width": 4,
                                                                  "Filter": "((hd_dep_count = 0) OR (hd_vehicle_count = 4))",
                                                                  "parent": 20,
                                                                  "ID": 21
                                                                }
                                                              ],
                                                              "parent": 15,
                                                              "ID": 20,
                                                              "left": 21
                                                            }
                                                          ],
                                                          "parent": 14,
                                                          "ID": 15,
                                                          "left": 16,
                                                          "right": 20
                                                        },
                                                        {
                                                          "Node Type": "Hash",
                                                          "Parent Relationship": "Inner",
                                                          "Parallel Aware": false,
                                                          "Async Capable": false,
                                                          "Startup Cost": 6.66,
                                                          "Total Cost": 6.66,
                                                          "Plan Rows": 72,
                                                          "Plan Width": 4,
                                                          "Plans": [
                                                            {
                                                              "Node Type": "Seq Scan",
                                                              "Parent Relationship": "Outer",
                                                              "Parallel Aware": false,
                                                              "Async Capable": false,
                                                              "Relation Name": "store",
                                                              "Alias": "store",
                                                              "Startup Cost": 0.0,
                                                              "Total Cost": 6.66,
                                                              "Plan Rows": 72,
                                                              "Plan Width": 4,
                                                              "Filter": "((s_city)::text = ANY ('{Midway,Fairview,Fairview,Midway,Midway}'::text[]))",
                                                              "parent": 22,
                                                              "ID": 23
                                                            }
                                                          ],
                                                          "parent": 14,
                                                          "ID": 22,
                                                          "left": 23
                                                        }
                                                      ],
                                                      "parent": 13,
                                                      "ID": 14,
                                                      "left": 15,
                                                      "right": 22
                                                    }
                                                  ],
                                                  "parent": 11,
                                                  "ID": 13,
                                                  "left": 14
                                                }
                                              ],
                                              "parent": 10,
                                              "ID": 11,
                                              "left": 12,
                                              "right": 13
                                            }
                                          ],
                                          "parent": 9,
                                          "ID": 10,
                                          "left": 11
                                        }
                                      ],
                                      "parent": 8,
                                      "ID": 9,
                                      "left": 10
                                    }
                                  ],
                                  "parent": 7,
                                  "ID": 8,
                                  "left": 9
                                }
                              ],
                              "parent": 6,
                              "ID": 7,
                              "left": 8
                            }
                          ],
                          "parent": 5,
                          "ID": 6,
                          "left": 7
                        },
                        {
                          "Node Type": "Hash",
                          "Parent Relationship": "Inner",
                          "Parallel Aware": false,
                          "Async Capable": false,
                          "Startup Cost": 18835.0,
                          "Total Cost": 18835.0,
                          "Plan Rows": 500000,
                          "Plan Width": 60,
                          "Plans": [
                            {
                              "Node Type": "Seq Scan",
                              "Parent Relationship": "Outer",
                              "Parallel Aware": false,
                              "Async Capable": false,
                              "Relation Name": "customer",
                              "Alias": "customer",
                              "Startup Cost": 0.0,
                              "Total Cost": 18835.0,
                              "Plan Rows": 500000,
                              "Plan Width": 60,
                              "parent": 24,
                              "ID": 25
                            }
                          ],
                          "parent": 5,
                          "ID": 24,
                          "left": 25
                        }
                      ],
                      "parent": 4,
                      "ID": 5,
                      "left": 6,
                      "right": 24
                    }
                  ],
                  "parent": 2,
                  "ID": 4,
                  "left": 5
                }
              ],
              "parent": 1,
              "ID": 2,
              "left": 3,
              "right": 4
            }
          ],
          "parent": 0,
          "ID": 1,
          "left": 2
        }
      ],
      "parent": null,
      "ID": 0,
      "left": 1
    },
    "feat": {
      "utility": 0.0001625879794525957,
      "query_shape": [
        [
          "Seq Scan",
          "Hash Join",
          "Sort"
        ],
        [
          "Seq Scan",
          "Hash Join",
          "Sort",
          "Aggregate",
          "Gather Merge",
          "Subquery Scan",
          "Hash"
        ],
        [
          "Seq Scan",
          "Hash Join",
          "Hash",
          "Sort",
          "Aggregate",
          "Gather Merge",
          "Subquery Scan"
        ],
        [
          "Seq Scan",
          "Hash",
          "Hash Join",
          "Sort",
          "Aggregate",
          "Gather Merge",
          "Subquery Scan"
        ],
        [
          "Seq Scan",
          "Hash",
          "Hash Join",
          "Sort",
          "Aggregate",
          "Gather Merge",
          "Subquery Scan"
        ],
        [
          "Seq Scan",
          "Hash",
          "Hash Join",
          "Sort",
          "Aggregate",
          "Gather Merge",
          "Subquery Scan"
        ],
        [
          "Seq Scan",
          "Hash",
          "Hash Join",
          "Sort"
        ]
      ],
      "index_shape": [
        "selection"
      ],
      "physical_operator": {
        "Seq Scan": [
          0.25
        ]
      }
    }
  },
  {
    "query": "select  c_last_name\n       ,c_first_name\n       ,ca_city\n       ,bought_city\n       ,ss_ticket_number\n       ,amt,profit \n from\n   (select ss_ticket_number\n          ,ss_customer_sk\n          ,ca_city bought_city\n          ,sum(ss_coupon_amt) amt\n          ,sum(ss_net_profit) profit\n    from store_sales,date_dim,store,household_demographics,customer_address \n    where store_sales.ss_sold_date_sk = date_dim.d_date_sk\n    and store_sales.ss_store_sk = store.s_store_sk  \n    and store_sales.ss_hdemo_sk = household_demographics.hd_demo_sk\n    and store_sales.ss_addr_sk = customer_address.ca_address_sk\n    and (household_demographics.hd_dep_count = 0 or\n         household_demographics.hd_vehicle_count= 4)\n    and date_dim.d_dow in (6,0)\n    and date_dim.d_year in (1999,1999+1,1999+2) \n    and store.s_city in ('Midway','Fairview','Fairview','Midway','Midway') \n    group by ss_ticket_number,ss_customer_sk,ss_addr_sk,ca_city) dn,customer,customer_address current_addr\n    where ss_customer_sk = c_customer_sk\n      and customer.c_current_addr_sk = current_addr.ca_address_sk\n      and current_addr.ca_city <> bought_city\n  order by c_last_name\n          ,c_first_name\n          ,ca_city\n          ,bought_city\n          ,ss_ticket_number\n  limit 100;\n\n-- end query 31 in stream 3 using template query46.tpl\n",
    "indexes": "store.s_store_sk",
    "wo plan est": {
      "Node Type": "Limit",
      "Parallel Aware": false,
      "Async Capable": false,
      "Startup Cost": 742674.58,
      "Total Cost": 742674.83,
      "Plan Rows": 100,
      "Plan Width": 138,
      "Plans": [
        {
          "Node Type": "Sort",
          "Parent Relationship": "Outer",
          "Parallel Aware": false,
          "Async Capable": false,
          "Startup Cost": 742674.58,
          "Total Cost": 742719.28,
          "Plan Rows": 17880,
          "Plan Width": 138,
          "Sort Key": [
            "customer.c_last_name",
            "customer.c_first_name",
            "current_addr.ca_city",
            "dn.bought_city",
            "dn.ss_ticket_number"
          ],
          "Plans": [
            {
              "Node Type": "Hash Join",
              "Parent Relationship": "Outer",
              "Parallel Aware": false,
              "Async Capable": false,
              "Join Type": "Inner",
              "Startup Cost": 732894.87,
              "Total Cost": 741991.22,
              "Plan Rows": 17880,
              "Plan Width": 138,
              "Inner Unique": false,
              "Hash Cond": "(current_addr.ca_address_sk = customer.c_current_addr_sk)",
              "Join Filter": "((current_addr.ca_city)::text <> (dn.bought_city)::text)",
              "Plans": [
                {
                  "Node Type": "Seq Scan",
                  "Parent Relationship": "Outer",
                  "Parallel Aware": false,
                  "Async Capable": false,
                  "Relation Name": "customer_address",
                  "Alias": "current_addr",
                  "Startup Cost": 0.0,
                  "Total Cost": 7935.0,
                  "Plan Rows": 250000,
                  "Plan Width": 13,
                  "parent": 2,
                  "ID": 3
                },
                {
                  "Node Type": "Hash",
                  "Parent Relationship": "Inner",
                  "Parallel Aware": false,
                  "Async Capable": false,
                  "Startup Cost": 732671.02,
                  "Total Cost": 732671.02,
                  "Plan Rows": 17908,
                  "Plan Width": 133,
                  "Plans": [
                    {
                      "Node Type": "Hash Join",
                      "Parent Relationship": "Outer",
                      "Parallel Aware": false,
                      "Async Capable": false,
                      "Join Type": "Inner",
                      "Startup Cost": 723851.49,
                      "Total Cost": 732671.02,
                      "Plan Rows": 17908,
                      "Plan Width": 133,
                      "Inner Unique": false,
                      "Hash Cond": "(dn.ss_customer_sk = customer.c_customer_sk)",
                      "Plans": [
                        {
                          "Node Type": "Subquery Scan",
                          "Parent Relationship": "Outer",
                          "Parallel Aware": false,
                          "Async Capable": false,
                          "Alias": "dn",
                          "Startup Cost": 693394.49,
                          "Total Cost": 696105.78,
                          "Plan Rows": 17908,
                          "Plan Width": 81,
                          "Plans": [
                            {
                              "Node Type": "Aggregate",
                              "Strategy": "Sorted",
                              "Partial Mode": "Finalize",
                              "Parent Relationship": "Subquery",
                              "Parallel Aware": false,
                              "Async Capable": false,
                              "Startup Cost": 693394.49,
                              "Total Cost": 695926.7,
                              "Plan Rows": 17908,
                              "Plan Width": 85,
                              "Group Key": [
                                "store_sales.ss_ticket_number",
                                "store_sales.ss_customer_sk",
                                "store_sales.ss_addr_sk",
                                "customer_address.ca_city"
                              ],
                              "Plans": [
                                {
                                  "Node Type": "Gather Merge",
                                  "Parent Relationship": "Outer",
                                  "Parallel Aware": false,
                                  "Async Capable": false,
                                  "Startup Cost": 693394.49,
                                  "Total Cost": 695359.6,
                                  "Plan Rows": 14924,
                                  "Plan Width": 85,
                                  "Workers Planned": 2,
                                  "Plans": [
                                    {
                                      "Node Type": "Aggregate",
                                      "Strategy": "Sorted",
                                      "Partial Mode": "Partial",
                                      "Parent Relationship": "Outer",
                                      "Parallel Aware": false,
                                      "Async Capable": false,
                                      "Startup Cost": 692394.47,
                                      "Total Cost": 692636.98,
                                      "Plan Rows": 7462,
                                      "Plan Width": 85,
                                      "Group Key": [
                                        "store_sales.ss_ticket_number",
                                        "store_sales.ss_customer_sk",
                                        "store_sales.ss_addr_sk",
                                        "customer_address.ca_city"
                                      ],
                                      "Plans": [
                                        {
                                          "Node Type": "Sort",
                                          "Parent Relationship": "Outer",
                                          "Parallel Aware": false,
                                          "Async Capable": false,
                                          "Startup Cost": 692394.47,
                                          "Total Cost": 692413.12,
                                          "Plan Rows": 7462,
                                          "Plan Width": 30,
                                          "Sort Key": [
                                            "store_sales.ss_ticket_number",
                                            "store_sales.ss_customer_sk",
                                            "store_sales.ss_addr_sk",
                                            "customer_address.ca_city"
                                          ],
                                          "Plans": [
                                            {
                                              "Node Type": "Hash Join",
                                              "Parent Relationship": "Outer",
                                              "Parallel Aware": true,
                                              "Async Capable": false,
                                              "Join Type": "Inner",
                                              "Startup Cost": 685016.08,
                                              "Total Cost": 691914.46,
                                              "Plan Rows": 7462,
                                              "Plan Width": 30,
                                              "Inner Unique": false,
                                              "Hash Cond": "(customer_address.ca_address_sk = store_sales.ss_addr_sk)",
                                              "Plans": [
                                                {
                                                  "Node Type": "Seq Scan",
                                                  "Parent Relationship": "Outer",
                                                  "Parallel Aware": true,
                                                  "Async Capable": false,
                                                  "Relation Name": "customer_address",
                                                  "Alias": "customer_address",
                                                  "Startup Cost": 0.0,
                                                  "Total Cost": 6476.67,
                                                  "Plan Rows": 104167,
                                                  "Plan Width": 13,
                                                  "parent": 11,
                                                  "ID": 12
                                                },
                                                {
                                                  "Node Type": "Hash",
                                                  "Parent Relationship": "Inner",
                                                  "Parallel Aware": true,
                                                  "Async Capable": false,
                                                  "Startup Cost": 684918.45,
                                                  "Total Cost": 684918.45,
                                                  "Plan Rows": 7810,
                                                  "Plan Width": 21,
                                                  "Plans": [
                                                    {
                                                      "Node Type": "Hash Join",
                                                      "Parent Relationship": "Outer",
                                                      "Parallel Aware": false,
                                                      "Async Capable": false,
                                                      "Join Type": "Inner",
                                                      "Startup Cost": 2296.59,
                                                      "Total Cost": 684918.45,
                                                      "Plan Rows": 7810,
                                                      "Plan Width": 21,
                                                      "Inner Unique": false,
                                                      "Hash Cond": "(store_sales.ss_store_sk = store.s_store_sk)",
                                                      "Plans": [
                                                        {
                                                          "Node Type": "Hash Join",
                                                          "Parent Relationship": "Outer",
                                                          "Parallel Aware": false,
                                                          "Async Capable": false,
                                                          "Join Type": "Inner",
                                                          "Startup Cost": 2289.04,
                                                          "Total Cost": 684789.32,
                                                          "Plan Rows": 11593,
                                                          "Plan Width": 25,
                                                          "Inner Unique": false,
                                                          "Hash Cond": "(store_sales.ss_hdemo_sk = household_demographics.hd_demo_sk)",
                                                          "Plans": [
                                                            {
                                                              "Node Type": "Hash Join",
                                                              "Parent Relationship": "Outer",
                                                              "Parallel Aware": true,
                                                              "Async Capable": false,
                                                              "Join Type": "Inner",
                                                              "Startup Cost": 2105.54,
                                                              "Total Cost": 684307.63,
                                                              "Plan Rows": 48602,
                                                              "Plan Width": 29,
                                                              "Inner Unique": false,
                                                              "Hash Cond": "(store_sales.ss_sold_date_sk = date_dim.d_date_sk)",
                                                              "Plans": [
                                                                {
                                                                  "Node Type": "Seq Scan",
                                                                  "Parent Relationship": "Outer",
                                                                  "Parallel Aware": true,
                                                                  "Async Capable": false,
                                                                  "Relation Name": "store_sales",
                                                                  "Alias": "store_sales",
                                                                  "Startup Cost": 0.0,
                                                                  "Total Cost": 636914.37,
                                                                  "Plan Rows": 12000637,
                                                                  "Plan Width": 33,
                                                                  "parent": 16,
                                                                  "ID": 17
                                                                },
                                                                {
                                                                  "Node Type": "Hash",
                                                                  "Parent Relationship": "Inner",
                                                                  "Parallel Aware": true,
                                                                  "Async Capable": false,
                                                                  "Startup Cost": 2103.26,
                                                                  "Total Cost": 2103.26,
                                                                  "Plan Rows": 182,
                                                                  "Plan Width": 4,
                                                                  "Plans": [
                                                                    {
                                                                      "Node Type": "Seq Scan",
                                                                      "Parent Relationship": "Outer",
                                                                      "Parallel Aware": true,
                                                                      "Async Capable": false,
                                                                      "Relation Name": "date_dim",
                                                                      "Alias": "date_dim",
                                                                      "Startup Cost": 0.0,
                                                                      "Total Cost": 2103.26,
                                                                      "Plan Rows": 182,
                                                                      "Plan Width": 4,
                                                                      "Filter": "((d_dow = ANY ('{6,0}'::integer[])) AND (d_year = ANY ('{1999,2000,2001}'::integer[])))",
                                                                      "parent": 18,
                                                                      "ID": 19
                                                                    }
                                                                  ],
                                                                  "parent": 16,
                                                                  "ID": 18,
                                                                  "left": 19
                                                                }
                                                              ],
                                                              "parent": 15,
                                                              "ID": 16,
                                                              "left": 17,
                                                              "right": 18
                                                            },
                                                            {
                                                              "Node Type": "Hash",
                                                              "Parent Relationship": "Inner",
                                                              "Parallel Aware": false,
                                                              "Async Capable": false,
                                                              "Startup Cost": 161.0,
                                                              "Total Cost": 161.0,
                                                              "Plan Rows": 1800,
                                                              "Plan Width": 4,
                                                              "Plans": [
                                                                {
                                                                  "Node Type": "Seq Scan",
                                                                  "Parent Relationship": "Outer",
                                                                  "Parallel Aware": false,
                                                                  "Async Capable": false,
                                                                  "Relation Name": "household_demographics",
                                                                  "Alias": "household_demographics",
                                                                  "Startup Cost": 0.0,
                                                                  "Total Cost": 161.0,
                                                                  "Plan Rows": 1800,
                                                                  "Plan Width": 4,
                                                                  "Filter": "((hd_dep_count = 0) OR (hd_vehicle_count = 4))",
                                                                  "parent": 20,
                                                                  "ID": 21
                                                                }
                                                              ],
                                                              "parent": 15,
                                                              "ID": 20,
                                                              "left": 21
                                                            }
                                                          ],
                                                          "parent": 14,
                                                          "ID": 15,
                                                          "left": 16,
                                                          "right": 20
                                                        },
                                                        {
                                                          "Node Type": "Hash",
                                                          "Parent Relationship": "Inner",
                                                          "Parallel Aware": false,
                                                          "Async Capable": false,
                                                          "Startup Cost": 6.66,
                                                          "Total Cost": 6.66,
                                                          "Plan Rows": 72,
                                                          "Plan Width": 4,
                                                          "Plans": [
                                                            {
                                                              "Node Type": "Seq Scan",
                                                              "Parent Relationship": "Outer",
                                                              "Parallel Aware": false,
                                                              "Async Capable": false,
                                                              "Relation Name": "store",
                                                              "Alias": "store",
                                                              "Startup Cost": 0.0,
                                                              "Total Cost": 6.66,
                                                              "Plan Rows": 72,
                                                              "Plan Width": 4,
                                                              "Filter": "((s_city)::text = ANY ('{Midway,Fairview,Fairview,Midway,Midway}'::text[]))",
                                                              "parent": 22,
                                                              "ID": 23
                                                            }
                                                          ],
                                                          "parent": 14,
                                                          "ID": 22,
                                                          "left": 23
                                                        }
                                                      ],
                                                      "parent": 13,
                                                      "ID": 14,
                                                      "left": 15,
                                                      "right": 22
                                                    }
                                                  ],
                                                  "parent": 11,
                                                  "ID": 13,
                                                  "left": 14
                                                }
                                              ],
                                              "parent": 10,
                                              "ID": 11,
                                              "left": 12,
                                              "right": 13
                                            }
                                          ],
                                          "parent": 9,
                                          "ID": 10,
                                          "left": 11
                                        }
                                      ],
                                      "parent": 8,
                                      "ID": 9,
                                      "left": 10
                                    }
                                  ],
                                  "parent": 7,
                                  "ID": 8,
                                  "left": 9
                                }
                              ],
                              "parent": 6,
                              "ID": 7,
                              "left": 8
                            }
                          ],
                          "parent": 5,
                          "ID": 6,
                          "left": 7
                        },
                        {
                          "Node Type": "Hash",
                          "Parent Relationship": "Inner",
                          "Parallel Aware": false,
                          "Async Capable": false,
                          "Startup Cost": 18835.0,
                          "Total Cost": 18835.0,
                          "Plan Rows": 500000,
                          "Plan Width": 60,
                          "Plans": [
                            {
                              "Node Type": "Seq Scan",
                              "Parent Relationship": "Outer",
                              "Parallel Aware": false,
                              "Async Capable": false,
                              "Relation Name": "customer",
                              "Alias": "customer",
                              "Startup Cost": 0.0,
                              "Total Cost": 18835.0,
                              "Plan Rows": 500000,
                              "Plan Width": 60,
                              "parent": 24,
                              "ID": 25
                            }
                          ],
                          "parent": 5,
                          "ID": 24,
                          "left": 25
                        }
                      ],
                      "parent": 4,
                      "ID": 5,
                      "left": 6,
                      "right": 24
                    }
                  ],
                  "parent": 2,
                  "ID": 4,
                  "left": 5
                }
              ],
              "parent": 1,
              "ID": 2,
              "left": 3,
              "right": 4
            }
          ],
          "parent": 0,
          "ID": 1,
          "left": 2
        }
      ],
      "parent": null,
      "ID": 0,
      "left": 1
    },
    "feat": {
      "utility": 0.02290785829664579,
      "query_shape": [
        [
          "Seq Scan",
          "Hash Join",
          "Sort"
        ],
        [
          "Seq Scan",
          "Hash Join",
          "Sort",
          "Aggregate",
          "Gather Merge",
          "Subquery Scan",
          "Hash"
        ],
        [
          "Seq Scan",
          "Hash Join",
          "Hash",
          "Sort",
          "Aggregate",
          "Gather Merge",
          "Subquery Scan"
        ],
        [
          "Seq Scan",
          "Hash",
          "Hash Join",
          "Sort",
          "Aggregate",
          "Gather Merge",
          "Subquery Scan"
        ],
        [
          "Seq Scan",
          "Hash",
          "Hash Join",
          "Sort",
          "Aggregate",
          "Gather Merge",
          "Subquery Scan"
        ],
        [
          "Seq Scan",
          "Hash",
          "Hash Join",
          "Sort",
          "Aggregate",
          "Gather Merge",
          "Subquery Scan"
        ],
        [
          "Seq Scan",
          "Hash",
          "Hash Join",
          "Sort"
        ]
      ],
      "index_shape": [
        "join"
      ],
      "physical_operator": {
        "Hash Join": [
          0.09673003630870719
        ]
      }
    }
  },
  {
    "query": "select  c_last_name\n       ,c_first_name\n       ,ca_city\n       ,bought_city\n       ,ss_ticket_number\n       ,amt,profit \n from\n   (select ss_ticket_number\n          ,ss_customer_sk\n          ,ca_city bought_city\n          ,sum(ss_coupon_amt) amt\n          ,sum(ss_net_profit) profit\n    from store_sales,date_dim,store,household_demographics,customer_address \n    where store_sales.ss_sold_date_sk = date_dim.d_date_sk\n    and store_sales.ss_store_sk = store.s_store_sk  \n    and store_sales.ss_hdemo_sk = household_demographics.hd_demo_sk\n    and store_sales.ss_addr_sk = customer_address.ca_address_sk\n    and (household_demographics.hd_dep_count = 0 or\n         household_demographics.hd_vehicle_count= 4)\n    and date_dim.d_dow in (6,0)\n    and date_dim.d_year in (1999,1999+1,1999+2) \n    and store.s_city in ('Midway','Fairview','Fairview','Midway','Midway') \n    group by ss_ticket_number,ss_customer_sk,ss_addr_sk,ca_city) dn,customer,customer_address current_addr\n    where ss_customer_sk = c_customer_sk\n      and customer.c_current_addr_sk = current_addr.ca_address_sk\n      and current_addr.ca_city <> bought_city\n  order by c_last_name\n          ,c_first_name\n          ,ca_city\n          ,bought_city\n          ,ss_ticket_number\n  limit 100;\n\n-- end query 31 in stream 3 using template query46.tpl\n",
    "indexes": "store.s_city",
    "wo plan est": {
      "Node Type": "Limit",
      "Parallel Aware": false,
      "Async Capable": false,
      "Startup Cost": 742674.58,
      "Total Cost": 742674.83,
      "Plan Rows": 100,
      "Plan Width": 138,
      "Plans": [
        {
          "Node Type": "Sort",
          "Parent Relationship": "Outer",
          "Parallel Aware": false,
          "Async Capable": false,
          "Startup Cost": 742674.58,
          "Total Cost": 742719.28,
          "Plan Rows": 17880,
          "Plan Width": 138,
          "Sort Key": [
            "customer.c_last_name",
            "customer.c_first_name",
            "current_addr.ca_city",
            "dn.bought_city",
            "dn.ss_ticket_number"
          ],
          "Plans": [
            {
              "Node Type": "Hash Join",
              "Parent Relationship": "Outer",
              "Parallel Aware": false,
              "Async Capable": false,
              "Join Type": "Inner",
              "Startup Cost": 732894.87,
              "Total Cost": 741991.22,
              "Plan Rows": 17880,
              "Plan Width": 138,
              "Inner Unique": false,
              "Hash Cond": "(current_addr.ca_address_sk = customer.c_current_addr_sk)",
              "Join Filter": "((current_addr.ca_city)::text <> (dn.bought_city)::text)",
              "Plans": [
                {
                  "Node Type": "Seq Scan",
                  "Parent Relationship": "Outer",
                  "Parallel Aware": false,
                  "Async Capable": false,
                  "Relation Name": "customer_address",
                  "Alias": "current_addr",
                  "Startup Cost": 0.0,
                  "Total Cost": 7935.0,
                  "Plan Rows": 250000,
                  "Plan Width": 13,
                  "parent": 2,
                  "ID": 3
                },
                {
                  "Node Type": "Hash",
                  "Parent Relationship": "Inner",
                  "Parallel Aware": false,
                  "Async Capable": false,
                  "Startup Cost": 732671.02,
                  "Total Cost": 732671.02,
                  "Plan Rows": 17908,
                  "Plan Width": 133,
                  "Plans": [
                    {
                      "Node Type": "Hash Join",
                      "Parent Relationship": "Outer",
                      "Parallel Aware": false,
                      "Async Capable": false,
                      "Join Type": "Inner",
                      "Startup Cost": 723851.49,
                      "Total Cost": 732671.02,
                      "Plan Rows": 17908,
                      "Plan Width": 133,
                      "Inner Unique": false,
                      "Hash Cond": "(dn.ss_customer_sk = customer.c_customer_sk)",
                      "Plans": [
                        {
                          "Node Type": "Subquery Scan",
                          "Parent Relationship": "Outer",
                          "Parallel Aware": false,
                          "Async Capable": false,
                          "Alias": "dn",
                          "Startup Cost": 693394.49,
                          "Total Cost": 696105.78,
                          "Plan Rows": 17908,
                          "Plan Width": 81,
                          "Plans": [
                            {
                              "Node Type": "Aggregate",
                              "Strategy": "Sorted",
                              "Partial Mode": "Finalize",
                              "Parent Relationship": "Subquery",
                              "Parallel Aware": false,
                              "Async Capable": false,
                              "Startup Cost": 693394.49,
                              "Total Cost": 695926.7,
                              "Plan Rows": 17908,
                              "Plan Width": 85,
                              "Group Key": [
                                "store_sales.ss_ticket_number",
                                "store_sales.ss_customer_sk",
                                "store_sales.ss_addr_sk",
                                "customer_address.ca_city"
                              ],
                              "Plans": [
                                {
                                  "Node Type": "Gather Merge",
                                  "Parent Relationship": "Outer",
                                  "Parallel Aware": false,
                                  "Async Capable": false,
                                  "Startup Cost": 693394.49,
                                  "Total Cost": 695359.6,
                                  "Plan Rows": 14924,
                                  "Plan Width": 85,
                                  "Workers Planned": 2,
                                  "Plans": [
                                    {
                                      "Node Type": "Aggregate",
                                      "Strategy": "Sorted",
                                      "Partial Mode": "Partial",
                                      "Parent Relationship": "Outer",
                                      "Parallel Aware": false,
                                      "Async Capable": false,
                                      "Startup Cost": 692394.47,
                                      "Total Cost": 692636.98,
                                      "Plan Rows": 7462,
                                      "Plan Width": 85,
                                      "Group Key": [
                                        "store_sales.ss_ticket_number",
                                        "store_sales.ss_customer_sk",
                                        "store_sales.ss_addr_sk",
                                        "customer_address.ca_city"
                                      ],
                                      "Plans": [
                                        {
                                          "Node Type": "Sort",
                                          "Parent Relationship": "Outer",
                                          "Parallel Aware": false,
                                          "Async Capable": false,
                                          "Startup Cost": 692394.47,
                                          "Total Cost": 692413.12,
                                          "Plan Rows": 7462,
                                          "Plan Width": 30,
                                          "Sort Key": [
                                            "store_sales.ss_ticket_number",
                                            "store_sales.ss_customer_sk",
                                            "store_sales.ss_addr_sk",
                                            "customer_address.ca_city"
                                          ],
                                          "Plans": [
                                            {
                                              "Node Type": "Hash Join",
                                              "Parent Relationship": "Outer",
                                              "Parallel Aware": true,
                                              "Async Capable": false,
                                              "Join Type": "Inner",
                                              "Startup Cost": 685016.08,
                                              "Total Cost": 691914.46,
                                              "Plan Rows": 7462,
                                              "Plan Width": 30,
                                              "Inner Unique": false,
                                              "Hash Cond": "(customer_address.ca_address_sk = store_sales.ss_addr_sk)",
                                              "Plans": [
                                                {
                                                  "Node Type": "Seq Scan",
                                                  "Parent Relationship": "Outer",
                                                  "Parallel Aware": true,
                                                  "Async Capable": false,
                                                  "Relation Name": "customer_address",
                                                  "Alias": "customer_address",
                                                  "Startup Cost": 0.0,
                                                  "Total Cost": 6476.67,
                                                  "Plan Rows": 104167,
                                                  "Plan Width": 13,
                                                  "parent": 11,
                                                  "ID": 12
                                                },
                                                {
                                                  "Node Type": "Hash",
                                                  "Parent Relationship": "Inner",
                                                  "Parallel Aware": true,
                                                  "Async Capable": false,
                                                  "Startup Cost": 684918.45,
                                                  "Total Cost": 684918.45,
                                                  "Plan Rows": 7810,
                                                  "Plan Width": 21,
                                                  "Plans": [
                                                    {
                                                      "Node Type": "Hash Join",
                                                      "Parent Relationship": "Outer",
                                                      "Parallel Aware": false,
                                                      "Async Capable": false,
                                                      "Join Type": "Inner",
                                                      "Startup Cost": 2296.59,
                                                      "Total Cost": 684918.45,
                                                      "Plan Rows": 7810,
                                                      "Plan Width": 21,
                                                      "Inner Unique": false,
                                                      "Hash Cond": "(store_sales.ss_store_sk = store.s_store_sk)",
                                                      "Plans": [
                                                        {
                                                          "Node Type": "Hash Join",
                                                          "Parent Relationship": "Outer",
                                                          "Parallel Aware": false,
                                                          "Async Capable": false,
                                                          "Join Type": "Inner",
                                                          "Startup Cost": 2289.04,
                                                          "Total Cost": 684789.32,
                                                          "Plan Rows": 11593,
                                                          "Plan Width": 25,
                                                          "Inner Unique": false,
                                                          "Hash Cond": "(store_sales.ss_hdemo_sk = household_demographics.hd_demo_sk)",
                                                          "Plans": [
                                                            {
                                                              "Node Type": "Hash Join",
                                                              "Parent Relationship": "Outer",
                                                              "Parallel Aware": true,
                                                              "Async Capable": false,
                                                              "Join Type": "Inner",
                                                              "Startup Cost": 2105.54,
                                                              "Total Cost": 684307.63,
                                                              "Plan Rows": 48602,
                                                              "Plan Width": 29,
                                                              "Inner Unique": false,
                                                              "Hash Cond": "(store_sales.ss_sold_date_sk = date_dim.d_date_sk)",
                                                              "Plans": [
                                                                {
                                                                  "Node Type": "Seq Scan",
                                                                  "Parent Relationship": "Outer",
                                                                  "Parallel Aware": true,
                                                                  "Async Capable": false,
                                                                  "Relation Name": "store_sales",
                                                                  "Alias": "store_sales",
                                                                  "Startup Cost": 0.0,
                                                                  "Total Cost": 636914.37,
                                                                  "Plan Rows": 12000637,
                                                                  "Plan Width": 33,
                                                                  "parent": 16,
                                                                  "ID": 17
                                                                },
                                                                {
                                                                  "Node Type": "Hash",
                                                                  "Parent Relationship": "Inner",
                                                                  "Parallel Aware": true,
                                                                  "Async Capable": false,
                                                                  "Startup Cost": 2103.26,
                                                                  "Total Cost": 2103.26,
                                                                  "Plan Rows": 182,
                                                                  "Plan Width": 4,
                                                                  "Plans": [
                                                                    {
                                                                      "Node Type": "Seq Scan",
                                                                      "Parent Relationship": "Outer",
                                                                      "Parallel Aware": true,
                                                                      "Async Capable": false,
                                                                      "Relation Name": "date_dim",
                                                                      "Alias": "date_dim",
                                                                      "Startup Cost": 0.0,
                                                                      "Total Cost": 2103.26,
                                                                      "Plan Rows": 182,
                                                                      "Plan Width": 4,
                                                                      "Filter": "((d_dow = ANY ('{6,0}'::integer[])) AND (d_year = ANY ('{1999,2000,2001}'::integer[])))",
                                                                      "parent": 18,
                                                                      "ID": 19
                                                                    }
                                                                  ],
                                                                  "parent": 16,
                                                                  "ID": 18,
                                                                  "left": 19
                                                                }
                                                              ],
                                                              "parent": 15,
                                                              "ID": 16,
                                                              "left": 17,
                                                              "right": 18
                                                            },
                                                            {
                                                              "Node Type": "Hash",
                                                              "Parent Relationship": "Inner",
                                                              "Parallel Aware": false,
                                                              "Async Capable": false,
                                                              "Startup Cost": 161.0,
                                                              "Total Cost": 161.0,
                                                              "Plan Rows": 1800,
                                                              "Plan Width": 4,
                                                              "Plans": [
                                                                {
                                                                  "Node Type": "Seq Scan",
                                                                  "Parent Relationship": "Outer",
                                                                  "Parallel Aware": false,
                                                                  "Async Capable": false,
                                                                  "Relation Name": "household_demographics",
                                                                  "Alias": "household_demographics",
                                                                  "Startup Cost": 0.0,
                                                                  "Total Cost": 161.0,
                                                                  "Plan Rows": 1800,
                                                                  "Plan Width": 4,
                                                                  "Filter": "((hd_dep_count = 0) OR (hd_vehicle_count = 4))",
                                                                  "parent": 20,
                                                                  "ID": 21
                                                                }
                                                              ],
                                                              "parent": 15,
                                                              "ID": 20,
                                                              "left": 21
                                                            }
                                                          ],
                                                          "parent": 14,
                                                          "ID": 15,
                                                          "left": 16,
                                                          "right": 20
                                                        },
                                                        {
                                                          "Node Type": "Hash",
                                                          "Parent Relationship": "Inner",
                                                          "Parallel Aware": false,
                                                          "Async Capable": false,
                                                          "Startup Cost": 6.66,
                                                          "Total Cost": 6.66,
                                                          "Plan Rows": 72,
                                                          "Plan Width": 4,
                                                          "Plans": [
                                                            {
                                                              "Node Type": "Seq Scan",
                                                              "Parent Relationship": "Outer",
                                                              "Parallel Aware": false,
                                                              "Async Capable": false,
                                                              "Relation Name": "store",
                                                              "Alias": "store",
                                                              "Startup Cost": 0.0,
                                                              "Total Cost": 6.66,
                                                              "Plan Rows": 72,
                                                              "Plan Width": 4,
                                                              "Filter": "((s_city)::text = ANY ('{Midway,Fairview,Fairview,Midway,Midway}'::text[]))",
                                                              "parent": 22,
                                                              "ID": 23
                                                            }
                                                          ],
                                                          "parent": 14,
                                                          "ID": 22,
                                                          "left": 23
                                                        }
                                                      ],
                                                      "parent": 13,
                                                      "ID": 14,
                                                      "left": 15,
                                                      "right": 22
                                                    }
                                                  ],
                                                  "parent": 11,
                                                  "ID": 13,
                                                  "left": 14
                                                }
                                              ],
                                              "parent": 10,
                                              "ID": 11,
                                              "left": 12,
                                              "right": 13
                                            }
                                          ],
                                          "parent": 9,
                                          "ID": 10,
                                          "left": 11
                                        }
                                      ],
                                      "parent": 8,
                                      "ID": 9,
                                      "left": 10
                                    }
                                  ],
                                  "parent": 7,
                                  "ID": 8,
                                  "left": 9
                                }
                              ],
                              "parent": 6,
                              "ID": 7,
                              "left": 8
                            }
                          ],
                          "parent": 5,
                          "ID": 6,
                          "left": 7
                        },
                        {
                          "Node Type": "Hash",
                          "Parent Relationship": "Inner",
                          "Parallel Aware": false,
                          "Async Capable": false,
                          "Startup Cost": 18835.0,
                          "Total Cost": 18835.0,
                          "Plan Rows": 500000,
                          "Plan Width": 60,
                          "Plans": [
                            {
                              "Node Type": "Seq Scan",
                              "Parent Relationship": "Outer",
                              "Parallel Aware": false,
                              "Async Capable": false,
                              "Relation Name": "customer",
                              "Alias": "customer",
                              "Startup Cost": 0.0,
                              "Total Cost": 18835.0,
                              "Plan Rows": 500000,
                              "Plan Width": 60,
                              "parent": 24,
                              "ID": 25
                            }
                          ],
                          "parent": 5,
                          "ID": 24,
                          "left": 25
                        }
                      ],
                      "parent": 4,
                      "ID": 5,
                      "left": 6,
                      "right": 24
                    }
                  ],
                  "parent": 2,
                  "ID": 4,
                  "left": 5
                }
              ],
              "parent": 1,
              "ID": 2,
              "left": 3,
              "right": 4
            }
          ],
          "parent": 0,
          "ID": 1,
          "left": 2
        }
      ],
      "parent": null,
      "ID": 0,
      "left": 1
    },
    "feat": {
      "utility": 2.6375251325156184e-06,
      "query_shape": [
        [
          "Seq Scan",
          "Hash Join",
          "Sort"
        ],
        [
          "Seq Scan",
          "Hash Join",
          "Sort",
          "Aggregate",
          "Gather Merge",
          "Subquery Scan",
          "Hash"
        ],
        [
          "Seq Scan",
          "Hash Join",
          "Hash",
          "Sort",
          "Aggregate",
          "Gather Merge",
          "Subquery Scan"
        ],
        [
          "Seq Scan",
          "Hash",
          "Hash Join",
          "Sort",
          "Aggregate",
          "Gather Merge",
          "Subquery Scan"
        ],
        [
          "Seq Scan",
          "Hash",
          "Hash Join",
          "Sort",
          "Aggregate",
          "Gather Merge",
          "Subquery Scan"
        ],
        [
          "Seq Scan",
          "Hash",
          "Hash Join",
          "Sort",
          "Aggregate",
          "Gather Merge",
          "Subquery Scan"
        ],
        [
          "Seq Scan",
          "Hash",
          "Hash Join",
          "Sort"
        ]
      ],
      "index_shape": [
        "selection"
      ],
      "physical_operator": {
        "Seq Scan": [
          0.7058823529411765
        ]
      }
    }
  },
  {
    "query": "select  c_last_name\n       ,c_first_name\n       ,ca_city\n       ,bought_city\n       ,ss_ticket_number\n       ,amt,profit \n from\n   (select ss_ticket_number\n          ,ss_customer_sk\n          ,ca_city bought_city\n          ,sum(ss_coupon_amt) amt\n          ,sum(ss_net_profit) profit\n    from store_sales,date_dim,store,household_demographics,customer_address \n    where store_sales.ss_sold_date_sk = date_dim.d_date_sk\n    and store_sales.ss_store_sk = store.s_store_sk  \n    and store_sales.ss_hdemo_sk = household_demographics.hd_demo_sk\n    and store_sales.ss_addr_sk = customer_address.ca_address_sk\n    and (household_demographics.hd_dep_count = 0 or\n         household_demographics.hd_vehicle_count= 4)\n    and date_dim.d_dow in (6,0)\n    and date_dim.d_year in (1999,1999+1,1999+2) \n    and store.s_city in ('Midway','Fairview','Fairview','Midway','Midway') \n    group by ss_ticket_number,ss_customer_sk,ss_addr_sk,ca_city) dn,customer,customer_address current_addr\n    where ss_customer_sk = c_customer_sk\n      and customer.c_current_addr_sk = current_addr.ca_address_sk\n      and current_addr.ca_city <> bought_city\n  order by c_last_name\n          ,c_first_name\n          ,ca_city\n          ,bought_city\n          ,ss_ticket_number\n  limit 100;\n\n-- end query 31 in stream 3 using template query46.tpl\n",
    "indexes": "store_sales.ss_sold_date_sk",
    "wo plan est": {
      "Node Type": "Limit",
      "Parallel Aware": false,
      "Async Capable": false,
      "Startup Cost": 742674.58,
      "Total Cost": 742674.83,
      "Plan Rows": 100,
      "Plan Width": 138,
      "Plans": [
        {
          "Node Type": "Sort",
          "Parent Relationship": "Outer",
          "Parallel Aware": false,
          "Async Capable": false,
          "Startup Cost": 742674.58,
          "Total Cost": 742719.28,
          "Plan Rows": 17880,
          "Plan Width": 138,
          "Sort Key": [
            "customer.c_last_name",
            "customer.c_first_name",
            "current_addr.ca_city",
            "dn.bought_city",
            "dn.ss_ticket_number"
          ],
          "Plans": [
            {
              "Node Type": "Hash Join",
              "Parent Relationship": "Outer",
              "Parallel Aware": false,
              "Async Capable": false,
              "Join Type": "Inner",
              "Startup Cost": 732894.87,
              "Total Cost": 741991.22,
              "Plan Rows": 17880,
              "Plan Width": 138,
              "Inner Unique": false,
              "Hash Cond": "(current_addr.ca_address_sk = customer.c_current_addr_sk)",
              "Join Filter": "((current_addr.ca_city)::text <> (dn.bought_city)::text)",
              "Plans": [
                {
                  "Node Type": "Seq Scan",
                  "Parent Relationship": "Outer",
                  "Parallel Aware": false,
                  "Async Capable": false,
                  "Relation Name": "customer_address",
                  "Alias": "current_addr",
                  "Startup Cost": 0.0,
                  "Total Cost": 7935.0,
                  "Plan Rows": 250000,
                  "Plan Width": 13,
                  "parent": 2,
                  "ID": 3
                },
                {
                  "Node Type": "Hash",
                  "Parent Relationship": "Inner",
                  "Parallel Aware": false,
                  "Async Capable": false,
                  "Startup Cost": 732671.02,
                  "Total Cost": 732671.02,
                  "Plan Rows": 17908,
                  "Plan Width": 133,
                  "Plans": [
                    {
                      "Node Type": "Hash Join",
                      "Parent Relationship": "Outer",
                      "Parallel Aware": false,
                      "Async Capable": false,
                      "Join Type": "Inner",
                      "Startup Cost": 723851.49,
                      "Total Cost": 732671.02,
                      "Plan Rows": 17908,
                      "Plan Width": 133,
                      "Inner Unique": false,
                      "Hash Cond": "(dn.ss_customer_sk = customer.c_customer_sk)",
                      "Plans": [
                        {
                          "Node Type": "Subquery Scan",
                          "Parent Relationship": "Outer",
                          "Parallel Aware": false,
                          "Async Capable": false,
                          "Alias": "dn",
                          "Startup Cost": 693394.49,
                          "Total Cost": 696105.78,
                          "Plan Rows": 17908,
                          "Plan Width": 81,
                          "Plans": [
                            {
                              "Node Type": "Aggregate",
                              "Strategy": "Sorted",
                              "Partial Mode": "Finalize",
                              "Parent Relationship": "Subquery",
                              "Parallel Aware": false,
                              "Async Capable": false,
                              "Startup Cost": 693394.49,
                              "Total Cost": 695926.7,
                              "Plan Rows": 17908,
                              "Plan Width": 85,
                              "Group Key": [
                                "store_sales.ss_ticket_number",
                                "store_sales.ss_customer_sk",
                                "store_sales.ss_addr_sk",
                                "customer_address.ca_city"
                              ],
                              "Plans": [
                                {
                                  "Node Type": "Gather Merge",
                                  "Parent Relationship": "Outer",
                                  "Parallel Aware": false,
                                  "Async Capable": false,
                                  "Startup Cost": 693394.49,
                                  "Total Cost": 695359.6,
                                  "Plan Rows": 14924,
                                  "Plan Width": 85,
                                  "Workers Planned": 2,
                                  "Plans": [
                                    {
                                      "Node Type": "Aggregate",
                                      "Strategy": "Sorted",
                                      "Partial Mode": "Partial",
                                      "Parent Relationship": "Outer",
                                      "Parallel Aware": false,
                                      "Async Capable": false,
                                      "Startup Cost": 692394.47,
                                      "Total Cost": 692636.98,
                                      "Plan Rows": 7462,
                                      "Plan Width": 85,
                                      "Group Key": [
                                        "store_sales.ss_ticket_number",
                                        "store_sales.ss_customer_sk",
                                        "store_sales.ss_addr_sk",
                                        "customer_address.ca_city"
                                      ],
                                      "Plans": [
                                        {
                                          "Node Type": "Sort",
                                          "Parent Relationship": "Outer",
                                          "Parallel Aware": false,
                                          "Async Capable": false,
                                          "Startup Cost": 692394.47,
                                          "Total Cost": 692413.12,
                                          "Plan Rows": 7462,
                                          "Plan Width": 30,
                                          "Sort Key": [
                                            "store_sales.ss_ticket_number",
                                            "store_sales.ss_customer_sk",
                                            "store_sales.ss_addr_sk",
                                            "customer_address.ca_city"
                                          ],
                                          "Plans": [
                                            {
                                              "Node Type": "Hash Join",
                                              "Parent Relationship": "Outer",
                                              "Parallel Aware": true,
                                              "Async Capable": false,
                                              "Join Type": "Inner",
                                              "Startup Cost": 685016.08,
                                              "Total Cost": 691914.46,
                                              "Plan Rows": 7462,
                                              "Plan Width": 30,
                                              "Inner Unique": false,
                                              "Hash Cond": "(customer_address.ca_address_sk = store_sales.ss_addr_sk)",
                                              "Plans": [
                                                {
                                                  "Node Type": "Seq Scan",
                                                  "Parent Relationship": "Outer",
                                                  "Parallel Aware": true,
                                                  "Async Capable": false,
                                                  "Relation Name": "customer_address",
                                                  "Alias": "customer_address",
                                                  "Startup Cost": 0.0,
                                                  "Total Cost": 6476.67,
                                                  "Plan Rows": 104167,
                                                  "Plan Width": 13,
                                                  "parent": 11,
                                                  "ID": 12
                                                },
                                                {
                                                  "Node Type": "Hash",
                                                  "Parent Relationship": "Inner",
                                                  "Parallel Aware": true,
                                                  "Async Capable": false,
                                                  "Startup Cost": 684918.45,
                                                  "Total Cost": 684918.45,
                                                  "Plan Rows": 7810,
                                                  "Plan Width": 21,
                                                  "Plans": [
                                                    {
                                                      "Node Type": "Hash Join",
                                                      "Parent Relationship": "Outer",
                                                      "Parallel Aware": false,
                                                      "Async Capable": false,
                                                      "Join Type": "Inner",
                                                      "Startup Cost": 2296.59,
                                                      "Total Cost": 684918.45,
                                                      "Plan Rows": 7810,
                                                      "Plan Width": 21,
                                                      "Inner Unique": false,
                                                      "Hash Cond": "(store_sales.ss_store_sk = store.s_store_sk)",
                                                      "Plans": [
                                                        {
                                                          "Node Type": "Hash Join",
                                                          "Parent Relationship": "Outer",
                                                          "Parallel Aware": false,
                                                          "Async Capable": false,
                                                          "Join Type": "Inner",
                                                          "Startup Cost": 2289.04,
                                                          "Total Cost": 684789.32,
                                                          "Plan Rows": 11593,
                                                          "Plan Width": 25,
                                                          "Inner Unique": false,
                                                          "Hash Cond": "(store_sales.ss_hdemo_sk = household_demographics.hd_demo_sk)",
                                                          "Plans": [
                                                            {
                                                              "Node Type": "Hash Join",
                                                              "Parent Relationship": "Outer",
                                                              "Parallel Aware": true,
                                                              "Async Capable": false,
                                                              "Join Type": "Inner",
                                                              "Startup Cost": 2105.54,
                                                              "Total Cost": 684307.63,
                                                              "Plan Rows": 48602,
                                                              "Plan Width": 29,
                                                              "Inner Unique": false,
                                                              "Hash Cond": "(store_sales.ss_sold_date_sk = date_dim.d_date_sk)",
                                                              "Plans": [
                                                                {
                                                                  "Node Type": "Seq Scan",
                                                                  "Parent Relationship": "Outer",
                                                                  "Parallel Aware": true,
                                                                  "Async Capable": false,
                                                                  "Relation Name": "store_sales",
                                                                  "Alias": "store_sales",
                                                                  "Startup Cost": 0.0,
                                                                  "Total Cost": 636914.37,
                                                                  "Plan Rows": 12000637,
                                                                  "Plan Width": 33,
                                                                  "parent": 16,
                                                                  "ID": 17
                                                                },
                                                                {
                                                                  "Node Type": "Hash",
                                                                  "Parent Relationship": "Inner",
                                                                  "Parallel Aware": true,
                                                                  "Async Capable": false,
                                                                  "Startup Cost": 2103.26,
                                                                  "Total Cost": 2103.26,
                                                                  "Plan Rows": 182,
                                                                  "Plan Width": 4,
                                                                  "Plans": [
                                                                    {
                                                                      "Node Type": "Seq Scan",
                                                                      "Parent Relationship": "Outer",
                                                                      "Parallel Aware": true,
                                                                      "Async Capable": false,
                                                                      "Relation Name": "date_dim",
                                                                      "Alias": "date_dim",
                                                                      "Startup Cost": 0.0,
                                                                      "Total Cost": 2103.26,
                                                                      "Plan Rows": 182,
                                                                      "Plan Width": 4,
                                                                      "Filter": "((d_dow = ANY ('{6,0}'::integer[])) AND (d_year = ANY ('{1999,2000,2001}'::integer[])))",
                                                                      "parent": 18,
                                                                      "ID": 19
                                                                    }
                                                                  ],
                                                                  "parent": 16,
                                                                  "ID": 18,
                                                                  "left": 19
                                                                }
                                                              ],
                                                              "parent": 15,
                                                              "ID": 16,
                                                              "left": 17,
                                                              "right": 18
                                                            },
                                                            {
                                                              "Node Type": "Hash",
                                                              "Parent Relationship": "Inner",
                                                              "Parallel Aware": false,
                                                              "Async Capable": false,
                                                              "Startup Cost": 161.0,
                                                              "Total Cost": 161.0,
                                                              "Plan Rows": 1800,
                                                              "Plan Width": 4,
                                                              "Plans": [
                                                                {
                                                                  "Node Type": "Seq Scan",
                                                                  "Parent Relationship": "Outer",
                                                                  "Parallel Aware": false,
                                                                  "Async Capable": false,
                                                                  "Relation Name": "household_demographics",
                                                                  "Alias": "household_demographics",
                                                                  "Startup Cost": 0.0,
                                                                  "Total Cost": 161.0,
                                                                  "Plan Rows": 1800,
                                                                  "Plan Width": 4,
                                                                  "Filter": "((hd_dep_count = 0) OR (hd_vehicle_count = 4))",
                                                                  "parent": 20,
                                                                  "ID": 21
                                                                }
                                                              ],
                                                              "parent": 15,
                                                              "ID": 20,
                                                              "left": 21
                                                            }
                                                          ],
                                                          "parent": 14,
                                                          "ID": 15,
                                                          "left": 16,
                                                          "right": 20
                                                        },
                                                        {
                                                          "Node Type": "Hash",
                                                          "Parent Relationship": "Inner",
                                                          "Parallel Aware": false,
                                                          "Async Capable": false,
                                                          "Startup Cost": 6.66,
                                                          "Total Cost": 6.66,
                                                          "Plan Rows": 72,
                                                          "Plan Width": 4,
                                                          "Plans": [
                                                            {
                                                              "Node Type": "Seq Scan",
                                                              "Parent Relationship": "Outer",
                                                              "Parallel Aware": false,
                                                              "Async Capable": false,
                                                              "Relation Name": "store",
                                                              "Alias": "store",
                                                              "Startup Cost": 0.0,
                                                              "Total Cost": 6.66,
                                                              "Plan Rows": 72,
                                                              "Plan Width": 4,
                                                              "Filter": "((s_city)::text = ANY ('{Midway,Fairview,Fairview,Midway,Midway}'::text[]))",
                                                              "parent": 22,
                                                              "ID": 23
                                                            }
                                                          ],
                                                          "parent": 14,
                                                          "ID": 22,
                                                          "left": 23
                                                        }
                                                      ],
                                                      "parent": 13,
                                                      "ID": 14,
                                                      "left": 15,
                                                      "right": 22
                                                    }
                                                  ],
                                                  "parent": 11,
                                                  "ID": 13,
                                                  "left": 14
                                                }
                                              ],
                                              "parent": 10,
                                              "ID": 11,
                                              "left": 12,
                                              "right": 13
                                            }
                                          ],
                                          "parent": 9,
                                          "ID": 10,
                                          "left": 11
                                        }
                                      ],
                                      "parent": 8,
                                      "ID": 9,
                                      "left": 10
                                    }
                                  ],
                                  "parent": 7,
                                  "ID": 8,
                                  "left": 9
                                }
                              ],
                              "parent": 6,
                              "ID": 7,
                              "left": 8
                            }
                          ],
                          "parent": 5,
                          "ID": 6,
                          "left": 7
                        },
                        {
                          "Node Type": "Hash",
                          "Parent Relationship": "Inner",
                          "Parallel Aware": false,
                          "Async Capable": false,
                          "Startup Cost": 18835.0,
                          "Total Cost": 18835.0,
                          "Plan Rows": 500000,
                          "Plan Width": 60,
                          "Plans": [
                            {
                              "Node Type": "Seq Scan",
                              "Parent Relationship": "Outer",
                              "Parallel Aware": false,
                              "Async Capable": false,
                              "Relation Name": "customer",
                              "Alias": "customer",
                              "Startup Cost": 0.0,
                              "Total Cost": 18835.0,
                              "Plan Rows": 500000,
                              "Plan Width": 60,
                              "parent": 24,
                              "ID": 25
                            }
                          ],
                          "parent": 5,
                          "ID": 24,
                          "left": 25
                        }
                      ],
                      "parent": 4,
                      "ID": 5,
                      "left": 6,
                      "right": 24
                    }
                  ],
                  "parent": 2,
                  "ID": 4,
                  "left": 5
                }
              ],
              "parent": 1,
              "ID": 2,
              "left": 3,
              "right": 4
            }
          ],
          "parent": 0,
          "ID": 1,
          "left": 2
        }
      ],
      "parent": null,
      "ID": 0,
      "left": 1
    },
    "feat": {
      "utility": 0.02524139740667229,
      "query_shape": [
        [
          "Seq Scan",
          "Hash Join",
          "Sort"
        ],
        [
          "Seq Scan",
          "Hash Join",
          "Sort",
          "Aggregate",
          "Gather Merge",
          "Subquery Scan",
          "Hash"
        ],
        [
          "Seq Scan",
          "Hash Join",
          "Hash",
          "Sort",
          "Aggregate",
          "Gather Merge",
          "Subquery Scan"
        ],
        [
          "Seq Scan",
          "Hash",
          "Hash Join",
          "Sort",
          "Aggregate",
          "Gather Merge",
          "Subquery Scan"
        ],
        [
          "Seq Scan",
          "Hash",
          "Hash Join",
          "Sort",
          "Aggregate",
          "Gather Merge",
          "Subquery Scan"
        ],
        [
          "Seq Scan",
          "Hash",
          "Hash Join",
          "Sort",
          "Aggregate",
          "Gather Merge",
          "Subquery Scan"
        ],
        [
          "Seq Scan",
          "Hash",
          "Hash Join",
          "Sort"
        ]
      ],
      "index_shape": [
        "join"
      ],
      "physical_operator": {
        "Hash Join": [
          0.0047172536255490685
        ]
      }
    }
  },
  {
    "query": "select  c_last_name\n       ,c_first_name\n       ,ca_city\n       ,bought_city\n       ,ss_ticket_number\n       ,amt,profit \n from\n   (select ss_ticket_number\n          ,ss_customer_sk\n          ,ca_city bought_city\n          ,sum(ss_coupon_amt) amt\n          ,sum(ss_net_profit) profit\n    from store_sales,date_dim,store,household_demographics,customer_address \n    where store_sales.ss_sold_date_sk = date_dim.d_date_sk\n    and store_sales.ss_store_sk = store.s_store_sk  \n    and store_sales.ss_hdemo_sk = household_demographics.hd_demo_sk\n    and store_sales.ss_addr_sk = customer_address.ca_address_sk\n    and (household_demographics.hd_dep_count = 0 or\n         household_demographics.hd_vehicle_count= 4)\n    and date_dim.d_dow in (6,0)\n    and date_dim.d_year in (1999,1999+1,1999+2) \n    and store.s_city in ('Midway','Fairview','Fairview','Midway','Midway') \n    group by ss_ticket_number,ss_customer_sk,ss_addr_sk,ca_city) dn,customer,customer_address current_addr\n    where ss_customer_sk = c_customer_sk\n      and customer.c_current_addr_sk = current_addr.ca_address_sk\n      and current_addr.ca_city <> bought_city\n  order by c_last_name\n          ,c_first_name\n          ,ca_city\n          ,bought_city\n          ,ss_ticket_number\n  limit 100;\n\n-- end query 31 in stream 3 using template query46.tpl\n",
    "indexes": "store_sales.ss_customer_sk",
    "wo plan est": {
      "Node Type": "Limit",
      "Parallel Aware": false,
      "Async Capable": false,
      "Startup Cost": 742674.58,
      "Total Cost": 742674.83,
      "Plan Rows": 100,
      "Plan Width": 138,
      "Plans": [
        {
          "Node Type": "Sort",
          "Parent Relationship": "Outer",
          "Parallel Aware": false,
          "Async Capable": false,
          "Startup Cost": 742674.58,
          "Total Cost": 742719.28,
          "Plan Rows": 17880,
          "Plan Width": 138,
          "Sort Key": [
            "customer.c_last_name",
            "customer.c_first_name",
            "current_addr.ca_city",
            "dn.bought_city",
            "dn.ss_ticket_number"
          ],
          "Plans": [
            {
              "Node Type": "Hash Join",
              "Parent Relationship": "Outer",
              "Parallel Aware": false,
              "Async Capable": false,
              "Join Type": "Inner",
              "Startup Cost": 732894.87,
              "Total Cost": 741991.22,
              "Plan Rows": 17880,
              "Plan Width": 138,
              "Inner Unique": false,
              "Hash Cond": "(current_addr.ca_address_sk = customer.c_current_addr_sk)",
              "Join Filter": "((current_addr.ca_city)::text <> (dn.bought_city)::text)",
              "Plans": [
                {
                  "Node Type": "Seq Scan",
                  "Parent Relationship": "Outer",
                  "Parallel Aware": false,
                  "Async Capable": false,
                  "Relation Name": "customer_address",
                  "Alias": "current_addr",
                  "Startup Cost": 0.0,
                  "Total Cost": 7935.0,
                  "Plan Rows": 250000,
                  "Plan Width": 13,
                  "parent": 2,
                  "ID": 3
                },
                {
                  "Node Type": "Hash",
                  "Parent Relationship": "Inner",
                  "Parallel Aware": false,
                  "Async Capable": false,
                  "Startup Cost": 732671.02,
                  "Total Cost": 732671.02,
                  "Plan Rows": 17908,
                  "Plan Width": 133,
                  "Plans": [
                    {
                      "Node Type": "Hash Join",
                      "Parent Relationship": "Outer",
                      "Parallel Aware": false,
                      "Async Capable": false,
                      "Join Type": "Inner",
                      "Startup Cost": 723851.49,
                      "Total Cost": 732671.02,
                      "Plan Rows": 17908,
                      "Plan Width": 133,
                      "Inner Unique": false,
                      "Hash Cond": "(dn.ss_customer_sk = customer.c_customer_sk)",
                      "Plans": [
                        {
                          "Node Type": "Subquery Scan",
                          "Parent Relationship": "Outer",
                          "Parallel Aware": false,
                          "Async Capable": false,
                          "Alias": "dn",
                          "Startup Cost": 693394.49,
                          "Total Cost": 696105.78,
                          "Plan Rows": 17908,
                          "Plan Width": 81,
                          "Plans": [
                            {
                              "Node Type": "Aggregate",
                              "Strategy": "Sorted",
                              "Partial Mode": "Finalize",
                              "Parent Relationship": "Subquery",
                              "Parallel Aware": false,
                              "Async Capable": false,
                              "Startup Cost": 693394.49,
                              "Total Cost": 695926.7,
                              "Plan Rows": 17908,
                              "Plan Width": 85,
                              "Group Key": [
                                "store_sales.ss_ticket_number",
                                "store_sales.ss_customer_sk",
                                "store_sales.ss_addr_sk",
                                "customer_address.ca_city"
                              ],
                              "Plans": [
                                {
                                  "Node Type": "Gather Merge",
                                  "Parent Relationship": "Outer",
                                  "Parallel Aware": false,
                                  "Async Capable": false,
                                  "Startup Cost": 693394.49,
                                  "Total Cost": 695359.6,
                                  "Plan Rows": 14924,
                                  "Plan Width": 85,
                                  "Workers Planned": 2,
                                  "Plans": [
                                    {
                                      "Node Type": "Aggregate",
                                      "Strategy": "Sorted",
                                      "Partial Mode": "Partial",
                                      "Parent Relationship": "Outer",
                                      "Parallel Aware": false,
                                      "Async Capable": false,
                                      "Startup Cost": 692394.47,
                                      "Total Cost": 692636.98,
                                      "Plan Rows": 7462,
                                      "Plan Width": 85,
                                      "Group Key": [
                                        "store_sales.ss_ticket_number",
                                        "store_sales.ss_customer_sk",
                                        "store_sales.ss_addr_sk",
                                        "customer_address.ca_city"
                                      ],
                                      "Plans": [
                                        {
                                          "Node Type": "Sort",
                                          "Parent Relationship": "Outer",
                                          "Parallel Aware": false,
                                          "Async Capable": false,
                                          "Startup Cost": 692394.47,
                                          "Total Cost": 692413.12,
                                          "Plan Rows": 7462,
                                          "Plan Width": 30,
                                          "Sort Key": [
                                            "store_sales.ss_ticket_number",
                                            "store_sales.ss_customer_sk",
                                            "store_sales.ss_addr_sk",
                                            "customer_address.ca_city"
                                          ],
                                          "Plans": [
                                            {
                                              "Node Type": "Hash Join",
                                              "Parent Relationship": "Outer",
                                              "Parallel Aware": true,
                                              "Async Capable": false,
                                              "Join Type": "Inner",
                                              "Startup Cost": 685016.08,
                                              "Total Cost": 691914.46,
                                              "Plan Rows": 7462,
                                              "Plan Width": 30,
                                              "Inner Unique": false,
                                              "Hash Cond": "(customer_address.ca_address_sk = store_sales.ss_addr_sk)",
                                              "Plans": [
                                                {
                                                  "Node Type": "Seq Scan",
                                                  "Parent Relationship": "Outer",
                                                  "Parallel Aware": true,
                                                  "Async Capable": false,
                                                  "Relation Name": "customer_address",
                                                  "Alias": "customer_address",
                                                  "Startup Cost": 0.0,
                                                  "Total Cost": 6476.67,
                                                  "Plan Rows": 104167,
                                                  "Plan Width": 13,
                                                  "parent": 11,
                                                  "ID": 12
                                                },
                                                {
                                                  "Node Type": "Hash",
                                                  "Parent Relationship": "Inner",
                                                  "Parallel Aware": true,
                                                  "Async Capable": false,
                                                  "Startup Cost": 684918.45,
                                                  "Total Cost": 684918.45,
                                                  "Plan Rows": 7810,
                                                  "Plan Width": 21,
                                                  "Plans": [
                                                    {
                                                      "Node Type": "Hash Join",
                                                      "Parent Relationship": "Outer",
                                                      "Parallel Aware": false,
                                                      "Async Capable": false,
                                                      "Join Type": "Inner",
                                                      "Startup Cost": 2296.59,
                                                      "Total Cost": 684918.45,
                                                      "Plan Rows": 7810,
                                                      "Plan Width": 21,
                                                      "Inner Unique": false,
                                                      "Hash Cond": "(store_sales.ss_store_sk = store.s_store_sk)",
                                                      "Plans": [
                                                        {
                                                          "Node Type": "Hash Join",
                                                          "Parent Relationship": "Outer",
                                                          "Parallel Aware": false,
                                                          "Async Capable": false,
                                                          "Join Type": "Inner",
                                                          "Startup Cost": 2289.04,
                                                          "Total Cost": 684789.32,
                                                          "Plan Rows": 11593,
                                                          "Plan Width": 25,
                                                          "Inner Unique": false,
                                                          "Hash Cond": "(store_sales.ss_hdemo_sk = household_demographics.hd_demo_sk)",
                                                          "Plans": [
                                                            {
                                                              "Node Type": "Hash Join",
                                                              "Parent Relationship": "Outer",
                                                              "Parallel Aware": true,
                                                              "Async Capable": false,
                                                              "Join Type": "Inner",
                                                              "Startup Cost": 2105.54,
                                                              "Total Cost": 684307.63,
                                                              "Plan Rows": 48602,
                                                              "Plan Width": 29,
                                                              "Inner Unique": false,
                                                              "Hash Cond": "(store_sales.ss_sold_date_sk = date_dim.d_date_sk)",
                                                              "Plans": [
                                                                {
                                                                  "Node Type": "Seq Scan",
                                                                  "Parent Relationship": "Outer",
                                                                  "Parallel Aware": true,
                                                                  "Async Capable": false,
                                                                  "Relation Name": "store_sales",
                                                                  "Alias": "store_sales",
                                                                  "Startup Cost": 0.0,
                                                                  "Total Cost": 636914.37,
                                                                  "Plan Rows": 12000637,
                                                                  "Plan Width": 33,
                                                                  "parent": 16,
                                                                  "ID": 17
                                                                },
                                                                {
                                                                  "Node Type": "Hash",
                                                                  "Parent Relationship": "Inner",
                                                                  "Parallel Aware": true,
                                                                  "Async Capable": false,
                                                                  "Startup Cost": 2103.26,
                                                                  "Total Cost": 2103.26,
                                                                  "Plan Rows": 182,
                                                                  "Plan Width": 4,
                                                                  "Plans": [
                                                                    {
                                                                      "Node Type": "Seq Scan",
                                                                      "Parent Relationship": "Outer",
                                                                      "Parallel Aware": true,
                                                                      "Async Capable": false,
                                                                      "Relation Name": "date_dim",
                                                                      "Alias": "date_dim",
                                                                      "Startup Cost": 0.0,
                                                                      "Total Cost": 2103.26,
                                                                      "Plan Rows": 182,
                                                                      "Plan Width": 4,
                                                                      "Filter": "((d_dow = ANY ('{6,0}'::integer[])) AND (d_year = ANY ('{1999,2000,2001}'::integer[])))",
                                                                      "parent": 18,
                                                                      "ID": 19
                                                                    }
                                                                  ],
                                                                  "parent": 16,
                                                                  "ID": 18,
                                                                  "left": 19
                                                                }
                                                              ],
                                                              "parent": 15,
                                                              "ID": 16,
                                                              "left": 17,
                                                              "right": 18
                                                            },
                                                            {
                                                              "Node Type": "Hash",
                                                              "Parent Relationship": "Inner",
                                                              "Parallel Aware": false,
                                                              "Async Capable": false,
                                                              "Startup Cost": 161.0,
                                                              "Total Cost": 161.0,
                                                              "Plan Rows": 1800,
                                                              "Plan Width": 4,
                                                              "Plans": [
                                                                {
                                                                  "Node Type": "Seq Scan",
                                                                  "Parent Relationship": "Outer",
                                                                  "Parallel Aware": false,
                                                                  "Async Capable": false,
                                                                  "Relation Name": "household_demographics",
                                                                  "Alias": "household_demographics",
                                                                  "Startup Cost": 0.0,
                                                                  "Total Cost": 161.0,
                                                                  "Plan Rows": 1800,
                                                                  "Plan Width": 4,
                                                                  "Filter": "((hd_dep_count = 0) OR (hd_vehicle_count = 4))",
                                                                  "parent": 20,
                                                                  "ID": 21
                                                                }
                                                              ],
                                                              "parent": 15,
                                                              "ID": 20,
                                                              "left": 21
                                                            }
                                                          ],
                                                          "parent": 14,
                                                          "ID": 15,
                                                          "left": 16,
                                                          "right": 20
                                                        },
                                                        {
                                                          "Node Type": "Hash",
                                                          "Parent Relationship": "Inner",
                                                          "Parallel Aware": false,
                                                          "Async Capable": false,
                                                          "Startup Cost": 6.66,
                                                          "Total Cost": 6.66,
                                                          "Plan Rows": 72,
                                                          "Plan Width": 4,
                                                          "Plans": [
                                                            {
                                                              "Node Type": "Seq Scan",
                                                              "Parent Relationship": "Outer",
                                                              "Parallel Aware": false,
                                                              "Async Capable": false,
                                                              "Relation Name": "store",
                                                              "Alias": "store",
                                                              "Startup Cost": 0.0,
                                                              "Total Cost": 6.66,
                                                              "Plan Rows": 72,
                                                              "Plan Width": 4,
                                                              "Filter": "((s_city)::text = ANY ('{Midway,Fairview,Fairview,Midway,Midway}'::text[]))",
                                                              "parent": 22,
                                                              "ID": 23
                                                            }
                                                          ],
                                                          "parent": 14,
                                                          "ID": 22,
                                                          "left": 23
                                                        }
                                                      ],
                                                      "parent": 13,
                                                      "ID": 14,
                                                      "left": 15,
                                                      "right": 22
                                                    }
                                                  ],
                                                  "parent": 11,
                                                  "ID": 13,
                                                  "left": 14
                                                }
                                              ],
                                              "parent": 10,
                                              "ID": 11,
                                              "left": 12,
                                              "right": 13
                                            }
                                          ],
                                          "parent": 9,
                                          "ID": 10,
                                          "left": 11
                                        }
                                      ],
                                      "parent": 8,
                                      "ID": 9,
                                      "left": 10
                                    }
                                  ],
                                  "parent": 7,
                                  "ID": 8,
                                  "left": 9
                                }
                              ],
                              "parent": 6,
                              "ID": 7,
                              "left": 8
                            }
                          ],
                          "parent": 5,
                          "ID": 6,
                          "left": 7
                        },
                        {
                          "Node Type": "Hash",
                          "Parent Relationship": "Inner",
                          "Parallel Aware": false,
                          "Async Capable": false,
                          "Startup Cost": 18835.0,
                          "Total Cost": 18835.0,
                          "Plan Rows": 500000,
                          "Plan Width": 60,
                          "Plans": [
                            {
                              "Node Type": "Seq Scan",
                              "Parent Relationship": "Outer",
                              "Parallel Aware": false,
                              "Async Capable": false,
                              "Relation Name": "customer",
                              "Alias": "customer",
                              "Startup Cost": 0.0,
                              "Total Cost": 18835.0,
                              "Plan Rows": 500000,
                              "Plan Width": 60,
                              "parent": 24,
                              "ID": 25
                            }
                          ],
                          "parent": 5,
                          "ID": 24,
                          "left": 25
                        }
                      ],
                      "parent": 4,
                      "ID": 5,
                      "left": 6,
                      "right": 24
                    }
                  ],
                  "parent": 2,
                  "ID": 4,
                  "left": 5
                }
              ],
              "parent": 1,
              "ID": 2,
              "left": 3,
              "right": 4
            }
          ],
          "parent": 0,
          "ID": 1,
          "left": 2
        }
      ],
      "parent": null,
      "ID": 0,
      "left": 1
    },
    "feat": {
      "utility": 0.0,
      "query_shape": [
        [
          "Seq Scan",
          "Hash Join",
          "Sort"
        ],
        [
          "Seq Scan",
          "Hash Join",
          "Sort",
          "Aggregate",
          "Gather Merge",
          "Subquery Scan",
          "Hash"
        ],
        [
          "Seq Scan",
          "Hash Join",
          "Hash",
          "Sort",
          "Aggregate",
          "Gather Merge",
          "Subquery Scan"
        ],
        [
          "Seq Scan",
          "Hash",
          "Hash Join",
          "Sort",
          "Aggregate",
          "Gather Merge",
          "Subquery Scan"
        ],
        [
          "Seq Scan",
          "Hash",
          "Hash Join",
          "Sort",
          "Aggregate",
          "Gather Merge",
          "Subquery Scan"
        ],
        [
          "Seq Scan",
          "Hash",
          "Hash Join",
          "Sort",
          "Aggregate",
          "Gather Merge",
          "Subquery Scan"
        ],
        [
          "Seq Scan",
          "Hash",
          "Hash Join",
          "Sort"
        ]
      ],
      "index_shape": [
        "join"
      ],
      "physical_operator": {
        "Sort": [
          "[1.0000000e+00 9.9890000e+03 1.9976000e+04 3.0023000e+04 4.0125000e+04\n 5.0109000e+04 6.0125000e+04 7.0139000e+04 8.0160000e+04 9.0166000e+04\n 1.0016800e+05 1.1013100e+05 1.2016700e+05 1.3015900e+05 1.4014100e+05\n 1.5005700e+05 1.6008600e+05 1.7011600e+05 1.8008200e+05 1.9011800e+05\n 2.0002000e+05 2.0994900e+05 2.1992500e+05 2.2991500e+05 2.3995100e+05\n 2.4993000e+05 2.5989700e+05 2.6988500e+05 2.7990400e+05 2.8987800e+05\n 2.9985400e+05 3.0990600e+05 3.1990800e+05 3.2990100e+05 3.3987616e+05\n 3.4989800e+05 3.5985800e+05 3.6978000e+05 3.7982500e+05 3.8983100e+05\n 3.9984300e+05 4.0987700e+05 4.1984100e+05 4.2989700e+05 4.3992700e+05\n 4.4992600e+05 4.5993600e+05 4.6996700e+05 4.8001200e+05 4.8997826e+05\n 5.0000000e+05]"
        ],
        "Aggregate": [
          "[1.0000000e+00 9.9890000e+03 1.9976000e+04 3.0023000e+04 4.0125000e+04\n 5.0109000e+04 6.0125000e+04 7.0139000e+04 8.0160000e+04 9.0166000e+04\n 1.0016800e+05 1.1013100e+05 1.2016700e+05 1.3015900e+05 1.4014100e+05\n 1.5005700e+05 1.6008600e+05 1.7011600e+05 1.8008200e+05 1.9011800e+05\n 2.0002000e+05 2.0994900e+05 2.1992500e+05 2.2991500e+05 2.3995100e+05\n 2.4993000e+05 2.5989700e+05 2.6988500e+05 2.7990400e+05 2.8987800e+05\n 2.9985400e+05 3.0990600e+05 3.1990800e+05 3.2990100e+05 3.3987616e+05\n 3.4989800e+05 3.5985800e+05 3.6978000e+05 3.7982500e+05 3.8983100e+05\n 3.9984300e+05 4.0987700e+05 4.1984100e+05 4.2989700e+05 4.3992700e+05\n 4.4992600e+05 4.5993600e+05 4.6996700e+05 4.8001200e+05 4.8997826e+05\n 5.0000000e+05]",
          "[1.0000000e+00 9.9890000e+03 1.9976000e+04 3.0023000e+04 4.0125000e+04\n 5.0109000e+04 6.0125000e+04 7.0139000e+04 8.0160000e+04 9.0166000e+04\n 1.0016800e+05 1.1013100e+05 1.2016700e+05 1.3015900e+05 1.4014100e+05\n 1.5005700e+05 1.6008600e+05 1.7011600e+05 1.8008200e+05 1.9011800e+05\n 2.0002000e+05 2.0994900e+05 2.1992500e+05 2.2991500e+05 2.3995100e+05\n 2.4993000e+05 2.5989700e+05 2.6988500e+05 2.7990400e+05 2.8987800e+05\n 2.9985400e+05 3.0990600e+05 3.1990800e+05 3.2990100e+05 3.3987616e+05\n 3.4989800e+05 3.5985800e+05 3.6978000e+05 3.7982500e+05 3.8983100e+05\n 3.9984300e+05 4.0987700e+05 4.1984100e+05 4.2989700e+05 4.3992700e+05\n 4.4992600e+05 4.5993600e+05 4.6996700e+05 4.8001200e+05 4.8997826e+05\n 5.0000000e+05]"
        ]
      }
    }
  },
  {
    "query": "select  c_last_name\n       ,c_first_name\n       ,ca_city\n       ,bought_city\n       ,ss_ticket_number\n       ,amt,profit \n from\n   (select ss_ticket_number\n          ,ss_customer_sk\n          ,ca_city bought_city\n          ,sum(ss_coupon_amt) amt\n          ,sum(ss_net_profit) profit\n    from store_sales,date_dim,store,household_demographics,customer_address \n    where store_sales.ss_sold_date_sk = date_dim.d_date_sk\n    and store_sales.ss_store_sk = store.s_store_sk  \n    and store_sales.ss_hdemo_sk = household_demographics.hd_demo_sk\n    and store_sales.ss_addr_sk = customer_address.ca_address_sk\n    and (household_demographics.hd_dep_count = 0 or\n         household_demographics.hd_vehicle_count= 4)\n    and date_dim.d_dow in (6,0)\n    and date_dim.d_year in (1999,1999+1,1999+2) \n    and store.s_city in ('Midway','Fairview','Fairview','Midway','Midway') \n    group by ss_ticket_number,ss_customer_sk,ss_addr_sk,ca_city) dn,customer,customer_address current_addr\n    where ss_customer_sk = c_customer_sk\n      and customer.c_current_addr_sk = current_addr.ca_address_sk\n      and current_addr.ca_city <> bought_city\n  order by c_last_name\n          ,c_first_name\n          ,ca_city\n          ,bought_city\n          ,ss_ticket_number\n  limit 100;\n\n-- end query 31 in stream 3 using template query46.tpl\n",
    "indexes": "store_sales.ss_hdemo_sk",
    "wo plan est": {
      "Node Type": "Limit",
      "Parallel Aware": false,
      "Async Capable": false,
      "Startup Cost": 742674.58,
      "Total Cost": 742674.83,
      "Plan Rows": 100,
      "Plan Width": 138,
      "Plans": [
        {
          "Node Type": "Sort",
          "Parent Relationship": "Outer",
          "Parallel Aware": false,
          "Async Capable": false,
          "Startup Cost": 742674.58,
          "Total Cost": 742719.28,
          "Plan Rows": 17880,
          "Plan Width": 138,
          "Sort Key": [
            "customer.c_last_name",
            "customer.c_first_name",
            "current_addr.ca_city",
            "dn.bought_city",
            "dn.ss_ticket_number"
          ],
          "Plans": [
            {
              "Node Type": "Hash Join",
              "Parent Relationship": "Outer",
              "Parallel Aware": false,
              "Async Capable": false,
              "Join Type": "Inner",
              "Startup Cost": 732894.87,
              "Total Cost": 741991.22,
              "Plan Rows": 17880,
              "Plan Width": 138,
              "Inner Unique": false,
              "Hash Cond": "(current_addr.ca_address_sk = customer.c_current_addr_sk)",
              "Join Filter": "((current_addr.ca_city)::text <> (dn.bought_city)::text)",
              "Plans": [
                {
                  "Node Type": "Seq Scan",
                  "Parent Relationship": "Outer",
                  "Parallel Aware": false,
                  "Async Capable": false,
                  "Relation Name": "customer_address",
                  "Alias": "current_addr",
                  "Startup Cost": 0.0,
                  "Total Cost": 7935.0,
                  "Plan Rows": 250000,
                  "Plan Width": 13,
                  "parent": 2,
                  "ID": 3
                },
                {
                  "Node Type": "Hash",
                  "Parent Relationship": "Inner",
                  "Parallel Aware": false,
                  "Async Capable": false,
                  "Startup Cost": 732671.02,
                  "Total Cost": 732671.02,
                  "Plan Rows": 17908,
                  "Plan Width": 133,
                  "Plans": [
                    {
                      "Node Type": "Hash Join",
                      "Parent Relationship": "Outer",
                      "Parallel Aware": false,
                      "Async Capable": false,
                      "Join Type": "Inner",
                      "Startup Cost": 723851.49,
                      "Total Cost": 732671.02,
                      "Plan Rows": 17908,
                      "Plan Width": 133,
                      "Inner Unique": false,
                      "Hash Cond": "(dn.ss_customer_sk = customer.c_customer_sk)",
                      "Plans": [
                        {
                          "Node Type": "Subquery Scan",
                          "Parent Relationship": "Outer",
                          "Parallel Aware": false,
                          "Async Capable": false,
                          "Alias": "dn",
                          "Startup Cost": 693394.49,
                          "Total Cost": 696105.78,
                          "Plan Rows": 17908,
                          "Plan Width": 81,
                          "Plans": [
                            {
                              "Node Type": "Aggregate",
                              "Strategy": "Sorted",
                              "Partial Mode": "Finalize",
                              "Parent Relationship": "Subquery",
                              "Parallel Aware": false,
                              "Async Capable": false,
                              "Startup Cost": 693394.49,
                              "Total Cost": 695926.7,
                              "Plan Rows": 17908,
                              "Plan Width": 85,
                              "Group Key": [
                                "store_sales.ss_ticket_number",
                                "store_sales.ss_customer_sk",
                                "store_sales.ss_addr_sk",
                                "customer_address.ca_city"
                              ],
                              "Plans": [
                                {
                                  "Node Type": "Gather Merge",
                                  "Parent Relationship": "Outer",
                                  "Parallel Aware": false,
                                  "Async Capable": false,
                                  "Startup Cost": 693394.49,
                                  "Total Cost": 695359.6,
                                  "Plan Rows": 14924,
                                  "Plan Width": 85,
                                  "Workers Planned": 2,
                                  "Plans": [
                                    {
                                      "Node Type": "Aggregate",
                                      "Strategy": "Sorted",
                                      "Partial Mode": "Partial",
                                      "Parent Relationship": "Outer",
                                      "Parallel Aware": false,
                                      "Async Capable": false,
                                      "Startup Cost": 692394.47,
                                      "Total Cost": 692636.98,
                                      "Plan Rows": 7462,
                                      "Plan Width": 85,
                                      "Group Key": [
                                        "store_sales.ss_ticket_number",
                                        "store_sales.ss_customer_sk",
                                        "store_sales.ss_addr_sk",
                                        "customer_address.ca_city"
                                      ],
                                      "Plans": [
                                        {
                                          "Node Type": "Sort",
                                          "Parent Relationship": "Outer",
                                          "Parallel Aware": false,
                                          "Async Capable": false,
                                          "Startup Cost": 692394.47,
                                          "Total Cost": 692413.12,
                                          "Plan Rows": 7462,
                                          "Plan Width": 30,
                                          "Sort Key": [
                                            "store_sales.ss_ticket_number",
                                            "store_sales.ss_customer_sk",
                                            "store_sales.ss_addr_sk",
                                            "customer_address.ca_city"
                                          ],
                                          "Plans": [
                                            {
                                              "Node Type": "Hash Join",
                                              "Parent Relationship": "Outer",
                                              "Parallel Aware": true,
                                              "Async Capable": false,
                                              "Join Type": "Inner",
                                              "Startup Cost": 685016.08,
                                              "Total Cost": 691914.46,
                                              "Plan Rows": 7462,
                                              "Plan Width": 30,
                                              "Inner Unique": false,
                                              "Hash Cond": "(customer_address.ca_address_sk = store_sales.ss_addr_sk)",
                                              "Plans": [
                                                {
                                                  "Node Type": "Seq Scan",
                                                  "Parent Relationship": "Outer",
                                                  "Parallel Aware": true,
                                                  "Async Capable": false,
                                                  "Relation Name": "customer_address",
                                                  "Alias": "customer_address",
                                                  "Startup Cost": 0.0,
                                                  "Total Cost": 6476.67,
                                                  "Plan Rows": 104167,
                                                  "Plan Width": 13,
                                                  "parent": 11,
                                                  "ID": 12
                                                },
                                                {
                                                  "Node Type": "Hash",
                                                  "Parent Relationship": "Inner",
                                                  "Parallel Aware": true,
                                                  "Async Capable": false,
                                                  "Startup Cost": 684918.45,
                                                  "Total Cost": 684918.45,
                                                  "Plan Rows": 7810,
                                                  "Plan Width": 21,
                                                  "Plans": [
                                                    {
                                                      "Node Type": "Hash Join",
                                                      "Parent Relationship": "Outer",
                                                      "Parallel Aware": false,
                                                      "Async Capable": false,
                                                      "Join Type": "Inner",
                                                      "Startup Cost": 2296.59,
                                                      "Total Cost": 684918.45,
                                                      "Plan Rows": 7810,
                                                      "Plan Width": 21,
                                                      "Inner Unique": false,
                                                      "Hash Cond": "(store_sales.ss_store_sk = store.s_store_sk)",
                                                      "Plans": [
                                                        {
                                                          "Node Type": "Hash Join",
                                                          "Parent Relationship": "Outer",
                                                          "Parallel Aware": false,
                                                          "Async Capable": false,
                                                          "Join Type": "Inner",
                                                          "Startup Cost": 2289.04,
                                                          "Total Cost": 684789.32,
                                                          "Plan Rows": 11593,
                                                          "Plan Width": 25,
                                                          "Inner Unique": false,
                                                          "Hash Cond": "(store_sales.ss_hdemo_sk = household_demographics.hd_demo_sk)",
                                                          "Plans": [
                                                            {
                                                              "Node Type": "Hash Join",
                                                              "Parent Relationship": "Outer",
                                                              "Parallel Aware": true,
                                                              "Async Capable": false,
                                                              "Join Type": "Inner",
                                                              "Startup Cost": 2105.54,
                                                              "Total Cost": 684307.63,
                                                              "Plan Rows": 48602,
                                                              "Plan Width": 29,
                                                              "Inner Unique": false,
                                                              "Hash Cond": "(store_sales.ss_sold_date_sk = date_dim.d_date_sk)",
                                                              "Plans": [
                                                                {
                                                                  "Node Type": "Seq Scan",
                                                                  "Parent Relationship": "Outer",
                                                                  "Parallel Aware": true,
                                                                  "Async Capable": false,
                                                                  "Relation Name": "store_sales",
                                                                  "Alias": "store_sales",
                                                                  "Startup Cost": 0.0,
                                                                  "Total Cost": 636914.37,
                                                                  "Plan Rows": 12000637,
                                                                  "Plan Width": 33,
                                                                  "parent": 16,
                                                                  "ID": 17
                                                                },
                                                                {
                                                                  "Node Type": "Hash",
                                                                  "Parent Relationship": "Inner",
                                                                  "Parallel Aware": true,
                                                                  "Async Capable": false,
                                                                  "Startup Cost": 2103.26,
                                                                  "Total Cost": 2103.26,
                                                                  "Plan Rows": 182,
                                                                  "Plan Width": 4,
                                                                  "Plans": [
                                                                    {
                                                                      "Node Type": "Seq Scan",
                                                                      "Parent Relationship": "Outer",
                                                                      "Parallel Aware": true,
                                                                      "Async Capable": false,
                                                                      "Relation Name": "date_dim",
                                                                      "Alias": "date_dim",
                                                                      "Startup Cost": 0.0,
                                                                      "Total Cost": 2103.26,
                                                                      "Plan Rows": 182,
                                                                      "Plan Width": 4,
                                                                      "Filter": "((d_dow = ANY ('{6,0}'::integer[])) AND (d_year = ANY ('{1999,2000,2001}'::integer[])))",
                                                                      "parent": 18,
                                                                      "ID": 19
                                                                    }
                                                                  ],
                                                                  "parent": 16,
                                                                  "ID": 18,
                                                                  "left": 19
                                                                }
                                                              ],
                                                              "parent": 15,
                                                              "ID": 16,
                                                              "left": 17,
                                                              "right": 18
                                                            },
                                                            {
                                                              "Node Type": "Hash",
                                                              "Parent Relationship": "Inner",
                                                              "Parallel Aware": false,
                                                              "Async Capable": false,
                                                              "Startup Cost": 161.0,
                                                              "Total Cost": 161.0,
                                                              "Plan Rows": 1800,
                                                              "Plan Width": 4,
                                                              "Plans": [
                                                                {
                                                                  "Node Type": "Seq Scan",
                                                                  "Parent Relationship": "Outer",
                                                                  "Parallel Aware": false,
                                                                  "Async Capable": false,
                                                                  "Relation Name": "household_demographics",
                                                                  "Alias": "household_demographics",
                                                                  "Startup Cost": 0.0,
                                                                  "Total Cost": 161.0,
                                                                  "Plan Rows": 1800,
                                                                  "Plan Width": 4,
                                                                  "Filter": "((hd_dep_count = 0) OR (hd_vehicle_count = 4))",
                                                                  "parent": 20,
                                                                  "ID": 21
                                                                }
                                                              ],
                                                              "parent": 15,
                                                              "ID": 20,
                                                              "left": 21
                                                            }
                                                          ],
                                                          "parent": 14,
                                                          "ID": 15,
                                                          "left": 16,
                                                          "right": 20
                                                        },
                                                        {
                                                          "Node Type": "Hash",
                                                          "Parent Relationship": "Inner",
                                                          "Parallel Aware": false,
                                                          "Async Capable": false,
                                                          "Startup Cost": 6.66,
                                                          "Total Cost": 6.66,
                                                          "Plan Rows": 72,
                                                          "Plan Width": 4,
                                                          "Plans": [
                                                            {
                                                              "Node Type": "Seq Scan",
                                                              "Parent Relationship": "Outer",
                                                              "Parallel Aware": false,
                                                              "Async Capable": false,
                                                              "Relation Name": "store",
                                                              "Alias": "store",
                                                              "Startup Cost": 0.0,
                                                              "Total Cost": 6.66,
                                                              "Plan Rows": 72,
                                                              "Plan Width": 4,
                                                              "Filter": "((s_city)::text = ANY ('{Midway,Fairview,Fairview,Midway,Midway}'::text[]))",
                                                              "parent": 22,
                                                              "ID": 23
                                                            }
                                                          ],
                                                          "parent": 14,
                                                          "ID": 22,
                                                          "left": 23
                                                        }
                                                      ],
                                                      "parent": 13,
                                                      "ID": 14,
                                                      "left": 15,
                                                      "right": 22
                                                    }
                                                  ],
                                                  "parent": 11,
                                                  "ID": 13,
                                                  "left": 14
                                                }
                                              ],
                                              "parent": 10,
                                              "ID": 11,
                                              "left": 12,
                                              "right": 13
                                            }
                                          ],
                                          "parent": 9,
                                          "ID": 10,
                                          "left": 11
                                        }
                                      ],
                                      "parent": 8,
                                      "ID": 9,
                                      "left": 10
                                    }
                                  ],
                                  "parent": 7,
                                  "ID": 8,
                                  "left": 9
                                }
                              ],
                              "parent": 6,
                              "ID": 7,
                              "left": 8
                            }
                          ],
                          "parent": 5,
                          "ID": 6,
                          "left": 7
                        },
                        {
                          "Node Type": "Hash",
                          "Parent Relationship": "Inner",
                          "Parallel Aware": false,
                          "Async Capable": false,
                          "Startup Cost": 18835.0,
                          "Total Cost": 18835.0,
                          "Plan Rows": 500000,
                          "Plan Width": 60,
                          "Plans": [
                            {
                              "Node Type": "Seq Scan",
                              "Parent Relationship": "Outer",
                              "Parallel Aware": false,
                              "Async Capable": false,
                              "Relation Name": "customer",
                              "Alias": "customer",
                              "Startup Cost": 0.0,
                              "Total Cost": 18835.0,
                              "Plan Rows": 500000,
                              "Plan Width": 60,
                              "parent": 24,
                              "ID": 25
                            }
                          ],
                          "parent": 5,
                          "ID": 24,
                          "left": 25
                        }
                      ],
                      "parent": 4,
                      "ID": 5,
                      "left": 6,
                      "right": 24
                    }
                  ],
                  "parent": 2,
                  "ID": 4,
                  "left": 5
                }
              ],
              "parent": 1,
              "ID": 2,
              "left": 3,
              "right": 4
            }
          ],
          "parent": 0,
          "ID": 1,
          "left": 2
        }
      ],
      "parent": null,
      "ID": 0,
      "left": 1
    },
    "feat": {
      "utility": 0.025069086508584828,
      "query_shape": [
        [
          "Seq Scan",
          "Hash Join",
          "Sort"
        ],
        [
          "Seq Scan",
          "Hash Join",
          "Sort",
          "Aggregate",
          "Gather Merge",
          "Subquery Scan",
          "Hash"
        ],
        [
          "Seq Scan",
          "Hash Join",
          "Hash",
          "Sort",
          "Aggregate",
          "Gather Merge",
          "Subquery Scan"
        ],
        [
          "Seq Scan",
          "Hash",
          "Hash Join",
          "Sort",
          "Aggregate",
          "Gather Merge",
          "Subquery Scan"
        ],
        [
          "Seq Scan",
          "Hash",
          "Hash Join",
          "Sort",
          "Aggregate",
          "Gather Merge",
          "Subquery Scan"
        ],
        [
          "Seq Scan",
          "Hash",
          "Hash Join",
          "Sort",
          "Aggregate",
          "Gather Merge",
          "Subquery Scan"
        ],
        [
          "Seq Scan",
          "Hash",
          "Hash Join",
          "Sort"
        ]
      ],
      "index_shape": [
        "join"
      ],
      "physical_operator": {
        "Hash Join": [
          0.01151157095733846
        ]
      }
    }
  },
  {
    "query": "select  c_last_name\n       ,c_first_name\n       ,ca_city\n       ,bought_city\n       ,ss_ticket_number\n       ,amt,profit \n from\n   (select ss_ticket_number\n          ,ss_customer_sk\n          ,ca_city bought_city\n          ,sum(ss_coupon_amt) amt\n          ,sum(ss_net_profit) profit\n    from store_sales,date_dim,store,household_demographics,customer_address \n    where store_sales.ss_sold_date_sk = date_dim.d_date_sk\n    and store_sales.ss_store_sk = store.s_store_sk  \n    and store_sales.ss_hdemo_sk = household_demographics.hd_demo_sk\n    and store_sales.ss_addr_sk = customer_address.ca_address_sk\n    and (household_demographics.hd_dep_count = 0 or\n         household_demographics.hd_vehicle_count= 4)\n    and date_dim.d_dow in (6,0)\n    and date_dim.d_year in (1999,1999+1,1999+2) \n    and store.s_city in ('Midway','Fairview','Fairview','Midway','Midway') \n    group by ss_ticket_number,ss_customer_sk,ss_addr_sk,ca_city) dn,customer,customer_address current_addr\n    where ss_customer_sk = c_customer_sk\n      and customer.c_current_addr_sk = current_addr.ca_address_sk\n      and current_addr.ca_city <> bought_city\n  order by c_last_name\n          ,c_first_name\n          ,ca_city\n          ,bought_city\n          ,ss_ticket_number\n  limit 100;\n\n-- end query 31 in stream 3 using template query46.tpl\n",
    "indexes": "store_sales.ss_addr_sk",
    "wo plan est": {
      "Node Type": "Limit",
      "Parallel Aware": false,
      "Async Capable": false,
      "Startup Cost": 742674.58,
      "Total Cost": 742674.83,
      "Plan Rows": 100,
      "Plan Width": 138,
      "Plans": [
        {
          "Node Type": "Sort",
          "Parent Relationship": "Outer",
          "Parallel Aware": false,
          "Async Capable": false,
          "Startup Cost": 742674.58,
          "Total Cost": 742719.28,
          "Plan Rows": 17880,
          "Plan Width": 138,
          "Sort Key": [
            "customer.c_last_name",
            "customer.c_first_name",
            "current_addr.ca_city",
            "dn.bought_city",
            "dn.ss_ticket_number"
          ],
          "Plans": [
            {
              "Node Type": "Hash Join",
              "Parent Relationship": "Outer",
              "Parallel Aware": false,
              "Async Capable": false,
              "Join Type": "Inner",
              "Startup Cost": 732894.87,
              "Total Cost": 741991.22,
              "Plan Rows": 17880,
              "Plan Width": 138,
              "Inner Unique": false,
              "Hash Cond": "(current_addr.ca_address_sk = customer.c_current_addr_sk)",
              "Join Filter": "((current_addr.ca_city)::text <> (dn.bought_city)::text)",
              "Plans": [
                {
                  "Node Type": "Seq Scan",
                  "Parent Relationship": "Outer",
                  "Parallel Aware": false,
                  "Async Capable": false,
                  "Relation Name": "customer_address",
                  "Alias": "current_addr",
                  "Startup Cost": 0.0,
                  "Total Cost": 7935.0,
                  "Plan Rows": 250000,
                  "Plan Width": 13,
                  "parent": 2,
                  "ID": 3
                },
                {
                  "Node Type": "Hash",
                  "Parent Relationship": "Inner",
                  "Parallel Aware": false,
                  "Async Capable": false,
                  "Startup Cost": 732671.02,
                  "Total Cost": 732671.02,
                  "Plan Rows": 17908,
                  "Plan Width": 133,
                  "Plans": [
                    {
                      "Node Type": "Hash Join",
                      "Parent Relationship": "Outer",
                      "Parallel Aware": false,
                      "Async Capable": false,
                      "Join Type": "Inner",
                      "Startup Cost": 723851.49,
                      "Total Cost": 732671.02,
                      "Plan Rows": 17908,
                      "Plan Width": 133,
                      "Inner Unique": false,
                      "Hash Cond": "(dn.ss_customer_sk = customer.c_customer_sk)",
                      "Plans": [
                        {
                          "Node Type": "Subquery Scan",
                          "Parent Relationship": "Outer",
                          "Parallel Aware": false,
                          "Async Capable": false,
                          "Alias": "dn",
                          "Startup Cost": 693394.49,
                          "Total Cost": 696105.78,
                          "Plan Rows": 17908,
                          "Plan Width": 81,
                          "Plans": [
                            {
                              "Node Type": "Aggregate",
                              "Strategy": "Sorted",
                              "Partial Mode": "Finalize",
                              "Parent Relationship": "Subquery",
                              "Parallel Aware": false,
                              "Async Capable": false,
                              "Startup Cost": 693394.49,
                              "Total Cost": 695926.7,
                              "Plan Rows": 17908,
                              "Plan Width": 85,
                              "Group Key": [
                                "store_sales.ss_ticket_number",
                                "store_sales.ss_customer_sk",
                                "store_sales.ss_addr_sk",
                                "customer_address.ca_city"
                              ],
                              "Plans": [
                                {
                                  "Node Type": "Gather Merge",
                                  "Parent Relationship": "Outer",
                                  "Parallel Aware": false,
                                  "Async Capable": false,
                                  "Startup Cost": 693394.49,
                                  "Total Cost": 695359.6,
                                  "Plan Rows": 14924,
                                  "Plan Width": 85,
                                  "Workers Planned": 2,
                                  "Plans": [
                                    {
                                      "Node Type": "Aggregate",
                                      "Strategy": "Sorted",
                                      "Partial Mode": "Partial",
                                      "Parent Relationship": "Outer",
                                      "Parallel Aware": false,
                                      "Async Capable": false,
                                      "Startup Cost": 692394.47,
                                      "Total Cost": 692636.98,
                                      "Plan Rows": 7462,
                                      "Plan Width": 85,
                                      "Group Key": [
                                        "store_sales.ss_ticket_number",
                                        "store_sales.ss_customer_sk",
                                        "store_sales.ss_addr_sk",
                                        "customer_address.ca_city"
                                      ],
                                      "Plans": [
                                        {
                                          "Node Type": "Sort",
                                          "Parent Relationship": "Outer",
                                          "Parallel Aware": false,
                                          "Async Capable": false,
                                          "Startup Cost": 692394.47,
                                          "Total Cost": 692413.12,
                                          "Plan Rows": 7462,
                                          "Plan Width": 30,
                                          "Sort Key": [
                                            "store_sales.ss_ticket_number",
                                            "store_sales.ss_customer_sk",
                                            "store_sales.ss_addr_sk",
                                            "customer_address.ca_city"
                                          ],
                                          "Plans": [
                                            {
                                              "Node Type": "Hash Join",
                                              "Parent Relationship": "Outer",
                                              "Parallel Aware": true,
                                              "Async Capable": false,
                                              "Join Type": "Inner",
                                              "Startup Cost": 685016.08,
                                              "Total Cost": 691914.46,
                                              "Plan Rows": 7462,
                                              "Plan Width": 30,
                                              "Inner Unique": false,
                                              "Hash Cond": "(customer_address.ca_address_sk = store_sales.ss_addr_sk)",
                                              "Plans": [
                                                {
                                                  "Node Type": "Seq Scan",
                                                  "Parent Relationship": "Outer",
                                                  "Parallel Aware": true,
                                                  "Async Capable": false,
                                                  "Relation Name": "customer_address",
                                                  "Alias": "customer_address",
                                                  "Startup Cost": 0.0,
                                                  "Total Cost": 6476.67,
                                                  "Plan Rows": 104167,
                                                  "Plan Width": 13,
                                                  "parent": 11,
                                                  "ID": 12
                                                },
                                                {
                                                  "Node Type": "Hash",
                                                  "Parent Relationship": "Inner",
                                                  "Parallel Aware": true,
                                                  "Async Capable": false,
                                                  "Startup Cost": 684918.45,
                                                  "Total Cost": 684918.45,
                                                  "Plan Rows": 7810,
                                                  "Plan Width": 21,
                                                  "Plans": [
                                                    {
                                                      "Node Type": "Hash Join",
                                                      "Parent Relationship": "Outer",
                                                      "Parallel Aware": false,
                                                      "Async Capable": false,
                                                      "Join Type": "Inner",
                                                      "Startup Cost": 2296.59,
                                                      "Total Cost": 684918.45,
                                                      "Plan Rows": 7810,
                                                      "Plan Width": 21,
                                                      "Inner Unique": false,
                                                      "Hash Cond": "(store_sales.ss_store_sk = store.s_store_sk)",
                                                      "Plans": [
                                                        {
                                                          "Node Type": "Hash Join",
                                                          "Parent Relationship": "Outer",
                                                          "Parallel Aware": false,
                                                          "Async Capable": false,
                                                          "Join Type": "Inner",
                                                          "Startup Cost": 2289.04,
                                                          "Total Cost": 684789.32,
                                                          "Plan Rows": 11593,
                                                          "Plan Width": 25,
                                                          "Inner Unique": false,
                                                          "Hash Cond": "(store_sales.ss_hdemo_sk = household_demographics.hd_demo_sk)",
                                                          "Plans": [
                                                            {
                                                              "Node Type": "Hash Join",
                                                              "Parent Relationship": "Outer",
                                                              "Parallel Aware": true,
                                                              "Async Capable": false,
                                                              "Join Type": "Inner",
                                                              "Startup Cost": 2105.54,
                                                              "Total Cost": 684307.63,
                                                              "Plan Rows": 48602,
                                                              "Plan Width": 29,
                                                              "Inner Unique": false,
                                                              "Hash Cond": "(store_sales.ss_sold_date_sk = date_dim.d_date_sk)",
                                                              "Plans": [
                                                                {
                                                                  "Node Type": "Seq Scan",
                                                                  "Parent Relationship": "Outer",
                                                                  "Parallel Aware": true,
                                                                  "Async Capable": false,
                                                                  "Relation Name": "store_sales",
                                                                  "Alias": "store_sales",
                                                                  "Startup Cost": 0.0,
                                                                  "Total Cost": 636914.37,
                                                                  "Plan Rows": 12000637,
                                                                  "Plan Width": 33,
                                                                  "parent": 16,
                                                                  "ID": 17
                                                                },
                                                                {
                                                                  "Node Type": "Hash",
                                                                  "Parent Relationship": "Inner",
                                                                  "Parallel Aware": true,
                                                                  "Async Capable": false,
                                                                  "Startup Cost": 2103.26,
                                                                  "Total Cost": 2103.26,
                                                                  "Plan Rows": 182,
                                                                  "Plan Width": 4,
                                                                  "Plans": [
                                                                    {
                                                                      "Node Type": "Seq Scan",
                                                                      "Parent Relationship": "Outer",
                                                                      "Parallel Aware": true,
                                                                      "Async Capable": false,
                                                                      "Relation Name": "date_dim",
                                                                      "Alias": "date_dim",
                                                                      "Startup Cost": 0.0,
                                                                      "Total Cost": 2103.26,
                                                                      "Plan Rows": 182,
                                                                      "Plan Width": 4,
                                                                      "Filter": "((d_dow = ANY ('{6,0}'::integer[])) AND (d_year = ANY ('{1999,2000,2001}'::integer[])))",
                                                                      "parent": 18,
                                                                      "ID": 19
                                                                    }
                                                                  ],
                                                                  "parent": 16,
                                                                  "ID": 18,
                                                                  "left": 19
                                                                }
                                                              ],
                                                              "parent": 15,
                                                              "ID": 16,
                                                              "left": 17,
                                                              "right": 18
                                                            },
                                                            {
                                                              "Node Type": "Hash",
                                                              "Parent Relationship": "Inner",
                                                              "Parallel Aware": false,
                                                              "Async Capable": false,
                                                              "Startup Cost": 161.0,
                                                              "Total Cost": 161.0,
                                                              "Plan Rows": 1800,
                                                              "Plan Width": 4,
                                                              "Plans": [
                                                                {
                                                                  "Node Type": "Seq Scan",
                                                                  "Parent Relationship": "Outer",
                                                                  "Parallel Aware": false,
                                                                  "Async Capable": false,
                                                                  "Relation Name": "household_demographics",
                                                                  "Alias": "household_demographics",
                                                                  "Startup Cost": 0.0,
                                                                  "Total Cost": 161.0,
                                                                  "Plan Rows": 1800,
                                                                  "Plan Width": 4,
                                                                  "Filter": "((hd_dep_count = 0) OR (hd_vehicle_count = 4))",
                                                                  "parent": 20,
                                                                  "ID": 21
                                                                }
                                                              ],
                                                              "parent": 15,
                                                              "ID": 20,
                                                              "left": 21
                                                            }
                                                          ],
                                                          "parent": 14,
                                                          "ID": 15,
                                                          "left": 16,
                                                          "right": 20
                                                        },
                                                        {
                                                          "Node Type": "Hash",
                                                          "Parent Relationship": "Inner",
                                                          "Parallel Aware": false,
                                                          "Async Capable": false,
                                                          "Startup Cost": 6.66,
                                                          "Total Cost": 6.66,
                                                          "Plan Rows": 72,
                                                          "Plan Width": 4,
                                                          "Plans": [
                                                            {
                                                              "Node Type": "Seq Scan",
                                                              "Parent Relationship": "Outer",
                                                              "Parallel Aware": false,
                                                              "Async Capable": false,
                                                              "Relation Name": "store",
                                                              "Alias": "store",
                                                              "Startup Cost": 0.0,
                                                              "Total Cost": 6.66,
                                                              "Plan Rows": 72,
                                                              "Plan Width": 4,
                                                              "Filter": "((s_city)::text = ANY ('{Midway,Fairview,Fairview,Midway,Midway}'::text[]))",
                                                              "parent": 22,
                                                              "ID": 23
                                                            }
                                                          ],
                                                          "parent": 14,
                                                          "ID": 22,
                                                          "left": 23
                                                        }
                                                      ],
                                                      "parent": 13,
                                                      "ID": 14,
                                                      "left": 15,
                                                      "right": 22
                                                    }
                                                  ],
                                                  "parent": 11,
                                                  "ID": 13,
                                                  "left": 14
                                                }
                                              ],
                                              "parent": 10,
                                              "ID": 11,
                                              "left": 12,
                                              "right": 13
                                            }
                                          ],
                                          "parent": 9,
                                          "ID": 10,
                                          "left": 11
                                        }
                                      ],
                                      "parent": 8,
                                      "ID": 9,
                                      "left": 10
                                    }
                                  ],
                                  "parent": 7,
                                  "ID": 8,
                                  "left": 9
                                }
                              ],
                              "parent": 6,
                              "ID": 7,
                              "left": 8
                            }
                          ],
                          "parent": 5,
                          "ID": 6,
                          "left": 7
                        },
                        {
                          "Node Type": "Hash",
                          "Parent Relationship": "Inner",
                          "Parallel Aware": false,
                          "Async Capable": false,
                          "Startup Cost": 18835.0,
                          "Total Cost": 18835.0,
                          "Plan Rows": 500000,
                          "Plan Width": 60,
                          "Plans": [
                            {
                              "Node Type": "Seq Scan",
                              "Parent Relationship": "Outer",
                              "Parallel Aware": false,
                              "Async Capable": false,
                              "Relation Name": "customer",
                              "Alias": "customer",
                              "Startup Cost": 0.0,
                              "Total Cost": 18835.0,
                              "Plan Rows": 500000,
                              "Plan Width": 60,
                              "parent": 24,
                              "ID": 25
                            }
                          ],
                          "parent": 5,
                          "ID": 24,
                          "left": 25
                        }
                      ],
                      "parent": 4,
                      "ID": 5,
                      "left": 6,
                      "right": 24
                    }
                  ],
                  "parent": 2,
                  "ID": 4,
                  "left": 5
                }
              ],
              "parent": 1,
              "ID": 2,
              "left": 3,
              "right": 4
            }
          ],
          "parent": 0,
          "ID": 1,
          "left": 2
        }
      ],
      "parent": null,
      "ID": 0,
      "left": 1
    },
    "feat": {
      "utility": 0.02528422427001123,
      "query_shape": [
        [
          "Seq Scan",
          "Hash Join",
          "Sort"
        ],
        [
          "Seq Scan",
          "Hash Join",
          "Sort",
          "Aggregate",
          "Gather Merge",
          "Subquery Scan",
          "Hash"
        ],
        [
          "Seq Scan",
          "Hash Join",
          "Hash",
          "Sort",
          "Aggregate",
          "Gather Merge",
          "Subquery Scan"
        ],
        [
          "Seq Scan",
          "Hash",
          "Hash Join",
          "Sort",
          "Aggregate",
          "Gather Merge",
          "Subquery Scan"
        ],
        [
          "Seq Scan",
          "Hash",
          "Hash Join",
          "Sort",
          "Aggregate",
          "Gather Merge",
          "Subquery Scan"
        ],
        [
          "Seq Scan",
          "Hash",
          "Hash Join",
          "Sort",
          "Aggregate",
          "Gather Merge",
          "Subquery Scan"
        ],
        [
          "Seq Scan",
          "Hash",
          "Hash Join",
          "Sort"
        ]
      ],
      "index_shape": [
        "join"
      ],
      "physical_operator": {
        "Hash Join": [
          0.0030285658926219646
        ],
        "Sort": [
          "[1.00000e+00 5.01100e+03 1.00060e+04 1.50140e+04 2.00220e+04 2.50190e+04\n 3.00090e+04 3.50190e+04 4.00150e+04 4.50030e+04 4.99580e+04 5.49190e+04\n 5.99290e+04 6.49480e+04 6.99730e+04 7.49750e+04 7.99580e+04 8.49660e+04\n 8.99890e+04 9.50030e+04 1.00009e+05 1.05035e+05 1.10035e+05 1.15078e+05\n 1.20052e+05 1.25095e+05 1.30087e+05 1.35083e+05 1.40071e+05 1.45075e+05\n 1.50050e+05 1.55032e+05 1.60032e+05 1.65010e+05 1.70024e+05 1.75022e+05\n 1.80028e+05 1.85023e+05 1.90019e+05 1.95021e+05 2.00043e+05 2.05059e+05\n 2.10042e+05 2.15038e+05 2.19994e+05 2.24980e+05 2.29997e+05 2.35044e+05\n 2.40041e+05 2.45044e+05 2.50000e+05]"
        ],
        "Aggregate": [
          "[1.00000e+00 5.01100e+03 1.00060e+04 1.50140e+04 2.00220e+04 2.50190e+04\n 3.00090e+04 3.50190e+04 4.00150e+04 4.50030e+04 4.99580e+04 5.49190e+04\n 5.99290e+04 6.49480e+04 6.99730e+04 7.49750e+04 7.99580e+04 8.49660e+04\n 8.99890e+04 9.50030e+04 1.00009e+05 1.05035e+05 1.10035e+05 1.15078e+05\n 1.20052e+05 1.25095e+05 1.30087e+05 1.35083e+05 1.40071e+05 1.45075e+05\n 1.50050e+05 1.55032e+05 1.60032e+05 1.65010e+05 1.70024e+05 1.75022e+05\n 1.80028e+05 1.85023e+05 1.90019e+05 1.95021e+05 2.00043e+05 2.05059e+05\n 2.10042e+05 2.15038e+05 2.19994e+05 2.24980e+05 2.29997e+05 2.35044e+05\n 2.40041e+05 2.45044e+05 2.50000e+05]",
          "[1.00000e+00 5.01100e+03 1.00060e+04 1.50140e+04 2.00220e+04 2.50190e+04\n 3.00090e+04 3.50190e+04 4.00150e+04 4.50030e+04 4.99580e+04 5.49190e+04\n 5.99290e+04 6.49480e+04 6.99730e+04 7.49750e+04 7.99580e+04 8.49660e+04\n 8.99890e+04 9.50030e+04 1.00009e+05 1.05035e+05 1.10035e+05 1.15078e+05\n 1.20052e+05 1.25095e+05 1.30087e+05 1.35083e+05 1.40071e+05 1.45075e+05\n 1.50050e+05 1.55032e+05 1.60032e+05 1.65010e+05 1.70024e+05 1.75022e+05\n 1.80028e+05 1.85023e+05 1.90019e+05 1.95021e+05 2.00043e+05 2.05059e+05\n 2.10042e+05 2.15038e+05 2.19994e+05 2.24980e+05 2.29997e+05 2.35044e+05\n 2.40041e+05 2.45044e+05 2.50000e+05]"
        ]
      }
    }
  },
  {
    "query": "select  c_last_name\n       ,c_first_name\n       ,ca_city\n       ,bought_city\n       ,ss_ticket_number\n       ,amt,profit \n from\n   (select ss_ticket_number\n          ,ss_customer_sk\n          ,ca_city bought_city\n          ,sum(ss_coupon_amt) amt\n          ,sum(ss_net_profit) profit\n    from store_sales,date_dim,store,household_demographics,customer_address \n    where store_sales.ss_sold_date_sk = date_dim.d_date_sk\n    and store_sales.ss_store_sk = store.s_store_sk  \n    and store_sales.ss_hdemo_sk = household_demographics.hd_demo_sk\n    and store_sales.ss_addr_sk = customer_address.ca_address_sk\n    and (household_demographics.hd_dep_count = 0 or\n         household_demographics.hd_vehicle_count= 4)\n    and date_dim.d_dow in (6,0)\n    and date_dim.d_year in (1999,1999+1,1999+2) \n    and store.s_city in ('Midway','Fairview','Fairview','Midway','Midway') \n    group by ss_ticket_number,ss_customer_sk,ss_addr_sk,ca_city) dn,customer,customer_address current_addr\n    where ss_customer_sk = c_customer_sk\n      and customer.c_current_addr_sk = current_addr.ca_address_sk\n      and current_addr.ca_city <> bought_city\n  order by c_last_name\n          ,c_first_name\n          ,ca_city\n          ,bought_city\n          ,ss_ticket_number\n  limit 100;\n\n-- end query 31 in stream 3 using template query46.tpl\n",
    "indexes": "store_sales.ss_store_sk",
    "wo plan est": {
      "Node Type": "Limit",
      "Parallel Aware": false,
      "Async Capable": false,
      "Startup Cost": 742674.58,
      "Total Cost": 742674.83,
      "Plan Rows": 100,
      "Plan Width": 138,
      "Plans": [
        {
          "Node Type": "Sort",
          "Parent Relationship": "Outer",
          "Parallel Aware": false,
          "Async Capable": false,
          "Startup Cost": 742674.58,
          "Total Cost": 742719.28,
          "Plan Rows": 17880,
          "Plan Width": 138,
          "Sort Key": [
            "customer.c_last_name",
            "customer.c_first_name",
            "current_addr.ca_city",
            "dn.bought_city",
            "dn.ss_ticket_number"
          ],
          "Plans": [
            {
              "Node Type": "Hash Join",
              "Parent Relationship": "Outer",
              "Parallel Aware": false,
              "Async Capable": false,
              "Join Type": "Inner",
              "Startup Cost": 732894.87,
              "Total Cost": 741991.22,
              "Plan Rows": 17880,
              "Plan Width": 138,
              "Inner Unique": false,
              "Hash Cond": "(current_addr.ca_address_sk = customer.c_current_addr_sk)",
              "Join Filter": "((current_addr.ca_city)::text <> (dn.bought_city)::text)",
              "Plans": [
                {
                  "Node Type": "Seq Scan",
                  "Parent Relationship": "Outer",
                  "Parallel Aware": false,
                  "Async Capable": false,
                  "Relation Name": "customer_address",
                  "Alias": "current_addr",
                  "Startup Cost": 0.0,
                  "Total Cost": 7935.0,
                  "Plan Rows": 250000,
                  "Plan Width": 13,
                  "parent": 2,
                  "ID": 3
                },
                {
                  "Node Type": "Hash",
                  "Parent Relationship": "Inner",
                  "Parallel Aware": false,
                  "Async Capable": false,
                  "Startup Cost": 732671.02,
                  "Total Cost": 732671.02,
                  "Plan Rows": 17908,
                  "Plan Width": 133,
                  "Plans": [
                    {
                      "Node Type": "Hash Join",
                      "Parent Relationship": "Outer",
                      "Parallel Aware": false,
                      "Async Capable": false,
                      "Join Type": "Inner",
                      "Startup Cost": 723851.49,
                      "Total Cost": 732671.02,
                      "Plan Rows": 17908,
                      "Plan Width": 133,
                      "Inner Unique": false,
                      "Hash Cond": "(dn.ss_customer_sk = customer.c_customer_sk)",
                      "Plans": [
                        {
                          "Node Type": "Subquery Scan",
                          "Parent Relationship": "Outer",
                          "Parallel Aware": false,
                          "Async Capable": false,
                          "Alias": "dn",
                          "Startup Cost": 693394.49,
                          "Total Cost": 696105.78,
                          "Plan Rows": 17908,
                          "Plan Width": 81,
                          "Plans": [
                            {
                              "Node Type": "Aggregate",
                              "Strategy": "Sorted",
                              "Partial Mode": "Finalize",
                              "Parent Relationship": "Subquery",
                              "Parallel Aware": false,
                              "Async Capable": false,
                              "Startup Cost": 693394.49,
                              "Total Cost": 695926.7,
                              "Plan Rows": 17908,
                              "Plan Width": 85,
                              "Group Key": [
                                "store_sales.ss_ticket_number",
                                "store_sales.ss_customer_sk",
                                "store_sales.ss_addr_sk",
                                "customer_address.ca_city"
                              ],
                              "Plans": [
                                {
                                  "Node Type": "Gather Merge",
                                  "Parent Relationship": "Outer",
                                  "Parallel Aware": false,
                                  "Async Capable": false,
                                  "Startup Cost": 693394.49,
                                  "Total Cost": 695359.6,
                                  "Plan Rows": 14924,
                                  "Plan Width": 85,
                                  "Workers Planned": 2,
                                  "Plans": [
                                    {
                                      "Node Type": "Aggregate",
                                      "Strategy": "Sorted",
                                      "Partial Mode": "Partial",
                                      "Parent Relationship": "Outer",
                                      "Parallel Aware": false,
                                      "Async Capable": false,
                                      "Startup Cost": 692394.47,
                                      "Total Cost": 692636.98,
                                      "Plan Rows": 7462,
                                      "Plan Width": 85,
                                      "Group Key": [
                                        "store_sales.ss_ticket_number",
                                        "store_sales.ss_customer_sk",
                                        "store_sales.ss_addr_sk",
                                        "customer_address.ca_city"
                                      ],
                                      "Plans": [
                                        {
                                          "Node Type": "Sort",
                                          "Parent Relationship": "Outer",
                                          "Parallel Aware": false,
                                          "Async Capable": false,
                                          "Startup Cost": 692394.47,
                                          "Total Cost": 692413.12,
                                          "Plan Rows": 7462,
                                          "Plan Width": 30,
                                          "Sort Key": [
                                            "store_sales.ss_ticket_number",
                                            "store_sales.ss_customer_sk",
                                            "store_sales.ss_addr_sk",
                                            "customer_address.ca_city"
                                          ],
                                          "Plans": [
                                            {
                                              "Node Type": "Hash Join",
                                              "Parent Relationship": "Outer",
                                              "Parallel Aware": true,
                                              "Async Capable": false,
                                              "Join Type": "Inner",
                                              "Startup Cost": 685016.08,
                                              "Total Cost": 691914.46,
                                              "Plan Rows": 7462,
                                              "Plan Width": 30,
                                              "Inner Unique": false,
                                              "Hash Cond": "(customer_address.ca_address_sk = store_sales.ss_addr_sk)",
                                              "Plans": [
                                                {
                                                  "Node Type": "Seq Scan",
                                                  "Parent Relationship": "Outer",
                                                  "Parallel Aware": true,
                                                  "Async Capable": false,
                                                  "Relation Name": "customer_address",
                                                  "Alias": "customer_address",
                                                  "Startup Cost": 0.0,
                                                  "Total Cost": 6476.67,
                                                  "Plan Rows": 104167,
                                                  "Plan Width": 13,
                                                  "parent": 11,
                                                  "ID": 12
                                                },
                                                {
                                                  "Node Type": "Hash",
                                                  "Parent Relationship": "Inner",
                                                  "Parallel Aware": true,
                                                  "Async Capable": false,
                                                  "Startup Cost": 684918.45,
                                                  "Total Cost": 684918.45,
                                                  "Plan Rows": 7810,
                                                  "Plan Width": 21,
                                                  "Plans": [
                                                    {
                                                      "Node Type": "Hash Join",
                                                      "Parent Relationship": "Outer",
                                                      "Parallel Aware": false,
                                                      "Async Capable": false,
                                                      "Join Type": "Inner",
                                                      "Startup Cost": 2296.59,
                                                      "Total Cost": 684918.45,
                                                      "Plan Rows": 7810,
                                                      "Plan Width": 21,
                                                      "Inner Unique": false,
                                                      "Hash Cond": "(store_sales.ss_store_sk = store.s_store_sk)",
                                                      "Plans": [
                                                        {
                                                          "Node Type": "Hash Join",
                                                          "Parent Relationship": "Outer",
                                                          "Parallel Aware": false,
                                                          "Async Capable": false,
                                                          "Join Type": "Inner",
                                                          "Startup Cost": 2289.04,
                                                          "Total Cost": 684789.32,
                                                          "Plan Rows": 11593,
                                                          "Plan Width": 25,
                                                          "Inner Unique": false,
                                                          "Hash Cond": "(store_sales.ss_hdemo_sk = household_demographics.hd_demo_sk)",
                                                          "Plans": [
                                                            {
                                                              "Node Type": "Hash Join",
                                                              "Parent Relationship": "Outer",
                                                              "Parallel Aware": true,
                                                              "Async Capable": false,
                                                              "Join Type": "Inner",
                                                              "Startup Cost": 2105.54,
                                                              "Total Cost": 684307.63,
                                                              "Plan Rows": 48602,
                                                              "Plan Width": 29,
                                                              "Inner Unique": false,
                                                              "Hash Cond": "(store_sales.ss_sold_date_sk = date_dim.d_date_sk)",
                                                              "Plans": [
                                                                {
                                                                  "Node Type": "Seq Scan",
                                                                  "Parent Relationship": "Outer",
                                                                  "Parallel Aware": true,
                                                                  "Async Capable": false,
                                                                  "Relation Name": "store_sales",
                                                                  "Alias": "store_sales",
                                                                  "Startup Cost": 0.0,
                                                                  "Total Cost": 636914.37,
                                                                  "Plan Rows": 12000637,
                                                                  "Plan Width": 33,
                                                                  "parent": 16,
                                                                  "ID": 17
                                                                },
                                                                {
                                                                  "Node Type": "Hash",
                                                                  "Parent Relationship": "Inner",
                                                                  "Parallel Aware": true,
                                                                  "Async Capable": false,
                                                                  "Startup Cost": 2103.26,
                                                                  "Total Cost": 2103.26,
                                                                  "Plan Rows": 182,
                                                                  "Plan Width": 4,
                                                                  "Plans": [
                                                                    {
                                                                      "Node Type": "Seq Scan",
                                                                      "Parent Relationship": "Outer",
                                                                      "Parallel Aware": true,
                                                                      "Async Capable": false,
                                                                      "Relation Name": "date_dim",
                                                                      "Alias": "date_dim",
                                                                      "Startup Cost": 0.0,
                                                                      "Total Cost": 2103.26,
                                                                      "Plan Rows": 182,
                                                                      "Plan Width": 4,
                                                                      "Filter": "((d_dow = ANY ('{6,0}'::integer[])) AND (d_year = ANY ('{1999,2000,2001}'::integer[])))",
                                                                      "parent": 18,
                                                                      "ID": 19
                                                                    }
                                                                  ],
                                                                  "parent": 16,
                                                                  "ID": 18,
                                                                  "left": 19
                                                                }
                                                              ],
                                                              "parent": 15,
                                                              "ID": 16,
                                                              "left": 17,
                                                              "right": 18
                                                            },
                                                            {
                                                              "Node Type": "Hash",
                                                              "Parent Relationship": "Inner",
                                                              "Parallel Aware": false,
                                                              "Async Capable": false,
                                                              "Startup Cost": 161.0,
                                                              "Total Cost": 161.0,
                                                              "Plan Rows": 1800,
                                                              "Plan Width": 4,
                                                              "Plans": [
                                                                {
                                                                  "Node Type": "Seq Scan",
                                                                  "Parent Relationship": "Outer",
                                                                  "Parallel Aware": false,
                                                                  "Async Capable": false,
                                                                  "Relation Name": "household_demographics",
                                                                  "Alias": "household_demographics",
                                                                  "Startup Cost": 0.0,
                                                                  "Total Cost": 161.0,
                                                                  "Plan Rows": 1800,
                                                                  "Plan Width": 4,
                                                                  "Filter": "((hd_dep_count = 0) OR (hd_vehicle_count = 4))",
                                                                  "parent": 20,
                                                                  "ID": 21
                                                                }
                                                              ],
                                                              "parent": 15,
                                                              "ID": 20,
                                                              "left": 21
                                                            }
                                                          ],
                                                          "parent": 14,
                                                          "ID": 15,
                                                          "left": 16,
                                                          "right": 20
                                                        },
                                                        {
                                                          "Node Type": "Hash",
                                                          "Parent Relationship": "Inner",
                                                          "Parallel Aware": false,
                                                          "Async Capable": false,
                                                          "Startup Cost": 6.66,
                                                          "Total Cost": 6.66,
                                                          "Plan Rows": 72,
                                                          "Plan Width": 4,
                                                          "Plans": [
                                                            {
                                                              "Node Type": "Seq Scan",
                                                              "Parent Relationship": "Outer",
                                                              "Parallel Aware": false,
                                                              "Async Capable": false,
                                                              "Relation Name": "store",
                                                              "Alias": "store",
                                                              "Startup Cost": 0.0,
                                                              "Total Cost": 6.66,
                                                              "Plan Rows": 72,
                                                              "Plan Width": 4,
                                                              "Filter": "((s_city)::text = ANY ('{Midway,Fairview,Fairview,Midway,Midway}'::text[]))",
                                                              "parent": 22,
                                                              "ID": 23
                                                            }
                                                          ],
                                                          "parent": 14,
                                                          "ID": 22,
                                                          "left": 23
                                                        }
                                                      ],
                                                      "parent": 13,
                                                      "ID": 14,
                                                      "left": 15,
                                                      "right": 22
                                                    }
                                                  ],
                                                  "parent": 11,
                                                  "ID": 13,
                                                  "left": 14
                                                }
                                              ],
                                              "parent": 10,
                                              "ID": 11,
                                              "left": 12,
                                              "right": 13
                                            }
                                          ],
                                          "parent": 9,
                                          "ID": 10,
                                          "left": 11
                                        }
                                      ],
                                      "parent": 8,
                                      "ID": 9,
                                      "left": 10
                                    }
                                  ],
                                  "parent": 7,
                                  "ID": 8,
                                  "left": 9
                                }
                              ],
                              "parent": 6,
                              "ID": 7,
                              "left": 8
                            }
                          ],
                          "parent": 5,
                          "ID": 6,
                          "left": 7
                        },
                        {
                          "Node Type": "Hash",
                          "Parent Relationship": "Inner",
                          "Parallel Aware": false,
                          "Async Capable": false,
                          "Startup Cost": 18835.0,
                          "Total Cost": 18835.0,
                          "Plan Rows": 500000,
                          "Plan Width": 60,
                          "Plans": [
                            {
                              "Node Type": "Seq Scan",
                              "Parent Relationship": "Outer",
                              "Parallel Aware": false,
                              "Async Capable": false,
                              "Relation Name": "customer",
                              "Alias": "customer",
                              "Startup Cost": 0.0,
                              "Total Cost": 18835.0,
                              "Plan Rows": 500000,
                              "Plan Width": 60,
                              "parent": 24,
                              "ID": 25
                            }
                          ],
                          "parent": 5,
                          "ID": 24,
                          "left": 25
                        }
                      ],
                      "parent": 4,
                      "ID": 5,
                      "left": 6,
                      "right": 24
                    }
                  ],
                  "parent": 2,
                  "ID": 4,
                  "left": 5
                }
              ],
              "parent": 1,
              "ID": 2,
              "left": 3,
              "right": 4
            }
          ],
          "parent": 0,
          "ID": 1,
          "left": 2
        }
      ],
      "parent": null,
      "ID": 0,
      "left": 1
    },
    "feat": {
      "utility": 0.02290785829664579,
      "query_shape": [
        [
          "Seq Scan",
          "Hash Join",
          "Sort"
        ],
        [
          "Seq Scan",
          "Hash Join",
          "Sort",
          "Aggregate",
          "Gather Merge",
          "Subquery Scan",
          "Hash"
        ],
        [
          "Seq Scan",
          "Hash Join",
          "Hash",
          "Sort",
          "Aggregate",
          "Gather Merge",
          "Subquery Scan"
        ],
        [
          "Seq Scan",
          "Hash",
          "Hash Join",
          "Sort",
          "Aggregate",
          "Gather Merge",
          "Subquery Scan"
        ],
        [
          "Seq Scan",
          "Hash",
          "Hash Join",
          "Sort",
          "Aggregate",
          "Gather Merge",
          "Subquery Scan"
        ],
        [
          "Seq Scan",
          "Hash",
          "Hash Join",
          "Sort",
          "Aggregate",
          "Gather Merge",
          "Subquery Scan"
        ],
        [
          "Seq Scan",
          "Hash",
          "Hash Join",
          "Sort"
        ]
      ],
      "index_shape": [
        "join"
      ],
      "physical_operator": {
        "Hash Join": [
          0.09673003630870719
        ]
      }
    }
  },
  {
    "query": "select  c_last_name\n       ,c_first_name\n       ,ca_city\n       ,bought_city\n       ,ss_ticket_number\n       ,amt,profit \n from\n   (select ss_ticket_number\n          ,ss_customer_sk\n          ,ca_city bought_city\n          ,sum(ss_coupon_amt) amt\n          ,sum(ss_net_profit) profit\n    from store_sales,date_dim,store,household_demographics,customer_address \n    where store_sales.ss_sold_date_sk = date_dim.d_date_sk\n    and store_sales.ss_store_sk = store.s_store_sk  \n    and store_sales.ss_hdemo_sk = household_demographics.hd_demo_sk\n    and store_sales.ss_addr_sk = customer_address.ca_address_sk\n    and (household_demographics.hd_dep_count = 0 or\n         household_demographics.hd_vehicle_count= 4)\n    and date_dim.d_dow in (6,0)\n    and date_dim.d_year in (1999,1999+1,1999+2) \n    and store.s_city in ('Midway','Fairview','Fairview','Midway','Midway') \n    group by ss_ticket_number,ss_customer_sk,ss_addr_sk,ca_city) dn,customer,customer_address current_addr\n    where ss_customer_sk = c_customer_sk\n      and customer.c_current_addr_sk = current_addr.ca_address_sk\n      and current_addr.ca_city <> bought_city\n  order by c_last_name\n          ,c_first_name\n          ,ca_city\n          ,bought_city\n          ,ss_ticket_number\n  limit 100;\n\n-- end query 31 in stream 3 using template query46.tpl\n",
    "indexes": "store_sales.ss_ticket_number",
    "wo plan est": {
      "Node Type": "Limit",
      "Parallel Aware": false,
      "Async Capable": false,
      "Startup Cost": 742674.58,
      "Total Cost": 742674.83,
      "Plan Rows": 100,
      "Plan Width": 138,
      "Plans": [
        {
          "Node Type": "Sort",
          "Parent Relationship": "Outer",
          "Parallel Aware": false,
          "Async Capable": false,
          "Startup Cost": 742674.58,
          "Total Cost": 742719.28,
          "Plan Rows": 17880,
          "Plan Width": 138,
          "Sort Key": [
            "customer.c_last_name",
            "customer.c_first_name",
            "current_addr.ca_city",
            "dn.bought_city",
            "dn.ss_ticket_number"
          ],
          "Plans": [
            {
              "Node Type": "Hash Join",
              "Parent Relationship": "Outer",
              "Parallel Aware": false,
              "Async Capable": false,
              "Join Type": "Inner",
              "Startup Cost": 732894.87,
              "Total Cost": 741991.22,
              "Plan Rows": 17880,
              "Plan Width": 138,
              "Inner Unique": false,
              "Hash Cond": "(current_addr.ca_address_sk = customer.c_current_addr_sk)",
              "Join Filter": "((current_addr.ca_city)::text <> (dn.bought_city)::text)",
              "Plans": [
                {
                  "Node Type": "Seq Scan",
                  "Parent Relationship": "Outer",
                  "Parallel Aware": false,
                  "Async Capable": false,
                  "Relation Name": "customer_address",
                  "Alias": "current_addr",
                  "Startup Cost": 0.0,
                  "Total Cost": 7935.0,
                  "Plan Rows": 250000,
                  "Plan Width": 13,
                  "parent": 2,
                  "ID": 3
                },
                {
                  "Node Type": "Hash",
                  "Parent Relationship": "Inner",
                  "Parallel Aware": false,
                  "Async Capable": false,
                  "Startup Cost": 732671.02,
                  "Total Cost": 732671.02,
                  "Plan Rows": 17908,
                  "Plan Width": 133,
                  "Plans": [
                    {
                      "Node Type": "Hash Join",
                      "Parent Relationship": "Outer",
                      "Parallel Aware": false,
                      "Async Capable": false,
                      "Join Type": "Inner",
                      "Startup Cost": 723851.49,
                      "Total Cost": 732671.02,
                      "Plan Rows": 17908,
                      "Plan Width": 133,
                      "Inner Unique": false,
                      "Hash Cond": "(dn.ss_customer_sk = customer.c_customer_sk)",
                      "Plans": [
                        {
                          "Node Type": "Subquery Scan",
                          "Parent Relationship": "Outer",
                          "Parallel Aware": false,
                          "Async Capable": false,
                          "Alias": "dn",
                          "Startup Cost": 693394.49,
                          "Total Cost": 696105.78,
                          "Plan Rows": 17908,
                          "Plan Width": 81,
                          "Plans": [
                            {
                              "Node Type": "Aggregate",
                              "Strategy": "Sorted",
                              "Partial Mode": "Finalize",
                              "Parent Relationship": "Subquery",
                              "Parallel Aware": false,
                              "Async Capable": false,
                              "Startup Cost": 693394.49,
                              "Total Cost": 695926.7,
                              "Plan Rows": 17908,
                              "Plan Width": 85,
                              "Group Key": [
                                "store_sales.ss_ticket_number",
                                "store_sales.ss_customer_sk",
                                "store_sales.ss_addr_sk",
                                "customer_address.ca_city"
                              ],
                              "Plans": [
                                {
                                  "Node Type": "Gather Merge",
                                  "Parent Relationship": "Outer",
                                  "Parallel Aware": false,
                                  "Async Capable": false,
                                  "Startup Cost": 693394.49,
                                  "Total Cost": 695359.6,
                                  "Plan Rows": 14924,
                                  "Plan Width": 85,
                                  "Workers Planned": 2,
                                  "Plans": [
                                    {
                                      "Node Type": "Aggregate",
                                      "Strategy": "Sorted",
                                      "Partial Mode": "Partial",
                                      "Parent Relationship": "Outer",
                                      "Parallel Aware": false,
                                      "Async Capable": false,
                                      "Startup Cost": 692394.47,
                                      "Total Cost": 692636.98,
                                      "Plan Rows": 7462,
                                      "Plan Width": 85,
                                      "Group Key": [
                                        "store_sales.ss_ticket_number",
                                        "store_sales.ss_customer_sk",
                                        "store_sales.ss_addr_sk",
                                        "customer_address.ca_city"
                                      ],
                                      "Plans": [
                                        {
                                          "Node Type": "Sort",
                                          "Parent Relationship": "Outer",
                                          "Parallel Aware": false,
                                          "Async Capable": false,
                                          "Startup Cost": 692394.47,
                                          "Total Cost": 692413.12,
                                          "Plan Rows": 7462,
                                          "Plan Width": 30,
                                          "Sort Key": [
                                            "store_sales.ss_ticket_number",
                                            "store_sales.ss_customer_sk",
                                            "store_sales.ss_addr_sk",
                                            "customer_address.ca_city"
                                          ],
                                          "Plans": [
                                            {
                                              "Node Type": "Hash Join",
                                              "Parent Relationship": "Outer",
                                              "Parallel Aware": true,
                                              "Async Capable": false,
                                              "Join Type": "Inner",
                                              "Startup Cost": 685016.08,
                                              "Total Cost": 691914.46,
                                              "Plan Rows": 7462,
                                              "Plan Width": 30,
                                              "Inner Unique": false,
                                              "Hash Cond": "(customer_address.ca_address_sk = store_sales.ss_addr_sk)",
                                              "Plans": [
                                                {
                                                  "Node Type": "Seq Scan",
                                                  "Parent Relationship": "Outer",
                                                  "Parallel Aware": true,
                                                  "Async Capable": false,
                                                  "Relation Name": "customer_address",
                                                  "Alias": "customer_address",
                                                  "Startup Cost": 0.0,
                                                  "Total Cost": 6476.67,
                                                  "Plan Rows": 104167,
                                                  "Plan Width": 13,
                                                  "parent": 11,
                                                  "ID": 12
                                                },
                                                {
                                                  "Node Type": "Hash",
                                                  "Parent Relationship": "Inner",
                                                  "Parallel Aware": true,
                                                  "Async Capable": false,
                                                  "Startup Cost": 684918.45,
                                                  "Total Cost": 684918.45,
                                                  "Plan Rows": 7810,
                                                  "Plan Width": 21,
                                                  "Plans": [
                                                    {
                                                      "Node Type": "Hash Join",
                                                      "Parent Relationship": "Outer",
                                                      "Parallel Aware": false,
                                                      "Async Capable": false,
                                                      "Join Type": "Inner",
                                                      "Startup Cost": 2296.59,
                                                      "Total Cost": 684918.45,
                                                      "Plan Rows": 7810,
                                                      "Plan Width": 21,
                                                      "Inner Unique": false,
                                                      "Hash Cond": "(store_sales.ss_store_sk = store.s_store_sk)",
                                                      "Plans": [
                                                        {
                                                          "Node Type": "Hash Join",
                                                          "Parent Relationship": "Outer",
                                                          "Parallel Aware": false,
                                                          "Async Capable": false,
                                                          "Join Type": "Inner",
                                                          "Startup Cost": 2289.04,
                                                          "Total Cost": 684789.32,
                                                          "Plan Rows": 11593,
                                                          "Plan Width": 25,
                                                          "Inner Unique": false,
                                                          "Hash Cond": "(store_sales.ss_hdemo_sk = household_demographics.hd_demo_sk)",
                                                          "Plans": [
                                                            {
                                                              "Node Type": "Hash Join",
                                                              "Parent Relationship": "Outer",
                                                              "Parallel Aware": true,
                                                              "Async Capable": false,
                                                              "Join Type": "Inner",
                                                              "Startup Cost": 2105.54,
                                                              "Total Cost": 684307.63,
                                                              "Plan Rows": 48602,
                                                              "Plan Width": 29,
                                                              "Inner Unique": false,
                                                              "Hash Cond": "(store_sales.ss_sold_date_sk = date_dim.d_date_sk)",
                                                              "Plans": [
                                                                {
                                                                  "Node Type": "Seq Scan",
                                                                  "Parent Relationship": "Outer",
                                                                  "Parallel Aware": true,
                                                                  "Async Capable": false,
                                                                  "Relation Name": "store_sales",
                                                                  "Alias": "store_sales",
                                                                  "Startup Cost": 0.0,
                                                                  "Total Cost": 636914.37,
                                                                  "Plan Rows": 12000637,
                                                                  "Plan Width": 33,
                                                                  "parent": 16,
                                                                  "ID": 17
                                                                },
                                                                {
                                                                  "Node Type": "Hash",
                                                                  "Parent Relationship": "Inner",
                                                                  "Parallel Aware": true,
                                                                  "Async Capable": false,
                                                                  "Startup Cost": 2103.26,
                                                                  "Total Cost": 2103.26,
                                                                  "Plan Rows": 182,
                                                                  "Plan Width": 4,
                                                                  "Plans": [
                                                                    {
                                                                      "Node Type": "Seq Scan",
                                                                      "Parent Relationship": "Outer",
                                                                      "Parallel Aware": true,
                                                                      "Async Capable": false,
                                                                      "Relation Name": "date_dim",
                                                                      "Alias": "date_dim",
                                                                      "Startup Cost": 0.0,
                                                                      "Total Cost": 2103.26,
                                                                      "Plan Rows": 182,
                                                                      "Plan Width": 4,
                                                                      "Filter": "((d_dow = ANY ('{6,0}'::integer[])) AND (d_year = ANY ('{1999,2000,2001}'::integer[])))",
                                                                      "parent": 18,
                                                                      "ID": 19
                                                                    }
                                                                  ],
                                                                  "parent": 16,
                                                                  "ID": 18,
                                                                  "left": 19
                                                                }
                                                              ],
                                                              "parent": 15,
                                                              "ID": 16,
                                                              "left": 17,
                                                              "right": 18
                                                            },
                                                            {
                                                              "Node Type": "Hash",
                                                              "Parent Relationship": "Inner",
                                                              "Parallel Aware": false,
                                                              "Async Capable": false,
                                                              "Startup Cost": 161.0,
                                                              "Total Cost": 161.0,
                                                              "Plan Rows": 1800,
                                                              "Plan Width": 4,
                                                              "Plans": [
                                                                {
                                                                  "Node Type": "Seq Scan",
                                                                  "Parent Relationship": "Outer",
                                                                  "Parallel Aware": false,
                                                                  "Async Capable": false,
                                                                  "Relation Name": "household_demographics",
                                                                  "Alias": "household_demographics",
                                                                  "Startup Cost": 0.0,
                                                                  "Total Cost": 161.0,
                                                                  "Plan Rows": 1800,
                                                                  "Plan Width": 4,
                                                                  "Filter": "((hd_dep_count = 0) OR (hd_vehicle_count = 4))",
                                                                  "parent": 20,
                                                                  "ID": 21
                                                                }
                                                              ],
                                                              "parent": 15,
                                                              "ID": 20,
                                                              "left": 21
                                                            }
                                                          ],
                                                          "parent": 14,
                                                          "ID": 15,
                                                          "left": 16,
                                                          "right": 20
                                                        },
                                                        {
                                                          "Node Type": "Hash",
                                                          "Parent Relationship": "Inner",
                                                          "Parallel Aware": false,
                                                          "Async Capable": false,
                                                          "Startup Cost": 6.66,
                                                          "Total Cost": 6.66,
                                                          "Plan Rows": 72,
                                                          "Plan Width": 4,
                                                          "Plans": [
                                                            {
                                                              "Node Type": "Seq Scan",
                                                              "Parent Relationship": "Outer",
                                                              "Parallel Aware": false,
                                                              "Async Capable": false,
                                                              "Relation Name": "store",
                                                              "Alias": "store",
                                                              "Startup Cost": 0.0,
                                                              "Total Cost": 6.66,
                                                              "Plan Rows": 72,
                                                              "Plan Width": 4,
                                                              "Filter": "((s_city)::text = ANY ('{Midway,Fairview,Fairview,Midway,Midway}'::text[]))",
                                                              "parent": 22,
                                                              "ID": 23
                                                            }
                                                          ],
                                                          "parent": 14,
                                                          "ID": 22,
                                                          "left": 23
                                                        }
                                                      ],
                                                      "parent": 13,
                                                      "ID": 14,
                                                      "left": 15,
                                                      "right": 22
                                                    }
                                                  ],
                                                  "parent": 11,
                                                  "ID": 13,
                                                  "left": 14
                                                }
                                              ],
                                              "parent": 10,
                                              "ID": 11,
                                              "left": 12,
                                              "right": 13
                                            }
                                          ],
                                          "parent": 9,
                                          "ID": 10,
                                          "left": 11
                                        }
                                      ],
                                      "parent": 8,
                                      "ID": 9,
                                      "left": 10
                                    }
                                  ],
                                  "parent": 7,
                                  "ID": 8,
                                  "left": 9
                                }
                              ],
                              "parent": 6,
                              "ID": 7,
                              "left": 8
                            }
                          ],
                          "parent": 5,
                          "ID": 6,
                          "left": 7
                        },
                        {
                          "Node Type": "Hash",
                          "Parent Relationship": "Inner",
                          "Parallel Aware": false,
                          "Async Capable": false,
                          "Startup Cost": 18835.0,
                          "Total Cost": 18835.0,
                          "Plan Rows": 500000,
                          "Plan Width": 60,
                          "Plans": [
                            {
                              "Node Type": "Seq Scan",
                              "Parent Relationship": "Outer",
                              "Parallel Aware": false,
                              "Async Capable": false,
                              "Relation Name": "customer",
                              "Alias": "customer",
                              "Startup Cost": 0.0,
                              "Total Cost": 18835.0,
                              "Plan Rows": 500000,
                              "Plan Width": 60,
                              "parent": 24,
                              "ID": 25
                            }
                          ],
                          "parent": 5,
                          "ID": 24,
                          "left": 25
                        }
                      ],
                      "parent": 4,
                      "ID": 5,
                      "left": 6,
                      "right": 24
                    }
                  ],
                  "parent": 2,
                  "ID": 4,
                  "left": 5
                }
              ],
              "parent": 1,
              "ID": 2,
              "left": 3,
              "right": 4
            }
          ],
          "parent": 0,
          "ID": 1,
          "left": 2
        }
      ],
      "parent": null,
      "ID": 0,
      "left": 1
    },
    "feat": {
      "utility": 0.0,
      "query_shape": [
        [
          "Seq Scan",
          "Hash Join",
          "Sort"
        ],
        [
          "Seq Scan",
          "Hash Join",
          "Sort",
          "Aggregate",
          "Gather Merge",
          "Subquery Scan",
          "Hash"
        ],
        [
          "Seq Scan",
          "Hash Join",
          "Hash",
          "Sort",
          "Aggregate",
          "Gather Merge",
          "Subquery Scan"
        ],
        [
          "Seq Scan",
          "Hash",
          "Hash Join",
          "Sort",
          "Aggregate",
          "Gather Merge",
          "Subquery Scan"
        ],
        [
          "Seq Scan",
          "Hash",
          "Hash Join",
          "Sort",
          "Aggregate",
          "Gather Merge",
          "Subquery Scan"
        ],
        [
          "Seq Scan",
          "Hash",
          "Hash Join",
          "Sort",
          "Aggregate",
          "Gather Merge",
          "Subquery Scan"
        ],
        [
          "Seq Scan",
          "Hash",
          "Hash Join",
          "Sort"
        ]
      ],
      "index_shape": [
        "order-by"
      ],
      "physical_operator": {
        "Sort": [
          "[1.000000e+00 4.790900e+04 9.591300e+04 1.439130e+05 1.919550e+05\n 2.399770e+05 2.879480e+05 3.359860e+05 3.839660e+05 4.320020e+05\n 4.799570e+05 5.279630e+05 5.759590e+05 6.239540e+05 6.719910e+05\n 7.200790e+05 7.681590e+05 8.161250e+05 8.641500e+05 9.121370e+05\n 9.601160e+05 1.008142e+06 1.056168e+06 1.104136e+06 1.152100e+06\n 1.200037e+06 1.248052e+06 1.296063e+06 1.344055e+06 1.391974e+06\n 1.440001e+06 1.488097e+06 1.536101e+06 1.584092e+06 1.632119e+06\n 1.680116e+06 1.728071e+06 1.776088e+06 1.824096e+06 1.872134e+06\n 1.920196e+06 1.968184e+06 2.016112e+06 2.064125e+06 2.112126e+06\n 2.160041e+06 2.208038e+06 2.256001e+06 2.304028e+06 2.352028e+06\n 2.400000e+06]"
        ],
        "Aggregate": [
          "[1.000000e+00 4.790900e+04 9.591300e+04 1.439130e+05 1.919550e+05\n 2.399770e+05 2.879480e+05 3.359860e+05 3.839660e+05 4.320020e+05\n 4.799570e+05 5.279630e+05 5.759590e+05 6.239540e+05 6.719910e+05\n 7.200790e+05 7.681590e+05 8.161250e+05 8.641500e+05 9.121370e+05\n 9.601160e+05 1.008142e+06 1.056168e+06 1.104136e+06 1.152100e+06\n 1.200037e+06 1.248052e+06 1.296063e+06 1.344055e+06 1.391974e+06\n 1.440001e+06 1.488097e+06 1.536101e+06 1.584092e+06 1.632119e+06\n 1.680116e+06 1.728071e+06 1.776088e+06 1.824096e+06 1.872134e+06\n 1.920196e+06 1.968184e+06 2.016112e+06 2.064125e+06 2.112126e+06\n 2.160041e+06 2.208038e+06 2.256001e+06 2.304028e+06 2.352028e+06\n 2.400000e+06]",
          "[1.000000e+00 4.790900e+04 9.591300e+04 1.439130e+05 1.919550e+05\n 2.399770e+05 2.879480e+05 3.359860e+05 3.839660e+05 4.320020e+05\n 4.799570e+05 5.279630e+05 5.759590e+05 6.239540e+05 6.719910e+05\n 7.200790e+05 7.681590e+05 8.161250e+05 8.641500e+05 9.121370e+05\n 9.601160e+05 1.008142e+06 1.056168e+06 1.104136e+06 1.152100e+06\n 1.200037e+06 1.248052e+06 1.296063e+06 1.344055e+06 1.391974e+06\n 1.440001e+06 1.488097e+06 1.536101e+06 1.584092e+06 1.632119e+06\n 1.680116e+06 1.728071e+06 1.776088e+06 1.824096e+06 1.872134e+06\n 1.920196e+06 1.968184e+06 2.016112e+06 2.064125e+06 2.112126e+06\n 2.160041e+06 2.208038e+06 2.256001e+06 2.304028e+06 2.352028e+06\n 2.400000e+06]"
        ]
      }
    }
  },
  {
    "query": "select  c_last_name\n       ,c_first_name\n       ,ca_city\n       ,bought_city\n       ,ss_ticket_number\n       ,amt,profit \n from\n   (select ss_ticket_number\n          ,ss_customer_sk\n          ,ca_city bought_city\n          ,sum(ss_coupon_amt) amt\n          ,sum(ss_net_profit) profit\n    from store_sales,date_dim,store,household_demographics,customer_address \n    where store_sales.ss_sold_date_sk = date_dim.d_date_sk\n    and store_sales.ss_store_sk = store.s_store_sk  \n    and store_sales.ss_hdemo_sk = household_demographics.hd_demo_sk\n    and store_sales.ss_addr_sk = customer_address.ca_address_sk\n    and (household_demographics.hd_dep_count = 0 or\n         household_demographics.hd_vehicle_count= 4)\n    and date_dim.d_dow in (6,0)\n    and date_dim.d_year in (1999,1999+1,1999+2) \n    and store.s_city in ('Midway','Fairview','Fairview','Midway','Midway') \n    group by ss_ticket_number,ss_customer_sk,ss_addr_sk,ca_city) dn,customer,customer_address current_addr\n    where ss_customer_sk = c_customer_sk\n      and customer.c_current_addr_sk = current_addr.ca_address_sk\n      and current_addr.ca_city <> bought_city\n  order by c_last_name\n          ,c_first_name\n          ,ca_city\n          ,bought_city\n          ,ss_ticket_number\n  limit 100;\n\n-- end query 31 in stream 3 using template query46.tpl\n",
    "indexes": "store_sales.ss_coupon_amt",
    "wo plan est": {
      "Node Type": "Limit",
      "Parallel Aware": false,
      "Async Capable": false,
      "Startup Cost": 742674.58,
      "Total Cost": 742674.83,
      "Plan Rows": 100,
      "Plan Width": 138,
      "Plans": [
        {
          "Node Type": "Sort",
          "Parent Relationship": "Outer",
          "Parallel Aware": false,
          "Async Capable": false,
          "Startup Cost": 742674.58,
          "Total Cost": 742719.28,
          "Plan Rows": 17880,
          "Plan Width": 138,
          "Sort Key": [
            "customer.c_last_name",
            "customer.c_first_name",
            "current_addr.ca_city",
            "dn.bought_city",
            "dn.ss_ticket_number"
          ],
          "Plans": [
            {
              "Node Type": "Hash Join",
              "Parent Relationship": "Outer",
              "Parallel Aware": false,
              "Async Capable": false,
              "Join Type": "Inner",
              "Startup Cost": 732894.87,
              "Total Cost": 741991.22,
              "Plan Rows": 17880,
              "Plan Width": 138,
              "Inner Unique": false,
              "Hash Cond": "(current_addr.ca_address_sk = customer.c_current_addr_sk)",
              "Join Filter": "((current_addr.ca_city)::text <> (dn.bought_city)::text)",
              "Plans": [
                {
                  "Node Type": "Seq Scan",
                  "Parent Relationship": "Outer",
                  "Parallel Aware": false,
                  "Async Capable": false,
                  "Relation Name": "customer_address",
                  "Alias": "current_addr",
                  "Startup Cost": 0.0,
                  "Total Cost": 7935.0,
                  "Plan Rows": 250000,
                  "Plan Width": 13,
                  "parent": 2,
                  "ID": 3
                },
                {
                  "Node Type": "Hash",
                  "Parent Relationship": "Inner",
                  "Parallel Aware": false,
                  "Async Capable": false,
                  "Startup Cost": 732671.02,
                  "Total Cost": 732671.02,
                  "Plan Rows": 17908,
                  "Plan Width": 133,
                  "Plans": [
                    {
                      "Node Type": "Hash Join",
                      "Parent Relationship": "Outer",
                      "Parallel Aware": false,
                      "Async Capable": false,
                      "Join Type": "Inner",
                      "Startup Cost": 723851.49,
                      "Total Cost": 732671.02,
                      "Plan Rows": 17908,
                      "Plan Width": 133,
                      "Inner Unique": false,
                      "Hash Cond": "(dn.ss_customer_sk = customer.c_customer_sk)",
                      "Plans": [
                        {
                          "Node Type": "Subquery Scan",
                          "Parent Relationship": "Outer",
                          "Parallel Aware": false,
                          "Async Capable": false,
                          "Alias": "dn",
                          "Startup Cost": 693394.49,
                          "Total Cost": 696105.78,
                          "Plan Rows": 17908,
                          "Plan Width": 81,
                          "Plans": [
                            {
                              "Node Type": "Aggregate",
                              "Strategy": "Sorted",
                              "Partial Mode": "Finalize",
                              "Parent Relationship": "Subquery",
                              "Parallel Aware": false,
                              "Async Capable": false,
                              "Startup Cost": 693394.49,
                              "Total Cost": 695926.7,
                              "Plan Rows": 17908,
                              "Plan Width": 85,
                              "Group Key": [
                                "store_sales.ss_ticket_number",
                                "store_sales.ss_customer_sk",
                                "store_sales.ss_addr_sk",
                                "customer_address.ca_city"
                              ],
                              "Plans": [
                                {
                                  "Node Type": "Gather Merge",
                                  "Parent Relationship": "Outer",
                                  "Parallel Aware": false,
                                  "Async Capable": false,
                                  "Startup Cost": 693394.49,
                                  "Total Cost": 695359.6,
                                  "Plan Rows": 14924,
                                  "Plan Width": 85,
                                  "Workers Planned": 2,
                                  "Plans": [
                                    {
                                      "Node Type": "Aggregate",
                                      "Strategy": "Sorted",
                                      "Partial Mode": "Partial",
                                      "Parent Relationship": "Outer",
                                      "Parallel Aware": false,
                                      "Async Capable": false,
                                      "Startup Cost": 692394.47,
                                      "Total Cost": 692636.98,
                                      "Plan Rows": 7462,
                                      "Plan Width": 85,
                                      "Group Key": [
                                        "store_sales.ss_ticket_number",
                                        "store_sales.ss_customer_sk",
                                        "store_sales.ss_addr_sk",
                                        "customer_address.ca_city"
                                      ],
                                      "Plans": [
                                        {
                                          "Node Type": "Sort",
                                          "Parent Relationship": "Outer",
                                          "Parallel Aware": false,
                                          "Async Capable": false,
                                          "Startup Cost": 692394.47,
                                          "Total Cost": 692413.12,
                                          "Plan Rows": 7462,
                                          "Plan Width": 30,
                                          "Sort Key": [
                                            "store_sales.ss_ticket_number",
                                            "store_sales.ss_customer_sk",
                                            "store_sales.ss_addr_sk",
                                            "customer_address.ca_city"
                                          ],
                                          "Plans": [
                                            {
                                              "Node Type": "Hash Join",
                                              "Parent Relationship": "Outer",
                                              "Parallel Aware": true,
                                              "Async Capable": false,
                                              "Join Type": "Inner",
                                              "Startup Cost": 685016.08,
                                              "Total Cost": 691914.46,
                                              "Plan Rows": 7462,
                                              "Plan Width": 30,
                                              "Inner Unique": false,
                                              "Hash Cond": "(customer_address.ca_address_sk = store_sales.ss_addr_sk)",
                                              "Plans": [
                                                {
                                                  "Node Type": "Seq Scan",
                                                  "Parent Relationship": "Outer",
                                                  "Parallel Aware": true,
                                                  "Async Capable": false,
                                                  "Relation Name": "customer_address",
                                                  "Alias": "customer_address",
                                                  "Startup Cost": 0.0,
                                                  "Total Cost": 6476.67,
                                                  "Plan Rows": 104167,
                                                  "Plan Width": 13,
                                                  "parent": 11,
                                                  "ID": 12
                                                },
                                                {
                                                  "Node Type": "Hash",
                                                  "Parent Relationship": "Inner",
                                                  "Parallel Aware": true,
                                                  "Async Capable": false,
                                                  "Startup Cost": 684918.45,
                                                  "Total Cost": 684918.45,
                                                  "Plan Rows": 7810,
                                                  "Plan Width": 21,
                                                  "Plans": [
                                                    {
                                                      "Node Type": "Hash Join",
                                                      "Parent Relationship": "Outer",
                                                      "Parallel Aware": false,
                                                      "Async Capable": false,
                                                      "Join Type": "Inner",
                                                      "Startup Cost": 2296.59,
                                                      "Total Cost": 684918.45,
                                                      "Plan Rows": 7810,
                                                      "Plan Width": 21,
                                                      "Inner Unique": false,
                                                      "Hash Cond": "(store_sales.ss_store_sk = store.s_store_sk)",
                                                      "Plans": [
                                                        {
                                                          "Node Type": "Hash Join",
                                                          "Parent Relationship": "Outer",
                                                          "Parallel Aware": false,
                                                          "Async Capable": false,
                                                          "Join Type": "Inner",
                                                          "Startup Cost": 2289.04,
                                                          "Total Cost": 684789.32,
                                                          "Plan Rows": 11593,
                                                          "Plan Width": 25,
                                                          "Inner Unique": false,
                                                          "Hash Cond": "(store_sales.ss_hdemo_sk = household_demographics.hd_demo_sk)",
                                                          "Plans": [
                                                            {
                                                              "Node Type": "Hash Join",
                                                              "Parent Relationship": "Outer",
                                                              "Parallel Aware": true,
                                                              "Async Capable": false,
                                                              "Join Type": "Inner",
                                                              "Startup Cost": 2105.54,
                                                              "Total Cost": 684307.63,
                                                              "Plan Rows": 48602,
                                                              "Plan Width": 29,
                                                              "Inner Unique": false,
                                                              "Hash Cond": "(store_sales.ss_sold_date_sk = date_dim.d_date_sk)",
                                                              "Plans": [
                                                                {
                                                                  "Node Type": "Seq Scan",
                                                                  "Parent Relationship": "Outer",
                                                                  "Parallel Aware": true,
                                                                  "Async Capable": false,
                                                                  "Relation Name": "store_sales",
                                                                  "Alias": "store_sales",
                                                                  "Startup Cost": 0.0,
                                                                  "Total Cost": 636914.37,
                                                                  "Plan Rows": 12000637,
                                                                  "Plan Width": 33,
                                                                  "parent": 16,
                                                                  "ID": 17
                                                                },
                                                                {
                                                                  "Node Type": "Hash",
                                                                  "Parent Relationship": "Inner",
                                                                  "Parallel Aware": true,
                                                                  "Async Capable": false,
                                                                  "Startup Cost": 2103.26,
                                                                  "Total Cost": 2103.26,
                                                                  "Plan Rows": 182,
                                                                  "Plan Width": 4,
                                                                  "Plans": [
                                                                    {
                                                                      "Node Type": "Seq Scan",
                                                                      "Parent Relationship": "Outer",
                                                                      "Parallel Aware": true,
                                                                      "Async Capable": false,
                                                                      "Relation Name": "date_dim",
                                                                      "Alias": "date_dim",
                                                                      "Startup Cost": 0.0,
                                                                      "Total Cost": 2103.26,
                                                                      "Plan Rows": 182,
                                                                      "Plan Width": 4,
                                                                      "Filter": "((d_dow = ANY ('{6,0}'::integer[])) AND (d_year = ANY ('{1999,2000,2001}'::integer[])))",
                                                                      "parent": 18,
                                                                      "ID": 19
                                                                    }
                                                                  ],
                                                                  "parent": 16,
                                                                  "ID": 18,
                                                                  "left": 19
                                                                }
                                                              ],
                                                              "parent": 15,
                                                              "ID": 16,
                                                              "left": 17,
                                                              "right": 18
                                                            },
                                                            {
                                                              "Node Type": "Hash",
                                                              "Parent Relationship": "Inner",
                                                              "Parallel Aware": false,
                                                              "Async Capable": false,
                                                              "Startup Cost": 161.0,
                                                              "Total Cost": 161.0,
                                                              "Plan Rows": 1800,
                                                              "Plan Width": 4,
                                                              "Plans": [
                                                                {
                                                                  "Node Type": "Seq Scan",
                                                                  "Parent Relationship": "Outer",
                                                                  "Parallel Aware": false,
                                                                  "Async Capable": false,
                                                                  "Relation Name": "household_demographics",
                                                                  "Alias": "household_demographics",
                                                                  "Startup Cost": 0.0,
                                                                  "Total Cost": 161.0,
                                                                  "Plan Rows": 1800,
                                                                  "Plan Width": 4,
                                                                  "Filter": "((hd_dep_count = 0) OR (hd_vehicle_count = 4))",
                                                                  "parent": 20,
                                                                  "ID": 21
                                                                }
                                                              ],
                                                              "parent": 15,
                                                              "ID": 20,
                                                              "left": 21
                                                            }
                                                          ],
                                                          "parent": 14,
                                                          "ID": 15,
                                                          "left": 16,
                                                          "right": 20
                                                        },
                                                        {
                                                          "Node Type": "Hash",
                                                          "Parent Relationship": "Inner",
                                                          "Parallel Aware": false,
                                                          "Async Capable": false,
                                                          "Startup Cost": 6.66,
                                                          "Total Cost": 6.66,
                                                          "Plan Rows": 72,
                                                          "Plan Width": 4,
                                                          "Plans": [
                                                            {
                                                              "Node Type": "Seq Scan",
                                                              "Parent Relationship": "Outer",
                                                              "Parallel Aware": false,
                                                              "Async Capable": false,
                                                              "Relation Name": "store",
                                                              "Alias": "store",
                                                              "Startup Cost": 0.0,
                                                              "Total Cost": 6.66,
                                                              "Plan Rows": 72,
                                                              "Plan Width": 4,
                                                              "Filter": "((s_city)::text = ANY ('{Midway,Fairview,Fairview,Midway,Midway}'::text[]))",
                                                              "parent": 22,
                                                              "ID": 23
                                                            }
                                                          ],
                                                          "parent": 14,
                                                          "ID": 22,
                                                          "left": 23
                                                        }
                                                      ],
                                                      "parent": 13,
                                                      "ID": 14,
                                                      "left": 15,
                                                      "right": 22
                                                    }
                                                  ],
                                                  "parent": 11,
                                                  "ID": 13,
                                                  "left": 14
                                                }
                                              ],
                                              "parent": 10,
                                              "ID": 11,
                                              "left": 12,
                                              "right": 13
                                            }
                                          ],
                                          "parent": 9,
                                          "ID": 10,
                                          "left": 11
                                        }
                                      ],
                                      "parent": 8,
                                      "ID": 9,
                                      "left": 10
                                    }
                                  ],
                                  "parent": 7,
                                  "ID": 8,
                                  "left": 9
                                }
                              ],
                              "parent": 6,
                              "ID": 7,
                              "left": 8
                            }
                          ],
                          "parent": 5,
                          "ID": 6,
                          "left": 7
                        },
                        {
                          "Node Type": "Hash",
                          "Parent Relationship": "Inner",
                          "Parallel Aware": false,
                          "Async Capable": false,
                          "Startup Cost": 18835.0,
                          "Total Cost": 18835.0,
                          "Plan Rows": 500000,
                          "Plan Width": 60,
                          "Plans": [
                            {
                              "Node Type": "Seq Scan",
                              "Parent Relationship": "Outer",
                              "Parallel Aware": false,
                              "Async Capable": false,
                              "Relation Name": "customer",
                              "Alias": "customer",
                              "Startup Cost": 0.0,
                              "Total Cost": 18835.0,
                              "Plan Rows": 500000,
                              "Plan Width": 60,
                              "parent": 24,
                              "ID": 25
                            }
                          ],
                          "parent": 5,
                          "ID": 24,
                          "left": 25
                        }
                      ],
                      "parent": 4,
                      "ID": 5,
                      "left": 6,
                      "right": 24
                    }
                  ],
                  "parent": 2,
                  "ID": 4,
                  "left": 5
                }
              ],
              "parent": 1,
              "ID": 2,
              "left": 3,
              "right": 4
            }
          ],
          "parent": 0,
          "ID": 1,
          "left": 2
        }
      ],
      "parent": null,
      "ID": 0,
      "left": 1
    },
    "feat": {
      "utility": 0.0,
      "query_shape": [
        [
          "Seq Scan",
          "Hash Join",
          "Sort"
        ],
        [
          "Seq Scan",
          "Hash Join",
          "Sort",
          "Aggregate",
          "Gather Merge",
          "Subquery Scan",
          "Hash"
        ],
        [
          "Seq Scan",
          "Hash Join",
          "Hash",
          "Sort",
          "Aggregate",
          "Gather Merge",
          "Subquery Scan"
        ],
        [
          "Seq Scan",
          "Hash",
          "Hash Join",
          "Sort",
          "Aggregate",
          "Gather Merge",
          "Subquery Scan"
        ],
        [
          "Seq Scan",
          "Hash",
          "Hash Join",
          "Sort",
          "Aggregate",
          "Gather Merge",
          "Subquery Scan"
        ],
        [
          "Seq Scan",
          "Hash",
          "Hash Join",
          "Sort",
          "Aggregate",
          "Gather Merge",
          "Subquery Scan"
        ],
        [
          "Seq Scan",
          "Hash",
          "Hash Join",
          "Sort"
        ]
      ],
      "index_shape": [],
      "physical_operator": {}
    }
  },
  {
    "query": "select  c_last_name\n       ,c_first_name\n       ,ca_city\n       ,bought_city\n       ,ss_ticket_number\n       ,amt,profit \n from\n   (select ss_ticket_number\n          ,ss_customer_sk\n          ,ca_city bought_city\n          ,sum(ss_coupon_amt) amt\n          ,sum(ss_net_profit) profit\n    from store_sales,date_dim,store,household_demographics,customer_address \n    where store_sales.ss_sold_date_sk = date_dim.d_date_sk\n    and store_sales.ss_store_sk = store.s_store_sk  \n    and store_sales.ss_hdemo_sk = household_demographics.hd_demo_sk\n    and store_sales.ss_addr_sk = customer_address.ca_address_sk\n    and (household_demographics.hd_dep_count = 0 or\n         household_demographics.hd_vehicle_count= 4)\n    and date_dim.d_dow in (6,0)\n    and date_dim.d_year in (1999,1999+1,1999+2) \n    and store.s_city in ('Midway','Fairview','Fairview','Midway','Midway') \n    group by ss_ticket_number,ss_customer_sk,ss_addr_sk,ca_city) dn,customer,customer_address current_addr\n    where ss_customer_sk = c_customer_sk\n      and customer.c_current_addr_sk = current_addr.ca_address_sk\n      and current_addr.ca_city <> bought_city\n  order by c_last_name\n          ,c_first_name\n          ,ca_city\n          ,bought_city\n          ,ss_ticket_number\n  limit 100;\n\n-- end query 31 in stream 3 using template query46.tpl\n",
    "indexes": "store_sales.ss_net_profit",
    "wo plan est": {
      "Node Type": "Limit",
      "Parallel Aware": false,
      "Async Capable": false,
      "Startup Cost": 742674.58,
      "Total Cost": 742674.83,
      "Plan Rows": 100,
      "Plan Width": 138,
      "Plans": [
        {
          "Node Type": "Sort",
          "Parent Relationship": "Outer",
          "Parallel Aware": false,
          "Async Capable": false,
          "Startup Cost": 742674.58,
          "Total Cost": 742719.28,
          "Plan Rows": 17880,
          "Plan Width": 138,
          "Sort Key": [
            "customer.c_last_name",
            "customer.c_first_name",
            "current_addr.ca_city",
            "dn.bought_city",
            "dn.ss_ticket_number"
          ],
          "Plans": [
            {
              "Node Type": "Hash Join",
              "Parent Relationship": "Outer",
              "Parallel Aware": false,
              "Async Capable": false,
              "Join Type": "Inner",
              "Startup Cost": 732894.87,
              "Total Cost": 741991.22,
              "Plan Rows": 17880,
              "Plan Width": 138,
              "Inner Unique": false,
              "Hash Cond": "(current_addr.ca_address_sk = customer.c_current_addr_sk)",
              "Join Filter": "((current_addr.ca_city)::text <> (dn.bought_city)::text)",
              "Plans": [
                {
                  "Node Type": "Seq Scan",
                  "Parent Relationship": "Outer",
                  "Parallel Aware": false,
                  "Async Capable": false,
                  "Relation Name": "customer_address",
                  "Alias": "current_addr",
                  "Startup Cost": 0.0,
                  "Total Cost": 7935.0,
                  "Plan Rows": 250000,
                  "Plan Width": 13,
                  "parent": 2,
                  "ID": 3
                },
                {
                  "Node Type": "Hash",
                  "Parent Relationship": "Inner",
                  "Parallel Aware": false,
                  "Async Capable": false,
                  "Startup Cost": 732671.02,
                  "Total Cost": 732671.02,
                  "Plan Rows": 17908,
                  "Plan Width": 133,
                  "Plans": [
                    {
                      "Node Type": "Hash Join",
                      "Parent Relationship": "Outer",
                      "Parallel Aware": false,
                      "Async Capable": false,
                      "Join Type": "Inner",
                      "Startup Cost": 723851.49,
                      "Total Cost": 732671.02,
                      "Plan Rows": 17908,
                      "Plan Width": 133,
                      "Inner Unique": false,
                      "Hash Cond": "(dn.ss_customer_sk = customer.c_customer_sk)",
                      "Plans": [
                        {
                          "Node Type": "Subquery Scan",
                          "Parent Relationship": "Outer",
                          "Parallel Aware": false,
                          "Async Capable": false,
                          "Alias": "dn",
                          "Startup Cost": 693394.49,
                          "Total Cost": 696105.78,
                          "Plan Rows": 17908,
                          "Plan Width": 81,
                          "Plans": [
                            {
                              "Node Type": "Aggregate",
                              "Strategy": "Sorted",
                              "Partial Mode": "Finalize",
                              "Parent Relationship": "Subquery",
                              "Parallel Aware": false,
                              "Async Capable": false,
                              "Startup Cost": 693394.49,
                              "Total Cost": 695926.7,
                              "Plan Rows": 17908,
                              "Plan Width": 85,
                              "Group Key": [
                                "store_sales.ss_ticket_number",
                                "store_sales.ss_customer_sk",
                                "store_sales.ss_addr_sk",
                                "customer_address.ca_city"
                              ],
                              "Plans": [
                                {
                                  "Node Type": "Gather Merge",
                                  "Parent Relationship": "Outer",
                                  "Parallel Aware": false,
                                  "Async Capable": false,
                                  "Startup Cost": 693394.49,
                                  "Total Cost": 695359.6,
                                  "Plan Rows": 14924,
                                  "Plan Width": 85,
                                  "Workers Planned": 2,
                                  "Plans": [
                                    {
                                      "Node Type": "Aggregate",
                                      "Strategy": "Sorted",
                                      "Partial Mode": "Partial",
                                      "Parent Relationship": "Outer",
                                      "Parallel Aware": false,
                                      "Async Capable": false,
                                      "Startup Cost": 692394.47,
                                      "Total Cost": 692636.98,
                                      "Plan Rows": 7462,
                                      "Plan Width": 85,
                                      "Group Key": [
                                        "store_sales.ss_ticket_number",
                                        "store_sales.ss_customer_sk",
                                        "store_sales.ss_addr_sk",
                                        "customer_address.ca_city"
                                      ],
                                      "Plans": [
                                        {
                                          "Node Type": "Sort",
                                          "Parent Relationship": "Outer",
                                          "Parallel Aware": false,
                                          "Async Capable": false,
                                          "Startup Cost": 692394.47,
                                          "Total Cost": 692413.12,
                                          "Plan Rows": 7462,
                                          "Plan Width": 30,
                                          "Sort Key": [
                                            "store_sales.ss_ticket_number",
                                            "store_sales.ss_customer_sk",
                                            "store_sales.ss_addr_sk",
                                            "customer_address.ca_city"
                                          ],
                                          "Plans": [
                                            {
                                              "Node Type": "Hash Join",
                                              "Parent Relationship": "Outer",
                                              "Parallel Aware": true,
                                              "Async Capable": false,
                                              "Join Type": "Inner",
                                              "Startup Cost": 685016.08,
                                              "Total Cost": 691914.46,
                                              "Plan Rows": 7462,
                                              "Plan Width": 30,
                                              "Inner Unique": false,
                                              "Hash Cond": "(customer_address.ca_address_sk = store_sales.ss_addr_sk)",
                                              "Plans": [
                                                {
                                                  "Node Type": "Seq Scan",
                                                  "Parent Relationship": "Outer",
                                                  "Parallel Aware": true,
                                                  "Async Capable": false,
                                                  "Relation Name": "customer_address",
                                                  "Alias": "customer_address",
                                                  "Startup Cost": 0.0,
                                                  "Total Cost": 6476.67,
                                                  "Plan Rows": 104167,
                                                  "Plan Width": 13,
                                                  "parent": 11,
                                                  "ID": 12
                                                },
                                                {
                                                  "Node Type": "Hash",
                                                  "Parent Relationship": "Inner",
                                                  "Parallel Aware": true,
                                                  "Async Capable": false,
                                                  "Startup Cost": 684918.45,
                                                  "Total Cost": 684918.45,
                                                  "Plan Rows": 7810,
                                                  "Plan Width": 21,
                                                  "Plans": [
                                                    {
                                                      "Node Type": "Hash Join",
                                                      "Parent Relationship": "Outer",
                                                      "Parallel Aware": false,
                                                      "Async Capable": false,
                                                      "Join Type": "Inner",
                                                      "Startup Cost": 2296.59,
                                                      "Total Cost": 684918.45,
                                                      "Plan Rows": 7810,
                                                      "Plan Width": 21,
                                                      "Inner Unique": false,
                                                      "Hash Cond": "(store_sales.ss_store_sk = store.s_store_sk)",
                                                      "Plans": [
                                                        {
                                                          "Node Type": "Hash Join",
                                                          "Parent Relationship": "Outer",
                                                          "Parallel Aware": false,
                                                          "Async Capable": false,
                                                          "Join Type": "Inner",
                                                          "Startup Cost": 2289.04,
                                                          "Total Cost": 684789.32,
                                                          "Plan Rows": 11593,
                                                          "Plan Width": 25,
                                                          "Inner Unique": false,
                                                          "Hash Cond": "(store_sales.ss_hdemo_sk = household_demographics.hd_demo_sk)",
                                                          "Plans": [
                                                            {
                                                              "Node Type": "Hash Join",
                                                              "Parent Relationship": "Outer",
                                                              "Parallel Aware": true,
                                                              "Async Capable": false,
                                                              "Join Type": "Inner",
                                                              "Startup Cost": 2105.54,
                                                              "Total Cost": 684307.63,
                                                              "Plan Rows": 48602,
                                                              "Plan Width": 29,
                                                              "Inner Unique": false,
                                                              "Hash Cond": "(store_sales.ss_sold_date_sk = date_dim.d_date_sk)",
                                                              "Plans": [
                                                                {
                                                                  "Node Type": "Seq Scan",
                                                                  "Parent Relationship": "Outer",
                                                                  "Parallel Aware": true,
                                                                  "Async Capable": false,
                                                                  "Relation Name": "store_sales",
                                                                  "Alias": "store_sales",
                                                                  "Startup Cost": 0.0,
                                                                  "Total Cost": 636914.37,
                                                                  "Plan Rows": 12000637,
                                                                  "Plan Width": 33,
                                                                  "parent": 16,
                                                                  "ID": 17
                                                                },
                                                                {
                                                                  "Node Type": "Hash",
                                                                  "Parent Relationship": "Inner",
                                                                  "Parallel Aware": true,
                                                                  "Async Capable": false,
                                                                  "Startup Cost": 2103.26,
                                                                  "Total Cost": 2103.26,
                                                                  "Plan Rows": 182,
                                                                  "Plan Width": 4,
                                                                  "Plans": [
                                                                    {
                                                                      "Node Type": "Seq Scan",
                                                                      "Parent Relationship": "Outer",
                                                                      "Parallel Aware": true,
                                                                      "Async Capable": false,
                                                                      "Relation Name": "date_dim",
                                                                      "Alias": "date_dim",
                                                                      "Startup Cost": 0.0,
                                                                      "Total Cost": 2103.26,
                                                                      "Plan Rows": 182,
                                                                      "Plan Width": 4,
                                                                      "Filter": "((d_dow = ANY ('{6,0}'::integer[])) AND (d_year = ANY ('{1999,2000,2001}'::integer[])))",
                                                                      "parent": 18,
                                                                      "ID": 19
                                                                    }
                                                                  ],
                                                                  "parent": 16,
                                                                  "ID": 18,
                                                                  "left": 19
                                                                }
                                                              ],
                                                              "parent": 15,
                                                              "ID": 16,
                                                              "left": 17,
                                                              "right": 18
                                                            },
                                                            {
                                                              "Node Type": "Hash",
                                                              "Parent Relationship": "Inner",
                                                              "Parallel Aware": false,
                                                              "Async Capable": false,
                                                              "Startup Cost": 161.0,
                                                              "Total Cost": 161.0,
                                                              "Plan Rows": 1800,
                                                              "Plan Width": 4,
                                                              "Plans": [
                                                                {
                                                                  "Node Type": "Seq Scan",
                                                                  "Parent Relationship": "Outer",
                                                                  "Parallel Aware": false,
                                                                  "Async Capable": false,
                                                                  "Relation Name": "household_demographics",
                                                                  "Alias": "household_demographics",
                                                                  "Startup Cost": 0.0,
                                                                  "Total Cost": 161.0,
                                                                  "Plan Rows": 1800,
                                                                  "Plan Width": 4,
                                                                  "Filter": "((hd_dep_count = 0) OR (hd_vehicle_count = 4))",
                                                                  "parent": 20,
                                                                  "ID": 21
                                                                }
                                                              ],
                                                              "parent": 15,
                                                              "ID": 20,
                                                              "left": 21
                                                            }
                                                          ],
                                                          "parent": 14,
                                                          "ID": 15,
                                                          "left": 16,
                                                          "right": 20
                                                        },
                                                        {
                                                          "Node Type": "Hash",
                                                          "Parent Relationship": "Inner",
                                                          "Parallel Aware": false,
                                                          "Async Capable": false,
                                                          "Startup Cost": 6.66,
                                                          "Total Cost": 6.66,
                                                          "Plan Rows": 72,
                                                          "Plan Width": 4,
                                                          "Plans": [
                                                            {
                                                              "Node Type": "Seq Scan",
                                                              "Parent Relationship": "Outer",
                                                              "Parallel Aware": false,
                                                              "Async Capable": false,
                                                              "Relation Name": "store",
                                                              "Alias": "store",
                                                              "Startup Cost": 0.0,
                                                              "Total Cost": 6.66,
                                                              "Plan Rows": 72,
                                                              "Plan Width": 4,
                                                              "Filter": "((s_city)::text = ANY ('{Midway,Fairview,Fairview,Midway,Midway}'::text[]))",
                                                              "parent": 22,
                                                              "ID": 23
                                                            }
                                                          ],
                                                          "parent": 14,
                                                          "ID": 22,
                                                          "left": 23
                                                        }
                                                      ],
                                                      "parent": 13,
                                                      "ID": 14,
                                                      "left": 15,
                                                      "right": 22
                                                    }
                                                  ],
                                                  "parent": 11,
                                                  "ID": 13,
                                                  "left": 14
                                                }
                                              ],
                                              "parent": 10,
                                              "ID": 11,
                                              "left": 12,
                                              "right": 13
                                            }
                                          ],
                                          "parent": 9,
                                          "ID": 10,
                                          "left": 11
                                        }
                                      ],
                                      "parent": 8,
                                      "ID": 9,
                                      "left": 10
                                    }
                                  ],
                                  "parent": 7,
                                  "ID": 8,
                                  "left": 9
                                }
                              ],
                              "parent": 6,
                              "ID": 7,
                              "left": 8
                            }
                          ],
                          "parent": 5,
                          "ID": 6,
                          "left": 7
                        },
                        {
                          "Node Type": "Hash",
                          "Parent Relationship": "Inner",
                          "Parallel Aware": false,
                          "Async Capable": false,
                          "Startup Cost": 18835.0,
                          "Total Cost": 18835.0,
                          "Plan Rows": 500000,
                          "Plan Width": 60,
                          "Plans": [
                            {
                              "Node Type": "Seq Scan",
                              "Parent Relationship": "Outer",
                              "Parallel Aware": false,
                              "Async Capable": false,
                              "Relation Name": "customer",
                              "Alias": "customer",
                              "Startup Cost": 0.0,
                              "Total Cost": 18835.0,
                              "Plan Rows": 500000,
                              "Plan Width": 60,
                              "parent": 24,
                              "ID": 25
                            }
                          ],
                          "parent": 5,
                          "ID": 24,
                          "left": 25
                        }
                      ],
                      "parent": 4,
                      "ID": 5,
                      "left": 6,
                      "right": 24
                    }
                  ],
                  "parent": 2,
                  "ID": 4,
                  "left": 5
                }
              ],
              "parent": 1,
              "ID": 2,
              "left": 3,
              "right": 4
            }
          ],
          "parent": 0,
          "ID": 1,
          "left": 2
        }
      ],
      "parent": null,
      "ID": 0,
      "left": 1
    },
    "feat": {
      "utility": 0.0,
      "query_shape": [
        [
          "Seq Scan",
          "Hash Join",
          "Sort"
        ],
        [
          "Seq Scan",
          "Hash Join",
          "Sort",
          "Aggregate",
          "Gather Merge",
          "Subquery Scan",
          "Hash"
        ],
        [
          "Seq Scan",
          "Hash Join",
          "Hash",
          "Sort",
          "Aggregate",
          "Gather Merge",
          "Subquery Scan"
        ],
        [
          "Seq Scan",
          "Hash",
          "Hash Join",
          "Sort",
          "Aggregate",
          "Gather Merge",
          "Subquery Scan"
        ],
        [
          "Seq Scan",
          "Hash",
          "Hash Join",
          "Sort",
          "Aggregate",
          "Gather Merge",
          "Subquery Scan"
        ],
        [
          "Seq Scan",
          "Hash",
          "Hash Join",
          "Sort",
          "Aggregate",
          "Gather Merge",
          "Subquery Scan"
        ],
        [
          "Seq Scan",
          "Hash",
          "Hash Join",
          "Sort"
        ]
      ],
      "index_shape": [],
      "physical_operator": {}
    }
  },
  {
    "query": "with ssr as\n (select  s_store_id as store_id,\n          sum(ss_ext_sales_price) as sales,\n          sum(coalesce(sr_return_amt, 0)) as returns,\n          sum(ss_net_profit - coalesce(sr_net_loss, 0)) as profit\n  from store_sales left outer join store_returns on\n         (ss_item_sk = sr_item_sk and ss_ticket_number = sr_ticket_number),\n     date_dim,\n     store,\n     item,\n     promotion\n where ss_sold_date_sk = d_date_sk\n       and d_date between cast('2000-08-02' as date) \n                  and (cast('2000-08-02' as date) +  interval '30 days')\n       and ss_store_sk = s_store_sk\n       and ss_item_sk = i_item_sk\n       and i_current_price > 50\n       and ss_promo_sk = p_promo_sk\n       and p_channel_tv = 'N'\n group by s_store_id)\n ,\n csr as\n (select  cp_catalog_page_id as catalog_page_id,\n          sum(cs_ext_sales_price) as sales,\n          sum(coalesce(cr_return_amount, 0)) as returns,\n          sum(cs_net_profit - coalesce(cr_net_loss, 0)) as profit\n  from catalog_sales left outer join catalog_returns on\n         (cs_item_sk = cr_item_sk and cs_order_number = cr_order_number),\n     date_dim,\n     catalog_page,\n     item,\n     promotion\n where cs_sold_date_sk = d_date_sk\n       and d_date between cast('2000-08-02' as date)\n                  and (cast('2000-08-02' as date) +  interval '30 days')\n        and cs_catalog_page_sk = cp_catalog_page_sk\n       and cs_item_sk = i_item_sk\n       and i_current_price > 50\n       and cs_promo_sk = p_promo_sk\n       and p_channel_tv = 'N'\ngroup by cp_catalog_page_id)\n ,\n wsr as\n (select  web_site_id,\n          sum(ws_ext_sales_price) as sales,\n          sum(coalesce(wr_return_amt, 0)) as returns,\n          sum(ws_net_profit - coalesce(wr_net_loss, 0)) as profit\n  from web_sales left outer join web_returns on\n         (ws_item_sk = wr_item_sk and ws_order_number = wr_order_number),\n     date_dim,\n     web_site,\n     item,\n     promotion\n where ws_sold_date_sk = d_date_sk\n       and d_date between cast('2000-08-02' as date)\n                  and (cast('2000-08-02' as date) +  interval '30 days')\n        and ws_web_site_sk = web_site_sk\n       and ws_item_sk = i_item_sk\n       and i_current_price > 50\n       and ws_promo_sk = p_promo_sk\n       and p_channel_tv = 'N'\ngroup by web_site_id)\n  select  channel\n        , id\n        , sum(sales) as sales\n        , sum(returns) as returns\n        , sum(profit) as profit\n from \n (select 'store channel' as channel\n        , 'store' || store_id as id\n        , sales\n        , returns\n        , profit\n from   ssr\n union all\n select 'catalog channel' as channel\n        , 'catalog_page' || catalog_page_id as id\n        , sales\n        , returns\n        , profit\n from  csr\n union all\n select 'web channel' as channel\n        , 'web_site' || web_site_id as id\n        , sales\n        , returns\n        , profit\n from   wsr\n ) x\n group by rollup (channel, id)\n order by channel\n         ,id\n limit 100;\n\n-- end query 61 in stream 4 using template query80.tpl\n",
    "indexes": "promotion.p_promo_sk",
    "wo plan est": {
      "Node Type": "Limit",
      "Parallel Aware": false,
      "Async Capable": false,
      "Startup Cost": 1566793.64,
      "Total Cost": 1566796.93,
      "Plan Rows": 100,
      "Plan Width": 160,
      "Plans": [
        {
          "Node Type": "Aggregate",
          "Strategy": "Sorted",
          "Partial Mode": "Simple",
          "Parent Relationship": "Outer",
          "Parallel Aware": false,
          "Async Capable": false,
          "Startup Cost": 1566793.64,
          "Total Cost": 1566806.84,
          "Plan Rows": 401,
          "Plan Width": 160,
          "Grouping Sets": [
            {
              "Group Keys": [
                [
                  "('store channel'::text)",
                  "(('store'::text || (ssr.store_id)::text))"
                ],
                [
                  "('store channel'::text)"
                ],
                []
              ]
            }
          ],
          "Plans": [
            {
              "Node Type": "Sort",
              "Parent Relationship": "Outer",
              "Parallel Aware": false,
              "Async Capable": false,
              "Startup Cost": 1566793.64,
              "Total Cost": 1566794.67,
              "Plan Rows": 412,
              "Plan Width": 160,
              "Sort Key": [
                "('store channel'::text)",
                "(('store'::text || (ssr.store_id)::text))"
              ],
              "Plans": [
                {
                  "Node Type": "Append",
                  "Parent Relationship": "Outer",
                  "Parallel Aware": false,
                  "Async Capable": false,
                  "Startup Cost": 784596.3,
                  "Total Cost": 1566775.74,
                  "Plan Rows": 412,
                  "Plan Width": 160,
                  "Subplans Removed": 0,
                  "Plans": [
                    {
                      "Node Type": "Subquery Scan",
                      "Parent Relationship": "Member",
                      "Parallel Aware": false,
                      "Async Capable": false,
                      "Alias": "ssr",
                      "Startup Cost": 784596.3,
                      "Total Cost": 784616.16,
                      "Plan Rows": 51,
                      "Plan Width": 160,
                      "Plans": [
                        {
                          "Node Type": "Aggregate",
                          "Strategy": "Sorted",
                          "Partial Mode": "Finalize",
                          "Parent Relationship": "Subquery",
                          "Parallel Aware": false,
                          "Async Capable": false,
                          "Startup Cost": 784596.3,
                          "Total Cost": 784615.39,
                          "Plan Rows": 51,
                          "Plan Width": 113,
                          "Group Key": [
                            "store.s_store_id"
                          ],
                          "Plans": [
                            {
                              "Node Type": "Gather Merge",
                              "Parent Relationship": "Outer",
                              "Parallel Aware": false,
                              "Async Capable": false,
                              "Startup Cost": 784596.3,
                              "Total Cost": 784612.71,
                              "Plan Rows": 102,
                              "Plan Width": 113,
                              "Workers Planned": 2,
                              "Plans": [
                                {
                                  "Node Type": "Aggregate",
                                  "Strategy": "Sorted",
                                  "Partial Mode": "Partial",
                                  "Parent Relationship": "Outer",
                                  "Parallel Aware": false,
                                  "Async Capable": false,
                                  "Startup Cost": 783596.27,
                                  "Total Cost": 783600.92,
                                  "Plan Rows": 51,
                                  "Plan Width": 113,
                                  "Group Key": [
                                    "store.s_store_id"
                                  ],
                                  "Plans": [
                                    {
                                      "Node Type": "Sort",
                                      "Parent Relationship": "Outer",
                                      "Parallel Aware": false,
                                      "Async Capable": false,
                                      "Startup Cost": 783596.27,
                                      "Total Cost": 783596.9,
                                      "Plan Rows": 250,
                                      "Plan Width": 41,
                                      "Sort Key": [
                                        "store.s_store_id"
                                      ],
                                      "Plans": [
                                        {
                                          "Node Type": "Hash Join",
                                          "Parent Relationship": "Outer",
                                          "Parallel Aware": false,
                                          "Async Capable": false,
                                          "Join Type": "Inner",
                                          "Startup Cost": 94489.35,
                                          "Total Cost": 783586.32,
                                          "Plan Rows": 250,
                                          "Plan Width": 41,
                                          "Inner Unique": false,
                                          "Hash Cond": "(store_sales.ss_store_sk = store.s_store_sk)",
                                          "Plans": [
                                            {
                                              "Node Type": "Hash Join",
                                              "Parent Relationship": "Outer",
                                              "Parallel Aware": false,
                                              "Async Capable": false,
                                              "Join Type": "Inner",
                                              "Startup Cost": 94482.05,
                                              "Total Cost": 783575.54,
                                              "Plan Rows": 262,
                                              "Plan Width": 28,
                                              "Inner Unique": false,
                                              "Hash Cond": "(store_sales.ss_promo_sk = promotion.p_promo_sk)",
                                              "Plans": [
                                                {
                                                  "Node Type": "Hash Join",
                                                  "Parent Relationship": "Outer",
                                                  "Parallel Aware": true,
                                                  "Async Capable": false,
                                                  "Join Type": "Inner",
                                                  "Startup Cost": 94456.65,
                                                  "Total Cost": 783546.47,
                                                  "Plan Rows": 279,
                                                  "Plan Width": 32,
                                                  "Inner Unique": false,
                                                  "Hash Cond": "(store_sales.ss_item_sk = item.i_item_sk)",
                                                  "Plans": [
                                                    {
                                                      "Node Type": "Hash Join",
                                                      "Parent Relationship": "Outer",
                                                      "Parallel Aware": true,
                                                      "Async Capable": false,
                                                      "Join Type": "Left",
                                                      "Startup Cost": 86930.88,
                                                      "Total Cost": 776001.31,
                                                      "Plan Rows": 4860,
                                                      "Plan Width": 36,
                                                      "Inner Unique": false,
                                                      "Hash Cond": "((store_sales.ss_item_sk = store_returns.sr_item_sk) AND (store_sales.ss_ticket_number = store_returns.sr_ticket_number))",
                                                      "Plans": [
                                                        {
                                                          "Node Type": "Hash Join",
                                                          "Parent Relationship": "Outer",
                                                          "Parallel Aware": true,
                                                          "Async Capable": false,
                                                          "Join Type": "Inner",
                                                          "Startup Cost": 2049.78,
                                                          "Total Cost": 683994.75,
                                                          "Plan Rows": 4860,
                                                          "Plan Width": 28,
                                                          "Inner Unique": false,
                                                          "Hash Cond": "(store_sales.ss_sold_date_sk = date_dim.d_date_sk)",
                                                          "Plans": [
                                                            {
                                                              "Node Type": "Seq Scan",
                                                              "Parent Relationship": "Outer",
                                                              "Parallel Aware": true,
                                                              "Async Capable": false,
                                                              "Relation Name": "store_sales",
                                                              "Alias": "store_sales",
                                                              "Startup Cost": 0.0,
                                                              "Total Cost": 636914.37,
                                                              "Plan Rows": 12000637,
                                                              "Plan Width": 32,
                                                              "parent": 13,
                                                              "ID": 14
                                                            },
                                                            {
                                                              "Node Type": "Hash",
                                                              "Parent Relationship": "Inner",
                                                              "Parallel Aware": true,
                                                              "Async Capable": false,
                                                              "Startup Cost": 2049.55,
                                                              "Total Cost": 2049.55,
                                                              "Plan Rows": 18,
                                                              "Plan Width": 4,
                                                              "Plans": [
                                                                {
                                                                  "Node Type": "Seq Scan",
                                                                  "Parent Relationship": "Outer",
                                                                  "Parallel Aware": true,
                                                                  "Async Capable": false,
                                                                  "Relation Name": "date_dim",
                                                                  "Alias": "date_dim",
                                                                  "Startup Cost": 0.0,
                                                                  "Total Cost": 2049.55,
                                                                  "Plan Rows": 18,
                                                                  "Plan Width": 4,
                                                                  "Filter": "((d_date >= '2000-08-02'::date) AND (d_date <= '2000-09-01 00:00:00'::timestamp without time zone))",
                                                                  "parent": 15,
                                                                  "ID": 16
                                                                }
                                                              ],
                                                              "parent": 13,
                                                              "ID": 15,
                                                              "left": 16
                                                            }
                                                          ],
                                                          "parent": 12,
                                                          "ID": 13,
                                                          "left": 14,
                                                          "right": 15
                                                        },
                                                        {
                                                          "Node Type": "Hash",
                                                          "Parent Relationship": "Inner",
                                                          "Parallel Aware": true,
                                                          "Async Capable": false,
                                                          "Startup Cost": 59887.64,
                                                          "Total Cost": 59887.64,
                                                          "Plan Rows": 1198164,
                                                          "Plan Width": 20,
                                                          "Plans": [
                                                            {
                                                              "Node Type": "Seq Scan",
                                                              "Parent Relationship": "Outer",
                                                              "Parallel Aware": true,
                                                              "Async Capable": false,
                                                              "Relation Name": "store_returns",
                                                              "Alias": "store_returns",
                                                              "Startup Cost": 0.0,
                                                              "Total Cost": 59887.64,
                                                              "Plan Rows": 1198164,
                                                              "Plan Width": 20,
                                                              "parent": 17,
                                                              "ID": 18
                                                            }
                                                          ],
                                                          "parent": 12,
                                                          "ID": 17,
                                                          "left": 18
                                                        }
                                                      ],
                                                      "parent": 11,
                                                      "ID": 12,
                                                      "left": 13,
                                                      "right": 17
                                                    },
                                                    {
                                                      "Node Type": "Hash",
                                                      "Parent Relationship": "Inner",
                                                      "Parallel Aware": true,
                                                      "Async Capable": false,
                                                      "Startup Cost": 7495.25,
                                                      "Total Cost": 7495.25,
                                                      "Plan Rows": 2442,
                                                      "Plan Width": 4,
                                                      "Plans": [
                                                        {
                                                          "Node Type": "Seq Scan",
                                                          "Parent Relationship": "Outer",
                                                          "Parallel Aware": true,
                                                          "Async Capable": false,
                                                          "Relation Name": "item",
                                                          "Alias": "item",
                                                          "Startup Cost": 0.0,
                                                          "Total Cost": 7495.25,
                                                          "Plan Rows": 2442,
                                                          "Plan Width": 4,
                                                          "Filter": "(i_current_price > '50'::numeric)",
                                                          "parent": 19,
                                                          "ID": 20
                                                        }
                                                      ],
                                                      "parent": 11,
                                                      "ID": 19,
                                                      "left": 20
                                                    }
                                                  ],
                                                  "parent": 10,
                                                  "ID": 11,
                                                  "left": 12,
                                                  "right": 19
                                                },
                                                {
                                                  "Node Type": "Hash",
                                                  "Parent Relationship": "Inner",
                                                  "Parallel Aware": false,
                                                  "Async Capable": false,
                                                  "Startup Cost": 19.25,
                                                  "Total Cost": 19.25,
                                                  "Plan Rows": 492,
                                                  "Plan Width": 4,
                                                  "Plans": [
                                                    {
                                                      "Node Type": "Seq Scan",
                                                      "Parent Relationship": "Outer",
                                                      "Parallel Aware": false,
                                                      "Async Capable": false,
                                                      "Relation Name": "promotion",
                                                      "Alias": "promotion",
                                                      "Startup Cost": 0.0,
                                                      "Total Cost": 19.25,
                                                      "Plan Rows": 492,
                                                      "Plan Width": 4,
                                                      "Filter": "(p_channel_tv = 'N'::bpchar)",
                                                      "parent": 21,
                                                      "ID": 22
                                                    }
                                                  ],
                                                  "parent": 10,
                                                  "ID": 21,
                                                  "left": 22
                                                }
                                              ],
                                              "parent": 9,
                                              "ID": 10,
                                              "left": 11,
                                              "right": 21
                                            },
                                            {
                                              "Node Type": "Hash",
                                              "Parent Relationship": "Inner",
                                              "Parallel Aware": false,
                                              "Async Capable": false,
                                              "Startup Cost": 6.02,
                                              "Total Cost": 6.02,
                                              "Plan Rows": 102,
                                              "Plan Width": 21,
                                              "Plans": [
                                                {
                                                  "Node Type": "Seq Scan",
                                                  "Parent Relationship": "Outer",
                                                  "Parallel Aware": false,
                                                  "Async Capable": false,
                                                  "Relation Name": "store",
                                                  "Alias": "store",
                                                  "Startup Cost": 0.0,
                                                  "Total Cost": 6.02,
                                                  "Plan Rows": 102,
                                                  "Plan Width": 21,
                                                  "parent": 23,
                                                  "ID": 24
                                                }
                                              ],
                                              "parent": 9,
                                              "ID": 23,
                                              "left": 24
                                            }
                                          ],
                                          "parent": 8,
                                          "ID": 9,
                                          "left": 10,
                                          "right": 23
                                        }
                                      ],
                                      "parent": 7,
                                      "ID": 8,
                                      "left": 9
                                    }
                                  ],
                                  "parent": 6,
                                  "ID": 7,
                                  "left": 8
                                }
                              ],
                              "parent": 5,
                              "ID": 6,
                              "left": 7
                            }
                          ],
                          "parent": 4,
                          "ID": 5,
                          "left": 6
                        }
                      ],
                      "parent": 3,
                      "ID": 4,
                      "left": 5
                    },
                    {
                      "Node Type": "Subquery Scan",
                      "Parent Relationship": "Member",
                      "Parallel Aware": false,
                      "Async Capable": false,
                      "Alias": "csr",
                      "Startup Cost": 518177.36,
                      "Total Cost": 518230.78,
                      "Plan Rows": 340,
                      "Plan Width": 160,
                      "Plans": [
                        {
                          "Node Type": "Aggregate",
                          "Strategy": "Sorted",
                          "Partial Mode": "Finalize",
                          "Parent Relationship": "Subquery",
                          "Parallel Aware": false,
                          "Async Capable": false,
                          "Startup Cost": 518177.36,
                          "Total Cost": 518225.68,
                          "Plan Rows": 340,
                          "Plan Width": 113,
                          "Group Key": [
                            "catalog_page.cp_catalog_page_id"
                          ],
                          "Plans": [
                            {
                              "Node Type": "Gather Merge",
                              "Parent Relationship": "Outer",
                              "Parallel Aware": false,
                              "Async Capable": false,
                              "Startup Cost": 518177.36,
                              "Total Cost": 518214.76,
                              "Plan Rows": 284,
                              "Plan Width": 113,
                              "Workers Planned": 2,
                              "Plans": [
                                {
                                  "Node Type": "Aggregate",
                                  "Strategy": "Sorted",
                                  "Partial Mode": "Partial",
                                  "Parent Relationship": "Outer",
                                  "Parallel Aware": false,
                                  "Async Capable": false,
                                  "Startup Cost": 517177.34,
                                  "Total Cost": 517181.95,
                                  "Plan Rows": 142,
                                  "Plan Width": 113,
                                  "Group Key": [
                                    "catalog_page.cp_catalog_page_id"
                                  ],
                                  "Plans": [
                                    {
                                      "Node Type": "Sort",
                                      "Parent Relationship": "Outer",
                                      "Parallel Aware": false,
                                      "Async Capable": false,
                                      "Startup Cost": 517177.34,
                                      "Total Cost": 517177.69,
                                      "Plan Rows": 142,
                                      "Plan Width": 41,
                                      "Sort Key": [
                                        "catalog_page.cp_catalog_page_id"
                                      ],
                                      "Plans": [
                                        {
                                          "Node Type": "Hash Join",
                                          "Parent Relationship": "Outer",
                                          "Parallel Aware": false,
                                          "Async Capable": false,
                                          "Join Type": "Inner",
                                          "Startup Cost": 57382.33,
                                          "Total Cost": 517172.26,
                                          "Plan Rows": 142,
                                          "Plan Width": 41,
                                          "Inner Unique": false,
                                          "Hash Cond": "(catalog_sales.cs_catalog_page_sk = catalog_page.cp_catalog_page_sk)",
                                          "Plans": [
                                            {
                                              "Node Type": "Hash Join",
                                              "Parent Relationship": "Outer",
                                              "Parallel Aware": false,
                                              "Async Capable": false,
                                              "Join Type": "Inner",
                                              "Startup Cost": 56864.33,
                                              "Total Cost": 516652.32,
                                              "Plan Rows": 142,
                                              "Plan Width": 28,
                                              "Inner Unique": false,
                                              "Hash Cond": "(catalog_sales.cs_promo_sk = promotion_1.p_promo_sk)",
                                              "Plans": [
                                                {
                                                  "Node Type": "Hash Join",
                                                  "Parent Relationship": "Outer",
                                                  "Parallel Aware": true,
                                                  "Async Capable": false,
                                                  "Join Type": "Inner",
                                                  "Startup Cost": 56838.93,
                                                  "Total Cost": 516624.96,
                                                  "Plan Rows": 145,
                                                  "Plan Width": 32,
                                                  "Inner Unique": false,
                                                  "Hash Cond": "(catalog_sales.cs_item_sk = item_1.i_item_sk)",
                                                  "Plans": [
                                                    {
                                                      "Node Type": "Hash Join",
                                                      "Parent Relationship": "Outer",
                                                      "Parallel Aware": true,
                                                      "Async Capable": false,
                                                      "Join Type": "Left",
                                                      "Startup Cost": 49313.15,
                                                      "Total Cost": 509089.08,
                                                      "Plan Rows": 2532,
                                                      "Plan Width": 36,
                                                      "Inner Unique": false,
                                                      "Hash Cond": "((catalog_sales.cs_item_sk = catalog_returns.cr_item_sk) AND (catalog_sales.cs_order_number = catalog_returns.cr_order_number))",
                                                      "Plans": [
                                                        {
                                                          "Node Type": "Hash Join",
                                                          "Parent Relationship": "Outer",
                                                          "Parallel Aware": true,
                                                          "Async Capable": false,
                                                          "Join Type": "Inner",
                                                          "Startup Cost": 2049.78,
                                                          "Total Cost": 458254.7,
                                                          "Plan Rows": 2532,
                                                          "Plan Width": 28,
                                                          "Inner Unique": false,
                                                          "Hash Cond": "(catalog_sales.cs_sold_date_sk = date_dim_1.d_date_sk)",
                                                          "Plans": [
                                                            {
                                                              "Node Type": "Seq Scan",
                                                              "Parent Relationship": "Outer",
                                                              "Parallel Aware": true,
                                                              "Async Capable": false,
                                                              "Relation Name": "catalog_sales",
                                                              "Alias": "catalog_sales",
                                                              "Startup Cost": 0.0,
                                                              "Total Cost": 433688.25,
                                                              "Plan Rows": 6000525,
                                                              "Plan Width": 32,
                                                              "parent": 34,
                                                              "ID": 35
                                                            },
                                                            {
                                                              "Node Type": "Hash",
                                                              "Parent Relationship": "Inner",
                                                              "Parallel Aware": true,
                                                              "Async Capable": false,
                                                              "Startup Cost": 2049.55,
                                                              "Total Cost": 2049.55,
                                                              "Plan Rows": 18,
                                                              "Plan Width": 4,
                                                              "Plans": [
                                                                {
                                                                  "Node Type": "Seq Scan",
                                                                  "Parent Relationship": "Outer",
                                                                  "Parallel Aware": true,
                                                                  "Async Capable": false,
                                                                  "Relation Name": "date_dim",
                                                                  "Alias": "date_dim_1",
                                                                  "Startup Cost": 0.0,
                                                                  "Total Cost": 2049.55,
                                                                  "Plan Rows": 18,
                                                                  "Plan Width": 4,
                                                                  "Filter": "((d_date >= '2000-08-02'::date) AND (d_date <= '2000-09-01 00:00:00'::timestamp without time zone))",
                                                                  "parent": 36,
                                                                  "ID": 37
                                                                }
                                                              ],
                                                              "parent": 34,
                                                              "ID": 36,
                                                              "left": 37
                                                            }
                                                          ],
                                                          "parent": 33,
                                                          "ID": 34,
                                                          "left": 35,
                                                          "right": 36
                                                        },
                                                        {
                                                          "Node Type": "Hash",
                                                          "Parent Relationship": "Inner",
                                                          "Parallel Aware": true,
                                                          "Async Capable": false,
                                                          "Startup Cost": 34748.95,
                                                          "Total Cost": 34748.95,
                                                          "Plan Rows": 599895,
                                                          "Plan Width": 20,
                                                          "Plans": [
                                                            {
                                                              "Node Type": "Seq Scan",
                                                              "Parent Relationship": "Outer",
                                                              "Parallel Aware": true,
                                                              "Async Capable": false,
                                                              "Relation Name": "catalog_returns",
                                                              "Alias": "catalog_returns",
                                                              "Startup Cost": 0.0,
                                                              "Total Cost": 34748.95,
                                                              "Plan Rows": 599895,
                                                              "Plan Width": 20,
                                                              "parent": 38,
                                                              "ID": 39
                                                            }
                                                          ],
                                                          "parent": 33,
                                                          "ID": 38,
                                                          "left": 39
                                                        }
                                                      ],
                                                      "parent": 32,
                                                      "ID": 33,
                                                      "left": 34,
                                                      "right": 38
                                                    },
                                                    {
                                                      "Node Type": "Hash",
                                                      "Parent Relationship": "Inner",
                                                      "Parallel Aware": true,
                                                      "Async Capable": false,
                                                      "Startup Cost": 7495.25,
                                                      "Total Cost": 7495.25,
                                                      "Plan Rows": 2442,
                                                      "Plan Width": 4,
                                                      "Plans": [
                                                        {
                                                          "Node Type": "Seq Scan",
                                                          "Parent Relationship": "Outer",
                                                          "Parallel Aware": true,
                                                          "Async Capable": false,
                                                          "Relation Name": "item",
                                                          "Alias": "item_1",
                                                          "Startup Cost": 0.0,
                                                          "Total Cost": 7495.25,
                                                          "Plan Rows": 2442,
                                                          "Plan Width": 4,
                                                          "Filter": "(i_current_price > '50'::numeric)",
                                                          "parent": 40,
                                                          "ID": 41
                                                        }
                                                      ],
                                                      "parent": 32,
                                                      "ID": 40,
                                                      "left": 41
                                                    }
                                                  ],
                                                  "parent": 31,
                                                  "ID": 32,
                                                  "left": 33,
                                                  "right": 40
                                                },
                                                {
                                                  "Node Type": "Hash",
                                                  "Parent Relationship": "Inner",
                                                  "Parallel Aware": false,
                                                  "Async Capable": false,
                                                  "Startup Cost": 19.25,
                                                  "Total Cost": 19.25,
                                                  "Plan Rows": 492,
                                                  "Plan Width": 4,
                                                  "Plans": [
                                                    {
                                                      "Node Type": "Seq Scan",
                                                      "Parent Relationship": "Outer",
                                                      "Parallel Aware": false,
                                                      "Async Capable": false,
                                                      "Relation Name": "promotion",
                                                      "Alias": "promotion_1",
                                                      "Startup Cost": 0.0,
                                                      "Total Cost": 19.25,
                                                      "Plan Rows": 492,
                                                      "Plan Width": 4,
                                                      "Filter": "(p_channel_tv = 'N'::bpchar)",
                                                      "parent": 42,
                                                      "ID": 43
                                                    }
                                                  ],
                                                  "parent": 31,
                                                  "ID": 42,
                                                  "left": 43
                                                }
                                              ],
                                              "parent": 30,
                                              "ID": 31,
                                              "left": 32,
                                              "right": 42
                                            },
                                            {
                                              "Node Type": "Hash",
                                              "Parent Relationship": "Inner",
                                              "Parallel Aware": false,
                                              "Async Capable": false,
                                              "Startup Cost": 368.0,
                                              "Total Cost": 368.0,
                                              "Plan Rows": 12000,
                                              "Plan Width": 21,
                                              "Plans": [
                                                {
                                                  "Node Type": "Seq Scan",
                                                  "Parent Relationship": "Outer",
                                                  "Parallel Aware": false,
                                                  "Async Capable": false,
                                                  "Relation Name": "catalog_page",
                                                  "Alias": "catalog_page",
                                                  "Startup Cost": 0.0,
                                                  "Total Cost": 368.0,
                                                  "Plan Rows": 12000,
                                                  "Plan Width": 21,
                                                  "parent": 44,
                                                  "ID": 45
                                                }
                                              ],
                                              "parent": 30,
                                              "ID": 44,
                                              "left": 45
                                            }
                                          ],
                                          "parent": 29,
                                          "ID": 30,
                                          "left": 31,
                                          "right": 44
                                        }
                                      ],
                                      "parent": 28,
                                      "ID": 29,
                                      "left": 30
                                    }
                                  ],
                                  "parent": 27,
                                  "ID": 28,
                                  "left": 29
                                }
                              ],
                              "parent": 26,
                              "ID": 27,
                              "left": 28
                            }
                          ],
                          "parent": 25,
                          "ID": 26,
                          "left": 27
                        }
                      ],
                      "parent": 3,
                      "ID": 25,
                      "left": 26
                    },
                    {
                      "Node Type": "Subquery Scan",
                      "Parent Relationship": "Member",
                      "Parallel Aware": false,
                      "Async Capable": false,
                      "Alias": "wsr",
                      "Startup Cost": 263919.04,
                      "Total Cost": 263926.75,
                      "Plan Rows": 21,
                      "Plan Width": 160,
                      "Plans": [
                        {
                          "Node Type": "Aggregate",
                          "Strategy": "Sorted",
                          "Partial Mode": "Finalize",
                          "Parent Relationship": "Subquery",
                          "Parallel Aware": false,
                          "Async Capable": false,
                          "Startup Cost": 263919.04,
                          "Total Cost": 263926.43,
                          "Plan Rows": 21,
                          "Plan Width": 113,
                          "Group Key": [
                            "web_site.web_site_id"
                          ],
                          "Plans": [
                            {
                              "Node Type": "Gather Merge",
                              "Parent Relationship": "Outer",
                              "Parallel Aware": false,
                              "Async Capable": false,
                              "Startup Cost": 263919.04,
                              "Total Cost": 263925.33,
                              "Plan Rows": 42,
                              "Plan Width": 113,
                              "Workers Planned": 2,
                              "Plans": [
                                {
                                  "Node Type": "Aggregate",
                                  "Strategy": "Sorted",
                                  "Partial Mode": "Partial",
                                  "Parent Relationship": "Outer",
                                  "Parallel Aware": false,
                                  "Async Capable": false,
                                  "Startup Cost": 262919.01,
                                  "Total Cost": 262920.46,
                                  "Plan Rows": 21,
                                  "Plan Width": 113,
                                  "Group Key": [
                                    "web_site.web_site_id"
                                  ],
                                  "Plans": [
                                    {
                                      "Node Type": "Sort",
                                      "Parent Relationship": "Outer",
                                      "Parallel Aware": false,
                                      "Async Capable": false,
                                      "Startup Cost": 262919.01,
                                      "Total Cost": 262919.19,
                                      "Plan Rows": 72,
                                      "Plan Width": 41,
                                      "Sort Key": [
                                        "web_site.web_site_id"
                                      ],
                                      "Plans": [
                                        {
                                          "Node Type": "Hash Join",
                                          "Parent Relationship": "Outer",
                                          "Parallel Aware": false,
                                          "Async Capable": false,
                                          "Join Type": "Inner",
                                          "Startup Cost": 32134.74,
                                          "Total Cost": 262916.79,
                                          "Plan Rows": 72,
                                          "Plan Width": 41,
                                          "Inner Unique": false,
                                          "Hash Cond": "(web_sales.ws_web_site_sk = web_site.web_site_sk)",
                                          "Plans": [
                                            {
                                              "Node Type": "Hash Join",
                                              "Parent Relationship": "Outer",
                                              "Parallel Aware": false,
                                              "Async Capable": false,
                                              "Join Type": "Inner",
                                              "Startup Cost": 32130.8,
                                              "Total Cost": 262911.86,
                                              "Plan Rows": 72,
                                              "Plan Width": 28,
                                              "Inner Unique": false,
                                              "Hash Cond": "(web_sales.ws_promo_sk = promotion_2.p_promo_sk)",
                                              "Plans": [
                                                {
                                                  "Node Type": "Hash Join",
                                                  "Parent Relationship": "Outer",
                                                  "Parallel Aware": true,
                                                  "Async Capable": false,
                                                  "Join Type": "Inner",
                                                  "Startup Cost": 32105.4,
                                                  "Total Cost": 262885.46,
                                                  "Plan Rows": 73,
                                                  "Plan Width": 32,
                                                  "Inner Unique": false,
                                                  "Hash Cond": "(web_sales.ws_item_sk = item_2.i_item_sk)",
                                                  "Plans": [
                                                    {
                                                      "Node Type": "Hash Join",
                                                      "Parent Relationship": "Outer",
                                                      "Parallel Aware": true,
                                                      "Async Capable": false,
                                                      "Join Type": "Left",
                                                      "Startup Cost": 24579.62,
                                                      "Total Cost": 255354.62,
                                                      "Plan Rows": 1272,
                                                      "Plan Width": 36,
                                                      "Inner Unique": false,
                                                      "Hash Cond": "((web_sales.ws_item_sk = web_returns.wr_item_sk) AND (web_sales.ws_order_number = web_returns.wr_order_number))",
                                                      "Plans": [
                                                        {
                                                          "Node Type": "Hash Join",
                                                          "Parent Relationship": "Outer",
                                                          "Parallel Aware": true,
                                                          "Async Capable": false,
                                                          "Join Type": "Inner",
                                                          "Startup Cost": 2049.78,
                                                          "Total Cost": 231041.22,
                                                          "Plan Rows": 1272,
                                                          "Plan Width": 28,
                                                          "Inner Unique": false,
                                                          "Hash Cond": "(web_sales.ws_sold_date_sk = date_dim_2.d_date_sk)",
                                                          "Plans": [
                                                            {
                                                              "Node Type": "Seq Scan",
                                                              "Parent Relationship": "Outer",
                                                              "Parallel Aware": true,
                                                              "Async Capable": false,
                                                              "Relation Name": "web_sales",
                                                              "Alias": "web_sales",
                                                              "Startup Cost": 0.0,
                                                              "Total Cost": 217737.86,
                                                              "Plan Rows": 2998986,
                                                              "Plan Width": 32,
                                                              "parent": 55,
                                                              "ID": 56
                                                            },
                                                            {
                                                              "Node Type": "Hash",
                                                              "Parent Relationship": "Inner",
                                                              "Parallel Aware": true,
                                                              "Async Capable": false,
                                                              "Startup Cost": 2049.55,
                                                              "Total Cost": 2049.55,
                                                              "Plan Rows": 18,
                                                              "Plan Width": 4,
                                                              "Plans": [
                                                                {
                                                                  "Node Type": "Seq Scan",
                                                                  "Parent Relationship": "Outer",
                                                                  "Parallel Aware": true,
                                                                  "Async Capable": false,
                                                                  "Relation Name": "date_dim",
                                                                  "Alias": "date_dim_2",
                                                                  "Startup Cost": 0.0,
                                                                  "Total Cost": 2049.55,
                                                                  "Plan Rows": 18,
                                                                  "Plan Width": 4,
                                                                  "Filter": "((d_date >= '2000-08-02'::date) AND (d_date <= '2000-09-01 00:00:00'::timestamp without time zone))",
                                                                  "parent": 57,
                                                                  "ID": 58
                                                                }
                                                              ],
                                                              "parent": 55,
                                                              "ID": 57,
                                                              "left": 58
                                                            }
                                                          ],
                                                          "parent": 54,
                                                          "ID": 55,
                                                          "left": 56,
                                                          "right": 57
                                                        },
                                                        {
                                                          "Node Type": "Hash",
                                                          "Parent Relationship": "Inner",
                                                          "Parallel Aware": true,
                                                          "Async Capable": false,
                                                          "Startup Cost": 16278.74,
                                                          "Total Cost": 16278.74,
                                                          "Plan Rows": 299674,
                                                          "Plan Width": 20,
                                                          "Plans": [
                                                            {
                                                              "Node Type": "Seq Scan",
                                                              "Parent Relationship": "Outer",
                                                              "Parallel Aware": true,
                                                              "Async Capable": false,
                                                              "Relation Name": "web_returns",
                                                              "Alias": "web_returns",
                                                              "Startup Cost": 0.0,
                                                              "Total Cost": 16278.74,
                                                              "Plan Rows": 299674,
                                                              "Plan Width": 20,
                                                              "parent": 59,
                                                              "ID": 60
                                                            }
                                                          ],
                                                          "parent": 54,
                                                          "ID": 59,
                                                          "left": 60
                                                        }
                                                      ],
                                                      "parent": 53,
                                                      "ID": 54,
                                                      "left": 55,
                                                      "right": 59
                                                    },
                                                    {
                                                      "Node Type": "Hash",
                                                      "Parent Relationship": "Inner",
                                                      "Parallel Aware": true,
                                                      "Async Capable": false,
                                                      "Startup Cost": 7495.25,
                                                      "Total Cost": 7495.25,
                                                      "Plan Rows": 2442,
                                                      "Plan Width": 4,
                                                      "Plans": [
                                                        {
                                                          "Node Type": "Seq Scan",
                                                          "Parent Relationship": "Outer",
                                                          "Parallel Aware": true,
                                                          "Async Capable": false,
                                                          "Relation Name": "item",
                                                          "Alias": "item_2",
                                                          "Startup Cost": 0.0,
                                                          "Total Cost": 7495.25,
                                                          "Plan Rows": 2442,
                                                          "Plan Width": 4,
                                                          "Filter": "(i_current_price > '50'::numeric)",
                                                          "parent": 61,
                                                          "ID": 62
                                                        }
                                                      ],
                                                      "parent": 53,
                                                      "ID": 61,
                                                      "left": 62
                                                    }
                                                  ],
                                                  "parent": 52,
                                                  "ID": 53,
                                                  "left": 54,
                                                  "right": 61
                                                },
                                                {
                                                  "Node Type": "Hash",
                                                  "Parent Relationship": "Inner",
                                                  "Parallel Aware": false,
                                                  "Async Capable": false,
                                                  "Startup Cost": 19.25,
                                                  "Total Cost": 19.25,
                                                  "Plan Rows": 492,
                                                  "Plan Width": 4,
                                                  "Plans": [
                                                    {
                                                      "Node Type": "Seq Scan",
                                                      "Parent Relationship": "Outer",
                                                      "Parallel Aware": false,
                                                      "Async Capable": false,
                                                      "Relation Name": "promotion",
                                                      "Alias": "promotion_2",
                                                      "Startup Cost": 0.0,
                                                      "Total Cost": 19.25,
                                                      "Plan Rows": 492,
                                                      "Plan Width": 4,
                                                      "Filter": "(p_channel_tv = 'N'::bpchar)",
                                                      "parent": 63,
                                                      "ID": 64
                                                    }
                                                  ],
                                                  "parent": 52,
                                                  "ID": 63,
                                                  "left": 64
                                                }
                                              ],
                                              "parent": 51,
                                              "ID": 52,
                                              "left": 53,
                                              "right": 63
                                            },
                                            {
                                              "Node Type": "Hash",
                                              "Parent Relationship": "Inner",
                                              "Parallel Aware": false,
                                              "Async Capable": false,
                                              "Startup Cost": 3.42,
                                              "Total Cost": 3.42,
                                              "Plan Rows": 42,
                                              "Plan Width": 21,
                                              "Plans": [
                                                {
                                                  "Node Type": "Seq Scan",
                                                  "Parent Relationship": "Outer",
                                                  "Parallel Aware": false,
                                                  "Async Capable": false,
                                                  "Relation Name": "web_site",
                                                  "Alias": "web_site",
                                                  "Startup Cost": 0.0,
                                                  "Total Cost": 3.42,
                                                  "Plan Rows": 42,
                                                  "Plan Width": 21,
                                                  "parent": 65,
                                                  "ID": 66
                                                }
                                              ],
                                              "parent": 51,
                                              "ID": 65,
                                              "left": 66
                                            }
                                          ],
                                          "parent": 50,
                                          "ID": 51,
                                          "left": 52,
                                          "right": 65
                                        }
                                      ],
                                      "parent": 49,
                                      "ID": 50,
                                      "left": 51
                                    }
                                  ],
                                  "parent": 48,
                                  "ID": 49,
                                  "left": 50
                                }
                              ],
                              "parent": 47,
                              "ID": 48,
                              "left": 49
                            }
                          ],
                          "parent": 46,
                          "ID": 47,
                          "left": 48
                        }
                      ],
                      "parent": 3,
                      "ID": 46,
                      "left": 47
                    }
                  ],
                  "parent": 2,
                  "ID": 3,
                  "left": 4,
                  "right": 25
                }
              ],
              "parent": 1,
              "ID": 2,
              "left": 3
            }
          ],
          "parent": 0,
          "ID": 1,
          "left": 2
        }
      ],
      "parent": null,
      "ID": 0,
      "left": 1
    },
    "feat": {
      "utility": 6.2579122959007095e-06,
      "query_shape": [
        [
          "Seq Scan",
          "Hash Join",
          "Sort",
          "Aggregate",
          "Gather Merge",
          "Subquery Scan",
          "Append"
        ],
        [
          "Seq Scan",
          "Hash",
          "Hash Join",
          "Sort",
          "Aggregate",
          "Gather Merge",
          "Subquery Scan",
          "Append"
        ],
        [
          "Seq Scan",
          "Hash",
          "Hash Join",
          "Sort",
          "Aggregate",
          "Gather Merge",
          "Subquery Scan",
          "Append"
        ],
        [
          "Seq Scan",
          "Hash",
          "Hash Join",
          "Sort",
          "Aggregate",
          "Gather Merge",
          "Subquery Scan",
          "Append"
        ],
        [
          "Seq Scan",
          "Hash",
          "Hash Join",
          "Sort",
          "Aggregate",
          "Gather Merge",
          "Subquery Scan",
          "Append"
        ],
        [
          "Seq Scan",
          "Hash",
          "Hash Join",
          "Sort",
          "Aggregate",
          "Gather Merge",
          "Subquery Scan",
          "Append"
        ],
        [
          "Seq Scan",
          "Hash Join",
          "Sort",
          "Aggregate",
          "Gather Merge",
          "Subquery Scan",
          "Append"
        ],
        [
          "Seq Scan",
          "Hash",
          "Hash Join",
          "Sort",
          "Aggregate",
          "Gather Merge",
          "Subquery Scan",
          "Append"
        ],
        [
          "Seq Scan",
          "Hash",
          "Hash Join",
          "Sort",
          "Aggregate",
          "Gather Merge",
          "Subquery Scan",
          "Append"
        ],
        [
          "Seq Scan",
          "Hash",
          "Hash Join",
          "Sort",
          "Aggregate",
          "Gather Merge",
          "Subquery Scan",
          "Append"
        ],
        [
          "Seq Scan",
          "Hash",
          "Hash Join",
          "Sort",
          "Aggregate",
          "Gather Merge",
          "Subquery Scan",
          "Append"
        ],
        [
          "Seq Scan",
          "Hash",
          "Hash Join",
          "Sort",
          "Aggregate",
          "Gather Merge",
          "Subquery Scan",
          "Append"
        ],
        [
          "Seq Scan",
          "Hash Join",
          "Sort",
          "Aggregate",
          "Gather Merge",
          "Subquery Scan",
          "Append"
        ],
        [
          "Seq Scan",
          "Hash",
          "Hash Join",
          "Sort",
          "Aggregate",
          "Gather Merge",
          "Subquery Scan",
          "Append"
        ],
        [
          "Seq Scan",
          "Hash",
          "Hash Join",
          "Sort",
          "Aggregate",
          "Gather Merge",
          "Subquery Scan",
          "Append"
        ],
        [
          "Seq Scan",
          "Hash",
          "Hash Join",
          "Sort",
          "Aggregate",
          "Gather Merge",
          "Subquery Scan",
          "Append"
        ],
        [
          "Seq Scan",
          "Hash",
          "Hash Join",
          "Sort",
          "Aggregate",
          "Gather Merge",
          "Subquery Scan",
          "Append"
        ],
        [
          "Seq Scan",
          "Hash",
          "Hash Join",
          "Sort",
          "Aggregate",
          "Gather Merge",
          "Subquery Scan",
          "Append"
        ]
      ],
      "index_shape": [
        "join"
      ],
      "physical_operator": {
        "Hash Join": [
          0.04368838519250284,
          0.04461466329071502,
          0.04477362595348276
        ]
      }
    }
  },
  {
    "query": "with ssr as\n (select  s_store_id as store_id,\n          sum(ss_ext_sales_price) as sales,\n          sum(coalesce(sr_return_amt, 0)) as returns,\n          sum(ss_net_profit - coalesce(sr_net_loss, 0)) as profit\n  from store_sales left outer join store_returns on\n         (ss_item_sk = sr_item_sk and ss_ticket_number = sr_ticket_number),\n     date_dim,\n     store,\n     item,\n     promotion\n where ss_sold_date_sk = d_date_sk\n       and d_date between cast('2000-08-02' as date) \n                  and (cast('2000-08-02' as date) +  interval '30 days')\n       and ss_store_sk = s_store_sk\n       and ss_item_sk = i_item_sk\n       and i_current_price > 50\n       and ss_promo_sk = p_promo_sk\n       and p_channel_tv = 'N'\n group by s_store_id)\n ,\n csr as\n (select  cp_catalog_page_id as catalog_page_id,\n          sum(cs_ext_sales_price) as sales,\n          sum(coalesce(cr_return_amount, 0)) as returns,\n          sum(cs_net_profit - coalesce(cr_net_loss, 0)) as profit\n  from catalog_sales left outer join catalog_returns on\n         (cs_item_sk = cr_item_sk and cs_order_number = cr_order_number),\n     date_dim,\n     catalog_page,\n     item,\n     promotion\n where cs_sold_date_sk = d_date_sk\n       and d_date between cast('2000-08-02' as date)\n                  and (cast('2000-08-02' as date) +  interval '30 days')\n        and cs_catalog_page_sk = cp_catalog_page_sk\n       and cs_item_sk = i_item_sk\n       and i_current_price > 50\n       and cs_promo_sk = p_promo_sk\n       and p_channel_tv = 'N'\ngroup by cp_catalog_page_id)\n ,\n wsr as\n (select  web_site_id,\n          sum(ws_ext_sales_price) as sales,\n          sum(coalesce(wr_return_amt, 0)) as returns,\n          sum(ws_net_profit - coalesce(wr_net_loss, 0)) as profit\n  from web_sales left outer join web_returns on\n         (ws_item_sk = wr_item_sk and ws_order_number = wr_order_number),\n     date_dim,\n     web_site,\n     item,\n     promotion\n where ws_sold_date_sk = d_date_sk\n       and d_date between cast('2000-08-02' as date)\n                  and (cast('2000-08-02' as date) +  interval '30 days')\n        and ws_web_site_sk = web_site_sk\n       and ws_item_sk = i_item_sk\n       and i_current_price > 50\n       and ws_promo_sk = p_promo_sk\n       and p_channel_tv = 'N'\ngroup by web_site_id)\n  select  channel\n        , id\n        , sum(sales) as sales\n        , sum(returns) as returns\n        , sum(profit) as profit\n from \n (select 'store channel' as channel\n        , 'store' || store_id as id\n        , sales\n        , returns\n        , profit\n from   ssr\n union all\n select 'catalog channel' as channel\n        , 'catalog_page' || catalog_page_id as id\n        , sales\n        , returns\n        , profit\n from  csr\n union all\n select 'web channel' as channel\n        , 'web_site' || web_site_id as id\n        , sales\n        , returns\n        , profit\n from   wsr\n ) x\n group by rollup (channel, id)\n order by channel\n         ,id\n limit 100;\n\n-- end query 61 in stream 4 using template query80.tpl\n",
    "indexes": "promotion.p_channel_tv",
    "wo plan est": {
      "Node Type": "Limit",
      "Parallel Aware": false,
      "Async Capable": false,
      "Startup Cost": 1566793.64,
      "Total Cost": 1566796.93,
      "Plan Rows": 100,
      "Plan Width": 160,
      "Plans": [
        {
          "Node Type": "Aggregate",
          "Strategy": "Sorted",
          "Partial Mode": "Simple",
          "Parent Relationship": "Outer",
          "Parallel Aware": false,
          "Async Capable": false,
          "Startup Cost": 1566793.64,
          "Total Cost": 1566806.84,
          "Plan Rows": 401,
          "Plan Width": 160,
          "Grouping Sets": [
            {
              "Group Keys": [
                [
                  "('store channel'::text)",
                  "(('store'::text || (ssr.store_id)::text))"
                ],
                [
                  "('store channel'::text)"
                ],
                []
              ]
            }
          ],
          "Plans": [
            {
              "Node Type": "Sort",
              "Parent Relationship": "Outer",
              "Parallel Aware": false,
              "Async Capable": false,
              "Startup Cost": 1566793.64,
              "Total Cost": 1566794.67,
              "Plan Rows": 412,
              "Plan Width": 160,
              "Sort Key": [
                "('store channel'::text)",
                "(('store'::text || (ssr.store_id)::text))"
              ],
              "Plans": [
                {
                  "Node Type": "Append",
                  "Parent Relationship": "Outer",
                  "Parallel Aware": false,
                  "Async Capable": false,
                  "Startup Cost": 784596.3,
                  "Total Cost": 1566775.74,
                  "Plan Rows": 412,
                  "Plan Width": 160,
                  "Subplans Removed": 0,
                  "Plans": [
                    {
                      "Node Type": "Subquery Scan",
                      "Parent Relationship": "Member",
                      "Parallel Aware": false,
                      "Async Capable": false,
                      "Alias": "ssr",
                      "Startup Cost": 784596.3,
                      "Total Cost": 784616.16,
                      "Plan Rows": 51,
                      "Plan Width": 160,
                      "Plans": [
                        {
                          "Node Type": "Aggregate",
                          "Strategy": "Sorted",
                          "Partial Mode": "Finalize",
                          "Parent Relationship": "Subquery",
                          "Parallel Aware": false,
                          "Async Capable": false,
                          "Startup Cost": 784596.3,
                          "Total Cost": 784615.39,
                          "Plan Rows": 51,
                          "Plan Width": 113,
                          "Group Key": [
                            "store.s_store_id"
                          ],
                          "Plans": [
                            {
                              "Node Type": "Gather Merge",
                              "Parent Relationship": "Outer",
                              "Parallel Aware": false,
                              "Async Capable": false,
                              "Startup Cost": 784596.3,
                              "Total Cost": 784612.71,
                              "Plan Rows": 102,
                              "Plan Width": 113,
                              "Workers Planned": 2,
                              "Plans": [
                                {
                                  "Node Type": "Aggregate",
                                  "Strategy": "Sorted",
                                  "Partial Mode": "Partial",
                                  "Parent Relationship": "Outer",
                                  "Parallel Aware": false,
                                  "Async Capable": false,
                                  "Startup Cost": 783596.27,
                                  "Total Cost": 783600.92,
                                  "Plan Rows": 51,
                                  "Plan Width": 113,
                                  "Group Key": [
                                    "store.s_store_id"
                                  ],
                                  "Plans": [
                                    {
                                      "Node Type": "Sort",
                                      "Parent Relationship": "Outer",
                                      "Parallel Aware": false,
                                      "Async Capable": false,
                                      "Startup Cost": 783596.27,
                                      "Total Cost": 783596.9,
                                      "Plan Rows": 250,
                                      "Plan Width": 41,
                                      "Sort Key": [
                                        "store.s_store_id"
                                      ],
                                      "Plans": [
                                        {
                                          "Node Type": "Hash Join",
                                          "Parent Relationship": "Outer",
                                          "Parallel Aware": false,
                                          "Async Capable": false,
                                          "Join Type": "Inner",
                                          "Startup Cost": 94489.35,
                                          "Total Cost": 783586.32,
                                          "Plan Rows": 250,
                                          "Plan Width": 41,
                                          "Inner Unique": false,
                                          "Hash Cond": "(store_sales.ss_store_sk = store.s_store_sk)",
                                          "Plans": [
                                            {
                                              "Node Type": "Hash Join",
                                              "Parent Relationship": "Outer",
                                              "Parallel Aware": false,
                                              "Async Capable": false,
                                              "Join Type": "Inner",
                                              "Startup Cost": 94482.05,
                                              "Total Cost": 783575.54,
                                              "Plan Rows": 262,
                                              "Plan Width": 28,
                                              "Inner Unique": false,
                                              "Hash Cond": "(store_sales.ss_promo_sk = promotion.p_promo_sk)",
                                              "Plans": [
                                                {
                                                  "Node Type": "Hash Join",
                                                  "Parent Relationship": "Outer",
                                                  "Parallel Aware": true,
                                                  "Async Capable": false,
                                                  "Join Type": "Inner",
                                                  "Startup Cost": 94456.65,
                                                  "Total Cost": 783546.47,
                                                  "Plan Rows": 279,
                                                  "Plan Width": 32,
                                                  "Inner Unique": false,
                                                  "Hash Cond": "(store_sales.ss_item_sk = item.i_item_sk)",
                                                  "Plans": [
                                                    {
                                                      "Node Type": "Hash Join",
                                                      "Parent Relationship": "Outer",
                                                      "Parallel Aware": true,
                                                      "Async Capable": false,
                                                      "Join Type": "Left",
                                                      "Startup Cost": 86930.88,
                                                      "Total Cost": 776001.31,
                                                      "Plan Rows": 4860,
                                                      "Plan Width": 36,
                                                      "Inner Unique": false,
                                                      "Hash Cond": "((store_sales.ss_item_sk = store_returns.sr_item_sk) AND (store_sales.ss_ticket_number = store_returns.sr_ticket_number))",
                                                      "Plans": [
                                                        {
                                                          "Node Type": "Hash Join",
                                                          "Parent Relationship": "Outer",
                                                          "Parallel Aware": true,
                                                          "Async Capable": false,
                                                          "Join Type": "Inner",
                                                          "Startup Cost": 2049.78,
                                                          "Total Cost": 683994.75,
                                                          "Plan Rows": 4860,
                                                          "Plan Width": 28,
                                                          "Inner Unique": false,
                                                          "Hash Cond": "(store_sales.ss_sold_date_sk = date_dim.d_date_sk)",
                                                          "Plans": [
                                                            {
                                                              "Node Type": "Seq Scan",
                                                              "Parent Relationship": "Outer",
                                                              "Parallel Aware": true,
                                                              "Async Capable": false,
                                                              "Relation Name": "store_sales",
                                                              "Alias": "store_sales",
                                                              "Startup Cost": 0.0,
                                                              "Total Cost": 636914.37,
                                                              "Plan Rows": 12000637,
                                                              "Plan Width": 32,
                                                              "parent": 13,
                                                              "ID": 14
                                                            },
                                                            {
                                                              "Node Type": "Hash",
                                                              "Parent Relationship": "Inner",
                                                              "Parallel Aware": true,
                                                              "Async Capable": false,
                                                              "Startup Cost": 2049.55,
                                                              "Total Cost": 2049.55,
                                                              "Plan Rows": 18,
                                                              "Plan Width": 4,
                                                              "Plans": [
                                                                {
                                                                  "Node Type": "Seq Scan",
                                                                  "Parent Relationship": "Outer",
                                                                  "Parallel Aware": true,
                                                                  "Async Capable": false,
                                                                  "Relation Name": "date_dim",
                                                                  "Alias": "date_dim",
                                                                  "Startup Cost": 0.0,
                                                                  "Total Cost": 2049.55,
                                                                  "Plan Rows": 18,
                                                                  "Plan Width": 4,
                                                                  "Filter": "((d_date >= '2000-08-02'::date) AND (d_date <= '2000-09-01 00:00:00'::timestamp without time zone))",
                                                                  "parent": 15,
                                                                  "ID": 16
                                                                }
                                                              ],
                                                              "parent": 13,
                                                              "ID": 15,
                                                              "left": 16
                                                            }
                                                          ],
                                                          "parent": 12,
                                                          "ID": 13,
                                                          "left": 14,
                                                          "right": 15
                                                        },
                                                        {
                                                          "Node Type": "Hash",
                                                          "Parent Relationship": "Inner",
                                                          "Parallel Aware": true,
                                                          "Async Capable": false,
                                                          "Startup Cost": 59887.64,
                                                          "Total Cost": 59887.64,
                                                          "Plan Rows": 1198164,
                                                          "Plan Width": 20,
                                                          "Plans": [
                                                            {
                                                              "Node Type": "Seq Scan",
                                                              "Parent Relationship": "Outer",
                                                              "Parallel Aware": true,
                                                              "Async Capable": false,
                                                              "Relation Name": "store_returns",
                                                              "Alias": "store_returns",
                                                              "Startup Cost": 0.0,
                                                              "Total Cost": 59887.64,
                                                              "Plan Rows": 1198164,
                                                              "Plan Width": 20,
                                                              "parent": 17,
                                                              "ID": 18
                                                            }
                                                          ],
                                                          "parent": 12,
                                                          "ID": 17,
                                                          "left": 18
                                                        }
                                                      ],
                                                      "parent": 11,
                                                      "ID": 12,
                                                      "left": 13,
                                                      "right": 17
                                                    },
                                                    {
                                                      "Node Type": "Hash",
                                                      "Parent Relationship": "Inner",
                                                      "Parallel Aware": true,
                                                      "Async Capable": false,
                                                      "Startup Cost": 7495.25,
                                                      "Total Cost": 7495.25,
                                                      "Plan Rows": 2442,
                                                      "Plan Width": 4,
                                                      "Plans": [
                                                        {
                                                          "Node Type": "Seq Scan",
                                                          "Parent Relationship": "Outer",
                                                          "Parallel Aware": true,
                                                          "Async Capable": false,
                                                          "Relation Name": "item",
                                                          "Alias": "item",
                                                          "Startup Cost": 0.0,
                                                          "Total Cost": 7495.25,
                                                          "Plan Rows": 2442,
                                                          "Plan Width": 4,
                                                          "Filter": "(i_current_price > '50'::numeric)",
                                                          "parent": 19,
                                                          "ID": 20
                                                        }
                                                      ],
                                                      "parent": 11,
                                                      "ID": 19,
                                                      "left": 20
                                                    }
                                                  ],
                                                  "parent": 10,
                                                  "ID": 11,
                                                  "left": 12,
                                                  "right": 19
                                                },
                                                {
                                                  "Node Type": "Hash",
                                                  "Parent Relationship": "Inner",
                                                  "Parallel Aware": false,
                                                  "Async Capable": false,
                                                  "Startup Cost": 19.25,
                                                  "Total Cost": 19.25,
                                                  "Plan Rows": 492,
                                                  "Plan Width": 4,
                                                  "Plans": [
                                                    {
                                                      "Node Type": "Seq Scan",
                                                      "Parent Relationship": "Outer",
                                                      "Parallel Aware": false,
                                                      "Async Capable": false,
                                                      "Relation Name": "promotion",
                                                      "Alias": "promotion",
                                                      "Startup Cost": 0.0,
                                                      "Total Cost": 19.25,
                                                      "Plan Rows": 492,
                                                      "Plan Width": 4,
                                                      "Filter": "(p_channel_tv = 'N'::bpchar)",
                                                      "parent": 21,
                                                      "ID": 22
                                                    }
                                                  ],
                                                  "parent": 10,
                                                  "ID": 21,
                                                  "left": 22
                                                }
                                              ],
                                              "parent": 9,
                                              "ID": 10,
                                              "left": 11,
                                              "right": 21
                                            },
                                            {
                                              "Node Type": "Hash",
                                              "Parent Relationship": "Inner",
                                              "Parallel Aware": false,
                                              "Async Capable": false,
                                              "Startup Cost": 6.02,
                                              "Total Cost": 6.02,
                                              "Plan Rows": 102,
                                              "Plan Width": 21,
                                              "Plans": [
                                                {
                                                  "Node Type": "Seq Scan",
                                                  "Parent Relationship": "Outer",
                                                  "Parallel Aware": false,
                                                  "Async Capable": false,
                                                  "Relation Name": "store",
                                                  "Alias": "store",
                                                  "Startup Cost": 0.0,
                                                  "Total Cost": 6.02,
                                                  "Plan Rows": 102,
                                                  "Plan Width": 21,
                                                  "parent": 23,
                                                  "ID": 24
                                                }
                                              ],
                                              "parent": 9,
                                              "ID": 23,
                                              "left": 24
                                            }
                                          ],
                                          "parent": 8,
                                          "ID": 9,
                                          "left": 10,
                                          "right": 23
                                        }
                                      ],
                                      "parent": 7,
                                      "ID": 8,
                                      "left": 9
                                    }
                                  ],
                                  "parent": 6,
                                  "ID": 7,
                                  "left": 8
                                }
                              ],
                              "parent": 5,
                              "ID": 6,
                              "left": 7
                            }
                          ],
                          "parent": 4,
                          "ID": 5,
                          "left": 6
                        }
                      ],
                      "parent": 3,
                      "ID": 4,
                      "left": 5
                    },
                    {
                      "Node Type": "Subquery Scan",
                      "Parent Relationship": "Member",
                      "Parallel Aware": false,
                      "Async Capable": false,
                      "Alias": "csr",
                      "Startup Cost": 518177.36,
                      "Total Cost": 518230.78,
                      "Plan Rows": 340,
                      "Plan Width": 160,
                      "Plans": [
                        {
                          "Node Type": "Aggregate",
                          "Strategy": "Sorted",
                          "Partial Mode": "Finalize",
                          "Parent Relationship": "Subquery",
                          "Parallel Aware": false,
                          "Async Capable": false,
                          "Startup Cost": 518177.36,
                          "Total Cost": 518225.68,
                          "Plan Rows": 340,
                          "Plan Width": 113,
                          "Group Key": [
                            "catalog_page.cp_catalog_page_id"
                          ],
                          "Plans": [
                            {
                              "Node Type": "Gather Merge",
                              "Parent Relationship": "Outer",
                              "Parallel Aware": false,
                              "Async Capable": false,
                              "Startup Cost": 518177.36,
                              "Total Cost": 518214.76,
                              "Plan Rows": 284,
                              "Plan Width": 113,
                              "Workers Planned": 2,
                              "Plans": [
                                {
                                  "Node Type": "Aggregate",
                                  "Strategy": "Sorted",
                                  "Partial Mode": "Partial",
                                  "Parent Relationship": "Outer",
                                  "Parallel Aware": false,
                                  "Async Capable": false,
                                  "Startup Cost": 517177.34,
                                  "Total Cost": 517181.95,
                                  "Plan Rows": 142,
                                  "Plan Width": 113,
                                  "Group Key": [
                                    "catalog_page.cp_catalog_page_id"
                                  ],
                                  "Plans": [
                                    {
                                      "Node Type": "Sort",
                                      "Parent Relationship": "Outer",
                                      "Parallel Aware": false,
                                      "Async Capable": false,
                                      "Startup Cost": 517177.34,
                                      "Total Cost": 517177.69,
                                      "Plan Rows": 142,
                                      "Plan Width": 41,
                                      "Sort Key": [
                                        "catalog_page.cp_catalog_page_id"
                                      ],
                                      "Plans": [
                                        {
                                          "Node Type": "Hash Join",
                                          "Parent Relationship": "Outer",
                                          "Parallel Aware": false,
                                          "Async Capable": false,
                                          "Join Type": "Inner",
                                          "Startup Cost": 57382.33,
                                          "Total Cost": 517172.26,
                                          "Plan Rows": 142,
                                          "Plan Width": 41,
                                          "Inner Unique": false,
                                          "Hash Cond": "(catalog_sales.cs_catalog_page_sk = catalog_page.cp_catalog_page_sk)",
                                          "Plans": [
                                            {
                                              "Node Type": "Hash Join",
                                              "Parent Relationship": "Outer",
                                              "Parallel Aware": false,
                                              "Async Capable": false,
                                              "Join Type": "Inner",
                                              "Startup Cost": 56864.33,
                                              "Total Cost": 516652.32,
                                              "Plan Rows": 142,
                                              "Plan Width": 28,
                                              "Inner Unique": false,
                                              "Hash Cond": "(catalog_sales.cs_promo_sk = promotion_1.p_promo_sk)",
                                              "Plans": [
                                                {
                                                  "Node Type": "Hash Join",
                                                  "Parent Relationship": "Outer",
                                                  "Parallel Aware": true,
                                                  "Async Capable": false,
                                                  "Join Type": "Inner",
                                                  "Startup Cost": 56838.93,
                                                  "Total Cost": 516624.96,
                                                  "Plan Rows": 145,
                                                  "Plan Width": 32,
                                                  "Inner Unique": false,
                                                  "Hash Cond": "(catalog_sales.cs_item_sk = item_1.i_item_sk)",
                                                  "Plans": [
                                                    {
                                                      "Node Type": "Hash Join",
                                                      "Parent Relationship": "Outer",
                                                      "Parallel Aware": true,
                                                      "Async Capable": false,
                                                      "Join Type": "Left",
                                                      "Startup Cost": 49313.15,
                                                      "Total Cost": 509089.08,
                                                      "Plan Rows": 2532,
                                                      "Plan Width": 36,
                                                      "Inner Unique": false,
                                                      "Hash Cond": "((catalog_sales.cs_item_sk = catalog_returns.cr_item_sk) AND (catalog_sales.cs_order_number = catalog_returns.cr_order_number))",
                                                      "Plans": [
                                                        {
                                                          "Node Type": "Hash Join",
                                                          "Parent Relationship": "Outer",
                                                          "Parallel Aware": true,
                                                          "Async Capable": false,
                                                          "Join Type": "Inner",
                                                          "Startup Cost": 2049.78,
                                                          "Total Cost": 458254.7,
                                                          "Plan Rows": 2532,
                                                          "Plan Width": 28,
                                                          "Inner Unique": false,
                                                          "Hash Cond": "(catalog_sales.cs_sold_date_sk = date_dim_1.d_date_sk)",
                                                          "Plans": [
                                                            {
                                                              "Node Type": "Seq Scan",
                                                              "Parent Relationship": "Outer",
                                                              "Parallel Aware": true,
                                                              "Async Capable": false,
                                                              "Relation Name": "catalog_sales",
                                                              "Alias": "catalog_sales",
                                                              "Startup Cost": 0.0,
                                                              "Total Cost": 433688.25,
                                                              "Plan Rows": 6000525,
                                                              "Plan Width": 32,
                                                              "parent": 34,
                                                              "ID": 35
                                                            },
                                                            {
                                                              "Node Type": "Hash",
                                                              "Parent Relationship": "Inner",
                                                              "Parallel Aware": true,
                                                              "Async Capable": false,
                                                              "Startup Cost": 2049.55,
                                                              "Total Cost": 2049.55,
                                                              "Plan Rows": 18,
                                                              "Plan Width": 4,
                                                              "Plans": [
                                                                {
                                                                  "Node Type": "Seq Scan",
                                                                  "Parent Relationship": "Outer",
                                                                  "Parallel Aware": true,
                                                                  "Async Capable": false,
                                                                  "Relation Name": "date_dim",
                                                                  "Alias": "date_dim_1",
                                                                  "Startup Cost": 0.0,
                                                                  "Total Cost": 2049.55,
                                                                  "Plan Rows": 18,
                                                                  "Plan Width": 4,
                                                                  "Filter": "((d_date >= '2000-08-02'::date) AND (d_date <= '2000-09-01 00:00:00'::timestamp without time zone))",
                                                                  "parent": 36,
                                                                  "ID": 37
                                                                }
                                                              ],
                                                              "parent": 34,
                                                              "ID": 36,
                                                              "left": 37
                                                            }
                                                          ],
                                                          "parent": 33,
                                                          "ID": 34,
                                                          "left": 35,
                                                          "right": 36
                                                        },
                                                        {
                                                          "Node Type": "Hash",
                                                          "Parent Relationship": "Inner",
                                                          "Parallel Aware": true,
                                                          "Async Capable": false,
                                                          "Startup Cost": 34748.95,
                                                          "Total Cost": 34748.95,
                                                          "Plan Rows": 599895,
                                                          "Plan Width": 20,
                                                          "Plans": [
                                                            {
                                                              "Node Type": "Seq Scan",
                                                              "Parent Relationship": "Outer",
                                                              "Parallel Aware": true,
                                                              "Async Capable": false,
                                                              "Relation Name": "catalog_returns",
                                                              "Alias": "catalog_returns",
                                                              "Startup Cost": 0.0,
                                                              "Total Cost": 34748.95,
                                                              "Plan Rows": 599895,
                                                              "Plan Width": 20,
                                                              "parent": 38,
                                                              "ID": 39
                                                            }
                                                          ],
                                                          "parent": 33,
                                                          "ID": 38,
                                                          "left": 39
                                                        }
                                                      ],
                                                      "parent": 32,
                                                      "ID": 33,
                                                      "left": 34,
                                                      "right": 38
                                                    },
                                                    {
                                                      "Node Type": "Hash",
                                                      "Parent Relationship": "Inner",
                                                      "Parallel Aware": true,
                                                      "Async Capable": false,
                                                      "Startup Cost": 7495.25,
                                                      "Total Cost": 7495.25,
                                                      "Plan Rows": 2442,
                                                      "Plan Width": 4,
                                                      "Plans": [
                                                        {
                                                          "Node Type": "Seq Scan",
                                                          "Parent Relationship": "Outer",
                                                          "Parallel Aware": true,
                                                          "Async Capable": false,
                                                          "Relation Name": "item",
                                                          "Alias": "item_1",
                                                          "Startup Cost": 0.0,
                                                          "Total Cost": 7495.25,
                                                          "Plan Rows": 2442,
                                                          "Plan Width": 4,
                                                          "Filter": "(i_current_price > '50'::numeric)",
                                                          "parent": 40,
                                                          "ID": 41
                                                        }
                                                      ],
                                                      "parent": 32,
                                                      "ID": 40,
                                                      "left": 41
                                                    }
                                                  ],
                                                  "parent": 31,
                                                  "ID": 32,
                                                  "left": 33,
                                                  "right": 40
                                                },
                                                {
                                                  "Node Type": "Hash",
                                                  "Parent Relationship": "Inner",
                                                  "Parallel Aware": false,
                                                  "Async Capable": false,
                                                  "Startup Cost": 19.25,
                                                  "Total Cost": 19.25,
                                                  "Plan Rows": 492,
                                                  "Plan Width": 4,
                                                  "Plans": [
                                                    {
                                                      "Node Type": "Seq Scan",
                                                      "Parent Relationship": "Outer",
                                                      "Parallel Aware": false,
                                                      "Async Capable": false,
                                                      "Relation Name": "promotion",
                                                      "Alias": "promotion_1",
                                                      "Startup Cost": 0.0,
                                                      "Total Cost": 19.25,
                                                      "Plan Rows": 492,
                                                      "Plan Width": 4,
                                                      "Filter": "(p_channel_tv = 'N'::bpchar)",
                                                      "parent": 42,
                                                      "ID": 43
                                                    }
                                                  ],
                                                  "parent": 31,
                                                  "ID": 42,
                                                  "left": 43
                                                }
                                              ],
                                              "parent": 30,
                                              "ID": 31,
                                              "left": 32,
                                              "right": 42
                                            },
                                            {
                                              "Node Type": "Hash",
                                              "Parent Relationship": "Inner",
                                              "Parallel Aware": false,
                                              "Async Capable": false,
                                              "Startup Cost": 368.0,
                                              "Total Cost": 368.0,
                                              "Plan Rows": 12000,
                                              "Plan Width": 21,
                                              "Plans": [
                                                {
                                                  "Node Type": "Seq Scan",
                                                  "Parent Relationship": "Outer",
                                                  "Parallel Aware": false,
                                                  "Async Capable": false,
                                                  "Relation Name": "catalog_page",
                                                  "Alias": "catalog_page",
                                                  "Startup Cost": 0.0,
                                                  "Total Cost": 368.0,
                                                  "Plan Rows": 12000,
                                                  "Plan Width": 21,
                                                  "parent": 44,
                                                  "ID": 45
                                                }
                                              ],
                                              "parent": 30,
                                              "ID": 44,
                                              "left": 45
                                            }
                                          ],
                                          "parent": 29,
                                          "ID": 30,
                                          "left": 31,
                                          "right": 44
                                        }
                                      ],
                                      "parent": 28,
                                      "ID": 29,
                                      "left": 30
                                    }
                                  ],
                                  "parent": 27,
                                  "ID": 28,
                                  "left": 29
                                }
                              ],
                              "parent": 26,
                              "ID": 27,
                              "left": 28
                            }
                          ],
                          "parent": 25,
                          "ID": 26,
                          "left": 27
                        }
                      ],
                      "parent": 3,
                      "ID": 25,
                      "left": 26
                    },
                    {
                      "Node Type": "Subquery Scan",
                      "Parent Relationship": "Member",
                      "Parallel Aware": false,
                      "Async Capable": false,
                      "Alias": "wsr",
                      "Startup Cost": 263919.04,
                      "Total Cost": 263926.75,
                      "Plan Rows": 21,
                      "Plan Width": 160,
                      "Plans": [
                        {
                          "Node Type": "Aggregate",
                          "Strategy": "Sorted",
                          "Partial Mode": "Finalize",
                          "Parent Relationship": "Subquery",
                          "Parallel Aware": false,
                          "Async Capable": false,
                          "Startup Cost": 263919.04,
                          "Total Cost": 263926.43,
                          "Plan Rows": 21,
                          "Plan Width": 113,
                          "Group Key": [
                            "web_site.web_site_id"
                          ],
                          "Plans": [
                            {
                              "Node Type": "Gather Merge",
                              "Parent Relationship": "Outer",
                              "Parallel Aware": false,
                              "Async Capable": false,
                              "Startup Cost": 263919.04,
                              "Total Cost": 263925.33,
                              "Plan Rows": 42,
                              "Plan Width": 113,
                              "Workers Planned": 2,
                              "Plans": [
                                {
                                  "Node Type": "Aggregate",
                                  "Strategy": "Sorted",
                                  "Partial Mode": "Partial",
                                  "Parent Relationship": "Outer",
                                  "Parallel Aware": false,
                                  "Async Capable": false,
                                  "Startup Cost": 262919.01,
                                  "Total Cost": 262920.46,
                                  "Plan Rows": 21,
                                  "Plan Width": 113,
                                  "Group Key": [
                                    "web_site.web_site_id"
                                  ],
                                  "Plans": [
                                    {
                                      "Node Type": "Sort",
                                      "Parent Relationship": "Outer",
                                      "Parallel Aware": false,
                                      "Async Capable": false,
                                      "Startup Cost": 262919.01,
                                      "Total Cost": 262919.19,
                                      "Plan Rows": 72,
                                      "Plan Width": 41,
                                      "Sort Key": [
                                        "web_site.web_site_id"
                                      ],
                                      "Plans": [
                                        {
                                          "Node Type": "Hash Join",
                                          "Parent Relationship": "Outer",
                                          "Parallel Aware": false,
                                          "Async Capable": false,
                                          "Join Type": "Inner",
                                          "Startup Cost": 32134.74,
                                          "Total Cost": 262916.79,
                                          "Plan Rows": 72,
                                          "Plan Width": 41,
                                          "Inner Unique": false,
                                          "Hash Cond": "(web_sales.ws_web_site_sk = web_site.web_site_sk)",
                                          "Plans": [
                                            {
                                              "Node Type": "Hash Join",
                                              "Parent Relationship": "Outer",
                                              "Parallel Aware": false,
                                              "Async Capable": false,
                                              "Join Type": "Inner",
                                              "Startup Cost": 32130.8,
                                              "Total Cost": 262911.86,
                                              "Plan Rows": 72,
                                              "Plan Width": 28,
                                              "Inner Unique": false,
                                              "Hash Cond": "(web_sales.ws_promo_sk = promotion_2.p_promo_sk)",
                                              "Plans": [
                                                {
                                                  "Node Type": "Hash Join",
                                                  "Parent Relationship": "Outer",
                                                  "Parallel Aware": true,
                                                  "Async Capable": false,
                                                  "Join Type": "Inner",
                                                  "Startup Cost": 32105.4,
                                                  "Total Cost": 262885.46,
                                                  "Plan Rows": 73,
                                                  "Plan Width": 32,
                                                  "Inner Unique": false,
                                                  "Hash Cond": "(web_sales.ws_item_sk = item_2.i_item_sk)",
                                                  "Plans": [
                                                    {
                                                      "Node Type": "Hash Join",
                                                      "Parent Relationship": "Outer",
                                                      "Parallel Aware": true,
                                                      "Async Capable": false,
                                                      "Join Type": "Left",
                                                      "Startup Cost": 24579.62,
                                                      "Total Cost": 255354.62,
                                                      "Plan Rows": 1272,
                                                      "Plan Width": 36,
                                                      "Inner Unique": false,
                                                      "Hash Cond": "((web_sales.ws_item_sk = web_returns.wr_item_sk) AND (web_sales.ws_order_number = web_returns.wr_order_number))",
                                                      "Plans": [
                                                        {
                                                          "Node Type": "Hash Join",
                                                          "Parent Relationship": "Outer",
                                                          "Parallel Aware": true,
                                                          "Async Capable": false,
                                                          "Join Type": "Inner",
                                                          "Startup Cost": 2049.78,
                                                          "Total Cost": 231041.22,
                                                          "Plan Rows": 1272,
                                                          "Plan Width": 28,
                                                          "Inner Unique": false,
                                                          "Hash Cond": "(web_sales.ws_sold_date_sk = date_dim_2.d_date_sk)",
                                                          "Plans": [
                                                            {
                                                              "Node Type": "Seq Scan",
                                                              "Parent Relationship": "Outer",
                                                              "Parallel Aware": true,
                                                              "Async Capable": false,
                                                              "Relation Name": "web_sales",
                                                              "Alias": "web_sales",
                                                              "Startup Cost": 0.0,
                                                              "Total Cost": 217737.86,
                                                              "Plan Rows": 2998986,
                                                              "Plan Width": 32,
                                                              "parent": 55,
                                                              "ID": 56
                                                            },
                                                            {
                                                              "Node Type": "Hash",
                                                              "Parent Relationship": "Inner",
                                                              "Parallel Aware": true,
                                                              "Async Capable": false,
                                                              "Startup Cost": 2049.55,
                                                              "Total Cost": 2049.55,
                                                              "Plan Rows": 18,
                                                              "Plan Width": 4,
                                                              "Plans": [
                                                                {
                                                                  "Node Type": "Seq Scan",
                                                                  "Parent Relationship": "Outer",
                                                                  "Parallel Aware": true,
                                                                  "Async Capable": false,
                                                                  "Relation Name": "date_dim",
                                                                  "Alias": "date_dim_2",
                                                                  "Startup Cost": 0.0,
                                                                  "Total Cost": 2049.55,
                                                                  "Plan Rows": 18,
                                                                  "Plan Width": 4,
                                                                  "Filter": "((d_date >= '2000-08-02'::date) AND (d_date <= '2000-09-01 00:00:00'::timestamp without time zone))",
                                                                  "parent": 57,
                                                                  "ID": 58
                                                                }
                                                              ],
                                                              "parent": 55,
                                                              "ID": 57,
                                                              "left": 58
                                                            }
                                                          ],
                                                          "parent": 54,
                                                          "ID": 55,
                                                          "left": 56,
                                                          "right": 57
                                                        },
                                                        {
                                                          "Node Type": "Hash",
                                                          "Parent Relationship": "Inner",
                                                          "Parallel Aware": true,
                                                          "Async Capable": false,
                                                          "Startup Cost": 16278.74,
                                                          "Total Cost": 16278.74,
                                                          "Plan Rows": 299674,
                                                          "Plan Width": 20,
                                                          "Plans": [
                                                            {
                                                              "Node Type": "Seq Scan",
                                                              "Parent Relationship": "Outer",
                                                              "Parallel Aware": true,
                                                              "Async Capable": false,
                                                              "Relation Name": "web_returns",
                                                              "Alias": "web_returns",
                                                              "Startup Cost": 0.0,
                                                              "Total Cost": 16278.74,
                                                              "Plan Rows": 299674,
                                                              "Plan Width": 20,
                                                              "parent": 59,
                                                              "ID": 60
                                                            }
                                                          ],
                                                          "parent": 54,
                                                          "ID": 59,
                                                          "left": 60
                                                        }
                                                      ],
                                                      "parent": 53,
                                                      "ID": 54,
                                                      "left": 55,
                                                      "right": 59
                                                    },
                                                    {
                                                      "Node Type": "Hash",
                                                      "Parent Relationship": "Inner",
                                                      "Parallel Aware": true,
                                                      "Async Capable": false,
                                                      "Startup Cost": 7495.25,
                                                      "Total Cost": 7495.25,
                                                      "Plan Rows": 2442,
                                                      "Plan Width": 4,
                                                      "Plans": [
                                                        {
                                                          "Node Type": "Seq Scan",
                                                          "Parent Relationship": "Outer",
                                                          "Parallel Aware": true,
                                                          "Async Capable": false,
                                                          "Relation Name": "item",
                                                          "Alias": "item_2",
                                                          "Startup Cost": 0.0,
                                                          "Total Cost": 7495.25,
                                                          "Plan Rows": 2442,
                                                          "Plan Width": 4,
                                                          "Filter": "(i_current_price > '50'::numeric)",
                                                          "parent": 61,
                                                          "ID": 62
                                                        }
                                                      ],
                                                      "parent": 53,
                                                      "ID": 61,
                                                      "left": 62
                                                    }
                                                  ],
                                                  "parent": 52,
                                                  "ID": 53,
                                                  "left": 54,
                                                  "right": 61
                                                },
                                                {
                                                  "Node Type": "Hash",
                                                  "Parent Relationship": "Inner",
                                                  "Parallel Aware": false,
                                                  "Async Capable": false,
                                                  "Startup Cost": 19.25,
                                                  "Total Cost": 19.25,
                                                  "Plan Rows": 492,
                                                  "Plan Width": 4,
                                                  "Plans": [
                                                    {
                                                      "Node Type": "Seq Scan",
                                                      "Parent Relationship": "Outer",
                                                      "Parallel Aware": false,
                                                      "Async Capable": false,
                                                      "Relation Name": "promotion",
                                                      "Alias": "promotion_2",
                                                      "Startup Cost": 0.0,
                                                      "Total Cost": 19.25,
                                                      "Plan Rows": 492,
                                                      "Plan Width": 4,
                                                      "Filter": "(p_channel_tv = 'N'::bpchar)",
                                                      "parent": 63,
                                                      "ID": 64
                                                    }
                                                  ],
                                                  "parent": 52,
                                                  "ID": 63,
                                                  "left": 64
                                                }
                                              ],
                                              "parent": 51,
                                              "ID": 52,
                                              "left": 53,
                                              "right": 63
                                            },
                                            {
                                              "Node Type": "Hash",
                                              "Parent Relationship": "Inner",
                                              "Parallel Aware": false,
                                              "Async Capable": false,
                                              "Startup Cost": 3.42,
                                              "Total Cost": 3.42,
                                              "Plan Rows": 42,
                                              "Plan Width": 21,
                                              "Plans": [
                                                {
                                                  "Node Type": "Seq Scan",
                                                  "Parent Relationship": "Outer",
                                                  "Parallel Aware": false,
                                                  "Async Capable": false,
                                                  "Relation Name": "web_site",
                                                  "Alias": "web_site",
                                                  "Startup Cost": 0.0,
                                                  "Total Cost": 3.42,
                                                  "Plan Rows": 42,
                                                  "Plan Width": 21,
                                                  "parent": 65,
                                                  "ID": 66
                                                }
                                              ],
                                              "parent": 51,
                                              "ID": 65,
                                              "left": 66
                                            }
                                          ],
                                          "parent": 50,
                                          "ID": 51,
                                          "left": 52,
                                          "right": 65
                                        }
                                      ],
                                      "parent": 49,
                                      "ID": 50,
                                      "left": 51
                                    }
                                  ],
                                  "parent": 48,
                                  "ID": 49,
                                  "left": 50
                                }
                              ],
                              "parent": 47,
                              "ID": 48,
                              "left": 49
                            }
                          ],
                          "parent": 46,
                          "ID": 47,
                          "left": 48
                        }
                      ],
                      "parent": 3,
                      "ID": 46,
                      "left": 47
                    }
                  ],
                  "parent": 2,
                  "ID": 3,
                  "left": 4,
                  "right": 25
                }
              ],
              "parent": 1,
              "ID": 2,
              "left": 3
            }
          ],
          "parent": 0,
          "ID": 1,
          "left": 2
        }
      ],
      "parent": null,
      "ID": 0,
      "left": 1
    },
    "feat": {
      "utility": 5.89738199193434e-07,
      "query_shape": [
        [
          "Seq Scan",
          "Hash Join",
          "Sort",
          "Aggregate",
          "Gather Merge",
          "Subquery Scan",
          "Append"
        ],
        [
          "Seq Scan",
          "Hash",
          "Hash Join",
          "Sort",
          "Aggregate",
          "Gather Merge",
          "Subquery Scan",
          "Append"
        ],
        [
          "Seq Scan",
          "Hash",
          "Hash Join",
          "Sort",
          "Aggregate",
          "Gather Merge",
          "Subquery Scan",
          "Append"
        ],
        [
          "Seq Scan",
          "Hash",
          "Hash Join",
          "Sort",
          "Aggregate",
          "Gather Merge",
          "Subquery Scan",
          "Append"
        ],
        [
          "Seq Scan",
          "Hash",
          "Hash Join",
          "Sort",
          "Aggregate",
          "Gather Merge",
          "Subquery Scan",
          "Append"
        ],
        [
          "Seq Scan",
          "Hash",
          "Hash Join",
          "Sort",
          "Aggregate",
          "Gather Merge",
          "Subquery Scan",
          "Append"
        ],
        [
          "Seq Scan",
          "Hash Join",
          "Sort",
          "Aggregate",
          "Gather Merge",
          "Subquery Scan",
          "Append"
        ],
        [
          "Seq Scan",
          "Hash",
          "Hash Join",
          "Sort",
          "Aggregate",
          "Gather Merge",
          "Subquery Scan",
          "Append"
        ],
        [
          "Seq Scan",
          "Hash",
          "Hash Join",
          "Sort",
          "Aggregate",
          "Gather Merge",
          "Subquery Scan",
          "Append"
        ],
        [
          "Seq Scan",
          "Hash",
          "Hash Join",
          "Sort",
          "Aggregate",
          "Gather Merge",
          "Subquery Scan",
          "Append"
        ],
        [
          "Seq Scan",
          "Hash",
          "Hash Join",
          "Sort",
          "Aggregate",
          "Gather Merge",
          "Subquery Scan",
          "Append"
        ],
        [
          "Seq Scan",
          "Hash",
          "Hash Join",
          "Sort",
          "Aggregate",
          "Gather Merge",
          "Subquery Scan",
          "Append"
        ],
        [
          "Seq Scan",
          "Hash Join",
          "Sort",
          "Aggregate",
          "Gather Merge",
          "Subquery Scan",
          "Append"
        ],
        [
          "Seq Scan",
          "Hash",
          "Hash Join",
          "Sort",
          "Aggregate",
          "Gather Merge",
          "Subquery Scan",
          "Append"
        ],
        [
          "Seq Scan",
          "Hash",
          "Hash Join",
          "Sort",
          "Aggregate",
          "Gather Merge",
          "Subquery Scan",
          "Append"
        ],
        [
          "Seq Scan",
          "Hash",
          "Hash Join",
          "Sort",
          "Aggregate",
          "Gather Merge",
          "Subquery Scan",
          "Append"
        ],
        [
          "Seq Scan",
          "Hash",
          "Hash Join",
          "Sort",
          "Aggregate",
          "Gather Merge",
          "Subquery Scan",
          "Append"
        ],
        [
          "Seq Scan",
          "Hash",
          "Hash Join",
          "Sort",
          "Aggregate",
          "Gather Merge",
          "Subquery Scan",
          "Append"
        ]
      ],
      "index_shape": [
        "selection"
      ],
      "physical_operator": {
        "Seq Scan": [
          0.984,
          0.984,
          0.984
        ]
      }
    }
  },
  {
    "query": "with ssr as\n (select  s_store_id as store_id,\n          sum(ss_ext_sales_price) as sales,\n          sum(coalesce(sr_return_amt, 0)) as returns,\n          sum(ss_net_profit - coalesce(sr_net_loss, 0)) as profit\n  from store_sales left outer join store_returns on\n         (ss_item_sk = sr_item_sk and ss_ticket_number = sr_ticket_number),\n     date_dim,\n     store,\n     item,\n     promotion\n where ss_sold_date_sk = d_date_sk\n       and d_date between cast('2000-08-02' as date) \n                  and (cast('2000-08-02' as date) +  interval '30 days')\n       and ss_store_sk = s_store_sk\n       and ss_item_sk = i_item_sk\n       and i_current_price > 50\n       and ss_promo_sk = p_promo_sk\n       and p_channel_tv = 'N'\n group by s_store_id)\n ,\n csr as\n (select  cp_catalog_page_id as catalog_page_id,\n          sum(cs_ext_sales_price) as sales,\n          sum(coalesce(cr_return_amount, 0)) as returns,\n          sum(cs_net_profit - coalesce(cr_net_loss, 0)) as profit\n  from catalog_sales left outer join catalog_returns on\n         (cs_item_sk = cr_item_sk and cs_order_number = cr_order_number),\n     date_dim,\n     catalog_page,\n     item,\n     promotion\n where cs_sold_date_sk = d_date_sk\n       and d_date between cast('2000-08-02' as date)\n                  and (cast('2000-08-02' as date) +  interval '30 days')\n        and cs_catalog_page_sk = cp_catalog_page_sk\n       and cs_item_sk = i_item_sk\n       and i_current_price > 50\n       and cs_promo_sk = p_promo_sk\n       and p_channel_tv = 'N'\ngroup by cp_catalog_page_id)\n ,\n wsr as\n (select  web_site_id,\n          sum(ws_ext_sales_price) as sales,\n          sum(coalesce(wr_return_amt, 0)) as returns,\n          sum(ws_net_profit - coalesce(wr_net_loss, 0)) as profit\n  from web_sales left outer join web_returns on\n         (ws_item_sk = wr_item_sk and ws_order_number = wr_order_number),\n     date_dim,\n     web_site,\n     item,\n     promotion\n where ws_sold_date_sk = d_date_sk\n       and d_date between cast('2000-08-02' as date)\n                  and (cast('2000-08-02' as date) +  interval '30 days')\n        and ws_web_site_sk = web_site_sk\n       and ws_item_sk = i_item_sk\n       and i_current_price > 50\n       and ws_promo_sk = p_promo_sk\n       and p_channel_tv = 'N'\ngroup by web_site_id)\n  select  channel\n        , id\n        , sum(sales) as sales\n        , sum(returns) as returns\n        , sum(profit) as profit\n from \n (select 'store channel' as channel\n        , 'store' || store_id as id\n        , sales\n        , returns\n        , profit\n from   ssr\n union all\n select 'catalog channel' as channel\n        , 'catalog_page' || catalog_page_id as id\n        , sales\n        , returns\n        , profit\n from  csr\n union all\n select 'web channel' as channel\n        , 'web_site' || web_site_id as id\n        , sales\n        , returns\n        , profit\n from   wsr\n ) x\n group by rollup (channel, id)\n order by channel\n         ,id\n limit 100;\n\n-- end query 61 in stream 4 using template query80.tpl\n",
    "indexes": "store_returns.sr_item_sk",
    "wo plan est": {
      "Node Type": "Limit",
      "Parallel Aware": false,
      "Async Capable": false,
      "Startup Cost": 1566793.64,
      "Total Cost": 1566796.93,
      "Plan Rows": 100,
      "Plan Width": 160,
      "Plans": [
        {
          "Node Type": "Aggregate",
          "Strategy": "Sorted",
          "Partial Mode": "Simple",
          "Parent Relationship": "Outer",
          "Parallel Aware": false,
          "Async Capable": false,
          "Startup Cost": 1566793.64,
          "Total Cost": 1566806.84,
          "Plan Rows": 401,
          "Plan Width": 160,
          "Grouping Sets": [
            {
              "Group Keys": [
                [
                  "('store channel'::text)",
                  "(('store'::text || (ssr.store_id)::text))"
                ],
                [
                  "('store channel'::text)"
                ],
                []
              ]
            }
          ],
          "Plans": [
            {
              "Node Type": "Sort",
              "Parent Relationship": "Outer",
              "Parallel Aware": false,
              "Async Capable": false,
              "Startup Cost": 1566793.64,
              "Total Cost": 1566794.67,
              "Plan Rows": 412,
              "Plan Width": 160,
              "Sort Key": [
                "('store channel'::text)",
                "(('store'::text || (ssr.store_id)::text))"
              ],
              "Plans": [
                {
                  "Node Type": "Append",
                  "Parent Relationship": "Outer",
                  "Parallel Aware": false,
                  "Async Capable": false,
                  "Startup Cost": 784596.3,
                  "Total Cost": 1566775.74,
                  "Plan Rows": 412,
                  "Plan Width": 160,
                  "Subplans Removed": 0,
                  "Plans": [
                    {
                      "Node Type": "Subquery Scan",
                      "Parent Relationship": "Member",
                      "Parallel Aware": false,
                      "Async Capable": false,
                      "Alias": "ssr",
                      "Startup Cost": 784596.3,
                      "Total Cost": 784616.16,
                      "Plan Rows": 51,
                      "Plan Width": 160,
                      "Plans": [
                        {
                          "Node Type": "Aggregate",
                          "Strategy": "Sorted",
                          "Partial Mode": "Finalize",
                          "Parent Relationship": "Subquery",
                          "Parallel Aware": false,
                          "Async Capable": false,
                          "Startup Cost": 784596.3,
                          "Total Cost": 784615.39,
                          "Plan Rows": 51,
                          "Plan Width": 113,
                          "Group Key": [
                            "store.s_store_id"
                          ],
                          "Plans": [
                            {
                              "Node Type": "Gather Merge",
                              "Parent Relationship": "Outer",
                              "Parallel Aware": false,
                              "Async Capable": false,
                              "Startup Cost": 784596.3,
                              "Total Cost": 784612.71,
                              "Plan Rows": 102,
                              "Plan Width": 113,
                              "Workers Planned": 2,
                              "Plans": [
                                {
                                  "Node Type": "Aggregate",
                                  "Strategy": "Sorted",
                                  "Partial Mode": "Partial",
                                  "Parent Relationship": "Outer",
                                  "Parallel Aware": false,
                                  "Async Capable": false,
                                  "Startup Cost": 783596.27,
                                  "Total Cost": 783600.92,
                                  "Plan Rows": 51,
                                  "Plan Width": 113,
                                  "Group Key": [
                                    "store.s_store_id"
                                  ],
                                  "Plans": [
                                    {
                                      "Node Type": "Sort",
                                      "Parent Relationship": "Outer",
                                      "Parallel Aware": false,
                                      "Async Capable": false,
                                      "Startup Cost": 783596.27,
                                      "Total Cost": 783596.9,
                                      "Plan Rows": 250,
                                      "Plan Width": 41,
                                      "Sort Key": [
                                        "store.s_store_id"
                                      ],
                                      "Plans": [
                                        {
                                          "Node Type": "Hash Join",
                                          "Parent Relationship": "Outer",
                                          "Parallel Aware": false,
                                          "Async Capable": false,
                                          "Join Type": "Inner",
                                          "Startup Cost": 94489.35,
                                          "Total Cost": 783586.32,
                                          "Plan Rows": 250,
                                          "Plan Width": 41,
                                          "Inner Unique": false,
                                          "Hash Cond": "(store_sales.ss_store_sk = store.s_store_sk)",
                                          "Plans": [
                                            {
                                              "Node Type": "Hash Join",
                                              "Parent Relationship": "Outer",
                                              "Parallel Aware": false,
                                              "Async Capable": false,
                                              "Join Type": "Inner",
                                              "Startup Cost": 94482.05,
                                              "Total Cost": 783575.54,
                                              "Plan Rows": 262,
                                              "Plan Width": 28,
                                              "Inner Unique": false,
                                              "Hash Cond": "(store_sales.ss_promo_sk = promotion.p_promo_sk)",
                                              "Plans": [
                                                {
                                                  "Node Type": "Hash Join",
                                                  "Parent Relationship": "Outer",
                                                  "Parallel Aware": true,
                                                  "Async Capable": false,
                                                  "Join Type": "Inner",
                                                  "Startup Cost": 94456.65,
                                                  "Total Cost": 783546.47,
                                                  "Plan Rows": 279,
                                                  "Plan Width": 32,
                                                  "Inner Unique": false,
                                                  "Hash Cond": "(store_sales.ss_item_sk = item.i_item_sk)",
                                                  "Plans": [
                                                    {
                                                      "Node Type": "Hash Join",
                                                      "Parent Relationship": "Outer",
                                                      "Parallel Aware": true,
                                                      "Async Capable": false,
                                                      "Join Type": "Left",
                                                      "Startup Cost": 86930.88,
                                                      "Total Cost": 776001.31,
                                                      "Plan Rows": 4860,
                                                      "Plan Width": 36,
                                                      "Inner Unique": false,
                                                      "Hash Cond": "((store_sales.ss_item_sk = store_returns.sr_item_sk) AND (store_sales.ss_ticket_number = store_returns.sr_ticket_number))",
                                                      "Plans": [
                                                        {
                                                          "Node Type": "Hash Join",
                                                          "Parent Relationship": "Outer",
                                                          "Parallel Aware": true,
                                                          "Async Capable": false,
                                                          "Join Type": "Inner",
                                                          "Startup Cost": 2049.78,
                                                          "Total Cost": 683994.75,
                                                          "Plan Rows": 4860,
                                                          "Plan Width": 28,
                                                          "Inner Unique": false,
                                                          "Hash Cond": "(store_sales.ss_sold_date_sk = date_dim.d_date_sk)",
                                                          "Plans": [
                                                            {
                                                              "Node Type": "Seq Scan",
                                                              "Parent Relationship": "Outer",
                                                              "Parallel Aware": true,
                                                              "Async Capable": false,
                                                              "Relation Name": "store_sales",
                                                              "Alias": "store_sales",
                                                              "Startup Cost": 0.0,
                                                              "Total Cost": 636914.37,
                                                              "Plan Rows": 12000637,
                                                              "Plan Width": 32,
                                                              "parent": 13,
                                                              "ID": 14
                                                            },
                                                            {
                                                              "Node Type": "Hash",
                                                              "Parent Relationship": "Inner",
                                                              "Parallel Aware": true,
                                                              "Async Capable": false,
                                                              "Startup Cost": 2049.55,
                                                              "Total Cost": 2049.55,
                                                              "Plan Rows": 18,
                                                              "Plan Width": 4,
                                                              "Plans": [
                                                                {
                                                                  "Node Type": "Seq Scan",
                                                                  "Parent Relationship": "Outer",
                                                                  "Parallel Aware": true,
                                                                  "Async Capable": false,
                                                                  "Relation Name": "date_dim",
                                                                  "Alias": "date_dim",
                                                                  "Startup Cost": 0.0,
                                                                  "Total Cost": 2049.55,
                                                                  "Plan Rows": 18,
                                                                  "Plan Width": 4,
                                                                  "Filter": "((d_date >= '2000-08-02'::date) AND (d_date <= '2000-09-01 00:00:00'::timestamp without time zone))",
                                                                  "parent": 15,
                                                                  "ID": 16
                                                                }
                                                              ],
                                                              "parent": 13,
                                                              "ID": 15,
                                                              "left": 16
                                                            }
                                                          ],
                                                          "parent": 12,
                                                          "ID": 13,
                                                          "left": 14,
                                                          "right": 15
                                                        },
                                                        {
                                                          "Node Type": "Hash",
                                                          "Parent Relationship": "Inner",
                                                          "Parallel Aware": true,
                                                          "Async Capable": false,
                                                          "Startup Cost": 59887.64,
                                                          "Total Cost": 59887.64,
                                                          "Plan Rows": 1198164,
                                                          "Plan Width": 20,
                                                          "Plans": [
                                                            {
                                                              "Node Type": "Seq Scan",
                                                              "Parent Relationship": "Outer",
                                                              "Parallel Aware": true,
                                                              "Async Capable": false,
                                                              "Relation Name": "store_returns",
                                                              "Alias": "store_returns",
                                                              "Startup Cost": 0.0,
                                                              "Total Cost": 59887.64,
                                                              "Plan Rows": 1198164,
                                                              "Plan Width": 20,
                                                              "parent": 17,
                                                              "ID": 18
                                                            }
                                                          ],
                                                          "parent": 12,
                                                          "ID": 17,
                                                          "left": 18
                                                        }
                                                      ],
                                                      "parent": 11,
                                                      "ID": 12,
                                                      "left": 13,
                                                      "right": 17
                                                    },
                                                    {
                                                      "Node Type": "Hash",
                                                      "Parent Relationship": "Inner",
                                                      "Parallel Aware": true,
                                                      "Async Capable": false,
                                                      "Startup Cost": 7495.25,
                                                      "Total Cost": 7495.25,
                                                      "Plan Rows": 2442,
                                                      "Plan Width": 4,
                                                      "Plans": [
                                                        {
                                                          "Node Type": "Seq Scan",
                                                          "Parent Relationship": "Outer",
                                                          "Parallel Aware": true,
                                                          "Async Capable": false,
                                                          "Relation Name": "item",
                                                          "Alias": "item",
                                                          "Startup Cost": 0.0,
                                                          "Total Cost": 7495.25,
                                                          "Plan Rows": 2442,
                                                          "Plan Width": 4,
                                                          "Filter": "(i_current_price > '50'::numeric)",
                                                          "parent": 19,
                                                          "ID": 20
                                                        }
                                                      ],
                                                      "parent": 11,
                                                      "ID": 19,
                                                      "left": 20
                                                    }
                                                  ],
                                                  "parent": 10,
                                                  "ID": 11,
                                                  "left": 12,
                                                  "right": 19
                                                },
                                                {
                                                  "Node Type": "Hash",
                                                  "Parent Relationship": "Inner",
                                                  "Parallel Aware": false,
                                                  "Async Capable": false,
                                                  "Startup Cost": 19.25,
                                                  "Total Cost": 19.25,
                                                  "Plan Rows": 492,
                                                  "Plan Width": 4,
                                                  "Plans": [
                                                    {
                                                      "Node Type": "Seq Scan",
                                                      "Parent Relationship": "Outer",
                                                      "Parallel Aware": false,
                                                      "Async Capable": false,
                                                      "Relation Name": "promotion",
                                                      "Alias": "promotion",
                                                      "Startup Cost": 0.0,
                                                      "Total Cost": 19.25,
                                                      "Plan Rows": 492,
                                                      "Plan Width": 4,
                                                      "Filter": "(p_channel_tv = 'N'::bpchar)",
                                                      "parent": 21,
                                                      "ID": 22
                                                    }
                                                  ],
                                                  "parent": 10,
                                                  "ID": 21,
                                                  "left": 22
                                                }
                                              ],
                                              "parent": 9,
                                              "ID": 10,
                                              "left": 11,
                                              "right": 21
                                            },
                                            {
                                              "Node Type": "Hash",
                                              "Parent Relationship": "Inner",
                                              "Parallel Aware": false,
                                              "Async Capable": false,
                                              "Startup Cost": 6.02,
                                              "Total Cost": 6.02,
                                              "Plan Rows": 102,
                                              "Plan Width": 21,
                                              "Plans": [
                                                {
                                                  "Node Type": "Seq Scan",
                                                  "Parent Relationship": "Outer",
                                                  "Parallel Aware": false,
                                                  "Async Capable": false,
                                                  "Relation Name": "store",
                                                  "Alias": "store",
                                                  "Startup Cost": 0.0,
                                                  "Total Cost": 6.02,
                                                  "Plan Rows": 102,
                                                  "Plan Width": 21,
                                                  "parent": 23,
                                                  "ID": 24
                                                }
                                              ],
                                              "parent": 9,
                                              "ID": 23,
                                              "left": 24
                                            }
                                          ],
                                          "parent": 8,
                                          "ID": 9,
                                          "left": 10,
                                          "right": 23
                                        }
                                      ],
                                      "parent": 7,
                                      "ID": 8,
                                      "left": 9
                                    }
                                  ],
                                  "parent": 6,
                                  "ID": 7,
                                  "left": 8
                                }
                              ],
                              "parent": 5,
                              "ID": 6,
                              "left": 7
                            }
                          ],
                          "parent": 4,
                          "ID": 5,
                          "left": 6
                        }
                      ],
                      "parent": 3,
                      "ID": 4,
                      "left": 5
                    },
                    {
                      "Node Type": "Subquery Scan",
                      "Parent Relationship": "Member",
                      "Parallel Aware": false,
                      "Async Capable": false,
                      "Alias": "csr",
                      "Startup Cost": 518177.36,
                      "Total Cost": 518230.78,
                      "Plan Rows": 340,
                      "Plan Width": 160,
                      "Plans": [
                        {
                          "Node Type": "Aggregate",
                          "Strategy": "Sorted",
                          "Partial Mode": "Finalize",
                          "Parent Relationship": "Subquery",
                          "Parallel Aware": false,
                          "Async Capable": false,
                          "Startup Cost": 518177.36,
                          "Total Cost": 518225.68,
                          "Plan Rows": 340,
                          "Plan Width": 113,
                          "Group Key": [
                            "catalog_page.cp_catalog_page_id"
                          ],
                          "Plans": [
                            {
                              "Node Type": "Gather Merge",
                              "Parent Relationship": "Outer",
                              "Parallel Aware": false,
                              "Async Capable": false,
                              "Startup Cost": 518177.36,
                              "Total Cost": 518214.76,
                              "Plan Rows": 284,
                              "Plan Width": 113,
                              "Workers Planned": 2,
                              "Plans": [
                                {
                                  "Node Type": "Aggregate",
                                  "Strategy": "Sorted",
                                  "Partial Mode": "Partial",
                                  "Parent Relationship": "Outer",
                                  "Parallel Aware": false,
                                  "Async Capable": false,
                                  "Startup Cost": 517177.34,
                                  "Total Cost": 517181.95,
                                  "Plan Rows": 142,
                                  "Plan Width": 113,
                                  "Group Key": [
                                    "catalog_page.cp_catalog_page_id"
                                  ],
                                  "Plans": [
                                    {
                                      "Node Type": "Sort",
                                      "Parent Relationship": "Outer",
                                      "Parallel Aware": false,
                                      "Async Capable": false,
                                      "Startup Cost": 517177.34,
                                      "Total Cost": 517177.69,
                                      "Plan Rows": 142,
                                      "Plan Width": 41,
                                      "Sort Key": [
                                        "catalog_page.cp_catalog_page_id"
                                      ],
                                      "Plans": [
                                        {
                                          "Node Type": "Hash Join",
                                          "Parent Relationship": "Outer",
                                          "Parallel Aware": false,
                                          "Async Capable": false,
                                          "Join Type": "Inner",
                                          "Startup Cost": 57382.33,
                                          "Total Cost": 517172.26,
                                          "Plan Rows": 142,
                                          "Plan Width": 41,
                                          "Inner Unique": false,
                                          "Hash Cond": "(catalog_sales.cs_catalog_page_sk = catalog_page.cp_catalog_page_sk)",
                                          "Plans": [
                                            {
                                              "Node Type": "Hash Join",
                                              "Parent Relationship": "Outer",
                                              "Parallel Aware": false,
                                              "Async Capable": false,
                                              "Join Type": "Inner",
                                              "Startup Cost": 56864.33,
                                              "Total Cost": 516652.32,
                                              "Plan Rows": 142,
                                              "Plan Width": 28,
                                              "Inner Unique": false,
                                              "Hash Cond": "(catalog_sales.cs_promo_sk = promotion_1.p_promo_sk)",
                                              "Plans": [
                                                {
                                                  "Node Type": "Hash Join",
                                                  "Parent Relationship": "Outer",
                                                  "Parallel Aware": true,
                                                  "Async Capable": false,
                                                  "Join Type": "Inner",
                                                  "Startup Cost": 56838.93,
                                                  "Total Cost": 516624.96,
                                                  "Plan Rows": 145,
                                                  "Plan Width": 32,
                                                  "Inner Unique": false,
                                                  "Hash Cond": "(catalog_sales.cs_item_sk = item_1.i_item_sk)",
                                                  "Plans": [
                                                    {
                                                      "Node Type": "Hash Join",
                                                      "Parent Relationship": "Outer",
                                                      "Parallel Aware": true,
                                                      "Async Capable": false,
                                                      "Join Type": "Left",
                                                      "Startup Cost": 49313.15,
                                                      "Total Cost": 509089.08,
                                                      "Plan Rows": 2532,
                                                      "Plan Width": 36,
                                                      "Inner Unique": false,
                                                      "Hash Cond": "((catalog_sales.cs_item_sk = catalog_returns.cr_item_sk) AND (catalog_sales.cs_order_number = catalog_returns.cr_order_number))",
                                                      "Plans": [
                                                        {
                                                          "Node Type": "Hash Join",
                                                          "Parent Relationship": "Outer",
                                                          "Parallel Aware": true,
                                                          "Async Capable": false,
                                                          "Join Type": "Inner",
                                                          "Startup Cost": 2049.78,
                                                          "Total Cost": 458254.7,
                                                          "Plan Rows": 2532,
                                                          "Plan Width": 28,
                                                          "Inner Unique": false,
                                                          "Hash Cond": "(catalog_sales.cs_sold_date_sk = date_dim_1.d_date_sk)",
                                                          "Plans": [
                                                            {
                                                              "Node Type": "Seq Scan",
                                                              "Parent Relationship": "Outer",
                                                              "Parallel Aware": true,
                                                              "Async Capable": false,
                                                              "Relation Name": "catalog_sales",
                                                              "Alias": "catalog_sales",
                                                              "Startup Cost": 0.0,
                                                              "Total Cost": 433688.25,
                                                              "Plan Rows": 6000525,
                                                              "Plan Width": 32,
                                                              "parent": 34,
                                                              "ID": 35
                                                            },
                                                            {
                                                              "Node Type": "Hash",
                                                              "Parent Relationship": "Inner",
                                                              "Parallel Aware": true,
                                                              "Async Capable": false,
                                                              "Startup Cost": 2049.55,
                                                              "Total Cost": 2049.55,
                                                              "Plan Rows": 18,
                                                              "Plan Width": 4,
                                                              "Plans": [
                                                                {
                                                                  "Node Type": "Seq Scan",
                                                                  "Parent Relationship": "Outer",
                                                                  "Parallel Aware": true,
                                                                  "Async Capable": false,
                                                                  "Relation Name": "date_dim",
                                                                  "Alias": "date_dim_1",
                                                                  "Startup Cost": 0.0,
                                                                  "Total Cost": 2049.55,
                                                                  "Plan Rows": 18,
                                                                  "Plan Width": 4,
                                                                  "Filter": "((d_date >= '2000-08-02'::date) AND (d_date <= '2000-09-01 00:00:00'::timestamp without time zone))",
                                                                  "parent": 36,
                                                                  "ID": 37
                                                                }
                                                              ],
                                                              "parent": 34,
                                                              "ID": 36,
                                                              "left": 37
                                                            }
                                                          ],
                                                          "parent": 33,
                                                          "ID": 34,
                                                          "left": 35,
                                                          "right": 36
                                                        },
                                                        {
                                                          "Node Type": "Hash",
                                                          "Parent Relationship": "Inner",
                                                          "Parallel Aware": true,
                                                          "Async Capable": false,
                                                          "Startup Cost": 34748.95,
                                                          "Total Cost": 34748.95,
                                                          "Plan Rows": 599895,
                                                          "Plan Width": 20,
                                                          "Plans": [
                                                            {
                                                              "Node Type": "Seq Scan",
                                                              "Parent Relationship": "Outer",
                                                              "Parallel Aware": true,
                                                              "Async Capable": false,
                                                              "Relation Name": "catalog_returns",
                                                              "Alias": "catalog_returns",
                                                              "Startup Cost": 0.0,
                                                              "Total Cost": 34748.95,
                                                              "Plan Rows": 599895,
                                                              "Plan Width": 20,
                                                              "parent": 38,
                                                              "ID": 39
                                                            }
                                                          ],
                                                          "parent": 33,
                                                          "ID": 38,
                                                          "left": 39
                                                        }
                                                      ],
                                                      "parent": 32,
                                                      "ID": 33,
                                                      "left": 34,
                                                      "right": 38
                                                    },
                                                    {
                                                      "Node Type": "Hash",
                                                      "Parent Relationship": "Inner",
                                                      "Parallel Aware": true,
                                                      "Async Capable": false,
                                                      "Startup Cost": 7495.25,
                                                      "Total Cost": 7495.25,
                                                      "Plan Rows": 2442,
                                                      "Plan Width": 4,
                                                      "Plans": [
                                                        {
                                                          "Node Type": "Seq Scan",
                                                          "Parent Relationship": "Outer",
                                                          "Parallel Aware": true,
                                                          "Async Capable": false,
                                                          "Relation Name": "item",
                                                          "Alias": "item_1",
                                                          "Startup Cost": 0.0,
                                                          "Total Cost": 7495.25,
                                                          "Plan Rows": 2442,
                                                          "Plan Width": 4,
                                                          "Filter": "(i_current_price > '50'::numeric)",
                                                          "parent": 40,
                                                          "ID": 41
                                                        }
                                                      ],
                                                      "parent": 32,
                                                      "ID": 40,
                                                      "left": 41
                                                    }
                                                  ],
                                                  "parent": 31,
                                                  "ID": 32,
                                                  "left": 33,
                                                  "right": 40
                                                },
                                                {
                                                  "Node Type": "Hash",
                                                  "Parent Relationship": "Inner",
                                                  "Parallel Aware": false,
                                                  "Async Capable": false,
                                                  "Startup Cost": 19.25,
                                                  "Total Cost": 19.25,
                                                  "Plan Rows": 492,
                                                  "Plan Width": 4,
                                                  "Plans": [
                                                    {
                                                      "Node Type": "Seq Scan",
                                                      "Parent Relationship": "Outer",
                                                      "Parallel Aware": false,
                                                      "Async Capable": false,
                                                      "Relation Name": "promotion",
                                                      "Alias": "promotion_1",
                                                      "Startup Cost": 0.0,
                                                      "Total Cost": 19.25,
                                                      "Plan Rows": 492,
                                                      "Plan Width": 4,
                                                      "Filter": "(p_channel_tv = 'N'::bpchar)",
                                                      "parent": 42,
                                                      "ID": 43
                                                    }
                                                  ],
                                                  "parent": 31,
                                                  "ID": 42,
                                                  "left": 43
                                                }
                                              ],
                                              "parent": 30,
                                              "ID": 31,
                                              "left": 32,
                                              "right": 42
                                            },
                                            {
                                              "Node Type": "Hash",
                                              "Parent Relationship": "Inner",
                                              "Parallel Aware": false,
                                              "Async Capable": false,
                                              "Startup Cost": 368.0,
                                              "Total Cost": 368.0,
                                              "Plan Rows": 12000,
                                              "Plan Width": 21,
                                              "Plans": [
                                                {
                                                  "Node Type": "Seq Scan",
                                                  "Parent Relationship": "Outer",
                                                  "Parallel Aware": false,
                                                  "Async Capable": false,
                                                  "Relation Name": "catalog_page",
                                                  "Alias": "catalog_page",
                                                  "Startup Cost": 0.0,
                                                  "Total Cost": 368.0,
                                                  "Plan Rows": 12000,
                                                  "Plan Width": 21,
                                                  "parent": 44,
                                                  "ID": 45
                                                }
                                              ],
                                              "parent": 30,
                                              "ID": 44,
                                              "left": 45
                                            }
                                          ],
                                          "parent": 29,
                                          "ID": 30,
                                          "left": 31,
                                          "right": 44
                                        }
                                      ],
                                      "parent": 28,
                                      "ID": 29,
                                      "left": 30
                                    }
                                  ],
                                  "parent": 27,
                                  "ID": 28,
                                  "left": 29
                                }
                              ],
                              "parent": 26,
                              "ID": 27,
                              "left": 28
                            }
                          ],
                          "parent": 25,
                          "ID": 26,
                          "left": 27
                        }
                      ],
                      "parent": 3,
                      "ID": 25,
                      "left": 26
                    },
                    {
                      "Node Type": "Subquery Scan",
                      "Parent Relationship": "Member",
                      "Parallel Aware": false,
                      "Async Capable": false,
                      "Alias": "wsr",
                      "Startup Cost": 263919.04,
                      "Total Cost": 263926.75,
                      "Plan Rows": 21,
                      "Plan Width": 160,
                      "Plans": [
                        {
                          "Node Type": "Aggregate",
                          "Strategy": "Sorted",
                          "Partial Mode": "Finalize",
                          "Parent Relationship": "Subquery",
                          "Parallel Aware": false,
                          "Async Capable": false,
                          "Startup Cost": 263919.04,
                          "Total Cost": 263926.43,
                          "Plan Rows": 21,
                          "Plan Width": 113,
                          "Group Key": [
                            "web_site.web_site_id"
                          ],
                          "Plans": [
                            {
                              "Node Type": "Gather Merge",
                              "Parent Relationship": "Outer",
                              "Parallel Aware": false,
                              "Async Capable": false,
                              "Startup Cost": 263919.04,
                              "Total Cost": 263925.33,
                              "Plan Rows": 42,
                              "Plan Width": 113,
                              "Workers Planned": 2,
                              "Plans": [
                                {
                                  "Node Type": "Aggregate",
                                  "Strategy": "Sorted",
                                  "Partial Mode": "Partial",
                                  "Parent Relationship": "Outer",
                                  "Parallel Aware": false,
                                  "Async Capable": false,
                                  "Startup Cost": 262919.01,
                                  "Total Cost": 262920.46,
                                  "Plan Rows": 21,
                                  "Plan Width": 113,
                                  "Group Key": [
                                    "web_site.web_site_id"
                                  ],
                                  "Plans": [
                                    {
                                      "Node Type": "Sort",
                                      "Parent Relationship": "Outer",
                                      "Parallel Aware": false,
                                      "Async Capable": false,
                                      "Startup Cost": 262919.01,
                                      "Total Cost": 262919.19,
                                      "Plan Rows": 72,
                                      "Plan Width": 41,
                                      "Sort Key": [
                                        "web_site.web_site_id"
                                      ],
                                      "Plans": [
                                        {
                                          "Node Type": "Hash Join",
                                          "Parent Relationship": "Outer",
                                          "Parallel Aware": false,
                                          "Async Capable": false,
                                          "Join Type": "Inner",
                                          "Startup Cost": 32134.74,
                                          "Total Cost": 262916.79,
                                          "Plan Rows": 72,
                                          "Plan Width": 41,
                                          "Inner Unique": false,
                                          "Hash Cond": "(web_sales.ws_web_site_sk = web_site.web_site_sk)",
                                          "Plans": [
                                            {
                                              "Node Type": "Hash Join",
                                              "Parent Relationship": "Outer",
                                              "Parallel Aware": false,
                                              "Async Capable": false,
                                              "Join Type": "Inner",
                                              "Startup Cost": 32130.8,
                                              "Total Cost": 262911.86,
                                              "Plan Rows": 72,
                                              "Plan Width": 28,
                                              "Inner Unique": false,
                                              "Hash Cond": "(web_sales.ws_promo_sk = promotion_2.p_promo_sk)",
                                              "Plans": [
                                                {
                                                  "Node Type": "Hash Join",
                                                  "Parent Relationship": "Outer",
                                                  "Parallel Aware": true,
                                                  "Async Capable": false,
                                                  "Join Type": "Inner",
                                                  "Startup Cost": 32105.4,
                                                  "Total Cost": 262885.46,
                                                  "Plan Rows": 73,
                                                  "Plan Width": 32,
                                                  "Inner Unique": false,
                                                  "Hash Cond": "(web_sales.ws_item_sk = item_2.i_item_sk)",
                                                  "Plans": [
                                                    {
                                                      "Node Type": "Hash Join",
                                                      "Parent Relationship": "Outer",
                                                      "Parallel Aware": true,
                                                      "Async Capable": false,
                                                      "Join Type": "Left",
                                                      "Startup Cost": 24579.62,
                                                      "Total Cost": 255354.62,
                                                      "Plan Rows": 1272,
                                                      "Plan Width": 36,
                                                      "Inner Unique": false,
                                                      "Hash Cond": "((web_sales.ws_item_sk = web_returns.wr_item_sk) AND (web_sales.ws_order_number = web_returns.wr_order_number))",
                                                      "Plans": [
                                                        {
                                                          "Node Type": "Hash Join",
                                                          "Parent Relationship": "Outer",
                                                          "Parallel Aware": true,
                                                          "Async Capable": false,
                                                          "Join Type": "Inner",
                                                          "Startup Cost": 2049.78,
                                                          "Total Cost": 231041.22,
                                                          "Plan Rows": 1272,
                                                          "Plan Width": 28,
                                                          "Inner Unique": false,
                                                          "Hash Cond": "(web_sales.ws_sold_date_sk = date_dim_2.d_date_sk)",
                                                          "Plans": [
                                                            {
                                                              "Node Type": "Seq Scan",
                                                              "Parent Relationship": "Outer",
                                                              "Parallel Aware": true,
                                                              "Async Capable": false,
                                                              "Relation Name": "web_sales",
                                                              "Alias": "web_sales",
                                                              "Startup Cost": 0.0,
                                                              "Total Cost": 217737.86,
                                                              "Plan Rows": 2998986,
                                                              "Plan Width": 32,
                                                              "parent": 55,
                                                              "ID": 56
                                                            },
                                                            {
                                                              "Node Type": "Hash",
                                                              "Parent Relationship": "Inner",
                                                              "Parallel Aware": true,
                                                              "Async Capable": false,
                                                              "Startup Cost": 2049.55,
                                                              "Total Cost": 2049.55,
                                                              "Plan Rows": 18,
                                                              "Plan Width": 4,
                                                              "Plans": [
                                                                {
                                                                  "Node Type": "Seq Scan",
                                                                  "Parent Relationship": "Outer",
                                                                  "Parallel Aware": true,
                                                                  "Async Capable": false,
                                                                  "Relation Name": "date_dim",
                                                                  "Alias": "date_dim_2",
                                                                  "Startup Cost": 0.0,
                                                                  "Total Cost": 2049.55,
                                                                  "Plan Rows": 18,
                                                                  "Plan Width": 4,
                                                                  "Filter": "((d_date >= '2000-08-02'::date) AND (d_date <= '2000-09-01 00:00:00'::timestamp without time zone))",
                                                                  "parent": 57,
                                                                  "ID": 58
                                                                }
                                                              ],
                                                              "parent": 55,
                                                              "ID": 57,
                                                              "left": 58
                                                            }
                                                          ],
                                                          "parent": 54,
                                                          "ID": 55,
                                                          "left": 56,
                                                          "right": 57
                                                        },
                                                        {
                                                          "Node Type": "Hash",
                                                          "Parent Relationship": "Inner",
                                                          "Parallel Aware": true,
                                                          "Async Capable": false,
                                                          "Startup Cost": 16278.74,
                                                          "Total Cost": 16278.74,
                                                          "Plan Rows": 299674,
                                                          "Plan Width": 20,
                                                          "Plans": [
                                                            {
                                                              "Node Type": "Seq Scan",
                                                              "Parent Relationship": "Outer",
                                                              "Parallel Aware": true,
                                                              "Async Capable": false,
                                                              "Relation Name": "web_returns",
                                                              "Alias": "web_returns",
                                                              "Startup Cost": 0.0,
                                                              "Total Cost": 16278.74,
                                                              "Plan Rows": 299674,
                                                              "Plan Width": 20,
                                                              "parent": 59,
                                                              "ID": 60
                                                            }
                                                          ],
                                                          "parent": 54,
                                                          "ID": 59,
                                                          "left": 60
                                                        }
                                                      ],
                                                      "parent": 53,
                                                      "ID": 54,
                                                      "left": 55,
                                                      "right": 59
                                                    },
                                                    {
                                                      "Node Type": "Hash",
                                                      "Parent Relationship": "Inner",
                                                      "Parallel Aware": true,
                                                      "Async Capable": false,
                                                      "Startup Cost": 7495.25,
                                                      "Total Cost": 7495.25,
                                                      "Plan Rows": 2442,
                                                      "Plan Width": 4,
                                                      "Plans": [
                                                        {
                                                          "Node Type": "Seq Scan",
                                                          "Parent Relationship": "Outer",
                                                          "Parallel Aware": true,
                                                          "Async Capable": false,
                                                          "Relation Name": "item",
                                                          "Alias": "item_2",
                                                          "Startup Cost": 0.0,
                                                          "Total Cost": 7495.25,
                                                          "Plan Rows": 2442,
                                                          "Plan Width": 4,
                                                          "Filter": "(i_current_price > '50'::numeric)",
                                                          "parent": 61,
                                                          "ID": 62
                                                        }
                                                      ],
                                                      "parent": 53,
                                                      "ID": 61,
                                                      "left": 62
                                                    }
                                                  ],
                                                  "parent": 52,
                                                  "ID": 53,
                                                  "left": 54,
                                                  "right": 61
                                                },
                                                {
                                                  "Node Type": "Hash",
                                                  "Parent Relationship": "Inner",
                                                  "Parallel Aware": false,
                                                  "Async Capable": false,
                                                  "Startup Cost": 19.25,
                                                  "Total Cost": 19.25,
                                                  "Plan Rows": 492,
                                                  "Plan Width": 4,
                                                  "Plans": [
                                                    {
                                                      "Node Type": "Seq Scan",
                                                      "Parent Relationship": "Outer",
                                                      "Parallel Aware": false,
                                                      "Async Capable": false,
                                                      "Relation Name": "promotion",
                                                      "Alias": "promotion_2",
                                                      "Startup Cost": 0.0,
                                                      "Total Cost": 19.25,
                                                      "Plan Rows": 492,
                                                      "Plan Width": 4,
                                                      "Filter": "(p_channel_tv = 'N'::bpchar)",
                                                      "parent": 63,
                                                      "ID": 64
                                                    }
                                                  ],
                                                  "parent": 52,
                                                  "ID": 63,
                                                  "left": 64
                                                }
                                              ],
                                              "parent": 51,
                                              "ID": 52,
                                              "left": 53,
                                              "right": 63
                                            },
                                            {
                                              "Node Type": "Hash",
                                              "Parent Relationship": "Inner",
                                              "Parallel Aware": false,
                                              "Async Capable": false,
                                              "Startup Cost": 3.42,
                                              "Total Cost": 3.42,
                                              "Plan Rows": 42,
                                              "Plan Width": 21,
                                              "Plans": [
                                                {
                                                  "Node Type": "Seq Scan",
                                                  "Parent Relationship": "Outer",
                                                  "Parallel Aware": false,
                                                  "Async Capable": false,
                                                  "Relation Name": "web_site",
                                                  "Alias": "web_site",
                                                  "Startup Cost": 0.0,
                                                  "Total Cost": 3.42,
                                                  "Plan Rows": 42,
                                                  "Plan Width": 21,
                                                  "parent": 65,
                                                  "ID": 66
                                                }
                                              ],
                                              "parent": 51,
                                              "ID": 65,
                                              "left": 66
                                            }
                                          ],
                                          "parent": 50,
                                          "ID": 51,
                                          "left": 52,
                                          "right": 65
                                        }
                                      ],
                                      "parent": 49,
                                      "ID": 50,
                                      "left": 51
                                    }
                                  ],
                                  "parent": 48,
                                  "ID": 49,
                                  "left": 50
                                }
                              ],
                              "parent": 47,
                              "ID": 48,
                              "left": 49
                            }
                          ],
                          "parent": 46,
                          "ID": 47,
                          "left": 48
                        }
                      ],
                      "parent": 3,
                      "ID": 46,
                      "left": 47
                    }
                  ],
                  "parent": 2,
                  "ID": 3,
                  "left": 4,
                  "right": 25
                }
              ],
              "parent": 1,
              "ID": 2,
              "left": 3
            }
          ],
          "parent": 0,
          "ID": 1,
          "left": 2
        }
      ],
      "parent": null,
      "ID": 0,
      "left": 1
    },
    "feat": {
      "utility": 2.180803092544919e-06,
      "query_shape": [
        [
          "Seq Scan",
          "Hash Join",
          "Sort",
          "Aggregate",
          "Gather Merge",
          "Subquery Scan",
          "Append"
        ],
        [
          "Seq Scan",
          "Hash",
          "Hash Join",
          "Sort",
          "Aggregate",
          "Gather Merge",
          "Subquery Scan",
          "Append"
        ],
        [
          "Seq Scan",
          "Hash",
          "Hash Join",
          "Sort",
          "Aggregate",
          "Gather Merge",
          "Subquery Scan",
          "Append"
        ],
        [
          "Seq Scan",
          "Hash",
          "Hash Join",
          "Sort",
          "Aggregate",
          "Gather Merge",
          "Subquery Scan",
          "Append"
        ],
        [
          "Seq Scan",
          "Hash",
          "Hash Join",
          "Sort",
          "Aggregate",
          "Gather Merge",
          "Subquery Scan",
          "Append"
        ],
        [
          "Seq Scan",
          "Hash",
          "Hash Join",
          "Sort",
          "Aggregate",
          "Gather Merge",
          "Subquery Scan",
          "Append"
        ],
        [
          "Seq Scan",
          "Hash Join",
          "Sort",
          "Aggregate",
          "Gather Merge",
          "Subquery Scan",
          "Append"
        ],
        [
          "Seq Scan",
          "Hash",
          "Hash Join",
          "Sort",
          "Aggregate",
          "Gather Merge",
          "Subquery Scan",
          "Append"
        ],
        [
          "Seq Scan",
          "Hash",
          "Hash Join",
          "Sort",
          "Aggregate",
          "Gather Merge",
          "Subquery Scan",
          "Append"
        ],
        [
          "Seq Scan",
          "Hash",
          "Hash Join",
          "Sort",
          "Aggregate",
          "Gather Merge",
          "Subquery Scan",
          "Append"
        ],
        [
          "Seq Scan",
          "Hash",
          "Hash Join",
          "Sort",
          "Aggregate",
          "Gather Merge",
          "Subquery Scan",
          "Append"
        ],
        [
          "Seq Scan",
          "Hash",
          "Hash Join",
          "Sort",
          "Aggregate",
          "Gather Merge",
          "Subquery Scan",
          "Append"
        ],
        [
          "Seq Scan",
          "Hash Join",
          "Sort",
          "Aggregate",
          "Gather Merge",
          "Subquery Scan",
          "Append"
        ],
        [
          "Seq Scan",
          "Hash",
          "Hash Join",
          "Sort",
          "Aggregate",
          "Gather Merge",
          "Subquery Scan",
          "Append"
        ],
        [
          "Seq Scan",
          "Hash",
          "Hash Join",
          "Sort",
          "Aggregate",
          "Gather Merge",
          "Subquery Scan",
          "Append"
        ],
        [
          "Seq Scan",
          "Hash",
          "Hash Join",
          "Sort",
          "Aggregate",
          "Gather Merge",
          "Subquery Scan",
          "Append"
        ],
        [
          "Seq Scan",
          "Hash",
          "Hash Join",
          "Sort",
          "Aggregate",
          "Gather Merge",
          "Subquery Scan",
          "Append"
        ],
        [
          "Seq Scan",
          "Hash",
          "Hash Join",
          "Sort",
          "Aggregate",
          "Gather Merge",
          "Subquery Scan",
          "Append"
        ]
      ],
      "index_shape": [
        "join"
      ],
      "physical_operator": {
        "Hash Join": [
          0.0009135700778115242
        ]
      }
    }
  },
  {
    "query": "with ssr as\n (select  s_store_id as store_id,\n          sum(ss_ext_sales_price) as sales,\n          sum(coalesce(sr_return_amt, 0)) as returns,\n          sum(ss_net_profit - coalesce(sr_net_loss, 0)) as profit\n  from store_sales left outer join store_returns on\n         (ss_item_sk = sr_item_sk and ss_ticket_number = sr_ticket_number),\n     date_dim,\n     store,\n     item,\n     promotion\n where ss_sold_date_sk = d_date_sk\n       and d_date between cast('2000-08-02' as date) \n                  and (cast('2000-08-02' as date) +  interval '30 days')\n       and ss_store_sk = s_store_sk\n       and ss_item_sk = i_item_sk\n       and i_current_price > 50\n       and ss_promo_sk = p_promo_sk\n       and p_channel_tv = 'N'\n group by s_store_id)\n ,\n csr as\n (select  cp_catalog_page_id as catalog_page_id,\n          sum(cs_ext_sales_price) as sales,\n          sum(coalesce(cr_return_amount, 0)) as returns,\n          sum(cs_net_profit - coalesce(cr_net_loss, 0)) as profit\n  from catalog_sales left outer join catalog_returns on\n         (cs_item_sk = cr_item_sk and cs_order_number = cr_order_number),\n     date_dim,\n     catalog_page,\n     item,\n     promotion\n where cs_sold_date_sk = d_date_sk\n       and d_date between cast('2000-08-02' as date)\n                  and (cast('2000-08-02' as date) +  interval '30 days')\n        and cs_catalog_page_sk = cp_catalog_page_sk\n       and cs_item_sk = i_item_sk\n       and i_current_price > 50\n       and cs_promo_sk = p_promo_sk\n       and p_channel_tv = 'N'\ngroup by cp_catalog_page_id)\n ,\n wsr as\n (select  web_site_id,\n          sum(ws_ext_sales_price) as sales,\n          sum(coalesce(wr_return_amt, 0)) as returns,\n          sum(ws_net_profit - coalesce(wr_net_loss, 0)) as profit\n  from web_sales left outer join web_returns on\n         (ws_item_sk = wr_item_sk and ws_order_number = wr_order_number),\n     date_dim,\n     web_site,\n     item,\n     promotion\n where ws_sold_date_sk = d_date_sk\n       and d_date between cast('2000-08-02' as date)\n                  and (cast('2000-08-02' as date) +  interval '30 days')\n        and ws_web_site_sk = web_site_sk\n       and ws_item_sk = i_item_sk\n       and i_current_price > 50\n       and ws_promo_sk = p_promo_sk\n       and p_channel_tv = 'N'\ngroup by web_site_id)\n  select  channel\n        , id\n        , sum(sales) as sales\n        , sum(returns) as returns\n        , sum(profit) as profit\n from \n (select 'store channel' as channel\n        , 'store' || store_id as id\n        , sales\n        , returns\n        , profit\n from   ssr\n union all\n select 'catalog channel' as channel\n        , 'catalog_page' || catalog_page_id as id\n        , sales\n        , returns\n        , profit\n from  csr\n union all\n select 'web channel' as channel\n        , 'web_site' || web_site_id as id\n        , sales\n        , returns\n        , profit\n from   wsr\n ) x\n group by rollup (channel, id)\n order by channel\n         ,id\n limit 100;\n\n-- end query 61 in stream 4 using template query80.tpl\n",
    "indexes": "store_returns.sr_ticket_number",
    "wo plan est": {
      "Node Type": "Limit",
      "Parallel Aware": false,
      "Async Capable": false,
      "Startup Cost": 1566793.64,
      "Total Cost": 1566796.93,
      "Plan Rows": 100,
      "Plan Width": 160,
      "Plans": [
        {
          "Node Type": "Aggregate",
          "Strategy": "Sorted",
          "Partial Mode": "Simple",
          "Parent Relationship": "Outer",
          "Parallel Aware": false,
          "Async Capable": false,
          "Startup Cost": 1566793.64,
          "Total Cost": 1566806.84,
          "Plan Rows": 401,
          "Plan Width": 160,
          "Grouping Sets": [
            {
              "Group Keys": [
                [
                  "('store channel'::text)",
                  "(('store'::text || (ssr.store_id)::text))"
                ],
                [
                  "('store channel'::text)"
                ],
                []
              ]
            }
          ],
          "Plans": [
            {
              "Node Type": "Sort",
              "Parent Relationship": "Outer",
              "Parallel Aware": false,
              "Async Capable": false,
              "Startup Cost": 1566793.64,
              "Total Cost": 1566794.67,
              "Plan Rows": 412,
              "Plan Width": 160,
              "Sort Key": [
                "('store channel'::text)",
                "(('store'::text || (ssr.store_id)::text))"
              ],
              "Plans": [
                {
                  "Node Type": "Append",
                  "Parent Relationship": "Outer",
                  "Parallel Aware": false,
                  "Async Capable": false,
                  "Startup Cost": 784596.3,
                  "Total Cost": 1566775.74,
                  "Plan Rows": 412,
                  "Plan Width": 160,
                  "Subplans Removed": 0,
                  "Plans": [
                    {
                      "Node Type": "Subquery Scan",
                      "Parent Relationship": "Member",
                      "Parallel Aware": false,
                      "Async Capable": false,
                      "Alias": "ssr",
                      "Startup Cost": 784596.3,
                      "Total Cost": 784616.16,
                      "Plan Rows": 51,
                      "Plan Width": 160,
                      "Plans": [
                        {
                          "Node Type": "Aggregate",
                          "Strategy": "Sorted",
                          "Partial Mode": "Finalize",
                          "Parent Relationship": "Subquery",
                          "Parallel Aware": false,
                          "Async Capable": false,
                          "Startup Cost": 784596.3,
                          "Total Cost": 784615.39,
                          "Plan Rows": 51,
                          "Plan Width": 113,
                          "Group Key": [
                            "store.s_store_id"
                          ],
                          "Plans": [
                            {
                              "Node Type": "Gather Merge",
                              "Parent Relationship": "Outer",
                              "Parallel Aware": false,
                              "Async Capable": false,
                              "Startup Cost": 784596.3,
                              "Total Cost": 784612.71,
                              "Plan Rows": 102,
                              "Plan Width": 113,
                              "Workers Planned": 2,
                              "Plans": [
                                {
                                  "Node Type": "Aggregate",
                                  "Strategy": "Sorted",
                                  "Partial Mode": "Partial",
                                  "Parent Relationship": "Outer",
                                  "Parallel Aware": false,
                                  "Async Capable": false,
                                  "Startup Cost": 783596.27,
                                  "Total Cost": 783600.92,
                                  "Plan Rows": 51,
                                  "Plan Width": 113,
                                  "Group Key": [
                                    "store.s_store_id"
                                  ],
                                  "Plans": [
                                    {
                                      "Node Type": "Sort",
                                      "Parent Relationship": "Outer",
                                      "Parallel Aware": false,
                                      "Async Capable": false,
                                      "Startup Cost": 783596.27,
                                      "Total Cost": 783596.9,
                                      "Plan Rows": 250,
                                      "Plan Width": 41,
                                      "Sort Key": [
                                        "store.s_store_id"
                                      ],
                                      "Plans": [
                                        {
                                          "Node Type": "Hash Join",
                                          "Parent Relationship": "Outer",
                                          "Parallel Aware": false,
                                          "Async Capable": false,
                                          "Join Type": "Inner",
                                          "Startup Cost": 94489.35,
                                          "Total Cost": 783586.32,
                                          "Plan Rows": 250,
                                          "Plan Width": 41,
                                          "Inner Unique": false,
                                          "Hash Cond": "(store_sales.ss_store_sk = store.s_store_sk)",
                                          "Plans": [
                                            {
                                              "Node Type": "Hash Join",
                                              "Parent Relationship": "Outer",
                                              "Parallel Aware": false,
                                              "Async Capable": false,
                                              "Join Type": "Inner",
                                              "Startup Cost": 94482.05,
                                              "Total Cost": 783575.54,
                                              "Plan Rows": 262,
                                              "Plan Width": 28,
                                              "Inner Unique": false,
                                              "Hash Cond": "(store_sales.ss_promo_sk = promotion.p_promo_sk)",
                                              "Plans": [
                                                {
                                                  "Node Type": "Hash Join",
                                                  "Parent Relationship": "Outer",
                                                  "Parallel Aware": true,
                                                  "Async Capable": false,
                                                  "Join Type": "Inner",
                                                  "Startup Cost": 94456.65,
                                                  "Total Cost": 783546.47,
                                                  "Plan Rows": 279,
                                                  "Plan Width": 32,
                                                  "Inner Unique": false,
                                                  "Hash Cond": "(store_sales.ss_item_sk = item.i_item_sk)",
                                                  "Plans": [
                                                    {
                                                      "Node Type": "Hash Join",
                                                      "Parent Relationship": "Outer",
                                                      "Parallel Aware": true,
                                                      "Async Capable": false,
                                                      "Join Type": "Left",
                                                      "Startup Cost": 86930.88,
                                                      "Total Cost": 776001.31,
                                                      "Plan Rows": 4860,
                                                      "Plan Width": 36,
                                                      "Inner Unique": false,
                                                      "Hash Cond": "((store_sales.ss_item_sk = store_returns.sr_item_sk) AND (store_sales.ss_ticket_number = store_returns.sr_ticket_number))",
                                                      "Plans": [
                                                        {
                                                          "Node Type": "Hash Join",
                                                          "Parent Relationship": "Outer",
                                                          "Parallel Aware": true,
                                                          "Async Capable": false,
                                                          "Join Type": "Inner",
                                                          "Startup Cost": 2049.78,
                                                          "Total Cost": 683994.75,
                                                          "Plan Rows": 4860,
                                                          "Plan Width": 28,
                                                          "Inner Unique": false,
                                                          "Hash Cond": "(store_sales.ss_sold_date_sk = date_dim.d_date_sk)",
                                                          "Plans": [
                                                            {
                                                              "Node Type": "Seq Scan",
                                                              "Parent Relationship": "Outer",
                                                              "Parallel Aware": true,
                                                              "Async Capable": false,
                                                              "Relation Name": "store_sales",
                                                              "Alias": "store_sales",
                                                              "Startup Cost": 0.0,
                                                              "Total Cost": 636914.37,
                                                              "Plan Rows": 12000637,
                                                              "Plan Width": 32,
                                                              "parent": 13,
                                                              "ID": 14
                                                            },
                                                            {
                                                              "Node Type": "Hash",
                                                              "Parent Relationship": "Inner",
                                                              "Parallel Aware": true,
                                                              "Async Capable": false,
                                                              "Startup Cost": 2049.55,
                                                              "Total Cost": 2049.55,
                                                              "Plan Rows": 18,
                                                              "Plan Width": 4,
                                                              "Plans": [
                                                                {
                                                                  "Node Type": "Seq Scan",
                                                                  "Parent Relationship": "Outer",
                                                                  "Parallel Aware": true,
                                                                  "Async Capable": false,
                                                                  "Relation Name": "date_dim",
                                                                  "Alias": "date_dim",
                                                                  "Startup Cost": 0.0,
                                                                  "Total Cost": 2049.55,
                                                                  "Plan Rows": 18,
                                                                  "Plan Width": 4,
                                                                  "Filter": "((d_date >= '2000-08-02'::date) AND (d_date <= '2000-09-01 00:00:00'::timestamp without time zone))",
                                                                  "parent": 15,
                                                                  "ID": 16
                                                                }
                                                              ],
                                                              "parent": 13,
                                                              "ID": 15,
                                                              "left": 16
                                                            }
                                                          ],
                                                          "parent": 12,
                                                          "ID": 13,
                                                          "left": 14,
                                                          "right": 15
                                                        },
                                                        {
                                                          "Node Type": "Hash",
                                                          "Parent Relationship": "Inner",
                                                          "Parallel Aware": true,
                                                          "Async Capable": false,
                                                          "Startup Cost": 59887.64,
                                                          "Total Cost": 59887.64,
                                                          "Plan Rows": 1198164,
                                                          "Plan Width": 20,
                                                          "Plans": [
                                                            {
                                                              "Node Type": "Seq Scan",
                                                              "Parent Relationship": "Outer",
                                                              "Parallel Aware": true,
                                                              "Async Capable": false,
                                                              "Relation Name": "store_returns",
                                                              "Alias": "store_returns",
                                                              "Startup Cost": 0.0,
                                                              "Total Cost": 59887.64,
                                                              "Plan Rows": 1198164,
                                                              "Plan Width": 20,
                                                              "parent": 17,
                                                              "ID": 18
                                                            }
                                                          ],
                                                          "parent": 12,
                                                          "ID": 17,
                                                          "left": 18
                                                        }
                                                      ],
                                                      "parent": 11,
                                                      "ID": 12,
                                                      "left": 13,
                                                      "right": 17
                                                    },
                                                    {
                                                      "Node Type": "Hash",
                                                      "Parent Relationship": "Inner",
                                                      "Parallel Aware": true,
                                                      "Async Capable": false,
                                                      "Startup Cost": 7495.25,
                                                      "Total Cost": 7495.25,
                                                      "Plan Rows": 2442,
                                                      "Plan Width": 4,
                                                      "Plans": [
                                                        {
                                                          "Node Type": "Seq Scan",
                                                          "Parent Relationship": "Outer",
                                                          "Parallel Aware": true,
                                                          "Async Capable": false,
                                                          "Relation Name": "item",
                                                          "Alias": "item",
                                                          "Startup Cost": 0.0,
                                                          "Total Cost": 7495.25,
                                                          "Plan Rows": 2442,
                                                          "Plan Width": 4,
                                                          "Filter": "(i_current_price > '50'::numeric)",
                                                          "parent": 19,
                                                          "ID": 20
                                                        }
                                                      ],
                                                      "parent": 11,
                                                      "ID": 19,
                                                      "left": 20
                                                    }
                                                  ],
                                                  "parent": 10,
                                                  "ID": 11,
                                                  "left": 12,
                                                  "right": 19
                                                },
                                                {
                                                  "Node Type": "Hash",
                                                  "Parent Relationship": "Inner",
                                                  "Parallel Aware": false,
                                                  "Async Capable": false,
                                                  "Startup Cost": 19.25,
                                                  "Total Cost": 19.25,
                                                  "Plan Rows": 492,
                                                  "Plan Width": 4,
                                                  "Plans": [
                                                    {
                                                      "Node Type": "Seq Scan",
                                                      "Parent Relationship": "Outer",
                                                      "Parallel Aware": false,
                                                      "Async Capable": false,
                                                      "Relation Name": "promotion",
                                                      "Alias": "promotion",
                                                      "Startup Cost": 0.0,
                                                      "Total Cost": 19.25,
                                                      "Plan Rows": 492,
                                                      "Plan Width": 4,
                                                      "Filter": "(p_channel_tv = 'N'::bpchar)",
                                                      "parent": 21,
                                                      "ID": 22
                                                    }
                                                  ],
                                                  "parent": 10,
                                                  "ID": 21,
                                                  "left": 22
                                                }
                                              ],
                                              "parent": 9,
                                              "ID": 10,
                                              "left": 11,
                                              "right": 21
                                            },
                                            {
                                              "Node Type": "Hash",
                                              "Parent Relationship": "Inner",
                                              "Parallel Aware": false,
                                              "Async Capable": false,
                                              "Startup Cost": 6.02,
                                              "Total Cost": 6.02,
                                              "Plan Rows": 102,
                                              "Plan Width": 21,
                                              "Plans": [
                                                {
                                                  "Node Type": "Seq Scan",
                                                  "Parent Relationship": "Outer",
                                                  "Parallel Aware": false,
                                                  "Async Capable": false,
                                                  "Relation Name": "store",
                                                  "Alias": "store",
                                                  "Startup Cost": 0.0,
                                                  "Total Cost": 6.02,
                                                  "Plan Rows": 102,
                                                  "Plan Width": 21,
                                                  "parent": 23,
                                                  "ID": 24
                                                }
                                              ],
                                              "parent": 9,
                                              "ID": 23,
                                              "left": 24
                                            }
                                          ],
                                          "parent": 8,
                                          "ID": 9,
                                          "left": 10,
                                          "right": 23
                                        }
                                      ],
                                      "parent": 7,
                                      "ID": 8,
                                      "left": 9
                                    }
                                  ],
                                  "parent": 6,
                                  "ID": 7,
                                  "left": 8
                                }
                              ],
                              "parent": 5,
                              "ID": 6,
                              "left": 7
                            }
                          ],
                          "parent": 4,
                          "ID": 5,
                          "left": 6
                        }
                      ],
                      "parent": 3,
                      "ID": 4,
                      "left": 5
                    },
                    {
                      "Node Type": "Subquery Scan",
                      "Parent Relationship": "Member",
                      "Parallel Aware": false,
                      "Async Capable": false,
                      "Alias": "csr",
                      "Startup Cost": 518177.36,
                      "Total Cost": 518230.78,
                      "Plan Rows": 340,
                      "Plan Width": 160,
                      "Plans": [
                        {
                          "Node Type": "Aggregate",
                          "Strategy": "Sorted",
                          "Partial Mode": "Finalize",
                          "Parent Relationship": "Subquery",
                          "Parallel Aware": false,
                          "Async Capable": false,
                          "Startup Cost": 518177.36,
                          "Total Cost": 518225.68,
                          "Plan Rows": 340,
                          "Plan Width": 113,
                          "Group Key": [
                            "catalog_page.cp_catalog_page_id"
                          ],
                          "Plans": [
                            {
                              "Node Type": "Gather Merge",
                              "Parent Relationship": "Outer",
                              "Parallel Aware": false,
                              "Async Capable": false,
                              "Startup Cost": 518177.36,
                              "Total Cost": 518214.76,
                              "Plan Rows": 284,
                              "Plan Width": 113,
                              "Workers Planned": 2,
                              "Plans": [
                                {
                                  "Node Type": "Aggregate",
                                  "Strategy": "Sorted",
                                  "Partial Mode": "Partial",
                                  "Parent Relationship": "Outer",
                                  "Parallel Aware": false,
                                  "Async Capable": false,
                                  "Startup Cost": 517177.34,
                                  "Total Cost": 517181.95,
                                  "Plan Rows": 142,
                                  "Plan Width": 113,
                                  "Group Key": [
                                    "catalog_page.cp_catalog_page_id"
                                  ],
                                  "Plans": [
                                    {
                                      "Node Type": "Sort",
                                      "Parent Relationship": "Outer",
                                      "Parallel Aware": false,
                                      "Async Capable": false,
                                      "Startup Cost": 517177.34,
                                      "Total Cost": 517177.69,
                                      "Plan Rows": 142,
                                      "Plan Width": 41,
                                      "Sort Key": [
                                        "catalog_page.cp_catalog_page_id"
                                      ],
                                      "Plans": [
                                        {
                                          "Node Type": "Hash Join",
                                          "Parent Relationship": "Outer",
                                          "Parallel Aware": false,
                                          "Async Capable": false,
                                          "Join Type": "Inner",
                                          "Startup Cost": 57382.33,
                                          "Total Cost": 517172.26,
                                          "Plan Rows": 142,
                                          "Plan Width": 41,
                                          "Inner Unique": false,
                                          "Hash Cond": "(catalog_sales.cs_catalog_page_sk = catalog_page.cp_catalog_page_sk)",
                                          "Plans": [
                                            {
                                              "Node Type": "Hash Join",
                                              "Parent Relationship": "Outer",
                                              "Parallel Aware": false,
                                              "Async Capable": false,
                                              "Join Type": "Inner",
                                              "Startup Cost": 56864.33,
                                              "Total Cost": 516652.32,
                                              "Plan Rows": 142,
                                              "Plan Width": 28,
                                              "Inner Unique": false,
                                              "Hash Cond": "(catalog_sales.cs_promo_sk = promotion_1.p_promo_sk)",
                                              "Plans": [
                                                {
                                                  "Node Type": "Hash Join",
                                                  "Parent Relationship": "Outer",
                                                  "Parallel Aware": true,
                                                  "Async Capable": false,
                                                  "Join Type": "Inner",
                                                  "Startup Cost": 56838.93,
                                                  "Total Cost": 516624.96,
                                                  "Plan Rows": 145,
                                                  "Plan Width": 32,
                                                  "Inner Unique": false,
                                                  "Hash Cond": "(catalog_sales.cs_item_sk = item_1.i_item_sk)",
                                                  "Plans": [
                                                    {
                                                      "Node Type": "Hash Join",
                                                      "Parent Relationship": "Outer",
                                                      "Parallel Aware": true,
                                                      "Async Capable": false,
                                                      "Join Type": "Left",
                                                      "Startup Cost": 49313.15,
                                                      "Total Cost": 509089.08,
                                                      "Plan Rows": 2532,
                                                      "Plan Width": 36,
                                                      "Inner Unique": false,
                                                      "Hash Cond": "((catalog_sales.cs_item_sk = catalog_returns.cr_item_sk) AND (catalog_sales.cs_order_number = catalog_returns.cr_order_number))",
                                                      "Plans": [
                                                        {
                                                          "Node Type": "Hash Join",
                                                          "Parent Relationship": "Outer",
                                                          "Parallel Aware": true,
                                                          "Async Capable": false,
                                                          "Join Type": "Inner",
                                                          "Startup Cost": 2049.78,
                                                          "Total Cost": 458254.7,
                                                          "Plan Rows": 2532,
                                                          "Plan Width": 28,
                                                          "Inner Unique": false,
                                                          "Hash Cond": "(catalog_sales.cs_sold_date_sk = date_dim_1.d_date_sk)",
                                                          "Plans": [
                                                            {
                                                              "Node Type": "Seq Scan",
                                                              "Parent Relationship": "Outer",
                                                              "Parallel Aware": true,
                                                              "Async Capable": false,
                                                              "Relation Name": "catalog_sales",
                                                              "Alias": "catalog_sales",
                                                              "Startup Cost": 0.0,
                                                              "Total Cost": 433688.25,
                                                              "Plan Rows": 6000525,
                                                              "Plan Width": 32,
                                                              "parent": 34,
                                                              "ID": 35
                                                            },
                                                            {
                                                              "Node Type": "Hash",
                                                              "Parent Relationship": "Inner",
                                                              "Parallel Aware": true,
                                                              "Async Capable": false,
                                                              "Startup Cost": 2049.55,
                                                              "Total Cost": 2049.55,
                                                              "Plan Rows": 18,
                                                              "Plan Width": 4,
                                                              "Plans": [
                                                                {
                                                                  "Node Type": "Seq Scan",
                                                                  "Parent Relationship": "Outer",
                                                                  "Parallel Aware": true,
                                                                  "Async Capable": false,
                                                                  "Relation Name": "date_dim",
                                                                  "Alias": "date_dim_1",
                                                                  "Startup Cost": 0.0,
                                                                  "Total Cost": 2049.55,
                                                                  "Plan Rows": 18,
                                                                  "Plan Width": 4,
                                                                  "Filter": "((d_date >= '2000-08-02'::date) AND (d_date <= '2000-09-01 00:00:00'::timestamp without time zone))",
                                                                  "parent": 36,
                                                                  "ID": 37
                                                                }
                                                              ],
                                                              "parent": 34,
                                                              "ID": 36,
                                                              "left": 37
                                                            }
                                                          ],
                                                          "parent": 33,
                                                          "ID": 34,
                                                          "left": 35,
                                                          "right": 36
                                                        },
                                                        {
                                                          "Node Type": "Hash",
                                                          "Parent Relationship": "Inner",
                                                          "Parallel Aware": true,
                                                          "Async Capable": false,
                                                          "Startup Cost": 34748.95,
                                                          "Total Cost": 34748.95,
                                                          "Plan Rows": 599895,
                                                          "Plan Width": 20,
                                                          "Plans": [
                                                            {
                                                              "Node Type": "Seq Scan",
                                                              "Parent Relationship": "Outer",
                                                              "Parallel Aware": true,
                                                              "Async Capable": false,
                                                              "Relation Name": "catalog_returns",
                                                              "Alias": "catalog_returns",
                                                              "Startup Cost": 0.0,
                                                              "Total Cost": 34748.95,
                                                              "Plan Rows": 599895,
                                                              "Plan Width": 20,
                                                              "parent": 38,
                                                              "ID": 39
                                                            }
                                                          ],
                                                          "parent": 33,
                                                          "ID": 38,
                                                          "left": 39
                                                        }
                                                      ],
                                                      "parent": 32,
                                                      "ID": 33,
                                                      "left": 34,
                                                      "right": 38
                                                    },
                                                    {
                                                      "Node Type": "Hash",
                                                      "Parent Relationship": "Inner",
                                                      "Parallel Aware": true,
                                                      "Async Capable": false,
                                                      "Startup Cost": 7495.25,
                                                      "Total Cost": 7495.25,
                                                      "Plan Rows": 2442,
                                                      "Plan Width": 4,
                                                      "Plans": [
                                                        {
                                                          "Node Type": "Seq Scan",
                                                          "Parent Relationship": "Outer",
                                                          "Parallel Aware": true,
                                                          "Async Capable": false,
                                                          "Relation Name": "item",
                                                          "Alias": "item_1",
                                                          "Startup Cost": 0.0,
                                                          "Total Cost": 7495.25,
                                                          "Plan Rows": 2442,
                                                          "Plan Width": 4,
                                                          "Filter": "(i_current_price > '50'::numeric)",
                                                          "parent": 40,
                                                          "ID": 41
                                                        }
                                                      ],
                                                      "parent": 32,
                                                      "ID": 40,
                                                      "left": 41
                                                    }
                                                  ],
                                                  "parent": 31,
                                                  "ID": 32,
                                                  "left": 33,
                                                  "right": 40
                                                },
                                                {
                                                  "Node Type": "Hash",
                                                  "Parent Relationship": "Inner",
                                                  "Parallel Aware": false,
                                                  "Async Capable": false,
                                                  "Startup Cost": 19.25,
                                                  "Total Cost": 19.25,
                                                  "Plan Rows": 492,
                                                  "Plan Width": 4,
                                                  "Plans": [
                                                    {
                                                      "Node Type": "Seq Scan",
                                                      "Parent Relationship": "Outer",
                                                      "Parallel Aware": false,
                                                      "Async Capable": false,
                                                      "Relation Name": "promotion",
                                                      "Alias": "promotion_1",
                                                      "Startup Cost": 0.0,
                                                      "Total Cost": 19.25,
                                                      "Plan Rows": 492,
                                                      "Plan Width": 4,
                                                      "Filter": "(p_channel_tv = 'N'::bpchar)",
                                                      "parent": 42,
                                                      "ID": 43
                                                    }
                                                  ],
                                                  "parent": 31,
                                                  "ID": 42,
                                                  "left": 43
                                                }
                                              ],
                                              "parent": 30,
                                              "ID": 31,
                                              "left": 32,
                                              "right": 42
                                            },
                                            {
                                              "Node Type": "Hash",
                                              "Parent Relationship": "Inner",
                                              "Parallel Aware": false,
                                              "Async Capable": false,
                                              "Startup Cost": 368.0,
                                              "Total Cost": 368.0,
                                              "Plan Rows": 12000,
                                              "Plan Width": 21,
                                              "Plans": [
                                                {
                                                  "Node Type": "Seq Scan",
                                                  "Parent Relationship": "Outer",
                                                  "Parallel Aware": false,
                                                  "Async Capable": false,
                                                  "Relation Name": "catalog_page",
                                                  "Alias": "catalog_page",
                                                  "Startup Cost": 0.0,
                                                  "Total Cost": 368.0,
                                                  "Plan Rows": 12000,
                                                  "Plan Width": 21,
                                                  "parent": 44,
                                                  "ID": 45
                                                }
                                              ],
                                              "parent": 30,
                                              "ID": 44,
                                              "left": 45
                                            }
                                          ],
                                          "parent": 29,
                                          "ID": 30,
                                          "left": 31,
                                          "right": 44
                                        }
                                      ],
                                      "parent": 28,
                                      "ID": 29,
                                      "left": 30
                                    }
                                  ],
                                  "parent": 27,
                                  "ID": 28,
                                  "left": 29
                                }
                              ],
                              "parent": 26,
                              "ID": 27,
                              "left": 28
                            }
                          ],
                          "parent": 25,
                          "ID": 26,
                          "left": 27
                        }
                      ],
                      "parent": 3,
                      "ID": 25,
                      "left": 26
                    },
                    {
                      "Node Type": "Subquery Scan",
                      "Parent Relationship": "Member",
                      "Parallel Aware": false,
                      "Async Capable": false,
                      "Alias": "wsr",
                      "Startup Cost": 263919.04,
                      "Total Cost": 263926.75,
                      "Plan Rows": 21,
                      "Plan Width": 160,
                      "Plans": [
                        {
                          "Node Type": "Aggregate",
                          "Strategy": "Sorted",
                          "Partial Mode": "Finalize",
                          "Parent Relationship": "Subquery",
                          "Parallel Aware": false,
                          "Async Capable": false,
                          "Startup Cost": 263919.04,
                          "Total Cost": 263926.43,
                          "Plan Rows": 21,
                          "Plan Width": 113,
                          "Group Key": [
                            "web_site.web_site_id"
                          ],
                          "Plans": [
                            {
                              "Node Type": "Gather Merge",
                              "Parent Relationship": "Outer",
                              "Parallel Aware": false,
                              "Async Capable": false,
                              "Startup Cost": 263919.04,
                              "Total Cost": 263925.33,
                              "Plan Rows": 42,
                              "Plan Width": 113,
                              "Workers Planned": 2,
                              "Plans": [
                                {
                                  "Node Type": "Aggregate",
                                  "Strategy": "Sorted",
                                  "Partial Mode": "Partial",
                                  "Parent Relationship": "Outer",
                                  "Parallel Aware": false,
                                  "Async Capable": false,
                                  "Startup Cost": 262919.01,
                                  "Total Cost": 262920.46,
                                  "Plan Rows": 21,
                                  "Plan Width": 113,
                                  "Group Key": [
                                    "web_site.web_site_id"
                                  ],
                                  "Plans": [
                                    {
                                      "Node Type": "Sort",
                                      "Parent Relationship": "Outer",
                                      "Parallel Aware": false,
                                      "Async Capable": false,
                                      "Startup Cost": 262919.01,
                                      "Total Cost": 262919.19,
                                      "Plan Rows": 72,
                                      "Plan Width": 41,
                                      "Sort Key": [
                                        "web_site.web_site_id"
                                      ],
                                      "Plans": [
                                        {
                                          "Node Type": "Hash Join",
                                          "Parent Relationship": "Outer",
                                          "Parallel Aware": false,
                                          "Async Capable": false,
                                          "Join Type": "Inner",
                                          "Startup Cost": 32134.74,
                                          "Total Cost": 262916.79,
                                          "Plan Rows": 72,
                                          "Plan Width": 41,
                                          "Inner Unique": false,
                                          "Hash Cond": "(web_sales.ws_web_site_sk = web_site.web_site_sk)",
                                          "Plans": [
                                            {
                                              "Node Type": "Hash Join",
                                              "Parent Relationship": "Outer",
                                              "Parallel Aware": false,
                                              "Async Capable": false,
                                              "Join Type": "Inner",
                                              "Startup Cost": 32130.8,
                                              "Total Cost": 262911.86,
                                              "Plan Rows": 72,
                                              "Plan Width": 28,
                                              "Inner Unique": false,
                                              "Hash Cond": "(web_sales.ws_promo_sk = promotion_2.p_promo_sk)",
                                              "Plans": [
                                                {
                                                  "Node Type": "Hash Join",
                                                  "Parent Relationship": "Outer",
                                                  "Parallel Aware": true,
                                                  "Async Capable": false,
                                                  "Join Type": "Inner",
                                                  "Startup Cost": 32105.4,
                                                  "Total Cost": 262885.46,
                                                  "Plan Rows": 73,
                                                  "Plan Width": 32,
                                                  "Inner Unique": false,
                                                  "Hash Cond": "(web_sales.ws_item_sk = item_2.i_item_sk)",
                                                  "Plans": [
                                                    {
                                                      "Node Type": "Hash Join",
                                                      "Parent Relationship": "Outer",
                                                      "Parallel Aware": true,
                                                      "Async Capable": false,
                                                      "Join Type": "Left",
                                                      "Startup Cost": 24579.62,
                                                      "Total Cost": 255354.62,
                                                      "Plan Rows": 1272,
                                                      "Plan Width": 36,
                                                      "Inner Unique": false,
                                                      "Hash Cond": "((web_sales.ws_item_sk = web_returns.wr_item_sk) AND (web_sales.ws_order_number = web_returns.wr_order_number))",
                                                      "Plans": [
                                                        {
                                                          "Node Type": "Hash Join",
                                                          "Parent Relationship": "Outer",
                                                          "Parallel Aware": true,
                                                          "Async Capable": false,
                                                          "Join Type": "Inner",
                                                          "Startup Cost": 2049.78,
                                                          "Total Cost": 231041.22,
                                                          "Plan Rows": 1272,
                                                          "Plan Width": 28,
                                                          "Inner Unique": false,
                                                          "Hash Cond": "(web_sales.ws_sold_date_sk = date_dim_2.d_date_sk)",
                                                          "Plans": [
                                                            {
                                                              "Node Type": "Seq Scan",
                                                              "Parent Relationship": "Outer",
                                                              "Parallel Aware": true,
                                                              "Async Capable": false,
                                                              "Relation Name": "web_sales",
                                                              "Alias": "web_sales",
                                                              "Startup Cost": 0.0,
                                                              "Total Cost": 217737.86,
                                                              "Plan Rows": 2998986,
                                                              "Plan Width": 32,
                                                              "parent": 55,
                                                              "ID": 56
                                                            },
                                                            {
                                                              "Node Type": "Hash",
                                                              "Parent Relationship": "Inner",
                                                              "Parallel Aware": true,
                                                              "Async Capable": false,
                                                              "Startup Cost": 2049.55,
                                                              "Total Cost": 2049.55,
                                                              "Plan Rows": 18,
                                                              "Plan Width": 4,
                                                              "Plans": [
                                                                {
                                                                  "Node Type": "Seq Scan",
                                                                  "Parent Relationship": "Outer",
                                                                  "Parallel Aware": true,
                                                                  "Async Capable": false,
                                                                  "Relation Name": "date_dim",
                                                                  "Alias": "date_dim_2",
                                                                  "Startup Cost": 0.0,
                                                                  "Total Cost": 2049.55,
                                                                  "Plan Rows": 18,
                                                                  "Plan Width": 4,
                                                                  "Filter": "((d_date >= '2000-08-02'::date) AND (d_date <= '2000-09-01 00:00:00'::timestamp without time zone))",
                                                                  "parent": 57,
                                                                  "ID": 58
                                                                }
                                                              ],
                                                              "parent": 55,
                                                              "ID": 57,
                                                              "left": 58
                                                            }
                                                          ],
                                                          "parent": 54,
                                                          "ID": 55,
                                                          "left": 56,
                                                          "right": 57
                                                        },
                                                        {
                                                          "Node Type": "Hash",
                                                          "Parent Relationship": "Inner",
                                                          "Parallel Aware": true,
                                                          "Async Capable": false,
                                                          "Startup Cost": 16278.74,
                                                          "Total Cost": 16278.74,
                                                          "Plan Rows": 299674,
                                                          "Plan Width": 20,
                                                          "Plans": [
                                                            {
                                                              "Node Type": "Seq Scan",
                                                              "Parent Relationship": "Outer",
                                                              "Parallel Aware": true,
                                                              "Async Capable": false,
                                                              "Relation Name": "web_returns",
                                                              "Alias": "web_returns",
                                                              "Startup Cost": 0.0,
                                                              "Total Cost": 16278.74,
                                                              "Plan Rows": 299674,
                                                              "Plan Width": 20,
                                                              "parent": 59,
                                                              "ID": 60
                                                            }
                                                          ],
                                                          "parent": 54,
                                                          "ID": 59,
                                                          "left": 60
                                                        }
                                                      ],
                                                      "parent": 53,
                                                      "ID": 54,
                                                      "left": 55,
                                                      "right": 59
                                                    },
                                                    {
                                                      "Node Type": "Hash",
                                                      "Parent Relationship": "Inner",
                                                      "Parallel Aware": true,
                                                      "Async Capable": false,
                                                      "Startup Cost": 7495.25,
                                                      "Total Cost": 7495.25,
                                                      "Plan Rows": 2442,
                                                      "Plan Width": 4,
                                                      "Plans": [
                                                        {
                                                          "Node Type": "Seq Scan",
                                                          "Parent Relationship": "Outer",
                                                          "Parallel Aware": true,
                                                          "Async Capable": false,
                                                          "Relation Name": "item",
                                                          "Alias": "item_2",
                                                          "Startup Cost": 0.0,
                                                          "Total Cost": 7495.25,
                                                          "Plan Rows": 2442,
                                                          "Plan Width": 4,
                                                          "Filter": "(i_current_price > '50'::numeric)",
                                                          "parent": 61,
                                                          "ID": 62
                                                        }
                                                      ],
                                                      "parent": 53,
                                                      "ID": 61,
                                                      "left": 62
                                                    }
                                                  ],
                                                  "parent": 52,
                                                  "ID": 53,
                                                  "left": 54,
                                                  "right": 61
                                                },
                                                {
                                                  "Node Type": "Hash",
                                                  "Parent Relationship": "Inner",
                                                  "Parallel Aware": false,
                                                  "Async Capable": false,
                                                  "Startup Cost": 19.25,
                                                  "Total Cost": 19.25,
                                                  "Plan Rows": 492,
                                                  "Plan Width": 4,
                                                  "Plans": [
                                                    {
                                                      "Node Type": "Seq Scan",
                                                      "Parent Relationship": "Outer",
                                                      "Parallel Aware": false,
                                                      "Async Capable": false,
                                                      "Relation Name": "promotion",
                                                      "Alias": "promotion_2",
                                                      "Startup Cost": 0.0,
                                                      "Total Cost": 19.25,
                                                      "Plan Rows": 492,
                                                      "Plan Width": 4,
                                                      "Filter": "(p_channel_tv = 'N'::bpchar)",
                                                      "parent": 63,
                                                      "ID": 64
                                                    }
                                                  ],
                                                  "parent": 52,
                                                  "ID": 63,
                                                  "left": 64
                                                }
                                              ],
                                              "parent": 51,
                                              "ID": 52,
                                              "left": 53,
                                              "right": 63
                                            },
                                            {
                                              "Node Type": "Hash",
                                              "Parent Relationship": "Inner",
                                              "Parallel Aware": false,
                                              "Async Capable": false,
                                              "Startup Cost": 3.42,
                                              "Total Cost": 3.42,
                                              "Plan Rows": 42,
                                              "Plan Width": 21,
                                              "Plans": [
                                                {
                                                  "Node Type": "Seq Scan",
                                                  "Parent Relationship": "Outer",
                                                  "Parallel Aware": false,
                                                  "Async Capable": false,
                                                  "Relation Name": "web_site",
                                                  "Alias": "web_site",
                                                  "Startup Cost": 0.0,
                                                  "Total Cost": 3.42,
                                                  "Plan Rows": 42,
                                                  "Plan Width": 21,
                                                  "parent": 65,
                                                  "ID": 66
                                                }
                                              ],
                                              "parent": 51,
                                              "ID": 65,
                                              "left": 66
                                            }
                                          ],
                                          "parent": 50,
                                          "ID": 51,
                                          "left": 52,
                                          "right": 65
                                        }
                                      ],
                                      "parent": 49,
                                      "ID": 50,
                                      "left": 51
                                    }
                                  ],
                                  "parent": 48,
                                  "ID": 49,
                                  "left": 50
                                }
                              ],
                              "parent": 47,
                              "ID": 48,
                              "left": 49
                            }
                          ],
                          "parent": 46,
                          "ID": 47,
                          "left": 48
                        }
                      ],
                      "parent": 3,
                      "ID": 46,
                      "left": 47
                    }
                  ],
                  "parent": 2,
                  "ID": 3,
                  "left": 4,
                  "right": 25
                }
              ],
              "parent": 1,
              "ID": 2,
              "left": 3
            }
          ],
          "parent": 0,
          "ID": 1,
          "left": 2
        }
      ],
      "parent": null,
      "ID": 0,
      "left": 1
    },
    "feat": {
      "utility": 2.180803092544919e-06,
      "query_shape": [
        [
          "Seq Scan",
          "Hash Join",
          "Sort",
          "Aggregate",
          "Gather Merge",
          "Subquery Scan",
          "Append"
        ],
        [
          "Seq Scan",
          "Hash",
          "Hash Join",
          "Sort",
          "Aggregate",
          "Gather Merge",
          "Subquery Scan",
          "Append"
        ],
        [
          "Seq Scan",
          "Hash",
          "Hash Join",
          "Sort",
          "Aggregate",
          "Gather Merge",
          "Subquery Scan",
          "Append"
        ],
        [
          "Seq Scan",
          "Hash",
          "Hash Join",
          "Sort",
          "Aggregate",
          "Gather Merge",
          "Subquery Scan",
          "Append"
        ],
        [
          "Seq Scan",
          "Hash",
          "Hash Join",
          "Sort",
          "Aggregate",
          "Gather Merge",
          "Subquery Scan",
          "Append"
        ],
        [
          "Seq Scan",
          "Hash",
          "Hash Join",
          "Sort",
          "Aggregate",
          "Gather Merge",
          "Subquery Scan",
          "Append"
        ],
        [
          "Seq Scan",
          "Hash Join",
          "Sort",
          "Aggregate",
          "Gather Merge",
          "Subquery Scan",
          "Append"
        ],
        [
          "Seq Scan",
          "Hash",
          "Hash Join",
          "Sort",
          "Aggregate",
          "Gather Merge",
          "Subquery Scan",
          "Append"
        ],
        [
          "Seq Scan",
          "Hash",
          "Hash Join",
          "Sort",
          "Aggregate",
          "Gather Merge",
          "Subquery Scan",
          "Append"
        ],
        [
          "Seq Scan",
          "Hash",
          "Hash Join",
          "Sort",
          "Aggregate",
          "Gather Merge",
          "Subquery Scan",
          "Append"
        ],
        [
          "Seq Scan",
          "Hash",
          "Hash Join",
          "Sort",
          "Aggregate",
          "Gather Merge",
          "Subquery Scan",
          "Append"
        ],
        [
          "Seq Scan",
          "Hash",
          "Hash Join",
          "Sort",
          "Aggregate",
          "Gather Merge",
          "Subquery Scan",
          "Append"
        ],
        [
          "Seq Scan",
          "Hash Join",
          "Sort",
          "Aggregate",
          "Gather Merge",
          "Subquery Scan",
          "Append"
        ],
        [
          "Seq Scan",
          "Hash",
          "Hash Join",
          "Sort",
          "Aggregate",
          "Gather Merge",
          "Subquery Scan",
          "Append"
        ],
        [
          "Seq Scan",
          "Hash",
          "Hash Join",
          "Sort",
          "Aggregate",
          "Gather Merge",
          "Subquery Scan",
          "Append"
        ],
        [
          "Seq Scan",
          "Hash",
          "Hash Join",
          "Sort",
          "Aggregate",
          "Gather Merge",
          "Subquery Scan",
          "Append"
        ],
        [
          "Seq Scan",
          "Hash",
          "Hash Join",
          "Sort",
          "Aggregate",
          "Gather Merge",
          "Subquery Scan",
          "Append"
        ],
        [
          "Seq Scan",
          "Hash",
          "Hash Join",
          "Sort",
          "Aggregate",
          "Gather Merge",
          "Subquery Scan",
          "Append"
        ]
      ],
      "index_shape": [
        "join"
      ],
      "physical_operator": {
        "Hash Join": [
          0.0009135700778115242
        ]
      }
    }
  },
  {
    "query": "with ssr as\n (select  s_store_id as store_id,\n          sum(ss_ext_sales_price) as sales,\n          sum(coalesce(sr_return_amt, 0)) as returns,\n          sum(ss_net_profit - coalesce(sr_net_loss, 0)) as profit\n  from store_sales left outer join store_returns on\n         (ss_item_sk = sr_item_sk and ss_ticket_number = sr_ticket_number),\n     date_dim,\n     store,\n     item,\n     promotion\n where ss_sold_date_sk = d_date_sk\n       and d_date between cast('2000-08-02' as date) \n                  and (cast('2000-08-02' as date) +  interval '30 days')\n       and ss_store_sk = s_store_sk\n       and ss_item_sk = i_item_sk\n       and i_current_price > 50\n       and ss_promo_sk = p_promo_sk\n       and p_channel_tv = 'N'\n group by s_store_id)\n ,\n csr as\n (select  cp_catalog_page_id as catalog_page_id,\n          sum(cs_ext_sales_price) as sales,\n          sum(coalesce(cr_return_amount, 0)) as returns,\n          sum(cs_net_profit - coalesce(cr_net_loss, 0)) as profit\n  from catalog_sales left outer join catalog_returns on\n         (cs_item_sk = cr_item_sk and cs_order_number = cr_order_number),\n     date_dim,\n     catalog_page,\n     item,\n     promotion\n where cs_sold_date_sk = d_date_sk\n       and d_date between cast('2000-08-02' as date)\n                  and (cast('2000-08-02' as date) +  interval '30 days')\n        and cs_catalog_page_sk = cp_catalog_page_sk\n       and cs_item_sk = i_item_sk\n       and i_current_price > 50\n       and cs_promo_sk = p_promo_sk\n       and p_channel_tv = 'N'\ngroup by cp_catalog_page_id)\n ,\n wsr as\n (select  web_site_id,\n          sum(ws_ext_sales_price) as sales,\n          sum(coalesce(wr_return_amt, 0)) as returns,\n          sum(ws_net_profit - coalesce(wr_net_loss, 0)) as profit\n  from web_sales left outer join web_returns on\n         (ws_item_sk = wr_item_sk and ws_order_number = wr_order_number),\n     date_dim,\n     web_site,\n     item,\n     promotion\n where ws_sold_date_sk = d_date_sk\n       and d_date between cast('2000-08-02' as date)\n                  and (cast('2000-08-02' as date) +  interval '30 days')\n        and ws_web_site_sk = web_site_sk\n       and ws_item_sk = i_item_sk\n       and i_current_price > 50\n       and ws_promo_sk = p_promo_sk\n       and p_channel_tv = 'N'\ngroup by web_site_id)\n  select  channel\n        , id\n        , sum(sales) as sales\n        , sum(returns) as returns\n        , sum(profit) as profit\n from \n (select 'store channel' as channel\n        , 'store' || store_id as id\n        , sales\n        , returns\n        , profit\n from   ssr\n union all\n select 'catalog channel' as channel\n        , 'catalog_page' || catalog_page_id as id\n        , sales\n        , returns\n        , profit\n from  csr\n union all\n select 'web channel' as channel\n        , 'web_site' || web_site_id as id\n        , sales\n        , returns\n        , profit\n from   wsr\n ) x\n group by rollup (channel, id)\n order by channel\n         ,id\n limit 100;\n\n-- end query 61 in stream 4 using template query80.tpl\n",
    "indexes": "store_returns.sr_return_amt",
    "wo plan est": {
      "Node Type": "Limit",
      "Parallel Aware": false,
      "Async Capable": false,
      "Startup Cost": 1566793.64,
      "Total Cost": 1566796.93,
      "Plan Rows": 100,
      "Plan Width": 160,
      "Plans": [
        {
          "Node Type": "Aggregate",
          "Strategy": "Sorted",
          "Partial Mode": "Simple",
          "Parent Relationship": "Outer",
          "Parallel Aware": false,
          "Async Capable": false,
          "Startup Cost": 1566793.64,
          "Total Cost": 1566806.84,
          "Plan Rows": 401,
          "Plan Width": 160,
          "Grouping Sets": [
            {
              "Group Keys": [
                [
                  "('store channel'::text)",
                  "(('store'::text || (ssr.store_id)::text))"
                ],
                [
                  "('store channel'::text)"
                ],
                []
              ]
            }
          ],
          "Plans": [
            {
              "Node Type": "Sort",
              "Parent Relationship": "Outer",
              "Parallel Aware": false,
              "Async Capable": false,
              "Startup Cost": 1566793.64,
              "Total Cost": 1566794.67,
              "Plan Rows": 412,
              "Plan Width": 160,
              "Sort Key": [
                "('store channel'::text)",
                "(('store'::text || (ssr.store_id)::text))"
              ],
              "Plans": [
                {
                  "Node Type": "Append",
                  "Parent Relationship": "Outer",
                  "Parallel Aware": false,
                  "Async Capable": false,
                  "Startup Cost": 784596.3,
                  "Total Cost": 1566775.74,
                  "Plan Rows": 412,
                  "Plan Width": 160,
                  "Subplans Removed": 0,
                  "Plans": [
                    {
                      "Node Type": "Subquery Scan",
                      "Parent Relationship": "Member",
                      "Parallel Aware": false,
                      "Async Capable": false,
                      "Alias": "ssr",
                      "Startup Cost": 784596.3,
                      "Total Cost": 784616.16,
                      "Plan Rows": 51,
                      "Plan Width": 160,
                      "Plans": [
                        {
                          "Node Type": "Aggregate",
                          "Strategy": "Sorted",
                          "Partial Mode": "Finalize",
                          "Parent Relationship": "Subquery",
                          "Parallel Aware": false,
                          "Async Capable": false,
                          "Startup Cost": 784596.3,
                          "Total Cost": 784615.39,
                          "Plan Rows": 51,
                          "Plan Width": 113,
                          "Group Key": [
                            "store.s_store_id"
                          ],
                          "Plans": [
                            {
                              "Node Type": "Gather Merge",
                              "Parent Relationship": "Outer",
                              "Parallel Aware": false,
                              "Async Capable": false,
                              "Startup Cost": 784596.3,
                              "Total Cost": 784612.71,
                              "Plan Rows": 102,
                              "Plan Width": 113,
                              "Workers Planned": 2,
                              "Plans": [
                                {
                                  "Node Type": "Aggregate",
                                  "Strategy": "Sorted",
                                  "Partial Mode": "Partial",
                                  "Parent Relationship": "Outer",
                                  "Parallel Aware": false,
                                  "Async Capable": false,
                                  "Startup Cost": 783596.27,
                                  "Total Cost": 783600.92,
                                  "Plan Rows": 51,
                                  "Plan Width": 113,
                                  "Group Key": [
                                    "store.s_store_id"
                                  ],
                                  "Plans": [
                                    {
                                      "Node Type": "Sort",
                                      "Parent Relationship": "Outer",
                                      "Parallel Aware": false,
                                      "Async Capable": false,
                                      "Startup Cost": 783596.27,
                                      "Total Cost": 783596.9,
                                      "Plan Rows": 250,
                                      "Plan Width": 41,
                                      "Sort Key": [
                                        "store.s_store_id"
                                      ],
                                      "Plans": [
                                        {
                                          "Node Type": "Hash Join",
                                          "Parent Relationship": "Outer",
                                          "Parallel Aware": false,
                                          "Async Capable": false,
                                          "Join Type": "Inner",
                                          "Startup Cost": 94489.35,
                                          "Total Cost": 783586.32,
                                          "Plan Rows": 250,
                                          "Plan Width": 41,
                                          "Inner Unique": false,
                                          "Hash Cond": "(store_sales.ss_store_sk = store.s_store_sk)",
                                          "Plans": [
                                            {
                                              "Node Type": "Hash Join",
                                              "Parent Relationship": "Outer",
                                              "Parallel Aware": false,
                                              "Async Capable": false,
                                              "Join Type": "Inner",
                                              "Startup Cost": 94482.05,
                                              "Total Cost": 783575.54,
                                              "Plan Rows": 262,
                                              "Plan Width": 28,
                                              "Inner Unique": false,
                                              "Hash Cond": "(store_sales.ss_promo_sk = promotion.p_promo_sk)",
                                              "Plans": [
                                                {
                                                  "Node Type": "Hash Join",
                                                  "Parent Relationship": "Outer",
                                                  "Parallel Aware": true,
                                                  "Async Capable": false,
                                                  "Join Type": "Inner",
                                                  "Startup Cost": 94456.65,
                                                  "Total Cost": 783546.47,
                                                  "Plan Rows": 279,
                                                  "Plan Width": 32,
                                                  "Inner Unique": false,
                                                  "Hash Cond": "(store_sales.ss_item_sk = item.i_item_sk)",
                                                  "Plans": [
                                                    {
                                                      "Node Type": "Hash Join",
                                                      "Parent Relationship": "Outer",
                                                      "Parallel Aware": true,
                                                      "Async Capable": false,
                                                      "Join Type": "Left",
                                                      "Startup Cost": 86930.88,
                                                      "Total Cost": 776001.31,
                                                      "Plan Rows": 4860,
                                                      "Plan Width": 36,
                                                      "Inner Unique": false,
                                                      "Hash Cond": "((store_sales.ss_item_sk = store_returns.sr_item_sk) AND (store_sales.ss_ticket_number = store_returns.sr_ticket_number))",
                                                      "Plans": [
                                                        {
                                                          "Node Type": "Hash Join",
                                                          "Parent Relationship": "Outer",
                                                          "Parallel Aware": true,
                                                          "Async Capable": false,
                                                          "Join Type": "Inner",
                                                          "Startup Cost": 2049.78,
                                                          "Total Cost": 683994.75,
                                                          "Plan Rows": 4860,
                                                          "Plan Width": 28,
                                                          "Inner Unique": false,
                                                          "Hash Cond": "(store_sales.ss_sold_date_sk = date_dim.d_date_sk)",
                                                          "Plans": [
                                                            {
                                                              "Node Type": "Seq Scan",
                                                              "Parent Relationship": "Outer",
                                                              "Parallel Aware": true,
                                                              "Async Capable": false,
                                                              "Relation Name": "store_sales",
                                                              "Alias": "store_sales",
                                                              "Startup Cost": 0.0,
                                                              "Total Cost": 636914.37,
                                                              "Plan Rows": 12000637,
                                                              "Plan Width": 32,
                                                              "parent": 13,
                                                              "ID": 14
                                                            },
                                                            {
                                                              "Node Type": "Hash",
                                                              "Parent Relationship": "Inner",
                                                              "Parallel Aware": true,
                                                              "Async Capable": false,
                                                              "Startup Cost": 2049.55,
                                                              "Total Cost": 2049.55,
                                                              "Plan Rows": 18,
                                                              "Plan Width": 4,
                                                              "Plans": [
                                                                {
                                                                  "Node Type": "Seq Scan",
                                                                  "Parent Relationship": "Outer",
                                                                  "Parallel Aware": true,
                                                                  "Async Capable": false,
                                                                  "Relation Name": "date_dim",
                                                                  "Alias": "date_dim",
                                                                  "Startup Cost": 0.0,
                                                                  "Total Cost": 2049.55,
                                                                  "Plan Rows": 18,
                                                                  "Plan Width": 4,
                                                                  "Filter": "((d_date >= '2000-08-02'::date) AND (d_date <= '2000-09-01 00:00:00'::timestamp without time zone))",
                                                                  "parent": 15,
                                                                  "ID": 16
                                                                }
                                                              ],
                                                              "parent": 13,
                                                              "ID": 15,
                                                              "left": 16
                                                            }
                                                          ],
                                                          "parent": 12,
                                                          "ID": 13,
                                                          "left": 14,
                                                          "right": 15
                                                        },
                                                        {
                                                          "Node Type": "Hash",
                                                          "Parent Relationship": "Inner",
                                                          "Parallel Aware": true,
                                                          "Async Capable": false,
                                                          "Startup Cost": 59887.64,
                                                          "Total Cost": 59887.64,
                                                          "Plan Rows": 1198164,
                                                          "Plan Width": 20,
                                                          "Plans": [
                                                            {
                                                              "Node Type": "Seq Scan",
                                                              "Parent Relationship": "Outer",
                                                              "Parallel Aware": true,
                                                              "Async Capable": false,
                                                              "Relation Name": "store_returns",
                                                              "Alias": "store_returns",
                                                              "Startup Cost": 0.0,
                                                              "Total Cost": 59887.64,
                                                              "Plan Rows": 1198164,
                                                              "Plan Width": 20,
                                                              "parent": 17,
                                                              "ID": 18
                                                            }
                                                          ],
                                                          "parent": 12,
                                                          "ID": 17,
                                                          "left": 18
                                                        }
                                                      ],
                                                      "parent": 11,
                                                      "ID": 12,
                                                      "left": 13,
                                                      "right": 17
                                                    },
                                                    {
                                                      "Node Type": "Hash",
                                                      "Parent Relationship": "Inner",
                                                      "Parallel Aware": true,
                                                      "Async Capable": false,
                                                      "Startup Cost": 7495.25,
                                                      "Total Cost": 7495.25,
                                                      "Plan Rows": 2442,
                                                      "Plan Width": 4,
                                                      "Plans": [
                                                        {
                                                          "Node Type": "Seq Scan",
                                                          "Parent Relationship": "Outer",
                                                          "Parallel Aware": true,
                                                          "Async Capable": false,
                                                          "Relation Name": "item",
                                                          "Alias": "item",
                                                          "Startup Cost": 0.0,
                                                          "Total Cost": 7495.25,
                                                          "Plan Rows": 2442,
                                                          "Plan Width": 4,
                                                          "Filter": "(i_current_price > '50'::numeric)",
                                                          "parent": 19,
                                                          "ID": 20
                                                        }
                                                      ],
                                                      "parent": 11,
                                                      "ID": 19,
                                                      "left": 20
                                                    }
                                                  ],
                                                  "parent": 10,
                                                  "ID": 11,
                                                  "left": 12,
                                                  "right": 19
                                                },
                                                {
                                                  "Node Type": "Hash",
                                                  "Parent Relationship": "Inner",
                                                  "Parallel Aware": false,
                                                  "Async Capable": false,
                                                  "Startup Cost": 19.25,
                                                  "Total Cost": 19.25,
                                                  "Plan Rows": 492,
                                                  "Plan Width": 4,
                                                  "Plans": [
                                                    {
                                                      "Node Type": "Seq Scan",
                                                      "Parent Relationship": "Outer",
                                                      "Parallel Aware": false,
                                                      "Async Capable": false,
                                                      "Relation Name": "promotion",
                                                      "Alias": "promotion",
                                                      "Startup Cost": 0.0,
                                                      "Total Cost": 19.25,
                                                      "Plan Rows": 492,
                                                      "Plan Width": 4,
                                                      "Filter": "(p_channel_tv = 'N'::bpchar)",
                                                      "parent": 21,
                                                      "ID": 22
                                                    }
                                                  ],
                                                  "parent": 10,
                                                  "ID": 21,
                                                  "left": 22
                                                }
                                              ],
                                              "parent": 9,
                                              "ID": 10,
                                              "left": 11,
                                              "right": 21
                                            },
                                            {
                                              "Node Type": "Hash",
                                              "Parent Relationship": "Inner",
                                              "Parallel Aware": false,
                                              "Async Capable": false,
                                              "Startup Cost": 6.02,
                                              "Total Cost": 6.02,
                                              "Plan Rows": 102,
                                              "Plan Width": 21,
                                              "Plans": [
                                                {
                                                  "Node Type": "Seq Scan",
                                                  "Parent Relationship": "Outer",
                                                  "Parallel Aware": false,
                                                  "Async Capable": false,
                                                  "Relation Name": "store",
                                                  "Alias": "store",
                                                  "Startup Cost": 0.0,
                                                  "Total Cost": 6.02,
                                                  "Plan Rows": 102,
                                                  "Plan Width": 21,
                                                  "parent": 23,
                                                  "ID": 24
                                                }
                                              ],
                                              "parent": 9,
                                              "ID": 23,
                                              "left": 24
                                            }
                                          ],
                                          "parent": 8,
                                          "ID": 9,
                                          "left": 10,
                                          "right": 23
                                        }
                                      ],
                                      "parent": 7,
                                      "ID": 8,
                                      "left": 9
                                    }
                                  ],
                                  "parent": 6,
                                  "ID": 7,
                                  "left": 8
                                }
                              ],
                              "parent": 5,
                              "ID": 6,
                              "left": 7
                            }
                          ],
                          "parent": 4,
                          "ID": 5,
                          "left": 6
                        }
                      ],
                      "parent": 3,
                      "ID": 4,
                      "left": 5
                    },
                    {
                      "Node Type": "Subquery Scan",
                      "Parent Relationship": "Member",
                      "Parallel Aware": false,
                      "Async Capable": false,
                      "Alias": "csr",
                      "Startup Cost": 518177.36,
                      "Total Cost": 518230.78,
                      "Plan Rows": 340,
                      "Plan Width": 160,
                      "Plans": [
                        {
                          "Node Type": "Aggregate",
                          "Strategy": "Sorted",
                          "Partial Mode": "Finalize",
                          "Parent Relationship": "Subquery",
                          "Parallel Aware": false,
                          "Async Capable": false,
                          "Startup Cost": 518177.36,
                          "Total Cost": 518225.68,
                          "Plan Rows": 340,
                          "Plan Width": 113,
                          "Group Key": [
                            "catalog_page.cp_catalog_page_id"
                          ],
                          "Plans": [
                            {
                              "Node Type": "Gather Merge",
                              "Parent Relationship": "Outer",
                              "Parallel Aware": false,
                              "Async Capable": false,
                              "Startup Cost": 518177.36,
                              "Total Cost": 518214.76,
                              "Plan Rows": 284,
                              "Plan Width": 113,
                              "Workers Planned": 2,
                              "Plans": [
                                {
                                  "Node Type": "Aggregate",
                                  "Strategy": "Sorted",
                                  "Partial Mode": "Partial",
                                  "Parent Relationship": "Outer",
                                  "Parallel Aware": false,
                                  "Async Capable": false,
                                  "Startup Cost": 517177.34,
                                  "Total Cost": 517181.95,
                                  "Plan Rows": 142,
                                  "Plan Width": 113,
                                  "Group Key": [
                                    "catalog_page.cp_catalog_page_id"
                                  ],
                                  "Plans": [
                                    {
                                      "Node Type": "Sort",
                                      "Parent Relationship": "Outer",
                                      "Parallel Aware": false,
                                      "Async Capable": false,
                                      "Startup Cost": 517177.34,
                                      "Total Cost": 517177.69,
                                      "Plan Rows": 142,
                                      "Plan Width": 41,
                                      "Sort Key": [
                                        "catalog_page.cp_catalog_page_id"
                                      ],
                                      "Plans": [
                                        {
                                          "Node Type": "Hash Join",
                                          "Parent Relationship": "Outer",
                                          "Parallel Aware": false,
                                          "Async Capable": false,
                                          "Join Type": "Inner",
                                          "Startup Cost": 57382.33,
                                          "Total Cost": 517172.26,
                                          "Plan Rows": 142,
                                          "Plan Width": 41,
                                          "Inner Unique": false,
                                          "Hash Cond": "(catalog_sales.cs_catalog_page_sk = catalog_page.cp_catalog_page_sk)",
                                          "Plans": [
                                            {
                                              "Node Type": "Hash Join",
                                              "Parent Relationship": "Outer",
                                              "Parallel Aware": false,
                                              "Async Capable": false,
                                              "Join Type": "Inner",
                                              "Startup Cost": 56864.33,
                                              "Total Cost": 516652.32,
                                              "Plan Rows": 142,
                                              "Plan Width": 28,
                                              "Inner Unique": false,
                                              "Hash Cond": "(catalog_sales.cs_promo_sk = promotion_1.p_promo_sk)",
                                              "Plans": [
                                                {
                                                  "Node Type": "Hash Join",
                                                  "Parent Relationship": "Outer",
                                                  "Parallel Aware": true,
                                                  "Async Capable": false,
                                                  "Join Type": "Inner",
                                                  "Startup Cost": 56838.93,
                                                  "Total Cost": 516624.96,
                                                  "Plan Rows": 145,
                                                  "Plan Width": 32,
                                                  "Inner Unique": false,
                                                  "Hash Cond": "(catalog_sales.cs_item_sk = item_1.i_item_sk)",
                                                  "Plans": [
                                                    {
                                                      "Node Type": "Hash Join",
                                                      "Parent Relationship": "Outer",
                                                      "Parallel Aware": true,
                                                      "Async Capable": false,
                                                      "Join Type": "Left",
                                                      "Startup Cost": 49313.15,
                                                      "Total Cost": 509089.08,
                                                      "Plan Rows": 2532,
                                                      "Plan Width": 36,
                                                      "Inner Unique": false,
                                                      "Hash Cond": "((catalog_sales.cs_item_sk = catalog_returns.cr_item_sk) AND (catalog_sales.cs_order_number = catalog_returns.cr_order_number))",
                                                      "Plans": [
                                                        {
                                                          "Node Type": "Hash Join",
                                                          "Parent Relationship": "Outer",
                                                          "Parallel Aware": true,
                                                          "Async Capable": false,
                                                          "Join Type": "Inner",
                                                          "Startup Cost": 2049.78,
                                                          "Total Cost": 458254.7,
                                                          "Plan Rows": 2532,
                                                          "Plan Width": 28,
                                                          "Inner Unique": false,
                                                          "Hash Cond": "(catalog_sales.cs_sold_date_sk = date_dim_1.d_date_sk)",
                                                          "Plans": [
                                                            {
                                                              "Node Type": "Seq Scan",
                                                              "Parent Relationship": "Outer",
                                                              "Parallel Aware": true,
                                                              "Async Capable": false,
                                                              "Relation Name": "catalog_sales",
                                                              "Alias": "catalog_sales",
                                                              "Startup Cost": 0.0,
                                                              "Total Cost": 433688.25,
                                                              "Plan Rows": 6000525,
                                                              "Plan Width": 32,
                                                              "parent": 34,
                                                              "ID": 35
                                                            },
                                                            {
                                                              "Node Type": "Hash",
                                                              "Parent Relationship": "Inner",
                                                              "Parallel Aware": true,
                                                              "Async Capable": false,
                                                              "Startup Cost": 2049.55,
                                                              "Total Cost": 2049.55,
                                                              "Plan Rows": 18,
                                                              "Plan Width": 4,
                                                              "Plans": [
                                                                {
                                                                  "Node Type": "Seq Scan",
                                                                  "Parent Relationship": "Outer",
                                                                  "Parallel Aware": true,
                                                                  "Async Capable": false,
                                                                  "Relation Name": "date_dim",
                                                                  "Alias": "date_dim_1",
                                                                  "Startup Cost": 0.0,
                                                                  "Total Cost": 2049.55,
                                                                  "Plan Rows": 18,
                                                                  "Plan Width": 4,
                                                                  "Filter": "((d_date >= '2000-08-02'::date) AND (d_date <= '2000-09-01 00:00:00'::timestamp without time zone))",
                                                                  "parent": 36,
                                                                  "ID": 37
                                                                }
                                                              ],
                                                              "parent": 34,
                                                              "ID": 36,
                                                              "left": 37
                                                            }
                                                          ],
                                                          "parent": 33,
                                                          "ID": 34,
                                                          "left": 35,
                                                          "right": 36
                                                        },
                                                        {
                                                          "Node Type": "Hash",
                                                          "Parent Relationship": "Inner",
                                                          "Parallel Aware": true,
                                                          "Async Capable": false,
                                                          "Startup Cost": 34748.95,
                                                          "Total Cost": 34748.95,
                                                          "Plan Rows": 599895,
                                                          "Plan Width": 20,
                                                          "Plans": [
                                                            {
                                                              "Node Type": "Seq Scan",
                                                              "Parent Relationship": "Outer",
                                                              "Parallel Aware": true,
                                                              "Async Capable": false,
                                                              "Relation Name": "catalog_returns",
                                                              "Alias": "catalog_returns",
                                                              "Startup Cost": 0.0,
                                                              "Total Cost": 34748.95,
                                                              "Plan Rows": 599895,
                                                              "Plan Width": 20,
                                                              "parent": 38,
                                                              "ID": 39
                                                            }
                                                          ],
                                                          "parent": 33,
                                                          "ID": 38,
                                                          "left": 39
                                                        }
                                                      ],
                                                      "parent": 32,
                                                      "ID": 33,
                                                      "left": 34,
                                                      "right": 38
                                                    },
                                                    {
                                                      "Node Type": "Hash",
                                                      "Parent Relationship": "Inner",
                                                      "Parallel Aware": true,
                                                      "Async Capable": false,
                                                      "Startup Cost": 7495.25,
                                                      "Total Cost": 7495.25,
                                                      "Plan Rows": 2442,
                                                      "Plan Width": 4,
                                                      "Plans": [
                                                        {
                                                          "Node Type": "Seq Scan",
                                                          "Parent Relationship": "Outer",
                                                          "Parallel Aware": true,
                                                          "Async Capable": false,
                                                          "Relation Name": "item",
                                                          "Alias": "item_1",
                                                          "Startup Cost": 0.0,
                                                          "Total Cost": 7495.25,
                                                          "Plan Rows": 2442,
                                                          "Plan Width": 4,
                                                          "Filter": "(i_current_price > '50'::numeric)",
                                                          "parent": 40,
                                                          "ID": 41
                                                        }
                                                      ],
                                                      "parent": 32,
                                                      "ID": 40,
                                                      "left": 41
                                                    }
                                                  ],
                                                  "parent": 31,
                                                  "ID": 32,
                                                  "left": 33,
                                                  "right": 40
                                                },
                                                {
                                                  "Node Type": "Hash",
                                                  "Parent Relationship": "Inner",
                                                  "Parallel Aware": false,
                                                  "Async Capable": false,
                                                  "Startup Cost": 19.25,
                                                  "Total Cost": 19.25,
                                                  "Plan Rows": 492,
                                                  "Plan Width": 4,
                                                  "Plans": [
                                                    {
                                                      "Node Type": "Seq Scan",
                                                      "Parent Relationship": "Outer",
                                                      "Parallel Aware": false,
                                                      "Async Capable": false,
                                                      "Relation Name": "promotion",
                                                      "Alias": "promotion_1",
                                                      "Startup Cost": 0.0,
                                                      "Total Cost": 19.25,
                                                      "Plan Rows": 492,
                                                      "Plan Width": 4,
                                                      "Filter": "(p_channel_tv = 'N'::bpchar)",
                                                      "parent": 42,
                                                      "ID": 43
                                                    }
                                                  ],
                                                  "parent": 31,
                                                  "ID": 42,
                                                  "left": 43
                                                }
                                              ],
                                              "parent": 30,
                                              "ID": 31,
                                              "left": 32,
                                              "right": 42
                                            },
                                            {
                                              "Node Type": "Hash",
                                              "Parent Relationship": "Inner",
                                              "Parallel Aware": false,
                                              "Async Capable": false,
                                              "Startup Cost": 368.0,
                                              "Total Cost": 368.0,
                                              "Plan Rows": 12000,
                                              "Plan Width": 21,
                                              "Plans": [
                                                {
                                                  "Node Type": "Seq Scan",
                                                  "Parent Relationship": "Outer",
                                                  "Parallel Aware": false,
                                                  "Async Capable": false,
                                                  "Relation Name": "catalog_page",
                                                  "Alias": "catalog_page",
                                                  "Startup Cost": 0.0,
                                                  "Total Cost": 368.0,
                                                  "Plan Rows": 12000,
                                                  "Plan Width": 21,
                                                  "parent": 44,
                                                  "ID": 45
                                                }
                                              ],
                                              "parent": 30,
                                              "ID": 44,
                                              "left": 45
                                            }
                                          ],
                                          "parent": 29,
                                          "ID": 30,
                                          "left": 31,
                                          "right": 44
                                        }
                                      ],
                                      "parent": 28,
                                      "ID": 29,
                                      "left": 30
                                    }
                                  ],
                                  "parent": 27,
                                  "ID": 28,
                                  "left": 29
                                }
                              ],
                              "parent": 26,
                              "ID": 27,
                              "left": 28
                            }
                          ],
                          "parent": 25,
                          "ID": 26,
                          "left": 27
                        }
                      ],
                      "parent": 3,
                      "ID": 25,
                      "left": 26
                    },
                    {
                      "Node Type": "Subquery Scan",
                      "Parent Relationship": "Member",
                      "Parallel Aware": false,
                      "Async Capable": false,
                      "Alias": "wsr",
                      "Startup Cost": 263919.04,
                      "Total Cost": 263926.75,
                      "Plan Rows": 21,
                      "Plan Width": 160,
                      "Plans": [
                        {
                          "Node Type": "Aggregate",
                          "Strategy": "Sorted",
                          "Partial Mode": "Finalize",
                          "Parent Relationship": "Subquery",
                          "Parallel Aware": false,
                          "Async Capable": false,
                          "Startup Cost": 263919.04,
                          "Total Cost": 263926.43,
                          "Plan Rows": 21,
                          "Plan Width": 113,
                          "Group Key": [
                            "web_site.web_site_id"
                          ],
                          "Plans": [
                            {
                              "Node Type": "Gather Merge",
                              "Parent Relationship": "Outer",
                              "Parallel Aware": false,
                              "Async Capable": false,
                              "Startup Cost": 263919.04,
                              "Total Cost": 263925.33,
                              "Plan Rows": 42,
                              "Plan Width": 113,
                              "Workers Planned": 2,
                              "Plans": [
                                {
                                  "Node Type": "Aggregate",
                                  "Strategy": "Sorted",
                                  "Partial Mode": "Partial",
                                  "Parent Relationship": "Outer",
                                  "Parallel Aware": false,
                                  "Async Capable": false,
                                  "Startup Cost": 262919.01,
                                  "Total Cost": 262920.46,
                                  "Plan Rows": 21,
                                  "Plan Width": 113,
                                  "Group Key": [
                                    "web_site.web_site_id"
                                  ],
                                  "Plans": [
                                    {
                                      "Node Type": "Sort",
                                      "Parent Relationship": "Outer",
                                      "Parallel Aware": false,
                                      "Async Capable": false,
                                      "Startup Cost": 262919.01,
                                      "Total Cost": 262919.19,
                                      "Plan Rows": 72,
                                      "Plan Width": 41,
                                      "Sort Key": [
                                        "web_site.web_site_id"
                                      ],
                                      "Plans": [
                                        {
                                          "Node Type": "Hash Join",
                                          "Parent Relationship": "Outer",
                                          "Parallel Aware": false,
                                          "Async Capable": false,
                                          "Join Type": "Inner",
                                          "Startup Cost": 32134.74,
                                          "Total Cost": 262916.79,
                                          "Plan Rows": 72,
                                          "Plan Width": 41,
                                          "Inner Unique": false,
                                          "Hash Cond": "(web_sales.ws_web_site_sk = web_site.web_site_sk)",
                                          "Plans": [
                                            {
                                              "Node Type": "Hash Join",
                                              "Parent Relationship": "Outer",
                                              "Parallel Aware": false,
                                              "Async Capable": false,
                                              "Join Type": "Inner",
                                              "Startup Cost": 32130.8,
                                              "Total Cost": 262911.86,
                                              "Plan Rows": 72,
                                              "Plan Width": 28,
                                              "Inner Unique": false,
                                              "Hash Cond": "(web_sales.ws_promo_sk = promotion_2.p_promo_sk)",
                                              "Plans": [
                                                {
                                                  "Node Type": "Hash Join",
                                                  "Parent Relationship": "Outer",
                                                  "Parallel Aware": true,
                                                  "Async Capable": false,
                                                  "Join Type": "Inner",
                                                  "Startup Cost": 32105.4,
                                                  "Total Cost": 262885.46,
                                                  "Plan Rows": 73,
                                                  "Plan Width": 32,
                                                  "Inner Unique": false,
                                                  "Hash Cond": "(web_sales.ws_item_sk = item_2.i_item_sk)",
                                                  "Plans": [
                                                    {
                                                      "Node Type": "Hash Join",
                                                      "Parent Relationship": "Outer",
                                                      "Parallel Aware": true,
                                                      "Async Capable": false,
                                                      "Join Type": "Left",
                                                      "Startup Cost": 24579.62,
                                                      "Total Cost": 255354.62,
                                                      "Plan Rows": 1272,
                                                      "Plan Width": 36,
                                                      "Inner Unique": false,
                                                      "Hash Cond": "((web_sales.ws_item_sk = web_returns.wr_item_sk) AND (web_sales.ws_order_number = web_returns.wr_order_number))",
                                                      "Plans": [
                                                        {
                                                          "Node Type": "Hash Join",
                                                          "Parent Relationship": "Outer",
                                                          "Parallel Aware": true,
                                                          "Async Capable": false,
                                                          "Join Type": "Inner",
                                                          "Startup Cost": 2049.78,
                                                          "Total Cost": 231041.22,
                                                          "Plan Rows": 1272,
                                                          "Plan Width": 28,
                                                          "Inner Unique": false,
                                                          "Hash Cond": "(web_sales.ws_sold_date_sk = date_dim_2.d_date_sk)",
                                                          "Plans": [
                                                            {
                                                              "Node Type": "Seq Scan",
                                                              "Parent Relationship": "Outer",
                                                              "Parallel Aware": true,
                                                              "Async Capable": false,
                                                              "Relation Name": "web_sales",
                                                              "Alias": "web_sales",
                                                              "Startup Cost": 0.0,
                                                              "Total Cost": 217737.86,
                                                              "Plan Rows": 2998986,
                                                              "Plan Width": 32,
                                                              "parent": 55,
                                                              "ID": 56
                                                            },
                                                            {
                                                              "Node Type": "Hash",
                                                              "Parent Relationship": "Inner",
                                                              "Parallel Aware": true,
                                                              "Async Capable": false,
                                                              "Startup Cost": 2049.55,
                                                              "Total Cost": 2049.55,
                                                              "Plan Rows": 18,
                                                              "Plan Width": 4,
                                                              "Plans": [
                                                                {
                                                                  "Node Type": "Seq Scan",
                                                                  "Parent Relationship": "Outer",
                                                                  "Parallel Aware": true,
                                                                  "Async Capable": false,
                                                                  "Relation Name": "date_dim",
                                                                  "Alias": "date_dim_2",
                                                                  "Startup Cost": 0.0,
                                                                  "Total Cost": 2049.55,
                                                                  "Plan Rows": 18,
                                                                  "Plan Width": 4,
                                                                  "Filter": "((d_date >= '2000-08-02'::date) AND (d_date <= '2000-09-01 00:00:00'::timestamp without time zone))",
                                                                  "parent": 57,
                                                                  "ID": 58
                                                                }
                                                              ],
                                                              "parent": 55,
                                                              "ID": 57,
                                                              "left": 58
                                                            }
                                                          ],
                                                          "parent": 54,
                                                          "ID": 55,
                                                          "left": 56,
                                                          "right": 57
                                                        },
                                                        {
                                                          "Node Type": "Hash",
                                                          "Parent Relationship": "Inner",
                                                          "Parallel Aware": true,
                                                          "Async Capable": false,
                                                          "Startup Cost": 16278.74,
                                                          "Total Cost": 16278.74,
                                                          "Plan Rows": 299674,
                                                          "Plan Width": 20,
                                                          "Plans": [
                                                            {
                                                              "Node Type": "Seq Scan",
                                                              "Parent Relationship": "Outer",
                                                              "Parallel Aware": true,
                                                              "Async Capable": false,
                                                              "Relation Name": "web_returns",
                                                              "Alias": "web_returns",
                                                              "Startup Cost": 0.0,
                                                              "Total Cost": 16278.74,
                                                              "Plan Rows": 299674,
                                                              "Plan Width": 20,
                                                              "parent": 59,
                                                              "ID": 60
                                                            }
                                                          ],
                                                          "parent": 54,
                                                          "ID": 59,
                                                          "left": 60
                                                        }
                                                      ],
                                                      "parent": 53,
                                                      "ID": 54,
                                                      "left": 55,
                                                      "right": 59
                                                    },
                                                    {
                                                      "Node Type": "Hash",
                                                      "Parent Relationship": "Inner",
                                                      "Parallel Aware": true,
                                                      "Async Capable": false,
                                                      "Startup Cost": 7495.25,
                                                      "Total Cost": 7495.25,
                                                      "Plan Rows": 2442,
                                                      "Plan Width": 4,
                                                      "Plans": [
                                                        {
                                                          "Node Type": "Seq Scan",
                                                          "Parent Relationship": "Outer",
                                                          "Parallel Aware": true,
                                                          "Async Capable": false,
                                                          "Relation Name": "item",
                                                          "Alias": "item_2",
                                                          "Startup Cost": 0.0,
                                                          "Total Cost": 7495.25,
                                                          "Plan Rows": 2442,
                                                          "Plan Width": 4,
                                                          "Filter": "(i_current_price > '50'::numeric)",
                                                          "parent": 61,
                                                          "ID": 62
                                                        }
                                                      ],
                                                      "parent": 53,
                                                      "ID": 61,
                                                      "left": 62
                                                    }
                                                  ],
                                                  "parent": 52,
                                                  "ID": 53,
                                                  "left": 54,
                                                  "right": 61
                                                },
                                                {
                                                  "Node Type": "Hash",
                                                  "Parent Relationship": "Inner",
                                                  "Parallel Aware": false,
                                                  "Async Capable": false,
                                                  "Startup Cost": 19.25,
                                                  "Total Cost": 19.25,
                                                  "Plan Rows": 492,
                                                  "Plan Width": 4,
                                                  "Plans": [
                                                    {
                                                      "Node Type": "Seq Scan",
                                                      "Parent Relationship": "Outer",
                                                      "Parallel Aware": false,
                                                      "Async Capable": false,
                                                      "Relation Name": "promotion",
                                                      "Alias": "promotion_2",
                                                      "Startup Cost": 0.0,
                                                      "Total Cost": 19.25,
                                                      "Plan Rows": 492,
                                                      "Plan Width": 4,
                                                      "Filter": "(p_channel_tv = 'N'::bpchar)",
                                                      "parent": 63,
                                                      "ID": 64
                                                    }
                                                  ],
                                                  "parent": 52,
                                                  "ID": 63,
                                                  "left": 64
                                                }
                                              ],
                                              "parent": 51,
                                              "ID": 52,
                                              "left": 53,
                                              "right": 63
                                            },
                                            {
                                              "Node Type": "Hash",
                                              "Parent Relationship": "Inner",
                                              "Parallel Aware": false,
                                              "Async Capable": false,
                                              "Startup Cost": 3.42,
                                              "Total Cost": 3.42,
                                              "Plan Rows": 42,
                                              "Plan Width": 21,
                                              "Plans": [
                                                {
                                                  "Node Type": "Seq Scan",
                                                  "Parent Relationship": "Outer",
                                                  "Parallel Aware": false,
                                                  "Async Capable": false,
                                                  "Relation Name": "web_site",
                                                  "Alias": "web_site",
                                                  "Startup Cost": 0.0,
                                                  "Total Cost": 3.42,
                                                  "Plan Rows": 42,
                                                  "Plan Width": 21,
                                                  "parent": 65,
                                                  "ID": 66
                                                }
                                              ],
                                              "parent": 51,
                                              "ID": 65,
                                              "left": 66
                                            }
                                          ],
                                          "parent": 50,
                                          "ID": 51,
                                          "left": 52,
                                          "right": 65
                                        }
                                      ],
                                      "parent": 49,
                                      "ID": 50,
                                      "left": 51
                                    }
                                  ],
                                  "parent": 48,
                                  "ID": 49,
                                  "left": 50
                                }
                              ],
                              "parent": 47,
                              "ID": 48,
                              "left": 49
                            }
                          ],
                          "parent": 46,
                          "ID": 47,
                          "left": 48
                        }
                      ],
                      "parent": 3,
                      "ID": 46,
                      "left": 47
                    }
                  ],
                  "parent": 2,
                  "ID": 3,
                  "left": 4,
                  "right": 25
                }
              ],
              "parent": 1,
              "ID": 2,
              "left": 3
            }
          ],
          "parent": 0,
          "ID": 1,
          "left": 2
        }
      ],
      "parent": null,
      "ID": 0,
      "left": 1
    },
    "feat": {
      "utility": 0.0,
      "query_shape": [
        [
          "Seq Scan",
          "Hash Join",
          "Sort",
          "Aggregate",
          "Gather Merge",
          "Subquery Scan",
          "Append"
        ],
        [
          "Seq Scan",
          "Hash",
          "Hash Join",
          "Sort",
          "Aggregate",
          "Gather Merge",
          "Subquery Scan",
          "Append"
        ],
        [
          "Seq Scan",
          "Hash",
          "Hash Join",
          "Sort",
          "Aggregate",
          "Gather Merge",
          "Subquery Scan",
          "Append"
        ],
        [
          "Seq Scan",
          "Hash",
          "Hash Join",
          "Sort",
          "Aggregate",
          "Gather Merge",
          "Subquery Scan",
          "Append"
        ],
        [
          "Seq Scan",
          "Hash",
          "Hash Join",
          "Sort",
          "Aggregate",
          "Gather Merge",
          "Subquery Scan",
          "Append"
        ],
        [
          "Seq Scan",
          "Hash",
          "Hash Join",
          "Sort",
          "Aggregate",
          "Gather Merge",
          "Subquery Scan",
          "Append"
        ],
        [
          "Seq Scan",
          "Hash Join",
          "Sort",
          "Aggregate",
          "Gather Merge",
          "Subquery Scan",
          "Append"
        ],
        [
          "Seq Scan",
          "Hash",
          "Hash Join",
          "Sort",
          "Aggregate",
          "Gather Merge",
          "Subquery Scan",
          "Append"
        ],
        [
          "Seq Scan",
          "Hash",
          "Hash Join",
          "Sort",
          "Aggregate",
          "Gather Merge",
          "Subquery Scan",
          "Append"
        ],
        [
          "Seq Scan",
          "Hash",
          "Hash Join",
          "Sort",
          "Aggregate",
          "Gather Merge",
          "Subquery Scan",
          "Append"
        ],
        [
          "Seq Scan",
          "Hash",
          "Hash Join",
          "Sort",
          "Aggregate",
          "Gather Merge",
          "Subquery Scan",
          "Append"
        ],
        [
          "Seq Scan",
          "Hash",
          "Hash Join",
          "Sort",
          "Aggregate",
          "Gather Merge",
          "Subquery Scan",
          "Append"
        ],
        [
          "Seq Scan",
          "Hash Join",
          "Sort",
          "Aggregate",
          "Gather Merge",
          "Subquery Scan",
          "Append"
        ],
        [
          "Seq Scan",
          "Hash",
          "Hash Join",
          "Sort",
          "Aggregate",
          "Gather Merge",
          "Subquery Scan",
          "Append"
        ],
        [
          "Seq Scan",
          "Hash",
          "Hash Join",
          "Sort",
          "Aggregate",
          "Gather Merge",
          "Subquery Scan",
          "Append"
        ],
        [
          "Seq Scan",
          "Hash",
          "Hash Join",
          "Sort",
          "Aggregate",
          "Gather Merge",
          "Subquery Scan",
          "Append"
        ],
        [
          "Seq Scan",
          "Hash",
          "Hash Join",
          "Sort",
          "Aggregate",
          "Gather Merge",
          "Subquery Scan",
          "Append"
        ],
        [
          "Seq Scan",
          "Hash",
          "Hash Join",
          "Sort",
          "Aggregate",
          "Gather Merge",
          "Subquery Scan",
          "Append"
        ]
      ],
      "index_shape": [],
      "physical_operator": {}
    }
  },
  {
    "query": "with ssr as\n (select  s_store_id as store_id,\n          sum(ss_ext_sales_price) as sales,\n          sum(coalesce(sr_return_amt, 0)) as returns,\n          sum(ss_net_profit - coalesce(sr_net_loss, 0)) as profit\n  from store_sales left outer join store_returns on\n         (ss_item_sk = sr_item_sk and ss_ticket_number = sr_ticket_number),\n     date_dim,\n     store,\n     item,\n     promotion\n where ss_sold_date_sk = d_date_sk\n       and d_date between cast('2000-08-02' as date) \n                  and (cast('2000-08-02' as date) +  interval '30 days')\n       and ss_store_sk = s_store_sk\n       and ss_item_sk = i_item_sk\n       and i_current_price > 50\n       and ss_promo_sk = p_promo_sk\n       and p_channel_tv = 'N'\n group by s_store_id)\n ,\n csr as\n (select  cp_catalog_page_id as catalog_page_id,\n          sum(cs_ext_sales_price) as sales,\n          sum(coalesce(cr_return_amount, 0)) as returns,\n          sum(cs_net_profit - coalesce(cr_net_loss, 0)) as profit\n  from catalog_sales left outer join catalog_returns on\n         (cs_item_sk = cr_item_sk and cs_order_number = cr_order_number),\n     date_dim,\n     catalog_page,\n     item,\n     promotion\n where cs_sold_date_sk = d_date_sk\n       and d_date between cast('2000-08-02' as date)\n                  and (cast('2000-08-02' as date) +  interval '30 days')\n        and cs_catalog_page_sk = cp_catalog_page_sk\n       and cs_item_sk = i_item_sk\n       and i_current_price > 50\n       and cs_promo_sk = p_promo_sk\n       and p_channel_tv = 'N'\ngroup by cp_catalog_page_id)\n ,\n wsr as\n (select  web_site_id,\n          sum(ws_ext_sales_price) as sales,\n          sum(coalesce(wr_return_amt, 0)) as returns,\n          sum(ws_net_profit - coalesce(wr_net_loss, 0)) as profit\n  from web_sales left outer join web_returns on\n         (ws_item_sk = wr_item_sk and ws_order_number = wr_order_number),\n     date_dim,\n     web_site,\n     item,\n     promotion\n where ws_sold_date_sk = d_date_sk\n       and d_date between cast('2000-08-02' as date)\n                  and (cast('2000-08-02' as date) +  interval '30 days')\n        and ws_web_site_sk = web_site_sk\n       and ws_item_sk = i_item_sk\n       and i_current_price > 50\n       and ws_promo_sk = p_promo_sk\n       and p_channel_tv = 'N'\ngroup by web_site_id)\n  select  channel\n        , id\n        , sum(sales) as sales\n        , sum(returns) as returns\n        , sum(profit) as profit\n from \n (select 'store channel' as channel\n        , 'store' || store_id as id\n        , sales\n        , returns\n        , profit\n from   ssr\n union all\n select 'catalog channel' as channel\n        , 'catalog_page' || catalog_page_id as id\n        , sales\n        , returns\n        , profit\n from  csr\n union all\n select 'web channel' as channel\n        , 'web_site' || web_site_id as id\n        , sales\n        , returns\n        , profit\n from   wsr\n ) x\n group by rollup (channel, id)\n order by channel\n         ,id\n limit 100;\n\n-- end query 61 in stream 4 using template query80.tpl\n",
    "indexes": "store_returns.sr_net_loss",
    "wo plan est": {
      "Node Type": "Limit",
      "Parallel Aware": false,
      "Async Capable": false,
      "Startup Cost": 1566793.64,
      "Total Cost": 1566796.93,
      "Plan Rows": 100,
      "Plan Width": 160,
      "Plans": [
        {
          "Node Type": "Aggregate",
          "Strategy": "Sorted",
          "Partial Mode": "Simple",
          "Parent Relationship": "Outer",
          "Parallel Aware": false,
          "Async Capable": false,
          "Startup Cost": 1566793.64,
          "Total Cost": 1566806.84,
          "Plan Rows": 401,
          "Plan Width": 160,
          "Grouping Sets": [
            {
              "Group Keys": [
                [
                  "('store channel'::text)",
                  "(('store'::text || (ssr.store_id)::text))"
                ],
                [
                  "('store channel'::text)"
                ],
                []
              ]
            }
          ],
          "Plans": [
            {
              "Node Type": "Sort",
              "Parent Relationship": "Outer",
              "Parallel Aware": false,
              "Async Capable": false,
              "Startup Cost": 1566793.64,
              "Total Cost": 1566794.67,
              "Plan Rows": 412,
              "Plan Width": 160,
              "Sort Key": [
                "('store channel'::text)",
                "(('store'::text || (ssr.store_id)::text))"
              ],
              "Plans": [
                {
                  "Node Type": "Append",
                  "Parent Relationship": "Outer",
                  "Parallel Aware": false,
                  "Async Capable": false,
                  "Startup Cost": 784596.3,
                  "Total Cost": 1566775.74,
                  "Plan Rows": 412,
                  "Plan Width": 160,
                  "Subplans Removed": 0,
                  "Plans": [
                    {
                      "Node Type": "Subquery Scan",
                      "Parent Relationship": "Member",
                      "Parallel Aware": false,
                      "Async Capable": false,
                      "Alias": "ssr",
                      "Startup Cost": 784596.3,
                      "Total Cost": 784616.16,
                      "Plan Rows": 51,
                      "Plan Width": 160,
                      "Plans": [
                        {
                          "Node Type": "Aggregate",
                          "Strategy": "Sorted",
                          "Partial Mode": "Finalize",
                          "Parent Relationship": "Subquery",
                          "Parallel Aware": false,
                          "Async Capable": false,
                          "Startup Cost": 784596.3,
                          "Total Cost": 784615.39,
                          "Plan Rows": 51,
                          "Plan Width": 113,
                          "Group Key": [
                            "store.s_store_id"
                          ],
                          "Plans": [
                            {
                              "Node Type": "Gather Merge",
                              "Parent Relationship": "Outer",
                              "Parallel Aware": false,
                              "Async Capable": false,
                              "Startup Cost": 784596.3,
                              "Total Cost": 784612.71,
                              "Plan Rows": 102,
                              "Plan Width": 113,
                              "Workers Planned": 2,
                              "Plans": [
                                {
                                  "Node Type": "Aggregate",
                                  "Strategy": "Sorted",
                                  "Partial Mode": "Partial",
                                  "Parent Relationship": "Outer",
                                  "Parallel Aware": false,
                                  "Async Capable": false,
                                  "Startup Cost": 783596.27,
                                  "Total Cost": 783600.92,
                                  "Plan Rows": 51,
                                  "Plan Width": 113,
                                  "Group Key": [
                                    "store.s_store_id"
                                  ],
                                  "Plans": [
                                    {
                                      "Node Type": "Sort",
                                      "Parent Relationship": "Outer",
                                      "Parallel Aware": false,
                                      "Async Capable": false,
                                      "Startup Cost": 783596.27,
                                      "Total Cost": 783596.9,
                                      "Plan Rows": 250,
                                      "Plan Width": 41,
                                      "Sort Key": [
                                        "store.s_store_id"
                                      ],
                                      "Plans": [
                                        {
                                          "Node Type": "Hash Join",
                                          "Parent Relationship": "Outer",
                                          "Parallel Aware": false,
                                          "Async Capable": false,
                                          "Join Type": "Inner",
                                          "Startup Cost": 94489.35,
                                          "Total Cost": 783586.32,
                                          "Plan Rows": 250,
                                          "Plan Width": 41,
                                          "Inner Unique": false,
                                          "Hash Cond": "(store_sales.ss_store_sk = store.s_store_sk)",
                                          "Plans": [
                                            {
                                              "Node Type": "Hash Join",
                                              "Parent Relationship": "Outer",
                                              "Parallel Aware": false,
                                              "Async Capable": false,
                                              "Join Type": "Inner",
                                              "Startup Cost": 94482.05,
                                              "Total Cost": 783575.54,
                                              "Plan Rows": 262,
                                              "Plan Width": 28,
                                              "Inner Unique": false,
                                              "Hash Cond": "(store_sales.ss_promo_sk = promotion.p_promo_sk)",
                                              "Plans": [
                                                {
                                                  "Node Type": "Hash Join",
                                                  "Parent Relationship": "Outer",
                                                  "Parallel Aware": true,
                                                  "Async Capable": false,
                                                  "Join Type": "Inner",
                                                  "Startup Cost": 94456.65,
                                                  "Total Cost": 783546.47,
                                                  "Plan Rows": 279,
                                                  "Plan Width": 32,
                                                  "Inner Unique": false,
                                                  "Hash Cond": "(store_sales.ss_item_sk = item.i_item_sk)",
                                                  "Plans": [
                                                    {
                                                      "Node Type": "Hash Join",
                                                      "Parent Relationship": "Outer",
                                                      "Parallel Aware": true,
                                                      "Async Capable": false,
                                                      "Join Type": "Left",
                                                      "Startup Cost": 86930.88,
                                                      "Total Cost": 776001.31,
                                                      "Plan Rows": 4860,
                                                      "Plan Width": 36,
                                                      "Inner Unique": false,
                                                      "Hash Cond": "((store_sales.ss_item_sk = store_returns.sr_item_sk) AND (store_sales.ss_ticket_number = store_returns.sr_ticket_number))",
                                                      "Plans": [
                                                        {
                                                          "Node Type": "Hash Join",
                                                          "Parent Relationship": "Outer",
                                                          "Parallel Aware": true,
                                                          "Async Capable": false,
                                                          "Join Type": "Inner",
                                                          "Startup Cost": 2049.78,
                                                          "Total Cost": 683994.75,
                                                          "Plan Rows": 4860,
                                                          "Plan Width": 28,
                                                          "Inner Unique": false,
                                                          "Hash Cond": "(store_sales.ss_sold_date_sk = date_dim.d_date_sk)",
                                                          "Plans": [
                                                            {
                                                              "Node Type": "Seq Scan",
                                                              "Parent Relationship": "Outer",
                                                              "Parallel Aware": true,
                                                              "Async Capable": false,
                                                              "Relation Name": "store_sales",
                                                              "Alias": "store_sales",
                                                              "Startup Cost": 0.0,
                                                              "Total Cost": 636914.37,
                                                              "Plan Rows": 12000637,
                                                              "Plan Width": 32,
                                                              "parent": 13,
                                                              "ID": 14
                                                            },
                                                            {
                                                              "Node Type": "Hash",
                                                              "Parent Relationship": "Inner",
                                                              "Parallel Aware": true,
                                                              "Async Capable": false,
                                                              "Startup Cost": 2049.55,
                                                              "Total Cost": 2049.55,
                                                              "Plan Rows": 18,
                                                              "Plan Width": 4,
                                                              "Plans": [
                                                                {
                                                                  "Node Type": "Seq Scan",
                                                                  "Parent Relationship": "Outer",
                                                                  "Parallel Aware": true,
                                                                  "Async Capable": false,
                                                                  "Relation Name": "date_dim",
                                                                  "Alias": "date_dim",
                                                                  "Startup Cost": 0.0,
                                                                  "Total Cost": 2049.55,
                                                                  "Plan Rows": 18,
                                                                  "Plan Width": 4,
                                                                  "Filter": "((d_date >= '2000-08-02'::date) AND (d_date <= '2000-09-01 00:00:00'::timestamp without time zone))",
                                                                  "parent": 15,
                                                                  "ID": 16
                                                                }
                                                              ],
                                                              "parent": 13,
                                                              "ID": 15,
                                                              "left": 16
                                                            }
                                                          ],
                                                          "parent": 12,
                                                          "ID": 13,
                                                          "left": 14,
                                                          "right": 15
                                                        },
                                                        {
                                                          "Node Type": "Hash",
                                                          "Parent Relationship": "Inner",
                                                          "Parallel Aware": true,
                                                          "Async Capable": false,
                                                          "Startup Cost": 59887.64,
                                                          "Total Cost": 59887.64,
                                                          "Plan Rows": 1198164,
                                                          "Plan Width": 20,
                                                          "Plans": [
                                                            {
                                                              "Node Type": "Seq Scan",
                                                              "Parent Relationship": "Outer",
                                                              "Parallel Aware": true,
                                                              "Async Capable": false,
                                                              "Relation Name": "store_returns",
                                                              "Alias": "store_returns",
                                                              "Startup Cost": 0.0,
                                                              "Total Cost": 59887.64,
                                                              "Plan Rows": 1198164,
                                                              "Plan Width": 20,
                                                              "parent": 17,
                                                              "ID": 18
                                                            }
                                                          ],
                                                          "parent": 12,
                                                          "ID": 17,
                                                          "left": 18
                                                        }
                                                      ],
                                                      "parent": 11,
                                                      "ID": 12,
                                                      "left": 13,
                                                      "right": 17
                                                    },
                                                    {
                                                      "Node Type": "Hash",
                                                      "Parent Relationship": "Inner",
                                                      "Parallel Aware": true,
                                                      "Async Capable": false,
                                                      "Startup Cost": 7495.25,
                                                      "Total Cost": 7495.25,
                                                      "Plan Rows": 2442,
                                                      "Plan Width": 4,
                                                      "Plans": [
                                                        {
                                                          "Node Type": "Seq Scan",
                                                          "Parent Relationship": "Outer",
                                                          "Parallel Aware": true,
                                                          "Async Capable": false,
                                                          "Relation Name": "item",
                                                          "Alias": "item",
                                                          "Startup Cost": 0.0,
                                                          "Total Cost": 7495.25,
                                                          "Plan Rows": 2442,
                                                          "Plan Width": 4,
                                                          "Filter": "(i_current_price > '50'::numeric)",
                                                          "parent": 19,
                                                          "ID": 20
                                                        }
                                                      ],
                                                      "parent": 11,
                                                      "ID": 19,
                                                      "left": 20
                                                    }
                                                  ],
                                                  "parent": 10,
                                                  "ID": 11,
                                                  "left": 12,
                                                  "right": 19
                                                },
                                                {
                                                  "Node Type": "Hash",
                                                  "Parent Relationship": "Inner",
                                                  "Parallel Aware": false,
                                                  "Async Capable": false,
                                                  "Startup Cost": 19.25,
                                                  "Total Cost": 19.25,
                                                  "Plan Rows": 492,
                                                  "Plan Width": 4,
                                                  "Plans": [
                                                    {
                                                      "Node Type": "Seq Scan",
                                                      "Parent Relationship": "Outer",
                                                      "Parallel Aware": false,
                                                      "Async Capable": false,
                                                      "Relation Name": "promotion",
                                                      "Alias": "promotion",
                                                      "Startup Cost": 0.0,
                                                      "Total Cost": 19.25,
                                                      "Plan Rows": 492,
                                                      "Plan Width": 4,
                                                      "Filter": "(p_channel_tv = 'N'::bpchar)",
                                                      "parent": 21,
                                                      "ID": 22
                                                    }
                                                  ],
                                                  "parent": 10,
                                                  "ID": 21,
                                                  "left": 22
                                                }
                                              ],
                                              "parent": 9,
                                              "ID": 10,
                                              "left": 11,
                                              "right": 21
                                            },
                                            {
                                              "Node Type": "Hash",
                                              "Parent Relationship": "Inner",
                                              "Parallel Aware": false,
                                              "Async Capable": false,
                                              "Startup Cost": 6.02,
                                              "Total Cost": 6.02,
                                              "Plan Rows": 102,
                                              "Plan Width": 21,
                                              "Plans": [
                                                {
                                                  "Node Type": "Seq Scan",
                                                  "Parent Relationship": "Outer",
                                                  "Parallel Aware": false,
                                                  "Async Capable": false,
                                                  "Relation Name": "store",
                                                  "Alias": "store",
                                                  "Startup Cost": 0.0,
                                                  "Total Cost": 6.02,
                                                  "Plan Rows": 102,
                                                  "Plan Width": 21,
                                                  "parent": 23,
                                                  "ID": 24
                                                }
                                              ],
                                              "parent": 9,
                                              "ID": 23,
                                              "left": 24
                                            }
                                          ],
                                          "parent": 8,
                                          "ID": 9,
                                          "left": 10,
                                          "right": 23
                                        }
                                      ],
                                      "parent": 7,
                                      "ID": 8,
                                      "left": 9
                                    }
                                  ],
                                  "parent": 6,
                                  "ID": 7,
                                  "left": 8
                                }
                              ],
                              "parent": 5,
                              "ID": 6,
                              "left": 7
                            }
                          ],
                          "parent": 4,
                          "ID": 5,
                          "left": 6
                        }
                      ],
                      "parent": 3,
                      "ID": 4,
                      "left": 5
                    },
                    {
                      "Node Type": "Subquery Scan",
                      "Parent Relationship": "Member",
                      "Parallel Aware": false,
                      "Async Capable": false,
                      "Alias": "csr",
                      "Startup Cost": 518177.36,
                      "Total Cost": 518230.78,
                      "Plan Rows": 340,
                      "Plan Width": 160,
                      "Plans": [
                        {
                          "Node Type": "Aggregate",
                          "Strategy": "Sorted",
                          "Partial Mode": "Finalize",
                          "Parent Relationship": "Subquery",
                          "Parallel Aware": false,
                          "Async Capable": false,
                          "Startup Cost": 518177.36,
                          "Total Cost": 518225.68,
                          "Plan Rows": 340,
                          "Plan Width": 113,
                          "Group Key": [
                            "catalog_page.cp_catalog_page_id"
                          ],
                          "Plans": [
                            {
                              "Node Type": "Gather Merge",
                              "Parent Relationship": "Outer",
                              "Parallel Aware": false,
                              "Async Capable": false,
                              "Startup Cost": 518177.36,
                              "Total Cost": 518214.76,
                              "Plan Rows": 284,
                              "Plan Width": 113,
                              "Workers Planned": 2,
                              "Plans": [
                                {
                                  "Node Type": "Aggregate",
                                  "Strategy": "Sorted",
                                  "Partial Mode": "Partial",
                                  "Parent Relationship": "Outer",
                                  "Parallel Aware": false,
                                  "Async Capable": false,
                                  "Startup Cost": 517177.34,
                                  "Total Cost": 517181.95,
                                  "Plan Rows": 142,
                                  "Plan Width": 113,
                                  "Group Key": [
                                    "catalog_page.cp_catalog_page_id"
                                  ],
                                  "Plans": [
                                    {
                                      "Node Type": "Sort",
                                      "Parent Relationship": "Outer",
                                      "Parallel Aware": false,
                                      "Async Capable": false,
                                      "Startup Cost": 517177.34,
                                      "Total Cost": 517177.69,
                                      "Plan Rows": 142,
                                      "Plan Width": 41,
                                      "Sort Key": [
                                        "catalog_page.cp_catalog_page_id"
                                      ],
                                      "Plans": [
                                        {
                                          "Node Type": "Hash Join",
                                          "Parent Relationship": "Outer",
                                          "Parallel Aware": false,
                                          "Async Capable": false,
                                          "Join Type": "Inner",
                                          "Startup Cost": 57382.33,
                                          "Total Cost": 517172.26,
                                          "Plan Rows": 142,
                                          "Plan Width": 41,
                                          "Inner Unique": false,
                                          "Hash Cond": "(catalog_sales.cs_catalog_page_sk = catalog_page.cp_catalog_page_sk)",
                                          "Plans": [
                                            {
                                              "Node Type": "Hash Join",
                                              "Parent Relationship": "Outer",
                                              "Parallel Aware": false,
                                              "Async Capable": false,
                                              "Join Type": "Inner",
                                              "Startup Cost": 56864.33,
                                              "Total Cost": 516652.32,
                                              "Plan Rows": 142,
                                              "Plan Width": 28,
                                              "Inner Unique": false,
                                              "Hash Cond": "(catalog_sales.cs_promo_sk = promotion_1.p_promo_sk)",
                                              "Plans": [
                                                {
                                                  "Node Type": "Hash Join",
                                                  "Parent Relationship": "Outer",
                                                  "Parallel Aware": true,
                                                  "Async Capable": false,
                                                  "Join Type": "Inner",
                                                  "Startup Cost": 56838.93,
                                                  "Total Cost": 516624.96,
                                                  "Plan Rows": 145,
                                                  "Plan Width": 32,
                                                  "Inner Unique": false,
                                                  "Hash Cond": "(catalog_sales.cs_item_sk = item_1.i_item_sk)",
                                                  "Plans": [
                                                    {
                                                      "Node Type": "Hash Join",
                                                      "Parent Relationship": "Outer",
                                                      "Parallel Aware": true,
                                                      "Async Capable": false,
                                                      "Join Type": "Left",
                                                      "Startup Cost": 49313.15,
                                                      "Total Cost": 509089.08,
                                                      "Plan Rows": 2532,
                                                      "Plan Width": 36,
                                                      "Inner Unique": false,
                                                      "Hash Cond": "((catalog_sales.cs_item_sk = catalog_returns.cr_item_sk) AND (catalog_sales.cs_order_number = catalog_returns.cr_order_number))",
                                                      "Plans": [
                                                        {
                                                          "Node Type": "Hash Join",
                                                          "Parent Relationship": "Outer",
                                                          "Parallel Aware": true,
                                                          "Async Capable": false,
                                                          "Join Type": "Inner",
                                                          "Startup Cost": 2049.78,
                                                          "Total Cost": 458254.7,
                                                          "Plan Rows": 2532,
                                                          "Plan Width": 28,
                                                          "Inner Unique": false,
                                                          "Hash Cond": "(catalog_sales.cs_sold_date_sk = date_dim_1.d_date_sk)",
                                                          "Plans": [
                                                            {
                                                              "Node Type": "Seq Scan",
                                                              "Parent Relationship": "Outer",
                                                              "Parallel Aware": true,
                                                              "Async Capable": false,
                                                              "Relation Name": "catalog_sales",
                                                              "Alias": "catalog_sales",
                                                              "Startup Cost": 0.0,
                                                              "Total Cost": 433688.25,
                                                              "Plan Rows": 6000525,
                                                              "Plan Width": 32,
                                                              "parent": 34,
                                                              "ID": 35
                                                            },
                                                            {
                                                              "Node Type": "Hash",
                                                              "Parent Relationship": "Inner",
                                                              "Parallel Aware": true,
                                                              "Async Capable": false,
                                                              "Startup Cost": 2049.55,
                                                              "Total Cost": 2049.55,
                                                              "Plan Rows": 18,
                                                              "Plan Width": 4,
                                                              "Plans": [
                                                                {
                                                                  "Node Type": "Seq Scan",
                                                                  "Parent Relationship": "Outer",
                                                                  "Parallel Aware": true,
                                                                  "Async Capable": false,
                                                                  "Relation Name": "date_dim",
                                                                  "Alias": "date_dim_1",
                                                                  "Startup Cost": 0.0,
                                                                  "Total Cost": 2049.55,
                                                                  "Plan Rows": 18,
                                                                  "Plan Width": 4,
                                                                  "Filter": "((d_date >= '2000-08-02'::date) AND (d_date <= '2000-09-01 00:00:00'::timestamp without time zone))",
                                                                  "parent": 36,
                                                                  "ID": 37
                                                                }
                                                              ],
                                                              "parent": 34,
                                                              "ID": 36,
                                                              "left": 37
                                                            }
                                                          ],
                                                          "parent": 33,
                                                          "ID": 34,
                                                          "left": 35,
                                                          "right": 36
                                                        },
                                                        {
                                                          "Node Type": "Hash",
                                                          "Parent Relationship": "Inner",
                                                          "Parallel Aware": true,
                                                          "Async Capable": false,
                                                          "Startup Cost": 34748.95,
                                                          "Total Cost": 34748.95,
                                                          "Plan Rows": 599895,
                                                          "Plan Width": 20,
                                                          "Plans": [
                                                            {
                                                              "Node Type": "Seq Scan",
                                                              "Parent Relationship": "Outer",
                                                              "Parallel Aware": true,
                                                              "Async Capable": false,
                                                              "Relation Name": "catalog_returns",
                                                              "Alias": "catalog_returns",
                                                              "Startup Cost": 0.0,
                                                              "Total Cost": 34748.95,
                                                              "Plan Rows": 599895,
                                                              "Plan Width": 20,
                                                              "parent": 38,
                                                              "ID": 39
                                                            }
                                                          ],
                                                          "parent": 33,
                                                          "ID": 38,
                                                          "left": 39
                                                        }
                                                      ],
                                                      "parent": 32,
                                                      "ID": 33,
                                                      "left": 34,
                                                      "right": 38
                                                    },
                                                    {
                                                      "Node Type": "Hash",
                                                      "Parent Relationship": "Inner",
                                                      "Parallel Aware": true,
                                                      "Async Capable": false,
                                                      "Startup Cost": 7495.25,
                                                      "Total Cost": 7495.25,
                                                      "Plan Rows": 2442,
                                                      "Plan Width": 4,
                                                      "Plans": [
                                                        {
                                                          "Node Type": "Seq Scan",
                                                          "Parent Relationship": "Outer",
                                                          "Parallel Aware": true,
                                                          "Async Capable": false,
                                                          "Relation Name": "item",
                                                          "Alias": "item_1",
                                                          "Startup Cost": 0.0,
                                                          "Total Cost": 7495.25,
                                                          "Plan Rows": 2442,
                                                          "Plan Width": 4,
                                                          "Filter": "(i_current_price > '50'::numeric)",
                                                          "parent": 40,
                                                          "ID": 41
                                                        }
                                                      ],
                                                      "parent": 32,
                                                      "ID": 40,
                                                      "left": 41
                                                    }
                                                  ],
                                                  "parent": 31,
                                                  "ID": 32,
                                                  "left": 33,
                                                  "right": 40
                                                },
                                                {
                                                  "Node Type": "Hash",
                                                  "Parent Relationship": "Inner",
                                                  "Parallel Aware": false,
                                                  "Async Capable": false,
                                                  "Startup Cost": 19.25,
                                                  "Total Cost": 19.25,
                                                  "Plan Rows": 492,
                                                  "Plan Width": 4,
                                                  "Plans": [
                                                    {
                                                      "Node Type": "Seq Scan",
                                                      "Parent Relationship": "Outer",
                                                      "Parallel Aware": false,
                                                      "Async Capable": false,
                                                      "Relation Name": "promotion",
                                                      "Alias": "promotion_1",
                                                      "Startup Cost": 0.0,
                                                      "Total Cost": 19.25,
                                                      "Plan Rows": 492,
                                                      "Plan Width": 4,
                                                      "Filter": "(p_channel_tv = 'N'::bpchar)",
                                                      "parent": 42,
                                                      "ID": 43
                                                    }
                                                  ],
                                                  "parent": 31,
                                                  "ID": 42,
                                                  "left": 43
                                                }
                                              ],
                                              "parent": 30,
                                              "ID": 31,
                                              "left": 32,
                                              "right": 42
                                            },
                                            {
                                              "Node Type": "Hash",
                                              "Parent Relationship": "Inner",
                                              "Parallel Aware": false,
                                              "Async Capable": false,
                                              "Startup Cost": 368.0,
                                              "Total Cost": 368.0,
                                              "Plan Rows": 12000,
                                              "Plan Width": 21,
                                              "Plans": [
                                                {
                                                  "Node Type": "Seq Scan",
                                                  "Parent Relationship": "Outer",
                                                  "Parallel Aware": false,
                                                  "Async Capable": false,
                                                  "Relation Name": "catalog_page",
                                                  "Alias": "catalog_page",
                                                  "Startup Cost": 0.0,
                                                  "Total Cost": 368.0,
                                                  "Plan Rows": 12000,
                                                  "Plan Width": 21,
                                                  "parent": 44,
                                                  "ID": 45
                                                }
                                              ],
                                              "parent": 30,
                                              "ID": 44,
                                              "left": 45
                                            }
                                          ],
                                          "parent": 29,
                                          "ID": 30,
                                          "left": 31,
                                          "right": 44
                                        }
                                      ],
                                      "parent": 28,
                                      "ID": 29,
                                      "left": 30
                                    }
                                  ],
                                  "parent": 27,
                                  "ID": 28,
                                  "left": 29
                                }
                              ],
                              "parent": 26,
                              "ID": 27,
                              "left": 28
                            }
                          ],
                          "parent": 25,
                          "ID": 26,
                          "left": 27
                        }
                      ],
                      "parent": 3,
                      "ID": 25,
                      "left": 26
                    },
                    {
                      "Node Type": "Subquery Scan",
                      "Parent Relationship": "Member",
                      "Parallel Aware": false,
                      "Async Capable": false,
                      "Alias": "wsr",
                      "Startup Cost": 263919.04,
                      "Total Cost": 263926.75,
                      "Plan Rows": 21,
                      "Plan Width": 160,
                      "Plans": [
                        {
                          "Node Type": "Aggregate",
                          "Strategy": "Sorted",
                          "Partial Mode": "Finalize",
                          "Parent Relationship": "Subquery",
                          "Parallel Aware": false,
                          "Async Capable": false,
                          "Startup Cost": 263919.04,
                          "Total Cost": 263926.43,
                          "Plan Rows": 21,
                          "Plan Width": 113,
                          "Group Key": [
                            "web_site.web_site_id"
                          ],
                          "Plans": [
                            {
                              "Node Type": "Gather Merge",
                              "Parent Relationship": "Outer",
                              "Parallel Aware": false,
                              "Async Capable": false,
                              "Startup Cost": 263919.04,
                              "Total Cost": 263925.33,
                              "Plan Rows": 42,
                              "Plan Width": 113,
                              "Workers Planned": 2,
                              "Plans": [
                                {
                                  "Node Type": "Aggregate",
                                  "Strategy": "Sorted",
                                  "Partial Mode": "Partial",
                                  "Parent Relationship": "Outer",
                                  "Parallel Aware": false,
                                  "Async Capable": false,
                                  "Startup Cost": 262919.01,
                                  "Total Cost": 262920.46,
                                  "Plan Rows": 21,
                                  "Plan Width": 113,
                                  "Group Key": [
                                    "web_site.web_site_id"
                                  ],
                                  "Plans": [
                                    {
                                      "Node Type": "Sort",
                                      "Parent Relationship": "Outer",
                                      "Parallel Aware": false,
                                      "Async Capable": false,
                                      "Startup Cost": 262919.01,
                                      "Total Cost": 262919.19,
                                      "Plan Rows": 72,
                                      "Plan Width": 41,
                                      "Sort Key": [
                                        "web_site.web_site_id"
                                      ],
                                      "Plans": [
                                        {
                                          "Node Type": "Hash Join",
                                          "Parent Relationship": "Outer",
                                          "Parallel Aware": false,
                                          "Async Capable": false,
                                          "Join Type": "Inner",
                                          "Startup Cost": 32134.74,
                                          "Total Cost": 262916.79,
                                          "Plan Rows": 72,
                                          "Plan Width": 41,
                                          "Inner Unique": false,
                                          "Hash Cond": "(web_sales.ws_web_site_sk = web_site.web_site_sk)",
                                          "Plans": [
                                            {
                                              "Node Type": "Hash Join",
                                              "Parent Relationship": "Outer",
                                              "Parallel Aware": false,
                                              "Async Capable": false,
                                              "Join Type": "Inner",
                                              "Startup Cost": 32130.8,
                                              "Total Cost": 262911.86,
                                              "Plan Rows": 72,
                                              "Plan Width": 28,
                                              "Inner Unique": false,
                                              "Hash Cond": "(web_sales.ws_promo_sk = promotion_2.p_promo_sk)",
                                              "Plans": [
                                                {
                                                  "Node Type": "Hash Join",
                                                  "Parent Relationship": "Outer",
                                                  "Parallel Aware": true,
                                                  "Async Capable": false,
                                                  "Join Type": "Inner",
                                                  "Startup Cost": 32105.4,
                                                  "Total Cost": 262885.46,
                                                  "Plan Rows": 73,
                                                  "Plan Width": 32,
                                                  "Inner Unique": false,
                                                  "Hash Cond": "(web_sales.ws_item_sk = item_2.i_item_sk)",
                                                  "Plans": [
                                                    {
                                                      "Node Type": "Hash Join",
                                                      "Parent Relationship": "Outer",
                                                      "Parallel Aware": true,
                                                      "Async Capable": false,
                                                      "Join Type": "Left",
                                                      "Startup Cost": 24579.62,
                                                      "Total Cost": 255354.62,
                                                      "Plan Rows": 1272,
                                                      "Plan Width": 36,
                                                      "Inner Unique": false,
                                                      "Hash Cond": "((web_sales.ws_item_sk = web_returns.wr_item_sk) AND (web_sales.ws_order_number = web_returns.wr_order_number))",
                                                      "Plans": [
                                                        {
                                                          "Node Type": "Hash Join",
                                                          "Parent Relationship": "Outer",
                                                          "Parallel Aware": true,
                                                          "Async Capable": false,
                                                          "Join Type": "Inner",
                                                          "Startup Cost": 2049.78,
                                                          "Total Cost": 231041.22,
                                                          "Plan Rows": 1272,
                                                          "Plan Width": 28,
                                                          "Inner Unique": false,
                                                          "Hash Cond": "(web_sales.ws_sold_date_sk = date_dim_2.d_date_sk)",
                                                          "Plans": [
                                                            {
                                                              "Node Type": "Seq Scan",
                                                              "Parent Relationship": "Outer",
                                                              "Parallel Aware": true,
                                                              "Async Capable": false,
                                                              "Relation Name": "web_sales",
                                                              "Alias": "web_sales",
                                                              "Startup Cost": 0.0,
                                                              "Total Cost": 217737.86,
                                                              "Plan Rows": 2998986,
                                                              "Plan Width": 32,
                                                              "parent": 55,
                                                              "ID": 56
                                                            },
                                                            {
                                                              "Node Type": "Hash",
                                                              "Parent Relationship": "Inner",
                                                              "Parallel Aware": true,
                                                              "Async Capable": false,
                                                              "Startup Cost": 2049.55,
                                                              "Total Cost": 2049.55,
                                                              "Plan Rows": 18,
                                                              "Plan Width": 4,
                                                              "Plans": [
                                                                {
                                                                  "Node Type": "Seq Scan",
                                                                  "Parent Relationship": "Outer",
                                                                  "Parallel Aware": true,
                                                                  "Async Capable": false,
                                                                  "Relation Name": "date_dim",
                                                                  "Alias": "date_dim_2",
                                                                  "Startup Cost": 0.0,
                                                                  "Total Cost": 2049.55,
                                                                  "Plan Rows": 18,
                                                                  "Plan Width": 4,
                                                                  "Filter": "((d_date >= '2000-08-02'::date) AND (d_date <= '2000-09-01 00:00:00'::timestamp without time zone))",
                                                                  "parent": 57,
                                                                  "ID": 58
                                                                }
                                                              ],
                                                              "parent": 55,
                                                              "ID": 57,
                                                              "left": 58
                                                            }
                                                          ],
                                                          "parent": 54,
                                                          "ID": 55,
                                                          "left": 56,
                                                          "right": 57
                                                        },
                                                        {
                                                          "Node Type": "Hash",
                                                          "Parent Relationship": "Inner",
                                                          "Parallel Aware": true,
                                                          "Async Capable": false,
                                                          "Startup Cost": 16278.74,
                                                          "Total Cost": 16278.74,
                                                          "Plan Rows": 299674,
                                                          "Plan Width": 20,
                                                          "Plans": [
                                                            {
                                                              "Node Type": "Seq Scan",
                                                              "Parent Relationship": "Outer",
                                                              "Parallel Aware": true,
                                                              "Async Capable": false,
                                                              "Relation Name": "web_returns",
                                                              "Alias": "web_returns",
                                                              "Startup Cost": 0.0,
                                                              "Total Cost": 16278.74,
                                                              "Plan Rows": 299674,
                                                              "Plan Width": 20,
                                                              "parent": 59,
                                                              "ID": 60
                                                            }
                                                          ],
                                                          "parent": 54,
                                                          "ID": 59,
                                                          "left": 60
                                                        }
                                                      ],
                                                      "parent": 53,
                                                      "ID": 54,
                                                      "left": 55,
                                                      "right": 59
                                                    },
                                                    {
                                                      "Node Type": "Hash",
                                                      "Parent Relationship": "Inner",
                                                      "Parallel Aware": true,
                                                      "Async Capable": false,
                                                      "Startup Cost": 7495.25,
                                                      "Total Cost": 7495.25,
                                                      "Plan Rows": 2442,
                                                      "Plan Width": 4,
                                                      "Plans": [
                                                        {
                                                          "Node Type": "Seq Scan",
                                                          "Parent Relationship": "Outer",
                                                          "Parallel Aware": true,
                                                          "Async Capable": false,
                                                          "Relation Name": "item",
                                                          "Alias": "item_2",
                                                          "Startup Cost": 0.0,
                                                          "Total Cost": 7495.25,
                                                          "Plan Rows": 2442,
                                                          "Plan Width": 4,
                                                          "Filter": "(i_current_price > '50'::numeric)",
                                                          "parent": 61,
                                                          "ID": 62
                                                        }
                                                      ],
                                                      "parent": 53,
                                                      "ID": 61,
                                                      "left": 62
                                                    }
                                                  ],
                                                  "parent": 52,
                                                  "ID": 53,
                                                  "left": 54,
                                                  "right": 61
                                                },
                                                {
                                                  "Node Type": "Hash",
                                                  "Parent Relationship": "Inner",
                                                  "Parallel Aware": false,
                                                  "Async Capable": false,
                                                  "Startup Cost": 19.25,
                                                  "Total Cost": 19.25,
                                                  "Plan Rows": 492,
                                                  "Plan Width": 4,
                                                  "Plans": [
                                                    {
                                                      "Node Type": "Seq Scan",
                                                      "Parent Relationship": "Outer",
                                                      "Parallel Aware": false,
                                                      "Async Capable": false,
                                                      "Relation Name": "promotion",
                                                      "Alias": "promotion_2",
                                                      "Startup Cost": 0.0,
                                                      "Total Cost": 19.25,
                                                      "Plan Rows": 492,
                                                      "Plan Width": 4,
                                                      "Filter": "(p_channel_tv = 'N'::bpchar)",
                                                      "parent": 63,
                                                      "ID": 64
                                                    }
                                                  ],
                                                  "parent": 52,
                                                  "ID": 63,
                                                  "left": 64
                                                }
                                              ],
                                              "parent": 51,
                                              "ID": 52,
                                              "left": 53,
                                              "right": 63
                                            },
                                            {
                                              "Node Type": "Hash",
                                              "Parent Relationship": "Inner",
                                              "Parallel Aware": false,
                                              "Async Capable": false,
                                              "Startup Cost": 3.42,
                                              "Total Cost": 3.42,
                                              "Plan Rows": 42,
                                              "Plan Width": 21,
                                              "Plans": [
                                                {
                                                  "Node Type": "Seq Scan",
                                                  "Parent Relationship": "Outer",
                                                  "Parallel Aware": false,
                                                  "Async Capable": false,
                                                  "Relation Name": "web_site",
                                                  "Alias": "web_site",
                                                  "Startup Cost": 0.0,
                                                  "Total Cost": 3.42,
                                                  "Plan Rows": 42,
                                                  "Plan Width": 21,
                                                  "parent": 65,
                                                  "ID": 66
                                                }
                                              ],
                                              "parent": 51,
                                              "ID": 65,
                                              "left": 66
                                            }
                                          ],
                                          "parent": 50,
                                          "ID": 51,
                                          "left": 52,
                                          "right": 65
                                        }
                                      ],
                                      "parent": 49,
                                      "ID": 50,
                                      "left": 51
                                    }
                                  ],
                                  "parent": 48,
                                  "ID": 49,
                                  "left": 50
                                }
                              ],
                              "parent": 47,
                              "ID": 48,
                              "left": 49
                            }
                          ],
                          "parent": 46,
                          "ID": 47,
                          "left": 48
                        }
                      ],
                      "parent": 3,
                      "ID": 46,
                      "left": 47
                    }
                  ],
                  "parent": 2,
                  "ID": 3,
                  "left": 4,
                  "right": 25
                }
              ],
              "parent": 1,
              "ID": 2,
              "left": 3
            }
          ],
          "parent": 0,
          "ID": 1,
          "left": 2
        }
      ],
      "parent": null,
      "ID": 0,
      "left": 1
    },
    "feat": {
      "utility": 0.0,
      "query_shape": [
        [
          "Seq Scan",
          "Hash Join",
          "Sort",
          "Aggregate",
          "Gather Merge",
          "Subquery Scan",
          "Append"
        ],
        [
          "Seq Scan",
          "Hash",
          "Hash Join",
          "Sort",
          "Aggregate",
          "Gather Merge",
          "Subquery Scan",
          "Append"
        ],
        [
          "Seq Scan",
          "Hash",
          "Hash Join",
          "Sort",
          "Aggregate",
          "Gather Merge",
          "Subquery Scan",
          "Append"
        ],
        [
          "Seq Scan",
          "Hash",
          "Hash Join",
          "Sort",
          "Aggregate",
          "Gather Merge",
          "Subquery Scan",
          "Append"
        ],
        [
          "Seq Scan",
          "Hash",
          "Hash Join",
          "Sort",
          "Aggregate",
          "Gather Merge",
          "Subquery Scan",
          "Append"
        ],
        [
          "Seq Scan",
          "Hash",
          "Hash Join",
          "Sort",
          "Aggregate",
          "Gather Merge",
          "Subquery Scan",
          "Append"
        ],
        [
          "Seq Scan",
          "Hash Join",
          "Sort",
          "Aggregate",
          "Gather Merge",
          "Subquery Scan",
          "Append"
        ],
        [
          "Seq Scan",
          "Hash",
          "Hash Join",
          "Sort",
          "Aggregate",
          "Gather Merge",
          "Subquery Scan",
          "Append"
        ],
        [
          "Seq Scan",
          "Hash",
          "Hash Join",
          "Sort",
          "Aggregate",
          "Gather Merge",
          "Subquery Scan",
          "Append"
        ],
        [
          "Seq Scan",
          "Hash",
          "Hash Join",
          "Sort",
          "Aggregate",
          "Gather Merge",
          "Subquery Scan",
          "Append"
        ],
        [
          "Seq Scan",
          "Hash",
          "Hash Join",
          "Sort",
          "Aggregate",
          "Gather Merge",
          "Subquery Scan",
          "Append"
        ],
        [
          "Seq Scan",
          "Hash",
          "Hash Join",
          "Sort",
          "Aggregate",
          "Gather Merge",
          "Subquery Scan",
          "Append"
        ],
        [
          "Seq Scan",
          "Hash Join",
          "Sort",
          "Aggregate",
          "Gather Merge",
          "Subquery Scan",
          "Append"
        ],
        [
          "Seq Scan",
          "Hash",
          "Hash Join",
          "Sort",
          "Aggregate",
          "Gather Merge",
          "Subquery Scan",
          "Append"
        ],
        [
          "Seq Scan",
          "Hash",
          "Hash Join",
          "Sort",
          "Aggregate",
          "Gather Merge",
          "Subquery Scan",
          "Append"
        ],
        [
          "Seq Scan",
          "Hash",
          "Hash Join",
          "Sort",
          "Aggregate",
          "Gather Merge",
          "Subquery Scan",
          "Append"
        ],
        [
          "Seq Scan",
          "Hash",
          "Hash Join",
          "Sort",
          "Aggregate",
          "Gather Merge",
          "Subquery Scan",
          "Append"
        ],
        [
          "Seq Scan",
          "Hash",
          "Hash Join",
          "Sort",
          "Aggregate",
          "Gather Merge",
          "Subquery Scan",
          "Append"
        ]
      ],
      "index_shape": [],
      "physical_operator": {}
    }
  },
  {
    "query": "with ssr as\n (select  s_store_id as store_id,\n          sum(ss_ext_sales_price) as sales,\n          sum(coalesce(sr_return_amt, 0)) as returns,\n          sum(ss_net_profit - coalesce(sr_net_loss, 0)) as profit\n  from store_sales left outer join store_returns on\n         (ss_item_sk = sr_item_sk and ss_ticket_number = sr_ticket_number),\n     date_dim,\n     store,\n     item,\n     promotion\n where ss_sold_date_sk = d_date_sk\n       and d_date between cast('2000-08-02' as date) \n                  and (cast('2000-08-02' as date) +  interval '30 days')\n       and ss_store_sk = s_store_sk\n       and ss_item_sk = i_item_sk\n       and i_current_price > 50\n       and ss_promo_sk = p_promo_sk\n       and p_channel_tv = 'N'\n group by s_store_id)\n ,\n csr as\n (select  cp_catalog_page_id as catalog_page_id,\n          sum(cs_ext_sales_price) as sales,\n          sum(coalesce(cr_return_amount, 0)) as returns,\n          sum(cs_net_profit - coalesce(cr_net_loss, 0)) as profit\n  from catalog_sales left outer join catalog_returns on\n         (cs_item_sk = cr_item_sk and cs_order_number = cr_order_number),\n     date_dim,\n     catalog_page,\n     item,\n     promotion\n where cs_sold_date_sk = d_date_sk\n       and d_date between cast('2000-08-02' as date)\n                  and (cast('2000-08-02' as date) +  interval '30 days')\n        and cs_catalog_page_sk = cp_catalog_page_sk\n       and cs_item_sk = i_item_sk\n       and i_current_price > 50\n       and cs_promo_sk = p_promo_sk\n       and p_channel_tv = 'N'\ngroup by cp_catalog_page_id)\n ,\n wsr as\n (select  web_site_id,\n          sum(ws_ext_sales_price) as sales,\n          sum(coalesce(wr_return_amt, 0)) as returns,\n          sum(ws_net_profit - coalesce(wr_net_loss, 0)) as profit\n  from web_sales left outer join web_returns on\n         (ws_item_sk = wr_item_sk and ws_order_number = wr_order_number),\n     date_dim,\n     web_site,\n     item,\n     promotion\n where ws_sold_date_sk = d_date_sk\n       and d_date between cast('2000-08-02' as date)\n                  and (cast('2000-08-02' as date) +  interval '30 days')\n        and ws_web_site_sk = web_site_sk\n       and ws_item_sk = i_item_sk\n       and i_current_price > 50\n       and ws_promo_sk = p_promo_sk\n       and p_channel_tv = 'N'\ngroup by web_site_id)\n  select  channel\n        , id\n        , sum(sales) as sales\n        , sum(returns) as returns\n        , sum(profit) as profit\n from \n (select 'store channel' as channel\n        , 'store' || store_id as id\n        , sales\n        , returns\n        , profit\n from   ssr\n union all\n select 'catalog channel' as channel\n        , 'catalog_page' || catalog_page_id as id\n        , sales\n        , returns\n        , profit\n from  csr\n union all\n select 'web channel' as channel\n        , 'web_site' || web_site_id as id\n        , sales\n        , returns\n        , profit\n from   wsr\n ) x\n group by rollup (channel, id)\n order by channel\n         ,id\n limit 100;\n\n-- end query 61 in stream 4 using template query80.tpl\n",
    "indexes": "date_dim.d_date_sk",
    "wo plan est": {
      "Node Type": "Limit",
      "Parallel Aware": false,
      "Async Capable": false,
      "Startup Cost": 1566793.64,
      "Total Cost": 1566796.93,
      "Plan Rows": 100,
      "Plan Width": 160,
      "Plans": [
        {
          "Node Type": "Aggregate",
          "Strategy": "Sorted",
          "Partial Mode": "Simple",
          "Parent Relationship": "Outer",
          "Parallel Aware": false,
          "Async Capable": false,
          "Startup Cost": 1566793.64,
          "Total Cost": 1566806.84,
          "Plan Rows": 401,
          "Plan Width": 160,
          "Grouping Sets": [
            {
              "Group Keys": [
                [
                  "('store channel'::text)",
                  "(('store'::text || (ssr.store_id)::text))"
                ],
                [
                  "('store channel'::text)"
                ],
                []
              ]
            }
          ],
          "Plans": [
            {
              "Node Type": "Sort",
              "Parent Relationship": "Outer",
              "Parallel Aware": false,
              "Async Capable": false,
              "Startup Cost": 1566793.64,
              "Total Cost": 1566794.67,
              "Plan Rows": 412,
              "Plan Width": 160,
              "Sort Key": [
                "('store channel'::text)",
                "(('store'::text || (ssr.store_id)::text))"
              ],
              "Plans": [
                {
                  "Node Type": "Append",
                  "Parent Relationship": "Outer",
                  "Parallel Aware": false,
                  "Async Capable": false,
                  "Startup Cost": 784596.3,
                  "Total Cost": 1566775.74,
                  "Plan Rows": 412,
                  "Plan Width": 160,
                  "Subplans Removed": 0,
                  "Plans": [
                    {
                      "Node Type": "Subquery Scan",
                      "Parent Relationship": "Member",
                      "Parallel Aware": false,
                      "Async Capable": false,
                      "Alias": "ssr",
                      "Startup Cost": 784596.3,
                      "Total Cost": 784616.16,
                      "Plan Rows": 51,
                      "Plan Width": 160,
                      "Plans": [
                        {
                          "Node Type": "Aggregate",
                          "Strategy": "Sorted",
                          "Partial Mode": "Finalize",
                          "Parent Relationship": "Subquery",
                          "Parallel Aware": false,
                          "Async Capable": false,
                          "Startup Cost": 784596.3,
                          "Total Cost": 784615.39,
                          "Plan Rows": 51,
                          "Plan Width": 113,
                          "Group Key": [
                            "store.s_store_id"
                          ],
                          "Plans": [
                            {
                              "Node Type": "Gather Merge",
                              "Parent Relationship": "Outer",
                              "Parallel Aware": false,
                              "Async Capable": false,
                              "Startup Cost": 784596.3,
                              "Total Cost": 784612.71,
                              "Plan Rows": 102,
                              "Plan Width": 113,
                              "Workers Planned": 2,
                              "Plans": [
                                {
                                  "Node Type": "Aggregate",
                                  "Strategy": "Sorted",
                                  "Partial Mode": "Partial",
                                  "Parent Relationship": "Outer",
                                  "Parallel Aware": false,
                                  "Async Capable": false,
                                  "Startup Cost": 783596.27,
                                  "Total Cost": 783600.92,
                                  "Plan Rows": 51,
                                  "Plan Width": 113,
                                  "Group Key": [
                                    "store.s_store_id"
                                  ],
                                  "Plans": [
                                    {
                                      "Node Type": "Sort",
                                      "Parent Relationship": "Outer",
                                      "Parallel Aware": false,
                                      "Async Capable": false,
                                      "Startup Cost": 783596.27,
                                      "Total Cost": 783596.9,
                                      "Plan Rows": 250,
                                      "Plan Width": 41,
                                      "Sort Key": [
                                        "store.s_store_id"
                                      ],
                                      "Plans": [
                                        {
                                          "Node Type": "Hash Join",
                                          "Parent Relationship": "Outer",
                                          "Parallel Aware": false,
                                          "Async Capable": false,
                                          "Join Type": "Inner",
                                          "Startup Cost": 94489.35,
                                          "Total Cost": 783586.32,
                                          "Plan Rows": 250,
                                          "Plan Width": 41,
                                          "Inner Unique": false,
                                          "Hash Cond": "(store_sales.ss_store_sk = store.s_store_sk)",
                                          "Plans": [
                                            {
                                              "Node Type": "Hash Join",
                                              "Parent Relationship": "Outer",
                                              "Parallel Aware": false,
                                              "Async Capable": false,
                                              "Join Type": "Inner",
                                              "Startup Cost": 94482.05,
                                              "Total Cost": 783575.54,
                                              "Plan Rows": 262,
                                              "Plan Width": 28,
                                              "Inner Unique": false,
                                              "Hash Cond": "(store_sales.ss_promo_sk = promotion.p_promo_sk)",
                                              "Plans": [
                                                {
                                                  "Node Type": "Hash Join",
                                                  "Parent Relationship": "Outer",
                                                  "Parallel Aware": true,
                                                  "Async Capable": false,
                                                  "Join Type": "Inner",
                                                  "Startup Cost": 94456.65,
                                                  "Total Cost": 783546.47,
                                                  "Plan Rows": 279,
                                                  "Plan Width": 32,
                                                  "Inner Unique": false,
                                                  "Hash Cond": "(store_sales.ss_item_sk = item.i_item_sk)",
                                                  "Plans": [
                                                    {
                                                      "Node Type": "Hash Join",
                                                      "Parent Relationship": "Outer",
                                                      "Parallel Aware": true,
                                                      "Async Capable": false,
                                                      "Join Type": "Left",
                                                      "Startup Cost": 86930.88,
                                                      "Total Cost": 776001.31,
                                                      "Plan Rows": 4860,
                                                      "Plan Width": 36,
                                                      "Inner Unique": false,
                                                      "Hash Cond": "((store_sales.ss_item_sk = store_returns.sr_item_sk) AND (store_sales.ss_ticket_number = store_returns.sr_ticket_number))",
                                                      "Plans": [
                                                        {
                                                          "Node Type": "Hash Join",
                                                          "Parent Relationship": "Outer",
                                                          "Parallel Aware": true,
                                                          "Async Capable": false,
                                                          "Join Type": "Inner",
                                                          "Startup Cost": 2049.78,
                                                          "Total Cost": 683994.75,
                                                          "Plan Rows": 4860,
                                                          "Plan Width": 28,
                                                          "Inner Unique": false,
                                                          "Hash Cond": "(store_sales.ss_sold_date_sk = date_dim.d_date_sk)",
                                                          "Plans": [
                                                            {
                                                              "Node Type": "Seq Scan",
                                                              "Parent Relationship": "Outer",
                                                              "Parallel Aware": true,
                                                              "Async Capable": false,
                                                              "Relation Name": "store_sales",
                                                              "Alias": "store_sales",
                                                              "Startup Cost": 0.0,
                                                              "Total Cost": 636914.37,
                                                              "Plan Rows": 12000637,
                                                              "Plan Width": 32,
                                                              "parent": 13,
                                                              "ID": 14
                                                            },
                                                            {
                                                              "Node Type": "Hash",
                                                              "Parent Relationship": "Inner",
                                                              "Parallel Aware": true,
                                                              "Async Capable": false,
                                                              "Startup Cost": 2049.55,
                                                              "Total Cost": 2049.55,
                                                              "Plan Rows": 18,
                                                              "Plan Width": 4,
                                                              "Plans": [
                                                                {
                                                                  "Node Type": "Seq Scan",
                                                                  "Parent Relationship": "Outer",
                                                                  "Parallel Aware": true,
                                                                  "Async Capable": false,
                                                                  "Relation Name": "date_dim",
                                                                  "Alias": "date_dim",
                                                                  "Startup Cost": 0.0,
                                                                  "Total Cost": 2049.55,
                                                                  "Plan Rows": 18,
                                                                  "Plan Width": 4,
                                                                  "Filter": "((d_date >= '2000-08-02'::date) AND (d_date <= '2000-09-01 00:00:00'::timestamp without time zone))",
                                                                  "parent": 15,
                                                                  "ID": 16
                                                                }
                                                              ],
                                                              "parent": 13,
                                                              "ID": 15,
                                                              "left": 16
                                                            }
                                                          ],
                                                          "parent": 12,
                                                          "ID": 13,
                                                          "left": 14,
                                                          "right": 15
                                                        },
                                                        {
                                                          "Node Type": "Hash",
                                                          "Parent Relationship": "Inner",
                                                          "Parallel Aware": true,
                                                          "Async Capable": false,
                                                          "Startup Cost": 59887.64,
                                                          "Total Cost": 59887.64,
                                                          "Plan Rows": 1198164,
                                                          "Plan Width": 20,
                                                          "Plans": [
                                                            {
                                                              "Node Type": "Seq Scan",
                                                              "Parent Relationship": "Outer",
                                                              "Parallel Aware": true,
                                                              "Async Capable": false,
                                                              "Relation Name": "store_returns",
                                                              "Alias": "store_returns",
                                                              "Startup Cost": 0.0,
                                                              "Total Cost": 59887.64,
                                                              "Plan Rows": 1198164,
                                                              "Plan Width": 20,
                                                              "parent": 17,
                                                              "ID": 18
                                                            }
                                                          ],
                                                          "parent": 12,
                                                          "ID": 17,
                                                          "left": 18
                                                        }
                                                      ],
                                                      "parent": 11,
                                                      "ID": 12,
                                                      "left": 13,
                                                      "right": 17
                                                    },
                                                    {
                                                      "Node Type": "Hash",
                                                      "Parent Relationship": "Inner",
                                                      "Parallel Aware": true,
                                                      "Async Capable": false,
                                                      "Startup Cost": 7495.25,
                                                      "Total Cost": 7495.25,
                                                      "Plan Rows": 2442,
                                                      "Plan Width": 4,
                                                      "Plans": [
                                                        {
                                                          "Node Type": "Seq Scan",
                                                          "Parent Relationship": "Outer",
                                                          "Parallel Aware": true,
                                                          "Async Capable": false,
                                                          "Relation Name": "item",
                                                          "Alias": "item",
                                                          "Startup Cost": 0.0,
                                                          "Total Cost": 7495.25,
                                                          "Plan Rows": 2442,
                                                          "Plan Width": 4,
                                                          "Filter": "(i_current_price > '50'::numeric)",
                                                          "parent": 19,
                                                          "ID": 20
                                                        }
                                                      ],
                                                      "parent": 11,
                                                      "ID": 19,
                                                      "left": 20
                                                    }
                                                  ],
                                                  "parent": 10,
                                                  "ID": 11,
                                                  "left": 12,
                                                  "right": 19
                                                },
                                                {
                                                  "Node Type": "Hash",
                                                  "Parent Relationship": "Inner",
                                                  "Parallel Aware": false,
                                                  "Async Capable": false,
                                                  "Startup Cost": 19.25,
                                                  "Total Cost": 19.25,
                                                  "Plan Rows": 492,
                                                  "Plan Width": 4,
                                                  "Plans": [
                                                    {
                                                      "Node Type": "Seq Scan",
                                                      "Parent Relationship": "Outer",
                                                      "Parallel Aware": false,
                                                      "Async Capable": false,
                                                      "Relation Name": "promotion",
                                                      "Alias": "promotion",
                                                      "Startup Cost": 0.0,
                                                      "Total Cost": 19.25,
                                                      "Plan Rows": 492,
                                                      "Plan Width": 4,
                                                      "Filter": "(p_channel_tv = 'N'::bpchar)",
                                                      "parent": 21,
                                                      "ID": 22
                                                    }
                                                  ],
                                                  "parent": 10,
                                                  "ID": 21,
                                                  "left": 22
                                                }
                                              ],
                                              "parent": 9,
                                              "ID": 10,
                                              "left": 11,
                                              "right": 21
                                            },
                                            {
                                              "Node Type": "Hash",
                                              "Parent Relationship": "Inner",
                                              "Parallel Aware": false,
                                              "Async Capable": false,
                                              "Startup Cost": 6.02,
                                              "Total Cost": 6.02,
                                              "Plan Rows": 102,
                                              "Plan Width": 21,
                                              "Plans": [
                                                {
                                                  "Node Type": "Seq Scan",
                                                  "Parent Relationship": "Outer",
                                                  "Parallel Aware": false,
                                                  "Async Capable": false,
                                                  "Relation Name": "store",
                                                  "Alias": "store",
                                                  "Startup Cost": 0.0,
                                                  "Total Cost": 6.02,
                                                  "Plan Rows": 102,
                                                  "Plan Width": 21,
                                                  "parent": 23,
                                                  "ID": 24
                                                }
                                              ],
                                              "parent": 9,
                                              "ID": 23,
                                              "left": 24
                                            }
                                          ],
                                          "parent": 8,
                                          "ID": 9,
                                          "left": 10,
                                          "right": 23
                                        }
                                      ],
                                      "parent": 7,
                                      "ID": 8,
                                      "left": 9
                                    }
                                  ],
                                  "parent": 6,
                                  "ID": 7,
                                  "left": 8
                                }
                              ],
                              "parent": 5,
                              "ID": 6,
                              "left": 7
                            }
                          ],
                          "parent": 4,
                          "ID": 5,
                          "left": 6
                        }
                      ],
                      "parent": 3,
                      "ID": 4,
                      "left": 5
                    },
                    {
                      "Node Type": "Subquery Scan",
                      "Parent Relationship": "Member",
                      "Parallel Aware": false,
                      "Async Capable": false,
                      "Alias": "csr",
                      "Startup Cost": 518177.36,
                      "Total Cost": 518230.78,
                      "Plan Rows": 340,
                      "Plan Width": 160,
                      "Plans": [
                        {
                          "Node Type": "Aggregate",
                          "Strategy": "Sorted",
                          "Partial Mode": "Finalize",
                          "Parent Relationship": "Subquery",
                          "Parallel Aware": false,
                          "Async Capable": false,
                          "Startup Cost": 518177.36,
                          "Total Cost": 518225.68,
                          "Plan Rows": 340,
                          "Plan Width": 113,
                          "Group Key": [
                            "catalog_page.cp_catalog_page_id"
                          ],
                          "Plans": [
                            {
                              "Node Type": "Gather Merge",
                              "Parent Relationship": "Outer",
                              "Parallel Aware": false,
                              "Async Capable": false,
                              "Startup Cost": 518177.36,
                              "Total Cost": 518214.76,
                              "Plan Rows": 284,
                              "Plan Width": 113,
                              "Workers Planned": 2,
                              "Plans": [
                                {
                                  "Node Type": "Aggregate",
                                  "Strategy": "Sorted",
                                  "Partial Mode": "Partial",
                                  "Parent Relationship": "Outer",
                                  "Parallel Aware": false,
                                  "Async Capable": false,
                                  "Startup Cost": 517177.34,
                                  "Total Cost": 517181.95,
                                  "Plan Rows": 142,
                                  "Plan Width": 113,
                                  "Group Key": [
                                    "catalog_page.cp_catalog_page_id"
                                  ],
                                  "Plans": [
                                    {
                                      "Node Type": "Sort",
                                      "Parent Relationship": "Outer",
                                      "Parallel Aware": false,
                                      "Async Capable": false,
                                      "Startup Cost": 517177.34,
                                      "Total Cost": 517177.69,
                                      "Plan Rows": 142,
                                      "Plan Width": 41,
                                      "Sort Key": [
                                        "catalog_page.cp_catalog_page_id"
                                      ],
                                      "Plans": [
                                        {
                                          "Node Type": "Hash Join",
                                          "Parent Relationship": "Outer",
                                          "Parallel Aware": false,
                                          "Async Capable": false,
                                          "Join Type": "Inner",
                                          "Startup Cost": 57382.33,
                                          "Total Cost": 517172.26,
                                          "Plan Rows": 142,
                                          "Plan Width": 41,
                                          "Inner Unique": false,
                                          "Hash Cond": "(catalog_sales.cs_catalog_page_sk = catalog_page.cp_catalog_page_sk)",
                                          "Plans": [
                                            {
                                              "Node Type": "Hash Join",
                                              "Parent Relationship": "Outer",
                                              "Parallel Aware": false,
                                              "Async Capable": false,
                                              "Join Type": "Inner",
                                              "Startup Cost": 56864.33,
                                              "Total Cost": 516652.32,
                                              "Plan Rows": 142,
                                              "Plan Width": 28,
                                              "Inner Unique": false,
                                              "Hash Cond": "(catalog_sales.cs_promo_sk = promotion_1.p_promo_sk)",
                                              "Plans": [
                                                {
                                                  "Node Type": "Hash Join",
                                                  "Parent Relationship": "Outer",
                                                  "Parallel Aware": true,
                                                  "Async Capable": false,
                                                  "Join Type": "Inner",
                                                  "Startup Cost": 56838.93,
                                                  "Total Cost": 516624.96,
                                                  "Plan Rows": 145,
                                                  "Plan Width": 32,
                                                  "Inner Unique": false,
                                                  "Hash Cond": "(catalog_sales.cs_item_sk = item_1.i_item_sk)",
                                                  "Plans": [
                                                    {
                                                      "Node Type": "Hash Join",
                                                      "Parent Relationship": "Outer",
                                                      "Parallel Aware": true,
                                                      "Async Capable": false,
                                                      "Join Type": "Left",
                                                      "Startup Cost": 49313.15,
                                                      "Total Cost": 509089.08,
                                                      "Plan Rows": 2532,
                                                      "Plan Width": 36,
                                                      "Inner Unique": false,
                                                      "Hash Cond": "((catalog_sales.cs_item_sk = catalog_returns.cr_item_sk) AND (catalog_sales.cs_order_number = catalog_returns.cr_order_number))",
                                                      "Plans": [
                                                        {
                                                          "Node Type": "Hash Join",
                                                          "Parent Relationship": "Outer",
                                                          "Parallel Aware": true,
                                                          "Async Capable": false,
                                                          "Join Type": "Inner",
                                                          "Startup Cost": 2049.78,
                                                          "Total Cost": 458254.7,
                                                          "Plan Rows": 2532,
                                                          "Plan Width": 28,
                                                          "Inner Unique": false,
                                                          "Hash Cond": "(catalog_sales.cs_sold_date_sk = date_dim_1.d_date_sk)",
                                                          "Plans": [
                                                            {
                                                              "Node Type": "Seq Scan",
                                                              "Parent Relationship": "Outer",
                                                              "Parallel Aware": true,
                                                              "Async Capable": false,
                                                              "Relation Name": "catalog_sales",
                                                              "Alias": "catalog_sales",
                                                              "Startup Cost": 0.0,
                                                              "Total Cost": 433688.25,
                                                              "Plan Rows": 6000525,
                                                              "Plan Width": 32,
                                                              "parent": 34,
                                                              "ID": 35
                                                            },
                                                            {
                                                              "Node Type": "Hash",
                                                              "Parent Relationship": "Inner",
                                                              "Parallel Aware": true,
                                                              "Async Capable": false,
                                                              "Startup Cost": 2049.55,
                                                              "Total Cost": 2049.55,
                                                              "Plan Rows": 18,
                                                              "Plan Width": 4,
                                                              "Plans": [
                                                                {
                                                                  "Node Type": "Seq Scan",
                                                                  "Parent Relationship": "Outer",
                                                                  "Parallel Aware": true,
                                                                  "Async Capable": false,
                                                                  "Relation Name": "date_dim",
                                                                  "Alias": "date_dim_1",
                                                                  "Startup Cost": 0.0,
                                                                  "Total Cost": 2049.55,
                                                                  "Plan Rows": 18,
                                                                  "Plan Width": 4,
                                                                  "Filter": "((d_date >= '2000-08-02'::date) AND (d_date <= '2000-09-01 00:00:00'::timestamp without time zone))",
                                                                  "parent": 36,
                                                                  "ID": 37
                                                                }
                                                              ],
                                                              "parent": 34,
                                                              "ID": 36,
                                                              "left": 37
                                                            }
                                                          ],
                                                          "parent": 33,
                                                          "ID": 34,
                                                          "left": 35,
                                                          "right": 36
                                                        },
                                                        {
                                                          "Node Type": "Hash",
                                                          "Parent Relationship": "Inner",
                                                          "Parallel Aware": true,
                                                          "Async Capable": false,
                                                          "Startup Cost": 34748.95,
                                                          "Total Cost": 34748.95,
                                                          "Plan Rows": 599895,
                                                          "Plan Width": 20,
                                                          "Plans": [
                                                            {
                                                              "Node Type": "Seq Scan",
                                                              "Parent Relationship": "Outer",
                                                              "Parallel Aware": true,
                                                              "Async Capable": false,
                                                              "Relation Name": "catalog_returns",
                                                              "Alias": "catalog_returns",
                                                              "Startup Cost": 0.0,
                                                              "Total Cost": 34748.95,
                                                              "Plan Rows": 599895,
                                                              "Plan Width": 20,
                                                              "parent": 38,
                                                              "ID": 39
                                                            }
                                                          ],
                                                          "parent": 33,
                                                          "ID": 38,
                                                          "left": 39
                                                        }
                                                      ],
                                                      "parent": 32,
                                                      "ID": 33,
                                                      "left": 34,
                                                      "right": 38
                                                    },
                                                    {
                                                      "Node Type": "Hash",
                                                      "Parent Relationship": "Inner",
                                                      "Parallel Aware": true,
                                                      "Async Capable": false,
                                                      "Startup Cost": 7495.25,
                                                      "Total Cost": 7495.25,
                                                      "Plan Rows": 2442,
                                                      "Plan Width": 4,
                                                      "Plans": [
                                                        {
                                                          "Node Type": "Seq Scan",
                                                          "Parent Relationship": "Outer",
                                                          "Parallel Aware": true,
                                                          "Async Capable": false,
                                                          "Relation Name": "item",
                                                          "Alias": "item_1",
                                                          "Startup Cost": 0.0,
                                                          "Total Cost": 7495.25,
                                                          "Plan Rows": 2442,
                                                          "Plan Width": 4,
                                                          "Filter": "(i_current_price > '50'::numeric)",
                                                          "parent": 40,
                                                          "ID": 41
                                                        }
                                                      ],
                                                      "parent": 32,
                                                      "ID": 40,
                                                      "left": 41
                                                    }
                                                  ],
                                                  "parent": 31,
                                                  "ID": 32,
                                                  "left": 33,
                                                  "right": 40
                                                },
                                                {
                                                  "Node Type": "Hash",
                                                  "Parent Relationship": "Inner",
                                                  "Parallel Aware": false,
                                                  "Async Capable": false,
                                                  "Startup Cost": 19.25,
                                                  "Total Cost": 19.25,
                                                  "Plan Rows": 492,
                                                  "Plan Width": 4,
                                                  "Plans": [
                                                    {
                                                      "Node Type": "Seq Scan",
                                                      "Parent Relationship": "Outer",
                                                      "Parallel Aware": false,
                                                      "Async Capable": false,
                                                      "Relation Name": "promotion",
                                                      "Alias": "promotion_1",
                                                      "Startup Cost": 0.0,
                                                      "Total Cost": 19.25,
                                                      "Plan Rows": 492,
                                                      "Plan Width": 4,
                                                      "Filter": "(p_channel_tv = 'N'::bpchar)",
                                                      "parent": 42,
                                                      "ID": 43
                                                    }
                                                  ],
                                                  "parent": 31,
                                                  "ID": 42,
                                                  "left": 43
                                                }
                                              ],
                                              "parent": 30,
                                              "ID": 31,
                                              "left": 32,
                                              "right": 42
                                            },
                                            {
                                              "Node Type": "Hash",
                                              "Parent Relationship": "Inner",
                                              "Parallel Aware": false,
                                              "Async Capable": false,
                                              "Startup Cost": 368.0,
                                              "Total Cost": 368.0,
                                              "Plan Rows": 12000,
                                              "Plan Width": 21,
                                              "Plans": [
                                                {
                                                  "Node Type": "Seq Scan",
                                                  "Parent Relationship": "Outer",
                                                  "Parallel Aware": false,
                                                  "Async Capable": false,
                                                  "Relation Name": "catalog_page",
                                                  "Alias": "catalog_page",
                                                  "Startup Cost": 0.0,
                                                  "Total Cost": 368.0,
                                                  "Plan Rows": 12000,
                                                  "Plan Width": 21,
                                                  "parent": 44,
                                                  "ID": 45
                                                }
                                              ],
                                              "parent": 30,
                                              "ID": 44,
                                              "left": 45
                                            }
                                          ],
                                          "parent": 29,
                                          "ID": 30,
                                          "left": 31,
                                          "right": 44
                                        }
                                      ],
                                      "parent": 28,
                                      "ID": 29,
                                      "left": 30
                                    }
                                  ],
                                  "parent": 27,
                                  "ID": 28,
                                  "left": 29
                                }
                              ],
                              "parent": 26,
                              "ID": 27,
                              "left": 28
                            }
                          ],
                          "parent": 25,
                          "ID": 26,
                          "left": 27
                        }
                      ],
                      "parent": 3,
                      "ID": 25,
                      "left": 26
                    },
                    {
                      "Node Type": "Subquery Scan",
                      "Parent Relationship": "Member",
                      "Parallel Aware": false,
                      "Async Capable": false,
                      "Alias": "wsr",
                      "Startup Cost": 263919.04,
                      "Total Cost": 263926.75,
                      "Plan Rows": 21,
                      "Plan Width": 160,
                      "Plans": [
                        {
                          "Node Type": "Aggregate",
                          "Strategy": "Sorted",
                          "Partial Mode": "Finalize",
                          "Parent Relationship": "Subquery",
                          "Parallel Aware": false,
                          "Async Capable": false,
                          "Startup Cost": 263919.04,
                          "Total Cost": 263926.43,
                          "Plan Rows": 21,
                          "Plan Width": 113,
                          "Group Key": [
                            "web_site.web_site_id"
                          ],
                          "Plans": [
                            {
                              "Node Type": "Gather Merge",
                              "Parent Relationship": "Outer",
                              "Parallel Aware": false,
                              "Async Capable": false,
                              "Startup Cost": 263919.04,
                              "Total Cost": 263925.33,
                              "Plan Rows": 42,
                              "Plan Width": 113,
                              "Workers Planned": 2,
                              "Plans": [
                                {
                                  "Node Type": "Aggregate",
                                  "Strategy": "Sorted",
                                  "Partial Mode": "Partial",
                                  "Parent Relationship": "Outer",
                                  "Parallel Aware": false,
                                  "Async Capable": false,
                                  "Startup Cost": 262919.01,
                                  "Total Cost": 262920.46,
                                  "Plan Rows": 21,
                                  "Plan Width": 113,
                                  "Group Key": [
                                    "web_site.web_site_id"
                                  ],
                                  "Plans": [
                                    {
                                      "Node Type": "Sort",
                                      "Parent Relationship": "Outer",
                                      "Parallel Aware": false,
                                      "Async Capable": false,
                                      "Startup Cost": 262919.01,
                                      "Total Cost": 262919.19,
                                      "Plan Rows": 72,
                                      "Plan Width": 41,
                                      "Sort Key": [
                                        "web_site.web_site_id"
                                      ],
                                      "Plans": [
                                        {
                                          "Node Type": "Hash Join",
                                          "Parent Relationship": "Outer",
                                          "Parallel Aware": false,
                                          "Async Capable": false,
                                          "Join Type": "Inner",
                                          "Startup Cost": 32134.74,
                                          "Total Cost": 262916.79,
                                          "Plan Rows": 72,
                                          "Plan Width": 41,
                                          "Inner Unique": false,
                                          "Hash Cond": "(web_sales.ws_web_site_sk = web_site.web_site_sk)",
                                          "Plans": [
                                            {
                                              "Node Type": "Hash Join",
                                              "Parent Relationship": "Outer",
                                              "Parallel Aware": false,
                                              "Async Capable": false,
                                              "Join Type": "Inner",
                                              "Startup Cost": 32130.8,
                                              "Total Cost": 262911.86,
                                              "Plan Rows": 72,
                                              "Plan Width": 28,
                                              "Inner Unique": false,
                                              "Hash Cond": "(web_sales.ws_promo_sk = promotion_2.p_promo_sk)",
                                              "Plans": [
                                                {
                                                  "Node Type": "Hash Join",
                                                  "Parent Relationship": "Outer",
                                                  "Parallel Aware": true,
                                                  "Async Capable": false,
                                                  "Join Type": "Inner",
                                                  "Startup Cost": 32105.4,
                                                  "Total Cost": 262885.46,
                                                  "Plan Rows": 73,
                                                  "Plan Width": 32,
                                                  "Inner Unique": false,
                                                  "Hash Cond": "(web_sales.ws_item_sk = item_2.i_item_sk)",
                                                  "Plans": [
                                                    {
                                                      "Node Type": "Hash Join",
                                                      "Parent Relationship": "Outer",
                                                      "Parallel Aware": true,
                                                      "Async Capable": false,
                                                      "Join Type": "Left",
                                                      "Startup Cost": 24579.62,
                                                      "Total Cost": 255354.62,
                                                      "Plan Rows": 1272,
                                                      "Plan Width": 36,
                                                      "Inner Unique": false,
                                                      "Hash Cond": "((web_sales.ws_item_sk = web_returns.wr_item_sk) AND (web_sales.ws_order_number = web_returns.wr_order_number))",
                                                      "Plans": [
                                                        {
                                                          "Node Type": "Hash Join",
                                                          "Parent Relationship": "Outer",
                                                          "Parallel Aware": true,
                                                          "Async Capable": false,
                                                          "Join Type": "Inner",
                                                          "Startup Cost": 2049.78,
                                                          "Total Cost": 231041.22,
                                                          "Plan Rows": 1272,
                                                          "Plan Width": 28,
                                                          "Inner Unique": false,
                                                          "Hash Cond": "(web_sales.ws_sold_date_sk = date_dim_2.d_date_sk)",
                                                          "Plans": [
                                                            {
                                                              "Node Type": "Seq Scan",
                                                              "Parent Relationship": "Outer",
                                                              "Parallel Aware": true,
                                                              "Async Capable": false,
                                                              "Relation Name": "web_sales",
                                                              "Alias": "web_sales",
                                                              "Startup Cost": 0.0,
                                                              "Total Cost": 217737.86,
                                                              "Plan Rows": 2998986,
                                                              "Plan Width": 32,
                                                              "parent": 55,
                                                              "ID": 56
                                                            },
                                                            {
                                                              "Node Type": "Hash",
                                                              "Parent Relationship": "Inner",
                                                              "Parallel Aware": true,
                                                              "Async Capable": false,
                                                              "Startup Cost": 2049.55,
                                                              "Total Cost": 2049.55,
                                                              "Plan Rows": 18,
                                                              "Plan Width": 4,
                                                              "Plans": [
                                                                {
                                                                  "Node Type": "Seq Scan",
                                                                  "Parent Relationship": "Outer",
                                                                  "Parallel Aware": true,
                                                                  "Async Capable": false,
                                                                  "Relation Name": "date_dim",
                                                                  "Alias": "date_dim_2",
                                                                  "Startup Cost": 0.0,
                                                                  "Total Cost": 2049.55,
                                                                  "Plan Rows": 18,
                                                                  "Plan Width": 4,
                                                                  "Filter": "((d_date >= '2000-08-02'::date) AND (d_date <= '2000-09-01 00:00:00'::timestamp without time zone))",
                                                                  "parent": 57,
                                                                  "ID": 58
                                                                }
                                                              ],
                                                              "parent": 55,
                                                              "ID": 57,
                                                              "left": 58
                                                            }
                                                          ],
                                                          "parent": 54,
                                                          "ID": 55,
                                                          "left": 56,
                                                          "right": 57
                                                        },
                                                        {
                                                          "Node Type": "Hash",
                                                          "Parent Relationship": "Inner",
                                                          "Parallel Aware": true,
                                                          "Async Capable": false,
                                                          "Startup Cost": 16278.74,
                                                          "Total Cost": 16278.74,
                                                          "Plan Rows": 299674,
                                                          "Plan Width": 20,
                                                          "Plans": [
                                                            {
                                                              "Node Type": "Seq Scan",
                                                              "Parent Relationship": "Outer",
                                                              "Parallel Aware": true,
                                                              "Async Capable": false,
                                                              "Relation Name": "web_returns",
                                                              "Alias": "web_returns",
                                                              "Startup Cost": 0.0,
                                                              "Total Cost": 16278.74,
                                                              "Plan Rows": 299674,
                                                              "Plan Width": 20,
                                                              "parent": 59,
                                                              "ID": 60
                                                            }
                                                          ],
                                                          "parent": 54,
                                                          "ID": 59,
                                                          "left": 60
                                                        }
                                                      ],
                                                      "parent": 53,
                                                      "ID": 54,
                                                      "left": 55,
                                                      "right": 59
                                                    },
                                                    {
                                                      "Node Type": "Hash",
                                                      "Parent Relationship": "Inner",
                                                      "Parallel Aware": true,
                                                      "Async Capable": false,
                                                      "Startup Cost": 7495.25,
                                                      "Total Cost": 7495.25,
                                                      "Plan Rows": 2442,
                                                      "Plan Width": 4,
                                                      "Plans": [
                                                        {
                                                          "Node Type": "Seq Scan",
                                                          "Parent Relationship": "Outer",
                                                          "Parallel Aware": true,
                                                          "Async Capable": false,
                                                          "Relation Name": "item",
                                                          "Alias": "item_2",
                                                          "Startup Cost": 0.0,
                                                          "Total Cost": 7495.25,
                                                          "Plan Rows": 2442,
                                                          "Plan Width": 4,
                                                          "Filter": "(i_current_price > '50'::numeric)",
                                                          "parent": 61,
                                                          "ID": 62
                                                        }
                                                      ],
                                                      "parent": 53,
                                                      "ID": 61,
                                                      "left": 62
                                                    }
                                                  ],
                                                  "parent": 52,
                                                  "ID": 53,
                                                  "left": 54,
                                                  "right": 61
                                                },
                                                {
                                                  "Node Type": "Hash",
                                                  "Parent Relationship": "Inner",
                                                  "Parallel Aware": false,
                                                  "Async Capable": false,
                                                  "Startup Cost": 19.25,
                                                  "Total Cost": 19.25,
                                                  "Plan Rows": 492,
                                                  "Plan Width": 4,
                                                  "Plans": [
                                                    {
                                                      "Node Type": "Seq Scan",
                                                      "Parent Relationship": "Outer",
                                                      "Parallel Aware": false,
                                                      "Async Capable": false,
                                                      "Relation Name": "promotion",
                                                      "Alias": "promotion_2",
                                                      "Startup Cost": 0.0,
                                                      "Total Cost": 19.25,
                                                      "Plan Rows": 492,
                                                      "Plan Width": 4,
                                                      "Filter": "(p_channel_tv = 'N'::bpchar)",
                                                      "parent": 63,
                                                      "ID": 64
                                                    }
                                                  ],
                                                  "parent": 52,
                                                  "ID": 63,
                                                  "left": 64
                                                }
                                              ],
                                              "parent": 51,
                                              "ID": 52,
                                              "left": 53,
                                              "right": 63
                                            },
                                            {
                                              "Node Type": "Hash",
                                              "Parent Relationship": "Inner",
                                              "Parallel Aware": false,
                                              "Async Capable": false,
                                              "Startup Cost": 3.42,
                                              "Total Cost": 3.42,
                                              "Plan Rows": 42,
                                              "Plan Width": 21,
                                              "Plans": [
                                                {
                                                  "Node Type": "Seq Scan",
                                                  "Parent Relationship": "Outer",
                                                  "Parallel Aware": false,
                                                  "Async Capable": false,
                                                  "Relation Name": "web_site",
                                                  "Alias": "web_site",
                                                  "Startup Cost": 0.0,
                                                  "Total Cost": 3.42,
                                                  "Plan Rows": 42,
                                                  "Plan Width": 21,
                                                  "parent": 65,
                                                  "ID": 66
                                                }
                                              ],
                                              "parent": 51,
                                              "ID": 65,
                                              "left": 66
                                            }
                                          ],
                                          "parent": 50,
                                          "ID": 51,
                                          "left": 52,
                                          "right": 65
                                        }
                                      ],
                                      "parent": 49,
                                      "ID": 50,
                                      "left": 51
                                    }
                                  ],
                                  "parent": 48,
                                  "ID": 49,
                                  "left": 50
                                }
                              ],
                              "parent": 47,
                              "ID": 48,
                              "left": 49
                            }
                          ],
                          "parent": 46,
                          "ID": 47,
                          "left": 48
                        }
                      ],
                      "parent": 3,
                      "ID": 46,
                      "left": 47
                    }
                  ],
                  "parent": 2,
                  "ID": 3,
                  "left": 4,
                  "right": 25
                }
              ],
              "parent": 1,
              "ID": 2,
              "left": 3
            }
          ],
          "parent": 0,
          "ID": 1,
          "left": 2
        }
      ],
      "parent": null,
      "ID": 0,
      "left": 1
    },
    "feat": {
      "utility": 6.516873732732561e-06,
      "query_shape": [
        [
          "Seq Scan",
          "Hash Join",
          "Sort",
          "Aggregate",
          "Gather Merge",
          "Subquery Scan",
          "Append"
        ],
        [
          "Seq Scan",
          "Hash",
          "Hash Join",
          "Sort",
          "Aggregate",
          "Gather Merge",
          "Subquery Scan",
          "Append"
        ],
        [
          "Seq Scan",
          "Hash",
          "Hash Join",
          "Sort",
          "Aggregate",
          "Gather Merge",
          "Subquery Scan",
          "Append"
        ],
        [
          "Seq Scan",
          "Hash",
          "Hash Join",
          "Sort",
          "Aggregate",
          "Gather Merge",
          "Subquery Scan",
          "Append"
        ],
        [
          "Seq Scan",
          "Hash",
          "Hash Join",
          "Sort",
          "Aggregate",
          "Gather Merge",
          "Subquery Scan",
          "Append"
        ],
        [
          "Seq Scan",
          "Hash",
          "Hash Join",
          "Sort",
          "Aggregate",
          "Gather Merge",
          "Subquery Scan",
          "Append"
        ],
        [
          "Seq Scan",
          "Hash Join",
          "Sort",
          "Aggregate",
          "Gather Merge",
          "Subquery Scan",
          "Append"
        ],
        [
          "Seq Scan",
          "Hash",
          "Hash Join",
          "Sort",
          "Aggregate",
          "Gather Merge",
          "Subquery Scan",
          "Append"
        ],
        [
          "Seq Scan",
          "Hash",
          "Hash Join",
          "Sort",
          "Aggregate",
          "Gather Merge",
          "Subquery Scan",
          "Append"
        ],
        [
          "Seq Scan",
          "Hash",
          "Hash Join",
          "Sort",
          "Aggregate",
          "Gather Merge",
          "Subquery Scan",
          "Append"
        ],
        [
          "Seq Scan",
          "Hash",
          "Hash Join",
          "Sort",
          "Aggregate",
          "Gather Merge",
          "Subquery Scan",
          "Append"
        ],
        [
          "Seq Scan",
          "Hash",
          "Hash Join",
          "Sort",
          "Aggregate",
          "Gather Merge",
          "Subquery Scan",
          "Append"
        ],
        [
          "Seq Scan",
          "Hash Join",
          "Sort",
          "Aggregate",
          "Gather Merge",
          "Subquery Scan",
          "Append"
        ],
        [
          "Seq Scan",
          "Hash",
          "Hash Join",
          "Sort",
          "Aggregate",
          "Gather Merge",
          "Subquery Scan",
          "Append"
        ],
        [
          "Seq Scan",
          "Hash",
          "Hash Join",
          "Sort",
          "Aggregate",
          "Gather Merge",
          "Subquery Scan",
          "Append"
        ],
        [
          "Seq Scan",
          "Hash",
          "Hash Join",
          "Sort",
          "Aggregate",
          "Gather Merge",
          "Subquery Scan",
          "Append"
        ],
        [
          "Seq Scan",
          "Hash",
          "Hash Join",
          "Sort",
          "Aggregate",
          "Gather Merge",
          "Subquery Scan",
          "Append"
        ],
        [
          "Seq Scan",
          "Hash",
          "Hash Join",
          "Sort",
          "Aggregate",
          "Gather Merge",
          "Subquery Scan",
          "Append"
        ]
      ],
      "index_shape": [
        "join"
      ],
      "physical_operator": {
        "Hash Join": [
          0.004743290597085323,
          0.004841734527525892,
          0.004854227026553673
        ]
      }
    }
  },
  {
    "query": "with ssr as\n (select  s_store_id as store_id,\n          sum(ss_ext_sales_price) as sales,\n          sum(coalesce(sr_return_amt, 0)) as returns,\n          sum(ss_net_profit - coalesce(sr_net_loss, 0)) as profit\n  from store_sales left outer join store_returns on\n         (ss_item_sk = sr_item_sk and ss_ticket_number = sr_ticket_number),\n     date_dim,\n     store,\n     item,\n     promotion\n where ss_sold_date_sk = d_date_sk\n       and d_date between cast('2000-08-02' as date) \n                  and (cast('2000-08-02' as date) +  interval '30 days')\n       and ss_store_sk = s_store_sk\n       and ss_item_sk = i_item_sk\n       and i_current_price > 50\n       and ss_promo_sk = p_promo_sk\n       and p_channel_tv = 'N'\n group by s_store_id)\n ,\n csr as\n (select  cp_catalog_page_id as catalog_page_id,\n          sum(cs_ext_sales_price) as sales,\n          sum(coalesce(cr_return_amount, 0)) as returns,\n          sum(cs_net_profit - coalesce(cr_net_loss, 0)) as profit\n  from catalog_sales left outer join catalog_returns on\n         (cs_item_sk = cr_item_sk and cs_order_number = cr_order_number),\n     date_dim,\n     catalog_page,\n     item,\n     promotion\n where cs_sold_date_sk = d_date_sk\n       and d_date between cast('2000-08-02' as date)\n                  and (cast('2000-08-02' as date) +  interval '30 days')\n        and cs_catalog_page_sk = cp_catalog_page_sk\n       and cs_item_sk = i_item_sk\n       and i_current_price > 50\n       and cs_promo_sk = p_promo_sk\n       and p_channel_tv = 'N'\ngroup by cp_catalog_page_id)\n ,\n wsr as\n (select  web_site_id,\n          sum(ws_ext_sales_price) as sales,\n          sum(coalesce(wr_return_amt, 0)) as returns,\n          sum(ws_net_profit - coalesce(wr_net_loss, 0)) as profit\n  from web_sales left outer join web_returns on\n         (ws_item_sk = wr_item_sk and ws_order_number = wr_order_number),\n     date_dim,\n     web_site,\n     item,\n     promotion\n where ws_sold_date_sk = d_date_sk\n       and d_date between cast('2000-08-02' as date)\n                  and (cast('2000-08-02' as date) +  interval '30 days')\n        and ws_web_site_sk = web_site_sk\n       and ws_item_sk = i_item_sk\n       and i_current_price > 50\n       and ws_promo_sk = p_promo_sk\n       and p_channel_tv = 'N'\ngroup by web_site_id)\n  select  channel\n        , id\n        , sum(sales) as sales\n        , sum(returns) as returns\n        , sum(profit) as profit\n from \n (select 'store channel' as channel\n        , 'store' || store_id as id\n        , sales\n        , returns\n        , profit\n from   ssr\n union all\n select 'catalog channel' as channel\n        , 'catalog_page' || catalog_page_id as id\n        , sales\n        , returns\n        , profit\n from  csr\n union all\n select 'web channel' as channel\n        , 'web_site' || web_site_id as id\n        , sales\n        , returns\n        , profit\n from   wsr\n ) x\n group by rollup (channel, id)\n order by channel\n         ,id\n limit 100;\n\n-- end query 61 in stream 4 using template query80.tpl\n",
    "indexes": "date_dim.d_date",
    "wo plan est": {
      "Node Type": "Limit",
      "Parallel Aware": false,
      "Async Capable": false,
      "Startup Cost": 1566793.64,
      "Total Cost": 1566796.93,
      "Plan Rows": 100,
      "Plan Width": 160,
      "Plans": [
        {
          "Node Type": "Aggregate",
          "Strategy": "Sorted",
          "Partial Mode": "Simple",
          "Parent Relationship": "Outer",
          "Parallel Aware": false,
          "Async Capable": false,
          "Startup Cost": 1566793.64,
          "Total Cost": 1566806.84,
          "Plan Rows": 401,
          "Plan Width": 160,
          "Grouping Sets": [
            {
              "Group Keys": [
                [
                  "('store channel'::text)",
                  "(('store'::text || (ssr.store_id)::text))"
                ],
                [
                  "('store channel'::text)"
                ],
                []
              ]
            }
          ],
          "Plans": [
            {
              "Node Type": "Sort",
              "Parent Relationship": "Outer",
              "Parallel Aware": false,
              "Async Capable": false,
              "Startup Cost": 1566793.64,
              "Total Cost": 1566794.67,
              "Plan Rows": 412,
              "Plan Width": 160,
              "Sort Key": [
                "('store channel'::text)",
                "(('store'::text || (ssr.store_id)::text))"
              ],
              "Plans": [
                {
                  "Node Type": "Append",
                  "Parent Relationship": "Outer",
                  "Parallel Aware": false,
                  "Async Capable": false,
                  "Startup Cost": 784596.3,
                  "Total Cost": 1566775.74,
                  "Plan Rows": 412,
                  "Plan Width": 160,
                  "Subplans Removed": 0,
                  "Plans": [
                    {
                      "Node Type": "Subquery Scan",
                      "Parent Relationship": "Member",
                      "Parallel Aware": false,
                      "Async Capable": false,
                      "Alias": "ssr",
                      "Startup Cost": 784596.3,
                      "Total Cost": 784616.16,
                      "Plan Rows": 51,
                      "Plan Width": 160,
                      "Plans": [
                        {
                          "Node Type": "Aggregate",
                          "Strategy": "Sorted",
                          "Partial Mode": "Finalize",
                          "Parent Relationship": "Subquery",
                          "Parallel Aware": false,
                          "Async Capable": false,
                          "Startup Cost": 784596.3,
                          "Total Cost": 784615.39,
                          "Plan Rows": 51,
                          "Plan Width": 113,
                          "Group Key": [
                            "store.s_store_id"
                          ],
                          "Plans": [
                            {
                              "Node Type": "Gather Merge",
                              "Parent Relationship": "Outer",
                              "Parallel Aware": false,
                              "Async Capable": false,
                              "Startup Cost": 784596.3,
                              "Total Cost": 784612.71,
                              "Plan Rows": 102,
                              "Plan Width": 113,
                              "Workers Planned": 2,
                              "Plans": [
                                {
                                  "Node Type": "Aggregate",
                                  "Strategy": "Sorted",
                                  "Partial Mode": "Partial",
                                  "Parent Relationship": "Outer",
                                  "Parallel Aware": false,
                                  "Async Capable": false,
                                  "Startup Cost": 783596.27,
                                  "Total Cost": 783600.92,
                                  "Plan Rows": 51,
                                  "Plan Width": 113,
                                  "Group Key": [
                                    "store.s_store_id"
                                  ],
                                  "Plans": [
                                    {
                                      "Node Type": "Sort",
                                      "Parent Relationship": "Outer",
                                      "Parallel Aware": false,
                                      "Async Capable": false,
                                      "Startup Cost": 783596.27,
                                      "Total Cost": 783596.9,
                                      "Plan Rows": 250,
                                      "Plan Width": 41,
                                      "Sort Key": [
                                        "store.s_store_id"
                                      ],
                                      "Plans": [
                                        {
                                          "Node Type": "Hash Join",
                                          "Parent Relationship": "Outer",
                                          "Parallel Aware": false,
                                          "Async Capable": false,
                                          "Join Type": "Inner",
                                          "Startup Cost": 94489.35,
                                          "Total Cost": 783586.32,
                                          "Plan Rows": 250,
                                          "Plan Width": 41,
                                          "Inner Unique": false,
                                          "Hash Cond": "(store_sales.ss_store_sk = store.s_store_sk)",
                                          "Plans": [
                                            {
                                              "Node Type": "Hash Join",
                                              "Parent Relationship": "Outer",
                                              "Parallel Aware": false,
                                              "Async Capable": false,
                                              "Join Type": "Inner",
                                              "Startup Cost": 94482.05,
                                              "Total Cost": 783575.54,
                                              "Plan Rows": 262,
                                              "Plan Width": 28,
                                              "Inner Unique": false,
                                              "Hash Cond": "(store_sales.ss_promo_sk = promotion.p_promo_sk)",
                                              "Plans": [
                                                {
                                                  "Node Type": "Hash Join",
                                                  "Parent Relationship": "Outer",
                                                  "Parallel Aware": true,
                                                  "Async Capable": false,
                                                  "Join Type": "Inner",
                                                  "Startup Cost": 94456.65,
                                                  "Total Cost": 783546.47,
                                                  "Plan Rows": 279,
                                                  "Plan Width": 32,
                                                  "Inner Unique": false,
                                                  "Hash Cond": "(store_sales.ss_item_sk = item.i_item_sk)",
                                                  "Plans": [
                                                    {
                                                      "Node Type": "Hash Join",
                                                      "Parent Relationship": "Outer",
                                                      "Parallel Aware": true,
                                                      "Async Capable": false,
                                                      "Join Type": "Left",
                                                      "Startup Cost": 86930.88,
                                                      "Total Cost": 776001.31,
                                                      "Plan Rows": 4860,
                                                      "Plan Width": 36,
                                                      "Inner Unique": false,
                                                      "Hash Cond": "((store_sales.ss_item_sk = store_returns.sr_item_sk) AND (store_sales.ss_ticket_number = store_returns.sr_ticket_number))",
                                                      "Plans": [
                                                        {
                                                          "Node Type": "Hash Join",
                                                          "Parent Relationship": "Outer",
                                                          "Parallel Aware": true,
                                                          "Async Capable": false,
                                                          "Join Type": "Inner",
                                                          "Startup Cost": 2049.78,
                                                          "Total Cost": 683994.75,
                                                          "Plan Rows": 4860,
                                                          "Plan Width": 28,
                                                          "Inner Unique": false,
                                                          "Hash Cond": "(store_sales.ss_sold_date_sk = date_dim.d_date_sk)",
                                                          "Plans": [
                                                            {
                                                              "Node Type": "Seq Scan",
                                                              "Parent Relationship": "Outer",
                                                              "Parallel Aware": true,
                                                              "Async Capable": false,
                                                              "Relation Name": "store_sales",
                                                              "Alias": "store_sales",
                                                              "Startup Cost": 0.0,
                                                              "Total Cost": 636914.37,
                                                              "Plan Rows": 12000637,
                                                              "Plan Width": 32,
                                                              "parent": 13,
                                                              "ID": 14
                                                            },
                                                            {
                                                              "Node Type": "Hash",
                                                              "Parent Relationship": "Inner",
                                                              "Parallel Aware": true,
                                                              "Async Capable": false,
                                                              "Startup Cost": 2049.55,
                                                              "Total Cost": 2049.55,
                                                              "Plan Rows": 18,
                                                              "Plan Width": 4,
                                                              "Plans": [
                                                                {
                                                                  "Node Type": "Seq Scan",
                                                                  "Parent Relationship": "Outer",
                                                                  "Parallel Aware": true,
                                                                  "Async Capable": false,
                                                                  "Relation Name": "date_dim",
                                                                  "Alias": "date_dim",
                                                                  "Startup Cost": 0.0,
                                                                  "Total Cost": 2049.55,
                                                                  "Plan Rows": 18,
                                                                  "Plan Width": 4,
                                                                  "Filter": "((d_date >= '2000-08-02'::date) AND (d_date <= '2000-09-01 00:00:00'::timestamp without time zone))",
                                                                  "parent": 15,
                                                                  "ID": 16
                                                                }
                                                              ],
                                                              "parent": 13,
                                                              "ID": 15,
                                                              "left": 16
                                                            }
                                                          ],
                                                          "parent": 12,
                                                          "ID": 13,
                                                          "left": 14,
                                                          "right": 15
                                                        },
                                                        {
                                                          "Node Type": "Hash",
                                                          "Parent Relationship": "Inner",
                                                          "Parallel Aware": true,
                                                          "Async Capable": false,
                                                          "Startup Cost": 59887.64,
                                                          "Total Cost": 59887.64,
                                                          "Plan Rows": 1198164,
                                                          "Plan Width": 20,
                                                          "Plans": [
                                                            {
                                                              "Node Type": "Seq Scan",
                                                              "Parent Relationship": "Outer",
                                                              "Parallel Aware": true,
                                                              "Async Capable": false,
                                                              "Relation Name": "store_returns",
                                                              "Alias": "store_returns",
                                                              "Startup Cost": 0.0,
                                                              "Total Cost": 59887.64,
                                                              "Plan Rows": 1198164,
                                                              "Plan Width": 20,
                                                              "parent": 17,
                                                              "ID": 18
                                                            }
                                                          ],
                                                          "parent": 12,
                                                          "ID": 17,
                                                          "left": 18
                                                        }
                                                      ],
                                                      "parent": 11,
                                                      "ID": 12,
                                                      "left": 13,
                                                      "right": 17
                                                    },
                                                    {
                                                      "Node Type": "Hash",
                                                      "Parent Relationship": "Inner",
                                                      "Parallel Aware": true,
                                                      "Async Capable": false,
                                                      "Startup Cost": 7495.25,
                                                      "Total Cost": 7495.25,
                                                      "Plan Rows": 2442,
                                                      "Plan Width": 4,
                                                      "Plans": [
                                                        {
                                                          "Node Type": "Seq Scan",
                                                          "Parent Relationship": "Outer",
                                                          "Parallel Aware": true,
                                                          "Async Capable": false,
                                                          "Relation Name": "item",
                                                          "Alias": "item",
                                                          "Startup Cost": 0.0,
                                                          "Total Cost": 7495.25,
                                                          "Plan Rows": 2442,
                                                          "Plan Width": 4,
                                                          "Filter": "(i_current_price > '50'::numeric)",
                                                          "parent": 19,
                                                          "ID": 20
                                                        }
                                                      ],
                                                      "parent": 11,
                                                      "ID": 19,
                                                      "left": 20
                                                    }
                                                  ],
                                                  "parent": 10,
                                                  "ID": 11,
                                                  "left": 12,
                                                  "right": 19
                                                },
                                                {
                                                  "Node Type": "Hash",
                                                  "Parent Relationship": "Inner",
                                                  "Parallel Aware": false,
                                                  "Async Capable": false,
                                                  "Startup Cost": 19.25,
                                                  "Total Cost": 19.25,
                                                  "Plan Rows": 492,
                                                  "Plan Width": 4,
                                                  "Plans": [
                                                    {
                                                      "Node Type": "Seq Scan",
                                                      "Parent Relationship": "Outer",
                                                      "Parallel Aware": false,
                                                      "Async Capable": false,
                                                      "Relation Name": "promotion",
                                                      "Alias": "promotion",
                                                      "Startup Cost": 0.0,
                                                      "Total Cost": 19.25,
                                                      "Plan Rows": 492,
                                                      "Plan Width": 4,
                                                      "Filter": "(p_channel_tv = 'N'::bpchar)",
                                                      "parent": 21,
                                                      "ID": 22
                                                    }
                                                  ],
                                                  "parent": 10,
                                                  "ID": 21,
                                                  "left": 22
                                                }
                                              ],
                                              "parent": 9,
                                              "ID": 10,
                                              "left": 11,
                                              "right": 21
                                            },
                                            {
                                              "Node Type": "Hash",
                                              "Parent Relationship": "Inner",
                                              "Parallel Aware": false,
                                              "Async Capable": false,
                                              "Startup Cost": 6.02,
                                              "Total Cost": 6.02,
                                              "Plan Rows": 102,
                                              "Plan Width": 21,
                                              "Plans": [
                                                {
                                                  "Node Type": "Seq Scan",
                                                  "Parent Relationship": "Outer",
                                                  "Parallel Aware": false,
                                                  "Async Capable": false,
                                                  "Relation Name": "store",
                                                  "Alias": "store",
                                                  "Startup Cost": 0.0,
                                                  "Total Cost": 6.02,
                                                  "Plan Rows": 102,
                                                  "Plan Width": 21,
                                                  "parent": 23,
                                                  "ID": 24
                                                }
                                              ],
                                              "parent": 9,
                                              "ID": 23,
                                              "left": 24
                                            }
                                          ],
                                          "parent": 8,
                                          "ID": 9,
                                          "left": 10,
                                          "right": 23
                                        }
                                      ],
                                      "parent": 7,
                                      "ID": 8,
                                      "left": 9
                                    }
                                  ],
                                  "parent": 6,
                                  "ID": 7,
                                  "left": 8
                                }
                              ],
                              "parent": 5,
                              "ID": 6,
                              "left": 7
                            }
                          ],
                          "parent": 4,
                          "ID": 5,
                          "left": 6
                        }
                      ],
                      "parent": 3,
                      "ID": 4,
                      "left": 5
                    },
                    {
                      "Node Type": "Subquery Scan",
                      "Parent Relationship": "Member",
                      "Parallel Aware": false,
                      "Async Capable": false,
                      "Alias": "csr",
                      "Startup Cost": 518177.36,
                      "Total Cost": 518230.78,
                      "Plan Rows": 340,
                      "Plan Width": 160,
                      "Plans": [
                        {
                          "Node Type": "Aggregate",
                          "Strategy": "Sorted",
                          "Partial Mode": "Finalize",
                          "Parent Relationship": "Subquery",
                          "Parallel Aware": false,
                          "Async Capable": false,
                          "Startup Cost": 518177.36,
                          "Total Cost": 518225.68,
                          "Plan Rows": 340,
                          "Plan Width": 113,
                          "Group Key": [
                            "catalog_page.cp_catalog_page_id"
                          ],
                          "Plans": [
                            {
                              "Node Type": "Gather Merge",
                              "Parent Relationship": "Outer",
                              "Parallel Aware": false,
                              "Async Capable": false,
                              "Startup Cost": 518177.36,
                              "Total Cost": 518214.76,
                              "Plan Rows": 284,
                              "Plan Width": 113,
                              "Workers Planned": 2,
                              "Plans": [
                                {
                                  "Node Type": "Aggregate",
                                  "Strategy": "Sorted",
                                  "Partial Mode": "Partial",
                                  "Parent Relationship": "Outer",
                                  "Parallel Aware": false,
                                  "Async Capable": false,
                                  "Startup Cost": 517177.34,
                                  "Total Cost": 517181.95,
                                  "Plan Rows": 142,
                                  "Plan Width": 113,
                                  "Group Key": [
                                    "catalog_page.cp_catalog_page_id"
                                  ],
                                  "Plans": [
                                    {
                                      "Node Type": "Sort",
                                      "Parent Relationship": "Outer",
                                      "Parallel Aware": false,
                                      "Async Capable": false,
                                      "Startup Cost": 517177.34,
                                      "Total Cost": 517177.69,
                                      "Plan Rows": 142,
                                      "Plan Width": 41,
                                      "Sort Key": [
                                        "catalog_page.cp_catalog_page_id"
                                      ],
                                      "Plans": [
                                        {
                                          "Node Type": "Hash Join",
                                          "Parent Relationship": "Outer",
                                          "Parallel Aware": false,
                                          "Async Capable": false,
                                          "Join Type": "Inner",
                                          "Startup Cost": 57382.33,
                                          "Total Cost": 517172.26,
                                          "Plan Rows": 142,
                                          "Plan Width": 41,
                                          "Inner Unique": false,
                                          "Hash Cond": "(catalog_sales.cs_catalog_page_sk = catalog_page.cp_catalog_page_sk)",
                                          "Plans": [
                                            {
                                              "Node Type": "Hash Join",
                                              "Parent Relationship": "Outer",
                                              "Parallel Aware": false,
                                              "Async Capable": false,
                                              "Join Type": "Inner",
                                              "Startup Cost": 56864.33,
                                              "Total Cost": 516652.32,
                                              "Plan Rows": 142,
                                              "Plan Width": 28,
                                              "Inner Unique": false,
                                              "Hash Cond": "(catalog_sales.cs_promo_sk = promotion_1.p_promo_sk)",
                                              "Plans": [
                                                {
                                                  "Node Type": "Hash Join",
                                                  "Parent Relationship": "Outer",
                                                  "Parallel Aware": true,
                                                  "Async Capable": false,
                                                  "Join Type": "Inner",
                                                  "Startup Cost": 56838.93,
                                                  "Total Cost": 516624.96,
                                                  "Plan Rows": 145,
                                                  "Plan Width": 32,
                                                  "Inner Unique": false,
                                                  "Hash Cond": "(catalog_sales.cs_item_sk = item_1.i_item_sk)",
                                                  "Plans": [
                                                    {
                                                      "Node Type": "Hash Join",
                                                      "Parent Relationship": "Outer",
                                                      "Parallel Aware": true,
                                                      "Async Capable": false,
                                                      "Join Type": "Left",
                                                      "Startup Cost": 49313.15,
                                                      "Total Cost": 509089.08,
                                                      "Plan Rows": 2532,
                                                      "Plan Width": 36,
                                                      "Inner Unique": false,
                                                      "Hash Cond": "((catalog_sales.cs_item_sk = catalog_returns.cr_item_sk) AND (catalog_sales.cs_order_number = catalog_returns.cr_order_number))",
                                                      "Plans": [
                                                        {
                                                          "Node Type": "Hash Join",
                                                          "Parent Relationship": "Outer",
                                                          "Parallel Aware": true,
                                                          "Async Capable": false,
                                                          "Join Type": "Inner",
                                                          "Startup Cost": 2049.78,
                                                          "Total Cost": 458254.7,
                                                          "Plan Rows": 2532,
                                                          "Plan Width": 28,
                                                          "Inner Unique": false,
                                                          "Hash Cond": "(catalog_sales.cs_sold_date_sk = date_dim_1.d_date_sk)",
                                                          "Plans": [
                                                            {
                                                              "Node Type": "Seq Scan",
                                                              "Parent Relationship": "Outer",
                                                              "Parallel Aware": true,
                                                              "Async Capable": false,
                                                              "Relation Name": "catalog_sales",
                                                              "Alias": "catalog_sales",
                                                              "Startup Cost": 0.0,
                                                              "Total Cost": 433688.25,
                                                              "Plan Rows": 6000525,
                                                              "Plan Width": 32,
                                                              "parent": 34,
                                                              "ID": 35
                                                            },
                                                            {
                                                              "Node Type": "Hash",
                                                              "Parent Relationship": "Inner",
                                                              "Parallel Aware": true,
                                                              "Async Capable": false,
                                                              "Startup Cost": 2049.55,
                                                              "Total Cost": 2049.55,
                                                              "Plan Rows": 18,
                                                              "Plan Width": 4,
                                                              "Plans": [
                                                                {
                                                                  "Node Type": "Seq Scan",
                                                                  "Parent Relationship": "Outer",
                                                                  "Parallel Aware": true,
                                                                  "Async Capable": false,
                                                                  "Relation Name": "date_dim",
                                                                  "Alias": "date_dim_1",
                                                                  "Startup Cost": 0.0,
                                                                  "Total Cost": 2049.55,
                                                                  "Plan Rows": 18,
                                                                  "Plan Width": 4,
                                                                  "Filter": "((d_date >= '2000-08-02'::date) AND (d_date <= '2000-09-01 00:00:00'::timestamp without time zone))",
                                                                  "parent": 36,
                                                                  "ID": 37
                                                                }
                                                              ],
                                                              "parent": 34,
                                                              "ID": 36,
                                                              "left": 37
                                                            }
                                                          ],
                                                          "parent": 33,
                                                          "ID": 34,
                                                          "left": 35,
                                                          "right": 36
                                                        },
                                                        {
                                                          "Node Type": "Hash",
                                                          "Parent Relationship": "Inner",
                                                          "Parallel Aware": true,
                                                          "Async Capable": false,
                                                          "Startup Cost": 34748.95,
                                                          "Total Cost": 34748.95,
                                                          "Plan Rows": 599895,
                                                          "Plan Width": 20,
                                                          "Plans": [
                                                            {
                                                              "Node Type": "Seq Scan",
                                                              "Parent Relationship": "Outer",
                                                              "Parallel Aware": true,
                                                              "Async Capable": false,
                                                              "Relation Name": "catalog_returns",
                                                              "Alias": "catalog_returns",
                                                              "Startup Cost": 0.0,
                                                              "Total Cost": 34748.95,
                                                              "Plan Rows": 599895,
                                                              "Plan Width": 20,
                                                              "parent": 38,
                                                              "ID": 39
                                                            }
                                                          ],
                                                          "parent": 33,
                                                          "ID": 38,
                                                          "left": 39
                                                        }
                                                      ],
                                                      "parent": 32,
                                                      "ID": 33,
                                                      "left": 34,
                                                      "right": 38
                                                    },
                                                    {
                                                      "Node Type": "Hash",
                                                      "Parent Relationship": "Inner",
                                                      "Parallel Aware": true,
                                                      "Async Capable": false,
                                                      "Startup Cost": 7495.25,
                                                      "Total Cost": 7495.25,
                                                      "Plan Rows": 2442,
                                                      "Plan Width": 4,
                                                      "Plans": [
                                                        {
                                                          "Node Type": "Seq Scan",
                                                          "Parent Relationship": "Outer",
                                                          "Parallel Aware": true,
                                                          "Async Capable": false,
                                                          "Relation Name": "item",
                                                          "Alias": "item_1",
                                                          "Startup Cost": 0.0,
                                                          "Total Cost": 7495.25,
                                                          "Plan Rows": 2442,
                                                          "Plan Width": 4,
                                                          "Filter": "(i_current_price > '50'::numeric)",
                                                          "parent": 40,
                                                          "ID": 41
                                                        }
                                                      ],
                                                      "parent": 32,
                                                      "ID": 40,
                                                      "left": 41
                                                    }
                                                  ],
                                                  "parent": 31,
                                                  "ID": 32,
                                                  "left": 33,
                                                  "right": 40
                                                },
                                                {
                                                  "Node Type": "Hash",
                                                  "Parent Relationship": "Inner",
                                                  "Parallel Aware": false,
                                                  "Async Capable": false,
                                                  "Startup Cost": 19.25,
                                                  "Total Cost": 19.25,
                                                  "Plan Rows": 492,
                                                  "Plan Width": 4,
                                                  "Plans": [
                                                    {
                                                      "Node Type": "Seq Scan",
                                                      "Parent Relationship": "Outer",
                                                      "Parallel Aware": false,
                                                      "Async Capable": false,
                                                      "Relation Name": "promotion",
                                                      "Alias": "promotion_1",
                                                      "Startup Cost": 0.0,
                                                      "Total Cost": 19.25,
                                                      "Plan Rows": 492,
                                                      "Plan Width": 4,
                                                      "Filter": "(p_channel_tv = 'N'::bpchar)",
                                                      "parent": 42,
                                                      "ID": 43
                                                    }
                                                  ],
                                                  "parent": 31,
                                                  "ID": 42,
                                                  "left": 43
                                                }
                                              ],
                                              "parent": 30,
                                              "ID": 31,
                                              "left": 32,
                                              "right": 42
                                            },
                                            {
                                              "Node Type": "Hash",
                                              "Parent Relationship": "Inner",
                                              "Parallel Aware": false,
                                              "Async Capable": false,
                                              "Startup Cost": 368.0,
                                              "Total Cost": 368.0,
                                              "Plan Rows": 12000,
                                              "Plan Width": 21,
                                              "Plans": [
                                                {
                                                  "Node Type": "Seq Scan",
                                                  "Parent Relationship": "Outer",
                                                  "Parallel Aware": false,
                                                  "Async Capable": false,
                                                  "Relation Name": "catalog_page",
                                                  "Alias": "catalog_page",
                                                  "Startup Cost": 0.0,
                                                  "Total Cost": 368.0,
                                                  "Plan Rows": 12000,
                                                  "Plan Width": 21,
                                                  "parent": 44,
                                                  "ID": 45
                                                }
                                              ],
                                              "parent": 30,
                                              "ID": 44,
                                              "left": 45
                                            }
                                          ],
                                          "parent": 29,
                                          "ID": 30,
                                          "left": 31,
                                          "right": 44
                                        }
                                      ],
                                      "parent": 28,
                                      "ID": 29,
                                      "left": 30
                                    }
                                  ],
                                  "parent": 27,
                                  "ID": 28,
                                  "left": 29
                                }
                              ],
                              "parent": 26,
                              "ID": 27,
                              "left": 28
                            }
                          ],
                          "parent": 25,
                          "ID": 26,
                          "left": 27
                        }
                      ],
                      "parent": 3,
                      "ID": 25,
                      "left": 26
                    },
                    {
                      "Node Type": "Subquery Scan",
                      "Parent Relationship": "Member",
                      "Parallel Aware": false,
                      "Async Capable": false,
                      "Alias": "wsr",
                      "Startup Cost": 263919.04,
                      "Total Cost": 263926.75,
                      "Plan Rows": 21,
                      "Plan Width": 160,
                      "Plans": [
                        {
                          "Node Type": "Aggregate",
                          "Strategy": "Sorted",
                          "Partial Mode": "Finalize",
                          "Parent Relationship": "Subquery",
                          "Parallel Aware": false,
                          "Async Capable": false,
                          "Startup Cost": 263919.04,
                          "Total Cost": 263926.43,
                          "Plan Rows": 21,
                          "Plan Width": 113,
                          "Group Key": [
                            "web_site.web_site_id"
                          ],
                          "Plans": [
                            {
                              "Node Type": "Gather Merge",
                              "Parent Relationship": "Outer",
                              "Parallel Aware": false,
                              "Async Capable": false,
                              "Startup Cost": 263919.04,
                              "Total Cost": 263925.33,
                              "Plan Rows": 42,
                              "Plan Width": 113,
                              "Workers Planned": 2,
                              "Plans": [
                                {
                                  "Node Type": "Aggregate",
                                  "Strategy": "Sorted",
                                  "Partial Mode": "Partial",
                                  "Parent Relationship": "Outer",
                                  "Parallel Aware": false,
                                  "Async Capable": false,
                                  "Startup Cost": 262919.01,
                                  "Total Cost": 262920.46,
                                  "Plan Rows": 21,
                                  "Plan Width": 113,
                                  "Group Key": [
                                    "web_site.web_site_id"
                                  ],
                                  "Plans": [
                                    {
                                      "Node Type": "Sort",
                                      "Parent Relationship": "Outer",
                                      "Parallel Aware": false,
                                      "Async Capable": false,
                                      "Startup Cost": 262919.01,
                                      "Total Cost": 262919.19,
                                      "Plan Rows": 72,
                                      "Plan Width": 41,
                                      "Sort Key": [
                                        "web_site.web_site_id"
                                      ],
                                      "Plans": [
                                        {
                                          "Node Type": "Hash Join",
                                          "Parent Relationship": "Outer",
                                          "Parallel Aware": false,
                                          "Async Capable": false,
                                          "Join Type": "Inner",
                                          "Startup Cost": 32134.74,
                                          "Total Cost": 262916.79,
                                          "Plan Rows": 72,
                                          "Plan Width": 41,
                                          "Inner Unique": false,
                                          "Hash Cond": "(web_sales.ws_web_site_sk = web_site.web_site_sk)",
                                          "Plans": [
                                            {
                                              "Node Type": "Hash Join",
                                              "Parent Relationship": "Outer",
                                              "Parallel Aware": false,
                                              "Async Capable": false,
                                              "Join Type": "Inner",
                                              "Startup Cost": 32130.8,
                                              "Total Cost": 262911.86,
                                              "Plan Rows": 72,
                                              "Plan Width": 28,
                                              "Inner Unique": false,
                                              "Hash Cond": "(web_sales.ws_promo_sk = promotion_2.p_promo_sk)",
                                              "Plans": [
                                                {
                                                  "Node Type": "Hash Join",
                                                  "Parent Relationship": "Outer",
                                                  "Parallel Aware": true,
                                                  "Async Capable": false,
                                                  "Join Type": "Inner",
                                                  "Startup Cost": 32105.4,
                                                  "Total Cost": 262885.46,
                                                  "Plan Rows": 73,
                                                  "Plan Width": 32,
                                                  "Inner Unique": false,
                                                  "Hash Cond": "(web_sales.ws_item_sk = item_2.i_item_sk)",
                                                  "Plans": [
                                                    {
                                                      "Node Type": "Hash Join",
                                                      "Parent Relationship": "Outer",
                                                      "Parallel Aware": true,
                                                      "Async Capable": false,
                                                      "Join Type": "Left",
                                                      "Startup Cost": 24579.62,
                                                      "Total Cost": 255354.62,
                                                      "Plan Rows": 1272,
                                                      "Plan Width": 36,
                                                      "Inner Unique": false,
                                                      "Hash Cond": "((web_sales.ws_item_sk = web_returns.wr_item_sk) AND (web_sales.ws_order_number = web_returns.wr_order_number))",
                                                      "Plans": [
                                                        {
                                                          "Node Type": "Hash Join",
                                                          "Parent Relationship": "Outer",
                                                          "Parallel Aware": true,
                                                          "Async Capable": false,
                                                          "Join Type": "Inner",
                                                          "Startup Cost": 2049.78,
                                                          "Total Cost": 231041.22,
                                                          "Plan Rows": 1272,
                                                          "Plan Width": 28,
                                                          "Inner Unique": false,
                                                          "Hash Cond": "(web_sales.ws_sold_date_sk = date_dim_2.d_date_sk)",
                                                          "Plans": [
                                                            {
                                                              "Node Type": "Seq Scan",
                                                              "Parent Relationship": "Outer",
                                                              "Parallel Aware": true,
                                                              "Async Capable": false,
                                                              "Relation Name": "web_sales",
                                                              "Alias": "web_sales",
                                                              "Startup Cost": 0.0,
                                                              "Total Cost": 217737.86,
                                                              "Plan Rows": 2998986,
                                                              "Plan Width": 32,
                                                              "parent": 55,
                                                              "ID": 56
                                                            },
                                                            {
                                                              "Node Type": "Hash",
                                                              "Parent Relationship": "Inner",
                                                              "Parallel Aware": true,
                                                              "Async Capable": false,
                                                              "Startup Cost": 2049.55,
                                                              "Total Cost": 2049.55,
                                                              "Plan Rows": 18,
                                                              "Plan Width": 4,
                                                              "Plans": [
                                                                {
                                                                  "Node Type": "Seq Scan",
                                                                  "Parent Relationship": "Outer",
                                                                  "Parallel Aware": true,
                                                                  "Async Capable": false,
                                                                  "Relation Name": "date_dim",
                                                                  "Alias": "date_dim_2",
                                                                  "Startup Cost": 0.0,
                                                                  "Total Cost": 2049.55,
                                                                  "Plan Rows": 18,
                                                                  "Plan Width": 4,
                                                                  "Filter": "((d_date >= '2000-08-02'::date) AND (d_date <= '2000-09-01 00:00:00'::timestamp without time zone))",
                                                                  "parent": 57,
                                                                  "ID": 58
                                                                }
                                                              ],
                                                              "parent": 55,
                                                              "ID": 57,
                                                              "left": 58
                                                            }
                                                          ],
                                                          "parent": 54,
                                                          "ID": 55,
                                                          "left": 56,
                                                          "right": 57
                                                        },
                                                        {
                                                          "Node Type": "Hash",
                                                          "Parent Relationship": "Inner",
                                                          "Parallel Aware": true,
                                                          "Async Capable": false,
                                                          "Startup Cost": 16278.74,
                                                          "Total Cost": 16278.74,
                                                          "Plan Rows": 299674,
                                                          "Plan Width": 20,
                                                          "Plans": [
                                                            {
                                                              "Node Type": "Seq Scan",
                                                              "Parent Relationship": "Outer",
                                                              "Parallel Aware": true,
                                                              "Async Capable": false,
                                                              "Relation Name": "web_returns",
                                                              "Alias": "web_returns",
                                                              "Startup Cost": 0.0,
                                                              "Total Cost": 16278.74,
                                                              "Plan Rows": 299674,
                                                              "Plan Width": 20,
                                                              "parent": 59,
                                                              "ID": 60
                                                            }
                                                          ],
                                                          "parent": 54,
                                                          "ID": 59,
                                                          "left": 60
                                                        }
                                                      ],
                                                      "parent": 53,
                                                      "ID": 54,
                                                      "left": 55,
                                                      "right": 59
                                                    },
                                                    {
                                                      "Node Type": "Hash",
                                                      "Parent Relationship": "Inner",
                                                      "Parallel Aware": true,
                                                      "Async Capable": false,
                                                      "Startup Cost": 7495.25,
                                                      "Total Cost": 7495.25,
                                                      "Plan Rows": 2442,
                                                      "Plan Width": 4,
                                                      "Plans": [
                                                        {
                                                          "Node Type": "Seq Scan",
                                                          "Parent Relationship": "Outer",
                                                          "Parallel Aware": true,
                                                          "Async Capable": false,
                                                          "Relation Name": "item",
                                                          "Alias": "item_2",
                                                          "Startup Cost": 0.0,
                                                          "Total Cost": 7495.25,
                                                          "Plan Rows": 2442,
                                                          "Plan Width": 4,
                                                          "Filter": "(i_current_price > '50'::numeric)",
                                                          "parent": 61,
                                                          "ID": 62
                                                        }
                                                      ],
                                                      "parent": 53,
                                                      "ID": 61,
                                                      "left": 62
                                                    }
                                                  ],
                                                  "parent": 52,
                                                  "ID": 53,
                                                  "left": 54,
                                                  "right": 61
                                                },
                                                {
                                                  "Node Type": "Hash",
                                                  "Parent Relationship": "Inner",
                                                  "Parallel Aware": false,
                                                  "Async Capable": false,
                                                  "Startup Cost": 19.25,
                                                  "Total Cost": 19.25,
                                                  "Plan Rows": 492,
                                                  "Plan Width": 4,
                                                  "Plans": [
                                                    {
                                                      "Node Type": "Seq Scan",
                                                      "Parent Relationship": "Outer",
                                                      "Parallel Aware": false,
                                                      "Async Capable": false,
                                                      "Relation Name": "promotion",
                                                      "Alias": "promotion_2",
                                                      "Startup Cost": 0.0,
                                                      "Total Cost": 19.25,
                                                      "Plan Rows": 492,
                                                      "Plan Width": 4,
                                                      "Filter": "(p_channel_tv = 'N'::bpchar)",
                                                      "parent": 63,
                                                      "ID": 64
                                                    }
                                                  ],
                                                  "parent": 52,
                                                  "ID": 63,
                                                  "left": 64
                                                }
                                              ],
                                              "parent": 51,
                                              "ID": 52,
                                              "left": 53,
                                              "right": 63
                                            },
                                            {
                                              "Node Type": "Hash",
                                              "Parent Relationship": "Inner",
                                              "Parallel Aware": false,
                                              "Async Capable": false,
                                              "Startup Cost": 3.42,
                                              "Total Cost": 3.42,
                                              "Plan Rows": 42,
                                              "Plan Width": 21,
                                              "Plans": [
                                                {
                                                  "Node Type": "Seq Scan",
                                                  "Parent Relationship": "Outer",
                                                  "Parallel Aware": false,
                                                  "Async Capable": false,
                                                  "Relation Name": "web_site",
                                                  "Alias": "web_site",
                                                  "Startup Cost": 0.0,
                                                  "Total Cost": 3.42,
                                                  "Plan Rows": 42,
                                                  "Plan Width": 21,
                                                  "parent": 65,
                                                  "ID": 66
                                                }
                                              ],
                                              "parent": 51,
                                              "ID": 65,
                                              "left": 66
                                            }
                                          ],
                                          "parent": 50,
                                          "ID": 51,
                                          "left": 52,
                                          "right": 65
                                        }
                                      ],
                                      "parent": 49,
                                      "ID": 50,
                                      "left": 51
                                    }
                                  ],
                                  "parent": 48,
                                  "ID": 49,
                                  "left": 50
                                }
                              ],
                              "parent": 47,
                              "ID": 48,
                              "left": 49
                            }
                          ],
                          "parent": 46,
                          "ID": 47,
                          "left": 48
                        }
                      ],
                      "parent": 3,
                      "ID": 46,
                      "left": 47
                    }
                  ],
                  "parent": 2,
                  "ID": 3,
                  "left": 4,
                  "right": 25
                }
              ],
              "parent": 1,
              "ID": 2,
              "left": 3
            }
          ],
          "parent": 0,
          "ID": 1,
          "left": 2
        }
      ],
      "parent": null,
      "ID": 0,
      "left": 1
    },
    "feat": {
      "utility": 0.003929893792461928,
      "query_shape": [
        [
          "Seq Scan",
          "Hash Join",
          "Sort",
          "Aggregate",
          "Gather Merge",
          "Subquery Scan",
          "Append"
        ],
        [
          "Seq Scan",
          "Hash",
          "Hash Join",
          "Sort",
          "Aggregate",
          "Gather Merge",
          "Subquery Scan",
          "Append"
        ],
        [
          "Seq Scan",
          "Hash",
          "Hash Join",
          "Sort",
          "Aggregate",
          "Gather Merge",
          "Subquery Scan",
          "Append"
        ],
        [
          "Seq Scan",
          "Hash",
          "Hash Join",
          "Sort",
          "Aggregate",
          "Gather Merge",
          "Subquery Scan",
          "Append"
        ],
        [
          "Seq Scan",
          "Hash",
          "Hash Join",
          "Sort",
          "Aggregate",
          "Gather Merge",
          "Subquery Scan",
          "Append"
        ],
        [
          "Seq Scan",
          "Hash",
          "Hash Join",
          "Sort",
          "Aggregate",
          "Gather Merge",
          "Subquery Scan",
          "Append"
        ],
        [
          "Seq Scan",
          "Hash Join",
          "Sort",
          "Aggregate",
          "Gather Merge",
          "Subquery Scan",
          "Append"
        ],
        [
          "Seq Scan",
          "Hash",
          "Hash Join",
          "Sort",
          "Aggregate",
          "Gather Merge",
          "Subquery Scan",
          "Append"
        ],
        [
          "Seq Scan",
          "Hash",
          "Hash Join",
          "Sort",
          "Aggregate",
          "Gather Merge",
          "Subquery Scan",
          "Append"
        ],
        [
          "Seq Scan",
          "Hash",
          "Hash Join",
          "Sort",
          "Aggregate",
          "Gather Merge",
          "Subquery Scan",
          "Append"
        ],
        [
          "Seq Scan",
          "Hash",
          "Hash Join",
          "Sort",
          "Aggregate",
          "Gather Merge",
          "Subquery Scan",
          "Append"
        ],
        [
          "Seq Scan",
          "Hash",
          "Hash Join",
          "Sort",
          "Aggregate",
          "Gather Merge",
          "Subquery Scan",
          "Append"
        ],
        [
          "Seq Scan",
          "Hash Join",
          "Sort",
          "Aggregate",
          "Gather Merge",
          "Subquery Scan",
          "Append"
        ],
        [
          "Seq Scan",
          "Hash",
          "Hash Join",
          "Sort",
          "Aggregate",
          "Gather Merge",
          "Subquery Scan",
          "Append"
        ],
        [
          "Seq Scan",
          "Hash",
          "Hash Join",
          "Sort",
          "Aggregate",
          "Gather Merge",
          "Subquery Scan",
          "Append"
        ],
        [
          "Seq Scan",
          "Hash",
          "Hash Join",
          "Sort",
          "Aggregate",
          "Gather Merge",
          "Subquery Scan",
          "Append"
        ],
        [
          "Seq Scan",
          "Hash",
          "Hash Join",
          "Sort",
          "Aggregate",
          "Gather Merge",
          "Subquery Scan",
          "Append"
        ],
        [
          "Seq Scan",
          "Hash",
          "Hash Join",
          "Sort",
          "Aggregate",
          "Gather Merge",
          "Subquery Scan",
          "Append"
        ]
      ],
      "index_shape": [
        "join"
      ],
      "physical_operator": {
        "Seq Scan": [
          0.0002464099440101508,
          0.0002464099440101508,
          0.0002464099440101508
        ],
        "Hash Join": [
          0.004743290597085323,
          0.004841734527525892,
          0.004854227026553673
        ]
      }
    }
  },
  {
    "query": "with ssr as\n (select  s_store_id as store_id,\n          sum(ss_ext_sales_price) as sales,\n          sum(coalesce(sr_return_amt, 0)) as returns,\n          sum(ss_net_profit - coalesce(sr_net_loss, 0)) as profit\n  from store_sales left outer join store_returns on\n         (ss_item_sk = sr_item_sk and ss_ticket_number = sr_ticket_number),\n     date_dim,\n     store,\n     item,\n     promotion\n where ss_sold_date_sk = d_date_sk\n       and d_date between cast('2000-08-02' as date) \n                  and (cast('2000-08-02' as date) +  interval '30 days')\n       and ss_store_sk = s_store_sk\n       and ss_item_sk = i_item_sk\n       and i_current_price > 50\n       and ss_promo_sk = p_promo_sk\n       and p_channel_tv = 'N'\n group by s_store_id)\n ,\n csr as\n (select  cp_catalog_page_id as catalog_page_id,\n          sum(cs_ext_sales_price) as sales,\n          sum(coalesce(cr_return_amount, 0)) as returns,\n          sum(cs_net_profit - coalesce(cr_net_loss, 0)) as profit\n  from catalog_sales left outer join catalog_returns on\n         (cs_item_sk = cr_item_sk and cs_order_number = cr_order_number),\n     date_dim,\n     catalog_page,\n     item,\n     promotion\n where cs_sold_date_sk = d_date_sk\n       and d_date between cast('2000-08-02' as date)\n                  and (cast('2000-08-02' as date) +  interval '30 days')\n        and cs_catalog_page_sk = cp_catalog_page_sk\n       and cs_item_sk = i_item_sk\n       and i_current_price > 50\n       and cs_promo_sk = p_promo_sk\n       and p_channel_tv = 'N'\ngroup by cp_catalog_page_id)\n ,\n wsr as\n (select  web_site_id,\n          sum(ws_ext_sales_price) as sales,\n          sum(coalesce(wr_return_amt, 0)) as returns,\n          sum(ws_net_profit - coalesce(wr_net_loss, 0)) as profit\n  from web_sales left outer join web_returns on\n         (ws_item_sk = wr_item_sk and ws_order_number = wr_order_number),\n     date_dim,\n     web_site,\n     item,\n     promotion\n where ws_sold_date_sk = d_date_sk\n       and d_date between cast('2000-08-02' as date)\n                  and (cast('2000-08-02' as date) +  interval '30 days')\n        and ws_web_site_sk = web_site_sk\n       and ws_item_sk = i_item_sk\n       and i_current_price > 50\n       and ws_promo_sk = p_promo_sk\n       and p_channel_tv = 'N'\ngroup by web_site_id)\n  select  channel\n        , id\n        , sum(sales) as sales\n        , sum(returns) as returns\n        , sum(profit) as profit\n from \n (select 'store channel' as channel\n        , 'store' || store_id as id\n        , sales\n        , returns\n        , profit\n from   ssr\n union all\n select 'catalog channel' as channel\n        , 'catalog_page' || catalog_page_id as id\n        , sales\n        , returns\n        , profit\n from  csr\n union all\n select 'web channel' as channel\n        , 'web_site' || web_site_id as id\n        , sales\n        , returns\n        , profit\n from   wsr\n ) x\n group by rollup (channel, id)\n order by channel\n         ,id\n limit 100;\n\n-- end query 61 in stream 4 using template query80.tpl\n",
    "indexes": "item.i_item_sk",
    "wo plan est": {
      "Node Type": "Limit",
      "Parallel Aware": false,
      "Async Capable": false,
      "Startup Cost": 1566793.64,
      "Total Cost": 1566796.93,
      "Plan Rows": 100,
      "Plan Width": 160,
      "Plans": [
        {
          "Node Type": "Aggregate",
          "Strategy": "Sorted",
          "Partial Mode": "Simple",
          "Parent Relationship": "Outer",
          "Parallel Aware": false,
          "Async Capable": false,
          "Startup Cost": 1566793.64,
          "Total Cost": 1566806.84,
          "Plan Rows": 401,
          "Plan Width": 160,
          "Grouping Sets": [
            {
              "Group Keys": [
                [
                  "('store channel'::text)",
                  "(('store'::text || (ssr.store_id)::text))"
                ],
                [
                  "('store channel'::text)"
                ],
                []
              ]
            }
          ],
          "Plans": [
            {
              "Node Type": "Sort",
              "Parent Relationship": "Outer",
              "Parallel Aware": false,
              "Async Capable": false,
              "Startup Cost": 1566793.64,
              "Total Cost": 1566794.67,
              "Plan Rows": 412,
              "Plan Width": 160,
              "Sort Key": [
                "('store channel'::text)",
                "(('store'::text || (ssr.store_id)::text))"
              ],
              "Plans": [
                {
                  "Node Type": "Append",
                  "Parent Relationship": "Outer",
                  "Parallel Aware": false,
                  "Async Capable": false,
                  "Startup Cost": 784596.3,
                  "Total Cost": 1566775.74,
                  "Plan Rows": 412,
                  "Plan Width": 160,
                  "Subplans Removed": 0,
                  "Plans": [
                    {
                      "Node Type": "Subquery Scan",
                      "Parent Relationship": "Member",
                      "Parallel Aware": false,
                      "Async Capable": false,
                      "Alias": "ssr",
                      "Startup Cost": 784596.3,
                      "Total Cost": 784616.16,
                      "Plan Rows": 51,
                      "Plan Width": 160,
                      "Plans": [
                        {
                          "Node Type": "Aggregate",
                          "Strategy": "Sorted",
                          "Partial Mode": "Finalize",
                          "Parent Relationship": "Subquery",
                          "Parallel Aware": false,
                          "Async Capable": false,
                          "Startup Cost": 784596.3,
                          "Total Cost": 784615.39,
                          "Plan Rows": 51,
                          "Plan Width": 113,
                          "Group Key": [
                            "store.s_store_id"
                          ],
                          "Plans": [
                            {
                              "Node Type": "Gather Merge",
                              "Parent Relationship": "Outer",
                              "Parallel Aware": false,
                              "Async Capable": false,
                              "Startup Cost": 784596.3,
                              "Total Cost": 784612.71,
                              "Plan Rows": 102,
                              "Plan Width": 113,
                              "Workers Planned": 2,
                              "Plans": [
                                {
                                  "Node Type": "Aggregate",
                                  "Strategy": "Sorted",
                                  "Partial Mode": "Partial",
                                  "Parent Relationship": "Outer",
                                  "Parallel Aware": false,
                                  "Async Capable": false,
                                  "Startup Cost": 783596.27,
                                  "Total Cost": 783600.92,
                                  "Plan Rows": 51,
                                  "Plan Width": 113,
                                  "Group Key": [
                                    "store.s_store_id"
                                  ],
                                  "Plans": [
                                    {
                                      "Node Type": "Sort",
                                      "Parent Relationship": "Outer",
                                      "Parallel Aware": false,
                                      "Async Capable": false,
                                      "Startup Cost": 783596.27,
                                      "Total Cost": 783596.9,
                                      "Plan Rows": 250,
                                      "Plan Width": 41,
                                      "Sort Key": [
                                        "store.s_store_id"
                                      ],
                                      "Plans": [
                                        {
                                          "Node Type": "Hash Join",
                                          "Parent Relationship": "Outer",
                                          "Parallel Aware": false,
                                          "Async Capable": false,
                                          "Join Type": "Inner",
                                          "Startup Cost": 94489.35,
                                          "Total Cost": 783586.32,
                                          "Plan Rows": 250,
                                          "Plan Width": 41,
                                          "Inner Unique": false,
                                          "Hash Cond": "(store_sales.ss_store_sk = store.s_store_sk)",
                                          "Plans": [
                                            {
                                              "Node Type": "Hash Join",
                                              "Parent Relationship": "Outer",
                                              "Parallel Aware": false,
                                              "Async Capable": false,
                                              "Join Type": "Inner",
                                              "Startup Cost": 94482.05,
                                              "Total Cost": 783575.54,
                                              "Plan Rows": 262,
                                              "Plan Width": 28,
                                              "Inner Unique": false,
                                              "Hash Cond": "(store_sales.ss_promo_sk = promotion.p_promo_sk)",
                                              "Plans": [
                                                {
                                                  "Node Type": "Hash Join",
                                                  "Parent Relationship": "Outer",
                                                  "Parallel Aware": true,
                                                  "Async Capable": false,
                                                  "Join Type": "Inner",
                                                  "Startup Cost": 94456.65,
                                                  "Total Cost": 783546.47,
                                                  "Plan Rows": 279,
                                                  "Plan Width": 32,
                                                  "Inner Unique": false,
                                                  "Hash Cond": "(store_sales.ss_item_sk = item.i_item_sk)",
                                                  "Plans": [
                                                    {
                                                      "Node Type": "Hash Join",
                                                      "Parent Relationship": "Outer",
                                                      "Parallel Aware": true,
                                                      "Async Capable": false,
                                                      "Join Type": "Left",
                                                      "Startup Cost": 86930.88,
                                                      "Total Cost": 776001.31,
                                                      "Plan Rows": 4860,
                                                      "Plan Width": 36,
                                                      "Inner Unique": false,
                                                      "Hash Cond": "((store_sales.ss_item_sk = store_returns.sr_item_sk) AND (store_sales.ss_ticket_number = store_returns.sr_ticket_number))",
                                                      "Plans": [
                                                        {
                                                          "Node Type": "Hash Join",
                                                          "Parent Relationship": "Outer",
                                                          "Parallel Aware": true,
                                                          "Async Capable": false,
                                                          "Join Type": "Inner",
                                                          "Startup Cost": 2049.78,
                                                          "Total Cost": 683994.75,
                                                          "Plan Rows": 4860,
                                                          "Plan Width": 28,
                                                          "Inner Unique": false,
                                                          "Hash Cond": "(store_sales.ss_sold_date_sk = date_dim.d_date_sk)",
                                                          "Plans": [
                                                            {
                                                              "Node Type": "Seq Scan",
                                                              "Parent Relationship": "Outer",
                                                              "Parallel Aware": true,
                                                              "Async Capable": false,
                                                              "Relation Name": "store_sales",
                                                              "Alias": "store_sales",
                                                              "Startup Cost": 0.0,
                                                              "Total Cost": 636914.37,
                                                              "Plan Rows": 12000637,
                                                              "Plan Width": 32,
                                                              "parent": 13,
                                                              "ID": 14
                                                            },
                                                            {
                                                              "Node Type": "Hash",
                                                              "Parent Relationship": "Inner",
                                                              "Parallel Aware": true,
                                                              "Async Capable": false,
                                                              "Startup Cost": 2049.55,
                                                              "Total Cost": 2049.55,
                                                              "Plan Rows": 18,
                                                              "Plan Width": 4,
                                                              "Plans": [
                                                                {
                                                                  "Node Type": "Seq Scan",
                                                                  "Parent Relationship": "Outer",
                                                                  "Parallel Aware": true,
                                                                  "Async Capable": false,
                                                                  "Relation Name": "date_dim",
                                                                  "Alias": "date_dim",
                                                                  "Startup Cost": 0.0,
                                                                  "Total Cost": 2049.55,
                                                                  "Plan Rows": 18,
                                                                  "Plan Width": 4,
                                                                  "Filter": "((d_date >= '2000-08-02'::date) AND (d_date <= '2000-09-01 00:00:00'::timestamp without time zone))",
                                                                  "parent": 15,
                                                                  "ID": 16
                                                                }
                                                              ],
                                                              "parent": 13,
                                                              "ID": 15,
                                                              "left": 16
                                                            }
                                                          ],
                                                          "parent": 12,
                                                          "ID": 13,
                                                          "left": 14,
                                                          "right": 15
                                                        },
                                                        {
                                                          "Node Type": "Hash",
                                                          "Parent Relationship": "Inner",
                                                          "Parallel Aware": true,
                                                          "Async Capable": false,
                                                          "Startup Cost": 59887.64,
                                                          "Total Cost": 59887.64,
                                                          "Plan Rows": 1198164,
                                                          "Plan Width": 20,
                                                          "Plans": [
                                                            {
                                                              "Node Type": "Seq Scan",
                                                              "Parent Relationship": "Outer",
                                                              "Parallel Aware": true,
                                                              "Async Capable": false,
                                                              "Relation Name": "store_returns",
                                                              "Alias": "store_returns",
                                                              "Startup Cost": 0.0,
                                                              "Total Cost": 59887.64,
                                                              "Plan Rows": 1198164,
                                                              "Plan Width": 20,
                                                              "parent": 17,
                                                              "ID": 18
                                                            }
                                                          ],
                                                          "parent": 12,
                                                          "ID": 17,
                                                          "left": 18
                                                        }
                                                      ],
                                                      "parent": 11,
                                                      "ID": 12,
                                                      "left": 13,
                                                      "right": 17
                                                    },
                                                    {
                                                      "Node Type": "Hash",
                                                      "Parent Relationship": "Inner",
                                                      "Parallel Aware": true,
                                                      "Async Capable": false,
                                                      "Startup Cost": 7495.25,
                                                      "Total Cost": 7495.25,
                                                      "Plan Rows": 2442,
                                                      "Plan Width": 4,
                                                      "Plans": [
                                                        {
                                                          "Node Type": "Seq Scan",
                                                          "Parent Relationship": "Outer",
                                                          "Parallel Aware": true,
                                                          "Async Capable": false,
                                                          "Relation Name": "item",
                                                          "Alias": "item",
                                                          "Startup Cost": 0.0,
                                                          "Total Cost": 7495.25,
                                                          "Plan Rows": 2442,
                                                          "Plan Width": 4,
                                                          "Filter": "(i_current_price > '50'::numeric)",
                                                          "parent": 19,
                                                          "ID": 20
                                                        }
                                                      ],
                                                      "parent": 11,
                                                      "ID": 19,
                                                      "left": 20
                                                    }
                                                  ],
                                                  "parent": 10,
                                                  "ID": 11,
                                                  "left": 12,
                                                  "right": 19
                                                },
                                                {
                                                  "Node Type": "Hash",
                                                  "Parent Relationship": "Inner",
                                                  "Parallel Aware": false,
                                                  "Async Capable": false,
                                                  "Startup Cost": 19.25,
                                                  "Total Cost": 19.25,
                                                  "Plan Rows": 492,
                                                  "Plan Width": 4,
                                                  "Plans": [
                                                    {
                                                      "Node Type": "Seq Scan",
                                                      "Parent Relationship": "Outer",
                                                      "Parallel Aware": false,
                                                      "Async Capable": false,
                                                      "Relation Name": "promotion",
                                                      "Alias": "promotion",
                                                      "Startup Cost": 0.0,
                                                      "Total Cost": 19.25,
                                                      "Plan Rows": 492,
                                                      "Plan Width": 4,
                                                      "Filter": "(p_channel_tv = 'N'::bpchar)",
                                                      "parent": 21,
                                                      "ID": 22
                                                    }
                                                  ],
                                                  "parent": 10,
                                                  "ID": 21,
                                                  "left": 22
                                                }
                                              ],
                                              "parent": 9,
                                              "ID": 10,
                                              "left": 11,
                                              "right": 21
                                            },
                                            {
                                              "Node Type": "Hash",
                                              "Parent Relationship": "Inner",
                                              "Parallel Aware": false,
                                              "Async Capable": false,
                                              "Startup Cost": 6.02,
                                              "Total Cost": 6.02,
                                              "Plan Rows": 102,
                                              "Plan Width": 21,
                                              "Plans": [
                                                {
                                                  "Node Type": "Seq Scan",
                                                  "Parent Relationship": "Outer",
                                                  "Parallel Aware": false,
                                                  "Async Capable": false,
                                                  "Relation Name": "store",
                                                  "Alias": "store",
                                                  "Startup Cost": 0.0,
                                                  "Total Cost": 6.02,
                                                  "Plan Rows": 102,
                                                  "Plan Width": 21,
                                                  "parent": 23,
                                                  "ID": 24
                                                }
                                              ],
                                              "parent": 9,
                                              "ID": 23,
                                              "left": 24
                                            }
                                          ],
                                          "parent": 8,
                                          "ID": 9,
                                          "left": 10,
                                          "right": 23
                                        }
                                      ],
                                      "parent": 7,
                                      "ID": 8,
                                      "left": 9
                                    }
                                  ],
                                  "parent": 6,
                                  "ID": 7,
                                  "left": 8
                                }
                              ],
                              "parent": 5,
                              "ID": 6,
                              "left": 7
                            }
                          ],
                          "parent": 4,
                          "ID": 5,
                          "left": 6
                        }
                      ],
                      "parent": 3,
                      "ID": 4,
                      "left": 5
                    },
                    {
                      "Node Type": "Subquery Scan",
                      "Parent Relationship": "Member",
                      "Parallel Aware": false,
                      "Async Capable": false,
                      "Alias": "csr",
                      "Startup Cost": 518177.36,
                      "Total Cost": 518230.78,
                      "Plan Rows": 340,
                      "Plan Width": 160,
                      "Plans": [
                        {
                          "Node Type": "Aggregate",
                          "Strategy": "Sorted",
                          "Partial Mode": "Finalize",
                          "Parent Relationship": "Subquery",
                          "Parallel Aware": false,
                          "Async Capable": false,
                          "Startup Cost": 518177.36,
                          "Total Cost": 518225.68,
                          "Plan Rows": 340,
                          "Plan Width": 113,
                          "Group Key": [
                            "catalog_page.cp_catalog_page_id"
                          ],
                          "Plans": [
                            {
                              "Node Type": "Gather Merge",
                              "Parent Relationship": "Outer",
                              "Parallel Aware": false,
                              "Async Capable": false,
                              "Startup Cost": 518177.36,
                              "Total Cost": 518214.76,
                              "Plan Rows": 284,
                              "Plan Width": 113,
                              "Workers Planned": 2,
                              "Plans": [
                                {
                                  "Node Type": "Aggregate",
                                  "Strategy": "Sorted",
                                  "Partial Mode": "Partial",
                                  "Parent Relationship": "Outer",
                                  "Parallel Aware": false,
                                  "Async Capable": false,
                                  "Startup Cost": 517177.34,
                                  "Total Cost": 517181.95,
                                  "Plan Rows": 142,
                                  "Plan Width": 113,
                                  "Group Key": [
                                    "catalog_page.cp_catalog_page_id"
                                  ],
                                  "Plans": [
                                    {
                                      "Node Type": "Sort",
                                      "Parent Relationship": "Outer",
                                      "Parallel Aware": false,
                                      "Async Capable": false,
                                      "Startup Cost": 517177.34,
                                      "Total Cost": 517177.69,
                                      "Plan Rows": 142,
                                      "Plan Width": 41,
                                      "Sort Key": [
                                        "catalog_page.cp_catalog_page_id"
                                      ],
                                      "Plans": [
                                        {
                                          "Node Type": "Hash Join",
                                          "Parent Relationship": "Outer",
                                          "Parallel Aware": false,
                                          "Async Capable": false,
                                          "Join Type": "Inner",
                                          "Startup Cost": 57382.33,
                                          "Total Cost": 517172.26,
                                          "Plan Rows": 142,
                                          "Plan Width": 41,
                                          "Inner Unique": false,
                                          "Hash Cond": "(catalog_sales.cs_catalog_page_sk = catalog_page.cp_catalog_page_sk)",
                                          "Plans": [
                                            {
                                              "Node Type": "Hash Join",
                                              "Parent Relationship": "Outer",
                                              "Parallel Aware": false,
                                              "Async Capable": false,
                                              "Join Type": "Inner",
                                              "Startup Cost": 56864.33,
                                              "Total Cost": 516652.32,
                                              "Plan Rows": 142,
                                              "Plan Width": 28,
                                              "Inner Unique": false,
                                              "Hash Cond": "(catalog_sales.cs_promo_sk = promotion_1.p_promo_sk)",
                                              "Plans": [
                                                {
                                                  "Node Type": "Hash Join",
                                                  "Parent Relationship": "Outer",
                                                  "Parallel Aware": true,
                                                  "Async Capable": false,
                                                  "Join Type": "Inner",
                                                  "Startup Cost": 56838.93,
                                                  "Total Cost": 516624.96,
                                                  "Plan Rows": 145,
                                                  "Plan Width": 32,
                                                  "Inner Unique": false,
                                                  "Hash Cond": "(catalog_sales.cs_item_sk = item_1.i_item_sk)",
                                                  "Plans": [
                                                    {
                                                      "Node Type": "Hash Join",
                                                      "Parent Relationship": "Outer",
                                                      "Parallel Aware": true,
                                                      "Async Capable": false,
                                                      "Join Type": "Left",
                                                      "Startup Cost": 49313.15,
                                                      "Total Cost": 509089.08,
                                                      "Plan Rows": 2532,
                                                      "Plan Width": 36,
                                                      "Inner Unique": false,
                                                      "Hash Cond": "((catalog_sales.cs_item_sk = catalog_returns.cr_item_sk) AND (catalog_sales.cs_order_number = catalog_returns.cr_order_number))",
                                                      "Plans": [
                                                        {
                                                          "Node Type": "Hash Join",
                                                          "Parent Relationship": "Outer",
                                                          "Parallel Aware": true,
                                                          "Async Capable": false,
                                                          "Join Type": "Inner",
                                                          "Startup Cost": 2049.78,
                                                          "Total Cost": 458254.7,
                                                          "Plan Rows": 2532,
                                                          "Plan Width": 28,
                                                          "Inner Unique": false,
                                                          "Hash Cond": "(catalog_sales.cs_sold_date_sk = date_dim_1.d_date_sk)",
                                                          "Plans": [
                                                            {
                                                              "Node Type": "Seq Scan",
                                                              "Parent Relationship": "Outer",
                                                              "Parallel Aware": true,
                                                              "Async Capable": false,
                                                              "Relation Name": "catalog_sales",
                                                              "Alias": "catalog_sales",
                                                              "Startup Cost": 0.0,
                                                              "Total Cost": 433688.25,
                                                              "Plan Rows": 6000525,
                                                              "Plan Width": 32,
                                                              "parent": 34,
                                                              "ID": 35
                                                            },
                                                            {
                                                              "Node Type": "Hash",
                                                              "Parent Relationship": "Inner",
                                                              "Parallel Aware": true,
                                                              "Async Capable": false,
                                                              "Startup Cost": 2049.55,
                                                              "Total Cost": 2049.55,
                                                              "Plan Rows": 18,
                                                              "Plan Width": 4,
                                                              "Plans": [
                                                                {
                                                                  "Node Type": "Seq Scan",
                                                                  "Parent Relationship": "Outer",
                                                                  "Parallel Aware": true,
                                                                  "Async Capable": false,
                                                                  "Relation Name": "date_dim",
                                                                  "Alias": "date_dim_1",
                                                                  "Startup Cost": 0.0,
                                                                  "Total Cost": 2049.55,
                                                                  "Plan Rows": 18,
                                                                  "Plan Width": 4,
                                                                  "Filter": "((d_date >= '2000-08-02'::date) AND (d_date <= '2000-09-01 00:00:00'::timestamp without time zone))",
                                                                  "parent": 36,
                                                                  "ID": 37
                                                                }
                                                              ],
                                                              "parent": 34,
                                                              "ID": 36,
                                                              "left": 37
                                                            }
                                                          ],
                                                          "parent": 33,
                                                          "ID": 34,
                                                          "left": 35,
                                                          "right": 36
                                                        },
                                                        {
                                                          "Node Type": "Hash",
                                                          "Parent Relationship": "Inner",
                                                          "Parallel Aware": true,
                                                          "Async Capable": false,
                                                          "Startup Cost": 34748.95,
                                                          "Total Cost": 34748.95,
                                                          "Plan Rows": 599895,
                                                          "Plan Width": 20,
                                                          "Plans": [
                                                            {
                                                              "Node Type": "Seq Scan",
                                                              "Parent Relationship": "Outer",
                                                              "Parallel Aware": true,
                                                              "Async Capable": false,
                                                              "Relation Name": "catalog_returns",
                                                              "Alias": "catalog_returns",
                                                              "Startup Cost": 0.0,
                                                              "Total Cost": 34748.95,
                                                              "Plan Rows": 599895,
                                                              "Plan Width": 20,
                                                              "parent": 38,
                                                              "ID": 39
                                                            }
                                                          ],
                                                          "parent": 33,
                                                          "ID": 38,
                                                          "left": 39
                                                        }
                                                      ],
                                                      "parent": 32,
                                                      "ID": 33,
                                                      "left": 34,
                                                      "right": 38
                                                    },
                                                    {
                                                      "Node Type": "Hash",
                                                      "Parent Relationship": "Inner",
                                                      "Parallel Aware": true,
                                                      "Async Capable": false,
                                                      "Startup Cost": 7495.25,
                                                      "Total Cost": 7495.25,
                                                      "Plan Rows": 2442,
                                                      "Plan Width": 4,
                                                      "Plans": [
                                                        {
                                                          "Node Type": "Seq Scan",
                                                          "Parent Relationship": "Outer",
                                                          "Parallel Aware": true,
                                                          "Async Capable": false,
                                                          "Relation Name": "item",
                                                          "Alias": "item_1",
                                                          "Startup Cost": 0.0,
                                                          "Total Cost": 7495.25,
                                                          "Plan Rows": 2442,
                                                          "Plan Width": 4,
                                                          "Filter": "(i_current_price > '50'::numeric)",
                                                          "parent": 40,
                                                          "ID": 41
                                                        }
                                                      ],
                                                      "parent": 32,
                                                      "ID": 40,
                                                      "left": 41
                                                    }
                                                  ],
                                                  "parent": 31,
                                                  "ID": 32,
                                                  "left": 33,
                                                  "right": 40
                                                },
                                                {
                                                  "Node Type": "Hash",
                                                  "Parent Relationship": "Inner",
                                                  "Parallel Aware": false,
                                                  "Async Capable": false,
                                                  "Startup Cost": 19.25,
                                                  "Total Cost": 19.25,
                                                  "Plan Rows": 492,
                                                  "Plan Width": 4,
                                                  "Plans": [
                                                    {
                                                      "Node Type": "Seq Scan",
                                                      "Parent Relationship": "Outer",
                                                      "Parallel Aware": false,
                                                      "Async Capable": false,
                                                      "Relation Name": "promotion",
                                                      "Alias": "promotion_1",
                                                      "Startup Cost": 0.0,
                                                      "Total Cost": 19.25,
                                                      "Plan Rows": 492,
                                                      "Plan Width": 4,
                                                      "Filter": "(p_channel_tv = 'N'::bpchar)",
                                                      "parent": 42,
                                                      "ID": 43
                                                    }
                                                  ],
                                                  "parent": 31,
                                                  "ID": 42,
                                                  "left": 43
                                                }
                                              ],
                                              "parent": 30,
                                              "ID": 31,
                                              "left": 32,
                                              "right": 42
                                            },
                                            {
                                              "Node Type": "Hash",
                                              "Parent Relationship": "Inner",
                                              "Parallel Aware": false,
                                              "Async Capable": false,
                                              "Startup Cost": 368.0,
                                              "Total Cost": 368.0,
                                              "Plan Rows": 12000,
                                              "Plan Width": 21,
                                              "Plans": [
                                                {
                                                  "Node Type": "Seq Scan",
                                                  "Parent Relationship": "Outer",
                                                  "Parallel Aware": false,
                                                  "Async Capable": false,
                                                  "Relation Name": "catalog_page",
                                                  "Alias": "catalog_page",
                                                  "Startup Cost": 0.0,
                                                  "Total Cost": 368.0,
                                                  "Plan Rows": 12000,
                                                  "Plan Width": 21,
                                                  "parent": 44,
                                                  "ID": 45
                                                }
                                              ],
                                              "parent": 30,
                                              "ID": 44,
                                              "left": 45
                                            }
                                          ],
                                          "parent": 29,
                                          "ID": 30,
                                          "left": 31,
                                          "right": 44
                                        }
                                      ],
                                      "parent": 28,
                                      "ID": 29,
                                      "left": 30
                                    }
                                  ],
                                  "parent": 27,
                                  "ID": 28,
                                  "left": 29
                                }
                              ],
                              "parent": 26,
                              "ID": 27,
                              "left": 28
                            }
                          ],
                          "parent": 25,
                          "ID": 26,
                          "left": 27
                        }
                      ],
                      "parent": 3,
                      "ID": 25,
                      "left": 26
                    },
                    {
                      "Node Type": "Subquery Scan",
                      "Parent Relationship": "Member",
                      "Parallel Aware": false,
                      "Async Capable": false,
                      "Alias": "wsr",
                      "Startup Cost": 263919.04,
                      "Total Cost": 263926.75,
                      "Plan Rows": 21,
                      "Plan Width": 160,
                      "Plans": [
                        {
                          "Node Type": "Aggregate",
                          "Strategy": "Sorted",
                          "Partial Mode": "Finalize",
                          "Parent Relationship": "Subquery",
                          "Parallel Aware": false,
                          "Async Capable": false,
                          "Startup Cost": 263919.04,
                          "Total Cost": 263926.43,
                          "Plan Rows": 21,
                          "Plan Width": 113,
                          "Group Key": [
                            "web_site.web_site_id"
                          ],
                          "Plans": [
                            {
                              "Node Type": "Gather Merge",
                              "Parent Relationship": "Outer",
                              "Parallel Aware": false,
                              "Async Capable": false,
                              "Startup Cost": 263919.04,
                              "Total Cost": 263925.33,
                              "Plan Rows": 42,
                              "Plan Width": 113,
                              "Workers Planned": 2,
                              "Plans": [
                                {
                                  "Node Type": "Aggregate",
                                  "Strategy": "Sorted",
                                  "Partial Mode": "Partial",
                                  "Parent Relationship": "Outer",
                                  "Parallel Aware": false,
                                  "Async Capable": false,
                                  "Startup Cost": 262919.01,
                                  "Total Cost": 262920.46,
                                  "Plan Rows": 21,
                                  "Plan Width": 113,
                                  "Group Key": [
                                    "web_site.web_site_id"
                                  ],
                                  "Plans": [
                                    {
                                      "Node Type": "Sort",
                                      "Parent Relationship": "Outer",
                                      "Parallel Aware": false,
                                      "Async Capable": false,
                                      "Startup Cost": 262919.01,
                                      "Total Cost": 262919.19,
                                      "Plan Rows": 72,
                                      "Plan Width": 41,
                                      "Sort Key": [
                                        "web_site.web_site_id"
                                      ],
                                      "Plans": [
                                        {
                                          "Node Type": "Hash Join",
                                          "Parent Relationship": "Outer",
                                          "Parallel Aware": false,
                                          "Async Capable": false,
                                          "Join Type": "Inner",
                                          "Startup Cost": 32134.74,
                                          "Total Cost": 262916.79,
                                          "Plan Rows": 72,
                                          "Plan Width": 41,
                                          "Inner Unique": false,
                                          "Hash Cond": "(web_sales.ws_web_site_sk = web_site.web_site_sk)",
                                          "Plans": [
                                            {
                                              "Node Type": "Hash Join",
                                              "Parent Relationship": "Outer",
                                              "Parallel Aware": false,
                                              "Async Capable": false,
                                              "Join Type": "Inner",
                                              "Startup Cost": 32130.8,
                                              "Total Cost": 262911.86,
                                              "Plan Rows": 72,
                                              "Plan Width": 28,
                                              "Inner Unique": false,
                                              "Hash Cond": "(web_sales.ws_promo_sk = promotion_2.p_promo_sk)",
                                              "Plans": [
                                                {
                                                  "Node Type": "Hash Join",
                                                  "Parent Relationship": "Outer",
                                                  "Parallel Aware": true,
                                                  "Async Capable": false,
                                                  "Join Type": "Inner",
                                                  "Startup Cost": 32105.4,
                                                  "Total Cost": 262885.46,
                                                  "Plan Rows": 73,
                                                  "Plan Width": 32,
                                                  "Inner Unique": false,
                                                  "Hash Cond": "(web_sales.ws_item_sk = item_2.i_item_sk)",
                                                  "Plans": [
                                                    {
                                                      "Node Type": "Hash Join",
                                                      "Parent Relationship": "Outer",
                                                      "Parallel Aware": true,
                                                      "Async Capable": false,
                                                      "Join Type": "Left",
                                                      "Startup Cost": 24579.62,
                                                      "Total Cost": 255354.62,
                                                      "Plan Rows": 1272,
                                                      "Plan Width": 36,
                                                      "Inner Unique": false,
                                                      "Hash Cond": "((web_sales.ws_item_sk = web_returns.wr_item_sk) AND (web_sales.ws_order_number = web_returns.wr_order_number))",
                                                      "Plans": [
                                                        {
                                                          "Node Type": "Hash Join",
                                                          "Parent Relationship": "Outer",
                                                          "Parallel Aware": true,
                                                          "Async Capable": false,
                                                          "Join Type": "Inner",
                                                          "Startup Cost": 2049.78,
                                                          "Total Cost": 231041.22,
                                                          "Plan Rows": 1272,
                                                          "Plan Width": 28,
                                                          "Inner Unique": false,
                                                          "Hash Cond": "(web_sales.ws_sold_date_sk = date_dim_2.d_date_sk)",
                                                          "Plans": [
                                                            {
                                                              "Node Type": "Seq Scan",
                                                              "Parent Relationship": "Outer",
                                                              "Parallel Aware": true,
                                                              "Async Capable": false,
                                                              "Relation Name": "web_sales",
                                                              "Alias": "web_sales",
                                                              "Startup Cost": 0.0,
                                                              "Total Cost": 217737.86,
                                                              "Plan Rows": 2998986,
                                                              "Plan Width": 32,
                                                              "parent": 55,
                                                              "ID": 56
                                                            },
                                                            {
                                                              "Node Type": "Hash",
                                                              "Parent Relationship": "Inner",
                                                              "Parallel Aware": true,
                                                              "Async Capable": false,
                                                              "Startup Cost": 2049.55,
                                                              "Total Cost": 2049.55,
                                                              "Plan Rows": 18,
                                                              "Plan Width": 4,
                                                              "Plans": [
                                                                {
                                                                  "Node Type": "Seq Scan",
                                                                  "Parent Relationship": "Outer",
                                                                  "Parallel Aware": true,
                                                                  "Async Capable": false,
                                                                  "Relation Name": "date_dim",
                                                                  "Alias": "date_dim_2",
                                                                  "Startup Cost": 0.0,
                                                                  "Total Cost": 2049.55,
                                                                  "Plan Rows": 18,
                                                                  "Plan Width": 4,
                                                                  "Filter": "((d_date >= '2000-08-02'::date) AND (d_date <= '2000-09-01 00:00:00'::timestamp without time zone))",
                                                                  "parent": 57,
                                                                  "ID": 58
                                                                }
                                                              ],
                                                              "parent": 55,
                                                              "ID": 57,
                                                              "left": 58
                                                            }
                                                          ],
                                                          "parent": 54,
                                                          "ID": 55,
                                                          "left": 56,
                                                          "right": 57
                                                        },
                                                        {
                                                          "Node Type": "Hash",
                                                          "Parent Relationship": "Inner",
                                                          "Parallel Aware": true,
                                                          "Async Capable": false,
                                                          "Startup Cost": 16278.74,
                                                          "Total Cost": 16278.74,
                                                          "Plan Rows": 299674,
                                                          "Plan Width": 20,
                                                          "Plans": [
                                                            {
                                                              "Node Type": "Seq Scan",
                                                              "Parent Relationship": "Outer",
                                                              "Parallel Aware": true,
                                                              "Async Capable": false,
                                                              "Relation Name": "web_returns",
                                                              "Alias": "web_returns",
                                                              "Startup Cost": 0.0,
                                                              "Total Cost": 16278.74,
                                                              "Plan Rows": 299674,
                                                              "Plan Width": 20,
                                                              "parent": 59,
                                                              "ID": 60
                                                            }
                                                          ],
                                                          "parent": 54,
                                                          "ID": 59,
                                                          "left": 60
                                                        }
                                                      ],
                                                      "parent": 53,
                                                      "ID": 54,
                                                      "left": 55,
                                                      "right": 59
                                                    },
                                                    {
                                                      "Node Type": "Hash",
                                                      "Parent Relationship": "Inner",
                                                      "Parallel Aware": true,
                                                      "Async Capable": false,
                                                      "Startup Cost": 7495.25,
                                                      "Total Cost": 7495.25,
                                                      "Plan Rows": 2442,
                                                      "Plan Width": 4,
                                                      "Plans": [
                                                        {
                                                          "Node Type": "Seq Scan",
                                                          "Parent Relationship": "Outer",
                                                          "Parallel Aware": true,
                                                          "Async Capable": false,
                                                          "Relation Name": "item",
                                                          "Alias": "item_2",
                                                          "Startup Cost": 0.0,
                                                          "Total Cost": 7495.25,
                                                          "Plan Rows": 2442,
                                                          "Plan Width": 4,
                                                          "Filter": "(i_current_price > '50'::numeric)",
                                                          "parent": 61,
                                                          "ID": 62
                                                        }
                                                      ],
                                                      "parent": 53,
                                                      "ID": 61,
                                                      "left": 62
                                                    }
                                                  ],
                                                  "parent": 52,
                                                  "ID": 53,
                                                  "left": 54,
                                                  "right": 61
                                                },
                                                {
                                                  "Node Type": "Hash",
                                                  "Parent Relationship": "Inner",
                                                  "Parallel Aware": false,
                                                  "Async Capable": false,
                                                  "Startup Cost": 19.25,
                                                  "Total Cost": 19.25,
                                                  "Plan Rows": 492,
                                                  "Plan Width": 4,
                                                  "Plans": [
                                                    {
                                                      "Node Type": "Seq Scan",
                                                      "Parent Relationship": "Outer",
                                                      "Parallel Aware": false,
                                                      "Async Capable": false,
                                                      "Relation Name": "promotion",
                                                      "Alias": "promotion_2",
                                                      "Startup Cost": 0.0,
                                                      "Total Cost": 19.25,
                                                      "Plan Rows": 492,
                                                      "Plan Width": 4,
                                                      "Filter": "(p_channel_tv = 'N'::bpchar)",
                                                      "parent": 63,
                                                      "ID": 64
                                                    }
                                                  ],
                                                  "parent": 52,
                                                  "ID": 63,
                                                  "left": 64
                                                }
                                              ],
                                              "parent": 51,
                                              "ID": 52,
                                              "left": 53,
                                              "right": 63
                                            },
                                            {
                                              "Node Type": "Hash",
                                              "Parent Relationship": "Inner",
                                              "Parallel Aware": false,
                                              "Async Capable": false,
                                              "Startup Cost": 3.42,
                                              "Total Cost": 3.42,
                                              "Plan Rows": 42,
                                              "Plan Width": 21,
                                              "Plans": [
                                                {
                                                  "Node Type": "Seq Scan",
                                                  "Parent Relationship": "Outer",
                                                  "Parallel Aware": false,
                                                  "Async Capable": false,
                                                  "Relation Name": "web_site",
                                                  "Alias": "web_site",
                                                  "Startup Cost": 0.0,
                                                  "Total Cost": 3.42,
                                                  "Plan Rows": 42,
                                                  "Plan Width": 21,
                                                  "parent": 65,
                                                  "ID": 66
                                                }
                                              ],
                                              "parent": 51,
                                              "ID": 65,
                                              "left": 66
                                            }
                                          ],
                                          "parent": 50,
                                          "ID": 51,
                                          "left": 52,
                                          "right": 65
                                        }
                                      ],
                                      "parent": 49,
                                      "ID": 50,
                                      "left": 51
                                    }
                                  ],
                                  "parent": 48,
                                  "ID": 49,
                                  "left": 50
                                }
                              ],
                              "parent": 47,
                              "ID": 48,
                              "left": 49
                            }
                          ],
                          "parent": 46,
                          "ID": 47,
                          "left": 48
                        }
                      ],
                      "parent": 3,
                      "ID": 46,
                      "left": 47
                    }
                  ],
                  "parent": 2,
                  "ID": 3,
                  "left": 4,
                  "right": 25
                }
              ],
              "parent": 1,
              "ID": 2,
              "left": 3
            }
          ],
          "parent": 0,
          "ID": 1,
          "left": 2
        }
      ],
      "parent": null,
      "ID": 0,
      "left": 1
    },
    "feat": {
      "utility": 6.516656104480737e-06,
      "query_shape": [
        [
          "Seq Scan",
          "Hash Join",
          "Sort",
          "Aggregate",
          "Gather Merge",
          "Subquery Scan",
          "Append"
        ],
        [
          "Seq Scan",
          "Hash",
          "Hash Join",
          "Sort",
          "Aggregate",
          "Gather Merge",
          "Subquery Scan",
          "Append"
        ],
        [
          "Seq Scan",
          "Hash",
          "Hash Join",
          "Sort",
          "Aggregate",
          "Gather Merge",
          "Subquery Scan",
          "Append"
        ],
        [
          "Seq Scan",
          "Hash",
          "Hash Join",
          "Sort",
          "Aggregate",
          "Gather Merge",
          "Subquery Scan",
          "Append"
        ],
        [
          "Seq Scan",
          "Hash",
          "Hash Join",
          "Sort",
          "Aggregate",
          "Gather Merge",
          "Subquery Scan",
          "Append"
        ],
        [
          "Seq Scan",
          "Hash",
          "Hash Join",
          "Sort",
          "Aggregate",
          "Gather Merge",
          "Subquery Scan",
          "Append"
        ],
        [
          "Seq Scan",
          "Hash Join",
          "Sort",
          "Aggregate",
          "Gather Merge",
          "Subquery Scan",
          "Append"
        ],
        [
          "Seq Scan",
          "Hash",
          "Hash Join",
          "Sort",
          "Aggregate",
          "Gather Merge",
          "Subquery Scan",
          "Append"
        ],
        [
          "Seq Scan",
          "Hash",
          "Hash Join",
          "Sort",
          "Aggregate",
          "Gather Merge",
          "Subquery Scan",
          "Append"
        ],
        [
          "Seq Scan",
          "Hash",
          "Hash Join",
          "Sort",
          "Aggregate",
          "Gather Merge",
          "Subquery Scan",
          "Append"
        ],
        [
          "Seq Scan",
          "Hash",
          "Hash Join",
          "Sort",
          "Aggregate",
          "Gather Merge",
          "Subquery Scan",
          "Append"
        ],
        [
          "Seq Scan",
          "Hash",
          "Hash Join",
          "Sort",
          "Aggregate",
          "Gather Merge",
          "Subquery Scan",
          "Append"
        ],
        [
          "Seq Scan",
          "Hash Join",
          "Sort",
          "Aggregate",
          "Gather Merge",
          "Subquery Scan",
          "Append"
        ],
        [
          "Seq Scan",
          "Hash",
          "Hash Join",
          "Sort",
          "Aggregate",
          "Gather Merge",
          "Subquery Scan",
          "Append"
        ],
        [
          "Seq Scan",
          "Hash",
          "Hash Join",
          "Sort",
          "Aggregate",
          "Gather Merge",
          "Subquery Scan",
          "Append"
        ],
        [
          "Seq Scan",
          "Hash",
          "Hash Join",
          "Sort",
          "Aggregate",
          "Gather Merge",
          "Subquery Scan",
          "Append"
        ],
        [
          "Seq Scan",
          "Hash",
          "Hash Join",
          "Sort",
          "Aggregate",
          "Gather Merge",
          "Subquery Scan",
          "Append"
        ],
        [
          "Seq Scan",
          "Hash",
          "Hash Join",
          "Sort",
          "Aggregate",
          "Gather Merge",
          "Subquery Scan",
          "Append"
        ]
      ],
      "index_shape": [
        "join"
      ],
      "physical_operator": {
        "Hash Join": [
          0.004848541723208141,
          0.004842608061235092,
          0.004847803909657007
        ]
      }
    }
  },
  {
    "query": "with ssr as\n (select  s_store_id as store_id,\n          sum(ss_ext_sales_price) as sales,\n          sum(coalesce(sr_return_amt, 0)) as returns,\n          sum(ss_net_profit - coalesce(sr_net_loss, 0)) as profit\n  from store_sales left outer join store_returns on\n         (ss_item_sk = sr_item_sk and ss_ticket_number = sr_ticket_number),\n     date_dim,\n     store,\n     item,\n     promotion\n where ss_sold_date_sk = d_date_sk\n       and d_date between cast('2000-08-02' as date) \n                  and (cast('2000-08-02' as date) +  interval '30 days')\n       and ss_store_sk = s_store_sk\n       and ss_item_sk = i_item_sk\n       and i_current_price > 50\n       and ss_promo_sk = p_promo_sk\n       and p_channel_tv = 'N'\n group by s_store_id)\n ,\n csr as\n (select  cp_catalog_page_id as catalog_page_id,\n          sum(cs_ext_sales_price) as sales,\n          sum(coalesce(cr_return_amount, 0)) as returns,\n          sum(cs_net_profit - coalesce(cr_net_loss, 0)) as profit\n  from catalog_sales left outer join catalog_returns on\n         (cs_item_sk = cr_item_sk and cs_order_number = cr_order_number),\n     date_dim,\n     catalog_page,\n     item,\n     promotion\n where cs_sold_date_sk = d_date_sk\n       and d_date between cast('2000-08-02' as date)\n                  and (cast('2000-08-02' as date) +  interval '30 days')\n        and cs_catalog_page_sk = cp_catalog_page_sk\n       and cs_item_sk = i_item_sk\n       and i_current_price > 50\n       and cs_promo_sk = p_promo_sk\n       and p_channel_tv = 'N'\ngroup by cp_catalog_page_id)\n ,\n wsr as\n (select  web_site_id,\n          sum(ws_ext_sales_price) as sales,\n          sum(coalesce(wr_return_amt, 0)) as returns,\n          sum(ws_net_profit - coalesce(wr_net_loss, 0)) as profit\n  from web_sales left outer join web_returns on\n         (ws_item_sk = wr_item_sk and ws_order_number = wr_order_number),\n     date_dim,\n     web_site,\n     item,\n     promotion\n where ws_sold_date_sk = d_date_sk\n       and d_date between cast('2000-08-02' as date)\n                  and (cast('2000-08-02' as date) +  interval '30 days')\n        and ws_web_site_sk = web_site_sk\n       and ws_item_sk = i_item_sk\n       and i_current_price > 50\n       and ws_promo_sk = p_promo_sk\n       and p_channel_tv = 'N'\ngroup by web_site_id)\n  select  channel\n        , id\n        , sum(sales) as sales\n        , sum(returns) as returns\n        , sum(profit) as profit\n from \n (select 'store channel' as channel\n        , 'store' || store_id as id\n        , sales\n        , returns\n        , profit\n from   ssr\n union all\n select 'catalog channel' as channel\n        , 'catalog_page' || catalog_page_id as id\n        , sales\n        , returns\n        , profit\n from  csr\n union all\n select 'web channel' as channel\n        , 'web_site' || web_site_id as id\n        , sales\n        , returns\n        , profit\n from   wsr\n ) x\n group by rollup (channel, id)\n order by channel\n         ,id\n limit 100;\n\n-- end query 61 in stream 4 using template query80.tpl\n",
    "indexes": "item.i_current_price",
    "wo plan est": {
      "Node Type": "Limit",
      "Parallel Aware": false,
      "Async Capable": false,
      "Startup Cost": 1566793.64,
      "Total Cost": 1566796.93,
      "Plan Rows": 100,
      "Plan Width": 160,
      "Plans": [
        {
          "Node Type": "Aggregate",
          "Strategy": "Sorted",
          "Partial Mode": "Simple",
          "Parent Relationship": "Outer",
          "Parallel Aware": false,
          "Async Capable": false,
          "Startup Cost": 1566793.64,
          "Total Cost": 1566806.84,
          "Plan Rows": 401,
          "Plan Width": 160,
          "Grouping Sets": [
            {
              "Group Keys": [
                [
                  "('store channel'::text)",
                  "(('store'::text || (ssr.store_id)::text))"
                ],
                [
                  "('store channel'::text)"
                ],
                []
              ]
            }
          ],
          "Plans": [
            {
              "Node Type": "Sort",
              "Parent Relationship": "Outer",
              "Parallel Aware": false,
              "Async Capable": false,
              "Startup Cost": 1566793.64,
              "Total Cost": 1566794.67,
              "Plan Rows": 412,
              "Plan Width": 160,
              "Sort Key": [
                "('store channel'::text)",
                "(('store'::text || (ssr.store_id)::text))"
              ],
              "Plans": [
                {
                  "Node Type": "Append",
                  "Parent Relationship": "Outer",
                  "Parallel Aware": false,
                  "Async Capable": false,
                  "Startup Cost": 784596.3,
                  "Total Cost": 1566775.74,
                  "Plan Rows": 412,
                  "Plan Width": 160,
                  "Subplans Removed": 0,
                  "Plans": [
                    {
                      "Node Type": "Subquery Scan",
                      "Parent Relationship": "Member",
                      "Parallel Aware": false,
                      "Async Capable": false,
                      "Alias": "ssr",
                      "Startup Cost": 784596.3,
                      "Total Cost": 784616.16,
                      "Plan Rows": 51,
                      "Plan Width": 160,
                      "Plans": [
                        {
                          "Node Type": "Aggregate",
                          "Strategy": "Sorted",
                          "Partial Mode": "Finalize",
                          "Parent Relationship": "Subquery",
                          "Parallel Aware": false,
                          "Async Capable": false,
                          "Startup Cost": 784596.3,
                          "Total Cost": 784615.39,
                          "Plan Rows": 51,
                          "Plan Width": 113,
                          "Group Key": [
                            "store.s_store_id"
                          ],
                          "Plans": [
                            {
                              "Node Type": "Gather Merge",
                              "Parent Relationship": "Outer",
                              "Parallel Aware": false,
                              "Async Capable": false,
                              "Startup Cost": 784596.3,
                              "Total Cost": 784612.71,
                              "Plan Rows": 102,
                              "Plan Width": 113,
                              "Workers Planned": 2,
                              "Plans": [
                                {
                                  "Node Type": "Aggregate",
                                  "Strategy": "Sorted",
                                  "Partial Mode": "Partial",
                                  "Parent Relationship": "Outer",
                                  "Parallel Aware": false,
                                  "Async Capable": false,
                                  "Startup Cost": 783596.27,
                                  "Total Cost": 783600.92,
                                  "Plan Rows": 51,
                                  "Plan Width": 113,
                                  "Group Key": [
                                    "store.s_store_id"
                                  ],
                                  "Plans": [
                                    {
                                      "Node Type": "Sort",
                                      "Parent Relationship": "Outer",
                                      "Parallel Aware": false,
                                      "Async Capable": false,
                                      "Startup Cost": 783596.27,
                                      "Total Cost": 783596.9,
                                      "Plan Rows": 250,
                                      "Plan Width": 41,
                                      "Sort Key": [
                                        "store.s_store_id"
                                      ],
                                      "Plans": [
                                        {
                                          "Node Type": "Hash Join",
                                          "Parent Relationship": "Outer",
                                          "Parallel Aware": false,
                                          "Async Capable": false,
                                          "Join Type": "Inner",
                                          "Startup Cost": 94489.35,
                                          "Total Cost": 783586.32,
                                          "Plan Rows": 250,
                                          "Plan Width": 41,
                                          "Inner Unique": false,
                                          "Hash Cond": "(store_sales.ss_store_sk = store.s_store_sk)",
                                          "Plans": [
                                            {
                                              "Node Type": "Hash Join",
                                              "Parent Relationship": "Outer",
                                              "Parallel Aware": false,
                                              "Async Capable": false,
                                              "Join Type": "Inner",
                                              "Startup Cost": 94482.05,
                                              "Total Cost": 783575.54,
                                              "Plan Rows": 262,
                                              "Plan Width": 28,
                                              "Inner Unique": false,
                                              "Hash Cond": "(store_sales.ss_promo_sk = promotion.p_promo_sk)",
                                              "Plans": [
                                                {
                                                  "Node Type": "Hash Join",
                                                  "Parent Relationship": "Outer",
                                                  "Parallel Aware": true,
                                                  "Async Capable": false,
                                                  "Join Type": "Inner",
                                                  "Startup Cost": 94456.65,
                                                  "Total Cost": 783546.47,
                                                  "Plan Rows": 279,
                                                  "Plan Width": 32,
                                                  "Inner Unique": false,
                                                  "Hash Cond": "(store_sales.ss_item_sk = item.i_item_sk)",
                                                  "Plans": [
                                                    {
                                                      "Node Type": "Hash Join",
                                                      "Parent Relationship": "Outer",
                                                      "Parallel Aware": true,
                                                      "Async Capable": false,
                                                      "Join Type": "Left",
                                                      "Startup Cost": 86930.88,
                                                      "Total Cost": 776001.31,
                                                      "Plan Rows": 4860,
                                                      "Plan Width": 36,
                                                      "Inner Unique": false,
                                                      "Hash Cond": "((store_sales.ss_item_sk = store_returns.sr_item_sk) AND (store_sales.ss_ticket_number = store_returns.sr_ticket_number))",
                                                      "Plans": [
                                                        {
                                                          "Node Type": "Hash Join",
                                                          "Parent Relationship": "Outer",
                                                          "Parallel Aware": true,
                                                          "Async Capable": false,
                                                          "Join Type": "Inner",
                                                          "Startup Cost": 2049.78,
                                                          "Total Cost": 683994.75,
                                                          "Plan Rows": 4860,
                                                          "Plan Width": 28,
                                                          "Inner Unique": false,
                                                          "Hash Cond": "(store_sales.ss_sold_date_sk = date_dim.d_date_sk)",
                                                          "Plans": [
                                                            {
                                                              "Node Type": "Seq Scan",
                                                              "Parent Relationship": "Outer",
                                                              "Parallel Aware": true,
                                                              "Async Capable": false,
                                                              "Relation Name": "store_sales",
                                                              "Alias": "store_sales",
                                                              "Startup Cost": 0.0,
                                                              "Total Cost": 636914.37,
                                                              "Plan Rows": 12000637,
                                                              "Plan Width": 32,
                                                              "parent": 13,
                                                              "ID": 14
                                                            },
                                                            {
                                                              "Node Type": "Hash",
                                                              "Parent Relationship": "Inner",
                                                              "Parallel Aware": true,
                                                              "Async Capable": false,
                                                              "Startup Cost": 2049.55,
                                                              "Total Cost": 2049.55,
                                                              "Plan Rows": 18,
                                                              "Plan Width": 4,
                                                              "Plans": [
                                                                {
                                                                  "Node Type": "Seq Scan",
                                                                  "Parent Relationship": "Outer",
                                                                  "Parallel Aware": true,
                                                                  "Async Capable": false,
                                                                  "Relation Name": "date_dim",
                                                                  "Alias": "date_dim",
                                                                  "Startup Cost": 0.0,
                                                                  "Total Cost": 2049.55,
                                                                  "Plan Rows": 18,
                                                                  "Plan Width": 4,
                                                                  "Filter": "((d_date >= '2000-08-02'::date) AND (d_date <= '2000-09-01 00:00:00'::timestamp without time zone))",
                                                                  "parent": 15,
                                                                  "ID": 16
                                                                }
                                                              ],
                                                              "parent": 13,
                                                              "ID": 15,
                                                              "left": 16
                                                            }
                                                          ],
                                                          "parent": 12,
                                                          "ID": 13,
                                                          "left": 14,
                                                          "right": 15
                                                        },
                                                        {
                                                          "Node Type": "Hash",
                                                          "Parent Relationship": "Inner",
                                                          "Parallel Aware": true,
                                                          "Async Capable": false,
                                                          "Startup Cost": 59887.64,
                                                          "Total Cost": 59887.64,
                                                          "Plan Rows": 1198164,
                                                          "Plan Width": 20,
                                                          "Plans": [
                                                            {
                                                              "Node Type": "Seq Scan",
                                                              "Parent Relationship": "Outer",
                                                              "Parallel Aware": true,
                                                              "Async Capable": false,
                                                              "Relation Name": "store_returns",
                                                              "Alias": "store_returns",
                                                              "Startup Cost": 0.0,
                                                              "Total Cost": 59887.64,
                                                              "Plan Rows": 1198164,
                                                              "Plan Width": 20,
                                                              "parent": 17,
                                                              "ID": 18
                                                            }
                                                          ],
                                                          "parent": 12,
                                                          "ID": 17,
                                                          "left": 18
                                                        }
                                                      ],
                                                      "parent": 11,
                                                      "ID": 12,
                                                      "left": 13,
                                                      "right": 17
                                                    },
                                                    {
                                                      "Node Type": "Hash",
                                                      "Parent Relationship": "Inner",
                                                      "Parallel Aware": true,
                                                      "Async Capable": false,
                                                      "Startup Cost": 7495.25,
                                                      "Total Cost": 7495.25,
                                                      "Plan Rows": 2442,
                                                      "Plan Width": 4,
                                                      "Plans": [
                                                        {
                                                          "Node Type": "Seq Scan",
                                                          "Parent Relationship": "Outer",
                                                          "Parallel Aware": true,
                                                          "Async Capable": false,
                                                          "Relation Name": "item",
                                                          "Alias": "item",
                                                          "Startup Cost": 0.0,
                                                          "Total Cost": 7495.25,
                                                          "Plan Rows": 2442,
                                                          "Plan Width": 4,
                                                          "Filter": "(i_current_price > '50'::numeric)",
                                                          "parent": 19,
                                                          "ID": 20
                                                        }
                                                      ],
                                                      "parent": 11,
                                                      "ID": 19,
                                                      "left": 20
                                                    }
                                                  ],
                                                  "parent": 10,
                                                  "ID": 11,
                                                  "left": 12,
                                                  "right": 19
                                                },
                                                {
                                                  "Node Type": "Hash",
                                                  "Parent Relationship": "Inner",
                                                  "Parallel Aware": false,
                                                  "Async Capable": false,
                                                  "Startup Cost": 19.25,
                                                  "Total Cost": 19.25,
                                                  "Plan Rows": 492,
                                                  "Plan Width": 4,
                                                  "Plans": [
                                                    {
                                                      "Node Type": "Seq Scan",
                                                      "Parent Relationship": "Outer",
                                                      "Parallel Aware": false,
                                                      "Async Capable": false,
                                                      "Relation Name": "promotion",
                                                      "Alias": "promotion",
                                                      "Startup Cost": 0.0,
                                                      "Total Cost": 19.25,
                                                      "Plan Rows": 492,
                                                      "Plan Width": 4,
                                                      "Filter": "(p_channel_tv = 'N'::bpchar)",
                                                      "parent": 21,
                                                      "ID": 22
                                                    }
                                                  ],
                                                  "parent": 10,
                                                  "ID": 21,
                                                  "left": 22
                                                }
                                              ],
                                              "parent": 9,
                                              "ID": 10,
                                              "left": 11,
                                              "right": 21
                                            },
                                            {
                                              "Node Type": "Hash",
                                              "Parent Relationship": "Inner",
                                              "Parallel Aware": false,
                                              "Async Capable": false,
                                              "Startup Cost": 6.02,
                                              "Total Cost": 6.02,
                                              "Plan Rows": 102,
                                              "Plan Width": 21,
                                              "Plans": [
                                                {
                                                  "Node Type": "Seq Scan",
                                                  "Parent Relationship": "Outer",
                                                  "Parallel Aware": false,
                                                  "Async Capable": false,
                                                  "Relation Name": "store",
                                                  "Alias": "store",
                                                  "Startup Cost": 0.0,
                                                  "Total Cost": 6.02,
                                                  "Plan Rows": 102,
                                                  "Plan Width": 21,
                                                  "parent": 23,
                                                  "ID": 24
                                                }
                                              ],
                                              "parent": 9,
                                              "ID": 23,
                                              "left": 24
                                            }
                                          ],
                                          "parent": 8,
                                          "ID": 9,
                                          "left": 10,
                                          "right": 23
                                        }
                                      ],
                                      "parent": 7,
                                      "ID": 8,
                                      "left": 9
                                    }
                                  ],
                                  "parent": 6,
                                  "ID": 7,
                                  "left": 8
                                }
                              ],
                              "parent": 5,
                              "ID": 6,
                              "left": 7
                            }
                          ],
                          "parent": 4,
                          "ID": 5,
                          "left": 6
                        }
                      ],
                      "parent": 3,
                      "ID": 4,
                      "left": 5
                    },
                    {
                      "Node Type": "Subquery Scan",
                      "Parent Relationship": "Member",
                      "Parallel Aware": false,
                      "Async Capable": false,
                      "Alias": "csr",
                      "Startup Cost": 518177.36,
                      "Total Cost": 518230.78,
                      "Plan Rows": 340,
                      "Plan Width": 160,
                      "Plans": [
                        {
                          "Node Type": "Aggregate",
                          "Strategy": "Sorted",
                          "Partial Mode": "Finalize",
                          "Parent Relationship": "Subquery",
                          "Parallel Aware": false,
                          "Async Capable": false,
                          "Startup Cost": 518177.36,
                          "Total Cost": 518225.68,
                          "Plan Rows": 340,
                          "Plan Width": 113,
                          "Group Key": [
                            "catalog_page.cp_catalog_page_id"
                          ],
                          "Plans": [
                            {
                              "Node Type": "Gather Merge",
                              "Parent Relationship": "Outer",
                              "Parallel Aware": false,
                              "Async Capable": false,
                              "Startup Cost": 518177.36,
                              "Total Cost": 518214.76,
                              "Plan Rows": 284,
                              "Plan Width": 113,
                              "Workers Planned": 2,
                              "Plans": [
                                {
                                  "Node Type": "Aggregate",
                                  "Strategy": "Sorted",
                                  "Partial Mode": "Partial",
                                  "Parent Relationship": "Outer",
                                  "Parallel Aware": false,
                                  "Async Capable": false,
                                  "Startup Cost": 517177.34,
                                  "Total Cost": 517181.95,
                                  "Plan Rows": 142,
                                  "Plan Width": 113,
                                  "Group Key": [
                                    "catalog_page.cp_catalog_page_id"
                                  ],
                                  "Plans": [
                                    {
                                      "Node Type": "Sort",
                                      "Parent Relationship": "Outer",
                                      "Parallel Aware": false,
                                      "Async Capable": false,
                                      "Startup Cost": 517177.34,
                                      "Total Cost": 517177.69,
                                      "Plan Rows": 142,
                                      "Plan Width": 41,
                                      "Sort Key": [
                                        "catalog_page.cp_catalog_page_id"
                                      ],
                                      "Plans": [
                                        {
                                          "Node Type": "Hash Join",
                                          "Parent Relationship": "Outer",
                                          "Parallel Aware": false,
                                          "Async Capable": false,
                                          "Join Type": "Inner",
                                          "Startup Cost": 57382.33,
                                          "Total Cost": 517172.26,
                                          "Plan Rows": 142,
                                          "Plan Width": 41,
                                          "Inner Unique": false,
                                          "Hash Cond": "(catalog_sales.cs_catalog_page_sk = catalog_page.cp_catalog_page_sk)",
                                          "Plans": [
                                            {
                                              "Node Type": "Hash Join",
                                              "Parent Relationship": "Outer",
                                              "Parallel Aware": false,
                                              "Async Capable": false,
                                              "Join Type": "Inner",
                                              "Startup Cost": 56864.33,
                                              "Total Cost": 516652.32,
                                              "Plan Rows": 142,
                                              "Plan Width": 28,
                                              "Inner Unique": false,
                                              "Hash Cond": "(catalog_sales.cs_promo_sk = promotion_1.p_promo_sk)",
                                              "Plans": [
                                                {
                                                  "Node Type": "Hash Join",
                                                  "Parent Relationship": "Outer",
                                                  "Parallel Aware": true,
                                                  "Async Capable": false,
                                                  "Join Type": "Inner",
                                                  "Startup Cost": 56838.93,
                                                  "Total Cost": 516624.96,
                                                  "Plan Rows": 145,
                                                  "Plan Width": 32,
                                                  "Inner Unique": false,
                                                  "Hash Cond": "(catalog_sales.cs_item_sk = item_1.i_item_sk)",
                                                  "Plans": [
                                                    {
                                                      "Node Type": "Hash Join",
                                                      "Parent Relationship": "Outer",
                                                      "Parallel Aware": true,
                                                      "Async Capable": false,
                                                      "Join Type": "Left",
                                                      "Startup Cost": 49313.15,
                                                      "Total Cost": 509089.08,
                                                      "Plan Rows": 2532,
                                                      "Plan Width": 36,
                                                      "Inner Unique": false,
                                                      "Hash Cond": "((catalog_sales.cs_item_sk = catalog_returns.cr_item_sk) AND (catalog_sales.cs_order_number = catalog_returns.cr_order_number))",
                                                      "Plans": [
                                                        {
                                                          "Node Type": "Hash Join",
                                                          "Parent Relationship": "Outer",
                                                          "Parallel Aware": true,
                                                          "Async Capable": false,
                                                          "Join Type": "Inner",
                                                          "Startup Cost": 2049.78,
                                                          "Total Cost": 458254.7,
                                                          "Plan Rows": 2532,
                                                          "Plan Width": 28,
                                                          "Inner Unique": false,
                                                          "Hash Cond": "(catalog_sales.cs_sold_date_sk = date_dim_1.d_date_sk)",
                                                          "Plans": [
                                                            {
                                                              "Node Type": "Seq Scan",
                                                              "Parent Relationship": "Outer",
                                                              "Parallel Aware": true,
                                                              "Async Capable": false,
                                                              "Relation Name": "catalog_sales",
                                                              "Alias": "catalog_sales",
                                                              "Startup Cost": 0.0,
                                                              "Total Cost": 433688.25,
                                                              "Plan Rows": 6000525,
                                                              "Plan Width": 32,
                                                              "parent": 34,
                                                              "ID": 35
                                                            },
                                                            {
                                                              "Node Type": "Hash",
                                                              "Parent Relationship": "Inner",
                                                              "Parallel Aware": true,
                                                              "Async Capable": false,
                                                              "Startup Cost": 2049.55,
                                                              "Total Cost": 2049.55,
                                                              "Plan Rows": 18,
                                                              "Plan Width": 4,
                                                              "Plans": [
                                                                {
                                                                  "Node Type": "Seq Scan",
                                                                  "Parent Relationship": "Outer",
                                                                  "Parallel Aware": true,
                                                                  "Async Capable": false,
                                                                  "Relation Name": "date_dim",
                                                                  "Alias": "date_dim_1",
                                                                  "Startup Cost": 0.0,
                                                                  "Total Cost": 2049.55,
                                                                  "Plan Rows": 18,
                                                                  "Plan Width": 4,
                                                                  "Filter": "((d_date >= '2000-08-02'::date) AND (d_date <= '2000-09-01 00:00:00'::timestamp without time zone))",
                                                                  "parent": 36,
                                                                  "ID": 37
                                                                }
                                                              ],
                                                              "parent": 34,
                                                              "ID": 36,
                                                              "left": 37
                                                            }
                                                          ],
                                                          "parent": 33,
                                                          "ID": 34,
                                                          "left": 35,
                                                          "right": 36
                                                        },
                                                        {
                                                          "Node Type": "Hash",
                                                          "Parent Relationship": "Inner",
                                                          "Parallel Aware": true,
                                                          "Async Capable": false,
                                                          "Startup Cost": 34748.95,
                                                          "Total Cost": 34748.95,
                                                          "Plan Rows": 599895,
                                                          "Plan Width": 20,
                                                          "Plans": [
                                                            {
                                                              "Node Type": "Seq Scan",
                                                              "Parent Relationship": "Outer",
                                                              "Parallel Aware": true,
                                                              "Async Capable": false,
                                                              "Relation Name": "catalog_returns",
                                                              "Alias": "catalog_returns",
                                                              "Startup Cost": 0.0,
                                                              "Total Cost": 34748.95,
                                                              "Plan Rows": 599895,
                                                              "Plan Width": 20,
                                                              "parent": 38,
                                                              "ID": 39
                                                            }
                                                          ],
                                                          "parent": 33,
                                                          "ID": 38,
                                                          "left": 39
                                                        }
                                                      ],
                                                      "parent": 32,
                                                      "ID": 33,
                                                      "left": 34,
                                                      "right": 38
                                                    },
                                                    {
                                                      "Node Type": "Hash",
                                                      "Parent Relationship": "Inner",
                                                      "Parallel Aware": true,
                                                      "Async Capable": false,
                                                      "Startup Cost": 7495.25,
                                                      "Total Cost": 7495.25,
                                                      "Plan Rows": 2442,
                                                      "Plan Width": 4,
                                                      "Plans": [
                                                        {
                                                          "Node Type": "Seq Scan",
                                                          "Parent Relationship": "Outer",
                                                          "Parallel Aware": true,
                                                          "Async Capable": false,
                                                          "Relation Name": "item",
                                                          "Alias": "item_1",
                                                          "Startup Cost": 0.0,
                                                          "Total Cost": 7495.25,
                                                          "Plan Rows": 2442,
                                                          "Plan Width": 4,
                                                          "Filter": "(i_current_price > '50'::numeric)",
                                                          "parent": 40,
                                                          "ID": 41
                                                        }
                                                      ],
                                                      "parent": 32,
                                                      "ID": 40,
                                                      "left": 41
                                                    }
                                                  ],
                                                  "parent": 31,
                                                  "ID": 32,
                                                  "left": 33,
                                                  "right": 40
                                                },
                                                {
                                                  "Node Type": "Hash",
                                                  "Parent Relationship": "Inner",
                                                  "Parallel Aware": false,
                                                  "Async Capable": false,
                                                  "Startup Cost": 19.25,
                                                  "Total Cost": 19.25,
                                                  "Plan Rows": 492,
                                                  "Plan Width": 4,
                                                  "Plans": [
                                                    {
                                                      "Node Type": "Seq Scan",
                                                      "Parent Relationship": "Outer",
                                                      "Parallel Aware": false,
                                                      "Async Capable": false,
                                                      "Relation Name": "promotion",
                                                      "Alias": "promotion_1",
                                                      "Startup Cost": 0.0,
                                                      "Total Cost": 19.25,
                                                      "Plan Rows": 492,
                                                      "Plan Width": 4,
                                                      "Filter": "(p_channel_tv = 'N'::bpchar)",
                                                      "parent": 42,
                                                      "ID": 43
                                                    }
                                                  ],
                                                  "parent": 31,
                                                  "ID": 42,
                                                  "left": 43
                                                }
                                              ],
                                              "parent": 30,
                                              "ID": 31,
                                              "left": 32,
                                              "right": 42
                                            },
                                            {
                                              "Node Type": "Hash",
                                              "Parent Relationship": "Inner",
                                              "Parallel Aware": false,
                                              "Async Capable": false,
                                              "Startup Cost": 368.0,
                                              "Total Cost": 368.0,
                                              "Plan Rows": 12000,
                                              "Plan Width": 21,
                                              "Plans": [
                                                {
                                                  "Node Type": "Seq Scan",
                                                  "Parent Relationship": "Outer",
                                                  "Parallel Aware": false,
                                                  "Async Capable": false,
                                                  "Relation Name": "catalog_page",
                                                  "Alias": "catalog_page",
                                                  "Startup Cost": 0.0,
                                                  "Total Cost": 368.0,
                                                  "Plan Rows": 12000,
                                                  "Plan Width": 21,
                                                  "parent": 44,
                                                  "ID": 45
                                                }
                                              ],
                                              "parent": 30,
                                              "ID": 44,
                                              "left": 45
                                            }
                                          ],
                                          "parent": 29,
                                          "ID": 30,
                                          "left": 31,
                                          "right": 44
                                        }
                                      ],
                                      "parent": 28,
                                      "ID": 29,
                                      "left": 30
                                    }
                                  ],
                                  "parent": 27,
                                  "ID": 28,
                                  "left": 29
                                }
                              ],
                              "parent": 26,
                              "ID": 27,
                              "left": 28
                            }
                          ],
                          "parent": 25,
                          "ID": 26,
                          "left": 27
                        }
                      ],
                      "parent": 3,
                      "ID": 25,
                      "left": 26
                    },
                    {
                      "Node Type": "Subquery Scan",
                      "Parent Relationship": "Member",
                      "Parallel Aware": false,
                      "Async Capable": false,
                      "Alias": "wsr",
                      "Startup Cost": 263919.04,
                      "Total Cost": 263926.75,
                      "Plan Rows": 21,
                      "Plan Width": 160,
                      "Plans": [
                        {
                          "Node Type": "Aggregate",
                          "Strategy": "Sorted",
                          "Partial Mode": "Finalize",
                          "Parent Relationship": "Subquery",
                          "Parallel Aware": false,
                          "Async Capable": false,
                          "Startup Cost": 263919.04,
                          "Total Cost": 263926.43,
                          "Plan Rows": 21,
                          "Plan Width": 113,
                          "Group Key": [
                            "web_site.web_site_id"
                          ],
                          "Plans": [
                            {
                              "Node Type": "Gather Merge",
                              "Parent Relationship": "Outer",
                              "Parallel Aware": false,
                              "Async Capable": false,
                              "Startup Cost": 263919.04,
                              "Total Cost": 263925.33,
                              "Plan Rows": 42,
                              "Plan Width": 113,
                              "Workers Planned": 2,
                              "Plans": [
                                {
                                  "Node Type": "Aggregate",
                                  "Strategy": "Sorted",
                                  "Partial Mode": "Partial",
                                  "Parent Relationship": "Outer",
                                  "Parallel Aware": false,
                                  "Async Capable": false,
                                  "Startup Cost": 262919.01,
                                  "Total Cost": 262920.46,
                                  "Plan Rows": 21,
                                  "Plan Width": 113,
                                  "Group Key": [
                                    "web_site.web_site_id"
                                  ],
                                  "Plans": [
                                    {
                                      "Node Type": "Sort",
                                      "Parent Relationship": "Outer",
                                      "Parallel Aware": false,
                                      "Async Capable": false,
                                      "Startup Cost": 262919.01,
                                      "Total Cost": 262919.19,
                                      "Plan Rows": 72,
                                      "Plan Width": 41,
                                      "Sort Key": [
                                        "web_site.web_site_id"
                                      ],
                                      "Plans": [
                                        {
                                          "Node Type": "Hash Join",
                                          "Parent Relationship": "Outer",
                                          "Parallel Aware": false,
                                          "Async Capable": false,
                                          "Join Type": "Inner",
                                          "Startup Cost": 32134.74,
                                          "Total Cost": 262916.79,
                                          "Plan Rows": 72,
                                          "Plan Width": 41,
                                          "Inner Unique": false,
                                          "Hash Cond": "(web_sales.ws_web_site_sk = web_site.web_site_sk)",
                                          "Plans": [
                                            {
                                              "Node Type": "Hash Join",
                                              "Parent Relationship": "Outer",
                                              "Parallel Aware": false,
                                              "Async Capable": false,
                                              "Join Type": "Inner",
                                              "Startup Cost": 32130.8,
                                              "Total Cost": 262911.86,
                                              "Plan Rows": 72,
                                              "Plan Width": 28,
                                              "Inner Unique": false,
                                              "Hash Cond": "(web_sales.ws_promo_sk = promotion_2.p_promo_sk)",
                                              "Plans": [
                                                {
                                                  "Node Type": "Hash Join",
                                                  "Parent Relationship": "Outer",
                                                  "Parallel Aware": true,
                                                  "Async Capable": false,
                                                  "Join Type": "Inner",
                                                  "Startup Cost": 32105.4,
                                                  "Total Cost": 262885.46,
                                                  "Plan Rows": 73,
                                                  "Plan Width": 32,
                                                  "Inner Unique": false,
                                                  "Hash Cond": "(web_sales.ws_item_sk = item_2.i_item_sk)",
                                                  "Plans": [
                                                    {
                                                      "Node Type": "Hash Join",
                                                      "Parent Relationship": "Outer",
                                                      "Parallel Aware": true,
                                                      "Async Capable": false,
                                                      "Join Type": "Left",
                                                      "Startup Cost": 24579.62,
                                                      "Total Cost": 255354.62,
                                                      "Plan Rows": 1272,
                                                      "Plan Width": 36,
                                                      "Inner Unique": false,
                                                      "Hash Cond": "((web_sales.ws_item_sk = web_returns.wr_item_sk) AND (web_sales.ws_order_number = web_returns.wr_order_number))",
                                                      "Plans": [
                                                        {
                                                          "Node Type": "Hash Join",
                                                          "Parent Relationship": "Outer",
                                                          "Parallel Aware": true,
                                                          "Async Capable": false,
                                                          "Join Type": "Inner",
                                                          "Startup Cost": 2049.78,
                                                          "Total Cost": 231041.22,
                                                          "Plan Rows": 1272,
                                                          "Plan Width": 28,
                                                          "Inner Unique": false,
                                                          "Hash Cond": "(web_sales.ws_sold_date_sk = date_dim_2.d_date_sk)",
                                                          "Plans": [
                                                            {
                                                              "Node Type": "Seq Scan",
                                                              "Parent Relationship": "Outer",
                                                              "Parallel Aware": true,
                                                              "Async Capable": false,
                                                              "Relation Name": "web_sales",
                                                              "Alias": "web_sales",
                                                              "Startup Cost": 0.0,
                                                              "Total Cost": 217737.86,
                                                              "Plan Rows": 2998986,
                                                              "Plan Width": 32,
                                                              "parent": 55,
                                                              "ID": 56
                                                            },
                                                            {
                                                              "Node Type": "Hash",
                                                              "Parent Relationship": "Inner",
                                                              "Parallel Aware": true,
                                                              "Async Capable": false,
                                                              "Startup Cost": 2049.55,
                                                              "Total Cost": 2049.55,
                                                              "Plan Rows": 18,
                                                              "Plan Width": 4,
                                                              "Plans": [
                                                                {
                                                                  "Node Type": "Seq Scan",
                                                                  "Parent Relationship": "Outer",
                                                                  "Parallel Aware": true,
                                                                  "Async Capable": false,
                                                                  "Relation Name": "date_dim",
                                                                  "Alias": "date_dim_2",
                                                                  "Startup Cost": 0.0,
                                                                  "Total Cost": 2049.55,
                                                                  "Plan Rows": 18,
                                                                  "Plan Width": 4,
                                                                  "Filter": "((d_date >= '2000-08-02'::date) AND (d_date <= '2000-09-01 00:00:00'::timestamp without time zone))",
                                                                  "parent": 57,
                                                                  "ID": 58
                                                                }
                                                              ],
                                                              "parent": 55,
                                                              "ID": 57,
                                                              "left": 58
                                                            }
                                                          ],
                                                          "parent": 54,
                                                          "ID": 55,
                                                          "left": 56,
                                                          "right": 57
                                                        },
                                                        {
                                                          "Node Type": "Hash",
                                                          "Parent Relationship": "Inner",
                                                          "Parallel Aware": true,
                                                          "Async Capable": false,
                                                          "Startup Cost": 16278.74,
                                                          "Total Cost": 16278.74,
                                                          "Plan Rows": 299674,
                                                          "Plan Width": 20,
                                                          "Plans": [
                                                            {
                                                              "Node Type": "Seq Scan",
                                                              "Parent Relationship": "Outer",
                                                              "Parallel Aware": true,
                                                              "Async Capable": false,
                                                              "Relation Name": "web_returns",
                                                              "Alias": "web_returns",
                                                              "Startup Cost": 0.0,
                                                              "Total Cost": 16278.74,
                                                              "Plan Rows": 299674,
                                                              "Plan Width": 20,
                                                              "parent": 59,
                                                              "ID": 60
                                                            }
                                                          ],
                                                          "parent": 54,
                                                          "ID": 59,
                                                          "left": 60
                                                        }
                                                      ],
                                                      "parent": 53,
                                                      "ID": 54,
                                                      "left": 55,
                                                      "right": 59
                                                    },
                                                    {
                                                      "Node Type": "Hash",
                                                      "Parent Relationship": "Inner",
                                                      "Parallel Aware": true,
                                                      "Async Capable": false,
                                                      "Startup Cost": 7495.25,
                                                      "Total Cost": 7495.25,
                                                      "Plan Rows": 2442,
                                                      "Plan Width": 4,
                                                      "Plans": [
                                                        {
                                                          "Node Type": "Seq Scan",
                                                          "Parent Relationship": "Outer",
                                                          "Parallel Aware": true,
                                                          "Async Capable": false,
                                                          "Relation Name": "item",
                                                          "Alias": "item_2",
                                                          "Startup Cost": 0.0,
                                                          "Total Cost": 7495.25,
                                                          "Plan Rows": 2442,
                                                          "Plan Width": 4,
                                                          "Filter": "(i_current_price > '50'::numeric)",
                                                          "parent": 61,
                                                          "ID": 62
                                                        }
                                                      ],
                                                      "parent": 53,
                                                      "ID": 61,
                                                      "left": 62
                                                    }
                                                  ],
                                                  "parent": 52,
                                                  "ID": 53,
                                                  "left": 54,
                                                  "right": 61
                                                },
                                                {
                                                  "Node Type": "Hash",
                                                  "Parent Relationship": "Inner",
                                                  "Parallel Aware": false,
                                                  "Async Capable": false,
                                                  "Startup Cost": 19.25,
                                                  "Total Cost": 19.25,
                                                  "Plan Rows": 492,
                                                  "Plan Width": 4,
                                                  "Plans": [
                                                    {
                                                      "Node Type": "Seq Scan",
                                                      "Parent Relationship": "Outer",
                                                      "Parallel Aware": false,
                                                      "Async Capable": false,
                                                      "Relation Name": "promotion",
                                                      "Alias": "promotion_2",
                                                      "Startup Cost": 0.0,
                                                      "Total Cost": 19.25,
                                                      "Plan Rows": 492,
                                                      "Plan Width": 4,
                                                      "Filter": "(p_channel_tv = 'N'::bpchar)",
                                                      "parent": 63,
                                                      "ID": 64
                                                    }
                                                  ],
                                                  "parent": 52,
                                                  "ID": 63,
                                                  "left": 64
                                                }
                                              ],
                                              "parent": 51,
                                              "ID": 52,
                                              "left": 53,
                                              "right": 63
                                            },
                                            {
                                              "Node Type": "Hash",
                                              "Parent Relationship": "Inner",
                                              "Parallel Aware": false,
                                              "Async Capable": false,
                                              "Startup Cost": 3.42,
                                              "Total Cost": 3.42,
                                              "Plan Rows": 42,
                                              "Plan Width": 21,
                                              "Plans": [
                                                {
                                                  "Node Type": "Seq Scan",
                                                  "Parent Relationship": "Outer",
                                                  "Parallel Aware": false,
                                                  "Async Capable": false,
                                                  "Relation Name": "web_site",
                                                  "Alias": "web_site",
                                                  "Startup Cost": 0.0,
                                                  "Total Cost": 3.42,
                                                  "Plan Rows": 42,
                                                  "Plan Width": 21,
                                                  "parent": 65,
                                                  "ID": 66
                                                }
                                              ],
                                              "parent": 51,
                                              "ID": 65,
                                              "left": 66
                                            }
                                          ],
                                          "parent": 50,
                                          "ID": 51,
                                          "left": 52,
                                          "right": 65
                                        }
                                      ],
                                      "parent": 49,
                                      "ID": 50,
                                      "left": 51
                                    }
                                  ],
                                  "parent": 48,
                                  "ID": 49,
                                  "left": 50
                                }
                              ],
                              "parent": 47,
                              "ID": 48,
                              "left": 49
                            }
                          ],
                          "parent": 46,
                          "ID": 47,
                          "left": 48
                        }
                      ],
                      "parent": 3,
                      "ID": 46,
                      "left": 47
                    }
                  ],
                  "parent": 2,
                  "ID": 3,
                  "left": 4,
                  "right": 25
                }
              ],
              "parent": 1,
              "ID": 2,
              "left": 3
            }
          ],
          "parent": 0,
          "ID": 1,
          "left": 2
        }
      ],
      "parent": null,
      "ID": 0,
      "left": 1
    },
    "feat": {
      "utility": 0.014007823394941468,
      "query_shape": [
        [
          "Seq Scan",
          "Hash Join",
          "Sort",
          "Aggregate",
          "Gather Merge",
          "Subquery Scan",
          "Append"
        ],
        [
          "Seq Scan",
          "Hash",
          "Hash Join",
          "Sort",
          "Aggregate",
          "Gather Merge",
          "Subquery Scan",
          "Append"
        ],
        [
          "Seq Scan",
          "Hash",
          "Hash Join",
          "Sort",
          "Aggregate",
          "Gather Merge",
          "Subquery Scan",
          "Append"
        ],
        [
          "Seq Scan",
          "Hash",
          "Hash Join",
          "Sort",
          "Aggregate",
          "Gather Merge",
          "Subquery Scan",
          "Append"
        ],
        [
          "Seq Scan",
          "Hash",
          "Hash Join",
          "Sort",
          "Aggregate",
          "Gather Merge",
          "Subquery Scan",
          "Append"
        ],
        [
          "Seq Scan",
          "Hash",
          "Hash Join",
          "Sort",
          "Aggregate",
          "Gather Merge",
          "Subquery Scan",
          "Append"
        ],
        [
          "Seq Scan",
          "Hash Join",
          "Sort",
          "Aggregate",
          "Gather Merge",
          "Subquery Scan",
          "Append"
        ],
        [
          "Seq Scan",
          "Hash",
          "Hash Join",
          "Sort",
          "Aggregate",
          "Gather Merge",
          "Subquery Scan",
          "Append"
        ],
        [
          "Seq Scan",
          "Hash",
          "Hash Join",
          "Sort",
          "Aggregate",
          "Gather Merge",
          "Subquery Scan",
          "Append"
        ],
        [
          "Seq Scan",
          "Hash",
          "Hash Join",
          "Sort",
          "Aggregate",
          "Gather Merge",
          "Subquery Scan",
          "Append"
        ],
        [
          "Seq Scan",
          "Hash",
          "Hash Join",
          "Sort",
          "Aggregate",
          "Gather Merge",
          "Subquery Scan",
          "Append"
        ],
        [
          "Seq Scan",
          "Hash",
          "Hash Join",
          "Sort",
          "Aggregate",
          "Gather Merge",
          "Subquery Scan",
          "Append"
        ],
        [
          "Seq Scan",
          "Hash Join",
          "Sort",
          "Aggregate",
          "Gather Merge",
          "Subquery Scan",
          "Append"
        ],
        [
          "Seq Scan",
          "Hash",
          "Hash Join",
          "Sort",
          "Aggregate",
          "Gather Merge",
          "Subquery Scan",
          "Append"
        ],
        [
          "Seq Scan",
          "Hash",
          "Hash Join",
          "Sort",
          "Aggregate",
          "Gather Merge",
          "Subquery Scan",
          "Append"
        ],
        [
          "Seq Scan",
          "Hash",
          "Hash Join",
          "Sort",
          "Aggregate",
          "Gather Merge",
          "Subquery Scan",
          "Append"
        ],
        [
          "Seq Scan",
          "Hash",
          "Hash Join",
          "Sort",
          "Aggregate",
          "Gather Merge",
          "Subquery Scan",
          "Append"
        ],
        [
          "Seq Scan",
          "Hash",
          "Hash Join",
          "Sort",
          "Aggregate",
          "Gather Merge",
          "Subquery Scan",
          "Append"
        ]
      ],
      "index_shape": [
        "selection"
      ],
      "physical_operator": {
        "Seq Scan": [
          0.023941176470588243,
          0.023941176470588243,
          0.023941176470588243
        ]
      }
    }
  },
  {
    "query": "with ssr as\n (select  s_store_id as store_id,\n          sum(ss_ext_sales_price) as sales,\n          sum(coalesce(sr_return_amt, 0)) as returns,\n          sum(ss_net_profit - coalesce(sr_net_loss, 0)) as profit\n  from store_sales left outer join store_returns on\n         (ss_item_sk = sr_item_sk and ss_ticket_number = sr_ticket_number),\n     date_dim,\n     store,\n     item,\n     promotion\n where ss_sold_date_sk = d_date_sk\n       and d_date between cast('2000-08-02' as date) \n                  and (cast('2000-08-02' as date) +  interval '30 days')\n       and ss_store_sk = s_store_sk\n       and ss_item_sk = i_item_sk\n       and i_current_price > 50\n       and ss_promo_sk = p_promo_sk\n       and p_channel_tv = 'N'\n group by s_store_id)\n ,\n csr as\n (select  cp_catalog_page_id as catalog_page_id,\n          sum(cs_ext_sales_price) as sales,\n          sum(coalesce(cr_return_amount, 0)) as returns,\n          sum(cs_net_profit - coalesce(cr_net_loss, 0)) as profit\n  from catalog_sales left outer join catalog_returns on\n         (cs_item_sk = cr_item_sk and cs_order_number = cr_order_number),\n     date_dim,\n     catalog_page,\n     item,\n     promotion\n where cs_sold_date_sk = d_date_sk\n       and d_date between cast('2000-08-02' as date)\n                  and (cast('2000-08-02' as date) +  interval '30 days')\n        and cs_catalog_page_sk = cp_catalog_page_sk\n       and cs_item_sk = i_item_sk\n       and i_current_price > 50\n       and cs_promo_sk = p_promo_sk\n       and p_channel_tv = 'N'\ngroup by cp_catalog_page_id)\n ,\n wsr as\n (select  web_site_id,\n          sum(ws_ext_sales_price) as sales,\n          sum(coalesce(wr_return_amt, 0)) as returns,\n          sum(ws_net_profit - coalesce(wr_net_loss, 0)) as profit\n  from web_sales left outer join web_returns on\n         (ws_item_sk = wr_item_sk and ws_order_number = wr_order_number),\n     date_dim,\n     web_site,\n     item,\n     promotion\n where ws_sold_date_sk = d_date_sk\n       and d_date between cast('2000-08-02' as date)\n                  and (cast('2000-08-02' as date) +  interval '30 days')\n        and ws_web_site_sk = web_site_sk\n       and ws_item_sk = i_item_sk\n       and i_current_price > 50\n       and ws_promo_sk = p_promo_sk\n       and p_channel_tv = 'N'\ngroup by web_site_id)\n  select  channel\n        , id\n        , sum(sales) as sales\n        , sum(returns) as returns\n        , sum(profit) as profit\n from \n (select 'store channel' as channel\n        , 'store' || store_id as id\n        , sales\n        , returns\n        , profit\n from   ssr\n union all\n select 'catalog channel' as channel\n        , 'catalog_page' || catalog_page_id as id\n        , sales\n        , returns\n        , profit\n from  csr\n union all\n select 'web channel' as channel\n        , 'web_site' || web_site_id as id\n        , sales\n        , returns\n        , profit\n from   wsr\n ) x\n group by rollup (channel, id)\n order by channel\n         ,id\n limit 100;\n\n-- end query 61 in stream 4 using template query80.tpl\n",
    "indexes": "store.s_store_sk",
    "wo plan est": {
      "Node Type": "Limit",
      "Parallel Aware": false,
      "Async Capable": false,
      "Startup Cost": 1566793.64,
      "Total Cost": 1566796.93,
      "Plan Rows": 100,
      "Plan Width": 160,
      "Plans": [
        {
          "Node Type": "Aggregate",
          "Strategy": "Sorted",
          "Partial Mode": "Simple",
          "Parent Relationship": "Outer",
          "Parallel Aware": false,
          "Async Capable": false,
          "Startup Cost": 1566793.64,
          "Total Cost": 1566806.84,
          "Plan Rows": 401,
          "Plan Width": 160,
          "Grouping Sets": [
            {
              "Group Keys": [
                [
                  "('store channel'::text)",
                  "(('store'::text || (ssr.store_id)::text))"
                ],
                [
                  "('store channel'::text)"
                ],
                []
              ]
            }
          ],
          "Plans": [
            {
              "Node Type": "Sort",
              "Parent Relationship": "Outer",
              "Parallel Aware": false,
              "Async Capable": false,
              "Startup Cost": 1566793.64,
              "Total Cost": 1566794.67,
              "Plan Rows": 412,
              "Plan Width": 160,
              "Sort Key": [
                "('store channel'::text)",
                "(('store'::text || (ssr.store_id)::text))"
              ],
              "Plans": [
                {
                  "Node Type": "Append",
                  "Parent Relationship": "Outer",
                  "Parallel Aware": false,
                  "Async Capable": false,
                  "Startup Cost": 784596.3,
                  "Total Cost": 1566775.74,
                  "Plan Rows": 412,
                  "Plan Width": 160,
                  "Subplans Removed": 0,
                  "Plans": [
                    {
                      "Node Type": "Subquery Scan",
                      "Parent Relationship": "Member",
                      "Parallel Aware": false,
                      "Async Capable": false,
                      "Alias": "ssr",
                      "Startup Cost": 784596.3,
                      "Total Cost": 784616.16,
                      "Plan Rows": 51,
                      "Plan Width": 160,
                      "Plans": [
                        {
                          "Node Type": "Aggregate",
                          "Strategy": "Sorted",
                          "Partial Mode": "Finalize",
                          "Parent Relationship": "Subquery",
                          "Parallel Aware": false,
                          "Async Capable": false,
                          "Startup Cost": 784596.3,
                          "Total Cost": 784615.39,
                          "Plan Rows": 51,
                          "Plan Width": 113,
                          "Group Key": [
                            "store.s_store_id"
                          ],
                          "Plans": [
                            {
                              "Node Type": "Gather Merge",
                              "Parent Relationship": "Outer",
                              "Parallel Aware": false,
                              "Async Capable": false,
                              "Startup Cost": 784596.3,
                              "Total Cost": 784612.71,
                              "Plan Rows": 102,
                              "Plan Width": 113,
                              "Workers Planned": 2,
                              "Plans": [
                                {
                                  "Node Type": "Aggregate",
                                  "Strategy": "Sorted",
                                  "Partial Mode": "Partial",
                                  "Parent Relationship": "Outer",
                                  "Parallel Aware": false,
                                  "Async Capable": false,
                                  "Startup Cost": 783596.27,
                                  "Total Cost": 783600.92,
                                  "Plan Rows": 51,
                                  "Plan Width": 113,
                                  "Group Key": [
                                    "store.s_store_id"
                                  ],
                                  "Plans": [
                                    {
                                      "Node Type": "Sort",
                                      "Parent Relationship": "Outer",
                                      "Parallel Aware": false,
                                      "Async Capable": false,
                                      "Startup Cost": 783596.27,
                                      "Total Cost": 783596.9,
                                      "Plan Rows": 250,
                                      "Plan Width": 41,
                                      "Sort Key": [
                                        "store.s_store_id"
                                      ],
                                      "Plans": [
                                        {
                                          "Node Type": "Hash Join",
                                          "Parent Relationship": "Outer",
                                          "Parallel Aware": false,
                                          "Async Capable": false,
                                          "Join Type": "Inner",
                                          "Startup Cost": 94489.35,
                                          "Total Cost": 783586.32,
                                          "Plan Rows": 250,
                                          "Plan Width": 41,
                                          "Inner Unique": false,
                                          "Hash Cond": "(store_sales.ss_store_sk = store.s_store_sk)",
                                          "Plans": [
                                            {
                                              "Node Type": "Hash Join",
                                              "Parent Relationship": "Outer",
                                              "Parallel Aware": false,
                                              "Async Capable": false,
                                              "Join Type": "Inner",
                                              "Startup Cost": 94482.05,
                                              "Total Cost": 783575.54,
                                              "Plan Rows": 262,
                                              "Plan Width": 28,
                                              "Inner Unique": false,
                                              "Hash Cond": "(store_sales.ss_promo_sk = promotion.p_promo_sk)",
                                              "Plans": [
                                                {
                                                  "Node Type": "Hash Join",
                                                  "Parent Relationship": "Outer",
                                                  "Parallel Aware": true,
                                                  "Async Capable": false,
                                                  "Join Type": "Inner",
                                                  "Startup Cost": 94456.65,
                                                  "Total Cost": 783546.47,
                                                  "Plan Rows": 279,
                                                  "Plan Width": 32,
                                                  "Inner Unique": false,
                                                  "Hash Cond": "(store_sales.ss_item_sk = item.i_item_sk)",
                                                  "Plans": [
                                                    {
                                                      "Node Type": "Hash Join",
                                                      "Parent Relationship": "Outer",
                                                      "Parallel Aware": true,
                                                      "Async Capable": false,
                                                      "Join Type": "Left",
                                                      "Startup Cost": 86930.88,
                                                      "Total Cost": 776001.31,
                                                      "Plan Rows": 4860,
                                                      "Plan Width": 36,
                                                      "Inner Unique": false,
                                                      "Hash Cond": "((store_sales.ss_item_sk = store_returns.sr_item_sk) AND (store_sales.ss_ticket_number = store_returns.sr_ticket_number))",
                                                      "Plans": [
                                                        {
                                                          "Node Type": "Hash Join",
                                                          "Parent Relationship": "Outer",
                                                          "Parallel Aware": true,
                                                          "Async Capable": false,
                                                          "Join Type": "Inner",
                                                          "Startup Cost": 2049.78,
                                                          "Total Cost": 683994.75,
                                                          "Plan Rows": 4860,
                                                          "Plan Width": 28,
                                                          "Inner Unique": false,
                                                          "Hash Cond": "(store_sales.ss_sold_date_sk = date_dim.d_date_sk)",
                                                          "Plans": [
                                                            {
                                                              "Node Type": "Seq Scan",
                                                              "Parent Relationship": "Outer",
                                                              "Parallel Aware": true,
                                                              "Async Capable": false,
                                                              "Relation Name": "store_sales",
                                                              "Alias": "store_sales",
                                                              "Startup Cost": 0.0,
                                                              "Total Cost": 636914.37,
                                                              "Plan Rows": 12000637,
                                                              "Plan Width": 32,
                                                              "parent": 13,
                                                              "ID": 14
                                                            },
                                                            {
                                                              "Node Type": "Hash",
                                                              "Parent Relationship": "Inner",
                                                              "Parallel Aware": true,
                                                              "Async Capable": false,
                                                              "Startup Cost": 2049.55,
                                                              "Total Cost": 2049.55,
                                                              "Plan Rows": 18,
                                                              "Plan Width": 4,
                                                              "Plans": [
                                                                {
                                                                  "Node Type": "Seq Scan",
                                                                  "Parent Relationship": "Outer",
                                                                  "Parallel Aware": true,
                                                                  "Async Capable": false,
                                                                  "Relation Name": "date_dim",
                                                                  "Alias": "date_dim",
                                                                  "Startup Cost": 0.0,
                                                                  "Total Cost": 2049.55,
                                                                  "Plan Rows": 18,
                                                                  "Plan Width": 4,
                                                                  "Filter": "((d_date >= '2000-08-02'::date) AND (d_date <= '2000-09-01 00:00:00'::timestamp without time zone))",
                                                                  "parent": 15,
                                                                  "ID": 16
                                                                }
                                                              ],
                                                              "parent": 13,
                                                              "ID": 15,
                                                              "left": 16
                                                            }
                                                          ],
                                                          "parent": 12,
                                                          "ID": 13,
                                                          "left": 14,
                                                          "right": 15
                                                        },
                                                        {
                                                          "Node Type": "Hash",
                                                          "Parent Relationship": "Inner",
                                                          "Parallel Aware": true,
                                                          "Async Capable": false,
                                                          "Startup Cost": 59887.64,
                                                          "Total Cost": 59887.64,
                                                          "Plan Rows": 1198164,
                                                          "Plan Width": 20,
                                                          "Plans": [
                                                            {
                                                              "Node Type": "Seq Scan",
                                                              "Parent Relationship": "Outer",
                                                              "Parallel Aware": true,
                                                              "Async Capable": false,
                                                              "Relation Name": "store_returns",
                                                              "Alias": "store_returns",
                                                              "Startup Cost": 0.0,
                                                              "Total Cost": 59887.64,
                                                              "Plan Rows": 1198164,
                                                              "Plan Width": 20,
                                                              "parent": 17,
                                                              "ID": 18
                                                            }
                                                          ],
                                                          "parent": 12,
                                                          "ID": 17,
                                                          "left": 18
                                                        }
                                                      ],
                                                      "parent": 11,
                                                      "ID": 12,
                                                      "left": 13,
                                                      "right": 17
                                                    },
                                                    {
                                                      "Node Type": "Hash",
                                                      "Parent Relationship": "Inner",
                                                      "Parallel Aware": true,
                                                      "Async Capable": false,
                                                      "Startup Cost": 7495.25,
                                                      "Total Cost": 7495.25,
                                                      "Plan Rows": 2442,
                                                      "Plan Width": 4,
                                                      "Plans": [
                                                        {
                                                          "Node Type": "Seq Scan",
                                                          "Parent Relationship": "Outer",
                                                          "Parallel Aware": true,
                                                          "Async Capable": false,
                                                          "Relation Name": "item",
                                                          "Alias": "item",
                                                          "Startup Cost": 0.0,
                                                          "Total Cost": 7495.25,
                                                          "Plan Rows": 2442,
                                                          "Plan Width": 4,
                                                          "Filter": "(i_current_price > '50'::numeric)",
                                                          "parent": 19,
                                                          "ID": 20
                                                        }
                                                      ],
                                                      "parent": 11,
                                                      "ID": 19,
                                                      "left": 20
                                                    }
                                                  ],
                                                  "parent": 10,
                                                  "ID": 11,
                                                  "left": 12,
                                                  "right": 19
                                                },
                                                {
                                                  "Node Type": "Hash",
                                                  "Parent Relationship": "Inner",
                                                  "Parallel Aware": false,
                                                  "Async Capable": false,
                                                  "Startup Cost": 19.25,
                                                  "Total Cost": 19.25,
                                                  "Plan Rows": 492,
                                                  "Plan Width": 4,
                                                  "Plans": [
                                                    {
                                                      "Node Type": "Seq Scan",
                                                      "Parent Relationship": "Outer",
                                                      "Parallel Aware": false,
                                                      "Async Capable": false,
                                                      "Relation Name": "promotion",
                                                      "Alias": "promotion",
                                                      "Startup Cost": 0.0,
                                                      "Total Cost": 19.25,
                                                      "Plan Rows": 492,
                                                      "Plan Width": 4,
                                                      "Filter": "(p_channel_tv = 'N'::bpchar)",
                                                      "parent": 21,
                                                      "ID": 22
                                                    }
                                                  ],
                                                  "parent": 10,
                                                  "ID": 21,
                                                  "left": 22
                                                }
                                              ],
                                              "parent": 9,
                                              "ID": 10,
                                              "left": 11,
                                              "right": 21
                                            },
                                            {
                                              "Node Type": "Hash",
                                              "Parent Relationship": "Inner",
                                              "Parallel Aware": false,
                                              "Async Capable": false,
                                              "Startup Cost": 6.02,
                                              "Total Cost": 6.02,
                                              "Plan Rows": 102,
                                              "Plan Width": 21,
                                              "Plans": [
                                                {
                                                  "Node Type": "Seq Scan",
                                                  "Parent Relationship": "Outer",
                                                  "Parallel Aware": false,
                                                  "Async Capable": false,
                                                  "Relation Name": "store",
                                                  "Alias": "store",
                                                  "Startup Cost": 0.0,
                                                  "Total Cost": 6.02,
                                                  "Plan Rows": 102,
                                                  "Plan Width": 21,
                                                  "parent": 23,
                                                  "ID": 24
                                                }
                                              ],
                                              "parent": 9,
                                              "ID": 23,
                                              "left": 24
                                            }
                                          ],
                                          "parent": 8,
                                          "ID": 9,
                                          "left": 10,
                                          "right": 23
                                        }
                                      ],
                                      "parent": 7,
                                      "ID": 8,
                                      "left": 9
                                    }
                                  ],
                                  "parent": 6,
                                  "ID": 7,
                                  "left": 8
                                }
                              ],
                              "parent": 5,
                              "ID": 6,
                              "left": 7
                            }
                          ],
                          "parent": 4,
                          "ID": 5,
                          "left": 6
                        }
                      ],
                      "parent": 3,
                      "ID": 4,
                      "left": 5
                    },
                    {
                      "Node Type": "Subquery Scan",
                      "Parent Relationship": "Member",
                      "Parallel Aware": false,
                      "Async Capable": false,
                      "Alias": "csr",
                      "Startup Cost": 518177.36,
                      "Total Cost": 518230.78,
                      "Plan Rows": 340,
                      "Plan Width": 160,
                      "Plans": [
                        {
                          "Node Type": "Aggregate",
                          "Strategy": "Sorted",
                          "Partial Mode": "Finalize",
                          "Parent Relationship": "Subquery",
                          "Parallel Aware": false,
                          "Async Capable": false,
                          "Startup Cost": 518177.36,
                          "Total Cost": 518225.68,
                          "Plan Rows": 340,
                          "Plan Width": 113,
                          "Group Key": [
                            "catalog_page.cp_catalog_page_id"
                          ],
                          "Plans": [
                            {
                              "Node Type": "Gather Merge",
                              "Parent Relationship": "Outer",
                              "Parallel Aware": false,
                              "Async Capable": false,
                              "Startup Cost": 518177.36,
                              "Total Cost": 518214.76,
                              "Plan Rows": 284,
                              "Plan Width": 113,
                              "Workers Planned": 2,
                              "Plans": [
                                {
                                  "Node Type": "Aggregate",
                                  "Strategy": "Sorted",
                                  "Partial Mode": "Partial",
                                  "Parent Relationship": "Outer",
                                  "Parallel Aware": false,
                                  "Async Capable": false,
                                  "Startup Cost": 517177.34,
                                  "Total Cost": 517181.95,
                                  "Plan Rows": 142,
                                  "Plan Width": 113,
                                  "Group Key": [
                                    "catalog_page.cp_catalog_page_id"
                                  ],
                                  "Plans": [
                                    {
                                      "Node Type": "Sort",
                                      "Parent Relationship": "Outer",
                                      "Parallel Aware": false,
                                      "Async Capable": false,
                                      "Startup Cost": 517177.34,
                                      "Total Cost": 517177.69,
                                      "Plan Rows": 142,
                                      "Plan Width": 41,
                                      "Sort Key": [
                                        "catalog_page.cp_catalog_page_id"
                                      ],
                                      "Plans": [
                                        {
                                          "Node Type": "Hash Join",
                                          "Parent Relationship": "Outer",
                                          "Parallel Aware": false,
                                          "Async Capable": false,
                                          "Join Type": "Inner",
                                          "Startup Cost": 57382.33,
                                          "Total Cost": 517172.26,
                                          "Plan Rows": 142,
                                          "Plan Width": 41,
                                          "Inner Unique": false,
                                          "Hash Cond": "(catalog_sales.cs_catalog_page_sk = catalog_page.cp_catalog_page_sk)",
                                          "Plans": [
                                            {
                                              "Node Type": "Hash Join",
                                              "Parent Relationship": "Outer",
                                              "Parallel Aware": false,
                                              "Async Capable": false,
                                              "Join Type": "Inner",
                                              "Startup Cost": 56864.33,
                                              "Total Cost": 516652.32,
                                              "Plan Rows": 142,
                                              "Plan Width": 28,
                                              "Inner Unique": false,
                                              "Hash Cond": "(catalog_sales.cs_promo_sk = promotion_1.p_promo_sk)",
                                              "Plans": [
                                                {
                                                  "Node Type": "Hash Join",
                                                  "Parent Relationship": "Outer",
                                                  "Parallel Aware": true,
                                                  "Async Capable": false,
                                                  "Join Type": "Inner",
                                                  "Startup Cost": 56838.93,
                                                  "Total Cost": 516624.96,
                                                  "Plan Rows": 145,
                                                  "Plan Width": 32,
                                                  "Inner Unique": false,
                                                  "Hash Cond": "(catalog_sales.cs_item_sk = item_1.i_item_sk)",
                                                  "Plans": [
                                                    {
                                                      "Node Type": "Hash Join",
                                                      "Parent Relationship": "Outer",
                                                      "Parallel Aware": true,
                                                      "Async Capable": false,
                                                      "Join Type": "Left",
                                                      "Startup Cost": 49313.15,
                                                      "Total Cost": 509089.08,
                                                      "Plan Rows": 2532,
                                                      "Plan Width": 36,
                                                      "Inner Unique": false,
                                                      "Hash Cond": "((catalog_sales.cs_item_sk = catalog_returns.cr_item_sk) AND (catalog_sales.cs_order_number = catalog_returns.cr_order_number))",
                                                      "Plans": [
                                                        {
                                                          "Node Type": "Hash Join",
                                                          "Parent Relationship": "Outer",
                                                          "Parallel Aware": true,
                                                          "Async Capable": false,
                                                          "Join Type": "Inner",
                                                          "Startup Cost": 2049.78,
                                                          "Total Cost": 458254.7,
                                                          "Plan Rows": 2532,
                                                          "Plan Width": 28,
                                                          "Inner Unique": false,
                                                          "Hash Cond": "(catalog_sales.cs_sold_date_sk = date_dim_1.d_date_sk)",
                                                          "Plans": [
                                                            {
                                                              "Node Type": "Seq Scan",
                                                              "Parent Relationship": "Outer",
                                                              "Parallel Aware": true,
                                                              "Async Capable": false,
                                                              "Relation Name": "catalog_sales",
                                                              "Alias": "catalog_sales",
                                                              "Startup Cost": 0.0,
                                                              "Total Cost": 433688.25,
                                                              "Plan Rows": 6000525,
                                                              "Plan Width": 32,
                                                              "parent": 34,
                                                              "ID": 35
                                                            },
                                                            {
                                                              "Node Type": "Hash",
                                                              "Parent Relationship": "Inner",
                                                              "Parallel Aware": true,
                                                              "Async Capable": false,
                                                              "Startup Cost": 2049.55,
                                                              "Total Cost": 2049.55,
                                                              "Plan Rows": 18,
                                                              "Plan Width": 4,
                                                              "Plans": [
                                                                {
                                                                  "Node Type": "Seq Scan",
                                                                  "Parent Relationship": "Outer",
                                                                  "Parallel Aware": true,
                                                                  "Async Capable": false,
                                                                  "Relation Name": "date_dim",
                                                                  "Alias": "date_dim_1",
                                                                  "Startup Cost": 0.0,
                                                                  "Total Cost": 2049.55,
                                                                  "Plan Rows": 18,
                                                                  "Plan Width": 4,
                                                                  "Filter": "((d_date >= '2000-08-02'::date) AND (d_date <= '2000-09-01 00:00:00'::timestamp without time zone))",
                                                                  "parent": 36,
                                                                  "ID": 37
                                                                }
                                                              ],
                                                              "parent": 34,
                                                              "ID": 36,
                                                              "left": 37
                                                            }
                                                          ],
                                                          "parent": 33,
                                                          "ID": 34,
                                                          "left": 35,
                                                          "right": 36
                                                        },
                                                        {
                                                          "Node Type": "Hash",
                                                          "Parent Relationship": "Inner",
                                                          "Parallel Aware": true,
                                                          "Async Capable": false,
                                                          "Startup Cost": 34748.95,
                                                          "Total Cost": 34748.95,
                                                          "Plan Rows": 599895,
                                                          "Plan Width": 20,
                                                          "Plans": [
                                                            {
                                                              "Node Type": "Seq Scan",
                                                              "Parent Relationship": "Outer",
                                                              "Parallel Aware": true,
                                                              "Async Capable": false,
                                                              "Relation Name": "catalog_returns",
                                                              "Alias": "catalog_returns",
                                                              "Startup Cost": 0.0,
                                                              "Total Cost": 34748.95,
                                                              "Plan Rows": 599895,
                                                              "Plan Width": 20,
                                                              "parent": 38,
                                                              "ID": 39
                                                            }
                                                          ],
                                                          "parent": 33,
                                                          "ID": 38,
                                                          "left": 39
                                                        }
                                                      ],
                                                      "parent": 32,
                                                      "ID": 33,
                                                      "left": 34,
                                                      "right": 38
                                                    },
                                                    {
                                                      "Node Type": "Hash",
                                                      "Parent Relationship": "Inner",
                                                      "Parallel Aware": true,
                                                      "Async Capable": false,
                                                      "Startup Cost": 7495.25,
                                                      "Total Cost": 7495.25,
                                                      "Plan Rows": 2442,
                                                      "Plan Width": 4,
                                                      "Plans": [
                                                        {
                                                          "Node Type": "Seq Scan",
                                                          "Parent Relationship": "Outer",
                                                          "Parallel Aware": true,
                                                          "Async Capable": false,
                                                          "Relation Name": "item",
                                                          "Alias": "item_1",
                                                          "Startup Cost": 0.0,
                                                          "Total Cost": 7495.25,
                                                          "Plan Rows": 2442,
                                                          "Plan Width": 4,
                                                          "Filter": "(i_current_price > '50'::numeric)",
                                                          "parent": 40,
                                                          "ID": 41
                                                        }
                                                      ],
                                                      "parent": 32,
                                                      "ID": 40,
                                                      "left": 41
                                                    }
                                                  ],
                                                  "parent": 31,
                                                  "ID": 32,
                                                  "left": 33,
                                                  "right": 40
                                                },
                                                {
                                                  "Node Type": "Hash",
                                                  "Parent Relationship": "Inner",
                                                  "Parallel Aware": false,
                                                  "Async Capable": false,
                                                  "Startup Cost": 19.25,
                                                  "Total Cost": 19.25,
                                                  "Plan Rows": 492,
                                                  "Plan Width": 4,
                                                  "Plans": [
                                                    {
                                                      "Node Type": "Seq Scan",
                                                      "Parent Relationship": "Outer",
                                                      "Parallel Aware": false,
                                                      "Async Capable": false,
                                                      "Relation Name": "promotion",
                                                      "Alias": "promotion_1",
                                                      "Startup Cost": 0.0,
                                                      "Total Cost": 19.25,
                                                      "Plan Rows": 492,
                                                      "Plan Width": 4,
                                                      "Filter": "(p_channel_tv = 'N'::bpchar)",
                                                      "parent": 42,
                                                      "ID": 43
                                                    }
                                                  ],
                                                  "parent": 31,
                                                  "ID": 42,
                                                  "left": 43
                                                }
                                              ],
                                              "parent": 30,
                                              "ID": 31,
                                              "left": 32,
                                              "right": 42
                                            },
                                            {
                                              "Node Type": "Hash",
                                              "Parent Relationship": "Inner",
                                              "Parallel Aware": false,
                                              "Async Capable": false,
                                              "Startup Cost": 368.0,
                                              "Total Cost": 368.0,
                                              "Plan Rows": 12000,
                                              "Plan Width": 21,
                                              "Plans": [
                                                {
                                                  "Node Type": "Seq Scan",
                                                  "Parent Relationship": "Outer",
                                                  "Parallel Aware": false,
                                                  "Async Capable": false,
                                                  "Relation Name": "catalog_page",
                                                  "Alias": "catalog_page",
                                                  "Startup Cost": 0.0,
                                                  "Total Cost": 368.0,
                                                  "Plan Rows": 12000,
                                                  "Plan Width": 21,
                                                  "parent": 44,
                                                  "ID": 45
                                                }
                                              ],
                                              "parent": 30,
                                              "ID": 44,
                                              "left": 45
                                            }
                                          ],
                                          "parent": 29,
                                          "ID": 30,
                                          "left": 31,
                                          "right": 44
                                        }
                                      ],
                                      "parent": 28,
                                      "ID": 29,
                                      "left": 30
                                    }
                                  ],
                                  "parent": 27,
                                  "ID": 28,
                                  "left": 29
                                }
                              ],
                              "parent": 26,
                              "ID": 27,
                              "left": 28
                            }
                          ],
                          "parent": 25,
                          "ID": 26,
                          "left": 27
                        }
                      ],
                      "parent": 3,
                      "ID": 25,
                      "left": 26
                    },
                    {
                      "Node Type": "Subquery Scan",
                      "Parent Relationship": "Member",
                      "Parallel Aware": false,
                      "Async Capable": false,
                      "Alias": "wsr",
                      "Startup Cost": 263919.04,
                      "Total Cost": 263926.75,
                      "Plan Rows": 21,
                      "Plan Width": 160,
                      "Plans": [
                        {
                          "Node Type": "Aggregate",
                          "Strategy": "Sorted",
                          "Partial Mode": "Finalize",
                          "Parent Relationship": "Subquery",
                          "Parallel Aware": false,
                          "Async Capable": false,
                          "Startup Cost": 263919.04,
                          "Total Cost": 263926.43,
                          "Plan Rows": 21,
                          "Plan Width": 113,
                          "Group Key": [
                            "web_site.web_site_id"
                          ],
                          "Plans": [
                            {
                              "Node Type": "Gather Merge",
                              "Parent Relationship": "Outer",
                              "Parallel Aware": false,
                              "Async Capable": false,
                              "Startup Cost": 263919.04,
                              "Total Cost": 263925.33,
                              "Plan Rows": 42,
                              "Plan Width": 113,
                              "Workers Planned": 2,
                              "Plans": [
                                {
                                  "Node Type": "Aggregate",
                                  "Strategy": "Sorted",
                                  "Partial Mode": "Partial",
                                  "Parent Relationship": "Outer",
                                  "Parallel Aware": false,
                                  "Async Capable": false,
                                  "Startup Cost": 262919.01,
                                  "Total Cost": 262920.46,
                                  "Plan Rows": 21,
                                  "Plan Width": 113,
                                  "Group Key": [
                                    "web_site.web_site_id"
                                  ],
                                  "Plans": [
                                    {
                                      "Node Type": "Sort",
                                      "Parent Relationship": "Outer",
                                      "Parallel Aware": false,
                                      "Async Capable": false,
                                      "Startup Cost": 262919.01,
                                      "Total Cost": 262919.19,
                                      "Plan Rows": 72,
                                      "Plan Width": 41,
                                      "Sort Key": [
                                        "web_site.web_site_id"
                                      ],
                                      "Plans": [
                                        {
                                          "Node Type": "Hash Join",
                                          "Parent Relationship": "Outer",
                                          "Parallel Aware": false,
                                          "Async Capable": false,
                                          "Join Type": "Inner",
                                          "Startup Cost": 32134.74,
                                          "Total Cost": 262916.79,
                                          "Plan Rows": 72,
                                          "Plan Width": 41,
                                          "Inner Unique": false,
                                          "Hash Cond": "(web_sales.ws_web_site_sk = web_site.web_site_sk)",
                                          "Plans": [
                                            {
                                              "Node Type": "Hash Join",
                                              "Parent Relationship": "Outer",
                                              "Parallel Aware": false,
                                              "Async Capable": false,
                                              "Join Type": "Inner",
                                              "Startup Cost": 32130.8,
                                              "Total Cost": 262911.86,
                                              "Plan Rows": 72,
                                              "Plan Width": 28,
                                              "Inner Unique": false,
                                              "Hash Cond": "(web_sales.ws_promo_sk = promotion_2.p_promo_sk)",
                                              "Plans": [
                                                {
                                                  "Node Type": "Hash Join",
                                                  "Parent Relationship": "Outer",
                                                  "Parallel Aware": true,
                                                  "Async Capable": false,
                                                  "Join Type": "Inner",
                                                  "Startup Cost": 32105.4,
                                                  "Total Cost": 262885.46,
                                                  "Plan Rows": 73,
                                                  "Plan Width": 32,
                                                  "Inner Unique": false,
                                                  "Hash Cond": "(web_sales.ws_item_sk = item_2.i_item_sk)",
                                                  "Plans": [
                                                    {
                                                      "Node Type": "Hash Join",
                                                      "Parent Relationship": "Outer",
                                                      "Parallel Aware": true,
                                                      "Async Capable": false,
                                                      "Join Type": "Left",
                                                      "Startup Cost": 24579.62,
                                                      "Total Cost": 255354.62,
                                                      "Plan Rows": 1272,
                                                      "Plan Width": 36,
                                                      "Inner Unique": false,
                                                      "Hash Cond": "((web_sales.ws_item_sk = web_returns.wr_item_sk) AND (web_sales.ws_order_number = web_returns.wr_order_number))",
                                                      "Plans": [
                                                        {
                                                          "Node Type": "Hash Join",
                                                          "Parent Relationship": "Outer",
                                                          "Parallel Aware": true,
                                                          "Async Capable": false,
                                                          "Join Type": "Inner",
                                                          "Startup Cost": 2049.78,
                                                          "Total Cost": 231041.22,
                                                          "Plan Rows": 1272,
                                                          "Plan Width": 28,
                                                          "Inner Unique": false,
                                                          "Hash Cond": "(web_sales.ws_sold_date_sk = date_dim_2.d_date_sk)",
                                                          "Plans": [
                                                            {
                                                              "Node Type": "Seq Scan",
                                                              "Parent Relationship": "Outer",
                                                              "Parallel Aware": true,
                                                              "Async Capable": false,
                                                              "Relation Name": "web_sales",
                                                              "Alias": "web_sales",
                                                              "Startup Cost": 0.0,
                                                              "Total Cost": 217737.86,
                                                              "Plan Rows": 2998986,
                                                              "Plan Width": 32,
                                                              "parent": 55,
                                                              "ID": 56
                                                            },
                                                            {
                                                              "Node Type": "Hash",
                                                              "Parent Relationship": "Inner",
                                                              "Parallel Aware": true,
                                                              "Async Capable": false,
                                                              "Startup Cost": 2049.55,
                                                              "Total Cost": 2049.55,
                                                              "Plan Rows": 18,
                                                              "Plan Width": 4,
                                                              "Plans": [
                                                                {
                                                                  "Node Type": "Seq Scan",
                                                                  "Parent Relationship": "Outer",
                                                                  "Parallel Aware": true,
                                                                  "Async Capable": false,
                                                                  "Relation Name": "date_dim",
                                                                  "Alias": "date_dim_2",
                                                                  "Startup Cost": 0.0,
                                                                  "Total Cost": 2049.55,
                                                                  "Plan Rows": 18,
                                                                  "Plan Width": 4,
                                                                  "Filter": "((d_date >= '2000-08-02'::date) AND (d_date <= '2000-09-01 00:00:00'::timestamp without time zone))",
                                                                  "parent": 57,
                                                                  "ID": 58
                                                                }
                                                              ],
                                                              "parent": 55,
                                                              "ID": 57,
                                                              "left": 58
                                                            }
                                                          ],
                                                          "parent": 54,
                                                          "ID": 55,
                                                          "left": 56,
                                                          "right": 57
                                                        },
                                                        {
                                                          "Node Type": "Hash",
                                                          "Parent Relationship": "Inner",
                                                          "Parallel Aware": true,
                                                          "Async Capable": false,
                                                          "Startup Cost": 16278.74,
                                                          "Total Cost": 16278.74,
                                                          "Plan Rows": 299674,
                                                          "Plan Width": 20,
                                                          "Plans": [
                                                            {
                                                              "Node Type": "Seq Scan",
                                                              "Parent Relationship": "Outer",
                                                              "Parallel Aware": true,
                                                              "Async Capable": false,
                                                              "Relation Name": "web_returns",
                                                              "Alias": "web_returns",
                                                              "Startup Cost": 0.0,
                                                              "Total Cost": 16278.74,
                                                              "Plan Rows": 299674,
                                                              "Plan Width": 20,
                                                              "parent": 59,
                                                              "ID": 60
                                                            }
                                                          ],
                                                          "parent": 54,
                                                          "ID": 59,
                                                          "left": 60
                                                        }
                                                      ],
                                                      "parent": 53,
                                                      "ID": 54,
                                                      "left": 55,
                                                      "right": 59
                                                    },
                                                    {
                                                      "Node Type": "Hash",
                                                      "Parent Relationship": "Inner",
                                                      "Parallel Aware": true,
                                                      "Async Capable": false,
                                                      "Startup Cost": 7495.25,
                                                      "Total Cost": 7495.25,
                                                      "Plan Rows": 2442,
                                                      "Plan Width": 4,
                                                      "Plans": [
                                                        {
                                                          "Node Type": "Seq Scan",
                                                          "Parent Relationship": "Outer",
                                                          "Parallel Aware": true,
                                                          "Async Capable": false,
                                                          "Relation Name": "item",
                                                          "Alias": "item_2",
                                                          "Startup Cost": 0.0,
                                                          "Total Cost": 7495.25,
                                                          "Plan Rows": 2442,
                                                          "Plan Width": 4,
                                                          "Filter": "(i_current_price > '50'::numeric)",
                                                          "parent": 61,
                                                          "ID": 62
                                                        }
                                                      ],
                                                      "parent": 53,
                                                      "ID": 61,
                                                      "left": 62
                                                    }
                                                  ],
                                                  "parent": 52,
                                                  "ID": 53,
                                                  "left": 54,
                                                  "right": 61
                                                },
                                                {
                                                  "Node Type": "Hash",
                                                  "Parent Relationship": "Inner",
                                                  "Parallel Aware": false,
                                                  "Async Capable": false,
                                                  "Startup Cost": 19.25,
                                                  "Total Cost": 19.25,
                                                  "Plan Rows": 492,
                                                  "Plan Width": 4,
                                                  "Plans": [
                                                    {
                                                      "Node Type": "Seq Scan",
                                                      "Parent Relationship": "Outer",
                                                      "Parallel Aware": false,
                                                      "Async Capable": false,
                                                      "Relation Name": "promotion",
                                                      "Alias": "promotion_2",
                                                      "Startup Cost": 0.0,
                                                      "Total Cost": 19.25,
                                                      "Plan Rows": 492,
                                                      "Plan Width": 4,
                                                      "Filter": "(p_channel_tv = 'N'::bpchar)",
                                                      "parent": 63,
                                                      "ID": 64
                                                    }
                                                  ],
                                                  "parent": 52,
                                                  "ID": 63,
                                                  "left": 64
                                                }
                                              ],
                                              "parent": 51,
                                              "ID": 52,
                                              "left": 53,
                                              "right": 63
                                            },
                                            {
                                              "Node Type": "Hash",
                                              "Parent Relationship": "Inner",
                                              "Parallel Aware": false,
                                              "Async Capable": false,
                                              "Startup Cost": 3.42,
                                              "Total Cost": 3.42,
                                              "Plan Rows": 42,
                                              "Plan Width": 21,
                                              "Plans": [
                                                {
                                                  "Node Type": "Seq Scan",
                                                  "Parent Relationship": "Outer",
                                                  "Parallel Aware": false,
                                                  "Async Capable": false,
                                                  "Relation Name": "web_site",
                                                  "Alias": "web_site",
                                                  "Startup Cost": 0.0,
                                                  "Total Cost": 3.42,
                                                  "Plan Rows": 42,
                                                  "Plan Width": 21,
                                                  "parent": 65,
                                                  "ID": 66
                                                }
                                              ],
                                              "parent": 51,
                                              "ID": 65,
                                              "left": 66
                                            }
                                          ],
                                          "parent": 50,
                                          "ID": 51,
                                          "left": 52,
                                          "right": 65
                                        }
                                      ],
                                      "parent": 49,
                                      "ID": 50,
                                      "left": 51
                                    }
                                  ],
                                  "parent": 48,
                                  "ID": 49,
                                  "left": 50
                                }
                              ],
                              "parent": 47,
                              "ID": 48,
                              "left": 49
                            }
                          ],
                          "parent": 46,
                          "ID": 47,
                          "left": 48
                        }
                      ],
                      "parent": 3,
                      "ID": 46,
                      "left": 47
                    }
                  ],
                  "parent": 2,
                  "ID": 3,
                  "left": 4,
                  "right": 25
                }
              ],
              "parent": 1,
              "ID": 2,
              "left": 3
            }
          ],
          "parent": 0,
          "ID": 1,
          "left": 2
        }
      ],
      "parent": null,
      "ID": 0,
      "left": 1
    },
    "feat": {
      "utility": 1.9716756315682553e-06,
      "query_shape": [
        [
          "Seq Scan",
          "Hash Join",
          "Sort",
          "Aggregate",
          "Gather Merge",
          "Subquery Scan",
          "Append"
        ],
        [
          "Seq Scan",
          "Hash",
          "Hash Join",
          "Sort",
          "Aggregate",
          "Gather Merge",
          "Subquery Scan",
          "Append"
        ],
        [
          "Seq Scan",
          "Hash",
          "Hash Join",
          "Sort",
          "Aggregate",
          "Gather Merge",
          "Subquery Scan",
          "Append"
        ],
        [
          "Seq Scan",
          "Hash",
          "Hash Join",
          "Sort",
          "Aggregate",
          "Gather Merge",
          "Subquery Scan",
          "Append"
        ],
        [
          "Seq Scan",
          "Hash",
          "Hash Join",
          "Sort",
          "Aggregate",
          "Gather Merge",
          "Subquery Scan",
          "Append"
        ],
        [
          "Seq Scan",
          "Hash",
          "Hash Join",
          "Sort",
          "Aggregate",
          "Gather Merge",
          "Subquery Scan",
          "Append"
        ],
        [
          "Seq Scan",
          "Hash Join",
          "Sort",
          "Aggregate",
          "Gather Merge",
          "Subquery Scan",
          "Append"
        ],
        [
          "Seq Scan",
          "Hash",
          "Hash Join",
          "Sort",
          "Aggregate",
          "Gather Merge",
          "Subquery Scan",
          "Append"
        ],
        [
          "Seq Scan",
          "Hash",
          "Hash Join",
          "Sort",
          "Aggregate",
          "Gather Merge",
          "Subquery Scan",
          "Append"
        ],
        [
          "Seq Scan",
          "Hash",
          "Hash Join",
          "Sort",
          "Aggregate",
          "Gather Merge",
          "Subquery Scan",
          "Append"
        ],
        [
          "Seq Scan",
          "Hash",
          "Hash Join",
          "Sort",
          "Aggregate",
          "Gather Merge",
          "Subquery Scan",
          "Append"
        ],
        [
          "Seq Scan",
          "Hash",
          "Hash Join",
          "Sort",
          "Aggregate",
          "Gather Merge",
          "Subquery Scan",
          "Append"
        ],
        [
          "Seq Scan",
          "Hash Join",
          "Sort",
          "Aggregate",
          "Gather Merge",
          "Subquery Scan",
          "Append"
        ],
        [
          "Seq Scan",
          "Hash",
          "Hash Join",
          "Sort",
          "Aggregate",
          "Gather Merge",
          "Subquery Scan",
          "Append"
        ],
        [
          "Seq Scan",
          "Hash",
          "Hash Join",
          "Sort",
          "Aggregate",
          "Gather Merge",
          "Subquery Scan",
          "Append"
        ],
        [
          "Seq Scan",
          "Hash",
          "Hash Join",
          "Sort",
          "Aggregate",
          "Gather Merge",
          "Subquery Scan",
          "Append"
        ],
        [
          "Seq Scan",
          "Hash",
          "Hash Join",
          "Sort",
          "Aggregate",
          "Gather Merge",
          "Subquery Scan",
          "Append"
        ],
        [
          "Seq Scan",
          "Hash",
          "Hash Join",
          "Sort",
          "Aggregate",
          "Gather Merge",
          "Subquery Scan",
          "Append"
        ]
      ],
      "index_shape": [
        "join"
      ],
      "physical_operator": {
        "Hash Join": [
          0.09672066476697276
        ]
      }
    }
  },
  {
    "query": "with ssr as\n (select  s_store_id as store_id,\n          sum(ss_ext_sales_price) as sales,\n          sum(coalesce(sr_return_amt, 0)) as returns,\n          sum(ss_net_profit - coalesce(sr_net_loss, 0)) as profit\n  from store_sales left outer join store_returns on\n         (ss_item_sk = sr_item_sk and ss_ticket_number = sr_ticket_number),\n     date_dim,\n     store,\n     item,\n     promotion\n where ss_sold_date_sk = d_date_sk\n       and d_date between cast('2000-08-02' as date) \n                  and (cast('2000-08-02' as date) +  interval '30 days')\n       and ss_store_sk = s_store_sk\n       and ss_item_sk = i_item_sk\n       and i_current_price > 50\n       and ss_promo_sk = p_promo_sk\n       and p_channel_tv = 'N'\n group by s_store_id)\n ,\n csr as\n (select  cp_catalog_page_id as catalog_page_id,\n          sum(cs_ext_sales_price) as sales,\n          sum(coalesce(cr_return_amount, 0)) as returns,\n          sum(cs_net_profit - coalesce(cr_net_loss, 0)) as profit\n  from catalog_sales left outer join catalog_returns on\n         (cs_item_sk = cr_item_sk and cs_order_number = cr_order_number),\n     date_dim,\n     catalog_page,\n     item,\n     promotion\n where cs_sold_date_sk = d_date_sk\n       and d_date between cast('2000-08-02' as date)\n                  and (cast('2000-08-02' as date) +  interval '30 days')\n        and cs_catalog_page_sk = cp_catalog_page_sk\n       and cs_item_sk = i_item_sk\n       and i_current_price > 50\n       and cs_promo_sk = p_promo_sk\n       and p_channel_tv = 'N'\ngroup by cp_catalog_page_id)\n ,\n wsr as\n (select  web_site_id,\n          sum(ws_ext_sales_price) as sales,\n          sum(coalesce(wr_return_amt, 0)) as returns,\n          sum(ws_net_profit - coalesce(wr_net_loss, 0)) as profit\n  from web_sales left outer join web_returns on\n         (ws_item_sk = wr_item_sk and ws_order_number = wr_order_number),\n     date_dim,\n     web_site,\n     item,\n     promotion\n where ws_sold_date_sk = d_date_sk\n       and d_date between cast('2000-08-02' as date)\n                  and (cast('2000-08-02' as date) +  interval '30 days')\n        and ws_web_site_sk = web_site_sk\n       and ws_item_sk = i_item_sk\n       and i_current_price > 50\n       and ws_promo_sk = p_promo_sk\n       and p_channel_tv = 'N'\ngroup by web_site_id)\n  select  channel\n        , id\n        , sum(sales) as sales\n        , sum(returns) as returns\n        , sum(profit) as profit\n from \n (select 'store channel' as channel\n        , 'store' || store_id as id\n        , sales\n        , returns\n        , profit\n from   ssr\n union all\n select 'catalog channel' as channel\n        , 'catalog_page' || catalog_page_id as id\n        , sales\n        , returns\n        , profit\n from  csr\n union all\n select 'web channel' as channel\n        , 'web_site' || web_site_id as id\n        , sales\n        , returns\n        , profit\n from   wsr\n ) x\n group by rollup (channel, id)\n order by channel\n         ,id\n limit 100;\n\n-- end query 61 in stream 4 using template query80.tpl\n",
    "indexes": "store.s_store_id",
    "wo plan est": {
      "Node Type": "Limit",
      "Parallel Aware": false,
      "Async Capable": false,
      "Startup Cost": 1566793.64,
      "Total Cost": 1566796.93,
      "Plan Rows": 100,
      "Plan Width": 160,
      "Plans": [
        {
          "Node Type": "Aggregate",
          "Strategy": "Sorted",
          "Partial Mode": "Simple",
          "Parent Relationship": "Outer",
          "Parallel Aware": false,
          "Async Capable": false,
          "Startup Cost": 1566793.64,
          "Total Cost": 1566806.84,
          "Plan Rows": 401,
          "Plan Width": 160,
          "Grouping Sets": [
            {
              "Group Keys": [
                [
                  "('store channel'::text)",
                  "(('store'::text || (ssr.store_id)::text))"
                ],
                [
                  "('store channel'::text)"
                ],
                []
              ]
            }
          ],
          "Plans": [
            {
              "Node Type": "Sort",
              "Parent Relationship": "Outer",
              "Parallel Aware": false,
              "Async Capable": false,
              "Startup Cost": 1566793.64,
              "Total Cost": 1566794.67,
              "Plan Rows": 412,
              "Plan Width": 160,
              "Sort Key": [
                "('store channel'::text)",
                "(('store'::text || (ssr.store_id)::text))"
              ],
              "Plans": [
                {
                  "Node Type": "Append",
                  "Parent Relationship": "Outer",
                  "Parallel Aware": false,
                  "Async Capable": false,
                  "Startup Cost": 784596.3,
                  "Total Cost": 1566775.74,
                  "Plan Rows": 412,
                  "Plan Width": 160,
                  "Subplans Removed": 0,
                  "Plans": [
                    {
                      "Node Type": "Subquery Scan",
                      "Parent Relationship": "Member",
                      "Parallel Aware": false,
                      "Async Capable": false,
                      "Alias": "ssr",
                      "Startup Cost": 784596.3,
                      "Total Cost": 784616.16,
                      "Plan Rows": 51,
                      "Plan Width": 160,
                      "Plans": [
                        {
                          "Node Type": "Aggregate",
                          "Strategy": "Sorted",
                          "Partial Mode": "Finalize",
                          "Parent Relationship": "Subquery",
                          "Parallel Aware": false,
                          "Async Capable": false,
                          "Startup Cost": 784596.3,
                          "Total Cost": 784615.39,
                          "Plan Rows": 51,
                          "Plan Width": 113,
                          "Group Key": [
                            "store.s_store_id"
                          ],
                          "Plans": [
                            {
                              "Node Type": "Gather Merge",
                              "Parent Relationship": "Outer",
                              "Parallel Aware": false,
                              "Async Capable": false,
                              "Startup Cost": 784596.3,
                              "Total Cost": 784612.71,
                              "Plan Rows": 102,
                              "Plan Width": 113,
                              "Workers Planned": 2,
                              "Plans": [
                                {
                                  "Node Type": "Aggregate",
                                  "Strategy": "Sorted",
                                  "Partial Mode": "Partial",
                                  "Parent Relationship": "Outer",
                                  "Parallel Aware": false,
                                  "Async Capable": false,
                                  "Startup Cost": 783596.27,
                                  "Total Cost": 783600.92,
                                  "Plan Rows": 51,
                                  "Plan Width": 113,
                                  "Group Key": [
                                    "store.s_store_id"
                                  ],
                                  "Plans": [
                                    {
                                      "Node Type": "Sort",
                                      "Parent Relationship": "Outer",
                                      "Parallel Aware": false,
                                      "Async Capable": false,
                                      "Startup Cost": 783596.27,
                                      "Total Cost": 783596.9,
                                      "Plan Rows": 250,
                                      "Plan Width": 41,
                                      "Sort Key": [
                                        "store.s_store_id"
                                      ],
                                      "Plans": [
                                        {
                                          "Node Type": "Hash Join",
                                          "Parent Relationship": "Outer",
                                          "Parallel Aware": false,
                                          "Async Capable": false,
                                          "Join Type": "Inner",
                                          "Startup Cost": 94489.35,
                                          "Total Cost": 783586.32,
                                          "Plan Rows": 250,
                                          "Plan Width": 41,
                                          "Inner Unique": false,
                                          "Hash Cond": "(store_sales.ss_store_sk = store.s_store_sk)",
                                          "Plans": [
                                            {
                                              "Node Type": "Hash Join",
                                              "Parent Relationship": "Outer",
                                              "Parallel Aware": false,
                                              "Async Capable": false,
                                              "Join Type": "Inner",
                                              "Startup Cost": 94482.05,
                                              "Total Cost": 783575.54,
                                              "Plan Rows": 262,
                                              "Plan Width": 28,
                                              "Inner Unique": false,
                                              "Hash Cond": "(store_sales.ss_promo_sk = promotion.p_promo_sk)",
                                              "Plans": [
                                                {
                                                  "Node Type": "Hash Join",
                                                  "Parent Relationship": "Outer",
                                                  "Parallel Aware": true,
                                                  "Async Capable": false,
                                                  "Join Type": "Inner",
                                                  "Startup Cost": 94456.65,
                                                  "Total Cost": 783546.47,
                                                  "Plan Rows": 279,
                                                  "Plan Width": 32,
                                                  "Inner Unique": false,
                                                  "Hash Cond": "(store_sales.ss_item_sk = item.i_item_sk)",
                                                  "Plans": [
                                                    {
                                                      "Node Type": "Hash Join",
                                                      "Parent Relationship": "Outer",
                                                      "Parallel Aware": true,
                                                      "Async Capable": false,
                                                      "Join Type": "Left",
                                                      "Startup Cost": 86930.88,
                                                      "Total Cost": 776001.31,
                                                      "Plan Rows": 4860,
                                                      "Plan Width": 36,
                                                      "Inner Unique": false,
                                                      "Hash Cond": "((store_sales.ss_item_sk = store_returns.sr_item_sk) AND (store_sales.ss_ticket_number = store_returns.sr_ticket_number))",
                                                      "Plans": [
                                                        {
                                                          "Node Type": "Hash Join",
                                                          "Parent Relationship": "Outer",
                                                          "Parallel Aware": true,
                                                          "Async Capable": false,
                                                          "Join Type": "Inner",
                                                          "Startup Cost": 2049.78,
                                                          "Total Cost": 683994.75,
                                                          "Plan Rows": 4860,
                                                          "Plan Width": 28,
                                                          "Inner Unique": false,
                                                          "Hash Cond": "(store_sales.ss_sold_date_sk = date_dim.d_date_sk)",
                                                          "Plans": [
                                                            {
                                                              "Node Type": "Seq Scan",
                                                              "Parent Relationship": "Outer",
                                                              "Parallel Aware": true,
                                                              "Async Capable": false,
                                                              "Relation Name": "store_sales",
                                                              "Alias": "store_sales",
                                                              "Startup Cost": 0.0,
                                                              "Total Cost": 636914.37,
                                                              "Plan Rows": 12000637,
                                                              "Plan Width": 32,
                                                              "parent": 13,
                                                              "ID": 14
                                                            },
                                                            {
                                                              "Node Type": "Hash",
                                                              "Parent Relationship": "Inner",
                                                              "Parallel Aware": true,
                                                              "Async Capable": false,
                                                              "Startup Cost": 2049.55,
                                                              "Total Cost": 2049.55,
                                                              "Plan Rows": 18,
                                                              "Plan Width": 4,
                                                              "Plans": [
                                                                {
                                                                  "Node Type": "Seq Scan",
                                                                  "Parent Relationship": "Outer",
                                                                  "Parallel Aware": true,
                                                                  "Async Capable": false,
                                                                  "Relation Name": "date_dim",
                                                                  "Alias": "date_dim",
                                                                  "Startup Cost": 0.0,
                                                                  "Total Cost": 2049.55,
                                                                  "Plan Rows": 18,
                                                                  "Plan Width": 4,
                                                                  "Filter": "((d_date >= '2000-08-02'::date) AND (d_date <= '2000-09-01 00:00:00'::timestamp without time zone))",
                                                                  "parent": 15,
                                                                  "ID": 16
                                                                }
                                                              ],
                                                              "parent": 13,
                                                              "ID": 15,
                                                              "left": 16
                                                            }
                                                          ],
                                                          "parent": 12,
                                                          "ID": 13,
                                                          "left": 14,
                                                          "right": 15
                                                        },
                                                        {
                                                          "Node Type": "Hash",
                                                          "Parent Relationship": "Inner",
                                                          "Parallel Aware": true,
                                                          "Async Capable": false,
                                                          "Startup Cost": 59887.64,
                                                          "Total Cost": 59887.64,
                                                          "Plan Rows": 1198164,
                                                          "Plan Width": 20,
                                                          "Plans": [
                                                            {
                                                              "Node Type": "Seq Scan",
                                                              "Parent Relationship": "Outer",
                                                              "Parallel Aware": true,
                                                              "Async Capable": false,
                                                              "Relation Name": "store_returns",
                                                              "Alias": "store_returns",
                                                              "Startup Cost": 0.0,
                                                              "Total Cost": 59887.64,
                                                              "Plan Rows": 1198164,
                                                              "Plan Width": 20,
                                                              "parent": 17,
                                                              "ID": 18
                                                            }
                                                          ],
                                                          "parent": 12,
                                                          "ID": 17,
                                                          "left": 18
                                                        }
                                                      ],
                                                      "parent": 11,
                                                      "ID": 12,
                                                      "left": 13,
                                                      "right": 17
                                                    },
                                                    {
                                                      "Node Type": "Hash",
                                                      "Parent Relationship": "Inner",
                                                      "Parallel Aware": true,
                                                      "Async Capable": false,
                                                      "Startup Cost": 7495.25,
                                                      "Total Cost": 7495.25,
                                                      "Plan Rows": 2442,
                                                      "Plan Width": 4,
                                                      "Plans": [
                                                        {
                                                          "Node Type": "Seq Scan",
                                                          "Parent Relationship": "Outer",
                                                          "Parallel Aware": true,
                                                          "Async Capable": false,
                                                          "Relation Name": "item",
                                                          "Alias": "item",
                                                          "Startup Cost": 0.0,
                                                          "Total Cost": 7495.25,
                                                          "Plan Rows": 2442,
                                                          "Plan Width": 4,
                                                          "Filter": "(i_current_price > '50'::numeric)",
                                                          "parent": 19,
                                                          "ID": 20
                                                        }
                                                      ],
                                                      "parent": 11,
                                                      "ID": 19,
                                                      "left": 20
                                                    }
                                                  ],
                                                  "parent": 10,
                                                  "ID": 11,
                                                  "left": 12,
                                                  "right": 19
                                                },
                                                {
                                                  "Node Type": "Hash",
                                                  "Parent Relationship": "Inner",
                                                  "Parallel Aware": false,
                                                  "Async Capable": false,
                                                  "Startup Cost": 19.25,
                                                  "Total Cost": 19.25,
                                                  "Plan Rows": 492,
                                                  "Plan Width": 4,
                                                  "Plans": [
                                                    {
                                                      "Node Type": "Seq Scan",
                                                      "Parent Relationship": "Outer",
                                                      "Parallel Aware": false,
                                                      "Async Capable": false,
                                                      "Relation Name": "promotion",
                                                      "Alias": "promotion",
                                                      "Startup Cost": 0.0,
                                                      "Total Cost": 19.25,
                                                      "Plan Rows": 492,
                                                      "Plan Width": 4,
                                                      "Filter": "(p_channel_tv = 'N'::bpchar)",
                                                      "parent": 21,
                                                      "ID": 22
                                                    }
                                                  ],
                                                  "parent": 10,
                                                  "ID": 21,
                                                  "left": 22
                                                }
                                              ],
                                              "parent": 9,
                                              "ID": 10,
                                              "left": 11,
                                              "right": 21
                                            },
                                            {
                                              "Node Type": "Hash",
                                              "Parent Relationship": "Inner",
                                              "Parallel Aware": false,
                                              "Async Capable": false,
                                              "Startup Cost": 6.02,
                                              "Total Cost": 6.02,
                                              "Plan Rows": 102,
                                              "Plan Width": 21,
                                              "Plans": [
                                                {
                                                  "Node Type": "Seq Scan",
                                                  "Parent Relationship": "Outer",
                                                  "Parallel Aware": false,
                                                  "Async Capable": false,
                                                  "Relation Name": "store",
                                                  "Alias": "store",
                                                  "Startup Cost": 0.0,
                                                  "Total Cost": 6.02,
                                                  "Plan Rows": 102,
                                                  "Plan Width": 21,
                                                  "parent": 23,
                                                  "ID": 24
                                                }
                                              ],
                                              "parent": 9,
                                              "ID": 23,
                                              "left": 24
                                            }
                                          ],
                                          "parent": 8,
                                          "ID": 9,
                                          "left": 10,
                                          "right": 23
                                        }
                                      ],
                                      "parent": 7,
                                      "ID": 8,
                                      "left": 9
                                    }
                                  ],
                                  "parent": 6,
                                  "ID": 7,
                                  "left": 8
                                }
                              ],
                              "parent": 5,
                              "ID": 6,
                              "left": 7
                            }
                          ],
                          "parent": 4,
                          "ID": 5,
                          "left": 6
                        }
                      ],
                      "parent": 3,
                      "ID": 4,
                      "left": 5
                    },
                    {
                      "Node Type": "Subquery Scan",
                      "Parent Relationship": "Member",
                      "Parallel Aware": false,
                      "Async Capable": false,
                      "Alias": "csr",
                      "Startup Cost": 518177.36,
                      "Total Cost": 518230.78,
                      "Plan Rows": 340,
                      "Plan Width": 160,
                      "Plans": [
                        {
                          "Node Type": "Aggregate",
                          "Strategy": "Sorted",
                          "Partial Mode": "Finalize",
                          "Parent Relationship": "Subquery",
                          "Parallel Aware": false,
                          "Async Capable": false,
                          "Startup Cost": 518177.36,
                          "Total Cost": 518225.68,
                          "Plan Rows": 340,
                          "Plan Width": 113,
                          "Group Key": [
                            "catalog_page.cp_catalog_page_id"
                          ],
                          "Plans": [
                            {
                              "Node Type": "Gather Merge",
                              "Parent Relationship": "Outer",
                              "Parallel Aware": false,
                              "Async Capable": false,
                              "Startup Cost": 518177.36,
                              "Total Cost": 518214.76,
                              "Plan Rows": 284,
                              "Plan Width": 113,
                              "Workers Planned": 2,
                              "Plans": [
                                {
                                  "Node Type": "Aggregate",
                                  "Strategy": "Sorted",
                                  "Partial Mode": "Partial",
                                  "Parent Relationship": "Outer",
                                  "Parallel Aware": false,
                                  "Async Capable": false,
                                  "Startup Cost": 517177.34,
                                  "Total Cost": 517181.95,
                                  "Plan Rows": 142,
                                  "Plan Width": 113,
                                  "Group Key": [
                                    "catalog_page.cp_catalog_page_id"
                                  ],
                                  "Plans": [
                                    {
                                      "Node Type": "Sort",
                                      "Parent Relationship": "Outer",
                                      "Parallel Aware": false,
                                      "Async Capable": false,
                                      "Startup Cost": 517177.34,
                                      "Total Cost": 517177.69,
                                      "Plan Rows": 142,
                                      "Plan Width": 41,
                                      "Sort Key": [
                                        "catalog_page.cp_catalog_page_id"
                                      ],
                                      "Plans": [
                                        {
                                          "Node Type": "Hash Join",
                                          "Parent Relationship": "Outer",
                                          "Parallel Aware": false,
                                          "Async Capable": false,
                                          "Join Type": "Inner",
                                          "Startup Cost": 57382.33,
                                          "Total Cost": 517172.26,
                                          "Plan Rows": 142,
                                          "Plan Width": 41,
                                          "Inner Unique": false,
                                          "Hash Cond": "(catalog_sales.cs_catalog_page_sk = catalog_page.cp_catalog_page_sk)",
                                          "Plans": [
                                            {
                                              "Node Type": "Hash Join",
                                              "Parent Relationship": "Outer",
                                              "Parallel Aware": false,
                                              "Async Capable": false,
                                              "Join Type": "Inner",
                                              "Startup Cost": 56864.33,
                                              "Total Cost": 516652.32,
                                              "Plan Rows": 142,
                                              "Plan Width": 28,
                                              "Inner Unique": false,
                                              "Hash Cond": "(catalog_sales.cs_promo_sk = promotion_1.p_promo_sk)",
                                              "Plans": [
                                                {
                                                  "Node Type": "Hash Join",
                                                  "Parent Relationship": "Outer",
                                                  "Parallel Aware": true,
                                                  "Async Capable": false,
                                                  "Join Type": "Inner",
                                                  "Startup Cost": 56838.93,
                                                  "Total Cost": 516624.96,
                                                  "Plan Rows": 145,
                                                  "Plan Width": 32,
                                                  "Inner Unique": false,
                                                  "Hash Cond": "(catalog_sales.cs_item_sk = item_1.i_item_sk)",
                                                  "Plans": [
                                                    {
                                                      "Node Type": "Hash Join",
                                                      "Parent Relationship": "Outer",
                                                      "Parallel Aware": true,
                                                      "Async Capable": false,
                                                      "Join Type": "Left",
                                                      "Startup Cost": 49313.15,
                                                      "Total Cost": 509089.08,
                                                      "Plan Rows": 2532,
                                                      "Plan Width": 36,
                                                      "Inner Unique": false,
                                                      "Hash Cond": "((catalog_sales.cs_item_sk = catalog_returns.cr_item_sk) AND (catalog_sales.cs_order_number = catalog_returns.cr_order_number))",
                                                      "Plans": [
                                                        {
                                                          "Node Type": "Hash Join",
                                                          "Parent Relationship": "Outer",
                                                          "Parallel Aware": true,
                                                          "Async Capable": false,
                                                          "Join Type": "Inner",
                                                          "Startup Cost": 2049.78,
                                                          "Total Cost": 458254.7,
                                                          "Plan Rows": 2532,
                                                          "Plan Width": 28,
                                                          "Inner Unique": false,
                                                          "Hash Cond": "(catalog_sales.cs_sold_date_sk = date_dim_1.d_date_sk)",
                                                          "Plans": [
                                                            {
                                                              "Node Type": "Seq Scan",
                                                              "Parent Relationship": "Outer",
                                                              "Parallel Aware": true,
                                                              "Async Capable": false,
                                                              "Relation Name": "catalog_sales",
                                                              "Alias": "catalog_sales",
                                                              "Startup Cost": 0.0,
                                                              "Total Cost": 433688.25,
                                                              "Plan Rows": 6000525,
                                                              "Plan Width": 32,
                                                              "parent": 34,
                                                              "ID": 35
                                                            },
                                                            {
                                                              "Node Type": "Hash",
                                                              "Parent Relationship": "Inner",
                                                              "Parallel Aware": true,
                                                              "Async Capable": false,
                                                              "Startup Cost": 2049.55,
                                                              "Total Cost": 2049.55,
                                                              "Plan Rows": 18,
                                                              "Plan Width": 4,
                                                              "Plans": [
                                                                {
                                                                  "Node Type": "Seq Scan",
                                                                  "Parent Relationship": "Outer",
                                                                  "Parallel Aware": true,
                                                                  "Async Capable": false,
                                                                  "Relation Name": "date_dim",
                                                                  "Alias": "date_dim_1",
                                                                  "Startup Cost": 0.0,
                                                                  "Total Cost": 2049.55,
                                                                  "Plan Rows": 18,
                                                                  "Plan Width": 4,
                                                                  "Filter": "((d_date >= '2000-08-02'::date) AND (d_date <= '2000-09-01 00:00:00'::timestamp without time zone))",
                                                                  "parent": 36,
                                                                  "ID": 37
                                                                }
                                                              ],
                                                              "parent": 34,
                                                              "ID": 36,
                                                              "left": 37
                                                            }
                                                          ],
                                                          "parent": 33,
                                                          "ID": 34,
                                                          "left": 35,
                                                          "right": 36
                                                        },
                                                        {
                                                          "Node Type": "Hash",
                                                          "Parent Relationship": "Inner",
                                                          "Parallel Aware": true,
                                                          "Async Capable": false,
                                                          "Startup Cost": 34748.95,
                                                          "Total Cost": 34748.95,
                                                          "Plan Rows": 599895,
                                                          "Plan Width": 20,
                                                          "Plans": [
                                                            {
                                                              "Node Type": "Seq Scan",
                                                              "Parent Relationship": "Outer",
                                                              "Parallel Aware": true,
                                                              "Async Capable": false,
                                                              "Relation Name": "catalog_returns",
                                                              "Alias": "catalog_returns",
                                                              "Startup Cost": 0.0,
                                                              "Total Cost": 34748.95,
                                                              "Plan Rows": 599895,
                                                              "Plan Width": 20,
                                                              "parent": 38,
                                                              "ID": 39
                                                            }
                                                          ],
                                                          "parent": 33,
                                                          "ID": 38,
                                                          "left": 39
                                                        }
                                                      ],
                                                      "parent": 32,
                                                      "ID": 33,
                                                      "left": 34,
                                                      "right": 38
                                                    },
                                                    {
                                                      "Node Type": "Hash",
                                                      "Parent Relationship": "Inner",
                                                      "Parallel Aware": true,
                                                      "Async Capable": false,
                                                      "Startup Cost": 7495.25,
                                                      "Total Cost": 7495.25,
                                                      "Plan Rows": 2442,
                                                      "Plan Width": 4,
                                                      "Plans": [
                                                        {
                                                          "Node Type": "Seq Scan",
                                                          "Parent Relationship": "Outer",
                                                          "Parallel Aware": true,
                                                          "Async Capable": false,
                                                          "Relation Name": "item",
                                                          "Alias": "item_1",
                                                          "Startup Cost": 0.0,
                                                          "Total Cost": 7495.25,
                                                          "Plan Rows": 2442,
                                                          "Plan Width": 4,
                                                          "Filter": "(i_current_price > '50'::numeric)",
                                                          "parent": 40,
                                                          "ID": 41
                                                        }
                                                      ],
                                                      "parent": 32,
                                                      "ID": 40,
                                                      "left": 41
                                                    }
                                                  ],
                                                  "parent": 31,
                                                  "ID": 32,
                                                  "left": 33,
                                                  "right": 40
                                                },
                                                {
                                                  "Node Type": "Hash",
                                                  "Parent Relationship": "Inner",
                                                  "Parallel Aware": false,
                                                  "Async Capable": false,
                                                  "Startup Cost": 19.25,
                                                  "Total Cost": 19.25,
                                                  "Plan Rows": 492,
                                                  "Plan Width": 4,
                                                  "Plans": [
                                                    {
                                                      "Node Type": "Seq Scan",
                                                      "Parent Relationship": "Outer",
                                                      "Parallel Aware": false,
                                                      "Async Capable": false,
                                                      "Relation Name": "promotion",
                                                      "Alias": "promotion_1",
                                                      "Startup Cost": 0.0,
                                                      "Total Cost": 19.25,
                                                      "Plan Rows": 492,
                                                      "Plan Width": 4,
                                                      "Filter": "(p_channel_tv = 'N'::bpchar)",
                                                      "parent": 42,
                                                      "ID": 43
                                                    }
                                                  ],
                                                  "parent": 31,
                                                  "ID": 42,
                                                  "left": 43
                                                }
                                              ],
                                              "parent": 30,
                                              "ID": 31,
                                              "left": 32,
                                              "right": 42
                                            },
                                            {
                                              "Node Type": "Hash",
                                              "Parent Relationship": "Inner",
                                              "Parallel Aware": false,
                                              "Async Capable": false,
                                              "Startup Cost": 368.0,
                                              "Total Cost": 368.0,
                                              "Plan Rows": 12000,
                                              "Plan Width": 21,
                                              "Plans": [
                                                {
                                                  "Node Type": "Seq Scan",
                                                  "Parent Relationship": "Outer",
                                                  "Parallel Aware": false,
                                                  "Async Capable": false,
                                                  "Relation Name": "catalog_page",
                                                  "Alias": "catalog_page",
                                                  "Startup Cost": 0.0,
                                                  "Total Cost": 368.0,
                                                  "Plan Rows": 12000,
                                                  "Plan Width": 21,
                                                  "parent": 44,
                                                  "ID": 45
                                                }
                                              ],
                                              "parent": 30,
                                              "ID": 44,
                                              "left": 45
                                            }
                                          ],
                                          "parent": 29,
                                          "ID": 30,
                                          "left": 31,
                                          "right": 44
                                        }
                                      ],
                                      "parent": 28,
                                      "ID": 29,
                                      "left": 30
                                    }
                                  ],
                                  "parent": 27,
                                  "ID": 28,
                                  "left": 29
                                }
                              ],
                              "parent": 26,
                              "ID": 27,
                              "left": 28
                            }
                          ],
                          "parent": 25,
                          "ID": 26,
                          "left": 27
                        }
                      ],
                      "parent": 3,
                      "ID": 25,
                      "left": 26
                    },
                    {
                      "Node Type": "Subquery Scan",
                      "Parent Relationship": "Member",
                      "Parallel Aware": false,
                      "Async Capable": false,
                      "Alias": "wsr",
                      "Startup Cost": 263919.04,
                      "Total Cost": 263926.75,
                      "Plan Rows": 21,
                      "Plan Width": 160,
                      "Plans": [
                        {
                          "Node Type": "Aggregate",
                          "Strategy": "Sorted",
                          "Partial Mode": "Finalize",
                          "Parent Relationship": "Subquery",
                          "Parallel Aware": false,
                          "Async Capable": false,
                          "Startup Cost": 263919.04,
                          "Total Cost": 263926.43,
                          "Plan Rows": 21,
                          "Plan Width": 113,
                          "Group Key": [
                            "web_site.web_site_id"
                          ],
                          "Plans": [
                            {
                              "Node Type": "Gather Merge",
                              "Parent Relationship": "Outer",
                              "Parallel Aware": false,
                              "Async Capable": false,
                              "Startup Cost": 263919.04,
                              "Total Cost": 263925.33,
                              "Plan Rows": 42,
                              "Plan Width": 113,
                              "Workers Planned": 2,
                              "Plans": [
                                {
                                  "Node Type": "Aggregate",
                                  "Strategy": "Sorted",
                                  "Partial Mode": "Partial",
                                  "Parent Relationship": "Outer",
                                  "Parallel Aware": false,
                                  "Async Capable": false,
                                  "Startup Cost": 262919.01,
                                  "Total Cost": 262920.46,
                                  "Plan Rows": 21,
                                  "Plan Width": 113,
                                  "Group Key": [
                                    "web_site.web_site_id"
                                  ],
                                  "Plans": [
                                    {
                                      "Node Type": "Sort",
                                      "Parent Relationship": "Outer",
                                      "Parallel Aware": false,
                                      "Async Capable": false,
                                      "Startup Cost": 262919.01,
                                      "Total Cost": 262919.19,
                                      "Plan Rows": 72,
                                      "Plan Width": 41,
                                      "Sort Key": [
                                        "web_site.web_site_id"
                                      ],
                                      "Plans": [
                                        {
                                          "Node Type": "Hash Join",
                                          "Parent Relationship": "Outer",
                                          "Parallel Aware": false,
                                          "Async Capable": false,
                                          "Join Type": "Inner",
                                          "Startup Cost": 32134.74,
                                          "Total Cost": 262916.79,
                                          "Plan Rows": 72,
                                          "Plan Width": 41,
                                          "Inner Unique": false,
                                          "Hash Cond": "(web_sales.ws_web_site_sk = web_site.web_site_sk)",
                                          "Plans": [
                                            {
                                              "Node Type": "Hash Join",
                                              "Parent Relationship": "Outer",
                                              "Parallel Aware": false,
                                              "Async Capable": false,
                                              "Join Type": "Inner",
                                              "Startup Cost": 32130.8,
                                              "Total Cost": 262911.86,
                                              "Plan Rows": 72,
                                              "Plan Width": 28,
                                              "Inner Unique": false,
                                              "Hash Cond": "(web_sales.ws_promo_sk = promotion_2.p_promo_sk)",
                                              "Plans": [
                                                {
                                                  "Node Type": "Hash Join",
                                                  "Parent Relationship": "Outer",
                                                  "Parallel Aware": true,
                                                  "Async Capable": false,
                                                  "Join Type": "Inner",
                                                  "Startup Cost": 32105.4,
                                                  "Total Cost": 262885.46,
                                                  "Plan Rows": 73,
                                                  "Plan Width": 32,
                                                  "Inner Unique": false,
                                                  "Hash Cond": "(web_sales.ws_item_sk = item_2.i_item_sk)",
                                                  "Plans": [
                                                    {
                                                      "Node Type": "Hash Join",
                                                      "Parent Relationship": "Outer",
                                                      "Parallel Aware": true,
                                                      "Async Capable": false,
                                                      "Join Type": "Left",
                                                      "Startup Cost": 24579.62,
                                                      "Total Cost": 255354.62,
                                                      "Plan Rows": 1272,
                                                      "Plan Width": 36,
                                                      "Inner Unique": false,
                                                      "Hash Cond": "((web_sales.ws_item_sk = web_returns.wr_item_sk) AND (web_sales.ws_order_number = web_returns.wr_order_number))",
                                                      "Plans": [
                                                        {
                                                          "Node Type": "Hash Join",
                                                          "Parent Relationship": "Outer",
                                                          "Parallel Aware": true,
                                                          "Async Capable": false,
                                                          "Join Type": "Inner",
                                                          "Startup Cost": 2049.78,
                                                          "Total Cost": 231041.22,
                                                          "Plan Rows": 1272,
                                                          "Plan Width": 28,
                                                          "Inner Unique": false,
                                                          "Hash Cond": "(web_sales.ws_sold_date_sk = date_dim_2.d_date_sk)",
                                                          "Plans": [
                                                            {
                                                              "Node Type": "Seq Scan",
                                                              "Parent Relationship": "Outer",
                                                              "Parallel Aware": true,
                                                              "Async Capable": false,
                                                              "Relation Name": "web_sales",
                                                              "Alias": "web_sales",
                                                              "Startup Cost": 0.0,
                                                              "Total Cost": 217737.86,
                                                              "Plan Rows": 2998986,
                                                              "Plan Width": 32,
                                                              "parent": 55,
                                                              "ID": 56
                                                            },
                                                            {
                                                              "Node Type": "Hash",
                                                              "Parent Relationship": "Inner",
                                                              "Parallel Aware": true,
                                                              "Async Capable": false,
                                                              "Startup Cost": 2049.55,
                                                              "Total Cost": 2049.55,
                                                              "Plan Rows": 18,
                                                              "Plan Width": 4,
                                                              "Plans": [
                                                                {
                                                                  "Node Type": "Seq Scan",
                                                                  "Parent Relationship": "Outer",
                                                                  "Parallel Aware": true,
                                                                  "Async Capable": false,
                                                                  "Relation Name": "date_dim",
                                                                  "Alias": "date_dim_2",
                                                                  "Startup Cost": 0.0,
                                                                  "Total Cost": 2049.55,
                                                                  "Plan Rows": 18,
                                                                  "Plan Width": 4,
                                                                  "Filter": "((d_date >= '2000-08-02'::date) AND (d_date <= '2000-09-01 00:00:00'::timestamp without time zone))",
                                                                  "parent": 57,
                                                                  "ID": 58
                                                                }
                                                              ],
                                                              "parent": 55,
                                                              "ID": 57,
                                                              "left": 58
                                                            }
                                                          ],
                                                          "parent": 54,
                                                          "ID": 55,
                                                          "left": 56,
                                                          "right": 57
                                                        },
                                                        {
                                                          "Node Type": "Hash",
                                                          "Parent Relationship": "Inner",
                                                          "Parallel Aware": true,
                                                          "Async Capable": false,
                                                          "Startup Cost": 16278.74,
                                                          "Total Cost": 16278.74,
                                                          "Plan Rows": 299674,
                                                          "Plan Width": 20,
                                                          "Plans": [
                                                            {
                                                              "Node Type": "Seq Scan",
                                                              "Parent Relationship": "Outer",
                                                              "Parallel Aware": true,
                                                              "Async Capable": false,
                                                              "Relation Name": "web_returns",
                                                              "Alias": "web_returns",
                                                              "Startup Cost": 0.0,
                                                              "Total Cost": 16278.74,
                                                              "Plan Rows": 299674,
                                                              "Plan Width": 20,
                                                              "parent": 59,
                                                              "ID": 60
                                                            }
                                                          ],
                                                          "parent": 54,
                                                          "ID": 59,
                                                          "left": 60
                                                        }
                                                      ],
                                                      "parent": 53,
                                                      "ID": 54,
                                                      "left": 55,
                                                      "right": 59
                                                    },
                                                    {
                                                      "Node Type": "Hash",
                                                      "Parent Relationship": "Inner",
                                                      "Parallel Aware": true,
                                                      "Async Capable": false,
                                                      "Startup Cost": 7495.25,
                                                      "Total Cost": 7495.25,
                                                      "Plan Rows": 2442,
                                                      "Plan Width": 4,
                                                      "Plans": [
                                                        {
                                                          "Node Type": "Seq Scan",
                                                          "Parent Relationship": "Outer",
                                                          "Parallel Aware": true,
                                                          "Async Capable": false,
                                                          "Relation Name": "item",
                                                          "Alias": "item_2",
                                                          "Startup Cost": 0.0,
                                                          "Total Cost": 7495.25,
                                                          "Plan Rows": 2442,
                                                          "Plan Width": 4,
                                                          "Filter": "(i_current_price > '50'::numeric)",
                                                          "parent": 61,
                                                          "ID": 62
                                                        }
                                                      ],
                                                      "parent": 53,
                                                      "ID": 61,
                                                      "left": 62
                                                    }
                                                  ],
                                                  "parent": 52,
                                                  "ID": 53,
                                                  "left": 54,
                                                  "right": 61
                                                },
                                                {
                                                  "Node Type": "Hash",
                                                  "Parent Relationship": "Inner",
                                                  "Parallel Aware": false,
                                                  "Async Capable": false,
                                                  "Startup Cost": 19.25,
                                                  "Total Cost": 19.25,
                                                  "Plan Rows": 492,
                                                  "Plan Width": 4,
                                                  "Plans": [
                                                    {
                                                      "Node Type": "Seq Scan",
                                                      "Parent Relationship": "Outer",
                                                      "Parallel Aware": false,
                                                      "Async Capable": false,
                                                      "Relation Name": "promotion",
                                                      "Alias": "promotion_2",
                                                      "Startup Cost": 0.0,
                                                      "Total Cost": 19.25,
                                                      "Plan Rows": 492,
                                                      "Plan Width": 4,
                                                      "Filter": "(p_channel_tv = 'N'::bpchar)",
                                                      "parent": 63,
                                                      "ID": 64
                                                    }
                                                  ],
                                                  "parent": 52,
                                                  "ID": 63,
                                                  "left": 64
                                                }
                                              ],
                                              "parent": 51,
                                              "ID": 52,
                                              "left": 53,
                                              "right": 63
                                            },
                                            {
                                              "Node Type": "Hash",
                                              "Parent Relationship": "Inner",
                                              "Parallel Aware": false,
                                              "Async Capable": false,
                                              "Startup Cost": 3.42,
                                              "Total Cost": 3.42,
                                              "Plan Rows": 42,
                                              "Plan Width": 21,
                                              "Plans": [
                                                {
                                                  "Node Type": "Seq Scan",
                                                  "Parent Relationship": "Outer",
                                                  "Parallel Aware": false,
                                                  "Async Capable": false,
                                                  "Relation Name": "web_site",
                                                  "Alias": "web_site",
                                                  "Startup Cost": 0.0,
                                                  "Total Cost": 3.42,
                                                  "Plan Rows": 42,
                                                  "Plan Width": 21,
                                                  "parent": 65,
                                                  "ID": 66
                                                }
                                              ],
                                              "parent": 51,
                                              "ID": 65,
                                              "left": 66
                                            }
                                          ],
                                          "parent": 50,
                                          "ID": 51,
                                          "left": 52,
                                          "right": 65
                                        }
                                      ],
                                      "parent": 49,
                                      "ID": 50,
                                      "left": 51
                                    }
                                  ],
                                  "parent": 48,
                                  "ID": 49,
                                  "left": 50
                                }
                              ],
                              "parent": 47,
                              "ID": 48,
                              "left": 49
                            }
                          ],
                          "parent": 46,
                          "ID": 47,
                          "left": 48
                        }
                      ],
                      "parent": 3,
                      "ID": 46,
                      "left": 47
                    }
                  ],
                  "parent": 2,
                  "ID": 3,
                  "left": 4,
                  "right": 25
                }
              ],
              "parent": 1,
              "ID": 2,
              "left": 3
            }
          ],
          "parent": 0,
          "ID": 1,
          "left": 2
        }
      ],
      "parent": null,
      "ID": 0,
      "left": 1
    },
    "feat": {
      "utility": 0.0,
      "query_shape": [
        [
          "Seq Scan",
          "Hash Join",
          "Sort",
          "Aggregate",
          "Gather Merge",
          "Subquery Scan",
          "Append"
        ],
        [
          "Seq Scan",
          "Hash",
          "Hash Join",
          "Sort",
          "Aggregate",
          "Gather Merge",
          "Subquery Scan",
          "Append"
        ],
        [
          "Seq Scan",
          "Hash",
          "Hash Join",
          "Sort",
          "Aggregate",
          "Gather Merge",
          "Subquery Scan",
          "Append"
        ],
        [
          "Seq Scan",
          "Hash",
          "Hash Join",
          "Sort",
          "Aggregate",
          "Gather Merge",
          "Subquery Scan",
          "Append"
        ],
        [
          "Seq Scan",
          "Hash",
          "Hash Join",
          "Sort",
          "Aggregate",
          "Gather Merge",
          "Subquery Scan",
          "Append"
        ],
        [
          "Seq Scan",
          "Hash",
          "Hash Join",
          "Sort",
          "Aggregate",
          "Gather Merge",
          "Subquery Scan",
          "Append"
        ],
        [
          "Seq Scan",
          "Hash Join",
          "Sort",
          "Aggregate",
          "Gather Merge",
          "Subquery Scan",
          "Append"
        ],
        [
          "Seq Scan",
          "Hash",
          "Hash Join",
          "Sort",
          "Aggregate",
          "Gather Merge",
          "Subquery Scan",
          "Append"
        ],
        [
          "Seq Scan",
          "Hash",
          "Hash Join",
          "Sort",
          "Aggregate",
          "Gather Merge",
          "Subquery Scan",
          "Append"
        ],
        [
          "Seq Scan",
          "Hash",
          "Hash Join",
          "Sort",
          "Aggregate",
          "Gather Merge",
          "Subquery Scan",
          "Append"
        ],
        [
          "Seq Scan",
          "Hash",
          "Hash Join",
          "Sort",
          "Aggregate",
          "Gather Merge",
          "Subquery Scan",
          "Append"
        ],
        [
          "Seq Scan",
          "Hash",
          "Hash Join",
          "Sort",
          "Aggregate",
          "Gather Merge",
          "Subquery Scan",
          "Append"
        ],
        [
          "Seq Scan",
          "Hash Join",
          "Sort",
          "Aggregate",
          "Gather Merge",
          "Subquery Scan",
          "Append"
        ],
        [
          "Seq Scan",
          "Hash",
          "Hash Join",
          "Sort",
          "Aggregate",
          "Gather Merge",
          "Subquery Scan",
          "Append"
        ],
        [
          "Seq Scan",
          "Hash",
          "Hash Join",
          "Sort",
          "Aggregate",
          "Gather Merge",
          "Subquery Scan",
          "Append"
        ],
        [
          "Seq Scan",
          "Hash",
          "Hash Join",
          "Sort",
          "Aggregate",
          "Gather Merge",
          "Subquery Scan",
          "Append"
        ],
        [
          "Seq Scan",
          "Hash",
          "Hash Join",
          "Sort",
          "Aggregate",
          "Gather Merge",
          "Subquery Scan",
          "Append"
        ],
        [
          "Seq Scan",
          "Hash",
          "Hash Join",
          "Sort",
          "Aggregate",
          "Gather Merge",
          "Subquery Scan",
          "Append"
        ]
      ],
      "index_shape": [
        "order-by"
      ],
      "physical_operator": {
        "Sort": [
          "[0. 0. 0. 0. 0. 0. 0. 0. 0. 0. 0. 0. 0. 0. 0. 0. 0. 0. 0. 0. 0. 0. 0. 0.\n 0. 0. 0. 0. 0. 0. 0. 0. 0. 0. 0. 0. 0. 0. 0. 0. 0. 0. 0. 0. 0. 0. 0. 0.\n 0. 0. 0.]"
        ],
        "Aggregate": [
          "[0. 0. 0. 0. 0. 0. 0. 0. 0. 0. 0. 0. 0. 0. 0. 0. 0. 0. 0. 0. 0. 0. 0. 0.\n 0. 0. 0. 0. 0. 0. 0. 0. 0. 0. 0. 0. 0. 0. 0. 0. 0. 0. 0. 0. 0. 0. 0. 0.\n 0. 0. 0.]",
          "[0. 0. 0. 0. 0. 0. 0. 0. 0. 0. 0. 0. 0. 0. 0. 0. 0. 0. 0. 0. 0. 0. 0. 0.\n 0. 0. 0. 0. 0. 0. 0. 0. 0. 0. 0. 0. 0. 0. 0. 0. 0. 0. 0. 0. 0. 0. 0. 0.\n 0. 0. 0.]"
        ]
      }
    }
  },
  {
    "query": "with ssr as\n (select  s_store_id as store_id,\n          sum(ss_ext_sales_price) as sales,\n          sum(coalesce(sr_return_amt, 0)) as returns,\n          sum(ss_net_profit - coalesce(sr_net_loss, 0)) as profit\n  from store_sales left outer join store_returns on\n         (ss_item_sk = sr_item_sk and ss_ticket_number = sr_ticket_number),\n     date_dim,\n     store,\n     item,\n     promotion\n where ss_sold_date_sk = d_date_sk\n       and d_date between cast('2000-08-02' as date) \n                  and (cast('2000-08-02' as date) +  interval '30 days')\n       and ss_store_sk = s_store_sk\n       and ss_item_sk = i_item_sk\n       and i_current_price > 50\n       and ss_promo_sk = p_promo_sk\n       and p_channel_tv = 'N'\n group by s_store_id)\n ,\n csr as\n (select  cp_catalog_page_id as catalog_page_id,\n          sum(cs_ext_sales_price) as sales,\n          sum(coalesce(cr_return_amount, 0)) as returns,\n          sum(cs_net_profit - coalesce(cr_net_loss, 0)) as profit\n  from catalog_sales left outer join catalog_returns on\n         (cs_item_sk = cr_item_sk and cs_order_number = cr_order_number),\n     date_dim,\n     catalog_page,\n     item,\n     promotion\n where cs_sold_date_sk = d_date_sk\n       and d_date between cast('2000-08-02' as date)\n                  and (cast('2000-08-02' as date) +  interval '30 days')\n        and cs_catalog_page_sk = cp_catalog_page_sk\n       and cs_item_sk = i_item_sk\n       and i_current_price > 50\n       and cs_promo_sk = p_promo_sk\n       and p_channel_tv = 'N'\ngroup by cp_catalog_page_id)\n ,\n wsr as\n (select  web_site_id,\n          sum(ws_ext_sales_price) as sales,\n          sum(coalesce(wr_return_amt, 0)) as returns,\n          sum(ws_net_profit - coalesce(wr_net_loss, 0)) as profit\n  from web_sales left outer join web_returns on\n         (ws_item_sk = wr_item_sk and ws_order_number = wr_order_number),\n     date_dim,\n     web_site,\n     item,\n     promotion\n where ws_sold_date_sk = d_date_sk\n       and d_date between cast('2000-08-02' as date)\n                  and (cast('2000-08-02' as date) +  interval '30 days')\n        and ws_web_site_sk = web_site_sk\n       and ws_item_sk = i_item_sk\n       and i_current_price > 50\n       and ws_promo_sk = p_promo_sk\n       and p_channel_tv = 'N'\ngroup by web_site_id)\n  select  channel\n        , id\n        , sum(sales) as sales\n        , sum(returns) as returns\n        , sum(profit) as profit\n from \n (select 'store channel' as channel\n        , 'store' || store_id as id\n        , sales\n        , returns\n        , profit\n from   ssr\n union all\n select 'catalog channel' as channel\n        , 'catalog_page' || catalog_page_id as id\n        , sales\n        , returns\n        , profit\n from  csr\n union all\n select 'web channel' as channel\n        , 'web_site' || web_site_id as id\n        , sales\n        , returns\n        , profit\n from   wsr\n ) x\n group by rollup (channel, id)\n order by channel\n         ,id\n limit 100;\n\n-- end query 61 in stream 4 using template query80.tpl\n",
    "indexes": "web_site.web_site_sk",
    "wo plan est": {
      "Node Type": "Limit",
      "Parallel Aware": false,
      "Async Capable": false,
      "Startup Cost": 1566793.64,
      "Total Cost": 1566796.93,
      "Plan Rows": 100,
      "Plan Width": 160,
      "Plans": [
        {
          "Node Type": "Aggregate",
          "Strategy": "Sorted",
          "Partial Mode": "Simple",
          "Parent Relationship": "Outer",
          "Parallel Aware": false,
          "Async Capable": false,
          "Startup Cost": 1566793.64,
          "Total Cost": 1566806.84,
          "Plan Rows": 401,
          "Plan Width": 160,
          "Grouping Sets": [
            {
              "Group Keys": [
                [
                  "('store channel'::text)",
                  "(('store'::text || (ssr.store_id)::text))"
                ],
                [
                  "('store channel'::text)"
                ],
                []
              ]
            }
          ],
          "Plans": [
            {
              "Node Type": "Sort",
              "Parent Relationship": "Outer",
              "Parallel Aware": false,
              "Async Capable": false,
              "Startup Cost": 1566793.64,
              "Total Cost": 1566794.67,
              "Plan Rows": 412,
              "Plan Width": 160,
              "Sort Key": [
                "('store channel'::text)",
                "(('store'::text || (ssr.store_id)::text))"
              ],
              "Plans": [
                {
                  "Node Type": "Append",
                  "Parent Relationship": "Outer",
                  "Parallel Aware": false,
                  "Async Capable": false,
                  "Startup Cost": 784596.3,
                  "Total Cost": 1566775.74,
                  "Plan Rows": 412,
                  "Plan Width": 160,
                  "Subplans Removed": 0,
                  "Plans": [
                    {
                      "Node Type": "Subquery Scan",
                      "Parent Relationship": "Member",
                      "Parallel Aware": false,
                      "Async Capable": false,
                      "Alias": "ssr",
                      "Startup Cost": 784596.3,
                      "Total Cost": 784616.16,
                      "Plan Rows": 51,
                      "Plan Width": 160,
                      "Plans": [
                        {
                          "Node Type": "Aggregate",
                          "Strategy": "Sorted",
                          "Partial Mode": "Finalize",
                          "Parent Relationship": "Subquery",
                          "Parallel Aware": false,
                          "Async Capable": false,
                          "Startup Cost": 784596.3,
                          "Total Cost": 784615.39,
                          "Plan Rows": 51,
                          "Plan Width": 113,
                          "Group Key": [
                            "store.s_store_id"
                          ],
                          "Plans": [
                            {
                              "Node Type": "Gather Merge",
                              "Parent Relationship": "Outer",
                              "Parallel Aware": false,
                              "Async Capable": false,
                              "Startup Cost": 784596.3,
                              "Total Cost": 784612.71,
                              "Plan Rows": 102,
                              "Plan Width": 113,
                              "Workers Planned": 2,
                              "Plans": [
                                {
                                  "Node Type": "Aggregate",
                                  "Strategy": "Sorted",
                                  "Partial Mode": "Partial",
                                  "Parent Relationship": "Outer",
                                  "Parallel Aware": false,
                                  "Async Capable": false,
                                  "Startup Cost": 783596.27,
                                  "Total Cost": 783600.92,
                                  "Plan Rows": 51,
                                  "Plan Width": 113,
                                  "Group Key": [
                                    "store.s_store_id"
                                  ],
                                  "Plans": [
                                    {
                                      "Node Type": "Sort",
                                      "Parent Relationship": "Outer",
                                      "Parallel Aware": false,
                                      "Async Capable": false,
                                      "Startup Cost": 783596.27,
                                      "Total Cost": 783596.9,
                                      "Plan Rows": 250,
                                      "Plan Width": 41,
                                      "Sort Key": [
                                        "store.s_store_id"
                                      ],
                                      "Plans": [
                                        {
                                          "Node Type": "Hash Join",
                                          "Parent Relationship": "Outer",
                                          "Parallel Aware": false,
                                          "Async Capable": false,
                                          "Join Type": "Inner",
                                          "Startup Cost": 94489.35,
                                          "Total Cost": 783586.32,
                                          "Plan Rows": 250,
                                          "Plan Width": 41,
                                          "Inner Unique": false,
                                          "Hash Cond": "(store_sales.ss_store_sk = store.s_store_sk)",
                                          "Plans": [
                                            {
                                              "Node Type": "Hash Join",
                                              "Parent Relationship": "Outer",
                                              "Parallel Aware": false,
                                              "Async Capable": false,
                                              "Join Type": "Inner",
                                              "Startup Cost": 94482.05,
                                              "Total Cost": 783575.54,
                                              "Plan Rows": 262,
                                              "Plan Width": 28,
                                              "Inner Unique": false,
                                              "Hash Cond": "(store_sales.ss_promo_sk = promotion.p_promo_sk)",
                                              "Plans": [
                                                {
                                                  "Node Type": "Hash Join",
                                                  "Parent Relationship": "Outer",
                                                  "Parallel Aware": true,
                                                  "Async Capable": false,
                                                  "Join Type": "Inner",
                                                  "Startup Cost": 94456.65,
                                                  "Total Cost": 783546.47,
                                                  "Plan Rows": 279,
                                                  "Plan Width": 32,
                                                  "Inner Unique": false,
                                                  "Hash Cond": "(store_sales.ss_item_sk = item.i_item_sk)",
                                                  "Plans": [
                                                    {
                                                      "Node Type": "Hash Join",
                                                      "Parent Relationship": "Outer",
                                                      "Parallel Aware": true,
                                                      "Async Capable": false,
                                                      "Join Type": "Left",
                                                      "Startup Cost": 86930.88,
                                                      "Total Cost": 776001.31,
                                                      "Plan Rows": 4860,
                                                      "Plan Width": 36,
                                                      "Inner Unique": false,
                                                      "Hash Cond": "((store_sales.ss_item_sk = store_returns.sr_item_sk) AND (store_sales.ss_ticket_number = store_returns.sr_ticket_number))",
                                                      "Plans": [
                                                        {
                                                          "Node Type": "Hash Join",
                                                          "Parent Relationship": "Outer",
                                                          "Parallel Aware": true,
                                                          "Async Capable": false,
                                                          "Join Type": "Inner",
                                                          "Startup Cost": 2049.78,
                                                          "Total Cost": 683994.75,
                                                          "Plan Rows": 4860,
                                                          "Plan Width": 28,
                                                          "Inner Unique": false,
                                                          "Hash Cond": "(store_sales.ss_sold_date_sk = date_dim.d_date_sk)",
                                                          "Plans": [
                                                            {
                                                              "Node Type": "Seq Scan",
                                                              "Parent Relationship": "Outer",
                                                              "Parallel Aware": true,
                                                              "Async Capable": false,
                                                              "Relation Name": "store_sales",
                                                              "Alias": "store_sales",
                                                              "Startup Cost": 0.0,
                                                              "Total Cost": 636914.37,
                                                              "Plan Rows": 12000637,
                                                              "Plan Width": 32,
                                                              "parent": 13,
                                                              "ID": 14
                                                            },
                                                            {
                                                              "Node Type": "Hash",
                                                              "Parent Relationship": "Inner",
                                                              "Parallel Aware": true,
                                                              "Async Capable": false,
                                                              "Startup Cost": 2049.55,
                                                              "Total Cost": 2049.55,
                                                              "Plan Rows": 18,
                                                              "Plan Width": 4,
                                                              "Plans": [
                                                                {
                                                                  "Node Type": "Seq Scan",
                                                                  "Parent Relationship": "Outer",
                                                                  "Parallel Aware": true,
                                                                  "Async Capable": false,
                                                                  "Relation Name": "date_dim",
                                                                  "Alias": "date_dim",
                                                                  "Startup Cost": 0.0,
                                                                  "Total Cost": 2049.55,
                                                                  "Plan Rows": 18,
                                                                  "Plan Width": 4,
                                                                  "Filter": "((d_date >= '2000-08-02'::date) AND (d_date <= '2000-09-01 00:00:00'::timestamp without time zone))",
                                                                  "parent": 15,
                                                                  "ID": 16
                                                                }
                                                              ],
                                                              "parent": 13,
                                                              "ID": 15,
                                                              "left": 16
                                                            }
                                                          ],
                                                          "parent": 12,
                                                          "ID": 13,
                                                          "left": 14,
                                                          "right": 15
                                                        },
                                                        {
                                                          "Node Type": "Hash",
                                                          "Parent Relationship": "Inner",
                                                          "Parallel Aware": true,
                                                          "Async Capable": false,
                                                          "Startup Cost": 59887.64,
                                                          "Total Cost": 59887.64,
                                                          "Plan Rows": 1198164,
                                                          "Plan Width": 20,
                                                          "Plans": [
                                                            {
                                                              "Node Type": "Seq Scan",
                                                              "Parent Relationship": "Outer",
                                                              "Parallel Aware": true,
                                                              "Async Capable": false,
                                                              "Relation Name": "store_returns",
                                                              "Alias": "store_returns",
                                                              "Startup Cost": 0.0,
                                                              "Total Cost": 59887.64,
                                                              "Plan Rows": 1198164,
                                                              "Plan Width": 20,
                                                              "parent": 17,
                                                              "ID": 18
                                                            }
                                                          ],
                                                          "parent": 12,
                                                          "ID": 17,
                                                          "left": 18
                                                        }
                                                      ],
                                                      "parent": 11,
                                                      "ID": 12,
                                                      "left": 13,
                                                      "right": 17
                                                    },
                                                    {
                                                      "Node Type": "Hash",
                                                      "Parent Relationship": "Inner",
                                                      "Parallel Aware": true,
                                                      "Async Capable": false,
                                                      "Startup Cost": 7495.25,
                                                      "Total Cost": 7495.25,
                                                      "Plan Rows": 2442,
                                                      "Plan Width": 4,
                                                      "Plans": [
                                                        {
                                                          "Node Type": "Seq Scan",
                                                          "Parent Relationship": "Outer",
                                                          "Parallel Aware": true,
                                                          "Async Capable": false,
                                                          "Relation Name": "item",
                                                          "Alias": "item",
                                                          "Startup Cost": 0.0,
                                                          "Total Cost": 7495.25,
                                                          "Plan Rows": 2442,
                                                          "Plan Width": 4,
                                                          "Filter": "(i_current_price > '50'::numeric)",
                                                          "parent": 19,
                                                          "ID": 20
                                                        }
                                                      ],
                                                      "parent": 11,
                                                      "ID": 19,
                                                      "left": 20
                                                    }
                                                  ],
                                                  "parent": 10,
                                                  "ID": 11,
                                                  "left": 12,
                                                  "right": 19
                                                },
                                                {
                                                  "Node Type": "Hash",
                                                  "Parent Relationship": "Inner",
                                                  "Parallel Aware": false,
                                                  "Async Capable": false,
                                                  "Startup Cost": 19.25,
                                                  "Total Cost": 19.25,
                                                  "Plan Rows": 492,
                                                  "Plan Width": 4,
                                                  "Plans": [
                                                    {
                                                      "Node Type": "Seq Scan",
                                                      "Parent Relationship": "Outer",
                                                      "Parallel Aware": false,
                                                      "Async Capable": false,
                                                      "Relation Name": "promotion",
                                                      "Alias": "promotion",
                                                      "Startup Cost": 0.0,
                                                      "Total Cost": 19.25,
                                                      "Plan Rows": 492,
                                                      "Plan Width": 4,
                                                      "Filter": "(p_channel_tv = 'N'::bpchar)",
                                                      "parent": 21,
                                                      "ID": 22
                                                    }
                                                  ],
                                                  "parent": 10,
                                                  "ID": 21,
                                                  "left": 22
                                                }
                                              ],
                                              "parent": 9,
                                              "ID": 10,
                                              "left": 11,
                                              "right": 21
                                            },
                                            {
                                              "Node Type": "Hash",
                                              "Parent Relationship": "Inner",
                                              "Parallel Aware": false,
                                              "Async Capable": false,
                                              "Startup Cost": 6.02,
                                              "Total Cost": 6.02,
                                              "Plan Rows": 102,
                                              "Plan Width": 21,
                                              "Plans": [
                                                {
                                                  "Node Type": "Seq Scan",
                                                  "Parent Relationship": "Outer",
                                                  "Parallel Aware": false,
                                                  "Async Capable": false,
                                                  "Relation Name": "store",
                                                  "Alias": "store",
                                                  "Startup Cost": 0.0,
                                                  "Total Cost": 6.02,
                                                  "Plan Rows": 102,
                                                  "Plan Width": 21,
                                                  "parent": 23,
                                                  "ID": 24
                                                }
                                              ],
                                              "parent": 9,
                                              "ID": 23,
                                              "left": 24
                                            }
                                          ],
                                          "parent": 8,
                                          "ID": 9,
                                          "left": 10,
                                          "right": 23
                                        }
                                      ],
                                      "parent": 7,
                                      "ID": 8,
                                      "left": 9
                                    }
                                  ],
                                  "parent": 6,
                                  "ID": 7,
                                  "left": 8
                                }
                              ],
                              "parent": 5,
                              "ID": 6,
                              "left": 7
                            }
                          ],
                          "parent": 4,
                          "ID": 5,
                          "left": 6
                        }
                      ],
                      "parent": 3,
                      "ID": 4,
                      "left": 5
                    },
                    {
                      "Node Type": "Subquery Scan",
                      "Parent Relationship": "Member",
                      "Parallel Aware": false,
                      "Async Capable": false,
                      "Alias": "csr",
                      "Startup Cost": 518177.36,
                      "Total Cost": 518230.78,
                      "Plan Rows": 340,
                      "Plan Width": 160,
                      "Plans": [
                        {
                          "Node Type": "Aggregate",
                          "Strategy": "Sorted",
                          "Partial Mode": "Finalize",
                          "Parent Relationship": "Subquery",
                          "Parallel Aware": false,
                          "Async Capable": false,
                          "Startup Cost": 518177.36,
                          "Total Cost": 518225.68,
                          "Plan Rows": 340,
                          "Plan Width": 113,
                          "Group Key": [
                            "catalog_page.cp_catalog_page_id"
                          ],
                          "Plans": [
                            {
                              "Node Type": "Gather Merge",
                              "Parent Relationship": "Outer",
                              "Parallel Aware": false,
                              "Async Capable": false,
                              "Startup Cost": 518177.36,
                              "Total Cost": 518214.76,
                              "Plan Rows": 284,
                              "Plan Width": 113,
                              "Workers Planned": 2,
                              "Plans": [
                                {
                                  "Node Type": "Aggregate",
                                  "Strategy": "Sorted",
                                  "Partial Mode": "Partial",
                                  "Parent Relationship": "Outer",
                                  "Parallel Aware": false,
                                  "Async Capable": false,
                                  "Startup Cost": 517177.34,
                                  "Total Cost": 517181.95,
                                  "Plan Rows": 142,
                                  "Plan Width": 113,
                                  "Group Key": [
                                    "catalog_page.cp_catalog_page_id"
                                  ],
                                  "Plans": [
                                    {
                                      "Node Type": "Sort",
                                      "Parent Relationship": "Outer",
                                      "Parallel Aware": false,
                                      "Async Capable": false,
                                      "Startup Cost": 517177.34,
                                      "Total Cost": 517177.69,
                                      "Plan Rows": 142,
                                      "Plan Width": 41,
                                      "Sort Key": [
                                        "catalog_page.cp_catalog_page_id"
                                      ],
                                      "Plans": [
                                        {
                                          "Node Type": "Hash Join",
                                          "Parent Relationship": "Outer",
                                          "Parallel Aware": false,
                                          "Async Capable": false,
                                          "Join Type": "Inner",
                                          "Startup Cost": 57382.33,
                                          "Total Cost": 517172.26,
                                          "Plan Rows": 142,
                                          "Plan Width": 41,
                                          "Inner Unique": false,
                                          "Hash Cond": "(catalog_sales.cs_catalog_page_sk = catalog_page.cp_catalog_page_sk)",
                                          "Plans": [
                                            {
                                              "Node Type": "Hash Join",
                                              "Parent Relationship": "Outer",
                                              "Parallel Aware": false,
                                              "Async Capable": false,
                                              "Join Type": "Inner",
                                              "Startup Cost": 56864.33,
                                              "Total Cost": 516652.32,
                                              "Plan Rows": 142,
                                              "Plan Width": 28,
                                              "Inner Unique": false,
                                              "Hash Cond": "(catalog_sales.cs_promo_sk = promotion_1.p_promo_sk)",
                                              "Plans": [
                                                {
                                                  "Node Type": "Hash Join",
                                                  "Parent Relationship": "Outer",
                                                  "Parallel Aware": true,
                                                  "Async Capable": false,
                                                  "Join Type": "Inner",
                                                  "Startup Cost": 56838.93,
                                                  "Total Cost": 516624.96,
                                                  "Plan Rows": 145,
                                                  "Plan Width": 32,
                                                  "Inner Unique": false,
                                                  "Hash Cond": "(catalog_sales.cs_item_sk = item_1.i_item_sk)",
                                                  "Plans": [
                                                    {
                                                      "Node Type": "Hash Join",
                                                      "Parent Relationship": "Outer",
                                                      "Parallel Aware": true,
                                                      "Async Capable": false,
                                                      "Join Type": "Left",
                                                      "Startup Cost": 49313.15,
                                                      "Total Cost": 509089.08,
                                                      "Plan Rows": 2532,
                                                      "Plan Width": 36,
                                                      "Inner Unique": false,
                                                      "Hash Cond": "((catalog_sales.cs_item_sk = catalog_returns.cr_item_sk) AND (catalog_sales.cs_order_number = catalog_returns.cr_order_number))",
                                                      "Plans": [
                                                        {
                                                          "Node Type": "Hash Join",
                                                          "Parent Relationship": "Outer",
                                                          "Parallel Aware": true,
                                                          "Async Capable": false,
                                                          "Join Type": "Inner",
                                                          "Startup Cost": 2049.78,
                                                          "Total Cost": 458254.7,
                                                          "Plan Rows": 2532,
                                                          "Plan Width": 28,
                                                          "Inner Unique": false,
                                                          "Hash Cond": "(catalog_sales.cs_sold_date_sk = date_dim_1.d_date_sk)",
                                                          "Plans": [
                                                            {
                                                              "Node Type": "Seq Scan",
                                                              "Parent Relationship": "Outer",
                                                              "Parallel Aware": true,
                                                              "Async Capable": false,
                                                              "Relation Name": "catalog_sales",
                                                              "Alias": "catalog_sales",
                                                              "Startup Cost": 0.0,
                                                              "Total Cost": 433688.25,
                                                              "Plan Rows": 6000525,
                                                              "Plan Width": 32,
                                                              "parent": 34,
                                                              "ID": 35
                                                            },
                                                            {
                                                              "Node Type": "Hash",
                                                              "Parent Relationship": "Inner",
                                                              "Parallel Aware": true,
                                                              "Async Capable": false,
                                                              "Startup Cost": 2049.55,
                                                              "Total Cost": 2049.55,
                                                              "Plan Rows": 18,
                                                              "Plan Width": 4,
                                                              "Plans": [
                                                                {
                                                                  "Node Type": "Seq Scan",
                                                                  "Parent Relationship": "Outer",
                                                                  "Parallel Aware": true,
                                                                  "Async Capable": false,
                                                                  "Relation Name": "date_dim",
                                                                  "Alias": "date_dim_1",
                                                                  "Startup Cost": 0.0,
                                                                  "Total Cost": 2049.55,
                                                                  "Plan Rows": 18,
                                                                  "Plan Width": 4,
                                                                  "Filter": "((d_date >= '2000-08-02'::date) AND (d_date <= '2000-09-01 00:00:00'::timestamp without time zone))",
                                                                  "parent": 36,
                                                                  "ID": 37
                                                                }
                                                              ],
                                                              "parent": 34,
                                                              "ID": 36,
                                                              "left": 37
                                                            }
                                                          ],
                                                          "parent": 33,
                                                          "ID": 34,
                                                          "left": 35,
                                                          "right": 36
                                                        },
                                                        {
                                                          "Node Type": "Hash",
                                                          "Parent Relationship": "Inner",
                                                          "Parallel Aware": true,
                                                          "Async Capable": false,
                                                          "Startup Cost": 34748.95,
                                                          "Total Cost": 34748.95,
                                                          "Plan Rows": 599895,
                                                          "Plan Width": 20,
                                                          "Plans": [
                                                            {
                                                              "Node Type": "Seq Scan",
                                                              "Parent Relationship": "Outer",
                                                              "Parallel Aware": true,
                                                              "Async Capable": false,
                                                              "Relation Name": "catalog_returns",
                                                              "Alias": "catalog_returns",
                                                              "Startup Cost": 0.0,
                                                              "Total Cost": 34748.95,
                                                              "Plan Rows": 599895,
                                                              "Plan Width": 20,
                                                              "parent": 38,
                                                              "ID": 39
                                                            }
                                                          ],
                                                          "parent": 33,
                                                          "ID": 38,
                                                          "left": 39
                                                        }
                                                      ],
                                                      "parent": 32,
                                                      "ID": 33,
                                                      "left": 34,
                                                      "right": 38
                                                    },
                                                    {
                                                      "Node Type": "Hash",
                                                      "Parent Relationship": "Inner",
                                                      "Parallel Aware": true,
                                                      "Async Capable": false,
                                                      "Startup Cost": 7495.25,
                                                      "Total Cost": 7495.25,
                                                      "Plan Rows": 2442,
                                                      "Plan Width": 4,
                                                      "Plans": [
                                                        {
                                                          "Node Type": "Seq Scan",
                                                          "Parent Relationship": "Outer",
                                                          "Parallel Aware": true,
                                                          "Async Capable": false,
                                                          "Relation Name": "item",
                                                          "Alias": "item_1",
                                                          "Startup Cost": 0.0,
                                                          "Total Cost": 7495.25,
                                                          "Plan Rows": 2442,
                                                          "Plan Width": 4,
                                                          "Filter": "(i_current_price > '50'::numeric)",
                                                          "parent": 40,
                                                          "ID": 41
                                                        }
                                                      ],
                                                      "parent": 32,
                                                      "ID": 40,
                                                      "left": 41
                                                    }
                                                  ],
                                                  "parent": 31,
                                                  "ID": 32,
                                                  "left": 33,
                                                  "right": 40
                                                },
                                                {
                                                  "Node Type": "Hash",
                                                  "Parent Relationship": "Inner",
                                                  "Parallel Aware": false,
                                                  "Async Capable": false,
                                                  "Startup Cost": 19.25,
                                                  "Total Cost": 19.25,
                                                  "Plan Rows": 492,
                                                  "Plan Width": 4,
                                                  "Plans": [
                                                    {
                                                      "Node Type": "Seq Scan",
                                                      "Parent Relationship": "Outer",
                                                      "Parallel Aware": false,
                                                      "Async Capable": false,
                                                      "Relation Name": "promotion",
                                                      "Alias": "promotion_1",
                                                      "Startup Cost": 0.0,
                                                      "Total Cost": 19.25,
                                                      "Plan Rows": 492,
                                                      "Plan Width": 4,
                                                      "Filter": "(p_channel_tv = 'N'::bpchar)",
                                                      "parent": 42,
                                                      "ID": 43
                                                    }
                                                  ],
                                                  "parent": 31,
                                                  "ID": 42,
                                                  "left": 43
                                                }
                                              ],
                                              "parent": 30,
                                              "ID": 31,
                                              "left": 32,
                                              "right": 42
                                            },
                                            {
                                              "Node Type": "Hash",
                                              "Parent Relationship": "Inner",
                                              "Parallel Aware": false,
                                              "Async Capable": false,
                                              "Startup Cost": 368.0,
                                              "Total Cost": 368.0,
                                              "Plan Rows": 12000,
                                              "Plan Width": 21,
                                              "Plans": [
                                                {
                                                  "Node Type": "Seq Scan",
                                                  "Parent Relationship": "Outer",
                                                  "Parallel Aware": false,
                                                  "Async Capable": false,
                                                  "Relation Name": "catalog_page",
                                                  "Alias": "catalog_page",
                                                  "Startup Cost": 0.0,
                                                  "Total Cost": 368.0,
                                                  "Plan Rows": 12000,
                                                  "Plan Width": 21,
                                                  "parent": 44,
                                                  "ID": 45
                                                }
                                              ],
                                              "parent": 30,
                                              "ID": 44,
                                              "left": 45
                                            }
                                          ],
                                          "parent": 29,
                                          "ID": 30,
                                          "left": 31,
                                          "right": 44
                                        }
                                      ],
                                      "parent": 28,
                                      "ID": 29,
                                      "left": 30
                                    }
                                  ],
                                  "parent": 27,
                                  "ID": 28,
                                  "left": 29
                                }
                              ],
                              "parent": 26,
                              "ID": 27,
                              "left": 28
                            }
                          ],
                          "parent": 25,
                          "ID": 26,
                          "left": 27
                        }
                      ],
                      "parent": 3,
                      "ID": 25,
                      "left": 26
                    },
                    {
                      "Node Type": "Subquery Scan",
                      "Parent Relationship": "Member",
                      "Parallel Aware": false,
                      "Async Capable": false,
                      "Alias": "wsr",
                      "Startup Cost": 263919.04,
                      "Total Cost": 263926.75,
                      "Plan Rows": 21,
                      "Plan Width": 160,
                      "Plans": [
                        {
                          "Node Type": "Aggregate",
                          "Strategy": "Sorted",
                          "Partial Mode": "Finalize",
                          "Parent Relationship": "Subquery",
                          "Parallel Aware": false,
                          "Async Capable": false,
                          "Startup Cost": 263919.04,
                          "Total Cost": 263926.43,
                          "Plan Rows": 21,
                          "Plan Width": 113,
                          "Group Key": [
                            "web_site.web_site_id"
                          ],
                          "Plans": [
                            {
                              "Node Type": "Gather Merge",
                              "Parent Relationship": "Outer",
                              "Parallel Aware": false,
                              "Async Capable": false,
                              "Startup Cost": 263919.04,
                              "Total Cost": 263925.33,
                              "Plan Rows": 42,
                              "Plan Width": 113,
                              "Workers Planned": 2,
                              "Plans": [
                                {
                                  "Node Type": "Aggregate",
                                  "Strategy": "Sorted",
                                  "Partial Mode": "Partial",
                                  "Parent Relationship": "Outer",
                                  "Parallel Aware": false,
                                  "Async Capable": false,
                                  "Startup Cost": 262919.01,
                                  "Total Cost": 262920.46,
                                  "Plan Rows": 21,
                                  "Plan Width": 113,
                                  "Group Key": [
                                    "web_site.web_site_id"
                                  ],
                                  "Plans": [
                                    {
                                      "Node Type": "Sort",
                                      "Parent Relationship": "Outer",
                                      "Parallel Aware": false,
                                      "Async Capable": false,
                                      "Startup Cost": 262919.01,
                                      "Total Cost": 262919.19,
                                      "Plan Rows": 72,
                                      "Plan Width": 41,
                                      "Sort Key": [
                                        "web_site.web_site_id"
                                      ],
                                      "Plans": [
                                        {
                                          "Node Type": "Hash Join",
                                          "Parent Relationship": "Outer",
                                          "Parallel Aware": false,
                                          "Async Capable": false,
                                          "Join Type": "Inner",
                                          "Startup Cost": 32134.74,
                                          "Total Cost": 262916.79,
                                          "Plan Rows": 72,
                                          "Plan Width": 41,
                                          "Inner Unique": false,
                                          "Hash Cond": "(web_sales.ws_web_site_sk = web_site.web_site_sk)",
                                          "Plans": [
                                            {
                                              "Node Type": "Hash Join",
                                              "Parent Relationship": "Outer",
                                              "Parallel Aware": false,
                                              "Async Capable": false,
                                              "Join Type": "Inner",
                                              "Startup Cost": 32130.8,
                                              "Total Cost": 262911.86,
                                              "Plan Rows": 72,
                                              "Plan Width": 28,
                                              "Inner Unique": false,
                                              "Hash Cond": "(web_sales.ws_promo_sk = promotion_2.p_promo_sk)",
                                              "Plans": [
                                                {
                                                  "Node Type": "Hash Join",
                                                  "Parent Relationship": "Outer",
                                                  "Parallel Aware": true,
                                                  "Async Capable": false,
                                                  "Join Type": "Inner",
                                                  "Startup Cost": 32105.4,
                                                  "Total Cost": 262885.46,
                                                  "Plan Rows": 73,
                                                  "Plan Width": 32,
                                                  "Inner Unique": false,
                                                  "Hash Cond": "(web_sales.ws_item_sk = item_2.i_item_sk)",
                                                  "Plans": [
                                                    {
                                                      "Node Type": "Hash Join",
                                                      "Parent Relationship": "Outer",
                                                      "Parallel Aware": true,
                                                      "Async Capable": false,
                                                      "Join Type": "Left",
                                                      "Startup Cost": 24579.62,
                                                      "Total Cost": 255354.62,
                                                      "Plan Rows": 1272,
                                                      "Plan Width": 36,
                                                      "Inner Unique": false,
                                                      "Hash Cond": "((web_sales.ws_item_sk = web_returns.wr_item_sk) AND (web_sales.ws_order_number = web_returns.wr_order_number))",
                                                      "Plans": [
                                                        {
                                                          "Node Type": "Hash Join",
                                                          "Parent Relationship": "Outer",
                                                          "Parallel Aware": true,
                                                          "Async Capable": false,
                                                          "Join Type": "Inner",
                                                          "Startup Cost": 2049.78,
                                                          "Total Cost": 231041.22,
                                                          "Plan Rows": 1272,
                                                          "Plan Width": 28,
                                                          "Inner Unique": false,
                                                          "Hash Cond": "(web_sales.ws_sold_date_sk = date_dim_2.d_date_sk)",
                                                          "Plans": [
                                                            {
                                                              "Node Type": "Seq Scan",
                                                              "Parent Relationship": "Outer",
                                                              "Parallel Aware": true,
                                                              "Async Capable": false,
                                                              "Relation Name": "web_sales",
                                                              "Alias": "web_sales",
                                                              "Startup Cost": 0.0,
                                                              "Total Cost": 217737.86,
                                                              "Plan Rows": 2998986,
                                                              "Plan Width": 32,
                                                              "parent": 55,
                                                              "ID": 56
                                                            },
                                                            {
                                                              "Node Type": "Hash",
                                                              "Parent Relationship": "Inner",
                                                              "Parallel Aware": true,
                                                              "Async Capable": false,
                                                              "Startup Cost": 2049.55,
                                                              "Total Cost": 2049.55,
                                                              "Plan Rows": 18,
                                                              "Plan Width": 4,
                                                              "Plans": [
                                                                {
                                                                  "Node Type": "Seq Scan",
                                                                  "Parent Relationship": "Outer",
                                                                  "Parallel Aware": true,
                                                                  "Async Capable": false,
                                                                  "Relation Name": "date_dim",
                                                                  "Alias": "date_dim_2",
                                                                  "Startup Cost": 0.0,
                                                                  "Total Cost": 2049.55,
                                                                  "Plan Rows": 18,
                                                                  "Plan Width": 4,
                                                                  "Filter": "((d_date >= '2000-08-02'::date) AND (d_date <= '2000-09-01 00:00:00'::timestamp without time zone))",
                                                                  "parent": 57,
                                                                  "ID": 58
                                                                }
                                                              ],
                                                              "parent": 55,
                                                              "ID": 57,
                                                              "left": 58
                                                            }
                                                          ],
                                                          "parent": 54,
                                                          "ID": 55,
                                                          "left": 56,
                                                          "right": 57
                                                        },
                                                        {
                                                          "Node Type": "Hash",
                                                          "Parent Relationship": "Inner",
                                                          "Parallel Aware": true,
                                                          "Async Capable": false,
                                                          "Startup Cost": 16278.74,
                                                          "Total Cost": 16278.74,
                                                          "Plan Rows": 299674,
                                                          "Plan Width": 20,
                                                          "Plans": [
                                                            {
                                                              "Node Type": "Seq Scan",
                                                              "Parent Relationship": "Outer",
                                                              "Parallel Aware": true,
                                                              "Async Capable": false,
                                                              "Relation Name": "web_returns",
                                                              "Alias": "web_returns",
                                                              "Startup Cost": 0.0,
                                                              "Total Cost": 16278.74,
                                                              "Plan Rows": 299674,
                                                              "Plan Width": 20,
                                                              "parent": 59,
                                                              "ID": 60
                                                            }
                                                          ],
                                                          "parent": 54,
                                                          "ID": 59,
                                                          "left": 60
                                                        }
                                                      ],
                                                      "parent": 53,
                                                      "ID": 54,
                                                      "left": 55,
                                                      "right": 59
                                                    },
                                                    {
                                                      "Node Type": "Hash",
                                                      "Parent Relationship": "Inner",
                                                      "Parallel Aware": true,
                                                      "Async Capable": false,
                                                      "Startup Cost": 7495.25,
                                                      "Total Cost": 7495.25,
                                                      "Plan Rows": 2442,
                                                      "Plan Width": 4,
                                                      "Plans": [
                                                        {
                                                          "Node Type": "Seq Scan",
                                                          "Parent Relationship": "Outer",
                                                          "Parallel Aware": true,
                                                          "Async Capable": false,
                                                          "Relation Name": "item",
                                                          "Alias": "item_2",
                                                          "Startup Cost": 0.0,
                                                          "Total Cost": 7495.25,
                                                          "Plan Rows": 2442,
                                                          "Plan Width": 4,
                                                          "Filter": "(i_current_price > '50'::numeric)",
                                                          "parent": 61,
                                                          "ID": 62
                                                        }
                                                      ],
                                                      "parent": 53,
                                                      "ID": 61,
                                                      "left": 62
                                                    }
                                                  ],
                                                  "parent": 52,
                                                  "ID": 53,
                                                  "left": 54,
                                                  "right": 61
                                                },
                                                {
                                                  "Node Type": "Hash",
                                                  "Parent Relationship": "Inner",
                                                  "Parallel Aware": false,
                                                  "Async Capable": false,
                                                  "Startup Cost": 19.25,
                                                  "Total Cost": 19.25,
                                                  "Plan Rows": 492,
                                                  "Plan Width": 4,
                                                  "Plans": [
                                                    {
                                                      "Node Type": "Seq Scan",
                                                      "Parent Relationship": "Outer",
                                                      "Parallel Aware": false,
                                                      "Async Capable": false,
                                                      "Relation Name": "promotion",
                                                      "Alias": "promotion_2",
                                                      "Startup Cost": 0.0,
                                                      "Total Cost": 19.25,
                                                      "Plan Rows": 492,
                                                      "Plan Width": 4,
                                                      "Filter": "(p_channel_tv = 'N'::bpchar)",
                                                      "parent": 63,
                                                      "ID": 64
                                                    }
                                                  ],
                                                  "parent": 52,
                                                  "ID": 63,
                                                  "left": 64
                                                }
                                              ],
                                              "parent": 51,
                                              "ID": 52,
                                              "left": 53,
                                              "right": 63
                                            },
                                            {
                                              "Node Type": "Hash",
                                              "Parent Relationship": "Inner",
                                              "Parallel Aware": false,
                                              "Async Capable": false,
                                              "Startup Cost": 3.42,
                                              "Total Cost": 3.42,
                                              "Plan Rows": 42,
                                              "Plan Width": 21,
                                              "Plans": [
                                                {
                                                  "Node Type": "Seq Scan",
                                                  "Parent Relationship": "Outer",
                                                  "Parallel Aware": false,
                                                  "Async Capable": false,
                                                  "Relation Name": "web_site",
                                                  "Alias": "web_site",
                                                  "Startup Cost": 0.0,
                                                  "Total Cost": 3.42,
                                                  "Plan Rows": 42,
                                                  "Plan Width": 21,
                                                  "parent": 65,
                                                  "ID": 66
                                                }
                                              ],
                                              "parent": 51,
                                              "ID": 65,
                                              "left": 66
                                            }
                                          ],
                                          "parent": 50,
                                          "ID": 51,
                                          "left": 52,
                                          "right": 65
                                        }
                                      ],
                                      "parent": 49,
                                      "ID": 50,
                                      "left": 51
                                    }
                                  ],
                                  "parent": 48,
                                  "ID": 49,
                                  "left": 50
                                }
                              ],
                              "parent": 47,
                              "ID": 48,
                              "left": 49
                            }
                          ],
                          "parent": 46,
                          "ID": 47,
                          "left": 48
                        }
                      ],
                      "parent": 3,
                      "ID": 46,
                      "left": 47
                    }
                  ],
                  "parent": 2,
                  "ID": 3,
                  "left": 4,
                  "right": 25
                }
              ],
              "parent": 1,
              "ID": 2,
              "left": 3
            }
          ],
          "parent": 0,
          "ID": 1,
          "left": 2
        }
      ],
      "parent": null,
      "ID": 0,
      "left": 1
    },
    "feat": {
      "utility": 1.8459843057834213e-06,
      "query_shape": [
        [
          "Seq Scan",
          "Hash Join",
          "Sort",
          "Aggregate",
          "Gather Merge",
          "Subquery Scan",
          "Append"
        ],
        [
          "Seq Scan",
          "Hash",
          "Hash Join",
          "Sort",
          "Aggregate",
          "Gather Merge",
          "Subquery Scan",
          "Append"
        ],
        [
          "Seq Scan",
          "Hash",
          "Hash Join",
          "Sort",
          "Aggregate",
          "Gather Merge",
          "Subquery Scan",
          "Append"
        ],
        [
          "Seq Scan",
          "Hash",
          "Hash Join",
          "Sort",
          "Aggregate",
          "Gather Merge",
          "Subquery Scan",
          "Append"
        ],
        [
          "Seq Scan",
          "Hash",
          "Hash Join",
          "Sort",
          "Aggregate",
          "Gather Merge",
          "Subquery Scan",
          "Append"
        ],
        [
          "Seq Scan",
          "Hash",
          "Hash Join",
          "Sort",
          "Aggregate",
          "Gather Merge",
          "Subquery Scan",
          "Append"
        ],
        [
          "Seq Scan",
          "Hash Join",
          "Sort",
          "Aggregate",
          "Gather Merge",
          "Subquery Scan",
          "Append"
        ],
        [
          "Seq Scan",
          "Hash",
          "Hash Join",
          "Sort",
          "Aggregate",
          "Gather Merge",
          "Subquery Scan",
          "Append"
        ],
        [
          "Seq Scan",
          "Hash",
          "Hash Join",
          "Sort",
          "Aggregate",
          "Gather Merge",
          "Subquery Scan",
          "Append"
        ],
        [
          "Seq Scan",
          "Hash",
          "Hash Join",
          "Sort",
          "Aggregate",
          "Gather Merge",
          "Subquery Scan",
          "Append"
        ],
        [
          "Seq Scan",
          "Hash",
          "Hash Join",
          "Sort",
          "Aggregate",
          "Gather Merge",
          "Subquery Scan",
          "Append"
        ],
        [
          "Seq Scan",
          "Hash",
          "Hash Join",
          "Sort",
          "Aggregate",
          "Gather Merge",
          "Subquery Scan",
          "Append"
        ],
        [
          "Seq Scan",
          "Hash Join",
          "Sort",
          "Aggregate",
          "Gather Merge",
          "Subquery Scan",
          "Append"
        ],
        [
          "Seq Scan",
          "Hash",
          "Hash Join",
          "Sort",
          "Aggregate",
          "Gather Merge",
          "Subquery Scan",
          "Append"
        ],
        [
          "Seq Scan",
          "Hash",
          "Hash Join",
          "Sort",
          "Aggregate",
          "Gather Merge",
          "Subquery Scan",
          "Append"
        ],
        [
          "Seq Scan",
          "Hash",
          "Hash Join",
          "Sort",
          "Aggregate",
          "Gather Merge",
          "Subquery Scan",
          "Append"
        ],
        [
          "Seq Scan",
          "Hash",
          "Hash Join",
          "Sort",
          "Aggregate",
          "Gather Merge",
          "Subquery Scan",
          "Append"
        ],
        [
          "Seq Scan",
          "Hash",
          "Hash Join",
          "Sort",
          "Aggregate",
          "Gather Merge",
          "Subquery Scan",
          "Append"
        ]
      ],
      "index_shape": [
        "join"
      ],
      "physical_operator": {
        "Hash Join": [
          0.1543033499620919
        ]
      }
    }
  },
  {
    "query": "with ssr as\n (select  s_store_id as store_id,\n          sum(ss_ext_sales_price) as sales,\n          sum(coalesce(sr_return_amt, 0)) as returns,\n          sum(ss_net_profit - coalesce(sr_net_loss, 0)) as profit\n  from store_sales left outer join store_returns on\n         (ss_item_sk = sr_item_sk and ss_ticket_number = sr_ticket_number),\n     date_dim,\n     store,\n     item,\n     promotion\n where ss_sold_date_sk = d_date_sk\n       and d_date between cast('2000-08-02' as date) \n                  and (cast('2000-08-02' as date) +  interval '30 days')\n       and ss_store_sk = s_store_sk\n       and ss_item_sk = i_item_sk\n       and i_current_price > 50\n       and ss_promo_sk = p_promo_sk\n       and p_channel_tv = 'N'\n group by s_store_id)\n ,\n csr as\n (select  cp_catalog_page_id as catalog_page_id,\n          sum(cs_ext_sales_price) as sales,\n          sum(coalesce(cr_return_amount, 0)) as returns,\n          sum(cs_net_profit - coalesce(cr_net_loss, 0)) as profit\n  from catalog_sales left outer join catalog_returns on\n         (cs_item_sk = cr_item_sk and cs_order_number = cr_order_number),\n     date_dim,\n     catalog_page,\n     item,\n     promotion\n where cs_sold_date_sk = d_date_sk\n       and d_date between cast('2000-08-02' as date)\n                  and (cast('2000-08-02' as date) +  interval '30 days')\n        and cs_catalog_page_sk = cp_catalog_page_sk\n       and cs_item_sk = i_item_sk\n       and i_current_price > 50\n       and cs_promo_sk = p_promo_sk\n       and p_channel_tv = 'N'\ngroup by cp_catalog_page_id)\n ,\n wsr as\n (select  web_site_id,\n          sum(ws_ext_sales_price) as sales,\n          sum(coalesce(wr_return_amt, 0)) as returns,\n          sum(ws_net_profit - coalesce(wr_net_loss, 0)) as profit\n  from web_sales left outer join web_returns on\n         (ws_item_sk = wr_item_sk and ws_order_number = wr_order_number),\n     date_dim,\n     web_site,\n     item,\n     promotion\n where ws_sold_date_sk = d_date_sk\n       and d_date between cast('2000-08-02' as date)\n                  and (cast('2000-08-02' as date) +  interval '30 days')\n        and ws_web_site_sk = web_site_sk\n       and ws_item_sk = i_item_sk\n       and i_current_price > 50\n       and ws_promo_sk = p_promo_sk\n       and p_channel_tv = 'N'\ngroup by web_site_id)\n  select  channel\n        , id\n        , sum(sales) as sales\n        , sum(returns) as returns\n        , sum(profit) as profit\n from \n (select 'store channel' as channel\n        , 'store' || store_id as id\n        , sales\n        , returns\n        , profit\n from   ssr\n union all\n select 'catalog channel' as channel\n        , 'catalog_page' || catalog_page_id as id\n        , sales\n        , returns\n        , profit\n from  csr\n union all\n select 'web channel' as channel\n        , 'web_site' || web_site_id as id\n        , sales\n        , returns\n        , profit\n from   wsr\n ) x\n group by rollup (channel, id)\n order by channel\n         ,id\n limit 100;\n\n-- end query 61 in stream 4 using template query80.tpl\n",
    "indexes": "web_site.web_site_id",
    "wo plan est": {
      "Node Type": "Limit",
      "Parallel Aware": false,
      "Async Capable": false,
      "Startup Cost": 1566793.64,
      "Total Cost": 1566796.93,
      "Plan Rows": 100,
      "Plan Width": 160,
      "Plans": [
        {
          "Node Type": "Aggregate",
          "Strategy": "Sorted",
          "Partial Mode": "Simple",
          "Parent Relationship": "Outer",
          "Parallel Aware": false,
          "Async Capable": false,
          "Startup Cost": 1566793.64,
          "Total Cost": 1566806.84,
          "Plan Rows": 401,
          "Plan Width": 160,
          "Grouping Sets": [
            {
              "Group Keys": [
                [
                  "('store channel'::text)",
                  "(('store'::text || (ssr.store_id)::text))"
                ],
                [
                  "('store channel'::text)"
                ],
                []
              ]
            }
          ],
          "Plans": [
            {
              "Node Type": "Sort",
              "Parent Relationship": "Outer",
              "Parallel Aware": false,
              "Async Capable": false,
              "Startup Cost": 1566793.64,
              "Total Cost": 1566794.67,
              "Plan Rows": 412,
              "Plan Width": 160,
              "Sort Key": [
                "('store channel'::text)",
                "(('store'::text || (ssr.store_id)::text))"
              ],
              "Plans": [
                {
                  "Node Type": "Append",
                  "Parent Relationship": "Outer",
                  "Parallel Aware": false,
                  "Async Capable": false,
                  "Startup Cost": 784596.3,
                  "Total Cost": 1566775.74,
                  "Plan Rows": 412,
                  "Plan Width": 160,
                  "Subplans Removed": 0,
                  "Plans": [
                    {
                      "Node Type": "Subquery Scan",
                      "Parent Relationship": "Member",
                      "Parallel Aware": false,
                      "Async Capable": false,
                      "Alias": "ssr",
                      "Startup Cost": 784596.3,
                      "Total Cost": 784616.16,
                      "Plan Rows": 51,
                      "Plan Width": 160,
                      "Plans": [
                        {
                          "Node Type": "Aggregate",
                          "Strategy": "Sorted",
                          "Partial Mode": "Finalize",
                          "Parent Relationship": "Subquery",
                          "Parallel Aware": false,
                          "Async Capable": false,
                          "Startup Cost": 784596.3,
                          "Total Cost": 784615.39,
                          "Plan Rows": 51,
                          "Plan Width": 113,
                          "Group Key": [
                            "store.s_store_id"
                          ],
                          "Plans": [
                            {
                              "Node Type": "Gather Merge",
                              "Parent Relationship": "Outer",
                              "Parallel Aware": false,
                              "Async Capable": false,
                              "Startup Cost": 784596.3,
                              "Total Cost": 784612.71,
                              "Plan Rows": 102,
                              "Plan Width": 113,
                              "Workers Planned": 2,
                              "Plans": [
                                {
                                  "Node Type": "Aggregate",
                                  "Strategy": "Sorted",
                                  "Partial Mode": "Partial",
                                  "Parent Relationship": "Outer",
                                  "Parallel Aware": false,
                                  "Async Capable": false,
                                  "Startup Cost": 783596.27,
                                  "Total Cost": 783600.92,
                                  "Plan Rows": 51,
                                  "Plan Width": 113,
                                  "Group Key": [
                                    "store.s_store_id"
                                  ],
                                  "Plans": [
                                    {
                                      "Node Type": "Sort",
                                      "Parent Relationship": "Outer",
                                      "Parallel Aware": false,
                                      "Async Capable": false,
                                      "Startup Cost": 783596.27,
                                      "Total Cost": 783596.9,
                                      "Plan Rows": 250,
                                      "Plan Width": 41,
                                      "Sort Key": [
                                        "store.s_store_id"
                                      ],
                                      "Plans": [
                                        {
                                          "Node Type": "Hash Join",
                                          "Parent Relationship": "Outer",
                                          "Parallel Aware": false,
                                          "Async Capable": false,
                                          "Join Type": "Inner",
                                          "Startup Cost": 94489.35,
                                          "Total Cost": 783586.32,
                                          "Plan Rows": 250,
                                          "Plan Width": 41,
                                          "Inner Unique": false,
                                          "Hash Cond": "(store_sales.ss_store_sk = store.s_store_sk)",
                                          "Plans": [
                                            {
                                              "Node Type": "Hash Join",
                                              "Parent Relationship": "Outer",
                                              "Parallel Aware": false,
                                              "Async Capable": false,
                                              "Join Type": "Inner",
                                              "Startup Cost": 94482.05,
                                              "Total Cost": 783575.54,
                                              "Plan Rows": 262,
                                              "Plan Width": 28,
                                              "Inner Unique": false,
                                              "Hash Cond": "(store_sales.ss_promo_sk = promotion.p_promo_sk)",
                                              "Plans": [
                                                {
                                                  "Node Type": "Hash Join",
                                                  "Parent Relationship": "Outer",
                                                  "Parallel Aware": true,
                                                  "Async Capable": false,
                                                  "Join Type": "Inner",
                                                  "Startup Cost": 94456.65,
                                                  "Total Cost": 783546.47,
                                                  "Plan Rows": 279,
                                                  "Plan Width": 32,
                                                  "Inner Unique": false,
                                                  "Hash Cond": "(store_sales.ss_item_sk = item.i_item_sk)",
                                                  "Plans": [
                                                    {
                                                      "Node Type": "Hash Join",
                                                      "Parent Relationship": "Outer",
                                                      "Parallel Aware": true,
                                                      "Async Capable": false,
                                                      "Join Type": "Left",
                                                      "Startup Cost": 86930.88,
                                                      "Total Cost": 776001.31,
                                                      "Plan Rows": 4860,
                                                      "Plan Width": 36,
                                                      "Inner Unique": false,
                                                      "Hash Cond": "((store_sales.ss_item_sk = store_returns.sr_item_sk) AND (store_sales.ss_ticket_number = store_returns.sr_ticket_number))",
                                                      "Plans": [
                                                        {
                                                          "Node Type": "Hash Join",
                                                          "Parent Relationship": "Outer",
                                                          "Parallel Aware": true,
                                                          "Async Capable": false,
                                                          "Join Type": "Inner",
                                                          "Startup Cost": 2049.78,
                                                          "Total Cost": 683994.75,
                                                          "Plan Rows": 4860,
                                                          "Plan Width": 28,
                                                          "Inner Unique": false,
                                                          "Hash Cond": "(store_sales.ss_sold_date_sk = date_dim.d_date_sk)",
                                                          "Plans": [
                                                            {
                                                              "Node Type": "Seq Scan",
                                                              "Parent Relationship": "Outer",
                                                              "Parallel Aware": true,
                                                              "Async Capable": false,
                                                              "Relation Name": "store_sales",
                                                              "Alias": "store_sales",
                                                              "Startup Cost": 0.0,
                                                              "Total Cost": 636914.37,
                                                              "Plan Rows": 12000637,
                                                              "Plan Width": 32,
                                                              "parent": 13,
                                                              "ID": 14
                                                            },
                                                            {
                                                              "Node Type": "Hash",
                                                              "Parent Relationship": "Inner",
                                                              "Parallel Aware": true,
                                                              "Async Capable": false,
                                                              "Startup Cost": 2049.55,
                                                              "Total Cost": 2049.55,
                                                              "Plan Rows": 18,
                                                              "Plan Width": 4,
                                                              "Plans": [
                                                                {
                                                                  "Node Type": "Seq Scan",
                                                                  "Parent Relationship": "Outer",
                                                                  "Parallel Aware": true,
                                                                  "Async Capable": false,
                                                                  "Relation Name": "date_dim",
                                                                  "Alias": "date_dim",
                                                                  "Startup Cost": 0.0,
                                                                  "Total Cost": 2049.55,
                                                                  "Plan Rows": 18,
                                                                  "Plan Width": 4,
                                                                  "Filter": "((d_date >= '2000-08-02'::date) AND (d_date <= '2000-09-01 00:00:00'::timestamp without time zone))",
                                                                  "parent": 15,
                                                                  "ID": 16
                                                                }
                                                              ],
                                                              "parent": 13,
                                                              "ID": 15,
                                                              "left": 16
                                                            }
                                                          ],
                                                          "parent": 12,
                                                          "ID": 13,
                                                          "left": 14,
                                                          "right": 15
                                                        },
                                                        {
                                                          "Node Type": "Hash",
                                                          "Parent Relationship": "Inner",
                                                          "Parallel Aware": true,
                                                          "Async Capable": false,
                                                          "Startup Cost": 59887.64,
                                                          "Total Cost": 59887.64,
                                                          "Plan Rows": 1198164,
                                                          "Plan Width": 20,
                                                          "Plans": [
                                                            {
                                                              "Node Type": "Seq Scan",
                                                              "Parent Relationship": "Outer",
                                                              "Parallel Aware": true,
                                                              "Async Capable": false,
                                                              "Relation Name": "store_returns",
                                                              "Alias": "store_returns",
                                                              "Startup Cost": 0.0,
                                                              "Total Cost": 59887.64,
                                                              "Plan Rows": 1198164,
                                                              "Plan Width": 20,
                                                              "parent": 17,
                                                              "ID": 18
                                                            }
                                                          ],
                                                          "parent": 12,
                                                          "ID": 17,
                                                          "left": 18
                                                        }
                                                      ],
                                                      "parent": 11,
                                                      "ID": 12,
                                                      "left": 13,
                                                      "right": 17
                                                    },
                                                    {
                                                      "Node Type": "Hash",
                                                      "Parent Relationship": "Inner",
                                                      "Parallel Aware": true,
                                                      "Async Capable": false,
                                                      "Startup Cost": 7495.25,
                                                      "Total Cost": 7495.25,
                                                      "Plan Rows": 2442,
                                                      "Plan Width": 4,
                                                      "Plans": [
                                                        {
                                                          "Node Type": "Seq Scan",
                                                          "Parent Relationship": "Outer",
                                                          "Parallel Aware": true,
                                                          "Async Capable": false,
                                                          "Relation Name": "item",
                                                          "Alias": "item",
                                                          "Startup Cost": 0.0,
                                                          "Total Cost": 7495.25,
                                                          "Plan Rows": 2442,
                                                          "Plan Width": 4,
                                                          "Filter": "(i_current_price > '50'::numeric)",
                                                          "parent": 19,
                                                          "ID": 20
                                                        }
                                                      ],
                                                      "parent": 11,
                                                      "ID": 19,
                                                      "left": 20
                                                    }
                                                  ],
                                                  "parent": 10,
                                                  "ID": 11,
                                                  "left": 12,
                                                  "right": 19
                                                },
                                                {
                                                  "Node Type": "Hash",
                                                  "Parent Relationship": "Inner",
                                                  "Parallel Aware": false,
                                                  "Async Capable": false,
                                                  "Startup Cost": 19.25,
                                                  "Total Cost": 19.25,
                                                  "Plan Rows": 492,
                                                  "Plan Width": 4,
                                                  "Plans": [
                                                    {
                                                      "Node Type": "Seq Scan",
                                                      "Parent Relationship": "Outer",
                                                      "Parallel Aware": false,
                                                      "Async Capable": false,
                                                      "Relation Name": "promotion",
                                                      "Alias": "promotion",
                                                      "Startup Cost": 0.0,
                                                      "Total Cost": 19.25,
                                                      "Plan Rows": 492,
                                                      "Plan Width": 4,
                                                      "Filter": "(p_channel_tv = 'N'::bpchar)",
                                                      "parent": 21,
                                                      "ID": 22
                                                    }
                                                  ],
                                                  "parent": 10,
                                                  "ID": 21,
                                                  "left": 22
                                                }
                                              ],
                                              "parent": 9,
                                              "ID": 10,
                                              "left": 11,
                                              "right": 21
                                            },
                                            {
                                              "Node Type": "Hash",
                                              "Parent Relationship": "Inner",
                                              "Parallel Aware": false,
                                              "Async Capable": false,
                                              "Startup Cost": 6.02,
                                              "Total Cost": 6.02,
                                              "Plan Rows": 102,
                                              "Plan Width": 21,
                                              "Plans": [
                                                {
                                                  "Node Type": "Seq Scan",
                                                  "Parent Relationship": "Outer",
                                                  "Parallel Aware": false,
                                                  "Async Capable": false,
                                                  "Relation Name": "store",
                                                  "Alias": "store",
                                                  "Startup Cost": 0.0,
                                                  "Total Cost": 6.02,
                                                  "Plan Rows": 102,
                                                  "Plan Width": 21,
                                                  "parent": 23,
                                                  "ID": 24
                                                }
                                              ],
                                              "parent": 9,
                                              "ID": 23,
                                              "left": 24
                                            }
                                          ],
                                          "parent": 8,
                                          "ID": 9,
                                          "left": 10,
                                          "right": 23
                                        }
                                      ],
                                      "parent": 7,
                                      "ID": 8,
                                      "left": 9
                                    }
                                  ],
                                  "parent": 6,
                                  "ID": 7,
                                  "left": 8
                                }
                              ],
                              "parent": 5,
                              "ID": 6,
                              "left": 7
                            }
                          ],
                          "parent": 4,
                          "ID": 5,
                          "left": 6
                        }
                      ],
                      "parent": 3,
                      "ID": 4,
                      "left": 5
                    },
                    {
                      "Node Type": "Subquery Scan",
                      "Parent Relationship": "Member",
                      "Parallel Aware": false,
                      "Async Capable": false,
                      "Alias": "csr",
                      "Startup Cost": 518177.36,
                      "Total Cost": 518230.78,
                      "Plan Rows": 340,
                      "Plan Width": 160,
                      "Plans": [
                        {
                          "Node Type": "Aggregate",
                          "Strategy": "Sorted",
                          "Partial Mode": "Finalize",
                          "Parent Relationship": "Subquery",
                          "Parallel Aware": false,
                          "Async Capable": false,
                          "Startup Cost": 518177.36,
                          "Total Cost": 518225.68,
                          "Plan Rows": 340,
                          "Plan Width": 113,
                          "Group Key": [
                            "catalog_page.cp_catalog_page_id"
                          ],
                          "Plans": [
                            {
                              "Node Type": "Gather Merge",
                              "Parent Relationship": "Outer",
                              "Parallel Aware": false,
                              "Async Capable": false,
                              "Startup Cost": 518177.36,
                              "Total Cost": 518214.76,
                              "Plan Rows": 284,
                              "Plan Width": 113,
                              "Workers Planned": 2,
                              "Plans": [
                                {
                                  "Node Type": "Aggregate",
                                  "Strategy": "Sorted",
                                  "Partial Mode": "Partial",
                                  "Parent Relationship": "Outer",
                                  "Parallel Aware": false,
                                  "Async Capable": false,
                                  "Startup Cost": 517177.34,
                                  "Total Cost": 517181.95,
                                  "Plan Rows": 142,
                                  "Plan Width": 113,
                                  "Group Key": [
                                    "catalog_page.cp_catalog_page_id"
                                  ],
                                  "Plans": [
                                    {
                                      "Node Type": "Sort",
                                      "Parent Relationship": "Outer",
                                      "Parallel Aware": false,
                                      "Async Capable": false,
                                      "Startup Cost": 517177.34,
                                      "Total Cost": 517177.69,
                                      "Plan Rows": 142,
                                      "Plan Width": 41,
                                      "Sort Key": [
                                        "catalog_page.cp_catalog_page_id"
                                      ],
                                      "Plans": [
                                        {
                                          "Node Type": "Hash Join",
                                          "Parent Relationship": "Outer",
                                          "Parallel Aware": false,
                                          "Async Capable": false,
                                          "Join Type": "Inner",
                                          "Startup Cost": 57382.33,
                                          "Total Cost": 517172.26,
                                          "Plan Rows": 142,
                                          "Plan Width": 41,
                                          "Inner Unique": false,
                                          "Hash Cond": "(catalog_sales.cs_catalog_page_sk = catalog_page.cp_catalog_page_sk)",
                                          "Plans": [
                                            {
                                              "Node Type": "Hash Join",
                                              "Parent Relationship": "Outer",
                                              "Parallel Aware": false,
                                              "Async Capable": false,
                                              "Join Type": "Inner",
                                              "Startup Cost": 56864.33,
                                              "Total Cost": 516652.32,
                                              "Plan Rows": 142,
                                              "Plan Width": 28,
                                              "Inner Unique": false,
                                              "Hash Cond": "(catalog_sales.cs_promo_sk = promotion_1.p_promo_sk)",
                                              "Plans": [
                                                {
                                                  "Node Type": "Hash Join",
                                                  "Parent Relationship": "Outer",
                                                  "Parallel Aware": true,
                                                  "Async Capable": false,
                                                  "Join Type": "Inner",
                                                  "Startup Cost": 56838.93,
                                                  "Total Cost": 516624.96,
                                                  "Plan Rows": 145,
                                                  "Plan Width": 32,
                                                  "Inner Unique": false,
                                                  "Hash Cond": "(catalog_sales.cs_item_sk = item_1.i_item_sk)",
                                                  "Plans": [
                                                    {
                                                      "Node Type": "Hash Join",
                                                      "Parent Relationship": "Outer",
                                                      "Parallel Aware": true,
                                                      "Async Capable": false,
                                                      "Join Type": "Left",
                                                      "Startup Cost": 49313.15,
                                                      "Total Cost": 509089.08,
                                                      "Plan Rows": 2532,
                                                      "Plan Width": 36,
                                                      "Inner Unique": false,
                                                      "Hash Cond": "((catalog_sales.cs_item_sk = catalog_returns.cr_item_sk) AND (catalog_sales.cs_order_number = catalog_returns.cr_order_number))",
                                                      "Plans": [
                                                        {
                                                          "Node Type": "Hash Join",
                                                          "Parent Relationship": "Outer",
                                                          "Parallel Aware": true,
                                                          "Async Capable": false,
                                                          "Join Type": "Inner",
                                                          "Startup Cost": 2049.78,
                                                          "Total Cost": 458254.7,
                                                          "Plan Rows": 2532,
                                                          "Plan Width": 28,
                                                          "Inner Unique": false,
                                                          "Hash Cond": "(catalog_sales.cs_sold_date_sk = date_dim_1.d_date_sk)",
                                                          "Plans": [
                                                            {
                                                              "Node Type": "Seq Scan",
                                                              "Parent Relationship": "Outer",
                                                              "Parallel Aware": true,
                                                              "Async Capable": false,
                                                              "Relation Name": "catalog_sales",
                                                              "Alias": "catalog_sales",
                                                              "Startup Cost": 0.0,
                                                              "Total Cost": 433688.25,
                                                              "Plan Rows": 6000525,
                                                              "Plan Width": 32,
                                                              "parent": 34,
                                                              "ID": 35
                                                            },
                                                            {
                                                              "Node Type": "Hash",
                                                              "Parent Relationship": "Inner",
                                                              "Parallel Aware": true,
                                                              "Async Capable": false,
                                                              "Startup Cost": 2049.55,
                                                              "Total Cost": 2049.55,
                                                              "Plan Rows": 18,
                                                              "Plan Width": 4,
                                                              "Plans": [
                                                                {
                                                                  "Node Type": "Seq Scan",
                                                                  "Parent Relationship": "Outer",
                                                                  "Parallel Aware": true,
                                                                  "Async Capable": false,
                                                                  "Relation Name": "date_dim",
                                                                  "Alias": "date_dim_1",
                                                                  "Startup Cost": 0.0,
                                                                  "Total Cost": 2049.55,
                                                                  "Plan Rows": 18,
                                                                  "Plan Width": 4,
                                                                  "Filter": "((d_date >= '2000-08-02'::date) AND (d_date <= '2000-09-01 00:00:00'::timestamp without time zone))",
                                                                  "parent": 36,
                                                                  "ID": 37
                                                                }
                                                              ],
                                                              "parent": 34,
                                                              "ID": 36,
                                                              "left": 37
                                                            }
                                                          ],
                                                          "parent": 33,
                                                          "ID": 34,
                                                          "left": 35,
                                                          "right": 36
                                                        },
                                                        {
                                                          "Node Type": "Hash",
                                                          "Parent Relationship": "Inner",
                                                          "Parallel Aware": true,
                                                          "Async Capable": false,
                                                          "Startup Cost": 34748.95,
                                                          "Total Cost": 34748.95,
                                                          "Plan Rows": 599895,
                                                          "Plan Width": 20,
                                                          "Plans": [
                                                            {
                                                              "Node Type": "Seq Scan",
                                                              "Parent Relationship": "Outer",
                                                              "Parallel Aware": true,
                                                              "Async Capable": false,
                                                              "Relation Name": "catalog_returns",
                                                              "Alias": "catalog_returns",
                                                              "Startup Cost": 0.0,
                                                              "Total Cost": 34748.95,
                                                              "Plan Rows": 599895,
                                                              "Plan Width": 20,
                                                              "parent": 38,
                                                              "ID": 39
                                                            }
                                                          ],
                                                          "parent": 33,
                                                          "ID": 38,
                                                          "left": 39
                                                        }
                                                      ],
                                                      "parent": 32,
                                                      "ID": 33,
                                                      "left": 34,
                                                      "right": 38
                                                    },
                                                    {
                                                      "Node Type": "Hash",
                                                      "Parent Relationship": "Inner",
                                                      "Parallel Aware": true,
                                                      "Async Capable": false,
                                                      "Startup Cost": 7495.25,
                                                      "Total Cost": 7495.25,
                                                      "Plan Rows": 2442,
                                                      "Plan Width": 4,
                                                      "Plans": [
                                                        {
                                                          "Node Type": "Seq Scan",
                                                          "Parent Relationship": "Outer",
                                                          "Parallel Aware": true,
                                                          "Async Capable": false,
                                                          "Relation Name": "item",
                                                          "Alias": "item_1",
                                                          "Startup Cost": 0.0,
                                                          "Total Cost": 7495.25,
                                                          "Plan Rows": 2442,
                                                          "Plan Width": 4,
                                                          "Filter": "(i_current_price > '50'::numeric)",
                                                          "parent": 40,
                                                          "ID": 41
                                                        }
                                                      ],
                                                      "parent": 32,
                                                      "ID": 40,
                                                      "left": 41
                                                    }
                                                  ],
                                                  "parent": 31,
                                                  "ID": 32,
                                                  "left": 33,
                                                  "right": 40
                                                },
                                                {
                                                  "Node Type": "Hash",
                                                  "Parent Relationship": "Inner",
                                                  "Parallel Aware": false,
                                                  "Async Capable": false,
                                                  "Startup Cost": 19.25,
                                                  "Total Cost": 19.25,
                                                  "Plan Rows": 492,
                                                  "Plan Width": 4,
                                                  "Plans": [
                                                    {
                                                      "Node Type": "Seq Scan",
                                                      "Parent Relationship": "Outer",
                                                      "Parallel Aware": false,
                                                      "Async Capable": false,
                                                      "Relation Name": "promotion",
                                                      "Alias": "promotion_1",
                                                      "Startup Cost": 0.0,
                                                      "Total Cost": 19.25,
                                                      "Plan Rows": 492,
                                                      "Plan Width": 4,
                                                      "Filter": "(p_channel_tv = 'N'::bpchar)",
                                                      "parent": 42,
                                                      "ID": 43
                                                    }
                                                  ],
                                                  "parent": 31,
                                                  "ID": 42,
                                                  "left": 43
                                                }
                                              ],
                                              "parent": 30,
                                              "ID": 31,
                                              "left": 32,
                                              "right": 42
                                            },
                                            {
                                              "Node Type": "Hash",
                                              "Parent Relationship": "Inner",
                                              "Parallel Aware": false,
                                              "Async Capable": false,
                                              "Startup Cost": 368.0,
                                              "Total Cost": 368.0,
                                              "Plan Rows": 12000,
                                              "Plan Width": 21,
                                              "Plans": [
                                                {
                                                  "Node Type": "Seq Scan",
                                                  "Parent Relationship": "Outer",
                                                  "Parallel Aware": false,
                                                  "Async Capable": false,
                                                  "Relation Name": "catalog_page",
                                                  "Alias": "catalog_page",
                                                  "Startup Cost": 0.0,
                                                  "Total Cost": 368.0,
                                                  "Plan Rows": 12000,
                                                  "Plan Width": 21,
                                                  "parent": 44,
                                                  "ID": 45
                                                }
                                              ],
                                              "parent": 30,
                                              "ID": 44,
                                              "left": 45
                                            }
                                          ],
                                          "parent": 29,
                                          "ID": 30,
                                          "left": 31,
                                          "right": 44
                                        }
                                      ],
                                      "parent": 28,
                                      "ID": 29,
                                      "left": 30
                                    }
                                  ],
                                  "parent": 27,
                                  "ID": 28,
                                  "left": 29
                                }
                              ],
                              "parent": 26,
                              "ID": 27,
                              "left": 28
                            }
                          ],
                          "parent": 25,
                          "ID": 26,
                          "left": 27
                        }
                      ],
                      "parent": 3,
                      "ID": 25,
                      "left": 26
                    },
                    {
                      "Node Type": "Subquery Scan",
                      "Parent Relationship": "Member",
                      "Parallel Aware": false,
                      "Async Capable": false,
                      "Alias": "wsr",
                      "Startup Cost": 263919.04,
                      "Total Cost": 263926.75,
                      "Plan Rows": 21,
                      "Plan Width": 160,
                      "Plans": [
                        {
                          "Node Type": "Aggregate",
                          "Strategy": "Sorted",
                          "Partial Mode": "Finalize",
                          "Parent Relationship": "Subquery",
                          "Parallel Aware": false,
                          "Async Capable": false,
                          "Startup Cost": 263919.04,
                          "Total Cost": 263926.43,
                          "Plan Rows": 21,
                          "Plan Width": 113,
                          "Group Key": [
                            "web_site.web_site_id"
                          ],
                          "Plans": [
                            {
                              "Node Type": "Gather Merge",
                              "Parent Relationship": "Outer",
                              "Parallel Aware": false,
                              "Async Capable": false,
                              "Startup Cost": 263919.04,
                              "Total Cost": 263925.33,
                              "Plan Rows": 42,
                              "Plan Width": 113,
                              "Workers Planned": 2,
                              "Plans": [
                                {
                                  "Node Type": "Aggregate",
                                  "Strategy": "Sorted",
                                  "Partial Mode": "Partial",
                                  "Parent Relationship": "Outer",
                                  "Parallel Aware": false,
                                  "Async Capable": false,
                                  "Startup Cost": 262919.01,
                                  "Total Cost": 262920.46,
                                  "Plan Rows": 21,
                                  "Plan Width": 113,
                                  "Group Key": [
                                    "web_site.web_site_id"
                                  ],
                                  "Plans": [
                                    {
                                      "Node Type": "Sort",
                                      "Parent Relationship": "Outer",
                                      "Parallel Aware": false,
                                      "Async Capable": false,
                                      "Startup Cost": 262919.01,
                                      "Total Cost": 262919.19,
                                      "Plan Rows": 72,
                                      "Plan Width": 41,
                                      "Sort Key": [
                                        "web_site.web_site_id"
                                      ],
                                      "Plans": [
                                        {
                                          "Node Type": "Hash Join",
                                          "Parent Relationship": "Outer",
                                          "Parallel Aware": false,
                                          "Async Capable": false,
                                          "Join Type": "Inner",
                                          "Startup Cost": 32134.74,
                                          "Total Cost": 262916.79,
                                          "Plan Rows": 72,
                                          "Plan Width": 41,
                                          "Inner Unique": false,
                                          "Hash Cond": "(web_sales.ws_web_site_sk = web_site.web_site_sk)",
                                          "Plans": [
                                            {
                                              "Node Type": "Hash Join",
                                              "Parent Relationship": "Outer",
                                              "Parallel Aware": false,
                                              "Async Capable": false,
                                              "Join Type": "Inner",
                                              "Startup Cost": 32130.8,
                                              "Total Cost": 262911.86,
                                              "Plan Rows": 72,
                                              "Plan Width": 28,
                                              "Inner Unique": false,
                                              "Hash Cond": "(web_sales.ws_promo_sk = promotion_2.p_promo_sk)",
                                              "Plans": [
                                                {
                                                  "Node Type": "Hash Join",
                                                  "Parent Relationship": "Outer",
                                                  "Parallel Aware": true,
                                                  "Async Capable": false,
                                                  "Join Type": "Inner",
                                                  "Startup Cost": 32105.4,
                                                  "Total Cost": 262885.46,
                                                  "Plan Rows": 73,
                                                  "Plan Width": 32,
                                                  "Inner Unique": false,
                                                  "Hash Cond": "(web_sales.ws_item_sk = item_2.i_item_sk)",
                                                  "Plans": [
                                                    {
                                                      "Node Type": "Hash Join",
                                                      "Parent Relationship": "Outer",
                                                      "Parallel Aware": true,
                                                      "Async Capable": false,
                                                      "Join Type": "Left",
                                                      "Startup Cost": 24579.62,
                                                      "Total Cost": 255354.62,
                                                      "Plan Rows": 1272,
                                                      "Plan Width": 36,
                                                      "Inner Unique": false,
                                                      "Hash Cond": "((web_sales.ws_item_sk = web_returns.wr_item_sk) AND (web_sales.ws_order_number = web_returns.wr_order_number))",
                                                      "Plans": [
                                                        {
                                                          "Node Type": "Hash Join",
                                                          "Parent Relationship": "Outer",
                                                          "Parallel Aware": true,
                                                          "Async Capable": false,
                                                          "Join Type": "Inner",
                                                          "Startup Cost": 2049.78,
                                                          "Total Cost": 231041.22,
                                                          "Plan Rows": 1272,
                                                          "Plan Width": 28,
                                                          "Inner Unique": false,
                                                          "Hash Cond": "(web_sales.ws_sold_date_sk = date_dim_2.d_date_sk)",
                                                          "Plans": [
                                                            {
                                                              "Node Type": "Seq Scan",
                                                              "Parent Relationship": "Outer",
                                                              "Parallel Aware": true,
                                                              "Async Capable": false,
                                                              "Relation Name": "web_sales",
                                                              "Alias": "web_sales",
                                                              "Startup Cost": 0.0,
                                                              "Total Cost": 217737.86,
                                                              "Plan Rows": 2998986,
                                                              "Plan Width": 32,
                                                              "parent": 55,
                                                              "ID": 56
                                                            },
                                                            {
                                                              "Node Type": "Hash",
                                                              "Parent Relationship": "Inner",
                                                              "Parallel Aware": true,
                                                              "Async Capable": false,
                                                              "Startup Cost": 2049.55,
                                                              "Total Cost": 2049.55,
                                                              "Plan Rows": 18,
                                                              "Plan Width": 4,
                                                              "Plans": [
                                                                {
                                                                  "Node Type": "Seq Scan",
                                                                  "Parent Relationship": "Outer",
                                                                  "Parallel Aware": true,
                                                                  "Async Capable": false,
                                                                  "Relation Name": "date_dim",
                                                                  "Alias": "date_dim_2",
                                                                  "Startup Cost": 0.0,
                                                                  "Total Cost": 2049.55,
                                                                  "Plan Rows": 18,
                                                                  "Plan Width": 4,
                                                                  "Filter": "((d_date >= '2000-08-02'::date) AND (d_date <= '2000-09-01 00:00:00'::timestamp without time zone))",
                                                                  "parent": 57,
                                                                  "ID": 58
                                                                }
                                                              ],
                                                              "parent": 55,
                                                              "ID": 57,
                                                              "left": 58
                                                            }
                                                          ],
                                                          "parent": 54,
                                                          "ID": 55,
                                                          "left": 56,
                                                          "right": 57
                                                        },
                                                        {
                                                          "Node Type": "Hash",
                                                          "Parent Relationship": "Inner",
                                                          "Parallel Aware": true,
                                                          "Async Capable": false,
                                                          "Startup Cost": 16278.74,
                                                          "Total Cost": 16278.74,
                                                          "Plan Rows": 299674,
                                                          "Plan Width": 20,
                                                          "Plans": [
                                                            {
                                                              "Node Type": "Seq Scan",
                                                              "Parent Relationship": "Outer",
                                                              "Parallel Aware": true,
                                                              "Async Capable": false,
                                                              "Relation Name": "web_returns",
                                                              "Alias": "web_returns",
                                                              "Startup Cost": 0.0,
                                                              "Total Cost": 16278.74,
                                                              "Plan Rows": 299674,
                                                              "Plan Width": 20,
                                                              "parent": 59,
                                                              "ID": 60
                                                            }
                                                          ],
                                                          "parent": 54,
                                                          "ID": 59,
                                                          "left": 60
                                                        }
                                                      ],
                                                      "parent": 53,
                                                      "ID": 54,
                                                      "left": 55,
                                                      "right": 59
                                                    },
                                                    {
                                                      "Node Type": "Hash",
                                                      "Parent Relationship": "Inner",
                                                      "Parallel Aware": true,
                                                      "Async Capable": false,
                                                      "Startup Cost": 7495.25,
                                                      "Total Cost": 7495.25,
                                                      "Plan Rows": 2442,
                                                      "Plan Width": 4,
                                                      "Plans": [
                                                        {
                                                          "Node Type": "Seq Scan",
                                                          "Parent Relationship": "Outer",
                                                          "Parallel Aware": true,
                                                          "Async Capable": false,
                                                          "Relation Name": "item",
                                                          "Alias": "item_2",
                                                          "Startup Cost": 0.0,
                                                          "Total Cost": 7495.25,
                                                          "Plan Rows": 2442,
                                                          "Plan Width": 4,
                                                          "Filter": "(i_current_price > '50'::numeric)",
                                                          "parent": 61,
                                                          "ID": 62
                                                        }
                                                      ],
                                                      "parent": 53,
                                                      "ID": 61,
                                                      "left": 62
                                                    }
                                                  ],
                                                  "parent": 52,
                                                  "ID": 53,
                                                  "left": 54,
                                                  "right": 61
                                                },
                                                {
                                                  "Node Type": "Hash",
                                                  "Parent Relationship": "Inner",
                                                  "Parallel Aware": false,
                                                  "Async Capable": false,
                                                  "Startup Cost": 19.25,
                                                  "Total Cost": 19.25,
                                                  "Plan Rows": 492,
                                                  "Plan Width": 4,
                                                  "Plans": [
                                                    {
                                                      "Node Type": "Seq Scan",
                                                      "Parent Relationship": "Outer",
                                                      "Parallel Aware": false,
                                                      "Async Capable": false,
                                                      "Relation Name": "promotion",
                                                      "Alias": "promotion_2",
                                                      "Startup Cost": 0.0,
                                                      "Total Cost": 19.25,
                                                      "Plan Rows": 492,
                                                      "Plan Width": 4,
                                                      "Filter": "(p_channel_tv = 'N'::bpchar)",
                                                      "parent": 63,
                                                      "ID": 64
                                                    }
                                                  ],
                                                  "parent": 52,
                                                  "ID": 63,
                                                  "left": 64
                                                }
                                              ],
                                              "parent": 51,
                                              "ID": 52,
                                              "left": 53,
                                              "right": 63
                                            },
                                            {
                                              "Node Type": "Hash",
                                              "Parent Relationship": "Inner",
                                              "Parallel Aware": false,
                                              "Async Capable": false,
                                              "Startup Cost": 3.42,
                                              "Total Cost": 3.42,
                                              "Plan Rows": 42,
                                              "Plan Width": 21,
                                              "Plans": [
                                                {
                                                  "Node Type": "Seq Scan",
                                                  "Parent Relationship": "Outer",
                                                  "Parallel Aware": false,
                                                  "Async Capable": false,
                                                  "Relation Name": "web_site",
                                                  "Alias": "web_site",
                                                  "Startup Cost": 0.0,
                                                  "Total Cost": 3.42,
                                                  "Plan Rows": 42,
                                                  "Plan Width": 21,
                                                  "parent": 65,
                                                  "ID": 66
                                                }
                                              ],
                                              "parent": 51,
                                              "ID": 65,
                                              "left": 66
                                            }
                                          ],
                                          "parent": 50,
                                          "ID": 51,
                                          "left": 52,
                                          "right": 65
                                        }
                                      ],
                                      "parent": 49,
                                      "ID": 50,
                                      "left": 51
                                    }
                                  ],
                                  "parent": 48,
                                  "ID": 49,
                                  "left": 50
                                }
                              ],
                              "parent": 47,
                              "ID": 48,
                              "left": 49
                            }
                          ],
                          "parent": 46,
                          "ID": 47,
                          "left": 48
                        }
                      ],
                      "parent": 3,
                      "ID": 46,
                      "left": 47
                    }
                  ],
                  "parent": 2,
                  "ID": 3,
                  "left": 4,
                  "right": 25
                }
              ],
              "parent": 1,
              "ID": 2,
              "left": 3
            }
          ],
          "parent": 0,
          "ID": 1,
          "left": 2
        }
      ],
      "parent": null,
      "ID": 0,
      "left": 1
    },
    "feat": {
      "utility": 0.0,
      "query_shape": [
        [
          "Seq Scan",
          "Hash Join",
          "Sort",
          "Aggregate",
          "Gather Merge",
          "Subquery Scan",
          "Append"
        ],
        [
          "Seq Scan",
          "Hash",
          "Hash Join",
          "Sort",
          "Aggregate",
          "Gather Merge",
          "Subquery Scan",
          "Append"
        ],
        [
          "Seq Scan",
          "Hash",
          "Hash Join",
          "Sort",
          "Aggregate",
          "Gather Merge",
          "Subquery Scan",
          "Append"
        ],
        [
          "Seq Scan",
          "Hash",
          "Hash Join",
          "Sort",
          "Aggregate",
          "Gather Merge",
          "Subquery Scan",
          "Append"
        ],
        [
          "Seq Scan",
          "Hash",
          "Hash Join",
          "Sort",
          "Aggregate",
          "Gather Merge",
          "Subquery Scan",
          "Append"
        ],
        [
          "Seq Scan",
          "Hash",
          "Hash Join",
          "Sort",
          "Aggregate",
          "Gather Merge",
          "Subquery Scan",
          "Append"
        ],
        [
          "Seq Scan",
          "Hash Join",
          "Sort",
          "Aggregate",
          "Gather Merge",
          "Subquery Scan",
          "Append"
        ],
        [
          "Seq Scan",
          "Hash",
          "Hash Join",
          "Sort",
          "Aggregate",
          "Gather Merge",
          "Subquery Scan",
          "Append"
        ],
        [
          "Seq Scan",
          "Hash",
          "Hash Join",
          "Sort",
          "Aggregate",
          "Gather Merge",
          "Subquery Scan",
          "Append"
        ],
        [
          "Seq Scan",
          "Hash",
          "Hash Join",
          "Sort",
          "Aggregate",
          "Gather Merge",
          "Subquery Scan",
          "Append"
        ],
        [
          "Seq Scan",
          "Hash",
          "Hash Join",
          "Sort",
          "Aggregate",
          "Gather Merge",
          "Subquery Scan",
          "Append"
        ],
        [
          "Seq Scan",
          "Hash",
          "Hash Join",
          "Sort",
          "Aggregate",
          "Gather Merge",
          "Subquery Scan",
          "Append"
        ],
        [
          "Seq Scan",
          "Hash Join",
          "Sort",
          "Aggregate",
          "Gather Merge",
          "Subquery Scan",
          "Append"
        ],
        [
          "Seq Scan",
          "Hash",
          "Hash Join",
          "Sort",
          "Aggregate",
          "Gather Merge",
          "Subquery Scan",
          "Append"
        ],
        [
          "Seq Scan",
          "Hash",
          "Hash Join",
          "Sort",
          "Aggregate",
          "Gather Merge",
          "Subquery Scan",
          "Append"
        ],
        [
          "Seq Scan",
          "Hash",
          "Hash Join",
          "Sort",
          "Aggregate",
          "Gather Merge",
          "Subquery Scan",
          "Append"
        ],
        [
          "Seq Scan",
          "Hash",
          "Hash Join",
          "Sort",
          "Aggregate",
          "Gather Merge",
          "Subquery Scan",
          "Append"
        ],
        [
          "Seq Scan",
          "Hash",
          "Hash Join",
          "Sort",
          "Aggregate",
          "Gather Merge",
          "Subquery Scan",
          "Append"
        ]
      ],
      "index_shape": [
        "order-by"
      ],
      "physical_operator": {
        "Sort": [
          "[0. 0. 0. 0. 0. 0. 0. 0. 0. 0. 0. 0. 0. 0. 0. 0. 0. 0. 0. 0. 0. 0. 0. 0.\n 0. 0. 0. 0. 0. 0. 0. 0. 0. 0. 0. 0. 0. 0. 0. 0. 0. 0. 0. 0. 0. 0. 0. 0.\n 0. 0. 0.]"
        ],
        "Aggregate": [
          "[0. 0. 0. 0. 0. 0. 0. 0. 0. 0. 0. 0. 0. 0. 0. 0. 0. 0. 0. 0. 0. 0. 0. 0.\n 0. 0. 0. 0. 0. 0. 0. 0. 0. 0. 0. 0. 0. 0. 0. 0. 0. 0. 0. 0. 0. 0. 0. 0.\n 0. 0. 0.]",
          "[0. 0. 0. 0. 0. 0. 0. 0. 0. 0. 0. 0. 0. 0. 0. 0. 0. 0. 0. 0. 0. 0. 0. 0.\n 0. 0. 0. 0. 0. 0. 0. 0. 0. 0. 0. 0. 0. 0. 0. 0. 0. 0. 0. 0. 0. 0. 0. 0.\n 0. 0. 0.]"
        ]
      }
    }
  },
  {
    "query": "with ssr as\n (select  s_store_id as store_id,\n          sum(ss_ext_sales_price) as sales,\n          sum(coalesce(sr_return_amt, 0)) as returns,\n          sum(ss_net_profit - coalesce(sr_net_loss, 0)) as profit\n  from store_sales left outer join store_returns on\n         (ss_item_sk = sr_item_sk and ss_ticket_number = sr_ticket_number),\n     date_dim,\n     store,\n     item,\n     promotion\n where ss_sold_date_sk = d_date_sk\n       and d_date between cast('2000-08-02' as date) \n                  and (cast('2000-08-02' as date) +  interval '30 days')\n       and ss_store_sk = s_store_sk\n       and ss_item_sk = i_item_sk\n       and i_current_price > 50\n       and ss_promo_sk = p_promo_sk\n       and p_channel_tv = 'N'\n group by s_store_id)\n ,\n csr as\n (select  cp_catalog_page_id as catalog_page_id,\n          sum(cs_ext_sales_price) as sales,\n          sum(coalesce(cr_return_amount, 0)) as returns,\n          sum(cs_net_profit - coalesce(cr_net_loss, 0)) as profit\n  from catalog_sales left outer join catalog_returns on\n         (cs_item_sk = cr_item_sk and cs_order_number = cr_order_number),\n     date_dim,\n     catalog_page,\n     item,\n     promotion\n where cs_sold_date_sk = d_date_sk\n       and d_date between cast('2000-08-02' as date)\n                  and (cast('2000-08-02' as date) +  interval '30 days')\n        and cs_catalog_page_sk = cp_catalog_page_sk\n       and cs_item_sk = i_item_sk\n       and i_current_price > 50\n       and cs_promo_sk = p_promo_sk\n       and p_channel_tv = 'N'\ngroup by cp_catalog_page_id)\n ,\n wsr as\n (select  web_site_id,\n          sum(ws_ext_sales_price) as sales,\n          sum(coalesce(wr_return_amt, 0)) as returns,\n          sum(ws_net_profit - coalesce(wr_net_loss, 0)) as profit\n  from web_sales left outer join web_returns on\n         (ws_item_sk = wr_item_sk and ws_order_number = wr_order_number),\n     date_dim,\n     web_site,\n     item,\n     promotion\n where ws_sold_date_sk = d_date_sk\n       and d_date between cast('2000-08-02' as date)\n                  and (cast('2000-08-02' as date) +  interval '30 days')\n        and ws_web_site_sk = web_site_sk\n       and ws_item_sk = i_item_sk\n       and i_current_price > 50\n       and ws_promo_sk = p_promo_sk\n       and p_channel_tv = 'N'\ngroup by web_site_id)\n  select  channel\n        , id\n        , sum(sales) as sales\n        , sum(returns) as returns\n        , sum(profit) as profit\n from \n (select 'store channel' as channel\n        , 'store' || store_id as id\n        , sales\n        , returns\n        , profit\n from   ssr\n union all\n select 'catalog channel' as channel\n        , 'catalog_page' || catalog_page_id as id\n        , sales\n        , returns\n        , profit\n from  csr\n union all\n select 'web channel' as channel\n        , 'web_site' || web_site_id as id\n        , sales\n        , returns\n        , profit\n from   wsr\n ) x\n group by rollup (channel, id)\n order by channel\n         ,id\n limit 100;\n\n-- end query 61 in stream 4 using template query80.tpl\n",
    "indexes": "catalog_page.cp_catalog_page_sk",
    "wo plan est": {
      "Node Type": "Limit",
      "Parallel Aware": false,
      "Async Capable": false,
      "Startup Cost": 1566793.64,
      "Total Cost": 1566796.93,
      "Plan Rows": 100,
      "Plan Width": 160,
      "Plans": [
        {
          "Node Type": "Aggregate",
          "Strategy": "Sorted",
          "Partial Mode": "Simple",
          "Parent Relationship": "Outer",
          "Parallel Aware": false,
          "Async Capable": false,
          "Startup Cost": 1566793.64,
          "Total Cost": 1566806.84,
          "Plan Rows": 401,
          "Plan Width": 160,
          "Grouping Sets": [
            {
              "Group Keys": [
                [
                  "('store channel'::text)",
                  "(('store'::text || (ssr.store_id)::text))"
                ],
                [
                  "('store channel'::text)"
                ],
                []
              ]
            }
          ],
          "Plans": [
            {
              "Node Type": "Sort",
              "Parent Relationship": "Outer",
              "Parallel Aware": false,
              "Async Capable": false,
              "Startup Cost": 1566793.64,
              "Total Cost": 1566794.67,
              "Plan Rows": 412,
              "Plan Width": 160,
              "Sort Key": [
                "('store channel'::text)",
                "(('store'::text || (ssr.store_id)::text))"
              ],
              "Plans": [
                {
                  "Node Type": "Append",
                  "Parent Relationship": "Outer",
                  "Parallel Aware": false,
                  "Async Capable": false,
                  "Startup Cost": 784596.3,
                  "Total Cost": 1566775.74,
                  "Plan Rows": 412,
                  "Plan Width": 160,
                  "Subplans Removed": 0,
                  "Plans": [
                    {
                      "Node Type": "Subquery Scan",
                      "Parent Relationship": "Member",
                      "Parallel Aware": false,
                      "Async Capable": false,
                      "Alias": "ssr",
                      "Startup Cost": 784596.3,
                      "Total Cost": 784616.16,
                      "Plan Rows": 51,
                      "Plan Width": 160,
                      "Plans": [
                        {
                          "Node Type": "Aggregate",
                          "Strategy": "Sorted",
                          "Partial Mode": "Finalize",
                          "Parent Relationship": "Subquery",
                          "Parallel Aware": false,
                          "Async Capable": false,
                          "Startup Cost": 784596.3,
                          "Total Cost": 784615.39,
                          "Plan Rows": 51,
                          "Plan Width": 113,
                          "Group Key": [
                            "store.s_store_id"
                          ],
                          "Plans": [
                            {
                              "Node Type": "Gather Merge",
                              "Parent Relationship": "Outer",
                              "Parallel Aware": false,
                              "Async Capable": false,
                              "Startup Cost": 784596.3,
                              "Total Cost": 784612.71,
                              "Plan Rows": 102,
                              "Plan Width": 113,
                              "Workers Planned": 2,
                              "Plans": [
                                {
                                  "Node Type": "Aggregate",
                                  "Strategy": "Sorted",
                                  "Partial Mode": "Partial",
                                  "Parent Relationship": "Outer",
                                  "Parallel Aware": false,
                                  "Async Capable": false,
                                  "Startup Cost": 783596.27,
                                  "Total Cost": 783600.92,
                                  "Plan Rows": 51,
                                  "Plan Width": 113,
                                  "Group Key": [
                                    "store.s_store_id"
                                  ],
                                  "Plans": [
                                    {
                                      "Node Type": "Sort",
                                      "Parent Relationship": "Outer",
                                      "Parallel Aware": false,
                                      "Async Capable": false,
                                      "Startup Cost": 783596.27,
                                      "Total Cost": 783596.9,
                                      "Plan Rows": 250,
                                      "Plan Width": 41,
                                      "Sort Key": [
                                        "store.s_store_id"
                                      ],
                                      "Plans": [
                                        {
                                          "Node Type": "Hash Join",
                                          "Parent Relationship": "Outer",
                                          "Parallel Aware": false,
                                          "Async Capable": false,
                                          "Join Type": "Inner",
                                          "Startup Cost": 94489.35,
                                          "Total Cost": 783586.32,
                                          "Plan Rows": 250,
                                          "Plan Width": 41,
                                          "Inner Unique": false,
                                          "Hash Cond": "(store_sales.ss_store_sk = store.s_store_sk)",
                                          "Plans": [
                                            {
                                              "Node Type": "Hash Join",
                                              "Parent Relationship": "Outer",
                                              "Parallel Aware": false,
                                              "Async Capable": false,
                                              "Join Type": "Inner",
                                              "Startup Cost": 94482.05,
                                              "Total Cost": 783575.54,
                                              "Plan Rows": 262,
                                              "Plan Width": 28,
                                              "Inner Unique": false,
                                              "Hash Cond": "(store_sales.ss_promo_sk = promotion.p_promo_sk)",
                                              "Plans": [
                                                {
                                                  "Node Type": "Hash Join",
                                                  "Parent Relationship": "Outer",
                                                  "Parallel Aware": true,
                                                  "Async Capable": false,
                                                  "Join Type": "Inner",
                                                  "Startup Cost": 94456.65,
                                                  "Total Cost": 783546.47,
                                                  "Plan Rows": 279,
                                                  "Plan Width": 32,
                                                  "Inner Unique": false,
                                                  "Hash Cond": "(store_sales.ss_item_sk = item.i_item_sk)",
                                                  "Plans": [
                                                    {
                                                      "Node Type": "Hash Join",
                                                      "Parent Relationship": "Outer",
                                                      "Parallel Aware": true,
                                                      "Async Capable": false,
                                                      "Join Type": "Left",
                                                      "Startup Cost": 86930.88,
                                                      "Total Cost": 776001.31,
                                                      "Plan Rows": 4860,
                                                      "Plan Width": 36,
                                                      "Inner Unique": false,
                                                      "Hash Cond": "((store_sales.ss_item_sk = store_returns.sr_item_sk) AND (store_sales.ss_ticket_number = store_returns.sr_ticket_number))",
                                                      "Plans": [
                                                        {
                                                          "Node Type": "Hash Join",
                                                          "Parent Relationship": "Outer",
                                                          "Parallel Aware": true,
                                                          "Async Capable": false,
                                                          "Join Type": "Inner",
                                                          "Startup Cost": 2049.78,
                                                          "Total Cost": 683994.75,
                                                          "Plan Rows": 4860,
                                                          "Plan Width": 28,
                                                          "Inner Unique": false,
                                                          "Hash Cond": "(store_sales.ss_sold_date_sk = date_dim.d_date_sk)",
                                                          "Plans": [
                                                            {
                                                              "Node Type": "Seq Scan",
                                                              "Parent Relationship": "Outer",
                                                              "Parallel Aware": true,
                                                              "Async Capable": false,
                                                              "Relation Name": "store_sales",
                                                              "Alias": "store_sales",
                                                              "Startup Cost": 0.0,
                                                              "Total Cost": 636914.37,
                                                              "Plan Rows": 12000637,
                                                              "Plan Width": 32,
                                                              "parent": 13,
                                                              "ID": 14
                                                            },
                                                            {
                                                              "Node Type": "Hash",
                                                              "Parent Relationship": "Inner",
                                                              "Parallel Aware": true,
                                                              "Async Capable": false,
                                                              "Startup Cost": 2049.55,
                                                              "Total Cost": 2049.55,
                                                              "Plan Rows": 18,
                                                              "Plan Width": 4,
                                                              "Plans": [
                                                                {
                                                                  "Node Type": "Seq Scan",
                                                                  "Parent Relationship": "Outer",
                                                                  "Parallel Aware": true,
                                                                  "Async Capable": false,
                                                                  "Relation Name": "date_dim",
                                                                  "Alias": "date_dim",
                                                                  "Startup Cost": 0.0,
                                                                  "Total Cost": 2049.55,
                                                                  "Plan Rows": 18,
                                                                  "Plan Width": 4,
                                                                  "Filter": "((d_date >= '2000-08-02'::date) AND (d_date <= '2000-09-01 00:00:00'::timestamp without time zone))",
                                                                  "parent": 15,
                                                                  "ID": 16
                                                                }
                                                              ],
                                                              "parent": 13,
                                                              "ID": 15,
                                                              "left": 16
                                                            }
                                                          ],
                                                          "parent": 12,
                                                          "ID": 13,
                                                          "left": 14,
                                                          "right": 15
                                                        },
                                                        {
                                                          "Node Type": "Hash",
                                                          "Parent Relationship": "Inner",
                                                          "Parallel Aware": true,
                                                          "Async Capable": false,
                                                          "Startup Cost": 59887.64,
                                                          "Total Cost": 59887.64,
                                                          "Plan Rows": 1198164,
                                                          "Plan Width": 20,
                                                          "Plans": [
                                                            {
                                                              "Node Type": "Seq Scan",
                                                              "Parent Relationship": "Outer",
                                                              "Parallel Aware": true,
                                                              "Async Capable": false,
                                                              "Relation Name": "store_returns",
                                                              "Alias": "store_returns",
                                                              "Startup Cost": 0.0,
                                                              "Total Cost": 59887.64,
                                                              "Plan Rows": 1198164,
                                                              "Plan Width": 20,
                                                              "parent": 17,
                                                              "ID": 18
                                                            }
                                                          ],
                                                          "parent": 12,
                                                          "ID": 17,
                                                          "left": 18
                                                        }
                                                      ],
                                                      "parent": 11,
                                                      "ID": 12,
                                                      "left": 13,
                                                      "right": 17
                                                    },
                                                    {
                                                      "Node Type": "Hash",
                                                      "Parent Relationship": "Inner",
                                                      "Parallel Aware": true,
                                                      "Async Capable": false,
                                                      "Startup Cost": 7495.25,
                                                      "Total Cost": 7495.25,
                                                      "Plan Rows": 2442,
                                                      "Plan Width": 4,
                                                      "Plans": [
                                                        {
                                                          "Node Type": "Seq Scan",
                                                          "Parent Relationship": "Outer",
                                                          "Parallel Aware": true,
                                                          "Async Capable": false,
                                                          "Relation Name": "item",
                                                          "Alias": "item",
                                                          "Startup Cost": 0.0,
                                                          "Total Cost": 7495.25,
                                                          "Plan Rows": 2442,
                                                          "Plan Width": 4,
                                                          "Filter": "(i_current_price > '50'::numeric)",
                                                          "parent": 19,
                                                          "ID": 20
                                                        }
                                                      ],
                                                      "parent": 11,
                                                      "ID": 19,
                                                      "left": 20
                                                    }
                                                  ],
                                                  "parent": 10,
                                                  "ID": 11,
                                                  "left": 12,
                                                  "right": 19
                                                },
                                                {
                                                  "Node Type": "Hash",
                                                  "Parent Relationship": "Inner",
                                                  "Parallel Aware": false,
                                                  "Async Capable": false,
                                                  "Startup Cost": 19.25,
                                                  "Total Cost": 19.25,
                                                  "Plan Rows": 492,
                                                  "Plan Width": 4,
                                                  "Plans": [
                                                    {
                                                      "Node Type": "Seq Scan",
                                                      "Parent Relationship": "Outer",
                                                      "Parallel Aware": false,
                                                      "Async Capable": false,
                                                      "Relation Name": "promotion",
                                                      "Alias": "promotion",
                                                      "Startup Cost": 0.0,
                                                      "Total Cost": 19.25,
                                                      "Plan Rows": 492,
                                                      "Plan Width": 4,
                                                      "Filter": "(p_channel_tv = 'N'::bpchar)",
                                                      "parent": 21,
                                                      "ID": 22
                                                    }
                                                  ],
                                                  "parent": 10,
                                                  "ID": 21,
                                                  "left": 22
                                                }
                                              ],
                                              "parent": 9,
                                              "ID": 10,
                                              "left": 11,
                                              "right": 21
                                            },
                                            {
                                              "Node Type": "Hash",
                                              "Parent Relationship": "Inner",
                                              "Parallel Aware": false,
                                              "Async Capable": false,
                                              "Startup Cost": 6.02,
                                              "Total Cost": 6.02,
                                              "Plan Rows": 102,
                                              "Plan Width": 21,
                                              "Plans": [
                                                {
                                                  "Node Type": "Seq Scan",
                                                  "Parent Relationship": "Outer",
                                                  "Parallel Aware": false,
                                                  "Async Capable": false,
                                                  "Relation Name": "store",
                                                  "Alias": "store",
                                                  "Startup Cost": 0.0,
                                                  "Total Cost": 6.02,
                                                  "Plan Rows": 102,
                                                  "Plan Width": 21,
                                                  "parent": 23,
                                                  "ID": 24
                                                }
                                              ],
                                              "parent": 9,
                                              "ID": 23,
                                              "left": 24
                                            }
                                          ],
                                          "parent": 8,
                                          "ID": 9,
                                          "left": 10,
                                          "right": 23
                                        }
                                      ],
                                      "parent": 7,
                                      "ID": 8,
                                      "left": 9
                                    }
                                  ],
                                  "parent": 6,
                                  "ID": 7,
                                  "left": 8
                                }
                              ],
                              "parent": 5,
                              "ID": 6,
                              "left": 7
                            }
                          ],
                          "parent": 4,
                          "ID": 5,
                          "left": 6
                        }
                      ],
                      "parent": 3,
                      "ID": 4,
                      "left": 5
                    },
                    {
                      "Node Type": "Subquery Scan",
                      "Parent Relationship": "Member",
                      "Parallel Aware": false,
                      "Async Capable": false,
                      "Alias": "csr",
                      "Startup Cost": 518177.36,
                      "Total Cost": 518230.78,
                      "Plan Rows": 340,
                      "Plan Width": 160,
                      "Plans": [
                        {
                          "Node Type": "Aggregate",
                          "Strategy": "Sorted",
                          "Partial Mode": "Finalize",
                          "Parent Relationship": "Subquery",
                          "Parallel Aware": false,
                          "Async Capable": false,
                          "Startup Cost": 518177.36,
                          "Total Cost": 518225.68,
                          "Plan Rows": 340,
                          "Plan Width": 113,
                          "Group Key": [
                            "catalog_page.cp_catalog_page_id"
                          ],
                          "Plans": [
                            {
                              "Node Type": "Gather Merge",
                              "Parent Relationship": "Outer",
                              "Parallel Aware": false,
                              "Async Capable": false,
                              "Startup Cost": 518177.36,
                              "Total Cost": 518214.76,
                              "Plan Rows": 284,
                              "Plan Width": 113,
                              "Workers Planned": 2,
                              "Plans": [
                                {
                                  "Node Type": "Aggregate",
                                  "Strategy": "Sorted",
                                  "Partial Mode": "Partial",
                                  "Parent Relationship": "Outer",
                                  "Parallel Aware": false,
                                  "Async Capable": false,
                                  "Startup Cost": 517177.34,
                                  "Total Cost": 517181.95,
                                  "Plan Rows": 142,
                                  "Plan Width": 113,
                                  "Group Key": [
                                    "catalog_page.cp_catalog_page_id"
                                  ],
                                  "Plans": [
                                    {
                                      "Node Type": "Sort",
                                      "Parent Relationship": "Outer",
                                      "Parallel Aware": false,
                                      "Async Capable": false,
                                      "Startup Cost": 517177.34,
                                      "Total Cost": 517177.69,
                                      "Plan Rows": 142,
                                      "Plan Width": 41,
                                      "Sort Key": [
                                        "catalog_page.cp_catalog_page_id"
                                      ],
                                      "Plans": [
                                        {
                                          "Node Type": "Hash Join",
                                          "Parent Relationship": "Outer",
                                          "Parallel Aware": false,
                                          "Async Capable": false,
                                          "Join Type": "Inner",
                                          "Startup Cost": 57382.33,
                                          "Total Cost": 517172.26,
                                          "Plan Rows": 142,
                                          "Plan Width": 41,
                                          "Inner Unique": false,
                                          "Hash Cond": "(catalog_sales.cs_catalog_page_sk = catalog_page.cp_catalog_page_sk)",
                                          "Plans": [
                                            {
                                              "Node Type": "Hash Join",
                                              "Parent Relationship": "Outer",
                                              "Parallel Aware": false,
                                              "Async Capable": false,
                                              "Join Type": "Inner",
                                              "Startup Cost": 56864.33,
                                              "Total Cost": 516652.32,
                                              "Plan Rows": 142,
                                              "Plan Width": 28,
                                              "Inner Unique": false,
                                              "Hash Cond": "(catalog_sales.cs_promo_sk = promotion_1.p_promo_sk)",
                                              "Plans": [
                                                {
                                                  "Node Type": "Hash Join",
                                                  "Parent Relationship": "Outer",
                                                  "Parallel Aware": true,
                                                  "Async Capable": false,
                                                  "Join Type": "Inner",
                                                  "Startup Cost": 56838.93,
                                                  "Total Cost": 516624.96,
                                                  "Plan Rows": 145,
                                                  "Plan Width": 32,
                                                  "Inner Unique": false,
                                                  "Hash Cond": "(catalog_sales.cs_item_sk = item_1.i_item_sk)",
                                                  "Plans": [
                                                    {
                                                      "Node Type": "Hash Join",
                                                      "Parent Relationship": "Outer",
                                                      "Parallel Aware": true,
                                                      "Async Capable": false,
                                                      "Join Type": "Left",
                                                      "Startup Cost": 49313.15,
                                                      "Total Cost": 509089.08,
                                                      "Plan Rows": 2532,
                                                      "Plan Width": 36,
                                                      "Inner Unique": false,
                                                      "Hash Cond": "((catalog_sales.cs_item_sk = catalog_returns.cr_item_sk) AND (catalog_sales.cs_order_number = catalog_returns.cr_order_number))",
                                                      "Plans": [
                                                        {
                                                          "Node Type": "Hash Join",
                                                          "Parent Relationship": "Outer",
                                                          "Parallel Aware": true,
                                                          "Async Capable": false,
                                                          "Join Type": "Inner",
                                                          "Startup Cost": 2049.78,
                                                          "Total Cost": 458254.7,
                                                          "Plan Rows": 2532,
                                                          "Plan Width": 28,
                                                          "Inner Unique": false,
                                                          "Hash Cond": "(catalog_sales.cs_sold_date_sk = date_dim_1.d_date_sk)",
                                                          "Plans": [
                                                            {
                                                              "Node Type": "Seq Scan",
                                                              "Parent Relationship": "Outer",
                                                              "Parallel Aware": true,
                                                              "Async Capable": false,
                                                              "Relation Name": "catalog_sales",
                                                              "Alias": "catalog_sales",
                                                              "Startup Cost": 0.0,
                                                              "Total Cost": 433688.25,
                                                              "Plan Rows": 6000525,
                                                              "Plan Width": 32,
                                                              "parent": 34,
                                                              "ID": 35
                                                            },
                                                            {
                                                              "Node Type": "Hash",
                                                              "Parent Relationship": "Inner",
                                                              "Parallel Aware": true,
                                                              "Async Capable": false,
                                                              "Startup Cost": 2049.55,
                                                              "Total Cost": 2049.55,
                                                              "Plan Rows": 18,
                                                              "Plan Width": 4,
                                                              "Plans": [
                                                                {
                                                                  "Node Type": "Seq Scan",
                                                                  "Parent Relationship": "Outer",
                                                                  "Parallel Aware": true,
                                                                  "Async Capable": false,
                                                                  "Relation Name": "date_dim",
                                                                  "Alias": "date_dim_1",
                                                                  "Startup Cost": 0.0,
                                                                  "Total Cost": 2049.55,
                                                                  "Plan Rows": 18,
                                                                  "Plan Width": 4,
                                                                  "Filter": "((d_date >= '2000-08-02'::date) AND (d_date <= '2000-09-01 00:00:00'::timestamp without time zone))",
                                                                  "parent": 36,
                                                                  "ID": 37
                                                                }
                                                              ],
                                                              "parent": 34,
                                                              "ID": 36,
                                                              "left": 37
                                                            }
                                                          ],
                                                          "parent": 33,
                                                          "ID": 34,
                                                          "left": 35,
                                                          "right": 36
                                                        },
                                                        {
                                                          "Node Type": "Hash",
                                                          "Parent Relationship": "Inner",
                                                          "Parallel Aware": true,
                                                          "Async Capable": false,
                                                          "Startup Cost": 34748.95,
                                                          "Total Cost": 34748.95,
                                                          "Plan Rows": 599895,
                                                          "Plan Width": 20,
                                                          "Plans": [
                                                            {
                                                              "Node Type": "Seq Scan",
                                                              "Parent Relationship": "Outer",
                                                              "Parallel Aware": true,
                                                              "Async Capable": false,
                                                              "Relation Name": "catalog_returns",
                                                              "Alias": "catalog_returns",
                                                              "Startup Cost": 0.0,
                                                              "Total Cost": 34748.95,
                                                              "Plan Rows": 599895,
                                                              "Plan Width": 20,
                                                              "parent": 38,
                                                              "ID": 39
                                                            }
                                                          ],
                                                          "parent": 33,
                                                          "ID": 38,
                                                          "left": 39
                                                        }
                                                      ],
                                                      "parent": 32,
                                                      "ID": 33,
                                                      "left": 34,
                                                      "right": 38
                                                    },
                                                    {
                                                      "Node Type": "Hash",
                                                      "Parent Relationship": "Inner",
                                                      "Parallel Aware": true,
                                                      "Async Capable": false,
                                                      "Startup Cost": 7495.25,
                                                      "Total Cost": 7495.25,
                                                      "Plan Rows": 2442,
                                                      "Plan Width": 4,
                                                      "Plans": [
                                                        {
                                                          "Node Type": "Seq Scan",
                                                          "Parent Relationship": "Outer",
                                                          "Parallel Aware": true,
                                                          "Async Capable": false,
                                                          "Relation Name": "item",
                                                          "Alias": "item_1",
                                                          "Startup Cost": 0.0,
                                                          "Total Cost": 7495.25,
                                                          "Plan Rows": 2442,
                                                          "Plan Width": 4,
                                                          "Filter": "(i_current_price > '50'::numeric)",
                                                          "parent": 40,
                                                          "ID": 41
                                                        }
                                                      ],
                                                      "parent": 32,
                                                      "ID": 40,
                                                      "left": 41
                                                    }
                                                  ],
                                                  "parent": 31,
                                                  "ID": 32,
                                                  "left": 33,
                                                  "right": 40
                                                },
                                                {
                                                  "Node Type": "Hash",
                                                  "Parent Relationship": "Inner",
                                                  "Parallel Aware": false,
                                                  "Async Capable": false,
                                                  "Startup Cost": 19.25,
                                                  "Total Cost": 19.25,
                                                  "Plan Rows": 492,
                                                  "Plan Width": 4,
                                                  "Plans": [
                                                    {
                                                      "Node Type": "Seq Scan",
                                                      "Parent Relationship": "Outer",
                                                      "Parallel Aware": false,
                                                      "Async Capable": false,
                                                      "Relation Name": "promotion",
                                                      "Alias": "promotion_1",
                                                      "Startup Cost": 0.0,
                                                      "Total Cost": 19.25,
                                                      "Plan Rows": 492,
                                                      "Plan Width": 4,
                                                      "Filter": "(p_channel_tv = 'N'::bpchar)",
                                                      "parent": 42,
                                                      "ID": 43
                                                    }
                                                  ],
                                                  "parent": 31,
                                                  "ID": 42,
                                                  "left": 43
                                                }
                                              ],
                                              "parent": 30,
                                              "ID": 31,
                                              "left": 32,
                                              "right": 42
                                            },
                                            {
                                              "Node Type": "Hash",
                                              "Parent Relationship": "Inner",
                                              "Parallel Aware": false,
                                              "Async Capable": false,
                                              "Startup Cost": 368.0,
                                              "Total Cost": 368.0,
                                              "Plan Rows": 12000,
                                              "Plan Width": 21,
                                              "Plans": [
                                                {
                                                  "Node Type": "Seq Scan",
                                                  "Parent Relationship": "Outer",
                                                  "Parallel Aware": false,
                                                  "Async Capable": false,
                                                  "Relation Name": "catalog_page",
                                                  "Alias": "catalog_page",
                                                  "Startup Cost": 0.0,
                                                  "Total Cost": 368.0,
                                                  "Plan Rows": 12000,
                                                  "Plan Width": 21,
                                                  "parent": 44,
                                                  "ID": 45
                                                }
                                              ],
                                              "parent": 30,
                                              "ID": 44,
                                              "left": 45
                                            }
                                          ],
                                          "parent": 29,
                                          "ID": 30,
                                          "left": 31,
                                          "right": 44
                                        }
                                      ],
                                      "parent": 28,
                                      "ID": 29,
                                      "left": 30
                                    }
                                  ],
                                  "parent": 27,
                                  "ID": 28,
                                  "left": 29
                                }
                              ],
                              "parent": 26,
                              "ID": 27,
                              "left": 28
                            }
                          ],
                          "parent": 25,
                          "ID": 26,
                          "left": 27
                        }
                      ],
                      "parent": 3,
                      "ID": 25,
                      "left": 26
                    },
                    {
                      "Node Type": "Subquery Scan",
                      "Parent Relationship": "Member",
                      "Parallel Aware": false,
                      "Async Capable": false,
                      "Alias": "wsr",
                      "Startup Cost": 263919.04,
                      "Total Cost": 263926.75,
                      "Plan Rows": 21,
                      "Plan Width": 160,
                      "Plans": [
                        {
                          "Node Type": "Aggregate",
                          "Strategy": "Sorted",
                          "Partial Mode": "Finalize",
                          "Parent Relationship": "Subquery",
                          "Parallel Aware": false,
                          "Async Capable": false,
                          "Startup Cost": 263919.04,
                          "Total Cost": 263926.43,
                          "Plan Rows": 21,
                          "Plan Width": 113,
                          "Group Key": [
                            "web_site.web_site_id"
                          ],
                          "Plans": [
                            {
                              "Node Type": "Gather Merge",
                              "Parent Relationship": "Outer",
                              "Parallel Aware": false,
                              "Async Capable": false,
                              "Startup Cost": 263919.04,
                              "Total Cost": 263925.33,
                              "Plan Rows": 42,
                              "Plan Width": 113,
                              "Workers Planned": 2,
                              "Plans": [
                                {
                                  "Node Type": "Aggregate",
                                  "Strategy": "Sorted",
                                  "Partial Mode": "Partial",
                                  "Parent Relationship": "Outer",
                                  "Parallel Aware": false,
                                  "Async Capable": false,
                                  "Startup Cost": 262919.01,
                                  "Total Cost": 262920.46,
                                  "Plan Rows": 21,
                                  "Plan Width": 113,
                                  "Group Key": [
                                    "web_site.web_site_id"
                                  ],
                                  "Plans": [
                                    {
                                      "Node Type": "Sort",
                                      "Parent Relationship": "Outer",
                                      "Parallel Aware": false,
                                      "Async Capable": false,
                                      "Startup Cost": 262919.01,
                                      "Total Cost": 262919.19,
                                      "Plan Rows": 72,
                                      "Plan Width": 41,
                                      "Sort Key": [
                                        "web_site.web_site_id"
                                      ],
                                      "Plans": [
                                        {
                                          "Node Type": "Hash Join",
                                          "Parent Relationship": "Outer",
                                          "Parallel Aware": false,
                                          "Async Capable": false,
                                          "Join Type": "Inner",
                                          "Startup Cost": 32134.74,
                                          "Total Cost": 262916.79,
                                          "Plan Rows": 72,
                                          "Plan Width": 41,
                                          "Inner Unique": false,
                                          "Hash Cond": "(web_sales.ws_web_site_sk = web_site.web_site_sk)",
                                          "Plans": [
                                            {
                                              "Node Type": "Hash Join",
                                              "Parent Relationship": "Outer",
                                              "Parallel Aware": false,
                                              "Async Capable": false,
                                              "Join Type": "Inner",
                                              "Startup Cost": 32130.8,
                                              "Total Cost": 262911.86,
                                              "Plan Rows": 72,
                                              "Plan Width": 28,
                                              "Inner Unique": false,
                                              "Hash Cond": "(web_sales.ws_promo_sk = promotion_2.p_promo_sk)",
                                              "Plans": [
                                                {
                                                  "Node Type": "Hash Join",
                                                  "Parent Relationship": "Outer",
                                                  "Parallel Aware": true,
                                                  "Async Capable": false,
                                                  "Join Type": "Inner",
                                                  "Startup Cost": 32105.4,
                                                  "Total Cost": 262885.46,
                                                  "Plan Rows": 73,
                                                  "Plan Width": 32,
                                                  "Inner Unique": false,
                                                  "Hash Cond": "(web_sales.ws_item_sk = item_2.i_item_sk)",
                                                  "Plans": [
                                                    {
                                                      "Node Type": "Hash Join",
                                                      "Parent Relationship": "Outer",
                                                      "Parallel Aware": true,
                                                      "Async Capable": false,
                                                      "Join Type": "Left",
                                                      "Startup Cost": 24579.62,
                                                      "Total Cost": 255354.62,
                                                      "Plan Rows": 1272,
                                                      "Plan Width": 36,
                                                      "Inner Unique": false,
                                                      "Hash Cond": "((web_sales.ws_item_sk = web_returns.wr_item_sk) AND (web_sales.ws_order_number = web_returns.wr_order_number))",
                                                      "Plans": [
                                                        {
                                                          "Node Type": "Hash Join",
                                                          "Parent Relationship": "Outer",
                                                          "Parallel Aware": true,
                                                          "Async Capable": false,
                                                          "Join Type": "Inner",
                                                          "Startup Cost": 2049.78,
                                                          "Total Cost": 231041.22,
                                                          "Plan Rows": 1272,
                                                          "Plan Width": 28,
                                                          "Inner Unique": false,
                                                          "Hash Cond": "(web_sales.ws_sold_date_sk = date_dim_2.d_date_sk)",
                                                          "Plans": [
                                                            {
                                                              "Node Type": "Seq Scan",
                                                              "Parent Relationship": "Outer",
                                                              "Parallel Aware": true,
                                                              "Async Capable": false,
                                                              "Relation Name": "web_sales",
                                                              "Alias": "web_sales",
                                                              "Startup Cost": 0.0,
                                                              "Total Cost": 217737.86,
                                                              "Plan Rows": 2998986,
                                                              "Plan Width": 32,
                                                              "parent": 55,
                                                              "ID": 56
                                                            },
                                                            {
                                                              "Node Type": "Hash",
                                                              "Parent Relationship": "Inner",
                                                              "Parallel Aware": true,
                                                              "Async Capable": false,
                                                              "Startup Cost": 2049.55,
                                                              "Total Cost": 2049.55,
                                                              "Plan Rows": 18,
                                                              "Plan Width": 4,
                                                              "Plans": [
                                                                {
                                                                  "Node Type": "Seq Scan",
                                                                  "Parent Relationship": "Outer",
                                                                  "Parallel Aware": true,
                                                                  "Async Capable": false,
                                                                  "Relation Name": "date_dim",
                                                                  "Alias": "date_dim_2",
                                                                  "Startup Cost": 0.0,
                                                                  "Total Cost": 2049.55,
                                                                  "Plan Rows": 18,
                                                                  "Plan Width": 4,
                                                                  "Filter": "((d_date >= '2000-08-02'::date) AND (d_date <= '2000-09-01 00:00:00'::timestamp without time zone))",
                                                                  "parent": 57,
                                                                  "ID": 58
                                                                }
                                                              ],
                                                              "parent": 55,
                                                              "ID": 57,
                                                              "left": 58
                                                            }
                                                          ],
                                                          "parent": 54,
                                                          "ID": 55,
                                                          "left": 56,
                                                          "right": 57
                                                        },
                                                        {
                                                          "Node Type": "Hash",
                                                          "Parent Relationship": "Inner",
                                                          "Parallel Aware": true,
                                                          "Async Capable": false,
                                                          "Startup Cost": 16278.74,
                                                          "Total Cost": 16278.74,
                                                          "Plan Rows": 299674,
                                                          "Plan Width": 20,
                                                          "Plans": [
                                                            {
                                                              "Node Type": "Seq Scan",
                                                              "Parent Relationship": "Outer",
                                                              "Parallel Aware": true,
                                                              "Async Capable": false,
                                                              "Relation Name": "web_returns",
                                                              "Alias": "web_returns",
                                                              "Startup Cost": 0.0,
                                                              "Total Cost": 16278.74,
                                                              "Plan Rows": 299674,
                                                              "Plan Width": 20,
                                                              "parent": 59,
                                                              "ID": 60
                                                            }
                                                          ],
                                                          "parent": 54,
                                                          "ID": 59,
                                                          "left": 60
                                                        }
                                                      ],
                                                      "parent": 53,
                                                      "ID": 54,
                                                      "left": 55,
                                                      "right": 59
                                                    },
                                                    {
                                                      "Node Type": "Hash",
                                                      "Parent Relationship": "Inner",
                                                      "Parallel Aware": true,
                                                      "Async Capable": false,
                                                      "Startup Cost": 7495.25,
                                                      "Total Cost": 7495.25,
                                                      "Plan Rows": 2442,
                                                      "Plan Width": 4,
                                                      "Plans": [
                                                        {
                                                          "Node Type": "Seq Scan",
                                                          "Parent Relationship": "Outer",
                                                          "Parallel Aware": true,
                                                          "Async Capable": false,
                                                          "Relation Name": "item",
                                                          "Alias": "item_2",
                                                          "Startup Cost": 0.0,
                                                          "Total Cost": 7495.25,
                                                          "Plan Rows": 2442,
                                                          "Plan Width": 4,
                                                          "Filter": "(i_current_price > '50'::numeric)",
                                                          "parent": 61,
                                                          "ID": 62
                                                        }
                                                      ],
                                                      "parent": 53,
                                                      "ID": 61,
                                                      "left": 62
                                                    }
                                                  ],
                                                  "parent": 52,
                                                  "ID": 53,
                                                  "left": 54,
                                                  "right": 61
                                                },
                                                {
                                                  "Node Type": "Hash",
                                                  "Parent Relationship": "Inner",
                                                  "Parallel Aware": false,
                                                  "Async Capable": false,
                                                  "Startup Cost": 19.25,
                                                  "Total Cost": 19.25,
                                                  "Plan Rows": 492,
                                                  "Plan Width": 4,
                                                  "Plans": [
                                                    {
                                                      "Node Type": "Seq Scan",
                                                      "Parent Relationship": "Outer",
                                                      "Parallel Aware": false,
                                                      "Async Capable": false,
                                                      "Relation Name": "promotion",
                                                      "Alias": "promotion_2",
                                                      "Startup Cost": 0.0,
                                                      "Total Cost": 19.25,
                                                      "Plan Rows": 492,
                                                      "Plan Width": 4,
                                                      "Filter": "(p_channel_tv = 'N'::bpchar)",
                                                      "parent": 63,
                                                      "ID": 64
                                                    }
                                                  ],
                                                  "parent": 52,
                                                  "ID": 63,
                                                  "left": 64
                                                }
                                              ],
                                              "parent": 51,
                                              "ID": 52,
                                              "left": 53,
                                              "right": 63
                                            },
                                            {
                                              "Node Type": "Hash",
                                              "Parent Relationship": "Inner",
                                              "Parallel Aware": false,
                                              "Async Capable": false,
                                              "Startup Cost": 3.42,
                                              "Total Cost": 3.42,
                                              "Plan Rows": 42,
                                              "Plan Width": 21,
                                              "Plans": [
                                                {
                                                  "Node Type": "Seq Scan",
                                                  "Parent Relationship": "Outer",
                                                  "Parallel Aware": false,
                                                  "Async Capable": false,
                                                  "Relation Name": "web_site",
                                                  "Alias": "web_site",
                                                  "Startup Cost": 0.0,
                                                  "Total Cost": 3.42,
                                                  "Plan Rows": 42,
                                                  "Plan Width": 21,
                                                  "parent": 65,
                                                  "ID": 66
                                                }
                                              ],
                                              "parent": 51,
                                              "ID": 65,
                                              "left": 66
                                            }
                                          ],
                                          "parent": 50,
                                          "ID": 51,
                                          "left": 52,
                                          "right": 65
                                        }
                                      ],
                                      "parent": 49,
                                      "ID": 50,
                                      "left": 51
                                    }
                                  ],
                                  "parent": 48,
                                  "ID": 49,
                                  "left": 50
                                }
                              ],
                              "parent": 47,
                              "ID": 48,
                              "left": 49
                            }
                          ],
                          "parent": 46,
                          "ID": 47,
                          "left": 48
                        }
                      ],
                      "parent": 3,
                      "ID": 46,
                      "left": 47
                    }
                  ],
                  "parent": 2,
                  "ID": 3,
                  "left": 4,
                  "right": 25
                }
              ],
              "parent": 1,
              "ID": 2,
              "left": 3
            }
          ],
          "parent": 0,
          "ID": 1,
          "left": 2
        }
      ],
      "parent": null,
      "ID": 0,
      "left": 1
    },
    "feat": {
      "utility": 2.162871109418248e-06,
      "query_shape": [
        [
          "Seq Scan",
          "Hash Join",
          "Sort",
          "Aggregate",
          "Gather Merge",
          "Subquery Scan",
          "Append"
        ],
        [
          "Seq Scan",
          "Hash",
          "Hash Join",
          "Sort",
          "Aggregate",
          "Gather Merge",
          "Subquery Scan",
          "Append"
        ],
        [
          "Seq Scan",
          "Hash",
          "Hash Join",
          "Sort",
          "Aggregate",
          "Gather Merge",
          "Subquery Scan",
          "Append"
        ],
        [
          "Seq Scan",
          "Hash",
          "Hash Join",
          "Sort",
          "Aggregate",
          "Gather Merge",
          "Subquery Scan",
          "Append"
        ],
        [
          "Seq Scan",
          "Hash",
          "Hash Join",
          "Sort",
          "Aggregate",
          "Gather Merge",
          "Subquery Scan",
          "Append"
        ],
        [
          "Seq Scan",
          "Hash",
          "Hash Join",
          "Sort",
          "Aggregate",
          "Gather Merge",
          "Subquery Scan",
          "Append"
        ],
        [
          "Seq Scan",
          "Hash Join",
          "Sort",
          "Aggregate",
          "Gather Merge",
          "Subquery Scan",
          "Append"
        ],
        [
          "Seq Scan",
          "Hash",
          "Hash Join",
          "Sort",
          "Aggregate",
          "Gather Merge",
          "Subquery Scan",
          "Append"
        ],
        [
          "Seq Scan",
          "Hash",
          "Hash Join",
          "Sort",
          "Aggregate",
          "Gather Merge",
          "Subquery Scan",
          "Append"
        ],
        [
          "Seq Scan",
          "Hash",
          "Hash Join",
          "Sort",
          "Aggregate",
          "Gather Merge",
          "Subquery Scan",
          "Append"
        ],
        [
          "Seq Scan",
          "Hash",
          "Hash Join",
          "Sort",
          "Aggregate",
          "Gather Merge",
          "Subquery Scan",
          "Append"
        ],
        [
          "Seq Scan",
          "Hash",
          "Hash Join",
          "Sort",
          "Aggregate",
          "Gather Merge",
          "Subquery Scan",
          "Append"
        ],
        [
          "Seq Scan",
          "Hash Join",
          "Sort",
          "Aggregate",
          "Gather Merge",
          "Subquery Scan",
          "Append"
        ],
        [
          "Seq Scan",
          "Hash",
          "Hash Join",
          "Sort",
          "Aggregate",
          "Gather Merge",
          "Subquery Scan",
          "Append"
        ],
        [
          "Seq Scan",
          "Hash",
          "Hash Join",
          "Sort",
          "Aggregate",
          "Gather Merge",
          "Subquery Scan",
          "Append"
        ],
        [
          "Seq Scan",
          "Hash",
          "Hash Join",
          "Sort",
          "Aggregate",
          "Gather Merge",
          "Subquery Scan",
          "Append"
        ],
        [
          "Seq Scan",
          "Hash",
          "Hash Join",
          "Sort",
          "Aggregate",
          "Gather Merge",
          "Subquery Scan",
          "Append"
        ],
        [
          "Seq Scan",
          "Hash",
          "Hash Join",
          "Sort",
          "Aggregate",
          "Gather Merge",
          "Subquery Scan",
          "Append"
        ]
      ],
      "index_shape": [
        "join"
      ],
      "physical_operator": {
        "Hash Join": [
          0.009128709291752768
        ]
      }
    }
  },
  {
    "query": "with ssr as\n (select  s_store_id as store_id,\n          sum(ss_ext_sales_price) as sales,\n          sum(coalesce(sr_return_amt, 0)) as returns,\n          sum(ss_net_profit - coalesce(sr_net_loss, 0)) as profit\n  from store_sales left outer join store_returns on\n         (ss_item_sk = sr_item_sk and ss_ticket_number = sr_ticket_number),\n     date_dim,\n     store,\n     item,\n     promotion\n where ss_sold_date_sk = d_date_sk\n       and d_date between cast('2000-08-02' as date) \n                  and (cast('2000-08-02' as date) +  interval '30 days')\n       and ss_store_sk = s_store_sk\n       and ss_item_sk = i_item_sk\n       and i_current_price > 50\n       and ss_promo_sk = p_promo_sk\n       and p_channel_tv = 'N'\n group by s_store_id)\n ,\n csr as\n (select  cp_catalog_page_id as catalog_page_id,\n          sum(cs_ext_sales_price) as sales,\n          sum(coalesce(cr_return_amount, 0)) as returns,\n          sum(cs_net_profit - coalesce(cr_net_loss, 0)) as profit\n  from catalog_sales left outer join catalog_returns on\n         (cs_item_sk = cr_item_sk and cs_order_number = cr_order_number),\n     date_dim,\n     catalog_page,\n     item,\n     promotion\n where cs_sold_date_sk = d_date_sk\n       and d_date between cast('2000-08-02' as date)\n                  and (cast('2000-08-02' as date) +  interval '30 days')\n        and cs_catalog_page_sk = cp_catalog_page_sk\n       and cs_item_sk = i_item_sk\n       and i_current_price > 50\n       and cs_promo_sk = p_promo_sk\n       and p_channel_tv = 'N'\ngroup by cp_catalog_page_id)\n ,\n wsr as\n (select  web_site_id,\n          sum(ws_ext_sales_price) as sales,\n          sum(coalesce(wr_return_amt, 0)) as returns,\n          sum(ws_net_profit - coalesce(wr_net_loss, 0)) as profit\n  from web_sales left outer join web_returns on\n         (ws_item_sk = wr_item_sk and ws_order_number = wr_order_number),\n     date_dim,\n     web_site,\n     item,\n     promotion\n where ws_sold_date_sk = d_date_sk\n       and d_date between cast('2000-08-02' as date)\n                  and (cast('2000-08-02' as date) +  interval '30 days')\n        and ws_web_site_sk = web_site_sk\n       and ws_item_sk = i_item_sk\n       and i_current_price > 50\n       and ws_promo_sk = p_promo_sk\n       and p_channel_tv = 'N'\ngroup by web_site_id)\n  select  channel\n        , id\n        , sum(sales) as sales\n        , sum(returns) as returns\n        , sum(profit) as profit\n from \n (select 'store channel' as channel\n        , 'store' || store_id as id\n        , sales\n        , returns\n        , profit\n from   ssr\n union all\n select 'catalog channel' as channel\n        , 'catalog_page' || catalog_page_id as id\n        , sales\n        , returns\n        , profit\n from  csr\n union all\n select 'web channel' as channel\n        , 'web_site' || web_site_id as id\n        , sales\n        , returns\n        , profit\n from   wsr\n ) x\n group by rollup (channel, id)\n order by channel\n         ,id\n limit 100;\n\n-- end query 61 in stream 4 using template query80.tpl\n",
    "indexes": "catalog_page.cp_catalog_page_id",
    "wo plan est": {
      "Node Type": "Limit",
      "Parallel Aware": false,
      "Async Capable": false,
      "Startup Cost": 1566793.64,
      "Total Cost": 1566796.93,
      "Plan Rows": 100,
      "Plan Width": 160,
      "Plans": [
        {
          "Node Type": "Aggregate",
          "Strategy": "Sorted",
          "Partial Mode": "Simple",
          "Parent Relationship": "Outer",
          "Parallel Aware": false,
          "Async Capable": false,
          "Startup Cost": 1566793.64,
          "Total Cost": 1566806.84,
          "Plan Rows": 401,
          "Plan Width": 160,
          "Grouping Sets": [
            {
              "Group Keys": [
                [
                  "('store channel'::text)",
                  "(('store'::text || (ssr.store_id)::text))"
                ],
                [
                  "('store channel'::text)"
                ],
                []
              ]
            }
          ],
          "Plans": [
            {
              "Node Type": "Sort",
              "Parent Relationship": "Outer",
              "Parallel Aware": false,
              "Async Capable": false,
              "Startup Cost": 1566793.64,
              "Total Cost": 1566794.67,
              "Plan Rows": 412,
              "Plan Width": 160,
              "Sort Key": [
                "('store channel'::text)",
                "(('store'::text || (ssr.store_id)::text))"
              ],
              "Plans": [
                {
                  "Node Type": "Append",
                  "Parent Relationship": "Outer",
                  "Parallel Aware": false,
                  "Async Capable": false,
                  "Startup Cost": 784596.3,
                  "Total Cost": 1566775.74,
                  "Plan Rows": 412,
                  "Plan Width": 160,
                  "Subplans Removed": 0,
                  "Plans": [
                    {
                      "Node Type": "Subquery Scan",
                      "Parent Relationship": "Member",
                      "Parallel Aware": false,
                      "Async Capable": false,
                      "Alias": "ssr",
                      "Startup Cost": 784596.3,
                      "Total Cost": 784616.16,
                      "Plan Rows": 51,
                      "Plan Width": 160,
                      "Plans": [
                        {
                          "Node Type": "Aggregate",
                          "Strategy": "Sorted",
                          "Partial Mode": "Finalize",
                          "Parent Relationship": "Subquery",
                          "Parallel Aware": false,
                          "Async Capable": false,
                          "Startup Cost": 784596.3,
                          "Total Cost": 784615.39,
                          "Plan Rows": 51,
                          "Plan Width": 113,
                          "Group Key": [
                            "store.s_store_id"
                          ],
                          "Plans": [
                            {
                              "Node Type": "Gather Merge",
                              "Parent Relationship": "Outer",
                              "Parallel Aware": false,
                              "Async Capable": false,
                              "Startup Cost": 784596.3,
                              "Total Cost": 784612.71,
                              "Plan Rows": 102,
                              "Plan Width": 113,
                              "Workers Planned": 2,
                              "Plans": [
                                {
                                  "Node Type": "Aggregate",
                                  "Strategy": "Sorted",
                                  "Partial Mode": "Partial",
                                  "Parent Relationship": "Outer",
                                  "Parallel Aware": false,
                                  "Async Capable": false,
                                  "Startup Cost": 783596.27,
                                  "Total Cost": 783600.92,
                                  "Plan Rows": 51,
                                  "Plan Width": 113,
                                  "Group Key": [
                                    "store.s_store_id"
                                  ],
                                  "Plans": [
                                    {
                                      "Node Type": "Sort",
                                      "Parent Relationship": "Outer",
                                      "Parallel Aware": false,
                                      "Async Capable": false,
                                      "Startup Cost": 783596.27,
                                      "Total Cost": 783596.9,
                                      "Plan Rows": 250,
                                      "Plan Width": 41,
                                      "Sort Key": [
                                        "store.s_store_id"
                                      ],
                                      "Plans": [
                                        {
                                          "Node Type": "Hash Join",
                                          "Parent Relationship": "Outer",
                                          "Parallel Aware": false,
                                          "Async Capable": false,
                                          "Join Type": "Inner",
                                          "Startup Cost": 94489.35,
                                          "Total Cost": 783586.32,
                                          "Plan Rows": 250,
                                          "Plan Width": 41,
                                          "Inner Unique": false,
                                          "Hash Cond": "(store_sales.ss_store_sk = store.s_store_sk)",
                                          "Plans": [
                                            {
                                              "Node Type": "Hash Join",
                                              "Parent Relationship": "Outer",
                                              "Parallel Aware": false,
                                              "Async Capable": false,
                                              "Join Type": "Inner",
                                              "Startup Cost": 94482.05,
                                              "Total Cost": 783575.54,
                                              "Plan Rows": 262,
                                              "Plan Width": 28,
                                              "Inner Unique": false,
                                              "Hash Cond": "(store_sales.ss_promo_sk = promotion.p_promo_sk)",
                                              "Plans": [
                                                {
                                                  "Node Type": "Hash Join",
                                                  "Parent Relationship": "Outer",
                                                  "Parallel Aware": true,
                                                  "Async Capable": false,
                                                  "Join Type": "Inner",
                                                  "Startup Cost": 94456.65,
                                                  "Total Cost": 783546.47,
                                                  "Plan Rows": 279,
                                                  "Plan Width": 32,
                                                  "Inner Unique": false,
                                                  "Hash Cond": "(store_sales.ss_item_sk = item.i_item_sk)",
                                                  "Plans": [
                                                    {
                                                      "Node Type": "Hash Join",
                                                      "Parent Relationship": "Outer",
                                                      "Parallel Aware": true,
                                                      "Async Capable": false,
                                                      "Join Type": "Left",
                                                      "Startup Cost": 86930.88,
                                                      "Total Cost": 776001.31,
                                                      "Plan Rows": 4860,
                                                      "Plan Width": 36,
                                                      "Inner Unique": false,
                                                      "Hash Cond": "((store_sales.ss_item_sk = store_returns.sr_item_sk) AND (store_sales.ss_ticket_number = store_returns.sr_ticket_number))",
                                                      "Plans": [
                                                        {
                                                          "Node Type": "Hash Join",
                                                          "Parent Relationship": "Outer",
                                                          "Parallel Aware": true,
                                                          "Async Capable": false,
                                                          "Join Type": "Inner",
                                                          "Startup Cost": 2049.78,
                                                          "Total Cost": 683994.75,
                                                          "Plan Rows": 4860,
                                                          "Plan Width": 28,
                                                          "Inner Unique": false,
                                                          "Hash Cond": "(store_sales.ss_sold_date_sk = date_dim.d_date_sk)",
                                                          "Plans": [
                                                            {
                                                              "Node Type": "Seq Scan",
                                                              "Parent Relationship": "Outer",
                                                              "Parallel Aware": true,
                                                              "Async Capable": false,
                                                              "Relation Name": "store_sales",
                                                              "Alias": "store_sales",
                                                              "Startup Cost": 0.0,
                                                              "Total Cost": 636914.37,
                                                              "Plan Rows": 12000637,
                                                              "Plan Width": 32,
                                                              "parent": 13,
                                                              "ID": 14
                                                            },
                                                            {
                                                              "Node Type": "Hash",
                                                              "Parent Relationship": "Inner",
                                                              "Parallel Aware": true,
                                                              "Async Capable": false,
                                                              "Startup Cost": 2049.55,
                                                              "Total Cost": 2049.55,
                                                              "Plan Rows": 18,
                                                              "Plan Width": 4,
                                                              "Plans": [
                                                                {
                                                                  "Node Type": "Seq Scan",
                                                                  "Parent Relationship": "Outer",
                                                                  "Parallel Aware": true,
                                                                  "Async Capable": false,
                                                                  "Relation Name": "date_dim",
                                                                  "Alias": "date_dim",
                                                                  "Startup Cost": 0.0,
                                                                  "Total Cost": 2049.55,
                                                                  "Plan Rows": 18,
                                                                  "Plan Width": 4,
                                                                  "Filter": "((d_date >= '2000-08-02'::date) AND (d_date <= '2000-09-01 00:00:00'::timestamp without time zone))",
                                                                  "parent": 15,
                                                                  "ID": 16
                                                                }
                                                              ],
                                                              "parent": 13,
                                                              "ID": 15,
                                                              "left": 16
                                                            }
                                                          ],
                                                          "parent": 12,
                                                          "ID": 13,
                                                          "left": 14,
                                                          "right": 15
                                                        },
                                                        {
                                                          "Node Type": "Hash",
                                                          "Parent Relationship": "Inner",
                                                          "Parallel Aware": true,
                                                          "Async Capable": false,
                                                          "Startup Cost": 59887.64,
                                                          "Total Cost": 59887.64,
                                                          "Plan Rows": 1198164,
                                                          "Plan Width": 20,
                                                          "Plans": [
                                                            {
                                                              "Node Type": "Seq Scan",
                                                              "Parent Relationship": "Outer",
                                                              "Parallel Aware": true,
                                                              "Async Capable": false,
                                                              "Relation Name": "store_returns",
                                                              "Alias": "store_returns",
                                                              "Startup Cost": 0.0,
                                                              "Total Cost": 59887.64,
                                                              "Plan Rows": 1198164,
                                                              "Plan Width": 20,
                                                              "parent": 17,
                                                              "ID": 18
                                                            }
                                                          ],
                                                          "parent": 12,
                                                          "ID": 17,
                                                          "left": 18
                                                        }
                                                      ],
                                                      "parent": 11,
                                                      "ID": 12,
                                                      "left": 13,
                                                      "right": 17
                                                    },
                                                    {
                                                      "Node Type": "Hash",
                                                      "Parent Relationship": "Inner",
                                                      "Parallel Aware": true,
                                                      "Async Capable": false,
                                                      "Startup Cost": 7495.25,
                                                      "Total Cost": 7495.25,
                                                      "Plan Rows": 2442,
                                                      "Plan Width": 4,
                                                      "Plans": [
                                                        {
                                                          "Node Type": "Seq Scan",
                                                          "Parent Relationship": "Outer",
                                                          "Parallel Aware": true,
                                                          "Async Capable": false,
                                                          "Relation Name": "item",
                                                          "Alias": "item",
                                                          "Startup Cost": 0.0,
                                                          "Total Cost": 7495.25,
                                                          "Plan Rows": 2442,
                                                          "Plan Width": 4,
                                                          "Filter": "(i_current_price > '50'::numeric)",
                                                          "parent": 19,
                                                          "ID": 20
                                                        }
                                                      ],
                                                      "parent": 11,
                                                      "ID": 19,
                                                      "left": 20
                                                    }
                                                  ],
                                                  "parent": 10,
                                                  "ID": 11,
                                                  "left": 12,
                                                  "right": 19
                                                },
                                                {
                                                  "Node Type": "Hash",
                                                  "Parent Relationship": "Inner",
                                                  "Parallel Aware": false,
                                                  "Async Capable": false,
                                                  "Startup Cost": 19.25,
                                                  "Total Cost": 19.25,
                                                  "Plan Rows": 492,
                                                  "Plan Width": 4,
                                                  "Plans": [
                                                    {
                                                      "Node Type": "Seq Scan",
                                                      "Parent Relationship": "Outer",
                                                      "Parallel Aware": false,
                                                      "Async Capable": false,
                                                      "Relation Name": "promotion",
                                                      "Alias": "promotion",
                                                      "Startup Cost": 0.0,
                                                      "Total Cost": 19.25,
                                                      "Plan Rows": 492,
                                                      "Plan Width": 4,
                                                      "Filter": "(p_channel_tv = 'N'::bpchar)",
                                                      "parent": 21,
                                                      "ID": 22
                                                    }
                                                  ],
                                                  "parent": 10,
                                                  "ID": 21,
                                                  "left": 22
                                                }
                                              ],
                                              "parent": 9,
                                              "ID": 10,
                                              "left": 11,
                                              "right": 21
                                            },
                                            {
                                              "Node Type": "Hash",
                                              "Parent Relationship": "Inner",
                                              "Parallel Aware": false,
                                              "Async Capable": false,
                                              "Startup Cost": 6.02,
                                              "Total Cost": 6.02,
                                              "Plan Rows": 102,
                                              "Plan Width": 21,
                                              "Plans": [
                                                {
                                                  "Node Type": "Seq Scan",
                                                  "Parent Relationship": "Outer",
                                                  "Parallel Aware": false,
                                                  "Async Capable": false,
                                                  "Relation Name": "store",
                                                  "Alias": "store",
                                                  "Startup Cost": 0.0,
                                                  "Total Cost": 6.02,
                                                  "Plan Rows": 102,
                                                  "Plan Width": 21,
                                                  "parent": 23,
                                                  "ID": 24
                                                }
                                              ],
                                              "parent": 9,
                                              "ID": 23,
                                              "left": 24
                                            }
                                          ],
                                          "parent": 8,
                                          "ID": 9,
                                          "left": 10,
                                          "right": 23
                                        }
                                      ],
                                      "parent": 7,
                                      "ID": 8,
                                      "left": 9
                                    }
                                  ],
                                  "parent": 6,
                                  "ID": 7,
                                  "left": 8
                                }
                              ],
                              "parent": 5,
                              "ID": 6,
                              "left": 7
                            }
                          ],
                          "parent": 4,
                          "ID": 5,
                          "left": 6
                        }
                      ],
                      "parent": 3,
                      "ID": 4,
                      "left": 5
                    },
                    {
                      "Node Type": "Subquery Scan",
                      "Parent Relationship": "Member",
                      "Parallel Aware": false,
                      "Async Capable": false,
                      "Alias": "csr",
                      "Startup Cost": 518177.36,
                      "Total Cost": 518230.78,
                      "Plan Rows": 340,
                      "Plan Width": 160,
                      "Plans": [
                        {
                          "Node Type": "Aggregate",
                          "Strategy": "Sorted",
                          "Partial Mode": "Finalize",
                          "Parent Relationship": "Subquery",
                          "Parallel Aware": false,
                          "Async Capable": false,
                          "Startup Cost": 518177.36,
                          "Total Cost": 518225.68,
                          "Plan Rows": 340,
                          "Plan Width": 113,
                          "Group Key": [
                            "catalog_page.cp_catalog_page_id"
                          ],
                          "Plans": [
                            {
                              "Node Type": "Gather Merge",
                              "Parent Relationship": "Outer",
                              "Parallel Aware": false,
                              "Async Capable": false,
                              "Startup Cost": 518177.36,
                              "Total Cost": 518214.76,
                              "Plan Rows": 284,
                              "Plan Width": 113,
                              "Workers Planned": 2,
                              "Plans": [
                                {
                                  "Node Type": "Aggregate",
                                  "Strategy": "Sorted",
                                  "Partial Mode": "Partial",
                                  "Parent Relationship": "Outer",
                                  "Parallel Aware": false,
                                  "Async Capable": false,
                                  "Startup Cost": 517177.34,
                                  "Total Cost": 517181.95,
                                  "Plan Rows": 142,
                                  "Plan Width": 113,
                                  "Group Key": [
                                    "catalog_page.cp_catalog_page_id"
                                  ],
                                  "Plans": [
                                    {
                                      "Node Type": "Sort",
                                      "Parent Relationship": "Outer",
                                      "Parallel Aware": false,
                                      "Async Capable": false,
                                      "Startup Cost": 517177.34,
                                      "Total Cost": 517177.69,
                                      "Plan Rows": 142,
                                      "Plan Width": 41,
                                      "Sort Key": [
                                        "catalog_page.cp_catalog_page_id"
                                      ],
                                      "Plans": [
                                        {
                                          "Node Type": "Hash Join",
                                          "Parent Relationship": "Outer",
                                          "Parallel Aware": false,
                                          "Async Capable": false,
                                          "Join Type": "Inner",
                                          "Startup Cost": 57382.33,
                                          "Total Cost": 517172.26,
                                          "Plan Rows": 142,
                                          "Plan Width": 41,
                                          "Inner Unique": false,
                                          "Hash Cond": "(catalog_sales.cs_catalog_page_sk = catalog_page.cp_catalog_page_sk)",
                                          "Plans": [
                                            {
                                              "Node Type": "Hash Join",
                                              "Parent Relationship": "Outer",
                                              "Parallel Aware": false,
                                              "Async Capable": false,
                                              "Join Type": "Inner",
                                              "Startup Cost": 56864.33,
                                              "Total Cost": 516652.32,
                                              "Plan Rows": 142,
                                              "Plan Width": 28,
                                              "Inner Unique": false,
                                              "Hash Cond": "(catalog_sales.cs_promo_sk = promotion_1.p_promo_sk)",
                                              "Plans": [
                                                {
                                                  "Node Type": "Hash Join",
                                                  "Parent Relationship": "Outer",
                                                  "Parallel Aware": true,
                                                  "Async Capable": false,
                                                  "Join Type": "Inner",
                                                  "Startup Cost": 56838.93,
                                                  "Total Cost": 516624.96,
                                                  "Plan Rows": 145,
                                                  "Plan Width": 32,
                                                  "Inner Unique": false,
                                                  "Hash Cond": "(catalog_sales.cs_item_sk = item_1.i_item_sk)",
                                                  "Plans": [
                                                    {
                                                      "Node Type": "Hash Join",
                                                      "Parent Relationship": "Outer",
                                                      "Parallel Aware": true,
                                                      "Async Capable": false,
                                                      "Join Type": "Left",
                                                      "Startup Cost": 49313.15,
                                                      "Total Cost": 509089.08,
                                                      "Plan Rows": 2532,
                                                      "Plan Width": 36,
                                                      "Inner Unique": false,
                                                      "Hash Cond": "((catalog_sales.cs_item_sk = catalog_returns.cr_item_sk) AND (catalog_sales.cs_order_number = catalog_returns.cr_order_number))",
                                                      "Plans": [
                                                        {
                                                          "Node Type": "Hash Join",
                                                          "Parent Relationship": "Outer",
                                                          "Parallel Aware": true,
                                                          "Async Capable": false,
                                                          "Join Type": "Inner",
                                                          "Startup Cost": 2049.78,
                                                          "Total Cost": 458254.7,
                                                          "Plan Rows": 2532,
                                                          "Plan Width": 28,
                                                          "Inner Unique": false,
                                                          "Hash Cond": "(catalog_sales.cs_sold_date_sk = date_dim_1.d_date_sk)",
                                                          "Plans": [
                                                            {
                                                              "Node Type": "Seq Scan",
                                                              "Parent Relationship": "Outer",
                                                              "Parallel Aware": true,
                                                              "Async Capable": false,
                                                              "Relation Name": "catalog_sales",
                                                              "Alias": "catalog_sales",
                                                              "Startup Cost": 0.0,
                                                              "Total Cost": 433688.25,
                                                              "Plan Rows": 6000525,
                                                              "Plan Width": 32,
                                                              "parent": 34,
                                                              "ID": 35
                                                            },
                                                            {
                                                              "Node Type": "Hash",
                                                              "Parent Relationship": "Inner",
                                                              "Parallel Aware": true,
                                                              "Async Capable": false,
                                                              "Startup Cost": 2049.55,
                                                              "Total Cost": 2049.55,
                                                              "Plan Rows": 18,
                                                              "Plan Width": 4,
                                                              "Plans": [
                                                                {
                                                                  "Node Type": "Seq Scan",
                                                                  "Parent Relationship": "Outer",
                                                                  "Parallel Aware": true,
                                                                  "Async Capable": false,
                                                                  "Relation Name": "date_dim",
                                                                  "Alias": "date_dim_1",
                                                                  "Startup Cost": 0.0,
                                                                  "Total Cost": 2049.55,
                                                                  "Plan Rows": 18,
                                                                  "Plan Width": 4,
                                                                  "Filter": "((d_date >= '2000-08-02'::date) AND (d_date <= '2000-09-01 00:00:00'::timestamp without time zone))",
                                                                  "parent": 36,
                                                                  "ID": 37
                                                                }
                                                              ],
                                                              "parent": 34,
                                                              "ID": 36,
                                                              "left": 37
                                                            }
                                                          ],
                                                          "parent": 33,
                                                          "ID": 34,
                                                          "left": 35,
                                                          "right": 36
                                                        },
                                                        {
                                                          "Node Type": "Hash",
                                                          "Parent Relationship": "Inner",
                                                          "Parallel Aware": true,
                                                          "Async Capable": false,
                                                          "Startup Cost": 34748.95,
                                                          "Total Cost": 34748.95,
                                                          "Plan Rows": 599895,
                                                          "Plan Width": 20,
                                                          "Plans": [
                                                            {
                                                              "Node Type": "Seq Scan",
                                                              "Parent Relationship": "Outer",
                                                              "Parallel Aware": true,
                                                              "Async Capable": false,
                                                              "Relation Name": "catalog_returns",
                                                              "Alias": "catalog_returns",
                                                              "Startup Cost": 0.0,
                                                              "Total Cost": 34748.95,
                                                              "Plan Rows": 599895,
                                                              "Plan Width": 20,
                                                              "parent": 38,
                                                              "ID": 39
                                                            }
                                                          ],
                                                          "parent": 33,
                                                          "ID": 38,
                                                          "left": 39
                                                        }
                                                      ],
                                                      "parent": 32,
                                                      "ID": 33,
                                                      "left": 34,
                                                      "right": 38
                                                    },
                                                    {
                                                      "Node Type": "Hash",
                                                      "Parent Relationship": "Inner",
                                                      "Parallel Aware": true,
                                                      "Async Capable": false,
                                                      "Startup Cost": 7495.25,
                                                      "Total Cost": 7495.25,
                                                      "Plan Rows": 2442,
                                                      "Plan Width": 4,
                                                      "Plans": [
                                                        {
                                                          "Node Type": "Seq Scan",
                                                          "Parent Relationship": "Outer",
                                                          "Parallel Aware": true,
                                                          "Async Capable": false,
                                                          "Relation Name": "item",
                                                          "Alias": "item_1",
                                                          "Startup Cost": 0.0,
                                                          "Total Cost": 7495.25,
                                                          "Plan Rows": 2442,
                                                          "Plan Width": 4,
                                                          "Filter": "(i_current_price > '50'::numeric)",
                                                          "parent": 40,
                                                          "ID": 41
                                                        }
                                                      ],
                                                      "parent": 32,
                                                      "ID": 40,
                                                      "left": 41
                                                    }
                                                  ],
                                                  "parent": 31,
                                                  "ID": 32,
                                                  "left": 33,
                                                  "right": 40
                                                },
                                                {
                                                  "Node Type": "Hash",
                                                  "Parent Relationship": "Inner",
                                                  "Parallel Aware": false,
                                                  "Async Capable": false,
                                                  "Startup Cost": 19.25,
                                                  "Total Cost": 19.25,
                                                  "Plan Rows": 492,
                                                  "Plan Width": 4,
                                                  "Plans": [
                                                    {
                                                      "Node Type": "Seq Scan",
                                                      "Parent Relationship": "Outer",
                                                      "Parallel Aware": false,
                                                      "Async Capable": false,
                                                      "Relation Name": "promotion",
                                                      "Alias": "promotion_1",
                                                      "Startup Cost": 0.0,
                                                      "Total Cost": 19.25,
                                                      "Plan Rows": 492,
                                                      "Plan Width": 4,
                                                      "Filter": "(p_channel_tv = 'N'::bpchar)",
                                                      "parent": 42,
                                                      "ID": 43
                                                    }
                                                  ],
                                                  "parent": 31,
                                                  "ID": 42,
                                                  "left": 43
                                                }
                                              ],
                                              "parent": 30,
                                              "ID": 31,
                                              "left": 32,
                                              "right": 42
                                            },
                                            {
                                              "Node Type": "Hash",
                                              "Parent Relationship": "Inner",
                                              "Parallel Aware": false,
                                              "Async Capable": false,
                                              "Startup Cost": 368.0,
                                              "Total Cost": 368.0,
                                              "Plan Rows": 12000,
                                              "Plan Width": 21,
                                              "Plans": [
                                                {
                                                  "Node Type": "Seq Scan",
                                                  "Parent Relationship": "Outer",
                                                  "Parallel Aware": false,
                                                  "Async Capable": false,
                                                  "Relation Name": "catalog_page",
                                                  "Alias": "catalog_page",
                                                  "Startup Cost": 0.0,
                                                  "Total Cost": 368.0,
                                                  "Plan Rows": 12000,
                                                  "Plan Width": 21,
                                                  "parent": 44,
                                                  "ID": 45
                                                }
                                              ],
                                              "parent": 30,
                                              "ID": 44,
                                              "left": 45
                                            }
                                          ],
                                          "parent": 29,
                                          "ID": 30,
                                          "left": 31,
                                          "right": 44
                                        }
                                      ],
                                      "parent": 28,
                                      "ID": 29,
                                      "left": 30
                                    }
                                  ],
                                  "parent": 27,
                                  "ID": 28,
                                  "left": 29
                                }
                              ],
                              "parent": 26,
                              "ID": 27,
                              "left": 28
                            }
                          ],
                          "parent": 25,
                          "ID": 26,
                          "left": 27
                        }
                      ],
                      "parent": 3,
                      "ID": 25,
                      "left": 26
                    },
                    {
                      "Node Type": "Subquery Scan",
                      "Parent Relationship": "Member",
                      "Parallel Aware": false,
                      "Async Capable": false,
                      "Alias": "wsr",
                      "Startup Cost": 263919.04,
                      "Total Cost": 263926.75,
                      "Plan Rows": 21,
                      "Plan Width": 160,
                      "Plans": [
                        {
                          "Node Type": "Aggregate",
                          "Strategy": "Sorted",
                          "Partial Mode": "Finalize",
                          "Parent Relationship": "Subquery",
                          "Parallel Aware": false,
                          "Async Capable": false,
                          "Startup Cost": 263919.04,
                          "Total Cost": 263926.43,
                          "Plan Rows": 21,
                          "Plan Width": 113,
                          "Group Key": [
                            "web_site.web_site_id"
                          ],
                          "Plans": [
                            {
                              "Node Type": "Gather Merge",
                              "Parent Relationship": "Outer",
                              "Parallel Aware": false,
                              "Async Capable": false,
                              "Startup Cost": 263919.04,
                              "Total Cost": 263925.33,
                              "Plan Rows": 42,
                              "Plan Width": 113,
                              "Workers Planned": 2,
                              "Plans": [
                                {
                                  "Node Type": "Aggregate",
                                  "Strategy": "Sorted",
                                  "Partial Mode": "Partial",
                                  "Parent Relationship": "Outer",
                                  "Parallel Aware": false,
                                  "Async Capable": false,
                                  "Startup Cost": 262919.01,
                                  "Total Cost": 262920.46,
                                  "Plan Rows": 21,
                                  "Plan Width": 113,
                                  "Group Key": [
                                    "web_site.web_site_id"
                                  ],
                                  "Plans": [
                                    {
                                      "Node Type": "Sort",
                                      "Parent Relationship": "Outer",
                                      "Parallel Aware": false,
                                      "Async Capable": false,
                                      "Startup Cost": 262919.01,
                                      "Total Cost": 262919.19,
                                      "Plan Rows": 72,
                                      "Plan Width": 41,
                                      "Sort Key": [
                                        "web_site.web_site_id"
                                      ],
                                      "Plans": [
                                        {
                                          "Node Type": "Hash Join",
                                          "Parent Relationship": "Outer",
                                          "Parallel Aware": false,
                                          "Async Capable": false,
                                          "Join Type": "Inner",
                                          "Startup Cost": 32134.74,
                                          "Total Cost": 262916.79,
                                          "Plan Rows": 72,
                                          "Plan Width": 41,
                                          "Inner Unique": false,
                                          "Hash Cond": "(web_sales.ws_web_site_sk = web_site.web_site_sk)",
                                          "Plans": [
                                            {
                                              "Node Type": "Hash Join",
                                              "Parent Relationship": "Outer",
                                              "Parallel Aware": false,
                                              "Async Capable": false,
                                              "Join Type": "Inner",
                                              "Startup Cost": 32130.8,
                                              "Total Cost": 262911.86,
                                              "Plan Rows": 72,
                                              "Plan Width": 28,
                                              "Inner Unique": false,
                                              "Hash Cond": "(web_sales.ws_promo_sk = promotion_2.p_promo_sk)",
                                              "Plans": [
                                                {
                                                  "Node Type": "Hash Join",
                                                  "Parent Relationship": "Outer",
                                                  "Parallel Aware": true,
                                                  "Async Capable": false,
                                                  "Join Type": "Inner",
                                                  "Startup Cost": 32105.4,
                                                  "Total Cost": 262885.46,
                                                  "Plan Rows": 73,
                                                  "Plan Width": 32,
                                                  "Inner Unique": false,
                                                  "Hash Cond": "(web_sales.ws_item_sk = item_2.i_item_sk)",
                                                  "Plans": [
                                                    {
                                                      "Node Type": "Hash Join",
                                                      "Parent Relationship": "Outer",
                                                      "Parallel Aware": true,
                                                      "Async Capable": false,
                                                      "Join Type": "Left",
                                                      "Startup Cost": 24579.62,
                                                      "Total Cost": 255354.62,
                                                      "Plan Rows": 1272,
                                                      "Plan Width": 36,
                                                      "Inner Unique": false,
                                                      "Hash Cond": "((web_sales.ws_item_sk = web_returns.wr_item_sk) AND (web_sales.ws_order_number = web_returns.wr_order_number))",
                                                      "Plans": [
                                                        {
                                                          "Node Type": "Hash Join",
                                                          "Parent Relationship": "Outer",
                                                          "Parallel Aware": true,
                                                          "Async Capable": false,
                                                          "Join Type": "Inner",
                                                          "Startup Cost": 2049.78,
                                                          "Total Cost": 231041.22,
                                                          "Plan Rows": 1272,
                                                          "Plan Width": 28,
                                                          "Inner Unique": false,
                                                          "Hash Cond": "(web_sales.ws_sold_date_sk = date_dim_2.d_date_sk)",
                                                          "Plans": [
                                                            {
                                                              "Node Type": "Seq Scan",
                                                              "Parent Relationship": "Outer",
                                                              "Parallel Aware": true,
                                                              "Async Capable": false,
                                                              "Relation Name": "web_sales",
                                                              "Alias": "web_sales",
                                                              "Startup Cost": 0.0,
                                                              "Total Cost": 217737.86,
                                                              "Plan Rows": 2998986,
                                                              "Plan Width": 32,
                                                              "parent": 55,
                                                              "ID": 56
                                                            },
                                                            {
                                                              "Node Type": "Hash",
                                                              "Parent Relationship": "Inner",
                                                              "Parallel Aware": true,
                                                              "Async Capable": false,
                                                              "Startup Cost": 2049.55,
                                                              "Total Cost": 2049.55,
                                                              "Plan Rows": 18,
                                                              "Plan Width": 4,
                                                              "Plans": [
                                                                {
                                                                  "Node Type": "Seq Scan",
                                                                  "Parent Relationship": "Outer",
                                                                  "Parallel Aware": true,
                                                                  "Async Capable": false,
                                                                  "Relation Name": "date_dim",
                                                                  "Alias": "date_dim_2",
                                                                  "Startup Cost": 0.0,
                                                                  "Total Cost": 2049.55,
                                                                  "Plan Rows": 18,
                                                                  "Plan Width": 4,
                                                                  "Filter": "((d_date >= '2000-08-02'::date) AND (d_date <= '2000-09-01 00:00:00'::timestamp without time zone))",
                                                                  "parent": 57,
                                                                  "ID": 58
                                                                }
                                                              ],
                                                              "parent": 55,
                                                              "ID": 57,
                                                              "left": 58
                                                            }
                                                          ],
                                                          "parent": 54,
                                                          "ID": 55,
                                                          "left": 56,
                                                          "right": 57
                                                        },
                                                        {
                                                          "Node Type": "Hash",
                                                          "Parent Relationship": "Inner",
                                                          "Parallel Aware": true,
                                                          "Async Capable": false,
                                                          "Startup Cost": 16278.74,
                                                          "Total Cost": 16278.74,
                                                          "Plan Rows": 299674,
                                                          "Plan Width": 20,
                                                          "Plans": [
                                                            {
                                                              "Node Type": "Seq Scan",
                                                              "Parent Relationship": "Outer",
                                                              "Parallel Aware": true,
                                                              "Async Capable": false,
                                                              "Relation Name": "web_returns",
                                                              "Alias": "web_returns",
                                                              "Startup Cost": 0.0,
                                                              "Total Cost": 16278.74,
                                                              "Plan Rows": 299674,
                                                              "Plan Width": 20,
                                                              "parent": 59,
                                                              "ID": 60
                                                            }
                                                          ],
                                                          "parent": 54,
                                                          "ID": 59,
                                                          "left": 60
                                                        }
                                                      ],
                                                      "parent": 53,
                                                      "ID": 54,
                                                      "left": 55,
                                                      "right": 59
                                                    },
                                                    {
                                                      "Node Type": "Hash",
                                                      "Parent Relationship": "Inner",
                                                      "Parallel Aware": true,
                                                      "Async Capable": false,
                                                      "Startup Cost": 7495.25,
                                                      "Total Cost": 7495.25,
                                                      "Plan Rows": 2442,
                                                      "Plan Width": 4,
                                                      "Plans": [
                                                        {
                                                          "Node Type": "Seq Scan",
                                                          "Parent Relationship": "Outer",
                                                          "Parallel Aware": true,
                                                          "Async Capable": false,
                                                          "Relation Name": "item",
                                                          "Alias": "item_2",
                                                          "Startup Cost": 0.0,
                                                          "Total Cost": 7495.25,
                                                          "Plan Rows": 2442,
                                                          "Plan Width": 4,
                                                          "Filter": "(i_current_price > '50'::numeric)",
                                                          "parent": 61,
                                                          "ID": 62
                                                        }
                                                      ],
                                                      "parent": 53,
                                                      "ID": 61,
                                                      "left": 62
                                                    }
                                                  ],
                                                  "parent": 52,
                                                  "ID": 53,
                                                  "left": 54,
                                                  "right": 61
                                                },
                                                {
                                                  "Node Type": "Hash",
                                                  "Parent Relationship": "Inner",
                                                  "Parallel Aware": false,
                                                  "Async Capable": false,
                                                  "Startup Cost": 19.25,
                                                  "Total Cost": 19.25,
                                                  "Plan Rows": 492,
                                                  "Plan Width": 4,
                                                  "Plans": [
                                                    {
                                                      "Node Type": "Seq Scan",
                                                      "Parent Relationship": "Outer",
                                                      "Parallel Aware": false,
                                                      "Async Capable": false,
                                                      "Relation Name": "promotion",
                                                      "Alias": "promotion_2",
                                                      "Startup Cost": 0.0,
                                                      "Total Cost": 19.25,
                                                      "Plan Rows": 492,
                                                      "Plan Width": 4,
                                                      "Filter": "(p_channel_tv = 'N'::bpchar)",
                                                      "parent": 63,
                                                      "ID": 64
                                                    }
                                                  ],
                                                  "parent": 52,
                                                  "ID": 63,
                                                  "left": 64
                                                }
                                              ],
                                              "parent": 51,
                                              "ID": 52,
                                              "left": 53,
                                              "right": 63
                                            },
                                            {
                                              "Node Type": "Hash",
                                              "Parent Relationship": "Inner",
                                              "Parallel Aware": false,
                                              "Async Capable": false,
                                              "Startup Cost": 3.42,
                                              "Total Cost": 3.42,
                                              "Plan Rows": 42,
                                              "Plan Width": 21,
                                              "Plans": [
                                                {
                                                  "Node Type": "Seq Scan",
                                                  "Parent Relationship": "Outer",
                                                  "Parallel Aware": false,
                                                  "Async Capable": false,
                                                  "Relation Name": "web_site",
                                                  "Alias": "web_site",
                                                  "Startup Cost": 0.0,
                                                  "Total Cost": 3.42,
                                                  "Plan Rows": 42,
                                                  "Plan Width": 21,
                                                  "parent": 65,
                                                  "ID": 66
                                                }
                                              ],
                                              "parent": 51,
                                              "ID": 65,
                                              "left": 66
                                            }
                                          ],
                                          "parent": 50,
                                          "ID": 51,
                                          "left": 52,
                                          "right": 65
                                        }
                                      ],
                                      "parent": 49,
                                      "ID": 50,
                                      "left": 51
                                    }
                                  ],
                                  "parent": 48,
                                  "ID": 49,
                                  "left": 50
                                }
                              ],
                              "parent": 47,
                              "ID": 48,
                              "left": 49
                            }
                          ],
                          "parent": 46,
                          "ID": 47,
                          "left": 48
                        }
                      ],
                      "parent": 3,
                      "ID": 46,
                      "left": 47
                    }
                  ],
                  "parent": 2,
                  "ID": 3,
                  "left": 4,
                  "right": 25
                }
              ],
              "parent": 1,
              "ID": 2,
              "left": 3
            }
          ],
          "parent": 0,
          "ID": 1,
          "left": 2
        }
      ],
      "parent": null,
      "ID": 0,
      "left": 1
    },
    "feat": {
      "utility": 0.0,
      "query_shape": [
        [
          "Seq Scan",
          "Hash Join",
          "Sort",
          "Aggregate",
          "Gather Merge",
          "Subquery Scan",
          "Append"
        ],
        [
          "Seq Scan",
          "Hash",
          "Hash Join",
          "Sort",
          "Aggregate",
          "Gather Merge",
          "Subquery Scan",
          "Append"
        ],
        [
          "Seq Scan",
          "Hash",
          "Hash Join",
          "Sort",
          "Aggregate",
          "Gather Merge",
          "Subquery Scan",
          "Append"
        ],
        [
          "Seq Scan",
          "Hash",
          "Hash Join",
          "Sort",
          "Aggregate",
          "Gather Merge",
          "Subquery Scan",
          "Append"
        ],
        [
          "Seq Scan",
          "Hash",
          "Hash Join",
          "Sort",
          "Aggregate",
          "Gather Merge",
          "Subquery Scan",
          "Append"
        ],
        [
          "Seq Scan",
          "Hash",
          "Hash Join",
          "Sort",
          "Aggregate",
          "Gather Merge",
          "Subquery Scan",
          "Append"
        ],
        [
          "Seq Scan",
          "Hash Join",
          "Sort",
          "Aggregate",
          "Gather Merge",
          "Subquery Scan",
          "Append"
        ],
        [
          "Seq Scan",
          "Hash",
          "Hash Join",
          "Sort",
          "Aggregate",
          "Gather Merge",
          "Subquery Scan",
          "Append"
        ],
        [
          "Seq Scan",
          "Hash",
          "Hash Join",
          "Sort",
          "Aggregate",
          "Gather Merge",
          "Subquery Scan",
          "Append"
        ],
        [
          "Seq Scan",
          "Hash",
          "Hash Join",
          "Sort",
          "Aggregate",
          "Gather Merge",
          "Subquery Scan",
          "Append"
        ],
        [
          "Seq Scan",
          "Hash",
          "Hash Join",
          "Sort",
          "Aggregate",
          "Gather Merge",
          "Subquery Scan",
          "Append"
        ],
        [
          "Seq Scan",
          "Hash",
          "Hash Join",
          "Sort",
          "Aggregate",
          "Gather Merge",
          "Subquery Scan",
          "Append"
        ],
        [
          "Seq Scan",
          "Hash Join",
          "Sort",
          "Aggregate",
          "Gather Merge",
          "Subquery Scan",
          "Append"
        ],
        [
          "Seq Scan",
          "Hash",
          "Hash Join",
          "Sort",
          "Aggregate",
          "Gather Merge",
          "Subquery Scan",
          "Append"
        ],
        [
          "Seq Scan",
          "Hash",
          "Hash Join",
          "Sort",
          "Aggregate",
          "Gather Merge",
          "Subquery Scan",
          "Append"
        ],
        [
          "Seq Scan",
          "Hash",
          "Hash Join",
          "Sort",
          "Aggregate",
          "Gather Merge",
          "Subquery Scan",
          "Append"
        ],
        [
          "Seq Scan",
          "Hash",
          "Hash Join",
          "Sort",
          "Aggregate",
          "Gather Merge",
          "Subquery Scan",
          "Append"
        ],
        [
          "Seq Scan",
          "Hash",
          "Hash Join",
          "Sort",
          "Aggregate",
          "Gather Merge",
          "Subquery Scan",
          "Append"
        ]
      ],
      "index_shape": [
        "order-by"
      ],
      "physical_operator": {
        "Sort": [
          "[0. 0. 0. 0. 0. 0. 0. 0. 0. 0. 0. 0. 0. 0. 0. 0. 0. 0. 0. 0. 0. 0. 0. 0.\n 0. 0. 0. 0. 0. 0. 0. 0. 0. 0. 0. 0. 0. 0. 0. 0. 0. 0. 0. 0. 0. 0. 0. 0.\n 0. 0. 0.]"
        ],
        "Aggregate": [
          "[0. 0. 0. 0. 0. 0. 0. 0. 0. 0. 0. 0. 0. 0. 0. 0. 0. 0. 0. 0. 0. 0. 0. 0.\n 0. 0. 0. 0. 0. 0. 0. 0. 0. 0. 0. 0. 0. 0. 0. 0. 0. 0. 0. 0. 0. 0. 0. 0.\n 0. 0. 0.]",
          "[0. 0. 0. 0. 0. 0. 0. 0. 0. 0. 0. 0. 0. 0. 0. 0. 0. 0. 0. 0. 0. 0. 0. 0.\n 0. 0. 0. 0. 0. 0. 0. 0. 0. 0. 0. 0. 0. 0. 0. 0. 0. 0. 0. 0. 0. 0. 0. 0.\n 0. 0. 0.]"
        ]
      }
    }
  },
  {
    "query": "with ssr as\n (select  s_store_id as store_id,\n          sum(ss_ext_sales_price) as sales,\n          sum(coalesce(sr_return_amt, 0)) as returns,\n          sum(ss_net_profit - coalesce(sr_net_loss, 0)) as profit\n  from store_sales left outer join store_returns on\n         (ss_item_sk = sr_item_sk and ss_ticket_number = sr_ticket_number),\n     date_dim,\n     store,\n     item,\n     promotion\n where ss_sold_date_sk = d_date_sk\n       and d_date between cast('2000-08-02' as date) \n                  and (cast('2000-08-02' as date) +  interval '30 days')\n       and ss_store_sk = s_store_sk\n       and ss_item_sk = i_item_sk\n       and i_current_price > 50\n       and ss_promo_sk = p_promo_sk\n       and p_channel_tv = 'N'\n group by s_store_id)\n ,\n csr as\n (select  cp_catalog_page_id as catalog_page_id,\n          sum(cs_ext_sales_price) as sales,\n          sum(coalesce(cr_return_amount, 0)) as returns,\n          sum(cs_net_profit - coalesce(cr_net_loss, 0)) as profit\n  from catalog_sales left outer join catalog_returns on\n         (cs_item_sk = cr_item_sk and cs_order_number = cr_order_number),\n     date_dim,\n     catalog_page,\n     item,\n     promotion\n where cs_sold_date_sk = d_date_sk\n       and d_date between cast('2000-08-02' as date)\n                  and (cast('2000-08-02' as date) +  interval '30 days')\n        and cs_catalog_page_sk = cp_catalog_page_sk\n       and cs_item_sk = i_item_sk\n       and i_current_price > 50\n       and cs_promo_sk = p_promo_sk\n       and p_channel_tv = 'N'\ngroup by cp_catalog_page_id)\n ,\n wsr as\n (select  web_site_id,\n          sum(ws_ext_sales_price) as sales,\n          sum(coalesce(wr_return_amt, 0)) as returns,\n          sum(ws_net_profit - coalesce(wr_net_loss, 0)) as profit\n  from web_sales left outer join web_returns on\n         (ws_item_sk = wr_item_sk and ws_order_number = wr_order_number),\n     date_dim,\n     web_site,\n     item,\n     promotion\n where ws_sold_date_sk = d_date_sk\n       and d_date between cast('2000-08-02' as date)\n                  and (cast('2000-08-02' as date) +  interval '30 days')\n        and ws_web_site_sk = web_site_sk\n       and ws_item_sk = i_item_sk\n       and i_current_price > 50\n       and ws_promo_sk = p_promo_sk\n       and p_channel_tv = 'N'\ngroup by web_site_id)\n  select  channel\n        , id\n        , sum(sales) as sales\n        , sum(returns) as returns\n        , sum(profit) as profit\n from \n (select 'store channel' as channel\n        , 'store' || store_id as id\n        , sales\n        , returns\n        , profit\n from   ssr\n union all\n select 'catalog channel' as channel\n        , 'catalog_page' || catalog_page_id as id\n        , sales\n        , returns\n        , profit\n from  csr\n union all\n select 'web channel' as channel\n        , 'web_site' || web_site_id as id\n        , sales\n        , returns\n        , profit\n from   wsr\n ) x\n group by rollup (channel, id)\n order by channel\n         ,id\n limit 100;\n\n-- end query 61 in stream 4 using template query80.tpl\n",
    "indexes": "catalog_returns.cr_item_sk",
    "wo plan est": {
      "Node Type": "Limit",
      "Parallel Aware": false,
      "Async Capable": false,
      "Startup Cost": 1566793.64,
      "Total Cost": 1566796.93,
      "Plan Rows": 100,
      "Plan Width": 160,
      "Plans": [
        {
          "Node Type": "Aggregate",
          "Strategy": "Sorted",
          "Partial Mode": "Simple",
          "Parent Relationship": "Outer",
          "Parallel Aware": false,
          "Async Capable": false,
          "Startup Cost": 1566793.64,
          "Total Cost": 1566806.84,
          "Plan Rows": 401,
          "Plan Width": 160,
          "Grouping Sets": [
            {
              "Group Keys": [
                [
                  "('store channel'::text)",
                  "(('store'::text || (ssr.store_id)::text))"
                ],
                [
                  "('store channel'::text)"
                ],
                []
              ]
            }
          ],
          "Plans": [
            {
              "Node Type": "Sort",
              "Parent Relationship": "Outer",
              "Parallel Aware": false,
              "Async Capable": false,
              "Startup Cost": 1566793.64,
              "Total Cost": 1566794.67,
              "Plan Rows": 412,
              "Plan Width": 160,
              "Sort Key": [
                "('store channel'::text)",
                "(('store'::text || (ssr.store_id)::text))"
              ],
              "Plans": [
                {
                  "Node Type": "Append",
                  "Parent Relationship": "Outer",
                  "Parallel Aware": false,
                  "Async Capable": false,
                  "Startup Cost": 784596.3,
                  "Total Cost": 1566775.74,
                  "Plan Rows": 412,
                  "Plan Width": 160,
                  "Subplans Removed": 0,
                  "Plans": [
                    {
                      "Node Type": "Subquery Scan",
                      "Parent Relationship": "Member",
                      "Parallel Aware": false,
                      "Async Capable": false,
                      "Alias": "ssr",
                      "Startup Cost": 784596.3,
                      "Total Cost": 784616.16,
                      "Plan Rows": 51,
                      "Plan Width": 160,
                      "Plans": [
                        {
                          "Node Type": "Aggregate",
                          "Strategy": "Sorted",
                          "Partial Mode": "Finalize",
                          "Parent Relationship": "Subquery",
                          "Parallel Aware": false,
                          "Async Capable": false,
                          "Startup Cost": 784596.3,
                          "Total Cost": 784615.39,
                          "Plan Rows": 51,
                          "Plan Width": 113,
                          "Group Key": [
                            "store.s_store_id"
                          ],
                          "Plans": [
                            {
                              "Node Type": "Gather Merge",
                              "Parent Relationship": "Outer",
                              "Parallel Aware": false,
                              "Async Capable": false,
                              "Startup Cost": 784596.3,
                              "Total Cost": 784612.71,
                              "Plan Rows": 102,
                              "Plan Width": 113,
                              "Workers Planned": 2,
                              "Plans": [
                                {
                                  "Node Type": "Aggregate",
                                  "Strategy": "Sorted",
                                  "Partial Mode": "Partial",
                                  "Parent Relationship": "Outer",
                                  "Parallel Aware": false,
                                  "Async Capable": false,
                                  "Startup Cost": 783596.27,
                                  "Total Cost": 783600.92,
                                  "Plan Rows": 51,
                                  "Plan Width": 113,
                                  "Group Key": [
                                    "store.s_store_id"
                                  ],
                                  "Plans": [
                                    {
                                      "Node Type": "Sort",
                                      "Parent Relationship": "Outer",
                                      "Parallel Aware": false,
                                      "Async Capable": false,
                                      "Startup Cost": 783596.27,
                                      "Total Cost": 783596.9,
                                      "Plan Rows": 250,
                                      "Plan Width": 41,
                                      "Sort Key": [
                                        "store.s_store_id"
                                      ],
                                      "Plans": [
                                        {
                                          "Node Type": "Hash Join",
                                          "Parent Relationship": "Outer",
                                          "Parallel Aware": false,
                                          "Async Capable": false,
                                          "Join Type": "Inner",
                                          "Startup Cost": 94489.35,
                                          "Total Cost": 783586.32,
                                          "Plan Rows": 250,
                                          "Plan Width": 41,
                                          "Inner Unique": false,
                                          "Hash Cond": "(store_sales.ss_store_sk = store.s_store_sk)",
                                          "Plans": [
                                            {
                                              "Node Type": "Hash Join",
                                              "Parent Relationship": "Outer",
                                              "Parallel Aware": false,
                                              "Async Capable": false,
                                              "Join Type": "Inner",
                                              "Startup Cost": 94482.05,
                                              "Total Cost": 783575.54,
                                              "Plan Rows": 262,
                                              "Plan Width": 28,
                                              "Inner Unique": false,
                                              "Hash Cond": "(store_sales.ss_promo_sk = promotion.p_promo_sk)",
                                              "Plans": [
                                                {
                                                  "Node Type": "Hash Join",
                                                  "Parent Relationship": "Outer",
                                                  "Parallel Aware": true,
                                                  "Async Capable": false,
                                                  "Join Type": "Inner",
                                                  "Startup Cost": 94456.65,
                                                  "Total Cost": 783546.47,
                                                  "Plan Rows": 279,
                                                  "Plan Width": 32,
                                                  "Inner Unique": false,
                                                  "Hash Cond": "(store_sales.ss_item_sk = item.i_item_sk)",
                                                  "Plans": [
                                                    {
                                                      "Node Type": "Hash Join",
                                                      "Parent Relationship": "Outer",
                                                      "Parallel Aware": true,
                                                      "Async Capable": false,
                                                      "Join Type": "Left",
                                                      "Startup Cost": 86930.88,
                                                      "Total Cost": 776001.31,
                                                      "Plan Rows": 4860,
                                                      "Plan Width": 36,
                                                      "Inner Unique": false,
                                                      "Hash Cond": "((store_sales.ss_item_sk = store_returns.sr_item_sk) AND (store_sales.ss_ticket_number = store_returns.sr_ticket_number))",
                                                      "Plans": [
                                                        {
                                                          "Node Type": "Hash Join",
                                                          "Parent Relationship": "Outer",
                                                          "Parallel Aware": true,
                                                          "Async Capable": false,
                                                          "Join Type": "Inner",
                                                          "Startup Cost": 2049.78,
                                                          "Total Cost": 683994.75,
                                                          "Plan Rows": 4860,
                                                          "Plan Width": 28,
                                                          "Inner Unique": false,
                                                          "Hash Cond": "(store_sales.ss_sold_date_sk = date_dim.d_date_sk)",
                                                          "Plans": [
                                                            {
                                                              "Node Type": "Seq Scan",
                                                              "Parent Relationship": "Outer",
                                                              "Parallel Aware": true,
                                                              "Async Capable": false,
                                                              "Relation Name": "store_sales",
                                                              "Alias": "store_sales",
                                                              "Startup Cost": 0.0,
                                                              "Total Cost": 636914.37,
                                                              "Plan Rows": 12000637,
                                                              "Plan Width": 32,
                                                              "parent": 13,
                                                              "ID": 14
                                                            },
                                                            {
                                                              "Node Type": "Hash",
                                                              "Parent Relationship": "Inner",
                                                              "Parallel Aware": true,
                                                              "Async Capable": false,
                                                              "Startup Cost": 2049.55,
                                                              "Total Cost": 2049.55,
                                                              "Plan Rows": 18,
                                                              "Plan Width": 4,
                                                              "Plans": [
                                                                {
                                                                  "Node Type": "Seq Scan",
                                                                  "Parent Relationship": "Outer",
                                                                  "Parallel Aware": true,
                                                                  "Async Capable": false,
                                                                  "Relation Name": "date_dim",
                                                                  "Alias": "date_dim",
                                                                  "Startup Cost": 0.0,
                                                                  "Total Cost": 2049.55,
                                                                  "Plan Rows": 18,
                                                                  "Plan Width": 4,
                                                                  "Filter": "((d_date >= '2000-08-02'::date) AND (d_date <= '2000-09-01 00:00:00'::timestamp without time zone))",
                                                                  "parent": 15,
                                                                  "ID": 16
                                                                }
                                                              ],
                                                              "parent": 13,
                                                              "ID": 15,
                                                              "left": 16
                                                            }
                                                          ],
                                                          "parent": 12,
                                                          "ID": 13,
                                                          "left": 14,
                                                          "right": 15
                                                        },
                                                        {
                                                          "Node Type": "Hash",
                                                          "Parent Relationship": "Inner",
                                                          "Parallel Aware": true,
                                                          "Async Capable": false,
                                                          "Startup Cost": 59887.64,
                                                          "Total Cost": 59887.64,
                                                          "Plan Rows": 1198164,
                                                          "Plan Width": 20,
                                                          "Plans": [
                                                            {
                                                              "Node Type": "Seq Scan",
                                                              "Parent Relationship": "Outer",
                                                              "Parallel Aware": true,
                                                              "Async Capable": false,
                                                              "Relation Name": "store_returns",
                                                              "Alias": "store_returns",
                                                              "Startup Cost": 0.0,
                                                              "Total Cost": 59887.64,
                                                              "Plan Rows": 1198164,
                                                              "Plan Width": 20,
                                                              "parent": 17,
                                                              "ID": 18
                                                            }
                                                          ],
                                                          "parent": 12,
                                                          "ID": 17,
                                                          "left": 18
                                                        }
                                                      ],
                                                      "parent": 11,
                                                      "ID": 12,
                                                      "left": 13,
                                                      "right": 17
                                                    },
                                                    {
                                                      "Node Type": "Hash",
                                                      "Parent Relationship": "Inner",
                                                      "Parallel Aware": true,
                                                      "Async Capable": false,
                                                      "Startup Cost": 7495.25,
                                                      "Total Cost": 7495.25,
                                                      "Plan Rows": 2442,
                                                      "Plan Width": 4,
                                                      "Plans": [
                                                        {
                                                          "Node Type": "Seq Scan",
                                                          "Parent Relationship": "Outer",
                                                          "Parallel Aware": true,
                                                          "Async Capable": false,
                                                          "Relation Name": "item",
                                                          "Alias": "item",
                                                          "Startup Cost": 0.0,
                                                          "Total Cost": 7495.25,
                                                          "Plan Rows": 2442,
                                                          "Plan Width": 4,
                                                          "Filter": "(i_current_price > '50'::numeric)",
                                                          "parent": 19,
                                                          "ID": 20
                                                        }
                                                      ],
                                                      "parent": 11,
                                                      "ID": 19,
                                                      "left": 20
                                                    }
                                                  ],
                                                  "parent": 10,
                                                  "ID": 11,
                                                  "left": 12,
                                                  "right": 19
                                                },
                                                {
                                                  "Node Type": "Hash",
                                                  "Parent Relationship": "Inner",
                                                  "Parallel Aware": false,
                                                  "Async Capable": false,
                                                  "Startup Cost": 19.25,
                                                  "Total Cost": 19.25,
                                                  "Plan Rows": 492,
                                                  "Plan Width": 4,
                                                  "Plans": [
                                                    {
                                                      "Node Type": "Seq Scan",
                                                      "Parent Relationship": "Outer",
                                                      "Parallel Aware": false,
                                                      "Async Capable": false,
                                                      "Relation Name": "promotion",
                                                      "Alias": "promotion",
                                                      "Startup Cost": 0.0,
                                                      "Total Cost": 19.25,
                                                      "Plan Rows": 492,
                                                      "Plan Width": 4,
                                                      "Filter": "(p_channel_tv = 'N'::bpchar)",
                                                      "parent": 21,
                                                      "ID": 22
                                                    }
                                                  ],
                                                  "parent": 10,
                                                  "ID": 21,
                                                  "left": 22
                                                }
                                              ],
                                              "parent": 9,
                                              "ID": 10,
                                              "left": 11,
                                              "right": 21
                                            },
                                            {
                                              "Node Type": "Hash",
                                              "Parent Relationship": "Inner",
                                              "Parallel Aware": false,
                                              "Async Capable": false,
                                              "Startup Cost": 6.02,
                                              "Total Cost": 6.02,
                                              "Plan Rows": 102,
                                              "Plan Width": 21,
                                              "Plans": [
                                                {
                                                  "Node Type": "Seq Scan",
                                                  "Parent Relationship": "Outer",
                                                  "Parallel Aware": false,
                                                  "Async Capable": false,
                                                  "Relation Name": "store",
                                                  "Alias": "store",
                                                  "Startup Cost": 0.0,
                                                  "Total Cost": 6.02,
                                                  "Plan Rows": 102,
                                                  "Plan Width": 21,
                                                  "parent": 23,
                                                  "ID": 24
                                                }
                                              ],
                                              "parent": 9,
                                              "ID": 23,
                                              "left": 24
                                            }
                                          ],
                                          "parent": 8,
                                          "ID": 9,
                                          "left": 10,
                                          "right": 23
                                        }
                                      ],
                                      "parent": 7,
                                      "ID": 8,
                                      "left": 9
                                    }
                                  ],
                                  "parent": 6,
                                  "ID": 7,
                                  "left": 8
                                }
                              ],
                              "parent": 5,
                              "ID": 6,
                              "left": 7
                            }
                          ],
                          "parent": 4,
                          "ID": 5,
                          "left": 6
                        }
                      ],
                      "parent": 3,
                      "ID": 4,
                      "left": 5
                    },
                    {
                      "Node Type": "Subquery Scan",
                      "Parent Relationship": "Member",
                      "Parallel Aware": false,
                      "Async Capable": false,
                      "Alias": "csr",
                      "Startup Cost": 518177.36,
                      "Total Cost": 518230.78,
                      "Plan Rows": 340,
                      "Plan Width": 160,
                      "Plans": [
                        {
                          "Node Type": "Aggregate",
                          "Strategy": "Sorted",
                          "Partial Mode": "Finalize",
                          "Parent Relationship": "Subquery",
                          "Parallel Aware": false,
                          "Async Capable": false,
                          "Startup Cost": 518177.36,
                          "Total Cost": 518225.68,
                          "Plan Rows": 340,
                          "Plan Width": 113,
                          "Group Key": [
                            "catalog_page.cp_catalog_page_id"
                          ],
                          "Plans": [
                            {
                              "Node Type": "Gather Merge",
                              "Parent Relationship": "Outer",
                              "Parallel Aware": false,
                              "Async Capable": false,
                              "Startup Cost": 518177.36,
                              "Total Cost": 518214.76,
                              "Plan Rows": 284,
                              "Plan Width": 113,
                              "Workers Planned": 2,
                              "Plans": [
                                {
                                  "Node Type": "Aggregate",
                                  "Strategy": "Sorted",
                                  "Partial Mode": "Partial",
                                  "Parent Relationship": "Outer",
                                  "Parallel Aware": false,
                                  "Async Capable": false,
                                  "Startup Cost": 517177.34,
                                  "Total Cost": 517181.95,
                                  "Plan Rows": 142,
                                  "Plan Width": 113,
                                  "Group Key": [
                                    "catalog_page.cp_catalog_page_id"
                                  ],
                                  "Plans": [
                                    {
                                      "Node Type": "Sort",
                                      "Parent Relationship": "Outer",
                                      "Parallel Aware": false,
                                      "Async Capable": false,
                                      "Startup Cost": 517177.34,
                                      "Total Cost": 517177.69,
                                      "Plan Rows": 142,
                                      "Plan Width": 41,
                                      "Sort Key": [
                                        "catalog_page.cp_catalog_page_id"
                                      ],
                                      "Plans": [
                                        {
                                          "Node Type": "Hash Join",
                                          "Parent Relationship": "Outer",
                                          "Parallel Aware": false,
                                          "Async Capable": false,
                                          "Join Type": "Inner",
                                          "Startup Cost": 57382.33,
                                          "Total Cost": 517172.26,
                                          "Plan Rows": 142,
                                          "Plan Width": 41,
                                          "Inner Unique": false,
                                          "Hash Cond": "(catalog_sales.cs_catalog_page_sk = catalog_page.cp_catalog_page_sk)",
                                          "Plans": [
                                            {
                                              "Node Type": "Hash Join",
                                              "Parent Relationship": "Outer",
                                              "Parallel Aware": false,
                                              "Async Capable": false,
                                              "Join Type": "Inner",
                                              "Startup Cost": 56864.33,
                                              "Total Cost": 516652.32,
                                              "Plan Rows": 142,
                                              "Plan Width": 28,
                                              "Inner Unique": false,
                                              "Hash Cond": "(catalog_sales.cs_promo_sk = promotion_1.p_promo_sk)",
                                              "Plans": [
                                                {
                                                  "Node Type": "Hash Join",
                                                  "Parent Relationship": "Outer",
                                                  "Parallel Aware": true,
                                                  "Async Capable": false,
                                                  "Join Type": "Inner",
                                                  "Startup Cost": 56838.93,
                                                  "Total Cost": 516624.96,
                                                  "Plan Rows": 145,
                                                  "Plan Width": 32,
                                                  "Inner Unique": false,
                                                  "Hash Cond": "(catalog_sales.cs_item_sk = item_1.i_item_sk)",
                                                  "Plans": [
                                                    {
                                                      "Node Type": "Hash Join",
                                                      "Parent Relationship": "Outer",
                                                      "Parallel Aware": true,
                                                      "Async Capable": false,
                                                      "Join Type": "Left",
                                                      "Startup Cost": 49313.15,
                                                      "Total Cost": 509089.08,
                                                      "Plan Rows": 2532,
                                                      "Plan Width": 36,
                                                      "Inner Unique": false,
                                                      "Hash Cond": "((catalog_sales.cs_item_sk = catalog_returns.cr_item_sk) AND (catalog_sales.cs_order_number = catalog_returns.cr_order_number))",
                                                      "Plans": [
                                                        {
                                                          "Node Type": "Hash Join",
                                                          "Parent Relationship": "Outer",
                                                          "Parallel Aware": true,
                                                          "Async Capable": false,
                                                          "Join Type": "Inner",
                                                          "Startup Cost": 2049.78,
                                                          "Total Cost": 458254.7,
                                                          "Plan Rows": 2532,
                                                          "Plan Width": 28,
                                                          "Inner Unique": false,
                                                          "Hash Cond": "(catalog_sales.cs_sold_date_sk = date_dim_1.d_date_sk)",
                                                          "Plans": [
                                                            {
                                                              "Node Type": "Seq Scan",
                                                              "Parent Relationship": "Outer",
                                                              "Parallel Aware": true,
                                                              "Async Capable": false,
                                                              "Relation Name": "catalog_sales",
                                                              "Alias": "catalog_sales",
                                                              "Startup Cost": 0.0,
                                                              "Total Cost": 433688.25,
                                                              "Plan Rows": 6000525,
                                                              "Plan Width": 32,
                                                              "parent": 34,
                                                              "ID": 35
                                                            },
                                                            {
                                                              "Node Type": "Hash",
                                                              "Parent Relationship": "Inner",
                                                              "Parallel Aware": true,
                                                              "Async Capable": false,
                                                              "Startup Cost": 2049.55,
                                                              "Total Cost": 2049.55,
                                                              "Plan Rows": 18,
                                                              "Plan Width": 4,
                                                              "Plans": [
                                                                {
                                                                  "Node Type": "Seq Scan",
                                                                  "Parent Relationship": "Outer",
                                                                  "Parallel Aware": true,
                                                                  "Async Capable": false,
                                                                  "Relation Name": "date_dim",
                                                                  "Alias": "date_dim_1",
                                                                  "Startup Cost": 0.0,
                                                                  "Total Cost": 2049.55,
                                                                  "Plan Rows": 18,
                                                                  "Plan Width": 4,
                                                                  "Filter": "((d_date >= '2000-08-02'::date) AND (d_date <= '2000-09-01 00:00:00'::timestamp without time zone))",
                                                                  "parent": 36,
                                                                  "ID": 37
                                                                }
                                                              ],
                                                              "parent": 34,
                                                              "ID": 36,
                                                              "left": 37
                                                            }
                                                          ],
                                                          "parent": 33,
                                                          "ID": 34,
                                                          "left": 35,
                                                          "right": 36
                                                        },
                                                        {
                                                          "Node Type": "Hash",
                                                          "Parent Relationship": "Inner",
                                                          "Parallel Aware": true,
                                                          "Async Capable": false,
                                                          "Startup Cost": 34748.95,
                                                          "Total Cost": 34748.95,
                                                          "Plan Rows": 599895,
                                                          "Plan Width": 20,
                                                          "Plans": [
                                                            {
                                                              "Node Type": "Seq Scan",
                                                              "Parent Relationship": "Outer",
                                                              "Parallel Aware": true,
                                                              "Async Capable": false,
                                                              "Relation Name": "catalog_returns",
                                                              "Alias": "catalog_returns",
                                                              "Startup Cost": 0.0,
                                                              "Total Cost": 34748.95,
                                                              "Plan Rows": 599895,
                                                              "Plan Width": 20,
                                                              "parent": 38,
                                                              "ID": 39
                                                            }
                                                          ],
                                                          "parent": 33,
                                                          "ID": 38,
                                                          "left": 39
                                                        }
                                                      ],
                                                      "parent": 32,
                                                      "ID": 33,
                                                      "left": 34,
                                                      "right": 38
                                                    },
                                                    {
                                                      "Node Type": "Hash",
                                                      "Parent Relationship": "Inner",
                                                      "Parallel Aware": true,
                                                      "Async Capable": false,
                                                      "Startup Cost": 7495.25,
                                                      "Total Cost": 7495.25,
                                                      "Plan Rows": 2442,
                                                      "Plan Width": 4,
                                                      "Plans": [
                                                        {
                                                          "Node Type": "Seq Scan",
                                                          "Parent Relationship": "Outer",
                                                          "Parallel Aware": true,
                                                          "Async Capable": false,
                                                          "Relation Name": "item",
                                                          "Alias": "item_1",
                                                          "Startup Cost": 0.0,
                                                          "Total Cost": 7495.25,
                                                          "Plan Rows": 2442,
                                                          "Plan Width": 4,
                                                          "Filter": "(i_current_price > '50'::numeric)",
                                                          "parent": 40,
                                                          "ID": 41
                                                        }
                                                      ],
                                                      "parent": 32,
                                                      "ID": 40,
                                                      "left": 41
                                                    }
                                                  ],
                                                  "parent": 31,
                                                  "ID": 32,
                                                  "left": 33,
                                                  "right": 40
                                                },
                                                {
                                                  "Node Type": "Hash",
                                                  "Parent Relationship": "Inner",
                                                  "Parallel Aware": false,
                                                  "Async Capable": false,
                                                  "Startup Cost": 19.25,
                                                  "Total Cost": 19.25,
                                                  "Plan Rows": 492,
                                                  "Plan Width": 4,
                                                  "Plans": [
                                                    {
                                                      "Node Type": "Seq Scan",
                                                      "Parent Relationship": "Outer",
                                                      "Parallel Aware": false,
                                                      "Async Capable": false,
                                                      "Relation Name": "promotion",
                                                      "Alias": "promotion_1",
                                                      "Startup Cost": 0.0,
                                                      "Total Cost": 19.25,
                                                      "Plan Rows": 492,
                                                      "Plan Width": 4,
                                                      "Filter": "(p_channel_tv = 'N'::bpchar)",
                                                      "parent": 42,
                                                      "ID": 43
                                                    }
                                                  ],
                                                  "parent": 31,
                                                  "ID": 42,
                                                  "left": 43
                                                }
                                              ],
                                              "parent": 30,
                                              "ID": 31,
                                              "left": 32,
                                              "right": 42
                                            },
                                            {
                                              "Node Type": "Hash",
                                              "Parent Relationship": "Inner",
                                              "Parallel Aware": false,
                                              "Async Capable": false,
                                              "Startup Cost": 368.0,
                                              "Total Cost": 368.0,
                                              "Plan Rows": 12000,
                                              "Plan Width": 21,
                                              "Plans": [
                                                {
                                                  "Node Type": "Seq Scan",
                                                  "Parent Relationship": "Outer",
                                                  "Parallel Aware": false,
                                                  "Async Capable": false,
                                                  "Relation Name": "catalog_page",
                                                  "Alias": "catalog_page",
                                                  "Startup Cost": 0.0,
                                                  "Total Cost": 368.0,
                                                  "Plan Rows": 12000,
                                                  "Plan Width": 21,
                                                  "parent": 44,
                                                  "ID": 45
                                                }
                                              ],
                                              "parent": 30,
                                              "ID": 44,
                                              "left": 45
                                            }
                                          ],
                                          "parent": 29,
                                          "ID": 30,
                                          "left": 31,
                                          "right": 44
                                        }
                                      ],
                                      "parent": 28,
                                      "ID": 29,
                                      "left": 30
                                    }
                                  ],
                                  "parent": 27,
                                  "ID": 28,
                                  "left": 29
                                }
                              ],
                              "parent": 26,
                              "ID": 27,
                              "left": 28
                            }
                          ],
                          "parent": 25,
                          "ID": 26,
                          "left": 27
                        }
                      ],
                      "parent": 3,
                      "ID": 25,
                      "left": 26
                    },
                    {
                      "Node Type": "Subquery Scan",
                      "Parent Relationship": "Member",
                      "Parallel Aware": false,
                      "Async Capable": false,
                      "Alias": "wsr",
                      "Startup Cost": 263919.04,
                      "Total Cost": 263926.75,
                      "Plan Rows": 21,
                      "Plan Width": 160,
                      "Plans": [
                        {
                          "Node Type": "Aggregate",
                          "Strategy": "Sorted",
                          "Partial Mode": "Finalize",
                          "Parent Relationship": "Subquery",
                          "Parallel Aware": false,
                          "Async Capable": false,
                          "Startup Cost": 263919.04,
                          "Total Cost": 263926.43,
                          "Plan Rows": 21,
                          "Plan Width": 113,
                          "Group Key": [
                            "web_site.web_site_id"
                          ],
                          "Plans": [
                            {
                              "Node Type": "Gather Merge",
                              "Parent Relationship": "Outer",
                              "Parallel Aware": false,
                              "Async Capable": false,
                              "Startup Cost": 263919.04,
                              "Total Cost": 263925.33,
                              "Plan Rows": 42,
                              "Plan Width": 113,
                              "Workers Planned": 2,
                              "Plans": [
                                {
                                  "Node Type": "Aggregate",
                                  "Strategy": "Sorted",
                                  "Partial Mode": "Partial",
                                  "Parent Relationship": "Outer",
                                  "Parallel Aware": false,
                                  "Async Capable": false,
                                  "Startup Cost": 262919.01,
                                  "Total Cost": 262920.46,
                                  "Plan Rows": 21,
                                  "Plan Width": 113,
                                  "Group Key": [
                                    "web_site.web_site_id"
                                  ],
                                  "Plans": [
                                    {
                                      "Node Type": "Sort",
                                      "Parent Relationship": "Outer",
                                      "Parallel Aware": false,
                                      "Async Capable": false,
                                      "Startup Cost": 262919.01,
                                      "Total Cost": 262919.19,
                                      "Plan Rows": 72,
                                      "Plan Width": 41,
                                      "Sort Key": [
                                        "web_site.web_site_id"
                                      ],
                                      "Plans": [
                                        {
                                          "Node Type": "Hash Join",
                                          "Parent Relationship": "Outer",
                                          "Parallel Aware": false,
                                          "Async Capable": false,
                                          "Join Type": "Inner",
                                          "Startup Cost": 32134.74,
                                          "Total Cost": 262916.79,
                                          "Plan Rows": 72,
                                          "Plan Width": 41,
                                          "Inner Unique": false,
                                          "Hash Cond": "(web_sales.ws_web_site_sk = web_site.web_site_sk)",
                                          "Plans": [
                                            {
                                              "Node Type": "Hash Join",
                                              "Parent Relationship": "Outer",
                                              "Parallel Aware": false,
                                              "Async Capable": false,
                                              "Join Type": "Inner",
                                              "Startup Cost": 32130.8,
                                              "Total Cost": 262911.86,
                                              "Plan Rows": 72,
                                              "Plan Width": 28,
                                              "Inner Unique": false,
                                              "Hash Cond": "(web_sales.ws_promo_sk = promotion_2.p_promo_sk)",
                                              "Plans": [
                                                {
                                                  "Node Type": "Hash Join",
                                                  "Parent Relationship": "Outer",
                                                  "Parallel Aware": true,
                                                  "Async Capable": false,
                                                  "Join Type": "Inner",
                                                  "Startup Cost": 32105.4,
                                                  "Total Cost": 262885.46,
                                                  "Plan Rows": 73,
                                                  "Plan Width": 32,
                                                  "Inner Unique": false,
                                                  "Hash Cond": "(web_sales.ws_item_sk = item_2.i_item_sk)",
                                                  "Plans": [
                                                    {
                                                      "Node Type": "Hash Join",
                                                      "Parent Relationship": "Outer",
                                                      "Parallel Aware": true,
                                                      "Async Capable": false,
                                                      "Join Type": "Left",
                                                      "Startup Cost": 24579.62,
                                                      "Total Cost": 255354.62,
                                                      "Plan Rows": 1272,
                                                      "Plan Width": 36,
                                                      "Inner Unique": false,
                                                      "Hash Cond": "((web_sales.ws_item_sk = web_returns.wr_item_sk) AND (web_sales.ws_order_number = web_returns.wr_order_number))",
                                                      "Plans": [
                                                        {
                                                          "Node Type": "Hash Join",
                                                          "Parent Relationship": "Outer",
                                                          "Parallel Aware": true,
                                                          "Async Capable": false,
                                                          "Join Type": "Inner",
                                                          "Startup Cost": 2049.78,
                                                          "Total Cost": 231041.22,
                                                          "Plan Rows": 1272,
                                                          "Plan Width": 28,
                                                          "Inner Unique": false,
                                                          "Hash Cond": "(web_sales.ws_sold_date_sk = date_dim_2.d_date_sk)",
                                                          "Plans": [
                                                            {
                                                              "Node Type": "Seq Scan",
                                                              "Parent Relationship": "Outer",
                                                              "Parallel Aware": true,
                                                              "Async Capable": false,
                                                              "Relation Name": "web_sales",
                                                              "Alias": "web_sales",
                                                              "Startup Cost": 0.0,
                                                              "Total Cost": 217737.86,
                                                              "Plan Rows": 2998986,
                                                              "Plan Width": 32,
                                                              "parent": 55,
                                                              "ID": 56
                                                            },
                                                            {
                                                              "Node Type": "Hash",
                                                              "Parent Relationship": "Inner",
                                                              "Parallel Aware": true,
                                                              "Async Capable": false,
                                                              "Startup Cost": 2049.55,
                                                              "Total Cost": 2049.55,
                                                              "Plan Rows": 18,
                                                              "Plan Width": 4,
                                                              "Plans": [
                                                                {
                                                                  "Node Type": "Seq Scan",
                                                                  "Parent Relationship": "Outer",
                                                                  "Parallel Aware": true,
                                                                  "Async Capable": false,
                                                                  "Relation Name": "date_dim",
                                                                  "Alias": "date_dim_2",
                                                                  "Startup Cost": 0.0,
                                                                  "Total Cost": 2049.55,
                                                                  "Plan Rows": 18,
                                                                  "Plan Width": 4,
                                                                  "Filter": "((d_date >= '2000-08-02'::date) AND (d_date <= '2000-09-01 00:00:00'::timestamp without time zone))",
                                                                  "parent": 57,
                                                                  "ID": 58
                                                                }
                                                              ],
                                                              "parent": 55,
                                                              "ID": 57,
                                                              "left": 58
                                                            }
                                                          ],
                                                          "parent": 54,
                                                          "ID": 55,
                                                          "left": 56,
                                                          "right": 57
                                                        },
                                                        {
                                                          "Node Type": "Hash",
                                                          "Parent Relationship": "Inner",
                                                          "Parallel Aware": true,
                                                          "Async Capable": false,
                                                          "Startup Cost": 16278.74,
                                                          "Total Cost": 16278.74,
                                                          "Plan Rows": 299674,
                                                          "Plan Width": 20,
                                                          "Plans": [
                                                            {
                                                              "Node Type": "Seq Scan",
                                                              "Parent Relationship": "Outer",
                                                              "Parallel Aware": true,
                                                              "Async Capable": false,
                                                              "Relation Name": "web_returns",
                                                              "Alias": "web_returns",
                                                              "Startup Cost": 0.0,
                                                              "Total Cost": 16278.74,
                                                              "Plan Rows": 299674,
                                                              "Plan Width": 20,
                                                              "parent": 59,
                                                              "ID": 60
                                                            }
                                                          ],
                                                          "parent": 54,
                                                          "ID": 59,
                                                          "left": 60
                                                        }
                                                      ],
                                                      "parent": 53,
                                                      "ID": 54,
                                                      "left": 55,
                                                      "right": 59
                                                    },
                                                    {
                                                      "Node Type": "Hash",
                                                      "Parent Relationship": "Inner",
                                                      "Parallel Aware": true,
                                                      "Async Capable": false,
                                                      "Startup Cost": 7495.25,
                                                      "Total Cost": 7495.25,
                                                      "Plan Rows": 2442,
                                                      "Plan Width": 4,
                                                      "Plans": [
                                                        {
                                                          "Node Type": "Seq Scan",
                                                          "Parent Relationship": "Outer",
                                                          "Parallel Aware": true,
                                                          "Async Capable": false,
                                                          "Relation Name": "item",
                                                          "Alias": "item_2",
                                                          "Startup Cost": 0.0,
                                                          "Total Cost": 7495.25,
                                                          "Plan Rows": 2442,
                                                          "Plan Width": 4,
                                                          "Filter": "(i_current_price > '50'::numeric)",
                                                          "parent": 61,
                                                          "ID": 62
                                                        }
                                                      ],
                                                      "parent": 53,
                                                      "ID": 61,
                                                      "left": 62
                                                    }
                                                  ],
                                                  "parent": 52,
                                                  "ID": 53,
                                                  "left": 54,
                                                  "right": 61
                                                },
                                                {
                                                  "Node Type": "Hash",
                                                  "Parent Relationship": "Inner",
                                                  "Parallel Aware": false,
                                                  "Async Capable": false,
                                                  "Startup Cost": 19.25,
                                                  "Total Cost": 19.25,
                                                  "Plan Rows": 492,
                                                  "Plan Width": 4,
                                                  "Plans": [
                                                    {
                                                      "Node Type": "Seq Scan",
                                                      "Parent Relationship": "Outer",
                                                      "Parallel Aware": false,
                                                      "Async Capable": false,
                                                      "Relation Name": "promotion",
                                                      "Alias": "promotion_2",
                                                      "Startup Cost": 0.0,
                                                      "Total Cost": 19.25,
                                                      "Plan Rows": 492,
                                                      "Plan Width": 4,
                                                      "Filter": "(p_channel_tv = 'N'::bpchar)",
                                                      "parent": 63,
                                                      "ID": 64
                                                    }
                                                  ],
                                                  "parent": 52,
                                                  "ID": 63,
                                                  "left": 64
                                                }
                                              ],
                                              "parent": 51,
                                              "ID": 52,
                                              "left": 53,
                                              "right": 63
                                            },
                                            {
                                              "Node Type": "Hash",
                                              "Parent Relationship": "Inner",
                                              "Parallel Aware": false,
                                              "Async Capable": false,
                                              "Startup Cost": 3.42,
                                              "Total Cost": 3.42,
                                              "Plan Rows": 42,
                                              "Plan Width": 21,
                                              "Plans": [
                                                {
                                                  "Node Type": "Seq Scan",
                                                  "Parent Relationship": "Outer",
                                                  "Parallel Aware": false,
                                                  "Async Capable": false,
                                                  "Relation Name": "web_site",
                                                  "Alias": "web_site",
                                                  "Startup Cost": 0.0,
                                                  "Total Cost": 3.42,
                                                  "Plan Rows": 42,
                                                  "Plan Width": 21,
                                                  "parent": 65,
                                                  "ID": 66
                                                }
                                              ],
                                              "parent": 51,
                                              "ID": 65,
                                              "left": 66
                                            }
                                          ],
                                          "parent": 50,
                                          "ID": 51,
                                          "left": 52,
                                          "right": 65
                                        }
                                      ],
                                      "parent": 49,
                                      "ID": 50,
                                      "left": 51
                                    }
                                  ],
                                  "parent": 48,
                                  "ID": 49,
                                  "left": 50
                                }
                              ],
                              "parent": 47,
                              "ID": 48,
                              "left": 49
                            }
                          ],
                          "parent": 46,
                          "ID": 47,
                          "left": 48
                        }
                      ],
                      "parent": 3,
                      "ID": 46,
                      "left": 47
                    }
                  ],
                  "parent": 2,
                  "ID": 3,
                  "left": 4,
                  "right": 25
                }
              ],
              "parent": 1,
              "ID": 2,
              "left": 3
            }
          ],
          "parent": 0,
          "ID": 1,
          "left": 2
        }
      ],
      "parent": null,
      "ID": 0,
      "left": 1
    },
    "feat": {
      "utility": 2.179979005067697e-06,
      "query_shape": [
        [
          "Seq Scan",
          "Hash Join",
          "Sort",
          "Aggregate",
          "Gather Merge",
          "Subquery Scan",
          "Append"
        ],
        [
          "Seq Scan",
          "Hash",
          "Hash Join",
          "Sort",
          "Aggregate",
          "Gather Merge",
          "Subquery Scan",
          "Append"
        ],
        [
          "Seq Scan",
          "Hash",
          "Hash Join",
          "Sort",
          "Aggregate",
          "Gather Merge",
          "Subquery Scan",
          "Append"
        ],
        [
          "Seq Scan",
          "Hash",
          "Hash Join",
          "Sort",
          "Aggregate",
          "Gather Merge",
          "Subquery Scan",
          "Append"
        ],
        [
          "Seq Scan",
          "Hash",
          "Hash Join",
          "Sort",
          "Aggregate",
          "Gather Merge",
          "Subquery Scan",
          "Append"
        ],
        [
          "Seq Scan",
          "Hash",
          "Hash Join",
          "Sort",
          "Aggregate",
          "Gather Merge",
          "Subquery Scan",
          "Append"
        ],
        [
          "Seq Scan",
          "Hash Join",
          "Sort",
          "Aggregate",
          "Gather Merge",
          "Subquery Scan",
          "Append"
        ],
        [
          "Seq Scan",
          "Hash",
          "Hash Join",
          "Sort",
          "Aggregate",
          "Gather Merge",
          "Subquery Scan",
          "Append"
        ],
        [
          "Seq Scan",
          "Hash",
          "Hash Join",
          "Sort",
          "Aggregate",
          "Gather Merge",
          "Subquery Scan",
          "Append"
        ],
        [
          "Seq Scan",
          "Hash",
          "Hash Join",
          "Sort",
          "Aggregate",
          "Gather Merge",
          "Subquery Scan",
          "Append"
        ],
        [
          "Seq Scan",
          "Hash",
          "Hash Join",
          "Sort",
          "Aggregate",
          "Gather Merge",
          "Subquery Scan",
          "Append"
        ],
        [
          "Seq Scan",
          "Hash",
          "Hash Join",
          "Sort",
          "Aggregate",
          "Gather Merge",
          "Subquery Scan",
          "Append"
        ],
        [
          "Seq Scan",
          "Hash Join",
          "Sort",
          "Aggregate",
          "Gather Merge",
          "Subquery Scan",
          "Append"
        ],
        [
          "Seq Scan",
          "Hash",
          "Hash Join",
          "Sort",
          "Aggregate",
          "Gather Merge",
          "Subquery Scan",
          "Append"
        ],
        [
          "Seq Scan",
          "Hash",
          "Hash Join",
          "Sort",
          "Aggregate",
          "Gather Merge",
          "Subquery Scan",
          "Append"
        ],
        [
          "Seq Scan",
          "Hash",
          "Hash Join",
          "Sort",
          "Aggregate",
          "Gather Merge",
          "Subquery Scan",
          "Append"
        ],
        [
          "Seq Scan",
          "Hash",
          "Hash Join",
          "Sort",
          "Aggregate",
          "Gather Merge",
          "Subquery Scan",
          "Append"
        ],
        [
          "Seq Scan",
          "Hash",
          "Hash Join",
          "Sort",
          "Aggregate",
          "Gather Merge",
          "Subquery Scan",
          "Append"
        ]
      ],
      "index_shape": [
        "join"
      ],
      "physical_operator": {
        "Hash Join": [
          0.0012911074255784968
        ]
      }
    }
  },
  {
    "query": "with ssr as\n (select  s_store_id as store_id,\n          sum(ss_ext_sales_price) as sales,\n          sum(coalesce(sr_return_amt, 0)) as returns,\n          sum(ss_net_profit - coalesce(sr_net_loss, 0)) as profit\n  from store_sales left outer join store_returns on\n         (ss_item_sk = sr_item_sk and ss_ticket_number = sr_ticket_number),\n     date_dim,\n     store,\n     item,\n     promotion\n where ss_sold_date_sk = d_date_sk\n       and d_date between cast('2000-08-02' as date) \n                  and (cast('2000-08-02' as date) +  interval '30 days')\n       and ss_store_sk = s_store_sk\n       and ss_item_sk = i_item_sk\n       and i_current_price > 50\n       and ss_promo_sk = p_promo_sk\n       and p_channel_tv = 'N'\n group by s_store_id)\n ,\n csr as\n (select  cp_catalog_page_id as catalog_page_id,\n          sum(cs_ext_sales_price) as sales,\n          sum(coalesce(cr_return_amount, 0)) as returns,\n          sum(cs_net_profit - coalesce(cr_net_loss, 0)) as profit\n  from catalog_sales left outer join catalog_returns on\n         (cs_item_sk = cr_item_sk and cs_order_number = cr_order_number),\n     date_dim,\n     catalog_page,\n     item,\n     promotion\n where cs_sold_date_sk = d_date_sk\n       and d_date between cast('2000-08-02' as date)\n                  and (cast('2000-08-02' as date) +  interval '30 days')\n        and cs_catalog_page_sk = cp_catalog_page_sk\n       and cs_item_sk = i_item_sk\n       and i_current_price > 50\n       and cs_promo_sk = p_promo_sk\n       and p_channel_tv = 'N'\ngroup by cp_catalog_page_id)\n ,\n wsr as\n (select  web_site_id,\n          sum(ws_ext_sales_price) as sales,\n          sum(coalesce(wr_return_amt, 0)) as returns,\n          sum(ws_net_profit - coalesce(wr_net_loss, 0)) as profit\n  from web_sales left outer join web_returns on\n         (ws_item_sk = wr_item_sk and ws_order_number = wr_order_number),\n     date_dim,\n     web_site,\n     item,\n     promotion\n where ws_sold_date_sk = d_date_sk\n       and d_date between cast('2000-08-02' as date)\n                  and (cast('2000-08-02' as date) +  interval '30 days')\n        and ws_web_site_sk = web_site_sk\n       and ws_item_sk = i_item_sk\n       and i_current_price > 50\n       and ws_promo_sk = p_promo_sk\n       and p_channel_tv = 'N'\ngroup by web_site_id)\n  select  channel\n        , id\n        , sum(sales) as sales\n        , sum(returns) as returns\n        , sum(profit) as profit\n from \n (select 'store channel' as channel\n        , 'store' || store_id as id\n        , sales\n        , returns\n        , profit\n from   ssr\n union all\n select 'catalog channel' as channel\n        , 'catalog_page' || catalog_page_id as id\n        , sales\n        , returns\n        , profit\n from  csr\n union all\n select 'web channel' as channel\n        , 'web_site' || web_site_id as id\n        , sales\n        , returns\n        , profit\n from   wsr\n ) x\n group by rollup (channel, id)\n order by channel\n         ,id\n limit 100;\n\n-- end query 61 in stream 4 using template query80.tpl\n",
    "indexes": "catalog_returns.cr_order_number",
    "wo plan est": {
      "Node Type": "Limit",
      "Parallel Aware": false,
      "Async Capable": false,
      "Startup Cost": 1566793.64,
      "Total Cost": 1566796.93,
      "Plan Rows": 100,
      "Plan Width": 160,
      "Plans": [
        {
          "Node Type": "Aggregate",
          "Strategy": "Sorted",
          "Partial Mode": "Simple",
          "Parent Relationship": "Outer",
          "Parallel Aware": false,
          "Async Capable": false,
          "Startup Cost": 1566793.64,
          "Total Cost": 1566806.84,
          "Plan Rows": 401,
          "Plan Width": 160,
          "Grouping Sets": [
            {
              "Group Keys": [
                [
                  "('store channel'::text)",
                  "(('store'::text || (ssr.store_id)::text))"
                ],
                [
                  "('store channel'::text)"
                ],
                []
              ]
            }
          ],
          "Plans": [
            {
              "Node Type": "Sort",
              "Parent Relationship": "Outer",
              "Parallel Aware": false,
              "Async Capable": false,
              "Startup Cost": 1566793.64,
              "Total Cost": 1566794.67,
              "Plan Rows": 412,
              "Plan Width": 160,
              "Sort Key": [
                "('store channel'::text)",
                "(('store'::text || (ssr.store_id)::text))"
              ],
              "Plans": [
                {
                  "Node Type": "Append",
                  "Parent Relationship": "Outer",
                  "Parallel Aware": false,
                  "Async Capable": false,
                  "Startup Cost": 784596.3,
                  "Total Cost": 1566775.74,
                  "Plan Rows": 412,
                  "Plan Width": 160,
                  "Subplans Removed": 0,
                  "Plans": [
                    {
                      "Node Type": "Subquery Scan",
                      "Parent Relationship": "Member",
                      "Parallel Aware": false,
                      "Async Capable": false,
                      "Alias": "ssr",
                      "Startup Cost": 784596.3,
                      "Total Cost": 784616.16,
                      "Plan Rows": 51,
                      "Plan Width": 160,
                      "Plans": [
                        {
                          "Node Type": "Aggregate",
                          "Strategy": "Sorted",
                          "Partial Mode": "Finalize",
                          "Parent Relationship": "Subquery",
                          "Parallel Aware": false,
                          "Async Capable": false,
                          "Startup Cost": 784596.3,
                          "Total Cost": 784615.39,
                          "Plan Rows": 51,
                          "Plan Width": 113,
                          "Group Key": [
                            "store.s_store_id"
                          ],
                          "Plans": [
                            {
                              "Node Type": "Gather Merge",
                              "Parent Relationship": "Outer",
                              "Parallel Aware": false,
                              "Async Capable": false,
                              "Startup Cost": 784596.3,
                              "Total Cost": 784612.71,
                              "Plan Rows": 102,
                              "Plan Width": 113,
                              "Workers Planned": 2,
                              "Plans": [
                                {
                                  "Node Type": "Aggregate",
                                  "Strategy": "Sorted",
                                  "Partial Mode": "Partial",
                                  "Parent Relationship": "Outer",
                                  "Parallel Aware": false,
                                  "Async Capable": false,
                                  "Startup Cost": 783596.27,
                                  "Total Cost": 783600.92,
                                  "Plan Rows": 51,
                                  "Plan Width": 113,
                                  "Group Key": [
                                    "store.s_store_id"
                                  ],
                                  "Plans": [
                                    {
                                      "Node Type": "Sort",
                                      "Parent Relationship": "Outer",
                                      "Parallel Aware": false,
                                      "Async Capable": false,
                                      "Startup Cost": 783596.27,
                                      "Total Cost": 783596.9,
                                      "Plan Rows": 250,
                                      "Plan Width": 41,
                                      "Sort Key": [
                                        "store.s_store_id"
                                      ],
                                      "Plans": [
                                        {
                                          "Node Type": "Hash Join",
                                          "Parent Relationship": "Outer",
                                          "Parallel Aware": false,
                                          "Async Capable": false,
                                          "Join Type": "Inner",
                                          "Startup Cost": 94489.35,
                                          "Total Cost": 783586.32,
                                          "Plan Rows": 250,
                                          "Plan Width": 41,
                                          "Inner Unique": false,
                                          "Hash Cond": "(store_sales.ss_store_sk = store.s_store_sk)",
                                          "Plans": [
                                            {
                                              "Node Type": "Hash Join",
                                              "Parent Relationship": "Outer",
                                              "Parallel Aware": false,
                                              "Async Capable": false,
                                              "Join Type": "Inner",
                                              "Startup Cost": 94482.05,
                                              "Total Cost": 783575.54,
                                              "Plan Rows": 262,
                                              "Plan Width": 28,
                                              "Inner Unique": false,
                                              "Hash Cond": "(store_sales.ss_promo_sk = promotion.p_promo_sk)",
                                              "Plans": [
                                                {
                                                  "Node Type": "Hash Join",
                                                  "Parent Relationship": "Outer",
                                                  "Parallel Aware": true,
                                                  "Async Capable": false,
                                                  "Join Type": "Inner",
                                                  "Startup Cost": 94456.65,
                                                  "Total Cost": 783546.47,
                                                  "Plan Rows": 279,
                                                  "Plan Width": 32,
                                                  "Inner Unique": false,
                                                  "Hash Cond": "(store_sales.ss_item_sk = item.i_item_sk)",
                                                  "Plans": [
                                                    {
                                                      "Node Type": "Hash Join",
                                                      "Parent Relationship": "Outer",
                                                      "Parallel Aware": true,
                                                      "Async Capable": false,
                                                      "Join Type": "Left",
                                                      "Startup Cost": 86930.88,
                                                      "Total Cost": 776001.31,
                                                      "Plan Rows": 4860,
                                                      "Plan Width": 36,
                                                      "Inner Unique": false,
                                                      "Hash Cond": "((store_sales.ss_item_sk = store_returns.sr_item_sk) AND (store_sales.ss_ticket_number = store_returns.sr_ticket_number))",
                                                      "Plans": [
                                                        {
                                                          "Node Type": "Hash Join",
                                                          "Parent Relationship": "Outer",
                                                          "Parallel Aware": true,
                                                          "Async Capable": false,
                                                          "Join Type": "Inner",
                                                          "Startup Cost": 2049.78,
                                                          "Total Cost": 683994.75,
                                                          "Plan Rows": 4860,
                                                          "Plan Width": 28,
                                                          "Inner Unique": false,
                                                          "Hash Cond": "(store_sales.ss_sold_date_sk = date_dim.d_date_sk)",
                                                          "Plans": [
                                                            {
                                                              "Node Type": "Seq Scan",
                                                              "Parent Relationship": "Outer",
                                                              "Parallel Aware": true,
                                                              "Async Capable": false,
                                                              "Relation Name": "store_sales",
                                                              "Alias": "store_sales",
                                                              "Startup Cost": 0.0,
                                                              "Total Cost": 636914.37,
                                                              "Plan Rows": 12000637,
                                                              "Plan Width": 32,
                                                              "parent": 13,
                                                              "ID": 14
                                                            },
                                                            {
                                                              "Node Type": "Hash",
                                                              "Parent Relationship": "Inner",
                                                              "Parallel Aware": true,
                                                              "Async Capable": false,
                                                              "Startup Cost": 2049.55,
                                                              "Total Cost": 2049.55,
                                                              "Plan Rows": 18,
                                                              "Plan Width": 4,
                                                              "Plans": [
                                                                {
                                                                  "Node Type": "Seq Scan",
                                                                  "Parent Relationship": "Outer",
                                                                  "Parallel Aware": true,
                                                                  "Async Capable": false,
                                                                  "Relation Name": "date_dim",
                                                                  "Alias": "date_dim",
                                                                  "Startup Cost": 0.0,
                                                                  "Total Cost": 2049.55,
                                                                  "Plan Rows": 18,
                                                                  "Plan Width": 4,
                                                                  "Filter": "((d_date >= '2000-08-02'::date) AND (d_date <= '2000-09-01 00:00:00'::timestamp without time zone))",
                                                                  "parent": 15,
                                                                  "ID": 16
                                                                }
                                                              ],
                                                              "parent": 13,
                                                              "ID": 15,
                                                              "left": 16
                                                            }
                                                          ],
                                                          "parent": 12,
                                                          "ID": 13,
                                                          "left": 14,
                                                          "right": 15
                                                        },
                                                        {
                                                          "Node Type": "Hash",
                                                          "Parent Relationship": "Inner",
                                                          "Parallel Aware": true,
                                                          "Async Capable": false,
                                                          "Startup Cost": 59887.64,
                                                          "Total Cost": 59887.64,
                                                          "Plan Rows": 1198164,
                                                          "Plan Width": 20,
                                                          "Plans": [
                                                            {
                                                              "Node Type": "Seq Scan",
                                                              "Parent Relationship": "Outer",
                                                              "Parallel Aware": true,
                                                              "Async Capable": false,
                                                              "Relation Name": "store_returns",
                                                              "Alias": "store_returns",
                                                              "Startup Cost": 0.0,
                                                              "Total Cost": 59887.64,
                                                              "Plan Rows": 1198164,
                                                              "Plan Width": 20,
                                                              "parent": 17,
                                                              "ID": 18
                                                            }
                                                          ],
                                                          "parent": 12,
                                                          "ID": 17,
                                                          "left": 18
                                                        }
                                                      ],
                                                      "parent": 11,
                                                      "ID": 12,
                                                      "left": 13,
                                                      "right": 17
                                                    },
                                                    {
                                                      "Node Type": "Hash",
                                                      "Parent Relationship": "Inner",
                                                      "Parallel Aware": true,
                                                      "Async Capable": false,
                                                      "Startup Cost": 7495.25,
                                                      "Total Cost": 7495.25,
                                                      "Plan Rows": 2442,
                                                      "Plan Width": 4,
                                                      "Plans": [
                                                        {
                                                          "Node Type": "Seq Scan",
                                                          "Parent Relationship": "Outer",
                                                          "Parallel Aware": true,
                                                          "Async Capable": false,
                                                          "Relation Name": "item",
                                                          "Alias": "item",
                                                          "Startup Cost": 0.0,
                                                          "Total Cost": 7495.25,
                                                          "Plan Rows": 2442,
                                                          "Plan Width": 4,
                                                          "Filter": "(i_current_price > '50'::numeric)",
                                                          "parent": 19,
                                                          "ID": 20
                                                        }
                                                      ],
                                                      "parent": 11,
                                                      "ID": 19,
                                                      "left": 20
                                                    }
                                                  ],
                                                  "parent": 10,
                                                  "ID": 11,
                                                  "left": 12,
                                                  "right": 19
                                                },
                                                {
                                                  "Node Type": "Hash",
                                                  "Parent Relationship": "Inner",
                                                  "Parallel Aware": false,
                                                  "Async Capable": false,
                                                  "Startup Cost": 19.25,
                                                  "Total Cost": 19.25,
                                                  "Plan Rows": 492,
                                                  "Plan Width": 4,
                                                  "Plans": [
                                                    {
                                                      "Node Type": "Seq Scan",
                                                      "Parent Relationship": "Outer",
                                                      "Parallel Aware": false,
                                                      "Async Capable": false,
                                                      "Relation Name": "promotion",
                                                      "Alias": "promotion",
                                                      "Startup Cost": 0.0,
                                                      "Total Cost": 19.25,
                                                      "Plan Rows": 492,
                                                      "Plan Width": 4,
                                                      "Filter": "(p_channel_tv = 'N'::bpchar)",
                                                      "parent": 21,
                                                      "ID": 22
                                                    }
                                                  ],
                                                  "parent": 10,
                                                  "ID": 21,
                                                  "left": 22
                                                }
                                              ],
                                              "parent": 9,
                                              "ID": 10,
                                              "left": 11,
                                              "right": 21
                                            },
                                            {
                                              "Node Type": "Hash",
                                              "Parent Relationship": "Inner",
                                              "Parallel Aware": false,
                                              "Async Capable": false,
                                              "Startup Cost": 6.02,
                                              "Total Cost": 6.02,
                                              "Plan Rows": 102,
                                              "Plan Width": 21,
                                              "Plans": [
                                                {
                                                  "Node Type": "Seq Scan",
                                                  "Parent Relationship": "Outer",
                                                  "Parallel Aware": false,
                                                  "Async Capable": false,
                                                  "Relation Name": "store",
                                                  "Alias": "store",
                                                  "Startup Cost": 0.0,
                                                  "Total Cost": 6.02,
                                                  "Plan Rows": 102,
                                                  "Plan Width": 21,
                                                  "parent": 23,
                                                  "ID": 24
                                                }
                                              ],
                                              "parent": 9,
                                              "ID": 23,
                                              "left": 24
                                            }
                                          ],
                                          "parent": 8,
                                          "ID": 9,
                                          "left": 10,
                                          "right": 23
                                        }
                                      ],
                                      "parent": 7,
                                      "ID": 8,
                                      "left": 9
                                    }
                                  ],
                                  "parent": 6,
                                  "ID": 7,
                                  "left": 8
                                }
                              ],
                              "parent": 5,
                              "ID": 6,
                              "left": 7
                            }
                          ],
                          "parent": 4,
                          "ID": 5,
                          "left": 6
                        }
                      ],
                      "parent": 3,
                      "ID": 4,
                      "left": 5
                    },
                    {
                      "Node Type": "Subquery Scan",
                      "Parent Relationship": "Member",
                      "Parallel Aware": false,
                      "Async Capable": false,
                      "Alias": "csr",
                      "Startup Cost": 518177.36,
                      "Total Cost": 518230.78,
                      "Plan Rows": 340,
                      "Plan Width": 160,
                      "Plans": [
                        {
                          "Node Type": "Aggregate",
                          "Strategy": "Sorted",
                          "Partial Mode": "Finalize",
                          "Parent Relationship": "Subquery",
                          "Parallel Aware": false,
                          "Async Capable": false,
                          "Startup Cost": 518177.36,
                          "Total Cost": 518225.68,
                          "Plan Rows": 340,
                          "Plan Width": 113,
                          "Group Key": [
                            "catalog_page.cp_catalog_page_id"
                          ],
                          "Plans": [
                            {
                              "Node Type": "Gather Merge",
                              "Parent Relationship": "Outer",
                              "Parallel Aware": false,
                              "Async Capable": false,
                              "Startup Cost": 518177.36,
                              "Total Cost": 518214.76,
                              "Plan Rows": 284,
                              "Plan Width": 113,
                              "Workers Planned": 2,
                              "Plans": [
                                {
                                  "Node Type": "Aggregate",
                                  "Strategy": "Sorted",
                                  "Partial Mode": "Partial",
                                  "Parent Relationship": "Outer",
                                  "Parallel Aware": false,
                                  "Async Capable": false,
                                  "Startup Cost": 517177.34,
                                  "Total Cost": 517181.95,
                                  "Plan Rows": 142,
                                  "Plan Width": 113,
                                  "Group Key": [
                                    "catalog_page.cp_catalog_page_id"
                                  ],
                                  "Plans": [
                                    {
                                      "Node Type": "Sort",
                                      "Parent Relationship": "Outer",
                                      "Parallel Aware": false,
                                      "Async Capable": false,
                                      "Startup Cost": 517177.34,
                                      "Total Cost": 517177.69,
                                      "Plan Rows": 142,
                                      "Plan Width": 41,
                                      "Sort Key": [
                                        "catalog_page.cp_catalog_page_id"
                                      ],
                                      "Plans": [
                                        {
                                          "Node Type": "Hash Join",
                                          "Parent Relationship": "Outer",
                                          "Parallel Aware": false,
                                          "Async Capable": false,
                                          "Join Type": "Inner",
                                          "Startup Cost": 57382.33,
                                          "Total Cost": 517172.26,
                                          "Plan Rows": 142,
                                          "Plan Width": 41,
                                          "Inner Unique": false,
                                          "Hash Cond": "(catalog_sales.cs_catalog_page_sk = catalog_page.cp_catalog_page_sk)",
                                          "Plans": [
                                            {
                                              "Node Type": "Hash Join",
                                              "Parent Relationship": "Outer",
                                              "Parallel Aware": false,
                                              "Async Capable": false,
                                              "Join Type": "Inner",
                                              "Startup Cost": 56864.33,
                                              "Total Cost": 516652.32,
                                              "Plan Rows": 142,
                                              "Plan Width": 28,
                                              "Inner Unique": false,
                                              "Hash Cond": "(catalog_sales.cs_promo_sk = promotion_1.p_promo_sk)",
                                              "Plans": [
                                                {
                                                  "Node Type": "Hash Join",
                                                  "Parent Relationship": "Outer",
                                                  "Parallel Aware": true,
                                                  "Async Capable": false,
                                                  "Join Type": "Inner",
                                                  "Startup Cost": 56838.93,
                                                  "Total Cost": 516624.96,
                                                  "Plan Rows": 145,
                                                  "Plan Width": 32,
                                                  "Inner Unique": false,
                                                  "Hash Cond": "(catalog_sales.cs_item_sk = item_1.i_item_sk)",
                                                  "Plans": [
                                                    {
                                                      "Node Type": "Hash Join",
                                                      "Parent Relationship": "Outer",
                                                      "Parallel Aware": true,
                                                      "Async Capable": false,
                                                      "Join Type": "Left",
                                                      "Startup Cost": 49313.15,
                                                      "Total Cost": 509089.08,
                                                      "Plan Rows": 2532,
                                                      "Plan Width": 36,
                                                      "Inner Unique": false,
                                                      "Hash Cond": "((catalog_sales.cs_item_sk = catalog_returns.cr_item_sk) AND (catalog_sales.cs_order_number = catalog_returns.cr_order_number))",
                                                      "Plans": [
                                                        {
                                                          "Node Type": "Hash Join",
                                                          "Parent Relationship": "Outer",
                                                          "Parallel Aware": true,
                                                          "Async Capable": false,
                                                          "Join Type": "Inner",
                                                          "Startup Cost": 2049.78,
                                                          "Total Cost": 458254.7,
                                                          "Plan Rows": 2532,
                                                          "Plan Width": 28,
                                                          "Inner Unique": false,
                                                          "Hash Cond": "(catalog_sales.cs_sold_date_sk = date_dim_1.d_date_sk)",
                                                          "Plans": [
                                                            {
                                                              "Node Type": "Seq Scan",
                                                              "Parent Relationship": "Outer",
                                                              "Parallel Aware": true,
                                                              "Async Capable": false,
                                                              "Relation Name": "catalog_sales",
                                                              "Alias": "catalog_sales",
                                                              "Startup Cost": 0.0,
                                                              "Total Cost": 433688.25,
                                                              "Plan Rows": 6000525,
                                                              "Plan Width": 32,
                                                              "parent": 34,
                                                              "ID": 35
                                                            },
                                                            {
                                                              "Node Type": "Hash",
                                                              "Parent Relationship": "Inner",
                                                              "Parallel Aware": true,
                                                              "Async Capable": false,
                                                              "Startup Cost": 2049.55,
                                                              "Total Cost": 2049.55,
                                                              "Plan Rows": 18,
                                                              "Plan Width": 4,
                                                              "Plans": [
                                                                {
                                                                  "Node Type": "Seq Scan",
                                                                  "Parent Relationship": "Outer",
                                                                  "Parallel Aware": true,
                                                                  "Async Capable": false,
                                                                  "Relation Name": "date_dim",
                                                                  "Alias": "date_dim_1",
                                                                  "Startup Cost": 0.0,
                                                                  "Total Cost": 2049.55,
                                                                  "Plan Rows": 18,
                                                                  "Plan Width": 4,
                                                                  "Filter": "((d_date >= '2000-08-02'::date) AND (d_date <= '2000-09-01 00:00:00'::timestamp without time zone))",
                                                                  "parent": 36,
                                                                  "ID": 37
                                                                }
                                                              ],
                                                              "parent": 34,
                                                              "ID": 36,
                                                              "left": 37
                                                            }
                                                          ],
                                                          "parent": 33,
                                                          "ID": 34,
                                                          "left": 35,
                                                          "right": 36
                                                        },
                                                        {
                                                          "Node Type": "Hash",
                                                          "Parent Relationship": "Inner",
                                                          "Parallel Aware": true,
                                                          "Async Capable": false,
                                                          "Startup Cost": 34748.95,
                                                          "Total Cost": 34748.95,
                                                          "Plan Rows": 599895,
                                                          "Plan Width": 20,
                                                          "Plans": [
                                                            {
                                                              "Node Type": "Seq Scan",
                                                              "Parent Relationship": "Outer",
                                                              "Parallel Aware": true,
                                                              "Async Capable": false,
                                                              "Relation Name": "catalog_returns",
                                                              "Alias": "catalog_returns",
                                                              "Startup Cost": 0.0,
                                                              "Total Cost": 34748.95,
                                                              "Plan Rows": 599895,
                                                              "Plan Width": 20,
                                                              "parent": 38,
                                                              "ID": 39
                                                            }
                                                          ],
                                                          "parent": 33,
                                                          "ID": 38,
                                                          "left": 39
                                                        }
                                                      ],
                                                      "parent": 32,
                                                      "ID": 33,
                                                      "left": 34,
                                                      "right": 38
                                                    },
                                                    {
                                                      "Node Type": "Hash",
                                                      "Parent Relationship": "Inner",
                                                      "Parallel Aware": true,
                                                      "Async Capable": false,
                                                      "Startup Cost": 7495.25,
                                                      "Total Cost": 7495.25,
                                                      "Plan Rows": 2442,
                                                      "Plan Width": 4,
                                                      "Plans": [
                                                        {
                                                          "Node Type": "Seq Scan",
                                                          "Parent Relationship": "Outer",
                                                          "Parallel Aware": true,
                                                          "Async Capable": false,
                                                          "Relation Name": "item",
                                                          "Alias": "item_1",
                                                          "Startup Cost": 0.0,
                                                          "Total Cost": 7495.25,
                                                          "Plan Rows": 2442,
                                                          "Plan Width": 4,
                                                          "Filter": "(i_current_price > '50'::numeric)",
                                                          "parent": 40,
                                                          "ID": 41
                                                        }
                                                      ],
                                                      "parent": 32,
                                                      "ID": 40,
                                                      "left": 41
                                                    }
                                                  ],
                                                  "parent": 31,
                                                  "ID": 32,
                                                  "left": 33,
                                                  "right": 40
                                                },
                                                {
                                                  "Node Type": "Hash",
                                                  "Parent Relationship": "Inner",
                                                  "Parallel Aware": false,
                                                  "Async Capable": false,
                                                  "Startup Cost": 19.25,
                                                  "Total Cost": 19.25,
                                                  "Plan Rows": 492,
                                                  "Plan Width": 4,
                                                  "Plans": [
                                                    {
                                                      "Node Type": "Seq Scan",
                                                      "Parent Relationship": "Outer",
                                                      "Parallel Aware": false,
                                                      "Async Capable": false,
                                                      "Relation Name": "promotion",
                                                      "Alias": "promotion_1",
                                                      "Startup Cost": 0.0,
                                                      "Total Cost": 19.25,
                                                      "Plan Rows": 492,
                                                      "Plan Width": 4,
                                                      "Filter": "(p_channel_tv = 'N'::bpchar)",
                                                      "parent": 42,
                                                      "ID": 43
                                                    }
                                                  ],
                                                  "parent": 31,
                                                  "ID": 42,
                                                  "left": 43
                                                }
                                              ],
                                              "parent": 30,
                                              "ID": 31,
                                              "left": 32,
                                              "right": 42
                                            },
                                            {
                                              "Node Type": "Hash",
                                              "Parent Relationship": "Inner",
                                              "Parallel Aware": false,
                                              "Async Capable": false,
                                              "Startup Cost": 368.0,
                                              "Total Cost": 368.0,
                                              "Plan Rows": 12000,
                                              "Plan Width": 21,
                                              "Plans": [
                                                {
                                                  "Node Type": "Seq Scan",
                                                  "Parent Relationship": "Outer",
                                                  "Parallel Aware": false,
                                                  "Async Capable": false,
                                                  "Relation Name": "catalog_page",
                                                  "Alias": "catalog_page",
                                                  "Startup Cost": 0.0,
                                                  "Total Cost": 368.0,
                                                  "Plan Rows": 12000,
                                                  "Plan Width": 21,
                                                  "parent": 44,
                                                  "ID": 45
                                                }
                                              ],
                                              "parent": 30,
                                              "ID": 44,
                                              "left": 45
                                            }
                                          ],
                                          "parent": 29,
                                          "ID": 30,
                                          "left": 31,
                                          "right": 44
                                        }
                                      ],
                                      "parent": 28,
                                      "ID": 29,
                                      "left": 30
                                    }
                                  ],
                                  "parent": 27,
                                  "ID": 28,
                                  "left": 29
                                }
                              ],
                              "parent": 26,
                              "ID": 27,
                              "left": 28
                            }
                          ],
                          "parent": 25,
                          "ID": 26,
                          "left": 27
                        }
                      ],
                      "parent": 3,
                      "ID": 25,
                      "left": 26
                    },
                    {
                      "Node Type": "Subquery Scan",
                      "Parent Relationship": "Member",
                      "Parallel Aware": false,
                      "Async Capable": false,
                      "Alias": "wsr",
                      "Startup Cost": 263919.04,
                      "Total Cost": 263926.75,
                      "Plan Rows": 21,
                      "Plan Width": 160,
                      "Plans": [
                        {
                          "Node Type": "Aggregate",
                          "Strategy": "Sorted",
                          "Partial Mode": "Finalize",
                          "Parent Relationship": "Subquery",
                          "Parallel Aware": false,
                          "Async Capable": false,
                          "Startup Cost": 263919.04,
                          "Total Cost": 263926.43,
                          "Plan Rows": 21,
                          "Plan Width": 113,
                          "Group Key": [
                            "web_site.web_site_id"
                          ],
                          "Plans": [
                            {
                              "Node Type": "Gather Merge",
                              "Parent Relationship": "Outer",
                              "Parallel Aware": false,
                              "Async Capable": false,
                              "Startup Cost": 263919.04,
                              "Total Cost": 263925.33,
                              "Plan Rows": 42,
                              "Plan Width": 113,
                              "Workers Planned": 2,
                              "Plans": [
                                {
                                  "Node Type": "Aggregate",
                                  "Strategy": "Sorted",
                                  "Partial Mode": "Partial",
                                  "Parent Relationship": "Outer",
                                  "Parallel Aware": false,
                                  "Async Capable": false,
                                  "Startup Cost": 262919.01,
                                  "Total Cost": 262920.46,
                                  "Plan Rows": 21,
                                  "Plan Width": 113,
                                  "Group Key": [
                                    "web_site.web_site_id"
                                  ],
                                  "Plans": [
                                    {
                                      "Node Type": "Sort",
                                      "Parent Relationship": "Outer",
                                      "Parallel Aware": false,
                                      "Async Capable": false,
                                      "Startup Cost": 262919.01,
                                      "Total Cost": 262919.19,
                                      "Plan Rows": 72,
                                      "Plan Width": 41,
                                      "Sort Key": [
                                        "web_site.web_site_id"
                                      ],
                                      "Plans": [
                                        {
                                          "Node Type": "Hash Join",
                                          "Parent Relationship": "Outer",
                                          "Parallel Aware": false,
                                          "Async Capable": false,
                                          "Join Type": "Inner",
                                          "Startup Cost": 32134.74,
                                          "Total Cost": 262916.79,
                                          "Plan Rows": 72,
                                          "Plan Width": 41,
                                          "Inner Unique": false,
                                          "Hash Cond": "(web_sales.ws_web_site_sk = web_site.web_site_sk)",
                                          "Plans": [
                                            {
                                              "Node Type": "Hash Join",
                                              "Parent Relationship": "Outer",
                                              "Parallel Aware": false,
                                              "Async Capable": false,
                                              "Join Type": "Inner",
                                              "Startup Cost": 32130.8,
                                              "Total Cost": 262911.86,
                                              "Plan Rows": 72,
                                              "Plan Width": 28,
                                              "Inner Unique": false,
                                              "Hash Cond": "(web_sales.ws_promo_sk = promotion_2.p_promo_sk)",
                                              "Plans": [
                                                {
                                                  "Node Type": "Hash Join",
                                                  "Parent Relationship": "Outer",
                                                  "Parallel Aware": true,
                                                  "Async Capable": false,
                                                  "Join Type": "Inner",
                                                  "Startup Cost": 32105.4,
                                                  "Total Cost": 262885.46,
                                                  "Plan Rows": 73,
                                                  "Plan Width": 32,
                                                  "Inner Unique": false,
                                                  "Hash Cond": "(web_sales.ws_item_sk = item_2.i_item_sk)",
                                                  "Plans": [
                                                    {
                                                      "Node Type": "Hash Join",
                                                      "Parent Relationship": "Outer",
                                                      "Parallel Aware": true,
                                                      "Async Capable": false,
                                                      "Join Type": "Left",
                                                      "Startup Cost": 24579.62,
                                                      "Total Cost": 255354.62,
                                                      "Plan Rows": 1272,
                                                      "Plan Width": 36,
                                                      "Inner Unique": false,
                                                      "Hash Cond": "((web_sales.ws_item_sk = web_returns.wr_item_sk) AND (web_sales.ws_order_number = web_returns.wr_order_number))",
                                                      "Plans": [
                                                        {
                                                          "Node Type": "Hash Join",
                                                          "Parent Relationship": "Outer",
                                                          "Parallel Aware": true,
                                                          "Async Capable": false,
                                                          "Join Type": "Inner",
                                                          "Startup Cost": 2049.78,
                                                          "Total Cost": 231041.22,
                                                          "Plan Rows": 1272,
                                                          "Plan Width": 28,
                                                          "Inner Unique": false,
                                                          "Hash Cond": "(web_sales.ws_sold_date_sk = date_dim_2.d_date_sk)",
                                                          "Plans": [
                                                            {
                                                              "Node Type": "Seq Scan",
                                                              "Parent Relationship": "Outer",
                                                              "Parallel Aware": true,
                                                              "Async Capable": false,
                                                              "Relation Name": "web_sales",
                                                              "Alias": "web_sales",
                                                              "Startup Cost": 0.0,
                                                              "Total Cost": 217737.86,
                                                              "Plan Rows": 2998986,
                                                              "Plan Width": 32,
                                                              "parent": 55,
                                                              "ID": 56
                                                            },
                                                            {
                                                              "Node Type": "Hash",
                                                              "Parent Relationship": "Inner",
                                                              "Parallel Aware": true,
                                                              "Async Capable": false,
                                                              "Startup Cost": 2049.55,
                                                              "Total Cost": 2049.55,
                                                              "Plan Rows": 18,
                                                              "Plan Width": 4,
                                                              "Plans": [
                                                                {
                                                                  "Node Type": "Seq Scan",
                                                                  "Parent Relationship": "Outer",
                                                                  "Parallel Aware": true,
                                                                  "Async Capable": false,
                                                                  "Relation Name": "date_dim",
                                                                  "Alias": "date_dim_2",
                                                                  "Startup Cost": 0.0,
                                                                  "Total Cost": 2049.55,
                                                                  "Plan Rows": 18,
                                                                  "Plan Width": 4,
                                                                  "Filter": "((d_date >= '2000-08-02'::date) AND (d_date <= '2000-09-01 00:00:00'::timestamp without time zone))",
                                                                  "parent": 57,
                                                                  "ID": 58
                                                                }
                                                              ],
                                                              "parent": 55,
                                                              "ID": 57,
                                                              "left": 58
                                                            }
                                                          ],
                                                          "parent": 54,
                                                          "ID": 55,
                                                          "left": 56,
                                                          "right": 57
                                                        },
                                                        {
                                                          "Node Type": "Hash",
                                                          "Parent Relationship": "Inner",
                                                          "Parallel Aware": true,
                                                          "Async Capable": false,
                                                          "Startup Cost": 16278.74,
                                                          "Total Cost": 16278.74,
                                                          "Plan Rows": 299674,
                                                          "Plan Width": 20,
                                                          "Plans": [
                                                            {
                                                              "Node Type": "Seq Scan",
                                                              "Parent Relationship": "Outer",
                                                              "Parallel Aware": true,
                                                              "Async Capable": false,
                                                              "Relation Name": "web_returns",
                                                              "Alias": "web_returns",
                                                              "Startup Cost": 0.0,
                                                              "Total Cost": 16278.74,
                                                              "Plan Rows": 299674,
                                                              "Plan Width": 20,
                                                              "parent": 59,
                                                              "ID": 60
                                                            }
                                                          ],
                                                          "parent": 54,
                                                          "ID": 59,
                                                          "left": 60
                                                        }
                                                      ],
                                                      "parent": 53,
                                                      "ID": 54,
                                                      "left": 55,
                                                      "right": 59
                                                    },
                                                    {
                                                      "Node Type": "Hash",
                                                      "Parent Relationship": "Inner",
                                                      "Parallel Aware": true,
                                                      "Async Capable": false,
                                                      "Startup Cost": 7495.25,
                                                      "Total Cost": 7495.25,
                                                      "Plan Rows": 2442,
                                                      "Plan Width": 4,
                                                      "Plans": [
                                                        {
                                                          "Node Type": "Seq Scan",
                                                          "Parent Relationship": "Outer",
                                                          "Parallel Aware": true,
                                                          "Async Capable": false,
                                                          "Relation Name": "item",
                                                          "Alias": "item_2",
                                                          "Startup Cost": 0.0,
                                                          "Total Cost": 7495.25,
                                                          "Plan Rows": 2442,
                                                          "Plan Width": 4,
                                                          "Filter": "(i_current_price > '50'::numeric)",
                                                          "parent": 61,
                                                          "ID": 62
                                                        }
                                                      ],
                                                      "parent": 53,
                                                      "ID": 61,
                                                      "left": 62
                                                    }
                                                  ],
                                                  "parent": 52,
                                                  "ID": 53,
                                                  "left": 54,
                                                  "right": 61
                                                },
                                                {
                                                  "Node Type": "Hash",
                                                  "Parent Relationship": "Inner",
                                                  "Parallel Aware": false,
                                                  "Async Capable": false,
                                                  "Startup Cost": 19.25,
                                                  "Total Cost": 19.25,
                                                  "Plan Rows": 492,
                                                  "Plan Width": 4,
                                                  "Plans": [
                                                    {
                                                      "Node Type": "Seq Scan",
                                                      "Parent Relationship": "Outer",
                                                      "Parallel Aware": false,
                                                      "Async Capable": false,
                                                      "Relation Name": "promotion",
                                                      "Alias": "promotion_2",
                                                      "Startup Cost": 0.0,
                                                      "Total Cost": 19.25,
                                                      "Plan Rows": 492,
                                                      "Plan Width": 4,
                                                      "Filter": "(p_channel_tv = 'N'::bpchar)",
                                                      "parent": 63,
                                                      "ID": 64
                                                    }
                                                  ],
                                                  "parent": 52,
                                                  "ID": 63,
                                                  "left": 64
                                                }
                                              ],
                                              "parent": 51,
                                              "ID": 52,
                                              "left": 53,
                                              "right": 63
                                            },
                                            {
                                              "Node Type": "Hash",
                                              "Parent Relationship": "Inner",
                                              "Parallel Aware": false,
                                              "Async Capable": false,
                                              "Startup Cost": 3.42,
                                              "Total Cost": 3.42,
                                              "Plan Rows": 42,
                                              "Plan Width": 21,
                                              "Plans": [
                                                {
                                                  "Node Type": "Seq Scan",
                                                  "Parent Relationship": "Outer",
                                                  "Parallel Aware": false,
                                                  "Async Capable": false,
                                                  "Relation Name": "web_site",
                                                  "Alias": "web_site",
                                                  "Startup Cost": 0.0,
                                                  "Total Cost": 3.42,
                                                  "Plan Rows": 42,
                                                  "Plan Width": 21,
                                                  "parent": 65,
                                                  "ID": 66
                                                }
                                              ],
                                              "parent": 51,
                                              "ID": 65,
                                              "left": 66
                                            }
                                          ],
                                          "parent": 50,
                                          "ID": 51,
                                          "left": 52,
                                          "right": 65
                                        }
                                      ],
                                      "parent": 49,
                                      "ID": 50,
                                      "left": 51
                                    }
                                  ],
                                  "parent": 48,
                                  "ID": 49,
                                  "left": 50
                                }
                              ],
                              "parent": 47,
                              "ID": 48,
                              "left": 49
                            }
                          ],
                          "parent": 46,
                          "ID": 47,
                          "left": 48
                        }
                      ],
                      "parent": 3,
                      "ID": 46,
                      "left": 47
                    }
                  ],
                  "parent": 2,
                  "ID": 3,
                  "left": 4,
                  "right": 25
                }
              ],
              "parent": 1,
              "ID": 2,
              "left": 3
            }
          ],
          "parent": 0,
          "ID": 1,
          "left": 2
        }
      ],
      "parent": null,
      "ID": 0,
      "left": 1
    },
    "feat": {
      "utility": 2.179979005067697e-06,
      "query_shape": [
        [
          "Seq Scan",
          "Hash Join",
          "Sort",
          "Aggregate",
          "Gather Merge",
          "Subquery Scan",
          "Append"
        ],
        [
          "Seq Scan",
          "Hash",
          "Hash Join",
          "Sort",
          "Aggregate",
          "Gather Merge",
          "Subquery Scan",
          "Append"
        ],
        [
          "Seq Scan",
          "Hash",
          "Hash Join",
          "Sort",
          "Aggregate",
          "Gather Merge",
          "Subquery Scan",
          "Append"
        ],
        [
          "Seq Scan",
          "Hash",
          "Hash Join",
          "Sort",
          "Aggregate",
          "Gather Merge",
          "Subquery Scan",
          "Append"
        ],
        [
          "Seq Scan",
          "Hash",
          "Hash Join",
          "Sort",
          "Aggregate",
          "Gather Merge",
          "Subquery Scan",
          "Append"
        ],
        [
          "Seq Scan",
          "Hash",
          "Hash Join",
          "Sort",
          "Aggregate",
          "Gather Merge",
          "Subquery Scan",
          "Append"
        ],
        [
          "Seq Scan",
          "Hash Join",
          "Sort",
          "Aggregate",
          "Gather Merge",
          "Subquery Scan",
          "Append"
        ],
        [
          "Seq Scan",
          "Hash",
          "Hash Join",
          "Sort",
          "Aggregate",
          "Gather Merge",
          "Subquery Scan",
          "Append"
        ],
        [
          "Seq Scan",
          "Hash",
          "Hash Join",
          "Sort",
          "Aggregate",
          "Gather Merge",
          "Subquery Scan",
          "Append"
        ],
        [
          "Seq Scan",
          "Hash",
          "Hash Join",
          "Sort",
          "Aggregate",
          "Gather Merge",
          "Subquery Scan",
          "Append"
        ],
        [
          "Seq Scan",
          "Hash",
          "Hash Join",
          "Sort",
          "Aggregate",
          "Gather Merge",
          "Subquery Scan",
          "Append"
        ],
        [
          "Seq Scan",
          "Hash",
          "Hash Join",
          "Sort",
          "Aggregate",
          "Gather Merge",
          "Subquery Scan",
          "Append"
        ],
        [
          "Seq Scan",
          "Hash Join",
          "Sort",
          "Aggregate",
          "Gather Merge",
          "Subquery Scan",
          "Append"
        ],
        [
          "Seq Scan",
          "Hash",
          "Hash Join",
          "Sort",
          "Aggregate",
          "Gather Merge",
          "Subquery Scan",
          "Append"
        ],
        [
          "Seq Scan",
          "Hash",
          "Hash Join",
          "Sort",
          "Aggregate",
          "Gather Merge",
          "Subquery Scan",
          "Append"
        ],
        [
          "Seq Scan",
          "Hash",
          "Hash Join",
          "Sort",
          "Aggregate",
          "Gather Merge",
          "Subquery Scan",
          "Append"
        ],
        [
          "Seq Scan",
          "Hash",
          "Hash Join",
          "Sort",
          "Aggregate",
          "Gather Merge",
          "Subquery Scan",
          "Append"
        ],
        [
          "Seq Scan",
          "Hash",
          "Hash Join",
          "Sort",
          "Aggregate",
          "Gather Merge",
          "Subquery Scan",
          "Append"
        ]
      ],
      "index_shape": [
        "join"
      ],
      "physical_operator": {
        "Hash Join": [
          0.0012911074255784968
        ]
      }
    }
  },
  {
    "query": "with ssr as\n (select  s_store_id as store_id,\n          sum(ss_ext_sales_price) as sales,\n          sum(coalesce(sr_return_amt, 0)) as returns,\n          sum(ss_net_profit - coalesce(sr_net_loss, 0)) as profit\n  from store_sales left outer join store_returns on\n         (ss_item_sk = sr_item_sk and ss_ticket_number = sr_ticket_number),\n     date_dim,\n     store,\n     item,\n     promotion\n where ss_sold_date_sk = d_date_sk\n       and d_date between cast('2000-08-02' as date) \n                  and (cast('2000-08-02' as date) +  interval '30 days')\n       and ss_store_sk = s_store_sk\n       and ss_item_sk = i_item_sk\n       and i_current_price > 50\n       and ss_promo_sk = p_promo_sk\n       and p_channel_tv = 'N'\n group by s_store_id)\n ,\n csr as\n (select  cp_catalog_page_id as catalog_page_id,\n          sum(cs_ext_sales_price) as sales,\n          sum(coalesce(cr_return_amount, 0)) as returns,\n          sum(cs_net_profit - coalesce(cr_net_loss, 0)) as profit\n  from catalog_sales left outer join catalog_returns on\n         (cs_item_sk = cr_item_sk and cs_order_number = cr_order_number),\n     date_dim,\n     catalog_page,\n     item,\n     promotion\n where cs_sold_date_sk = d_date_sk\n       and d_date between cast('2000-08-02' as date)\n                  and (cast('2000-08-02' as date) +  interval '30 days')\n        and cs_catalog_page_sk = cp_catalog_page_sk\n       and cs_item_sk = i_item_sk\n       and i_current_price > 50\n       and cs_promo_sk = p_promo_sk\n       and p_channel_tv = 'N'\ngroup by cp_catalog_page_id)\n ,\n wsr as\n (select  web_site_id,\n          sum(ws_ext_sales_price) as sales,\n          sum(coalesce(wr_return_amt, 0)) as returns,\n          sum(ws_net_profit - coalesce(wr_net_loss, 0)) as profit\n  from web_sales left outer join web_returns on\n         (ws_item_sk = wr_item_sk and ws_order_number = wr_order_number),\n     date_dim,\n     web_site,\n     item,\n     promotion\n where ws_sold_date_sk = d_date_sk\n       and d_date between cast('2000-08-02' as date)\n                  and (cast('2000-08-02' as date) +  interval '30 days')\n        and ws_web_site_sk = web_site_sk\n       and ws_item_sk = i_item_sk\n       and i_current_price > 50\n       and ws_promo_sk = p_promo_sk\n       and p_channel_tv = 'N'\ngroup by web_site_id)\n  select  channel\n        , id\n        , sum(sales) as sales\n        , sum(returns) as returns\n        , sum(profit) as profit\n from \n (select 'store channel' as channel\n        , 'store' || store_id as id\n        , sales\n        , returns\n        , profit\n from   ssr\n union all\n select 'catalog channel' as channel\n        , 'catalog_page' || catalog_page_id as id\n        , sales\n        , returns\n        , profit\n from  csr\n union all\n select 'web channel' as channel\n        , 'web_site' || web_site_id as id\n        , sales\n        , returns\n        , profit\n from   wsr\n ) x\n group by rollup (channel, id)\n order by channel\n         ,id\n limit 100;\n\n-- end query 61 in stream 4 using template query80.tpl\n",
    "indexes": "catalog_returns.cr_return_amount",
    "wo plan est": {
      "Node Type": "Limit",
      "Parallel Aware": false,
      "Async Capable": false,
      "Startup Cost": 1566793.64,
      "Total Cost": 1566796.93,
      "Plan Rows": 100,
      "Plan Width": 160,
      "Plans": [
        {
          "Node Type": "Aggregate",
          "Strategy": "Sorted",
          "Partial Mode": "Simple",
          "Parent Relationship": "Outer",
          "Parallel Aware": false,
          "Async Capable": false,
          "Startup Cost": 1566793.64,
          "Total Cost": 1566806.84,
          "Plan Rows": 401,
          "Plan Width": 160,
          "Grouping Sets": [
            {
              "Group Keys": [
                [
                  "('store channel'::text)",
                  "(('store'::text || (ssr.store_id)::text))"
                ],
                [
                  "('store channel'::text)"
                ],
                []
              ]
            }
          ],
          "Plans": [
            {
              "Node Type": "Sort",
              "Parent Relationship": "Outer",
              "Parallel Aware": false,
              "Async Capable": false,
              "Startup Cost": 1566793.64,
              "Total Cost": 1566794.67,
              "Plan Rows": 412,
              "Plan Width": 160,
              "Sort Key": [
                "('store channel'::text)",
                "(('store'::text || (ssr.store_id)::text))"
              ],
              "Plans": [
                {
                  "Node Type": "Append",
                  "Parent Relationship": "Outer",
                  "Parallel Aware": false,
                  "Async Capable": false,
                  "Startup Cost": 784596.3,
                  "Total Cost": 1566775.74,
                  "Plan Rows": 412,
                  "Plan Width": 160,
                  "Subplans Removed": 0,
                  "Plans": [
                    {
                      "Node Type": "Subquery Scan",
                      "Parent Relationship": "Member",
                      "Parallel Aware": false,
                      "Async Capable": false,
                      "Alias": "ssr",
                      "Startup Cost": 784596.3,
                      "Total Cost": 784616.16,
                      "Plan Rows": 51,
                      "Plan Width": 160,
                      "Plans": [
                        {
                          "Node Type": "Aggregate",
                          "Strategy": "Sorted",
                          "Partial Mode": "Finalize",
                          "Parent Relationship": "Subquery",
                          "Parallel Aware": false,
                          "Async Capable": false,
                          "Startup Cost": 784596.3,
                          "Total Cost": 784615.39,
                          "Plan Rows": 51,
                          "Plan Width": 113,
                          "Group Key": [
                            "store.s_store_id"
                          ],
                          "Plans": [
                            {
                              "Node Type": "Gather Merge",
                              "Parent Relationship": "Outer",
                              "Parallel Aware": false,
                              "Async Capable": false,
                              "Startup Cost": 784596.3,
                              "Total Cost": 784612.71,
                              "Plan Rows": 102,
                              "Plan Width": 113,
                              "Workers Planned": 2,
                              "Plans": [
                                {
                                  "Node Type": "Aggregate",
                                  "Strategy": "Sorted",
                                  "Partial Mode": "Partial",
                                  "Parent Relationship": "Outer",
                                  "Parallel Aware": false,
                                  "Async Capable": false,
                                  "Startup Cost": 783596.27,
                                  "Total Cost": 783600.92,
                                  "Plan Rows": 51,
                                  "Plan Width": 113,
                                  "Group Key": [
                                    "store.s_store_id"
                                  ],
                                  "Plans": [
                                    {
                                      "Node Type": "Sort",
                                      "Parent Relationship": "Outer",
                                      "Parallel Aware": false,
                                      "Async Capable": false,
                                      "Startup Cost": 783596.27,
                                      "Total Cost": 783596.9,
                                      "Plan Rows": 250,
                                      "Plan Width": 41,
                                      "Sort Key": [
                                        "store.s_store_id"
                                      ],
                                      "Plans": [
                                        {
                                          "Node Type": "Hash Join",
                                          "Parent Relationship": "Outer",
                                          "Parallel Aware": false,
                                          "Async Capable": false,
                                          "Join Type": "Inner",
                                          "Startup Cost": 94489.35,
                                          "Total Cost": 783586.32,
                                          "Plan Rows": 250,
                                          "Plan Width": 41,
                                          "Inner Unique": false,
                                          "Hash Cond": "(store_sales.ss_store_sk = store.s_store_sk)",
                                          "Plans": [
                                            {
                                              "Node Type": "Hash Join",
                                              "Parent Relationship": "Outer",
                                              "Parallel Aware": false,
                                              "Async Capable": false,
                                              "Join Type": "Inner",
                                              "Startup Cost": 94482.05,
                                              "Total Cost": 783575.54,
                                              "Plan Rows": 262,
                                              "Plan Width": 28,
                                              "Inner Unique": false,
                                              "Hash Cond": "(store_sales.ss_promo_sk = promotion.p_promo_sk)",
                                              "Plans": [
                                                {
                                                  "Node Type": "Hash Join",
                                                  "Parent Relationship": "Outer",
                                                  "Parallel Aware": true,
                                                  "Async Capable": false,
                                                  "Join Type": "Inner",
                                                  "Startup Cost": 94456.65,
                                                  "Total Cost": 783546.47,
                                                  "Plan Rows": 279,
                                                  "Plan Width": 32,
                                                  "Inner Unique": false,
                                                  "Hash Cond": "(store_sales.ss_item_sk = item.i_item_sk)",
                                                  "Plans": [
                                                    {
                                                      "Node Type": "Hash Join",
                                                      "Parent Relationship": "Outer",
                                                      "Parallel Aware": true,
                                                      "Async Capable": false,
                                                      "Join Type": "Left",
                                                      "Startup Cost": 86930.88,
                                                      "Total Cost": 776001.31,
                                                      "Plan Rows": 4860,
                                                      "Plan Width": 36,
                                                      "Inner Unique": false,
                                                      "Hash Cond": "((store_sales.ss_item_sk = store_returns.sr_item_sk) AND (store_sales.ss_ticket_number = store_returns.sr_ticket_number))",
                                                      "Plans": [
                                                        {
                                                          "Node Type": "Hash Join",
                                                          "Parent Relationship": "Outer",
                                                          "Parallel Aware": true,
                                                          "Async Capable": false,
                                                          "Join Type": "Inner",
                                                          "Startup Cost": 2049.78,
                                                          "Total Cost": 683994.75,
                                                          "Plan Rows": 4860,
                                                          "Plan Width": 28,
                                                          "Inner Unique": false,
                                                          "Hash Cond": "(store_sales.ss_sold_date_sk = date_dim.d_date_sk)",
                                                          "Plans": [
                                                            {
                                                              "Node Type": "Seq Scan",
                                                              "Parent Relationship": "Outer",
                                                              "Parallel Aware": true,
                                                              "Async Capable": false,
                                                              "Relation Name": "store_sales",
                                                              "Alias": "store_sales",
                                                              "Startup Cost": 0.0,
                                                              "Total Cost": 636914.37,
                                                              "Plan Rows": 12000637,
                                                              "Plan Width": 32,
                                                              "parent": 13,
                                                              "ID": 14
                                                            },
                                                            {
                                                              "Node Type": "Hash",
                                                              "Parent Relationship": "Inner",
                                                              "Parallel Aware": true,
                                                              "Async Capable": false,
                                                              "Startup Cost": 2049.55,
                                                              "Total Cost": 2049.55,
                                                              "Plan Rows": 18,
                                                              "Plan Width": 4,
                                                              "Plans": [
                                                                {
                                                                  "Node Type": "Seq Scan",
                                                                  "Parent Relationship": "Outer",
                                                                  "Parallel Aware": true,
                                                                  "Async Capable": false,
                                                                  "Relation Name": "date_dim",
                                                                  "Alias": "date_dim",
                                                                  "Startup Cost": 0.0,
                                                                  "Total Cost": 2049.55,
                                                                  "Plan Rows": 18,
                                                                  "Plan Width": 4,
                                                                  "Filter": "((d_date >= '2000-08-02'::date) AND (d_date <= '2000-09-01 00:00:00'::timestamp without time zone))",
                                                                  "parent": 15,
                                                                  "ID": 16
                                                                }
                                                              ],
                                                              "parent": 13,
                                                              "ID": 15,
                                                              "left": 16
                                                            }
                                                          ],
                                                          "parent": 12,
                                                          "ID": 13,
                                                          "left": 14,
                                                          "right": 15
                                                        },
                                                        {
                                                          "Node Type": "Hash",
                                                          "Parent Relationship": "Inner",
                                                          "Parallel Aware": true,
                                                          "Async Capable": false,
                                                          "Startup Cost": 59887.64,
                                                          "Total Cost": 59887.64,
                                                          "Plan Rows": 1198164,
                                                          "Plan Width": 20,
                                                          "Plans": [
                                                            {
                                                              "Node Type": "Seq Scan",
                                                              "Parent Relationship": "Outer",
                                                              "Parallel Aware": true,
                                                              "Async Capable": false,
                                                              "Relation Name": "store_returns",
                                                              "Alias": "store_returns",
                                                              "Startup Cost": 0.0,
                                                              "Total Cost": 59887.64,
                                                              "Plan Rows": 1198164,
                                                              "Plan Width": 20,
                                                              "parent": 17,
                                                              "ID": 18
                                                            }
                                                          ],
                                                          "parent": 12,
                                                          "ID": 17,
                                                          "left": 18
                                                        }
                                                      ],
                                                      "parent": 11,
                                                      "ID": 12,
                                                      "left": 13,
                                                      "right": 17
                                                    },
                                                    {
                                                      "Node Type": "Hash",
                                                      "Parent Relationship": "Inner",
                                                      "Parallel Aware": true,
                                                      "Async Capable": false,
                                                      "Startup Cost": 7495.25,
                                                      "Total Cost": 7495.25,
                                                      "Plan Rows": 2442,
                                                      "Plan Width": 4,
                                                      "Plans": [
                                                        {
                                                          "Node Type": "Seq Scan",
                                                          "Parent Relationship": "Outer",
                                                          "Parallel Aware": true,
                                                          "Async Capable": false,
                                                          "Relation Name": "item",
                                                          "Alias": "item",
                                                          "Startup Cost": 0.0,
                                                          "Total Cost": 7495.25,
                                                          "Plan Rows": 2442,
                                                          "Plan Width": 4,
                                                          "Filter": "(i_current_price > '50'::numeric)",
                                                          "parent": 19,
                                                          "ID": 20
                                                        }
                                                      ],
                                                      "parent": 11,
                                                      "ID": 19,
                                                      "left": 20
                                                    }
                                                  ],
                                                  "parent": 10,
                                                  "ID": 11,
                                                  "left": 12,
                                                  "right": 19
                                                },
                                                {
                                                  "Node Type": "Hash",
                                                  "Parent Relationship": "Inner",
                                                  "Parallel Aware": false,
                                                  "Async Capable": false,
                                                  "Startup Cost": 19.25,
                                                  "Total Cost": 19.25,
                                                  "Plan Rows": 492,
                                                  "Plan Width": 4,
                                                  "Plans": [
                                                    {
                                                      "Node Type": "Seq Scan",
                                                      "Parent Relationship": "Outer",
                                                      "Parallel Aware": false,
                                                      "Async Capable": false,
                                                      "Relation Name": "promotion",
                                                      "Alias": "promotion",
                                                      "Startup Cost": 0.0,
                                                      "Total Cost": 19.25,
                                                      "Plan Rows": 492,
                                                      "Plan Width": 4,
                                                      "Filter": "(p_channel_tv = 'N'::bpchar)",
                                                      "parent": 21,
                                                      "ID": 22
                                                    }
                                                  ],
                                                  "parent": 10,
                                                  "ID": 21,
                                                  "left": 22
                                                }
                                              ],
                                              "parent": 9,
                                              "ID": 10,
                                              "left": 11,
                                              "right": 21
                                            },
                                            {
                                              "Node Type": "Hash",
                                              "Parent Relationship": "Inner",
                                              "Parallel Aware": false,
                                              "Async Capable": false,
                                              "Startup Cost": 6.02,
                                              "Total Cost": 6.02,
                                              "Plan Rows": 102,
                                              "Plan Width": 21,
                                              "Plans": [
                                                {
                                                  "Node Type": "Seq Scan",
                                                  "Parent Relationship": "Outer",
                                                  "Parallel Aware": false,
                                                  "Async Capable": false,
                                                  "Relation Name": "store",
                                                  "Alias": "store",
                                                  "Startup Cost": 0.0,
                                                  "Total Cost": 6.02,
                                                  "Plan Rows": 102,
                                                  "Plan Width": 21,
                                                  "parent": 23,
                                                  "ID": 24
                                                }
                                              ],
                                              "parent": 9,
                                              "ID": 23,
                                              "left": 24
                                            }
                                          ],
                                          "parent": 8,
                                          "ID": 9,
                                          "left": 10,
                                          "right": 23
                                        }
                                      ],
                                      "parent": 7,
                                      "ID": 8,
                                      "left": 9
                                    }
                                  ],
                                  "parent": 6,
                                  "ID": 7,
                                  "left": 8
                                }
                              ],
                              "parent": 5,
                              "ID": 6,
                              "left": 7
                            }
                          ],
                          "parent": 4,
                          "ID": 5,
                          "left": 6
                        }
                      ],
                      "parent": 3,
                      "ID": 4,
                      "left": 5
                    },
                    {
                      "Node Type": "Subquery Scan",
                      "Parent Relationship": "Member",
                      "Parallel Aware": false,
                      "Async Capable": false,
                      "Alias": "csr",
                      "Startup Cost": 518177.36,
                      "Total Cost": 518230.78,
                      "Plan Rows": 340,
                      "Plan Width": 160,
                      "Plans": [
                        {
                          "Node Type": "Aggregate",
                          "Strategy": "Sorted",
                          "Partial Mode": "Finalize",
                          "Parent Relationship": "Subquery",
                          "Parallel Aware": false,
                          "Async Capable": false,
                          "Startup Cost": 518177.36,
                          "Total Cost": 518225.68,
                          "Plan Rows": 340,
                          "Plan Width": 113,
                          "Group Key": [
                            "catalog_page.cp_catalog_page_id"
                          ],
                          "Plans": [
                            {
                              "Node Type": "Gather Merge",
                              "Parent Relationship": "Outer",
                              "Parallel Aware": false,
                              "Async Capable": false,
                              "Startup Cost": 518177.36,
                              "Total Cost": 518214.76,
                              "Plan Rows": 284,
                              "Plan Width": 113,
                              "Workers Planned": 2,
                              "Plans": [
                                {
                                  "Node Type": "Aggregate",
                                  "Strategy": "Sorted",
                                  "Partial Mode": "Partial",
                                  "Parent Relationship": "Outer",
                                  "Parallel Aware": false,
                                  "Async Capable": false,
                                  "Startup Cost": 517177.34,
                                  "Total Cost": 517181.95,
                                  "Plan Rows": 142,
                                  "Plan Width": 113,
                                  "Group Key": [
                                    "catalog_page.cp_catalog_page_id"
                                  ],
                                  "Plans": [
                                    {
                                      "Node Type": "Sort",
                                      "Parent Relationship": "Outer",
                                      "Parallel Aware": false,
                                      "Async Capable": false,
                                      "Startup Cost": 517177.34,
                                      "Total Cost": 517177.69,
                                      "Plan Rows": 142,
                                      "Plan Width": 41,
                                      "Sort Key": [
                                        "catalog_page.cp_catalog_page_id"
                                      ],
                                      "Plans": [
                                        {
                                          "Node Type": "Hash Join",
                                          "Parent Relationship": "Outer",
                                          "Parallel Aware": false,
                                          "Async Capable": false,
                                          "Join Type": "Inner",
                                          "Startup Cost": 57382.33,
                                          "Total Cost": 517172.26,
                                          "Plan Rows": 142,
                                          "Plan Width": 41,
                                          "Inner Unique": false,
                                          "Hash Cond": "(catalog_sales.cs_catalog_page_sk = catalog_page.cp_catalog_page_sk)",
                                          "Plans": [
                                            {
                                              "Node Type": "Hash Join",
                                              "Parent Relationship": "Outer",
                                              "Parallel Aware": false,
                                              "Async Capable": false,
                                              "Join Type": "Inner",
                                              "Startup Cost": 56864.33,
                                              "Total Cost": 516652.32,
                                              "Plan Rows": 142,
                                              "Plan Width": 28,
                                              "Inner Unique": false,
                                              "Hash Cond": "(catalog_sales.cs_promo_sk = promotion_1.p_promo_sk)",
                                              "Plans": [
                                                {
                                                  "Node Type": "Hash Join",
                                                  "Parent Relationship": "Outer",
                                                  "Parallel Aware": true,
                                                  "Async Capable": false,
                                                  "Join Type": "Inner",
                                                  "Startup Cost": 56838.93,
                                                  "Total Cost": 516624.96,
                                                  "Plan Rows": 145,
                                                  "Plan Width": 32,
                                                  "Inner Unique": false,
                                                  "Hash Cond": "(catalog_sales.cs_item_sk = item_1.i_item_sk)",
                                                  "Plans": [
                                                    {
                                                      "Node Type": "Hash Join",
                                                      "Parent Relationship": "Outer",
                                                      "Parallel Aware": true,
                                                      "Async Capable": false,
                                                      "Join Type": "Left",
                                                      "Startup Cost": 49313.15,
                                                      "Total Cost": 509089.08,
                                                      "Plan Rows": 2532,
                                                      "Plan Width": 36,
                                                      "Inner Unique": false,
                                                      "Hash Cond": "((catalog_sales.cs_item_sk = catalog_returns.cr_item_sk) AND (catalog_sales.cs_order_number = catalog_returns.cr_order_number))",
                                                      "Plans": [
                                                        {
                                                          "Node Type": "Hash Join",
                                                          "Parent Relationship": "Outer",
                                                          "Parallel Aware": true,
                                                          "Async Capable": false,
                                                          "Join Type": "Inner",
                                                          "Startup Cost": 2049.78,
                                                          "Total Cost": 458254.7,
                                                          "Plan Rows": 2532,
                                                          "Plan Width": 28,
                                                          "Inner Unique": false,
                                                          "Hash Cond": "(catalog_sales.cs_sold_date_sk = date_dim_1.d_date_sk)",
                                                          "Plans": [
                                                            {
                                                              "Node Type": "Seq Scan",
                                                              "Parent Relationship": "Outer",
                                                              "Parallel Aware": true,
                                                              "Async Capable": false,
                                                              "Relation Name": "catalog_sales",
                                                              "Alias": "catalog_sales",
                                                              "Startup Cost": 0.0,
                                                              "Total Cost": 433688.25,
                                                              "Plan Rows": 6000525,
                                                              "Plan Width": 32,
                                                              "parent": 34,
                                                              "ID": 35
                                                            },
                                                            {
                                                              "Node Type": "Hash",
                                                              "Parent Relationship": "Inner",
                                                              "Parallel Aware": true,
                                                              "Async Capable": false,
                                                              "Startup Cost": 2049.55,
                                                              "Total Cost": 2049.55,
                                                              "Plan Rows": 18,
                                                              "Plan Width": 4,
                                                              "Plans": [
                                                                {
                                                                  "Node Type": "Seq Scan",
                                                                  "Parent Relationship": "Outer",
                                                                  "Parallel Aware": true,
                                                                  "Async Capable": false,
                                                                  "Relation Name": "date_dim",
                                                                  "Alias": "date_dim_1",
                                                                  "Startup Cost": 0.0,
                                                                  "Total Cost": 2049.55,
                                                                  "Plan Rows": 18,
                                                                  "Plan Width": 4,
                                                                  "Filter": "((d_date >= '2000-08-02'::date) AND (d_date <= '2000-09-01 00:00:00'::timestamp without time zone))",
                                                                  "parent": 36,
                                                                  "ID": 37
                                                                }
                                                              ],
                                                              "parent": 34,
                                                              "ID": 36,
                                                              "left": 37
                                                            }
                                                          ],
                                                          "parent": 33,
                                                          "ID": 34,
                                                          "left": 35,
                                                          "right": 36
                                                        },
                                                        {
                                                          "Node Type": "Hash",
                                                          "Parent Relationship": "Inner",
                                                          "Parallel Aware": true,
                                                          "Async Capable": false,
                                                          "Startup Cost": 34748.95,
                                                          "Total Cost": 34748.95,
                                                          "Plan Rows": 599895,
                                                          "Plan Width": 20,
                                                          "Plans": [
                                                            {
                                                              "Node Type": "Seq Scan",
                                                              "Parent Relationship": "Outer",
                                                              "Parallel Aware": true,
                                                              "Async Capable": false,
                                                              "Relation Name": "catalog_returns",
                                                              "Alias": "catalog_returns",
                                                              "Startup Cost": 0.0,
                                                              "Total Cost": 34748.95,
                                                              "Plan Rows": 599895,
                                                              "Plan Width": 20,
                                                              "parent": 38,
                                                              "ID": 39
                                                            }
                                                          ],
                                                          "parent": 33,
                                                          "ID": 38,
                                                          "left": 39
                                                        }
                                                      ],
                                                      "parent": 32,
                                                      "ID": 33,
                                                      "left": 34,
                                                      "right": 38
                                                    },
                                                    {
                                                      "Node Type": "Hash",
                                                      "Parent Relationship": "Inner",
                                                      "Parallel Aware": true,
                                                      "Async Capable": false,
                                                      "Startup Cost": 7495.25,
                                                      "Total Cost": 7495.25,
                                                      "Plan Rows": 2442,
                                                      "Plan Width": 4,
                                                      "Plans": [
                                                        {
                                                          "Node Type": "Seq Scan",
                                                          "Parent Relationship": "Outer",
                                                          "Parallel Aware": true,
                                                          "Async Capable": false,
                                                          "Relation Name": "item",
                                                          "Alias": "item_1",
                                                          "Startup Cost": 0.0,
                                                          "Total Cost": 7495.25,
                                                          "Plan Rows": 2442,
                                                          "Plan Width": 4,
                                                          "Filter": "(i_current_price > '50'::numeric)",
                                                          "parent": 40,
                                                          "ID": 41
                                                        }
                                                      ],
                                                      "parent": 32,
                                                      "ID": 40,
                                                      "left": 41
                                                    }
                                                  ],
                                                  "parent": 31,
                                                  "ID": 32,
                                                  "left": 33,
                                                  "right": 40
                                                },
                                                {
                                                  "Node Type": "Hash",
                                                  "Parent Relationship": "Inner",
                                                  "Parallel Aware": false,
                                                  "Async Capable": false,
                                                  "Startup Cost": 19.25,
                                                  "Total Cost": 19.25,
                                                  "Plan Rows": 492,
                                                  "Plan Width": 4,
                                                  "Plans": [
                                                    {
                                                      "Node Type": "Seq Scan",
                                                      "Parent Relationship": "Outer",
                                                      "Parallel Aware": false,
                                                      "Async Capable": false,
                                                      "Relation Name": "promotion",
                                                      "Alias": "promotion_1",
                                                      "Startup Cost": 0.0,
                                                      "Total Cost": 19.25,
                                                      "Plan Rows": 492,
                                                      "Plan Width": 4,
                                                      "Filter": "(p_channel_tv = 'N'::bpchar)",
                                                      "parent": 42,
                                                      "ID": 43
                                                    }
                                                  ],
                                                  "parent": 31,
                                                  "ID": 42,
                                                  "left": 43
                                                }
                                              ],
                                              "parent": 30,
                                              "ID": 31,
                                              "left": 32,
                                              "right": 42
                                            },
                                            {
                                              "Node Type": "Hash",
                                              "Parent Relationship": "Inner",
                                              "Parallel Aware": false,
                                              "Async Capable": false,
                                              "Startup Cost": 368.0,
                                              "Total Cost": 368.0,
                                              "Plan Rows": 12000,
                                              "Plan Width": 21,
                                              "Plans": [
                                                {
                                                  "Node Type": "Seq Scan",
                                                  "Parent Relationship": "Outer",
                                                  "Parallel Aware": false,
                                                  "Async Capable": false,
                                                  "Relation Name": "catalog_page",
                                                  "Alias": "catalog_page",
                                                  "Startup Cost": 0.0,
                                                  "Total Cost": 368.0,
                                                  "Plan Rows": 12000,
                                                  "Plan Width": 21,
                                                  "parent": 44,
                                                  "ID": 45
                                                }
                                              ],
                                              "parent": 30,
                                              "ID": 44,
                                              "left": 45
                                            }
                                          ],
                                          "parent": 29,
                                          "ID": 30,
                                          "left": 31,
                                          "right": 44
                                        }
                                      ],
                                      "parent": 28,
                                      "ID": 29,
                                      "left": 30
                                    }
                                  ],
                                  "parent": 27,
                                  "ID": 28,
                                  "left": 29
                                }
                              ],
                              "parent": 26,
                              "ID": 27,
                              "left": 28
                            }
                          ],
                          "parent": 25,
                          "ID": 26,
                          "left": 27
                        }
                      ],
                      "parent": 3,
                      "ID": 25,
                      "left": 26
                    },
                    {
                      "Node Type": "Subquery Scan",
                      "Parent Relationship": "Member",
                      "Parallel Aware": false,
                      "Async Capable": false,
                      "Alias": "wsr",
                      "Startup Cost": 263919.04,
                      "Total Cost": 263926.75,
                      "Plan Rows": 21,
                      "Plan Width": 160,
                      "Plans": [
                        {
                          "Node Type": "Aggregate",
                          "Strategy": "Sorted",
                          "Partial Mode": "Finalize",
                          "Parent Relationship": "Subquery",
                          "Parallel Aware": false,
                          "Async Capable": false,
                          "Startup Cost": 263919.04,
                          "Total Cost": 263926.43,
                          "Plan Rows": 21,
                          "Plan Width": 113,
                          "Group Key": [
                            "web_site.web_site_id"
                          ],
                          "Plans": [
                            {
                              "Node Type": "Gather Merge",
                              "Parent Relationship": "Outer",
                              "Parallel Aware": false,
                              "Async Capable": false,
                              "Startup Cost": 263919.04,
                              "Total Cost": 263925.33,
                              "Plan Rows": 42,
                              "Plan Width": 113,
                              "Workers Planned": 2,
                              "Plans": [
                                {
                                  "Node Type": "Aggregate",
                                  "Strategy": "Sorted",
                                  "Partial Mode": "Partial",
                                  "Parent Relationship": "Outer",
                                  "Parallel Aware": false,
                                  "Async Capable": false,
                                  "Startup Cost": 262919.01,
                                  "Total Cost": 262920.46,
                                  "Plan Rows": 21,
                                  "Plan Width": 113,
                                  "Group Key": [
                                    "web_site.web_site_id"
                                  ],
                                  "Plans": [
                                    {
                                      "Node Type": "Sort",
                                      "Parent Relationship": "Outer",
                                      "Parallel Aware": false,
                                      "Async Capable": false,
                                      "Startup Cost": 262919.01,
                                      "Total Cost": 262919.19,
                                      "Plan Rows": 72,
                                      "Plan Width": 41,
                                      "Sort Key": [
                                        "web_site.web_site_id"
                                      ],
                                      "Plans": [
                                        {
                                          "Node Type": "Hash Join",
                                          "Parent Relationship": "Outer",
                                          "Parallel Aware": false,
                                          "Async Capable": false,
                                          "Join Type": "Inner",
                                          "Startup Cost": 32134.74,
                                          "Total Cost": 262916.79,
                                          "Plan Rows": 72,
                                          "Plan Width": 41,
                                          "Inner Unique": false,
                                          "Hash Cond": "(web_sales.ws_web_site_sk = web_site.web_site_sk)",
                                          "Plans": [
                                            {
                                              "Node Type": "Hash Join",
                                              "Parent Relationship": "Outer",
                                              "Parallel Aware": false,
                                              "Async Capable": false,
                                              "Join Type": "Inner",
                                              "Startup Cost": 32130.8,
                                              "Total Cost": 262911.86,
                                              "Plan Rows": 72,
                                              "Plan Width": 28,
                                              "Inner Unique": false,
                                              "Hash Cond": "(web_sales.ws_promo_sk = promotion_2.p_promo_sk)",
                                              "Plans": [
                                                {
                                                  "Node Type": "Hash Join",
                                                  "Parent Relationship": "Outer",
                                                  "Parallel Aware": true,
                                                  "Async Capable": false,
                                                  "Join Type": "Inner",
                                                  "Startup Cost": 32105.4,
                                                  "Total Cost": 262885.46,
                                                  "Plan Rows": 73,
                                                  "Plan Width": 32,
                                                  "Inner Unique": false,
                                                  "Hash Cond": "(web_sales.ws_item_sk = item_2.i_item_sk)",
                                                  "Plans": [
                                                    {
                                                      "Node Type": "Hash Join",
                                                      "Parent Relationship": "Outer",
                                                      "Parallel Aware": true,
                                                      "Async Capable": false,
                                                      "Join Type": "Left",
                                                      "Startup Cost": 24579.62,
                                                      "Total Cost": 255354.62,
                                                      "Plan Rows": 1272,
                                                      "Plan Width": 36,
                                                      "Inner Unique": false,
                                                      "Hash Cond": "((web_sales.ws_item_sk = web_returns.wr_item_sk) AND (web_sales.ws_order_number = web_returns.wr_order_number))",
                                                      "Plans": [
                                                        {
                                                          "Node Type": "Hash Join",
                                                          "Parent Relationship": "Outer",
                                                          "Parallel Aware": true,
                                                          "Async Capable": false,
                                                          "Join Type": "Inner",
                                                          "Startup Cost": 2049.78,
                                                          "Total Cost": 231041.22,
                                                          "Plan Rows": 1272,
                                                          "Plan Width": 28,
                                                          "Inner Unique": false,
                                                          "Hash Cond": "(web_sales.ws_sold_date_sk = date_dim_2.d_date_sk)",
                                                          "Plans": [
                                                            {
                                                              "Node Type": "Seq Scan",
                                                              "Parent Relationship": "Outer",
                                                              "Parallel Aware": true,
                                                              "Async Capable": false,
                                                              "Relation Name": "web_sales",
                                                              "Alias": "web_sales",
                                                              "Startup Cost": 0.0,
                                                              "Total Cost": 217737.86,
                                                              "Plan Rows": 2998986,
                                                              "Plan Width": 32,
                                                              "parent": 55,
                                                              "ID": 56
                                                            },
                                                            {
                                                              "Node Type": "Hash",
                                                              "Parent Relationship": "Inner",
                                                              "Parallel Aware": true,
                                                              "Async Capable": false,
                                                              "Startup Cost": 2049.55,
                                                              "Total Cost": 2049.55,
                                                              "Plan Rows": 18,
                                                              "Plan Width": 4,
                                                              "Plans": [
                                                                {
                                                                  "Node Type": "Seq Scan",
                                                                  "Parent Relationship": "Outer",
                                                                  "Parallel Aware": true,
                                                                  "Async Capable": false,
                                                                  "Relation Name": "date_dim",
                                                                  "Alias": "date_dim_2",
                                                                  "Startup Cost": 0.0,
                                                                  "Total Cost": 2049.55,
                                                                  "Plan Rows": 18,
                                                                  "Plan Width": 4,
                                                                  "Filter": "((d_date >= '2000-08-02'::date) AND (d_date <= '2000-09-01 00:00:00'::timestamp without time zone))",
                                                                  "parent": 57,
                                                                  "ID": 58
                                                                }
                                                              ],
                                                              "parent": 55,
                                                              "ID": 57,
                                                              "left": 58
                                                            }
                                                          ],
                                                          "parent": 54,
                                                          "ID": 55,
                                                          "left": 56,
                                                          "right": 57
                                                        },
                                                        {
                                                          "Node Type": "Hash",
                                                          "Parent Relationship": "Inner",
                                                          "Parallel Aware": true,
                                                          "Async Capable": false,
                                                          "Startup Cost": 16278.74,
                                                          "Total Cost": 16278.74,
                                                          "Plan Rows": 299674,
                                                          "Plan Width": 20,
                                                          "Plans": [
                                                            {
                                                              "Node Type": "Seq Scan",
                                                              "Parent Relationship": "Outer",
                                                              "Parallel Aware": true,
                                                              "Async Capable": false,
                                                              "Relation Name": "web_returns",
                                                              "Alias": "web_returns",
                                                              "Startup Cost": 0.0,
                                                              "Total Cost": 16278.74,
                                                              "Plan Rows": 299674,
                                                              "Plan Width": 20,
                                                              "parent": 59,
                                                              "ID": 60
                                                            }
                                                          ],
                                                          "parent": 54,
                                                          "ID": 59,
                                                          "left": 60
                                                        }
                                                      ],
                                                      "parent": 53,
                                                      "ID": 54,
                                                      "left": 55,
                                                      "right": 59
                                                    },
                                                    {
                                                      "Node Type": "Hash",
                                                      "Parent Relationship": "Inner",
                                                      "Parallel Aware": true,
                                                      "Async Capable": false,
                                                      "Startup Cost": 7495.25,
                                                      "Total Cost": 7495.25,
                                                      "Plan Rows": 2442,
                                                      "Plan Width": 4,
                                                      "Plans": [
                                                        {
                                                          "Node Type": "Seq Scan",
                                                          "Parent Relationship": "Outer",
                                                          "Parallel Aware": true,
                                                          "Async Capable": false,
                                                          "Relation Name": "item",
                                                          "Alias": "item_2",
                                                          "Startup Cost": 0.0,
                                                          "Total Cost": 7495.25,
                                                          "Plan Rows": 2442,
                                                          "Plan Width": 4,
                                                          "Filter": "(i_current_price > '50'::numeric)",
                                                          "parent": 61,
                                                          "ID": 62
                                                        }
                                                      ],
                                                      "parent": 53,
                                                      "ID": 61,
                                                      "left": 62
                                                    }
                                                  ],
                                                  "parent": 52,
                                                  "ID": 53,
                                                  "left": 54,
                                                  "right": 61
                                                },
                                                {
                                                  "Node Type": "Hash",
                                                  "Parent Relationship": "Inner",
                                                  "Parallel Aware": false,
                                                  "Async Capable": false,
                                                  "Startup Cost": 19.25,
                                                  "Total Cost": 19.25,
                                                  "Plan Rows": 492,
                                                  "Plan Width": 4,
                                                  "Plans": [
                                                    {
                                                      "Node Type": "Seq Scan",
                                                      "Parent Relationship": "Outer",
                                                      "Parallel Aware": false,
                                                      "Async Capable": false,
                                                      "Relation Name": "promotion",
                                                      "Alias": "promotion_2",
                                                      "Startup Cost": 0.0,
                                                      "Total Cost": 19.25,
                                                      "Plan Rows": 492,
                                                      "Plan Width": 4,
                                                      "Filter": "(p_channel_tv = 'N'::bpchar)",
                                                      "parent": 63,
                                                      "ID": 64
                                                    }
                                                  ],
                                                  "parent": 52,
                                                  "ID": 63,
                                                  "left": 64
                                                }
                                              ],
                                              "parent": 51,
                                              "ID": 52,
                                              "left": 53,
                                              "right": 63
                                            },
                                            {
                                              "Node Type": "Hash",
                                              "Parent Relationship": "Inner",
                                              "Parallel Aware": false,
                                              "Async Capable": false,
                                              "Startup Cost": 3.42,
                                              "Total Cost": 3.42,
                                              "Plan Rows": 42,
                                              "Plan Width": 21,
                                              "Plans": [
                                                {
                                                  "Node Type": "Seq Scan",
                                                  "Parent Relationship": "Outer",
                                                  "Parallel Aware": false,
                                                  "Async Capable": false,
                                                  "Relation Name": "web_site",
                                                  "Alias": "web_site",
                                                  "Startup Cost": 0.0,
                                                  "Total Cost": 3.42,
                                                  "Plan Rows": 42,
                                                  "Plan Width": 21,
                                                  "parent": 65,
                                                  "ID": 66
                                                }
                                              ],
                                              "parent": 51,
                                              "ID": 65,
                                              "left": 66
                                            }
                                          ],
                                          "parent": 50,
                                          "ID": 51,
                                          "left": 52,
                                          "right": 65
                                        }
                                      ],
                                      "parent": 49,
                                      "ID": 50,
                                      "left": 51
                                    }
                                  ],
                                  "parent": 48,
                                  "ID": 49,
                                  "left": 50
                                }
                              ],
                              "parent": 47,
                              "ID": 48,
                              "left": 49
                            }
                          ],
                          "parent": 46,
                          "ID": 47,
                          "left": 48
                        }
                      ],
                      "parent": 3,
                      "ID": 46,
                      "left": 47
                    }
                  ],
                  "parent": 2,
                  "ID": 3,
                  "left": 4,
                  "right": 25
                }
              ],
              "parent": 1,
              "ID": 2,
              "left": 3
            }
          ],
          "parent": 0,
          "ID": 1,
          "left": 2
        }
      ],
      "parent": null,
      "ID": 0,
      "left": 1
    },
    "feat": {
      "utility": 0.0,
      "query_shape": [
        [
          "Seq Scan",
          "Hash Join",
          "Sort",
          "Aggregate",
          "Gather Merge",
          "Subquery Scan",
          "Append"
        ],
        [
          "Seq Scan",
          "Hash",
          "Hash Join",
          "Sort",
          "Aggregate",
          "Gather Merge",
          "Subquery Scan",
          "Append"
        ],
        [
          "Seq Scan",
          "Hash",
          "Hash Join",
          "Sort",
          "Aggregate",
          "Gather Merge",
          "Subquery Scan",
          "Append"
        ],
        [
          "Seq Scan",
          "Hash",
          "Hash Join",
          "Sort",
          "Aggregate",
          "Gather Merge",
          "Subquery Scan",
          "Append"
        ],
        [
          "Seq Scan",
          "Hash",
          "Hash Join",
          "Sort",
          "Aggregate",
          "Gather Merge",
          "Subquery Scan",
          "Append"
        ],
        [
          "Seq Scan",
          "Hash",
          "Hash Join",
          "Sort",
          "Aggregate",
          "Gather Merge",
          "Subquery Scan",
          "Append"
        ],
        [
          "Seq Scan",
          "Hash Join",
          "Sort",
          "Aggregate",
          "Gather Merge",
          "Subquery Scan",
          "Append"
        ],
        [
          "Seq Scan",
          "Hash",
          "Hash Join",
          "Sort",
          "Aggregate",
          "Gather Merge",
          "Subquery Scan",
          "Append"
        ],
        [
          "Seq Scan",
          "Hash",
          "Hash Join",
          "Sort",
          "Aggregate",
          "Gather Merge",
          "Subquery Scan",
          "Append"
        ],
        [
          "Seq Scan",
          "Hash",
          "Hash Join",
          "Sort",
          "Aggregate",
          "Gather Merge",
          "Subquery Scan",
          "Append"
        ],
        [
          "Seq Scan",
          "Hash",
          "Hash Join",
          "Sort",
          "Aggregate",
          "Gather Merge",
          "Subquery Scan",
          "Append"
        ],
        [
          "Seq Scan",
          "Hash",
          "Hash Join",
          "Sort",
          "Aggregate",
          "Gather Merge",
          "Subquery Scan",
          "Append"
        ],
        [
          "Seq Scan",
          "Hash Join",
          "Sort",
          "Aggregate",
          "Gather Merge",
          "Subquery Scan",
          "Append"
        ],
        [
          "Seq Scan",
          "Hash",
          "Hash Join",
          "Sort",
          "Aggregate",
          "Gather Merge",
          "Subquery Scan",
          "Append"
        ],
        [
          "Seq Scan",
          "Hash",
          "Hash Join",
          "Sort",
          "Aggregate",
          "Gather Merge",
          "Subquery Scan",
          "Append"
        ],
        [
          "Seq Scan",
          "Hash",
          "Hash Join",
          "Sort",
          "Aggregate",
          "Gather Merge",
          "Subquery Scan",
          "Append"
        ],
        [
          "Seq Scan",
          "Hash",
          "Hash Join",
          "Sort",
          "Aggregate",
          "Gather Merge",
          "Subquery Scan",
          "Append"
        ],
        [
          "Seq Scan",
          "Hash",
          "Hash Join",
          "Sort",
          "Aggregate",
          "Gather Merge",
          "Subquery Scan",
          "Append"
        ]
      ],
      "index_shape": [],
      "physical_operator": {}
    }
  },
  {
    "query": "with ssr as\n (select  s_store_id as store_id,\n          sum(ss_ext_sales_price) as sales,\n          sum(coalesce(sr_return_amt, 0)) as returns,\n          sum(ss_net_profit - coalesce(sr_net_loss, 0)) as profit\n  from store_sales left outer join store_returns on\n         (ss_item_sk = sr_item_sk and ss_ticket_number = sr_ticket_number),\n     date_dim,\n     store,\n     item,\n     promotion\n where ss_sold_date_sk = d_date_sk\n       and d_date between cast('2000-08-02' as date) \n                  and (cast('2000-08-02' as date) +  interval '30 days')\n       and ss_store_sk = s_store_sk\n       and ss_item_sk = i_item_sk\n       and i_current_price > 50\n       and ss_promo_sk = p_promo_sk\n       and p_channel_tv = 'N'\n group by s_store_id)\n ,\n csr as\n (select  cp_catalog_page_id as catalog_page_id,\n          sum(cs_ext_sales_price) as sales,\n          sum(coalesce(cr_return_amount, 0)) as returns,\n          sum(cs_net_profit - coalesce(cr_net_loss, 0)) as profit\n  from catalog_sales left outer join catalog_returns on\n         (cs_item_sk = cr_item_sk and cs_order_number = cr_order_number),\n     date_dim,\n     catalog_page,\n     item,\n     promotion\n where cs_sold_date_sk = d_date_sk\n       and d_date between cast('2000-08-02' as date)\n                  and (cast('2000-08-02' as date) +  interval '30 days')\n        and cs_catalog_page_sk = cp_catalog_page_sk\n       and cs_item_sk = i_item_sk\n       and i_current_price > 50\n       and cs_promo_sk = p_promo_sk\n       and p_channel_tv = 'N'\ngroup by cp_catalog_page_id)\n ,\n wsr as\n (select  web_site_id,\n          sum(ws_ext_sales_price) as sales,\n          sum(coalesce(wr_return_amt, 0)) as returns,\n          sum(ws_net_profit - coalesce(wr_net_loss, 0)) as profit\n  from web_sales left outer join web_returns on\n         (ws_item_sk = wr_item_sk and ws_order_number = wr_order_number),\n     date_dim,\n     web_site,\n     item,\n     promotion\n where ws_sold_date_sk = d_date_sk\n       and d_date between cast('2000-08-02' as date)\n                  and (cast('2000-08-02' as date) +  interval '30 days')\n        and ws_web_site_sk = web_site_sk\n       and ws_item_sk = i_item_sk\n       and i_current_price > 50\n       and ws_promo_sk = p_promo_sk\n       and p_channel_tv = 'N'\ngroup by web_site_id)\n  select  channel\n        , id\n        , sum(sales) as sales\n        , sum(returns) as returns\n        , sum(profit) as profit\n from \n (select 'store channel' as channel\n        , 'store' || store_id as id\n        , sales\n        , returns\n        , profit\n from   ssr\n union all\n select 'catalog channel' as channel\n        , 'catalog_page' || catalog_page_id as id\n        , sales\n        , returns\n        , profit\n from  csr\n union all\n select 'web channel' as channel\n        , 'web_site' || web_site_id as id\n        , sales\n        , returns\n        , profit\n from   wsr\n ) x\n group by rollup (channel, id)\n order by channel\n         ,id\n limit 100;\n\n-- end query 61 in stream 4 using template query80.tpl\n",
    "indexes": "catalog_returns.cr_net_loss",
    "wo plan est": {
      "Node Type": "Limit",
      "Parallel Aware": false,
      "Async Capable": false,
      "Startup Cost": 1566793.64,
      "Total Cost": 1566796.93,
      "Plan Rows": 100,
      "Plan Width": 160,
      "Plans": [
        {
          "Node Type": "Aggregate",
          "Strategy": "Sorted",
          "Partial Mode": "Simple",
          "Parent Relationship": "Outer",
          "Parallel Aware": false,
          "Async Capable": false,
          "Startup Cost": 1566793.64,
          "Total Cost": 1566806.84,
          "Plan Rows": 401,
          "Plan Width": 160,
          "Grouping Sets": [
            {
              "Group Keys": [
                [
                  "('store channel'::text)",
                  "(('store'::text || (ssr.store_id)::text))"
                ],
                [
                  "('store channel'::text)"
                ],
                []
              ]
            }
          ],
          "Plans": [
            {
              "Node Type": "Sort",
              "Parent Relationship": "Outer",
              "Parallel Aware": false,
              "Async Capable": false,
              "Startup Cost": 1566793.64,
              "Total Cost": 1566794.67,
              "Plan Rows": 412,
              "Plan Width": 160,
              "Sort Key": [
                "('store channel'::text)",
                "(('store'::text || (ssr.store_id)::text))"
              ],
              "Plans": [
                {
                  "Node Type": "Append",
                  "Parent Relationship": "Outer",
                  "Parallel Aware": false,
                  "Async Capable": false,
                  "Startup Cost": 784596.3,
                  "Total Cost": 1566775.74,
                  "Plan Rows": 412,
                  "Plan Width": 160,
                  "Subplans Removed": 0,
                  "Plans": [
                    {
                      "Node Type": "Subquery Scan",
                      "Parent Relationship": "Member",
                      "Parallel Aware": false,
                      "Async Capable": false,
                      "Alias": "ssr",
                      "Startup Cost": 784596.3,
                      "Total Cost": 784616.16,
                      "Plan Rows": 51,
                      "Plan Width": 160,
                      "Plans": [
                        {
                          "Node Type": "Aggregate",
                          "Strategy": "Sorted",
                          "Partial Mode": "Finalize",
                          "Parent Relationship": "Subquery",
                          "Parallel Aware": false,
                          "Async Capable": false,
                          "Startup Cost": 784596.3,
                          "Total Cost": 784615.39,
                          "Plan Rows": 51,
                          "Plan Width": 113,
                          "Group Key": [
                            "store.s_store_id"
                          ],
                          "Plans": [
                            {
                              "Node Type": "Gather Merge",
                              "Parent Relationship": "Outer",
                              "Parallel Aware": false,
                              "Async Capable": false,
                              "Startup Cost": 784596.3,
                              "Total Cost": 784612.71,
                              "Plan Rows": 102,
                              "Plan Width": 113,
                              "Workers Planned": 2,
                              "Plans": [
                                {
                                  "Node Type": "Aggregate",
                                  "Strategy": "Sorted",
                                  "Partial Mode": "Partial",
                                  "Parent Relationship": "Outer",
                                  "Parallel Aware": false,
                                  "Async Capable": false,
                                  "Startup Cost": 783596.27,
                                  "Total Cost": 783600.92,
                                  "Plan Rows": 51,
                                  "Plan Width": 113,
                                  "Group Key": [
                                    "store.s_store_id"
                                  ],
                                  "Plans": [
                                    {
                                      "Node Type": "Sort",
                                      "Parent Relationship": "Outer",
                                      "Parallel Aware": false,
                                      "Async Capable": false,
                                      "Startup Cost": 783596.27,
                                      "Total Cost": 783596.9,
                                      "Plan Rows": 250,
                                      "Plan Width": 41,
                                      "Sort Key": [
                                        "store.s_store_id"
                                      ],
                                      "Plans": [
                                        {
                                          "Node Type": "Hash Join",
                                          "Parent Relationship": "Outer",
                                          "Parallel Aware": false,
                                          "Async Capable": false,
                                          "Join Type": "Inner",
                                          "Startup Cost": 94489.35,
                                          "Total Cost": 783586.32,
                                          "Plan Rows": 250,
                                          "Plan Width": 41,
                                          "Inner Unique": false,
                                          "Hash Cond": "(store_sales.ss_store_sk = store.s_store_sk)",
                                          "Plans": [
                                            {
                                              "Node Type": "Hash Join",
                                              "Parent Relationship": "Outer",
                                              "Parallel Aware": false,
                                              "Async Capable": false,
                                              "Join Type": "Inner",
                                              "Startup Cost": 94482.05,
                                              "Total Cost": 783575.54,
                                              "Plan Rows": 262,
                                              "Plan Width": 28,
                                              "Inner Unique": false,
                                              "Hash Cond": "(store_sales.ss_promo_sk = promotion.p_promo_sk)",
                                              "Plans": [
                                                {
                                                  "Node Type": "Hash Join",
                                                  "Parent Relationship": "Outer",
                                                  "Parallel Aware": true,
                                                  "Async Capable": false,
                                                  "Join Type": "Inner",
                                                  "Startup Cost": 94456.65,
                                                  "Total Cost": 783546.47,
                                                  "Plan Rows": 279,
                                                  "Plan Width": 32,
                                                  "Inner Unique": false,
                                                  "Hash Cond": "(store_sales.ss_item_sk = item.i_item_sk)",
                                                  "Plans": [
                                                    {
                                                      "Node Type": "Hash Join",
                                                      "Parent Relationship": "Outer",
                                                      "Parallel Aware": true,
                                                      "Async Capable": false,
                                                      "Join Type": "Left",
                                                      "Startup Cost": 86930.88,
                                                      "Total Cost": 776001.31,
                                                      "Plan Rows": 4860,
                                                      "Plan Width": 36,
                                                      "Inner Unique": false,
                                                      "Hash Cond": "((store_sales.ss_item_sk = store_returns.sr_item_sk) AND (store_sales.ss_ticket_number = store_returns.sr_ticket_number))",
                                                      "Plans": [
                                                        {
                                                          "Node Type": "Hash Join",
                                                          "Parent Relationship": "Outer",
                                                          "Parallel Aware": true,
                                                          "Async Capable": false,
                                                          "Join Type": "Inner",
                                                          "Startup Cost": 2049.78,
                                                          "Total Cost": 683994.75,
                                                          "Plan Rows": 4860,
                                                          "Plan Width": 28,
                                                          "Inner Unique": false,
                                                          "Hash Cond": "(store_sales.ss_sold_date_sk = date_dim.d_date_sk)",
                                                          "Plans": [
                                                            {
                                                              "Node Type": "Seq Scan",
                                                              "Parent Relationship": "Outer",
                                                              "Parallel Aware": true,
                                                              "Async Capable": false,
                                                              "Relation Name": "store_sales",
                                                              "Alias": "store_sales",
                                                              "Startup Cost": 0.0,
                                                              "Total Cost": 636914.37,
                                                              "Plan Rows": 12000637,
                                                              "Plan Width": 32,
                                                              "parent": 13,
                                                              "ID": 14
                                                            },
                                                            {
                                                              "Node Type": "Hash",
                                                              "Parent Relationship": "Inner",
                                                              "Parallel Aware": true,
                                                              "Async Capable": false,
                                                              "Startup Cost": 2049.55,
                                                              "Total Cost": 2049.55,
                                                              "Plan Rows": 18,
                                                              "Plan Width": 4,
                                                              "Plans": [
                                                                {
                                                                  "Node Type": "Seq Scan",
                                                                  "Parent Relationship": "Outer",
                                                                  "Parallel Aware": true,
                                                                  "Async Capable": false,
                                                                  "Relation Name": "date_dim",
                                                                  "Alias": "date_dim",
                                                                  "Startup Cost": 0.0,
                                                                  "Total Cost": 2049.55,
                                                                  "Plan Rows": 18,
                                                                  "Plan Width": 4,
                                                                  "Filter": "((d_date >= '2000-08-02'::date) AND (d_date <= '2000-09-01 00:00:00'::timestamp without time zone))",
                                                                  "parent": 15,
                                                                  "ID": 16
                                                                }
                                                              ],
                                                              "parent": 13,
                                                              "ID": 15,
                                                              "left": 16
                                                            }
                                                          ],
                                                          "parent": 12,
                                                          "ID": 13,
                                                          "left": 14,
                                                          "right": 15
                                                        },
                                                        {
                                                          "Node Type": "Hash",
                                                          "Parent Relationship": "Inner",
                                                          "Parallel Aware": true,
                                                          "Async Capable": false,
                                                          "Startup Cost": 59887.64,
                                                          "Total Cost": 59887.64,
                                                          "Plan Rows": 1198164,
                                                          "Plan Width": 20,
                                                          "Plans": [
                                                            {
                                                              "Node Type": "Seq Scan",
                                                              "Parent Relationship": "Outer",
                                                              "Parallel Aware": true,
                                                              "Async Capable": false,
                                                              "Relation Name": "store_returns",
                                                              "Alias": "store_returns",
                                                              "Startup Cost": 0.0,
                                                              "Total Cost": 59887.64,
                                                              "Plan Rows": 1198164,
                                                              "Plan Width": 20,
                                                              "parent": 17,
                                                              "ID": 18
                                                            }
                                                          ],
                                                          "parent": 12,
                                                          "ID": 17,
                                                          "left": 18
                                                        }
                                                      ],
                                                      "parent": 11,
                                                      "ID": 12,
                                                      "left": 13,
                                                      "right": 17
                                                    },
                                                    {
                                                      "Node Type": "Hash",
                                                      "Parent Relationship": "Inner",
                                                      "Parallel Aware": true,
                                                      "Async Capable": false,
                                                      "Startup Cost": 7495.25,
                                                      "Total Cost": 7495.25,
                                                      "Plan Rows": 2442,
                                                      "Plan Width": 4,
                                                      "Plans": [
                                                        {
                                                          "Node Type": "Seq Scan",
                                                          "Parent Relationship": "Outer",
                                                          "Parallel Aware": true,
                                                          "Async Capable": false,
                                                          "Relation Name": "item",
                                                          "Alias": "item",
                                                          "Startup Cost": 0.0,
                                                          "Total Cost": 7495.25,
                                                          "Plan Rows": 2442,
                                                          "Plan Width": 4,
                                                          "Filter": "(i_current_price > '50'::numeric)",
                                                          "parent": 19,
                                                          "ID": 20
                                                        }
                                                      ],
                                                      "parent": 11,
                                                      "ID": 19,
                                                      "left": 20
                                                    }
                                                  ],
                                                  "parent": 10,
                                                  "ID": 11,
                                                  "left": 12,
                                                  "right": 19
                                                },
                                                {
                                                  "Node Type": "Hash",
                                                  "Parent Relationship": "Inner",
                                                  "Parallel Aware": false,
                                                  "Async Capable": false,
                                                  "Startup Cost": 19.25,
                                                  "Total Cost": 19.25,
                                                  "Plan Rows": 492,
                                                  "Plan Width": 4,
                                                  "Plans": [
                                                    {
                                                      "Node Type": "Seq Scan",
                                                      "Parent Relationship": "Outer",
                                                      "Parallel Aware": false,
                                                      "Async Capable": false,
                                                      "Relation Name": "promotion",
                                                      "Alias": "promotion",
                                                      "Startup Cost": 0.0,
                                                      "Total Cost": 19.25,
                                                      "Plan Rows": 492,
                                                      "Plan Width": 4,
                                                      "Filter": "(p_channel_tv = 'N'::bpchar)",
                                                      "parent": 21,
                                                      "ID": 22
                                                    }
                                                  ],
                                                  "parent": 10,
                                                  "ID": 21,
                                                  "left": 22
                                                }
                                              ],
                                              "parent": 9,
                                              "ID": 10,
                                              "left": 11,
                                              "right": 21
                                            },
                                            {
                                              "Node Type": "Hash",
                                              "Parent Relationship": "Inner",
                                              "Parallel Aware": false,
                                              "Async Capable": false,
                                              "Startup Cost": 6.02,
                                              "Total Cost": 6.02,
                                              "Plan Rows": 102,
                                              "Plan Width": 21,
                                              "Plans": [
                                                {
                                                  "Node Type": "Seq Scan",
                                                  "Parent Relationship": "Outer",
                                                  "Parallel Aware": false,
                                                  "Async Capable": false,
                                                  "Relation Name": "store",
                                                  "Alias": "store",
                                                  "Startup Cost": 0.0,
                                                  "Total Cost": 6.02,
                                                  "Plan Rows": 102,
                                                  "Plan Width": 21,
                                                  "parent": 23,
                                                  "ID": 24
                                                }
                                              ],
                                              "parent": 9,
                                              "ID": 23,
                                              "left": 24
                                            }
                                          ],
                                          "parent": 8,
                                          "ID": 9,
                                          "left": 10,
                                          "right": 23
                                        }
                                      ],
                                      "parent": 7,
                                      "ID": 8,
                                      "left": 9
                                    }
                                  ],
                                  "parent": 6,
                                  "ID": 7,
                                  "left": 8
                                }
                              ],
                              "parent": 5,
                              "ID": 6,
                              "left": 7
                            }
                          ],
                          "parent": 4,
                          "ID": 5,
                          "left": 6
                        }
                      ],
                      "parent": 3,
                      "ID": 4,
                      "left": 5
                    },
                    {
                      "Node Type": "Subquery Scan",
                      "Parent Relationship": "Member",
                      "Parallel Aware": false,
                      "Async Capable": false,
                      "Alias": "csr",
                      "Startup Cost": 518177.36,
                      "Total Cost": 518230.78,
                      "Plan Rows": 340,
                      "Plan Width": 160,
                      "Plans": [
                        {
                          "Node Type": "Aggregate",
                          "Strategy": "Sorted",
                          "Partial Mode": "Finalize",
                          "Parent Relationship": "Subquery",
                          "Parallel Aware": false,
                          "Async Capable": false,
                          "Startup Cost": 518177.36,
                          "Total Cost": 518225.68,
                          "Plan Rows": 340,
                          "Plan Width": 113,
                          "Group Key": [
                            "catalog_page.cp_catalog_page_id"
                          ],
                          "Plans": [
                            {
                              "Node Type": "Gather Merge",
                              "Parent Relationship": "Outer",
                              "Parallel Aware": false,
                              "Async Capable": false,
                              "Startup Cost": 518177.36,
                              "Total Cost": 518214.76,
                              "Plan Rows": 284,
                              "Plan Width": 113,
                              "Workers Planned": 2,
                              "Plans": [
                                {
                                  "Node Type": "Aggregate",
                                  "Strategy": "Sorted",
                                  "Partial Mode": "Partial",
                                  "Parent Relationship": "Outer",
                                  "Parallel Aware": false,
                                  "Async Capable": false,
                                  "Startup Cost": 517177.34,
                                  "Total Cost": 517181.95,
                                  "Plan Rows": 142,
                                  "Plan Width": 113,
                                  "Group Key": [
                                    "catalog_page.cp_catalog_page_id"
                                  ],
                                  "Plans": [
                                    {
                                      "Node Type": "Sort",
                                      "Parent Relationship": "Outer",
                                      "Parallel Aware": false,
                                      "Async Capable": false,
                                      "Startup Cost": 517177.34,
                                      "Total Cost": 517177.69,
                                      "Plan Rows": 142,
                                      "Plan Width": 41,
                                      "Sort Key": [
                                        "catalog_page.cp_catalog_page_id"
                                      ],
                                      "Plans": [
                                        {
                                          "Node Type": "Hash Join",
                                          "Parent Relationship": "Outer",
                                          "Parallel Aware": false,
                                          "Async Capable": false,
                                          "Join Type": "Inner",
                                          "Startup Cost": 57382.33,
                                          "Total Cost": 517172.26,
                                          "Plan Rows": 142,
                                          "Plan Width": 41,
                                          "Inner Unique": false,
                                          "Hash Cond": "(catalog_sales.cs_catalog_page_sk = catalog_page.cp_catalog_page_sk)",
                                          "Plans": [
                                            {
                                              "Node Type": "Hash Join",
                                              "Parent Relationship": "Outer",
                                              "Parallel Aware": false,
                                              "Async Capable": false,
                                              "Join Type": "Inner",
                                              "Startup Cost": 56864.33,
                                              "Total Cost": 516652.32,
                                              "Plan Rows": 142,
                                              "Plan Width": 28,
                                              "Inner Unique": false,
                                              "Hash Cond": "(catalog_sales.cs_promo_sk = promotion_1.p_promo_sk)",
                                              "Plans": [
                                                {
                                                  "Node Type": "Hash Join",
                                                  "Parent Relationship": "Outer",
                                                  "Parallel Aware": true,
                                                  "Async Capable": false,
                                                  "Join Type": "Inner",
                                                  "Startup Cost": 56838.93,
                                                  "Total Cost": 516624.96,
                                                  "Plan Rows": 145,
                                                  "Plan Width": 32,
                                                  "Inner Unique": false,
                                                  "Hash Cond": "(catalog_sales.cs_item_sk = item_1.i_item_sk)",
                                                  "Plans": [
                                                    {
                                                      "Node Type": "Hash Join",
                                                      "Parent Relationship": "Outer",
                                                      "Parallel Aware": true,
                                                      "Async Capable": false,
                                                      "Join Type": "Left",
                                                      "Startup Cost": 49313.15,
                                                      "Total Cost": 509089.08,
                                                      "Plan Rows": 2532,
                                                      "Plan Width": 36,
                                                      "Inner Unique": false,
                                                      "Hash Cond": "((catalog_sales.cs_item_sk = catalog_returns.cr_item_sk) AND (catalog_sales.cs_order_number = catalog_returns.cr_order_number))",
                                                      "Plans": [
                                                        {
                                                          "Node Type": "Hash Join",
                                                          "Parent Relationship": "Outer",
                                                          "Parallel Aware": true,
                                                          "Async Capable": false,
                                                          "Join Type": "Inner",
                                                          "Startup Cost": 2049.78,
                                                          "Total Cost": 458254.7,
                                                          "Plan Rows": 2532,
                                                          "Plan Width": 28,
                                                          "Inner Unique": false,
                                                          "Hash Cond": "(catalog_sales.cs_sold_date_sk = date_dim_1.d_date_sk)",
                                                          "Plans": [
                                                            {
                                                              "Node Type": "Seq Scan",
                                                              "Parent Relationship": "Outer",
                                                              "Parallel Aware": true,
                                                              "Async Capable": false,
                                                              "Relation Name": "catalog_sales",
                                                              "Alias": "catalog_sales",
                                                              "Startup Cost": 0.0,
                                                              "Total Cost": 433688.25,
                                                              "Plan Rows": 6000525,
                                                              "Plan Width": 32,
                                                              "parent": 34,
                                                              "ID": 35
                                                            },
                                                            {
                                                              "Node Type": "Hash",
                                                              "Parent Relationship": "Inner",
                                                              "Parallel Aware": true,
                                                              "Async Capable": false,
                                                              "Startup Cost": 2049.55,
                                                              "Total Cost": 2049.55,
                                                              "Plan Rows": 18,
                                                              "Plan Width": 4,
                                                              "Plans": [
                                                                {
                                                                  "Node Type": "Seq Scan",
                                                                  "Parent Relationship": "Outer",
                                                                  "Parallel Aware": true,
                                                                  "Async Capable": false,
                                                                  "Relation Name": "date_dim",
                                                                  "Alias": "date_dim_1",
                                                                  "Startup Cost": 0.0,
                                                                  "Total Cost": 2049.55,
                                                                  "Plan Rows": 18,
                                                                  "Plan Width": 4,
                                                                  "Filter": "((d_date >= '2000-08-02'::date) AND (d_date <= '2000-09-01 00:00:00'::timestamp without time zone))",
                                                                  "parent": 36,
                                                                  "ID": 37
                                                                }
                                                              ],
                                                              "parent": 34,
                                                              "ID": 36,
                                                              "left": 37
                                                            }
                                                          ],
                                                          "parent": 33,
                                                          "ID": 34,
                                                          "left": 35,
                                                          "right": 36
                                                        },
                                                        {
                                                          "Node Type": "Hash",
                                                          "Parent Relationship": "Inner",
                                                          "Parallel Aware": true,
                                                          "Async Capable": false,
                                                          "Startup Cost": 34748.95,
                                                          "Total Cost": 34748.95,
                                                          "Plan Rows": 599895,
                                                          "Plan Width": 20,
                                                          "Plans": [
                                                            {
                                                              "Node Type": "Seq Scan",
                                                              "Parent Relationship": "Outer",
                                                              "Parallel Aware": true,
                                                              "Async Capable": false,
                                                              "Relation Name": "catalog_returns",
                                                              "Alias": "catalog_returns",
                                                              "Startup Cost": 0.0,
                                                              "Total Cost": 34748.95,
                                                              "Plan Rows": 599895,
                                                              "Plan Width": 20,
                                                              "parent": 38,
                                                              "ID": 39
                                                            }
                                                          ],
                                                          "parent": 33,
                                                          "ID": 38,
                                                          "left": 39
                                                        }
                                                      ],
                                                      "parent": 32,
                                                      "ID": 33,
                                                      "left": 34,
                                                      "right": 38
                                                    },
                                                    {
                                                      "Node Type": "Hash",
                                                      "Parent Relationship": "Inner",
                                                      "Parallel Aware": true,
                                                      "Async Capable": false,
                                                      "Startup Cost": 7495.25,
                                                      "Total Cost": 7495.25,
                                                      "Plan Rows": 2442,
                                                      "Plan Width": 4,
                                                      "Plans": [
                                                        {
                                                          "Node Type": "Seq Scan",
                                                          "Parent Relationship": "Outer",
                                                          "Parallel Aware": true,
                                                          "Async Capable": false,
                                                          "Relation Name": "item",
                                                          "Alias": "item_1",
                                                          "Startup Cost": 0.0,
                                                          "Total Cost": 7495.25,
                                                          "Plan Rows": 2442,
                                                          "Plan Width": 4,
                                                          "Filter": "(i_current_price > '50'::numeric)",
                                                          "parent": 40,
                                                          "ID": 41
                                                        }
                                                      ],
                                                      "parent": 32,
                                                      "ID": 40,
                                                      "left": 41
                                                    }
                                                  ],
                                                  "parent": 31,
                                                  "ID": 32,
                                                  "left": 33,
                                                  "right": 40
                                                },
                                                {
                                                  "Node Type": "Hash",
                                                  "Parent Relationship": "Inner",
                                                  "Parallel Aware": false,
                                                  "Async Capable": false,
                                                  "Startup Cost": 19.25,
                                                  "Total Cost": 19.25,
                                                  "Plan Rows": 492,
                                                  "Plan Width": 4,
                                                  "Plans": [
                                                    {
                                                      "Node Type": "Seq Scan",
                                                      "Parent Relationship": "Outer",
                                                      "Parallel Aware": false,
                                                      "Async Capable": false,
                                                      "Relation Name": "promotion",
                                                      "Alias": "promotion_1",
                                                      "Startup Cost": 0.0,
                                                      "Total Cost": 19.25,
                                                      "Plan Rows": 492,
                                                      "Plan Width": 4,
                                                      "Filter": "(p_channel_tv = 'N'::bpchar)",
                                                      "parent": 42,
                                                      "ID": 43
                                                    }
                                                  ],
                                                  "parent": 31,
                                                  "ID": 42,
                                                  "left": 43
                                                }
                                              ],
                                              "parent": 30,
                                              "ID": 31,
                                              "left": 32,
                                              "right": 42
                                            },
                                            {
                                              "Node Type": "Hash",
                                              "Parent Relationship": "Inner",
                                              "Parallel Aware": false,
                                              "Async Capable": false,
                                              "Startup Cost": 368.0,
                                              "Total Cost": 368.0,
                                              "Plan Rows": 12000,
                                              "Plan Width": 21,
                                              "Plans": [
                                                {
                                                  "Node Type": "Seq Scan",
                                                  "Parent Relationship": "Outer",
                                                  "Parallel Aware": false,
                                                  "Async Capable": false,
                                                  "Relation Name": "catalog_page",
                                                  "Alias": "catalog_page",
                                                  "Startup Cost": 0.0,
                                                  "Total Cost": 368.0,
                                                  "Plan Rows": 12000,
                                                  "Plan Width": 21,
                                                  "parent": 44,
                                                  "ID": 45
                                                }
                                              ],
                                              "parent": 30,
                                              "ID": 44,
                                              "left": 45
                                            }
                                          ],
                                          "parent": 29,
                                          "ID": 30,
                                          "left": 31,
                                          "right": 44
                                        }
                                      ],
                                      "parent": 28,
                                      "ID": 29,
                                      "left": 30
                                    }
                                  ],
                                  "parent": 27,
                                  "ID": 28,
                                  "left": 29
                                }
                              ],
                              "parent": 26,
                              "ID": 27,
                              "left": 28
                            }
                          ],
                          "parent": 25,
                          "ID": 26,
                          "left": 27
                        }
                      ],
                      "parent": 3,
                      "ID": 25,
                      "left": 26
                    },
                    {
                      "Node Type": "Subquery Scan",
                      "Parent Relationship": "Member",
                      "Parallel Aware": false,
                      "Async Capable": false,
                      "Alias": "wsr",
                      "Startup Cost": 263919.04,
                      "Total Cost": 263926.75,
                      "Plan Rows": 21,
                      "Plan Width": 160,
                      "Plans": [
                        {
                          "Node Type": "Aggregate",
                          "Strategy": "Sorted",
                          "Partial Mode": "Finalize",
                          "Parent Relationship": "Subquery",
                          "Parallel Aware": false,
                          "Async Capable": false,
                          "Startup Cost": 263919.04,
                          "Total Cost": 263926.43,
                          "Plan Rows": 21,
                          "Plan Width": 113,
                          "Group Key": [
                            "web_site.web_site_id"
                          ],
                          "Plans": [
                            {
                              "Node Type": "Gather Merge",
                              "Parent Relationship": "Outer",
                              "Parallel Aware": false,
                              "Async Capable": false,
                              "Startup Cost": 263919.04,
                              "Total Cost": 263925.33,
                              "Plan Rows": 42,
                              "Plan Width": 113,
                              "Workers Planned": 2,
                              "Plans": [
                                {
                                  "Node Type": "Aggregate",
                                  "Strategy": "Sorted",
                                  "Partial Mode": "Partial",
                                  "Parent Relationship": "Outer",
                                  "Parallel Aware": false,
                                  "Async Capable": false,
                                  "Startup Cost": 262919.01,
                                  "Total Cost": 262920.46,
                                  "Plan Rows": 21,
                                  "Plan Width": 113,
                                  "Group Key": [
                                    "web_site.web_site_id"
                                  ],
                                  "Plans": [
                                    {
                                      "Node Type": "Sort",
                                      "Parent Relationship": "Outer",
                                      "Parallel Aware": false,
                                      "Async Capable": false,
                                      "Startup Cost": 262919.01,
                                      "Total Cost": 262919.19,
                                      "Plan Rows": 72,
                                      "Plan Width": 41,
                                      "Sort Key": [
                                        "web_site.web_site_id"
                                      ],
                                      "Plans": [
                                        {
                                          "Node Type": "Hash Join",
                                          "Parent Relationship": "Outer",
                                          "Parallel Aware": false,
                                          "Async Capable": false,
                                          "Join Type": "Inner",
                                          "Startup Cost": 32134.74,
                                          "Total Cost": 262916.79,
                                          "Plan Rows": 72,
                                          "Plan Width": 41,
                                          "Inner Unique": false,
                                          "Hash Cond": "(web_sales.ws_web_site_sk = web_site.web_site_sk)",
                                          "Plans": [
                                            {
                                              "Node Type": "Hash Join",
                                              "Parent Relationship": "Outer",
                                              "Parallel Aware": false,
                                              "Async Capable": false,
                                              "Join Type": "Inner",
                                              "Startup Cost": 32130.8,
                                              "Total Cost": 262911.86,
                                              "Plan Rows": 72,
                                              "Plan Width": 28,
                                              "Inner Unique": false,
                                              "Hash Cond": "(web_sales.ws_promo_sk = promotion_2.p_promo_sk)",
                                              "Plans": [
                                                {
                                                  "Node Type": "Hash Join",
                                                  "Parent Relationship": "Outer",
                                                  "Parallel Aware": true,
                                                  "Async Capable": false,
                                                  "Join Type": "Inner",
                                                  "Startup Cost": 32105.4,
                                                  "Total Cost": 262885.46,
                                                  "Plan Rows": 73,
                                                  "Plan Width": 32,
                                                  "Inner Unique": false,
                                                  "Hash Cond": "(web_sales.ws_item_sk = item_2.i_item_sk)",
                                                  "Plans": [
                                                    {
                                                      "Node Type": "Hash Join",
                                                      "Parent Relationship": "Outer",
                                                      "Parallel Aware": true,
                                                      "Async Capable": false,
                                                      "Join Type": "Left",
                                                      "Startup Cost": 24579.62,
                                                      "Total Cost": 255354.62,
                                                      "Plan Rows": 1272,
                                                      "Plan Width": 36,
                                                      "Inner Unique": false,
                                                      "Hash Cond": "((web_sales.ws_item_sk = web_returns.wr_item_sk) AND (web_sales.ws_order_number = web_returns.wr_order_number))",
                                                      "Plans": [
                                                        {
                                                          "Node Type": "Hash Join",
                                                          "Parent Relationship": "Outer",
                                                          "Parallel Aware": true,
                                                          "Async Capable": false,
                                                          "Join Type": "Inner",
                                                          "Startup Cost": 2049.78,
                                                          "Total Cost": 231041.22,
                                                          "Plan Rows": 1272,
                                                          "Plan Width": 28,
                                                          "Inner Unique": false,
                                                          "Hash Cond": "(web_sales.ws_sold_date_sk = date_dim_2.d_date_sk)",
                                                          "Plans": [
                                                            {
                                                              "Node Type": "Seq Scan",
                                                              "Parent Relationship": "Outer",
                                                              "Parallel Aware": true,
                                                              "Async Capable": false,
                                                              "Relation Name": "web_sales",
                                                              "Alias": "web_sales",
                                                              "Startup Cost": 0.0,
                                                              "Total Cost": 217737.86,
                                                              "Plan Rows": 2998986,
                                                              "Plan Width": 32,
                                                              "parent": 55,
                                                              "ID": 56
                                                            },
                                                            {
                                                              "Node Type": "Hash",
                                                              "Parent Relationship": "Inner",
                                                              "Parallel Aware": true,
                                                              "Async Capable": false,
                                                              "Startup Cost": 2049.55,
                                                              "Total Cost": 2049.55,
                                                              "Plan Rows": 18,
                                                              "Plan Width": 4,
                                                              "Plans": [
                                                                {
                                                                  "Node Type": "Seq Scan",
                                                                  "Parent Relationship": "Outer",
                                                                  "Parallel Aware": true,
                                                                  "Async Capable": false,
                                                                  "Relation Name": "date_dim",
                                                                  "Alias": "date_dim_2",
                                                                  "Startup Cost": 0.0,
                                                                  "Total Cost": 2049.55,
                                                                  "Plan Rows": 18,
                                                                  "Plan Width": 4,
                                                                  "Filter": "((d_date >= '2000-08-02'::date) AND (d_date <= '2000-09-01 00:00:00'::timestamp without time zone))",
                                                                  "parent": 57,
                                                                  "ID": 58
                                                                }
                                                              ],
                                                              "parent": 55,
                                                              "ID": 57,
                                                              "left": 58
                                                            }
                                                          ],
                                                          "parent": 54,
                                                          "ID": 55,
                                                          "left": 56,
                                                          "right": 57
                                                        },
                                                        {
                                                          "Node Type": "Hash",
                                                          "Parent Relationship": "Inner",
                                                          "Parallel Aware": true,
                                                          "Async Capable": false,
                                                          "Startup Cost": 16278.74,
                                                          "Total Cost": 16278.74,
                                                          "Plan Rows": 299674,
                                                          "Plan Width": 20,
                                                          "Plans": [
                                                            {
                                                              "Node Type": "Seq Scan",
                                                              "Parent Relationship": "Outer",
                                                              "Parallel Aware": true,
                                                              "Async Capable": false,
                                                              "Relation Name": "web_returns",
                                                              "Alias": "web_returns",
                                                              "Startup Cost": 0.0,
                                                              "Total Cost": 16278.74,
                                                              "Plan Rows": 299674,
                                                              "Plan Width": 20,
                                                              "parent": 59,
                                                              "ID": 60
                                                            }
                                                          ],
                                                          "parent": 54,
                                                          "ID": 59,
                                                          "left": 60
                                                        }
                                                      ],
                                                      "parent": 53,
                                                      "ID": 54,
                                                      "left": 55,
                                                      "right": 59
                                                    },
                                                    {
                                                      "Node Type": "Hash",
                                                      "Parent Relationship": "Inner",
                                                      "Parallel Aware": true,
                                                      "Async Capable": false,
                                                      "Startup Cost": 7495.25,
                                                      "Total Cost": 7495.25,
                                                      "Plan Rows": 2442,
                                                      "Plan Width": 4,
                                                      "Plans": [
                                                        {
                                                          "Node Type": "Seq Scan",
                                                          "Parent Relationship": "Outer",
                                                          "Parallel Aware": true,
                                                          "Async Capable": false,
                                                          "Relation Name": "item",
                                                          "Alias": "item_2",
                                                          "Startup Cost": 0.0,
                                                          "Total Cost": 7495.25,
                                                          "Plan Rows": 2442,
                                                          "Plan Width": 4,
                                                          "Filter": "(i_current_price > '50'::numeric)",
                                                          "parent": 61,
                                                          "ID": 62
                                                        }
                                                      ],
                                                      "parent": 53,
                                                      "ID": 61,
                                                      "left": 62
                                                    }
                                                  ],
                                                  "parent": 52,
                                                  "ID": 53,
                                                  "left": 54,
                                                  "right": 61
                                                },
                                                {
                                                  "Node Type": "Hash",
                                                  "Parent Relationship": "Inner",
                                                  "Parallel Aware": false,
                                                  "Async Capable": false,
                                                  "Startup Cost": 19.25,
                                                  "Total Cost": 19.25,
                                                  "Plan Rows": 492,
                                                  "Plan Width": 4,
                                                  "Plans": [
                                                    {
                                                      "Node Type": "Seq Scan",
                                                      "Parent Relationship": "Outer",
                                                      "Parallel Aware": false,
                                                      "Async Capable": false,
                                                      "Relation Name": "promotion",
                                                      "Alias": "promotion_2",
                                                      "Startup Cost": 0.0,
                                                      "Total Cost": 19.25,
                                                      "Plan Rows": 492,
                                                      "Plan Width": 4,
                                                      "Filter": "(p_channel_tv = 'N'::bpchar)",
                                                      "parent": 63,
                                                      "ID": 64
                                                    }
                                                  ],
                                                  "parent": 52,
                                                  "ID": 63,
                                                  "left": 64
                                                }
                                              ],
                                              "parent": 51,
                                              "ID": 52,
                                              "left": 53,
                                              "right": 63
                                            },
                                            {
                                              "Node Type": "Hash",
                                              "Parent Relationship": "Inner",
                                              "Parallel Aware": false,
                                              "Async Capable": false,
                                              "Startup Cost": 3.42,
                                              "Total Cost": 3.42,
                                              "Plan Rows": 42,
                                              "Plan Width": 21,
                                              "Plans": [
                                                {
                                                  "Node Type": "Seq Scan",
                                                  "Parent Relationship": "Outer",
                                                  "Parallel Aware": false,
                                                  "Async Capable": false,
                                                  "Relation Name": "web_site",
                                                  "Alias": "web_site",
                                                  "Startup Cost": 0.0,
                                                  "Total Cost": 3.42,
                                                  "Plan Rows": 42,
                                                  "Plan Width": 21,
                                                  "parent": 65,
                                                  "ID": 66
                                                }
                                              ],
                                              "parent": 51,
                                              "ID": 65,
                                              "left": 66
                                            }
                                          ],
                                          "parent": 50,
                                          "ID": 51,
                                          "left": 52,
                                          "right": 65
                                        }
                                      ],
                                      "parent": 49,
                                      "ID": 50,
                                      "left": 51
                                    }
                                  ],
                                  "parent": 48,
                                  "ID": 49,
                                  "left": 50
                                }
                              ],
                              "parent": 47,
                              "ID": 48,
                              "left": 49
                            }
                          ],
                          "parent": 46,
                          "ID": 47,
                          "left": 48
                        }
                      ],
                      "parent": 3,
                      "ID": 46,
                      "left": 47
                    }
                  ],
                  "parent": 2,
                  "ID": 3,
                  "left": 4,
                  "right": 25
                }
              ],
              "parent": 1,
              "ID": 2,
              "left": 3
            }
          ],
          "parent": 0,
          "ID": 1,
          "left": 2
        }
      ],
      "parent": null,
      "ID": 0,
      "left": 1
    },
    "feat": {
      "utility": 0.0,
      "query_shape": [
        [
          "Seq Scan",
          "Hash Join",
          "Sort",
          "Aggregate",
          "Gather Merge",
          "Subquery Scan",
          "Append"
        ],
        [
          "Seq Scan",
          "Hash",
          "Hash Join",
          "Sort",
          "Aggregate",
          "Gather Merge",
          "Subquery Scan",
          "Append"
        ],
        [
          "Seq Scan",
          "Hash",
          "Hash Join",
          "Sort",
          "Aggregate",
          "Gather Merge",
          "Subquery Scan",
          "Append"
        ],
        [
          "Seq Scan",
          "Hash",
          "Hash Join",
          "Sort",
          "Aggregate",
          "Gather Merge",
          "Subquery Scan",
          "Append"
        ],
        [
          "Seq Scan",
          "Hash",
          "Hash Join",
          "Sort",
          "Aggregate",
          "Gather Merge",
          "Subquery Scan",
          "Append"
        ],
        [
          "Seq Scan",
          "Hash",
          "Hash Join",
          "Sort",
          "Aggregate",
          "Gather Merge",
          "Subquery Scan",
          "Append"
        ],
        [
          "Seq Scan",
          "Hash Join",
          "Sort",
          "Aggregate",
          "Gather Merge",
          "Subquery Scan",
          "Append"
        ],
        [
          "Seq Scan",
          "Hash",
          "Hash Join",
          "Sort",
          "Aggregate",
          "Gather Merge",
          "Subquery Scan",
          "Append"
        ],
        [
          "Seq Scan",
          "Hash",
          "Hash Join",
          "Sort",
          "Aggregate",
          "Gather Merge",
          "Subquery Scan",
          "Append"
        ],
        [
          "Seq Scan",
          "Hash",
          "Hash Join",
          "Sort",
          "Aggregate",
          "Gather Merge",
          "Subquery Scan",
          "Append"
        ],
        [
          "Seq Scan",
          "Hash",
          "Hash Join",
          "Sort",
          "Aggregate",
          "Gather Merge",
          "Subquery Scan",
          "Append"
        ],
        [
          "Seq Scan",
          "Hash",
          "Hash Join",
          "Sort",
          "Aggregate",
          "Gather Merge",
          "Subquery Scan",
          "Append"
        ],
        [
          "Seq Scan",
          "Hash Join",
          "Sort",
          "Aggregate",
          "Gather Merge",
          "Subquery Scan",
          "Append"
        ],
        [
          "Seq Scan",
          "Hash",
          "Hash Join",
          "Sort",
          "Aggregate",
          "Gather Merge",
          "Subquery Scan",
          "Append"
        ],
        [
          "Seq Scan",
          "Hash",
          "Hash Join",
          "Sort",
          "Aggregate",
          "Gather Merge",
          "Subquery Scan",
          "Append"
        ],
        [
          "Seq Scan",
          "Hash",
          "Hash Join",
          "Sort",
          "Aggregate",
          "Gather Merge",
          "Subquery Scan",
          "Append"
        ],
        [
          "Seq Scan",
          "Hash",
          "Hash Join",
          "Sort",
          "Aggregate",
          "Gather Merge",
          "Subquery Scan",
          "Append"
        ],
        [
          "Seq Scan",
          "Hash",
          "Hash Join",
          "Sort",
          "Aggregate",
          "Gather Merge",
          "Subquery Scan",
          "Append"
        ]
      ],
      "index_shape": [],
      "physical_operator": {}
    }
  },
  {
    "query": "with ssr as\n (select  s_store_id as store_id,\n          sum(ss_ext_sales_price) as sales,\n          sum(coalesce(sr_return_amt, 0)) as returns,\n          sum(ss_net_profit - coalesce(sr_net_loss, 0)) as profit\n  from store_sales left outer join store_returns on\n         (ss_item_sk = sr_item_sk and ss_ticket_number = sr_ticket_number),\n     date_dim,\n     store,\n     item,\n     promotion\n where ss_sold_date_sk = d_date_sk\n       and d_date between cast('2000-08-02' as date) \n                  and (cast('2000-08-02' as date) +  interval '30 days')\n       and ss_store_sk = s_store_sk\n       and ss_item_sk = i_item_sk\n       and i_current_price > 50\n       and ss_promo_sk = p_promo_sk\n       and p_channel_tv = 'N'\n group by s_store_id)\n ,\n csr as\n (select  cp_catalog_page_id as catalog_page_id,\n          sum(cs_ext_sales_price) as sales,\n          sum(coalesce(cr_return_amount, 0)) as returns,\n          sum(cs_net_profit - coalesce(cr_net_loss, 0)) as profit\n  from catalog_sales left outer join catalog_returns on\n         (cs_item_sk = cr_item_sk and cs_order_number = cr_order_number),\n     date_dim,\n     catalog_page,\n     item,\n     promotion\n where cs_sold_date_sk = d_date_sk\n       and d_date between cast('2000-08-02' as date)\n                  and (cast('2000-08-02' as date) +  interval '30 days')\n        and cs_catalog_page_sk = cp_catalog_page_sk\n       and cs_item_sk = i_item_sk\n       and i_current_price > 50\n       and cs_promo_sk = p_promo_sk\n       and p_channel_tv = 'N'\ngroup by cp_catalog_page_id)\n ,\n wsr as\n (select  web_site_id,\n          sum(ws_ext_sales_price) as sales,\n          sum(coalesce(wr_return_amt, 0)) as returns,\n          sum(ws_net_profit - coalesce(wr_net_loss, 0)) as profit\n  from web_sales left outer join web_returns on\n         (ws_item_sk = wr_item_sk and ws_order_number = wr_order_number),\n     date_dim,\n     web_site,\n     item,\n     promotion\n where ws_sold_date_sk = d_date_sk\n       and d_date between cast('2000-08-02' as date)\n                  and (cast('2000-08-02' as date) +  interval '30 days')\n        and ws_web_site_sk = web_site_sk\n       and ws_item_sk = i_item_sk\n       and i_current_price > 50\n       and ws_promo_sk = p_promo_sk\n       and p_channel_tv = 'N'\ngroup by web_site_id)\n  select  channel\n        , id\n        , sum(sales) as sales\n        , sum(returns) as returns\n        , sum(profit) as profit\n from \n (select 'store channel' as channel\n        , 'store' || store_id as id\n        , sales\n        , returns\n        , profit\n from   ssr\n union all\n select 'catalog channel' as channel\n        , 'catalog_page' || catalog_page_id as id\n        , sales\n        , returns\n        , profit\n from  csr\n union all\n select 'web channel' as channel\n        , 'web_site' || web_site_id as id\n        , sales\n        , returns\n        , profit\n from   wsr\n ) x\n group by rollup (channel, id)\n order by channel\n         ,id\n limit 100;\n\n-- end query 61 in stream 4 using template query80.tpl\n",
    "indexes": "catalog_sales.cs_sold_date_sk",
    "wo plan est": {
      "Node Type": "Limit",
      "Parallel Aware": false,
      "Async Capable": false,
      "Startup Cost": 1566793.64,
      "Total Cost": 1566796.93,
      "Plan Rows": 100,
      "Plan Width": 160,
      "Plans": [
        {
          "Node Type": "Aggregate",
          "Strategy": "Sorted",
          "Partial Mode": "Simple",
          "Parent Relationship": "Outer",
          "Parallel Aware": false,
          "Async Capable": false,
          "Startup Cost": 1566793.64,
          "Total Cost": 1566806.84,
          "Plan Rows": 401,
          "Plan Width": 160,
          "Grouping Sets": [
            {
              "Group Keys": [
                [
                  "('store channel'::text)",
                  "(('store'::text || (ssr.store_id)::text))"
                ],
                [
                  "('store channel'::text)"
                ],
                []
              ]
            }
          ],
          "Plans": [
            {
              "Node Type": "Sort",
              "Parent Relationship": "Outer",
              "Parallel Aware": false,
              "Async Capable": false,
              "Startup Cost": 1566793.64,
              "Total Cost": 1566794.67,
              "Plan Rows": 412,
              "Plan Width": 160,
              "Sort Key": [
                "('store channel'::text)",
                "(('store'::text || (ssr.store_id)::text))"
              ],
              "Plans": [
                {
                  "Node Type": "Append",
                  "Parent Relationship": "Outer",
                  "Parallel Aware": false,
                  "Async Capable": false,
                  "Startup Cost": 784596.3,
                  "Total Cost": 1566775.74,
                  "Plan Rows": 412,
                  "Plan Width": 160,
                  "Subplans Removed": 0,
                  "Plans": [
                    {
                      "Node Type": "Subquery Scan",
                      "Parent Relationship": "Member",
                      "Parallel Aware": false,
                      "Async Capable": false,
                      "Alias": "ssr",
                      "Startup Cost": 784596.3,
                      "Total Cost": 784616.16,
                      "Plan Rows": 51,
                      "Plan Width": 160,
                      "Plans": [
                        {
                          "Node Type": "Aggregate",
                          "Strategy": "Sorted",
                          "Partial Mode": "Finalize",
                          "Parent Relationship": "Subquery",
                          "Parallel Aware": false,
                          "Async Capable": false,
                          "Startup Cost": 784596.3,
                          "Total Cost": 784615.39,
                          "Plan Rows": 51,
                          "Plan Width": 113,
                          "Group Key": [
                            "store.s_store_id"
                          ],
                          "Plans": [
                            {
                              "Node Type": "Gather Merge",
                              "Parent Relationship": "Outer",
                              "Parallel Aware": false,
                              "Async Capable": false,
                              "Startup Cost": 784596.3,
                              "Total Cost": 784612.71,
                              "Plan Rows": 102,
                              "Plan Width": 113,
                              "Workers Planned": 2,
                              "Plans": [
                                {
                                  "Node Type": "Aggregate",
                                  "Strategy": "Sorted",
                                  "Partial Mode": "Partial",
                                  "Parent Relationship": "Outer",
                                  "Parallel Aware": false,
                                  "Async Capable": false,
                                  "Startup Cost": 783596.27,
                                  "Total Cost": 783600.92,
                                  "Plan Rows": 51,
                                  "Plan Width": 113,
                                  "Group Key": [
                                    "store.s_store_id"
                                  ],
                                  "Plans": [
                                    {
                                      "Node Type": "Sort",
                                      "Parent Relationship": "Outer",
                                      "Parallel Aware": false,
                                      "Async Capable": false,
                                      "Startup Cost": 783596.27,
                                      "Total Cost": 783596.9,
                                      "Plan Rows": 250,
                                      "Plan Width": 41,
                                      "Sort Key": [
                                        "store.s_store_id"
                                      ],
                                      "Plans": [
                                        {
                                          "Node Type": "Hash Join",
                                          "Parent Relationship": "Outer",
                                          "Parallel Aware": false,
                                          "Async Capable": false,
                                          "Join Type": "Inner",
                                          "Startup Cost": 94489.35,
                                          "Total Cost": 783586.32,
                                          "Plan Rows": 250,
                                          "Plan Width": 41,
                                          "Inner Unique": false,
                                          "Hash Cond": "(store_sales.ss_store_sk = store.s_store_sk)",
                                          "Plans": [
                                            {
                                              "Node Type": "Hash Join",
                                              "Parent Relationship": "Outer",
                                              "Parallel Aware": false,
                                              "Async Capable": false,
                                              "Join Type": "Inner",
                                              "Startup Cost": 94482.05,
                                              "Total Cost": 783575.54,
                                              "Plan Rows": 262,
                                              "Plan Width": 28,
                                              "Inner Unique": false,
                                              "Hash Cond": "(store_sales.ss_promo_sk = promotion.p_promo_sk)",
                                              "Plans": [
                                                {
                                                  "Node Type": "Hash Join",
                                                  "Parent Relationship": "Outer",
                                                  "Parallel Aware": true,
                                                  "Async Capable": false,
                                                  "Join Type": "Inner",
                                                  "Startup Cost": 94456.65,
                                                  "Total Cost": 783546.47,
                                                  "Plan Rows": 279,
                                                  "Plan Width": 32,
                                                  "Inner Unique": false,
                                                  "Hash Cond": "(store_sales.ss_item_sk = item.i_item_sk)",
                                                  "Plans": [
                                                    {
                                                      "Node Type": "Hash Join",
                                                      "Parent Relationship": "Outer",
                                                      "Parallel Aware": true,
                                                      "Async Capable": false,
                                                      "Join Type": "Left",
                                                      "Startup Cost": 86930.88,
                                                      "Total Cost": 776001.31,
                                                      "Plan Rows": 4860,
                                                      "Plan Width": 36,
                                                      "Inner Unique": false,
                                                      "Hash Cond": "((store_sales.ss_item_sk = store_returns.sr_item_sk) AND (store_sales.ss_ticket_number = store_returns.sr_ticket_number))",
                                                      "Plans": [
                                                        {
                                                          "Node Type": "Hash Join",
                                                          "Parent Relationship": "Outer",
                                                          "Parallel Aware": true,
                                                          "Async Capable": false,
                                                          "Join Type": "Inner",
                                                          "Startup Cost": 2049.78,
                                                          "Total Cost": 683994.75,
                                                          "Plan Rows": 4860,
                                                          "Plan Width": 28,
                                                          "Inner Unique": false,
                                                          "Hash Cond": "(store_sales.ss_sold_date_sk = date_dim.d_date_sk)",
                                                          "Plans": [
                                                            {
                                                              "Node Type": "Seq Scan",
                                                              "Parent Relationship": "Outer",
                                                              "Parallel Aware": true,
                                                              "Async Capable": false,
                                                              "Relation Name": "store_sales",
                                                              "Alias": "store_sales",
                                                              "Startup Cost": 0.0,
                                                              "Total Cost": 636914.37,
                                                              "Plan Rows": 12000637,
                                                              "Plan Width": 32,
                                                              "parent": 13,
                                                              "ID": 14
                                                            },
                                                            {
                                                              "Node Type": "Hash",
                                                              "Parent Relationship": "Inner",
                                                              "Parallel Aware": true,
                                                              "Async Capable": false,
                                                              "Startup Cost": 2049.55,
                                                              "Total Cost": 2049.55,
                                                              "Plan Rows": 18,
                                                              "Plan Width": 4,
                                                              "Plans": [
                                                                {
                                                                  "Node Type": "Seq Scan",
                                                                  "Parent Relationship": "Outer",
                                                                  "Parallel Aware": true,
                                                                  "Async Capable": false,
                                                                  "Relation Name": "date_dim",
                                                                  "Alias": "date_dim",
                                                                  "Startup Cost": 0.0,
                                                                  "Total Cost": 2049.55,
                                                                  "Plan Rows": 18,
                                                                  "Plan Width": 4,
                                                                  "Filter": "((d_date >= '2000-08-02'::date) AND (d_date <= '2000-09-01 00:00:00'::timestamp without time zone))",
                                                                  "parent": 15,
                                                                  "ID": 16
                                                                }
                                                              ],
                                                              "parent": 13,
                                                              "ID": 15,
                                                              "left": 16
                                                            }
                                                          ],
                                                          "parent": 12,
                                                          "ID": 13,
                                                          "left": 14,
                                                          "right": 15
                                                        },
                                                        {
                                                          "Node Type": "Hash",
                                                          "Parent Relationship": "Inner",
                                                          "Parallel Aware": true,
                                                          "Async Capable": false,
                                                          "Startup Cost": 59887.64,
                                                          "Total Cost": 59887.64,
                                                          "Plan Rows": 1198164,
                                                          "Plan Width": 20,
                                                          "Plans": [
                                                            {
                                                              "Node Type": "Seq Scan",
                                                              "Parent Relationship": "Outer",
                                                              "Parallel Aware": true,
                                                              "Async Capable": false,
                                                              "Relation Name": "store_returns",
                                                              "Alias": "store_returns",
                                                              "Startup Cost": 0.0,
                                                              "Total Cost": 59887.64,
                                                              "Plan Rows": 1198164,
                                                              "Plan Width": 20,
                                                              "parent": 17,
                                                              "ID": 18
                                                            }
                                                          ],
                                                          "parent": 12,
                                                          "ID": 17,
                                                          "left": 18
                                                        }
                                                      ],
                                                      "parent": 11,
                                                      "ID": 12,
                                                      "left": 13,
                                                      "right": 17
                                                    },
                                                    {
                                                      "Node Type": "Hash",
                                                      "Parent Relationship": "Inner",
                                                      "Parallel Aware": true,
                                                      "Async Capable": false,
                                                      "Startup Cost": 7495.25,
                                                      "Total Cost": 7495.25,
                                                      "Plan Rows": 2442,
                                                      "Plan Width": 4,
                                                      "Plans": [
                                                        {
                                                          "Node Type": "Seq Scan",
                                                          "Parent Relationship": "Outer",
                                                          "Parallel Aware": true,
                                                          "Async Capable": false,
                                                          "Relation Name": "item",
                                                          "Alias": "item",
                                                          "Startup Cost": 0.0,
                                                          "Total Cost": 7495.25,
                                                          "Plan Rows": 2442,
                                                          "Plan Width": 4,
                                                          "Filter": "(i_current_price > '50'::numeric)",
                                                          "parent": 19,
                                                          "ID": 20
                                                        }
                                                      ],
                                                      "parent": 11,
                                                      "ID": 19,
                                                      "left": 20
                                                    }
                                                  ],
                                                  "parent": 10,
                                                  "ID": 11,
                                                  "left": 12,
                                                  "right": 19
                                                },
                                                {
                                                  "Node Type": "Hash",
                                                  "Parent Relationship": "Inner",
                                                  "Parallel Aware": false,
                                                  "Async Capable": false,
                                                  "Startup Cost": 19.25,
                                                  "Total Cost": 19.25,
                                                  "Plan Rows": 492,
                                                  "Plan Width": 4,
                                                  "Plans": [
                                                    {
                                                      "Node Type": "Seq Scan",
                                                      "Parent Relationship": "Outer",
                                                      "Parallel Aware": false,
                                                      "Async Capable": false,
                                                      "Relation Name": "promotion",
                                                      "Alias": "promotion",
                                                      "Startup Cost": 0.0,
                                                      "Total Cost": 19.25,
                                                      "Plan Rows": 492,
                                                      "Plan Width": 4,
                                                      "Filter": "(p_channel_tv = 'N'::bpchar)",
                                                      "parent": 21,
                                                      "ID": 22
                                                    }
                                                  ],
                                                  "parent": 10,
                                                  "ID": 21,
                                                  "left": 22
                                                }
                                              ],
                                              "parent": 9,
                                              "ID": 10,
                                              "left": 11,
                                              "right": 21
                                            },
                                            {
                                              "Node Type": "Hash",
                                              "Parent Relationship": "Inner",
                                              "Parallel Aware": false,
                                              "Async Capable": false,
                                              "Startup Cost": 6.02,
                                              "Total Cost": 6.02,
                                              "Plan Rows": 102,
                                              "Plan Width": 21,
                                              "Plans": [
                                                {
                                                  "Node Type": "Seq Scan",
                                                  "Parent Relationship": "Outer",
                                                  "Parallel Aware": false,
                                                  "Async Capable": false,
                                                  "Relation Name": "store",
                                                  "Alias": "store",
                                                  "Startup Cost": 0.0,
                                                  "Total Cost": 6.02,
                                                  "Plan Rows": 102,
                                                  "Plan Width": 21,
                                                  "parent": 23,
                                                  "ID": 24
                                                }
                                              ],
                                              "parent": 9,
                                              "ID": 23,
                                              "left": 24
                                            }
                                          ],
                                          "parent": 8,
                                          "ID": 9,
                                          "left": 10,
                                          "right": 23
                                        }
                                      ],
                                      "parent": 7,
                                      "ID": 8,
                                      "left": 9
                                    }
                                  ],
                                  "parent": 6,
                                  "ID": 7,
                                  "left": 8
                                }
                              ],
                              "parent": 5,
                              "ID": 6,
                              "left": 7
                            }
                          ],
                          "parent": 4,
                          "ID": 5,
                          "left": 6
                        }
                      ],
                      "parent": 3,
                      "ID": 4,
                      "left": 5
                    },
                    {
                      "Node Type": "Subquery Scan",
                      "Parent Relationship": "Member",
                      "Parallel Aware": false,
                      "Async Capable": false,
                      "Alias": "csr",
                      "Startup Cost": 518177.36,
                      "Total Cost": 518230.78,
                      "Plan Rows": 340,
                      "Plan Width": 160,
                      "Plans": [
                        {
                          "Node Type": "Aggregate",
                          "Strategy": "Sorted",
                          "Partial Mode": "Finalize",
                          "Parent Relationship": "Subquery",
                          "Parallel Aware": false,
                          "Async Capable": false,
                          "Startup Cost": 518177.36,
                          "Total Cost": 518225.68,
                          "Plan Rows": 340,
                          "Plan Width": 113,
                          "Group Key": [
                            "catalog_page.cp_catalog_page_id"
                          ],
                          "Plans": [
                            {
                              "Node Type": "Gather Merge",
                              "Parent Relationship": "Outer",
                              "Parallel Aware": false,
                              "Async Capable": false,
                              "Startup Cost": 518177.36,
                              "Total Cost": 518214.76,
                              "Plan Rows": 284,
                              "Plan Width": 113,
                              "Workers Planned": 2,
                              "Plans": [
                                {
                                  "Node Type": "Aggregate",
                                  "Strategy": "Sorted",
                                  "Partial Mode": "Partial",
                                  "Parent Relationship": "Outer",
                                  "Parallel Aware": false,
                                  "Async Capable": false,
                                  "Startup Cost": 517177.34,
                                  "Total Cost": 517181.95,
                                  "Plan Rows": 142,
                                  "Plan Width": 113,
                                  "Group Key": [
                                    "catalog_page.cp_catalog_page_id"
                                  ],
                                  "Plans": [
                                    {
                                      "Node Type": "Sort",
                                      "Parent Relationship": "Outer",
                                      "Parallel Aware": false,
                                      "Async Capable": false,
                                      "Startup Cost": 517177.34,
                                      "Total Cost": 517177.69,
                                      "Plan Rows": 142,
                                      "Plan Width": 41,
                                      "Sort Key": [
                                        "catalog_page.cp_catalog_page_id"
                                      ],
                                      "Plans": [
                                        {
                                          "Node Type": "Hash Join",
                                          "Parent Relationship": "Outer",
                                          "Parallel Aware": false,
                                          "Async Capable": false,
                                          "Join Type": "Inner",
                                          "Startup Cost": 57382.33,
                                          "Total Cost": 517172.26,
                                          "Plan Rows": 142,
                                          "Plan Width": 41,
                                          "Inner Unique": false,
                                          "Hash Cond": "(catalog_sales.cs_catalog_page_sk = catalog_page.cp_catalog_page_sk)",
                                          "Plans": [
                                            {
                                              "Node Type": "Hash Join",
                                              "Parent Relationship": "Outer",
                                              "Parallel Aware": false,
                                              "Async Capable": false,
                                              "Join Type": "Inner",
                                              "Startup Cost": 56864.33,
                                              "Total Cost": 516652.32,
                                              "Plan Rows": 142,
                                              "Plan Width": 28,
                                              "Inner Unique": false,
                                              "Hash Cond": "(catalog_sales.cs_promo_sk = promotion_1.p_promo_sk)",
                                              "Plans": [
                                                {
                                                  "Node Type": "Hash Join",
                                                  "Parent Relationship": "Outer",
                                                  "Parallel Aware": true,
                                                  "Async Capable": false,
                                                  "Join Type": "Inner",
                                                  "Startup Cost": 56838.93,
                                                  "Total Cost": 516624.96,
                                                  "Plan Rows": 145,
                                                  "Plan Width": 32,
                                                  "Inner Unique": false,
                                                  "Hash Cond": "(catalog_sales.cs_item_sk = item_1.i_item_sk)",
                                                  "Plans": [
                                                    {
                                                      "Node Type": "Hash Join",
                                                      "Parent Relationship": "Outer",
                                                      "Parallel Aware": true,
                                                      "Async Capable": false,
                                                      "Join Type": "Left",
                                                      "Startup Cost": 49313.15,
                                                      "Total Cost": 509089.08,
                                                      "Plan Rows": 2532,
                                                      "Plan Width": 36,
                                                      "Inner Unique": false,
                                                      "Hash Cond": "((catalog_sales.cs_item_sk = catalog_returns.cr_item_sk) AND (catalog_sales.cs_order_number = catalog_returns.cr_order_number))",
                                                      "Plans": [
                                                        {
                                                          "Node Type": "Hash Join",
                                                          "Parent Relationship": "Outer",
                                                          "Parallel Aware": true,
                                                          "Async Capable": false,
                                                          "Join Type": "Inner",
                                                          "Startup Cost": 2049.78,
                                                          "Total Cost": 458254.7,
                                                          "Plan Rows": 2532,
                                                          "Plan Width": 28,
                                                          "Inner Unique": false,
                                                          "Hash Cond": "(catalog_sales.cs_sold_date_sk = date_dim_1.d_date_sk)",
                                                          "Plans": [
                                                            {
                                                              "Node Type": "Seq Scan",
                                                              "Parent Relationship": "Outer",
                                                              "Parallel Aware": true,
                                                              "Async Capable": false,
                                                              "Relation Name": "catalog_sales",
                                                              "Alias": "catalog_sales",
                                                              "Startup Cost": 0.0,
                                                              "Total Cost": 433688.25,
                                                              "Plan Rows": 6000525,
                                                              "Plan Width": 32,
                                                              "parent": 34,
                                                              "ID": 35
                                                            },
                                                            {
                                                              "Node Type": "Hash",
                                                              "Parent Relationship": "Inner",
                                                              "Parallel Aware": true,
                                                              "Async Capable": false,
                                                              "Startup Cost": 2049.55,
                                                              "Total Cost": 2049.55,
                                                              "Plan Rows": 18,
                                                              "Plan Width": 4,
                                                              "Plans": [
                                                                {
                                                                  "Node Type": "Seq Scan",
                                                                  "Parent Relationship": "Outer",
                                                                  "Parallel Aware": true,
                                                                  "Async Capable": false,
                                                                  "Relation Name": "date_dim",
                                                                  "Alias": "date_dim_1",
                                                                  "Startup Cost": 0.0,
                                                                  "Total Cost": 2049.55,
                                                                  "Plan Rows": 18,
                                                                  "Plan Width": 4,
                                                                  "Filter": "((d_date >= '2000-08-02'::date) AND (d_date <= '2000-09-01 00:00:00'::timestamp without time zone))",
                                                                  "parent": 36,
                                                                  "ID": 37
                                                                }
                                                              ],
                                                              "parent": 34,
                                                              "ID": 36,
                                                              "left": 37
                                                            }
                                                          ],
                                                          "parent": 33,
                                                          "ID": 34,
                                                          "left": 35,
                                                          "right": 36
                                                        },
                                                        {
                                                          "Node Type": "Hash",
                                                          "Parent Relationship": "Inner",
                                                          "Parallel Aware": true,
                                                          "Async Capable": false,
                                                          "Startup Cost": 34748.95,
                                                          "Total Cost": 34748.95,
                                                          "Plan Rows": 599895,
                                                          "Plan Width": 20,
                                                          "Plans": [
                                                            {
                                                              "Node Type": "Seq Scan",
                                                              "Parent Relationship": "Outer",
                                                              "Parallel Aware": true,
                                                              "Async Capable": false,
                                                              "Relation Name": "catalog_returns",
                                                              "Alias": "catalog_returns",
                                                              "Startup Cost": 0.0,
                                                              "Total Cost": 34748.95,
                                                              "Plan Rows": 599895,
                                                              "Plan Width": 20,
                                                              "parent": 38,
                                                              "ID": 39
                                                            }
                                                          ],
                                                          "parent": 33,
                                                          "ID": 38,
                                                          "left": 39
                                                        }
                                                      ],
                                                      "parent": 32,
                                                      "ID": 33,
                                                      "left": 34,
                                                      "right": 38
                                                    },
                                                    {
                                                      "Node Type": "Hash",
                                                      "Parent Relationship": "Inner",
                                                      "Parallel Aware": true,
                                                      "Async Capable": false,
                                                      "Startup Cost": 7495.25,
                                                      "Total Cost": 7495.25,
                                                      "Plan Rows": 2442,
                                                      "Plan Width": 4,
                                                      "Plans": [
                                                        {
                                                          "Node Type": "Seq Scan",
                                                          "Parent Relationship": "Outer",
                                                          "Parallel Aware": true,
                                                          "Async Capable": false,
                                                          "Relation Name": "item",
                                                          "Alias": "item_1",
                                                          "Startup Cost": 0.0,
                                                          "Total Cost": 7495.25,
                                                          "Plan Rows": 2442,
                                                          "Plan Width": 4,
                                                          "Filter": "(i_current_price > '50'::numeric)",
                                                          "parent": 40,
                                                          "ID": 41
                                                        }
                                                      ],
                                                      "parent": 32,
                                                      "ID": 40,
                                                      "left": 41
                                                    }
                                                  ],
                                                  "parent": 31,
                                                  "ID": 32,
                                                  "left": 33,
                                                  "right": 40
                                                },
                                                {
                                                  "Node Type": "Hash",
                                                  "Parent Relationship": "Inner",
                                                  "Parallel Aware": false,
                                                  "Async Capable": false,
                                                  "Startup Cost": 19.25,
                                                  "Total Cost": 19.25,
                                                  "Plan Rows": 492,
                                                  "Plan Width": 4,
                                                  "Plans": [
                                                    {
                                                      "Node Type": "Seq Scan",
                                                      "Parent Relationship": "Outer",
                                                      "Parallel Aware": false,
                                                      "Async Capable": false,
                                                      "Relation Name": "promotion",
                                                      "Alias": "promotion_1",
                                                      "Startup Cost": 0.0,
                                                      "Total Cost": 19.25,
                                                      "Plan Rows": 492,
                                                      "Plan Width": 4,
                                                      "Filter": "(p_channel_tv = 'N'::bpchar)",
                                                      "parent": 42,
                                                      "ID": 43
                                                    }
                                                  ],
                                                  "parent": 31,
                                                  "ID": 42,
                                                  "left": 43
                                                }
                                              ],
                                              "parent": 30,
                                              "ID": 31,
                                              "left": 32,
                                              "right": 42
                                            },
                                            {
                                              "Node Type": "Hash",
                                              "Parent Relationship": "Inner",
                                              "Parallel Aware": false,
                                              "Async Capable": false,
                                              "Startup Cost": 368.0,
                                              "Total Cost": 368.0,
                                              "Plan Rows": 12000,
                                              "Plan Width": 21,
                                              "Plans": [
                                                {
                                                  "Node Type": "Seq Scan",
                                                  "Parent Relationship": "Outer",
                                                  "Parallel Aware": false,
                                                  "Async Capable": false,
                                                  "Relation Name": "catalog_page",
                                                  "Alias": "catalog_page",
                                                  "Startup Cost": 0.0,
                                                  "Total Cost": 368.0,
                                                  "Plan Rows": 12000,
                                                  "Plan Width": 21,
                                                  "parent": 44,
                                                  "ID": 45
                                                }
                                              ],
                                              "parent": 30,
                                              "ID": 44,
                                              "left": 45
                                            }
                                          ],
                                          "parent": 29,
                                          "ID": 30,
                                          "left": 31,
                                          "right": 44
                                        }
                                      ],
                                      "parent": 28,
                                      "ID": 29,
                                      "left": 30
                                    }
                                  ],
                                  "parent": 27,
                                  "ID": 28,
                                  "left": 29
                                }
                              ],
                              "parent": 26,
                              "ID": 27,
                              "left": 28
                            }
                          ],
                          "parent": 25,
                          "ID": 26,
                          "left": 27
                        }
                      ],
                      "parent": 3,
                      "ID": 25,
                      "left": 26
                    },
                    {
                      "Node Type": "Subquery Scan",
                      "Parent Relationship": "Member",
                      "Parallel Aware": false,
                      "Async Capable": false,
                      "Alias": "wsr",
                      "Startup Cost": 263919.04,
                      "Total Cost": 263926.75,
                      "Plan Rows": 21,
                      "Plan Width": 160,
                      "Plans": [
                        {
                          "Node Type": "Aggregate",
                          "Strategy": "Sorted",
                          "Partial Mode": "Finalize",
                          "Parent Relationship": "Subquery",
                          "Parallel Aware": false,
                          "Async Capable": false,
                          "Startup Cost": 263919.04,
                          "Total Cost": 263926.43,
                          "Plan Rows": 21,
                          "Plan Width": 113,
                          "Group Key": [
                            "web_site.web_site_id"
                          ],
                          "Plans": [
                            {
                              "Node Type": "Gather Merge",
                              "Parent Relationship": "Outer",
                              "Parallel Aware": false,
                              "Async Capable": false,
                              "Startup Cost": 263919.04,
                              "Total Cost": 263925.33,
                              "Plan Rows": 42,
                              "Plan Width": 113,
                              "Workers Planned": 2,
                              "Plans": [
                                {
                                  "Node Type": "Aggregate",
                                  "Strategy": "Sorted",
                                  "Partial Mode": "Partial",
                                  "Parent Relationship": "Outer",
                                  "Parallel Aware": false,
                                  "Async Capable": false,
                                  "Startup Cost": 262919.01,
                                  "Total Cost": 262920.46,
                                  "Plan Rows": 21,
                                  "Plan Width": 113,
                                  "Group Key": [
                                    "web_site.web_site_id"
                                  ],
                                  "Plans": [
                                    {
                                      "Node Type": "Sort",
                                      "Parent Relationship": "Outer",
                                      "Parallel Aware": false,
                                      "Async Capable": false,
                                      "Startup Cost": 262919.01,
                                      "Total Cost": 262919.19,
                                      "Plan Rows": 72,
                                      "Plan Width": 41,
                                      "Sort Key": [
                                        "web_site.web_site_id"
                                      ],
                                      "Plans": [
                                        {
                                          "Node Type": "Hash Join",
                                          "Parent Relationship": "Outer",
                                          "Parallel Aware": false,
                                          "Async Capable": false,
                                          "Join Type": "Inner",
                                          "Startup Cost": 32134.74,
                                          "Total Cost": 262916.79,
                                          "Plan Rows": 72,
                                          "Plan Width": 41,
                                          "Inner Unique": false,
                                          "Hash Cond": "(web_sales.ws_web_site_sk = web_site.web_site_sk)",
                                          "Plans": [
                                            {
                                              "Node Type": "Hash Join",
                                              "Parent Relationship": "Outer",
                                              "Parallel Aware": false,
                                              "Async Capable": false,
                                              "Join Type": "Inner",
                                              "Startup Cost": 32130.8,
                                              "Total Cost": 262911.86,
                                              "Plan Rows": 72,
                                              "Plan Width": 28,
                                              "Inner Unique": false,
                                              "Hash Cond": "(web_sales.ws_promo_sk = promotion_2.p_promo_sk)",
                                              "Plans": [
                                                {
                                                  "Node Type": "Hash Join",
                                                  "Parent Relationship": "Outer",
                                                  "Parallel Aware": true,
                                                  "Async Capable": false,
                                                  "Join Type": "Inner",
                                                  "Startup Cost": 32105.4,
                                                  "Total Cost": 262885.46,
                                                  "Plan Rows": 73,
                                                  "Plan Width": 32,
                                                  "Inner Unique": false,
                                                  "Hash Cond": "(web_sales.ws_item_sk = item_2.i_item_sk)",
                                                  "Plans": [
                                                    {
                                                      "Node Type": "Hash Join",
                                                      "Parent Relationship": "Outer",
                                                      "Parallel Aware": true,
                                                      "Async Capable": false,
                                                      "Join Type": "Left",
                                                      "Startup Cost": 24579.62,
                                                      "Total Cost": 255354.62,
                                                      "Plan Rows": 1272,
                                                      "Plan Width": 36,
                                                      "Inner Unique": false,
                                                      "Hash Cond": "((web_sales.ws_item_sk = web_returns.wr_item_sk) AND (web_sales.ws_order_number = web_returns.wr_order_number))",
                                                      "Plans": [
                                                        {
                                                          "Node Type": "Hash Join",
                                                          "Parent Relationship": "Outer",
                                                          "Parallel Aware": true,
                                                          "Async Capable": false,
                                                          "Join Type": "Inner",
                                                          "Startup Cost": 2049.78,
                                                          "Total Cost": 231041.22,
                                                          "Plan Rows": 1272,
                                                          "Plan Width": 28,
                                                          "Inner Unique": false,
                                                          "Hash Cond": "(web_sales.ws_sold_date_sk = date_dim_2.d_date_sk)",
                                                          "Plans": [
                                                            {
                                                              "Node Type": "Seq Scan",
                                                              "Parent Relationship": "Outer",
                                                              "Parallel Aware": true,
                                                              "Async Capable": false,
                                                              "Relation Name": "web_sales",
                                                              "Alias": "web_sales",
                                                              "Startup Cost": 0.0,
                                                              "Total Cost": 217737.86,
                                                              "Plan Rows": 2998986,
                                                              "Plan Width": 32,
                                                              "parent": 55,
                                                              "ID": 56
                                                            },
                                                            {
                                                              "Node Type": "Hash",
                                                              "Parent Relationship": "Inner",
                                                              "Parallel Aware": true,
                                                              "Async Capable": false,
                                                              "Startup Cost": 2049.55,
                                                              "Total Cost": 2049.55,
                                                              "Plan Rows": 18,
                                                              "Plan Width": 4,
                                                              "Plans": [
                                                                {
                                                                  "Node Type": "Seq Scan",
                                                                  "Parent Relationship": "Outer",
                                                                  "Parallel Aware": true,
                                                                  "Async Capable": false,
                                                                  "Relation Name": "date_dim",
                                                                  "Alias": "date_dim_2",
                                                                  "Startup Cost": 0.0,
                                                                  "Total Cost": 2049.55,
                                                                  "Plan Rows": 18,
                                                                  "Plan Width": 4,
                                                                  "Filter": "((d_date >= '2000-08-02'::date) AND (d_date <= '2000-09-01 00:00:00'::timestamp without time zone))",
                                                                  "parent": 57,
                                                                  "ID": 58
                                                                }
                                                              ],
                                                              "parent": 55,
                                                              "ID": 57,
                                                              "left": 58
                                                            }
                                                          ],
                                                          "parent": 54,
                                                          "ID": 55,
                                                          "left": 56,
                                                          "right": 57
                                                        },
                                                        {
                                                          "Node Type": "Hash",
                                                          "Parent Relationship": "Inner",
                                                          "Parallel Aware": true,
                                                          "Async Capable": false,
                                                          "Startup Cost": 16278.74,
                                                          "Total Cost": 16278.74,
                                                          "Plan Rows": 299674,
                                                          "Plan Width": 20,
                                                          "Plans": [
                                                            {
                                                              "Node Type": "Seq Scan",
                                                              "Parent Relationship": "Outer",
                                                              "Parallel Aware": true,
                                                              "Async Capable": false,
                                                              "Relation Name": "web_returns",
                                                              "Alias": "web_returns",
                                                              "Startup Cost": 0.0,
                                                              "Total Cost": 16278.74,
                                                              "Plan Rows": 299674,
                                                              "Plan Width": 20,
                                                              "parent": 59,
                                                              "ID": 60
                                                            }
                                                          ],
                                                          "parent": 54,
                                                          "ID": 59,
                                                          "left": 60
                                                        }
                                                      ],
                                                      "parent": 53,
                                                      "ID": 54,
                                                      "left": 55,
                                                      "right": 59
                                                    },
                                                    {
                                                      "Node Type": "Hash",
                                                      "Parent Relationship": "Inner",
                                                      "Parallel Aware": true,
                                                      "Async Capable": false,
                                                      "Startup Cost": 7495.25,
                                                      "Total Cost": 7495.25,
                                                      "Plan Rows": 2442,
                                                      "Plan Width": 4,
                                                      "Plans": [
                                                        {
                                                          "Node Type": "Seq Scan",
                                                          "Parent Relationship": "Outer",
                                                          "Parallel Aware": true,
                                                          "Async Capable": false,
                                                          "Relation Name": "item",
                                                          "Alias": "item_2",
                                                          "Startup Cost": 0.0,
                                                          "Total Cost": 7495.25,
                                                          "Plan Rows": 2442,
                                                          "Plan Width": 4,
                                                          "Filter": "(i_current_price > '50'::numeric)",
                                                          "parent": 61,
                                                          "ID": 62
                                                        }
                                                      ],
                                                      "parent": 53,
                                                      "ID": 61,
                                                      "left": 62
                                                    }
                                                  ],
                                                  "parent": 52,
                                                  "ID": 53,
                                                  "left": 54,
                                                  "right": 61
                                                },
                                                {
                                                  "Node Type": "Hash",
                                                  "Parent Relationship": "Inner",
                                                  "Parallel Aware": false,
                                                  "Async Capable": false,
                                                  "Startup Cost": 19.25,
                                                  "Total Cost": 19.25,
                                                  "Plan Rows": 492,
                                                  "Plan Width": 4,
                                                  "Plans": [
                                                    {
                                                      "Node Type": "Seq Scan",
                                                      "Parent Relationship": "Outer",
                                                      "Parallel Aware": false,
                                                      "Async Capable": false,
                                                      "Relation Name": "promotion",
                                                      "Alias": "promotion_2",
                                                      "Startup Cost": 0.0,
                                                      "Total Cost": 19.25,
                                                      "Plan Rows": 492,
                                                      "Plan Width": 4,
                                                      "Filter": "(p_channel_tv = 'N'::bpchar)",
                                                      "parent": 63,
                                                      "ID": 64
                                                    }
                                                  ],
                                                  "parent": 52,
                                                  "ID": 63,
                                                  "left": 64
                                                }
                                              ],
                                              "parent": 51,
                                              "ID": 52,
                                              "left": 53,
                                              "right": 63
                                            },
                                            {
                                              "Node Type": "Hash",
                                              "Parent Relationship": "Inner",
                                              "Parallel Aware": false,
                                              "Async Capable": false,
                                              "Startup Cost": 3.42,
                                              "Total Cost": 3.42,
                                              "Plan Rows": 42,
                                              "Plan Width": 21,
                                              "Plans": [
                                                {
                                                  "Node Type": "Seq Scan",
                                                  "Parent Relationship": "Outer",
                                                  "Parallel Aware": false,
                                                  "Async Capable": false,
                                                  "Relation Name": "web_site",
                                                  "Alias": "web_site",
                                                  "Startup Cost": 0.0,
                                                  "Total Cost": 3.42,
                                                  "Plan Rows": 42,
                                                  "Plan Width": 21,
                                                  "parent": 65,
                                                  "ID": 66
                                                }
                                              ],
                                              "parent": 51,
                                              "ID": 65,
                                              "left": 66
                                            }
                                          ],
                                          "parent": 50,
                                          "ID": 51,
                                          "left": 52,
                                          "right": 65
                                        }
                                      ],
                                      "parent": 49,
                                      "ID": 50,
                                      "left": 51
                                    }
                                  ],
                                  "parent": 48,
                                  "ID": 49,
                                  "left": 50
                                }
                              ],
                              "parent": 47,
                              "ID": 48,
                              "left": 49
                            }
                          ],
                          "parent": 46,
                          "ID": 47,
                          "left": 48
                        }
                      ],
                      "parent": 3,
                      "ID": 46,
                      "left": 47
                    }
                  ],
                  "parent": 2,
                  "ID": 3,
                  "left": 4,
                  "right": 25
                }
              ],
              "parent": 1,
              "ID": 2,
              "left": 3
            }
          ],
          "parent": 0,
          "ID": 1,
          "left": 2
        }
      ],
      "parent": null,
      "ID": 0,
      "left": 1
    },
    "feat": {
      "utility": 2.1722287060620302e-06,
      "query_shape": [
        [
          "Seq Scan",
          "Hash Join",
          "Sort",
          "Aggregate",
          "Gather Merge",
          "Subquery Scan",
          "Append"
        ],
        [
          "Seq Scan",
          "Hash",
          "Hash Join",
          "Sort",
          "Aggregate",
          "Gather Merge",
          "Subquery Scan",
          "Append"
        ],
        [
          "Seq Scan",
          "Hash",
          "Hash Join",
          "Sort",
          "Aggregate",
          "Gather Merge",
          "Subquery Scan",
          "Append"
        ],
        [
          "Seq Scan",
          "Hash",
          "Hash Join",
          "Sort",
          "Aggregate",
          "Gather Merge",
          "Subquery Scan",
          "Append"
        ],
        [
          "Seq Scan",
          "Hash",
          "Hash Join",
          "Sort",
          "Aggregate",
          "Gather Merge",
          "Subquery Scan",
          "Append"
        ],
        [
          "Seq Scan",
          "Hash",
          "Hash Join",
          "Sort",
          "Aggregate",
          "Gather Merge",
          "Subquery Scan",
          "Append"
        ],
        [
          "Seq Scan",
          "Hash Join",
          "Sort",
          "Aggregate",
          "Gather Merge",
          "Subquery Scan",
          "Append"
        ],
        [
          "Seq Scan",
          "Hash",
          "Hash Join",
          "Sort",
          "Aggregate",
          "Gather Merge",
          "Subquery Scan",
          "Append"
        ],
        [
          "Seq Scan",
          "Hash",
          "Hash Join",
          "Sort",
          "Aggregate",
          "Gather Merge",
          "Subquery Scan",
          "Append"
        ],
        [
          "Seq Scan",
          "Hash",
          "Hash Join",
          "Sort",
          "Aggregate",
          "Gather Merge",
          "Subquery Scan",
          "Append"
        ],
        [
          "Seq Scan",
          "Hash",
          "Hash Join",
          "Sort",
          "Aggregate",
          "Gather Merge",
          "Subquery Scan",
          "Append"
        ],
        [
          "Seq Scan",
          "Hash",
          "Hash Join",
          "Sort",
          "Aggregate",
          "Gather Merge",
          "Subquery Scan",
          "Append"
        ],
        [
          "Seq Scan",
          "Hash Join",
          "Sort",
          "Aggregate",
          "Gather Merge",
          "Subquery Scan",
          "Append"
        ],
        [
          "Seq Scan",
          "Hash",
          "Hash Join",
          "Sort",
          "Aggregate",
          "Gather Merge",
          "Subquery Scan",
          "Append"
        ],
        [
          "Seq Scan",
          "Hash",
          "Hash Join",
          "Sort",
          "Aggregate",
          "Gather Merge",
          "Subquery Scan",
          "Append"
        ],
        [
          "Seq Scan",
          "Hash",
          "Hash Join",
          "Sort",
          "Aggregate",
          "Gather Merge",
          "Subquery Scan",
          "Append"
        ],
        [
          "Seq Scan",
          "Hash",
          "Hash Join",
          "Sort",
          "Aggregate",
          "Gather Merge",
          "Subquery Scan",
          "Append"
        ],
        [
          "Seq Scan",
          "Hash",
          "Hash Join",
          "Sort",
          "Aggregate",
          "Gather Merge",
          "Subquery Scan",
          "Append"
        ]
      ],
      "index_shape": [
        "join"
      ],
      "physical_operator": {
        "Hash Join": [
          0.004841734527525892
        ]
      }
    }
  },
  {
    "query": "with ssr as\n (select  s_store_id as store_id,\n          sum(ss_ext_sales_price) as sales,\n          sum(coalesce(sr_return_amt, 0)) as returns,\n          sum(ss_net_profit - coalesce(sr_net_loss, 0)) as profit\n  from store_sales left outer join store_returns on\n         (ss_item_sk = sr_item_sk and ss_ticket_number = sr_ticket_number),\n     date_dim,\n     store,\n     item,\n     promotion\n where ss_sold_date_sk = d_date_sk\n       and d_date between cast('2000-08-02' as date) \n                  and (cast('2000-08-02' as date) +  interval '30 days')\n       and ss_store_sk = s_store_sk\n       and ss_item_sk = i_item_sk\n       and i_current_price > 50\n       and ss_promo_sk = p_promo_sk\n       and p_channel_tv = 'N'\n group by s_store_id)\n ,\n csr as\n (select  cp_catalog_page_id as catalog_page_id,\n          sum(cs_ext_sales_price) as sales,\n          sum(coalesce(cr_return_amount, 0)) as returns,\n          sum(cs_net_profit - coalesce(cr_net_loss, 0)) as profit\n  from catalog_sales left outer join catalog_returns on\n         (cs_item_sk = cr_item_sk and cs_order_number = cr_order_number),\n     date_dim,\n     catalog_page,\n     item,\n     promotion\n where cs_sold_date_sk = d_date_sk\n       and d_date between cast('2000-08-02' as date)\n                  and (cast('2000-08-02' as date) +  interval '30 days')\n        and cs_catalog_page_sk = cp_catalog_page_sk\n       and cs_item_sk = i_item_sk\n       and i_current_price > 50\n       and cs_promo_sk = p_promo_sk\n       and p_channel_tv = 'N'\ngroup by cp_catalog_page_id)\n ,\n wsr as\n (select  web_site_id,\n          sum(ws_ext_sales_price) as sales,\n          sum(coalesce(wr_return_amt, 0)) as returns,\n          sum(ws_net_profit - coalesce(wr_net_loss, 0)) as profit\n  from web_sales left outer join web_returns on\n         (ws_item_sk = wr_item_sk and ws_order_number = wr_order_number),\n     date_dim,\n     web_site,\n     item,\n     promotion\n where ws_sold_date_sk = d_date_sk\n       and d_date between cast('2000-08-02' as date)\n                  and (cast('2000-08-02' as date) +  interval '30 days')\n        and ws_web_site_sk = web_site_sk\n       and ws_item_sk = i_item_sk\n       and i_current_price > 50\n       and ws_promo_sk = p_promo_sk\n       and p_channel_tv = 'N'\ngroup by web_site_id)\n  select  channel\n        , id\n        , sum(sales) as sales\n        , sum(returns) as returns\n        , sum(profit) as profit\n from \n (select 'store channel' as channel\n        , 'store' || store_id as id\n        , sales\n        , returns\n        , profit\n from   ssr\n union all\n select 'catalog channel' as channel\n        , 'catalog_page' || catalog_page_id as id\n        , sales\n        , returns\n        , profit\n from  csr\n union all\n select 'web channel' as channel\n        , 'web_site' || web_site_id as id\n        , sales\n        , returns\n        , profit\n from   wsr\n ) x\n group by rollup (channel, id)\n order by channel\n         ,id\n limit 100;\n\n-- end query 61 in stream 4 using template query80.tpl\n",
    "indexes": "catalog_sales.cs_catalog_page_sk",
    "wo plan est": {
      "Node Type": "Limit",
      "Parallel Aware": false,
      "Async Capable": false,
      "Startup Cost": 1566793.64,
      "Total Cost": 1566796.93,
      "Plan Rows": 100,
      "Plan Width": 160,
      "Plans": [
        {
          "Node Type": "Aggregate",
          "Strategy": "Sorted",
          "Partial Mode": "Simple",
          "Parent Relationship": "Outer",
          "Parallel Aware": false,
          "Async Capable": false,
          "Startup Cost": 1566793.64,
          "Total Cost": 1566806.84,
          "Plan Rows": 401,
          "Plan Width": 160,
          "Grouping Sets": [
            {
              "Group Keys": [
                [
                  "('store channel'::text)",
                  "(('store'::text || (ssr.store_id)::text))"
                ],
                [
                  "('store channel'::text)"
                ],
                []
              ]
            }
          ],
          "Plans": [
            {
              "Node Type": "Sort",
              "Parent Relationship": "Outer",
              "Parallel Aware": false,
              "Async Capable": false,
              "Startup Cost": 1566793.64,
              "Total Cost": 1566794.67,
              "Plan Rows": 412,
              "Plan Width": 160,
              "Sort Key": [
                "('store channel'::text)",
                "(('store'::text || (ssr.store_id)::text))"
              ],
              "Plans": [
                {
                  "Node Type": "Append",
                  "Parent Relationship": "Outer",
                  "Parallel Aware": false,
                  "Async Capable": false,
                  "Startup Cost": 784596.3,
                  "Total Cost": 1566775.74,
                  "Plan Rows": 412,
                  "Plan Width": 160,
                  "Subplans Removed": 0,
                  "Plans": [
                    {
                      "Node Type": "Subquery Scan",
                      "Parent Relationship": "Member",
                      "Parallel Aware": false,
                      "Async Capable": false,
                      "Alias": "ssr",
                      "Startup Cost": 784596.3,
                      "Total Cost": 784616.16,
                      "Plan Rows": 51,
                      "Plan Width": 160,
                      "Plans": [
                        {
                          "Node Type": "Aggregate",
                          "Strategy": "Sorted",
                          "Partial Mode": "Finalize",
                          "Parent Relationship": "Subquery",
                          "Parallel Aware": false,
                          "Async Capable": false,
                          "Startup Cost": 784596.3,
                          "Total Cost": 784615.39,
                          "Plan Rows": 51,
                          "Plan Width": 113,
                          "Group Key": [
                            "store.s_store_id"
                          ],
                          "Plans": [
                            {
                              "Node Type": "Gather Merge",
                              "Parent Relationship": "Outer",
                              "Parallel Aware": false,
                              "Async Capable": false,
                              "Startup Cost": 784596.3,
                              "Total Cost": 784612.71,
                              "Plan Rows": 102,
                              "Plan Width": 113,
                              "Workers Planned": 2,
                              "Plans": [
                                {
                                  "Node Type": "Aggregate",
                                  "Strategy": "Sorted",
                                  "Partial Mode": "Partial",
                                  "Parent Relationship": "Outer",
                                  "Parallel Aware": false,
                                  "Async Capable": false,
                                  "Startup Cost": 783596.27,
                                  "Total Cost": 783600.92,
                                  "Plan Rows": 51,
                                  "Plan Width": 113,
                                  "Group Key": [
                                    "store.s_store_id"
                                  ],
                                  "Plans": [
                                    {
                                      "Node Type": "Sort",
                                      "Parent Relationship": "Outer",
                                      "Parallel Aware": false,
                                      "Async Capable": false,
                                      "Startup Cost": 783596.27,
                                      "Total Cost": 783596.9,
                                      "Plan Rows": 250,
                                      "Plan Width": 41,
                                      "Sort Key": [
                                        "store.s_store_id"
                                      ],
                                      "Plans": [
                                        {
                                          "Node Type": "Hash Join",
                                          "Parent Relationship": "Outer",
                                          "Parallel Aware": false,
                                          "Async Capable": false,
                                          "Join Type": "Inner",
                                          "Startup Cost": 94489.35,
                                          "Total Cost": 783586.32,
                                          "Plan Rows": 250,
                                          "Plan Width": 41,
                                          "Inner Unique": false,
                                          "Hash Cond": "(store_sales.ss_store_sk = store.s_store_sk)",
                                          "Plans": [
                                            {
                                              "Node Type": "Hash Join",
                                              "Parent Relationship": "Outer",
                                              "Parallel Aware": false,
                                              "Async Capable": false,
                                              "Join Type": "Inner",
                                              "Startup Cost": 94482.05,
                                              "Total Cost": 783575.54,
                                              "Plan Rows": 262,
                                              "Plan Width": 28,
                                              "Inner Unique": false,
                                              "Hash Cond": "(store_sales.ss_promo_sk = promotion.p_promo_sk)",
                                              "Plans": [
                                                {
                                                  "Node Type": "Hash Join",
                                                  "Parent Relationship": "Outer",
                                                  "Parallel Aware": true,
                                                  "Async Capable": false,
                                                  "Join Type": "Inner",
                                                  "Startup Cost": 94456.65,
                                                  "Total Cost": 783546.47,
                                                  "Plan Rows": 279,
                                                  "Plan Width": 32,
                                                  "Inner Unique": false,
                                                  "Hash Cond": "(store_sales.ss_item_sk = item.i_item_sk)",
                                                  "Plans": [
                                                    {
                                                      "Node Type": "Hash Join",
                                                      "Parent Relationship": "Outer",
                                                      "Parallel Aware": true,
                                                      "Async Capable": false,
                                                      "Join Type": "Left",
                                                      "Startup Cost": 86930.88,
                                                      "Total Cost": 776001.31,
                                                      "Plan Rows": 4860,
                                                      "Plan Width": 36,
                                                      "Inner Unique": false,
                                                      "Hash Cond": "((store_sales.ss_item_sk = store_returns.sr_item_sk) AND (store_sales.ss_ticket_number = store_returns.sr_ticket_number))",
                                                      "Plans": [
                                                        {
                                                          "Node Type": "Hash Join",
                                                          "Parent Relationship": "Outer",
                                                          "Parallel Aware": true,
                                                          "Async Capable": false,
                                                          "Join Type": "Inner",
                                                          "Startup Cost": 2049.78,
                                                          "Total Cost": 683994.75,
                                                          "Plan Rows": 4860,
                                                          "Plan Width": 28,
                                                          "Inner Unique": false,
                                                          "Hash Cond": "(store_sales.ss_sold_date_sk = date_dim.d_date_sk)",
                                                          "Plans": [
                                                            {
                                                              "Node Type": "Seq Scan",
                                                              "Parent Relationship": "Outer",
                                                              "Parallel Aware": true,
                                                              "Async Capable": false,
                                                              "Relation Name": "store_sales",
                                                              "Alias": "store_sales",
                                                              "Startup Cost": 0.0,
                                                              "Total Cost": 636914.37,
                                                              "Plan Rows": 12000637,
                                                              "Plan Width": 32,
                                                              "parent": 13,
                                                              "ID": 14
                                                            },
                                                            {
                                                              "Node Type": "Hash",
                                                              "Parent Relationship": "Inner",
                                                              "Parallel Aware": true,
                                                              "Async Capable": false,
                                                              "Startup Cost": 2049.55,
                                                              "Total Cost": 2049.55,
                                                              "Plan Rows": 18,
                                                              "Plan Width": 4,
                                                              "Plans": [
                                                                {
                                                                  "Node Type": "Seq Scan",
                                                                  "Parent Relationship": "Outer",
                                                                  "Parallel Aware": true,
                                                                  "Async Capable": false,
                                                                  "Relation Name": "date_dim",
                                                                  "Alias": "date_dim",
                                                                  "Startup Cost": 0.0,
                                                                  "Total Cost": 2049.55,
                                                                  "Plan Rows": 18,
                                                                  "Plan Width": 4,
                                                                  "Filter": "((d_date >= '2000-08-02'::date) AND (d_date <= '2000-09-01 00:00:00'::timestamp without time zone))",
                                                                  "parent": 15,
                                                                  "ID": 16
                                                                }
                                                              ],
                                                              "parent": 13,
                                                              "ID": 15,
                                                              "left": 16
                                                            }
                                                          ],
                                                          "parent": 12,
                                                          "ID": 13,
                                                          "left": 14,
                                                          "right": 15
                                                        },
                                                        {
                                                          "Node Type": "Hash",
                                                          "Parent Relationship": "Inner",
                                                          "Parallel Aware": true,
                                                          "Async Capable": false,
                                                          "Startup Cost": 59887.64,
                                                          "Total Cost": 59887.64,
                                                          "Plan Rows": 1198164,
                                                          "Plan Width": 20,
                                                          "Plans": [
                                                            {
                                                              "Node Type": "Seq Scan",
                                                              "Parent Relationship": "Outer",
                                                              "Parallel Aware": true,
                                                              "Async Capable": false,
                                                              "Relation Name": "store_returns",
                                                              "Alias": "store_returns",
                                                              "Startup Cost": 0.0,
                                                              "Total Cost": 59887.64,
                                                              "Plan Rows": 1198164,
                                                              "Plan Width": 20,
                                                              "parent": 17,
                                                              "ID": 18
                                                            }
                                                          ],
                                                          "parent": 12,
                                                          "ID": 17,
                                                          "left": 18
                                                        }
                                                      ],
                                                      "parent": 11,
                                                      "ID": 12,
                                                      "left": 13,
                                                      "right": 17
                                                    },
                                                    {
                                                      "Node Type": "Hash",
                                                      "Parent Relationship": "Inner",
                                                      "Parallel Aware": true,
                                                      "Async Capable": false,
                                                      "Startup Cost": 7495.25,
                                                      "Total Cost": 7495.25,
                                                      "Plan Rows": 2442,
                                                      "Plan Width": 4,
                                                      "Plans": [
                                                        {
                                                          "Node Type": "Seq Scan",
                                                          "Parent Relationship": "Outer",
                                                          "Parallel Aware": true,
                                                          "Async Capable": false,
                                                          "Relation Name": "item",
                                                          "Alias": "item",
                                                          "Startup Cost": 0.0,
                                                          "Total Cost": 7495.25,
                                                          "Plan Rows": 2442,
                                                          "Plan Width": 4,
                                                          "Filter": "(i_current_price > '50'::numeric)",
                                                          "parent": 19,
                                                          "ID": 20
                                                        }
                                                      ],
                                                      "parent": 11,
                                                      "ID": 19,
                                                      "left": 20
                                                    }
                                                  ],
                                                  "parent": 10,
                                                  "ID": 11,
                                                  "left": 12,
                                                  "right": 19
                                                },
                                                {
                                                  "Node Type": "Hash",
                                                  "Parent Relationship": "Inner",
                                                  "Parallel Aware": false,
                                                  "Async Capable": false,
                                                  "Startup Cost": 19.25,
                                                  "Total Cost": 19.25,
                                                  "Plan Rows": 492,
                                                  "Plan Width": 4,
                                                  "Plans": [
                                                    {
                                                      "Node Type": "Seq Scan",
                                                      "Parent Relationship": "Outer",
                                                      "Parallel Aware": false,
                                                      "Async Capable": false,
                                                      "Relation Name": "promotion",
                                                      "Alias": "promotion",
                                                      "Startup Cost": 0.0,
                                                      "Total Cost": 19.25,
                                                      "Plan Rows": 492,
                                                      "Plan Width": 4,
                                                      "Filter": "(p_channel_tv = 'N'::bpchar)",
                                                      "parent": 21,
                                                      "ID": 22
                                                    }
                                                  ],
                                                  "parent": 10,
                                                  "ID": 21,
                                                  "left": 22
                                                }
                                              ],
                                              "parent": 9,
                                              "ID": 10,
                                              "left": 11,
                                              "right": 21
                                            },
                                            {
                                              "Node Type": "Hash",
                                              "Parent Relationship": "Inner",
                                              "Parallel Aware": false,
                                              "Async Capable": false,
                                              "Startup Cost": 6.02,
                                              "Total Cost": 6.02,
                                              "Plan Rows": 102,
                                              "Plan Width": 21,
                                              "Plans": [
                                                {
                                                  "Node Type": "Seq Scan",
                                                  "Parent Relationship": "Outer",
                                                  "Parallel Aware": false,
                                                  "Async Capable": false,
                                                  "Relation Name": "store",
                                                  "Alias": "store",
                                                  "Startup Cost": 0.0,
                                                  "Total Cost": 6.02,
                                                  "Plan Rows": 102,
                                                  "Plan Width": 21,
                                                  "parent": 23,
                                                  "ID": 24
                                                }
                                              ],
                                              "parent": 9,
                                              "ID": 23,
                                              "left": 24
                                            }
                                          ],
                                          "parent": 8,
                                          "ID": 9,
                                          "left": 10,
                                          "right": 23
                                        }
                                      ],
                                      "parent": 7,
                                      "ID": 8,
                                      "left": 9
                                    }
                                  ],
                                  "parent": 6,
                                  "ID": 7,
                                  "left": 8
                                }
                              ],
                              "parent": 5,
                              "ID": 6,
                              "left": 7
                            }
                          ],
                          "parent": 4,
                          "ID": 5,
                          "left": 6
                        }
                      ],
                      "parent": 3,
                      "ID": 4,
                      "left": 5
                    },
                    {
                      "Node Type": "Subquery Scan",
                      "Parent Relationship": "Member",
                      "Parallel Aware": false,
                      "Async Capable": false,
                      "Alias": "csr",
                      "Startup Cost": 518177.36,
                      "Total Cost": 518230.78,
                      "Plan Rows": 340,
                      "Plan Width": 160,
                      "Plans": [
                        {
                          "Node Type": "Aggregate",
                          "Strategy": "Sorted",
                          "Partial Mode": "Finalize",
                          "Parent Relationship": "Subquery",
                          "Parallel Aware": false,
                          "Async Capable": false,
                          "Startup Cost": 518177.36,
                          "Total Cost": 518225.68,
                          "Plan Rows": 340,
                          "Plan Width": 113,
                          "Group Key": [
                            "catalog_page.cp_catalog_page_id"
                          ],
                          "Plans": [
                            {
                              "Node Type": "Gather Merge",
                              "Parent Relationship": "Outer",
                              "Parallel Aware": false,
                              "Async Capable": false,
                              "Startup Cost": 518177.36,
                              "Total Cost": 518214.76,
                              "Plan Rows": 284,
                              "Plan Width": 113,
                              "Workers Planned": 2,
                              "Plans": [
                                {
                                  "Node Type": "Aggregate",
                                  "Strategy": "Sorted",
                                  "Partial Mode": "Partial",
                                  "Parent Relationship": "Outer",
                                  "Parallel Aware": false,
                                  "Async Capable": false,
                                  "Startup Cost": 517177.34,
                                  "Total Cost": 517181.95,
                                  "Plan Rows": 142,
                                  "Plan Width": 113,
                                  "Group Key": [
                                    "catalog_page.cp_catalog_page_id"
                                  ],
                                  "Plans": [
                                    {
                                      "Node Type": "Sort",
                                      "Parent Relationship": "Outer",
                                      "Parallel Aware": false,
                                      "Async Capable": false,
                                      "Startup Cost": 517177.34,
                                      "Total Cost": 517177.69,
                                      "Plan Rows": 142,
                                      "Plan Width": 41,
                                      "Sort Key": [
                                        "catalog_page.cp_catalog_page_id"
                                      ],
                                      "Plans": [
                                        {
                                          "Node Type": "Hash Join",
                                          "Parent Relationship": "Outer",
                                          "Parallel Aware": false,
                                          "Async Capable": false,
                                          "Join Type": "Inner",
                                          "Startup Cost": 57382.33,
                                          "Total Cost": 517172.26,
                                          "Plan Rows": 142,
                                          "Plan Width": 41,
                                          "Inner Unique": false,
                                          "Hash Cond": "(catalog_sales.cs_catalog_page_sk = catalog_page.cp_catalog_page_sk)",
                                          "Plans": [
                                            {
                                              "Node Type": "Hash Join",
                                              "Parent Relationship": "Outer",
                                              "Parallel Aware": false,
                                              "Async Capable": false,
                                              "Join Type": "Inner",
                                              "Startup Cost": 56864.33,
                                              "Total Cost": 516652.32,
                                              "Plan Rows": 142,
                                              "Plan Width": 28,
                                              "Inner Unique": false,
                                              "Hash Cond": "(catalog_sales.cs_promo_sk = promotion_1.p_promo_sk)",
                                              "Plans": [
                                                {
                                                  "Node Type": "Hash Join",
                                                  "Parent Relationship": "Outer",
                                                  "Parallel Aware": true,
                                                  "Async Capable": false,
                                                  "Join Type": "Inner",
                                                  "Startup Cost": 56838.93,
                                                  "Total Cost": 516624.96,
                                                  "Plan Rows": 145,
                                                  "Plan Width": 32,
                                                  "Inner Unique": false,
                                                  "Hash Cond": "(catalog_sales.cs_item_sk = item_1.i_item_sk)",
                                                  "Plans": [
                                                    {
                                                      "Node Type": "Hash Join",
                                                      "Parent Relationship": "Outer",
                                                      "Parallel Aware": true,
                                                      "Async Capable": false,
                                                      "Join Type": "Left",
                                                      "Startup Cost": 49313.15,
                                                      "Total Cost": 509089.08,
                                                      "Plan Rows": 2532,
                                                      "Plan Width": 36,
                                                      "Inner Unique": false,
                                                      "Hash Cond": "((catalog_sales.cs_item_sk = catalog_returns.cr_item_sk) AND (catalog_sales.cs_order_number = catalog_returns.cr_order_number))",
                                                      "Plans": [
                                                        {
                                                          "Node Type": "Hash Join",
                                                          "Parent Relationship": "Outer",
                                                          "Parallel Aware": true,
                                                          "Async Capable": false,
                                                          "Join Type": "Inner",
                                                          "Startup Cost": 2049.78,
                                                          "Total Cost": 458254.7,
                                                          "Plan Rows": 2532,
                                                          "Plan Width": 28,
                                                          "Inner Unique": false,
                                                          "Hash Cond": "(catalog_sales.cs_sold_date_sk = date_dim_1.d_date_sk)",
                                                          "Plans": [
                                                            {
                                                              "Node Type": "Seq Scan",
                                                              "Parent Relationship": "Outer",
                                                              "Parallel Aware": true,
                                                              "Async Capable": false,
                                                              "Relation Name": "catalog_sales",
                                                              "Alias": "catalog_sales",
                                                              "Startup Cost": 0.0,
                                                              "Total Cost": 433688.25,
                                                              "Plan Rows": 6000525,
                                                              "Plan Width": 32,
                                                              "parent": 34,
                                                              "ID": 35
                                                            },
                                                            {
                                                              "Node Type": "Hash",
                                                              "Parent Relationship": "Inner",
                                                              "Parallel Aware": true,
                                                              "Async Capable": false,
                                                              "Startup Cost": 2049.55,
                                                              "Total Cost": 2049.55,
                                                              "Plan Rows": 18,
                                                              "Plan Width": 4,
                                                              "Plans": [
                                                                {
                                                                  "Node Type": "Seq Scan",
                                                                  "Parent Relationship": "Outer",
                                                                  "Parallel Aware": true,
                                                                  "Async Capable": false,
                                                                  "Relation Name": "date_dim",
                                                                  "Alias": "date_dim_1",
                                                                  "Startup Cost": 0.0,
                                                                  "Total Cost": 2049.55,
                                                                  "Plan Rows": 18,
                                                                  "Plan Width": 4,
                                                                  "Filter": "((d_date >= '2000-08-02'::date) AND (d_date <= '2000-09-01 00:00:00'::timestamp without time zone))",
                                                                  "parent": 36,
                                                                  "ID": 37
                                                                }
                                                              ],
                                                              "parent": 34,
                                                              "ID": 36,
                                                              "left": 37
                                                            }
                                                          ],
                                                          "parent": 33,
                                                          "ID": 34,
                                                          "left": 35,
                                                          "right": 36
                                                        },
                                                        {
                                                          "Node Type": "Hash",
                                                          "Parent Relationship": "Inner",
                                                          "Parallel Aware": true,
                                                          "Async Capable": false,
                                                          "Startup Cost": 34748.95,
                                                          "Total Cost": 34748.95,
                                                          "Plan Rows": 599895,
                                                          "Plan Width": 20,
                                                          "Plans": [
                                                            {
                                                              "Node Type": "Seq Scan",
                                                              "Parent Relationship": "Outer",
                                                              "Parallel Aware": true,
                                                              "Async Capable": false,
                                                              "Relation Name": "catalog_returns",
                                                              "Alias": "catalog_returns",
                                                              "Startup Cost": 0.0,
                                                              "Total Cost": 34748.95,
                                                              "Plan Rows": 599895,
                                                              "Plan Width": 20,
                                                              "parent": 38,
                                                              "ID": 39
                                                            }
                                                          ],
                                                          "parent": 33,
                                                          "ID": 38,
                                                          "left": 39
                                                        }
                                                      ],
                                                      "parent": 32,
                                                      "ID": 33,
                                                      "left": 34,
                                                      "right": 38
                                                    },
                                                    {
                                                      "Node Type": "Hash",
                                                      "Parent Relationship": "Inner",
                                                      "Parallel Aware": true,
                                                      "Async Capable": false,
                                                      "Startup Cost": 7495.25,
                                                      "Total Cost": 7495.25,
                                                      "Plan Rows": 2442,
                                                      "Plan Width": 4,
                                                      "Plans": [
                                                        {
                                                          "Node Type": "Seq Scan",
                                                          "Parent Relationship": "Outer",
                                                          "Parallel Aware": true,
                                                          "Async Capable": false,
                                                          "Relation Name": "item",
                                                          "Alias": "item_1",
                                                          "Startup Cost": 0.0,
                                                          "Total Cost": 7495.25,
                                                          "Plan Rows": 2442,
                                                          "Plan Width": 4,
                                                          "Filter": "(i_current_price > '50'::numeric)",
                                                          "parent": 40,
                                                          "ID": 41
                                                        }
                                                      ],
                                                      "parent": 32,
                                                      "ID": 40,
                                                      "left": 41
                                                    }
                                                  ],
                                                  "parent": 31,
                                                  "ID": 32,
                                                  "left": 33,
                                                  "right": 40
                                                },
                                                {
                                                  "Node Type": "Hash",
                                                  "Parent Relationship": "Inner",
                                                  "Parallel Aware": false,
                                                  "Async Capable": false,
                                                  "Startup Cost": 19.25,
                                                  "Total Cost": 19.25,
                                                  "Plan Rows": 492,
                                                  "Plan Width": 4,
                                                  "Plans": [
                                                    {
                                                      "Node Type": "Seq Scan",
                                                      "Parent Relationship": "Outer",
                                                      "Parallel Aware": false,
                                                      "Async Capable": false,
                                                      "Relation Name": "promotion",
                                                      "Alias": "promotion_1",
                                                      "Startup Cost": 0.0,
                                                      "Total Cost": 19.25,
                                                      "Plan Rows": 492,
                                                      "Plan Width": 4,
                                                      "Filter": "(p_channel_tv = 'N'::bpchar)",
                                                      "parent": 42,
                                                      "ID": 43
                                                    }
                                                  ],
                                                  "parent": 31,
                                                  "ID": 42,
                                                  "left": 43
                                                }
                                              ],
                                              "parent": 30,
                                              "ID": 31,
                                              "left": 32,
                                              "right": 42
                                            },
                                            {
                                              "Node Type": "Hash",
                                              "Parent Relationship": "Inner",
                                              "Parallel Aware": false,
                                              "Async Capable": false,
                                              "Startup Cost": 368.0,
                                              "Total Cost": 368.0,
                                              "Plan Rows": 12000,
                                              "Plan Width": 21,
                                              "Plans": [
                                                {
                                                  "Node Type": "Seq Scan",
                                                  "Parent Relationship": "Outer",
                                                  "Parallel Aware": false,
                                                  "Async Capable": false,
                                                  "Relation Name": "catalog_page",
                                                  "Alias": "catalog_page",
                                                  "Startup Cost": 0.0,
                                                  "Total Cost": 368.0,
                                                  "Plan Rows": 12000,
                                                  "Plan Width": 21,
                                                  "parent": 44,
                                                  "ID": 45
                                                }
                                              ],
                                              "parent": 30,
                                              "ID": 44,
                                              "left": 45
                                            }
                                          ],
                                          "parent": 29,
                                          "ID": 30,
                                          "left": 31,
                                          "right": 44
                                        }
                                      ],
                                      "parent": 28,
                                      "ID": 29,
                                      "left": 30
                                    }
                                  ],
                                  "parent": 27,
                                  "ID": 28,
                                  "left": 29
                                }
                              ],
                              "parent": 26,
                              "ID": 27,
                              "left": 28
                            }
                          ],
                          "parent": 25,
                          "ID": 26,
                          "left": 27
                        }
                      ],
                      "parent": 3,
                      "ID": 25,
                      "left": 26
                    },
                    {
                      "Node Type": "Subquery Scan",
                      "Parent Relationship": "Member",
                      "Parallel Aware": false,
                      "Async Capable": false,
                      "Alias": "wsr",
                      "Startup Cost": 263919.04,
                      "Total Cost": 263926.75,
                      "Plan Rows": 21,
                      "Plan Width": 160,
                      "Plans": [
                        {
                          "Node Type": "Aggregate",
                          "Strategy": "Sorted",
                          "Partial Mode": "Finalize",
                          "Parent Relationship": "Subquery",
                          "Parallel Aware": false,
                          "Async Capable": false,
                          "Startup Cost": 263919.04,
                          "Total Cost": 263926.43,
                          "Plan Rows": 21,
                          "Plan Width": 113,
                          "Group Key": [
                            "web_site.web_site_id"
                          ],
                          "Plans": [
                            {
                              "Node Type": "Gather Merge",
                              "Parent Relationship": "Outer",
                              "Parallel Aware": false,
                              "Async Capable": false,
                              "Startup Cost": 263919.04,
                              "Total Cost": 263925.33,
                              "Plan Rows": 42,
                              "Plan Width": 113,
                              "Workers Planned": 2,
                              "Plans": [
                                {
                                  "Node Type": "Aggregate",
                                  "Strategy": "Sorted",
                                  "Partial Mode": "Partial",
                                  "Parent Relationship": "Outer",
                                  "Parallel Aware": false,
                                  "Async Capable": false,
                                  "Startup Cost": 262919.01,
                                  "Total Cost": 262920.46,
                                  "Plan Rows": 21,
                                  "Plan Width": 113,
                                  "Group Key": [
                                    "web_site.web_site_id"
                                  ],
                                  "Plans": [
                                    {
                                      "Node Type": "Sort",
                                      "Parent Relationship": "Outer",
                                      "Parallel Aware": false,
                                      "Async Capable": false,
                                      "Startup Cost": 262919.01,
                                      "Total Cost": 262919.19,
                                      "Plan Rows": 72,
                                      "Plan Width": 41,
                                      "Sort Key": [
                                        "web_site.web_site_id"
                                      ],
                                      "Plans": [
                                        {
                                          "Node Type": "Hash Join",
                                          "Parent Relationship": "Outer",
                                          "Parallel Aware": false,
                                          "Async Capable": false,
                                          "Join Type": "Inner",
                                          "Startup Cost": 32134.74,
                                          "Total Cost": 262916.79,
                                          "Plan Rows": 72,
                                          "Plan Width": 41,
                                          "Inner Unique": false,
                                          "Hash Cond": "(web_sales.ws_web_site_sk = web_site.web_site_sk)",
                                          "Plans": [
                                            {
                                              "Node Type": "Hash Join",
                                              "Parent Relationship": "Outer",
                                              "Parallel Aware": false,
                                              "Async Capable": false,
                                              "Join Type": "Inner",
                                              "Startup Cost": 32130.8,
                                              "Total Cost": 262911.86,
                                              "Plan Rows": 72,
                                              "Plan Width": 28,
                                              "Inner Unique": false,
                                              "Hash Cond": "(web_sales.ws_promo_sk = promotion_2.p_promo_sk)",
                                              "Plans": [
                                                {
                                                  "Node Type": "Hash Join",
                                                  "Parent Relationship": "Outer",
                                                  "Parallel Aware": true,
                                                  "Async Capable": false,
                                                  "Join Type": "Inner",
                                                  "Startup Cost": 32105.4,
                                                  "Total Cost": 262885.46,
                                                  "Plan Rows": 73,
                                                  "Plan Width": 32,
                                                  "Inner Unique": false,
                                                  "Hash Cond": "(web_sales.ws_item_sk = item_2.i_item_sk)",
                                                  "Plans": [
                                                    {
                                                      "Node Type": "Hash Join",
                                                      "Parent Relationship": "Outer",
                                                      "Parallel Aware": true,
                                                      "Async Capable": false,
                                                      "Join Type": "Left",
                                                      "Startup Cost": 24579.62,
                                                      "Total Cost": 255354.62,
                                                      "Plan Rows": 1272,
                                                      "Plan Width": 36,
                                                      "Inner Unique": false,
                                                      "Hash Cond": "((web_sales.ws_item_sk = web_returns.wr_item_sk) AND (web_sales.ws_order_number = web_returns.wr_order_number))",
                                                      "Plans": [
                                                        {
                                                          "Node Type": "Hash Join",
                                                          "Parent Relationship": "Outer",
                                                          "Parallel Aware": true,
                                                          "Async Capable": false,
                                                          "Join Type": "Inner",
                                                          "Startup Cost": 2049.78,
                                                          "Total Cost": 231041.22,
                                                          "Plan Rows": 1272,
                                                          "Plan Width": 28,
                                                          "Inner Unique": false,
                                                          "Hash Cond": "(web_sales.ws_sold_date_sk = date_dim_2.d_date_sk)",
                                                          "Plans": [
                                                            {
                                                              "Node Type": "Seq Scan",
                                                              "Parent Relationship": "Outer",
                                                              "Parallel Aware": true,
                                                              "Async Capable": false,
                                                              "Relation Name": "web_sales",
                                                              "Alias": "web_sales",
                                                              "Startup Cost": 0.0,
                                                              "Total Cost": 217737.86,
                                                              "Plan Rows": 2998986,
                                                              "Plan Width": 32,
                                                              "parent": 55,
                                                              "ID": 56
                                                            },
                                                            {
                                                              "Node Type": "Hash",
                                                              "Parent Relationship": "Inner",
                                                              "Parallel Aware": true,
                                                              "Async Capable": false,
                                                              "Startup Cost": 2049.55,
                                                              "Total Cost": 2049.55,
                                                              "Plan Rows": 18,
                                                              "Plan Width": 4,
                                                              "Plans": [
                                                                {
                                                                  "Node Type": "Seq Scan",
                                                                  "Parent Relationship": "Outer",
                                                                  "Parallel Aware": true,
                                                                  "Async Capable": false,
                                                                  "Relation Name": "date_dim",
                                                                  "Alias": "date_dim_2",
                                                                  "Startup Cost": 0.0,
                                                                  "Total Cost": 2049.55,
                                                                  "Plan Rows": 18,
                                                                  "Plan Width": 4,
                                                                  "Filter": "((d_date >= '2000-08-02'::date) AND (d_date <= '2000-09-01 00:00:00'::timestamp without time zone))",
                                                                  "parent": 57,
                                                                  "ID": 58
                                                                }
                                                              ],
                                                              "parent": 55,
                                                              "ID": 57,
                                                              "left": 58
                                                            }
                                                          ],
                                                          "parent": 54,
                                                          "ID": 55,
                                                          "left": 56,
                                                          "right": 57
                                                        },
                                                        {
                                                          "Node Type": "Hash",
                                                          "Parent Relationship": "Inner",
                                                          "Parallel Aware": true,
                                                          "Async Capable": false,
                                                          "Startup Cost": 16278.74,
                                                          "Total Cost": 16278.74,
                                                          "Plan Rows": 299674,
                                                          "Plan Width": 20,
                                                          "Plans": [
                                                            {
                                                              "Node Type": "Seq Scan",
                                                              "Parent Relationship": "Outer",
                                                              "Parallel Aware": true,
                                                              "Async Capable": false,
                                                              "Relation Name": "web_returns",
                                                              "Alias": "web_returns",
                                                              "Startup Cost": 0.0,
                                                              "Total Cost": 16278.74,
                                                              "Plan Rows": 299674,
                                                              "Plan Width": 20,
                                                              "parent": 59,
                                                              "ID": 60
                                                            }
                                                          ],
                                                          "parent": 54,
                                                          "ID": 59,
                                                          "left": 60
                                                        }
                                                      ],
                                                      "parent": 53,
                                                      "ID": 54,
                                                      "left": 55,
                                                      "right": 59
                                                    },
                                                    {
                                                      "Node Type": "Hash",
                                                      "Parent Relationship": "Inner",
                                                      "Parallel Aware": true,
                                                      "Async Capable": false,
                                                      "Startup Cost": 7495.25,
                                                      "Total Cost": 7495.25,
                                                      "Plan Rows": 2442,
                                                      "Plan Width": 4,
                                                      "Plans": [
                                                        {
                                                          "Node Type": "Seq Scan",
                                                          "Parent Relationship": "Outer",
                                                          "Parallel Aware": true,
                                                          "Async Capable": false,
                                                          "Relation Name": "item",
                                                          "Alias": "item_2",
                                                          "Startup Cost": 0.0,
                                                          "Total Cost": 7495.25,
                                                          "Plan Rows": 2442,
                                                          "Plan Width": 4,
                                                          "Filter": "(i_current_price > '50'::numeric)",
                                                          "parent": 61,
                                                          "ID": 62
                                                        }
                                                      ],
                                                      "parent": 53,
                                                      "ID": 61,
                                                      "left": 62
                                                    }
                                                  ],
                                                  "parent": 52,
                                                  "ID": 53,
                                                  "left": 54,
                                                  "right": 61
                                                },
                                                {
                                                  "Node Type": "Hash",
                                                  "Parent Relationship": "Inner",
                                                  "Parallel Aware": false,
                                                  "Async Capable": false,
                                                  "Startup Cost": 19.25,
                                                  "Total Cost": 19.25,
                                                  "Plan Rows": 492,
                                                  "Plan Width": 4,
                                                  "Plans": [
                                                    {
                                                      "Node Type": "Seq Scan",
                                                      "Parent Relationship": "Outer",
                                                      "Parallel Aware": false,
                                                      "Async Capable": false,
                                                      "Relation Name": "promotion",
                                                      "Alias": "promotion_2",
                                                      "Startup Cost": 0.0,
                                                      "Total Cost": 19.25,
                                                      "Plan Rows": 492,
                                                      "Plan Width": 4,
                                                      "Filter": "(p_channel_tv = 'N'::bpchar)",
                                                      "parent": 63,
                                                      "ID": 64
                                                    }
                                                  ],
                                                  "parent": 52,
                                                  "ID": 63,
                                                  "left": 64
                                                }
                                              ],
                                              "parent": 51,
                                              "ID": 52,
                                              "left": 53,
                                              "right": 63
                                            },
                                            {
                                              "Node Type": "Hash",
                                              "Parent Relationship": "Inner",
                                              "Parallel Aware": false,
                                              "Async Capable": false,
                                              "Startup Cost": 3.42,
                                              "Total Cost": 3.42,
                                              "Plan Rows": 42,
                                              "Plan Width": 21,
                                              "Plans": [
                                                {
                                                  "Node Type": "Seq Scan",
                                                  "Parent Relationship": "Outer",
                                                  "Parallel Aware": false,
                                                  "Async Capable": false,
                                                  "Relation Name": "web_site",
                                                  "Alias": "web_site",
                                                  "Startup Cost": 0.0,
                                                  "Total Cost": 3.42,
                                                  "Plan Rows": 42,
                                                  "Plan Width": 21,
                                                  "parent": 65,
                                                  "ID": 66
                                                }
                                              ],
                                              "parent": 51,
                                              "ID": 65,
                                              "left": 66
                                            }
                                          ],
                                          "parent": 50,
                                          "ID": 51,
                                          "left": 52,
                                          "right": 65
                                        }
                                      ],
                                      "parent": 49,
                                      "ID": 50,
                                      "left": 51
                                    }
                                  ],
                                  "parent": 48,
                                  "ID": 49,
                                  "left": 50
                                }
                              ],
                              "parent": 47,
                              "ID": 48,
                              "left": 49
                            }
                          ],
                          "parent": 46,
                          "ID": 47,
                          "left": 48
                        }
                      ],
                      "parent": 3,
                      "ID": 46,
                      "left": 47
                    }
                  ],
                  "parent": 2,
                  "ID": 3,
                  "left": 4,
                  "right": 25
                }
              ],
              "parent": 1,
              "ID": 2,
              "left": 3
            }
          ],
          "parent": 0,
          "ID": 1,
          "left": 2
        }
      ],
      "parent": null,
      "ID": 0,
      "left": 1
    },
    "feat": {
      "utility": 2.162871109418248e-06,
      "query_shape": [
        [
          "Seq Scan",
          "Hash Join",
          "Sort",
          "Aggregate",
          "Gather Merge",
          "Subquery Scan",
          "Append"
        ],
        [
          "Seq Scan",
          "Hash",
          "Hash Join",
          "Sort",
          "Aggregate",
          "Gather Merge",
          "Subquery Scan",
          "Append"
        ],
        [
          "Seq Scan",
          "Hash",
          "Hash Join",
          "Sort",
          "Aggregate",
          "Gather Merge",
          "Subquery Scan",
          "Append"
        ],
        [
          "Seq Scan",
          "Hash",
          "Hash Join",
          "Sort",
          "Aggregate",
          "Gather Merge",
          "Subquery Scan",
          "Append"
        ],
        [
          "Seq Scan",
          "Hash",
          "Hash Join",
          "Sort",
          "Aggregate",
          "Gather Merge",
          "Subquery Scan",
          "Append"
        ],
        [
          "Seq Scan",
          "Hash",
          "Hash Join",
          "Sort",
          "Aggregate",
          "Gather Merge",
          "Subquery Scan",
          "Append"
        ],
        [
          "Seq Scan",
          "Hash Join",
          "Sort",
          "Aggregate",
          "Gather Merge",
          "Subquery Scan",
          "Append"
        ],
        [
          "Seq Scan",
          "Hash",
          "Hash Join",
          "Sort",
          "Aggregate",
          "Gather Merge",
          "Subquery Scan",
          "Append"
        ],
        [
          "Seq Scan",
          "Hash",
          "Hash Join",
          "Sort",
          "Aggregate",
          "Gather Merge",
          "Subquery Scan",
          "Append"
        ],
        [
          "Seq Scan",
          "Hash",
          "Hash Join",
          "Sort",
          "Aggregate",
          "Gather Merge",
          "Subquery Scan",
          "Append"
        ],
        [
          "Seq Scan",
          "Hash",
          "Hash Join",
          "Sort",
          "Aggregate",
          "Gather Merge",
          "Subquery Scan",
          "Append"
        ],
        [
          "Seq Scan",
          "Hash",
          "Hash Join",
          "Sort",
          "Aggregate",
          "Gather Merge",
          "Subquery Scan",
          "Append"
        ],
        [
          "Seq Scan",
          "Hash Join",
          "Sort",
          "Aggregate",
          "Gather Merge",
          "Subquery Scan",
          "Append"
        ],
        [
          "Seq Scan",
          "Hash",
          "Hash Join",
          "Sort",
          "Aggregate",
          "Gather Merge",
          "Subquery Scan",
          "Append"
        ],
        [
          "Seq Scan",
          "Hash",
          "Hash Join",
          "Sort",
          "Aggregate",
          "Gather Merge",
          "Subquery Scan",
          "Append"
        ],
        [
          "Seq Scan",
          "Hash",
          "Hash Join",
          "Sort",
          "Aggregate",
          "Gather Merge",
          "Subquery Scan",
          "Append"
        ],
        [
          "Seq Scan",
          "Hash",
          "Hash Join",
          "Sort",
          "Aggregate",
          "Gather Merge",
          "Subquery Scan",
          "Append"
        ],
        [
          "Seq Scan",
          "Hash",
          "Hash Join",
          "Sort",
          "Aggregate",
          "Gather Merge",
          "Subquery Scan",
          "Append"
        ]
      ],
      "index_shape": [
        "join"
      ],
      "physical_operator": {
        "Hash Join": [
          0.009128709291752768
        ]
      }
    }
  },
  {
    "query": "with ssr as\n (select  s_store_id as store_id,\n          sum(ss_ext_sales_price) as sales,\n          sum(coalesce(sr_return_amt, 0)) as returns,\n          sum(ss_net_profit - coalesce(sr_net_loss, 0)) as profit\n  from store_sales left outer join store_returns on\n         (ss_item_sk = sr_item_sk and ss_ticket_number = sr_ticket_number),\n     date_dim,\n     store,\n     item,\n     promotion\n where ss_sold_date_sk = d_date_sk\n       and d_date between cast('2000-08-02' as date) \n                  and (cast('2000-08-02' as date) +  interval '30 days')\n       and ss_store_sk = s_store_sk\n       and ss_item_sk = i_item_sk\n       and i_current_price > 50\n       and ss_promo_sk = p_promo_sk\n       and p_channel_tv = 'N'\n group by s_store_id)\n ,\n csr as\n (select  cp_catalog_page_id as catalog_page_id,\n          sum(cs_ext_sales_price) as sales,\n          sum(coalesce(cr_return_amount, 0)) as returns,\n          sum(cs_net_profit - coalesce(cr_net_loss, 0)) as profit\n  from catalog_sales left outer join catalog_returns on\n         (cs_item_sk = cr_item_sk and cs_order_number = cr_order_number),\n     date_dim,\n     catalog_page,\n     item,\n     promotion\n where cs_sold_date_sk = d_date_sk\n       and d_date between cast('2000-08-02' as date)\n                  and (cast('2000-08-02' as date) +  interval '30 days')\n        and cs_catalog_page_sk = cp_catalog_page_sk\n       and cs_item_sk = i_item_sk\n       and i_current_price > 50\n       and cs_promo_sk = p_promo_sk\n       and p_channel_tv = 'N'\ngroup by cp_catalog_page_id)\n ,\n wsr as\n (select  web_site_id,\n          sum(ws_ext_sales_price) as sales,\n          sum(coalesce(wr_return_amt, 0)) as returns,\n          sum(ws_net_profit - coalesce(wr_net_loss, 0)) as profit\n  from web_sales left outer join web_returns on\n         (ws_item_sk = wr_item_sk and ws_order_number = wr_order_number),\n     date_dim,\n     web_site,\n     item,\n     promotion\n where ws_sold_date_sk = d_date_sk\n       and d_date between cast('2000-08-02' as date)\n                  and (cast('2000-08-02' as date) +  interval '30 days')\n        and ws_web_site_sk = web_site_sk\n       and ws_item_sk = i_item_sk\n       and i_current_price > 50\n       and ws_promo_sk = p_promo_sk\n       and p_channel_tv = 'N'\ngroup by web_site_id)\n  select  channel\n        , id\n        , sum(sales) as sales\n        , sum(returns) as returns\n        , sum(profit) as profit\n from \n (select 'store channel' as channel\n        , 'store' || store_id as id\n        , sales\n        , returns\n        , profit\n from   ssr\n union all\n select 'catalog channel' as channel\n        , 'catalog_page' || catalog_page_id as id\n        , sales\n        , returns\n        , profit\n from  csr\n union all\n select 'web channel' as channel\n        , 'web_site' || web_site_id as id\n        , sales\n        , returns\n        , profit\n from   wsr\n ) x\n group by rollup (channel, id)\n order by channel\n         ,id\n limit 100;\n\n-- end query 61 in stream 4 using template query80.tpl\n",
    "indexes": "catalog_sales.cs_item_sk",
    "wo plan est": {
      "Node Type": "Limit",
      "Parallel Aware": false,
      "Async Capable": false,
      "Startup Cost": 1566793.64,
      "Total Cost": 1566796.93,
      "Plan Rows": 100,
      "Plan Width": 160,
      "Plans": [
        {
          "Node Type": "Aggregate",
          "Strategy": "Sorted",
          "Partial Mode": "Simple",
          "Parent Relationship": "Outer",
          "Parallel Aware": false,
          "Async Capable": false,
          "Startup Cost": 1566793.64,
          "Total Cost": 1566806.84,
          "Plan Rows": 401,
          "Plan Width": 160,
          "Grouping Sets": [
            {
              "Group Keys": [
                [
                  "('store channel'::text)",
                  "(('store'::text || (ssr.store_id)::text))"
                ],
                [
                  "('store channel'::text)"
                ],
                []
              ]
            }
          ],
          "Plans": [
            {
              "Node Type": "Sort",
              "Parent Relationship": "Outer",
              "Parallel Aware": false,
              "Async Capable": false,
              "Startup Cost": 1566793.64,
              "Total Cost": 1566794.67,
              "Plan Rows": 412,
              "Plan Width": 160,
              "Sort Key": [
                "('store channel'::text)",
                "(('store'::text || (ssr.store_id)::text))"
              ],
              "Plans": [
                {
                  "Node Type": "Append",
                  "Parent Relationship": "Outer",
                  "Parallel Aware": false,
                  "Async Capable": false,
                  "Startup Cost": 784596.3,
                  "Total Cost": 1566775.74,
                  "Plan Rows": 412,
                  "Plan Width": 160,
                  "Subplans Removed": 0,
                  "Plans": [
                    {
                      "Node Type": "Subquery Scan",
                      "Parent Relationship": "Member",
                      "Parallel Aware": false,
                      "Async Capable": false,
                      "Alias": "ssr",
                      "Startup Cost": 784596.3,
                      "Total Cost": 784616.16,
                      "Plan Rows": 51,
                      "Plan Width": 160,
                      "Plans": [
                        {
                          "Node Type": "Aggregate",
                          "Strategy": "Sorted",
                          "Partial Mode": "Finalize",
                          "Parent Relationship": "Subquery",
                          "Parallel Aware": false,
                          "Async Capable": false,
                          "Startup Cost": 784596.3,
                          "Total Cost": 784615.39,
                          "Plan Rows": 51,
                          "Plan Width": 113,
                          "Group Key": [
                            "store.s_store_id"
                          ],
                          "Plans": [
                            {
                              "Node Type": "Gather Merge",
                              "Parent Relationship": "Outer",
                              "Parallel Aware": false,
                              "Async Capable": false,
                              "Startup Cost": 784596.3,
                              "Total Cost": 784612.71,
                              "Plan Rows": 102,
                              "Plan Width": 113,
                              "Workers Planned": 2,
                              "Plans": [
                                {
                                  "Node Type": "Aggregate",
                                  "Strategy": "Sorted",
                                  "Partial Mode": "Partial",
                                  "Parent Relationship": "Outer",
                                  "Parallel Aware": false,
                                  "Async Capable": false,
                                  "Startup Cost": 783596.27,
                                  "Total Cost": 783600.92,
                                  "Plan Rows": 51,
                                  "Plan Width": 113,
                                  "Group Key": [
                                    "store.s_store_id"
                                  ],
                                  "Plans": [
                                    {
                                      "Node Type": "Sort",
                                      "Parent Relationship": "Outer",
                                      "Parallel Aware": false,
                                      "Async Capable": false,
                                      "Startup Cost": 783596.27,
                                      "Total Cost": 783596.9,
                                      "Plan Rows": 250,
                                      "Plan Width": 41,
                                      "Sort Key": [
                                        "store.s_store_id"
                                      ],
                                      "Plans": [
                                        {
                                          "Node Type": "Hash Join",
                                          "Parent Relationship": "Outer",
                                          "Parallel Aware": false,
                                          "Async Capable": false,
                                          "Join Type": "Inner",
                                          "Startup Cost": 94489.35,
                                          "Total Cost": 783586.32,
                                          "Plan Rows": 250,
                                          "Plan Width": 41,
                                          "Inner Unique": false,
                                          "Hash Cond": "(store_sales.ss_store_sk = store.s_store_sk)",
                                          "Plans": [
                                            {
                                              "Node Type": "Hash Join",
                                              "Parent Relationship": "Outer",
                                              "Parallel Aware": false,
                                              "Async Capable": false,
                                              "Join Type": "Inner",
                                              "Startup Cost": 94482.05,
                                              "Total Cost": 783575.54,
                                              "Plan Rows": 262,
                                              "Plan Width": 28,
                                              "Inner Unique": false,
                                              "Hash Cond": "(store_sales.ss_promo_sk = promotion.p_promo_sk)",
                                              "Plans": [
                                                {
                                                  "Node Type": "Hash Join",
                                                  "Parent Relationship": "Outer",
                                                  "Parallel Aware": true,
                                                  "Async Capable": false,
                                                  "Join Type": "Inner",
                                                  "Startup Cost": 94456.65,
                                                  "Total Cost": 783546.47,
                                                  "Plan Rows": 279,
                                                  "Plan Width": 32,
                                                  "Inner Unique": false,
                                                  "Hash Cond": "(store_sales.ss_item_sk = item.i_item_sk)",
                                                  "Plans": [
                                                    {
                                                      "Node Type": "Hash Join",
                                                      "Parent Relationship": "Outer",
                                                      "Parallel Aware": true,
                                                      "Async Capable": false,
                                                      "Join Type": "Left",
                                                      "Startup Cost": 86930.88,
                                                      "Total Cost": 776001.31,
                                                      "Plan Rows": 4860,
                                                      "Plan Width": 36,
                                                      "Inner Unique": false,
                                                      "Hash Cond": "((store_sales.ss_item_sk = store_returns.sr_item_sk) AND (store_sales.ss_ticket_number = store_returns.sr_ticket_number))",
                                                      "Plans": [
                                                        {
                                                          "Node Type": "Hash Join",
                                                          "Parent Relationship": "Outer",
                                                          "Parallel Aware": true,
                                                          "Async Capable": false,
                                                          "Join Type": "Inner",
                                                          "Startup Cost": 2049.78,
                                                          "Total Cost": 683994.75,
                                                          "Plan Rows": 4860,
                                                          "Plan Width": 28,
                                                          "Inner Unique": false,
                                                          "Hash Cond": "(store_sales.ss_sold_date_sk = date_dim.d_date_sk)",
                                                          "Plans": [
                                                            {
                                                              "Node Type": "Seq Scan",
                                                              "Parent Relationship": "Outer",
                                                              "Parallel Aware": true,
                                                              "Async Capable": false,
                                                              "Relation Name": "store_sales",
                                                              "Alias": "store_sales",
                                                              "Startup Cost": 0.0,
                                                              "Total Cost": 636914.37,
                                                              "Plan Rows": 12000637,
                                                              "Plan Width": 32,
                                                              "parent": 13,
                                                              "ID": 14
                                                            },
                                                            {
                                                              "Node Type": "Hash",
                                                              "Parent Relationship": "Inner",
                                                              "Parallel Aware": true,
                                                              "Async Capable": false,
                                                              "Startup Cost": 2049.55,
                                                              "Total Cost": 2049.55,
                                                              "Plan Rows": 18,
                                                              "Plan Width": 4,
                                                              "Plans": [
                                                                {
                                                                  "Node Type": "Seq Scan",
                                                                  "Parent Relationship": "Outer",
                                                                  "Parallel Aware": true,
                                                                  "Async Capable": false,
                                                                  "Relation Name": "date_dim",
                                                                  "Alias": "date_dim",
                                                                  "Startup Cost": 0.0,
                                                                  "Total Cost": 2049.55,
                                                                  "Plan Rows": 18,
                                                                  "Plan Width": 4,
                                                                  "Filter": "((d_date >= '2000-08-02'::date) AND (d_date <= '2000-09-01 00:00:00'::timestamp without time zone))",
                                                                  "parent": 15,
                                                                  "ID": 16
                                                                }
                                                              ],
                                                              "parent": 13,
                                                              "ID": 15,
                                                              "left": 16
                                                            }
                                                          ],
                                                          "parent": 12,
                                                          "ID": 13,
                                                          "left": 14,
                                                          "right": 15
                                                        },
                                                        {
                                                          "Node Type": "Hash",
                                                          "Parent Relationship": "Inner",
                                                          "Parallel Aware": true,
                                                          "Async Capable": false,
                                                          "Startup Cost": 59887.64,
                                                          "Total Cost": 59887.64,
                                                          "Plan Rows": 1198164,
                                                          "Plan Width": 20,
                                                          "Plans": [
                                                            {
                                                              "Node Type": "Seq Scan",
                                                              "Parent Relationship": "Outer",
                                                              "Parallel Aware": true,
                                                              "Async Capable": false,
                                                              "Relation Name": "store_returns",
                                                              "Alias": "store_returns",
                                                              "Startup Cost": 0.0,
                                                              "Total Cost": 59887.64,
                                                              "Plan Rows": 1198164,
                                                              "Plan Width": 20,
                                                              "parent": 17,
                                                              "ID": 18
                                                            }
                                                          ],
                                                          "parent": 12,
                                                          "ID": 17,
                                                          "left": 18
                                                        }
                                                      ],
                                                      "parent": 11,
                                                      "ID": 12,
                                                      "left": 13,
                                                      "right": 17
                                                    },
                                                    {
                                                      "Node Type": "Hash",
                                                      "Parent Relationship": "Inner",
                                                      "Parallel Aware": true,
                                                      "Async Capable": false,
                                                      "Startup Cost": 7495.25,
                                                      "Total Cost": 7495.25,
                                                      "Plan Rows": 2442,
                                                      "Plan Width": 4,
                                                      "Plans": [
                                                        {
                                                          "Node Type": "Seq Scan",
                                                          "Parent Relationship": "Outer",
                                                          "Parallel Aware": true,
                                                          "Async Capable": false,
                                                          "Relation Name": "item",
                                                          "Alias": "item",
                                                          "Startup Cost": 0.0,
                                                          "Total Cost": 7495.25,
                                                          "Plan Rows": 2442,
                                                          "Plan Width": 4,
                                                          "Filter": "(i_current_price > '50'::numeric)",
                                                          "parent": 19,
                                                          "ID": 20
                                                        }
                                                      ],
                                                      "parent": 11,
                                                      "ID": 19,
                                                      "left": 20
                                                    }
                                                  ],
                                                  "parent": 10,
                                                  "ID": 11,
                                                  "left": 12,
                                                  "right": 19
                                                },
                                                {
                                                  "Node Type": "Hash",
                                                  "Parent Relationship": "Inner",
                                                  "Parallel Aware": false,
                                                  "Async Capable": false,
                                                  "Startup Cost": 19.25,
                                                  "Total Cost": 19.25,
                                                  "Plan Rows": 492,
                                                  "Plan Width": 4,
                                                  "Plans": [
                                                    {
                                                      "Node Type": "Seq Scan",
                                                      "Parent Relationship": "Outer",
                                                      "Parallel Aware": false,
                                                      "Async Capable": false,
                                                      "Relation Name": "promotion",
                                                      "Alias": "promotion",
                                                      "Startup Cost": 0.0,
                                                      "Total Cost": 19.25,
                                                      "Plan Rows": 492,
                                                      "Plan Width": 4,
                                                      "Filter": "(p_channel_tv = 'N'::bpchar)",
                                                      "parent": 21,
                                                      "ID": 22
                                                    }
                                                  ],
                                                  "parent": 10,
                                                  "ID": 21,
                                                  "left": 22
                                                }
                                              ],
                                              "parent": 9,
                                              "ID": 10,
                                              "left": 11,
                                              "right": 21
                                            },
                                            {
                                              "Node Type": "Hash",
                                              "Parent Relationship": "Inner",
                                              "Parallel Aware": false,
                                              "Async Capable": false,
                                              "Startup Cost": 6.02,
                                              "Total Cost": 6.02,
                                              "Plan Rows": 102,
                                              "Plan Width": 21,
                                              "Plans": [
                                                {
                                                  "Node Type": "Seq Scan",
                                                  "Parent Relationship": "Outer",
                                                  "Parallel Aware": false,
                                                  "Async Capable": false,
                                                  "Relation Name": "store",
                                                  "Alias": "store",
                                                  "Startup Cost": 0.0,
                                                  "Total Cost": 6.02,
                                                  "Plan Rows": 102,
                                                  "Plan Width": 21,
                                                  "parent": 23,
                                                  "ID": 24
                                                }
                                              ],
                                              "parent": 9,
                                              "ID": 23,
                                              "left": 24
                                            }
                                          ],
                                          "parent": 8,
                                          "ID": 9,
                                          "left": 10,
                                          "right": 23
                                        }
                                      ],
                                      "parent": 7,
                                      "ID": 8,
                                      "left": 9
                                    }
                                  ],
                                  "parent": 6,
                                  "ID": 7,
                                  "left": 8
                                }
                              ],
                              "parent": 5,
                              "ID": 6,
                              "left": 7
                            }
                          ],
                          "parent": 4,
                          "ID": 5,
                          "left": 6
                        }
                      ],
                      "parent": 3,
                      "ID": 4,
                      "left": 5
                    },
                    {
                      "Node Type": "Subquery Scan",
                      "Parent Relationship": "Member",
                      "Parallel Aware": false,
                      "Async Capable": false,
                      "Alias": "csr",
                      "Startup Cost": 518177.36,
                      "Total Cost": 518230.78,
                      "Plan Rows": 340,
                      "Plan Width": 160,
                      "Plans": [
                        {
                          "Node Type": "Aggregate",
                          "Strategy": "Sorted",
                          "Partial Mode": "Finalize",
                          "Parent Relationship": "Subquery",
                          "Parallel Aware": false,
                          "Async Capable": false,
                          "Startup Cost": 518177.36,
                          "Total Cost": 518225.68,
                          "Plan Rows": 340,
                          "Plan Width": 113,
                          "Group Key": [
                            "catalog_page.cp_catalog_page_id"
                          ],
                          "Plans": [
                            {
                              "Node Type": "Gather Merge",
                              "Parent Relationship": "Outer",
                              "Parallel Aware": false,
                              "Async Capable": false,
                              "Startup Cost": 518177.36,
                              "Total Cost": 518214.76,
                              "Plan Rows": 284,
                              "Plan Width": 113,
                              "Workers Planned": 2,
                              "Plans": [
                                {
                                  "Node Type": "Aggregate",
                                  "Strategy": "Sorted",
                                  "Partial Mode": "Partial",
                                  "Parent Relationship": "Outer",
                                  "Parallel Aware": false,
                                  "Async Capable": false,
                                  "Startup Cost": 517177.34,
                                  "Total Cost": 517181.95,
                                  "Plan Rows": 142,
                                  "Plan Width": 113,
                                  "Group Key": [
                                    "catalog_page.cp_catalog_page_id"
                                  ],
                                  "Plans": [
                                    {
                                      "Node Type": "Sort",
                                      "Parent Relationship": "Outer",
                                      "Parallel Aware": false,
                                      "Async Capable": false,
                                      "Startup Cost": 517177.34,
                                      "Total Cost": 517177.69,
                                      "Plan Rows": 142,
                                      "Plan Width": 41,
                                      "Sort Key": [
                                        "catalog_page.cp_catalog_page_id"
                                      ],
                                      "Plans": [
                                        {
                                          "Node Type": "Hash Join",
                                          "Parent Relationship": "Outer",
                                          "Parallel Aware": false,
                                          "Async Capable": false,
                                          "Join Type": "Inner",
                                          "Startup Cost": 57382.33,
                                          "Total Cost": 517172.26,
                                          "Plan Rows": 142,
                                          "Plan Width": 41,
                                          "Inner Unique": false,
                                          "Hash Cond": "(catalog_sales.cs_catalog_page_sk = catalog_page.cp_catalog_page_sk)",
                                          "Plans": [
                                            {
                                              "Node Type": "Hash Join",
                                              "Parent Relationship": "Outer",
                                              "Parallel Aware": false,
                                              "Async Capable": false,
                                              "Join Type": "Inner",
                                              "Startup Cost": 56864.33,
                                              "Total Cost": 516652.32,
                                              "Plan Rows": 142,
                                              "Plan Width": 28,
                                              "Inner Unique": false,
                                              "Hash Cond": "(catalog_sales.cs_promo_sk = promotion_1.p_promo_sk)",
                                              "Plans": [
                                                {
                                                  "Node Type": "Hash Join",
                                                  "Parent Relationship": "Outer",
                                                  "Parallel Aware": true,
                                                  "Async Capable": false,
                                                  "Join Type": "Inner",
                                                  "Startup Cost": 56838.93,
                                                  "Total Cost": 516624.96,
                                                  "Plan Rows": 145,
                                                  "Plan Width": 32,
                                                  "Inner Unique": false,
                                                  "Hash Cond": "(catalog_sales.cs_item_sk = item_1.i_item_sk)",
                                                  "Plans": [
                                                    {
                                                      "Node Type": "Hash Join",
                                                      "Parent Relationship": "Outer",
                                                      "Parallel Aware": true,
                                                      "Async Capable": false,
                                                      "Join Type": "Left",
                                                      "Startup Cost": 49313.15,
                                                      "Total Cost": 509089.08,
                                                      "Plan Rows": 2532,
                                                      "Plan Width": 36,
                                                      "Inner Unique": false,
                                                      "Hash Cond": "((catalog_sales.cs_item_sk = catalog_returns.cr_item_sk) AND (catalog_sales.cs_order_number = catalog_returns.cr_order_number))",
                                                      "Plans": [
                                                        {
                                                          "Node Type": "Hash Join",
                                                          "Parent Relationship": "Outer",
                                                          "Parallel Aware": true,
                                                          "Async Capable": false,
                                                          "Join Type": "Inner",
                                                          "Startup Cost": 2049.78,
                                                          "Total Cost": 458254.7,
                                                          "Plan Rows": 2532,
                                                          "Plan Width": 28,
                                                          "Inner Unique": false,
                                                          "Hash Cond": "(catalog_sales.cs_sold_date_sk = date_dim_1.d_date_sk)",
                                                          "Plans": [
                                                            {
                                                              "Node Type": "Seq Scan",
                                                              "Parent Relationship": "Outer",
                                                              "Parallel Aware": true,
                                                              "Async Capable": false,
                                                              "Relation Name": "catalog_sales",
                                                              "Alias": "catalog_sales",
                                                              "Startup Cost": 0.0,
                                                              "Total Cost": 433688.25,
                                                              "Plan Rows": 6000525,
                                                              "Plan Width": 32,
                                                              "parent": 34,
                                                              "ID": 35
                                                            },
                                                            {
                                                              "Node Type": "Hash",
                                                              "Parent Relationship": "Inner",
                                                              "Parallel Aware": true,
                                                              "Async Capable": false,
                                                              "Startup Cost": 2049.55,
                                                              "Total Cost": 2049.55,
                                                              "Plan Rows": 18,
                                                              "Plan Width": 4,
                                                              "Plans": [
                                                                {
                                                                  "Node Type": "Seq Scan",
                                                                  "Parent Relationship": "Outer",
                                                                  "Parallel Aware": true,
                                                                  "Async Capable": false,
                                                                  "Relation Name": "date_dim",
                                                                  "Alias": "date_dim_1",
                                                                  "Startup Cost": 0.0,
                                                                  "Total Cost": 2049.55,
                                                                  "Plan Rows": 18,
                                                                  "Plan Width": 4,
                                                                  "Filter": "((d_date >= '2000-08-02'::date) AND (d_date <= '2000-09-01 00:00:00'::timestamp without time zone))",
                                                                  "parent": 36,
                                                                  "ID": 37
                                                                }
                                                              ],
                                                              "parent": 34,
                                                              "ID": 36,
                                                              "left": 37
                                                            }
                                                          ],
                                                          "parent": 33,
                                                          "ID": 34,
                                                          "left": 35,
                                                          "right": 36
                                                        },
                                                        {
                                                          "Node Type": "Hash",
                                                          "Parent Relationship": "Inner",
                                                          "Parallel Aware": true,
                                                          "Async Capable": false,
                                                          "Startup Cost": 34748.95,
                                                          "Total Cost": 34748.95,
                                                          "Plan Rows": 599895,
                                                          "Plan Width": 20,
                                                          "Plans": [
                                                            {
                                                              "Node Type": "Seq Scan",
                                                              "Parent Relationship": "Outer",
                                                              "Parallel Aware": true,
                                                              "Async Capable": false,
                                                              "Relation Name": "catalog_returns",
                                                              "Alias": "catalog_returns",
                                                              "Startup Cost": 0.0,
                                                              "Total Cost": 34748.95,
                                                              "Plan Rows": 599895,
                                                              "Plan Width": 20,
                                                              "parent": 38,
                                                              "ID": 39
                                                            }
                                                          ],
                                                          "parent": 33,
                                                          "ID": 38,
                                                          "left": 39
                                                        }
                                                      ],
                                                      "parent": 32,
                                                      "ID": 33,
                                                      "left": 34,
                                                      "right": 38
                                                    },
                                                    {
                                                      "Node Type": "Hash",
                                                      "Parent Relationship": "Inner",
                                                      "Parallel Aware": true,
                                                      "Async Capable": false,
                                                      "Startup Cost": 7495.25,
                                                      "Total Cost": 7495.25,
                                                      "Plan Rows": 2442,
                                                      "Plan Width": 4,
                                                      "Plans": [
                                                        {
                                                          "Node Type": "Seq Scan",
                                                          "Parent Relationship": "Outer",
                                                          "Parallel Aware": true,
                                                          "Async Capable": false,
                                                          "Relation Name": "item",
                                                          "Alias": "item_1",
                                                          "Startup Cost": 0.0,
                                                          "Total Cost": 7495.25,
                                                          "Plan Rows": 2442,
                                                          "Plan Width": 4,
                                                          "Filter": "(i_current_price > '50'::numeric)",
                                                          "parent": 40,
                                                          "ID": 41
                                                        }
                                                      ],
                                                      "parent": 32,
                                                      "ID": 40,
                                                      "left": 41
                                                    }
                                                  ],
                                                  "parent": 31,
                                                  "ID": 32,
                                                  "left": 33,
                                                  "right": 40
                                                },
                                                {
                                                  "Node Type": "Hash",
                                                  "Parent Relationship": "Inner",
                                                  "Parallel Aware": false,
                                                  "Async Capable": false,
                                                  "Startup Cost": 19.25,
                                                  "Total Cost": 19.25,
                                                  "Plan Rows": 492,
                                                  "Plan Width": 4,
                                                  "Plans": [
                                                    {
                                                      "Node Type": "Seq Scan",
                                                      "Parent Relationship": "Outer",
                                                      "Parallel Aware": false,
                                                      "Async Capable": false,
                                                      "Relation Name": "promotion",
                                                      "Alias": "promotion_1",
                                                      "Startup Cost": 0.0,
                                                      "Total Cost": 19.25,
                                                      "Plan Rows": 492,
                                                      "Plan Width": 4,
                                                      "Filter": "(p_channel_tv = 'N'::bpchar)",
                                                      "parent": 42,
                                                      "ID": 43
                                                    }
                                                  ],
                                                  "parent": 31,
                                                  "ID": 42,
                                                  "left": 43
                                                }
                                              ],
                                              "parent": 30,
                                              "ID": 31,
                                              "left": 32,
                                              "right": 42
                                            },
                                            {
                                              "Node Type": "Hash",
                                              "Parent Relationship": "Inner",
                                              "Parallel Aware": false,
                                              "Async Capable": false,
                                              "Startup Cost": 368.0,
                                              "Total Cost": 368.0,
                                              "Plan Rows": 12000,
                                              "Plan Width": 21,
                                              "Plans": [
                                                {
                                                  "Node Type": "Seq Scan",
                                                  "Parent Relationship": "Outer",
                                                  "Parallel Aware": false,
                                                  "Async Capable": false,
                                                  "Relation Name": "catalog_page",
                                                  "Alias": "catalog_page",
                                                  "Startup Cost": 0.0,
                                                  "Total Cost": 368.0,
                                                  "Plan Rows": 12000,
                                                  "Plan Width": 21,
                                                  "parent": 44,
                                                  "ID": 45
                                                }
                                              ],
                                              "parent": 30,
                                              "ID": 44,
                                              "left": 45
                                            }
                                          ],
                                          "parent": 29,
                                          "ID": 30,
                                          "left": 31,
                                          "right": 44
                                        }
                                      ],
                                      "parent": 28,
                                      "ID": 29,
                                      "left": 30
                                    }
                                  ],
                                  "parent": 27,
                                  "ID": 28,
                                  "left": 29
                                }
                              ],
                              "parent": 26,
                              "ID": 27,
                              "left": 28
                            }
                          ],
                          "parent": 25,
                          "ID": 26,
                          "left": 27
                        }
                      ],
                      "parent": 3,
                      "ID": 25,
                      "left": 26
                    },
                    {
                      "Node Type": "Subquery Scan",
                      "Parent Relationship": "Member",
                      "Parallel Aware": false,
                      "Async Capable": false,
                      "Alias": "wsr",
                      "Startup Cost": 263919.04,
                      "Total Cost": 263926.75,
                      "Plan Rows": 21,
                      "Plan Width": 160,
                      "Plans": [
                        {
                          "Node Type": "Aggregate",
                          "Strategy": "Sorted",
                          "Partial Mode": "Finalize",
                          "Parent Relationship": "Subquery",
                          "Parallel Aware": false,
                          "Async Capable": false,
                          "Startup Cost": 263919.04,
                          "Total Cost": 263926.43,
                          "Plan Rows": 21,
                          "Plan Width": 113,
                          "Group Key": [
                            "web_site.web_site_id"
                          ],
                          "Plans": [
                            {
                              "Node Type": "Gather Merge",
                              "Parent Relationship": "Outer",
                              "Parallel Aware": false,
                              "Async Capable": false,
                              "Startup Cost": 263919.04,
                              "Total Cost": 263925.33,
                              "Plan Rows": 42,
                              "Plan Width": 113,
                              "Workers Planned": 2,
                              "Plans": [
                                {
                                  "Node Type": "Aggregate",
                                  "Strategy": "Sorted",
                                  "Partial Mode": "Partial",
                                  "Parent Relationship": "Outer",
                                  "Parallel Aware": false,
                                  "Async Capable": false,
                                  "Startup Cost": 262919.01,
                                  "Total Cost": 262920.46,
                                  "Plan Rows": 21,
                                  "Plan Width": 113,
                                  "Group Key": [
                                    "web_site.web_site_id"
                                  ],
                                  "Plans": [
                                    {
                                      "Node Type": "Sort",
                                      "Parent Relationship": "Outer",
                                      "Parallel Aware": false,
                                      "Async Capable": false,
                                      "Startup Cost": 262919.01,
                                      "Total Cost": 262919.19,
                                      "Plan Rows": 72,
                                      "Plan Width": 41,
                                      "Sort Key": [
                                        "web_site.web_site_id"
                                      ],
                                      "Plans": [
                                        {
                                          "Node Type": "Hash Join",
                                          "Parent Relationship": "Outer",
                                          "Parallel Aware": false,
                                          "Async Capable": false,
                                          "Join Type": "Inner",
                                          "Startup Cost": 32134.74,
                                          "Total Cost": 262916.79,
                                          "Plan Rows": 72,
                                          "Plan Width": 41,
                                          "Inner Unique": false,
                                          "Hash Cond": "(web_sales.ws_web_site_sk = web_site.web_site_sk)",
                                          "Plans": [
                                            {
                                              "Node Type": "Hash Join",
                                              "Parent Relationship": "Outer",
                                              "Parallel Aware": false,
                                              "Async Capable": false,
                                              "Join Type": "Inner",
                                              "Startup Cost": 32130.8,
                                              "Total Cost": 262911.86,
                                              "Plan Rows": 72,
                                              "Plan Width": 28,
                                              "Inner Unique": false,
                                              "Hash Cond": "(web_sales.ws_promo_sk = promotion_2.p_promo_sk)",
                                              "Plans": [
                                                {
                                                  "Node Type": "Hash Join",
                                                  "Parent Relationship": "Outer",
                                                  "Parallel Aware": true,
                                                  "Async Capable": false,
                                                  "Join Type": "Inner",
                                                  "Startup Cost": 32105.4,
                                                  "Total Cost": 262885.46,
                                                  "Plan Rows": 73,
                                                  "Plan Width": 32,
                                                  "Inner Unique": false,
                                                  "Hash Cond": "(web_sales.ws_item_sk = item_2.i_item_sk)",
                                                  "Plans": [
                                                    {
                                                      "Node Type": "Hash Join",
                                                      "Parent Relationship": "Outer",
                                                      "Parallel Aware": true,
                                                      "Async Capable": false,
                                                      "Join Type": "Left",
                                                      "Startup Cost": 24579.62,
                                                      "Total Cost": 255354.62,
                                                      "Plan Rows": 1272,
                                                      "Plan Width": 36,
                                                      "Inner Unique": false,
                                                      "Hash Cond": "((web_sales.ws_item_sk = web_returns.wr_item_sk) AND (web_sales.ws_order_number = web_returns.wr_order_number))",
                                                      "Plans": [
                                                        {
                                                          "Node Type": "Hash Join",
                                                          "Parent Relationship": "Outer",
                                                          "Parallel Aware": true,
                                                          "Async Capable": false,
                                                          "Join Type": "Inner",
                                                          "Startup Cost": 2049.78,
                                                          "Total Cost": 231041.22,
                                                          "Plan Rows": 1272,
                                                          "Plan Width": 28,
                                                          "Inner Unique": false,
                                                          "Hash Cond": "(web_sales.ws_sold_date_sk = date_dim_2.d_date_sk)",
                                                          "Plans": [
                                                            {
                                                              "Node Type": "Seq Scan",
                                                              "Parent Relationship": "Outer",
                                                              "Parallel Aware": true,
                                                              "Async Capable": false,
                                                              "Relation Name": "web_sales",
                                                              "Alias": "web_sales",
                                                              "Startup Cost": 0.0,
                                                              "Total Cost": 217737.86,
                                                              "Plan Rows": 2998986,
                                                              "Plan Width": 32,
                                                              "parent": 55,
                                                              "ID": 56
                                                            },
                                                            {
                                                              "Node Type": "Hash",
                                                              "Parent Relationship": "Inner",
                                                              "Parallel Aware": true,
                                                              "Async Capable": false,
                                                              "Startup Cost": 2049.55,
                                                              "Total Cost": 2049.55,
                                                              "Plan Rows": 18,
                                                              "Plan Width": 4,
                                                              "Plans": [
                                                                {
                                                                  "Node Type": "Seq Scan",
                                                                  "Parent Relationship": "Outer",
                                                                  "Parallel Aware": true,
                                                                  "Async Capable": false,
                                                                  "Relation Name": "date_dim",
                                                                  "Alias": "date_dim_2",
                                                                  "Startup Cost": 0.0,
                                                                  "Total Cost": 2049.55,
                                                                  "Plan Rows": 18,
                                                                  "Plan Width": 4,
                                                                  "Filter": "((d_date >= '2000-08-02'::date) AND (d_date <= '2000-09-01 00:00:00'::timestamp without time zone))",
                                                                  "parent": 57,
                                                                  "ID": 58
                                                                }
                                                              ],
                                                              "parent": 55,
                                                              "ID": 57,
                                                              "left": 58
                                                            }
                                                          ],
                                                          "parent": 54,
                                                          "ID": 55,
                                                          "left": 56,
                                                          "right": 57
                                                        },
                                                        {
                                                          "Node Type": "Hash",
                                                          "Parent Relationship": "Inner",
                                                          "Parallel Aware": true,
                                                          "Async Capable": false,
                                                          "Startup Cost": 16278.74,
                                                          "Total Cost": 16278.74,
                                                          "Plan Rows": 299674,
                                                          "Plan Width": 20,
                                                          "Plans": [
                                                            {
                                                              "Node Type": "Seq Scan",
                                                              "Parent Relationship": "Outer",
                                                              "Parallel Aware": true,
                                                              "Async Capable": false,
                                                              "Relation Name": "web_returns",
                                                              "Alias": "web_returns",
                                                              "Startup Cost": 0.0,
                                                              "Total Cost": 16278.74,
                                                              "Plan Rows": 299674,
                                                              "Plan Width": 20,
                                                              "parent": 59,
                                                              "ID": 60
                                                            }
                                                          ],
                                                          "parent": 54,
                                                          "ID": 59,
                                                          "left": 60
                                                        }
                                                      ],
                                                      "parent": 53,
                                                      "ID": 54,
                                                      "left": 55,
                                                      "right": 59
                                                    },
                                                    {
                                                      "Node Type": "Hash",
                                                      "Parent Relationship": "Inner",
                                                      "Parallel Aware": true,
                                                      "Async Capable": false,
                                                      "Startup Cost": 7495.25,
                                                      "Total Cost": 7495.25,
                                                      "Plan Rows": 2442,
                                                      "Plan Width": 4,
                                                      "Plans": [
                                                        {
                                                          "Node Type": "Seq Scan",
                                                          "Parent Relationship": "Outer",
                                                          "Parallel Aware": true,
                                                          "Async Capable": false,
                                                          "Relation Name": "item",
                                                          "Alias": "item_2",
                                                          "Startup Cost": 0.0,
                                                          "Total Cost": 7495.25,
                                                          "Plan Rows": 2442,
                                                          "Plan Width": 4,
                                                          "Filter": "(i_current_price > '50'::numeric)",
                                                          "parent": 61,
                                                          "ID": 62
                                                        }
                                                      ],
                                                      "parent": 53,
                                                      "ID": 61,
                                                      "left": 62
                                                    }
                                                  ],
                                                  "parent": 52,
                                                  "ID": 53,
                                                  "left": 54,
                                                  "right": 61
                                                },
                                                {
                                                  "Node Type": "Hash",
                                                  "Parent Relationship": "Inner",
                                                  "Parallel Aware": false,
                                                  "Async Capable": false,
                                                  "Startup Cost": 19.25,
                                                  "Total Cost": 19.25,
                                                  "Plan Rows": 492,
                                                  "Plan Width": 4,
                                                  "Plans": [
                                                    {
                                                      "Node Type": "Seq Scan",
                                                      "Parent Relationship": "Outer",
                                                      "Parallel Aware": false,
                                                      "Async Capable": false,
                                                      "Relation Name": "promotion",
                                                      "Alias": "promotion_2",
                                                      "Startup Cost": 0.0,
                                                      "Total Cost": 19.25,
                                                      "Plan Rows": 492,
                                                      "Plan Width": 4,
                                                      "Filter": "(p_channel_tv = 'N'::bpchar)",
                                                      "parent": 63,
                                                      "ID": 64
                                                    }
                                                  ],
                                                  "parent": 52,
                                                  "ID": 63,
                                                  "left": 64
                                                }
                                              ],
                                              "parent": 51,
                                              "ID": 52,
                                              "left": 53,
                                              "right": 63
                                            },
                                            {
                                              "Node Type": "Hash",
                                              "Parent Relationship": "Inner",
                                              "Parallel Aware": false,
                                              "Async Capable": false,
                                              "Startup Cost": 3.42,
                                              "Total Cost": 3.42,
                                              "Plan Rows": 42,
                                              "Plan Width": 21,
                                              "Plans": [
                                                {
                                                  "Node Type": "Seq Scan",
                                                  "Parent Relationship": "Outer",
                                                  "Parallel Aware": false,
                                                  "Async Capable": false,
                                                  "Relation Name": "web_site",
                                                  "Alias": "web_site",
                                                  "Startup Cost": 0.0,
                                                  "Total Cost": 3.42,
                                                  "Plan Rows": 42,
                                                  "Plan Width": 21,
                                                  "parent": 65,
                                                  "ID": 66
                                                }
                                              ],
                                              "parent": 51,
                                              "ID": 65,
                                              "left": 66
                                            }
                                          ],
                                          "parent": 50,
                                          "ID": 51,
                                          "left": 52,
                                          "right": 65
                                        }
                                      ],
                                      "parent": 49,
                                      "ID": 50,
                                      "left": 51
                                    }
                                  ],
                                  "parent": 48,
                                  "ID": 49,
                                  "left": 50
                                }
                              ],
                              "parent": 47,
                              "ID": 48,
                              "left": 49
                            }
                          ],
                          "parent": 46,
                          "ID": 47,
                          "left": 48
                        }
                      ],
                      "parent": 3,
                      "ID": 46,
                      "left": 47
                    }
                  ],
                  "parent": 2,
                  "ID": 3,
                  "left": 4,
                  "right": 25
                }
              ],
              "parent": 1,
              "ID": 2,
              "left": 3
            }
          ],
          "parent": 0,
          "ID": 1,
          "left": 2
        }
      ],
      "parent": null,
      "ID": 0,
      "left": 1
    },
    "feat": {
      "utility": 4.3522058043827665e-06,
      "query_shape": [
        [
          "Seq Scan",
          "Hash Join",
          "Sort",
          "Aggregate",
          "Gather Merge",
          "Subquery Scan",
          "Append"
        ],
        [
          "Seq Scan",
          "Hash",
          "Hash Join",
          "Sort",
          "Aggregate",
          "Gather Merge",
          "Subquery Scan",
          "Append"
        ],
        [
          "Seq Scan",
          "Hash",
          "Hash Join",
          "Sort",
          "Aggregate",
          "Gather Merge",
          "Subquery Scan",
          "Append"
        ],
        [
          "Seq Scan",
          "Hash",
          "Hash Join",
          "Sort",
          "Aggregate",
          "Gather Merge",
          "Subquery Scan",
          "Append"
        ],
        [
          "Seq Scan",
          "Hash",
          "Hash Join",
          "Sort",
          "Aggregate",
          "Gather Merge",
          "Subquery Scan",
          "Append"
        ],
        [
          "Seq Scan",
          "Hash",
          "Hash Join",
          "Sort",
          "Aggregate",
          "Gather Merge",
          "Subquery Scan",
          "Append"
        ],
        [
          "Seq Scan",
          "Hash Join",
          "Sort",
          "Aggregate",
          "Gather Merge",
          "Subquery Scan",
          "Append"
        ],
        [
          "Seq Scan",
          "Hash",
          "Hash Join",
          "Sort",
          "Aggregate",
          "Gather Merge",
          "Subquery Scan",
          "Append"
        ],
        [
          "Seq Scan",
          "Hash",
          "Hash Join",
          "Sort",
          "Aggregate",
          "Gather Merge",
          "Subquery Scan",
          "Append"
        ],
        [
          "Seq Scan",
          "Hash",
          "Hash Join",
          "Sort",
          "Aggregate",
          "Gather Merge",
          "Subquery Scan",
          "Append"
        ],
        [
          "Seq Scan",
          "Hash",
          "Hash Join",
          "Sort",
          "Aggregate",
          "Gather Merge",
          "Subquery Scan",
          "Append"
        ],
        [
          "Seq Scan",
          "Hash",
          "Hash Join",
          "Sort",
          "Aggregate",
          "Gather Merge",
          "Subquery Scan",
          "Append"
        ],
        [
          "Seq Scan",
          "Hash Join",
          "Sort",
          "Aggregate",
          "Gather Merge",
          "Subquery Scan",
          "Append"
        ],
        [
          "Seq Scan",
          "Hash",
          "Hash Join",
          "Sort",
          "Aggregate",
          "Gather Merge",
          "Subquery Scan",
          "Append"
        ],
        [
          "Seq Scan",
          "Hash",
          "Hash Join",
          "Sort",
          "Aggregate",
          "Gather Merge",
          "Subquery Scan",
          "Append"
        ],
        [
          "Seq Scan",
          "Hash",
          "Hash Join",
          "Sort",
          "Aggregate",
          "Gather Merge",
          "Subquery Scan",
          "Append"
        ],
        [
          "Seq Scan",
          "Hash",
          "Hash Join",
          "Sort",
          "Aggregate",
          "Gather Merge",
          "Subquery Scan",
          "Append"
        ],
        [
          "Seq Scan",
          "Hash",
          "Hash Join",
          "Sort",
          "Aggregate",
          "Gather Merge",
          "Subquery Scan",
          "Append"
        ]
      ],
      "index_shape": [
        "join"
      ],
      "physical_operator": {
        "Hash Join": [
          0.004842608061235092,
          0.0012911074255784968
        ]
      }
    }
  },
  {
    "query": "with ssr as\n (select  s_store_id as store_id,\n          sum(ss_ext_sales_price) as sales,\n          sum(coalesce(sr_return_amt, 0)) as returns,\n          sum(ss_net_profit - coalesce(sr_net_loss, 0)) as profit\n  from store_sales left outer join store_returns on\n         (ss_item_sk = sr_item_sk and ss_ticket_number = sr_ticket_number),\n     date_dim,\n     store,\n     item,\n     promotion\n where ss_sold_date_sk = d_date_sk\n       and d_date between cast('2000-08-02' as date) \n                  and (cast('2000-08-02' as date) +  interval '30 days')\n       and ss_store_sk = s_store_sk\n       and ss_item_sk = i_item_sk\n       and i_current_price > 50\n       and ss_promo_sk = p_promo_sk\n       and p_channel_tv = 'N'\n group by s_store_id)\n ,\n csr as\n (select  cp_catalog_page_id as catalog_page_id,\n          sum(cs_ext_sales_price) as sales,\n          sum(coalesce(cr_return_amount, 0)) as returns,\n          sum(cs_net_profit - coalesce(cr_net_loss, 0)) as profit\n  from catalog_sales left outer join catalog_returns on\n         (cs_item_sk = cr_item_sk and cs_order_number = cr_order_number),\n     date_dim,\n     catalog_page,\n     item,\n     promotion\n where cs_sold_date_sk = d_date_sk\n       and d_date between cast('2000-08-02' as date)\n                  and (cast('2000-08-02' as date) +  interval '30 days')\n        and cs_catalog_page_sk = cp_catalog_page_sk\n       and cs_item_sk = i_item_sk\n       and i_current_price > 50\n       and cs_promo_sk = p_promo_sk\n       and p_channel_tv = 'N'\ngroup by cp_catalog_page_id)\n ,\n wsr as\n (select  web_site_id,\n          sum(ws_ext_sales_price) as sales,\n          sum(coalesce(wr_return_amt, 0)) as returns,\n          sum(ws_net_profit - coalesce(wr_net_loss, 0)) as profit\n  from web_sales left outer join web_returns on\n         (ws_item_sk = wr_item_sk and ws_order_number = wr_order_number),\n     date_dim,\n     web_site,\n     item,\n     promotion\n where ws_sold_date_sk = d_date_sk\n       and d_date between cast('2000-08-02' as date)\n                  and (cast('2000-08-02' as date) +  interval '30 days')\n        and ws_web_site_sk = web_site_sk\n       and ws_item_sk = i_item_sk\n       and i_current_price > 50\n       and ws_promo_sk = p_promo_sk\n       and p_channel_tv = 'N'\ngroup by web_site_id)\n  select  channel\n        , id\n        , sum(sales) as sales\n        , sum(returns) as returns\n        , sum(profit) as profit\n from \n (select 'store channel' as channel\n        , 'store' || store_id as id\n        , sales\n        , returns\n        , profit\n from   ssr\n union all\n select 'catalog channel' as channel\n        , 'catalog_page' || catalog_page_id as id\n        , sales\n        , returns\n        , profit\n from  csr\n union all\n select 'web channel' as channel\n        , 'web_site' || web_site_id as id\n        , sales\n        , returns\n        , profit\n from   wsr\n ) x\n group by rollup (channel, id)\n order by channel\n         ,id\n limit 100;\n\n-- end query 61 in stream 4 using template query80.tpl\n",
    "indexes": "catalog_sales.cs_promo_sk",
    "wo plan est": {
      "Node Type": "Limit",
      "Parallel Aware": false,
      "Async Capable": false,
      "Startup Cost": 1566793.64,
      "Total Cost": 1566796.93,
      "Plan Rows": 100,
      "Plan Width": 160,
      "Plans": [
        {
          "Node Type": "Aggregate",
          "Strategy": "Sorted",
          "Partial Mode": "Simple",
          "Parent Relationship": "Outer",
          "Parallel Aware": false,
          "Async Capable": false,
          "Startup Cost": 1566793.64,
          "Total Cost": 1566806.84,
          "Plan Rows": 401,
          "Plan Width": 160,
          "Grouping Sets": [
            {
              "Group Keys": [
                [
                  "('store channel'::text)",
                  "(('store'::text || (ssr.store_id)::text))"
                ],
                [
                  "('store channel'::text)"
                ],
                []
              ]
            }
          ],
          "Plans": [
            {
              "Node Type": "Sort",
              "Parent Relationship": "Outer",
              "Parallel Aware": false,
              "Async Capable": false,
              "Startup Cost": 1566793.64,
              "Total Cost": 1566794.67,
              "Plan Rows": 412,
              "Plan Width": 160,
              "Sort Key": [
                "('store channel'::text)",
                "(('store'::text || (ssr.store_id)::text))"
              ],
              "Plans": [
                {
                  "Node Type": "Append",
                  "Parent Relationship": "Outer",
                  "Parallel Aware": false,
                  "Async Capable": false,
                  "Startup Cost": 784596.3,
                  "Total Cost": 1566775.74,
                  "Plan Rows": 412,
                  "Plan Width": 160,
                  "Subplans Removed": 0,
                  "Plans": [
                    {
                      "Node Type": "Subquery Scan",
                      "Parent Relationship": "Member",
                      "Parallel Aware": false,
                      "Async Capable": false,
                      "Alias": "ssr",
                      "Startup Cost": 784596.3,
                      "Total Cost": 784616.16,
                      "Plan Rows": 51,
                      "Plan Width": 160,
                      "Plans": [
                        {
                          "Node Type": "Aggregate",
                          "Strategy": "Sorted",
                          "Partial Mode": "Finalize",
                          "Parent Relationship": "Subquery",
                          "Parallel Aware": false,
                          "Async Capable": false,
                          "Startup Cost": 784596.3,
                          "Total Cost": 784615.39,
                          "Plan Rows": 51,
                          "Plan Width": 113,
                          "Group Key": [
                            "store.s_store_id"
                          ],
                          "Plans": [
                            {
                              "Node Type": "Gather Merge",
                              "Parent Relationship": "Outer",
                              "Parallel Aware": false,
                              "Async Capable": false,
                              "Startup Cost": 784596.3,
                              "Total Cost": 784612.71,
                              "Plan Rows": 102,
                              "Plan Width": 113,
                              "Workers Planned": 2,
                              "Plans": [
                                {
                                  "Node Type": "Aggregate",
                                  "Strategy": "Sorted",
                                  "Partial Mode": "Partial",
                                  "Parent Relationship": "Outer",
                                  "Parallel Aware": false,
                                  "Async Capable": false,
                                  "Startup Cost": 783596.27,
                                  "Total Cost": 783600.92,
                                  "Plan Rows": 51,
                                  "Plan Width": 113,
                                  "Group Key": [
                                    "store.s_store_id"
                                  ],
                                  "Plans": [
                                    {
                                      "Node Type": "Sort",
                                      "Parent Relationship": "Outer",
                                      "Parallel Aware": false,
                                      "Async Capable": false,
                                      "Startup Cost": 783596.27,
                                      "Total Cost": 783596.9,
                                      "Plan Rows": 250,
                                      "Plan Width": 41,
                                      "Sort Key": [
                                        "store.s_store_id"
                                      ],
                                      "Plans": [
                                        {
                                          "Node Type": "Hash Join",
                                          "Parent Relationship": "Outer",
                                          "Parallel Aware": false,
                                          "Async Capable": false,
                                          "Join Type": "Inner",
                                          "Startup Cost": 94489.35,
                                          "Total Cost": 783586.32,
                                          "Plan Rows": 250,
                                          "Plan Width": 41,
                                          "Inner Unique": false,
                                          "Hash Cond": "(store_sales.ss_store_sk = store.s_store_sk)",
                                          "Plans": [
                                            {
                                              "Node Type": "Hash Join",
                                              "Parent Relationship": "Outer",
                                              "Parallel Aware": false,
                                              "Async Capable": false,
                                              "Join Type": "Inner",
                                              "Startup Cost": 94482.05,
                                              "Total Cost": 783575.54,
                                              "Plan Rows": 262,
                                              "Plan Width": 28,
                                              "Inner Unique": false,
                                              "Hash Cond": "(store_sales.ss_promo_sk = promotion.p_promo_sk)",
                                              "Plans": [
                                                {
                                                  "Node Type": "Hash Join",
                                                  "Parent Relationship": "Outer",
                                                  "Parallel Aware": true,
                                                  "Async Capable": false,
                                                  "Join Type": "Inner",
                                                  "Startup Cost": 94456.65,
                                                  "Total Cost": 783546.47,
                                                  "Plan Rows": 279,
                                                  "Plan Width": 32,
                                                  "Inner Unique": false,
                                                  "Hash Cond": "(store_sales.ss_item_sk = item.i_item_sk)",
                                                  "Plans": [
                                                    {
                                                      "Node Type": "Hash Join",
                                                      "Parent Relationship": "Outer",
                                                      "Parallel Aware": true,
                                                      "Async Capable": false,
                                                      "Join Type": "Left",
                                                      "Startup Cost": 86930.88,
                                                      "Total Cost": 776001.31,
                                                      "Plan Rows": 4860,
                                                      "Plan Width": 36,
                                                      "Inner Unique": false,
                                                      "Hash Cond": "((store_sales.ss_item_sk = store_returns.sr_item_sk) AND (store_sales.ss_ticket_number = store_returns.sr_ticket_number))",
                                                      "Plans": [
                                                        {
                                                          "Node Type": "Hash Join",
                                                          "Parent Relationship": "Outer",
                                                          "Parallel Aware": true,
                                                          "Async Capable": false,
                                                          "Join Type": "Inner",
                                                          "Startup Cost": 2049.78,
                                                          "Total Cost": 683994.75,
                                                          "Plan Rows": 4860,
                                                          "Plan Width": 28,
                                                          "Inner Unique": false,
                                                          "Hash Cond": "(store_sales.ss_sold_date_sk = date_dim.d_date_sk)",
                                                          "Plans": [
                                                            {
                                                              "Node Type": "Seq Scan",
                                                              "Parent Relationship": "Outer",
                                                              "Parallel Aware": true,
                                                              "Async Capable": false,
                                                              "Relation Name": "store_sales",
                                                              "Alias": "store_sales",
                                                              "Startup Cost": 0.0,
                                                              "Total Cost": 636914.37,
                                                              "Plan Rows": 12000637,
                                                              "Plan Width": 32,
                                                              "parent": 13,
                                                              "ID": 14
                                                            },
                                                            {
                                                              "Node Type": "Hash",
                                                              "Parent Relationship": "Inner",
                                                              "Parallel Aware": true,
                                                              "Async Capable": false,
                                                              "Startup Cost": 2049.55,
                                                              "Total Cost": 2049.55,
                                                              "Plan Rows": 18,
                                                              "Plan Width": 4,
                                                              "Plans": [
                                                                {
                                                                  "Node Type": "Seq Scan",
                                                                  "Parent Relationship": "Outer",
                                                                  "Parallel Aware": true,
                                                                  "Async Capable": false,
                                                                  "Relation Name": "date_dim",
                                                                  "Alias": "date_dim",
                                                                  "Startup Cost": 0.0,
                                                                  "Total Cost": 2049.55,
                                                                  "Plan Rows": 18,
                                                                  "Plan Width": 4,
                                                                  "Filter": "((d_date >= '2000-08-02'::date) AND (d_date <= '2000-09-01 00:00:00'::timestamp without time zone))",
                                                                  "parent": 15,
                                                                  "ID": 16
                                                                }
                                                              ],
                                                              "parent": 13,
                                                              "ID": 15,
                                                              "left": 16
                                                            }
                                                          ],
                                                          "parent": 12,
                                                          "ID": 13,
                                                          "left": 14,
                                                          "right": 15
                                                        },
                                                        {
                                                          "Node Type": "Hash",
                                                          "Parent Relationship": "Inner",
                                                          "Parallel Aware": true,
                                                          "Async Capable": false,
                                                          "Startup Cost": 59887.64,
                                                          "Total Cost": 59887.64,
                                                          "Plan Rows": 1198164,
                                                          "Plan Width": 20,
                                                          "Plans": [
                                                            {
                                                              "Node Type": "Seq Scan",
                                                              "Parent Relationship": "Outer",
                                                              "Parallel Aware": true,
                                                              "Async Capable": false,
                                                              "Relation Name": "store_returns",
                                                              "Alias": "store_returns",
                                                              "Startup Cost": 0.0,
                                                              "Total Cost": 59887.64,
                                                              "Plan Rows": 1198164,
                                                              "Plan Width": 20,
                                                              "parent": 17,
                                                              "ID": 18
                                                            }
                                                          ],
                                                          "parent": 12,
                                                          "ID": 17,
                                                          "left": 18
                                                        }
                                                      ],
                                                      "parent": 11,
                                                      "ID": 12,
                                                      "left": 13,
                                                      "right": 17
                                                    },
                                                    {
                                                      "Node Type": "Hash",
                                                      "Parent Relationship": "Inner",
                                                      "Parallel Aware": true,
                                                      "Async Capable": false,
                                                      "Startup Cost": 7495.25,
                                                      "Total Cost": 7495.25,
                                                      "Plan Rows": 2442,
                                                      "Plan Width": 4,
                                                      "Plans": [
                                                        {
                                                          "Node Type": "Seq Scan",
                                                          "Parent Relationship": "Outer",
                                                          "Parallel Aware": true,
                                                          "Async Capable": false,
                                                          "Relation Name": "item",
                                                          "Alias": "item",
                                                          "Startup Cost": 0.0,
                                                          "Total Cost": 7495.25,
                                                          "Plan Rows": 2442,
                                                          "Plan Width": 4,
                                                          "Filter": "(i_current_price > '50'::numeric)",
                                                          "parent": 19,
                                                          "ID": 20
                                                        }
                                                      ],
                                                      "parent": 11,
                                                      "ID": 19,
                                                      "left": 20
                                                    }
                                                  ],
                                                  "parent": 10,
                                                  "ID": 11,
                                                  "left": 12,
                                                  "right": 19
                                                },
                                                {
                                                  "Node Type": "Hash",
                                                  "Parent Relationship": "Inner",
                                                  "Parallel Aware": false,
                                                  "Async Capable": false,
                                                  "Startup Cost": 19.25,
                                                  "Total Cost": 19.25,
                                                  "Plan Rows": 492,
                                                  "Plan Width": 4,
                                                  "Plans": [
                                                    {
                                                      "Node Type": "Seq Scan",
                                                      "Parent Relationship": "Outer",
                                                      "Parallel Aware": false,
                                                      "Async Capable": false,
                                                      "Relation Name": "promotion",
                                                      "Alias": "promotion",
                                                      "Startup Cost": 0.0,
                                                      "Total Cost": 19.25,
                                                      "Plan Rows": 492,
                                                      "Plan Width": 4,
                                                      "Filter": "(p_channel_tv = 'N'::bpchar)",
                                                      "parent": 21,
                                                      "ID": 22
                                                    }
                                                  ],
                                                  "parent": 10,
                                                  "ID": 21,
                                                  "left": 22
                                                }
                                              ],
                                              "parent": 9,
                                              "ID": 10,
                                              "left": 11,
                                              "right": 21
                                            },
                                            {
                                              "Node Type": "Hash",
                                              "Parent Relationship": "Inner",
                                              "Parallel Aware": false,
                                              "Async Capable": false,
                                              "Startup Cost": 6.02,
                                              "Total Cost": 6.02,
                                              "Plan Rows": 102,
                                              "Plan Width": 21,
                                              "Plans": [
                                                {
                                                  "Node Type": "Seq Scan",
                                                  "Parent Relationship": "Outer",
                                                  "Parallel Aware": false,
                                                  "Async Capable": false,
                                                  "Relation Name": "store",
                                                  "Alias": "store",
                                                  "Startup Cost": 0.0,
                                                  "Total Cost": 6.02,
                                                  "Plan Rows": 102,
                                                  "Plan Width": 21,
                                                  "parent": 23,
                                                  "ID": 24
                                                }
                                              ],
                                              "parent": 9,
                                              "ID": 23,
                                              "left": 24
                                            }
                                          ],
                                          "parent": 8,
                                          "ID": 9,
                                          "left": 10,
                                          "right": 23
                                        }
                                      ],
                                      "parent": 7,
                                      "ID": 8,
                                      "left": 9
                                    }
                                  ],
                                  "parent": 6,
                                  "ID": 7,
                                  "left": 8
                                }
                              ],
                              "parent": 5,
                              "ID": 6,
                              "left": 7
                            }
                          ],
                          "parent": 4,
                          "ID": 5,
                          "left": 6
                        }
                      ],
                      "parent": 3,
                      "ID": 4,
                      "left": 5
                    },
                    {
                      "Node Type": "Subquery Scan",
                      "Parent Relationship": "Member",
                      "Parallel Aware": false,
                      "Async Capable": false,
                      "Alias": "csr",
                      "Startup Cost": 518177.36,
                      "Total Cost": 518230.78,
                      "Plan Rows": 340,
                      "Plan Width": 160,
                      "Plans": [
                        {
                          "Node Type": "Aggregate",
                          "Strategy": "Sorted",
                          "Partial Mode": "Finalize",
                          "Parent Relationship": "Subquery",
                          "Parallel Aware": false,
                          "Async Capable": false,
                          "Startup Cost": 518177.36,
                          "Total Cost": 518225.68,
                          "Plan Rows": 340,
                          "Plan Width": 113,
                          "Group Key": [
                            "catalog_page.cp_catalog_page_id"
                          ],
                          "Plans": [
                            {
                              "Node Type": "Gather Merge",
                              "Parent Relationship": "Outer",
                              "Parallel Aware": false,
                              "Async Capable": false,
                              "Startup Cost": 518177.36,
                              "Total Cost": 518214.76,
                              "Plan Rows": 284,
                              "Plan Width": 113,
                              "Workers Planned": 2,
                              "Plans": [
                                {
                                  "Node Type": "Aggregate",
                                  "Strategy": "Sorted",
                                  "Partial Mode": "Partial",
                                  "Parent Relationship": "Outer",
                                  "Parallel Aware": false,
                                  "Async Capable": false,
                                  "Startup Cost": 517177.34,
                                  "Total Cost": 517181.95,
                                  "Plan Rows": 142,
                                  "Plan Width": 113,
                                  "Group Key": [
                                    "catalog_page.cp_catalog_page_id"
                                  ],
                                  "Plans": [
                                    {
                                      "Node Type": "Sort",
                                      "Parent Relationship": "Outer",
                                      "Parallel Aware": false,
                                      "Async Capable": false,
                                      "Startup Cost": 517177.34,
                                      "Total Cost": 517177.69,
                                      "Plan Rows": 142,
                                      "Plan Width": 41,
                                      "Sort Key": [
                                        "catalog_page.cp_catalog_page_id"
                                      ],
                                      "Plans": [
                                        {
                                          "Node Type": "Hash Join",
                                          "Parent Relationship": "Outer",
                                          "Parallel Aware": false,
                                          "Async Capable": false,
                                          "Join Type": "Inner",
                                          "Startup Cost": 57382.33,
                                          "Total Cost": 517172.26,
                                          "Plan Rows": 142,
                                          "Plan Width": 41,
                                          "Inner Unique": false,
                                          "Hash Cond": "(catalog_sales.cs_catalog_page_sk = catalog_page.cp_catalog_page_sk)",
                                          "Plans": [
                                            {
                                              "Node Type": "Hash Join",
                                              "Parent Relationship": "Outer",
                                              "Parallel Aware": false,
                                              "Async Capable": false,
                                              "Join Type": "Inner",
                                              "Startup Cost": 56864.33,
                                              "Total Cost": 516652.32,
                                              "Plan Rows": 142,
                                              "Plan Width": 28,
                                              "Inner Unique": false,
                                              "Hash Cond": "(catalog_sales.cs_promo_sk = promotion_1.p_promo_sk)",
                                              "Plans": [
                                                {
                                                  "Node Type": "Hash Join",
                                                  "Parent Relationship": "Outer",
                                                  "Parallel Aware": true,
                                                  "Async Capable": false,
                                                  "Join Type": "Inner",
                                                  "Startup Cost": 56838.93,
                                                  "Total Cost": 516624.96,
                                                  "Plan Rows": 145,
                                                  "Plan Width": 32,
                                                  "Inner Unique": false,
                                                  "Hash Cond": "(catalog_sales.cs_item_sk = item_1.i_item_sk)",
                                                  "Plans": [
                                                    {
                                                      "Node Type": "Hash Join",
                                                      "Parent Relationship": "Outer",
                                                      "Parallel Aware": true,
                                                      "Async Capable": false,
                                                      "Join Type": "Left",
                                                      "Startup Cost": 49313.15,
                                                      "Total Cost": 509089.08,
                                                      "Plan Rows": 2532,
                                                      "Plan Width": 36,
                                                      "Inner Unique": false,
                                                      "Hash Cond": "((catalog_sales.cs_item_sk = catalog_returns.cr_item_sk) AND (catalog_sales.cs_order_number = catalog_returns.cr_order_number))",
                                                      "Plans": [
                                                        {
                                                          "Node Type": "Hash Join",
                                                          "Parent Relationship": "Outer",
                                                          "Parallel Aware": true,
                                                          "Async Capable": false,
                                                          "Join Type": "Inner",
                                                          "Startup Cost": 2049.78,
                                                          "Total Cost": 458254.7,
                                                          "Plan Rows": 2532,
                                                          "Plan Width": 28,
                                                          "Inner Unique": false,
                                                          "Hash Cond": "(catalog_sales.cs_sold_date_sk = date_dim_1.d_date_sk)",
                                                          "Plans": [
                                                            {
                                                              "Node Type": "Seq Scan",
                                                              "Parent Relationship": "Outer",
                                                              "Parallel Aware": true,
                                                              "Async Capable": false,
                                                              "Relation Name": "catalog_sales",
                                                              "Alias": "catalog_sales",
                                                              "Startup Cost": 0.0,
                                                              "Total Cost": 433688.25,
                                                              "Plan Rows": 6000525,
                                                              "Plan Width": 32,
                                                              "parent": 34,
                                                              "ID": 35
                                                            },
                                                            {
                                                              "Node Type": "Hash",
                                                              "Parent Relationship": "Inner",
                                                              "Parallel Aware": true,
                                                              "Async Capable": false,
                                                              "Startup Cost": 2049.55,
                                                              "Total Cost": 2049.55,
                                                              "Plan Rows": 18,
                                                              "Plan Width": 4,
                                                              "Plans": [
                                                                {
                                                                  "Node Type": "Seq Scan",
                                                                  "Parent Relationship": "Outer",
                                                                  "Parallel Aware": true,
                                                                  "Async Capable": false,
                                                                  "Relation Name": "date_dim",
                                                                  "Alias": "date_dim_1",
                                                                  "Startup Cost": 0.0,
                                                                  "Total Cost": 2049.55,
                                                                  "Plan Rows": 18,
                                                                  "Plan Width": 4,
                                                                  "Filter": "((d_date >= '2000-08-02'::date) AND (d_date <= '2000-09-01 00:00:00'::timestamp without time zone))",
                                                                  "parent": 36,
                                                                  "ID": 37
                                                                }
                                                              ],
                                                              "parent": 34,
                                                              "ID": 36,
                                                              "left": 37
                                                            }
                                                          ],
                                                          "parent": 33,
                                                          "ID": 34,
                                                          "left": 35,
                                                          "right": 36
                                                        },
                                                        {
                                                          "Node Type": "Hash",
                                                          "Parent Relationship": "Inner",
                                                          "Parallel Aware": true,
                                                          "Async Capable": false,
                                                          "Startup Cost": 34748.95,
                                                          "Total Cost": 34748.95,
                                                          "Plan Rows": 599895,
                                                          "Plan Width": 20,
                                                          "Plans": [
                                                            {
                                                              "Node Type": "Seq Scan",
                                                              "Parent Relationship": "Outer",
                                                              "Parallel Aware": true,
                                                              "Async Capable": false,
                                                              "Relation Name": "catalog_returns",
                                                              "Alias": "catalog_returns",
                                                              "Startup Cost": 0.0,
                                                              "Total Cost": 34748.95,
                                                              "Plan Rows": 599895,
                                                              "Plan Width": 20,
                                                              "parent": 38,
                                                              "ID": 39
                                                            }
                                                          ],
                                                          "parent": 33,
                                                          "ID": 38,
                                                          "left": 39
                                                        }
                                                      ],
                                                      "parent": 32,
                                                      "ID": 33,
                                                      "left": 34,
                                                      "right": 38
                                                    },
                                                    {
                                                      "Node Type": "Hash",
                                                      "Parent Relationship": "Inner",
                                                      "Parallel Aware": true,
                                                      "Async Capable": false,
                                                      "Startup Cost": 7495.25,
                                                      "Total Cost": 7495.25,
                                                      "Plan Rows": 2442,
                                                      "Plan Width": 4,
                                                      "Plans": [
                                                        {
                                                          "Node Type": "Seq Scan",
                                                          "Parent Relationship": "Outer",
                                                          "Parallel Aware": true,
                                                          "Async Capable": false,
                                                          "Relation Name": "item",
                                                          "Alias": "item_1",
                                                          "Startup Cost": 0.0,
                                                          "Total Cost": 7495.25,
                                                          "Plan Rows": 2442,
                                                          "Plan Width": 4,
                                                          "Filter": "(i_current_price > '50'::numeric)",
                                                          "parent": 40,
                                                          "ID": 41
                                                        }
                                                      ],
                                                      "parent": 32,
                                                      "ID": 40,
                                                      "left": 41
                                                    }
                                                  ],
                                                  "parent": 31,
                                                  "ID": 32,
                                                  "left": 33,
                                                  "right": 40
                                                },
                                                {
                                                  "Node Type": "Hash",
                                                  "Parent Relationship": "Inner",
                                                  "Parallel Aware": false,
                                                  "Async Capable": false,
                                                  "Startup Cost": 19.25,
                                                  "Total Cost": 19.25,
                                                  "Plan Rows": 492,
                                                  "Plan Width": 4,
                                                  "Plans": [
                                                    {
                                                      "Node Type": "Seq Scan",
                                                      "Parent Relationship": "Outer",
                                                      "Parallel Aware": false,
                                                      "Async Capable": false,
                                                      "Relation Name": "promotion",
                                                      "Alias": "promotion_1",
                                                      "Startup Cost": 0.0,
                                                      "Total Cost": 19.25,
                                                      "Plan Rows": 492,
                                                      "Plan Width": 4,
                                                      "Filter": "(p_channel_tv = 'N'::bpchar)",
                                                      "parent": 42,
                                                      "ID": 43
                                                    }
                                                  ],
                                                  "parent": 31,
                                                  "ID": 42,
                                                  "left": 43
                                                }
                                              ],
                                              "parent": 30,
                                              "ID": 31,
                                              "left": 32,
                                              "right": 42
                                            },
                                            {
                                              "Node Type": "Hash",
                                              "Parent Relationship": "Inner",
                                              "Parallel Aware": false,
                                              "Async Capable": false,
                                              "Startup Cost": 368.0,
                                              "Total Cost": 368.0,
                                              "Plan Rows": 12000,
                                              "Plan Width": 21,
                                              "Plans": [
                                                {
                                                  "Node Type": "Seq Scan",
                                                  "Parent Relationship": "Outer",
                                                  "Parallel Aware": false,
                                                  "Async Capable": false,
                                                  "Relation Name": "catalog_page",
                                                  "Alias": "catalog_page",
                                                  "Startup Cost": 0.0,
                                                  "Total Cost": 368.0,
                                                  "Plan Rows": 12000,
                                                  "Plan Width": 21,
                                                  "parent": 44,
                                                  "ID": 45
                                                }
                                              ],
                                              "parent": 30,
                                              "ID": 44,
                                              "left": 45
                                            }
                                          ],
                                          "parent": 29,
                                          "ID": 30,
                                          "left": 31,
                                          "right": 44
                                        }
                                      ],
                                      "parent": 28,
                                      "ID": 29,
                                      "left": 30
                                    }
                                  ],
                                  "parent": 27,
                                  "ID": 28,
                                  "left": 29
                                }
                              ],
                              "parent": 26,
                              "ID": 27,
                              "left": 28
                            }
                          ],
                          "parent": 25,
                          "ID": 26,
                          "left": 27
                        }
                      ],
                      "parent": 3,
                      "ID": 25,
                      "left": 26
                    },
                    {
                      "Node Type": "Subquery Scan",
                      "Parent Relationship": "Member",
                      "Parallel Aware": false,
                      "Async Capable": false,
                      "Alias": "wsr",
                      "Startup Cost": 263919.04,
                      "Total Cost": 263926.75,
                      "Plan Rows": 21,
                      "Plan Width": 160,
                      "Plans": [
                        {
                          "Node Type": "Aggregate",
                          "Strategy": "Sorted",
                          "Partial Mode": "Finalize",
                          "Parent Relationship": "Subquery",
                          "Parallel Aware": false,
                          "Async Capable": false,
                          "Startup Cost": 263919.04,
                          "Total Cost": 263926.43,
                          "Plan Rows": 21,
                          "Plan Width": 113,
                          "Group Key": [
                            "web_site.web_site_id"
                          ],
                          "Plans": [
                            {
                              "Node Type": "Gather Merge",
                              "Parent Relationship": "Outer",
                              "Parallel Aware": false,
                              "Async Capable": false,
                              "Startup Cost": 263919.04,
                              "Total Cost": 263925.33,
                              "Plan Rows": 42,
                              "Plan Width": 113,
                              "Workers Planned": 2,
                              "Plans": [
                                {
                                  "Node Type": "Aggregate",
                                  "Strategy": "Sorted",
                                  "Partial Mode": "Partial",
                                  "Parent Relationship": "Outer",
                                  "Parallel Aware": false,
                                  "Async Capable": false,
                                  "Startup Cost": 262919.01,
                                  "Total Cost": 262920.46,
                                  "Plan Rows": 21,
                                  "Plan Width": 113,
                                  "Group Key": [
                                    "web_site.web_site_id"
                                  ],
                                  "Plans": [
                                    {
                                      "Node Type": "Sort",
                                      "Parent Relationship": "Outer",
                                      "Parallel Aware": false,
                                      "Async Capable": false,
                                      "Startup Cost": 262919.01,
                                      "Total Cost": 262919.19,
                                      "Plan Rows": 72,
                                      "Plan Width": 41,
                                      "Sort Key": [
                                        "web_site.web_site_id"
                                      ],
                                      "Plans": [
                                        {
                                          "Node Type": "Hash Join",
                                          "Parent Relationship": "Outer",
                                          "Parallel Aware": false,
                                          "Async Capable": false,
                                          "Join Type": "Inner",
                                          "Startup Cost": 32134.74,
                                          "Total Cost": 262916.79,
                                          "Plan Rows": 72,
                                          "Plan Width": 41,
                                          "Inner Unique": false,
                                          "Hash Cond": "(web_sales.ws_web_site_sk = web_site.web_site_sk)",
                                          "Plans": [
                                            {
                                              "Node Type": "Hash Join",
                                              "Parent Relationship": "Outer",
                                              "Parallel Aware": false,
                                              "Async Capable": false,
                                              "Join Type": "Inner",
                                              "Startup Cost": 32130.8,
                                              "Total Cost": 262911.86,
                                              "Plan Rows": 72,
                                              "Plan Width": 28,
                                              "Inner Unique": false,
                                              "Hash Cond": "(web_sales.ws_promo_sk = promotion_2.p_promo_sk)",
                                              "Plans": [
                                                {
                                                  "Node Type": "Hash Join",
                                                  "Parent Relationship": "Outer",
                                                  "Parallel Aware": true,
                                                  "Async Capable": false,
                                                  "Join Type": "Inner",
                                                  "Startup Cost": 32105.4,
                                                  "Total Cost": 262885.46,
                                                  "Plan Rows": 73,
                                                  "Plan Width": 32,
                                                  "Inner Unique": false,
                                                  "Hash Cond": "(web_sales.ws_item_sk = item_2.i_item_sk)",
                                                  "Plans": [
                                                    {
                                                      "Node Type": "Hash Join",
                                                      "Parent Relationship": "Outer",
                                                      "Parallel Aware": true,
                                                      "Async Capable": false,
                                                      "Join Type": "Left",
                                                      "Startup Cost": 24579.62,
                                                      "Total Cost": 255354.62,
                                                      "Plan Rows": 1272,
                                                      "Plan Width": 36,
                                                      "Inner Unique": false,
                                                      "Hash Cond": "((web_sales.ws_item_sk = web_returns.wr_item_sk) AND (web_sales.ws_order_number = web_returns.wr_order_number))",
                                                      "Plans": [
                                                        {
                                                          "Node Type": "Hash Join",
                                                          "Parent Relationship": "Outer",
                                                          "Parallel Aware": true,
                                                          "Async Capable": false,
                                                          "Join Type": "Inner",
                                                          "Startup Cost": 2049.78,
                                                          "Total Cost": 231041.22,
                                                          "Plan Rows": 1272,
                                                          "Plan Width": 28,
                                                          "Inner Unique": false,
                                                          "Hash Cond": "(web_sales.ws_sold_date_sk = date_dim_2.d_date_sk)",
                                                          "Plans": [
                                                            {
                                                              "Node Type": "Seq Scan",
                                                              "Parent Relationship": "Outer",
                                                              "Parallel Aware": true,
                                                              "Async Capable": false,
                                                              "Relation Name": "web_sales",
                                                              "Alias": "web_sales",
                                                              "Startup Cost": 0.0,
                                                              "Total Cost": 217737.86,
                                                              "Plan Rows": 2998986,
                                                              "Plan Width": 32,
                                                              "parent": 55,
                                                              "ID": 56
                                                            },
                                                            {
                                                              "Node Type": "Hash",
                                                              "Parent Relationship": "Inner",
                                                              "Parallel Aware": true,
                                                              "Async Capable": false,
                                                              "Startup Cost": 2049.55,
                                                              "Total Cost": 2049.55,
                                                              "Plan Rows": 18,
                                                              "Plan Width": 4,
                                                              "Plans": [
                                                                {
                                                                  "Node Type": "Seq Scan",
                                                                  "Parent Relationship": "Outer",
                                                                  "Parallel Aware": true,
                                                                  "Async Capable": false,
                                                                  "Relation Name": "date_dim",
                                                                  "Alias": "date_dim_2",
                                                                  "Startup Cost": 0.0,
                                                                  "Total Cost": 2049.55,
                                                                  "Plan Rows": 18,
                                                                  "Plan Width": 4,
                                                                  "Filter": "((d_date >= '2000-08-02'::date) AND (d_date <= '2000-09-01 00:00:00'::timestamp without time zone))",
                                                                  "parent": 57,
                                                                  "ID": 58
                                                                }
                                                              ],
                                                              "parent": 55,
                                                              "ID": 57,
                                                              "left": 58
                                                            }
                                                          ],
                                                          "parent": 54,
                                                          "ID": 55,
                                                          "left": 56,
                                                          "right": 57
                                                        },
                                                        {
                                                          "Node Type": "Hash",
                                                          "Parent Relationship": "Inner",
                                                          "Parallel Aware": true,
                                                          "Async Capable": false,
                                                          "Startup Cost": 16278.74,
                                                          "Total Cost": 16278.74,
                                                          "Plan Rows": 299674,
                                                          "Plan Width": 20,
                                                          "Plans": [
                                                            {
                                                              "Node Type": "Seq Scan",
                                                              "Parent Relationship": "Outer",
                                                              "Parallel Aware": true,
                                                              "Async Capable": false,
                                                              "Relation Name": "web_returns",
                                                              "Alias": "web_returns",
                                                              "Startup Cost": 0.0,
                                                              "Total Cost": 16278.74,
                                                              "Plan Rows": 299674,
                                                              "Plan Width": 20,
                                                              "parent": 59,
                                                              "ID": 60
                                                            }
                                                          ],
                                                          "parent": 54,
                                                          "ID": 59,
                                                          "left": 60
                                                        }
                                                      ],
                                                      "parent": 53,
                                                      "ID": 54,
                                                      "left": 55,
                                                      "right": 59
                                                    },
                                                    {
                                                      "Node Type": "Hash",
                                                      "Parent Relationship": "Inner",
                                                      "Parallel Aware": true,
                                                      "Async Capable": false,
                                                      "Startup Cost": 7495.25,
                                                      "Total Cost": 7495.25,
                                                      "Plan Rows": 2442,
                                                      "Plan Width": 4,
                                                      "Plans": [
                                                        {
                                                          "Node Type": "Seq Scan",
                                                          "Parent Relationship": "Outer",
                                                          "Parallel Aware": true,
                                                          "Async Capable": false,
                                                          "Relation Name": "item",
                                                          "Alias": "item_2",
                                                          "Startup Cost": 0.0,
                                                          "Total Cost": 7495.25,
                                                          "Plan Rows": 2442,
                                                          "Plan Width": 4,
                                                          "Filter": "(i_current_price > '50'::numeric)",
                                                          "parent": 61,
                                                          "ID": 62
                                                        }
                                                      ],
                                                      "parent": 53,
                                                      "ID": 61,
                                                      "left": 62
                                                    }
                                                  ],
                                                  "parent": 52,
                                                  "ID": 53,
                                                  "left": 54,
                                                  "right": 61
                                                },
                                                {
                                                  "Node Type": "Hash",
                                                  "Parent Relationship": "Inner",
                                                  "Parallel Aware": false,
                                                  "Async Capable": false,
                                                  "Startup Cost": 19.25,
                                                  "Total Cost": 19.25,
                                                  "Plan Rows": 492,
                                                  "Plan Width": 4,
                                                  "Plans": [
                                                    {
                                                      "Node Type": "Seq Scan",
                                                      "Parent Relationship": "Outer",
                                                      "Parallel Aware": false,
                                                      "Async Capable": false,
                                                      "Relation Name": "promotion",
                                                      "Alias": "promotion_2",
                                                      "Startup Cost": 0.0,
                                                      "Total Cost": 19.25,
                                                      "Plan Rows": 492,
                                                      "Plan Width": 4,
                                                      "Filter": "(p_channel_tv = 'N'::bpchar)",
                                                      "parent": 63,
                                                      "ID": 64
                                                    }
                                                  ],
                                                  "parent": 52,
                                                  "ID": 63,
                                                  "left": 64
                                                }
                                              ],
                                              "parent": 51,
                                              "ID": 52,
                                              "left": 53,
                                              "right": 63
                                            },
                                            {
                                              "Node Type": "Hash",
                                              "Parent Relationship": "Inner",
                                              "Parallel Aware": false,
                                              "Async Capable": false,
                                              "Startup Cost": 3.42,
                                              "Total Cost": 3.42,
                                              "Plan Rows": 42,
                                              "Plan Width": 21,
                                              "Plans": [
                                                {
                                                  "Node Type": "Seq Scan",
                                                  "Parent Relationship": "Outer",
                                                  "Parallel Aware": false,
                                                  "Async Capable": false,
                                                  "Relation Name": "web_site",
                                                  "Alias": "web_site",
                                                  "Startup Cost": 0.0,
                                                  "Total Cost": 3.42,
                                                  "Plan Rows": 42,
                                                  "Plan Width": 21,
                                                  "parent": 65,
                                                  "ID": 66
                                                }
                                              ],
                                              "parent": 51,
                                              "ID": 65,
                                              "left": 66
                                            }
                                          ],
                                          "parent": 50,
                                          "ID": 51,
                                          "left": 52,
                                          "right": 65
                                        }
                                      ],
                                      "parent": 49,
                                      "ID": 50,
                                      "left": 51
                                    }
                                  ],
                                  "parent": 48,
                                  "ID": 49,
                                  "left": 50
                                }
                              ],
                              "parent": 47,
                              "ID": 48,
                              "left": 49
                            }
                          ],
                          "parent": 46,
                          "ID": 47,
                          "left": 48
                        }
                      ],
                      "parent": 3,
                      "ID": 46,
                      "left": 47
                    }
                  ],
                  "parent": 2,
                  "ID": 3,
                  "left": 4,
                  "right": 25
                }
              ],
              "parent": 1,
              "ID": 2,
              "left": 3
            }
          ],
          "parent": 0,
          "ID": 1,
          "left": 2
        }
      ],
      "parent": null,
      "ID": 0,
      "left": 1
    },
    "feat": {
      "utility": 2.0854124672976952e-06,
      "query_shape": [
        [
          "Seq Scan",
          "Hash Join",
          "Sort",
          "Aggregate",
          "Gather Merge",
          "Subquery Scan",
          "Append"
        ],
        [
          "Seq Scan",
          "Hash",
          "Hash Join",
          "Sort",
          "Aggregate",
          "Gather Merge",
          "Subquery Scan",
          "Append"
        ],
        [
          "Seq Scan",
          "Hash",
          "Hash Join",
          "Sort",
          "Aggregate",
          "Gather Merge",
          "Subquery Scan",
          "Append"
        ],
        [
          "Seq Scan",
          "Hash",
          "Hash Join",
          "Sort",
          "Aggregate",
          "Gather Merge",
          "Subquery Scan",
          "Append"
        ],
        [
          "Seq Scan",
          "Hash",
          "Hash Join",
          "Sort",
          "Aggregate",
          "Gather Merge",
          "Subquery Scan",
          "Append"
        ],
        [
          "Seq Scan",
          "Hash",
          "Hash Join",
          "Sort",
          "Aggregate",
          "Gather Merge",
          "Subquery Scan",
          "Append"
        ],
        [
          "Seq Scan",
          "Hash Join",
          "Sort",
          "Aggregate",
          "Gather Merge",
          "Subquery Scan",
          "Append"
        ],
        [
          "Seq Scan",
          "Hash",
          "Hash Join",
          "Sort",
          "Aggregate",
          "Gather Merge",
          "Subquery Scan",
          "Append"
        ],
        [
          "Seq Scan",
          "Hash",
          "Hash Join",
          "Sort",
          "Aggregate",
          "Gather Merge",
          "Subquery Scan",
          "Append"
        ],
        [
          "Seq Scan",
          "Hash",
          "Hash Join",
          "Sort",
          "Aggregate",
          "Gather Merge",
          "Subquery Scan",
          "Append"
        ],
        [
          "Seq Scan",
          "Hash",
          "Hash Join",
          "Sort",
          "Aggregate",
          "Gather Merge",
          "Subquery Scan",
          "Append"
        ],
        [
          "Seq Scan",
          "Hash",
          "Hash Join",
          "Sort",
          "Aggregate",
          "Gather Merge",
          "Subquery Scan",
          "Append"
        ],
        [
          "Seq Scan",
          "Hash Join",
          "Sort",
          "Aggregate",
          "Gather Merge",
          "Subquery Scan",
          "Append"
        ],
        [
          "Seq Scan",
          "Hash",
          "Hash Join",
          "Sort",
          "Aggregate",
          "Gather Merge",
          "Subquery Scan",
          "Append"
        ],
        [
          "Seq Scan",
          "Hash",
          "Hash Join",
          "Sort",
          "Aggregate",
          "Gather Merge",
          "Subquery Scan",
          "Append"
        ],
        [
          "Seq Scan",
          "Hash",
          "Hash Join",
          "Sort",
          "Aggregate",
          "Gather Merge",
          "Subquery Scan",
          "Append"
        ],
        [
          "Seq Scan",
          "Hash",
          "Hash Join",
          "Sort",
          "Aggregate",
          "Gather Merge",
          "Subquery Scan",
          "Append"
        ],
        [
          "Seq Scan",
          "Hash",
          "Hash Join",
          "Sort",
          "Aggregate",
          "Gather Merge",
          "Subquery Scan",
          "Append"
        ]
      ],
      "index_shape": [
        "join"
      ],
      "physical_operator": {
        "Hash Join": [
          0.04461466329071502
        ]
      }
    }
  },
  {
    "query": "with ssr as\n (select  s_store_id as store_id,\n          sum(ss_ext_sales_price) as sales,\n          sum(coalesce(sr_return_amt, 0)) as returns,\n          sum(ss_net_profit - coalesce(sr_net_loss, 0)) as profit\n  from store_sales left outer join store_returns on\n         (ss_item_sk = sr_item_sk and ss_ticket_number = sr_ticket_number),\n     date_dim,\n     store,\n     item,\n     promotion\n where ss_sold_date_sk = d_date_sk\n       and d_date between cast('2000-08-02' as date) \n                  and (cast('2000-08-02' as date) +  interval '30 days')\n       and ss_store_sk = s_store_sk\n       and ss_item_sk = i_item_sk\n       and i_current_price > 50\n       and ss_promo_sk = p_promo_sk\n       and p_channel_tv = 'N'\n group by s_store_id)\n ,\n csr as\n (select  cp_catalog_page_id as catalog_page_id,\n          sum(cs_ext_sales_price) as sales,\n          sum(coalesce(cr_return_amount, 0)) as returns,\n          sum(cs_net_profit - coalesce(cr_net_loss, 0)) as profit\n  from catalog_sales left outer join catalog_returns on\n         (cs_item_sk = cr_item_sk and cs_order_number = cr_order_number),\n     date_dim,\n     catalog_page,\n     item,\n     promotion\n where cs_sold_date_sk = d_date_sk\n       and d_date between cast('2000-08-02' as date)\n                  and (cast('2000-08-02' as date) +  interval '30 days')\n        and cs_catalog_page_sk = cp_catalog_page_sk\n       and cs_item_sk = i_item_sk\n       and i_current_price > 50\n       and cs_promo_sk = p_promo_sk\n       and p_channel_tv = 'N'\ngroup by cp_catalog_page_id)\n ,\n wsr as\n (select  web_site_id,\n          sum(ws_ext_sales_price) as sales,\n          sum(coalesce(wr_return_amt, 0)) as returns,\n          sum(ws_net_profit - coalesce(wr_net_loss, 0)) as profit\n  from web_sales left outer join web_returns on\n         (ws_item_sk = wr_item_sk and ws_order_number = wr_order_number),\n     date_dim,\n     web_site,\n     item,\n     promotion\n where ws_sold_date_sk = d_date_sk\n       and d_date between cast('2000-08-02' as date)\n                  and (cast('2000-08-02' as date) +  interval '30 days')\n        and ws_web_site_sk = web_site_sk\n       and ws_item_sk = i_item_sk\n       and i_current_price > 50\n       and ws_promo_sk = p_promo_sk\n       and p_channel_tv = 'N'\ngroup by web_site_id)\n  select  channel\n        , id\n        , sum(sales) as sales\n        , sum(returns) as returns\n        , sum(profit) as profit\n from \n (select 'store channel' as channel\n        , 'store' || store_id as id\n        , sales\n        , returns\n        , profit\n from   ssr\n union all\n select 'catalog channel' as channel\n        , 'catalog_page' || catalog_page_id as id\n        , sales\n        , returns\n        , profit\n from  csr\n union all\n select 'web channel' as channel\n        , 'web_site' || web_site_id as id\n        , sales\n        , returns\n        , profit\n from   wsr\n ) x\n group by rollup (channel, id)\n order by channel\n         ,id\n limit 100;\n\n-- end query 61 in stream 4 using template query80.tpl\n",
    "indexes": "catalog_sales.cs_order_number",
    "wo plan est": {
      "Node Type": "Limit",
      "Parallel Aware": false,
      "Async Capable": false,
      "Startup Cost": 1566793.64,
      "Total Cost": 1566796.93,
      "Plan Rows": 100,
      "Plan Width": 160,
      "Plans": [
        {
          "Node Type": "Aggregate",
          "Strategy": "Sorted",
          "Partial Mode": "Simple",
          "Parent Relationship": "Outer",
          "Parallel Aware": false,
          "Async Capable": false,
          "Startup Cost": 1566793.64,
          "Total Cost": 1566806.84,
          "Plan Rows": 401,
          "Plan Width": 160,
          "Grouping Sets": [
            {
              "Group Keys": [
                [
                  "('store channel'::text)",
                  "(('store'::text || (ssr.store_id)::text))"
                ],
                [
                  "('store channel'::text)"
                ],
                []
              ]
            }
          ],
          "Plans": [
            {
              "Node Type": "Sort",
              "Parent Relationship": "Outer",
              "Parallel Aware": false,
              "Async Capable": false,
              "Startup Cost": 1566793.64,
              "Total Cost": 1566794.67,
              "Plan Rows": 412,
              "Plan Width": 160,
              "Sort Key": [
                "('store channel'::text)",
                "(('store'::text || (ssr.store_id)::text))"
              ],
              "Plans": [
                {
                  "Node Type": "Append",
                  "Parent Relationship": "Outer",
                  "Parallel Aware": false,
                  "Async Capable": false,
                  "Startup Cost": 784596.3,
                  "Total Cost": 1566775.74,
                  "Plan Rows": 412,
                  "Plan Width": 160,
                  "Subplans Removed": 0,
                  "Plans": [
                    {
                      "Node Type": "Subquery Scan",
                      "Parent Relationship": "Member",
                      "Parallel Aware": false,
                      "Async Capable": false,
                      "Alias": "ssr",
                      "Startup Cost": 784596.3,
                      "Total Cost": 784616.16,
                      "Plan Rows": 51,
                      "Plan Width": 160,
                      "Plans": [
                        {
                          "Node Type": "Aggregate",
                          "Strategy": "Sorted",
                          "Partial Mode": "Finalize",
                          "Parent Relationship": "Subquery",
                          "Parallel Aware": false,
                          "Async Capable": false,
                          "Startup Cost": 784596.3,
                          "Total Cost": 784615.39,
                          "Plan Rows": 51,
                          "Plan Width": 113,
                          "Group Key": [
                            "store.s_store_id"
                          ],
                          "Plans": [
                            {
                              "Node Type": "Gather Merge",
                              "Parent Relationship": "Outer",
                              "Parallel Aware": false,
                              "Async Capable": false,
                              "Startup Cost": 784596.3,
                              "Total Cost": 784612.71,
                              "Plan Rows": 102,
                              "Plan Width": 113,
                              "Workers Planned": 2,
                              "Plans": [
                                {
                                  "Node Type": "Aggregate",
                                  "Strategy": "Sorted",
                                  "Partial Mode": "Partial",
                                  "Parent Relationship": "Outer",
                                  "Parallel Aware": false,
                                  "Async Capable": false,
                                  "Startup Cost": 783596.27,
                                  "Total Cost": 783600.92,
                                  "Plan Rows": 51,
                                  "Plan Width": 113,
                                  "Group Key": [
                                    "store.s_store_id"
                                  ],
                                  "Plans": [
                                    {
                                      "Node Type": "Sort",
                                      "Parent Relationship": "Outer",
                                      "Parallel Aware": false,
                                      "Async Capable": false,
                                      "Startup Cost": 783596.27,
                                      "Total Cost": 783596.9,
                                      "Plan Rows": 250,
                                      "Plan Width": 41,
                                      "Sort Key": [
                                        "store.s_store_id"
                                      ],
                                      "Plans": [
                                        {
                                          "Node Type": "Hash Join",
                                          "Parent Relationship": "Outer",
                                          "Parallel Aware": false,
                                          "Async Capable": false,
                                          "Join Type": "Inner",
                                          "Startup Cost": 94489.35,
                                          "Total Cost": 783586.32,
                                          "Plan Rows": 250,
                                          "Plan Width": 41,
                                          "Inner Unique": false,
                                          "Hash Cond": "(store_sales.ss_store_sk = store.s_store_sk)",
                                          "Plans": [
                                            {
                                              "Node Type": "Hash Join",
                                              "Parent Relationship": "Outer",
                                              "Parallel Aware": false,
                                              "Async Capable": false,
                                              "Join Type": "Inner",
                                              "Startup Cost": 94482.05,
                                              "Total Cost": 783575.54,
                                              "Plan Rows": 262,
                                              "Plan Width": 28,
                                              "Inner Unique": false,
                                              "Hash Cond": "(store_sales.ss_promo_sk = promotion.p_promo_sk)",
                                              "Plans": [
                                                {
                                                  "Node Type": "Hash Join",
                                                  "Parent Relationship": "Outer",
                                                  "Parallel Aware": true,
                                                  "Async Capable": false,
                                                  "Join Type": "Inner",
                                                  "Startup Cost": 94456.65,
                                                  "Total Cost": 783546.47,
                                                  "Plan Rows": 279,
                                                  "Plan Width": 32,
                                                  "Inner Unique": false,
                                                  "Hash Cond": "(store_sales.ss_item_sk = item.i_item_sk)",
                                                  "Plans": [
                                                    {
                                                      "Node Type": "Hash Join",
                                                      "Parent Relationship": "Outer",
                                                      "Parallel Aware": true,
                                                      "Async Capable": false,
                                                      "Join Type": "Left",
                                                      "Startup Cost": 86930.88,
                                                      "Total Cost": 776001.31,
                                                      "Plan Rows": 4860,
                                                      "Plan Width": 36,
                                                      "Inner Unique": false,
                                                      "Hash Cond": "((store_sales.ss_item_sk = store_returns.sr_item_sk) AND (store_sales.ss_ticket_number = store_returns.sr_ticket_number))",
                                                      "Plans": [
                                                        {
                                                          "Node Type": "Hash Join",
                                                          "Parent Relationship": "Outer",
                                                          "Parallel Aware": true,
                                                          "Async Capable": false,
                                                          "Join Type": "Inner",
                                                          "Startup Cost": 2049.78,
                                                          "Total Cost": 683994.75,
                                                          "Plan Rows": 4860,
                                                          "Plan Width": 28,
                                                          "Inner Unique": false,
                                                          "Hash Cond": "(store_sales.ss_sold_date_sk = date_dim.d_date_sk)",
                                                          "Plans": [
                                                            {
                                                              "Node Type": "Seq Scan",
                                                              "Parent Relationship": "Outer",
                                                              "Parallel Aware": true,
                                                              "Async Capable": false,
                                                              "Relation Name": "store_sales",
                                                              "Alias": "store_sales",
                                                              "Startup Cost": 0.0,
                                                              "Total Cost": 636914.37,
                                                              "Plan Rows": 12000637,
                                                              "Plan Width": 32,
                                                              "parent": 13,
                                                              "ID": 14
                                                            },
                                                            {
                                                              "Node Type": "Hash",
                                                              "Parent Relationship": "Inner",
                                                              "Parallel Aware": true,
                                                              "Async Capable": false,
                                                              "Startup Cost": 2049.55,
                                                              "Total Cost": 2049.55,
                                                              "Plan Rows": 18,
                                                              "Plan Width": 4,
                                                              "Plans": [
                                                                {
                                                                  "Node Type": "Seq Scan",
                                                                  "Parent Relationship": "Outer",
                                                                  "Parallel Aware": true,
                                                                  "Async Capable": false,
                                                                  "Relation Name": "date_dim",
                                                                  "Alias": "date_dim",
                                                                  "Startup Cost": 0.0,
                                                                  "Total Cost": 2049.55,
                                                                  "Plan Rows": 18,
                                                                  "Plan Width": 4,
                                                                  "Filter": "((d_date >= '2000-08-02'::date) AND (d_date <= '2000-09-01 00:00:00'::timestamp without time zone))",
                                                                  "parent": 15,
                                                                  "ID": 16
                                                                }
                                                              ],
                                                              "parent": 13,
                                                              "ID": 15,
                                                              "left": 16
                                                            }
                                                          ],
                                                          "parent": 12,
                                                          "ID": 13,
                                                          "left": 14,
                                                          "right": 15
                                                        },
                                                        {
                                                          "Node Type": "Hash",
                                                          "Parent Relationship": "Inner",
                                                          "Parallel Aware": true,
                                                          "Async Capable": false,
                                                          "Startup Cost": 59887.64,
                                                          "Total Cost": 59887.64,
                                                          "Plan Rows": 1198164,
                                                          "Plan Width": 20,
                                                          "Plans": [
                                                            {
                                                              "Node Type": "Seq Scan",
                                                              "Parent Relationship": "Outer",
                                                              "Parallel Aware": true,
                                                              "Async Capable": false,
                                                              "Relation Name": "store_returns",
                                                              "Alias": "store_returns",
                                                              "Startup Cost": 0.0,
                                                              "Total Cost": 59887.64,
                                                              "Plan Rows": 1198164,
                                                              "Plan Width": 20,
                                                              "parent": 17,
                                                              "ID": 18
                                                            }
                                                          ],
                                                          "parent": 12,
                                                          "ID": 17,
                                                          "left": 18
                                                        }
                                                      ],
                                                      "parent": 11,
                                                      "ID": 12,
                                                      "left": 13,
                                                      "right": 17
                                                    },
                                                    {
                                                      "Node Type": "Hash",
                                                      "Parent Relationship": "Inner",
                                                      "Parallel Aware": true,
                                                      "Async Capable": false,
                                                      "Startup Cost": 7495.25,
                                                      "Total Cost": 7495.25,
                                                      "Plan Rows": 2442,
                                                      "Plan Width": 4,
                                                      "Plans": [
                                                        {
                                                          "Node Type": "Seq Scan",
                                                          "Parent Relationship": "Outer",
                                                          "Parallel Aware": true,
                                                          "Async Capable": false,
                                                          "Relation Name": "item",
                                                          "Alias": "item",
                                                          "Startup Cost": 0.0,
                                                          "Total Cost": 7495.25,
                                                          "Plan Rows": 2442,
                                                          "Plan Width": 4,
                                                          "Filter": "(i_current_price > '50'::numeric)",
                                                          "parent": 19,
                                                          "ID": 20
                                                        }
                                                      ],
                                                      "parent": 11,
                                                      "ID": 19,
                                                      "left": 20
                                                    }
                                                  ],
                                                  "parent": 10,
                                                  "ID": 11,
                                                  "left": 12,
                                                  "right": 19
                                                },
                                                {
                                                  "Node Type": "Hash",
                                                  "Parent Relationship": "Inner",
                                                  "Parallel Aware": false,
                                                  "Async Capable": false,
                                                  "Startup Cost": 19.25,
                                                  "Total Cost": 19.25,
                                                  "Plan Rows": 492,
                                                  "Plan Width": 4,
                                                  "Plans": [
                                                    {
                                                      "Node Type": "Seq Scan",
                                                      "Parent Relationship": "Outer",
                                                      "Parallel Aware": false,
                                                      "Async Capable": false,
                                                      "Relation Name": "promotion",
                                                      "Alias": "promotion",
                                                      "Startup Cost": 0.0,
                                                      "Total Cost": 19.25,
                                                      "Plan Rows": 492,
                                                      "Plan Width": 4,
                                                      "Filter": "(p_channel_tv = 'N'::bpchar)",
                                                      "parent": 21,
                                                      "ID": 22
                                                    }
                                                  ],
                                                  "parent": 10,
                                                  "ID": 21,
                                                  "left": 22
                                                }
                                              ],
                                              "parent": 9,
                                              "ID": 10,
                                              "left": 11,
                                              "right": 21
                                            },
                                            {
                                              "Node Type": "Hash",
                                              "Parent Relationship": "Inner",
                                              "Parallel Aware": false,
                                              "Async Capable": false,
                                              "Startup Cost": 6.02,
                                              "Total Cost": 6.02,
                                              "Plan Rows": 102,
                                              "Plan Width": 21,
                                              "Plans": [
                                                {
                                                  "Node Type": "Seq Scan",
                                                  "Parent Relationship": "Outer",
                                                  "Parallel Aware": false,
                                                  "Async Capable": false,
                                                  "Relation Name": "store",
                                                  "Alias": "store",
                                                  "Startup Cost": 0.0,
                                                  "Total Cost": 6.02,
                                                  "Plan Rows": 102,
                                                  "Plan Width": 21,
                                                  "parent": 23,
                                                  "ID": 24
                                                }
                                              ],
                                              "parent": 9,
                                              "ID": 23,
                                              "left": 24
                                            }
                                          ],
                                          "parent": 8,
                                          "ID": 9,
                                          "left": 10,
                                          "right": 23
                                        }
                                      ],
                                      "parent": 7,
                                      "ID": 8,
                                      "left": 9
                                    }
                                  ],
                                  "parent": 6,
                                  "ID": 7,
                                  "left": 8
                                }
                              ],
                              "parent": 5,
                              "ID": 6,
                              "left": 7
                            }
                          ],
                          "parent": 4,
                          "ID": 5,
                          "left": 6
                        }
                      ],
                      "parent": 3,
                      "ID": 4,
                      "left": 5
                    },
                    {
                      "Node Type": "Subquery Scan",
                      "Parent Relationship": "Member",
                      "Parallel Aware": false,
                      "Async Capable": false,
                      "Alias": "csr",
                      "Startup Cost": 518177.36,
                      "Total Cost": 518230.78,
                      "Plan Rows": 340,
                      "Plan Width": 160,
                      "Plans": [
                        {
                          "Node Type": "Aggregate",
                          "Strategy": "Sorted",
                          "Partial Mode": "Finalize",
                          "Parent Relationship": "Subquery",
                          "Parallel Aware": false,
                          "Async Capable": false,
                          "Startup Cost": 518177.36,
                          "Total Cost": 518225.68,
                          "Plan Rows": 340,
                          "Plan Width": 113,
                          "Group Key": [
                            "catalog_page.cp_catalog_page_id"
                          ],
                          "Plans": [
                            {
                              "Node Type": "Gather Merge",
                              "Parent Relationship": "Outer",
                              "Parallel Aware": false,
                              "Async Capable": false,
                              "Startup Cost": 518177.36,
                              "Total Cost": 518214.76,
                              "Plan Rows": 284,
                              "Plan Width": 113,
                              "Workers Planned": 2,
                              "Plans": [
                                {
                                  "Node Type": "Aggregate",
                                  "Strategy": "Sorted",
                                  "Partial Mode": "Partial",
                                  "Parent Relationship": "Outer",
                                  "Parallel Aware": false,
                                  "Async Capable": false,
                                  "Startup Cost": 517177.34,
                                  "Total Cost": 517181.95,
                                  "Plan Rows": 142,
                                  "Plan Width": 113,
                                  "Group Key": [
                                    "catalog_page.cp_catalog_page_id"
                                  ],
                                  "Plans": [
                                    {
                                      "Node Type": "Sort",
                                      "Parent Relationship": "Outer",
                                      "Parallel Aware": false,
                                      "Async Capable": false,
                                      "Startup Cost": 517177.34,
                                      "Total Cost": 517177.69,
                                      "Plan Rows": 142,
                                      "Plan Width": 41,
                                      "Sort Key": [
                                        "catalog_page.cp_catalog_page_id"
                                      ],
                                      "Plans": [
                                        {
                                          "Node Type": "Hash Join",
                                          "Parent Relationship": "Outer",
                                          "Parallel Aware": false,
                                          "Async Capable": false,
                                          "Join Type": "Inner",
                                          "Startup Cost": 57382.33,
                                          "Total Cost": 517172.26,
                                          "Plan Rows": 142,
                                          "Plan Width": 41,
                                          "Inner Unique": false,
                                          "Hash Cond": "(catalog_sales.cs_catalog_page_sk = catalog_page.cp_catalog_page_sk)",
                                          "Plans": [
                                            {
                                              "Node Type": "Hash Join",
                                              "Parent Relationship": "Outer",
                                              "Parallel Aware": false,
                                              "Async Capable": false,
                                              "Join Type": "Inner",
                                              "Startup Cost": 56864.33,
                                              "Total Cost": 516652.32,
                                              "Plan Rows": 142,
                                              "Plan Width": 28,
                                              "Inner Unique": false,
                                              "Hash Cond": "(catalog_sales.cs_promo_sk = promotion_1.p_promo_sk)",
                                              "Plans": [
                                                {
                                                  "Node Type": "Hash Join",
                                                  "Parent Relationship": "Outer",
                                                  "Parallel Aware": true,
                                                  "Async Capable": false,
                                                  "Join Type": "Inner",
                                                  "Startup Cost": 56838.93,
                                                  "Total Cost": 516624.96,
                                                  "Plan Rows": 145,
                                                  "Plan Width": 32,
                                                  "Inner Unique": false,
                                                  "Hash Cond": "(catalog_sales.cs_item_sk = item_1.i_item_sk)",
                                                  "Plans": [
                                                    {
                                                      "Node Type": "Hash Join",
                                                      "Parent Relationship": "Outer",
                                                      "Parallel Aware": true,
                                                      "Async Capable": false,
                                                      "Join Type": "Left",
                                                      "Startup Cost": 49313.15,
                                                      "Total Cost": 509089.08,
                                                      "Plan Rows": 2532,
                                                      "Plan Width": 36,
                                                      "Inner Unique": false,
                                                      "Hash Cond": "((catalog_sales.cs_item_sk = catalog_returns.cr_item_sk) AND (catalog_sales.cs_order_number = catalog_returns.cr_order_number))",
                                                      "Plans": [
                                                        {
                                                          "Node Type": "Hash Join",
                                                          "Parent Relationship": "Outer",
                                                          "Parallel Aware": true,
                                                          "Async Capable": false,
                                                          "Join Type": "Inner",
                                                          "Startup Cost": 2049.78,
                                                          "Total Cost": 458254.7,
                                                          "Plan Rows": 2532,
                                                          "Plan Width": 28,
                                                          "Inner Unique": false,
                                                          "Hash Cond": "(catalog_sales.cs_sold_date_sk = date_dim_1.d_date_sk)",
                                                          "Plans": [
                                                            {
                                                              "Node Type": "Seq Scan",
                                                              "Parent Relationship": "Outer",
                                                              "Parallel Aware": true,
                                                              "Async Capable": false,
                                                              "Relation Name": "catalog_sales",
                                                              "Alias": "catalog_sales",
                                                              "Startup Cost": 0.0,
                                                              "Total Cost": 433688.25,
                                                              "Plan Rows": 6000525,
                                                              "Plan Width": 32,
                                                              "parent": 34,
                                                              "ID": 35
                                                            },
                                                            {
                                                              "Node Type": "Hash",
                                                              "Parent Relationship": "Inner",
                                                              "Parallel Aware": true,
                                                              "Async Capable": false,
                                                              "Startup Cost": 2049.55,
                                                              "Total Cost": 2049.55,
                                                              "Plan Rows": 18,
                                                              "Plan Width": 4,
                                                              "Plans": [
                                                                {
                                                                  "Node Type": "Seq Scan",
                                                                  "Parent Relationship": "Outer",
                                                                  "Parallel Aware": true,
                                                                  "Async Capable": false,
                                                                  "Relation Name": "date_dim",
                                                                  "Alias": "date_dim_1",
                                                                  "Startup Cost": 0.0,
                                                                  "Total Cost": 2049.55,
                                                                  "Plan Rows": 18,
                                                                  "Plan Width": 4,
                                                                  "Filter": "((d_date >= '2000-08-02'::date) AND (d_date <= '2000-09-01 00:00:00'::timestamp without time zone))",
                                                                  "parent": 36,
                                                                  "ID": 37
                                                                }
                                                              ],
                                                              "parent": 34,
                                                              "ID": 36,
                                                              "left": 37
                                                            }
                                                          ],
                                                          "parent": 33,
                                                          "ID": 34,
                                                          "left": 35,
                                                          "right": 36
                                                        },
                                                        {
                                                          "Node Type": "Hash",
                                                          "Parent Relationship": "Inner",
                                                          "Parallel Aware": true,
                                                          "Async Capable": false,
                                                          "Startup Cost": 34748.95,
                                                          "Total Cost": 34748.95,
                                                          "Plan Rows": 599895,
                                                          "Plan Width": 20,
                                                          "Plans": [
                                                            {
                                                              "Node Type": "Seq Scan",
                                                              "Parent Relationship": "Outer",
                                                              "Parallel Aware": true,
                                                              "Async Capable": false,
                                                              "Relation Name": "catalog_returns",
                                                              "Alias": "catalog_returns",
                                                              "Startup Cost": 0.0,
                                                              "Total Cost": 34748.95,
                                                              "Plan Rows": 599895,
                                                              "Plan Width": 20,
                                                              "parent": 38,
                                                              "ID": 39
                                                            }
                                                          ],
                                                          "parent": 33,
                                                          "ID": 38,
                                                          "left": 39
                                                        }
                                                      ],
                                                      "parent": 32,
                                                      "ID": 33,
                                                      "left": 34,
                                                      "right": 38
                                                    },
                                                    {
                                                      "Node Type": "Hash",
                                                      "Parent Relationship": "Inner",
                                                      "Parallel Aware": true,
                                                      "Async Capable": false,
                                                      "Startup Cost": 7495.25,
                                                      "Total Cost": 7495.25,
                                                      "Plan Rows": 2442,
                                                      "Plan Width": 4,
                                                      "Plans": [
                                                        {
                                                          "Node Type": "Seq Scan",
                                                          "Parent Relationship": "Outer",
                                                          "Parallel Aware": true,
                                                          "Async Capable": false,
                                                          "Relation Name": "item",
                                                          "Alias": "item_1",
                                                          "Startup Cost": 0.0,
                                                          "Total Cost": 7495.25,
                                                          "Plan Rows": 2442,
                                                          "Plan Width": 4,
                                                          "Filter": "(i_current_price > '50'::numeric)",
                                                          "parent": 40,
                                                          "ID": 41
                                                        }
                                                      ],
                                                      "parent": 32,
                                                      "ID": 40,
                                                      "left": 41
                                                    }
                                                  ],
                                                  "parent": 31,
                                                  "ID": 32,
                                                  "left": 33,
                                                  "right": 40
                                                },
                                                {
                                                  "Node Type": "Hash",
                                                  "Parent Relationship": "Inner",
                                                  "Parallel Aware": false,
                                                  "Async Capable": false,
                                                  "Startup Cost": 19.25,
                                                  "Total Cost": 19.25,
                                                  "Plan Rows": 492,
                                                  "Plan Width": 4,
                                                  "Plans": [
                                                    {
                                                      "Node Type": "Seq Scan",
                                                      "Parent Relationship": "Outer",
                                                      "Parallel Aware": false,
                                                      "Async Capable": false,
                                                      "Relation Name": "promotion",
                                                      "Alias": "promotion_1",
                                                      "Startup Cost": 0.0,
                                                      "Total Cost": 19.25,
                                                      "Plan Rows": 492,
                                                      "Plan Width": 4,
                                                      "Filter": "(p_channel_tv = 'N'::bpchar)",
                                                      "parent": 42,
                                                      "ID": 43
                                                    }
                                                  ],
                                                  "parent": 31,
                                                  "ID": 42,
                                                  "left": 43
                                                }
                                              ],
                                              "parent": 30,
                                              "ID": 31,
                                              "left": 32,
                                              "right": 42
                                            },
                                            {
                                              "Node Type": "Hash",
                                              "Parent Relationship": "Inner",
                                              "Parallel Aware": false,
                                              "Async Capable": false,
                                              "Startup Cost": 368.0,
                                              "Total Cost": 368.0,
                                              "Plan Rows": 12000,
                                              "Plan Width": 21,
                                              "Plans": [
                                                {
                                                  "Node Type": "Seq Scan",
                                                  "Parent Relationship": "Outer",
                                                  "Parallel Aware": false,
                                                  "Async Capable": false,
                                                  "Relation Name": "catalog_page",
                                                  "Alias": "catalog_page",
                                                  "Startup Cost": 0.0,
                                                  "Total Cost": 368.0,
                                                  "Plan Rows": 12000,
                                                  "Plan Width": 21,
                                                  "parent": 44,
                                                  "ID": 45
                                                }
                                              ],
                                              "parent": 30,
                                              "ID": 44,
                                              "left": 45
                                            }
                                          ],
                                          "parent": 29,
                                          "ID": 30,
                                          "left": 31,
                                          "right": 44
                                        }
                                      ],
                                      "parent": 28,
                                      "ID": 29,
                                      "left": 30
                                    }
                                  ],
                                  "parent": 27,
                                  "ID": 28,
                                  "left": 29
                                }
                              ],
                              "parent": 26,
                              "ID": 27,
                              "left": 28
                            }
                          ],
                          "parent": 25,
                          "ID": 26,
                          "left": 27
                        }
                      ],
                      "parent": 3,
                      "ID": 25,
                      "left": 26
                    },
                    {
                      "Node Type": "Subquery Scan",
                      "Parent Relationship": "Member",
                      "Parallel Aware": false,
                      "Async Capable": false,
                      "Alias": "wsr",
                      "Startup Cost": 263919.04,
                      "Total Cost": 263926.75,
                      "Plan Rows": 21,
                      "Plan Width": 160,
                      "Plans": [
                        {
                          "Node Type": "Aggregate",
                          "Strategy": "Sorted",
                          "Partial Mode": "Finalize",
                          "Parent Relationship": "Subquery",
                          "Parallel Aware": false,
                          "Async Capable": false,
                          "Startup Cost": 263919.04,
                          "Total Cost": 263926.43,
                          "Plan Rows": 21,
                          "Plan Width": 113,
                          "Group Key": [
                            "web_site.web_site_id"
                          ],
                          "Plans": [
                            {
                              "Node Type": "Gather Merge",
                              "Parent Relationship": "Outer",
                              "Parallel Aware": false,
                              "Async Capable": false,
                              "Startup Cost": 263919.04,
                              "Total Cost": 263925.33,
                              "Plan Rows": 42,
                              "Plan Width": 113,
                              "Workers Planned": 2,
                              "Plans": [
                                {
                                  "Node Type": "Aggregate",
                                  "Strategy": "Sorted",
                                  "Partial Mode": "Partial",
                                  "Parent Relationship": "Outer",
                                  "Parallel Aware": false,
                                  "Async Capable": false,
                                  "Startup Cost": 262919.01,
                                  "Total Cost": 262920.46,
                                  "Plan Rows": 21,
                                  "Plan Width": 113,
                                  "Group Key": [
                                    "web_site.web_site_id"
                                  ],
                                  "Plans": [
                                    {
                                      "Node Type": "Sort",
                                      "Parent Relationship": "Outer",
                                      "Parallel Aware": false,
                                      "Async Capable": false,
                                      "Startup Cost": 262919.01,
                                      "Total Cost": 262919.19,
                                      "Plan Rows": 72,
                                      "Plan Width": 41,
                                      "Sort Key": [
                                        "web_site.web_site_id"
                                      ],
                                      "Plans": [
                                        {
                                          "Node Type": "Hash Join",
                                          "Parent Relationship": "Outer",
                                          "Parallel Aware": false,
                                          "Async Capable": false,
                                          "Join Type": "Inner",
                                          "Startup Cost": 32134.74,
                                          "Total Cost": 262916.79,
                                          "Plan Rows": 72,
                                          "Plan Width": 41,
                                          "Inner Unique": false,
                                          "Hash Cond": "(web_sales.ws_web_site_sk = web_site.web_site_sk)",
                                          "Plans": [
                                            {
                                              "Node Type": "Hash Join",
                                              "Parent Relationship": "Outer",
                                              "Parallel Aware": false,
                                              "Async Capable": false,
                                              "Join Type": "Inner",
                                              "Startup Cost": 32130.8,
                                              "Total Cost": 262911.86,
                                              "Plan Rows": 72,
                                              "Plan Width": 28,
                                              "Inner Unique": false,
                                              "Hash Cond": "(web_sales.ws_promo_sk = promotion_2.p_promo_sk)",
                                              "Plans": [
                                                {
                                                  "Node Type": "Hash Join",
                                                  "Parent Relationship": "Outer",
                                                  "Parallel Aware": true,
                                                  "Async Capable": false,
                                                  "Join Type": "Inner",
                                                  "Startup Cost": 32105.4,
                                                  "Total Cost": 262885.46,
                                                  "Plan Rows": 73,
                                                  "Plan Width": 32,
                                                  "Inner Unique": false,
                                                  "Hash Cond": "(web_sales.ws_item_sk = item_2.i_item_sk)",
                                                  "Plans": [
                                                    {
                                                      "Node Type": "Hash Join",
                                                      "Parent Relationship": "Outer",
                                                      "Parallel Aware": true,
                                                      "Async Capable": false,
                                                      "Join Type": "Left",
                                                      "Startup Cost": 24579.62,
                                                      "Total Cost": 255354.62,
                                                      "Plan Rows": 1272,
                                                      "Plan Width": 36,
                                                      "Inner Unique": false,
                                                      "Hash Cond": "((web_sales.ws_item_sk = web_returns.wr_item_sk) AND (web_sales.ws_order_number = web_returns.wr_order_number))",
                                                      "Plans": [
                                                        {
                                                          "Node Type": "Hash Join",
                                                          "Parent Relationship": "Outer",
                                                          "Parallel Aware": true,
                                                          "Async Capable": false,
                                                          "Join Type": "Inner",
                                                          "Startup Cost": 2049.78,
                                                          "Total Cost": 231041.22,
                                                          "Plan Rows": 1272,
                                                          "Plan Width": 28,
                                                          "Inner Unique": false,
                                                          "Hash Cond": "(web_sales.ws_sold_date_sk = date_dim_2.d_date_sk)",
                                                          "Plans": [
                                                            {
                                                              "Node Type": "Seq Scan",
                                                              "Parent Relationship": "Outer",
                                                              "Parallel Aware": true,
                                                              "Async Capable": false,
                                                              "Relation Name": "web_sales",
                                                              "Alias": "web_sales",
                                                              "Startup Cost": 0.0,
                                                              "Total Cost": 217737.86,
                                                              "Plan Rows": 2998986,
                                                              "Plan Width": 32,
                                                              "parent": 55,
                                                              "ID": 56
                                                            },
                                                            {
                                                              "Node Type": "Hash",
                                                              "Parent Relationship": "Inner",
                                                              "Parallel Aware": true,
                                                              "Async Capable": false,
                                                              "Startup Cost": 2049.55,
                                                              "Total Cost": 2049.55,
                                                              "Plan Rows": 18,
                                                              "Plan Width": 4,
                                                              "Plans": [
                                                                {
                                                                  "Node Type": "Seq Scan",
                                                                  "Parent Relationship": "Outer",
                                                                  "Parallel Aware": true,
                                                                  "Async Capable": false,
                                                                  "Relation Name": "date_dim",
                                                                  "Alias": "date_dim_2",
                                                                  "Startup Cost": 0.0,
                                                                  "Total Cost": 2049.55,
                                                                  "Plan Rows": 18,
                                                                  "Plan Width": 4,
                                                                  "Filter": "((d_date >= '2000-08-02'::date) AND (d_date <= '2000-09-01 00:00:00'::timestamp without time zone))",
                                                                  "parent": 57,
                                                                  "ID": 58
                                                                }
                                                              ],
                                                              "parent": 55,
                                                              "ID": 57,
                                                              "left": 58
                                                            }
                                                          ],
                                                          "parent": 54,
                                                          "ID": 55,
                                                          "left": 56,
                                                          "right": 57
                                                        },
                                                        {
                                                          "Node Type": "Hash",
                                                          "Parent Relationship": "Inner",
                                                          "Parallel Aware": true,
                                                          "Async Capable": false,
                                                          "Startup Cost": 16278.74,
                                                          "Total Cost": 16278.74,
                                                          "Plan Rows": 299674,
                                                          "Plan Width": 20,
                                                          "Plans": [
                                                            {
                                                              "Node Type": "Seq Scan",
                                                              "Parent Relationship": "Outer",
                                                              "Parallel Aware": true,
                                                              "Async Capable": false,
                                                              "Relation Name": "web_returns",
                                                              "Alias": "web_returns",
                                                              "Startup Cost": 0.0,
                                                              "Total Cost": 16278.74,
                                                              "Plan Rows": 299674,
                                                              "Plan Width": 20,
                                                              "parent": 59,
                                                              "ID": 60
                                                            }
                                                          ],
                                                          "parent": 54,
                                                          "ID": 59,
                                                          "left": 60
                                                        }
                                                      ],
                                                      "parent": 53,
                                                      "ID": 54,
                                                      "left": 55,
                                                      "right": 59
                                                    },
                                                    {
                                                      "Node Type": "Hash",
                                                      "Parent Relationship": "Inner",
                                                      "Parallel Aware": true,
                                                      "Async Capable": false,
                                                      "Startup Cost": 7495.25,
                                                      "Total Cost": 7495.25,
                                                      "Plan Rows": 2442,
                                                      "Plan Width": 4,
                                                      "Plans": [
                                                        {
                                                          "Node Type": "Seq Scan",
                                                          "Parent Relationship": "Outer",
                                                          "Parallel Aware": true,
                                                          "Async Capable": false,
                                                          "Relation Name": "item",
                                                          "Alias": "item_2",
                                                          "Startup Cost": 0.0,
                                                          "Total Cost": 7495.25,
                                                          "Plan Rows": 2442,
                                                          "Plan Width": 4,
                                                          "Filter": "(i_current_price > '50'::numeric)",
                                                          "parent": 61,
                                                          "ID": 62
                                                        }
                                                      ],
                                                      "parent": 53,
                                                      "ID": 61,
                                                      "left": 62
                                                    }
                                                  ],
                                                  "parent": 52,
                                                  "ID": 53,
                                                  "left": 54,
                                                  "right": 61
                                                },
                                                {
                                                  "Node Type": "Hash",
                                                  "Parent Relationship": "Inner",
                                                  "Parallel Aware": false,
                                                  "Async Capable": false,
                                                  "Startup Cost": 19.25,
                                                  "Total Cost": 19.25,
                                                  "Plan Rows": 492,
                                                  "Plan Width": 4,
                                                  "Plans": [
                                                    {
                                                      "Node Type": "Seq Scan",
                                                      "Parent Relationship": "Outer",
                                                      "Parallel Aware": false,
                                                      "Async Capable": false,
                                                      "Relation Name": "promotion",
                                                      "Alias": "promotion_2",
                                                      "Startup Cost": 0.0,
                                                      "Total Cost": 19.25,
                                                      "Plan Rows": 492,
                                                      "Plan Width": 4,
                                                      "Filter": "(p_channel_tv = 'N'::bpchar)",
                                                      "parent": 63,
                                                      "ID": 64
                                                    }
                                                  ],
                                                  "parent": 52,
                                                  "ID": 63,
                                                  "left": 64
                                                }
                                              ],
                                              "parent": 51,
                                              "ID": 52,
                                              "left": 53,
                                              "right": 63
                                            },
                                            {
                                              "Node Type": "Hash",
                                              "Parent Relationship": "Inner",
                                              "Parallel Aware": false,
                                              "Async Capable": false,
                                              "Startup Cost": 3.42,
                                              "Total Cost": 3.42,
                                              "Plan Rows": 42,
                                              "Plan Width": 21,
                                              "Plans": [
                                                {
                                                  "Node Type": "Seq Scan",
                                                  "Parent Relationship": "Outer",
                                                  "Parallel Aware": false,
                                                  "Async Capable": false,
                                                  "Relation Name": "web_site",
                                                  "Alias": "web_site",
                                                  "Startup Cost": 0.0,
                                                  "Total Cost": 3.42,
                                                  "Plan Rows": 42,
                                                  "Plan Width": 21,
                                                  "parent": 65,
                                                  "ID": 66
                                                }
                                              ],
                                              "parent": 51,
                                              "ID": 65,
                                              "left": 66
                                            }
                                          ],
                                          "parent": 50,
                                          "ID": 51,
                                          "left": 52,
                                          "right": 65
                                        }
                                      ],
                                      "parent": 49,
                                      "ID": 50,
                                      "left": 51
                                    }
                                  ],
                                  "parent": 48,
                                  "ID": 49,
                                  "left": 50
                                }
                              ],
                              "parent": 47,
                              "ID": 48,
                              "left": 49
                            }
                          ],
                          "parent": 46,
                          "ID": 47,
                          "left": 48
                        }
                      ],
                      "parent": 3,
                      "ID": 46,
                      "left": 47
                    }
                  ],
                  "parent": 2,
                  "ID": 3,
                  "left": 4,
                  "right": 25
                }
              ],
              "parent": 1,
              "ID": 2,
              "left": 3
            }
          ],
          "parent": 0,
          "ID": 1,
          "left": 2
        }
      ],
      "parent": null,
      "ID": 0,
      "left": 1
    },
    "feat": {
      "utility": 2.179979005067697e-06,
      "query_shape": [
        [
          "Seq Scan",
          "Hash Join",
          "Sort",
          "Aggregate",
          "Gather Merge",
          "Subquery Scan",
          "Append"
        ],
        [
          "Seq Scan",
          "Hash",
          "Hash Join",
          "Sort",
          "Aggregate",
          "Gather Merge",
          "Subquery Scan",
          "Append"
        ],
        [
          "Seq Scan",
          "Hash",
          "Hash Join",
          "Sort",
          "Aggregate",
          "Gather Merge",
          "Subquery Scan",
          "Append"
        ],
        [
          "Seq Scan",
          "Hash",
          "Hash Join",
          "Sort",
          "Aggregate",
          "Gather Merge",
          "Subquery Scan",
          "Append"
        ],
        [
          "Seq Scan",
          "Hash",
          "Hash Join",
          "Sort",
          "Aggregate",
          "Gather Merge",
          "Subquery Scan",
          "Append"
        ],
        [
          "Seq Scan",
          "Hash",
          "Hash Join",
          "Sort",
          "Aggregate",
          "Gather Merge",
          "Subquery Scan",
          "Append"
        ],
        [
          "Seq Scan",
          "Hash Join",
          "Sort",
          "Aggregate",
          "Gather Merge",
          "Subquery Scan",
          "Append"
        ],
        [
          "Seq Scan",
          "Hash",
          "Hash Join",
          "Sort",
          "Aggregate",
          "Gather Merge",
          "Subquery Scan",
          "Append"
        ],
        [
          "Seq Scan",
          "Hash",
          "Hash Join",
          "Sort",
          "Aggregate",
          "Gather Merge",
          "Subquery Scan",
          "Append"
        ],
        [
          "Seq Scan",
          "Hash",
          "Hash Join",
          "Sort",
          "Aggregate",
          "Gather Merge",
          "Subquery Scan",
          "Append"
        ],
        [
          "Seq Scan",
          "Hash",
          "Hash Join",
          "Sort",
          "Aggregate",
          "Gather Merge",
          "Subquery Scan",
          "Append"
        ],
        [
          "Seq Scan",
          "Hash",
          "Hash Join",
          "Sort",
          "Aggregate",
          "Gather Merge",
          "Subquery Scan",
          "Append"
        ],
        [
          "Seq Scan",
          "Hash Join",
          "Sort",
          "Aggregate",
          "Gather Merge",
          "Subquery Scan",
          "Append"
        ],
        [
          "Seq Scan",
          "Hash",
          "Hash Join",
          "Sort",
          "Aggregate",
          "Gather Merge",
          "Subquery Scan",
          "Append"
        ],
        [
          "Seq Scan",
          "Hash",
          "Hash Join",
          "Sort",
          "Aggregate",
          "Gather Merge",
          "Subquery Scan",
          "Append"
        ],
        [
          "Seq Scan",
          "Hash",
          "Hash Join",
          "Sort",
          "Aggregate",
          "Gather Merge",
          "Subquery Scan",
          "Append"
        ],
        [
          "Seq Scan",
          "Hash",
          "Hash Join",
          "Sort",
          "Aggregate",
          "Gather Merge",
          "Subquery Scan",
          "Append"
        ],
        [
          "Seq Scan",
          "Hash",
          "Hash Join",
          "Sort",
          "Aggregate",
          "Gather Merge",
          "Subquery Scan",
          "Append"
        ]
      ],
      "index_shape": [
        "join"
      ],
      "physical_operator": {
        "Hash Join": [
          0.0012911074255784968
        ]
      }
    }
  },
  {
    "query": "with ssr as\n (select  s_store_id as store_id,\n          sum(ss_ext_sales_price) as sales,\n          sum(coalesce(sr_return_amt, 0)) as returns,\n          sum(ss_net_profit - coalesce(sr_net_loss, 0)) as profit\n  from store_sales left outer join store_returns on\n         (ss_item_sk = sr_item_sk and ss_ticket_number = sr_ticket_number),\n     date_dim,\n     store,\n     item,\n     promotion\n where ss_sold_date_sk = d_date_sk\n       and d_date between cast('2000-08-02' as date) \n                  and (cast('2000-08-02' as date) +  interval '30 days')\n       and ss_store_sk = s_store_sk\n       and ss_item_sk = i_item_sk\n       and i_current_price > 50\n       and ss_promo_sk = p_promo_sk\n       and p_channel_tv = 'N'\n group by s_store_id)\n ,\n csr as\n (select  cp_catalog_page_id as catalog_page_id,\n          sum(cs_ext_sales_price) as sales,\n          sum(coalesce(cr_return_amount, 0)) as returns,\n          sum(cs_net_profit - coalesce(cr_net_loss, 0)) as profit\n  from catalog_sales left outer join catalog_returns on\n         (cs_item_sk = cr_item_sk and cs_order_number = cr_order_number),\n     date_dim,\n     catalog_page,\n     item,\n     promotion\n where cs_sold_date_sk = d_date_sk\n       and d_date between cast('2000-08-02' as date)\n                  and (cast('2000-08-02' as date) +  interval '30 days')\n        and cs_catalog_page_sk = cp_catalog_page_sk\n       and cs_item_sk = i_item_sk\n       and i_current_price > 50\n       and cs_promo_sk = p_promo_sk\n       and p_channel_tv = 'N'\ngroup by cp_catalog_page_id)\n ,\n wsr as\n (select  web_site_id,\n          sum(ws_ext_sales_price) as sales,\n          sum(coalesce(wr_return_amt, 0)) as returns,\n          sum(ws_net_profit - coalesce(wr_net_loss, 0)) as profit\n  from web_sales left outer join web_returns on\n         (ws_item_sk = wr_item_sk and ws_order_number = wr_order_number),\n     date_dim,\n     web_site,\n     item,\n     promotion\n where ws_sold_date_sk = d_date_sk\n       and d_date between cast('2000-08-02' as date)\n                  and (cast('2000-08-02' as date) +  interval '30 days')\n        and ws_web_site_sk = web_site_sk\n       and ws_item_sk = i_item_sk\n       and i_current_price > 50\n       and ws_promo_sk = p_promo_sk\n       and p_channel_tv = 'N'\ngroup by web_site_id)\n  select  channel\n        , id\n        , sum(sales) as sales\n        , sum(returns) as returns\n        , sum(profit) as profit\n from \n (select 'store channel' as channel\n        , 'store' || store_id as id\n        , sales\n        , returns\n        , profit\n from   ssr\n union all\n select 'catalog channel' as channel\n        , 'catalog_page' || catalog_page_id as id\n        , sales\n        , returns\n        , profit\n from  csr\n union all\n select 'web channel' as channel\n        , 'web_site' || web_site_id as id\n        , sales\n        , returns\n        , profit\n from   wsr\n ) x\n group by rollup (channel, id)\n order by channel\n         ,id\n limit 100;\n\n-- end query 61 in stream 4 using template query80.tpl\n",
    "indexes": "catalog_sales.cs_ext_sales_price",
    "wo plan est": {
      "Node Type": "Limit",
      "Parallel Aware": false,
      "Async Capable": false,
      "Startup Cost": 1566793.64,
      "Total Cost": 1566796.93,
      "Plan Rows": 100,
      "Plan Width": 160,
      "Plans": [
        {
          "Node Type": "Aggregate",
          "Strategy": "Sorted",
          "Partial Mode": "Simple",
          "Parent Relationship": "Outer",
          "Parallel Aware": false,
          "Async Capable": false,
          "Startup Cost": 1566793.64,
          "Total Cost": 1566806.84,
          "Plan Rows": 401,
          "Plan Width": 160,
          "Grouping Sets": [
            {
              "Group Keys": [
                [
                  "('store channel'::text)",
                  "(('store'::text || (ssr.store_id)::text))"
                ],
                [
                  "('store channel'::text)"
                ],
                []
              ]
            }
          ],
          "Plans": [
            {
              "Node Type": "Sort",
              "Parent Relationship": "Outer",
              "Parallel Aware": false,
              "Async Capable": false,
              "Startup Cost": 1566793.64,
              "Total Cost": 1566794.67,
              "Plan Rows": 412,
              "Plan Width": 160,
              "Sort Key": [
                "('store channel'::text)",
                "(('store'::text || (ssr.store_id)::text))"
              ],
              "Plans": [
                {
                  "Node Type": "Append",
                  "Parent Relationship": "Outer",
                  "Parallel Aware": false,
                  "Async Capable": false,
                  "Startup Cost": 784596.3,
                  "Total Cost": 1566775.74,
                  "Plan Rows": 412,
                  "Plan Width": 160,
                  "Subplans Removed": 0,
                  "Plans": [
                    {
                      "Node Type": "Subquery Scan",
                      "Parent Relationship": "Member",
                      "Parallel Aware": false,
                      "Async Capable": false,
                      "Alias": "ssr",
                      "Startup Cost": 784596.3,
                      "Total Cost": 784616.16,
                      "Plan Rows": 51,
                      "Plan Width": 160,
                      "Plans": [
                        {
                          "Node Type": "Aggregate",
                          "Strategy": "Sorted",
                          "Partial Mode": "Finalize",
                          "Parent Relationship": "Subquery",
                          "Parallel Aware": false,
                          "Async Capable": false,
                          "Startup Cost": 784596.3,
                          "Total Cost": 784615.39,
                          "Plan Rows": 51,
                          "Plan Width": 113,
                          "Group Key": [
                            "store.s_store_id"
                          ],
                          "Plans": [
                            {
                              "Node Type": "Gather Merge",
                              "Parent Relationship": "Outer",
                              "Parallel Aware": false,
                              "Async Capable": false,
                              "Startup Cost": 784596.3,
                              "Total Cost": 784612.71,
                              "Plan Rows": 102,
                              "Plan Width": 113,
                              "Workers Planned": 2,
                              "Plans": [
                                {
                                  "Node Type": "Aggregate",
                                  "Strategy": "Sorted",
                                  "Partial Mode": "Partial",
                                  "Parent Relationship": "Outer",
                                  "Parallel Aware": false,
                                  "Async Capable": false,
                                  "Startup Cost": 783596.27,
                                  "Total Cost": 783600.92,
                                  "Plan Rows": 51,
                                  "Plan Width": 113,
                                  "Group Key": [
                                    "store.s_store_id"
                                  ],
                                  "Plans": [
                                    {
                                      "Node Type": "Sort",
                                      "Parent Relationship": "Outer",
                                      "Parallel Aware": false,
                                      "Async Capable": false,
                                      "Startup Cost": 783596.27,
                                      "Total Cost": 783596.9,
                                      "Plan Rows": 250,
                                      "Plan Width": 41,
                                      "Sort Key": [
                                        "store.s_store_id"
                                      ],
                                      "Plans": [
                                        {
                                          "Node Type": "Hash Join",
                                          "Parent Relationship": "Outer",
                                          "Parallel Aware": false,
                                          "Async Capable": false,
                                          "Join Type": "Inner",
                                          "Startup Cost": 94489.35,
                                          "Total Cost": 783586.32,
                                          "Plan Rows": 250,
                                          "Plan Width": 41,
                                          "Inner Unique": false,
                                          "Hash Cond": "(store_sales.ss_store_sk = store.s_store_sk)",
                                          "Plans": [
                                            {
                                              "Node Type": "Hash Join",
                                              "Parent Relationship": "Outer",
                                              "Parallel Aware": false,
                                              "Async Capable": false,
                                              "Join Type": "Inner",
                                              "Startup Cost": 94482.05,
                                              "Total Cost": 783575.54,
                                              "Plan Rows": 262,
                                              "Plan Width": 28,
                                              "Inner Unique": false,
                                              "Hash Cond": "(store_sales.ss_promo_sk = promotion.p_promo_sk)",
                                              "Plans": [
                                                {
                                                  "Node Type": "Hash Join",
                                                  "Parent Relationship": "Outer",
                                                  "Parallel Aware": true,
                                                  "Async Capable": false,
                                                  "Join Type": "Inner",
                                                  "Startup Cost": 94456.65,
                                                  "Total Cost": 783546.47,
                                                  "Plan Rows": 279,
                                                  "Plan Width": 32,
                                                  "Inner Unique": false,
                                                  "Hash Cond": "(store_sales.ss_item_sk = item.i_item_sk)",
                                                  "Plans": [
                                                    {
                                                      "Node Type": "Hash Join",
                                                      "Parent Relationship": "Outer",
                                                      "Parallel Aware": true,
                                                      "Async Capable": false,
                                                      "Join Type": "Left",
                                                      "Startup Cost": 86930.88,
                                                      "Total Cost": 776001.31,
                                                      "Plan Rows": 4860,
                                                      "Plan Width": 36,
                                                      "Inner Unique": false,
                                                      "Hash Cond": "((store_sales.ss_item_sk = store_returns.sr_item_sk) AND (store_sales.ss_ticket_number = store_returns.sr_ticket_number))",
                                                      "Plans": [
                                                        {
                                                          "Node Type": "Hash Join",
                                                          "Parent Relationship": "Outer",
                                                          "Parallel Aware": true,
                                                          "Async Capable": false,
                                                          "Join Type": "Inner",
                                                          "Startup Cost": 2049.78,
                                                          "Total Cost": 683994.75,
                                                          "Plan Rows": 4860,
                                                          "Plan Width": 28,
                                                          "Inner Unique": false,
                                                          "Hash Cond": "(store_sales.ss_sold_date_sk = date_dim.d_date_sk)",
                                                          "Plans": [
                                                            {
                                                              "Node Type": "Seq Scan",
                                                              "Parent Relationship": "Outer",
                                                              "Parallel Aware": true,
                                                              "Async Capable": false,
                                                              "Relation Name": "store_sales",
                                                              "Alias": "store_sales",
                                                              "Startup Cost": 0.0,
                                                              "Total Cost": 636914.37,
                                                              "Plan Rows": 12000637,
                                                              "Plan Width": 32,
                                                              "parent": 13,
                                                              "ID": 14
                                                            },
                                                            {
                                                              "Node Type": "Hash",
                                                              "Parent Relationship": "Inner",
                                                              "Parallel Aware": true,
                                                              "Async Capable": false,
                                                              "Startup Cost": 2049.55,
                                                              "Total Cost": 2049.55,
                                                              "Plan Rows": 18,
                                                              "Plan Width": 4,
                                                              "Plans": [
                                                                {
                                                                  "Node Type": "Seq Scan",
                                                                  "Parent Relationship": "Outer",
                                                                  "Parallel Aware": true,
                                                                  "Async Capable": false,
                                                                  "Relation Name": "date_dim",
                                                                  "Alias": "date_dim",
                                                                  "Startup Cost": 0.0,
                                                                  "Total Cost": 2049.55,
                                                                  "Plan Rows": 18,
                                                                  "Plan Width": 4,
                                                                  "Filter": "((d_date >= '2000-08-02'::date) AND (d_date <= '2000-09-01 00:00:00'::timestamp without time zone))",
                                                                  "parent": 15,
                                                                  "ID": 16
                                                                }
                                                              ],
                                                              "parent": 13,
                                                              "ID": 15,
                                                              "left": 16
                                                            }
                                                          ],
                                                          "parent": 12,
                                                          "ID": 13,
                                                          "left": 14,
                                                          "right": 15
                                                        },
                                                        {
                                                          "Node Type": "Hash",
                                                          "Parent Relationship": "Inner",
                                                          "Parallel Aware": true,
                                                          "Async Capable": false,
                                                          "Startup Cost": 59887.64,
                                                          "Total Cost": 59887.64,
                                                          "Plan Rows": 1198164,
                                                          "Plan Width": 20,
                                                          "Plans": [
                                                            {
                                                              "Node Type": "Seq Scan",
                                                              "Parent Relationship": "Outer",
                                                              "Parallel Aware": true,
                                                              "Async Capable": false,
                                                              "Relation Name": "store_returns",
                                                              "Alias": "store_returns",
                                                              "Startup Cost": 0.0,
                                                              "Total Cost": 59887.64,
                                                              "Plan Rows": 1198164,
                                                              "Plan Width": 20,
                                                              "parent": 17,
                                                              "ID": 18
                                                            }
                                                          ],
                                                          "parent": 12,
                                                          "ID": 17,
                                                          "left": 18
                                                        }
                                                      ],
                                                      "parent": 11,
                                                      "ID": 12,
                                                      "left": 13,
                                                      "right": 17
                                                    },
                                                    {
                                                      "Node Type": "Hash",
                                                      "Parent Relationship": "Inner",
                                                      "Parallel Aware": true,
                                                      "Async Capable": false,
                                                      "Startup Cost": 7495.25,
                                                      "Total Cost": 7495.25,
                                                      "Plan Rows": 2442,
                                                      "Plan Width": 4,
                                                      "Plans": [
                                                        {
                                                          "Node Type": "Seq Scan",
                                                          "Parent Relationship": "Outer",
                                                          "Parallel Aware": true,
                                                          "Async Capable": false,
                                                          "Relation Name": "item",
                                                          "Alias": "item",
                                                          "Startup Cost": 0.0,
                                                          "Total Cost": 7495.25,
                                                          "Plan Rows": 2442,
                                                          "Plan Width": 4,
                                                          "Filter": "(i_current_price > '50'::numeric)",
                                                          "parent": 19,
                                                          "ID": 20
                                                        }
                                                      ],
                                                      "parent": 11,
                                                      "ID": 19,
                                                      "left": 20
                                                    }
                                                  ],
                                                  "parent": 10,
                                                  "ID": 11,
                                                  "left": 12,
                                                  "right": 19
                                                },
                                                {
                                                  "Node Type": "Hash",
                                                  "Parent Relationship": "Inner",
                                                  "Parallel Aware": false,
                                                  "Async Capable": false,
                                                  "Startup Cost": 19.25,
                                                  "Total Cost": 19.25,
                                                  "Plan Rows": 492,
                                                  "Plan Width": 4,
                                                  "Plans": [
                                                    {
                                                      "Node Type": "Seq Scan",
                                                      "Parent Relationship": "Outer",
                                                      "Parallel Aware": false,
                                                      "Async Capable": false,
                                                      "Relation Name": "promotion",
                                                      "Alias": "promotion",
                                                      "Startup Cost": 0.0,
                                                      "Total Cost": 19.25,
                                                      "Plan Rows": 492,
                                                      "Plan Width": 4,
                                                      "Filter": "(p_channel_tv = 'N'::bpchar)",
                                                      "parent": 21,
                                                      "ID": 22
                                                    }
                                                  ],
                                                  "parent": 10,
                                                  "ID": 21,
                                                  "left": 22
                                                }
                                              ],
                                              "parent": 9,
                                              "ID": 10,
                                              "left": 11,
                                              "right": 21
                                            },
                                            {
                                              "Node Type": "Hash",
                                              "Parent Relationship": "Inner",
                                              "Parallel Aware": false,
                                              "Async Capable": false,
                                              "Startup Cost": 6.02,
                                              "Total Cost": 6.02,
                                              "Plan Rows": 102,
                                              "Plan Width": 21,
                                              "Plans": [
                                                {
                                                  "Node Type": "Seq Scan",
                                                  "Parent Relationship": "Outer",
                                                  "Parallel Aware": false,
                                                  "Async Capable": false,
                                                  "Relation Name": "store",
                                                  "Alias": "store",
                                                  "Startup Cost": 0.0,
                                                  "Total Cost": 6.02,
                                                  "Plan Rows": 102,
                                                  "Plan Width": 21,
                                                  "parent": 23,
                                                  "ID": 24
                                                }
                                              ],
                                              "parent": 9,
                                              "ID": 23,
                                              "left": 24
                                            }
                                          ],
                                          "parent": 8,
                                          "ID": 9,
                                          "left": 10,
                                          "right": 23
                                        }
                                      ],
                                      "parent": 7,
                                      "ID": 8,
                                      "left": 9
                                    }
                                  ],
                                  "parent": 6,
                                  "ID": 7,
                                  "left": 8
                                }
                              ],
                              "parent": 5,
                              "ID": 6,
                              "left": 7
                            }
                          ],
                          "parent": 4,
                          "ID": 5,
                          "left": 6
                        }
                      ],
                      "parent": 3,
                      "ID": 4,
                      "left": 5
                    },
                    {
                      "Node Type": "Subquery Scan",
                      "Parent Relationship": "Member",
                      "Parallel Aware": false,
                      "Async Capable": false,
                      "Alias": "csr",
                      "Startup Cost": 518177.36,
                      "Total Cost": 518230.78,
                      "Plan Rows": 340,
                      "Plan Width": 160,
                      "Plans": [
                        {
                          "Node Type": "Aggregate",
                          "Strategy": "Sorted",
                          "Partial Mode": "Finalize",
                          "Parent Relationship": "Subquery",
                          "Parallel Aware": false,
                          "Async Capable": false,
                          "Startup Cost": 518177.36,
                          "Total Cost": 518225.68,
                          "Plan Rows": 340,
                          "Plan Width": 113,
                          "Group Key": [
                            "catalog_page.cp_catalog_page_id"
                          ],
                          "Plans": [
                            {
                              "Node Type": "Gather Merge",
                              "Parent Relationship": "Outer",
                              "Parallel Aware": false,
                              "Async Capable": false,
                              "Startup Cost": 518177.36,
                              "Total Cost": 518214.76,
                              "Plan Rows": 284,
                              "Plan Width": 113,
                              "Workers Planned": 2,
                              "Plans": [
                                {
                                  "Node Type": "Aggregate",
                                  "Strategy": "Sorted",
                                  "Partial Mode": "Partial",
                                  "Parent Relationship": "Outer",
                                  "Parallel Aware": false,
                                  "Async Capable": false,
                                  "Startup Cost": 517177.34,
                                  "Total Cost": 517181.95,
                                  "Plan Rows": 142,
                                  "Plan Width": 113,
                                  "Group Key": [
                                    "catalog_page.cp_catalog_page_id"
                                  ],
                                  "Plans": [
                                    {
                                      "Node Type": "Sort",
                                      "Parent Relationship": "Outer",
                                      "Parallel Aware": false,
                                      "Async Capable": false,
                                      "Startup Cost": 517177.34,
                                      "Total Cost": 517177.69,
                                      "Plan Rows": 142,
                                      "Plan Width": 41,
                                      "Sort Key": [
                                        "catalog_page.cp_catalog_page_id"
                                      ],
                                      "Plans": [
                                        {
                                          "Node Type": "Hash Join",
                                          "Parent Relationship": "Outer",
                                          "Parallel Aware": false,
                                          "Async Capable": false,
                                          "Join Type": "Inner",
                                          "Startup Cost": 57382.33,
                                          "Total Cost": 517172.26,
                                          "Plan Rows": 142,
                                          "Plan Width": 41,
                                          "Inner Unique": false,
                                          "Hash Cond": "(catalog_sales.cs_catalog_page_sk = catalog_page.cp_catalog_page_sk)",
                                          "Plans": [
                                            {
                                              "Node Type": "Hash Join",
                                              "Parent Relationship": "Outer",
                                              "Parallel Aware": false,
                                              "Async Capable": false,
                                              "Join Type": "Inner",
                                              "Startup Cost": 56864.33,
                                              "Total Cost": 516652.32,
                                              "Plan Rows": 142,
                                              "Plan Width": 28,
                                              "Inner Unique": false,
                                              "Hash Cond": "(catalog_sales.cs_promo_sk = promotion_1.p_promo_sk)",
                                              "Plans": [
                                                {
                                                  "Node Type": "Hash Join",
                                                  "Parent Relationship": "Outer",
                                                  "Parallel Aware": true,
                                                  "Async Capable": false,
                                                  "Join Type": "Inner",
                                                  "Startup Cost": 56838.93,
                                                  "Total Cost": 516624.96,
                                                  "Plan Rows": 145,
                                                  "Plan Width": 32,
                                                  "Inner Unique": false,
                                                  "Hash Cond": "(catalog_sales.cs_item_sk = item_1.i_item_sk)",
                                                  "Plans": [
                                                    {
                                                      "Node Type": "Hash Join",
                                                      "Parent Relationship": "Outer",
                                                      "Parallel Aware": true,
                                                      "Async Capable": false,
                                                      "Join Type": "Left",
                                                      "Startup Cost": 49313.15,
                                                      "Total Cost": 509089.08,
                                                      "Plan Rows": 2532,
                                                      "Plan Width": 36,
                                                      "Inner Unique": false,
                                                      "Hash Cond": "((catalog_sales.cs_item_sk = catalog_returns.cr_item_sk) AND (catalog_sales.cs_order_number = catalog_returns.cr_order_number))",
                                                      "Plans": [
                                                        {
                                                          "Node Type": "Hash Join",
                                                          "Parent Relationship": "Outer",
                                                          "Parallel Aware": true,
                                                          "Async Capable": false,
                                                          "Join Type": "Inner",
                                                          "Startup Cost": 2049.78,
                                                          "Total Cost": 458254.7,
                                                          "Plan Rows": 2532,
                                                          "Plan Width": 28,
                                                          "Inner Unique": false,
                                                          "Hash Cond": "(catalog_sales.cs_sold_date_sk = date_dim_1.d_date_sk)",
                                                          "Plans": [
                                                            {
                                                              "Node Type": "Seq Scan",
                                                              "Parent Relationship": "Outer",
                                                              "Parallel Aware": true,
                                                              "Async Capable": false,
                                                              "Relation Name": "catalog_sales",
                                                              "Alias": "catalog_sales",
                                                              "Startup Cost": 0.0,
                                                              "Total Cost": 433688.25,
                                                              "Plan Rows": 6000525,
                                                              "Plan Width": 32,
                                                              "parent": 34,
                                                              "ID": 35
                                                            },
                                                            {
                                                              "Node Type": "Hash",
                                                              "Parent Relationship": "Inner",
                                                              "Parallel Aware": true,
                                                              "Async Capable": false,
                                                              "Startup Cost": 2049.55,
                                                              "Total Cost": 2049.55,
                                                              "Plan Rows": 18,
                                                              "Plan Width": 4,
                                                              "Plans": [
                                                                {
                                                                  "Node Type": "Seq Scan",
                                                                  "Parent Relationship": "Outer",
                                                                  "Parallel Aware": true,
                                                                  "Async Capable": false,
                                                                  "Relation Name": "date_dim",
                                                                  "Alias": "date_dim_1",
                                                                  "Startup Cost": 0.0,
                                                                  "Total Cost": 2049.55,
                                                                  "Plan Rows": 18,
                                                                  "Plan Width": 4,
                                                                  "Filter": "((d_date >= '2000-08-02'::date) AND (d_date <= '2000-09-01 00:00:00'::timestamp without time zone))",
                                                                  "parent": 36,
                                                                  "ID": 37
                                                                }
                                                              ],
                                                              "parent": 34,
                                                              "ID": 36,
                                                              "left": 37
                                                            }
                                                          ],
                                                          "parent": 33,
                                                          "ID": 34,
                                                          "left": 35,
                                                          "right": 36
                                                        },
                                                        {
                                                          "Node Type": "Hash",
                                                          "Parent Relationship": "Inner",
                                                          "Parallel Aware": true,
                                                          "Async Capable": false,
                                                          "Startup Cost": 34748.95,
                                                          "Total Cost": 34748.95,
                                                          "Plan Rows": 599895,
                                                          "Plan Width": 20,
                                                          "Plans": [
                                                            {
                                                              "Node Type": "Seq Scan",
                                                              "Parent Relationship": "Outer",
                                                              "Parallel Aware": true,
                                                              "Async Capable": false,
                                                              "Relation Name": "catalog_returns",
                                                              "Alias": "catalog_returns",
                                                              "Startup Cost": 0.0,
                                                              "Total Cost": 34748.95,
                                                              "Plan Rows": 599895,
                                                              "Plan Width": 20,
                                                              "parent": 38,
                                                              "ID": 39
                                                            }
                                                          ],
                                                          "parent": 33,
                                                          "ID": 38,
                                                          "left": 39
                                                        }
                                                      ],
                                                      "parent": 32,
                                                      "ID": 33,
                                                      "left": 34,
                                                      "right": 38
                                                    },
                                                    {
                                                      "Node Type": "Hash",
                                                      "Parent Relationship": "Inner",
                                                      "Parallel Aware": true,
                                                      "Async Capable": false,
                                                      "Startup Cost": 7495.25,
                                                      "Total Cost": 7495.25,
                                                      "Plan Rows": 2442,
                                                      "Plan Width": 4,
                                                      "Plans": [
                                                        {
                                                          "Node Type": "Seq Scan",
                                                          "Parent Relationship": "Outer",
                                                          "Parallel Aware": true,
                                                          "Async Capable": false,
                                                          "Relation Name": "item",
                                                          "Alias": "item_1",
                                                          "Startup Cost": 0.0,
                                                          "Total Cost": 7495.25,
                                                          "Plan Rows": 2442,
                                                          "Plan Width": 4,
                                                          "Filter": "(i_current_price > '50'::numeric)",
                                                          "parent": 40,
                                                          "ID": 41
                                                        }
                                                      ],
                                                      "parent": 32,
                                                      "ID": 40,
                                                      "left": 41
                                                    }
                                                  ],
                                                  "parent": 31,
                                                  "ID": 32,
                                                  "left": 33,
                                                  "right": 40
                                                },
                                                {
                                                  "Node Type": "Hash",
                                                  "Parent Relationship": "Inner",
                                                  "Parallel Aware": false,
                                                  "Async Capable": false,
                                                  "Startup Cost": 19.25,
                                                  "Total Cost": 19.25,
                                                  "Plan Rows": 492,
                                                  "Plan Width": 4,
                                                  "Plans": [
                                                    {
                                                      "Node Type": "Seq Scan",
                                                      "Parent Relationship": "Outer",
                                                      "Parallel Aware": false,
                                                      "Async Capable": false,
                                                      "Relation Name": "promotion",
                                                      "Alias": "promotion_1",
                                                      "Startup Cost": 0.0,
                                                      "Total Cost": 19.25,
                                                      "Plan Rows": 492,
                                                      "Plan Width": 4,
                                                      "Filter": "(p_channel_tv = 'N'::bpchar)",
                                                      "parent": 42,
                                                      "ID": 43
                                                    }
                                                  ],
                                                  "parent": 31,
                                                  "ID": 42,
                                                  "left": 43
                                                }
                                              ],
                                              "parent": 30,
                                              "ID": 31,
                                              "left": 32,
                                              "right": 42
                                            },
                                            {
                                              "Node Type": "Hash",
                                              "Parent Relationship": "Inner",
                                              "Parallel Aware": false,
                                              "Async Capable": false,
                                              "Startup Cost": 368.0,
                                              "Total Cost": 368.0,
                                              "Plan Rows": 12000,
                                              "Plan Width": 21,
                                              "Plans": [
                                                {
                                                  "Node Type": "Seq Scan",
                                                  "Parent Relationship": "Outer",
                                                  "Parallel Aware": false,
                                                  "Async Capable": false,
                                                  "Relation Name": "catalog_page",
                                                  "Alias": "catalog_page",
                                                  "Startup Cost": 0.0,
                                                  "Total Cost": 368.0,
                                                  "Plan Rows": 12000,
                                                  "Plan Width": 21,
                                                  "parent": 44,
                                                  "ID": 45
                                                }
                                              ],
                                              "parent": 30,
                                              "ID": 44,
                                              "left": 45
                                            }
                                          ],
                                          "parent": 29,
                                          "ID": 30,
                                          "left": 31,
                                          "right": 44
                                        }
                                      ],
                                      "parent": 28,
                                      "ID": 29,
                                      "left": 30
                                    }
                                  ],
                                  "parent": 27,
                                  "ID": 28,
                                  "left": 29
                                }
                              ],
                              "parent": 26,
                              "ID": 27,
                              "left": 28
                            }
                          ],
                          "parent": 25,
                          "ID": 26,
                          "left": 27
                        }
                      ],
                      "parent": 3,
                      "ID": 25,
                      "left": 26
                    },
                    {
                      "Node Type": "Subquery Scan",
                      "Parent Relationship": "Member",
                      "Parallel Aware": false,
                      "Async Capable": false,
                      "Alias": "wsr",
                      "Startup Cost": 263919.04,
                      "Total Cost": 263926.75,
                      "Plan Rows": 21,
                      "Plan Width": 160,
                      "Plans": [
                        {
                          "Node Type": "Aggregate",
                          "Strategy": "Sorted",
                          "Partial Mode": "Finalize",
                          "Parent Relationship": "Subquery",
                          "Parallel Aware": false,
                          "Async Capable": false,
                          "Startup Cost": 263919.04,
                          "Total Cost": 263926.43,
                          "Plan Rows": 21,
                          "Plan Width": 113,
                          "Group Key": [
                            "web_site.web_site_id"
                          ],
                          "Plans": [
                            {
                              "Node Type": "Gather Merge",
                              "Parent Relationship": "Outer",
                              "Parallel Aware": false,
                              "Async Capable": false,
                              "Startup Cost": 263919.04,
                              "Total Cost": 263925.33,
                              "Plan Rows": 42,
                              "Plan Width": 113,
                              "Workers Planned": 2,
                              "Plans": [
                                {
                                  "Node Type": "Aggregate",
                                  "Strategy": "Sorted",
                                  "Partial Mode": "Partial",
                                  "Parent Relationship": "Outer",
                                  "Parallel Aware": false,
                                  "Async Capable": false,
                                  "Startup Cost": 262919.01,
                                  "Total Cost": 262920.46,
                                  "Plan Rows": 21,
                                  "Plan Width": 113,
                                  "Group Key": [
                                    "web_site.web_site_id"
                                  ],
                                  "Plans": [
                                    {
                                      "Node Type": "Sort",
                                      "Parent Relationship": "Outer",
                                      "Parallel Aware": false,
                                      "Async Capable": false,
                                      "Startup Cost": 262919.01,
                                      "Total Cost": 262919.19,
                                      "Plan Rows": 72,
                                      "Plan Width": 41,
                                      "Sort Key": [
                                        "web_site.web_site_id"
                                      ],
                                      "Plans": [
                                        {
                                          "Node Type": "Hash Join",
                                          "Parent Relationship": "Outer",
                                          "Parallel Aware": false,
                                          "Async Capable": false,
                                          "Join Type": "Inner",
                                          "Startup Cost": 32134.74,
                                          "Total Cost": 262916.79,
                                          "Plan Rows": 72,
                                          "Plan Width": 41,
                                          "Inner Unique": false,
                                          "Hash Cond": "(web_sales.ws_web_site_sk = web_site.web_site_sk)",
                                          "Plans": [
                                            {
                                              "Node Type": "Hash Join",
                                              "Parent Relationship": "Outer",
                                              "Parallel Aware": false,
                                              "Async Capable": false,
                                              "Join Type": "Inner",
                                              "Startup Cost": 32130.8,
                                              "Total Cost": 262911.86,
                                              "Plan Rows": 72,
                                              "Plan Width": 28,
                                              "Inner Unique": false,
                                              "Hash Cond": "(web_sales.ws_promo_sk = promotion_2.p_promo_sk)",
                                              "Plans": [
                                                {
                                                  "Node Type": "Hash Join",
                                                  "Parent Relationship": "Outer",
                                                  "Parallel Aware": true,
                                                  "Async Capable": false,
                                                  "Join Type": "Inner",
                                                  "Startup Cost": 32105.4,
                                                  "Total Cost": 262885.46,
                                                  "Plan Rows": 73,
                                                  "Plan Width": 32,
                                                  "Inner Unique": false,
                                                  "Hash Cond": "(web_sales.ws_item_sk = item_2.i_item_sk)",
                                                  "Plans": [
                                                    {
                                                      "Node Type": "Hash Join",
                                                      "Parent Relationship": "Outer",
                                                      "Parallel Aware": true,
                                                      "Async Capable": false,
                                                      "Join Type": "Left",
                                                      "Startup Cost": 24579.62,
                                                      "Total Cost": 255354.62,
                                                      "Plan Rows": 1272,
                                                      "Plan Width": 36,
                                                      "Inner Unique": false,
                                                      "Hash Cond": "((web_sales.ws_item_sk = web_returns.wr_item_sk) AND (web_sales.ws_order_number = web_returns.wr_order_number))",
                                                      "Plans": [
                                                        {
                                                          "Node Type": "Hash Join",
                                                          "Parent Relationship": "Outer",
                                                          "Parallel Aware": true,
                                                          "Async Capable": false,
                                                          "Join Type": "Inner",
                                                          "Startup Cost": 2049.78,
                                                          "Total Cost": 231041.22,
                                                          "Plan Rows": 1272,
                                                          "Plan Width": 28,
                                                          "Inner Unique": false,
                                                          "Hash Cond": "(web_sales.ws_sold_date_sk = date_dim_2.d_date_sk)",
                                                          "Plans": [
                                                            {
                                                              "Node Type": "Seq Scan",
                                                              "Parent Relationship": "Outer",
                                                              "Parallel Aware": true,
                                                              "Async Capable": false,
                                                              "Relation Name": "web_sales",
                                                              "Alias": "web_sales",
                                                              "Startup Cost": 0.0,
                                                              "Total Cost": 217737.86,
                                                              "Plan Rows": 2998986,
                                                              "Plan Width": 32,
                                                              "parent": 55,
                                                              "ID": 56
                                                            },
                                                            {
                                                              "Node Type": "Hash",
                                                              "Parent Relationship": "Inner",
                                                              "Parallel Aware": true,
                                                              "Async Capable": false,
                                                              "Startup Cost": 2049.55,
                                                              "Total Cost": 2049.55,
                                                              "Plan Rows": 18,
                                                              "Plan Width": 4,
                                                              "Plans": [
                                                                {
                                                                  "Node Type": "Seq Scan",
                                                                  "Parent Relationship": "Outer",
                                                                  "Parallel Aware": true,
                                                                  "Async Capable": false,
                                                                  "Relation Name": "date_dim",
                                                                  "Alias": "date_dim_2",
                                                                  "Startup Cost": 0.0,
                                                                  "Total Cost": 2049.55,
                                                                  "Plan Rows": 18,
                                                                  "Plan Width": 4,
                                                                  "Filter": "((d_date >= '2000-08-02'::date) AND (d_date <= '2000-09-01 00:00:00'::timestamp without time zone))",
                                                                  "parent": 57,
                                                                  "ID": 58
                                                                }
                                                              ],
                                                              "parent": 55,
                                                              "ID": 57,
                                                              "left": 58
                                                            }
                                                          ],
                                                          "parent": 54,
                                                          "ID": 55,
                                                          "left": 56,
                                                          "right": 57
                                                        },
                                                        {
                                                          "Node Type": "Hash",
                                                          "Parent Relationship": "Inner",
                                                          "Parallel Aware": true,
                                                          "Async Capable": false,
                                                          "Startup Cost": 16278.74,
                                                          "Total Cost": 16278.74,
                                                          "Plan Rows": 299674,
                                                          "Plan Width": 20,
                                                          "Plans": [
                                                            {
                                                              "Node Type": "Seq Scan",
                                                              "Parent Relationship": "Outer",
                                                              "Parallel Aware": true,
                                                              "Async Capable": false,
                                                              "Relation Name": "web_returns",
                                                              "Alias": "web_returns",
                                                              "Startup Cost": 0.0,
                                                              "Total Cost": 16278.74,
                                                              "Plan Rows": 299674,
                                                              "Plan Width": 20,
                                                              "parent": 59,
                                                              "ID": 60
                                                            }
                                                          ],
                                                          "parent": 54,
                                                          "ID": 59,
                                                          "left": 60
                                                        }
                                                      ],
                                                      "parent": 53,
                                                      "ID": 54,
                                                      "left": 55,
                                                      "right": 59
                                                    },
                                                    {
                                                      "Node Type": "Hash",
                                                      "Parent Relationship": "Inner",
                                                      "Parallel Aware": true,
                                                      "Async Capable": false,
                                                      "Startup Cost": 7495.25,
                                                      "Total Cost": 7495.25,
                                                      "Plan Rows": 2442,
                                                      "Plan Width": 4,
                                                      "Plans": [
                                                        {
                                                          "Node Type": "Seq Scan",
                                                          "Parent Relationship": "Outer",
                                                          "Parallel Aware": true,
                                                          "Async Capable": false,
                                                          "Relation Name": "item",
                                                          "Alias": "item_2",
                                                          "Startup Cost": 0.0,
                                                          "Total Cost": 7495.25,
                                                          "Plan Rows": 2442,
                                                          "Plan Width": 4,
                                                          "Filter": "(i_current_price > '50'::numeric)",
                                                          "parent": 61,
                                                          "ID": 62
                                                        }
                                                      ],
                                                      "parent": 53,
                                                      "ID": 61,
                                                      "left": 62
                                                    }
                                                  ],
                                                  "parent": 52,
                                                  "ID": 53,
                                                  "left": 54,
                                                  "right": 61
                                                },
                                                {
                                                  "Node Type": "Hash",
                                                  "Parent Relationship": "Inner",
                                                  "Parallel Aware": false,
                                                  "Async Capable": false,
                                                  "Startup Cost": 19.25,
                                                  "Total Cost": 19.25,
                                                  "Plan Rows": 492,
                                                  "Plan Width": 4,
                                                  "Plans": [
                                                    {
                                                      "Node Type": "Seq Scan",
                                                      "Parent Relationship": "Outer",
                                                      "Parallel Aware": false,
                                                      "Async Capable": false,
                                                      "Relation Name": "promotion",
                                                      "Alias": "promotion_2",
                                                      "Startup Cost": 0.0,
                                                      "Total Cost": 19.25,
                                                      "Plan Rows": 492,
                                                      "Plan Width": 4,
                                                      "Filter": "(p_channel_tv = 'N'::bpchar)",
                                                      "parent": 63,
                                                      "ID": 64
                                                    }
                                                  ],
                                                  "parent": 52,
                                                  "ID": 63,
                                                  "left": 64
                                                }
                                              ],
                                              "parent": 51,
                                              "ID": 52,
                                              "left": 53,
                                              "right": 63
                                            },
                                            {
                                              "Node Type": "Hash",
                                              "Parent Relationship": "Inner",
                                              "Parallel Aware": false,
                                              "Async Capable": false,
                                              "Startup Cost": 3.42,
                                              "Total Cost": 3.42,
                                              "Plan Rows": 42,
                                              "Plan Width": 21,
                                              "Plans": [
                                                {
                                                  "Node Type": "Seq Scan",
                                                  "Parent Relationship": "Outer",
                                                  "Parallel Aware": false,
                                                  "Async Capable": false,
                                                  "Relation Name": "web_site",
                                                  "Alias": "web_site",
                                                  "Startup Cost": 0.0,
                                                  "Total Cost": 3.42,
                                                  "Plan Rows": 42,
                                                  "Plan Width": 21,
                                                  "parent": 65,
                                                  "ID": 66
                                                }
                                              ],
                                              "parent": 51,
                                              "ID": 65,
                                              "left": 66
                                            }
                                          ],
                                          "parent": 50,
                                          "ID": 51,
                                          "left": 52,
                                          "right": 65
                                        }
                                      ],
                                      "parent": 49,
                                      "ID": 50,
                                      "left": 51
                                    }
                                  ],
                                  "parent": 48,
                                  "ID": 49,
                                  "left": 50
                                }
                              ],
                              "parent": 47,
                              "ID": 48,
                              "left": 49
                            }
                          ],
                          "parent": 46,
                          "ID": 47,
                          "left": 48
                        }
                      ],
                      "parent": 3,
                      "ID": 46,
                      "left": 47
                    }
                  ],
                  "parent": 2,
                  "ID": 3,
                  "left": 4,
                  "right": 25
                }
              ],
              "parent": 1,
              "ID": 2,
              "left": 3
            }
          ],
          "parent": 0,
          "ID": 1,
          "left": 2
        }
      ],
      "parent": null,
      "ID": 0,
      "left": 1
    },
    "feat": {
      "utility": 0.0,
      "query_shape": [
        [
          "Seq Scan",
          "Hash Join",
          "Sort",
          "Aggregate",
          "Gather Merge",
          "Subquery Scan",
          "Append"
        ],
        [
          "Seq Scan",
          "Hash",
          "Hash Join",
          "Sort",
          "Aggregate",
          "Gather Merge",
          "Subquery Scan",
          "Append"
        ],
        [
          "Seq Scan",
          "Hash",
          "Hash Join",
          "Sort",
          "Aggregate",
          "Gather Merge",
          "Subquery Scan",
          "Append"
        ],
        [
          "Seq Scan",
          "Hash",
          "Hash Join",
          "Sort",
          "Aggregate",
          "Gather Merge",
          "Subquery Scan",
          "Append"
        ],
        [
          "Seq Scan",
          "Hash",
          "Hash Join",
          "Sort",
          "Aggregate",
          "Gather Merge",
          "Subquery Scan",
          "Append"
        ],
        [
          "Seq Scan",
          "Hash",
          "Hash Join",
          "Sort",
          "Aggregate",
          "Gather Merge",
          "Subquery Scan",
          "Append"
        ],
        [
          "Seq Scan",
          "Hash Join",
          "Sort",
          "Aggregate",
          "Gather Merge",
          "Subquery Scan",
          "Append"
        ],
        [
          "Seq Scan",
          "Hash",
          "Hash Join",
          "Sort",
          "Aggregate",
          "Gather Merge",
          "Subquery Scan",
          "Append"
        ],
        [
          "Seq Scan",
          "Hash",
          "Hash Join",
          "Sort",
          "Aggregate",
          "Gather Merge",
          "Subquery Scan",
          "Append"
        ],
        [
          "Seq Scan",
          "Hash",
          "Hash Join",
          "Sort",
          "Aggregate",
          "Gather Merge",
          "Subquery Scan",
          "Append"
        ],
        [
          "Seq Scan",
          "Hash",
          "Hash Join",
          "Sort",
          "Aggregate",
          "Gather Merge",
          "Subquery Scan",
          "Append"
        ],
        [
          "Seq Scan",
          "Hash",
          "Hash Join",
          "Sort",
          "Aggregate",
          "Gather Merge",
          "Subquery Scan",
          "Append"
        ],
        [
          "Seq Scan",
          "Hash Join",
          "Sort",
          "Aggregate",
          "Gather Merge",
          "Subquery Scan",
          "Append"
        ],
        [
          "Seq Scan",
          "Hash",
          "Hash Join",
          "Sort",
          "Aggregate",
          "Gather Merge",
          "Subquery Scan",
          "Append"
        ],
        [
          "Seq Scan",
          "Hash",
          "Hash Join",
          "Sort",
          "Aggregate",
          "Gather Merge",
          "Subquery Scan",
          "Append"
        ],
        [
          "Seq Scan",
          "Hash",
          "Hash Join",
          "Sort",
          "Aggregate",
          "Gather Merge",
          "Subquery Scan",
          "Append"
        ],
        [
          "Seq Scan",
          "Hash",
          "Hash Join",
          "Sort",
          "Aggregate",
          "Gather Merge",
          "Subquery Scan",
          "Append"
        ],
        [
          "Seq Scan",
          "Hash",
          "Hash Join",
          "Sort",
          "Aggregate",
          "Gather Merge",
          "Subquery Scan",
          "Append"
        ]
      ],
      "index_shape": [],
      "physical_operator": {}
    }
  },
  {
    "query": "with ssr as\n (select  s_store_id as store_id,\n          sum(ss_ext_sales_price) as sales,\n          sum(coalesce(sr_return_amt, 0)) as returns,\n          sum(ss_net_profit - coalesce(sr_net_loss, 0)) as profit\n  from store_sales left outer join store_returns on\n         (ss_item_sk = sr_item_sk and ss_ticket_number = sr_ticket_number),\n     date_dim,\n     store,\n     item,\n     promotion\n where ss_sold_date_sk = d_date_sk\n       and d_date between cast('2000-08-02' as date) \n                  and (cast('2000-08-02' as date) +  interval '30 days')\n       and ss_store_sk = s_store_sk\n       and ss_item_sk = i_item_sk\n       and i_current_price > 50\n       and ss_promo_sk = p_promo_sk\n       and p_channel_tv = 'N'\n group by s_store_id)\n ,\n csr as\n (select  cp_catalog_page_id as catalog_page_id,\n          sum(cs_ext_sales_price) as sales,\n          sum(coalesce(cr_return_amount, 0)) as returns,\n          sum(cs_net_profit - coalesce(cr_net_loss, 0)) as profit\n  from catalog_sales left outer join catalog_returns on\n         (cs_item_sk = cr_item_sk and cs_order_number = cr_order_number),\n     date_dim,\n     catalog_page,\n     item,\n     promotion\n where cs_sold_date_sk = d_date_sk\n       and d_date between cast('2000-08-02' as date)\n                  and (cast('2000-08-02' as date) +  interval '30 days')\n        and cs_catalog_page_sk = cp_catalog_page_sk\n       and cs_item_sk = i_item_sk\n       and i_current_price > 50\n       and cs_promo_sk = p_promo_sk\n       and p_channel_tv = 'N'\ngroup by cp_catalog_page_id)\n ,\n wsr as\n (select  web_site_id,\n          sum(ws_ext_sales_price) as sales,\n          sum(coalesce(wr_return_amt, 0)) as returns,\n          sum(ws_net_profit - coalesce(wr_net_loss, 0)) as profit\n  from web_sales left outer join web_returns on\n         (ws_item_sk = wr_item_sk and ws_order_number = wr_order_number),\n     date_dim,\n     web_site,\n     item,\n     promotion\n where ws_sold_date_sk = d_date_sk\n       and d_date between cast('2000-08-02' as date)\n                  and (cast('2000-08-02' as date) +  interval '30 days')\n        and ws_web_site_sk = web_site_sk\n       and ws_item_sk = i_item_sk\n       and i_current_price > 50\n       and ws_promo_sk = p_promo_sk\n       and p_channel_tv = 'N'\ngroup by web_site_id)\n  select  channel\n        , id\n        , sum(sales) as sales\n        , sum(returns) as returns\n        , sum(profit) as profit\n from \n (select 'store channel' as channel\n        , 'store' || store_id as id\n        , sales\n        , returns\n        , profit\n from   ssr\n union all\n select 'catalog channel' as channel\n        , 'catalog_page' || catalog_page_id as id\n        , sales\n        , returns\n        , profit\n from  csr\n union all\n select 'web channel' as channel\n        , 'web_site' || web_site_id as id\n        , sales\n        , returns\n        , profit\n from   wsr\n ) x\n group by rollup (channel, id)\n order by channel\n         ,id\n limit 100;\n\n-- end query 61 in stream 4 using template query80.tpl\n",
    "indexes": "catalog_sales.cs_net_profit",
    "wo plan est": {
      "Node Type": "Limit",
      "Parallel Aware": false,
      "Async Capable": false,
      "Startup Cost": 1566793.64,
      "Total Cost": 1566796.93,
      "Plan Rows": 100,
      "Plan Width": 160,
      "Plans": [
        {
          "Node Type": "Aggregate",
          "Strategy": "Sorted",
          "Partial Mode": "Simple",
          "Parent Relationship": "Outer",
          "Parallel Aware": false,
          "Async Capable": false,
          "Startup Cost": 1566793.64,
          "Total Cost": 1566806.84,
          "Plan Rows": 401,
          "Plan Width": 160,
          "Grouping Sets": [
            {
              "Group Keys": [
                [
                  "('store channel'::text)",
                  "(('store'::text || (ssr.store_id)::text))"
                ],
                [
                  "('store channel'::text)"
                ],
                []
              ]
            }
          ],
          "Plans": [
            {
              "Node Type": "Sort",
              "Parent Relationship": "Outer",
              "Parallel Aware": false,
              "Async Capable": false,
              "Startup Cost": 1566793.64,
              "Total Cost": 1566794.67,
              "Plan Rows": 412,
              "Plan Width": 160,
              "Sort Key": [
                "('store channel'::text)",
                "(('store'::text || (ssr.store_id)::text))"
              ],
              "Plans": [
                {
                  "Node Type": "Append",
                  "Parent Relationship": "Outer",
                  "Parallel Aware": false,
                  "Async Capable": false,
                  "Startup Cost": 784596.3,
                  "Total Cost": 1566775.74,
                  "Plan Rows": 412,
                  "Plan Width": 160,
                  "Subplans Removed": 0,
                  "Plans": [
                    {
                      "Node Type": "Subquery Scan",
                      "Parent Relationship": "Member",
                      "Parallel Aware": false,
                      "Async Capable": false,
                      "Alias": "ssr",
                      "Startup Cost": 784596.3,
                      "Total Cost": 784616.16,
                      "Plan Rows": 51,
                      "Plan Width": 160,
                      "Plans": [
                        {
                          "Node Type": "Aggregate",
                          "Strategy": "Sorted",
                          "Partial Mode": "Finalize",
                          "Parent Relationship": "Subquery",
                          "Parallel Aware": false,
                          "Async Capable": false,
                          "Startup Cost": 784596.3,
                          "Total Cost": 784615.39,
                          "Plan Rows": 51,
                          "Plan Width": 113,
                          "Group Key": [
                            "store.s_store_id"
                          ],
                          "Plans": [
                            {
                              "Node Type": "Gather Merge",
                              "Parent Relationship": "Outer",
                              "Parallel Aware": false,
                              "Async Capable": false,
                              "Startup Cost": 784596.3,
                              "Total Cost": 784612.71,
                              "Plan Rows": 102,
                              "Plan Width": 113,
                              "Workers Planned": 2,
                              "Plans": [
                                {
                                  "Node Type": "Aggregate",
                                  "Strategy": "Sorted",
                                  "Partial Mode": "Partial",
                                  "Parent Relationship": "Outer",
                                  "Parallel Aware": false,
                                  "Async Capable": false,
                                  "Startup Cost": 783596.27,
                                  "Total Cost": 783600.92,
                                  "Plan Rows": 51,
                                  "Plan Width": 113,
                                  "Group Key": [
                                    "store.s_store_id"
                                  ],
                                  "Plans": [
                                    {
                                      "Node Type": "Sort",
                                      "Parent Relationship": "Outer",
                                      "Parallel Aware": false,
                                      "Async Capable": false,
                                      "Startup Cost": 783596.27,
                                      "Total Cost": 783596.9,
                                      "Plan Rows": 250,
                                      "Plan Width": 41,
                                      "Sort Key": [
                                        "store.s_store_id"
                                      ],
                                      "Plans": [
                                        {
                                          "Node Type": "Hash Join",
                                          "Parent Relationship": "Outer",
                                          "Parallel Aware": false,
                                          "Async Capable": false,
                                          "Join Type": "Inner",
                                          "Startup Cost": 94489.35,
                                          "Total Cost": 783586.32,
                                          "Plan Rows": 250,
                                          "Plan Width": 41,
                                          "Inner Unique": false,
                                          "Hash Cond": "(store_sales.ss_store_sk = store.s_store_sk)",
                                          "Plans": [
                                            {
                                              "Node Type": "Hash Join",
                                              "Parent Relationship": "Outer",
                                              "Parallel Aware": false,
                                              "Async Capable": false,
                                              "Join Type": "Inner",
                                              "Startup Cost": 94482.05,
                                              "Total Cost": 783575.54,
                                              "Plan Rows": 262,
                                              "Plan Width": 28,
                                              "Inner Unique": false,
                                              "Hash Cond": "(store_sales.ss_promo_sk = promotion.p_promo_sk)",
                                              "Plans": [
                                                {
                                                  "Node Type": "Hash Join",
                                                  "Parent Relationship": "Outer",
                                                  "Parallel Aware": true,
                                                  "Async Capable": false,
                                                  "Join Type": "Inner",
                                                  "Startup Cost": 94456.65,
                                                  "Total Cost": 783546.47,
                                                  "Plan Rows": 279,
                                                  "Plan Width": 32,
                                                  "Inner Unique": false,
                                                  "Hash Cond": "(store_sales.ss_item_sk = item.i_item_sk)",
                                                  "Plans": [
                                                    {
                                                      "Node Type": "Hash Join",
                                                      "Parent Relationship": "Outer",
                                                      "Parallel Aware": true,
                                                      "Async Capable": false,
                                                      "Join Type": "Left",
                                                      "Startup Cost": 86930.88,
                                                      "Total Cost": 776001.31,
                                                      "Plan Rows": 4860,
                                                      "Plan Width": 36,
                                                      "Inner Unique": false,
                                                      "Hash Cond": "((store_sales.ss_item_sk = store_returns.sr_item_sk) AND (store_sales.ss_ticket_number = store_returns.sr_ticket_number))",
                                                      "Plans": [
                                                        {
                                                          "Node Type": "Hash Join",
                                                          "Parent Relationship": "Outer",
                                                          "Parallel Aware": true,
                                                          "Async Capable": false,
                                                          "Join Type": "Inner",
                                                          "Startup Cost": 2049.78,
                                                          "Total Cost": 683994.75,
                                                          "Plan Rows": 4860,
                                                          "Plan Width": 28,
                                                          "Inner Unique": false,
                                                          "Hash Cond": "(store_sales.ss_sold_date_sk = date_dim.d_date_sk)",
                                                          "Plans": [
                                                            {
                                                              "Node Type": "Seq Scan",
                                                              "Parent Relationship": "Outer",
                                                              "Parallel Aware": true,
                                                              "Async Capable": false,
                                                              "Relation Name": "store_sales",
                                                              "Alias": "store_sales",
                                                              "Startup Cost": 0.0,
                                                              "Total Cost": 636914.37,
                                                              "Plan Rows": 12000637,
                                                              "Plan Width": 32,
                                                              "parent": 13,
                                                              "ID": 14
                                                            },
                                                            {
                                                              "Node Type": "Hash",
                                                              "Parent Relationship": "Inner",
                                                              "Parallel Aware": true,
                                                              "Async Capable": false,
                                                              "Startup Cost": 2049.55,
                                                              "Total Cost": 2049.55,
                                                              "Plan Rows": 18,
                                                              "Plan Width": 4,
                                                              "Plans": [
                                                                {
                                                                  "Node Type": "Seq Scan",
                                                                  "Parent Relationship": "Outer",
                                                                  "Parallel Aware": true,
                                                                  "Async Capable": false,
                                                                  "Relation Name": "date_dim",
                                                                  "Alias": "date_dim",
                                                                  "Startup Cost": 0.0,
                                                                  "Total Cost": 2049.55,
                                                                  "Plan Rows": 18,
                                                                  "Plan Width": 4,
                                                                  "Filter": "((d_date >= '2000-08-02'::date) AND (d_date <= '2000-09-01 00:00:00'::timestamp without time zone))",
                                                                  "parent": 15,
                                                                  "ID": 16
                                                                }
                                                              ],
                                                              "parent": 13,
                                                              "ID": 15,
                                                              "left": 16
                                                            }
                                                          ],
                                                          "parent": 12,
                                                          "ID": 13,
                                                          "left": 14,
                                                          "right": 15
                                                        },
                                                        {
                                                          "Node Type": "Hash",
                                                          "Parent Relationship": "Inner",
                                                          "Parallel Aware": true,
                                                          "Async Capable": false,
                                                          "Startup Cost": 59887.64,
                                                          "Total Cost": 59887.64,
                                                          "Plan Rows": 1198164,
                                                          "Plan Width": 20,
                                                          "Plans": [
                                                            {
                                                              "Node Type": "Seq Scan",
                                                              "Parent Relationship": "Outer",
                                                              "Parallel Aware": true,
                                                              "Async Capable": false,
                                                              "Relation Name": "store_returns",
                                                              "Alias": "store_returns",
                                                              "Startup Cost": 0.0,
                                                              "Total Cost": 59887.64,
                                                              "Plan Rows": 1198164,
                                                              "Plan Width": 20,
                                                              "parent": 17,
                                                              "ID": 18
                                                            }
                                                          ],
                                                          "parent": 12,
                                                          "ID": 17,
                                                          "left": 18
                                                        }
                                                      ],
                                                      "parent": 11,
                                                      "ID": 12,
                                                      "left": 13,
                                                      "right": 17
                                                    },
                                                    {
                                                      "Node Type": "Hash",
                                                      "Parent Relationship": "Inner",
                                                      "Parallel Aware": true,
                                                      "Async Capable": false,
                                                      "Startup Cost": 7495.25,
                                                      "Total Cost": 7495.25,
                                                      "Plan Rows": 2442,
                                                      "Plan Width": 4,
                                                      "Plans": [
                                                        {
                                                          "Node Type": "Seq Scan",
                                                          "Parent Relationship": "Outer",
                                                          "Parallel Aware": true,
                                                          "Async Capable": false,
                                                          "Relation Name": "item",
                                                          "Alias": "item",
                                                          "Startup Cost": 0.0,
                                                          "Total Cost": 7495.25,
                                                          "Plan Rows": 2442,
                                                          "Plan Width": 4,
                                                          "Filter": "(i_current_price > '50'::numeric)",
                                                          "parent": 19,
                                                          "ID": 20
                                                        }
                                                      ],
                                                      "parent": 11,
                                                      "ID": 19,
                                                      "left": 20
                                                    }
                                                  ],
                                                  "parent": 10,
                                                  "ID": 11,
                                                  "left": 12,
                                                  "right": 19
                                                },
                                                {
                                                  "Node Type": "Hash",
                                                  "Parent Relationship": "Inner",
                                                  "Parallel Aware": false,
                                                  "Async Capable": false,
                                                  "Startup Cost": 19.25,
                                                  "Total Cost": 19.25,
                                                  "Plan Rows": 492,
                                                  "Plan Width": 4,
                                                  "Plans": [
                                                    {
                                                      "Node Type": "Seq Scan",
                                                      "Parent Relationship": "Outer",
                                                      "Parallel Aware": false,
                                                      "Async Capable": false,
                                                      "Relation Name": "promotion",
                                                      "Alias": "promotion",
                                                      "Startup Cost": 0.0,
                                                      "Total Cost": 19.25,
                                                      "Plan Rows": 492,
                                                      "Plan Width": 4,
                                                      "Filter": "(p_channel_tv = 'N'::bpchar)",
                                                      "parent": 21,
                                                      "ID": 22
                                                    }
                                                  ],
                                                  "parent": 10,
                                                  "ID": 21,
                                                  "left": 22
                                                }
                                              ],
                                              "parent": 9,
                                              "ID": 10,
                                              "left": 11,
                                              "right": 21
                                            },
                                            {
                                              "Node Type": "Hash",
                                              "Parent Relationship": "Inner",
                                              "Parallel Aware": false,
                                              "Async Capable": false,
                                              "Startup Cost": 6.02,
                                              "Total Cost": 6.02,
                                              "Plan Rows": 102,
                                              "Plan Width": 21,
                                              "Plans": [
                                                {
                                                  "Node Type": "Seq Scan",
                                                  "Parent Relationship": "Outer",
                                                  "Parallel Aware": false,
                                                  "Async Capable": false,
                                                  "Relation Name": "store",
                                                  "Alias": "store",
                                                  "Startup Cost": 0.0,
                                                  "Total Cost": 6.02,
                                                  "Plan Rows": 102,
                                                  "Plan Width": 21,
                                                  "parent": 23,
                                                  "ID": 24
                                                }
                                              ],
                                              "parent": 9,
                                              "ID": 23,
                                              "left": 24
                                            }
                                          ],
                                          "parent": 8,
                                          "ID": 9,
                                          "left": 10,
                                          "right": 23
                                        }
                                      ],
                                      "parent": 7,
                                      "ID": 8,
                                      "left": 9
                                    }
                                  ],
                                  "parent": 6,
                                  "ID": 7,
                                  "left": 8
                                }
                              ],
                              "parent": 5,
                              "ID": 6,
                              "left": 7
                            }
                          ],
                          "parent": 4,
                          "ID": 5,
                          "left": 6
                        }
                      ],
                      "parent": 3,
                      "ID": 4,
                      "left": 5
                    },
                    {
                      "Node Type": "Subquery Scan",
                      "Parent Relationship": "Member",
                      "Parallel Aware": false,
                      "Async Capable": false,
                      "Alias": "csr",
                      "Startup Cost": 518177.36,
                      "Total Cost": 518230.78,
                      "Plan Rows": 340,
                      "Plan Width": 160,
                      "Plans": [
                        {
                          "Node Type": "Aggregate",
                          "Strategy": "Sorted",
                          "Partial Mode": "Finalize",
                          "Parent Relationship": "Subquery",
                          "Parallel Aware": false,
                          "Async Capable": false,
                          "Startup Cost": 518177.36,
                          "Total Cost": 518225.68,
                          "Plan Rows": 340,
                          "Plan Width": 113,
                          "Group Key": [
                            "catalog_page.cp_catalog_page_id"
                          ],
                          "Plans": [
                            {
                              "Node Type": "Gather Merge",
                              "Parent Relationship": "Outer",
                              "Parallel Aware": false,
                              "Async Capable": false,
                              "Startup Cost": 518177.36,
                              "Total Cost": 518214.76,
                              "Plan Rows": 284,
                              "Plan Width": 113,
                              "Workers Planned": 2,
                              "Plans": [
                                {
                                  "Node Type": "Aggregate",
                                  "Strategy": "Sorted",
                                  "Partial Mode": "Partial",
                                  "Parent Relationship": "Outer",
                                  "Parallel Aware": false,
                                  "Async Capable": false,
                                  "Startup Cost": 517177.34,
                                  "Total Cost": 517181.95,
                                  "Plan Rows": 142,
                                  "Plan Width": 113,
                                  "Group Key": [
                                    "catalog_page.cp_catalog_page_id"
                                  ],
                                  "Plans": [
                                    {
                                      "Node Type": "Sort",
                                      "Parent Relationship": "Outer",
                                      "Parallel Aware": false,
                                      "Async Capable": false,
                                      "Startup Cost": 517177.34,
                                      "Total Cost": 517177.69,
                                      "Plan Rows": 142,
                                      "Plan Width": 41,
                                      "Sort Key": [
                                        "catalog_page.cp_catalog_page_id"
                                      ],
                                      "Plans": [
                                        {
                                          "Node Type": "Hash Join",
                                          "Parent Relationship": "Outer",
                                          "Parallel Aware": false,
                                          "Async Capable": false,
                                          "Join Type": "Inner",
                                          "Startup Cost": 57382.33,
                                          "Total Cost": 517172.26,
                                          "Plan Rows": 142,
                                          "Plan Width": 41,
                                          "Inner Unique": false,
                                          "Hash Cond": "(catalog_sales.cs_catalog_page_sk = catalog_page.cp_catalog_page_sk)",
                                          "Plans": [
                                            {
                                              "Node Type": "Hash Join",
                                              "Parent Relationship": "Outer",
                                              "Parallel Aware": false,
                                              "Async Capable": false,
                                              "Join Type": "Inner",
                                              "Startup Cost": 56864.33,
                                              "Total Cost": 516652.32,
                                              "Plan Rows": 142,
                                              "Plan Width": 28,
                                              "Inner Unique": false,
                                              "Hash Cond": "(catalog_sales.cs_promo_sk = promotion_1.p_promo_sk)",
                                              "Plans": [
                                                {
                                                  "Node Type": "Hash Join",
                                                  "Parent Relationship": "Outer",
                                                  "Parallel Aware": true,
                                                  "Async Capable": false,
                                                  "Join Type": "Inner",
                                                  "Startup Cost": 56838.93,
                                                  "Total Cost": 516624.96,
                                                  "Plan Rows": 145,
                                                  "Plan Width": 32,
                                                  "Inner Unique": false,
                                                  "Hash Cond": "(catalog_sales.cs_item_sk = item_1.i_item_sk)",
                                                  "Plans": [
                                                    {
                                                      "Node Type": "Hash Join",
                                                      "Parent Relationship": "Outer",
                                                      "Parallel Aware": true,
                                                      "Async Capable": false,
                                                      "Join Type": "Left",
                                                      "Startup Cost": 49313.15,
                                                      "Total Cost": 509089.08,
                                                      "Plan Rows": 2532,
                                                      "Plan Width": 36,
                                                      "Inner Unique": false,
                                                      "Hash Cond": "((catalog_sales.cs_item_sk = catalog_returns.cr_item_sk) AND (catalog_sales.cs_order_number = catalog_returns.cr_order_number))",
                                                      "Plans": [
                                                        {
                                                          "Node Type": "Hash Join",
                                                          "Parent Relationship": "Outer",
                                                          "Parallel Aware": true,
                                                          "Async Capable": false,
                                                          "Join Type": "Inner",
                                                          "Startup Cost": 2049.78,
                                                          "Total Cost": 458254.7,
                                                          "Plan Rows": 2532,
                                                          "Plan Width": 28,
                                                          "Inner Unique": false,
                                                          "Hash Cond": "(catalog_sales.cs_sold_date_sk = date_dim_1.d_date_sk)",
                                                          "Plans": [
                                                            {
                                                              "Node Type": "Seq Scan",
                                                              "Parent Relationship": "Outer",
                                                              "Parallel Aware": true,
                                                              "Async Capable": false,
                                                              "Relation Name": "catalog_sales",
                                                              "Alias": "catalog_sales",
                                                              "Startup Cost": 0.0,
                                                              "Total Cost": 433688.25,
                                                              "Plan Rows": 6000525,
                                                              "Plan Width": 32,
                                                              "parent": 34,
                                                              "ID": 35
                                                            },
                                                            {
                                                              "Node Type": "Hash",
                                                              "Parent Relationship": "Inner",
                                                              "Parallel Aware": true,
                                                              "Async Capable": false,
                                                              "Startup Cost": 2049.55,
                                                              "Total Cost": 2049.55,
                                                              "Plan Rows": 18,
                                                              "Plan Width": 4,
                                                              "Plans": [
                                                                {
                                                                  "Node Type": "Seq Scan",
                                                                  "Parent Relationship": "Outer",
                                                                  "Parallel Aware": true,
                                                                  "Async Capable": false,
                                                                  "Relation Name": "date_dim",
                                                                  "Alias": "date_dim_1",
                                                                  "Startup Cost": 0.0,
                                                                  "Total Cost": 2049.55,
                                                                  "Plan Rows": 18,
                                                                  "Plan Width": 4,
                                                                  "Filter": "((d_date >= '2000-08-02'::date) AND (d_date <= '2000-09-01 00:00:00'::timestamp without time zone))",
                                                                  "parent": 36,
                                                                  "ID": 37
                                                                }
                                                              ],
                                                              "parent": 34,
                                                              "ID": 36,
                                                              "left": 37
                                                            }
                                                          ],
                                                          "parent": 33,
                                                          "ID": 34,
                                                          "left": 35,
                                                          "right": 36
                                                        },
                                                        {
                                                          "Node Type": "Hash",
                                                          "Parent Relationship": "Inner",
                                                          "Parallel Aware": true,
                                                          "Async Capable": false,
                                                          "Startup Cost": 34748.95,
                                                          "Total Cost": 34748.95,
                                                          "Plan Rows": 599895,
                                                          "Plan Width": 20,
                                                          "Plans": [
                                                            {
                                                              "Node Type": "Seq Scan",
                                                              "Parent Relationship": "Outer",
                                                              "Parallel Aware": true,
                                                              "Async Capable": false,
                                                              "Relation Name": "catalog_returns",
                                                              "Alias": "catalog_returns",
                                                              "Startup Cost": 0.0,
                                                              "Total Cost": 34748.95,
                                                              "Plan Rows": 599895,
                                                              "Plan Width": 20,
                                                              "parent": 38,
                                                              "ID": 39
                                                            }
                                                          ],
                                                          "parent": 33,
                                                          "ID": 38,
                                                          "left": 39
                                                        }
                                                      ],
                                                      "parent": 32,
                                                      "ID": 33,
                                                      "left": 34,
                                                      "right": 38
                                                    },
                                                    {
                                                      "Node Type": "Hash",
                                                      "Parent Relationship": "Inner",
                                                      "Parallel Aware": true,
                                                      "Async Capable": false,
                                                      "Startup Cost": 7495.25,
                                                      "Total Cost": 7495.25,
                                                      "Plan Rows": 2442,
                                                      "Plan Width": 4,
                                                      "Plans": [
                                                        {
                                                          "Node Type": "Seq Scan",
                                                          "Parent Relationship": "Outer",
                                                          "Parallel Aware": true,
                                                          "Async Capable": false,
                                                          "Relation Name": "item",
                                                          "Alias": "item_1",
                                                          "Startup Cost": 0.0,
                                                          "Total Cost": 7495.25,
                                                          "Plan Rows": 2442,
                                                          "Plan Width": 4,
                                                          "Filter": "(i_current_price > '50'::numeric)",
                                                          "parent": 40,
                                                          "ID": 41
                                                        }
                                                      ],
                                                      "parent": 32,
                                                      "ID": 40,
                                                      "left": 41
                                                    }
                                                  ],
                                                  "parent": 31,
                                                  "ID": 32,
                                                  "left": 33,
                                                  "right": 40
                                                },
                                                {
                                                  "Node Type": "Hash",
                                                  "Parent Relationship": "Inner",
                                                  "Parallel Aware": false,
                                                  "Async Capable": false,
                                                  "Startup Cost": 19.25,
                                                  "Total Cost": 19.25,
                                                  "Plan Rows": 492,
                                                  "Plan Width": 4,
                                                  "Plans": [
                                                    {
                                                      "Node Type": "Seq Scan",
                                                      "Parent Relationship": "Outer",
                                                      "Parallel Aware": false,
                                                      "Async Capable": false,
                                                      "Relation Name": "promotion",
                                                      "Alias": "promotion_1",
                                                      "Startup Cost": 0.0,
                                                      "Total Cost": 19.25,
                                                      "Plan Rows": 492,
                                                      "Plan Width": 4,
                                                      "Filter": "(p_channel_tv = 'N'::bpchar)",
                                                      "parent": 42,
                                                      "ID": 43
                                                    }
                                                  ],
                                                  "parent": 31,
                                                  "ID": 42,
                                                  "left": 43
                                                }
                                              ],
                                              "parent": 30,
                                              "ID": 31,
                                              "left": 32,
                                              "right": 42
                                            },
                                            {
                                              "Node Type": "Hash",
                                              "Parent Relationship": "Inner",
                                              "Parallel Aware": false,
                                              "Async Capable": false,
                                              "Startup Cost": 368.0,
                                              "Total Cost": 368.0,
                                              "Plan Rows": 12000,
                                              "Plan Width": 21,
                                              "Plans": [
                                                {
                                                  "Node Type": "Seq Scan",
                                                  "Parent Relationship": "Outer",
                                                  "Parallel Aware": false,
                                                  "Async Capable": false,
                                                  "Relation Name": "catalog_page",
                                                  "Alias": "catalog_page",
                                                  "Startup Cost": 0.0,
                                                  "Total Cost": 368.0,
                                                  "Plan Rows": 12000,
                                                  "Plan Width": 21,
                                                  "parent": 44,
                                                  "ID": 45
                                                }
                                              ],
                                              "parent": 30,
                                              "ID": 44,
                                              "left": 45
                                            }
                                          ],
                                          "parent": 29,
                                          "ID": 30,
                                          "left": 31,
                                          "right": 44
                                        }
                                      ],
                                      "parent": 28,
                                      "ID": 29,
                                      "left": 30
                                    }
                                  ],
                                  "parent": 27,
                                  "ID": 28,
                                  "left": 29
                                }
                              ],
                              "parent": 26,
                              "ID": 27,
                              "left": 28
                            }
                          ],
                          "parent": 25,
                          "ID": 26,
                          "left": 27
                        }
                      ],
                      "parent": 3,
                      "ID": 25,
                      "left": 26
                    },
                    {
                      "Node Type": "Subquery Scan",
                      "Parent Relationship": "Member",
                      "Parallel Aware": false,
                      "Async Capable": false,
                      "Alias": "wsr",
                      "Startup Cost": 263919.04,
                      "Total Cost": 263926.75,
                      "Plan Rows": 21,
                      "Plan Width": 160,
                      "Plans": [
                        {
                          "Node Type": "Aggregate",
                          "Strategy": "Sorted",
                          "Partial Mode": "Finalize",
                          "Parent Relationship": "Subquery",
                          "Parallel Aware": false,
                          "Async Capable": false,
                          "Startup Cost": 263919.04,
                          "Total Cost": 263926.43,
                          "Plan Rows": 21,
                          "Plan Width": 113,
                          "Group Key": [
                            "web_site.web_site_id"
                          ],
                          "Plans": [
                            {
                              "Node Type": "Gather Merge",
                              "Parent Relationship": "Outer",
                              "Parallel Aware": false,
                              "Async Capable": false,
                              "Startup Cost": 263919.04,
                              "Total Cost": 263925.33,
                              "Plan Rows": 42,
                              "Plan Width": 113,
                              "Workers Planned": 2,
                              "Plans": [
                                {
                                  "Node Type": "Aggregate",
                                  "Strategy": "Sorted",
                                  "Partial Mode": "Partial",
                                  "Parent Relationship": "Outer",
                                  "Parallel Aware": false,
                                  "Async Capable": false,
                                  "Startup Cost": 262919.01,
                                  "Total Cost": 262920.46,
                                  "Plan Rows": 21,
                                  "Plan Width": 113,
                                  "Group Key": [
                                    "web_site.web_site_id"
                                  ],
                                  "Plans": [
                                    {
                                      "Node Type": "Sort",
                                      "Parent Relationship": "Outer",
                                      "Parallel Aware": false,
                                      "Async Capable": false,
                                      "Startup Cost": 262919.01,
                                      "Total Cost": 262919.19,
                                      "Plan Rows": 72,
                                      "Plan Width": 41,
                                      "Sort Key": [
                                        "web_site.web_site_id"
                                      ],
                                      "Plans": [
                                        {
                                          "Node Type": "Hash Join",
                                          "Parent Relationship": "Outer",
                                          "Parallel Aware": false,
                                          "Async Capable": false,
                                          "Join Type": "Inner",
                                          "Startup Cost": 32134.74,
                                          "Total Cost": 262916.79,
                                          "Plan Rows": 72,
                                          "Plan Width": 41,
                                          "Inner Unique": false,
                                          "Hash Cond": "(web_sales.ws_web_site_sk = web_site.web_site_sk)",
                                          "Plans": [
                                            {
                                              "Node Type": "Hash Join",
                                              "Parent Relationship": "Outer",
                                              "Parallel Aware": false,
                                              "Async Capable": false,
                                              "Join Type": "Inner",
                                              "Startup Cost": 32130.8,
                                              "Total Cost": 262911.86,
                                              "Plan Rows": 72,
                                              "Plan Width": 28,
                                              "Inner Unique": false,
                                              "Hash Cond": "(web_sales.ws_promo_sk = promotion_2.p_promo_sk)",
                                              "Plans": [
                                                {
                                                  "Node Type": "Hash Join",
                                                  "Parent Relationship": "Outer",
                                                  "Parallel Aware": true,
                                                  "Async Capable": false,
                                                  "Join Type": "Inner",
                                                  "Startup Cost": 32105.4,
                                                  "Total Cost": 262885.46,
                                                  "Plan Rows": 73,
                                                  "Plan Width": 32,
                                                  "Inner Unique": false,
                                                  "Hash Cond": "(web_sales.ws_item_sk = item_2.i_item_sk)",
                                                  "Plans": [
                                                    {
                                                      "Node Type": "Hash Join",
                                                      "Parent Relationship": "Outer",
                                                      "Parallel Aware": true,
                                                      "Async Capable": false,
                                                      "Join Type": "Left",
                                                      "Startup Cost": 24579.62,
                                                      "Total Cost": 255354.62,
                                                      "Plan Rows": 1272,
                                                      "Plan Width": 36,
                                                      "Inner Unique": false,
                                                      "Hash Cond": "((web_sales.ws_item_sk = web_returns.wr_item_sk) AND (web_sales.ws_order_number = web_returns.wr_order_number))",
                                                      "Plans": [
                                                        {
                                                          "Node Type": "Hash Join",
                                                          "Parent Relationship": "Outer",
                                                          "Parallel Aware": true,
                                                          "Async Capable": false,
                                                          "Join Type": "Inner",
                                                          "Startup Cost": 2049.78,
                                                          "Total Cost": 231041.22,
                                                          "Plan Rows": 1272,
                                                          "Plan Width": 28,
                                                          "Inner Unique": false,
                                                          "Hash Cond": "(web_sales.ws_sold_date_sk = date_dim_2.d_date_sk)",
                                                          "Plans": [
                                                            {
                                                              "Node Type": "Seq Scan",
                                                              "Parent Relationship": "Outer",
                                                              "Parallel Aware": true,
                                                              "Async Capable": false,
                                                              "Relation Name": "web_sales",
                                                              "Alias": "web_sales",
                                                              "Startup Cost": 0.0,
                                                              "Total Cost": 217737.86,
                                                              "Plan Rows": 2998986,
                                                              "Plan Width": 32,
                                                              "parent": 55,
                                                              "ID": 56
                                                            },
                                                            {
                                                              "Node Type": "Hash",
                                                              "Parent Relationship": "Inner",
                                                              "Parallel Aware": true,
                                                              "Async Capable": false,
                                                              "Startup Cost": 2049.55,
                                                              "Total Cost": 2049.55,
                                                              "Plan Rows": 18,
                                                              "Plan Width": 4,
                                                              "Plans": [
                                                                {
                                                                  "Node Type": "Seq Scan",
                                                                  "Parent Relationship": "Outer",
                                                                  "Parallel Aware": true,
                                                                  "Async Capable": false,
                                                                  "Relation Name": "date_dim",
                                                                  "Alias": "date_dim_2",
                                                                  "Startup Cost": 0.0,
                                                                  "Total Cost": 2049.55,
                                                                  "Plan Rows": 18,
                                                                  "Plan Width": 4,
                                                                  "Filter": "((d_date >= '2000-08-02'::date) AND (d_date <= '2000-09-01 00:00:00'::timestamp without time zone))",
                                                                  "parent": 57,
                                                                  "ID": 58
                                                                }
                                                              ],
                                                              "parent": 55,
                                                              "ID": 57,
                                                              "left": 58
                                                            }
                                                          ],
                                                          "parent": 54,
                                                          "ID": 55,
                                                          "left": 56,
                                                          "right": 57
                                                        },
                                                        {
                                                          "Node Type": "Hash",
                                                          "Parent Relationship": "Inner",
                                                          "Parallel Aware": true,
                                                          "Async Capable": false,
                                                          "Startup Cost": 16278.74,
                                                          "Total Cost": 16278.74,
                                                          "Plan Rows": 299674,
                                                          "Plan Width": 20,
                                                          "Plans": [
                                                            {
                                                              "Node Type": "Seq Scan",
                                                              "Parent Relationship": "Outer",
                                                              "Parallel Aware": true,
                                                              "Async Capable": false,
                                                              "Relation Name": "web_returns",
                                                              "Alias": "web_returns",
                                                              "Startup Cost": 0.0,
                                                              "Total Cost": 16278.74,
                                                              "Plan Rows": 299674,
                                                              "Plan Width": 20,
                                                              "parent": 59,
                                                              "ID": 60
                                                            }
                                                          ],
                                                          "parent": 54,
                                                          "ID": 59,
                                                          "left": 60
                                                        }
                                                      ],
                                                      "parent": 53,
                                                      "ID": 54,
                                                      "left": 55,
                                                      "right": 59
                                                    },
                                                    {
                                                      "Node Type": "Hash",
                                                      "Parent Relationship": "Inner",
                                                      "Parallel Aware": true,
                                                      "Async Capable": false,
                                                      "Startup Cost": 7495.25,
                                                      "Total Cost": 7495.25,
                                                      "Plan Rows": 2442,
                                                      "Plan Width": 4,
                                                      "Plans": [
                                                        {
                                                          "Node Type": "Seq Scan",
                                                          "Parent Relationship": "Outer",
                                                          "Parallel Aware": true,
                                                          "Async Capable": false,
                                                          "Relation Name": "item",
                                                          "Alias": "item_2",
                                                          "Startup Cost": 0.0,
                                                          "Total Cost": 7495.25,
                                                          "Plan Rows": 2442,
                                                          "Plan Width": 4,
                                                          "Filter": "(i_current_price > '50'::numeric)",
                                                          "parent": 61,
                                                          "ID": 62
                                                        }
                                                      ],
                                                      "parent": 53,
                                                      "ID": 61,
                                                      "left": 62
                                                    }
                                                  ],
                                                  "parent": 52,
                                                  "ID": 53,
                                                  "left": 54,
                                                  "right": 61
                                                },
                                                {
                                                  "Node Type": "Hash",
                                                  "Parent Relationship": "Inner",
                                                  "Parallel Aware": false,
                                                  "Async Capable": false,
                                                  "Startup Cost": 19.25,
                                                  "Total Cost": 19.25,
                                                  "Plan Rows": 492,
                                                  "Plan Width": 4,
                                                  "Plans": [
                                                    {
                                                      "Node Type": "Seq Scan",
                                                      "Parent Relationship": "Outer",
                                                      "Parallel Aware": false,
                                                      "Async Capable": false,
                                                      "Relation Name": "promotion",
                                                      "Alias": "promotion_2",
                                                      "Startup Cost": 0.0,
                                                      "Total Cost": 19.25,
                                                      "Plan Rows": 492,
                                                      "Plan Width": 4,
                                                      "Filter": "(p_channel_tv = 'N'::bpchar)",
                                                      "parent": 63,
                                                      "ID": 64
                                                    }
                                                  ],
                                                  "parent": 52,
                                                  "ID": 63,
                                                  "left": 64
                                                }
                                              ],
                                              "parent": 51,
                                              "ID": 52,
                                              "left": 53,
                                              "right": 63
                                            },
                                            {
                                              "Node Type": "Hash",
                                              "Parent Relationship": "Inner",
                                              "Parallel Aware": false,
                                              "Async Capable": false,
                                              "Startup Cost": 3.42,
                                              "Total Cost": 3.42,
                                              "Plan Rows": 42,
                                              "Plan Width": 21,
                                              "Plans": [
                                                {
                                                  "Node Type": "Seq Scan",
                                                  "Parent Relationship": "Outer",
                                                  "Parallel Aware": false,
                                                  "Async Capable": false,
                                                  "Relation Name": "web_site",
                                                  "Alias": "web_site",
                                                  "Startup Cost": 0.0,
                                                  "Total Cost": 3.42,
                                                  "Plan Rows": 42,
                                                  "Plan Width": 21,
                                                  "parent": 65,
                                                  "ID": 66
                                                }
                                              ],
                                              "parent": 51,
                                              "ID": 65,
                                              "left": 66
                                            }
                                          ],
                                          "parent": 50,
                                          "ID": 51,
                                          "left": 52,
                                          "right": 65
                                        }
                                      ],
                                      "parent": 49,
                                      "ID": 50,
                                      "left": 51
                                    }
                                  ],
                                  "parent": 48,
                                  "ID": 49,
                                  "left": 50
                                }
                              ],
                              "parent": 47,
                              "ID": 48,
                              "left": 49
                            }
                          ],
                          "parent": 46,
                          "ID": 47,
                          "left": 48
                        }
                      ],
                      "parent": 3,
                      "ID": 46,
                      "left": 47
                    }
                  ],
                  "parent": 2,
                  "ID": 3,
                  "left": 4,
                  "right": 25
                }
              ],
              "parent": 1,
              "ID": 2,
              "left": 3
            }
          ],
          "parent": 0,
          "ID": 1,
          "left": 2
        }
      ],
      "parent": null,
      "ID": 0,
      "left": 1
    },
    "feat": {
      "utility": 0.0,
      "query_shape": [
        [
          "Seq Scan",
          "Hash Join",
          "Sort",
          "Aggregate",
          "Gather Merge",
          "Subquery Scan",
          "Append"
        ],
        [
          "Seq Scan",
          "Hash",
          "Hash Join",
          "Sort",
          "Aggregate",
          "Gather Merge",
          "Subquery Scan",
          "Append"
        ],
        [
          "Seq Scan",
          "Hash",
          "Hash Join",
          "Sort",
          "Aggregate",
          "Gather Merge",
          "Subquery Scan",
          "Append"
        ],
        [
          "Seq Scan",
          "Hash",
          "Hash Join",
          "Sort",
          "Aggregate",
          "Gather Merge",
          "Subquery Scan",
          "Append"
        ],
        [
          "Seq Scan",
          "Hash",
          "Hash Join",
          "Sort",
          "Aggregate",
          "Gather Merge",
          "Subquery Scan",
          "Append"
        ],
        [
          "Seq Scan",
          "Hash",
          "Hash Join",
          "Sort",
          "Aggregate",
          "Gather Merge",
          "Subquery Scan",
          "Append"
        ],
        [
          "Seq Scan",
          "Hash Join",
          "Sort",
          "Aggregate",
          "Gather Merge",
          "Subquery Scan",
          "Append"
        ],
        [
          "Seq Scan",
          "Hash",
          "Hash Join",
          "Sort",
          "Aggregate",
          "Gather Merge",
          "Subquery Scan",
          "Append"
        ],
        [
          "Seq Scan",
          "Hash",
          "Hash Join",
          "Sort",
          "Aggregate",
          "Gather Merge",
          "Subquery Scan",
          "Append"
        ],
        [
          "Seq Scan",
          "Hash",
          "Hash Join",
          "Sort",
          "Aggregate",
          "Gather Merge",
          "Subquery Scan",
          "Append"
        ],
        [
          "Seq Scan",
          "Hash",
          "Hash Join",
          "Sort",
          "Aggregate",
          "Gather Merge",
          "Subquery Scan",
          "Append"
        ],
        [
          "Seq Scan",
          "Hash",
          "Hash Join",
          "Sort",
          "Aggregate",
          "Gather Merge",
          "Subquery Scan",
          "Append"
        ],
        [
          "Seq Scan",
          "Hash Join",
          "Sort",
          "Aggregate",
          "Gather Merge",
          "Subquery Scan",
          "Append"
        ],
        [
          "Seq Scan",
          "Hash",
          "Hash Join",
          "Sort",
          "Aggregate",
          "Gather Merge",
          "Subquery Scan",
          "Append"
        ],
        [
          "Seq Scan",
          "Hash",
          "Hash Join",
          "Sort",
          "Aggregate",
          "Gather Merge",
          "Subquery Scan",
          "Append"
        ],
        [
          "Seq Scan",
          "Hash",
          "Hash Join",
          "Sort",
          "Aggregate",
          "Gather Merge",
          "Subquery Scan",
          "Append"
        ],
        [
          "Seq Scan",
          "Hash",
          "Hash Join",
          "Sort",
          "Aggregate",
          "Gather Merge",
          "Subquery Scan",
          "Append"
        ],
        [
          "Seq Scan",
          "Hash",
          "Hash Join",
          "Sort",
          "Aggregate",
          "Gather Merge",
          "Subquery Scan",
          "Append"
        ]
      ],
      "index_shape": [],
      "physical_operator": {}
    }
  },
  {
    "query": "with ssr as\n (select  s_store_id as store_id,\n          sum(ss_ext_sales_price) as sales,\n          sum(coalesce(sr_return_amt, 0)) as returns,\n          sum(ss_net_profit - coalesce(sr_net_loss, 0)) as profit\n  from store_sales left outer join store_returns on\n         (ss_item_sk = sr_item_sk and ss_ticket_number = sr_ticket_number),\n     date_dim,\n     store,\n     item,\n     promotion\n where ss_sold_date_sk = d_date_sk\n       and d_date between cast('2000-08-02' as date) \n                  and (cast('2000-08-02' as date) +  interval '30 days')\n       and ss_store_sk = s_store_sk\n       and ss_item_sk = i_item_sk\n       and i_current_price > 50\n       and ss_promo_sk = p_promo_sk\n       and p_channel_tv = 'N'\n group by s_store_id)\n ,\n csr as\n (select  cp_catalog_page_id as catalog_page_id,\n          sum(cs_ext_sales_price) as sales,\n          sum(coalesce(cr_return_amount, 0)) as returns,\n          sum(cs_net_profit - coalesce(cr_net_loss, 0)) as profit\n  from catalog_sales left outer join catalog_returns on\n         (cs_item_sk = cr_item_sk and cs_order_number = cr_order_number),\n     date_dim,\n     catalog_page,\n     item,\n     promotion\n where cs_sold_date_sk = d_date_sk\n       and d_date between cast('2000-08-02' as date)\n                  and (cast('2000-08-02' as date) +  interval '30 days')\n        and cs_catalog_page_sk = cp_catalog_page_sk\n       and cs_item_sk = i_item_sk\n       and i_current_price > 50\n       and cs_promo_sk = p_promo_sk\n       and p_channel_tv = 'N'\ngroup by cp_catalog_page_id)\n ,\n wsr as\n (select  web_site_id,\n          sum(ws_ext_sales_price) as sales,\n          sum(coalesce(wr_return_amt, 0)) as returns,\n          sum(ws_net_profit - coalesce(wr_net_loss, 0)) as profit\n  from web_sales left outer join web_returns on\n         (ws_item_sk = wr_item_sk and ws_order_number = wr_order_number),\n     date_dim,\n     web_site,\n     item,\n     promotion\n where ws_sold_date_sk = d_date_sk\n       and d_date between cast('2000-08-02' as date)\n                  and (cast('2000-08-02' as date) +  interval '30 days')\n        and ws_web_site_sk = web_site_sk\n       and ws_item_sk = i_item_sk\n       and i_current_price > 50\n       and ws_promo_sk = p_promo_sk\n       and p_channel_tv = 'N'\ngroup by web_site_id)\n  select  channel\n        , id\n        , sum(sales) as sales\n        , sum(returns) as returns\n        , sum(profit) as profit\n from \n (select 'store channel' as channel\n        , 'store' || store_id as id\n        , sales\n        , returns\n        , profit\n from   ssr\n union all\n select 'catalog channel' as channel\n        , 'catalog_page' || catalog_page_id as id\n        , sales\n        , returns\n        , profit\n from  csr\n union all\n select 'web channel' as channel\n        , 'web_site' || web_site_id as id\n        , sales\n        , returns\n        , profit\n from   wsr\n ) x\n group by rollup (channel, id)\n order by channel\n         ,id\n limit 100;\n\n-- end query 61 in stream 4 using template query80.tpl\n",
    "indexes": "store_sales.ss_sold_date_sk",
    "wo plan est": {
      "Node Type": "Limit",
      "Parallel Aware": false,
      "Async Capable": false,
      "Startup Cost": 1566793.64,
      "Total Cost": 1566796.93,
      "Plan Rows": 100,
      "Plan Width": 160,
      "Plans": [
        {
          "Node Type": "Aggregate",
          "Strategy": "Sorted",
          "Partial Mode": "Simple",
          "Parent Relationship": "Outer",
          "Parallel Aware": false,
          "Async Capable": false,
          "Startup Cost": 1566793.64,
          "Total Cost": 1566806.84,
          "Plan Rows": 401,
          "Plan Width": 160,
          "Grouping Sets": [
            {
              "Group Keys": [
                [
                  "('store channel'::text)",
                  "(('store'::text || (ssr.store_id)::text))"
                ],
                [
                  "('store channel'::text)"
                ],
                []
              ]
            }
          ],
          "Plans": [
            {
              "Node Type": "Sort",
              "Parent Relationship": "Outer",
              "Parallel Aware": false,
              "Async Capable": false,
              "Startup Cost": 1566793.64,
              "Total Cost": 1566794.67,
              "Plan Rows": 412,
              "Plan Width": 160,
              "Sort Key": [
                "('store channel'::text)",
                "(('store'::text || (ssr.store_id)::text))"
              ],
              "Plans": [
                {
                  "Node Type": "Append",
                  "Parent Relationship": "Outer",
                  "Parallel Aware": false,
                  "Async Capable": false,
                  "Startup Cost": 784596.3,
                  "Total Cost": 1566775.74,
                  "Plan Rows": 412,
                  "Plan Width": 160,
                  "Subplans Removed": 0,
                  "Plans": [
                    {
                      "Node Type": "Subquery Scan",
                      "Parent Relationship": "Member",
                      "Parallel Aware": false,
                      "Async Capable": false,
                      "Alias": "ssr",
                      "Startup Cost": 784596.3,
                      "Total Cost": 784616.16,
                      "Plan Rows": 51,
                      "Plan Width": 160,
                      "Plans": [
                        {
                          "Node Type": "Aggregate",
                          "Strategy": "Sorted",
                          "Partial Mode": "Finalize",
                          "Parent Relationship": "Subquery",
                          "Parallel Aware": false,
                          "Async Capable": false,
                          "Startup Cost": 784596.3,
                          "Total Cost": 784615.39,
                          "Plan Rows": 51,
                          "Plan Width": 113,
                          "Group Key": [
                            "store.s_store_id"
                          ],
                          "Plans": [
                            {
                              "Node Type": "Gather Merge",
                              "Parent Relationship": "Outer",
                              "Parallel Aware": false,
                              "Async Capable": false,
                              "Startup Cost": 784596.3,
                              "Total Cost": 784612.71,
                              "Plan Rows": 102,
                              "Plan Width": 113,
                              "Workers Planned": 2,
                              "Plans": [
                                {
                                  "Node Type": "Aggregate",
                                  "Strategy": "Sorted",
                                  "Partial Mode": "Partial",
                                  "Parent Relationship": "Outer",
                                  "Parallel Aware": false,
                                  "Async Capable": false,
                                  "Startup Cost": 783596.27,
                                  "Total Cost": 783600.92,
                                  "Plan Rows": 51,
                                  "Plan Width": 113,
                                  "Group Key": [
                                    "store.s_store_id"
                                  ],
                                  "Plans": [
                                    {
                                      "Node Type": "Sort",
                                      "Parent Relationship": "Outer",
                                      "Parallel Aware": false,
                                      "Async Capable": false,
                                      "Startup Cost": 783596.27,
                                      "Total Cost": 783596.9,
                                      "Plan Rows": 250,
                                      "Plan Width": 41,
                                      "Sort Key": [
                                        "store.s_store_id"
                                      ],
                                      "Plans": [
                                        {
                                          "Node Type": "Hash Join",
                                          "Parent Relationship": "Outer",
                                          "Parallel Aware": false,
                                          "Async Capable": false,
                                          "Join Type": "Inner",
                                          "Startup Cost": 94489.35,
                                          "Total Cost": 783586.32,
                                          "Plan Rows": 250,
                                          "Plan Width": 41,
                                          "Inner Unique": false,
                                          "Hash Cond": "(store_sales.ss_store_sk = store.s_store_sk)",
                                          "Plans": [
                                            {
                                              "Node Type": "Hash Join",
                                              "Parent Relationship": "Outer",
                                              "Parallel Aware": false,
                                              "Async Capable": false,
                                              "Join Type": "Inner",
                                              "Startup Cost": 94482.05,
                                              "Total Cost": 783575.54,
                                              "Plan Rows": 262,
                                              "Plan Width": 28,
                                              "Inner Unique": false,
                                              "Hash Cond": "(store_sales.ss_promo_sk = promotion.p_promo_sk)",
                                              "Plans": [
                                                {
                                                  "Node Type": "Hash Join",
                                                  "Parent Relationship": "Outer",
                                                  "Parallel Aware": true,
                                                  "Async Capable": false,
                                                  "Join Type": "Inner",
                                                  "Startup Cost": 94456.65,
                                                  "Total Cost": 783546.47,
                                                  "Plan Rows": 279,
                                                  "Plan Width": 32,
                                                  "Inner Unique": false,
                                                  "Hash Cond": "(store_sales.ss_item_sk = item.i_item_sk)",
                                                  "Plans": [
                                                    {
                                                      "Node Type": "Hash Join",
                                                      "Parent Relationship": "Outer",
                                                      "Parallel Aware": true,
                                                      "Async Capable": false,
                                                      "Join Type": "Left",
                                                      "Startup Cost": 86930.88,
                                                      "Total Cost": 776001.31,
                                                      "Plan Rows": 4860,
                                                      "Plan Width": 36,
                                                      "Inner Unique": false,
                                                      "Hash Cond": "((store_sales.ss_item_sk = store_returns.sr_item_sk) AND (store_sales.ss_ticket_number = store_returns.sr_ticket_number))",
                                                      "Plans": [
                                                        {
                                                          "Node Type": "Hash Join",
                                                          "Parent Relationship": "Outer",
                                                          "Parallel Aware": true,
                                                          "Async Capable": false,
                                                          "Join Type": "Inner",
                                                          "Startup Cost": 2049.78,
                                                          "Total Cost": 683994.75,
                                                          "Plan Rows": 4860,
                                                          "Plan Width": 28,
                                                          "Inner Unique": false,
                                                          "Hash Cond": "(store_sales.ss_sold_date_sk = date_dim.d_date_sk)",
                                                          "Plans": [
                                                            {
                                                              "Node Type": "Seq Scan",
                                                              "Parent Relationship": "Outer",
                                                              "Parallel Aware": true,
                                                              "Async Capable": false,
                                                              "Relation Name": "store_sales",
                                                              "Alias": "store_sales",
                                                              "Startup Cost": 0.0,
                                                              "Total Cost": 636914.37,
                                                              "Plan Rows": 12000637,
                                                              "Plan Width": 32,
                                                              "parent": 13,
                                                              "ID": 14
                                                            },
                                                            {
                                                              "Node Type": "Hash",
                                                              "Parent Relationship": "Inner",
                                                              "Parallel Aware": true,
                                                              "Async Capable": false,
                                                              "Startup Cost": 2049.55,
                                                              "Total Cost": 2049.55,
                                                              "Plan Rows": 18,
                                                              "Plan Width": 4,
                                                              "Plans": [
                                                                {
                                                                  "Node Type": "Seq Scan",
                                                                  "Parent Relationship": "Outer",
                                                                  "Parallel Aware": true,
                                                                  "Async Capable": false,
                                                                  "Relation Name": "date_dim",
                                                                  "Alias": "date_dim",
                                                                  "Startup Cost": 0.0,
                                                                  "Total Cost": 2049.55,
                                                                  "Plan Rows": 18,
                                                                  "Plan Width": 4,
                                                                  "Filter": "((d_date >= '2000-08-02'::date) AND (d_date <= '2000-09-01 00:00:00'::timestamp without time zone))",
                                                                  "parent": 15,
                                                                  "ID": 16
                                                                }
                                                              ],
                                                              "parent": 13,
                                                              "ID": 15,
                                                              "left": 16
                                                            }
                                                          ],
                                                          "parent": 12,
                                                          "ID": 13,
                                                          "left": 14,
                                                          "right": 15
                                                        },
                                                        {
                                                          "Node Type": "Hash",
                                                          "Parent Relationship": "Inner",
                                                          "Parallel Aware": true,
                                                          "Async Capable": false,
                                                          "Startup Cost": 59887.64,
                                                          "Total Cost": 59887.64,
                                                          "Plan Rows": 1198164,
                                                          "Plan Width": 20,
                                                          "Plans": [
                                                            {
                                                              "Node Type": "Seq Scan",
                                                              "Parent Relationship": "Outer",
                                                              "Parallel Aware": true,
                                                              "Async Capable": false,
                                                              "Relation Name": "store_returns",
                                                              "Alias": "store_returns",
                                                              "Startup Cost": 0.0,
                                                              "Total Cost": 59887.64,
                                                              "Plan Rows": 1198164,
                                                              "Plan Width": 20,
                                                              "parent": 17,
                                                              "ID": 18
                                                            }
                                                          ],
                                                          "parent": 12,
                                                          "ID": 17,
                                                          "left": 18
                                                        }
                                                      ],
                                                      "parent": 11,
                                                      "ID": 12,
                                                      "left": 13,
                                                      "right": 17
                                                    },
                                                    {
                                                      "Node Type": "Hash",
                                                      "Parent Relationship": "Inner",
                                                      "Parallel Aware": true,
                                                      "Async Capable": false,
                                                      "Startup Cost": 7495.25,
                                                      "Total Cost": 7495.25,
                                                      "Plan Rows": 2442,
                                                      "Plan Width": 4,
                                                      "Plans": [
                                                        {
                                                          "Node Type": "Seq Scan",
                                                          "Parent Relationship": "Outer",
                                                          "Parallel Aware": true,
                                                          "Async Capable": false,
                                                          "Relation Name": "item",
                                                          "Alias": "item",
                                                          "Startup Cost": 0.0,
                                                          "Total Cost": 7495.25,
                                                          "Plan Rows": 2442,
                                                          "Plan Width": 4,
                                                          "Filter": "(i_current_price > '50'::numeric)",
                                                          "parent": 19,
                                                          "ID": 20
                                                        }
                                                      ],
                                                      "parent": 11,
                                                      "ID": 19,
                                                      "left": 20
                                                    }
                                                  ],
                                                  "parent": 10,
                                                  "ID": 11,
                                                  "left": 12,
                                                  "right": 19
                                                },
                                                {
                                                  "Node Type": "Hash",
                                                  "Parent Relationship": "Inner",
                                                  "Parallel Aware": false,
                                                  "Async Capable": false,
                                                  "Startup Cost": 19.25,
                                                  "Total Cost": 19.25,
                                                  "Plan Rows": 492,
                                                  "Plan Width": 4,
                                                  "Plans": [
                                                    {
                                                      "Node Type": "Seq Scan",
                                                      "Parent Relationship": "Outer",
                                                      "Parallel Aware": false,
                                                      "Async Capable": false,
                                                      "Relation Name": "promotion",
                                                      "Alias": "promotion",
                                                      "Startup Cost": 0.0,
                                                      "Total Cost": 19.25,
                                                      "Plan Rows": 492,
                                                      "Plan Width": 4,
                                                      "Filter": "(p_channel_tv = 'N'::bpchar)",
                                                      "parent": 21,
                                                      "ID": 22
                                                    }
                                                  ],
                                                  "parent": 10,
                                                  "ID": 21,
                                                  "left": 22
                                                }
                                              ],
                                              "parent": 9,
                                              "ID": 10,
                                              "left": 11,
                                              "right": 21
                                            },
                                            {
                                              "Node Type": "Hash",
                                              "Parent Relationship": "Inner",
                                              "Parallel Aware": false,
                                              "Async Capable": false,
                                              "Startup Cost": 6.02,
                                              "Total Cost": 6.02,
                                              "Plan Rows": 102,
                                              "Plan Width": 21,
                                              "Plans": [
                                                {
                                                  "Node Type": "Seq Scan",
                                                  "Parent Relationship": "Outer",
                                                  "Parallel Aware": false,
                                                  "Async Capable": false,
                                                  "Relation Name": "store",
                                                  "Alias": "store",
                                                  "Startup Cost": 0.0,
                                                  "Total Cost": 6.02,
                                                  "Plan Rows": 102,
                                                  "Plan Width": 21,
                                                  "parent": 23,
                                                  "ID": 24
                                                }
                                              ],
                                              "parent": 9,
                                              "ID": 23,
                                              "left": 24
                                            }
                                          ],
                                          "parent": 8,
                                          "ID": 9,
                                          "left": 10,
                                          "right": 23
                                        }
                                      ],
                                      "parent": 7,
                                      "ID": 8,
                                      "left": 9
                                    }
                                  ],
                                  "parent": 6,
                                  "ID": 7,
                                  "left": 8
                                }
                              ],
                              "parent": 5,
                              "ID": 6,
                              "left": 7
                            }
                          ],
                          "parent": 4,
                          "ID": 5,
                          "left": 6
                        }
                      ],
                      "parent": 3,
                      "ID": 4,
                      "left": 5
                    },
                    {
                      "Node Type": "Subquery Scan",
                      "Parent Relationship": "Member",
                      "Parallel Aware": false,
                      "Async Capable": false,
                      "Alias": "csr",
                      "Startup Cost": 518177.36,
                      "Total Cost": 518230.78,
                      "Plan Rows": 340,
                      "Plan Width": 160,
                      "Plans": [
                        {
                          "Node Type": "Aggregate",
                          "Strategy": "Sorted",
                          "Partial Mode": "Finalize",
                          "Parent Relationship": "Subquery",
                          "Parallel Aware": false,
                          "Async Capable": false,
                          "Startup Cost": 518177.36,
                          "Total Cost": 518225.68,
                          "Plan Rows": 340,
                          "Plan Width": 113,
                          "Group Key": [
                            "catalog_page.cp_catalog_page_id"
                          ],
                          "Plans": [
                            {
                              "Node Type": "Gather Merge",
                              "Parent Relationship": "Outer",
                              "Parallel Aware": false,
                              "Async Capable": false,
                              "Startup Cost": 518177.36,
                              "Total Cost": 518214.76,
                              "Plan Rows": 284,
                              "Plan Width": 113,
                              "Workers Planned": 2,
                              "Plans": [
                                {
                                  "Node Type": "Aggregate",
                                  "Strategy": "Sorted",
                                  "Partial Mode": "Partial",
                                  "Parent Relationship": "Outer",
                                  "Parallel Aware": false,
                                  "Async Capable": false,
                                  "Startup Cost": 517177.34,
                                  "Total Cost": 517181.95,
                                  "Plan Rows": 142,
                                  "Plan Width": 113,
                                  "Group Key": [
                                    "catalog_page.cp_catalog_page_id"
                                  ],
                                  "Plans": [
                                    {
                                      "Node Type": "Sort",
                                      "Parent Relationship": "Outer",
                                      "Parallel Aware": false,
                                      "Async Capable": false,
                                      "Startup Cost": 517177.34,
                                      "Total Cost": 517177.69,
                                      "Plan Rows": 142,
                                      "Plan Width": 41,
                                      "Sort Key": [
                                        "catalog_page.cp_catalog_page_id"
                                      ],
                                      "Plans": [
                                        {
                                          "Node Type": "Hash Join",
                                          "Parent Relationship": "Outer",
                                          "Parallel Aware": false,
                                          "Async Capable": false,
                                          "Join Type": "Inner",
                                          "Startup Cost": 57382.33,
                                          "Total Cost": 517172.26,
                                          "Plan Rows": 142,
                                          "Plan Width": 41,
                                          "Inner Unique": false,
                                          "Hash Cond": "(catalog_sales.cs_catalog_page_sk = catalog_page.cp_catalog_page_sk)",
                                          "Plans": [
                                            {
                                              "Node Type": "Hash Join",
                                              "Parent Relationship": "Outer",
                                              "Parallel Aware": false,
                                              "Async Capable": false,
                                              "Join Type": "Inner",
                                              "Startup Cost": 56864.33,
                                              "Total Cost": 516652.32,
                                              "Plan Rows": 142,
                                              "Plan Width": 28,
                                              "Inner Unique": false,
                                              "Hash Cond": "(catalog_sales.cs_promo_sk = promotion_1.p_promo_sk)",
                                              "Plans": [
                                                {
                                                  "Node Type": "Hash Join",
                                                  "Parent Relationship": "Outer",
                                                  "Parallel Aware": true,
                                                  "Async Capable": false,
                                                  "Join Type": "Inner",
                                                  "Startup Cost": 56838.93,
                                                  "Total Cost": 516624.96,
                                                  "Plan Rows": 145,
                                                  "Plan Width": 32,
                                                  "Inner Unique": false,
                                                  "Hash Cond": "(catalog_sales.cs_item_sk = item_1.i_item_sk)",
                                                  "Plans": [
                                                    {
                                                      "Node Type": "Hash Join",
                                                      "Parent Relationship": "Outer",
                                                      "Parallel Aware": true,
                                                      "Async Capable": false,
                                                      "Join Type": "Left",
                                                      "Startup Cost": 49313.15,
                                                      "Total Cost": 509089.08,
                                                      "Plan Rows": 2532,
                                                      "Plan Width": 36,
                                                      "Inner Unique": false,
                                                      "Hash Cond": "((catalog_sales.cs_item_sk = catalog_returns.cr_item_sk) AND (catalog_sales.cs_order_number = catalog_returns.cr_order_number))",
                                                      "Plans": [
                                                        {
                                                          "Node Type": "Hash Join",
                                                          "Parent Relationship": "Outer",
                                                          "Parallel Aware": true,
                                                          "Async Capable": false,
                                                          "Join Type": "Inner",
                                                          "Startup Cost": 2049.78,
                                                          "Total Cost": 458254.7,
                                                          "Plan Rows": 2532,
                                                          "Plan Width": 28,
                                                          "Inner Unique": false,
                                                          "Hash Cond": "(catalog_sales.cs_sold_date_sk = date_dim_1.d_date_sk)",
                                                          "Plans": [
                                                            {
                                                              "Node Type": "Seq Scan",
                                                              "Parent Relationship": "Outer",
                                                              "Parallel Aware": true,
                                                              "Async Capable": false,
                                                              "Relation Name": "catalog_sales",
                                                              "Alias": "catalog_sales",
                                                              "Startup Cost": 0.0,
                                                              "Total Cost": 433688.25,
                                                              "Plan Rows": 6000525,
                                                              "Plan Width": 32,
                                                              "parent": 34,
                                                              "ID": 35
                                                            },
                                                            {
                                                              "Node Type": "Hash",
                                                              "Parent Relationship": "Inner",
                                                              "Parallel Aware": true,
                                                              "Async Capable": false,
                                                              "Startup Cost": 2049.55,
                                                              "Total Cost": 2049.55,
                                                              "Plan Rows": 18,
                                                              "Plan Width": 4,
                                                              "Plans": [
                                                                {
                                                                  "Node Type": "Seq Scan",
                                                                  "Parent Relationship": "Outer",
                                                                  "Parallel Aware": true,
                                                                  "Async Capable": false,
                                                                  "Relation Name": "date_dim",
                                                                  "Alias": "date_dim_1",
                                                                  "Startup Cost": 0.0,
                                                                  "Total Cost": 2049.55,
                                                                  "Plan Rows": 18,
                                                                  "Plan Width": 4,
                                                                  "Filter": "((d_date >= '2000-08-02'::date) AND (d_date <= '2000-09-01 00:00:00'::timestamp without time zone))",
                                                                  "parent": 36,
                                                                  "ID": 37
                                                                }
                                                              ],
                                                              "parent": 34,
                                                              "ID": 36,
                                                              "left": 37
                                                            }
                                                          ],
                                                          "parent": 33,
                                                          "ID": 34,
                                                          "left": 35,
                                                          "right": 36
                                                        },
                                                        {
                                                          "Node Type": "Hash",
                                                          "Parent Relationship": "Inner",
                                                          "Parallel Aware": true,
                                                          "Async Capable": false,
                                                          "Startup Cost": 34748.95,
                                                          "Total Cost": 34748.95,
                                                          "Plan Rows": 599895,
                                                          "Plan Width": 20,
                                                          "Plans": [
                                                            {
                                                              "Node Type": "Seq Scan",
                                                              "Parent Relationship": "Outer",
                                                              "Parallel Aware": true,
                                                              "Async Capable": false,
                                                              "Relation Name": "catalog_returns",
                                                              "Alias": "catalog_returns",
                                                              "Startup Cost": 0.0,
                                                              "Total Cost": 34748.95,
                                                              "Plan Rows": 599895,
                                                              "Plan Width": 20,
                                                              "parent": 38,
                                                              "ID": 39
                                                            }
                                                          ],
                                                          "parent": 33,
                                                          "ID": 38,
                                                          "left": 39
                                                        }
                                                      ],
                                                      "parent": 32,
                                                      "ID": 33,
                                                      "left": 34,
                                                      "right": 38
                                                    },
                                                    {
                                                      "Node Type": "Hash",
                                                      "Parent Relationship": "Inner",
                                                      "Parallel Aware": true,
                                                      "Async Capable": false,
                                                      "Startup Cost": 7495.25,
                                                      "Total Cost": 7495.25,
                                                      "Plan Rows": 2442,
                                                      "Plan Width": 4,
                                                      "Plans": [
                                                        {
                                                          "Node Type": "Seq Scan",
                                                          "Parent Relationship": "Outer",
                                                          "Parallel Aware": true,
                                                          "Async Capable": false,
                                                          "Relation Name": "item",
                                                          "Alias": "item_1",
                                                          "Startup Cost": 0.0,
                                                          "Total Cost": 7495.25,
                                                          "Plan Rows": 2442,
                                                          "Plan Width": 4,
                                                          "Filter": "(i_current_price > '50'::numeric)",
                                                          "parent": 40,
                                                          "ID": 41
                                                        }
                                                      ],
                                                      "parent": 32,
                                                      "ID": 40,
                                                      "left": 41
                                                    }
                                                  ],
                                                  "parent": 31,
                                                  "ID": 32,
                                                  "left": 33,
                                                  "right": 40
                                                },
                                                {
                                                  "Node Type": "Hash",
                                                  "Parent Relationship": "Inner",
                                                  "Parallel Aware": false,
                                                  "Async Capable": false,
                                                  "Startup Cost": 19.25,
                                                  "Total Cost": 19.25,
                                                  "Plan Rows": 492,
                                                  "Plan Width": 4,
                                                  "Plans": [
                                                    {
                                                      "Node Type": "Seq Scan",
                                                      "Parent Relationship": "Outer",
                                                      "Parallel Aware": false,
                                                      "Async Capable": false,
                                                      "Relation Name": "promotion",
                                                      "Alias": "promotion_1",
                                                      "Startup Cost": 0.0,
                                                      "Total Cost": 19.25,
                                                      "Plan Rows": 492,
                                                      "Plan Width": 4,
                                                      "Filter": "(p_channel_tv = 'N'::bpchar)",
                                                      "parent": 42,
                                                      "ID": 43
                                                    }
                                                  ],
                                                  "parent": 31,
                                                  "ID": 42,
                                                  "left": 43
                                                }
                                              ],
                                              "parent": 30,
                                              "ID": 31,
                                              "left": 32,
                                              "right": 42
                                            },
                                            {
                                              "Node Type": "Hash",
                                              "Parent Relationship": "Inner",
                                              "Parallel Aware": false,
                                              "Async Capable": false,
                                              "Startup Cost": 368.0,
                                              "Total Cost": 368.0,
                                              "Plan Rows": 12000,
                                              "Plan Width": 21,
                                              "Plans": [
                                                {
                                                  "Node Type": "Seq Scan",
                                                  "Parent Relationship": "Outer",
                                                  "Parallel Aware": false,
                                                  "Async Capable": false,
                                                  "Relation Name": "catalog_page",
                                                  "Alias": "catalog_page",
                                                  "Startup Cost": 0.0,
                                                  "Total Cost": 368.0,
                                                  "Plan Rows": 12000,
                                                  "Plan Width": 21,
                                                  "parent": 44,
                                                  "ID": 45
                                                }
                                              ],
                                              "parent": 30,
                                              "ID": 44,
                                              "left": 45
                                            }
                                          ],
                                          "parent": 29,
                                          "ID": 30,
                                          "left": 31,
                                          "right": 44
                                        }
                                      ],
                                      "parent": 28,
                                      "ID": 29,
                                      "left": 30
                                    }
                                  ],
                                  "parent": 27,
                                  "ID": 28,
                                  "left": 29
                                }
                              ],
                              "parent": 26,
                              "ID": 27,
                              "left": 28
                            }
                          ],
                          "parent": 25,
                          "ID": 26,
                          "left": 27
                        }
                      ],
                      "parent": 3,
                      "ID": 25,
                      "left": 26
                    },
                    {
                      "Node Type": "Subquery Scan",
                      "Parent Relationship": "Member",
                      "Parallel Aware": false,
                      "Async Capable": false,
                      "Alias": "wsr",
                      "Startup Cost": 263919.04,
                      "Total Cost": 263926.75,
                      "Plan Rows": 21,
                      "Plan Width": 160,
                      "Plans": [
                        {
                          "Node Type": "Aggregate",
                          "Strategy": "Sorted",
                          "Partial Mode": "Finalize",
                          "Parent Relationship": "Subquery",
                          "Parallel Aware": false,
                          "Async Capable": false,
                          "Startup Cost": 263919.04,
                          "Total Cost": 263926.43,
                          "Plan Rows": 21,
                          "Plan Width": 113,
                          "Group Key": [
                            "web_site.web_site_id"
                          ],
                          "Plans": [
                            {
                              "Node Type": "Gather Merge",
                              "Parent Relationship": "Outer",
                              "Parallel Aware": false,
                              "Async Capable": false,
                              "Startup Cost": 263919.04,
                              "Total Cost": 263925.33,
                              "Plan Rows": 42,
                              "Plan Width": 113,
                              "Workers Planned": 2,
                              "Plans": [
                                {
                                  "Node Type": "Aggregate",
                                  "Strategy": "Sorted",
                                  "Partial Mode": "Partial",
                                  "Parent Relationship": "Outer",
                                  "Parallel Aware": false,
                                  "Async Capable": false,
                                  "Startup Cost": 262919.01,
                                  "Total Cost": 262920.46,
                                  "Plan Rows": 21,
                                  "Plan Width": 113,
                                  "Group Key": [
                                    "web_site.web_site_id"
                                  ],
                                  "Plans": [
                                    {
                                      "Node Type": "Sort",
                                      "Parent Relationship": "Outer",
                                      "Parallel Aware": false,
                                      "Async Capable": false,
                                      "Startup Cost": 262919.01,
                                      "Total Cost": 262919.19,
                                      "Plan Rows": 72,
                                      "Plan Width": 41,
                                      "Sort Key": [
                                        "web_site.web_site_id"
                                      ],
                                      "Plans": [
                                        {
                                          "Node Type": "Hash Join",
                                          "Parent Relationship": "Outer",
                                          "Parallel Aware": false,
                                          "Async Capable": false,
                                          "Join Type": "Inner",
                                          "Startup Cost": 32134.74,
                                          "Total Cost": 262916.79,
                                          "Plan Rows": 72,
                                          "Plan Width": 41,
                                          "Inner Unique": false,
                                          "Hash Cond": "(web_sales.ws_web_site_sk = web_site.web_site_sk)",
                                          "Plans": [
                                            {
                                              "Node Type": "Hash Join",
                                              "Parent Relationship": "Outer",
                                              "Parallel Aware": false,
                                              "Async Capable": false,
                                              "Join Type": "Inner",
                                              "Startup Cost": 32130.8,
                                              "Total Cost": 262911.86,
                                              "Plan Rows": 72,
                                              "Plan Width": 28,
                                              "Inner Unique": false,
                                              "Hash Cond": "(web_sales.ws_promo_sk = promotion_2.p_promo_sk)",
                                              "Plans": [
                                                {
                                                  "Node Type": "Hash Join",
                                                  "Parent Relationship": "Outer",
                                                  "Parallel Aware": true,
                                                  "Async Capable": false,
                                                  "Join Type": "Inner",
                                                  "Startup Cost": 32105.4,
                                                  "Total Cost": 262885.46,
                                                  "Plan Rows": 73,
                                                  "Plan Width": 32,
                                                  "Inner Unique": false,
                                                  "Hash Cond": "(web_sales.ws_item_sk = item_2.i_item_sk)",
                                                  "Plans": [
                                                    {
                                                      "Node Type": "Hash Join",
                                                      "Parent Relationship": "Outer",
                                                      "Parallel Aware": true,
                                                      "Async Capable": false,
                                                      "Join Type": "Left",
                                                      "Startup Cost": 24579.62,
                                                      "Total Cost": 255354.62,
                                                      "Plan Rows": 1272,
                                                      "Plan Width": 36,
                                                      "Inner Unique": false,
                                                      "Hash Cond": "((web_sales.ws_item_sk = web_returns.wr_item_sk) AND (web_sales.ws_order_number = web_returns.wr_order_number))",
                                                      "Plans": [
                                                        {
                                                          "Node Type": "Hash Join",
                                                          "Parent Relationship": "Outer",
                                                          "Parallel Aware": true,
                                                          "Async Capable": false,
                                                          "Join Type": "Inner",
                                                          "Startup Cost": 2049.78,
                                                          "Total Cost": 231041.22,
                                                          "Plan Rows": 1272,
                                                          "Plan Width": 28,
                                                          "Inner Unique": false,
                                                          "Hash Cond": "(web_sales.ws_sold_date_sk = date_dim_2.d_date_sk)",
                                                          "Plans": [
                                                            {
                                                              "Node Type": "Seq Scan",
                                                              "Parent Relationship": "Outer",
                                                              "Parallel Aware": true,
                                                              "Async Capable": false,
                                                              "Relation Name": "web_sales",
                                                              "Alias": "web_sales",
                                                              "Startup Cost": 0.0,
                                                              "Total Cost": 217737.86,
                                                              "Plan Rows": 2998986,
                                                              "Plan Width": 32,
                                                              "parent": 55,
                                                              "ID": 56
                                                            },
                                                            {
                                                              "Node Type": "Hash",
                                                              "Parent Relationship": "Inner",
                                                              "Parallel Aware": true,
                                                              "Async Capable": false,
                                                              "Startup Cost": 2049.55,
                                                              "Total Cost": 2049.55,
                                                              "Plan Rows": 18,
                                                              "Plan Width": 4,
                                                              "Plans": [
                                                                {
                                                                  "Node Type": "Seq Scan",
                                                                  "Parent Relationship": "Outer",
                                                                  "Parallel Aware": true,
                                                                  "Async Capable": false,
                                                                  "Relation Name": "date_dim",
                                                                  "Alias": "date_dim_2",
                                                                  "Startup Cost": 0.0,
                                                                  "Total Cost": 2049.55,
                                                                  "Plan Rows": 18,
                                                                  "Plan Width": 4,
                                                                  "Filter": "((d_date >= '2000-08-02'::date) AND (d_date <= '2000-09-01 00:00:00'::timestamp without time zone))",
                                                                  "parent": 57,
                                                                  "ID": 58
                                                                }
                                                              ],
                                                              "parent": 55,
                                                              "ID": 57,
                                                              "left": 58
                                                            }
                                                          ],
                                                          "parent": 54,
                                                          "ID": 55,
                                                          "left": 56,
                                                          "right": 57
                                                        },
                                                        {
                                                          "Node Type": "Hash",
                                                          "Parent Relationship": "Inner",
                                                          "Parallel Aware": true,
                                                          "Async Capable": false,
                                                          "Startup Cost": 16278.74,
                                                          "Total Cost": 16278.74,
                                                          "Plan Rows": 299674,
                                                          "Plan Width": 20,
                                                          "Plans": [
                                                            {
                                                              "Node Type": "Seq Scan",
                                                              "Parent Relationship": "Outer",
                                                              "Parallel Aware": true,
                                                              "Async Capable": false,
                                                              "Relation Name": "web_returns",
                                                              "Alias": "web_returns",
                                                              "Startup Cost": 0.0,
                                                              "Total Cost": 16278.74,
                                                              "Plan Rows": 299674,
                                                              "Plan Width": 20,
                                                              "parent": 59,
                                                              "ID": 60
                                                            }
                                                          ],
                                                          "parent": 54,
                                                          "ID": 59,
                                                          "left": 60
                                                        }
                                                      ],
                                                      "parent": 53,
                                                      "ID": 54,
                                                      "left": 55,
                                                      "right": 59
                                                    },
                                                    {
                                                      "Node Type": "Hash",
                                                      "Parent Relationship": "Inner",
                                                      "Parallel Aware": true,
                                                      "Async Capable": false,
                                                      "Startup Cost": 7495.25,
                                                      "Total Cost": 7495.25,
                                                      "Plan Rows": 2442,
                                                      "Plan Width": 4,
                                                      "Plans": [
                                                        {
                                                          "Node Type": "Seq Scan",
                                                          "Parent Relationship": "Outer",
                                                          "Parallel Aware": true,
                                                          "Async Capable": false,
                                                          "Relation Name": "item",
                                                          "Alias": "item_2",
                                                          "Startup Cost": 0.0,
                                                          "Total Cost": 7495.25,
                                                          "Plan Rows": 2442,
                                                          "Plan Width": 4,
                                                          "Filter": "(i_current_price > '50'::numeric)",
                                                          "parent": 61,
                                                          "ID": 62
                                                        }
                                                      ],
                                                      "parent": 53,
                                                      "ID": 61,
                                                      "left": 62
                                                    }
                                                  ],
                                                  "parent": 52,
                                                  "ID": 53,
                                                  "left": 54,
                                                  "right": 61
                                                },
                                                {
                                                  "Node Type": "Hash",
                                                  "Parent Relationship": "Inner",
                                                  "Parallel Aware": false,
                                                  "Async Capable": false,
                                                  "Startup Cost": 19.25,
                                                  "Total Cost": 19.25,
                                                  "Plan Rows": 492,
                                                  "Plan Width": 4,
                                                  "Plans": [
                                                    {
                                                      "Node Type": "Seq Scan",
                                                      "Parent Relationship": "Outer",
                                                      "Parallel Aware": false,
                                                      "Async Capable": false,
                                                      "Relation Name": "promotion",
                                                      "Alias": "promotion_2",
                                                      "Startup Cost": 0.0,
                                                      "Total Cost": 19.25,
                                                      "Plan Rows": 492,
                                                      "Plan Width": 4,
                                                      "Filter": "(p_channel_tv = 'N'::bpchar)",
                                                      "parent": 63,
                                                      "ID": 64
                                                    }
                                                  ],
                                                  "parent": 52,
                                                  "ID": 63,
                                                  "left": 64
                                                }
                                              ],
                                              "parent": 51,
                                              "ID": 52,
                                              "left": 53,
                                              "right": 63
                                            },
                                            {
                                              "Node Type": "Hash",
                                              "Parent Relationship": "Inner",
                                              "Parallel Aware": false,
                                              "Async Capable": false,
                                              "Startup Cost": 3.42,
                                              "Total Cost": 3.42,
                                              "Plan Rows": 42,
                                              "Plan Width": 21,
                                              "Plans": [
                                                {
                                                  "Node Type": "Seq Scan",
                                                  "Parent Relationship": "Outer",
                                                  "Parallel Aware": false,
                                                  "Async Capable": false,
                                                  "Relation Name": "web_site",
                                                  "Alias": "web_site",
                                                  "Startup Cost": 0.0,
                                                  "Total Cost": 3.42,
                                                  "Plan Rows": 42,
                                                  "Plan Width": 21,
                                                  "parent": 65,
                                                  "ID": 66
                                                }
                                              ],
                                              "parent": 51,
                                              "ID": 65,
                                              "left": 66
                                            }
                                          ],
                                          "parent": 50,
                                          "ID": 51,
                                          "left": 52,
                                          "right": 65
                                        }
                                      ],
                                      "parent": 49,
                                      "ID": 50,
                                      "left": 51
                                    }
                                  ],
                                  "parent": 48,
                                  "ID": 49,
                                  "left": 50
                                }
                              ],
                              "parent": 47,
                              "ID": 48,
                              "left": 49
                            }
                          ],
                          "parent": 46,
                          "ID": 47,
                          "left": 48
                        }
                      ],
                      "parent": 3,
                      "ID": 46,
                      "left": 47
                    }
                  ],
                  "parent": 2,
                  "ID": 3,
                  "left": 4,
                  "right": 25
                }
              ],
              "parent": 1,
              "ID": 2,
              "left": 3
            }
          ],
          "parent": 0,
          "ID": 1,
          "left": 2
        }
      ],
      "parent": null,
      "ID": 0,
      "left": 1
    },
    "feat": {
      "utility": 2.1724435892007834e-06,
      "query_shape": [
        [
          "Seq Scan",
          "Hash Join",
          "Sort",
          "Aggregate",
          "Gather Merge",
          "Subquery Scan",
          "Append"
        ],
        [
          "Seq Scan",
          "Hash",
          "Hash Join",
          "Sort",
          "Aggregate",
          "Gather Merge",
          "Subquery Scan",
          "Append"
        ],
        [
          "Seq Scan",
          "Hash",
          "Hash Join",
          "Sort",
          "Aggregate",
          "Gather Merge",
          "Subquery Scan",
          "Append"
        ],
        [
          "Seq Scan",
          "Hash",
          "Hash Join",
          "Sort",
          "Aggregate",
          "Gather Merge",
          "Subquery Scan",
          "Append"
        ],
        [
          "Seq Scan",
          "Hash",
          "Hash Join",
          "Sort",
          "Aggregate",
          "Gather Merge",
          "Subquery Scan",
          "Append"
        ],
        [
          "Seq Scan",
          "Hash",
          "Hash Join",
          "Sort",
          "Aggregate",
          "Gather Merge",
          "Subquery Scan",
          "Append"
        ],
        [
          "Seq Scan",
          "Hash Join",
          "Sort",
          "Aggregate",
          "Gather Merge",
          "Subquery Scan",
          "Append"
        ],
        [
          "Seq Scan",
          "Hash",
          "Hash Join",
          "Sort",
          "Aggregate",
          "Gather Merge",
          "Subquery Scan",
          "Append"
        ],
        [
          "Seq Scan",
          "Hash",
          "Hash Join",
          "Sort",
          "Aggregate",
          "Gather Merge",
          "Subquery Scan",
          "Append"
        ],
        [
          "Seq Scan",
          "Hash",
          "Hash Join",
          "Sort",
          "Aggregate",
          "Gather Merge",
          "Subquery Scan",
          "Append"
        ],
        [
          "Seq Scan",
          "Hash",
          "Hash Join",
          "Sort",
          "Aggregate",
          "Gather Merge",
          "Subquery Scan",
          "Append"
        ],
        [
          "Seq Scan",
          "Hash",
          "Hash Join",
          "Sort",
          "Aggregate",
          "Gather Merge",
          "Subquery Scan",
          "Append"
        ],
        [
          "Seq Scan",
          "Hash Join",
          "Sort",
          "Aggregate",
          "Gather Merge",
          "Subquery Scan",
          "Append"
        ],
        [
          "Seq Scan",
          "Hash",
          "Hash Join",
          "Sort",
          "Aggregate",
          "Gather Merge",
          "Subquery Scan",
          "Append"
        ],
        [
          "Seq Scan",
          "Hash",
          "Hash Join",
          "Sort",
          "Aggregate",
          "Gather Merge",
          "Subquery Scan",
          "Append"
        ],
        [
          "Seq Scan",
          "Hash",
          "Hash Join",
          "Sort",
          "Aggregate",
          "Gather Merge",
          "Subquery Scan",
          "Append"
        ],
        [
          "Seq Scan",
          "Hash",
          "Hash Join",
          "Sort",
          "Aggregate",
          "Gather Merge",
          "Subquery Scan",
          "Append"
        ],
        [
          "Seq Scan",
          "Hash",
          "Hash Join",
          "Sort",
          "Aggregate",
          "Gather Merge",
          "Subquery Scan",
          "Append"
        ]
      ],
      "index_shape": [
        "join"
      ],
      "physical_operator": {
        "Hash Join": [
          0.004743290597085323
        ]
      }
    }
  },
  {
    "query": "with ssr as\n (select  s_store_id as store_id,\n          sum(ss_ext_sales_price) as sales,\n          sum(coalesce(sr_return_amt, 0)) as returns,\n          sum(ss_net_profit - coalesce(sr_net_loss, 0)) as profit\n  from store_sales left outer join store_returns on\n         (ss_item_sk = sr_item_sk and ss_ticket_number = sr_ticket_number),\n     date_dim,\n     store,\n     item,\n     promotion\n where ss_sold_date_sk = d_date_sk\n       and d_date between cast('2000-08-02' as date) \n                  and (cast('2000-08-02' as date) +  interval '30 days')\n       and ss_store_sk = s_store_sk\n       and ss_item_sk = i_item_sk\n       and i_current_price > 50\n       and ss_promo_sk = p_promo_sk\n       and p_channel_tv = 'N'\n group by s_store_id)\n ,\n csr as\n (select  cp_catalog_page_id as catalog_page_id,\n          sum(cs_ext_sales_price) as sales,\n          sum(coalesce(cr_return_amount, 0)) as returns,\n          sum(cs_net_profit - coalesce(cr_net_loss, 0)) as profit\n  from catalog_sales left outer join catalog_returns on\n         (cs_item_sk = cr_item_sk and cs_order_number = cr_order_number),\n     date_dim,\n     catalog_page,\n     item,\n     promotion\n where cs_sold_date_sk = d_date_sk\n       and d_date between cast('2000-08-02' as date)\n                  and (cast('2000-08-02' as date) +  interval '30 days')\n        and cs_catalog_page_sk = cp_catalog_page_sk\n       and cs_item_sk = i_item_sk\n       and i_current_price > 50\n       and cs_promo_sk = p_promo_sk\n       and p_channel_tv = 'N'\ngroup by cp_catalog_page_id)\n ,\n wsr as\n (select  web_site_id,\n          sum(ws_ext_sales_price) as sales,\n          sum(coalesce(wr_return_amt, 0)) as returns,\n          sum(ws_net_profit - coalesce(wr_net_loss, 0)) as profit\n  from web_sales left outer join web_returns on\n         (ws_item_sk = wr_item_sk and ws_order_number = wr_order_number),\n     date_dim,\n     web_site,\n     item,\n     promotion\n where ws_sold_date_sk = d_date_sk\n       and d_date between cast('2000-08-02' as date)\n                  and (cast('2000-08-02' as date) +  interval '30 days')\n        and ws_web_site_sk = web_site_sk\n       and ws_item_sk = i_item_sk\n       and i_current_price > 50\n       and ws_promo_sk = p_promo_sk\n       and p_channel_tv = 'N'\ngroup by web_site_id)\n  select  channel\n        , id\n        , sum(sales) as sales\n        , sum(returns) as returns\n        , sum(profit) as profit\n from \n (select 'store channel' as channel\n        , 'store' || store_id as id\n        , sales\n        , returns\n        , profit\n from   ssr\n union all\n select 'catalog channel' as channel\n        , 'catalog_page' || catalog_page_id as id\n        , sales\n        , returns\n        , profit\n from  csr\n union all\n select 'web channel' as channel\n        , 'web_site' || web_site_id as id\n        , sales\n        , returns\n        , profit\n from   wsr\n ) x\n group by rollup (channel, id)\n order by channel\n         ,id\n limit 100;\n\n-- end query 61 in stream 4 using template query80.tpl\n",
    "indexes": "store_sales.ss_item_sk",
    "wo plan est": {
      "Node Type": "Limit",
      "Parallel Aware": false,
      "Async Capable": false,
      "Startup Cost": 1566793.64,
      "Total Cost": 1566796.93,
      "Plan Rows": 100,
      "Plan Width": 160,
      "Plans": [
        {
          "Node Type": "Aggregate",
          "Strategy": "Sorted",
          "Partial Mode": "Simple",
          "Parent Relationship": "Outer",
          "Parallel Aware": false,
          "Async Capable": false,
          "Startup Cost": 1566793.64,
          "Total Cost": 1566806.84,
          "Plan Rows": 401,
          "Plan Width": 160,
          "Grouping Sets": [
            {
              "Group Keys": [
                [
                  "('store channel'::text)",
                  "(('store'::text || (ssr.store_id)::text))"
                ],
                [
                  "('store channel'::text)"
                ],
                []
              ]
            }
          ],
          "Plans": [
            {
              "Node Type": "Sort",
              "Parent Relationship": "Outer",
              "Parallel Aware": false,
              "Async Capable": false,
              "Startup Cost": 1566793.64,
              "Total Cost": 1566794.67,
              "Plan Rows": 412,
              "Plan Width": 160,
              "Sort Key": [
                "('store channel'::text)",
                "(('store'::text || (ssr.store_id)::text))"
              ],
              "Plans": [
                {
                  "Node Type": "Append",
                  "Parent Relationship": "Outer",
                  "Parallel Aware": false,
                  "Async Capable": false,
                  "Startup Cost": 784596.3,
                  "Total Cost": 1566775.74,
                  "Plan Rows": 412,
                  "Plan Width": 160,
                  "Subplans Removed": 0,
                  "Plans": [
                    {
                      "Node Type": "Subquery Scan",
                      "Parent Relationship": "Member",
                      "Parallel Aware": false,
                      "Async Capable": false,
                      "Alias": "ssr",
                      "Startup Cost": 784596.3,
                      "Total Cost": 784616.16,
                      "Plan Rows": 51,
                      "Plan Width": 160,
                      "Plans": [
                        {
                          "Node Type": "Aggregate",
                          "Strategy": "Sorted",
                          "Partial Mode": "Finalize",
                          "Parent Relationship": "Subquery",
                          "Parallel Aware": false,
                          "Async Capable": false,
                          "Startup Cost": 784596.3,
                          "Total Cost": 784615.39,
                          "Plan Rows": 51,
                          "Plan Width": 113,
                          "Group Key": [
                            "store.s_store_id"
                          ],
                          "Plans": [
                            {
                              "Node Type": "Gather Merge",
                              "Parent Relationship": "Outer",
                              "Parallel Aware": false,
                              "Async Capable": false,
                              "Startup Cost": 784596.3,
                              "Total Cost": 784612.71,
                              "Plan Rows": 102,
                              "Plan Width": 113,
                              "Workers Planned": 2,
                              "Plans": [
                                {
                                  "Node Type": "Aggregate",
                                  "Strategy": "Sorted",
                                  "Partial Mode": "Partial",
                                  "Parent Relationship": "Outer",
                                  "Parallel Aware": false,
                                  "Async Capable": false,
                                  "Startup Cost": 783596.27,
                                  "Total Cost": 783600.92,
                                  "Plan Rows": 51,
                                  "Plan Width": 113,
                                  "Group Key": [
                                    "store.s_store_id"
                                  ],
                                  "Plans": [
                                    {
                                      "Node Type": "Sort",
                                      "Parent Relationship": "Outer",
                                      "Parallel Aware": false,
                                      "Async Capable": false,
                                      "Startup Cost": 783596.27,
                                      "Total Cost": 783596.9,
                                      "Plan Rows": 250,
                                      "Plan Width": 41,
                                      "Sort Key": [
                                        "store.s_store_id"
                                      ],
                                      "Plans": [
                                        {
                                          "Node Type": "Hash Join",
                                          "Parent Relationship": "Outer",
                                          "Parallel Aware": false,
                                          "Async Capable": false,
                                          "Join Type": "Inner",
                                          "Startup Cost": 94489.35,
                                          "Total Cost": 783586.32,
                                          "Plan Rows": 250,
                                          "Plan Width": 41,
                                          "Inner Unique": false,
                                          "Hash Cond": "(store_sales.ss_store_sk = store.s_store_sk)",
                                          "Plans": [
                                            {
                                              "Node Type": "Hash Join",
                                              "Parent Relationship": "Outer",
                                              "Parallel Aware": false,
                                              "Async Capable": false,
                                              "Join Type": "Inner",
                                              "Startup Cost": 94482.05,
                                              "Total Cost": 783575.54,
                                              "Plan Rows": 262,
                                              "Plan Width": 28,
                                              "Inner Unique": false,
                                              "Hash Cond": "(store_sales.ss_promo_sk = promotion.p_promo_sk)",
                                              "Plans": [
                                                {
                                                  "Node Type": "Hash Join",
                                                  "Parent Relationship": "Outer",
                                                  "Parallel Aware": true,
                                                  "Async Capable": false,
                                                  "Join Type": "Inner",
                                                  "Startup Cost": 94456.65,
                                                  "Total Cost": 783546.47,
                                                  "Plan Rows": 279,
                                                  "Plan Width": 32,
                                                  "Inner Unique": false,
                                                  "Hash Cond": "(store_sales.ss_item_sk = item.i_item_sk)",
                                                  "Plans": [
                                                    {
                                                      "Node Type": "Hash Join",
                                                      "Parent Relationship": "Outer",
                                                      "Parallel Aware": true,
                                                      "Async Capable": false,
                                                      "Join Type": "Left",
                                                      "Startup Cost": 86930.88,
                                                      "Total Cost": 776001.31,
                                                      "Plan Rows": 4860,
                                                      "Plan Width": 36,
                                                      "Inner Unique": false,
                                                      "Hash Cond": "((store_sales.ss_item_sk = store_returns.sr_item_sk) AND (store_sales.ss_ticket_number = store_returns.sr_ticket_number))",
                                                      "Plans": [
                                                        {
                                                          "Node Type": "Hash Join",
                                                          "Parent Relationship": "Outer",
                                                          "Parallel Aware": true,
                                                          "Async Capable": false,
                                                          "Join Type": "Inner",
                                                          "Startup Cost": 2049.78,
                                                          "Total Cost": 683994.75,
                                                          "Plan Rows": 4860,
                                                          "Plan Width": 28,
                                                          "Inner Unique": false,
                                                          "Hash Cond": "(store_sales.ss_sold_date_sk = date_dim.d_date_sk)",
                                                          "Plans": [
                                                            {
                                                              "Node Type": "Seq Scan",
                                                              "Parent Relationship": "Outer",
                                                              "Parallel Aware": true,
                                                              "Async Capable": false,
                                                              "Relation Name": "store_sales",
                                                              "Alias": "store_sales",
                                                              "Startup Cost": 0.0,
                                                              "Total Cost": 636914.37,
                                                              "Plan Rows": 12000637,
                                                              "Plan Width": 32,
                                                              "parent": 13,
                                                              "ID": 14
                                                            },
                                                            {
                                                              "Node Type": "Hash",
                                                              "Parent Relationship": "Inner",
                                                              "Parallel Aware": true,
                                                              "Async Capable": false,
                                                              "Startup Cost": 2049.55,
                                                              "Total Cost": 2049.55,
                                                              "Plan Rows": 18,
                                                              "Plan Width": 4,
                                                              "Plans": [
                                                                {
                                                                  "Node Type": "Seq Scan",
                                                                  "Parent Relationship": "Outer",
                                                                  "Parallel Aware": true,
                                                                  "Async Capable": false,
                                                                  "Relation Name": "date_dim",
                                                                  "Alias": "date_dim",
                                                                  "Startup Cost": 0.0,
                                                                  "Total Cost": 2049.55,
                                                                  "Plan Rows": 18,
                                                                  "Plan Width": 4,
                                                                  "Filter": "((d_date >= '2000-08-02'::date) AND (d_date <= '2000-09-01 00:00:00'::timestamp without time zone))",
                                                                  "parent": 15,
                                                                  "ID": 16
                                                                }
                                                              ],
                                                              "parent": 13,
                                                              "ID": 15,
                                                              "left": 16
                                                            }
                                                          ],
                                                          "parent": 12,
                                                          "ID": 13,
                                                          "left": 14,
                                                          "right": 15
                                                        },
                                                        {
                                                          "Node Type": "Hash",
                                                          "Parent Relationship": "Inner",
                                                          "Parallel Aware": true,
                                                          "Async Capable": false,
                                                          "Startup Cost": 59887.64,
                                                          "Total Cost": 59887.64,
                                                          "Plan Rows": 1198164,
                                                          "Plan Width": 20,
                                                          "Plans": [
                                                            {
                                                              "Node Type": "Seq Scan",
                                                              "Parent Relationship": "Outer",
                                                              "Parallel Aware": true,
                                                              "Async Capable": false,
                                                              "Relation Name": "store_returns",
                                                              "Alias": "store_returns",
                                                              "Startup Cost": 0.0,
                                                              "Total Cost": 59887.64,
                                                              "Plan Rows": 1198164,
                                                              "Plan Width": 20,
                                                              "parent": 17,
                                                              "ID": 18
                                                            }
                                                          ],
                                                          "parent": 12,
                                                          "ID": 17,
                                                          "left": 18
                                                        }
                                                      ],
                                                      "parent": 11,
                                                      "ID": 12,
                                                      "left": 13,
                                                      "right": 17
                                                    },
                                                    {
                                                      "Node Type": "Hash",
                                                      "Parent Relationship": "Inner",
                                                      "Parallel Aware": true,
                                                      "Async Capable": false,
                                                      "Startup Cost": 7495.25,
                                                      "Total Cost": 7495.25,
                                                      "Plan Rows": 2442,
                                                      "Plan Width": 4,
                                                      "Plans": [
                                                        {
                                                          "Node Type": "Seq Scan",
                                                          "Parent Relationship": "Outer",
                                                          "Parallel Aware": true,
                                                          "Async Capable": false,
                                                          "Relation Name": "item",
                                                          "Alias": "item",
                                                          "Startup Cost": 0.0,
                                                          "Total Cost": 7495.25,
                                                          "Plan Rows": 2442,
                                                          "Plan Width": 4,
                                                          "Filter": "(i_current_price > '50'::numeric)",
                                                          "parent": 19,
                                                          "ID": 20
                                                        }
                                                      ],
                                                      "parent": 11,
                                                      "ID": 19,
                                                      "left": 20
                                                    }
                                                  ],
                                                  "parent": 10,
                                                  "ID": 11,
                                                  "left": 12,
                                                  "right": 19
                                                },
                                                {
                                                  "Node Type": "Hash",
                                                  "Parent Relationship": "Inner",
                                                  "Parallel Aware": false,
                                                  "Async Capable": false,
                                                  "Startup Cost": 19.25,
                                                  "Total Cost": 19.25,
                                                  "Plan Rows": 492,
                                                  "Plan Width": 4,
                                                  "Plans": [
                                                    {
                                                      "Node Type": "Seq Scan",
                                                      "Parent Relationship": "Outer",
                                                      "Parallel Aware": false,
                                                      "Async Capable": false,
                                                      "Relation Name": "promotion",
                                                      "Alias": "promotion",
                                                      "Startup Cost": 0.0,
                                                      "Total Cost": 19.25,
                                                      "Plan Rows": 492,
                                                      "Plan Width": 4,
                                                      "Filter": "(p_channel_tv = 'N'::bpchar)",
                                                      "parent": 21,
                                                      "ID": 22
                                                    }
                                                  ],
                                                  "parent": 10,
                                                  "ID": 21,
                                                  "left": 22
                                                }
                                              ],
                                              "parent": 9,
                                              "ID": 10,
                                              "left": 11,
                                              "right": 21
                                            },
                                            {
                                              "Node Type": "Hash",
                                              "Parent Relationship": "Inner",
                                              "Parallel Aware": false,
                                              "Async Capable": false,
                                              "Startup Cost": 6.02,
                                              "Total Cost": 6.02,
                                              "Plan Rows": 102,
                                              "Plan Width": 21,
                                              "Plans": [
                                                {
                                                  "Node Type": "Seq Scan",
                                                  "Parent Relationship": "Outer",
                                                  "Parallel Aware": false,
                                                  "Async Capable": false,
                                                  "Relation Name": "store",
                                                  "Alias": "store",
                                                  "Startup Cost": 0.0,
                                                  "Total Cost": 6.02,
                                                  "Plan Rows": 102,
                                                  "Plan Width": 21,
                                                  "parent": 23,
                                                  "ID": 24
                                                }
                                              ],
                                              "parent": 9,
                                              "ID": 23,
                                              "left": 24
                                            }
                                          ],
                                          "parent": 8,
                                          "ID": 9,
                                          "left": 10,
                                          "right": 23
                                        }
                                      ],
                                      "parent": 7,
                                      "ID": 8,
                                      "left": 9
                                    }
                                  ],
                                  "parent": 6,
                                  "ID": 7,
                                  "left": 8
                                }
                              ],
                              "parent": 5,
                              "ID": 6,
                              "left": 7
                            }
                          ],
                          "parent": 4,
                          "ID": 5,
                          "left": 6
                        }
                      ],
                      "parent": 3,
                      "ID": 4,
                      "left": 5
                    },
                    {
                      "Node Type": "Subquery Scan",
                      "Parent Relationship": "Member",
                      "Parallel Aware": false,
                      "Async Capable": false,
                      "Alias": "csr",
                      "Startup Cost": 518177.36,
                      "Total Cost": 518230.78,
                      "Plan Rows": 340,
                      "Plan Width": 160,
                      "Plans": [
                        {
                          "Node Type": "Aggregate",
                          "Strategy": "Sorted",
                          "Partial Mode": "Finalize",
                          "Parent Relationship": "Subquery",
                          "Parallel Aware": false,
                          "Async Capable": false,
                          "Startup Cost": 518177.36,
                          "Total Cost": 518225.68,
                          "Plan Rows": 340,
                          "Plan Width": 113,
                          "Group Key": [
                            "catalog_page.cp_catalog_page_id"
                          ],
                          "Plans": [
                            {
                              "Node Type": "Gather Merge",
                              "Parent Relationship": "Outer",
                              "Parallel Aware": false,
                              "Async Capable": false,
                              "Startup Cost": 518177.36,
                              "Total Cost": 518214.76,
                              "Plan Rows": 284,
                              "Plan Width": 113,
                              "Workers Planned": 2,
                              "Plans": [
                                {
                                  "Node Type": "Aggregate",
                                  "Strategy": "Sorted",
                                  "Partial Mode": "Partial",
                                  "Parent Relationship": "Outer",
                                  "Parallel Aware": false,
                                  "Async Capable": false,
                                  "Startup Cost": 517177.34,
                                  "Total Cost": 517181.95,
                                  "Plan Rows": 142,
                                  "Plan Width": 113,
                                  "Group Key": [
                                    "catalog_page.cp_catalog_page_id"
                                  ],
                                  "Plans": [
                                    {
                                      "Node Type": "Sort",
                                      "Parent Relationship": "Outer",
                                      "Parallel Aware": false,
                                      "Async Capable": false,
                                      "Startup Cost": 517177.34,
                                      "Total Cost": 517177.69,
                                      "Plan Rows": 142,
                                      "Plan Width": 41,
                                      "Sort Key": [
                                        "catalog_page.cp_catalog_page_id"
                                      ],
                                      "Plans": [
                                        {
                                          "Node Type": "Hash Join",
                                          "Parent Relationship": "Outer",
                                          "Parallel Aware": false,
                                          "Async Capable": false,
                                          "Join Type": "Inner",
                                          "Startup Cost": 57382.33,
                                          "Total Cost": 517172.26,
                                          "Plan Rows": 142,
                                          "Plan Width": 41,
                                          "Inner Unique": false,
                                          "Hash Cond": "(catalog_sales.cs_catalog_page_sk = catalog_page.cp_catalog_page_sk)",
                                          "Plans": [
                                            {
                                              "Node Type": "Hash Join",
                                              "Parent Relationship": "Outer",
                                              "Parallel Aware": false,
                                              "Async Capable": false,
                                              "Join Type": "Inner",
                                              "Startup Cost": 56864.33,
                                              "Total Cost": 516652.32,
                                              "Plan Rows": 142,
                                              "Plan Width": 28,
                                              "Inner Unique": false,
                                              "Hash Cond": "(catalog_sales.cs_promo_sk = promotion_1.p_promo_sk)",
                                              "Plans": [
                                                {
                                                  "Node Type": "Hash Join",
                                                  "Parent Relationship": "Outer",
                                                  "Parallel Aware": true,
                                                  "Async Capable": false,
                                                  "Join Type": "Inner",
                                                  "Startup Cost": 56838.93,
                                                  "Total Cost": 516624.96,
                                                  "Plan Rows": 145,
                                                  "Plan Width": 32,
                                                  "Inner Unique": false,
                                                  "Hash Cond": "(catalog_sales.cs_item_sk = item_1.i_item_sk)",
                                                  "Plans": [
                                                    {
                                                      "Node Type": "Hash Join",
                                                      "Parent Relationship": "Outer",
                                                      "Parallel Aware": true,
                                                      "Async Capable": false,
                                                      "Join Type": "Left",
                                                      "Startup Cost": 49313.15,
                                                      "Total Cost": 509089.08,
                                                      "Plan Rows": 2532,
                                                      "Plan Width": 36,
                                                      "Inner Unique": false,
                                                      "Hash Cond": "((catalog_sales.cs_item_sk = catalog_returns.cr_item_sk) AND (catalog_sales.cs_order_number = catalog_returns.cr_order_number))",
                                                      "Plans": [
                                                        {
                                                          "Node Type": "Hash Join",
                                                          "Parent Relationship": "Outer",
                                                          "Parallel Aware": true,
                                                          "Async Capable": false,
                                                          "Join Type": "Inner",
                                                          "Startup Cost": 2049.78,
                                                          "Total Cost": 458254.7,
                                                          "Plan Rows": 2532,
                                                          "Plan Width": 28,
                                                          "Inner Unique": false,
                                                          "Hash Cond": "(catalog_sales.cs_sold_date_sk = date_dim_1.d_date_sk)",
                                                          "Plans": [
                                                            {
                                                              "Node Type": "Seq Scan",
                                                              "Parent Relationship": "Outer",
                                                              "Parallel Aware": true,
                                                              "Async Capable": false,
                                                              "Relation Name": "catalog_sales",
                                                              "Alias": "catalog_sales",
                                                              "Startup Cost": 0.0,
                                                              "Total Cost": 433688.25,
                                                              "Plan Rows": 6000525,
                                                              "Plan Width": 32,
                                                              "parent": 34,
                                                              "ID": 35
                                                            },
                                                            {
                                                              "Node Type": "Hash",
                                                              "Parent Relationship": "Inner",
                                                              "Parallel Aware": true,
                                                              "Async Capable": false,
                                                              "Startup Cost": 2049.55,
                                                              "Total Cost": 2049.55,
                                                              "Plan Rows": 18,
                                                              "Plan Width": 4,
                                                              "Plans": [
                                                                {
                                                                  "Node Type": "Seq Scan",
                                                                  "Parent Relationship": "Outer",
                                                                  "Parallel Aware": true,
                                                                  "Async Capable": false,
                                                                  "Relation Name": "date_dim",
                                                                  "Alias": "date_dim_1",
                                                                  "Startup Cost": 0.0,
                                                                  "Total Cost": 2049.55,
                                                                  "Plan Rows": 18,
                                                                  "Plan Width": 4,
                                                                  "Filter": "((d_date >= '2000-08-02'::date) AND (d_date <= '2000-09-01 00:00:00'::timestamp without time zone))",
                                                                  "parent": 36,
                                                                  "ID": 37
                                                                }
                                                              ],
                                                              "parent": 34,
                                                              "ID": 36,
                                                              "left": 37
                                                            }
                                                          ],
                                                          "parent": 33,
                                                          "ID": 34,
                                                          "left": 35,
                                                          "right": 36
                                                        },
                                                        {
                                                          "Node Type": "Hash",
                                                          "Parent Relationship": "Inner",
                                                          "Parallel Aware": true,
                                                          "Async Capable": false,
                                                          "Startup Cost": 34748.95,
                                                          "Total Cost": 34748.95,
                                                          "Plan Rows": 599895,
                                                          "Plan Width": 20,
                                                          "Plans": [
                                                            {
                                                              "Node Type": "Seq Scan",
                                                              "Parent Relationship": "Outer",
                                                              "Parallel Aware": true,
                                                              "Async Capable": false,
                                                              "Relation Name": "catalog_returns",
                                                              "Alias": "catalog_returns",
                                                              "Startup Cost": 0.0,
                                                              "Total Cost": 34748.95,
                                                              "Plan Rows": 599895,
                                                              "Plan Width": 20,
                                                              "parent": 38,
                                                              "ID": 39
                                                            }
                                                          ],
                                                          "parent": 33,
                                                          "ID": 38,
                                                          "left": 39
                                                        }
                                                      ],
                                                      "parent": 32,
                                                      "ID": 33,
                                                      "left": 34,
                                                      "right": 38
                                                    },
                                                    {
                                                      "Node Type": "Hash",
                                                      "Parent Relationship": "Inner",
                                                      "Parallel Aware": true,
                                                      "Async Capable": false,
                                                      "Startup Cost": 7495.25,
                                                      "Total Cost": 7495.25,
                                                      "Plan Rows": 2442,
                                                      "Plan Width": 4,
                                                      "Plans": [
                                                        {
                                                          "Node Type": "Seq Scan",
                                                          "Parent Relationship": "Outer",
                                                          "Parallel Aware": true,
                                                          "Async Capable": false,
                                                          "Relation Name": "item",
                                                          "Alias": "item_1",
                                                          "Startup Cost": 0.0,
                                                          "Total Cost": 7495.25,
                                                          "Plan Rows": 2442,
                                                          "Plan Width": 4,
                                                          "Filter": "(i_current_price > '50'::numeric)",
                                                          "parent": 40,
                                                          "ID": 41
                                                        }
                                                      ],
                                                      "parent": 32,
                                                      "ID": 40,
                                                      "left": 41
                                                    }
                                                  ],
                                                  "parent": 31,
                                                  "ID": 32,
                                                  "left": 33,
                                                  "right": 40
                                                },
                                                {
                                                  "Node Type": "Hash",
                                                  "Parent Relationship": "Inner",
                                                  "Parallel Aware": false,
                                                  "Async Capable": false,
                                                  "Startup Cost": 19.25,
                                                  "Total Cost": 19.25,
                                                  "Plan Rows": 492,
                                                  "Plan Width": 4,
                                                  "Plans": [
                                                    {
                                                      "Node Type": "Seq Scan",
                                                      "Parent Relationship": "Outer",
                                                      "Parallel Aware": false,
                                                      "Async Capable": false,
                                                      "Relation Name": "promotion",
                                                      "Alias": "promotion_1",
                                                      "Startup Cost": 0.0,
                                                      "Total Cost": 19.25,
                                                      "Plan Rows": 492,
                                                      "Plan Width": 4,
                                                      "Filter": "(p_channel_tv = 'N'::bpchar)",
                                                      "parent": 42,
                                                      "ID": 43
                                                    }
                                                  ],
                                                  "parent": 31,
                                                  "ID": 42,
                                                  "left": 43
                                                }
                                              ],
                                              "parent": 30,
                                              "ID": 31,
                                              "left": 32,
                                              "right": 42
                                            },
                                            {
                                              "Node Type": "Hash",
                                              "Parent Relationship": "Inner",
                                              "Parallel Aware": false,
                                              "Async Capable": false,
                                              "Startup Cost": 368.0,
                                              "Total Cost": 368.0,
                                              "Plan Rows": 12000,
                                              "Plan Width": 21,
                                              "Plans": [
                                                {
                                                  "Node Type": "Seq Scan",
                                                  "Parent Relationship": "Outer",
                                                  "Parallel Aware": false,
                                                  "Async Capable": false,
                                                  "Relation Name": "catalog_page",
                                                  "Alias": "catalog_page",
                                                  "Startup Cost": 0.0,
                                                  "Total Cost": 368.0,
                                                  "Plan Rows": 12000,
                                                  "Plan Width": 21,
                                                  "parent": 44,
                                                  "ID": 45
                                                }
                                              ],
                                              "parent": 30,
                                              "ID": 44,
                                              "left": 45
                                            }
                                          ],
                                          "parent": 29,
                                          "ID": 30,
                                          "left": 31,
                                          "right": 44
                                        }
                                      ],
                                      "parent": 28,
                                      "ID": 29,
                                      "left": 30
                                    }
                                  ],
                                  "parent": 27,
                                  "ID": 28,
                                  "left": 29
                                }
                              ],
                              "parent": 26,
                              "ID": 27,
                              "left": 28
                            }
                          ],
                          "parent": 25,
                          "ID": 26,
                          "left": 27
                        }
                      ],
                      "parent": 3,
                      "ID": 25,
                      "left": 26
                    },
                    {
                      "Node Type": "Subquery Scan",
                      "Parent Relationship": "Member",
                      "Parallel Aware": false,
                      "Async Capable": false,
                      "Alias": "wsr",
                      "Startup Cost": 263919.04,
                      "Total Cost": 263926.75,
                      "Plan Rows": 21,
                      "Plan Width": 160,
                      "Plans": [
                        {
                          "Node Type": "Aggregate",
                          "Strategy": "Sorted",
                          "Partial Mode": "Finalize",
                          "Parent Relationship": "Subquery",
                          "Parallel Aware": false,
                          "Async Capable": false,
                          "Startup Cost": 263919.04,
                          "Total Cost": 263926.43,
                          "Plan Rows": 21,
                          "Plan Width": 113,
                          "Group Key": [
                            "web_site.web_site_id"
                          ],
                          "Plans": [
                            {
                              "Node Type": "Gather Merge",
                              "Parent Relationship": "Outer",
                              "Parallel Aware": false,
                              "Async Capable": false,
                              "Startup Cost": 263919.04,
                              "Total Cost": 263925.33,
                              "Plan Rows": 42,
                              "Plan Width": 113,
                              "Workers Planned": 2,
                              "Plans": [
                                {
                                  "Node Type": "Aggregate",
                                  "Strategy": "Sorted",
                                  "Partial Mode": "Partial",
                                  "Parent Relationship": "Outer",
                                  "Parallel Aware": false,
                                  "Async Capable": false,
                                  "Startup Cost": 262919.01,
                                  "Total Cost": 262920.46,
                                  "Plan Rows": 21,
                                  "Plan Width": 113,
                                  "Group Key": [
                                    "web_site.web_site_id"
                                  ],
                                  "Plans": [
                                    {
                                      "Node Type": "Sort",
                                      "Parent Relationship": "Outer",
                                      "Parallel Aware": false,
                                      "Async Capable": false,
                                      "Startup Cost": 262919.01,
                                      "Total Cost": 262919.19,
                                      "Plan Rows": 72,
                                      "Plan Width": 41,
                                      "Sort Key": [
                                        "web_site.web_site_id"
                                      ],
                                      "Plans": [
                                        {
                                          "Node Type": "Hash Join",
                                          "Parent Relationship": "Outer",
                                          "Parallel Aware": false,
                                          "Async Capable": false,
                                          "Join Type": "Inner",
                                          "Startup Cost": 32134.74,
                                          "Total Cost": 262916.79,
                                          "Plan Rows": 72,
                                          "Plan Width": 41,
                                          "Inner Unique": false,
                                          "Hash Cond": "(web_sales.ws_web_site_sk = web_site.web_site_sk)",
                                          "Plans": [
                                            {
                                              "Node Type": "Hash Join",
                                              "Parent Relationship": "Outer",
                                              "Parallel Aware": false,
                                              "Async Capable": false,
                                              "Join Type": "Inner",
                                              "Startup Cost": 32130.8,
                                              "Total Cost": 262911.86,
                                              "Plan Rows": 72,
                                              "Plan Width": 28,
                                              "Inner Unique": false,
                                              "Hash Cond": "(web_sales.ws_promo_sk = promotion_2.p_promo_sk)",
                                              "Plans": [
                                                {
                                                  "Node Type": "Hash Join",
                                                  "Parent Relationship": "Outer",
                                                  "Parallel Aware": true,
                                                  "Async Capable": false,
                                                  "Join Type": "Inner",
                                                  "Startup Cost": 32105.4,
                                                  "Total Cost": 262885.46,
                                                  "Plan Rows": 73,
                                                  "Plan Width": 32,
                                                  "Inner Unique": false,
                                                  "Hash Cond": "(web_sales.ws_item_sk = item_2.i_item_sk)",
                                                  "Plans": [
                                                    {
                                                      "Node Type": "Hash Join",
                                                      "Parent Relationship": "Outer",
                                                      "Parallel Aware": true,
                                                      "Async Capable": false,
                                                      "Join Type": "Left",
                                                      "Startup Cost": 24579.62,
                                                      "Total Cost": 255354.62,
                                                      "Plan Rows": 1272,
                                                      "Plan Width": 36,
                                                      "Inner Unique": false,
                                                      "Hash Cond": "((web_sales.ws_item_sk = web_returns.wr_item_sk) AND (web_sales.ws_order_number = web_returns.wr_order_number))",
                                                      "Plans": [
                                                        {
                                                          "Node Type": "Hash Join",
                                                          "Parent Relationship": "Outer",
                                                          "Parallel Aware": true,
                                                          "Async Capable": false,
                                                          "Join Type": "Inner",
                                                          "Startup Cost": 2049.78,
                                                          "Total Cost": 231041.22,
                                                          "Plan Rows": 1272,
                                                          "Plan Width": 28,
                                                          "Inner Unique": false,
                                                          "Hash Cond": "(web_sales.ws_sold_date_sk = date_dim_2.d_date_sk)",
                                                          "Plans": [
                                                            {
                                                              "Node Type": "Seq Scan",
                                                              "Parent Relationship": "Outer",
                                                              "Parallel Aware": true,
                                                              "Async Capable": false,
                                                              "Relation Name": "web_sales",
                                                              "Alias": "web_sales",
                                                              "Startup Cost": 0.0,
                                                              "Total Cost": 217737.86,
                                                              "Plan Rows": 2998986,
                                                              "Plan Width": 32,
                                                              "parent": 55,
                                                              "ID": 56
                                                            },
                                                            {
                                                              "Node Type": "Hash",
                                                              "Parent Relationship": "Inner",
                                                              "Parallel Aware": true,
                                                              "Async Capable": false,
                                                              "Startup Cost": 2049.55,
                                                              "Total Cost": 2049.55,
                                                              "Plan Rows": 18,
                                                              "Plan Width": 4,
                                                              "Plans": [
                                                                {
                                                                  "Node Type": "Seq Scan",
                                                                  "Parent Relationship": "Outer",
                                                                  "Parallel Aware": true,
                                                                  "Async Capable": false,
                                                                  "Relation Name": "date_dim",
                                                                  "Alias": "date_dim_2",
                                                                  "Startup Cost": 0.0,
                                                                  "Total Cost": 2049.55,
                                                                  "Plan Rows": 18,
                                                                  "Plan Width": 4,
                                                                  "Filter": "((d_date >= '2000-08-02'::date) AND (d_date <= '2000-09-01 00:00:00'::timestamp without time zone))",
                                                                  "parent": 57,
                                                                  "ID": 58
                                                                }
                                                              ],
                                                              "parent": 55,
                                                              "ID": 57,
                                                              "left": 58
                                                            }
                                                          ],
                                                          "parent": 54,
                                                          "ID": 55,
                                                          "left": 56,
                                                          "right": 57
                                                        },
                                                        {
                                                          "Node Type": "Hash",
                                                          "Parent Relationship": "Inner",
                                                          "Parallel Aware": true,
                                                          "Async Capable": false,
                                                          "Startup Cost": 16278.74,
                                                          "Total Cost": 16278.74,
                                                          "Plan Rows": 299674,
                                                          "Plan Width": 20,
                                                          "Plans": [
                                                            {
                                                              "Node Type": "Seq Scan",
                                                              "Parent Relationship": "Outer",
                                                              "Parallel Aware": true,
                                                              "Async Capable": false,
                                                              "Relation Name": "web_returns",
                                                              "Alias": "web_returns",
                                                              "Startup Cost": 0.0,
                                                              "Total Cost": 16278.74,
                                                              "Plan Rows": 299674,
                                                              "Plan Width": 20,
                                                              "parent": 59,
                                                              "ID": 60
                                                            }
                                                          ],
                                                          "parent": 54,
                                                          "ID": 59,
                                                          "left": 60
                                                        }
                                                      ],
                                                      "parent": 53,
                                                      "ID": 54,
                                                      "left": 55,
                                                      "right": 59
                                                    },
                                                    {
                                                      "Node Type": "Hash",
                                                      "Parent Relationship": "Inner",
                                                      "Parallel Aware": true,
                                                      "Async Capable": false,
                                                      "Startup Cost": 7495.25,
                                                      "Total Cost": 7495.25,
                                                      "Plan Rows": 2442,
                                                      "Plan Width": 4,
                                                      "Plans": [
                                                        {
                                                          "Node Type": "Seq Scan",
                                                          "Parent Relationship": "Outer",
                                                          "Parallel Aware": true,
                                                          "Async Capable": false,
                                                          "Relation Name": "item",
                                                          "Alias": "item_2",
                                                          "Startup Cost": 0.0,
                                                          "Total Cost": 7495.25,
                                                          "Plan Rows": 2442,
                                                          "Plan Width": 4,
                                                          "Filter": "(i_current_price > '50'::numeric)",
                                                          "parent": 61,
                                                          "ID": 62
                                                        }
                                                      ],
                                                      "parent": 53,
                                                      "ID": 61,
                                                      "left": 62
                                                    }
                                                  ],
                                                  "parent": 52,
                                                  "ID": 53,
                                                  "left": 54,
                                                  "right": 61
                                                },
                                                {
                                                  "Node Type": "Hash",
                                                  "Parent Relationship": "Inner",
                                                  "Parallel Aware": false,
                                                  "Async Capable": false,
                                                  "Startup Cost": 19.25,
                                                  "Total Cost": 19.25,
                                                  "Plan Rows": 492,
                                                  "Plan Width": 4,
                                                  "Plans": [
                                                    {
                                                      "Node Type": "Seq Scan",
                                                      "Parent Relationship": "Outer",
                                                      "Parallel Aware": false,
                                                      "Async Capable": false,
                                                      "Relation Name": "promotion",
                                                      "Alias": "promotion_2",
                                                      "Startup Cost": 0.0,
                                                      "Total Cost": 19.25,
                                                      "Plan Rows": 492,
                                                      "Plan Width": 4,
                                                      "Filter": "(p_channel_tv = 'N'::bpchar)",
                                                      "parent": 63,
                                                      "ID": 64
                                                    }
                                                  ],
                                                  "parent": 52,
                                                  "ID": 63,
                                                  "left": 64
                                                }
                                              ],
                                              "parent": 51,
                                              "ID": 52,
                                              "left": 53,
                                              "right": 63
                                            },
                                            {
                                              "Node Type": "Hash",
                                              "Parent Relationship": "Inner",
                                              "Parallel Aware": false,
                                              "Async Capable": false,
                                              "Startup Cost": 3.42,
                                              "Total Cost": 3.42,
                                              "Plan Rows": 42,
                                              "Plan Width": 21,
                                              "Plans": [
                                                {
                                                  "Node Type": "Seq Scan",
                                                  "Parent Relationship": "Outer",
                                                  "Parallel Aware": false,
                                                  "Async Capable": false,
                                                  "Relation Name": "web_site",
                                                  "Alias": "web_site",
                                                  "Startup Cost": 0.0,
                                                  "Total Cost": 3.42,
                                                  "Plan Rows": 42,
                                                  "Plan Width": 21,
                                                  "parent": 65,
                                                  "ID": 66
                                                }
                                              ],
                                              "parent": 51,
                                              "ID": 65,
                                              "left": 66
                                            }
                                          ],
                                          "parent": 50,
                                          "ID": 51,
                                          "left": 52,
                                          "right": 65
                                        }
                                      ],
                                      "parent": 49,
                                      "ID": 50,
                                      "left": 51
                                    }
                                  ],
                                  "parent": 48,
                                  "ID": 49,
                                  "left": 50
                                }
                              ],
                              "parent": 47,
                              "ID": 48,
                              "left": 49
                            }
                          ],
                          "parent": 46,
                          "ID": 47,
                          "left": 48
                        }
                      ],
                      "parent": 3,
                      "ID": 46,
                      "left": 47
                    }
                  ],
                  "parent": 2,
                  "ID": 3,
                  "left": 4,
                  "right": 25
                }
              ],
              "parent": 1,
              "ID": 2,
              "left": 3
            }
          ],
          "parent": 0,
          "ID": 1,
          "left": 2
        }
      ],
      "parent": null,
      "ID": 0,
      "left": 1
    },
    "feat": {
      "utility": 4.3530169398790646e-06,
      "query_shape": [
        [
          "Seq Scan",
          "Hash Join",
          "Sort",
          "Aggregate",
          "Gather Merge",
          "Subquery Scan",
          "Append"
        ],
        [
          "Seq Scan",
          "Hash",
          "Hash Join",
          "Sort",
          "Aggregate",
          "Gather Merge",
          "Subquery Scan",
          "Append"
        ],
        [
          "Seq Scan",
          "Hash",
          "Hash Join",
          "Sort",
          "Aggregate",
          "Gather Merge",
          "Subquery Scan",
          "Append"
        ],
        [
          "Seq Scan",
          "Hash",
          "Hash Join",
          "Sort",
          "Aggregate",
          "Gather Merge",
          "Subquery Scan",
          "Append"
        ],
        [
          "Seq Scan",
          "Hash",
          "Hash Join",
          "Sort",
          "Aggregate",
          "Gather Merge",
          "Subquery Scan",
          "Append"
        ],
        [
          "Seq Scan",
          "Hash",
          "Hash Join",
          "Sort",
          "Aggregate",
          "Gather Merge",
          "Subquery Scan",
          "Append"
        ],
        [
          "Seq Scan",
          "Hash Join",
          "Sort",
          "Aggregate",
          "Gather Merge",
          "Subquery Scan",
          "Append"
        ],
        [
          "Seq Scan",
          "Hash",
          "Hash Join",
          "Sort",
          "Aggregate",
          "Gather Merge",
          "Subquery Scan",
          "Append"
        ],
        [
          "Seq Scan",
          "Hash",
          "Hash Join",
          "Sort",
          "Aggregate",
          "Gather Merge",
          "Subquery Scan",
          "Append"
        ],
        [
          "Seq Scan",
          "Hash",
          "Hash Join",
          "Sort",
          "Aggregate",
          "Gather Merge",
          "Subquery Scan",
          "Append"
        ],
        [
          "Seq Scan",
          "Hash",
          "Hash Join",
          "Sort",
          "Aggregate",
          "Gather Merge",
          "Subquery Scan",
          "Append"
        ],
        [
          "Seq Scan",
          "Hash",
          "Hash Join",
          "Sort",
          "Aggregate",
          "Gather Merge",
          "Subquery Scan",
          "Append"
        ],
        [
          "Seq Scan",
          "Hash Join",
          "Sort",
          "Aggregate",
          "Gather Merge",
          "Subquery Scan",
          "Append"
        ],
        [
          "Seq Scan",
          "Hash",
          "Hash Join",
          "Sort",
          "Aggregate",
          "Gather Merge",
          "Subquery Scan",
          "Append"
        ],
        [
          "Seq Scan",
          "Hash",
          "Hash Join",
          "Sort",
          "Aggregate",
          "Gather Merge",
          "Subquery Scan",
          "Append"
        ],
        [
          "Seq Scan",
          "Hash",
          "Hash Join",
          "Sort",
          "Aggregate",
          "Gather Merge",
          "Subquery Scan",
          "Append"
        ],
        [
          "Seq Scan",
          "Hash",
          "Hash Join",
          "Sort",
          "Aggregate",
          "Gather Merge",
          "Subquery Scan",
          "Append"
        ],
        [
          "Seq Scan",
          "Hash",
          "Hash Join",
          "Sort",
          "Aggregate",
          "Gather Merge",
          "Subquery Scan",
          "Append"
        ]
      ],
      "index_shape": [
        "join"
      ],
      "physical_operator": {
        "Hash Join": [
          0.004848541723208141,
          0.0009135700778115242
        ]
      }
    }
  },
  {
    "query": "with ssr as\n (select  s_store_id as store_id,\n          sum(ss_ext_sales_price) as sales,\n          sum(coalesce(sr_return_amt, 0)) as returns,\n          sum(ss_net_profit - coalesce(sr_net_loss, 0)) as profit\n  from store_sales left outer join store_returns on\n         (ss_item_sk = sr_item_sk and ss_ticket_number = sr_ticket_number),\n     date_dim,\n     store,\n     item,\n     promotion\n where ss_sold_date_sk = d_date_sk\n       and d_date between cast('2000-08-02' as date) \n                  and (cast('2000-08-02' as date) +  interval '30 days')\n       and ss_store_sk = s_store_sk\n       and ss_item_sk = i_item_sk\n       and i_current_price > 50\n       and ss_promo_sk = p_promo_sk\n       and p_channel_tv = 'N'\n group by s_store_id)\n ,\n csr as\n (select  cp_catalog_page_id as catalog_page_id,\n          sum(cs_ext_sales_price) as sales,\n          sum(coalesce(cr_return_amount, 0)) as returns,\n          sum(cs_net_profit - coalesce(cr_net_loss, 0)) as profit\n  from catalog_sales left outer join catalog_returns on\n         (cs_item_sk = cr_item_sk and cs_order_number = cr_order_number),\n     date_dim,\n     catalog_page,\n     item,\n     promotion\n where cs_sold_date_sk = d_date_sk\n       and d_date between cast('2000-08-02' as date)\n                  and (cast('2000-08-02' as date) +  interval '30 days')\n        and cs_catalog_page_sk = cp_catalog_page_sk\n       and cs_item_sk = i_item_sk\n       and i_current_price > 50\n       and cs_promo_sk = p_promo_sk\n       and p_channel_tv = 'N'\ngroup by cp_catalog_page_id)\n ,\n wsr as\n (select  web_site_id,\n          sum(ws_ext_sales_price) as sales,\n          sum(coalesce(wr_return_amt, 0)) as returns,\n          sum(ws_net_profit - coalesce(wr_net_loss, 0)) as profit\n  from web_sales left outer join web_returns on\n         (ws_item_sk = wr_item_sk and ws_order_number = wr_order_number),\n     date_dim,\n     web_site,\n     item,\n     promotion\n where ws_sold_date_sk = d_date_sk\n       and d_date between cast('2000-08-02' as date)\n                  and (cast('2000-08-02' as date) +  interval '30 days')\n        and ws_web_site_sk = web_site_sk\n       and ws_item_sk = i_item_sk\n       and i_current_price > 50\n       and ws_promo_sk = p_promo_sk\n       and p_channel_tv = 'N'\ngroup by web_site_id)\n  select  channel\n        , id\n        , sum(sales) as sales\n        , sum(returns) as returns\n        , sum(profit) as profit\n from \n (select 'store channel' as channel\n        , 'store' || store_id as id\n        , sales\n        , returns\n        , profit\n from   ssr\n union all\n select 'catalog channel' as channel\n        , 'catalog_page' || catalog_page_id as id\n        , sales\n        , returns\n        , profit\n from  csr\n union all\n select 'web channel' as channel\n        , 'web_site' || web_site_id as id\n        , sales\n        , returns\n        , profit\n from   wsr\n ) x\n group by rollup (channel, id)\n order by channel\n         ,id\n limit 100;\n\n-- end query 61 in stream 4 using template query80.tpl\n",
    "indexes": "store_sales.ss_store_sk",
    "wo plan est": {
      "Node Type": "Limit",
      "Parallel Aware": false,
      "Async Capable": false,
      "Startup Cost": 1566793.64,
      "Total Cost": 1566796.93,
      "Plan Rows": 100,
      "Plan Width": 160,
      "Plans": [
        {
          "Node Type": "Aggregate",
          "Strategy": "Sorted",
          "Partial Mode": "Simple",
          "Parent Relationship": "Outer",
          "Parallel Aware": false,
          "Async Capable": false,
          "Startup Cost": 1566793.64,
          "Total Cost": 1566806.84,
          "Plan Rows": 401,
          "Plan Width": 160,
          "Grouping Sets": [
            {
              "Group Keys": [
                [
                  "('store channel'::text)",
                  "(('store'::text || (ssr.store_id)::text))"
                ],
                [
                  "('store channel'::text)"
                ],
                []
              ]
            }
          ],
          "Plans": [
            {
              "Node Type": "Sort",
              "Parent Relationship": "Outer",
              "Parallel Aware": false,
              "Async Capable": false,
              "Startup Cost": 1566793.64,
              "Total Cost": 1566794.67,
              "Plan Rows": 412,
              "Plan Width": 160,
              "Sort Key": [
                "('store channel'::text)",
                "(('store'::text || (ssr.store_id)::text))"
              ],
              "Plans": [
                {
                  "Node Type": "Append",
                  "Parent Relationship": "Outer",
                  "Parallel Aware": false,
                  "Async Capable": false,
                  "Startup Cost": 784596.3,
                  "Total Cost": 1566775.74,
                  "Plan Rows": 412,
                  "Plan Width": 160,
                  "Subplans Removed": 0,
                  "Plans": [
                    {
                      "Node Type": "Subquery Scan",
                      "Parent Relationship": "Member",
                      "Parallel Aware": false,
                      "Async Capable": false,
                      "Alias": "ssr",
                      "Startup Cost": 784596.3,
                      "Total Cost": 784616.16,
                      "Plan Rows": 51,
                      "Plan Width": 160,
                      "Plans": [
                        {
                          "Node Type": "Aggregate",
                          "Strategy": "Sorted",
                          "Partial Mode": "Finalize",
                          "Parent Relationship": "Subquery",
                          "Parallel Aware": false,
                          "Async Capable": false,
                          "Startup Cost": 784596.3,
                          "Total Cost": 784615.39,
                          "Plan Rows": 51,
                          "Plan Width": 113,
                          "Group Key": [
                            "store.s_store_id"
                          ],
                          "Plans": [
                            {
                              "Node Type": "Gather Merge",
                              "Parent Relationship": "Outer",
                              "Parallel Aware": false,
                              "Async Capable": false,
                              "Startup Cost": 784596.3,
                              "Total Cost": 784612.71,
                              "Plan Rows": 102,
                              "Plan Width": 113,
                              "Workers Planned": 2,
                              "Plans": [
                                {
                                  "Node Type": "Aggregate",
                                  "Strategy": "Sorted",
                                  "Partial Mode": "Partial",
                                  "Parent Relationship": "Outer",
                                  "Parallel Aware": false,
                                  "Async Capable": false,
                                  "Startup Cost": 783596.27,
                                  "Total Cost": 783600.92,
                                  "Plan Rows": 51,
                                  "Plan Width": 113,
                                  "Group Key": [
                                    "store.s_store_id"
                                  ],
                                  "Plans": [
                                    {
                                      "Node Type": "Sort",
                                      "Parent Relationship": "Outer",
                                      "Parallel Aware": false,
                                      "Async Capable": false,
                                      "Startup Cost": 783596.27,
                                      "Total Cost": 783596.9,
                                      "Plan Rows": 250,
                                      "Plan Width": 41,
                                      "Sort Key": [
                                        "store.s_store_id"
                                      ],
                                      "Plans": [
                                        {
                                          "Node Type": "Hash Join",
                                          "Parent Relationship": "Outer",
                                          "Parallel Aware": false,
                                          "Async Capable": false,
                                          "Join Type": "Inner",
                                          "Startup Cost": 94489.35,
                                          "Total Cost": 783586.32,
                                          "Plan Rows": 250,
                                          "Plan Width": 41,
                                          "Inner Unique": false,
                                          "Hash Cond": "(store_sales.ss_store_sk = store.s_store_sk)",
                                          "Plans": [
                                            {
                                              "Node Type": "Hash Join",
                                              "Parent Relationship": "Outer",
                                              "Parallel Aware": false,
                                              "Async Capable": false,
                                              "Join Type": "Inner",
                                              "Startup Cost": 94482.05,
                                              "Total Cost": 783575.54,
                                              "Plan Rows": 262,
                                              "Plan Width": 28,
                                              "Inner Unique": false,
                                              "Hash Cond": "(store_sales.ss_promo_sk = promotion.p_promo_sk)",
                                              "Plans": [
                                                {
                                                  "Node Type": "Hash Join",
                                                  "Parent Relationship": "Outer",
                                                  "Parallel Aware": true,
                                                  "Async Capable": false,
                                                  "Join Type": "Inner",
                                                  "Startup Cost": 94456.65,
                                                  "Total Cost": 783546.47,
                                                  "Plan Rows": 279,
                                                  "Plan Width": 32,
                                                  "Inner Unique": false,
                                                  "Hash Cond": "(store_sales.ss_item_sk = item.i_item_sk)",
                                                  "Plans": [
                                                    {
                                                      "Node Type": "Hash Join",
                                                      "Parent Relationship": "Outer",
                                                      "Parallel Aware": true,
                                                      "Async Capable": false,
                                                      "Join Type": "Left",
                                                      "Startup Cost": 86930.88,
                                                      "Total Cost": 776001.31,
                                                      "Plan Rows": 4860,
                                                      "Plan Width": 36,
                                                      "Inner Unique": false,
                                                      "Hash Cond": "((store_sales.ss_item_sk = store_returns.sr_item_sk) AND (store_sales.ss_ticket_number = store_returns.sr_ticket_number))",
                                                      "Plans": [
                                                        {
                                                          "Node Type": "Hash Join",
                                                          "Parent Relationship": "Outer",
                                                          "Parallel Aware": true,
                                                          "Async Capable": false,
                                                          "Join Type": "Inner",
                                                          "Startup Cost": 2049.78,
                                                          "Total Cost": 683994.75,
                                                          "Plan Rows": 4860,
                                                          "Plan Width": 28,
                                                          "Inner Unique": false,
                                                          "Hash Cond": "(store_sales.ss_sold_date_sk = date_dim.d_date_sk)",
                                                          "Plans": [
                                                            {
                                                              "Node Type": "Seq Scan",
                                                              "Parent Relationship": "Outer",
                                                              "Parallel Aware": true,
                                                              "Async Capable": false,
                                                              "Relation Name": "store_sales",
                                                              "Alias": "store_sales",
                                                              "Startup Cost": 0.0,
                                                              "Total Cost": 636914.37,
                                                              "Plan Rows": 12000637,
                                                              "Plan Width": 32,
                                                              "parent": 13,
                                                              "ID": 14
                                                            },
                                                            {
                                                              "Node Type": "Hash",
                                                              "Parent Relationship": "Inner",
                                                              "Parallel Aware": true,
                                                              "Async Capable": false,
                                                              "Startup Cost": 2049.55,
                                                              "Total Cost": 2049.55,
                                                              "Plan Rows": 18,
                                                              "Plan Width": 4,
                                                              "Plans": [
                                                                {
                                                                  "Node Type": "Seq Scan",
                                                                  "Parent Relationship": "Outer",
                                                                  "Parallel Aware": true,
                                                                  "Async Capable": false,
                                                                  "Relation Name": "date_dim",
                                                                  "Alias": "date_dim",
                                                                  "Startup Cost": 0.0,
                                                                  "Total Cost": 2049.55,
                                                                  "Plan Rows": 18,
                                                                  "Plan Width": 4,
                                                                  "Filter": "((d_date >= '2000-08-02'::date) AND (d_date <= '2000-09-01 00:00:00'::timestamp without time zone))",
                                                                  "parent": 15,
                                                                  "ID": 16
                                                                }
                                                              ],
                                                              "parent": 13,
                                                              "ID": 15,
                                                              "left": 16
                                                            }
                                                          ],
                                                          "parent": 12,
                                                          "ID": 13,
                                                          "left": 14,
                                                          "right": 15
                                                        },
                                                        {
                                                          "Node Type": "Hash",
                                                          "Parent Relationship": "Inner",
                                                          "Parallel Aware": true,
                                                          "Async Capable": false,
                                                          "Startup Cost": 59887.64,
                                                          "Total Cost": 59887.64,
                                                          "Plan Rows": 1198164,
                                                          "Plan Width": 20,
                                                          "Plans": [
                                                            {
                                                              "Node Type": "Seq Scan",
                                                              "Parent Relationship": "Outer",
                                                              "Parallel Aware": true,
                                                              "Async Capable": false,
                                                              "Relation Name": "store_returns",
                                                              "Alias": "store_returns",
                                                              "Startup Cost": 0.0,
                                                              "Total Cost": 59887.64,
                                                              "Plan Rows": 1198164,
                                                              "Plan Width": 20,
                                                              "parent": 17,
                                                              "ID": 18
                                                            }
                                                          ],
                                                          "parent": 12,
                                                          "ID": 17,
                                                          "left": 18
                                                        }
                                                      ],
                                                      "parent": 11,
                                                      "ID": 12,
                                                      "left": 13,
                                                      "right": 17
                                                    },
                                                    {
                                                      "Node Type": "Hash",
                                                      "Parent Relationship": "Inner",
                                                      "Parallel Aware": true,
                                                      "Async Capable": false,
                                                      "Startup Cost": 7495.25,
                                                      "Total Cost": 7495.25,
                                                      "Plan Rows": 2442,
                                                      "Plan Width": 4,
                                                      "Plans": [
                                                        {
                                                          "Node Type": "Seq Scan",
                                                          "Parent Relationship": "Outer",
                                                          "Parallel Aware": true,
                                                          "Async Capable": false,
                                                          "Relation Name": "item",
                                                          "Alias": "item",
                                                          "Startup Cost": 0.0,
                                                          "Total Cost": 7495.25,
                                                          "Plan Rows": 2442,
                                                          "Plan Width": 4,
                                                          "Filter": "(i_current_price > '50'::numeric)",
                                                          "parent": 19,
                                                          "ID": 20
                                                        }
                                                      ],
                                                      "parent": 11,
                                                      "ID": 19,
                                                      "left": 20
                                                    }
                                                  ],
                                                  "parent": 10,
                                                  "ID": 11,
                                                  "left": 12,
                                                  "right": 19
                                                },
                                                {
                                                  "Node Type": "Hash",
                                                  "Parent Relationship": "Inner",
                                                  "Parallel Aware": false,
                                                  "Async Capable": false,
                                                  "Startup Cost": 19.25,
                                                  "Total Cost": 19.25,
                                                  "Plan Rows": 492,
                                                  "Plan Width": 4,
                                                  "Plans": [
                                                    {
                                                      "Node Type": "Seq Scan",
                                                      "Parent Relationship": "Outer",
                                                      "Parallel Aware": false,
                                                      "Async Capable": false,
                                                      "Relation Name": "promotion",
                                                      "Alias": "promotion",
                                                      "Startup Cost": 0.0,
                                                      "Total Cost": 19.25,
                                                      "Plan Rows": 492,
                                                      "Plan Width": 4,
                                                      "Filter": "(p_channel_tv = 'N'::bpchar)",
                                                      "parent": 21,
                                                      "ID": 22
                                                    }
                                                  ],
                                                  "parent": 10,
                                                  "ID": 21,
                                                  "left": 22
                                                }
                                              ],
                                              "parent": 9,
                                              "ID": 10,
                                              "left": 11,
                                              "right": 21
                                            },
                                            {
                                              "Node Type": "Hash",
                                              "Parent Relationship": "Inner",
                                              "Parallel Aware": false,
                                              "Async Capable": false,
                                              "Startup Cost": 6.02,
                                              "Total Cost": 6.02,
                                              "Plan Rows": 102,
                                              "Plan Width": 21,
                                              "Plans": [
                                                {
                                                  "Node Type": "Seq Scan",
                                                  "Parent Relationship": "Outer",
                                                  "Parallel Aware": false,
                                                  "Async Capable": false,
                                                  "Relation Name": "store",
                                                  "Alias": "store",
                                                  "Startup Cost": 0.0,
                                                  "Total Cost": 6.02,
                                                  "Plan Rows": 102,
                                                  "Plan Width": 21,
                                                  "parent": 23,
                                                  "ID": 24
                                                }
                                              ],
                                              "parent": 9,
                                              "ID": 23,
                                              "left": 24
                                            }
                                          ],
                                          "parent": 8,
                                          "ID": 9,
                                          "left": 10,
                                          "right": 23
                                        }
                                      ],
                                      "parent": 7,
                                      "ID": 8,
                                      "left": 9
                                    }
                                  ],
                                  "parent": 6,
                                  "ID": 7,
                                  "left": 8
                                }
                              ],
                              "parent": 5,
                              "ID": 6,
                              "left": 7
                            }
                          ],
                          "parent": 4,
                          "ID": 5,
                          "left": 6
                        }
                      ],
                      "parent": 3,
                      "ID": 4,
                      "left": 5
                    },
                    {
                      "Node Type": "Subquery Scan",
                      "Parent Relationship": "Member",
                      "Parallel Aware": false,
                      "Async Capable": false,
                      "Alias": "csr",
                      "Startup Cost": 518177.36,
                      "Total Cost": 518230.78,
                      "Plan Rows": 340,
                      "Plan Width": 160,
                      "Plans": [
                        {
                          "Node Type": "Aggregate",
                          "Strategy": "Sorted",
                          "Partial Mode": "Finalize",
                          "Parent Relationship": "Subquery",
                          "Parallel Aware": false,
                          "Async Capable": false,
                          "Startup Cost": 518177.36,
                          "Total Cost": 518225.68,
                          "Plan Rows": 340,
                          "Plan Width": 113,
                          "Group Key": [
                            "catalog_page.cp_catalog_page_id"
                          ],
                          "Plans": [
                            {
                              "Node Type": "Gather Merge",
                              "Parent Relationship": "Outer",
                              "Parallel Aware": false,
                              "Async Capable": false,
                              "Startup Cost": 518177.36,
                              "Total Cost": 518214.76,
                              "Plan Rows": 284,
                              "Plan Width": 113,
                              "Workers Planned": 2,
                              "Plans": [
                                {
                                  "Node Type": "Aggregate",
                                  "Strategy": "Sorted",
                                  "Partial Mode": "Partial",
                                  "Parent Relationship": "Outer",
                                  "Parallel Aware": false,
                                  "Async Capable": false,
                                  "Startup Cost": 517177.34,
                                  "Total Cost": 517181.95,
                                  "Plan Rows": 142,
                                  "Plan Width": 113,
                                  "Group Key": [
                                    "catalog_page.cp_catalog_page_id"
                                  ],
                                  "Plans": [
                                    {
                                      "Node Type": "Sort",
                                      "Parent Relationship": "Outer",
                                      "Parallel Aware": false,
                                      "Async Capable": false,
                                      "Startup Cost": 517177.34,
                                      "Total Cost": 517177.69,
                                      "Plan Rows": 142,
                                      "Plan Width": 41,
                                      "Sort Key": [
                                        "catalog_page.cp_catalog_page_id"
                                      ],
                                      "Plans": [
                                        {
                                          "Node Type": "Hash Join",
                                          "Parent Relationship": "Outer",
                                          "Parallel Aware": false,
                                          "Async Capable": false,
                                          "Join Type": "Inner",
                                          "Startup Cost": 57382.33,
                                          "Total Cost": 517172.26,
                                          "Plan Rows": 142,
                                          "Plan Width": 41,
                                          "Inner Unique": false,
                                          "Hash Cond": "(catalog_sales.cs_catalog_page_sk = catalog_page.cp_catalog_page_sk)",
                                          "Plans": [
                                            {
                                              "Node Type": "Hash Join",
                                              "Parent Relationship": "Outer",
                                              "Parallel Aware": false,
                                              "Async Capable": false,
                                              "Join Type": "Inner",
                                              "Startup Cost": 56864.33,
                                              "Total Cost": 516652.32,
                                              "Plan Rows": 142,
                                              "Plan Width": 28,
                                              "Inner Unique": false,
                                              "Hash Cond": "(catalog_sales.cs_promo_sk = promotion_1.p_promo_sk)",
                                              "Plans": [
                                                {
                                                  "Node Type": "Hash Join",
                                                  "Parent Relationship": "Outer",
                                                  "Parallel Aware": true,
                                                  "Async Capable": false,
                                                  "Join Type": "Inner",
                                                  "Startup Cost": 56838.93,
                                                  "Total Cost": 516624.96,
                                                  "Plan Rows": 145,
                                                  "Plan Width": 32,
                                                  "Inner Unique": false,
                                                  "Hash Cond": "(catalog_sales.cs_item_sk = item_1.i_item_sk)",
                                                  "Plans": [
                                                    {
                                                      "Node Type": "Hash Join",
                                                      "Parent Relationship": "Outer",
                                                      "Parallel Aware": true,
                                                      "Async Capable": false,
                                                      "Join Type": "Left",
                                                      "Startup Cost": 49313.15,
                                                      "Total Cost": 509089.08,
                                                      "Plan Rows": 2532,
                                                      "Plan Width": 36,
                                                      "Inner Unique": false,
                                                      "Hash Cond": "((catalog_sales.cs_item_sk = catalog_returns.cr_item_sk) AND (catalog_sales.cs_order_number = catalog_returns.cr_order_number))",
                                                      "Plans": [
                                                        {
                                                          "Node Type": "Hash Join",
                                                          "Parent Relationship": "Outer",
                                                          "Parallel Aware": true,
                                                          "Async Capable": false,
                                                          "Join Type": "Inner",
                                                          "Startup Cost": 2049.78,
                                                          "Total Cost": 458254.7,
                                                          "Plan Rows": 2532,
                                                          "Plan Width": 28,
                                                          "Inner Unique": false,
                                                          "Hash Cond": "(catalog_sales.cs_sold_date_sk = date_dim_1.d_date_sk)",
                                                          "Plans": [
                                                            {
                                                              "Node Type": "Seq Scan",
                                                              "Parent Relationship": "Outer",
                                                              "Parallel Aware": true,
                                                              "Async Capable": false,
                                                              "Relation Name": "catalog_sales",
                                                              "Alias": "catalog_sales",
                                                              "Startup Cost": 0.0,
                                                              "Total Cost": 433688.25,
                                                              "Plan Rows": 6000525,
                                                              "Plan Width": 32,
                                                              "parent": 34,
                                                              "ID": 35
                                                            },
                                                            {
                                                              "Node Type": "Hash",
                                                              "Parent Relationship": "Inner",
                                                              "Parallel Aware": true,
                                                              "Async Capable": false,
                                                              "Startup Cost": 2049.55,
                                                              "Total Cost": 2049.55,
                                                              "Plan Rows": 18,
                                                              "Plan Width": 4,
                                                              "Plans": [
                                                                {
                                                                  "Node Type": "Seq Scan",
                                                                  "Parent Relationship": "Outer",
                                                                  "Parallel Aware": true,
                                                                  "Async Capable": false,
                                                                  "Relation Name": "date_dim",
                                                                  "Alias": "date_dim_1",
                                                                  "Startup Cost": 0.0,
                                                                  "Total Cost": 2049.55,
                                                                  "Plan Rows": 18,
                                                                  "Plan Width": 4,
                                                                  "Filter": "((d_date >= '2000-08-02'::date) AND (d_date <= '2000-09-01 00:00:00'::timestamp without time zone))",
                                                                  "parent": 36,
                                                                  "ID": 37
                                                                }
                                                              ],
                                                              "parent": 34,
                                                              "ID": 36,
                                                              "left": 37
                                                            }
                                                          ],
                                                          "parent": 33,
                                                          "ID": 34,
                                                          "left": 35,
                                                          "right": 36
                                                        },
                                                        {
                                                          "Node Type": "Hash",
                                                          "Parent Relationship": "Inner",
                                                          "Parallel Aware": true,
                                                          "Async Capable": false,
                                                          "Startup Cost": 34748.95,
                                                          "Total Cost": 34748.95,
                                                          "Plan Rows": 599895,
                                                          "Plan Width": 20,
                                                          "Plans": [
                                                            {
                                                              "Node Type": "Seq Scan",
                                                              "Parent Relationship": "Outer",
                                                              "Parallel Aware": true,
                                                              "Async Capable": false,
                                                              "Relation Name": "catalog_returns",
                                                              "Alias": "catalog_returns",
                                                              "Startup Cost": 0.0,
                                                              "Total Cost": 34748.95,
                                                              "Plan Rows": 599895,
                                                              "Plan Width": 20,
                                                              "parent": 38,
                                                              "ID": 39
                                                            }
                                                          ],
                                                          "parent": 33,
                                                          "ID": 38,
                                                          "left": 39
                                                        }
                                                      ],
                                                      "parent": 32,
                                                      "ID": 33,
                                                      "left": 34,
                                                      "right": 38
                                                    },
                                                    {
                                                      "Node Type": "Hash",
                                                      "Parent Relationship": "Inner",
                                                      "Parallel Aware": true,
                                                      "Async Capable": false,
                                                      "Startup Cost": 7495.25,
                                                      "Total Cost": 7495.25,
                                                      "Plan Rows": 2442,
                                                      "Plan Width": 4,
                                                      "Plans": [
                                                        {
                                                          "Node Type": "Seq Scan",
                                                          "Parent Relationship": "Outer",
                                                          "Parallel Aware": true,
                                                          "Async Capable": false,
                                                          "Relation Name": "item",
                                                          "Alias": "item_1",
                                                          "Startup Cost": 0.0,
                                                          "Total Cost": 7495.25,
                                                          "Plan Rows": 2442,
                                                          "Plan Width": 4,
                                                          "Filter": "(i_current_price > '50'::numeric)",
                                                          "parent": 40,
                                                          "ID": 41
                                                        }
                                                      ],
                                                      "parent": 32,
                                                      "ID": 40,
                                                      "left": 41
                                                    }
                                                  ],
                                                  "parent": 31,
                                                  "ID": 32,
                                                  "left": 33,
                                                  "right": 40
                                                },
                                                {
                                                  "Node Type": "Hash",
                                                  "Parent Relationship": "Inner",
                                                  "Parallel Aware": false,
                                                  "Async Capable": false,
                                                  "Startup Cost": 19.25,
                                                  "Total Cost": 19.25,
                                                  "Plan Rows": 492,
                                                  "Plan Width": 4,
                                                  "Plans": [
                                                    {
                                                      "Node Type": "Seq Scan",
                                                      "Parent Relationship": "Outer",
                                                      "Parallel Aware": false,
                                                      "Async Capable": false,
                                                      "Relation Name": "promotion",
                                                      "Alias": "promotion_1",
                                                      "Startup Cost": 0.0,
                                                      "Total Cost": 19.25,
                                                      "Plan Rows": 492,
                                                      "Plan Width": 4,
                                                      "Filter": "(p_channel_tv = 'N'::bpchar)",
                                                      "parent": 42,
                                                      "ID": 43
                                                    }
                                                  ],
                                                  "parent": 31,
                                                  "ID": 42,
                                                  "left": 43
                                                }
                                              ],
                                              "parent": 30,
                                              "ID": 31,
                                              "left": 32,
                                              "right": 42
                                            },
                                            {
                                              "Node Type": "Hash",
                                              "Parent Relationship": "Inner",
                                              "Parallel Aware": false,
                                              "Async Capable": false,
                                              "Startup Cost": 368.0,
                                              "Total Cost": 368.0,
                                              "Plan Rows": 12000,
                                              "Plan Width": 21,
                                              "Plans": [
                                                {
                                                  "Node Type": "Seq Scan",
                                                  "Parent Relationship": "Outer",
                                                  "Parallel Aware": false,
                                                  "Async Capable": false,
                                                  "Relation Name": "catalog_page",
                                                  "Alias": "catalog_page",
                                                  "Startup Cost": 0.0,
                                                  "Total Cost": 368.0,
                                                  "Plan Rows": 12000,
                                                  "Plan Width": 21,
                                                  "parent": 44,
                                                  "ID": 45
                                                }
                                              ],
                                              "parent": 30,
                                              "ID": 44,
                                              "left": 45
                                            }
                                          ],
                                          "parent": 29,
                                          "ID": 30,
                                          "left": 31,
                                          "right": 44
                                        }
                                      ],
                                      "parent": 28,
                                      "ID": 29,
                                      "left": 30
                                    }
                                  ],
                                  "parent": 27,
                                  "ID": 28,
                                  "left": 29
                                }
                              ],
                              "parent": 26,
                              "ID": 27,
                              "left": 28
                            }
                          ],
                          "parent": 25,
                          "ID": 26,
                          "left": 27
                        }
                      ],
                      "parent": 3,
                      "ID": 25,
                      "left": 26
                    },
                    {
                      "Node Type": "Subquery Scan",
                      "Parent Relationship": "Member",
                      "Parallel Aware": false,
                      "Async Capable": false,
                      "Alias": "wsr",
                      "Startup Cost": 263919.04,
                      "Total Cost": 263926.75,
                      "Plan Rows": 21,
                      "Plan Width": 160,
                      "Plans": [
                        {
                          "Node Type": "Aggregate",
                          "Strategy": "Sorted",
                          "Partial Mode": "Finalize",
                          "Parent Relationship": "Subquery",
                          "Parallel Aware": false,
                          "Async Capable": false,
                          "Startup Cost": 263919.04,
                          "Total Cost": 263926.43,
                          "Plan Rows": 21,
                          "Plan Width": 113,
                          "Group Key": [
                            "web_site.web_site_id"
                          ],
                          "Plans": [
                            {
                              "Node Type": "Gather Merge",
                              "Parent Relationship": "Outer",
                              "Parallel Aware": false,
                              "Async Capable": false,
                              "Startup Cost": 263919.04,
                              "Total Cost": 263925.33,
                              "Plan Rows": 42,
                              "Plan Width": 113,
                              "Workers Planned": 2,
                              "Plans": [
                                {
                                  "Node Type": "Aggregate",
                                  "Strategy": "Sorted",
                                  "Partial Mode": "Partial",
                                  "Parent Relationship": "Outer",
                                  "Parallel Aware": false,
                                  "Async Capable": false,
                                  "Startup Cost": 262919.01,
                                  "Total Cost": 262920.46,
                                  "Plan Rows": 21,
                                  "Plan Width": 113,
                                  "Group Key": [
                                    "web_site.web_site_id"
                                  ],
                                  "Plans": [
                                    {
                                      "Node Type": "Sort",
                                      "Parent Relationship": "Outer",
                                      "Parallel Aware": false,
                                      "Async Capable": false,
                                      "Startup Cost": 262919.01,
                                      "Total Cost": 262919.19,
                                      "Plan Rows": 72,
                                      "Plan Width": 41,
                                      "Sort Key": [
                                        "web_site.web_site_id"
                                      ],
                                      "Plans": [
                                        {
                                          "Node Type": "Hash Join",
                                          "Parent Relationship": "Outer",
                                          "Parallel Aware": false,
                                          "Async Capable": false,
                                          "Join Type": "Inner",
                                          "Startup Cost": 32134.74,
                                          "Total Cost": 262916.79,
                                          "Plan Rows": 72,
                                          "Plan Width": 41,
                                          "Inner Unique": false,
                                          "Hash Cond": "(web_sales.ws_web_site_sk = web_site.web_site_sk)",
                                          "Plans": [
                                            {
                                              "Node Type": "Hash Join",
                                              "Parent Relationship": "Outer",
                                              "Parallel Aware": false,
                                              "Async Capable": false,
                                              "Join Type": "Inner",
                                              "Startup Cost": 32130.8,
                                              "Total Cost": 262911.86,
                                              "Plan Rows": 72,
                                              "Plan Width": 28,
                                              "Inner Unique": false,
                                              "Hash Cond": "(web_sales.ws_promo_sk = promotion_2.p_promo_sk)",
                                              "Plans": [
                                                {
                                                  "Node Type": "Hash Join",
                                                  "Parent Relationship": "Outer",
                                                  "Parallel Aware": true,
                                                  "Async Capable": false,
                                                  "Join Type": "Inner",
                                                  "Startup Cost": 32105.4,
                                                  "Total Cost": 262885.46,
                                                  "Plan Rows": 73,
                                                  "Plan Width": 32,
                                                  "Inner Unique": false,
                                                  "Hash Cond": "(web_sales.ws_item_sk = item_2.i_item_sk)",
                                                  "Plans": [
                                                    {
                                                      "Node Type": "Hash Join",
                                                      "Parent Relationship": "Outer",
                                                      "Parallel Aware": true,
                                                      "Async Capable": false,
                                                      "Join Type": "Left",
                                                      "Startup Cost": 24579.62,
                                                      "Total Cost": 255354.62,
                                                      "Plan Rows": 1272,
                                                      "Plan Width": 36,
                                                      "Inner Unique": false,
                                                      "Hash Cond": "((web_sales.ws_item_sk = web_returns.wr_item_sk) AND (web_sales.ws_order_number = web_returns.wr_order_number))",
                                                      "Plans": [
                                                        {
                                                          "Node Type": "Hash Join",
                                                          "Parent Relationship": "Outer",
                                                          "Parallel Aware": true,
                                                          "Async Capable": false,
                                                          "Join Type": "Inner",
                                                          "Startup Cost": 2049.78,
                                                          "Total Cost": 231041.22,
                                                          "Plan Rows": 1272,
                                                          "Plan Width": 28,
                                                          "Inner Unique": false,
                                                          "Hash Cond": "(web_sales.ws_sold_date_sk = date_dim_2.d_date_sk)",
                                                          "Plans": [
                                                            {
                                                              "Node Type": "Seq Scan",
                                                              "Parent Relationship": "Outer",
                                                              "Parallel Aware": true,
                                                              "Async Capable": false,
                                                              "Relation Name": "web_sales",
                                                              "Alias": "web_sales",
                                                              "Startup Cost": 0.0,
                                                              "Total Cost": 217737.86,
                                                              "Plan Rows": 2998986,
                                                              "Plan Width": 32,
                                                              "parent": 55,
                                                              "ID": 56
                                                            },
                                                            {
                                                              "Node Type": "Hash",
                                                              "Parent Relationship": "Inner",
                                                              "Parallel Aware": true,
                                                              "Async Capable": false,
                                                              "Startup Cost": 2049.55,
                                                              "Total Cost": 2049.55,
                                                              "Plan Rows": 18,
                                                              "Plan Width": 4,
                                                              "Plans": [
                                                                {
                                                                  "Node Type": "Seq Scan",
                                                                  "Parent Relationship": "Outer",
                                                                  "Parallel Aware": true,
                                                                  "Async Capable": false,
                                                                  "Relation Name": "date_dim",
                                                                  "Alias": "date_dim_2",
                                                                  "Startup Cost": 0.0,
                                                                  "Total Cost": 2049.55,
                                                                  "Plan Rows": 18,
                                                                  "Plan Width": 4,
                                                                  "Filter": "((d_date >= '2000-08-02'::date) AND (d_date <= '2000-09-01 00:00:00'::timestamp without time zone))",
                                                                  "parent": 57,
                                                                  "ID": 58
                                                                }
                                                              ],
                                                              "parent": 55,
                                                              "ID": 57,
                                                              "left": 58
                                                            }
                                                          ],
                                                          "parent": 54,
                                                          "ID": 55,
                                                          "left": 56,
                                                          "right": 57
                                                        },
                                                        {
                                                          "Node Type": "Hash",
                                                          "Parent Relationship": "Inner",
                                                          "Parallel Aware": true,
                                                          "Async Capable": false,
                                                          "Startup Cost": 16278.74,
                                                          "Total Cost": 16278.74,
                                                          "Plan Rows": 299674,
                                                          "Plan Width": 20,
                                                          "Plans": [
                                                            {
                                                              "Node Type": "Seq Scan",
                                                              "Parent Relationship": "Outer",
                                                              "Parallel Aware": true,
                                                              "Async Capable": false,
                                                              "Relation Name": "web_returns",
                                                              "Alias": "web_returns",
                                                              "Startup Cost": 0.0,
                                                              "Total Cost": 16278.74,
                                                              "Plan Rows": 299674,
                                                              "Plan Width": 20,
                                                              "parent": 59,
                                                              "ID": 60
                                                            }
                                                          ],
                                                          "parent": 54,
                                                          "ID": 59,
                                                          "left": 60
                                                        }
                                                      ],
                                                      "parent": 53,
                                                      "ID": 54,
                                                      "left": 55,
                                                      "right": 59
                                                    },
                                                    {
                                                      "Node Type": "Hash",
                                                      "Parent Relationship": "Inner",
                                                      "Parallel Aware": true,
                                                      "Async Capable": false,
                                                      "Startup Cost": 7495.25,
                                                      "Total Cost": 7495.25,
                                                      "Plan Rows": 2442,
                                                      "Plan Width": 4,
                                                      "Plans": [
                                                        {
                                                          "Node Type": "Seq Scan",
                                                          "Parent Relationship": "Outer",
                                                          "Parallel Aware": true,
                                                          "Async Capable": false,
                                                          "Relation Name": "item",
                                                          "Alias": "item_2",
                                                          "Startup Cost": 0.0,
                                                          "Total Cost": 7495.25,
                                                          "Plan Rows": 2442,
                                                          "Plan Width": 4,
                                                          "Filter": "(i_current_price > '50'::numeric)",
                                                          "parent": 61,
                                                          "ID": 62
                                                        }
                                                      ],
                                                      "parent": 53,
                                                      "ID": 61,
                                                      "left": 62
                                                    }
                                                  ],
                                                  "parent": 52,
                                                  "ID": 53,
                                                  "left": 54,
                                                  "right": 61
                                                },
                                                {
                                                  "Node Type": "Hash",
                                                  "Parent Relationship": "Inner",
                                                  "Parallel Aware": false,
                                                  "Async Capable": false,
                                                  "Startup Cost": 19.25,
                                                  "Total Cost": 19.25,
                                                  "Plan Rows": 492,
                                                  "Plan Width": 4,
                                                  "Plans": [
                                                    {
                                                      "Node Type": "Seq Scan",
                                                      "Parent Relationship": "Outer",
                                                      "Parallel Aware": false,
                                                      "Async Capable": false,
                                                      "Relation Name": "promotion",
                                                      "Alias": "promotion_2",
                                                      "Startup Cost": 0.0,
                                                      "Total Cost": 19.25,
                                                      "Plan Rows": 492,
                                                      "Plan Width": 4,
                                                      "Filter": "(p_channel_tv = 'N'::bpchar)",
                                                      "parent": 63,
                                                      "ID": 64
                                                    }
                                                  ],
                                                  "parent": 52,
                                                  "ID": 63,
                                                  "left": 64
                                                }
                                              ],
                                              "parent": 51,
                                              "ID": 52,
                                              "left": 53,
                                              "right": 63
                                            },
                                            {
                                              "Node Type": "Hash",
                                              "Parent Relationship": "Inner",
                                              "Parallel Aware": false,
                                              "Async Capable": false,
                                              "Startup Cost": 3.42,
                                              "Total Cost": 3.42,
                                              "Plan Rows": 42,
                                              "Plan Width": 21,
                                              "Plans": [
                                                {
                                                  "Node Type": "Seq Scan",
                                                  "Parent Relationship": "Outer",
                                                  "Parallel Aware": false,
                                                  "Async Capable": false,
                                                  "Relation Name": "web_site",
                                                  "Alias": "web_site",
                                                  "Startup Cost": 0.0,
                                                  "Total Cost": 3.42,
                                                  "Plan Rows": 42,
                                                  "Plan Width": 21,
                                                  "parent": 65,
                                                  "ID": 66
                                                }
                                              ],
                                              "parent": 51,
                                              "ID": 65,
                                              "left": 66
                                            }
                                          ],
                                          "parent": 50,
                                          "ID": 51,
                                          "left": 52,
                                          "right": 65
                                        }
                                      ],
                                      "parent": 49,
                                      "ID": 50,
                                      "left": 51
                                    }
                                  ],
                                  "parent": 48,
                                  "ID": 49,
                                  "left": 50
                                }
                              ],
                              "parent": 47,
                              "ID": 48,
                              "left": 49
                            }
                          ],
                          "parent": 46,
                          "ID": 47,
                          "left": 48
                        }
                      ],
                      "parent": 3,
                      "ID": 46,
                      "left": 47
                    }
                  ],
                  "parent": 2,
                  "ID": 3,
                  "left": 4,
                  "right": 25
                }
              ],
              "parent": 1,
              "ID": 2,
              "left": 3
            }
          ],
          "parent": 0,
          "ID": 1,
          "left": 2
        }
      ],
      "parent": null,
      "ID": 0,
      "left": 1
    },
    "feat": {
      "utility": 1.9716756315682553e-06,
      "query_shape": [
        [
          "Seq Scan",
          "Hash Join",
          "Sort",
          "Aggregate",
          "Gather Merge",
          "Subquery Scan",
          "Append"
        ],
        [
          "Seq Scan",
          "Hash",
          "Hash Join",
          "Sort",
          "Aggregate",
          "Gather Merge",
          "Subquery Scan",
          "Append"
        ],
        [
          "Seq Scan",
          "Hash",
          "Hash Join",
          "Sort",
          "Aggregate",
          "Gather Merge",
          "Subquery Scan",
          "Append"
        ],
        [
          "Seq Scan",
          "Hash",
          "Hash Join",
          "Sort",
          "Aggregate",
          "Gather Merge",
          "Subquery Scan",
          "Append"
        ],
        [
          "Seq Scan",
          "Hash",
          "Hash Join",
          "Sort",
          "Aggregate",
          "Gather Merge",
          "Subquery Scan",
          "Append"
        ],
        [
          "Seq Scan",
          "Hash",
          "Hash Join",
          "Sort",
          "Aggregate",
          "Gather Merge",
          "Subquery Scan",
          "Append"
        ],
        [
          "Seq Scan",
          "Hash Join",
          "Sort",
          "Aggregate",
          "Gather Merge",
          "Subquery Scan",
          "Append"
        ],
        [
          "Seq Scan",
          "Hash",
          "Hash Join",
          "Sort",
          "Aggregate",
          "Gather Merge",
          "Subquery Scan",
          "Append"
        ],
        [
          "Seq Scan",
          "Hash",
          "Hash Join",
          "Sort",
          "Aggregate",
          "Gather Merge",
          "Subquery Scan",
          "Append"
        ],
        [
          "Seq Scan",
          "Hash",
          "Hash Join",
          "Sort",
          "Aggregate",
          "Gather Merge",
          "Subquery Scan",
          "Append"
        ],
        [
          "Seq Scan",
          "Hash",
          "Hash Join",
          "Sort",
          "Aggregate",
          "Gather Merge",
          "Subquery Scan",
          "Append"
        ],
        [
          "Seq Scan",
          "Hash",
          "Hash Join",
          "Sort",
          "Aggregate",
          "Gather Merge",
          "Subquery Scan",
          "Append"
        ],
        [
          "Seq Scan",
          "Hash Join",
          "Sort",
          "Aggregate",
          "Gather Merge",
          "Subquery Scan",
          "Append"
        ],
        [
          "Seq Scan",
          "Hash",
          "Hash Join",
          "Sort",
          "Aggregate",
          "Gather Merge",
          "Subquery Scan",
          "Append"
        ],
        [
          "Seq Scan",
          "Hash",
          "Hash Join",
          "Sort",
          "Aggregate",
          "Gather Merge",
          "Subquery Scan",
          "Append"
        ],
        [
          "Seq Scan",
          "Hash",
          "Hash Join",
          "Sort",
          "Aggregate",
          "Gather Merge",
          "Subquery Scan",
          "Append"
        ],
        [
          "Seq Scan",
          "Hash",
          "Hash Join",
          "Sort",
          "Aggregate",
          "Gather Merge",
          "Subquery Scan",
          "Append"
        ],
        [
          "Seq Scan",
          "Hash",
          "Hash Join",
          "Sort",
          "Aggregate",
          "Gather Merge",
          "Subquery Scan",
          "Append"
        ]
      ],
      "index_shape": [
        "join"
      ],
      "physical_operator": {
        "Hash Join": [
          0.09672066476697276
        ]
      }
    }
  },
  {
    "query": "with ssr as\n (select  s_store_id as store_id,\n          sum(ss_ext_sales_price) as sales,\n          sum(coalesce(sr_return_amt, 0)) as returns,\n          sum(ss_net_profit - coalesce(sr_net_loss, 0)) as profit\n  from store_sales left outer join store_returns on\n         (ss_item_sk = sr_item_sk and ss_ticket_number = sr_ticket_number),\n     date_dim,\n     store,\n     item,\n     promotion\n where ss_sold_date_sk = d_date_sk\n       and d_date between cast('2000-08-02' as date) \n                  and (cast('2000-08-02' as date) +  interval '30 days')\n       and ss_store_sk = s_store_sk\n       and ss_item_sk = i_item_sk\n       and i_current_price > 50\n       and ss_promo_sk = p_promo_sk\n       and p_channel_tv = 'N'\n group by s_store_id)\n ,\n csr as\n (select  cp_catalog_page_id as catalog_page_id,\n          sum(cs_ext_sales_price) as sales,\n          sum(coalesce(cr_return_amount, 0)) as returns,\n          sum(cs_net_profit - coalesce(cr_net_loss, 0)) as profit\n  from catalog_sales left outer join catalog_returns on\n         (cs_item_sk = cr_item_sk and cs_order_number = cr_order_number),\n     date_dim,\n     catalog_page,\n     item,\n     promotion\n where cs_sold_date_sk = d_date_sk\n       and d_date between cast('2000-08-02' as date)\n                  and (cast('2000-08-02' as date) +  interval '30 days')\n        and cs_catalog_page_sk = cp_catalog_page_sk\n       and cs_item_sk = i_item_sk\n       and i_current_price > 50\n       and cs_promo_sk = p_promo_sk\n       and p_channel_tv = 'N'\ngroup by cp_catalog_page_id)\n ,\n wsr as\n (select  web_site_id,\n          sum(ws_ext_sales_price) as sales,\n          sum(coalesce(wr_return_amt, 0)) as returns,\n          sum(ws_net_profit - coalesce(wr_net_loss, 0)) as profit\n  from web_sales left outer join web_returns on\n         (ws_item_sk = wr_item_sk and ws_order_number = wr_order_number),\n     date_dim,\n     web_site,\n     item,\n     promotion\n where ws_sold_date_sk = d_date_sk\n       and d_date between cast('2000-08-02' as date)\n                  and (cast('2000-08-02' as date) +  interval '30 days')\n        and ws_web_site_sk = web_site_sk\n       and ws_item_sk = i_item_sk\n       and i_current_price > 50\n       and ws_promo_sk = p_promo_sk\n       and p_channel_tv = 'N'\ngroup by web_site_id)\n  select  channel\n        , id\n        , sum(sales) as sales\n        , sum(returns) as returns\n        , sum(profit) as profit\n from \n (select 'store channel' as channel\n        , 'store' || store_id as id\n        , sales\n        , returns\n        , profit\n from   ssr\n union all\n select 'catalog channel' as channel\n        , 'catalog_page' || catalog_page_id as id\n        , sales\n        , returns\n        , profit\n from  csr\n union all\n select 'web channel' as channel\n        , 'web_site' || web_site_id as id\n        , sales\n        , returns\n        , profit\n from   wsr\n ) x\n group by rollup (channel, id)\n order by channel\n         ,id\n limit 100;\n\n-- end query 61 in stream 4 using template query80.tpl\n",
    "indexes": "store_sales.ss_promo_sk",
    "wo plan est": {
      "Node Type": "Limit",
      "Parallel Aware": false,
      "Async Capable": false,
      "Startup Cost": 1566793.64,
      "Total Cost": 1566796.93,
      "Plan Rows": 100,
      "Plan Width": 160,
      "Plans": [
        {
          "Node Type": "Aggregate",
          "Strategy": "Sorted",
          "Partial Mode": "Simple",
          "Parent Relationship": "Outer",
          "Parallel Aware": false,
          "Async Capable": false,
          "Startup Cost": 1566793.64,
          "Total Cost": 1566806.84,
          "Plan Rows": 401,
          "Plan Width": 160,
          "Grouping Sets": [
            {
              "Group Keys": [
                [
                  "('store channel'::text)",
                  "(('store'::text || (ssr.store_id)::text))"
                ],
                [
                  "('store channel'::text)"
                ],
                []
              ]
            }
          ],
          "Plans": [
            {
              "Node Type": "Sort",
              "Parent Relationship": "Outer",
              "Parallel Aware": false,
              "Async Capable": false,
              "Startup Cost": 1566793.64,
              "Total Cost": 1566794.67,
              "Plan Rows": 412,
              "Plan Width": 160,
              "Sort Key": [
                "('store channel'::text)",
                "(('store'::text || (ssr.store_id)::text))"
              ],
              "Plans": [
                {
                  "Node Type": "Append",
                  "Parent Relationship": "Outer",
                  "Parallel Aware": false,
                  "Async Capable": false,
                  "Startup Cost": 784596.3,
                  "Total Cost": 1566775.74,
                  "Plan Rows": 412,
                  "Plan Width": 160,
                  "Subplans Removed": 0,
                  "Plans": [
                    {
                      "Node Type": "Subquery Scan",
                      "Parent Relationship": "Member",
                      "Parallel Aware": false,
                      "Async Capable": false,
                      "Alias": "ssr",
                      "Startup Cost": 784596.3,
                      "Total Cost": 784616.16,
                      "Plan Rows": 51,
                      "Plan Width": 160,
                      "Plans": [
                        {
                          "Node Type": "Aggregate",
                          "Strategy": "Sorted",
                          "Partial Mode": "Finalize",
                          "Parent Relationship": "Subquery",
                          "Parallel Aware": false,
                          "Async Capable": false,
                          "Startup Cost": 784596.3,
                          "Total Cost": 784615.39,
                          "Plan Rows": 51,
                          "Plan Width": 113,
                          "Group Key": [
                            "store.s_store_id"
                          ],
                          "Plans": [
                            {
                              "Node Type": "Gather Merge",
                              "Parent Relationship": "Outer",
                              "Parallel Aware": false,
                              "Async Capable": false,
                              "Startup Cost": 784596.3,
                              "Total Cost": 784612.71,
                              "Plan Rows": 102,
                              "Plan Width": 113,
                              "Workers Planned": 2,
                              "Plans": [
                                {
                                  "Node Type": "Aggregate",
                                  "Strategy": "Sorted",
                                  "Partial Mode": "Partial",
                                  "Parent Relationship": "Outer",
                                  "Parallel Aware": false,
                                  "Async Capable": false,
                                  "Startup Cost": 783596.27,
                                  "Total Cost": 783600.92,
                                  "Plan Rows": 51,
                                  "Plan Width": 113,
                                  "Group Key": [
                                    "store.s_store_id"
                                  ],
                                  "Plans": [
                                    {
                                      "Node Type": "Sort",
                                      "Parent Relationship": "Outer",
                                      "Parallel Aware": false,
                                      "Async Capable": false,
                                      "Startup Cost": 783596.27,
                                      "Total Cost": 783596.9,
                                      "Plan Rows": 250,
                                      "Plan Width": 41,
                                      "Sort Key": [
                                        "store.s_store_id"
                                      ],
                                      "Plans": [
                                        {
                                          "Node Type": "Hash Join",
                                          "Parent Relationship": "Outer",
                                          "Parallel Aware": false,
                                          "Async Capable": false,
                                          "Join Type": "Inner",
                                          "Startup Cost": 94489.35,
                                          "Total Cost": 783586.32,
                                          "Plan Rows": 250,
                                          "Plan Width": 41,
                                          "Inner Unique": false,
                                          "Hash Cond": "(store_sales.ss_store_sk = store.s_store_sk)",
                                          "Plans": [
                                            {
                                              "Node Type": "Hash Join",
                                              "Parent Relationship": "Outer",
                                              "Parallel Aware": false,
                                              "Async Capable": false,
                                              "Join Type": "Inner",
                                              "Startup Cost": 94482.05,
                                              "Total Cost": 783575.54,
                                              "Plan Rows": 262,
                                              "Plan Width": 28,
                                              "Inner Unique": false,
                                              "Hash Cond": "(store_sales.ss_promo_sk = promotion.p_promo_sk)",
                                              "Plans": [
                                                {
                                                  "Node Type": "Hash Join",
                                                  "Parent Relationship": "Outer",
                                                  "Parallel Aware": true,
                                                  "Async Capable": false,
                                                  "Join Type": "Inner",
                                                  "Startup Cost": 94456.65,
                                                  "Total Cost": 783546.47,
                                                  "Plan Rows": 279,
                                                  "Plan Width": 32,
                                                  "Inner Unique": false,
                                                  "Hash Cond": "(store_sales.ss_item_sk = item.i_item_sk)",
                                                  "Plans": [
                                                    {
                                                      "Node Type": "Hash Join",
                                                      "Parent Relationship": "Outer",
                                                      "Parallel Aware": true,
                                                      "Async Capable": false,
                                                      "Join Type": "Left",
                                                      "Startup Cost": 86930.88,
                                                      "Total Cost": 776001.31,
                                                      "Plan Rows": 4860,
                                                      "Plan Width": 36,
                                                      "Inner Unique": false,
                                                      "Hash Cond": "((store_sales.ss_item_sk = store_returns.sr_item_sk) AND (store_sales.ss_ticket_number = store_returns.sr_ticket_number))",
                                                      "Plans": [
                                                        {
                                                          "Node Type": "Hash Join",
                                                          "Parent Relationship": "Outer",
                                                          "Parallel Aware": true,
                                                          "Async Capable": false,
                                                          "Join Type": "Inner",
                                                          "Startup Cost": 2049.78,
                                                          "Total Cost": 683994.75,
                                                          "Plan Rows": 4860,
                                                          "Plan Width": 28,
                                                          "Inner Unique": false,
                                                          "Hash Cond": "(store_sales.ss_sold_date_sk = date_dim.d_date_sk)",
                                                          "Plans": [
                                                            {
                                                              "Node Type": "Seq Scan",
                                                              "Parent Relationship": "Outer",
                                                              "Parallel Aware": true,
                                                              "Async Capable": false,
                                                              "Relation Name": "store_sales",
                                                              "Alias": "store_sales",
                                                              "Startup Cost": 0.0,
                                                              "Total Cost": 636914.37,
                                                              "Plan Rows": 12000637,
                                                              "Plan Width": 32,
                                                              "parent": 13,
                                                              "ID": 14
                                                            },
                                                            {
                                                              "Node Type": "Hash",
                                                              "Parent Relationship": "Inner",
                                                              "Parallel Aware": true,
                                                              "Async Capable": false,
                                                              "Startup Cost": 2049.55,
                                                              "Total Cost": 2049.55,
                                                              "Plan Rows": 18,
                                                              "Plan Width": 4,
                                                              "Plans": [
                                                                {
                                                                  "Node Type": "Seq Scan",
                                                                  "Parent Relationship": "Outer",
                                                                  "Parallel Aware": true,
                                                                  "Async Capable": false,
                                                                  "Relation Name": "date_dim",
                                                                  "Alias": "date_dim",
                                                                  "Startup Cost": 0.0,
                                                                  "Total Cost": 2049.55,
                                                                  "Plan Rows": 18,
                                                                  "Plan Width": 4,
                                                                  "Filter": "((d_date >= '2000-08-02'::date) AND (d_date <= '2000-09-01 00:00:00'::timestamp without time zone))",
                                                                  "parent": 15,
                                                                  "ID": 16
                                                                }
                                                              ],
                                                              "parent": 13,
                                                              "ID": 15,
                                                              "left": 16
                                                            }
                                                          ],
                                                          "parent": 12,
                                                          "ID": 13,
                                                          "left": 14,
                                                          "right": 15
                                                        },
                                                        {
                                                          "Node Type": "Hash",
                                                          "Parent Relationship": "Inner",
                                                          "Parallel Aware": true,
                                                          "Async Capable": false,
                                                          "Startup Cost": 59887.64,
                                                          "Total Cost": 59887.64,
                                                          "Plan Rows": 1198164,
                                                          "Plan Width": 20,
                                                          "Plans": [
                                                            {
                                                              "Node Type": "Seq Scan",
                                                              "Parent Relationship": "Outer",
                                                              "Parallel Aware": true,
                                                              "Async Capable": false,
                                                              "Relation Name": "store_returns",
                                                              "Alias": "store_returns",
                                                              "Startup Cost": 0.0,
                                                              "Total Cost": 59887.64,
                                                              "Plan Rows": 1198164,
                                                              "Plan Width": 20,
                                                              "parent": 17,
                                                              "ID": 18
                                                            }
                                                          ],
                                                          "parent": 12,
                                                          "ID": 17,
                                                          "left": 18
                                                        }
                                                      ],
                                                      "parent": 11,
                                                      "ID": 12,
                                                      "left": 13,
                                                      "right": 17
                                                    },
                                                    {
                                                      "Node Type": "Hash",
                                                      "Parent Relationship": "Inner",
                                                      "Parallel Aware": true,
                                                      "Async Capable": false,
                                                      "Startup Cost": 7495.25,
                                                      "Total Cost": 7495.25,
                                                      "Plan Rows": 2442,
                                                      "Plan Width": 4,
                                                      "Plans": [
                                                        {
                                                          "Node Type": "Seq Scan",
                                                          "Parent Relationship": "Outer",
                                                          "Parallel Aware": true,
                                                          "Async Capable": false,
                                                          "Relation Name": "item",
                                                          "Alias": "item",
                                                          "Startup Cost": 0.0,
                                                          "Total Cost": 7495.25,
                                                          "Plan Rows": 2442,
                                                          "Plan Width": 4,
                                                          "Filter": "(i_current_price > '50'::numeric)",
                                                          "parent": 19,
                                                          "ID": 20
                                                        }
                                                      ],
                                                      "parent": 11,
                                                      "ID": 19,
                                                      "left": 20
                                                    }
                                                  ],
                                                  "parent": 10,
                                                  "ID": 11,
                                                  "left": 12,
                                                  "right": 19
                                                },
                                                {
                                                  "Node Type": "Hash",
                                                  "Parent Relationship": "Inner",
                                                  "Parallel Aware": false,
                                                  "Async Capable": false,
                                                  "Startup Cost": 19.25,
                                                  "Total Cost": 19.25,
                                                  "Plan Rows": 492,
                                                  "Plan Width": 4,
                                                  "Plans": [
                                                    {
                                                      "Node Type": "Seq Scan",
                                                      "Parent Relationship": "Outer",
                                                      "Parallel Aware": false,
                                                      "Async Capable": false,
                                                      "Relation Name": "promotion",
                                                      "Alias": "promotion",
                                                      "Startup Cost": 0.0,
                                                      "Total Cost": 19.25,
                                                      "Plan Rows": 492,
                                                      "Plan Width": 4,
                                                      "Filter": "(p_channel_tv = 'N'::bpchar)",
                                                      "parent": 21,
                                                      "ID": 22
                                                    }
                                                  ],
                                                  "parent": 10,
                                                  "ID": 21,
                                                  "left": 22
                                                }
                                              ],
                                              "parent": 9,
                                              "ID": 10,
                                              "left": 11,
                                              "right": 21
                                            },
                                            {
                                              "Node Type": "Hash",
                                              "Parent Relationship": "Inner",
                                              "Parallel Aware": false,
                                              "Async Capable": false,
                                              "Startup Cost": 6.02,
                                              "Total Cost": 6.02,
                                              "Plan Rows": 102,
                                              "Plan Width": 21,
                                              "Plans": [
                                                {
                                                  "Node Type": "Seq Scan",
                                                  "Parent Relationship": "Outer",
                                                  "Parallel Aware": false,
                                                  "Async Capable": false,
                                                  "Relation Name": "store",
                                                  "Alias": "store",
                                                  "Startup Cost": 0.0,
                                                  "Total Cost": 6.02,
                                                  "Plan Rows": 102,
                                                  "Plan Width": 21,
                                                  "parent": 23,
                                                  "ID": 24
                                                }
                                              ],
                                              "parent": 9,
                                              "ID": 23,
                                              "left": 24
                                            }
                                          ],
                                          "parent": 8,
                                          "ID": 9,
                                          "left": 10,
                                          "right": 23
                                        }
                                      ],
                                      "parent": 7,
                                      "ID": 8,
                                      "left": 9
                                    }
                                  ],
                                  "parent": 6,
                                  "ID": 7,
                                  "left": 8
                                }
                              ],
                              "parent": 5,
                              "ID": 6,
                              "left": 7
                            }
                          ],
                          "parent": 4,
                          "ID": 5,
                          "left": 6
                        }
                      ],
                      "parent": 3,
                      "ID": 4,
                      "left": 5
                    },
                    {
                      "Node Type": "Subquery Scan",
                      "Parent Relationship": "Member",
                      "Parallel Aware": false,
                      "Async Capable": false,
                      "Alias": "csr",
                      "Startup Cost": 518177.36,
                      "Total Cost": 518230.78,
                      "Plan Rows": 340,
                      "Plan Width": 160,
                      "Plans": [
                        {
                          "Node Type": "Aggregate",
                          "Strategy": "Sorted",
                          "Partial Mode": "Finalize",
                          "Parent Relationship": "Subquery",
                          "Parallel Aware": false,
                          "Async Capable": false,
                          "Startup Cost": 518177.36,
                          "Total Cost": 518225.68,
                          "Plan Rows": 340,
                          "Plan Width": 113,
                          "Group Key": [
                            "catalog_page.cp_catalog_page_id"
                          ],
                          "Plans": [
                            {
                              "Node Type": "Gather Merge",
                              "Parent Relationship": "Outer",
                              "Parallel Aware": false,
                              "Async Capable": false,
                              "Startup Cost": 518177.36,
                              "Total Cost": 518214.76,
                              "Plan Rows": 284,
                              "Plan Width": 113,
                              "Workers Planned": 2,
                              "Plans": [
                                {
                                  "Node Type": "Aggregate",
                                  "Strategy": "Sorted",
                                  "Partial Mode": "Partial",
                                  "Parent Relationship": "Outer",
                                  "Parallel Aware": false,
                                  "Async Capable": false,
                                  "Startup Cost": 517177.34,
                                  "Total Cost": 517181.95,
                                  "Plan Rows": 142,
                                  "Plan Width": 113,
                                  "Group Key": [
                                    "catalog_page.cp_catalog_page_id"
                                  ],
                                  "Plans": [
                                    {
                                      "Node Type": "Sort",
                                      "Parent Relationship": "Outer",
                                      "Parallel Aware": false,
                                      "Async Capable": false,
                                      "Startup Cost": 517177.34,
                                      "Total Cost": 517177.69,
                                      "Plan Rows": 142,
                                      "Plan Width": 41,
                                      "Sort Key": [
                                        "catalog_page.cp_catalog_page_id"
                                      ],
                                      "Plans": [
                                        {
                                          "Node Type": "Hash Join",
                                          "Parent Relationship": "Outer",
                                          "Parallel Aware": false,
                                          "Async Capable": false,
                                          "Join Type": "Inner",
                                          "Startup Cost": 57382.33,
                                          "Total Cost": 517172.26,
                                          "Plan Rows": 142,
                                          "Plan Width": 41,
                                          "Inner Unique": false,
                                          "Hash Cond": "(catalog_sales.cs_catalog_page_sk = catalog_page.cp_catalog_page_sk)",
                                          "Plans": [
                                            {
                                              "Node Type": "Hash Join",
                                              "Parent Relationship": "Outer",
                                              "Parallel Aware": false,
                                              "Async Capable": false,
                                              "Join Type": "Inner",
                                              "Startup Cost": 56864.33,
                                              "Total Cost": 516652.32,
                                              "Plan Rows": 142,
                                              "Plan Width": 28,
                                              "Inner Unique": false,
                                              "Hash Cond": "(catalog_sales.cs_promo_sk = promotion_1.p_promo_sk)",
                                              "Plans": [
                                                {
                                                  "Node Type": "Hash Join",
                                                  "Parent Relationship": "Outer",
                                                  "Parallel Aware": true,
                                                  "Async Capable": false,
                                                  "Join Type": "Inner",
                                                  "Startup Cost": 56838.93,
                                                  "Total Cost": 516624.96,
                                                  "Plan Rows": 145,
                                                  "Plan Width": 32,
                                                  "Inner Unique": false,
                                                  "Hash Cond": "(catalog_sales.cs_item_sk = item_1.i_item_sk)",
                                                  "Plans": [
                                                    {
                                                      "Node Type": "Hash Join",
                                                      "Parent Relationship": "Outer",
                                                      "Parallel Aware": true,
                                                      "Async Capable": false,
                                                      "Join Type": "Left",
                                                      "Startup Cost": 49313.15,
                                                      "Total Cost": 509089.08,
                                                      "Plan Rows": 2532,
                                                      "Plan Width": 36,
                                                      "Inner Unique": false,
                                                      "Hash Cond": "((catalog_sales.cs_item_sk = catalog_returns.cr_item_sk) AND (catalog_sales.cs_order_number = catalog_returns.cr_order_number))",
                                                      "Plans": [
                                                        {
                                                          "Node Type": "Hash Join",
                                                          "Parent Relationship": "Outer",
                                                          "Parallel Aware": true,
                                                          "Async Capable": false,
                                                          "Join Type": "Inner",
                                                          "Startup Cost": 2049.78,
                                                          "Total Cost": 458254.7,
                                                          "Plan Rows": 2532,
                                                          "Plan Width": 28,
                                                          "Inner Unique": false,
                                                          "Hash Cond": "(catalog_sales.cs_sold_date_sk = date_dim_1.d_date_sk)",
                                                          "Plans": [
                                                            {
                                                              "Node Type": "Seq Scan",
                                                              "Parent Relationship": "Outer",
                                                              "Parallel Aware": true,
                                                              "Async Capable": false,
                                                              "Relation Name": "catalog_sales",
                                                              "Alias": "catalog_sales",
                                                              "Startup Cost": 0.0,
                                                              "Total Cost": 433688.25,
                                                              "Plan Rows": 6000525,
                                                              "Plan Width": 32,
                                                              "parent": 34,
                                                              "ID": 35
                                                            },
                                                            {
                                                              "Node Type": "Hash",
                                                              "Parent Relationship": "Inner",
                                                              "Parallel Aware": true,
                                                              "Async Capable": false,
                                                              "Startup Cost": 2049.55,
                                                              "Total Cost": 2049.55,
                                                              "Plan Rows": 18,
                                                              "Plan Width": 4,
                                                              "Plans": [
                                                                {
                                                                  "Node Type": "Seq Scan",
                                                                  "Parent Relationship": "Outer",
                                                                  "Parallel Aware": true,
                                                                  "Async Capable": false,
                                                                  "Relation Name": "date_dim",
                                                                  "Alias": "date_dim_1",
                                                                  "Startup Cost": 0.0,
                                                                  "Total Cost": 2049.55,
                                                                  "Plan Rows": 18,
                                                                  "Plan Width": 4,
                                                                  "Filter": "((d_date >= '2000-08-02'::date) AND (d_date <= '2000-09-01 00:00:00'::timestamp without time zone))",
                                                                  "parent": 36,
                                                                  "ID": 37
                                                                }
                                                              ],
                                                              "parent": 34,
                                                              "ID": 36,
                                                              "left": 37
                                                            }
                                                          ],
                                                          "parent": 33,
                                                          "ID": 34,
                                                          "left": 35,
                                                          "right": 36
                                                        },
                                                        {
                                                          "Node Type": "Hash",
                                                          "Parent Relationship": "Inner",
                                                          "Parallel Aware": true,
                                                          "Async Capable": false,
                                                          "Startup Cost": 34748.95,
                                                          "Total Cost": 34748.95,
                                                          "Plan Rows": 599895,
                                                          "Plan Width": 20,
                                                          "Plans": [
                                                            {
                                                              "Node Type": "Seq Scan",
                                                              "Parent Relationship": "Outer",
                                                              "Parallel Aware": true,
                                                              "Async Capable": false,
                                                              "Relation Name": "catalog_returns",
                                                              "Alias": "catalog_returns",
                                                              "Startup Cost": 0.0,
                                                              "Total Cost": 34748.95,
                                                              "Plan Rows": 599895,
                                                              "Plan Width": 20,
                                                              "parent": 38,
                                                              "ID": 39
                                                            }
                                                          ],
                                                          "parent": 33,
                                                          "ID": 38,
                                                          "left": 39
                                                        }
                                                      ],
                                                      "parent": 32,
                                                      "ID": 33,
                                                      "left": 34,
                                                      "right": 38
                                                    },
                                                    {
                                                      "Node Type": "Hash",
                                                      "Parent Relationship": "Inner",
                                                      "Parallel Aware": true,
                                                      "Async Capable": false,
                                                      "Startup Cost": 7495.25,
                                                      "Total Cost": 7495.25,
                                                      "Plan Rows": 2442,
                                                      "Plan Width": 4,
                                                      "Plans": [
                                                        {
                                                          "Node Type": "Seq Scan",
                                                          "Parent Relationship": "Outer",
                                                          "Parallel Aware": true,
                                                          "Async Capable": false,
                                                          "Relation Name": "item",
                                                          "Alias": "item_1",
                                                          "Startup Cost": 0.0,
                                                          "Total Cost": 7495.25,
                                                          "Plan Rows": 2442,
                                                          "Plan Width": 4,
                                                          "Filter": "(i_current_price > '50'::numeric)",
                                                          "parent": 40,
                                                          "ID": 41
                                                        }
                                                      ],
                                                      "parent": 32,
                                                      "ID": 40,
                                                      "left": 41
                                                    }
                                                  ],
                                                  "parent": 31,
                                                  "ID": 32,
                                                  "left": 33,
                                                  "right": 40
                                                },
                                                {
                                                  "Node Type": "Hash",
                                                  "Parent Relationship": "Inner",
                                                  "Parallel Aware": false,
                                                  "Async Capable": false,
                                                  "Startup Cost": 19.25,
                                                  "Total Cost": 19.25,
                                                  "Plan Rows": 492,
                                                  "Plan Width": 4,
                                                  "Plans": [
                                                    {
                                                      "Node Type": "Seq Scan",
                                                      "Parent Relationship": "Outer",
                                                      "Parallel Aware": false,
                                                      "Async Capable": false,
                                                      "Relation Name": "promotion",
                                                      "Alias": "promotion_1",
                                                      "Startup Cost": 0.0,
                                                      "Total Cost": 19.25,
                                                      "Plan Rows": 492,
                                                      "Plan Width": 4,
                                                      "Filter": "(p_channel_tv = 'N'::bpchar)",
                                                      "parent": 42,
                                                      "ID": 43
                                                    }
                                                  ],
                                                  "parent": 31,
                                                  "ID": 42,
                                                  "left": 43
                                                }
                                              ],
                                              "parent": 30,
                                              "ID": 31,
                                              "left": 32,
                                              "right": 42
                                            },
                                            {
                                              "Node Type": "Hash",
                                              "Parent Relationship": "Inner",
                                              "Parallel Aware": false,
                                              "Async Capable": false,
                                              "Startup Cost": 368.0,
                                              "Total Cost": 368.0,
                                              "Plan Rows": 12000,
                                              "Plan Width": 21,
                                              "Plans": [
                                                {
                                                  "Node Type": "Seq Scan",
                                                  "Parent Relationship": "Outer",
                                                  "Parallel Aware": false,
                                                  "Async Capable": false,
                                                  "Relation Name": "catalog_page",
                                                  "Alias": "catalog_page",
                                                  "Startup Cost": 0.0,
                                                  "Total Cost": 368.0,
                                                  "Plan Rows": 12000,
                                                  "Plan Width": 21,
                                                  "parent": 44,
                                                  "ID": 45
                                                }
                                              ],
                                              "parent": 30,
                                              "ID": 44,
                                              "left": 45
                                            }
                                          ],
                                          "parent": 29,
                                          "ID": 30,
                                          "left": 31,
                                          "right": 44
                                        }
                                      ],
                                      "parent": 28,
                                      "ID": 29,
                                      "left": 30
                                    }
                                  ],
                                  "parent": 27,
                                  "ID": 28,
                                  "left": 29
                                }
                              ],
                              "parent": 26,
                              "ID": 27,
                              "left": 28
                            }
                          ],
                          "parent": 25,
                          "ID": 26,
                          "left": 27
                        }
                      ],
                      "parent": 3,
                      "ID": 25,
                      "left": 26
                    },
                    {
                      "Node Type": "Subquery Scan",
                      "Parent Relationship": "Member",
                      "Parallel Aware": false,
                      "Async Capable": false,
                      "Alias": "wsr",
                      "Startup Cost": 263919.04,
                      "Total Cost": 263926.75,
                      "Plan Rows": 21,
                      "Plan Width": 160,
                      "Plans": [
                        {
                          "Node Type": "Aggregate",
                          "Strategy": "Sorted",
                          "Partial Mode": "Finalize",
                          "Parent Relationship": "Subquery",
                          "Parallel Aware": false,
                          "Async Capable": false,
                          "Startup Cost": 263919.04,
                          "Total Cost": 263926.43,
                          "Plan Rows": 21,
                          "Plan Width": 113,
                          "Group Key": [
                            "web_site.web_site_id"
                          ],
                          "Plans": [
                            {
                              "Node Type": "Gather Merge",
                              "Parent Relationship": "Outer",
                              "Parallel Aware": false,
                              "Async Capable": false,
                              "Startup Cost": 263919.04,
                              "Total Cost": 263925.33,
                              "Plan Rows": 42,
                              "Plan Width": 113,
                              "Workers Planned": 2,
                              "Plans": [
                                {
                                  "Node Type": "Aggregate",
                                  "Strategy": "Sorted",
                                  "Partial Mode": "Partial",
                                  "Parent Relationship": "Outer",
                                  "Parallel Aware": false,
                                  "Async Capable": false,
                                  "Startup Cost": 262919.01,
                                  "Total Cost": 262920.46,
                                  "Plan Rows": 21,
                                  "Plan Width": 113,
                                  "Group Key": [
                                    "web_site.web_site_id"
                                  ],
                                  "Plans": [
                                    {
                                      "Node Type": "Sort",
                                      "Parent Relationship": "Outer",
                                      "Parallel Aware": false,
                                      "Async Capable": false,
                                      "Startup Cost": 262919.01,
                                      "Total Cost": 262919.19,
                                      "Plan Rows": 72,
                                      "Plan Width": 41,
                                      "Sort Key": [
                                        "web_site.web_site_id"
                                      ],
                                      "Plans": [
                                        {
                                          "Node Type": "Hash Join",
                                          "Parent Relationship": "Outer",
                                          "Parallel Aware": false,
                                          "Async Capable": false,
                                          "Join Type": "Inner",
                                          "Startup Cost": 32134.74,
                                          "Total Cost": 262916.79,
                                          "Plan Rows": 72,
                                          "Plan Width": 41,
                                          "Inner Unique": false,
                                          "Hash Cond": "(web_sales.ws_web_site_sk = web_site.web_site_sk)",
                                          "Plans": [
                                            {
                                              "Node Type": "Hash Join",
                                              "Parent Relationship": "Outer",
                                              "Parallel Aware": false,
                                              "Async Capable": false,
                                              "Join Type": "Inner",
                                              "Startup Cost": 32130.8,
                                              "Total Cost": 262911.86,
                                              "Plan Rows": 72,
                                              "Plan Width": 28,
                                              "Inner Unique": false,
                                              "Hash Cond": "(web_sales.ws_promo_sk = promotion_2.p_promo_sk)",
                                              "Plans": [
                                                {
                                                  "Node Type": "Hash Join",
                                                  "Parent Relationship": "Outer",
                                                  "Parallel Aware": true,
                                                  "Async Capable": false,
                                                  "Join Type": "Inner",
                                                  "Startup Cost": 32105.4,
                                                  "Total Cost": 262885.46,
                                                  "Plan Rows": 73,
                                                  "Plan Width": 32,
                                                  "Inner Unique": false,
                                                  "Hash Cond": "(web_sales.ws_item_sk = item_2.i_item_sk)",
                                                  "Plans": [
                                                    {
                                                      "Node Type": "Hash Join",
                                                      "Parent Relationship": "Outer",
                                                      "Parallel Aware": true,
                                                      "Async Capable": false,
                                                      "Join Type": "Left",
                                                      "Startup Cost": 24579.62,
                                                      "Total Cost": 255354.62,
                                                      "Plan Rows": 1272,
                                                      "Plan Width": 36,
                                                      "Inner Unique": false,
                                                      "Hash Cond": "((web_sales.ws_item_sk = web_returns.wr_item_sk) AND (web_sales.ws_order_number = web_returns.wr_order_number))",
                                                      "Plans": [
                                                        {
                                                          "Node Type": "Hash Join",
                                                          "Parent Relationship": "Outer",
                                                          "Parallel Aware": true,
                                                          "Async Capable": false,
                                                          "Join Type": "Inner",
                                                          "Startup Cost": 2049.78,
                                                          "Total Cost": 231041.22,
                                                          "Plan Rows": 1272,
                                                          "Plan Width": 28,
                                                          "Inner Unique": false,
                                                          "Hash Cond": "(web_sales.ws_sold_date_sk = date_dim_2.d_date_sk)",
                                                          "Plans": [
                                                            {
                                                              "Node Type": "Seq Scan",
                                                              "Parent Relationship": "Outer",
                                                              "Parallel Aware": true,
                                                              "Async Capable": false,
                                                              "Relation Name": "web_sales",
                                                              "Alias": "web_sales",
                                                              "Startup Cost": 0.0,
                                                              "Total Cost": 217737.86,
                                                              "Plan Rows": 2998986,
                                                              "Plan Width": 32,
                                                              "parent": 55,
                                                              "ID": 56
                                                            },
                                                            {
                                                              "Node Type": "Hash",
                                                              "Parent Relationship": "Inner",
                                                              "Parallel Aware": true,
                                                              "Async Capable": false,
                                                              "Startup Cost": 2049.55,
                                                              "Total Cost": 2049.55,
                                                              "Plan Rows": 18,
                                                              "Plan Width": 4,
                                                              "Plans": [
                                                                {
                                                                  "Node Type": "Seq Scan",
                                                                  "Parent Relationship": "Outer",
                                                                  "Parallel Aware": true,
                                                                  "Async Capable": false,
                                                                  "Relation Name": "date_dim",
                                                                  "Alias": "date_dim_2",
                                                                  "Startup Cost": 0.0,
                                                                  "Total Cost": 2049.55,
                                                                  "Plan Rows": 18,
                                                                  "Plan Width": 4,
                                                                  "Filter": "((d_date >= '2000-08-02'::date) AND (d_date <= '2000-09-01 00:00:00'::timestamp without time zone))",
                                                                  "parent": 57,
                                                                  "ID": 58
                                                                }
                                                              ],
                                                              "parent": 55,
                                                              "ID": 57,
                                                              "left": 58
                                                            }
                                                          ],
                                                          "parent": 54,
                                                          "ID": 55,
                                                          "left": 56,
                                                          "right": 57
                                                        },
                                                        {
                                                          "Node Type": "Hash",
                                                          "Parent Relationship": "Inner",
                                                          "Parallel Aware": true,
                                                          "Async Capable": false,
                                                          "Startup Cost": 16278.74,
                                                          "Total Cost": 16278.74,
                                                          "Plan Rows": 299674,
                                                          "Plan Width": 20,
                                                          "Plans": [
                                                            {
                                                              "Node Type": "Seq Scan",
                                                              "Parent Relationship": "Outer",
                                                              "Parallel Aware": true,
                                                              "Async Capable": false,
                                                              "Relation Name": "web_returns",
                                                              "Alias": "web_returns",
                                                              "Startup Cost": 0.0,
                                                              "Total Cost": 16278.74,
                                                              "Plan Rows": 299674,
                                                              "Plan Width": 20,
                                                              "parent": 59,
                                                              "ID": 60
                                                            }
                                                          ],
                                                          "parent": 54,
                                                          "ID": 59,
                                                          "left": 60
                                                        }
                                                      ],
                                                      "parent": 53,
                                                      "ID": 54,
                                                      "left": 55,
                                                      "right": 59
                                                    },
                                                    {
                                                      "Node Type": "Hash",
                                                      "Parent Relationship": "Inner",
                                                      "Parallel Aware": true,
                                                      "Async Capable": false,
                                                      "Startup Cost": 7495.25,
                                                      "Total Cost": 7495.25,
                                                      "Plan Rows": 2442,
                                                      "Plan Width": 4,
                                                      "Plans": [
                                                        {
                                                          "Node Type": "Seq Scan",
                                                          "Parent Relationship": "Outer",
                                                          "Parallel Aware": true,
                                                          "Async Capable": false,
                                                          "Relation Name": "item",
                                                          "Alias": "item_2",
                                                          "Startup Cost": 0.0,
                                                          "Total Cost": 7495.25,
                                                          "Plan Rows": 2442,
                                                          "Plan Width": 4,
                                                          "Filter": "(i_current_price > '50'::numeric)",
                                                          "parent": 61,
                                                          "ID": 62
                                                        }
                                                      ],
                                                      "parent": 53,
                                                      "ID": 61,
                                                      "left": 62
                                                    }
                                                  ],
                                                  "parent": 52,
                                                  "ID": 53,
                                                  "left": 54,
                                                  "right": 61
                                                },
                                                {
                                                  "Node Type": "Hash",
                                                  "Parent Relationship": "Inner",
                                                  "Parallel Aware": false,
                                                  "Async Capable": false,
                                                  "Startup Cost": 19.25,
                                                  "Total Cost": 19.25,
                                                  "Plan Rows": 492,
                                                  "Plan Width": 4,
                                                  "Plans": [
                                                    {
                                                      "Node Type": "Seq Scan",
                                                      "Parent Relationship": "Outer",
                                                      "Parallel Aware": false,
                                                      "Async Capable": false,
                                                      "Relation Name": "promotion",
                                                      "Alias": "promotion_2",
                                                      "Startup Cost": 0.0,
                                                      "Total Cost": 19.25,
                                                      "Plan Rows": 492,
                                                      "Plan Width": 4,
                                                      "Filter": "(p_channel_tv = 'N'::bpchar)",
                                                      "parent": 63,
                                                      "ID": 64
                                                    }
                                                  ],
                                                  "parent": 52,
                                                  "ID": 63,
                                                  "left": 64
                                                }
                                              ],
                                              "parent": 51,
                                              "ID": 52,
                                              "left": 53,
                                              "right": 63
                                            },
                                            {
                                              "Node Type": "Hash",
                                              "Parent Relationship": "Inner",
                                              "Parallel Aware": false,
                                              "Async Capable": false,
                                              "Startup Cost": 3.42,
                                              "Total Cost": 3.42,
                                              "Plan Rows": 42,
                                              "Plan Width": 21,
                                              "Plans": [
                                                {
                                                  "Node Type": "Seq Scan",
                                                  "Parent Relationship": "Outer",
                                                  "Parallel Aware": false,
                                                  "Async Capable": false,
                                                  "Relation Name": "web_site",
                                                  "Alias": "web_site",
                                                  "Startup Cost": 0.0,
                                                  "Total Cost": 3.42,
                                                  "Plan Rows": 42,
                                                  "Plan Width": 21,
                                                  "parent": 65,
                                                  "ID": 66
                                                }
                                              ],
                                              "parent": 51,
                                              "ID": 65,
                                              "left": 66
                                            }
                                          ],
                                          "parent": 50,
                                          "ID": 51,
                                          "left": 52,
                                          "right": 65
                                        }
                                      ],
                                      "parent": 49,
                                      "ID": 50,
                                      "left": 51
                                    }
                                  ],
                                  "parent": 48,
                                  "ID": 49,
                                  "left": 50
                                }
                              ],
                              "parent": 47,
                              "ID": 48,
                              "left": 49
                            }
                          ],
                          "parent": 46,
                          "ID": 47,
                          "left": 48
                        }
                      ],
                      "parent": 3,
                      "ID": 46,
                      "left": 47
                    }
                  ],
                  "parent": 2,
                  "ID": 3,
                  "left": 4,
                  "right": 25
                }
              ],
              "parent": 1,
              "ID": 2,
              "left": 3
            }
          ],
          "parent": 0,
          "ID": 1,
          "left": 2
        }
      ],
      "parent": null,
      "ID": 0,
      "left": 1
    },
    "feat": {
      "utility": 2.087434344565406e-06,
      "query_shape": [
        [
          "Seq Scan",
          "Hash Join",
          "Sort",
          "Aggregate",
          "Gather Merge",
          "Subquery Scan",
          "Append"
        ],
        [
          "Seq Scan",
          "Hash",
          "Hash Join",
          "Sort",
          "Aggregate",
          "Gather Merge",
          "Subquery Scan",
          "Append"
        ],
        [
          "Seq Scan",
          "Hash",
          "Hash Join",
          "Sort",
          "Aggregate",
          "Gather Merge",
          "Subquery Scan",
          "Append"
        ],
        [
          "Seq Scan",
          "Hash",
          "Hash Join",
          "Sort",
          "Aggregate",
          "Gather Merge",
          "Subquery Scan",
          "Append"
        ],
        [
          "Seq Scan",
          "Hash",
          "Hash Join",
          "Sort",
          "Aggregate",
          "Gather Merge",
          "Subquery Scan",
          "Append"
        ],
        [
          "Seq Scan",
          "Hash",
          "Hash Join",
          "Sort",
          "Aggregate",
          "Gather Merge",
          "Subquery Scan",
          "Append"
        ],
        [
          "Seq Scan",
          "Hash Join",
          "Sort",
          "Aggregate",
          "Gather Merge",
          "Subquery Scan",
          "Append"
        ],
        [
          "Seq Scan",
          "Hash",
          "Hash Join",
          "Sort",
          "Aggregate",
          "Gather Merge",
          "Subquery Scan",
          "Append"
        ],
        [
          "Seq Scan",
          "Hash",
          "Hash Join",
          "Sort",
          "Aggregate",
          "Gather Merge",
          "Subquery Scan",
          "Append"
        ],
        [
          "Seq Scan",
          "Hash",
          "Hash Join",
          "Sort",
          "Aggregate",
          "Gather Merge",
          "Subquery Scan",
          "Append"
        ],
        [
          "Seq Scan",
          "Hash",
          "Hash Join",
          "Sort",
          "Aggregate",
          "Gather Merge",
          "Subquery Scan",
          "Append"
        ],
        [
          "Seq Scan",
          "Hash",
          "Hash Join",
          "Sort",
          "Aggregate",
          "Gather Merge",
          "Subquery Scan",
          "Append"
        ],
        [
          "Seq Scan",
          "Hash Join",
          "Sort",
          "Aggregate",
          "Gather Merge",
          "Subquery Scan",
          "Append"
        ],
        [
          "Seq Scan",
          "Hash",
          "Hash Join",
          "Sort",
          "Aggregate",
          "Gather Merge",
          "Subquery Scan",
          "Append"
        ],
        [
          "Seq Scan",
          "Hash",
          "Hash Join",
          "Sort",
          "Aggregate",
          "Gather Merge",
          "Subquery Scan",
          "Append"
        ],
        [
          "Seq Scan",
          "Hash",
          "Hash Join",
          "Sort",
          "Aggregate",
          "Gather Merge",
          "Subquery Scan",
          "Append"
        ],
        [
          "Seq Scan",
          "Hash",
          "Hash Join",
          "Sort",
          "Aggregate",
          "Gather Merge",
          "Subquery Scan",
          "Append"
        ],
        [
          "Seq Scan",
          "Hash",
          "Hash Join",
          "Sort",
          "Aggregate",
          "Gather Merge",
          "Subquery Scan",
          "Append"
        ]
      ],
      "index_shape": [
        "join"
      ],
      "physical_operator": {
        "Hash Join": [
          0.04368838519250284
        ]
      }
    }
  },
  {
    "query": "with ssr as\n (select  s_store_id as store_id,\n          sum(ss_ext_sales_price) as sales,\n          sum(coalesce(sr_return_amt, 0)) as returns,\n          sum(ss_net_profit - coalesce(sr_net_loss, 0)) as profit\n  from store_sales left outer join store_returns on\n         (ss_item_sk = sr_item_sk and ss_ticket_number = sr_ticket_number),\n     date_dim,\n     store,\n     item,\n     promotion\n where ss_sold_date_sk = d_date_sk\n       and d_date between cast('2000-08-02' as date) \n                  and (cast('2000-08-02' as date) +  interval '30 days')\n       and ss_store_sk = s_store_sk\n       and ss_item_sk = i_item_sk\n       and i_current_price > 50\n       and ss_promo_sk = p_promo_sk\n       and p_channel_tv = 'N'\n group by s_store_id)\n ,\n csr as\n (select  cp_catalog_page_id as catalog_page_id,\n          sum(cs_ext_sales_price) as sales,\n          sum(coalesce(cr_return_amount, 0)) as returns,\n          sum(cs_net_profit - coalesce(cr_net_loss, 0)) as profit\n  from catalog_sales left outer join catalog_returns on\n         (cs_item_sk = cr_item_sk and cs_order_number = cr_order_number),\n     date_dim,\n     catalog_page,\n     item,\n     promotion\n where cs_sold_date_sk = d_date_sk\n       and d_date between cast('2000-08-02' as date)\n                  and (cast('2000-08-02' as date) +  interval '30 days')\n        and cs_catalog_page_sk = cp_catalog_page_sk\n       and cs_item_sk = i_item_sk\n       and i_current_price > 50\n       and cs_promo_sk = p_promo_sk\n       and p_channel_tv = 'N'\ngroup by cp_catalog_page_id)\n ,\n wsr as\n (select  web_site_id,\n          sum(ws_ext_sales_price) as sales,\n          sum(coalesce(wr_return_amt, 0)) as returns,\n          sum(ws_net_profit - coalesce(wr_net_loss, 0)) as profit\n  from web_sales left outer join web_returns on\n         (ws_item_sk = wr_item_sk and ws_order_number = wr_order_number),\n     date_dim,\n     web_site,\n     item,\n     promotion\n where ws_sold_date_sk = d_date_sk\n       and d_date between cast('2000-08-02' as date)\n                  and (cast('2000-08-02' as date) +  interval '30 days')\n        and ws_web_site_sk = web_site_sk\n       and ws_item_sk = i_item_sk\n       and i_current_price > 50\n       and ws_promo_sk = p_promo_sk\n       and p_channel_tv = 'N'\ngroup by web_site_id)\n  select  channel\n        , id\n        , sum(sales) as sales\n        , sum(returns) as returns\n        , sum(profit) as profit\n from \n (select 'store channel' as channel\n        , 'store' || store_id as id\n        , sales\n        , returns\n        , profit\n from   ssr\n union all\n select 'catalog channel' as channel\n        , 'catalog_page' || catalog_page_id as id\n        , sales\n        , returns\n        , profit\n from  csr\n union all\n select 'web channel' as channel\n        , 'web_site' || web_site_id as id\n        , sales\n        , returns\n        , profit\n from   wsr\n ) x\n group by rollup (channel, id)\n order by channel\n         ,id\n limit 100;\n\n-- end query 61 in stream 4 using template query80.tpl\n",
    "indexes": "store_sales.ss_ticket_number",
    "wo plan est": {
      "Node Type": "Limit",
      "Parallel Aware": false,
      "Async Capable": false,
      "Startup Cost": 1566793.64,
      "Total Cost": 1566796.93,
      "Plan Rows": 100,
      "Plan Width": 160,
      "Plans": [
        {
          "Node Type": "Aggregate",
          "Strategy": "Sorted",
          "Partial Mode": "Simple",
          "Parent Relationship": "Outer",
          "Parallel Aware": false,
          "Async Capable": false,
          "Startup Cost": 1566793.64,
          "Total Cost": 1566806.84,
          "Plan Rows": 401,
          "Plan Width": 160,
          "Grouping Sets": [
            {
              "Group Keys": [
                [
                  "('store channel'::text)",
                  "(('store'::text || (ssr.store_id)::text))"
                ],
                [
                  "('store channel'::text)"
                ],
                []
              ]
            }
          ],
          "Plans": [
            {
              "Node Type": "Sort",
              "Parent Relationship": "Outer",
              "Parallel Aware": false,
              "Async Capable": false,
              "Startup Cost": 1566793.64,
              "Total Cost": 1566794.67,
              "Plan Rows": 412,
              "Plan Width": 160,
              "Sort Key": [
                "('store channel'::text)",
                "(('store'::text || (ssr.store_id)::text))"
              ],
              "Plans": [
                {
                  "Node Type": "Append",
                  "Parent Relationship": "Outer",
                  "Parallel Aware": false,
                  "Async Capable": false,
                  "Startup Cost": 784596.3,
                  "Total Cost": 1566775.74,
                  "Plan Rows": 412,
                  "Plan Width": 160,
                  "Subplans Removed": 0,
                  "Plans": [
                    {
                      "Node Type": "Subquery Scan",
                      "Parent Relationship": "Member",
                      "Parallel Aware": false,
                      "Async Capable": false,
                      "Alias": "ssr",
                      "Startup Cost": 784596.3,
                      "Total Cost": 784616.16,
                      "Plan Rows": 51,
                      "Plan Width": 160,
                      "Plans": [
                        {
                          "Node Type": "Aggregate",
                          "Strategy": "Sorted",
                          "Partial Mode": "Finalize",
                          "Parent Relationship": "Subquery",
                          "Parallel Aware": false,
                          "Async Capable": false,
                          "Startup Cost": 784596.3,
                          "Total Cost": 784615.39,
                          "Plan Rows": 51,
                          "Plan Width": 113,
                          "Group Key": [
                            "store.s_store_id"
                          ],
                          "Plans": [
                            {
                              "Node Type": "Gather Merge",
                              "Parent Relationship": "Outer",
                              "Parallel Aware": false,
                              "Async Capable": false,
                              "Startup Cost": 784596.3,
                              "Total Cost": 784612.71,
                              "Plan Rows": 102,
                              "Plan Width": 113,
                              "Workers Planned": 2,
                              "Plans": [
                                {
                                  "Node Type": "Aggregate",
                                  "Strategy": "Sorted",
                                  "Partial Mode": "Partial",
                                  "Parent Relationship": "Outer",
                                  "Parallel Aware": false,
                                  "Async Capable": false,
                                  "Startup Cost": 783596.27,
                                  "Total Cost": 783600.92,
                                  "Plan Rows": 51,
                                  "Plan Width": 113,
                                  "Group Key": [
                                    "store.s_store_id"
                                  ],
                                  "Plans": [
                                    {
                                      "Node Type": "Sort",
                                      "Parent Relationship": "Outer",
                                      "Parallel Aware": false,
                                      "Async Capable": false,
                                      "Startup Cost": 783596.27,
                                      "Total Cost": 783596.9,
                                      "Plan Rows": 250,
                                      "Plan Width": 41,
                                      "Sort Key": [
                                        "store.s_store_id"
                                      ],
                                      "Plans": [
                                        {
                                          "Node Type": "Hash Join",
                                          "Parent Relationship": "Outer",
                                          "Parallel Aware": false,
                                          "Async Capable": false,
                                          "Join Type": "Inner",
                                          "Startup Cost": 94489.35,
                                          "Total Cost": 783586.32,
                                          "Plan Rows": 250,
                                          "Plan Width": 41,
                                          "Inner Unique": false,
                                          "Hash Cond": "(store_sales.ss_store_sk = store.s_store_sk)",
                                          "Plans": [
                                            {
                                              "Node Type": "Hash Join",
                                              "Parent Relationship": "Outer",
                                              "Parallel Aware": false,
                                              "Async Capable": false,
                                              "Join Type": "Inner",
                                              "Startup Cost": 94482.05,
                                              "Total Cost": 783575.54,
                                              "Plan Rows": 262,
                                              "Plan Width": 28,
                                              "Inner Unique": false,
                                              "Hash Cond": "(store_sales.ss_promo_sk = promotion.p_promo_sk)",
                                              "Plans": [
                                                {
                                                  "Node Type": "Hash Join",
                                                  "Parent Relationship": "Outer",
                                                  "Parallel Aware": true,
                                                  "Async Capable": false,
                                                  "Join Type": "Inner",
                                                  "Startup Cost": 94456.65,
                                                  "Total Cost": 783546.47,
                                                  "Plan Rows": 279,
                                                  "Plan Width": 32,
                                                  "Inner Unique": false,
                                                  "Hash Cond": "(store_sales.ss_item_sk = item.i_item_sk)",
                                                  "Plans": [
                                                    {
                                                      "Node Type": "Hash Join",
                                                      "Parent Relationship": "Outer",
                                                      "Parallel Aware": true,
                                                      "Async Capable": false,
                                                      "Join Type": "Left",
                                                      "Startup Cost": 86930.88,
                                                      "Total Cost": 776001.31,
                                                      "Plan Rows": 4860,
                                                      "Plan Width": 36,
                                                      "Inner Unique": false,
                                                      "Hash Cond": "((store_sales.ss_item_sk = store_returns.sr_item_sk) AND (store_sales.ss_ticket_number = store_returns.sr_ticket_number))",
                                                      "Plans": [
                                                        {
                                                          "Node Type": "Hash Join",
                                                          "Parent Relationship": "Outer",
                                                          "Parallel Aware": true,
                                                          "Async Capable": false,
                                                          "Join Type": "Inner",
                                                          "Startup Cost": 2049.78,
                                                          "Total Cost": 683994.75,
                                                          "Plan Rows": 4860,
                                                          "Plan Width": 28,
                                                          "Inner Unique": false,
                                                          "Hash Cond": "(store_sales.ss_sold_date_sk = date_dim.d_date_sk)",
                                                          "Plans": [
                                                            {
                                                              "Node Type": "Seq Scan",
                                                              "Parent Relationship": "Outer",
                                                              "Parallel Aware": true,
                                                              "Async Capable": false,
                                                              "Relation Name": "store_sales",
                                                              "Alias": "store_sales",
                                                              "Startup Cost": 0.0,
                                                              "Total Cost": 636914.37,
                                                              "Plan Rows": 12000637,
                                                              "Plan Width": 32,
                                                              "parent": 13,
                                                              "ID": 14
                                                            },
                                                            {
                                                              "Node Type": "Hash",
                                                              "Parent Relationship": "Inner",
                                                              "Parallel Aware": true,
                                                              "Async Capable": false,
                                                              "Startup Cost": 2049.55,
                                                              "Total Cost": 2049.55,
                                                              "Plan Rows": 18,
                                                              "Plan Width": 4,
                                                              "Plans": [
                                                                {
                                                                  "Node Type": "Seq Scan",
                                                                  "Parent Relationship": "Outer",
                                                                  "Parallel Aware": true,
                                                                  "Async Capable": false,
                                                                  "Relation Name": "date_dim",
                                                                  "Alias": "date_dim",
                                                                  "Startup Cost": 0.0,
                                                                  "Total Cost": 2049.55,
                                                                  "Plan Rows": 18,
                                                                  "Plan Width": 4,
                                                                  "Filter": "((d_date >= '2000-08-02'::date) AND (d_date <= '2000-09-01 00:00:00'::timestamp without time zone))",
                                                                  "parent": 15,
                                                                  "ID": 16
                                                                }
                                                              ],
                                                              "parent": 13,
                                                              "ID": 15,
                                                              "left": 16
                                                            }
                                                          ],
                                                          "parent": 12,
                                                          "ID": 13,
                                                          "left": 14,
                                                          "right": 15
                                                        },
                                                        {
                                                          "Node Type": "Hash",
                                                          "Parent Relationship": "Inner",
                                                          "Parallel Aware": true,
                                                          "Async Capable": false,
                                                          "Startup Cost": 59887.64,
                                                          "Total Cost": 59887.64,
                                                          "Plan Rows": 1198164,
                                                          "Plan Width": 20,
                                                          "Plans": [
                                                            {
                                                              "Node Type": "Seq Scan",
                                                              "Parent Relationship": "Outer",
                                                              "Parallel Aware": true,
                                                              "Async Capable": false,
                                                              "Relation Name": "store_returns",
                                                              "Alias": "store_returns",
                                                              "Startup Cost": 0.0,
                                                              "Total Cost": 59887.64,
                                                              "Plan Rows": 1198164,
                                                              "Plan Width": 20,
                                                              "parent": 17,
                                                              "ID": 18
                                                            }
                                                          ],
                                                          "parent": 12,
                                                          "ID": 17,
                                                          "left": 18
                                                        }
                                                      ],
                                                      "parent": 11,
                                                      "ID": 12,
                                                      "left": 13,
                                                      "right": 17
                                                    },
                                                    {
                                                      "Node Type": "Hash",
                                                      "Parent Relationship": "Inner",
                                                      "Parallel Aware": true,
                                                      "Async Capable": false,
                                                      "Startup Cost": 7495.25,
                                                      "Total Cost": 7495.25,
                                                      "Plan Rows": 2442,
                                                      "Plan Width": 4,
                                                      "Plans": [
                                                        {
                                                          "Node Type": "Seq Scan",
                                                          "Parent Relationship": "Outer",
                                                          "Parallel Aware": true,
                                                          "Async Capable": false,
                                                          "Relation Name": "item",
                                                          "Alias": "item",
                                                          "Startup Cost": 0.0,
                                                          "Total Cost": 7495.25,
                                                          "Plan Rows": 2442,
                                                          "Plan Width": 4,
                                                          "Filter": "(i_current_price > '50'::numeric)",
                                                          "parent": 19,
                                                          "ID": 20
                                                        }
                                                      ],
                                                      "parent": 11,
                                                      "ID": 19,
                                                      "left": 20
                                                    }
                                                  ],
                                                  "parent": 10,
                                                  "ID": 11,
                                                  "left": 12,
                                                  "right": 19
                                                },
                                                {
                                                  "Node Type": "Hash",
                                                  "Parent Relationship": "Inner",
                                                  "Parallel Aware": false,
                                                  "Async Capable": false,
                                                  "Startup Cost": 19.25,
                                                  "Total Cost": 19.25,
                                                  "Plan Rows": 492,
                                                  "Plan Width": 4,
                                                  "Plans": [
                                                    {
                                                      "Node Type": "Seq Scan",
                                                      "Parent Relationship": "Outer",
                                                      "Parallel Aware": false,
                                                      "Async Capable": false,
                                                      "Relation Name": "promotion",
                                                      "Alias": "promotion",
                                                      "Startup Cost": 0.0,
                                                      "Total Cost": 19.25,
                                                      "Plan Rows": 492,
                                                      "Plan Width": 4,
                                                      "Filter": "(p_channel_tv = 'N'::bpchar)",
                                                      "parent": 21,
                                                      "ID": 22
                                                    }
                                                  ],
                                                  "parent": 10,
                                                  "ID": 21,
                                                  "left": 22
                                                }
                                              ],
                                              "parent": 9,
                                              "ID": 10,
                                              "left": 11,
                                              "right": 21
                                            },
                                            {
                                              "Node Type": "Hash",
                                              "Parent Relationship": "Inner",
                                              "Parallel Aware": false,
                                              "Async Capable": false,
                                              "Startup Cost": 6.02,
                                              "Total Cost": 6.02,
                                              "Plan Rows": 102,
                                              "Plan Width": 21,
                                              "Plans": [
                                                {
                                                  "Node Type": "Seq Scan",
                                                  "Parent Relationship": "Outer",
                                                  "Parallel Aware": false,
                                                  "Async Capable": false,
                                                  "Relation Name": "store",
                                                  "Alias": "store",
                                                  "Startup Cost": 0.0,
                                                  "Total Cost": 6.02,
                                                  "Plan Rows": 102,
                                                  "Plan Width": 21,
                                                  "parent": 23,
                                                  "ID": 24
                                                }
                                              ],
                                              "parent": 9,
                                              "ID": 23,
                                              "left": 24
                                            }
                                          ],
                                          "parent": 8,
                                          "ID": 9,
                                          "left": 10,
                                          "right": 23
                                        }
                                      ],
                                      "parent": 7,
                                      "ID": 8,
                                      "left": 9
                                    }
                                  ],
                                  "parent": 6,
                                  "ID": 7,
                                  "left": 8
                                }
                              ],
                              "parent": 5,
                              "ID": 6,
                              "left": 7
                            }
                          ],
                          "parent": 4,
                          "ID": 5,
                          "left": 6
                        }
                      ],
                      "parent": 3,
                      "ID": 4,
                      "left": 5
                    },
                    {
                      "Node Type": "Subquery Scan",
                      "Parent Relationship": "Member",
                      "Parallel Aware": false,
                      "Async Capable": false,
                      "Alias": "csr",
                      "Startup Cost": 518177.36,
                      "Total Cost": 518230.78,
                      "Plan Rows": 340,
                      "Plan Width": 160,
                      "Plans": [
                        {
                          "Node Type": "Aggregate",
                          "Strategy": "Sorted",
                          "Partial Mode": "Finalize",
                          "Parent Relationship": "Subquery",
                          "Parallel Aware": false,
                          "Async Capable": false,
                          "Startup Cost": 518177.36,
                          "Total Cost": 518225.68,
                          "Plan Rows": 340,
                          "Plan Width": 113,
                          "Group Key": [
                            "catalog_page.cp_catalog_page_id"
                          ],
                          "Plans": [
                            {
                              "Node Type": "Gather Merge",
                              "Parent Relationship": "Outer",
                              "Parallel Aware": false,
                              "Async Capable": false,
                              "Startup Cost": 518177.36,
                              "Total Cost": 518214.76,
                              "Plan Rows": 284,
                              "Plan Width": 113,
                              "Workers Planned": 2,
                              "Plans": [
                                {
                                  "Node Type": "Aggregate",
                                  "Strategy": "Sorted",
                                  "Partial Mode": "Partial",
                                  "Parent Relationship": "Outer",
                                  "Parallel Aware": false,
                                  "Async Capable": false,
                                  "Startup Cost": 517177.34,
                                  "Total Cost": 517181.95,
                                  "Plan Rows": 142,
                                  "Plan Width": 113,
                                  "Group Key": [
                                    "catalog_page.cp_catalog_page_id"
                                  ],
                                  "Plans": [
                                    {
                                      "Node Type": "Sort",
                                      "Parent Relationship": "Outer",
                                      "Parallel Aware": false,
                                      "Async Capable": false,
                                      "Startup Cost": 517177.34,
                                      "Total Cost": 517177.69,
                                      "Plan Rows": 142,
                                      "Plan Width": 41,
                                      "Sort Key": [
                                        "catalog_page.cp_catalog_page_id"
                                      ],
                                      "Plans": [
                                        {
                                          "Node Type": "Hash Join",
                                          "Parent Relationship": "Outer",
                                          "Parallel Aware": false,
                                          "Async Capable": false,
                                          "Join Type": "Inner",
                                          "Startup Cost": 57382.33,
                                          "Total Cost": 517172.26,
                                          "Plan Rows": 142,
                                          "Plan Width": 41,
                                          "Inner Unique": false,
                                          "Hash Cond": "(catalog_sales.cs_catalog_page_sk = catalog_page.cp_catalog_page_sk)",
                                          "Plans": [
                                            {
                                              "Node Type": "Hash Join",
                                              "Parent Relationship": "Outer",
                                              "Parallel Aware": false,
                                              "Async Capable": false,
                                              "Join Type": "Inner",
                                              "Startup Cost": 56864.33,
                                              "Total Cost": 516652.32,
                                              "Plan Rows": 142,
                                              "Plan Width": 28,
                                              "Inner Unique": false,
                                              "Hash Cond": "(catalog_sales.cs_promo_sk = promotion_1.p_promo_sk)",
                                              "Plans": [
                                                {
                                                  "Node Type": "Hash Join",
                                                  "Parent Relationship": "Outer",
                                                  "Parallel Aware": true,
                                                  "Async Capable": false,
                                                  "Join Type": "Inner",
                                                  "Startup Cost": 56838.93,
                                                  "Total Cost": 516624.96,
                                                  "Plan Rows": 145,
                                                  "Plan Width": 32,
                                                  "Inner Unique": false,
                                                  "Hash Cond": "(catalog_sales.cs_item_sk = item_1.i_item_sk)",
                                                  "Plans": [
                                                    {
                                                      "Node Type": "Hash Join",
                                                      "Parent Relationship": "Outer",
                                                      "Parallel Aware": true,
                                                      "Async Capable": false,
                                                      "Join Type": "Left",
                                                      "Startup Cost": 49313.15,
                                                      "Total Cost": 509089.08,
                                                      "Plan Rows": 2532,
                                                      "Plan Width": 36,
                                                      "Inner Unique": false,
                                                      "Hash Cond": "((catalog_sales.cs_item_sk = catalog_returns.cr_item_sk) AND (catalog_sales.cs_order_number = catalog_returns.cr_order_number))",
                                                      "Plans": [
                                                        {
                                                          "Node Type": "Hash Join",
                                                          "Parent Relationship": "Outer",
                                                          "Parallel Aware": true,
                                                          "Async Capable": false,
                                                          "Join Type": "Inner",
                                                          "Startup Cost": 2049.78,
                                                          "Total Cost": 458254.7,
                                                          "Plan Rows": 2532,
                                                          "Plan Width": 28,
                                                          "Inner Unique": false,
                                                          "Hash Cond": "(catalog_sales.cs_sold_date_sk = date_dim_1.d_date_sk)",
                                                          "Plans": [
                                                            {
                                                              "Node Type": "Seq Scan",
                                                              "Parent Relationship": "Outer",
                                                              "Parallel Aware": true,
                                                              "Async Capable": false,
                                                              "Relation Name": "catalog_sales",
                                                              "Alias": "catalog_sales",
                                                              "Startup Cost": 0.0,
                                                              "Total Cost": 433688.25,
                                                              "Plan Rows": 6000525,
                                                              "Plan Width": 32,
                                                              "parent": 34,
                                                              "ID": 35
                                                            },
                                                            {
                                                              "Node Type": "Hash",
                                                              "Parent Relationship": "Inner",
                                                              "Parallel Aware": true,
                                                              "Async Capable": false,
                                                              "Startup Cost": 2049.55,
                                                              "Total Cost": 2049.55,
                                                              "Plan Rows": 18,
                                                              "Plan Width": 4,
                                                              "Plans": [
                                                                {
                                                                  "Node Type": "Seq Scan",
                                                                  "Parent Relationship": "Outer",
                                                                  "Parallel Aware": true,
                                                                  "Async Capable": false,
                                                                  "Relation Name": "date_dim",
                                                                  "Alias": "date_dim_1",
                                                                  "Startup Cost": 0.0,
                                                                  "Total Cost": 2049.55,
                                                                  "Plan Rows": 18,
                                                                  "Plan Width": 4,
                                                                  "Filter": "((d_date >= '2000-08-02'::date) AND (d_date <= '2000-09-01 00:00:00'::timestamp without time zone))",
                                                                  "parent": 36,
                                                                  "ID": 37
                                                                }
                                                              ],
                                                              "parent": 34,
                                                              "ID": 36,
                                                              "left": 37
                                                            }
                                                          ],
                                                          "parent": 33,
                                                          "ID": 34,
                                                          "left": 35,
                                                          "right": 36
                                                        },
                                                        {
                                                          "Node Type": "Hash",
                                                          "Parent Relationship": "Inner",
                                                          "Parallel Aware": true,
                                                          "Async Capable": false,
                                                          "Startup Cost": 34748.95,
                                                          "Total Cost": 34748.95,
                                                          "Plan Rows": 599895,
                                                          "Plan Width": 20,
                                                          "Plans": [
                                                            {
                                                              "Node Type": "Seq Scan",
                                                              "Parent Relationship": "Outer",
                                                              "Parallel Aware": true,
                                                              "Async Capable": false,
                                                              "Relation Name": "catalog_returns",
                                                              "Alias": "catalog_returns",
                                                              "Startup Cost": 0.0,
                                                              "Total Cost": 34748.95,
                                                              "Plan Rows": 599895,
                                                              "Plan Width": 20,
                                                              "parent": 38,
                                                              "ID": 39
                                                            }
                                                          ],
                                                          "parent": 33,
                                                          "ID": 38,
                                                          "left": 39
                                                        }
                                                      ],
                                                      "parent": 32,
                                                      "ID": 33,
                                                      "left": 34,
                                                      "right": 38
                                                    },
                                                    {
                                                      "Node Type": "Hash",
                                                      "Parent Relationship": "Inner",
                                                      "Parallel Aware": true,
                                                      "Async Capable": false,
                                                      "Startup Cost": 7495.25,
                                                      "Total Cost": 7495.25,
                                                      "Plan Rows": 2442,
                                                      "Plan Width": 4,
                                                      "Plans": [
                                                        {
                                                          "Node Type": "Seq Scan",
                                                          "Parent Relationship": "Outer",
                                                          "Parallel Aware": true,
                                                          "Async Capable": false,
                                                          "Relation Name": "item",
                                                          "Alias": "item_1",
                                                          "Startup Cost": 0.0,
                                                          "Total Cost": 7495.25,
                                                          "Plan Rows": 2442,
                                                          "Plan Width": 4,
                                                          "Filter": "(i_current_price > '50'::numeric)",
                                                          "parent": 40,
                                                          "ID": 41
                                                        }
                                                      ],
                                                      "parent": 32,
                                                      "ID": 40,
                                                      "left": 41
                                                    }
                                                  ],
                                                  "parent": 31,
                                                  "ID": 32,
                                                  "left": 33,
                                                  "right": 40
                                                },
                                                {
                                                  "Node Type": "Hash",
                                                  "Parent Relationship": "Inner",
                                                  "Parallel Aware": false,
                                                  "Async Capable": false,
                                                  "Startup Cost": 19.25,
                                                  "Total Cost": 19.25,
                                                  "Plan Rows": 492,
                                                  "Plan Width": 4,
                                                  "Plans": [
                                                    {
                                                      "Node Type": "Seq Scan",
                                                      "Parent Relationship": "Outer",
                                                      "Parallel Aware": false,
                                                      "Async Capable": false,
                                                      "Relation Name": "promotion",
                                                      "Alias": "promotion_1",
                                                      "Startup Cost": 0.0,
                                                      "Total Cost": 19.25,
                                                      "Plan Rows": 492,
                                                      "Plan Width": 4,
                                                      "Filter": "(p_channel_tv = 'N'::bpchar)",
                                                      "parent": 42,
                                                      "ID": 43
                                                    }
                                                  ],
                                                  "parent": 31,
                                                  "ID": 42,
                                                  "left": 43
                                                }
                                              ],
                                              "parent": 30,
                                              "ID": 31,
                                              "left": 32,
                                              "right": 42
                                            },
                                            {
                                              "Node Type": "Hash",
                                              "Parent Relationship": "Inner",
                                              "Parallel Aware": false,
                                              "Async Capable": false,
                                              "Startup Cost": 368.0,
                                              "Total Cost": 368.0,
                                              "Plan Rows": 12000,
                                              "Plan Width": 21,
                                              "Plans": [
                                                {
                                                  "Node Type": "Seq Scan",
                                                  "Parent Relationship": "Outer",
                                                  "Parallel Aware": false,
                                                  "Async Capable": false,
                                                  "Relation Name": "catalog_page",
                                                  "Alias": "catalog_page",
                                                  "Startup Cost": 0.0,
                                                  "Total Cost": 368.0,
                                                  "Plan Rows": 12000,
                                                  "Plan Width": 21,
                                                  "parent": 44,
                                                  "ID": 45
                                                }
                                              ],
                                              "parent": 30,
                                              "ID": 44,
                                              "left": 45
                                            }
                                          ],
                                          "parent": 29,
                                          "ID": 30,
                                          "left": 31,
                                          "right": 44
                                        }
                                      ],
                                      "parent": 28,
                                      "ID": 29,
                                      "left": 30
                                    }
                                  ],
                                  "parent": 27,
                                  "ID": 28,
                                  "left": 29
                                }
                              ],
                              "parent": 26,
                              "ID": 27,
                              "left": 28
                            }
                          ],
                          "parent": 25,
                          "ID": 26,
                          "left": 27
                        }
                      ],
                      "parent": 3,
                      "ID": 25,
                      "left": 26
                    },
                    {
                      "Node Type": "Subquery Scan",
                      "Parent Relationship": "Member",
                      "Parallel Aware": false,
                      "Async Capable": false,
                      "Alias": "wsr",
                      "Startup Cost": 263919.04,
                      "Total Cost": 263926.75,
                      "Plan Rows": 21,
                      "Plan Width": 160,
                      "Plans": [
                        {
                          "Node Type": "Aggregate",
                          "Strategy": "Sorted",
                          "Partial Mode": "Finalize",
                          "Parent Relationship": "Subquery",
                          "Parallel Aware": false,
                          "Async Capable": false,
                          "Startup Cost": 263919.04,
                          "Total Cost": 263926.43,
                          "Plan Rows": 21,
                          "Plan Width": 113,
                          "Group Key": [
                            "web_site.web_site_id"
                          ],
                          "Plans": [
                            {
                              "Node Type": "Gather Merge",
                              "Parent Relationship": "Outer",
                              "Parallel Aware": false,
                              "Async Capable": false,
                              "Startup Cost": 263919.04,
                              "Total Cost": 263925.33,
                              "Plan Rows": 42,
                              "Plan Width": 113,
                              "Workers Planned": 2,
                              "Plans": [
                                {
                                  "Node Type": "Aggregate",
                                  "Strategy": "Sorted",
                                  "Partial Mode": "Partial",
                                  "Parent Relationship": "Outer",
                                  "Parallel Aware": false,
                                  "Async Capable": false,
                                  "Startup Cost": 262919.01,
                                  "Total Cost": 262920.46,
                                  "Plan Rows": 21,
                                  "Plan Width": 113,
                                  "Group Key": [
                                    "web_site.web_site_id"
                                  ],
                                  "Plans": [
                                    {
                                      "Node Type": "Sort",
                                      "Parent Relationship": "Outer",
                                      "Parallel Aware": false,
                                      "Async Capable": false,
                                      "Startup Cost": 262919.01,
                                      "Total Cost": 262919.19,
                                      "Plan Rows": 72,
                                      "Plan Width": 41,
                                      "Sort Key": [
                                        "web_site.web_site_id"
                                      ],
                                      "Plans": [
                                        {
                                          "Node Type": "Hash Join",
                                          "Parent Relationship": "Outer",
                                          "Parallel Aware": false,
                                          "Async Capable": false,
                                          "Join Type": "Inner",
                                          "Startup Cost": 32134.74,
                                          "Total Cost": 262916.79,
                                          "Plan Rows": 72,
                                          "Plan Width": 41,
                                          "Inner Unique": false,
                                          "Hash Cond": "(web_sales.ws_web_site_sk = web_site.web_site_sk)",
                                          "Plans": [
                                            {
                                              "Node Type": "Hash Join",
                                              "Parent Relationship": "Outer",
                                              "Parallel Aware": false,
                                              "Async Capable": false,
                                              "Join Type": "Inner",
                                              "Startup Cost": 32130.8,
                                              "Total Cost": 262911.86,
                                              "Plan Rows": 72,
                                              "Plan Width": 28,
                                              "Inner Unique": false,
                                              "Hash Cond": "(web_sales.ws_promo_sk = promotion_2.p_promo_sk)",
                                              "Plans": [
                                                {
                                                  "Node Type": "Hash Join",
                                                  "Parent Relationship": "Outer",
                                                  "Parallel Aware": true,
                                                  "Async Capable": false,
                                                  "Join Type": "Inner",
                                                  "Startup Cost": 32105.4,
                                                  "Total Cost": 262885.46,
                                                  "Plan Rows": 73,
                                                  "Plan Width": 32,
                                                  "Inner Unique": false,
                                                  "Hash Cond": "(web_sales.ws_item_sk = item_2.i_item_sk)",
                                                  "Plans": [
                                                    {
                                                      "Node Type": "Hash Join",
                                                      "Parent Relationship": "Outer",
                                                      "Parallel Aware": true,
                                                      "Async Capable": false,
                                                      "Join Type": "Left",
                                                      "Startup Cost": 24579.62,
                                                      "Total Cost": 255354.62,
                                                      "Plan Rows": 1272,
                                                      "Plan Width": 36,
                                                      "Inner Unique": false,
                                                      "Hash Cond": "((web_sales.ws_item_sk = web_returns.wr_item_sk) AND (web_sales.ws_order_number = web_returns.wr_order_number))",
                                                      "Plans": [
                                                        {
                                                          "Node Type": "Hash Join",
                                                          "Parent Relationship": "Outer",
                                                          "Parallel Aware": true,
                                                          "Async Capable": false,
                                                          "Join Type": "Inner",
                                                          "Startup Cost": 2049.78,
                                                          "Total Cost": 231041.22,
                                                          "Plan Rows": 1272,
                                                          "Plan Width": 28,
                                                          "Inner Unique": false,
                                                          "Hash Cond": "(web_sales.ws_sold_date_sk = date_dim_2.d_date_sk)",
                                                          "Plans": [
                                                            {
                                                              "Node Type": "Seq Scan",
                                                              "Parent Relationship": "Outer",
                                                              "Parallel Aware": true,
                                                              "Async Capable": false,
                                                              "Relation Name": "web_sales",
                                                              "Alias": "web_sales",
                                                              "Startup Cost": 0.0,
                                                              "Total Cost": 217737.86,
                                                              "Plan Rows": 2998986,
                                                              "Plan Width": 32,
                                                              "parent": 55,
                                                              "ID": 56
                                                            },
                                                            {
                                                              "Node Type": "Hash",
                                                              "Parent Relationship": "Inner",
                                                              "Parallel Aware": true,
                                                              "Async Capable": false,
                                                              "Startup Cost": 2049.55,
                                                              "Total Cost": 2049.55,
                                                              "Plan Rows": 18,
                                                              "Plan Width": 4,
                                                              "Plans": [
                                                                {
                                                                  "Node Type": "Seq Scan",
                                                                  "Parent Relationship": "Outer",
                                                                  "Parallel Aware": true,
                                                                  "Async Capable": false,
                                                                  "Relation Name": "date_dim",
                                                                  "Alias": "date_dim_2",
                                                                  "Startup Cost": 0.0,
                                                                  "Total Cost": 2049.55,
                                                                  "Plan Rows": 18,
                                                                  "Plan Width": 4,
                                                                  "Filter": "((d_date >= '2000-08-02'::date) AND (d_date <= '2000-09-01 00:00:00'::timestamp without time zone))",
                                                                  "parent": 57,
                                                                  "ID": 58
                                                                }
                                                              ],
                                                              "parent": 55,
                                                              "ID": 57,
                                                              "left": 58
                                                            }
                                                          ],
                                                          "parent": 54,
                                                          "ID": 55,
                                                          "left": 56,
                                                          "right": 57
                                                        },
                                                        {
                                                          "Node Type": "Hash",
                                                          "Parent Relationship": "Inner",
                                                          "Parallel Aware": true,
                                                          "Async Capable": false,
                                                          "Startup Cost": 16278.74,
                                                          "Total Cost": 16278.74,
                                                          "Plan Rows": 299674,
                                                          "Plan Width": 20,
                                                          "Plans": [
                                                            {
                                                              "Node Type": "Seq Scan",
                                                              "Parent Relationship": "Outer",
                                                              "Parallel Aware": true,
                                                              "Async Capable": false,
                                                              "Relation Name": "web_returns",
                                                              "Alias": "web_returns",
                                                              "Startup Cost": 0.0,
                                                              "Total Cost": 16278.74,
                                                              "Plan Rows": 299674,
                                                              "Plan Width": 20,
                                                              "parent": 59,
                                                              "ID": 60
                                                            }
                                                          ],
                                                          "parent": 54,
                                                          "ID": 59,
                                                          "left": 60
                                                        }
                                                      ],
                                                      "parent": 53,
                                                      "ID": 54,
                                                      "left": 55,
                                                      "right": 59
                                                    },
                                                    {
                                                      "Node Type": "Hash",
                                                      "Parent Relationship": "Inner",
                                                      "Parallel Aware": true,
                                                      "Async Capable": false,
                                                      "Startup Cost": 7495.25,
                                                      "Total Cost": 7495.25,
                                                      "Plan Rows": 2442,
                                                      "Plan Width": 4,
                                                      "Plans": [
                                                        {
                                                          "Node Type": "Seq Scan",
                                                          "Parent Relationship": "Outer",
                                                          "Parallel Aware": true,
                                                          "Async Capable": false,
                                                          "Relation Name": "item",
                                                          "Alias": "item_2",
                                                          "Startup Cost": 0.0,
                                                          "Total Cost": 7495.25,
                                                          "Plan Rows": 2442,
                                                          "Plan Width": 4,
                                                          "Filter": "(i_current_price > '50'::numeric)",
                                                          "parent": 61,
                                                          "ID": 62
                                                        }
                                                      ],
                                                      "parent": 53,
                                                      "ID": 61,
                                                      "left": 62
                                                    }
                                                  ],
                                                  "parent": 52,
                                                  "ID": 53,
                                                  "left": 54,
                                                  "right": 61
                                                },
                                                {
                                                  "Node Type": "Hash",
                                                  "Parent Relationship": "Inner",
                                                  "Parallel Aware": false,
                                                  "Async Capable": false,
                                                  "Startup Cost": 19.25,
                                                  "Total Cost": 19.25,
                                                  "Plan Rows": 492,
                                                  "Plan Width": 4,
                                                  "Plans": [
                                                    {
                                                      "Node Type": "Seq Scan",
                                                      "Parent Relationship": "Outer",
                                                      "Parallel Aware": false,
                                                      "Async Capable": false,
                                                      "Relation Name": "promotion",
                                                      "Alias": "promotion_2",
                                                      "Startup Cost": 0.0,
                                                      "Total Cost": 19.25,
                                                      "Plan Rows": 492,
                                                      "Plan Width": 4,
                                                      "Filter": "(p_channel_tv = 'N'::bpchar)",
                                                      "parent": 63,
                                                      "ID": 64
                                                    }
                                                  ],
                                                  "parent": 52,
                                                  "ID": 63,
                                                  "left": 64
                                                }
                                              ],
                                              "parent": 51,
                                              "ID": 52,
                                              "left": 53,
                                              "right": 63
                                            },
                                            {
                                              "Node Type": "Hash",
                                              "Parent Relationship": "Inner",
                                              "Parallel Aware": false,
                                              "Async Capable": false,
                                              "Startup Cost": 3.42,
                                              "Total Cost": 3.42,
                                              "Plan Rows": 42,
                                              "Plan Width": 21,
                                              "Plans": [
                                                {
                                                  "Node Type": "Seq Scan",
                                                  "Parent Relationship": "Outer",
                                                  "Parallel Aware": false,
                                                  "Async Capable": false,
                                                  "Relation Name": "web_site",
                                                  "Alias": "web_site",
                                                  "Startup Cost": 0.0,
                                                  "Total Cost": 3.42,
                                                  "Plan Rows": 42,
                                                  "Plan Width": 21,
                                                  "parent": 65,
                                                  "ID": 66
                                                }
                                              ],
                                              "parent": 51,
                                              "ID": 65,
                                              "left": 66
                                            }
                                          ],
                                          "parent": 50,
                                          "ID": 51,
                                          "left": 52,
                                          "right": 65
                                        }
                                      ],
                                      "parent": 49,
                                      "ID": 50,
                                      "left": 51
                                    }
                                  ],
                                  "parent": 48,
                                  "ID": 49,
                                  "left": 50
                                }
                              ],
                              "parent": 47,
                              "ID": 48,
                              "left": 49
                            }
                          ],
                          "parent": 46,
                          "ID": 47,
                          "left": 48
                        }
                      ],
                      "parent": 3,
                      "ID": 46,
                      "left": 47
                    }
                  ],
                  "parent": 2,
                  "ID": 3,
                  "left": 4,
                  "right": 25
                }
              ],
              "parent": 1,
              "ID": 2,
              "left": 3
            }
          ],
          "parent": 0,
          "ID": 1,
          "left": 2
        }
      ],
      "parent": null,
      "ID": 0,
      "left": 1
    },
    "feat": {
      "utility": 2.180803092544919e-06,
      "query_shape": [
        [
          "Seq Scan",
          "Hash Join",
          "Sort",
          "Aggregate",
          "Gather Merge",
          "Subquery Scan",
          "Append"
        ],
        [
          "Seq Scan",
          "Hash",
          "Hash Join",
          "Sort",
          "Aggregate",
          "Gather Merge",
          "Subquery Scan",
          "Append"
        ],
        [
          "Seq Scan",
          "Hash",
          "Hash Join",
          "Sort",
          "Aggregate",
          "Gather Merge",
          "Subquery Scan",
          "Append"
        ],
        [
          "Seq Scan",
          "Hash",
          "Hash Join",
          "Sort",
          "Aggregate",
          "Gather Merge",
          "Subquery Scan",
          "Append"
        ],
        [
          "Seq Scan",
          "Hash",
          "Hash Join",
          "Sort",
          "Aggregate",
          "Gather Merge",
          "Subquery Scan",
          "Append"
        ],
        [
          "Seq Scan",
          "Hash",
          "Hash Join",
          "Sort",
          "Aggregate",
          "Gather Merge",
          "Subquery Scan",
          "Append"
        ],
        [
          "Seq Scan",
          "Hash Join",
          "Sort",
          "Aggregate",
          "Gather Merge",
          "Subquery Scan",
          "Append"
        ],
        [
          "Seq Scan",
          "Hash",
          "Hash Join",
          "Sort",
          "Aggregate",
          "Gather Merge",
          "Subquery Scan",
          "Append"
        ],
        [
          "Seq Scan",
          "Hash",
          "Hash Join",
          "Sort",
          "Aggregate",
          "Gather Merge",
          "Subquery Scan",
          "Append"
        ],
        [
          "Seq Scan",
          "Hash",
          "Hash Join",
          "Sort",
          "Aggregate",
          "Gather Merge",
          "Subquery Scan",
          "Append"
        ],
        [
          "Seq Scan",
          "Hash",
          "Hash Join",
          "Sort",
          "Aggregate",
          "Gather Merge",
          "Subquery Scan",
          "Append"
        ],
        [
          "Seq Scan",
          "Hash",
          "Hash Join",
          "Sort",
          "Aggregate",
          "Gather Merge",
          "Subquery Scan",
          "Append"
        ],
        [
          "Seq Scan",
          "Hash Join",
          "Sort",
          "Aggregate",
          "Gather Merge",
          "Subquery Scan",
          "Append"
        ],
        [
          "Seq Scan",
          "Hash",
          "Hash Join",
          "Sort",
          "Aggregate",
          "Gather Merge",
          "Subquery Scan",
          "Append"
        ],
        [
          "Seq Scan",
          "Hash",
          "Hash Join",
          "Sort",
          "Aggregate",
          "Gather Merge",
          "Subquery Scan",
          "Append"
        ],
        [
          "Seq Scan",
          "Hash",
          "Hash Join",
          "Sort",
          "Aggregate",
          "Gather Merge",
          "Subquery Scan",
          "Append"
        ],
        [
          "Seq Scan",
          "Hash",
          "Hash Join",
          "Sort",
          "Aggregate",
          "Gather Merge",
          "Subquery Scan",
          "Append"
        ],
        [
          "Seq Scan",
          "Hash",
          "Hash Join",
          "Sort",
          "Aggregate",
          "Gather Merge",
          "Subquery Scan",
          "Append"
        ]
      ],
      "index_shape": [
        "join"
      ],
      "physical_operator": {
        "Hash Join": [
          0.0009135700778115242
        ]
      }
    }
  },
  {
    "query": "with ssr as\n (select  s_store_id as store_id,\n          sum(ss_ext_sales_price) as sales,\n          sum(coalesce(sr_return_amt, 0)) as returns,\n          sum(ss_net_profit - coalesce(sr_net_loss, 0)) as profit\n  from store_sales left outer join store_returns on\n         (ss_item_sk = sr_item_sk and ss_ticket_number = sr_ticket_number),\n     date_dim,\n     store,\n     item,\n     promotion\n where ss_sold_date_sk = d_date_sk\n       and d_date between cast('2000-08-02' as date) \n                  and (cast('2000-08-02' as date) +  interval '30 days')\n       and ss_store_sk = s_store_sk\n       and ss_item_sk = i_item_sk\n       and i_current_price > 50\n       and ss_promo_sk = p_promo_sk\n       and p_channel_tv = 'N'\n group by s_store_id)\n ,\n csr as\n (select  cp_catalog_page_id as catalog_page_id,\n          sum(cs_ext_sales_price) as sales,\n          sum(coalesce(cr_return_amount, 0)) as returns,\n          sum(cs_net_profit - coalesce(cr_net_loss, 0)) as profit\n  from catalog_sales left outer join catalog_returns on\n         (cs_item_sk = cr_item_sk and cs_order_number = cr_order_number),\n     date_dim,\n     catalog_page,\n     item,\n     promotion\n where cs_sold_date_sk = d_date_sk\n       and d_date between cast('2000-08-02' as date)\n                  and (cast('2000-08-02' as date) +  interval '30 days')\n        and cs_catalog_page_sk = cp_catalog_page_sk\n       and cs_item_sk = i_item_sk\n       and i_current_price > 50\n       and cs_promo_sk = p_promo_sk\n       and p_channel_tv = 'N'\ngroup by cp_catalog_page_id)\n ,\n wsr as\n (select  web_site_id,\n          sum(ws_ext_sales_price) as sales,\n          sum(coalesce(wr_return_amt, 0)) as returns,\n          sum(ws_net_profit - coalesce(wr_net_loss, 0)) as profit\n  from web_sales left outer join web_returns on\n         (ws_item_sk = wr_item_sk and ws_order_number = wr_order_number),\n     date_dim,\n     web_site,\n     item,\n     promotion\n where ws_sold_date_sk = d_date_sk\n       and d_date between cast('2000-08-02' as date)\n                  and (cast('2000-08-02' as date) +  interval '30 days')\n        and ws_web_site_sk = web_site_sk\n       and ws_item_sk = i_item_sk\n       and i_current_price > 50\n       and ws_promo_sk = p_promo_sk\n       and p_channel_tv = 'N'\ngroup by web_site_id)\n  select  channel\n        , id\n        , sum(sales) as sales\n        , sum(returns) as returns\n        , sum(profit) as profit\n from \n (select 'store channel' as channel\n        , 'store' || store_id as id\n        , sales\n        , returns\n        , profit\n from   ssr\n union all\n select 'catalog channel' as channel\n        , 'catalog_page' || catalog_page_id as id\n        , sales\n        , returns\n        , profit\n from  csr\n union all\n select 'web channel' as channel\n        , 'web_site' || web_site_id as id\n        , sales\n        , returns\n        , profit\n from   wsr\n ) x\n group by rollup (channel, id)\n order by channel\n         ,id\n limit 100;\n\n-- end query 61 in stream 4 using template query80.tpl\n",
    "indexes": "store_sales.ss_ext_sales_price",
    "wo plan est": {
      "Node Type": "Limit",
      "Parallel Aware": false,
      "Async Capable": false,
      "Startup Cost": 1566793.64,
      "Total Cost": 1566796.93,
      "Plan Rows": 100,
      "Plan Width": 160,
      "Plans": [
        {
          "Node Type": "Aggregate",
          "Strategy": "Sorted",
          "Partial Mode": "Simple",
          "Parent Relationship": "Outer",
          "Parallel Aware": false,
          "Async Capable": false,
          "Startup Cost": 1566793.64,
          "Total Cost": 1566806.84,
          "Plan Rows": 401,
          "Plan Width": 160,
          "Grouping Sets": [
            {
              "Group Keys": [
                [
                  "('store channel'::text)",
                  "(('store'::text || (ssr.store_id)::text))"
                ],
                [
                  "('store channel'::text)"
                ],
                []
              ]
            }
          ],
          "Plans": [
            {
              "Node Type": "Sort",
              "Parent Relationship": "Outer",
              "Parallel Aware": false,
              "Async Capable": false,
              "Startup Cost": 1566793.64,
              "Total Cost": 1566794.67,
              "Plan Rows": 412,
              "Plan Width": 160,
              "Sort Key": [
                "('store channel'::text)",
                "(('store'::text || (ssr.store_id)::text))"
              ],
              "Plans": [
                {
                  "Node Type": "Append",
                  "Parent Relationship": "Outer",
                  "Parallel Aware": false,
                  "Async Capable": false,
                  "Startup Cost": 784596.3,
                  "Total Cost": 1566775.74,
                  "Plan Rows": 412,
                  "Plan Width": 160,
                  "Subplans Removed": 0,
                  "Plans": [
                    {
                      "Node Type": "Subquery Scan",
                      "Parent Relationship": "Member",
                      "Parallel Aware": false,
                      "Async Capable": false,
                      "Alias": "ssr",
                      "Startup Cost": 784596.3,
                      "Total Cost": 784616.16,
                      "Plan Rows": 51,
                      "Plan Width": 160,
                      "Plans": [
                        {
                          "Node Type": "Aggregate",
                          "Strategy": "Sorted",
                          "Partial Mode": "Finalize",
                          "Parent Relationship": "Subquery",
                          "Parallel Aware": false,
                          "Async Capable": false,
                          "Startup Cost": 784596.3,
                          "Total Cost": 784615.39,
                          "Plan Rows": 51,
                          "Plan Width": 113,
                          "Group Key": [
                            "store.s_store_id"
                          ],
                          "Plans": [
                            {
                              "Node Type": "Gather Merge",
                              "Parent Relationship": "Outer",
                              "Parallel Aware": false,
                              "Async Capable": false,
                              "Startup Cost": 784596.3,
                              "Total Cost": 784612.71,
                              "Plan Rows": 102,
                              "Plan Width": 113,
                              "Workers Planned": 2,
                              "Plans": [
                                {
                                  "Node Type": "Aggregate",
                                  "Strategy": "Sorted",
                                  "Partial Mode": "Partial",
                                  "Parent Relationship": "Outer",
                                  "Parallel Aware": false,
                                  "Async Capable": false,
                                  "Startup Cost": 783596.27,
                                  "Total Cost": 783600.92,
                                  "Plan Rows": 51,
                                  "Plan Width": 113,
                                  "Group Key": [
                                    "store.s_store_id"
                                  ],
                                  "Plans": [
                                    {
                                      "Node Type": "Sort",
                                      "Parent Relationship": "Outer",
                                      "Parallel Aware": false,
                                      "Async Capable": false,
                                      "Startup Cost": 783596.27,
                                      "Total Cost": 783596.9,
                                      "Plan Rows": 250,
                                      "Plan Width": 41,
                                      "Sort Key": [
                                        "store.s_store_id"
                                      ],
                                      "Plans": [
                                        {
                                          "Node Type": "Hash Join",
                                          "Parent Relationship": "Outer",
                                          "Parallel Aware": false,
                                          "Async Capable": false,
                                          "Join Type": "Inner",
                                          "Startup Cost": 94489.35,
                                          "Total Cost": 783586.32,
                                          "Plan Rows": 250,
                                          "Plan Width": 41,
                                          "Inner Unique": false,
                                          "Hash Cond": "(store_sales.ss_store_sk = store.s_store_sk)",
                                          "Plans": [
                                            {
                                              "Node Type": "Hash Join",
                                              "Parent Relationship": "Outer",
                                              "Parallel Aware": false,
                                              "Async Capable": false,
                                              "Join Type": "Inner",
                                              "Startup Cost": 94482.05,
                                              "Total Cost": 783575.54,
                                              "Plan Rows": 262,
                                              "Plan Width": 28,
                                              "Inner Unique": false,
                                              "Hash Cond": "(store_sales.ss_promo_sk = promotion.p_promo_sk)",
                                              "Plans": [
                                                {
                                                  "Node Type": "Hash Join",
                                                  "Parent Relationship": "Outer",
                                                  "Parallel Aware": true,
                                                  "Async Capable": false,
                                                  "Join Type": "Inner",
                                                  "Startup Cost": 94456.65,
                                                  "Total Cost": 783546.47,
                                                  "Plan Rows": 279,
                                                  "Plan Width": 32,
                                                  "Inner Unique": false,
                                                  "Hash Cond": "(store_sales.ss_item_sk = item.i_item_sk)",
                                                  "Plans": [
                                                    {
                                                      "Node Type": "Hash Join",
                                                      "Parent Relationship": "Outer",
                                                      "Parallel Aware": true,
                                                      "Async Capable": false,
                                                      "Join Type": "Left",
                                                      "Startup Cost": 86930.88,
                                                      "Total Cost": 776001.31,
                                                      "Plan Rows": 4860,
                                                      "Plan Width": 36,
                                                      "Inner Unique": false,
                                                      "Hash Cond": "((store_sales.ss_item_sk = store_returns.sr_item_sk) AND (store_sales.ss_ticket_number = store_returns.sr_ticket_number))",
                                                      "Plans": [
                                                        {
                                                          "Node Type": "Hash Join",
                                                          "Parent Relationship": "Outer",
                                                          "Parallel Aware": true,
                                                          "Async Capable": false,
                                                          "Join Type": "Inner",
                                                          "Startup Cost": 2049.78,
                                                          "Total Cost": 683994.75,
                                                          "Plan Rows": 4860,
                                                          "Plan Width": 28,
                                                          "Inner Unique": false,
                                                          "Hash Cond": "(store_sales.ss_sold_date_sk = date_dim.d_date_sk)",
                                                          "Plans": [
                                                            {
                                                              "Node Type": "Seq Scan",
                                                              "Parent Relationship": "Outer",
                                                              "Parallel Aware": true,
                                                              "Async Capable": false,
                                                              "Relation Name": "store_sales",
                                                              "Alias": "store_sales",
                                                              "Startup Cost": 0.0,
                                                              "Total Cost": 636914.37,
                                                              "Plan Rows": 12000637,
                                                              "Plan Width": 32,
                                                              "parent": 13,
                                                              "ID": 14
                                                            },
                                                            {
                                                              "Node Type": "Hash",
                                                              "Parent Relationship": "Inner",
                                                              "Parallel Aware": true,
                                                              "Async Capable": false,
                                                              "Startup Cost": 2049.55,
                                                              "Total Cost": 2049.55,
                                                              "Plan Rows": 18,
                                                              "Plan Width": 4,
                                                              "Plans": [
                                                                {
                                                                  "Node Type": "Seq Scan",
                                                                  "Parent Relationship": "Outer",
                                                                  "Parallel Aware": true,
                                                                  "Async Capable": false,
                                                                  "Relation Name": "date_dim",
                                                                  "Alias": "date_dim",
                                                                  "Startup Cost": 0.0,
                                                                  "Total Cost": 2049.55,
                                                                  "Plan Rows": 18,
                                                                  "Plan Width": 4,
                                                                  "Filter": "((d_date >= '2000-08-02'::date) AND (d_date <= '2000-09-01 00:00:00'::timestamp without time zone))",
                                                                  "parent": 15,
                                                                  "ID": 16
                                                                }
                                                              ],
                                                              "parent": 13,
                                                              "ID": 15,
                                                              "left": 16
                                                            }
                                                          ],
                                                          "parent": 12,
                                                          "ID": 13,
                                                          "left": 14,
                                                          "right": 15
                                                        },
                                                        {
                                                          "Node Type": "Hash",
                                                          "Parent Relationship": "Inner",
                                                          "Parallel Aware": true,
                                                          "Async Capable": false,
                                                          "Startup Cost": 59887.64,
                                                          "Total Cost": 59887.64,
                                                          "Plan Rows": 1198164,
                                                          "Plan Width": 20,
                                                          "Plans": [
                                                            {
                                                              "Node Type": "Seq Scan",
                                                              "Parent Relationship": "Outer",
                                                              "Parallel Aware": true,
                                                              "Async Capable": false,
                                                              "Relation Name": "store_returns",
                                                              "Alias": "store_returns",
                                                              "Startup Cost": 0.0,
                                                              "Total Cost": 59887.64,
                                                              "Plan Rows": 1198164,
                                                              "Plan Width": 20,
                                                              "parent": 17,
                                                              "ID": 18
                                                            }
                                                          ],
                                                          "parent": 12,
                                                          "ID": 17,
                                                          "left": 18
                                                        }
                                                      ],
                                                      "parent": 11,
                                                      "ID": 12,
                                                      "left": 13,
                                                      "right": 17
                                                    },
                                                    {
                                                      "Node Type": "Hash",
                                                      "Parent Relationship": "Inner",
                                                      "Parallel Aware": true,
                                                      "Async Capable": false,
                                                      "Startup Cost": 7495.25,
                                                      "Total Cost": 7495.25,
                                                      "Plan Rows": 2442,
                                                      "Plan Width": 4,
                                                      "Plans": [
                                                        {
                                                          "Node Type": "Seq Scan",
                                                          "Parent Relationship": "Outer",
                                                          "Parallel Aware": true,
                                                          "Async Capable": false,
                                                          "Relation Name": "item",
                                                          "Alias": "item",
                                                          "Startup Cost": 0.0,
                                                          "Total Cost": 7495.25,
                                                          "Plan Rows": 2442,
                                                          "Plan Width": 4,
                                                          "Filter": "(i_current_price > '50'::numeric)",
                                                          "parent": 19,
                                                          "ID": 20
                                                        }
                                                      ],
                                                      "parent": 11,
                                                      "ID": 19,
                                                      "left": 20
                                                    }
                                                  ],
                                                  "parent": 10,
                                                  "ID": 11,
                                                  "left": 12,
                                                  "right": 19
                                                },
                                                {
                                                  "Node Type": "Hash",
                                                  "Parent Relationship": "Inner",
                                                  "Parallel Aware": false,
                                                  "Async Capable": false,
                                                  "Startup Cost": 19.25,
                                                  "Total Cost": 19.25,
                                                  "Plan Rows": 492,
                                                  "Plan Width": 4,
                                                  "Plans": [
                                                    {
                                                      "Node Type": "Seq Scan",
                                                      "Parent Relationship": "Outer",
                                                      "Parallel Aware": false,
                                                      "Async Capable": false,
                                                      "Relation Name": "promotion",
                                                      "Alias": "promotion",
                                                      "Startup Cost": 0.0,
                                                      "Total Cost": 19.25,
                                                      "Plan Rows": 492,
                                                      "Plan Width": 4,
                                                      "Filter": "(p_channel_tv = 'N'::bpchar)",
                                                      "parent": 21,
                                                      "ID": 22
                                                    }
                                                  ],
                                                  "parent": 10,
                                                  "ID": 21,
                                                  "left": 22
                                                }
                                              ],
                                              "parent": 9,
                                              "ID": 10,
                                              "left": 11,
                                              "right": 21
                                            },
                                            {
                                              "Node Type": "Hash",
                                              "Parent Relationship": "Inner",
                                              "Parallel Aware": false,
                                              "Async Capable": false,
                                              "Startup Cost": 6.02,
                                              "Total Cost": 6.02,
                                              "Plan Rows": 102,
                                              "Plan Width": 21,
                                              "Plans": [
                                                {
                                                  "Node Type": "Seq Scan",
                                                  "Parent Relationship": "Outer",
                                                  "Parallel Aware": false,
                                                  "Async Capable": false,
                                                  "Relation Name": "store",
                                                  "Alias": "store",
                                                  "Startup Cost": 0.0,
                                                  "Total Cost": 6.02,
                                                  "Plan Rows": 102,
                                                  "Plan Width": 21,
                                                  "parent": 23,
                                                  "ID": 24
                                                }
                                              ],
                                              "parent": 9,
                                              "ID": 23,
                                              "left": 24
                                            }
                                          ],
                                          "parent": 8,
                                          "ID": 9,
                                          "left": 10,
                                          "right": 23
                                        }
                                      ],
                                      "parent": 7,
                                      "ID": 8,
                                      "left": 9
                                    }
                                  ],
                                  "parent": 6,
                                  "ID": 7,
                                  "left": 8
                                }
                              ],
                              "parent": 5,
                              "ID": 6,
                              "left": 7
                            }
                          ],
                          "parent": 4,
                          "ID": 5,
                          "left": 6
                        }
                      ],
                      "parent": 3,
                      "ID": 4,
                      "left": 5
                    },
                    {
                      "Node Type": "Subquery Scan",
                      "Parent Relationship": "Member",
                      "Parallel Aware": false,
                      "Async Capable": false,
                      "Alias": "csr",
                      "Startup Cost": 518177.36,
                      "Total Cost": 518230.78,
                      "Plan Rows": 340,
                      "Plan Width": 160,
                      "Plans": [
                        {
                          "Node Type": "Aggregate",
                          "Strategy": "Sorted",
                          "Partial Mode": "Finalize",
                          "Parent Relationship": "Subquery",
                          "Parallel Aware": false,
                          "Async Capable": false,
                          "Startup Cost": 518177.36,
                          "Total Cost": 518225.68,
                          "Plan Rows": 340,
                          "Plan Width": 113,
                          "Group Key": [
                            "catalog_page.cp_catalog_page_id"
                          ],
                          "Plans": [
                            {
                              "Node Type": "Gather Merge",
                              "Parent Relationship": "Outer",
                              "Parallel Aware": false,
                              "Async Capable": false,
                              "Startup Cost": 518177.36,
                              "Total Cost": 518214.76,
                              "Plan Rows": 284,
                              "Plan Width": 113,
                              "Workers Planned": 2,
                              "Plans": [
                                {
                                  "Node Type": "Aggregate",
                                  "Strategy": "Sorted",
                                  "Partial Mode": "Partial",
                                  "Parent Relationship": "Outer",
                                  "Parallel Aware": false,
                                  "Async Capable": false,
                                  "Startup Cost": 517177.34,
                                  "Total Cost": 517181.95,
                                  "Plan Rows": 142,
                                  "Plan Width": 113,
                                  "Group Key": [
                                    "catalog_page.cp_catalog_page_id"
                                  ],
                                  "Plans": [
                                    {
                                      "Node Type": "Sort",
                                      "Parent Relationship": "Outer",
                                      "Parallel Aware": false,
                                      "Async Capable": false,
                                      "Startup Cost": 517177.34,
                                      "Total Cost": 517177.69,
                                      "Plan Rows": 142,
                                      "Plan Width": 41,
                                      "Sort Key": [
                                        "catalog_page.cp_catalog_page_id"
                                      ],
                                      "Plans": [
                                        {
                                          "Node Type": "Hash Join",
                                          "Parent Relationship": "Outer",
                                          "Parallel Aware": false,
                                          "Async Capable": false,
                                          "Join Type": "Inner",
                                          "Startup Cost": 57382.33,
                                          "Total Cost": 517172.26,
                                          "Plan Rows": 142,
                                          "Plan Width": 41,
                                          "Inner Unique": false,
                                          "Hash Cond": "(catalog_sales.cs_catalog_page_sk = catalog_page.cp_catalog_page_sk)",
                                          "Plans": [
                                            {
                                              "Node Type": "Hash Join",
                                              "Parent Relationship": "Outer",
                                              "Parallel Aware": false,
                                              "Async Capable": false,
                                              "Join Type": "Inner",
                                              "Startup Cost": 56864.33,
                                              "Total Cost": 516652.32,
                                              "Plan Rows": 142,
                                              "Plan Width": 28,
                                              "Inner Unique": false,
                                              "Hash Cond": "(catalog_sales.cs_promo_sk = promotion_1.p_promo_sk)",
                                              "Plans": [
                                                {
                                                  "Node Type": "Hash Join",
                                                  "Parent Relationship": "Outer",
                                                  "Parallel Aware": true,
                                                  "Async Capable": false,
                                                  "Join Type": "Inner",
                                                  "Startup Cost": 56838.93,
                                                  "Total Cost": 516624.96,
                                                  "Plan Rows": 145,
                                                  "Plan Width": 32,
                                                  "Inner Unique": false,
                                                  "Hash Cond": "(catalog_sales.cs_item_sk = item_1.i_item_sk)",
                                                  "Plans": [
                                                    {
                                                      "Node Type": "Hash Join",
                                                      "Parent Relationship": "Outer",
                                                      "Parallel Aware": true,
                                                      "Async Capable": false,
                                                      "Join Type": "Left",
                                                      "Startup Cost": 49313.15,
                                                      "Total Cost": 509089.08,
                                                      "Plan Rows": 2532,
                                                      "Plan Width": 36,
                                                      "Inner Unique": false,
                                                      "Hash Cond": "((catalog_sales.cs_item_sk = catalog_returns.cr_item_sk) AND (catalog_sales.cs_order_number = catalog_returns.cr_order_number))",
                                                      "Plans": [
                                                        {
                                                          "Node Type": "Hash Join",
                                                          "Parent Relationship": "Outer",
                                                          "Parallel Aware": true,
                                                          "Async Capable": false,
                                                          "Join Type": "Inner",
                                                          "Startup Cost": 2049.78,
                                                          "Total Cost": 458254.7,
                                                          "Plan Rows": 2532,
                                                          "Plan Width": 28,
                                                          "Inner Unique": false,
                                                          "Hash Cond": "(catalog_sales.cs_sold_date_sk = date_dim_1.d_date_sk)",
                                                          "Plans": [
                                                            {
                                                              "Node Type": "Seq Scan",
                                                              "Parent Relationship": "Outer",
                                                              "Parallel Aware": true,
                                                              "Async Capable": false,
                                                              "Relation Name": "catalog_sales",
                                                              "Alias": "catalog_sales",
                                                              "Startup Cost": 0.0,
                                                              "Total Cost": 433688.25,
                                                              "Plan Rows": 6000525,
                                                              "Plan Width": 32,
                                                              "parent": 34,
                                                              "ID": 35
                                                            },
                                                            {
                                                              "Node Type": "Hash",
                                                              "Parent Relationship": "Inner",
                                                              "Parallel Aware": true,
                                                              "Async Capable": false,
                                                              "Startup Cost": 2049.55,
                                                              "Total Cost": 2049.55,
                                                              "Plan Rows": 18,
                                                              "Plan Width": 4,
                                                              "Plans": [
                                                                {
                                                                  "Node Type": "Seq Scan",
                                                                  "Parent Relationship": "Outer",
                                                                  "Parallel Aware": true,
                                                                  "Async Capable": false,
                                                                  "Relation Name": "date_dim",
                                                                  "Alias": "date_dim_1",
                                                                  "Startup Cost": 0.0,
                                                                  "Total Cost": 2049.55,
                                                                  "Plan Rows": 18,
                                                                  "Plan Width": 4,
                                                                  "Filter": "((d_date >= '2000-08-02'::date) AND (d_date <= '2000-09-01 00:00:00'::timestamp without time zone))",
                                                                  "parent": 36,
                                                                  "ID": 37
                                                                }
                                                              ],
                                                              "parent": 34,
                                                              "ID": 36,
                                                              "left": 37
                                                            }
                                                          ],
                                                          "parent": 33,
                                                          "ID": 34,
                                                          "left": 35,
                                                          "right": 36
                                                        },
                                                        {
                                                          "Node Type": "Hash",
                                                          "Parent Relationship": "Inner",
                                                          "Parallel Aware": true,
                                                          "Async Capable": false,
                                                          "Startup Cost": 34748.95,
                                                          "Total Cost": 34748.95,
                                                          "Plan Rows": 599895,
                                                          "Plan Width": 20,
                                                          "Plans": [
                                                            {
                                                              "Node Type": "Seq Scan",
                                                              "Parent Relationship": "Outer",
                                                              "Parallel Aware": true,
                                                              "Async Capable": false,
                                                              "Relation Name": "catalog_returns",
                                                              "Alias": "catalog_returns",
                                                              "Startup Cost": 0.0,
                                                              "Total Cost": 34748.95,
                                                              "Plan Rows": 599895,
                                                              "Plan Width": 20,
                                                              "parent": 38,
                                                              "ID": 39
                                                            }
                                                          ],
                                                          "parent": 33,
                                                          "ID": 38,
                                                          "left": 39
                                                        }
                                                      ],
                                                      "parent": 32,
                                                      "ID": 33,
                                                      "left": 34,
                                                      "right": 38
                                                    },
                                                    {
                                                      "Node Type": "Hash",
                                                      "Parent Relationship": "Inner",
                                                      "Parallel Aware": true,
                                                      "Async Capable": false,
                                                      "Startup Cost": 7495.25,
                                                      "Total Cost": 7495.25,
                                                      "Plan Rows": 2442,
                                                      "Plan Width": 4,
                                                      "Plans": [
                                                        {
                                                          "Node Type": "Seq Scan",
                                                          "Parent Relationship": "Outer",
                                                          "Parallel Aware": true,
                                                          "Async Capable": false,
                                                          "Relation Name": "item",
                                                          "Alias": "item_1",
                                                          "Startup Cost": 0.0,
                                                          "Total Cost": 7495.25,
                                                          "Plan Rows": 2442,
                                                          "Plan Width": 4,
                                                          "Filter": "(i_current_price > '50'::numeric)",
                                                          "parent": 40,
                                                          "ID": 41
                                                        }
                                                      ],
                                                      "parent": 32,
                                                      "ID": 40,
                                                      "left": 41
                                                    }
                                                  ],
                                                  "parent": 31,
                                                  "ID": 32,
                                                  "left": 33,
                                                  "right": 40
                                                },
                                                {
                                                  "Node Type": "Hash",
                                                  "Parent Relationship": "Inner",
                                                  "Parallel Aware": false,
                                                  "Async Capable": false,
                                                  "Startup Cost": 19.25,
                                                  "Total Cost": 19.25,
                                                  "Plan Rows": 492,
                                                  "Plan Width": 4,
                                                  "Plans": [
                                                    {
                                                      "Node Type": "Seq Scan",
                                                      "Parent Relationship": "Outer",
                                                      "Parallel Aware": false,
                                                      "Async Capable": false,
                                                      "Relation Name": "promotion",
                                                      "Alias": "promotion_1",
                                                      "Startup Cost": 0.0,
                                                      "Total Cost": 19.25,
                                                      "Plan Rows": 492,
                                                      "Plan Width": 4,
                                                      "Filter": "(p_channel_tv = 'N'::bpchar)",
                                                      "parent": 42,
                                                      "ID": 43
                                                    }
                                                  ],
                                                  "parent": 31,
                                                  "ID": 42,
                                                  "left": 43
                                                }
                                              ],
                                              "parent": 30,
                                              "ID": 31,
                                              "left": 32,
                                              "right": 42
                                            },
                                            {
                                              "Node Type": "Hash",
                                              "Parent Relationship": "Inner",
                                              "Parallel Aware": false,
                                              "Async Capable": false,
                                              "Startup Cost": 368.0,
                                              "Total Cost": 368.0,
                                              "Plan Rows": 12000,
                                              "Plan Width": 21,
                                              "Plans": [
                                                {
                                                  "Node Type": "Seq Scan",
                                                  "Parent Relationship": "Outer",
                                                  "Parallel Aware": false,
                                                  "Async Capable": false,
                                                  "Relation Name": "catalog_page",
                                                  "Alias": "catalog_page",
                                                  "Startup Cost": 0.0,
                                                  "Total Cost": 368.0,
                                                  "Plan Rows": 12000,
                                                  "Plan Width": 21,
                                                  "parent": 44,
                                                  "ID": 45
                                                }
                                              ],
                                              "parent": 30,
                                              "ID": 44,
                                              "left": 45
                                            }
                                          ],
                                          "parent": 29,
                                          "ID": 30,
                                          "left": 31,
                                          "right": 44
                                        }
                                      ],
                                      "parent": 28,
                                      "ID": 29,
                                      "left": 30
                                    }
                                  ],
                                  "parent": 27,
                                  "ID": 28,
                                  "left": 29
                                }
                              ],
                              "parent": 26,
                              "ID": 27,
                              "left": 28
                            }
                          ],
                          "parent": 25,
                          "ID": 26,
                          "left": 27
                        }
                      ],
                      "parent": 3,
                      "ID": 25,
                      "left": 26
                    },
                    {
                      "Node Type": "Subquery Scan",
                      "Parent Relationship": "Member",
                      "Parallel Aware": false,
                      "Async Capable": false,
                      "Alias": "wsr",
                      "Startup Cost": 263919.04,
                      "Total Cost": 263926.75,
                      "Plan Rows": 21,
                      "Plan Width": 160,
                      "Plans": [
                        {
                          "Node Type": "Aggregate",
                          "Strategy": "Sorted",
                          "Partial Mode": "Finalize",
                          "Parent Relationship": "Subquery",
                          "Parallel Aware": false,
                          "Async Capable": false,
                          "Startup Cost": 263919.04,
                          "Total Cost": 263926.43,
                          "Plan Rows": 21,
                          "Plan Width": 113,
                          "Group Key": [
                            "web_site.web_site_id"
                          ],
                          "Plans": [
                            {
                              "Node Type": "Gather Merge",
                              "Parent Relationship": "Outer",
                              "Parallel Aware": false,
                              "Async Capable": false,
                              "Startup Cost": 263919.04,
                              "Total Cost": 263925.33,
                              "Plan Rows": 42,
                              "Plan Width": 113,
                              "Workers Planned": 2,
                              "Plans": [
                                {
                                  "Node Type": "Aggregate",
                                  "Strategy": "Sorted",
                                  "Partial Mode": "Partial",
                                  "Parent Relationship": "Outer",
                                  "Parallel Aware": false,
                                  "Async Capable": false,
                                  "Startup Cost": 262919.01,
                                  "Total Cost": 262920.46,
                                  "Plan Rows": 21,
                                  "Plan Width": 113,
                                  "Group Key": [
                                    "web_site.web_site_id"
                                  ],
                                  "Plans": [
                                    {
                                      "Node Type": "Sort",
                                      "Parent Relationship": "Outer",
                                      "Parallel Aware": false,
                                      "Async Capable": false,
                                      "Startup Cost": 262919.01,
                                      "Total Cost": 262919.19,
                                      "Plan Rows": 72,
                                      "Plan Width": 41,
                                      "Sort Key": [
                                        "web_site.web_site_id"
                                      ],
                                      "Plans": [
                                        {
                                          "Node Type": "Hash Join",
                                          "Parent Relationship": "Outer",
                                          "Parallel Aware": false,
                                          "Async Capable": false,
                                          "Join Type": "Inner",
                                          "Startup Cost": 32134.74,
                                          "Total Cost": 262916.79,
                                          "Plan Rows": 72,
                                          "Plan Width": 41,
                                          "Inner Unique": false,
                                          "Hash Cond": "(web_sales.ws_web_site_sk = web_site.web_site_sk)",
                                          "Plans": [
                                            {
                                              "Node Type": "Hash Join",
                                              "Parent Relationship": "Outer",
                                              "Parallel Aware": false,
                                              "Async Capable": false,
                                              "Join Type": "Inner",
                                              "Startup Cost": 32130.8,
                                              "Total Cost": 262911.86,
                                              "Plan Rows": 72,
                                              "Plan Width": 28,
                                              "Inner Unique": false,
                                              "Hash Cond": "(web_sales.ws_promo_sk = promotion_2.p_promo_sk)",
                                              "Plans": [
                                                {
                                                  "Node Type": "Hash Join",
                                                  "Parent Relationship": "Outer",
                                                  "Parallel Aware": true,
                                                  "Async Capable": false,
                                                  "Join Type": "Inner",
                                                  "Startup Cost": 32105.4,
                                                  "Total Cost": 262885.46,
                                                  "Plan Rows": 73,
                                                  "Plan Width": 32,
                                                  "Inner Unique": false,
                                                  "Hash Cond": "(web_sales.ws_item_sk = item_2.i_item_sk)",
                                                  "Plans": [
                                                    {
                                                      "Node Type": "Hash Join",
                                                      "Parent Relationship": "Outer",
                                                      "Parallel Aware": true,
                                                      "Async Capable": false,
                                                      "Join Type": "Left",
                                                      "Startup Cost": 24579.62,
                                                      "Total Cost": 255354.62,
                                                      "Plan Rows": 1272,
                                                      "Plan Width": 36,
                                                      "Inner Unique": false,
                                                      "Hash Cond": "((web_sales.ws_item_sk = web_returns.wr_item_sk) AND (web_sales.ws_order_number = web_returns.wr_order_number))",
                                                      "Plans": [
                                                        {
                                                          "Node Type": "Hash Join",
                                                          "Parent Relationship": "Outer",
                                                          "Parallel Aware": true,
                                                          "Async Capable": false,
                                                          "Join Type": "Inner",
                                                          "Startup Cost": 2049.78,
                                                          "Total Cost": 231041.22,
                                                          "Plan Rows": 1272,
                                                          "Plan Width": 28,
                                                          "Inner Unique": false,
                                                          "Hash Cond": "(web_sales.ws_sold_date_sk = date_dim_2.d_date_sk)",
                                                          "Plans": [
                                                            {
                                                              "Node Type": "Seq Scan",
                                                              "Parent Relationship": "Outer",
                                                              "Parallel Aware": true,
                                                              "Async Capable": false,
                                                              "Relation Name": "web_sales",
                                                              "Alias": "web_sales",
                                                              "Startup Cost": 0.0,
                                                              "Total Cost": 217737.86,
                                                              "Plan Rows": 2998986,
                                                              "Plan Width": 32,
                                                              "parent": 55,
                                                              "ID": 56
                                                            },
                                                            {
                                                              "Node Type": "Hash",
                                                              "Parent Relationship": "Inner",
                                                              "Parallel Aware": true,
                                                              "Async Capable": false,
                                                              "Startup Cost": 2049.55,
                                                              "Total Cost": 2049.55,
                                                              "Plan Rows": 18,
                                                              "Plan Width": 4,
                                                              "Plans": [
                                                                {
                                                                  "Node Type": "Seq Scan",
                                                                  "Parent Relationship": "Outer",
                                                                  "Parallel Aware": true,
                                                                  "Async Capable": false,
                                                                  "Relation Name": "date_dim",
                                                                  "Alias": "date_dim_2",
                                                                  "Startup Cost": 0.0,
                                                                  "Total Cost": 2049.55,
                                                                  "Plan Rows": 18,
                                                                  "Plan Width": 4,
                                                                  "Filter": "((d_date >= '2000-08-02'::date) AND (d_date <= '2000-09-01 00:00:00'::timestamp without time zone))",
                                                                  "parent": 57,
                                                                  "ID": 58
                                                                }
                                                              ],
                                                              "parent": 55,
                                                              "ID": 57,
                                                              "left": 58
                                                            }
                                                          ],
                                                          "parent": 54,
                                                          "ID": 55,
                                                          "left": 56,
                                                          "right": 57
                                                        },
                                                        {
                                                          "Node Type": "Hash",
                                                          "Parent Relationship": "Inner",
                                                          "Parallel Aware": true,
                                                          "Async Capable": false,
                                                          "Startup Cost": 16278.74,
                                                          "Total Cost": 16278.74,
                                                          "Plan Rows": 299674,
                                                          "Plan Width": 20,
                                                          "Plans": [
                                                            {
                                                              "Node Type": "Seq Scan",
                                                              "Parent Relationship": "Outer",
                                                              "Parallel Aware": true,
                                                              "Async Capable": false,
                                                              "Relation Name": "web_returns",
                                                              "Alias": "web_returns",
                                                              "Startup Cost": 0.0,
                                                              "Total Cost": 16278.74,
                                                              "Plan Rows": 299674,
                                                              "Plan Width": 20,
                                                              "parent": 59,
                                                              "ID": 60
                                                            }
                                                          ],
                                                          "parent": 54,
                                                          "ID": 59,
                                                          "left": 60
                                                        }
                                                      ],
                                                      "parent": 53,
                                                      "ID": 54,
                                                      "left": 55,
                                                      "right": 59
                                                    },
                                                    {
                                                      "Node Type": "Hash",
                                                      "Parent Relationship": "Inner",
                                                      "Parallel Aware": true,
                                                      "Async Capable": false,
                                                      "Startup Cost": 7495.25,
                                                      "Total Cost": 7495.25,
                                                      "Plan Rows": 2442,
                                                      "Plan Width": 4,
                                                      "Plans": [
                                                        {
                                                          "Node Type": "Seq Scan",
                                                          "Parent Relationship": "Outer",
                                                          "Parallel Aware": true,
                                                          "Async Capable": false,
                                                          "Relation Name": "item",
                                                          "Alias": "item_2",
                                                          "Startup Cost": 0.0,
                                                          "Total Cost": 7495.25,
                                                          "Plan Rows": 2442,
                                                          "Plan Width": 4,
                                                          "Filter": "(i_current_price > '50'::numeric)",
                                                          "parent": 61,
                                                          "ID": 62
                                                        }
                                                      ],
                                                      "parent": 53,
                                                      "ID": 61,
                                                      "left": 62
                                                    }
                                                  ],
                                                  "parent": 52,
                                                  "ID": 53,
                                                  "left": 54,
                                                  "right": 61
                                                },
                                                {
                                                  "Node Type": "Hash",
                                                  "Parent Relationship": "Inner",
                                                  "Parallel Aware": false,
                                                  "Async Capable": false,
                                                  "Startup Cost": 19.25,
                                                  "Total Cost": 19.25,
                                                  "Plan Rows": 492,
                                                  "Plan Width": 4,
                                                  "Plans": [
                                                    {
                                                      "Node Type": "Seq Scan",
                                                      "Parent Relationship": "Outer",
                                                      "Parallel Aware": false,
                                                      "Async Capable": false,
                                                      "Relation Name": "promotion",
                                                      "Alias": "promotion_2",
                                                      "Startup Cost": 0.0,
                                                      "Total Cost": 19.25,
                                                      "Plan Rows": 492,
                                                      "Plan Width": 4,
                                                      "Filter": "(p_channel_tv = 'N'::bpchar)",
                                                      "parent": 63,
                                                      "ID": 64
                                                    }
                                                  ],
                                                  "parent": 52,
                                                  "ID": 63,
                                                  "left": 64
                                                }
                                              ],
                                              "parent": 51,
                                              "ID": 52,
                                              "left": 53,
                                              "right": 63
                                            },
                                            {
                                              "Node Type": "Hash",
                                              "Parent Relationship": "Inner",
                                              "Parallel Aware": false,
                                              "Async Capable": false,
                                              "Startup Cost": 3.42,
                                              "Total Cost": 3.42,
                                              "Plan Rows": 42,
                                              "Plan Width": 21,
                                              "Plans": [
                                                {
                                                  "Node Type": "Seq Scan",
                                                  "Parent Relationship": "Outer",
                                                  "Parallel Aware": false,
                                                  "Async Capable": false,
                                                  "Relation Name": "web_site",
                                                  "Alias": "web_site",
                                                  "Startup Cost": 0.0,
                                                  "Total Cost": 3.42,
                                                  "Plan Rows": 42,
                                                  "Plan Width": 21,
                                                  "parent": 65,
                                                  "ID": 66
                                                }
                                              ],
                                              "parent": 51,
                                              "ID": 65,
                                              "left": 66
                                            }
                                          ],
                                          "parent": 50,
                                          "ID": 51,
                                          "left": 52,
                                          "right": 65
                                        }
                                      ],
                                      "parent": 49,
                                      "ID": 50,
                                      "left": 51
                                    }
                                  ],
                                  "parent": 48,
                                  "ID": 49,
                                  "left": 50
                                }
                              ],
                              "parent": 47,
                              "ID": 48,
                              "left": 49
                            }
                          ],
                          "parent": 46,
                          "ID": 47,
                          "left": 48
                        }
                      ],
                      "parent": 3,
                      "ID": 46,
                      "left": 47
                    }
                  ],
                  "parent": 2,
                  "ID": 3,
                  "left": 4,
                  "right": 25
                }
              ],
              "parent": 1,
              "ID": 2,
              "left": 3
            }
          ],
          "parent": 0,
          "ID": 1,
          "left": 2
        }
      ],
      "parent": null,
      "ID": 0,
      "left": 1
    },
    "feat": {
      "utility": 0.0,
      "query_shape": [
        [
          "Seq Scan",
          "Hash Join",
          "Sort",
          "Aggregate",
          "Gather Merge",
          "Subquery Scan",
          "Append"
        ],
        [
          "Seq Scan",
          "Hash",
          "Hash Join",
          "Sort",
          "Aggregate",
          "Gather Merge",
          "Subquery Scan",
          "Append"
        ],
        [
          "Seq Scan",
          "Hash",
          "Hash Join",
          "Sort",
          "Aggregate",
          "Gather Merge",
          "Subquery Scan",
          "Append"
        ],
        [
          "Seq Scan",
          "Hash",
          "Hash Join",
          "Sort",
          "Aggregate",
          "Gather Merge",
          "Subquery Scan",
          "Append"
        ],
        [
          "Seq Scan",
          "Hash",
          "Hash Join",
          "Sort",
          "Aggregate",
          "Gather Merge",
          "Subquery Scan",
          "Append"
        ],
        [
          "Seq Scan",
          "Hash",
          "Hash Join",
          "Sort",
          "Aggregate",
          "Gather Merge",
          "Subquery Scan",
          "Append"
        ],
        [
          "Seq Scan",
          "Hash Join",
          "Sort",
          "Aggregate",
          "Gather Merge",
          "Subquery Scan",
          "Append"
        ],
        [
          "Seq Scan",
          "Hash",
          "Hash Join",
          "Sort",
          "Aggregate",
          "Gather Merge",
          "Subquery Scan",
          "Append"
        ],
        [
          "Seq Scan",
          "Hash",
          "Hash Join",
          "Sort",
          "Aggregate",
          "Gather Merge",
          "Subquery Scan",
          "Append"
        ],
        [
          "Seq Scan",
          "Hash",
          "Hash Join",
          "Sort",
          "Aggregate",
          "Gather Merge",
          "Subquery Scan",
          "Append"
        ],
        [
          "Seq Scan",
          "Hash",
          "Hash Join",
          "Sort",
          "Aggregate",
          "Gather Merge",
          "Subquery Scan",
          "Append"
        ],
        [
          "Seq Scan",
          "Hash",
          "Hash Join",
          "Sort",
          "Aggregate",
          "Gather Merge",
          "Subquery Scan",
          "Append"
        ],
        [
          "Seq Scan",
          "Hash Join",
          "Sort",
          "Aggregate",
          "Gather Merge",
          "Subquery Scan",
          "Append"
        ],
        [
          "Seq Scan",
          "Hash",
          "Hash Join",
          "Sort",
          "Aggregate",
          "Gather Merge",
          "Subquery Scan",
          "Append"
        ],
        [
          "Seq Scan",
          "Hash",
          "Hash Join",
          "Sort",
          "Aggregate",
          "Gather Merge",
          "Subquery Scan",
          "Append"
        ],
        [
          "Seq Scan",
          "Hash",
          "Hash Join",
          "Sort",
          "Aggregate",
          "Gather Merge",
          "Subquery Scan",
          "Append"
        ],
        [
          "Seq Scan",
          "Hash",
          "Hash Join",
          "Sort",
          "Aggregate",
          "Gather Merge",
          "Subquery Scan",
          "Append"
        ],
        [
          "Seq Scan",
          "Hash",
          "Hash Join",
          "Sort",
          "Aggregate",
          "Gather Merge",
          "Subquery Scan",
          "Append"
        ]
      ],
      "index_shape": [],
      "physical_operator": {}
    }
  },
  {
    "query": "with ssr as\n (select  s_store_id as store_id,\n          sum(ss_ext_sales_price) as sales,\n          sum(coalesce(sr_return_amt, 0)) as returns,\n          sum(ss_net_profit - coalesce(sr_net_loss, 0)) as profit\n  from store_sales left outer join store_returns on\n         (ss_item_sk = sr_item_sk and ss_ticket_number = sr_ticket_number),\n     date_dim,\n     store,\n     item,\n     promotion\n where ss_sold_date_sk = d_date_sk\n       and d_date between cast('2000-08-02' as date) \n                  and (cast('2000-08-02' as date) +  interval '30 days')\n       and ss_store_sk = s_store_sk\n       and ss_item_sk = i_item_sk\n       and i_current_price > 50\n       and ss_promo_sk = p_promo_sk\n       and p_channel_tv = 'N'\n group by s_store_id)\n ,\n csr as\n (select  cp_catalog_page_id as catalog_page_id,\n          sum(cs_ext_sales_price) as sales,\n          sum(coalesce(cr_return_amount, 0)) as returns,\n          sum(cs_net_profit - coalesce(cr_net_loss, 0)) as profit\n  from catalog_sales left outer join catalog_returns on\n         (cs_item_sk = cr_item_sk and cs_order_number = cr_order_number),\n     date_dim,\n     catalog_page,\n     item,\n     promotion\n where cs_sold_date_sk = d_date_sk\n       and d_date between cast('2000-08-02' as date)\n                  and (cast('2000-08-02' as date) +  interval '30 days')\n        and cs_catalog_page_sk = cp_catalog_page_sk\n       and cs_item_sk = i_item_sk\n       and i_current_price > 50\n       and cs_promo_sk = p_promo_sk\n       and p_channel_tv = 'N'\ngroup by cp_catalog_page_id)\n ,\n wsr as\n (select  web_site_id,\n          sum(ws_ext_sales_price) as sales,\n          sum(coalesce(wr_return_amt, 0)) as returns,\n          sum(ws_net_profit - coalesce(wr_net_loss, 0)) as profit\n  from web_sales left outer join web_returns on\n         (ws_item_sk = wr_item_sk and ws_order_number = wr_order_number),\n     date_dim,\n     web_site,\n     item,\n     promotion\n where ws_sold_date_sk = d_date_sk\n       and d_date between cast('2000-08-02' as date)\n                  and (cast('2000-08-02' as date) +  interval '30 days')\n        and ws_web_site_sk = web_site_sk\n       and ws_item_sk = i_item_sk\n       and i_current_price > 50\n       and ws_promo_sk = p_promo_sk\n       and p_channel_tv = 'N'\ngroup by web_site_id)\n  select  channel\n        , id\n        , sum(sales) as sales\n        , sum(returns) as returns\n        , sum(profit) as profit\n from \n (select 'store channel' as channel\n        , 'store' || store_id as id\n        , sales\n        , returns\n        , profit\n from   ssr\n union all\n select 'catalog channel' as channel\n        , 'catalog_page' || catalog_page_id as id\n        , sales\n        , returns\n        , profit\n from  csr\n union all\n select 'web channel' as channel\n        , 'web_site' || web_site_id as id\n        , sales\n        , returns\n        , profit\n from   wsr\n ) x\n group by rollup (channel, id)\n order by channel\n         ,id\n limit 100;\n\n-- end query 61 in stream 4 using template query80.tpl\n",
    "indexes": "store_sales.ss_net_profit",
    "wo plan est": {
      "Node Type": "Limit",
      "Parallel Aware": false,
      "Async Capable": false,
      "Startup Cost": 1566793.64,
      "Total Cost": 1566796.93,
      "Plan Rows": 100,
      "Plan Width": 160,
      "Plans": [
        {
          "Node Type": "Aggregate",
          "Strategy": "Sorted",
          "Partial Mode": "Simple",
          "Parent Relationship": "Outer",
          "Parallel Aware": false,
          "Async Capable": false,
          "Startup Cost": 1566793.64,
          "Total Cost": 1566806.84,
          "Plan Rows": 401,
          "Plan Width": 160,
          "Grouping Sets": [
            {
              "Group Keys": [
                [
                  "('store channel'::text)",
                  "(('store'::text || (ssr.store_id)::text))"
                ],
                [
                  "('store channel'::text)"
                ],
                []
              ]
            }
          ],
          "Plans": [
            {
              "Node Type": "Sort",
              "Parent Relationship": "Outer",
              "Parallel Aware": false,
              "Async Capable": false,
              "Startup Cost": 1566793.64,
              "Total Cost": 1566794.67,
              "Plan Rows": 412,
              "Plan Width": 160,
              "Sort Key": [
                "('store channel'::text)",
                "(('store'::text || (ssr.store_id)::text))"
              ],
              "Plans": [
                {
                  "Node Type": "Append",
                  "Parent Relationship": "Outer",
                  "Parallel Aware": false,
                  "Async Capable": false,
                  "Startup Cost": 784596.3,
                  "Total Cost": 1566775.74,
                  "Plan Rows": 412,
                  "Plan Width": 160,
                  "Subplans Removed": 0,
                  "Plans": [
                    {
                      "Node Type": "Subquery Scan",
                      "Parent Relationship": "Member",
                      "Parallel Aware": false,
                      "Async Capable": false,
                      "Alias": "ssr",
                      "Startup Cost": 784596.3,
                      "Total Cost": 784616.16,
                      "Plan Rows": 51,
                      "Plan Width": 160,
                      "Plans": [
                        {
                          "Node Type": "Aggregate",
                          "Strategy": "Sorted",
                          "Partial Mode": "Finalize",
                          "Parent Relationship": "Subquery",
                          "Parallel Aware": false,
                          "Async Capable": false,
                          "Startup Cost": 784596.3,
                          "Total Cost": 784615.39,
                          "Plan Rows": 51,
                          "Plan Width": 113,
                          "Group Key": [
                            "store.s_store_id"
                          ],
                          "Plans": [
                            {
                              "Node Type": "Gather Merge",
                              "Parent Relationship": "Outer",
                              "Parallel Aware": false,
                              "Async Capable": false,
                              "Startup Cost": 784596.3,
                              "Total Cost": 784612.71,
                              "Plan Rows": 102,
                              "Plan Width": 113,
                              "Workers Planned": 2,
                              "Plans": [
                                {
                                  "Node Type": "Aggregate",
                                  "Strategy": "Sorted",
                                  "Partial Mode": "Partial",
                                  "Parent Relationship": "Outer",
                                  "Parallel Aware": false,
                                  "Async Capable": false,
                                  "Startup Cost": 783596.27,
                                  "Total Cost": 783600.92,
                                  "Plan Rows": 51,
                                  "Plan Width": 113,
                                  "Group Key": [
                                    "store.s_store_id"
                                  ],
                                  "Plans": [
                                    {
                                      "Node Type": "Sort",
                                      "Parent Relationship": "Outer",
                                      "Parallel Aware": false,
                                      "Async Capable": false,
                                      "Startup Cost": 783596.27,
                                      "Total Cost": 783596.9,
                                      "Plan Rows": 250,
                                      "Plan Width": 41,
                                      "Sort Key": [
                                        "store.s_store_id"
                                      ],
                                      "Plans": [
                                        {
                                          "Node Type": "Hash Join",
                                          "Parent Relationship": "Outer",
                                          "Parallel Aware": false,
                                          "Async Capable": false,
                                          "Join Type": "Inner",
                                          "Startup Cost": 94489.35,
                                          "Total Cost": 783586.32,
                                          "Plan Rows": 250,
                                          "Plan Width": 41,
                                          "Inner Unique": false,
                                          "Hash Cond": "(store_sales.ss_store_sk = store.s_store_sk)",
                                          "Plans": [
                                            {
                                              "Node Type": "Hash Join",
                                              "Parent Relationship": "Outer",
                                              "Parallel Aware": false,
                                              "Async Capable": false,
                                              "Join Type": "Inner",
                                              "Startup Cost": 94482.05,
                                              "Total Cost": 783575.54,
                                              "Plan Rows": 262,
                                              "Plan Width": 28,
                                              "Inner Unique": false,
                                              "Hash Cond": "(store_sales.ss_promo_sk = promotion.p_promo_sk)",
                                              "Plans": [
                                                {
                                                  "Node Type": "Hash Join",
                                                  "Parent Relationship": "Outer",
                                                  "Parallel Aware": true,
                                                  "Async Capable": false,
                                                  "Join Type": "Inner",
                                                  "Startup Cost": 94456.65,
                                                  "Total Cost": 783546.47,
                                                  "Plan Rows": 279,
                                                  "Plan Width": 32,
                                                  "Inner Unique": false,
                                                  "Hash Cond": "(store_sales.ss_item_sk = item.i_item_sk)",
                                                  "Plans": [
                                                    {
                                                      "Node Type": "Hash Join",
                                                      "Parent Relationship": "Outer",
                                                      "Parallel Aware": true,
                                                      "Async Capable": false,
                                                      "Join Type": "Left",
                                                      "Startup Cost": 86930.88,
                                                      "Total Cost": 776001.31,
                                                      "Plan Rows": 4860,
                                                      "Plan Width": 36,
                                                      "Inner Unique": false,
                                                      "Hash Cond": "((store_sales.ss_item_sk = store_returns.sr_item_sk) AND (store_sales.ss_ticket_number = store_returns.sr_ticket_number))",
                                                      "Plans": [
                                                        {
                                                          "Node Type": "Hash Join",
                                                          "Parent Relationship": "Outer",
                                                          "Parallel Aware": true,
                                                          "Async Capable": false,
                                                          "Join Type": "Inner",
                                                          "Startup Cost": 2049.78,
                                                          "Total Cost": 683994.75,
                                                          "Plan Rows": 4860,
                                                          "Plan Width": 28,
                                                          "Inner Unique": false,
                                                          "Hash Cond": "(store_sales.ss_sold_date_sk = date_dim.d_date_sk)",
                                                          "Plans": [
                                                            {
                                                              "Node Type": "Seq Scan",
                                                              "Parent Relationship": "Outer",
                                                              "Parallel Aware": true,
                                                              "Async Capable": false,
                                                              "Relation Name": "store_sales",
                                                              "Alias": "store_sales",
                                                              "Startup Cost": 0.0,
                                                              "Total Cost": 636914.37,
                                                              "Plan Rows": 12000637,
                                                              "Plan Width": 32,
                                                              "parent": 13,
                                                              "ID": 14
                                                            },
                                                            {
                                                              "Node Type": "Hash",
                                                              "Parent Relationship": "Inner",
                                                              "Parallel Aware": true,
                                                              "Async Capable": false,
                                                              "Startup Cost": 2049.55,
                                                              "Total Cost": 2049.55,
                                                              "Plan Rows": 18,
                                                              "Plan Width": 4,
                                                              "Plans": [
                                                                {
                                                                  "Node Type": "Seq Scan",
                                                                  "Parent Relationship": "Outer",
                                                                  "Parallel Aware": true,
                                                                  "Async Capable": false,
                                                                  "Relation Name": "date_dim",
                                                                  "Alias": "date_dim",
                                                                  "Startup Cost": 0.0,
                                                                  "Total Cost": 2049.55,
                                                                  "Plan Rows": 18,
                                                                  "Plan Width": 4,
                                                                  "Filter": "((d_date >= '2000-08-02'::date) AND (d_date <= '2000-09-01 00:00:00'::timestamp without time zone))",
                                                                  "parent": 15,
                                                                  "ID": 16
                                                                }
                                                              ],
                                                              "parent": 13,
                                                              "ID": 15,
                                                              "left": 16
                                                            }
                                                          ],
                                                          "parent": 12,
                                                          "ID": 13,
                                                          "left": 14,
                                                          "right": 15
                                                        },
                                                        {
                                                          "Node Type": "Hash",
                                                          "Parent Relationship": "Inner",
                                                          "Parallel Aware": true,
                                                          "Async Capable": false,
                                                          "Startup Cost": 59887.64,
                                                          "Total Cost": 59887.64,
                                                          "Plan Rows": 1198164,
                                                          "Plan Width": 20,
                                                          "Plans": [
                                                            {
                                                              "Node Type": "Seq Scan",
                                                              "Parent Relationship": "Outer",
                                                              "Parallel Aware": true,
                                                              "Async Capable": false,
                                                              "Relation Name": "store_returns",
                                                              "Alias": "store_returns",
                                                              "Startup Cost": 0.0,
                                                              "Total Cost": 59887.64,
                                                              "Plan Rows": 1198164,
                                                              "Plan Width": 20,
                                                              "parent": 17,
                                                              "ID": 18
                                                            }
                                                          ],
                                                          "parent": 12,
                                                          "ID": 17,
                                                          "left": 18
                                                        }
                                                      ],
                                                      "parent": 11,
                                                      "ID": 12,
                                                      "left": 13,
                                                      "right": 17
                                                    },
                                                    {
                                                      "Node Type": "Hash",
                                                      "Parent Relationship": "Inner",
                                                      "Parallel Aware": true,
                                                      "Async Capable": false,
                                                      "Startup Cost": 7495.25,
                                                      "Total Cost": 7495.25,
                                                      "Plan Rows": 2442,
                                                      "Plan Width": 4,
                                                      "Plans": [
                                                        {
                                                          "Node Type": "Seq Scan",
                                                          "Parent Relationship": "Outer",
                                                          "Parallel Aware": true,
                                                          "Async Capable": false,
                                                          "Relation Name": "item",
                                                          "Alias": "item",
                                                          "Startup Cost": 0.0,
                                                          "Total Cost": 7495.25,
                                                          "Plan Rows": 2442,
                                                          "Plan Width": 4,
                                                          "Filter": "(i_current_price > '50'::numeric)",
                                                          "parent": 19,
                                                          "ID": 20
                                                        }
                                                      ],
                                                      "parent": 11,
                                                      "ID": 19,
                                                      "left": 20
                                                    }
                                                  ],
                                                  "parent": 10,
                                                  "ID": 11,
                                                  "left": 12,
                                                  "right": 19
                                                },
                                                {
                                                  "Node Type": "Hash",
                                                  "Parent Relationship": "Inner",
                                                  "Parallel Aware": false,
                                                  "Async Capable": false,
                                                  "Startup Cost": 19.25,
                                                  "Total Cost": 19.25,
                                                  "Plan Rows": 492,
                                                  "Plan Width": 4,
                                                  "Plans": [
                                                    {
                                                      "Node Type": "Seq Scan",
                                                      "Parent Relationship": "Outer",
                                                      "Parallel Aware": false,
                                                      "Async Capable": false,
                                                      "Relation Name": "promotion",
                                                      "Alias": "promotion",
                                                      "Startup Cost": 0.0,
                                                      "Total Cost": 19.25,
                                                      "Plan Rows": 492,
                                                      "Plan Width": 4,
                                                      "Filter": "(p_channel_tv = 'N'::bpchar)",
                                                      "parent": 21,
                                                      "ID": 22
                                                    }
                                                  ],
                                                  "parent": 10,
                                                  "ID": 21,
                                                  "left": 22
                                                }
                                              ],
                                              "parent": 9,
                                              "ID": 10,
                                              "left": 11,
                                              "right": 21
                                            },
                                            {
                                              "Node Type": "Hash",
                                              "Parent Relationship": "Inner",
                                              "Parallel Aware": false,
                                              "Async Capable": false,
                                              "Startup Cost": 6.02,
                                              "Total Cost": 6.02,
                                              "Plan Rows": 102,
                                              "Plan Width": 21,
                                              "Plans": [
                                                {
                                                  "Node Type": "Seq Scan",
                                                  "Parent Relationship": "Outer",
                                                  "Parallel Aware": false,
                                                  "Async Capable": false,
                                                  "Relation Name": "store",
                                                  "Alias": "store",
                                                  "Startup Cost": 0.0,
                                                  "Total Cost": 6.02,
                                                  "Plan Rows": 102,
                                                  "Plan Width": 21,
                                                  "parent": 23,
                                                  "ID": 24
                                                }
                                              ],
                                              "parent": 9,
                                              "ID": 23,
                                              "left": 24
                                            }
                                          ],
                                          "parent": 8,
                                          "ID": 9,
                                          "left": 10,
                                          "right": 23
                                        }
                                      ],
                                      "parent": 7,
                                      "ID": 8,
                                      "left": 9
                                    }
                                  ],
                                  "parent": 6,
                                  "ID": 7,
                                  "left": 8
                                }
                              ],
                              "parent": 5,
                              "ID": 6,
                              "left": 7
                            }
                          ],
                          "parent": 4,
                          "ID": 5,
                          "left": 6
                        }
                      ],
                      "parent": 3,
                      "ID": 4,
                      "left": 5
                    },
                    {
                      "Node Type": "Subquery Scan",
                      "Parent Relationship": "Member",
                      "Parallel Aware": false,
                      "Async Capable": false,
                      "Alias": "csr",
                      "Startup Cost": 518177.36,
                      "Total Cost": 518230.78,
                      "Plan Rows": 340,
                      "Plan Width": 160,
                      "Plans": [
                        {
                          "Node Type": "Aggregate",
                          "Strategy": "Sorted",
                          "Partial Mode": "Finalize",
                          "Parent Relationship": "Subquery",
                          "Parallel Aware": false,
                          "Async Capable": false,
                          "Startup Cost": 518177.36,
                          "Total Cost": 518225.68,
                          "Plan Rows": 340,
                          "Plan Width": 113,
                          "Group Key": [
                            "catalog_page.cp_catalog_page_id"
                          ],
                          "Plans": [
                            {
                              "Node Type": "Gather Merge",
                              "Parent Relationship": "Outer",
                              "Parallel Aware": false,
                              "Async Capable": false,
                              "Startup Cost": 518177.36,
                              "Total Cost": 518214.76,
                              "Plan Rows": 284,
                              "Plan Width": 113,
                              "Workers Planned": 2,
                              "Plans": [
                                {
                                  "Node Type": "Aggregate",
                                  "Strategy": "Sorted",
                                  "Partial Mode": "Partial",
                                  "Parent Relationship": "Outer",
                                  "Parallel Aware": false,
                                  "Async Capable": false,
                                  "Startup Cost": 517177.34,
                                  "Total Cost": 517181.95,
                                  "Plan Rows": 142,
                                  "Plan Width": 113,
                                  "Group Key": [
                                    "catalog_page.cp_catalog_page_id"
                                  ],
                                  "Plans": [
                                    {
                                      "Node Type": "Sort",
                                      "Parent Relationship": "Outer",
                                      "Parallel Aware": false,
                                      "Async Capable": false,
                                      "Startup Cost": 517177.34,
                                      "Total Cost": 517177.69,
                                      "Plan Rows": 142,
                                      "Plan Width": 41,
                                      "Sort Key": [
                                        "catalog_page.cp_catalog_page_id"
                                      ],
                                      "Plans": [
                                        {
                                          "Node Type": "Hash Join",
                                          "Parent Relationship": "Outer",
                                          "Parallel Aware": false,
                                          "Async Capable": false,
                                          "Join Type": "Inner",
                                          "Startup Cost": 57382.33,
                                          "Total Cost": 517172.26,
                                          "Plan Rows": 142,
                                          "Plan Width": 41,
                                          "Inner Unique": false,
                                          "Hash Cond": "(catalog_sales.cs_catalog_page_sk = catalog_page.cp_catalog_page_sk)",
                                          "Plans": [
                                            {
                                              "Node Type": "Hash Join",
                                              "Parent Relationship": "Outer",
                                              "Parallel Aware": false,
                                              "Async Capable": false,
                                              "Join Type": "Inner",
                                              "Startup Cost": 56864.33,
                                              "Total Cost": 516652.32,
                                              "Plan Rows": 142,
                                              "Plan Width": 28,
                                              "Inner Unique": false,
                                              "Hash Cond": "(catalog_sales.cs_promo_sk = promotion_1.p_promo_sk)",
                                              "Plans": [
                                                {
                                                  "Node Type": "Hash Join",
                                                  "Parent Relationship": "Outer",
                                                  "Parallel Aware": true,
                                                  "Async Capable": false,
                                                  "Join Type": "Inner",
                                                  "Startup Cost": 56838.93,
                                                  "Total Cost": 516624.96,
                                                  "Plan Rows": 145,
                                                  "Plan Width": 32,
                                                  "Inner Unique": false,
                                                  "Hash Cond": "(catalog_sales.cs_item_sk = item_1.i_item_sk)",
                                                  "Plans": [
                                                    {
                                                      "Node Type": "Hash Join",
                                                      "Parent Relationship": "Outer",
                                                      "Parallel Aware": true,
                                                      "Async Capable": false,
                                                      "Join Type": "Left",
                                                      "Startup Cost": 49313.15,
                                                      "Total Cost": 509089.08,
                                                      "Plan Rows": 2532,
                                                      "Plan Width": 36,
                                                      "Inner Unique": false,
                                                      "Hash Cond": "((catalog_sales.cs_item_sk = catalog_returns.cr_item_sk) AND (catalog_sales.cs_order_number = catalog_returns.cr_order_number))",
                                                      "Plans": [
                                                        {
                                                          "Node Type": "Hash Join",
                                                          "Parent Relationship": "Outer",
                                                          "Parallel Aware": true,
                                                          "Async Capable": false,
                                                          "Join Type": "Inner",
                                                          "Startup Cost": 2049.78,
                                                          "Total Cost": 458254.7,
                                                          "Plan Rows": 2532,
                                                          "Plan Width": 28,
                                                          "Inner Unique": false,
                                                          "Hash Cond": "(catalog_sales.cs_sold_date_sk = date_dim_1.d_date_sk)",
                                                          "Plans": [
                                                            {
                                                              "Node Type": "Seq Scan",
                                                              "Parent Relationship": "Outer",
                                                              "Parallel Aware": true,
                                                              "Async Capable": false,
                                                              "Relation Name": "catalog_sales",
                                                              "Alias": "catalog_sales",
                                                              "Startup Cost": 0.0,
                                                              "Total Cost": 433688.25,
                                                              "Plan Rows": 6000525,
                                                              "Plan Width": 32,
                                                              "parent": 34,
                                                              "ID": 35
                                                            },
                                                            {
                                                              "Node Type": "Hash",
                                                              "Parent Relationship": "Inner",
                                                              "Parallel Aware": true,
                                                              "Async Capable": false,
                                                              "Startup Cost": 2049.55,
                                                              "Total Cost": 2049.55,
                                                              "Plan Rows": 18,
                                                              "Plan Width": 4,
                                                              "Plans": [
                                                                {
                                                                  "Node Type": "Seq Scan",
                                                                  "Parent Relationship": "Outer",
                                                                  "Parallel Aware": true,
                                                                  "Async Capable": false,
                                                                  "Relation Name": "date_dim",
                                                                  "Alias": "date_dim_1",
                                                                  "Startup Cost": 0.0,
                                                                  "Total Cost": 2049.55,
                                                                  "Plan Rows": 18,
                                                                  "Plan Width": 4,
                                                                  "Filter": "((d_date >= '2000-08-02'::date) AND (d_date <= '2000-09-01 00:00:00'::timestamp without time zone))",
                                                                  "parent": 36,
                                                                  "ID": 37
                                                                }
                                                              ],
                                                              "parent": 34,
                                                              "ID": 36,
                                                              "left": 37
                                                            }
                                                          ],
                                                          "parent": 33,
                                                          "ID": 34,
                                                          "left": 35,
                                                          "right": 36
                                                        },
                                                        {
                                                          "Node Type": "Hash",
                                                          "Parent Relationship": "Inner",
                                                          "Parallel Aware": true,
                                                          "Async Capable": false,
                                                          "Startup Cost": 34748.95,
                                                          "Total Cost": 34748.95,
                                                          "Plan Rows": 599895,
                                                          "Plan Width": 20,
                                                          "Plans": [
                                                            {
                                                              "Node Type": "Seq Scan",
                                                              "Parent Relationship": "Outer",
                                                              "Parallel Aware": true,
                                                              "Async Capable": false,
                                                              "Relation Name": "catalog_returns",
                                                              "Alias": "catalog_returns",
                                                              "Startup Cost": 0.0,
                                                              "Total Cost": 34748.95,
                                                              "Plan Rows": 599895,
                                                              "Plan Width": 20,
                                                              "parent": 38,
                                                              "ID": 39
                                                            }
                                                          ],
                                                          "parent": 33,
                                                          "ID": 38,
                                                          "left": 39
                                                        }
                                                      ],
                                                      "parent": 32,
                                                      "ID": 33,
                                                      "left": 34,
                                                      "right": 38
                                                    },
                                                    {
                                                      "Node Type": "Hash",
                                                      "Parent Relationship": "Inner",
                                                      "Parallel Aware": true,
                                                      "Async Capable": false,
                                                      "Startup Cost": 7495.25,
                                                      "Total Cost": 7495.25,
                                                      "Plan Rows": 2442,
                                                      "Plan Width": 4,
                                                      "Plans": [
                                                        {
                                                          "Node Type": "Seq Scan",
                                                          "Parent Relationship": "Outer",
                                                          "Parallel Aware": true,
                                                          "Async Capable": false,
                                                          "Relation Name": "item",
                                                          "Alias": "item_1",
                                                          "Startup Cost": 0.0,
                                                          "Total Cost": 7495.25,
                                                          "Plan Rows": 2442,
                                                          "Plan Width": 4,
                                                          "Filter": "(i_current_price > '50'::numeric)",
                                                          "parent": 40,
                                                          "ID": 41
                                                        }
                                                      ],
                                                      "parent": 32,
                                                      "ID": 40,
                                                      "left": 41
                                                    }
                                                  ],
                                                  "parent": 31,
                                                  "ID": 32,
                                                  "left": 33,
                                                  "right": 40
                                                },
                                                {
                                                  "Node Type": "Hash",
                                                  "Parent Relationship": "Inner",
                                                  "Parallel Aware": false,
                                                  "Async Capable": false,
                                                  "Startup Cost": 19.25,
                                                  "Total Cost": 19.25,
                                                  "Plan Rows": 492,
                                                  "Plan Width": 4,
                                                  "Plans": [
                                                    {
                                                      "Node Type": "Seq Scan",
                                                      "Parent Relationship": "Outer",
                                                      "Parallel Aware": false,
                                                      "Async Capable": false,
                                                      "Relation Name": "promotion",
                                                      "Alias": "promotion_1",
                                                      "Startup Cost": 0.0,
                                                      "Total Cost": 19.25,
                                                      "Plan Rows": 492,
                                                      "Plan Width": 4,
                                                      "Filter": "(p_channel_tv = 'N'::bpchar)",
                                                      "parent": 42,
                                                      "ID": 43
                                                    }
                                                  ],
                                                  "parent": 31,
                                                  "ID": 42,
                                                  "left": 43
                                                }
                                              ],
                                              "parent": 30,
                                              "ID": 31,
                                              "left": 32,
                                              "right": 42
                                            },
                                            {
                                              "Node Type": "Hash",
                                              "Parent Relationship": "Inner",
                                              "Parallel Aware": false,
                                              "Async Capable": false,
                                              "Startup Cost": 368.0,
                                              "Total Cost": 368.0,
                                              "Plan Rows": 12000,
                                              "Plan Width": 21,
                                              "Plans": [
                                                {
                                                  "Node Type": "Seq Scan",
                                                  "Parent Relationship": "Outer",
                                                  "Parallel Aware": false,
                                                  "Async Capable": false,
                                                  "Relation Name": "catalog_page",
                                                  "Alias": "catalog_page",
                                                  "Startup Cost": 0.0,
                                                  "Total Cost": 368.0,
                                                  "Plan Rows": 12000,
                                                  "Plan Width": 21,
                                                  "parent": 44,
                                                  "ID": 45
                                                }
                                              ],
                                              "parent": 30,
                                              "ID": 44,
                                              "left": 45
                                            }
                                          ],
                                          "parent": 29,
                                          "ID": 30,
                                          "left": 31,
                                          "right": 44
                                        }
                                      ],
                                      "parent": 28,
                                      "ID": 29,
                                      "left": 30
                                    }
                                  ],
                                  "parent": 27,
                                  "ID": 28,
                                  "left": 29
                                }
                              ],
                              "parent": 26,
                              "ID": 27,
                              "left": 28
                            }
                          ],
                          "parent": 25,
                          "ID": 26,
                          "left": 27
                        }
                      ],
                      "parent": 3,
                      "ID": 25,
                      "left": 26
                    },
                    {
                      "Node Type": "Subquery Scan",
                      "Parent Relationship": "Member",
                      "Parallel Aware": false,
                      "Async Capable": false,
                      "Alias": "wsr",
                      "Startup Cost": 263919.04,
                      "Total Cost": 263926.75,
                      "Plan Rows": 21,
                      "Plan Width": 160,
                      "Plans": [
                        {
                          "Node Type": "Aggregate",
                          "Strategy": "Sorted",
                          "Partial Mode": "Finalize",
                          "Parent Relationship": "Subquery",
                          "Parallel Aware": false,
                          "Async Capable": false,
                          "Startup Cost": 263919.04,
                          "Total Cost": 263926.43,
                          "Plan Rows": 21,
                          "Plan Width": 113,
                          "Group Key": [
                            "web_site.web_site_id"
                          ],
                          "Plans": [
                            {
                              "Node Type": "Gather Merge",
                              "Parent Relationship": "Outer",
                              "Parallel Aware": false,
                              "Async Capable": false,
                              "Startup Cost": 263919.04,
                              "Total Cost": 263925.33,
                              "Plan Rows": 42,
                              "Plan Width": 113,
                              "Workers Planned": 2,
                              "Plans": [
                                {
                                  "Node Type": "Aggregate",
                                  "Strategy": "Sorted",
                                  "Partial Mode": "Partial",
                                  "Parent Relationship": "Outer",
                                  "Parallel Aware": false,
                                  "Async Capable": false,
                                  "Startup Cost": 262919.01,
                                  "Total Cost": 262920.46,
                                  "Plan Rows": 21,
                                  "Plan Width": 113,
                                  "Group Key": [
                                    "web_site.web_site_id"
                                  ],
                                  "Plans": [
                                    {
                                      "Node Type": "Sort",
                                      "Parent Relationship": "Outer",
                                      "Parallel Aware": false,
                                      "Async Capable": false,
                                      "Startup Cost": 262919.01,
                                      "Total Cost": 262919.19,
                                      "Plan Rows": 72,
                                      "Plan Width": 41,
                                      "Sort Key": [
                                        "web_site.web_site_id"
                                      ],
                                      "Plans": [
                                        {
                                          "Node Type": "Hash Join",
                                          "Parent Relationship": "Outer",
                                          "Parallel Aware": false,
                                          "Async Capable": false,
                                          "Join Type": "Inner",
                                          "Startup Cost": 32134.74,
                                          "Total Cost": 262916.79,
                                          "Plan Rows": 72,
                                          "Plan Width": 41,
                                          "Inner Unique": false,
                                          "Hash Cond": "(web_sales.ws_web_site_sk = web_site.web_site_sk)",
                                          "Plans": [
                                            {
                                              "Node Type": "Hash Join",
                                              "Parent Relationship": "Outer",
                                              "Parallel Aware": false,
                                              "Async Capable": false,
                                              "Join Type": "Inner",
                                              "Startup Cost": 32130.8,
                                              "Total Cost": 262911.86,
                                              "Plan Rows": 72,
                                              "Plan Width": 28,
                                              "Inner Unique": false,
                                              "Hash Cond": "(web_sales.ws_promo_sk = promotion_2.p_promo_sk)",
                                              "Plans": [
                                                {
                                                  "Node Type": "Hash Join",
                                                  "Parent Relationship": "Outer",
                                                  "Parallel Aware": true,
                                                  "Async Capable": false,
                                                  "Join Type": "Inner",
                                                  "Startup Cost": 32105.4,
                                                  "Total Cost": 262885.46,
                                                  "Plan Rows": 73,
                                                  "Plan Width": 32,
                                                  "Inner Unique": false,
                                                  "Hash Cond": "(web_sales.ws_item_sk = item_2.i_item_sk)",
                                                  "Plans": [
                                                    {
                                                      "Node Type": "Hash Join",
                                                      "Parent Relationship": "Outer",
                                                      "Parallel Aware": true,
                                                      "Async Capable": false,
                                                      "Join Type": "Left",
                                                      "Startup Cost": 24579.62,
                                                      "Total Cost": 255354.62,
                                                      "Plan Rows": 1272,
                                                      "Plan Width": 36,
                                                      "Inner Unique": false,
                                                      "Hash Cond": "((web_sales.ws_item_sk = web_returns.wr_item_sk) AND (web_sales.ws_order_number = web_returns.wr_order_number))",
                                                      "Plans": [
                                                        {
                                                          "Node Type": "Hash Join",
                                                          "Parent Relationship": "Outer",
                                                          "Parallel Aware": true,
                                                          "Async Capable": false,
                                                          "Join Type": "Inner",
                                                          "Startup Cost": 2049.78,
                                                          "Total Cost": 231041.22,
                                                          "Plan Rows": 1272,
                                                          "Plan Width": 28,
                                                          "Inner Unique": false,
                                                          "Hash Cond": "(web_sales.ws_sold_date_sk = date_dim_2.d_date_sk)",
                                                          "Plans": [
                                                            {
                                                              "Node Type": "Seq Scan",
                                                              "Parent Relationship": "Outer",
                                                              "Parallel Aware": true,
                                                              "Async Capable": false,
                                                              "Relation Name": "web_sales",
                                                              "Alias": "web_sales",
                                                              "Startup Cost": 0.0,
                                                              "Total Cost": 217737.86,
                                                              "Plan Rows": 2998986,
                                                              "Plan Width": 32,
                                                              "parent": 55,
                                                              "ID": 56
                                                            },
                                                            {
                                                              "Node Type": "Hash",
                                                              "Parent Relationship": "Inner",
                                                              "Parallel Aware": true,
                                                              "Async Capable": false,
                                                              "Startup Cost": 2049.55,
                                                              "Total Cost": 2049.55,
                                                              "Plan Rows": 18,
                                                              "Plan Width": 4,
                                                              "Plans": [
                                                                {
                                                                  "Node Type": "Seq Scan",
                                                                  "Parent Relationship": "Outer",
                                                                  "Parallel Aware": true,
                                                                  "Async Capable": false,
                                                                  "Relation Name": "date_dim",
                                                                  "Alias": "date_dim_2",
                                                                  "Startup Cost": 0.0,
                                                                  "Total Cost": 2049.55,
                                                                  "Plan Rows": 18,
                                                                  "Plan Width": 4,
                                                                  "Filter": "((d_date >= '2000-08-02'::date) AND (d_date <= '2000-09-01 00:00:00'::timestamp without time zone))",
                                                                  "parent": 57,
                                                                  "ID": 58
                                                                }
                                                              ],
                                                              "parent": 55,
                                                              "ID": 57,
                                                              "left": 58
                                                            }
                                                          ],
                                                          "parent": 54,
                                                          "ID": 55,
                                                          "left": 56,
                                                          "right": 57
                                                        },
                                                        {
                                                          "Node Type": "Hash",
                                                          "Parent Relationship": "Inner",
                                                          "Parallel Aware": true,
                                                          "Async Capable": false,
                                                          "Startup Cost": 16278.74,
                                                          "Total Cost": 16278.74,
                                                          "Plan Rows": 299674,
                                                          "Plan Width": 20,
                                                          "Plans": [
                                                            {
                                                              "Node Type": "Seq Scan",
                                                              "Parent Relationship": "Outer",
                                                              "Parallel Aware": true,
                                                              "Async Capable": false,
                                                              "Relation Name": "web_returns",
                                                              "Alias": "web_returns",
                                                              "Startup Cost": 0.0,
                                                              "Total Cost": 16278.74,
                                                              "Plan Rows": 299674,
                                                              "Plan Width": 20,
                                                              "parent": 59,
                                                              "ID": 60
                                                            }
                                                          ],
                                                          "parent": 54,
                                                          "ID": 59,
                                                          "left": 60
                                                        }
                                                      ],
                                                      "parent": 53,
                                                      "ID": 54,
                                                      "left": 55,
                                                      "right": 59
                                                    },
                                                    {
                                                      "Node Type": "Hash",
                                                      "Parent Relationship": "Inner",
                                                      "Parallel Aware": true,
                                                      "Async Capable": false,
                                                      "Startup Cost": 7495.25,
                                                      "Total Cost": 7495.25,
                                                      "Plan Rows": 2442,
                                                      "Plan Width": 4,
                                                      "Plans": [
                                                        {
                                                          "Node Type": "Seq Scan",
                                                          "Parent Relationship": "Outer",
                                                          "Parallel Aware": true,
                                                          "Async Capable": false,
                                                          "Relation Name": "item",
                                                          "Alias": "item_2",
                                                          "Startup Cost": 0.0,
                                                          "Total Cost": 7495.25,
                                                          "Plan Rows": 2442,
                                                          "Plan Width": 4,
                                                          "Filter": "(i_current_price > '50'::numeric)",
                                                          "parent": 61,
                                                          "ID": 62
                                                        }
                                                      ],
                                                      "parent": 53,
                                                      "ID": 61,
                                                      "left": 62
                                                    }
                                                  ],
                                                  "parent": 52,
                                                  "ID": 53,
                                                  "left": 54,
                                                  "right": 61
                                                },
                                                {
                                                  "Node Type": "Hash",
                                                  "Parent Relationship": "Inner",
                                                  "Parallel Aware": false,
                                                  "Async Capable": false,
                                                  "Startup Cost": 19.25,
                                                  "Total Cost": 19.25,
                                                  "Plan Rows": 492,
                                                  "Plan Width": 4,
                                                  "Plans": [
                                                    {
                                                      "Node Type": "Seq Scan",
                                                      "Parent Relationship": "Outer",
                                                      "Parallel Aware": false,
                                                      "Async Capable": false,
                                                      "Relation Name": "promotion",
                                                      "Alias": "promotion_2",
                                                      "Startup Cost": 0.0,
                                                      "Total Cost": 19.25,
                                                      "Plan Rows": 492,
                                                      "Plan Width": 4,
                                                      "Filter": "(p_channel_tv = 'N'::bpchar)",
                                                      "parent": 63,
                                                      "ID": 64
                                                    }
                                                  ],
                                                  "parent": 52,
                                                  "ID": 63,
                                                  "left": 64
                                                }
                                              ],
                                              "parent": 51,
                                              "ID": 52,
                                              "left": 53,
                                              "right": 63
                                            },
                                            {
                                              "Node Type": "Hash",
                                              "Parent Relationship": "Inner",
                                              "Parallel Aware": false,
                                              "Async Capable": false,
                                              "Startup Cost": 3.42,
                                              "Total Cost": 3.42,
                                              "Plan Rows": 42,
                                              "Plan Width": 21,
                                              "Plans": [
                                                {
                                                  "Node Type": "Seq Scan",
                                                  "Parent Relationship": "Outer",
                                                  "Parallel Aware": false,
                                                  "Async Capable": false,
                                                  "Relation Name": "web_site",
                                                  "Alias": "web_site",
                                                  "Startup Cost": 0.0,
                                                  "Total Cost": 3.42,
                                                  "Plan Rows": 42,
                                                  "Plan Width": 21,
                                                  "parent": 65,
                                                  "ID": 66
                                                }
                                              ],
                                              "parent": 51,
                                              "ID": 65,
                                              "left": 66
                                            }
                                          ],
                                          "parent": 50,
                                          "ID": 51,
                                          "left": 52,
                                          "right": 65
                                        }
                                      ],
                                      "parent": 49,
                                      "ID": 50,
                                      "left": 51
                                    }
                                  ],
                                  "parent": 48,
                                  "ID": 49,
                                  "left": 50
                                }
                              ],
                              "parent": 47,
                              "ID": 48,
                              "left": 49
                            }
                          ],
                          "parent": 46,
                          "ID": 47,
                          "left": 48
                        }
                      ],
                      "parent": 3,
                      "ID": 46,
                      "left": 47
                    }
                  ],
                  "parent": 2,
                  "ID": 3,
                  "left": 4,
                  "right": 25
                }
              ],
              "parent": 1,
              "ID": 2,
              "left": 3
            }
          ],
          "parent": 0,
          "ID": 1,
          "left": 2
        }
      ],
      "parent": null,
      "ID": 0,
      "left": 1
    },
    "feat": {
      "utility": 0.0,
      "query_shape": [
        [
          "Seq Scan",
          "Hash Join",
          "Sort",
          "Aggregate",
          "Gather Merge",
          "Subquery Scan",
          "Append"
        ],
        [
          "Seq Scan",
          "Hash",
          "Hash Join",
          "Sort",
          "Aggregate",
          "Gather Merge",
          "Subquery Scan",
          "Append"
        ],
        [
          "Seq Scan",
          "Hash",
          "Hash Join",
          "Sort",
          "Aggregate",
          "Gather Merge",
          "Subquery Scan",
          "Append"
        ],
        [
          "Seq Scan",
          "Hash",
          "Hash Join",
          "Sort",
          "Aggregate",
          "Gather Merge",
          "Subquery Scan",
          "Append"
        ],
        [
          "Seq Scan",
          "Hash",
          "Hash Join",
          "Sort",
          "Aggregate",
          "Gather Merge",
          "Subquery Scan",
          "Append"
        ],
        [
          "Seq Scan",
          "Hash",
          "Hash Join",
          "Sort",
          "Aggregate",
          "Gather Merge",
          "Subquery Scan",
          "Append"
        ],
        [
          "Seq Scan",
          "Hash Join",
          "Sort",
          "Aggregate",
          "Gather Merge",
          "Subquery Scan",
          "Append"
        ],
        [
          "Seq Scan",
          "Hash",
          "Hash Join",
          "Sort",
          "Aggregate",
          "Gather Merge",
          "Subquery Scan",
          "Append"
        ],
        [
          "Seq Scan",
          "Hash",
          "Hash Join",
          "Sort",
          "Aggregate",
          "Gather Merge",
          "Subquery Scan",
          "Append"
        ],
        [
          "Seq Scan",
          "Hash",
          "Hash Join",
          "Sort",
          "Aggregate",
          "Gather Merge",
          "Subquery Scan",
          "Append"
        ],
        [
          "Seq Scan",
          "Hash",
          "Hash Join",
          "Sort",
          "Aggregate",
          "Gather Merge",
          "Subquery Scan",
          "Append"
        ],
        [
          "Seq Scan",
          "Hash",
          "Hash Join",
          "Sort",
          "Aggregate",
          "Gather Merge",
          "Subquery Scan",
          "Append"
        ],
        [
          "Seq Scan",
          "Hash Join",
          "Sort",
          "Aggregate",
          "Gather Merge",
          "Subquery Scan",
          "Append"
        ],
        [
          "Seq Scan",
          "Hash",
          "Hash Join",
          "Sort",
          "Aggregate",
          "Gather Merge",
          "Subquery Scan",
          "Append"
        ],
        [
          "Seq Scan",
          "Hash",
          "Hash Join",
          "Sort",
          "Aggregate",
          "Gather Merge",
          "Subquery Scan",
          "Append"
        ],
        [
          "Seq Scan",
          "Hash",
          "Hash Join",
          "Sort",
          "Aggregate",
          "Gather Merge",
          "Subquery Scan",
          "Append"
        ],
        [
          "Seq Scan",
          "Hash",
          "Hash Join",
          "Sort",
          "Aggregate",
          "Gather Merge",
          "Subquery Scan",
          "Append"
        ],
        [
          "Seq Scan",
          "Hash",
          "Hash Join",
          "Sort",
          "Aggregate",
          "Gather Merge",
          "Subquery Scan",
          "Append"
        ]
      ],
      "index_shape": [],
      "physical_operator": {}
    }
  },
  {
    "query": "with ssr as\n (select  s_store_id as store_id,\n          sum(ss_ext_sales_price) as sales,\n          sum(coalesce(sr_return_amt, 0)) as returns,\n          sum(ss_net_profit - coalesce(sr_net_loss, 0)) as profit\n  from store_sales left outer join store_returns on\n         (ss_item_sk = sr_item_sk and ss_ticket_number = sr_ticket_number),\n     date_dim,\n     store,\n     item,\n     promotion\n where ss_sold_date_sk = d_date_sk\n       and d_date between cast('2000-08-02' as date) \n                  and (cast('2000-08-02' as date) +  interval '30 days')\n       and ss_store_sk = s_store_sk\n       and ss_item_sk = i_item_sk\n       and i_current_price > 50\n       and ss_promo_sk = p_promo_sk\n       and p_channel_tv = 'N'\n group by s_store_id)\n ,\n csr as\n (select  cp_catalog_page_id as catalog_page_id,\n          sum(cs_ext_sales_price) as sales,\n          sum(coalesce(cr_return_amount, 0)) as returns,\n          sum(cs_net_profit - coalesce(cr_net_loss, 0)) as profit\n  from catalog_sales left outer join catalog_returns on\n         (cs_item_sk = cr_item_sk and cs_order_number = cr_order_number),\n     date_dim,\n     catalog_page,\n     item,\n     promotion\n where cs_sold_date_sk = d_date_sk\n       and d_date between cast('2000-08-02' as date)\n                  and (cast('2000-08-02' as date) +  interval '30 days')\n        and cs_catalog_page_sk = cp_catalog_page_sk\n       and cs_item_sk = i_item_sk\n       and i_current_price > 50\n       and cs_promo_sk = p_promo_sk\n       and p_channel_tv = 'N'\ngroup by cp_catalog_page_id)\n ,\n wsr as\n (select  web_site_id,\n          sum(ws_ext_sales_price) as sales,\n          sum(coalesce(wr_return_amt, 0)) as returns,\n          sum(ws_net_profit - coalesce(wr_net_loss, 0)) as profit\n  from web_sales left outer join web_returns on\n         (ws_item_sk = wr_item_sk and ws_order_number = wr_order_number),\n     date_dim,\n     web_site,\n     item,\n     promotion\n where ws_sold_date_sk = d_date_sk\n       and d_date between cast('2000-08-02' as date)\n                  and (cast('2000-08-02' as date) +  interval '30 days')\n        and ws_web_site_sk = web_site_sk\n       and ws_item_sk = i_item_sk\n       and i_current_price > 50\n       and ws_promo_sk = p_promo_sk\n       and p_channel_tv = 'N'\ngroup by web_site_id)\n  select  channel\n        , id\n        , sum(sales) as sales\n        , sum(returns) as returns\n        , sum(profit) as profit\n from \n (select 'store channel' as channel\n        , 'store' || store_id as id\n        , sales\n        , returns\n        , profit\n from   ssr\n union all\n select 'catalog channel' as channel\n        , 'catalog_page' || catalog_page_id as id\n        , sales\n        , returns\n        , profit\n from  csr\n union all\n select 'web channel' as channel\n        , 'web_site' || web_site_id as id\n        , sales\n        , returns\n        , profit\n from   wsr\n ) x\n group by rollup (channel, id)\n order by channel\n         ,id\n limit 100;\n\n-- end query 61 in stream 4 using template query80.tpl\n",
    "indexes": "web_returns.wr_item_sk",
    "wo plan est": {
      "Node Type": "Limit",
      "Parallel Aware": false,
      "Async Capable": false,
      "Startup Cost": 1566793.64,
      "Total Cost": 1566796.93,
      "Plan Rows": 100,
      "Plan Width": 160,
      "Plans": [
        {
          "Node Type": "Aggregate",
          "Strategy": "Sorted",
          "Partial Mode": "Simple",
          "Parent Relationship": "Outer",
          "Parallel Aware": false,
          "Async Capable": false,
          "Startup Cost": 1566793.64,
          "Total Cost": 1566806.84,
          "Plan Rows": 401,
          "Plan Width": 160,
          "Grouping Sets": [
            {
              "Group Keys": [
                [
                  "('store channel'::text)",
                  "(('store'::text || (ssr.store_id)::text))"
                ],
                [
                  "('store channel'::text)"
                ],
                []
              ]
            }
          ],
          "Plans": [
            {
              "Node Type": "Sort",
              "Parent Relationship": "Outer",
              "Parallel Aware": false,
              "Async Capable": false,
              "Startup Cost": 1566793.64,
              "Total Cost": 1566794.67,
              "Plan Rows": 412,
              "Plan Width": 160,
              "Sort Key": [
                "('store channel'::text)",
                "(('store'::text || (ssr.store_id)::text))"
              ],
              "Plans": [
                {
                  "Node Type": "Append",
                  "Parent Relationship": "Outer",
                  "Parallel Aware": false,
                  "Async Capable": false,
                  "Startup Cost": 784596.3,
                  "Total Cost": 1566775.74,
                  "Plan Rows": 412,
                  "Plan Width": 160,
                  "Subplans Removed": 0,
                  "Plans": [
                    {
                      "Node Type": "Subquery Scan",
                      "Parent Relationship": "Member",
                      "Parallel Aware": false,
                      "Async Capable": false,
                      "Alias": "ssr",
                      "Startup Cost": 784596.3,
                      "Total Cost": 784616.16,
                      "Plan Rows": 51,
                      "Plan Width": 160,
                      "Plans": [
                        {
                          "Node Type": "Aggregate",
                          "Strategy": "Sorted",
                          "Partial Mode": "Finalize",
                          "Parent Relationship": "Subquery",
                          "Parallel Aware": false,
                          "Async Capable": false,
                          "Startup Cost": 784596.3,
                          "Total Cost": 784615.39,
                          "Plan Rows": 51,
                          "Plan Width": 113,
                          "Group Key": [
                            "store.s_store_id"
                          ],
                          "Plans": [
                            {
                              "Node Type": "Gather Merge",
                              "Parent Relationship": "Outer",
                              "Parallel Aware": false,
                              "Async Capable": false,
                              "Startup Cost": 784596.3,
                              "Total Cost": 784612.71,
                              "Plan Rows": 102,
                              "Plan Width": 113,
                              "Workers Planned": 2,
                              "Plans": [
                                {
                                  "Node Type": "Aggregate",
                                  "Strategy": "Sorted",
                                  "Partial Mode": "Partial",
                                  "Parent Relationship": "Outer",
                                  "Parallel Aware": false,
                                  "Async Capable": false,
                                  "Startup Cost": 783596.27,
                                  "Total Cost": 783600.92,
                                  "Plan Rows": 51,
                                  "Plan Width": 113,
                                  "Group Key": [
                                    "store.s_store_id"
                                  ],
                                  "Plans": [
                                    {
                                      "Node Type": "Sort",
                                      "Parent Relationship": "Outer",
                                      "Parallel Aware": false,
                                      "Async Capable": false,
                                      "Startup Cost": 783596.27,
                                      "Total Cost": 783596.9,
                                      "Plan Rows": 250,
                                      "Plan Width": 41,
                                      "Sort Key": [
                                        "store.s_store_id"
                                      ],
                                      "Plans": [
                                        {
                                          "Node Type": "Hash Join",
                                          "Parent Relationship": "Outer",
                                          "Parallel Aware": false,
                                          "Async Capable": false,
                                          "Join Type": "Inner",
                                          "Startup Cost": 94489.35,
                                          "Total Cost": 783586.32,
                                          "Plan Rows": 250,
                                          "Plan Width": 41,
                                          "Inner Unique": false,
                                          "Hash Cond": "(store_sales.ss_store_sk = store.s_store_sk)",
                                          "Plans": [
                                            {
                                              "Node Type": "Hash Join",
                                              "Parent Relationship": "Outer",
                                              "Parallel Aware": false,
                                              "Async Capable": false,
                                              "Join Type": "Inner",
                                              "Startup Cost": 94482.05,
                                              "Total Cost": 783575.54,
                                              "Plan Rows": 262,
                                              "Plan Width": 28,
                                              "Inner Unique": false,
                                              "Hash Cond": "(store_sales.ss_promo_sk = promotion.p_promo_sk)",
                                              "Plans": [
                                                {
                                                  "Node Type": "Hash Join",
                                                  "Parent Relationship": "Outer",
                                                  "Parallel Aware": true,
                                                  "Async Capable": false,
                                                  "Join Type": "Inner",
                                                  "Startup Cost": 94456.65,
                                                  "Total Cost": 783546.47,
                                                  "Plan Rows": 279,
                                                  "Plan Width": 32,
                                                  "Inner Unique": false,
                                                  "Hash Cond": "(store_sales.ss_item_sk = item.i_item_sk)",
                                                  "Plans": [
                                                    {
                                                      "Node Type": "Hash Join",
                                                      "Parent Relationship": "Outer",
                                                      "Parallel Aware": true,
                                                      "Async Capable": false,
                                                      "Join Type": "Left",
                                                      "Startup Cost": 86930.88,
                                                      "Total Cost": 776001.31,
                                                      "Plan Rows": 4860,
                                                      "Plan Width": 36,
                                                      "Inner Unique": false,
                                                      "Hash Cond": "((store_sales.ss_item_sk = store_returns.sr_item_sk) AND (store_sales.ss_ticket_number = store_returns.sr_ticket_number))",
                                                      "Plans": [
                                                        {
                                                          "Node Type": "Hash Join",
                                                          "Parent Relationship": "Outer",
                                                          "Parallel Aware": true,
                                                          "Async Capable": false,
                                                          "Join Type": "Inner",
                                                          "Startup Cost": 2049.78,
                                                          "Total Cost": 683994.75,
                                                          "Plan Rows": 4860,
                                                          "Plan Width": 28,
                                                          "Inner Unique": false,
                                                          "Hash Cond": "(store_sales.ss_sold_date_sk = date_dim.d_date_sk)",
                                                          "Plans": [
                                                            {
                                                              "Node Type": "Seq Scan",
                                                              "Parent Relationship": "Outer",
                                                              "Parallel Aware": true,
                                                              "Async Capable": false,
                                                              "Relation Name": "store_sales",
                                                              "Alias": "store_sales",
                                                              "Startup Cost": 0.0,
                                                              "Total Cost": 636914.37,
                                                              "Plan Rows": 12000637,
                                                              "Plan Width": 32,
                                                              "parent": 13,
                                                              "ID": 14
                                                            },
                                                            {
                                                              "Node Type": "Hash",
                                                              "Parent Relationship": "Inner",
                                                              "Parallel Aware": true,
                                                              "Async Capable": false,
                                                              "Startup Cost": 2049.55,
                                                              "Total Cost": 2049.55,
                                                              "Plan Rows": 18,
                                                              "Plan Width": 4,
                                                              "Plans": [
                                                                {
                                                                  "Node Type": "Seq Scan",
                                                                  "Parent Relationship": "Outer",
                                                                  "Parallel Aware": true,
                                                                  "Async Capable": false,
                                                                  "Relation Name": "date_dim",
                                                                  "Alias": "date_dim",
                                                                  "Startup Cost": 0.0,
                                                                  "Total Cost": 2049.55,
                                                                  "Plan Rows": 18,
                                                                  "Plan Width": 4,
                                                                  "Filter": "((d_date >= '2000-08-02'::date) AND (d_date <= '2000-09-01 00:00:00'::timestamp without time zone))",
                                                                  "parent": 15,
                                                                  "ID": 16
                                                                }
                                                              ],
                                                              "parent": 13,
                                                              "ID": 15,
                                                              "left": 16
                                                            }
                                                          ],
                                                          "parent": 12,
                                                          "ID": 13,
                                                          "left": 14,
                                                          "right": 15
                                                        },
                                                        {
                                                          "Node Type": "Hash",
                                                          "Parent Relationship": "Inner",
                                                          "Parallel Aware": true,
                                                          "Async Capable": false,
                                                          "Startup Cost": 59887.64,
                                                          "Total Cost": 59887.64,
                                                          "Plan Rows": 1198164,
                                                          "Plan Width": 20,
                                                          "Plans": [
                                                            {
                                                              "Node Type": "Seq Scan",
                                                              "Parent Relationship": "Outer",
                                                              "Parallel Aware": true,
                                                              "Async Capable": false,
                                                              "Relation Name": "store_returns",
                                                              "Alias": "store_returns",
                                                              "Startup Cost": 0.0,
                                                              "Total Cost": 59887.64,
                                                              "Plan Rows": 1198164,
                                                              "Plan Width": 20,
                                                              "parent": 17,
                                                              "ID": 18
                                                            }
                                                          ],
                                                          "parent": 12,
                                                          "ID": 17,
                                                          "left": 18
                                                        }
                                                      ],
                                                      "parent": 11,
                                                      "ID": 12,
                                                      "left": 13,
                                                      "right": 17
                                                    },
                                                    {
                                                      "Node Type": "Hash",
                                                      "Parent Relationship": "Inner",
                                                      "Parallel Aware": true,
                                                      "Async Capable": false,
                                                      "Startup Cost": 7495.25,
                                                      "Total Cost": 7495.25,
                                                      "Plan Rows": 2442,
                                                      "Plan Width": 4,
                                                      "Plans": [
                                                        {
                                                          "Node Type": "Seq Scan",
                                                          "Parent Relationship": "Outer",
                                                          "Parallel Aware": true,
                                                          "Async Capable": false,
                                                          "Relation Name": "item",
                                                          "Alias": "item",
                                                          "Startup Cost": 0.0,
                                                          "Total Cost": 7495.25,
                                                          "Plan Rows": 2442,
                                                          "Plan Width": 4,
                                                          "Filter": "(i_current_price > '50'::numeric)",
                                                          "parent": 19,
                                                          "ID": 20
                                                        }
                                                      ],
                                                      "parent": 11,
                                                      "ID": 19,
                                                      "left": 20
                                                    }
                                                  ],
                                                  "parent": 10,
                                                  "ID": 11,
                                                  "left": 12,
                                                  "right": 19
                                                },
                                                {
                                                  "Node Type": "Hash",
                                                  "Parent Relationship": "Inner",
                                                  "Parallel Aware": false,
                                                  "Async Capable": false,
                                                  "Startup Cost": 19.25,
                                                  "Total Cost": 19.25,
                                                  "Plan Rows": 492,
                                                  "Plan Width": 4,
                                                  "Plans": [
                                                    {
                                                      "Node Type": "Seq Scan",
                                                      "Parent Relationship": "Outer",
                                                      "Parallel Aware": false,
                                                      "Async Capable": false,
                                                      "Relation Name": "promotion",
                                                      "Alias": "promotion",
                                                      "Startup Cost": 0.0,
                                                      "Total Cost": 19.25,
                                                      "Plan Rows": 492,
                                                      "Plan Width": 4,
                                                      "Filter": "(p_channel_tv = 'N'::bpchar)",
                                                      "parent": 21,
                                                      "ID": 22
                                                    }
                                                  ],
                                                  "parent": 10,
                                                  "ID": 21,
                                                  "left": 22
                                                }
                                              ],
                                              "parent": 9,
                                              "ID": 10,
                                              "left": 11,
                                              "right": 21
                                            },
                                            {
                                              "Node Type": "Hash",
                                              "Parent Relationship": "Inner",
                                              "Parallel Aware": false,
                                              "Async Capable": false,
                                              "Startup Cost": 6.02,
                                              "Total Cost": 6.02,
                                              "Plan Rows": 102,
                                              "Plan Width": 21,
                                              "Plans": [
                                                {
                                                  "Node Type": "Seq Scan",
                                                  "Parent Relationship": "Outer",
                                                  "Parallel Aware": false,
                                                  "Async Capable": false,
                                                  "Relation Name": "store",
                                                  "Alias": "store",
                                                  "Startup Cost": 0.0,
                                                  "Total Cost": 6.02,
                                                  "Plan Rows": 102,
                                                  "Plan Width": 21,
                                                  "parent": 23,
                                                  "ID": 24
                                                }
                                              ],
                                              "parent": 9,
                                              "ID": 23,
                                              "left": 24
                                            }
                                          ],
                                          "parent": 8,
                                          "ID": 9,
                                          "left": 10,
                                          "right": 23
                                        }
                                      ],
                                      "parent": 7,
                                      "ID": 8,
                                      "left": 9
                                    }
                                  ],
                                  "parent": 6,
                                  "ID": 7,
                                  "left": 8
                                }
                              ],
                              "parent": 5,
                              "ID": 6,
                              "left": 7
                            }
                          ],
                          "parent": 4,
                          "ID": 5,
                          "left": 6
                        }
                      ],
                      "parent": 3,
                      "ID": 4,
                      "left": 5
                    },
                    {
                      "Node Type": "Subquery Scan",
                      "Parent Relationship": "Member",
                      "Parallel Aware": false,
                      "Async Capable": false,
                      "Alias": "csr",
                      "Startup Cost": 518177.36,
                      "Total Cost": 518230.78,
                      "Plan Rows": 340,
                      "Plan Width": 160,
                      "Plans": [
                        {
                          "Node Type": "Aggregate",
                          "Strategy": "Sorted",
                          "Partial Mode": "Finalize",
                          "Parent Relationship": "Subquery",
                          "Parallel Aware": false,
                          "Async Capable": false,
                          "Startup Cost": 518177.36,
                          "Total Cost": 518225.68,
                          "Plan Rows": 340,
                          "Plan Width": 113,
                          "Group Key": [
                            "catalog_page.cp_catalog_page_id"
                          ],
                          "Plans": [
                            {
                              "Node Type": "Gather Merge",
                              "Parent Relationship": "Outer",
                              "Parallel Aware": false,
                              "Async Capable": false,
                              "Startup Cost": 518177.36,
                              "Total Cost": 518214.76,
                              "Plan Rows": 284,
                              "Plan Width": 113,
                              "Workers Planned": 2,
                              "Plans": [
                                {
                                  "Node Type": "Aggregate",
                                  "Strategy": "Sorted",
                                  "Partial Mode": "Partial",
                                  "Parent Relationship": "Outer",
                                  "Parallel Aware": false,
                                  "Async Capable": false,
                                  "Startup Cost": 517177.34,
                                  "Total Cost": 517181.95,
                                  "Plan Rows": 142,
                                  "Plan Width": 113,
                                  "Group Key": [
                                    "catalog_page.cp_catalog_page_id"
                                  ],
                                  "Plans": [
                                    {
                                      "Node Type": "Sort",
                                      "Parent Relationship": "Outer",
                                      "Parallel Aware": false,
                                      "Async Capable": false,
                                      "Startup Cost": 517177.34,
                                      "Total Cost": 517177.69,
                                      "Plan Rows": 142,
                                      "Plan Width": 41,
                                      "Sort Key": [
                                        "catalog_page.cp_catalog_page_id"
                                      ],
                                      "Plans": [
                                        {
                                          "Node Type": "Hash Join",
                                          "Parent Relationship": "Outer",
                                          "Parallel Aware": false,
                                          "Async Capable": false,
                                          "Join Type": "Inner",
                                          "Startup Cost": 57382.33,
                                          "Total Cost": 517172.26,
                                          "Plan Rows": 142,
                                          "Plan Width": 41,
                                          "Inner Unique": false,
                                          "Hash Cond": "(catalog_sales.cs_catalog_page_sk = catalog_page.cp_catalog_page_sk)",
                                          "Plans": [
                                            {
                                              "Node Type": "Hash Join",
                                              "Parent Relationship": "Outer",
                                              "Parallel Aware": false,
                                              "Async Capable": false,
                                              "Join Type": "Inner",
                                              "Startup Cost": 56864.33,
                                              "Total Cost": 516652.32,
                                              "Plan Rows": 142,
                                              "Plan Width": 28,
                                              "Inner Unique": false,
                                              "Hash Cond": "(catalog_sales.cs_promo_sk = promotion_1.p_promo_sk)",
                                              "Plans": [
                                                {
                                                  "Node Type": "Hash Join",
                                                  "Parent Relationship": "Outer",
                                                  "Parallel Aware": true,
                                                  "Async Capable": false,
                                                  "Join Type": "Inner",
                                                  "Startup Cost": 56838.93,
                                                  "Total Cost": 516624.96,
                                                  "Plan Rows": 145,
                                                  "Plan Width": 32,
                                                  "Inner Unique": false,
                                                  "Hash Cond": "(catalog_sales.cs_item_sk = item_1.i_item_sk)",
                                                  "Plans": [
                                                    {
                                                      "Node Type": "Hash Join",
                                                      "Parent Relationship": "Outer",
                                                      "Parallel Aware": true,
                                                      "Async Capable": false,
                                                      "Join Type": "Left",
                                                      "Startup Cost": 49313.15,
                                                      "Total Cost": 509089.08,
                                                      "Plan Rows": 2532,
                                                      "Plan Width": 36,
                                                      "Inner Unique": false,
                                                      "Hash Cond": "((catalog_sales.cs_item_sk = catalog_returns.cr_item_sk) AND (catalog_sales.cs_order_number = catalog_returns.cr_order_number))",
                                                      "Plans": [
                                                        {
                                                          "Node Type": "Hash Join",
                                                          "Parent Relationship": "Outer",
                                                          "Parallel Aware": true,
                                                          "Async Capable": false,
                                                          "Join Type": "Inner",
                                                          "Startup Cost": 2049.78,
                                                          "Total Cost": 458254.7,
                                                          "Plan Rows": 2532,
                                                          "Plan Width": 28,
                                                          "Inner Unique": false,
                                                          "Hash Cond": "(catalog_sales.cs_sold_date_sk = date_dim_1.d_date_sk)",
                                                          "Plans": [
                                                            {
                                                              "Node Type": "Seq Scan",
                                                              "Parent Relationship": "Outer",
                                                              "Parallel Aware": true,
                                                              "Async Capable": false,
                                                              "Relation Name": "catalog_sales",
                                                              "Alias": "catalog_sales",
                                                              "Startup Cost": 0.0,
                                                              "Total Cost": 433688.25,
                                                              "Plan Rows": 6000525,
                                                              "Plan Width": 32,
                                                              "parent": 34,
                                                              "ID": 35
                                                            },
                                                            {
                                                              "Node Type": "Hash",
                                                              "Parent Relationship": "Inner",
                                                              "Parallel Aware": true,
                                                              "Async Capable": false,
                                                              "Startup Cost": 2049.55,
                                                              "Total Cost": 2049.55,
                                                              "Plan Rows": 18,
                                                              "Plan Width": 4,
                                                              "Plans": [
                                                                {
                                                                  "Node Type": "Seq Scan",
                                                                  "Parent Relationship": "Outer",
                                                                  "Parallel Aware": true,
                                                                  "Async Capable": false,
                                                                  "Relation Name": "date_dim",
                                                                  "Alias": "date_dim_1",
                                                                  "Startup Cost": 0.0,
                                                                  "Total Cost": 2049.55,
                                                                  "Plan Rows": 18,
                                                                  "Plan Width": 4,
                                                                  "Filter": "((d_date >= '2000-08-02'::date) AND (d_date <= '2000-09-01 00:00:00'::timestamp without time zone))",
                                                                  "parent": 36,
                                                                  "ID": 37
                                                                }
                                                              ],
                                                              "parent": 34,
                                                              "ID": 36,
                                                              "left": 37
                                                            }
                                                          ],
                                                          "parent": 33,
                                                          "ID": 34,
                                                          "left": 35,
                                                          "right": 36
                                                        },
                                                        {
                                                          "Node Type": "Hash",
                                                          "Parent Relationship": "Inner",
                                                          "Parallel Aware": true,
                                                          "Async Capable": false,
                                                          "Startup Cost": 34748.95,
                                                          "Total Cost": 34748.95,
                                                          "Plan Rows": 599895,
                                                          "Plan Width": 20,
                                                          "Plans": [
                                                            {
                                                              "Node Type": "Seq Scan",
                                                              "Parent Relationship": "Outer",
                                                              "Parallel Aware": true,
                                                              "Async Capable": false,
                                                              "Relation Name": "catalog_returns",
                                                              "Alias": "catalog_returns",
                                                              "Startup Cost": 0.0,
                                                              "Total Cost": 34748.95,
                                                              "Plan Rows": 599895,
                                                              "Plan Width": 20,
                                                              "parent": 38,
                                                              "ID": 39
                                                            }
                                                          ],
                                                          "parent": 33,
                                                          "ID": 38,
                                                          "left": 39
                                                        }
                                                      ],
                                                      "parent": 32,
                                                      "ID": 33,
                                                      "left": 34,
                                                      "right": 38
                                                    },
                                                    {
                                                      "Node Type": "Hash",
                                                      "Parent Relationship": "Inner",
                                                      "Parallel Aware": true,
                                                      "Async Capable": false,
                                                      "Startup Cost": 7495.25,
                                                      "Total Cost": 7495.25,
                                                      "Plan Rows": 2442,
                                                      "Plan Width": 4,
                                                      "Plans": [
                                                        {
                                                          "Node Type": "Seq Scan",
                                                          "Parent Relationship": "Outer",
                                                          "Parallel Aware": true,
                                                          "Async Capable": false,
                                                          "Relation Name": "item",
                                                          "Alias": "item_1",
                                                          "Startup Cost": 0.0,
                                                          "Total Cost": 7495.25,
                                                          "Plan Rows": 2442,
                                                          "Plan Width": 4,
                                                          "Filter": "(i_current_price > '50'::numeric)",
                                                          "parent": 40,
                                                          "ID": 41
                                                        }
                                                      ],
                                                      "parent": 32,
                                                      "ID": 40,
                                                      "left": 41
                                                    }
                                                  ],
                                                  "parent": 31,
                                                  "ID": 32,
                                                  "left": 33,
                                                  "right": 40
                                                },
                                                {
                                                  "Node Type": "Hash",
                                                  "Parent Relationship": "Inner",
                                                  "Parallel Aware": false,
                                                  "Async Capable": false,
                                                  "Startup Cost": 19.25,
                                                  "Total Cost": 19.25,
                                                  "Plan Rows": 492,
                                                  "Plan Width": 4,
                                                  "Plans": [
                                                    {
                                                      "Node Type": "Seq Scan",
                                                      "Parent Relationship": "Outer",
                                                      "Parallel Aware": false,
                                                      "Async Capable": false,
                                                      "Relation Name": "promotion",
                                                      "Alias": "promotion_1",
                                                      "Startup Cost": 0.0,
                                                      "Total Cost": 19.25,
                                                      "Plan Rows": 492,
                                                      "Plan Width": 4,
                                                      "Filter": "(p_channel_tv = 'N'::bpchar)",
                                                      "parent": 42,
                                                      "ID": 43
                                                    }
                                                  ],
                                                  "parent": 31,
                                                  "ID": 42,
                                                  "left": 43
                                                }
                                              ],
                                              "parent": 30,
                                              "ID": 31,
                                              "left": 32,
                                              "right": 42
                                            },
                                            {
                                              "Node Type": "Hash",
                                              "Parent Relationship": "Inner",
                                              "Parallel Aware": false,
                                              "Async Capable": false,
                                              "Startup Cost": 368.0,
                                              "Total Cost": 368.0,
                                              "Plan Rows": 12000,
                                              "Plan Width": 21,
                                              "Plans": [
                                                {
                                                  "Node Type": "Seq Scan",
                                                  "Parent Relationship": "Outer",
                                                  "Parallel Aware": false,
                                                  "Async Capable": false,
                                                  "Relation Name": "catalog_page",
                                                  "Alias": "catalog_page",
                                                  "Startup Cost": 0.0,
                                                  "Total Cost": 368.0,
                                                  "Plan Rows": 12000,
                                                  "Plan Width": 21,
                                                  "parent": 44,
                                                  "ID": 45
                                                }
                                              ],
                                              "parent": 30,
                                              "ID": 44,
                                              "left": 45
                                            }
                                          ],
                                          "parent": 29,
                                          "ID": 30,
                                          "left": 31,
                                          "right": 44
                                        }
                                      ],
                                      "parent": 28,
                                      "ID": 29,
                                      "left": 30
                                    }
                                  ],
                                  "parent": 27,
                                  "ID": 28,
                                  "left": 29
                                }
                              ],
                              "parent": 26,
                              "ID": 27,
                              "left": 28
                            }
                          ],
                          "parent": 25,
                          "ID": 26,
                          "left": 27
                        }
                      ],
                      "parent": 3,
                      "ID": 25,
                      "left": 26
                    },
                    {
                      "Node Type": "Subquery Scan",
                      "Parent Relationship": "Member",
                      "Parallel Aware": false,
                      "Async Capable": false,
                      "Alias": "wsr",
                      "Startup Cost": 263919.04,
                      "Total Cost": 263926.75,
                      "Plan Rows": 21,
                      "Plan Width": 160,
                      "Plans": [
                        {
                          "Node Type": "Aggregate",
                          "Strategy": "Sorted",
                          "Partial Mode": "Finalize",
                          "Parent Relationship": "Subquery",
                          "Parallel Aware": false,
                          "Async Capable": false,
                          "Startup Cost": 263919.04,
                          "Total Cost": 263926.43,
                          "Plan Rows": 21,
                          "Plan Width": 113,
                          "Group Key": [
                            "web_site.web_site_id"
                          ],
                          "Plans": [
                            {
                              "Node Type": "Gather Merge",
                              "Parent Relationship": "Outer",
                              "Parallel Aware": false,
                              "Async Capable": false,
                              "Startup Cost": 263919.04,
                              "Total Cost": 263925.33,
                              "Plan Rows": 42,
                              "Plan Width": 113,
                              "Workers Planned": 2,
                              "Plans": [
                                {
                                  "Node Type": "Aggregate",
                                  "Strategy": "Sorted",
                                  "Partial Mode": "Partial",
                                  "Parent Relationship": "Outer",
                                  "Parallel Aware": false,
                                  "Async Capable": false,
                                  "Startup Cost": 262919.01,
                                  "Total Cost": 262920.46,
                                  "Plan Rows": 21,
                                  "Plan Width": 113,
                                  "Group Key": [
                                    "web_site.web_site_id"
                                  ],
                                  "Plans": [
                                    {
                                      "Node Type": "Sort",
                                      "Parent Relationship": "Outer",
                                      "Parallel Aware": false,
                                      "Async Capable": false,
                                      "Startup Cost": 262919.01,
                                      "Total Cost": 262919.19,
                                      "Plan Rows": 72,
                                      "Plan Width": 41,
                                      "Sort Key": [
                                        "web_site.web_site_id"
                                      ],
                                      "Plans": [
                                        {
                                          "Node Type": "Hash Join",
                                          "Parent Relationship": "Outer",
                                          "Parallel Aware": false,
                                          "Async Capable": false,
                                          "Join Type": "Inner",
                                          "Startup Cost": 32134.74,
                                          "Total Cost": 262916.79,
                                          "Plan Rows": 72,
                                          "Plan Width": 41,
                                          "Inner Unique": false,
                                          "Hash Cond": "(web_sales.ws_web_site_sk = web_site.web_site_sk)",
                                          "Plans": [
                                            {
                                              "Node Type": "Hash Join",
                                              "Parent Relationship": "Outer",
                                              "Parallel Aware": false,
                                              "Async Capable": false,
                                              "Join Type": "Inner",
                                              "Startup Cost": 32130.8,
                                              "Total Cost": 262911.86,
                                              "Plan Rows": 72,
                                              "Plan Width": 28,
                                              "Inner Unique": false,
                                              "Hash Cond": "(web_sales.ws_promo_sk = promotion_2.p_promo_sk)",
                                              "Plans": [
                                                {
                                                  "Node Type": "Hash Join",
                                                  "Parent Relationship": "Outer",
                                                  "Parallel Aware": true,
                                                  "Async Capable": false,
                                                  "Join Type": "Inner",
                                                  "Startup Cost": 32105.4,
                                                  "Total Cost": 262885.46,
                                                  "Plan Rows": 73,
                                                  "Plan Width": 32,
                                                  "Inner Unique": false,
                                                  "Hash Cond": "(web_sales.ws_item_sk = item_2.i_item_sk)",
                                                  "Plans": [
                                                    {
                                                      "Node Type": "Hash Join",
                                                      "Parent Relationship": "Outer",
                                                      "Parallel Aware": true,
                                                      "Async Capable": false,
                                                      "Join Type": "Left",
                                                      "Startup Cost": 24579.62,
                                                      "Total Cost": 255354.62,
                                                      "Plan Rows": 1272,
                                                      "Plan Width": 36,
                                                      "Inner Unique": false,
                                                      "Hash Cond": "((web_sales.ws_item_sk = web_returns.wr_item_sk) AND (web_sales.ws_order_number = web_returns.wr_order_number))",
                                                      "Plans": [
                                                        {
                                                          "Node Type": "Hash Join",
                                                          "Parent Relationship": "Outer",
                                                          "Parallel Aware": true,
                                                          "Async Capable": false,
                                                          "Join Type": "Inner",
                                                          "Startup Cost": 2049.78,
                                                          "Total Cost": 231041.22,
                                                          "Plan Rows": 1272,
                                                          "Plan Width": 28,
                                                          "Inner Unique": false,
                                                          "Hash Cond": "(web_sales.ws_sold_date_sk = date_dim_2.d_date_sk)",
                                                          "Plans": [
                                                            {
                                                              "Node Type": "Seq Scan",
                                                              "Parent Relationship": "Outer",
                                                              "Parallel Aware": true,
                                                              "Async Capable": false,
                                                              "Relation Name": "web_sales",
                                                              "Alias": "web_sales",
                                                              "Startup Cost": 0.0,
                                                              "Total Cost": 217737.86,
                                                              "Plan Rows": 2998986,
                                                              "Plan Width": 32,
                                                              "parent": 55,
                                                              "ID": 56
                                                            },
                                                            {
                                                              "Node Type": "Hash",
                                                              "Parent Relationship": "Inner",
                                                              "Parallel Aware": true,
                                                              "Async Capable": false,
                                                              "Startup Cost": 2049.55,
                                                              "Total Cost": 2049.55,
                                                              "Plan Rows": 18,
                                                              "Plan Width": 4,
                                                              "Plans": [
                                                                {
                                                                  "Node Type": "Seq Scan",
                                                                  "Parent Relationship": "Outer",
                                                                  "Parallel Aware": true,
                                                                  "Async Capable": false,
                                                                  "Relation Name": "date_dim",
                                                                  "Alias": "date_dim_2",
                                                                  "Startup Cost": 0.0,
                                                                  "Total Cost": 2049.55,
                                                                  "Plan Rows": 18,
                                                                  "Plan Width": 4,
                                                                  "Filter": "((d_date >= '2000-08-02'::date) AND (d_date <= '2000-09-01 00:00:00'::timestamp without time zone))",
                                                                  "parent": 57,
                                                                  "ID": 58
                                                                }
                                                              ],
                                                              "parent": 55,
                                                              "ID": 57,
                                                              "left": 58
                                                            }
                                                          ],
                                                          "parent": 54,
                                                          "ID": 55,
                                                          "left": 56,
                                                          "right": 57
                                                        },
                                                        {
                                                          "Node Type": "Hash",
                                                          "Parent Relationship": "Inner",
                                                          "Parallel Aware": true,
                                                          "Async Capable": false,
                                                          "Startup Cost": 16278.74,
                                                          "Total Cost": 16278.74,
                                                          "Plan Rows": 299674,
                                                          "Plan Width": 20,
                                                          "Plans": [
                                                            {
                                                              "Node Type": "Seq Scan",
                                                              "Parent Relationship": "Outer",
                                                              "Parallel Aware": true,
                                                              "Async Capable": false,
                                                              "Relation Name": "web_returns",
                                                              "Alias": "web_returns",
                                                              "Startup Cost": 0.0,
                                                              "Total Cost": 16278.74,
                                                              "Plan Rows": 299674,
                                                              "Plan Width": 20,
                                                              "parent": 59,
                                                              "ID": 60
                                                            }
                                                          ],
                                                          "parent": 54,
                                                          "ID": 59,
                                                          "left": 60
                                                        }
                                                      ],
                                                      "parent": 53,
                                                      "ID": 54,
                                                      "left": 55,
                                                      "right": 59
                                                    },
                                                    {
                                                      "Node Type": "Hash",
                                                      "Parent Relationship": "Inner",
                                                      "Parallel Aware": true,
                                                      "Async Capable": false,
                                                      "Startup Cost": 7495.25,
                                                      "Total Cost": 7495.25,
                                                      "Plan Rows": 2442,
                                                      "Plan Width": 4,
                                                      "Plans": [
                                                        {
                                                          "Node Type": "Seq Scan",
                                                          "Parent Relationship": "Outer",
                                                          "Parallel Aware": true,
                                                          "Async Capable": false,
                                                          "Relation Name": "item",
                                                          "Alias": "item_2",
                                                          "Startup Cost": 0.0,
                                                          "Total Cost": 7495.25,
                                                          "Plan Rows": 2442,
                                                          "Plan Width": 4,
                                                          "Filter": "(i_current_price > '50'::numeric)",
                                                          "parent": 61,
                                                          "ID": 62
                                                        }
                                                      ],
                                                      "parent": 53,
                                                      "ID": 61,
                                                      "left": 62
                                                    }
                                                  ],
                                                  "parent": 52,
                                                  "ID": 53,
                                                  "left": 54,
                                                  "right": 61
                                                },
                                                {
                                                  "Node Type": "Hash",
                                                  "Parent Relationship": "Inner",
                                                  "Parallel Aware": false,
                                                  "Async Capable": false,
                                                  "Startup Cost": 19.25,
                                                  "Total Cost": 19.25,
                                                  "Plan Rows": 492,
                                                  "Plan Width": 4,
                                                  "Plans": [
                                                    {
                                                      "Node Type": "Seq Scan",
                                                      "Parent Relationship": "Outer",
                                                      "Parallel Aware": false,
                                                      "Async Capable": false,
                                                      "Relation Name": "promotion",
                                                      "Alias": "promotion_2",
                                                      "Startup Cost": 0.0,
                                                      "Total Cost": 19.25,
                                                      "Plan Rows": 492,
                                                      "Plan Width": 4,
                                                      "Filter": "(p_channel_tv = 'N'::bpchar)",
                                                      "parent": 63,
                                                      "ID": 64
                                                    }
                                                  ],
                                                  "parent": 52,
                                                  "ID": 63,
                                                  "left": 64
                                                }
                                              ],
                                              "parent": 51,
                                              "ID": 52,
                                              "left": 53,
                                              "right": 63
                                            },
                                            {
                                              "Node Type": "Hash",
                                              "Parent Relationship": "Inner",
                                              "Parallel Aware": false,
                                              "Async Capable": false,
                                              "Startup Cost": 3.42,
                                              "Total Cost": 3.42,
                                              "Plan Rows": 42,
                                              "Plan Width": 21,
                                              "Plans": [
                                                {
                                                  "Node Type": "Seq Scan",
                                                  "Parent Relationship": "Outer",
                                                  "Parallel Aware": false,
                                                  "Async Capable": false,
                                                  "Relation Name": "web_site",
                                                  "Alias": "web_site",
                                                  "Startup Cost": 0.0,
                                                  "Total Cost": 3.42,
                                                  "Plan Rows": 42,
                                                  "Plan Width": 21,
                                                  "parent": 65,
                                                  "ID": 66
                                                }
                                              ],
                                              "parent": 51,
                                              "ID": 65,
                                              "left": 66
                                            }
                                          ],
                                          "parent": 50,
                                          "ID": 51,
                                          "left": 52,
                                          "right": 65
                                        }
                                      ],
                                      "parent": 49,
                                      "ID": 50,
                                      "left": 51
                                    }
                                  ],
                                  "parent": 48,
                                  "ID": 49,
                                  "left": 50
                                }
                              ],
                              "parent": 47,
                              "ID": 48,
                              "left": 49
                            }
                          ],
                          "parent": 46,
                          "ID": 47,
                          "left": 48
                        }
                      ],
                      "parent": 3,
                      "ID": 46,
                      "left": 47
                    }
                  ],
                  "parent": 2,
                  "ID": 3,
                  "left": 4,
                  "right": 25
                }
              ],
              "parent": 1,
              "ID": 2,
              "left": 3
            }
          ],
          "parent": 0,
          "ID": 1,
          "left": 2
        }
      ],
      "parent": null,
      "ID": 0,
      "left": 1
    },
    "feat": {
      "utility": 2.1788098394368505e-06,
      "query_shape": [
        [
          "Seq Scan",
          "Hash Join",
          "Sort",
          "Aggregate",
          "Gather Merge",
          "Subquery Scan",
          "Append"
        ],
        [
          "Seq Scan",
          "Hash",
          "Hash Join",
          "Sort",
          "Aggregate",
          "Gather Merge",
          "Subquery Scan",
          "Append"
        ],
        [
          "Seq Scan",
          "Hash",
          "Hash Join",
          "Sort",
          "Aggregate",
          "Gather Merge",
          "Subquery Scan",
          "Append"
        ],
        [
          "Seq Scan",
          "Hash",
          "Hash Join",
          "Sort",
          "Aggregate",
          "Gather Merge",
          "Subquery Scan",
          "Append"
        ],
        [
          "Seq Scan",
          "Hash",
          "Hash Join",
          "Sort",
          "Aggregate",
          "Gather Merge",
          "Subquery Scan",
          "Append"
        ],
        [
          "Seq Scan",
          "Hash",
          "Hash Join",
          "Sort",
          "Aggregate",
          "Gather Merge",
          "Subquery Scan",
          "Append"
        ],
        [
          "Seq Scan",
          "Hash Join",
          "Sort",
          "Aggregate",
          "Gather Merge",
          "Subquery Scan",
          "Append"
        ],
        [
          "Seq Scan",
          "Hash",
          "Hash Join",
          "Sort",
          "Aggregate",
          "Gather Merge",
          "Subquery Scan",
          "Append"
        ],
        [
          "Seq Scan",
          "Hash",
          "Hash Join",
          "Sort",
          "Aggregate",
          "Gather Merge",
          "Subquery Scan",
          "Append"
        ],
        [
          "Seq Scan",
          "Hash",
          "Hash Join",
          "Sort",
          "Aggregate",
          "Gather Merge",
          "Subquery Scan",
          "Append"
        ],
        [
          "Seq Scan",
          "Hash",
          "Hash Join",
          "Sort",
          "Aggregate",
          "Gather Merge",
          "Subquery Scan",
          "Append"
        ],
        [
          "Seq Scan",
          "Hash",
          "Hash Join",
          "Sort",
          "Aggregate",
          "Gather Merge",
          "Subquery Scan",
          "Append"
        ],
        [
          "Seq Scan",
          "Hash Join",
          "Sort",
          "Aggregate",
          "Gather Merge",
          "Subquery Scan",
          "Append"
        ],
        [
          "Seq Scan",
          "Hash",
          "Hash Join",
          "Sort",
          "Aggregate",
          "Gather Merge",
          "Subquery Scan",
          "Append"
        ],
        [
          "Seq Scan",
          "Hash",
          "Hash Join",
          "Sort",
          "Aggregate",
          "Gather Merge",
          "Subquery Scan",
          "Append"
        ],
        [
          "Seq Scan",
          "Hash",
          "Hash Join",
          "Sort",
          "Aggregate",
          "Gather Merge",
          "Subquery Scan",
          "Append"
        ],
        [
          "Seq Scan",
          "Hash",
          "Hash Join",
          "Sort",
          "Aggregate",
          "Gather Merge",
          "Subquery Scan",
          "Append"
        ],
        [
          "Seq Scan",
          "Hash",
          "Hash Join",
          "Sort",
          "Aggregate",
          "Gather Merge",
          "Subquery Scan",
          "Append"
        ]
      ],
      "index_shape": [
        "join"
      ],
      "physical_operator": {
        "Hash Join": [
          0.0018267346539619918
        ]
      }
    }
  },
  {
    "query": "with ssr as\n (select  s_store_id as store_id,\n          sum(ss_ext_sales_price) as sales,\n          sum(coalesce(sr_return_amt, 0)) as returns,\n          sum(ss_net_profit - coalesce(sr_net_loss, 0)) as profit\n  from store_sales left outer join store_returns on\n         (ss_item_sk = sr_item_sk and ss_ticket_number = sr_ticket_number),\n     date_dim,\n     store,\n     item,\n     promotion\n where ss_sold_date_sk = d_date_sk\n       and d_date between cast('2000-08-02' as date) \n                  and (cast('2000-08-02' as date) +  interval '30 days')\n       and ss_store_sk = s_store_sk\n       and ss_item_sk = i_item_sk\n       and i_current_price > 50\n       and ss_promo_sk = p_promo_sk\n       and p_channel_tv = 'N'\n group by s_store_id)\n ,\n csr as\n (select  cp_catalog_page_id as catalog_page_id,\n          sum(cs_ext_sales_price) as sales,\n          sum(coalesce(cr_return_amount, 0)) as returns,\n          sum(cs_net_profit - coalesce(cr_net_loss, 0)) as profit\n  from catalog_sales left outer join catalog_returns on\n         (cs_item_sk = cr_item_sk and cs_order_number = cr_order_number),\n     date_dim,\n     catalog_page,\n     item,\n     promotion\n where cs_sold_date_sk = d_date_sk\n       and d_date between cast('2000-08-02' as date)\n                  and (cast('2000-08-02' as date) +  interval '30 days')\n        and cs_catalog_page_sk = cp_catalog_page_sk\n       and cs_item_sk = i_item_sk\n       and i_current_price > 50\n       and cs_promo_sk = p_promo_sk\n       and p_channel_tv = 'N'\ngroup by cp_catalog_page_id)\n ,\n wsr as\n (select  web_site_id,\n          sum(ws_ext_sales_price) as sales,\n          sum(coalesce(wr_return_amt, 0)) as returns,\n          sum(ws_net_profit - coalesce(wr_net_loss, 0)) as profit\n  from web_sales left outer join web_returns on\n         (ws_item_sk = wr_item_sk and ws_order_number = wr_order_number),\n     date_dim,\n     web_site,\n     item,\n     promotion\n where ws_sold_date_sk = d_date_sk\n       and d_date between cast('2000-08-02' as date)\n                  and (cast('2000-08-02' as date) +  interval '30 days')\n        and ws_web_site_sk = web_site_sk\n       and ws_item_sk = i_item_sk\n       and i_current_price > 50\n       and ws_promo_sk = p_promo_sk\n       and p_channel_tv = 'N'\ngroup by web_site_id)\n  select  channel\n        , id\n        , sum(sales) as sales\n        , sum(returns) as returns\n        , sum(profit) as profit\n from \n (select 'store channel' as channel\n        , 'store' || store_id as id\n        , sales\n        , returns\n        , profit\n from   ssr\n union all\n select 'catalog channel' as channel\n        , 'catalog_page' || catalog_page_id as id\n        , sales\n        , returns\n        , profit\n from  csr\n union all\n select 'web channel' as channel\n        , 'web_site' || web_site_id as id\n        , sales\n        , returns\n        , profit\n from   wsr\n ) x\n group by rollup (channel, id)\n order by channel\n         ,id\n limit 100;\n\n-- end query 61 in stream 4 using template query80.tpl\n",
    "indexes": "web_returns.wr_order_number",
    "wo plan est": {
      "Node Type": "Limit",
      "Parallel Aware": false,
      "Async Capable": false,
      "Startup Cost": 1566793.64,
      "Total Cost": 1566796.93,
      "Plan Rows": 100,
      "Plan Width": 160,
      "Plans": [
        {
          "Node Type": "Aggregate",
          "Strategy": "Sorted",
          "Partial Mode": "Simple",
          "Parent Relationship": "Outer",
          "Parallel Aware": false,
          "Async Capable": false,
          "Startup Cost": 1566793.64,
          "Total Cost": 1566806.84,
          "Plan Rows": 401,
          "Plan Width": 160,
          "Grouping Sets": [
            {
              "Group Keys": [
                [
                  "('store channel'::text)",
                  "(('store'::text || (ssr.store_id)::text))"
                ],
                [
                  "('store channel'::text)"
                ],
                []
              ]
            }
          ],
          "Plans": [
            {
              "Node Type": "Sort",
              "Parent Relationship": "Outer",
              "Parallel Aware": false,
              "Async Capable": false,
              "Startup Cost": 1566793.64,
              "Total Cost": 1566794.67,
              "Plan Rows": 412,
              "Plan Width": 160,
              "Sort Key": [
                "('store channel'::text)",
                "(('store'::text || (ssr.store_id)::text))"
              ],
              "Plans": [
                {
                  "Node Type": "Append",
                  "Parent Relationship": "Outer",
                  "Parallel Aware": false,
                  "Async Capable": false,
                  "Startup Cost": 784596.3,
                  "Total Cost": 1566775.74,
                  "Plan Rows": 412,
                  "Plan Width": 160,
                  "Subplans Removed": 0,
                  "Plans": [
                    {
                      "Node Type": "Subquery Scan",
                      "Parent Relationship": "Member",
                      "Parallel Aware": false,
                      "Async Capable": false,
                      "Alias": "ssr",
                      "Startup Cost": 784596.3,
                      "Total Cost": 784616.16,
                      "Plan Rows": 51,
                      "Plan Width": 160,
                      "Plans": [
                        {
                          "Node Type": "Aggregate",
                          "Strategy": "Sorted",
                          "Partial Mode": "Finalize",
                          "Parent Relationship": "Subquery",
                          "Parallel Aware": false,
                          "Async Capable": false,
                          "Startup Cost": 784596.3,
                          "Total Cost": 784615.39,
                          "Plan Rows": 51,
                          "Plan Width": 113,
                          "Group Key": [
                            "store.s_store_id"
                          ],
                          "Plans": [
                            {
                              "Node Type": "Gather Merge",
                              "Parent Relationship": "Outer",
                              "Parallel Aware": false,
                              "Async Capable": false,
                              "Startup Cost": 784596.3,
                              "Total Cost": 784612.71,
                              "Plan Rows": 102,
                              "Plan Width": 113,
                              "Workers Planned": 2,
                              "Plans": [
                                {
                                  "Node Type": "Aggregate",
                                  "Strategy": "Sorted",
                                  "Partial Mode": "Partial",
                                  "Parent Relationship": "Outer",
                                  "Parallel Aware": false,
                                  "Async Capable": false,
                                  "Startup Cost": 783596.27,
                                  "Total Cost": 783600.92,
                                  "Plan Rows": 51,
                                  "Plan Width": 113,
                                  "Group Key": [
                                    "store.s_store_id"
                                  ],
                                  "Plans": [
                                    {
                                      "Node Type": "Sort",
                                      "Parent Relationship": "Outer",
                                      "Parallel Aware": false,
                                      "Async Capable": false,
                                      "Startup Cost": 783596.27,
                                      "Total Cost": 783596.9,
                                      "Plan Rows": 250,
                                      "Plan Width": 41,
                                      "Sort Key": [
                                        "store.s_store_id"
                                      ],
                                      "Plans": [
                                        {
                                          "Node Type": "Hash Join",
                                          "Parent Relationship": "Outer",
                                          "Parallel Aware": false,
                                          "Async Capable": false,
                                          "Join Type": "Inner",
                                          "Startup Cost": 94489.35,
                                          "Total Cost": 783586.32,
                                          "Plan Rows": 250,
                                          "Plan Width": 41,
                                          "Inner Unique": false,
                                          "Hash Cond": "(store_sales.ss_store_sk = store.s_store_sk)",
                                          "Plans": [
                                            {
                                              "Node Type": "Hash Join",
                                              "Parent Relationship": "Outer",
                                              "Parallel Aware": false,
                                              "Async Capable": false,
                                              "Join Type": "Inner",
                                              "Startup Cost": 94482.05,
                                              "Total Cost": 783575.54,
                                              "Plan Rows": 262,
                                              "Plan Width": 28,
                                              "Inner Unique": false,
                                              "Hash Cond": "(store_sales.ss_promo_sk = promotion.p_promo_sk)",
                                              "Plans": [
                                                {
                                                  "Node Type": "Hash Join",
                                                  "Parent Relationship": "Outer",
                                                  "Parallel Aware": true,
                                                  "Async Capable": false,
                                                  "Join Type": "Inner",
                                                  "Startup Cost": 94456.65,
                                                  "Total Cost": 783546.47,
                                                  "Plan Rows": 279,
                                                  "Plan Width": 32,
                                                  "Inner Unique": false,
                                                  "Hash Cond": "(store_sales.ss_item_sk = item.i_item_sk)",
                                                  "Plans": [
                                                    {
                                                      "Node Type": "Hash Join",
                                                      "Parent Relationship": "Outer",
                                                      "Parallel Aware": true,
                                                      "Async Capable": false,
                                                      "Join Type": "Left",
                                                      "Startup Cost": 86930.88,
                                                      "Total Cost": 776001.31,
                                                      "Plan Rows": 4860,
                                                      "Plan Width": 36,
                                                      "Inner Unique": false,
                                                      "Hash Cond": "((store_sales.ss_item_sk = store_returns.sr_item_sk) AND (store_sales.ss_ticket_number = store_returns.sr_ticket_number))",
                                                      "Plans": [
                                                        {
                                                          "Node Type": "Hash Join",
                                                          "Parent Relationship": "Outer",
                                                          "Parallel Aware": true,
                                                          "Async Capable": false,
                                                          "Join Type": "Inner",
                                                          "Startup Cost": 2049.78,
                                                          "Total Cost": 683994.75,
                                                          "Plan Rows": 4860,
                                                          "Plan Width": 28,
                                                          "Inner Unique": false,
                                                          "Hash Cond": "(store_sales.ss_sold_date_sk = date_dim.d_date_sk)",
                                                          "Plans": [
                                                            {
                                                              "Node Type": "Seq Scan",
                                                              "Parent Relationship": "Outer",
                                                              "Parallel Aware": true,
                                                              "Async Capable": false,
                                                              "Relation Name": "store_sales",
                                                              "Alias": "store_sales",
                                                              "Startup Cost": 0.0,
                                                              "Total Cost": 636914.37,
                                                              "Plan Rows": 12000637,
                                                              "Plan Width": 32,
                                                              "parent": 13,
                                                              "ID": 14
                                                            },
                                                            {
                                                              "Node Type": "Hash",
                                                              "Parent Relationship": "Inner",
                                                              "Parallel Aware": true,
                                                              "Async Capable": false,
                                                              "Startup Cost": 2049.55,
                                                              "Total Cost": 2049.55,
                                                              "Plan Rows": 18,
                                                              "Plan Width": 4,
                                                              "Plans": [
                                                                {
                                                                  "Node Type": "Seq Scan",
                                                                  "Parent Relationship": "Outer",
                                                                  "Parallel Aware": true,
                                                                  "Async Capable": false,
                                                                  "Relation Name": "date_dim",
                                                                  "Alias": "date_dim",
                                                                  "Startup Cost": 0.0,
                                                                  "Total Cost": 2049.55,
                                                                  "Plan Rows": 18,
                                                                  "Plan Width": 4,
                                                                  "Filter": "((d_date >= '2000-08-02'::date) AND (d_date <= '2000-09-01 00:00:00'::timestamp without time zone))",
                                                                  "parent": 15,
                                                                  "ID": 16
                                                                }
                                                              ],
                                                              "parent": 13,
                                                              "ID": 15,
                                                              "left": 16
                                                            }
                                                          ],
                                                          "parent": 12,
                                                          "ID": 13,
                                                          "left": 14,
                                                          "right": 15
                                                        },
                                                        {
                                                          "Node Type": "Hash",
                                                          "Parent Relationship": "Inner",
                                                          "Parallel Aware": true,
                                                          "Async Capable": false,
                                                          "Startup Cost": 59887.64,
                                                          "Total Cost": 59887.64,
                                                          "Plan Rows": 1198164,
                                                          "Plan Width": 20,
                                                          "Plans": [
                                                            {
                                                              "Node Type": "Seq Scan",
                                                              "Parent Relationship": "Outer",
                                                              "Parallel Aware": true,
                                                              "Async Capable": false,
                                                              "Relation Name": "store_returns",
                                                              "Alias": "store_returns",
                                                              "Startup Cost": 0.0,
                                                              "Total Cost": 59887.64,
                                                              "Plan Rows": 1198164,
                                                              "Plan Width": 20,
                                                              "parent": 17,
                                                              "ID": 18
                                                            }
                                                          ],
                                                          "parent": 12,
                                                          "ID": 17,
                                                          "left": 18
                                                        }
                                                      ],
                                                      "parent": 11,
                                                      "ID": 12,
                                                      "left": 13,
                                                      "right": 17
                                                    },
                                                    {
                                                      "Node Type": "Hash",
                                                      "Parent Relationship": "Inner",
                                                      "Parallel Aware": true,
                                                      "Async Capable": false,
                                                      "Startup Cost": 7495.25,
                                                      "Total Cost": 7495.25,
                                                      "Plan Rows": 2442,
                                                      "Plan Width": 4,
                                                      "Plans": [
                                                        {
                                                          "Node Type": "Seq Scan",
                                                          "Parent Relationship": "Outer",
                                                          "Parallel Aware": true,
                                                          "Async Capable": false,
                                                          "Relation Name": "item",
                                                          "Alias": "item",
                                                          "Startup Cost": 0.0,
                                                          "Total Cost": 7495.25,
                                                          "Plan Rows": 2442,
                                                          "Plan Width": 4,
                                                          "Filter": "(i_current_price > '50'::numeric)",
                                                          "parent": 19,
                                                          "ID": 20
                                                        }
                                                      ],
                                                      "parent": 11,
                                                      "ID": 19,
                                                      "left": 20
                                                    }
                                                  ],
                                                  "parent": 10,
                                                  "ID": 11,
                                                  "left": 12,
                                                  "right": 19
                                                },
                                                {
                                                  "Node Type": "Hash",
                                                  "Parent Relationship": "Inner",
                                                  "Parallel Aware": false,
                                                  "Async Capable": false,
                                                  "Startup Cost": 19.25,
                                                  "Total Cost": 19.25,
                                                  "Plan Rows": 492,
                                                  "Plan Width": 4,
                                                  "Plans": [
                                                    {
                                                      "Node Type": "Seq Scan",
                                                      "Parent Relationship": "Outer",
                                                      "Parallel Aware": false,
                                                      "Async Capable": false,
                                                      "Relation Name": "promotion",
                                                      "Alias": "promotion",
                                                      "Startup Cost": 0.0,
                                                      "Total Cost": 19.25,
                                                      "Plan Rows": 492,
                                                      "Plan Width": 4,
                                                      "Filter": "(p_channel_tv = 'N'::bpchar)",
                                                      "parent": 21,
                                                      "ID": 22
                                                    }
                                                  ],
                                                  "parent": 10,
                                                  "ID": 21,
                                                  "left": 22
                                                }
                                              ],
                                              "parent": 9,
                                              "ID": 10,
                                              "left": 11,
                                              "right": 21
                                            },
                                            {
                                              "Node Type": "Hash",
                                              "Parent Relationship": "Inner",
                                              "Parallel Aware": false,
                                              "Async Capable": false,
                                              "Startup Cost": 6.02,
                                              "Total Cost": 6.02,
                                              "Plan Rows": 102,
                                              "Plan Width": 21,
                                              "Plans": [
                                                {
                                                  "Node Type": "Seq Scan",
                                                  "Parent Relationship": "Outer",
                                                  "Parallel Aware": false,
                                                  "Async Capable": false,
                                                  "Relation Name": "store",
                                                  "Alias": "store",
                                                  "Startup Cost": 0.0,
                                                  "Total Cost": 6.02,
                                                  "Plan Rows": 102,
                                                  "Plan Width": 21,
                                                  "parent": 23,
                                                  "ID": 24
                                                }
                                              ],
                                              "parent": 9,
                                              "ID": 23,
                                              "left": 24
                                            }
                                          ],
                                          "parent": 8,
                                          "ID": 9,
                                          "left": 10,
                                          "right": 23
                                        }
                                      ],
                                      "parent": 7,
                                      "ID": 8,
                                      "left": 9
                                    }
                                  ],
                                  "parent": 6,
                                  "ID": 7,
                                  "left": 8
                                }
                              ],
                              "parent": 5,
                              "ID": 6,
                              "left": 7
                            }
                          ],
                          "parent": 4,
                          "ID": 5,
                          "left": 6
                        }
                      ],
                      "parent": 3,
                      "ID": 4,
                      "left": 5
                    },
                    {
                      "Node Type": "Subquery Scan",
                      "Parent Relationship": "Member",
                      "Parallel Aware": false,
                      "Async Capable": false,
                      "Alias": "csr",
                      "Startup Cost": 518177.36,
                      "Total Cost": 518230.78,
                      "Plan Rows": 340,
                      "Plan Width": 160,
                      "Plans": [
                        {
                          "Node Type": "Aggregate",
                          "Strategy": "Sorted",
                          "Partial Mode": "Finalize",
                          "Parent Relationship": "Subquery",
                          "Parallel Aware": false,
                          "Async Capable": false,
                          "Startup Cost": 518177.36,
                          "Total Cost": 518225.68,
                          "Plan Rows": 340,
                          "Plan Width": 113,
                          "Group Key": [
                            "catalog_page.cp_catalog_page_id"
                          ],
                          "Plans": [
                            {
                              "Node Type": "Gather Merge",
                              "Parent Relationship": "Outer",
                              "Parallel Aware": false,
                              "Async Capable": false,
                              "Startup Cost": 518177.36,
                              "Total Cost": 518214.76,
                              "Plan Rows": 284,
                              "Plan Width": 113,
                              "Workers Planned": 2,
                              "Plans": [
                                {
                                  "Node Type": "Aggregate",
                                  "Strategy": "Sorted",
                                  "Partial Mode": "Partial",
                                  "Parent Relationship": "Outer",
                                  "Parallel Aware": false,
                                  "Async Capable": false,
                                  "Startup Cost": 517177.34,
                                  "Total Cost": 517181.95,
                                  "Plan Rows": 142,
                                  "Plan Width": 113,
                                  "Group Key": [
                                    "catalog_page.cp_catalog_page_id"
                                  ],
                                  "Plans": [
                                    {
                                      "Node Type": "Sort",
                                      "Parent Relationship": "Outer",
                                      "Parallel Aware": false,
                                      "Async Capable": false,
                                      "Startup Cost": 517177.34,
                                      "Total Cost": 517177.69,
                                      "Plan Rows": 142,
                                      "Plan Width": 41,
                                      "Sort Key": [
                                        "catalog_page.cp_catalog_page_id"
                                      ],
                                      "Plans": [
                                        {
                                          "Node Type": "Hash Join",
                                          "Parent Relationship": "Outer",
                                          "Parallel Aware": false,
                                          "Async Capable": false,
                                          "Join Type": "Inner",
                                          "Startup Cost": 57382.33,
                                          "Total Cost": 517172.26,
                                          "Plan Rows": 142,
                                          "Plan Width": 41,
                                          "Inner Unique": false,
                                          "Hash Cond": "(catalog_sales.cs_catalog_page_sk = catalog_page.cp_catalog_page_sk)",
                                          "Plans": [
                                            {
                                              "Node Type": "Hash Join",
                                              "Parent Relationship": "Outer",
                                              "Parallel Aware": false,
                                              "Async Capable": false,
                                              "Join Type": "Inner",
                                              "Startup Cost": 56864.33,
                                              "Total Cost": 516652.32,
                                              "Plan Rows": 142,
                                              "Plan Width": 28,
                                              "Inner Unique": false,
                                              "Hash Cond": "(catalog_sales.cs_promo_sk = promotion_1.p_promo_sk)",
                                              "Plans": [
                                                {
                                                  "Node Type": "Hash Join",
                                                  "Parent Relationship": "Outer",
                                                  "Parallel Aware": true,
                                                  "Async Capable": false,
                                                  "Join Type": "Inner",
                                                  "Startup Cost": 56838.93,
                                                  "Total Cost": 516624.96,
                                                  "Plan Rows": 145,
                                                  "Plan Width": 32,
                                                  "Inner Unique": false,
                                                  "Hash Cond": "(catalog_sales.cs_item_sk = item_1.i_item_sk)",
                                                  "Plans": [
                                                    {
                                                      "Node Type": "Hash Join",
                                                      "Parent Relationship": "Outer",
                                                      "Parallel Aware": true,
                                                      "Async Capable": false,
                                                      "Join Type": "Left",
                                                      "Startup Cost": 49313.15,
                                                      "Total Cost": 509089.08,
                                                      "Plan Rows": 2532,
                                                      "Plan Width": 36,
                                                      "Inner Unique": false,
                                                      "Hash Cond": "((catalog_sales.cs_item_sk = catalog_returns.cr_item_sk) AND (catalog_sales.cs_order_number = catalog_returns.cr_order_number))",
                                                      "Plans": [
                                                        {
                                                          "Node Type": "Hash Join",
                                                          "Parent Relationship": "Outer",
                                                          "Parallel Aware": true,
                                                          "Async Capable": false,
                                                          "Join Type": "Inner",
                                                          "Startup Cost": 2049.78,
                                                          "Total Cost": 458254.7,
                                                          "Plan Rows": 2532,
                                                          "Plan Width": 28,
                                                          "Inner Unique": false,
                                                          "Hash Cond": "(catalog_sales.cs_sold_date_sk = date_dim_1.d_date_sk)",
                                                          "Plans": [
                                                            {
                                                              "Node Type": "Seq Scan",
                                                              "Parent Relationship": "Outer",
                                                              "Parallel Aware": true,
                                                              "Async Capable": false,
                                                              "Relation Name": "catalog_sales",
                                                              "Alias": "catalog_sales",
                                                              "Startup Cost": 0.0,
                                                              "Total Cost": 433688.25,
                                                              "Plan Rows": 6000525,
                                                              "Plan Width": 32,
                                                              "parent": 34,
                                                              "ID": 35
                                                            },
                                                            {
                                                              "Node Type": "Hash",
                                                              "Parent Relationship": "Inner",
                                                              "Parallel Aware": true,
                                                              "Async Capable": false,
                                                              "Startup Cost": 2049.55,
                                                              "Total Cost": 2049.55,
                                                              "Plan Rows": 18,
                                                              "Plan Width": 4,
                                                              "Plans": [
                                                                {
                                                                  "Node Type": "Seq Scan",
                                                                  "Parent Relationship": "Outer",
                                                                  "Parallel Aware": true,
                                                                  "Async Capable": false,
                                                                  "Relation Name": "date_dim",
                                                                  "Alias": "date_dim_1",
                                                                  "Startup Cost": 0.0,
                                                                  "Total Cost": 2049.55,
                                                                  "Plan Rows": 18,
                                                                  "Plan Width": 4,
                                                                  "Filter": "((d_date >= '2000-08-02'::date) AND (d_date <= '2000-09-01 00:00:00'::timestamp without time zone))",
                                                                  "parent": 36,
                                                                  "ID": 37
                                                                }
                                                              ],
                                                              "parent": 34,
                                                              "ID": 36,
                                                              "left": 37
                                                            }
                                                          ],
                                                          "parent": 33,
                                                          "ID": 34,
                                                          "left": 35,
                                                          "right": 36
                                                        },
                                                        {
                                                          "Node Type": "Hash",
                                                          "Parent Relationship": "Inner",
                                                          "Parallel Aware": true,
                                                          "Async Capable": false,
                                                          "Startup Cost": 34748.95,
                                                          "Total Cost": 34748.95,
                                                          "Plan Rows": 599895,
                                                          "Plan Width": 20,
                                                          "Plans": [
                                                            {
                                                              "Node Type": "Seq Scan",
                                                              "Parent Relationship": "Outer",
                                                              "Parallel Aware": true,
                                                              "Async Capable": false,
                                                              "Relation Name": "catalog_returns",
                                                              "Alias": "catalog_returns",
                                                              "Startup Cost": 0.0,
                                                              "Total Cost": 34748.95,
                                                              "Plan Rows": 599895,
                                                              "Plan Width": 20,
                                                              "parent": 38,
                                                              "ID": 39
                                                            }
                                                          ],
                                                          "parent": 33,
                                                          "ID": 38,
                                                          "left": 39
                                                        }
                                                      ],
                                                      "parent": 32,
                                                      "ID": 33,
                                                      "left": 34,
                                                      "right": 38
                                                    },
                                                    {
                                                      "Node Type": "Hash",
                                                      "Parent Relationship": "Inner",
                                                      "Parallel Aware": true,
                                                      "Async Capable": false,
                                                      "Startup Cost": 7495.25,
                                                      "Total Cost": 7495.25,
                                                      "Plan Rows": 2442,
                                                      "Plan Width": 4,
                                                      "Plans": [
                                                        {
                                                          "Node Type": "Seq Scan",
                                                          "Parent Relationship": "Outer",
                                                          "Parallel Aware": true,
                                                          "Async Capable": false,
                                                          "Relation Name": "item",
                                                          "Alias": "item_1",
                                                          "Startup Cost": 0.0,
                                                          "Total Cost": 7495.25,
                                                          "Plan Rows": 2442,
                                                          "Plan Width": 4,
                                                          "Filter": "(i_current_price > '50'::numeric)",
                                                          "parent": 40,
                                                          "ID": 41
                                                        }
                                                      ],
                                                      "parent": 32,
                                                      "ID": 40,
                                                      "left": 41
                                                    }
                                                  ],
                                                  "parent": 31,
                                                  "ID": 32,
                                                  "left": 33,
                                                  "right": 40
                                                },
                                                {
                                                  "Node Type": "Hash",
                                                  "Parent Relationship": "Inner",
                                                  "Parallel Aware": false,
                                                  "Async Capable": false,
                                                  "Startup Cost": 19.25,
                                                  "Total Cost": 19.25,
                                                  "Plan Rows": 492,
                                                  "Plan Width": 4,
                                                  "Plans": [
                                                    {
                                                      "Node Type": "Seq Scan",
                                                      "Parent Relationship": "Outer",
                                                      "Parallel Aware": false,
                                                      "Async Capable": false,
                                                      "Relation Name": "promotion",
                                                      "Alias": "promotion_1",
                                                      "Startup Cost": 0.0,
                                                      "Total Cost": 19.25,
                                                      "Plan Rows": 492,
                                                      "Plan Width": 4,
                                                      "Filter": "(p_channel_tv = 'N'::bpchar)",
                                                      "parent": 42,
                                                      "ID": 43
                                                    }
                                                  ],
                                                  "parent": 31,
                                                  "ID": 42,
                                                  "left": 43
                                                }
                                              ],
                                              "parent": 30,
                                              "ID": 31,
                                              "left": 32,
                                              "right": 42
                                            },
                                            {
                                              "Node Type": "Hash",
                                              "Parent Relationship": "Inner",
                                              "Parallel Aware": false,
                                              "Async Capable": false,
                                              "Startup Cost": 368.0,
                                              "Total Cost": 368.0,
                                              "Plan Rows": 12000,
                                              "Plan Width": 21,
                                              "Plans": [
                                                {
                                                  "Node Type": "Seq Scan",
                                                  "Parent Relationship": "Outer",
                                                  "Parallel Aware": false,
                                                  "Async Capable": false,
                                                  "Relation Name": "catalog_page",
                                                  "Alias": "catalog_page",
                                                  "Startup Cost": 0.0,
                                                  "Total Cost": 368.0,
                                                  "Plan Rows": 12000,
                                                  "Plan Width": 21,
                                                  "parent": 44,
                                                  "ID": 45
                                                }
                                              ],
                                              "parent": 30,
                                              "ID": 44,
                                              "left": 45
                                            }
                                          ],
                                          "parent": 29,
                                          "ID": 30,
                                          "left": 31,
                                          "right": 44
                                        }
                                      ],
                                      "parent": 28,
                                      "ID": 29,
                                      "left": 30
                                    }
                                  ],
                                  "parent": 27,
                                  "ID": 28,
                                  "left": 29
                                }
                              ],
                              "parent": 26,
                              "ID": 27,
                              "left": 28
                            }
                          ],
                          "parent": 25,
                          "ID": 26,
                          "left": 27
                        }
                      ],
                      "parent": 3,
                      "ID": 25,
                      "left": 26
                    },
                    {
                      "Node Type": "Subquery Scan",
                      "Parent Relationship": "Member",
                      "Parallel Aware": false,
                      "Async Capable": false,
                      "Alias": "wsr",
                      "Startup Cost": 263919.04,
                      "Total Cost": 263926.75,
                      "Plan Rows": 21,
                      "Plan Width": 160,
                      "Plans": [
                        {
                          "Node Type": "Aggregate",
                          "Strategy": "Sorted",
                          "Partial Mode": "Finalize",
                          "Parent Relationship": "Subquery",
                          "Parallel Aware": false,
                          "Async Capable": false,
                          "Startup Cost": 263919.04,
                          "Total Cost": 263926.43,
                          "Plan Rows": 21,
                          "Plan Width": 113,
                          "Group Key": [
                            "web_site.web_site_id"
                          ],
                          "Plans": [
                            {
                              "Node Type": "Gather Merge",
                              "Parent Relationship": "Outer",
                              "Parallel Aware": false,
                              "Async Capable": false,
                              "Startup Cost": 263919.04,
                              "Total Cost": 263925.33,
                              "Plan Rows": 42,
                              "Plan Width": 113,
                              "Workers Planned": 2,
                              "Plans": [
                                {
                                  "Node Type": "Aggregate",
                                  "Strategy": "Sorted",
                                  "Partial Mode": "Partial",
                                  "Parent Relationship": "Outer",
                                  "Parallel Aware": false,
                                  "Async Capable": false,
                                  "Startup Cost": 262919.01,
                                  "Total Cost": 262920.46,
                                  "Plan Rows": 21,
                                  "Plan Width": 113,
                                  "Group Key": [
                                    "web_site.web_site_id"
                                  ],
                                  "Plans": [
                                    {
                                      "Node Type": "Sort",
                                      "Parent Relationship": "Outer",
                                      "Parallel Aware": false,
                                      "Async Capable": false,
                                      "Startup Cost": 262919.01,
                                      "Total Cost": 262919.19,
                                      "Plan Rows": 72,
                                      "Plan Width": 41,
                                      "Sort Key": [
                                        "web_site.web_site_id"
                                      ],
                                      "Plans": [
                                        {
                                          "Node Type": "Hash Join",
                                          "Parent Relationship": "Outer",
                                          "Parallel Aware": false,
                                          "Async Capable": false,
                                          "Join Type": "Inner",
                                          "Startup Cost": 32134.74,
                                          "Total Cost": 262916.79,
                                          "Plan Rows": 72,
                                          "Plan Width": 41,
                                          "Inner Unique": false,
                                          "Hash Cond": "(web_sales.ws_web_site_sk = web_site.web_site_sk)",
                                          "Plans": [
                                            {
                                              "Node Type": "Hash Join",
                                              "Parent Relationship": "Outer",
                                              "Parallel Aware": false,
                                              "Async Capable": false,
                                              "Join Type": "Inner",
                                              "Startup Cost": 32130.8,
                                              "Total Cost": 262911.86,
                                              "Plan Rows": 72,
                                              "Plan Width": 28,
                                              "Inner Unique": false,
                                              "Hash Cond": "(web_sales.ws_promo_sk = promotion_2.p_promo_sk)",
                                              "Plans": [
                                                {
                                                  "Node Type": "Hash Join",
                                                  "Parent Relationship": "Outer",
                                                  "Parallel Aware": true,
                                                  "Async Capable": false,
                                                  "Join Type": "Inner",
                                                  "Startup Cost": 32105.4,
                                                  "Total Cost": 262885.46,
                                                  "Plan Rows": 73,
                                                  "Plan Width": 32,
                                                  "Inner Unique": false,
                                                  "Hash Cond": "(web_sales.ws_item_sk = item_2.i_item_sk)",
                                                  "Plans": [
                                                    {
                                                      "Node Type": "Hash Join",
                                                      "Parent Relationship": "Outer",
                                                      "Parallel Aware": true,
                                                      "Async Capable": false,
                                                      "Join Type": "Left",
                                                      "Startup Cost": 24579.62,
                                                      "Total Cost": 255354.62,
                                                      "Plan Rows": 1272,
                                                      "Plan Width": 36,
                                                      "Inner Unique": false,
                                                      "Hash Cond": "((web_sales.ws_item_sk = web_returns.wr_item_sk) AND (web_sales.ws_order_number = web_returns.wr_order_number))",
                                                      "Plans": [
                                                        {
                                                          "Node Type": "Hash Join",
                                                          "Parent Relationship": "Outer",
                                                          "Parallel Aware": true,
                                                          "Async Capable": false,
                                                          "Join Type": "Inner",
                                                          "Startup Cost": 2049.78,
                                                          "Total Cost": 231041.22,
                                                          "Plan Rows": 1272,
                                                          "Plan Width": 28,
                                                          "Inner Unique": false,
                                                          "Hash Cond": "(web_sales.ws_sold_date_sk = date_dim_2.d_date_sk)",
                                                          "Plans": [
                                                            {
                                                              "Node Type": "Seq Scan",
                                                              "Parent Relationship": "Outer",
                                                              "Parallel Aware": true,
                                                              "Async Capable": false,
                                                              "Relation Name": "web_sales",
                                                              "Alias": "web_sales",
                                                              "Startup Cost": 0.0,
                                                              "Total Cost": 217737.86,
                                                              "Plan Rows": 2998986,
                                                              "Plan Width": 32,
                                                              "parent": 55,
                                                              "ID": 56
                                                            },
                                                            {
                                                              "Node Type": "Hash",
                                                              "Parent Relationship": "Inner",
                                                              "Parallel Aware": true,
                                                              "Async Capable": false,
                                                              "Startup Cost": 2049.55,
                                                              "Total Cost": 2049.55,
                                                              "Plan Rows": 18,
                                                              "Plan Width": 4,
                                                              "Plans": [
                                                                {
                                                                  "Node Type": "Seq Scan",
                                                                  "Parent Relationship": "Outer",
                                                                  "Parallel Aware": true,
                                                                  "Async Capable": false,
                                                                  "Relation Name": "date_dim",
                                                                  "Alias": "date_dim_2",
                                                                  "Startup Cost": 0.0,
                                                                  "Total Cost": 2049.55,
                                                                  "Plan Rows": 18,
                                                                  "Plan Width": 4,
                                                                  "Filter": "((d_date >= '2000-08-02'::date) AND (d_date <= '2000-09-01 00:00:00'::timestamp without time zone))",
                                                                  "parent": 57,
                                                                  "ID": 58
                                                                }
                                                              ],
                                                              "parent": 55,
                                                              "ID": 57,
                                                              "left": 58
                                                            }
                                                          ],
                                                          "parent": 54,
                                                          "ID": 55,
                                                          "left": 56,
                                                          "right": 57
                                                        },
                                                        {
                                                          "Node Type": "Hash",
                                                          "Parent Relationship": "Inner",
                                                          "Parallel Aware": true,
                                                          "Async Capable": false,
                                                          "Startup Cost": 16278.74,
                                                          "Total Cost": 16278.74,
                                                          "Plan Rows": 299674,
                                                          "Plan Width": 20,
                                                          "Plans": [
                                                            {
                                                              "Node Type": "Seq Scan",
                                                              "Parent Relationship": "Outer",
                                                              "Parallel Aware": true,
                                                              "Async Capable": false,
                                                              "Relation Name": "web_returns",
                                                              "Alias": "web_returns",
                                                              "Startup Cost": 0.0,
                                                              "Total Cost": 16278.74,
                                                              "Plan Rows": 299674,
                                                              "Plan Width": 20,
                                                              "parent": 59,
                                                              "ID": 60
                                                            }
                                                          ],
                                                          "parent": 54,
                                                          "ID": 59,
                                                          "left": 60
                                                        }
                                                      ],
                                                      "parent": 53,
                                                      "ID": 54,
                                                      "left": 55,
                                                      "right": 59
                                                    },
                                                    {
                                                      "Node Type": "Hash",
                                                      "Parent Relationship": "Inner",
                                                      "Parallel Aware": true,
                                                      "Async Capable": false,
                                                      "Startup Cost": 7495.25,
                                                      "Total Cost": 7495.25,
                                                      "Plan Rows": 2442,
                                                      "Plan Width": 4,
                                                      "Plans": [
                                                        {
                                                          "Node Type": "Seq Scan",
                                                          "Parent Relationship": "Outer",
                                                          "Parallel Aware": true,
                                                          "Async Capable": false,
                                                          "Relation Name": "item",
                                                          "Alias": "item_2",
                                                          "Startup Cost": 0.0,
                                                          "Total Cost": 7495.25,
                                                          "Plan Rows": 2442,
                                                          "Plan Width": 4,
                                                          "Filter": "(i_current_price > '50'::numeric)",
                                                          "parent": 61,
                                                          "ID": 62
                                                        }
                                                      ],
                                                      "parent": 53,
                                                      "ID": 61,
                                                      "left": 62
                                                    }
                                                  ],
                                                  "parent": 52,
                                                  "ID": 53,
                                                  "left": 54,
                                                  "right": 61
                                                },
                                                {
                                                  "Node Type": "Hash",
                                                  "Parent Relationship": "Inner",
                                                  "Parallel Aware": false,
                                                  "Async Capable": false,
                                                  "Startup Cost": 19.25,
                                                  "Total Cost": 19.25,
                                                  "Plan Rows": 492,
                                                  "Plan Width": 4,
                                                  "Plans": [
                                                    {
                                                      "Node Type": "Seq Scan",
                                                      "Parent Relationship": "Outer",
                                                      "Parallel Aware": false,
                                                      "Async Capable": false,
                                                      "Relation Name": "promotion",
                                                      "Alias": "promotion_2",
                                                      "Startup Cost": 0.0,
                                                      "Total Cost": 19.25,
                                                      "Plan Rows": 492,
                                                      "Plan Width": 4,
                                                      "Filter": "(p_channel_tv = 'N'::bpchar)",
                                                      "parent": 63,
                                                      "ID": 64
                                                    }
                                                  ],
                                                  "parent": 52,
                                                  "ID": 63,
                                                  "left": 64
                                                }
                                              ],
                                              "parent": 51,
                                              "ID": 52,
                                              "left": 53,
                                              "right": 63
                                            },
                                            {
                                              "Node Type": "Hash",
                                              "Parent Relationship": "Inner",
                                              "Parallel Aware": false,
                                              "Async Capable": false,
                                              "Startup Cost": 3.42,
                                              "Total Cost": 3.42,
                                              "Plan Rows": 42,
                                              "Plan Width": 21,
                                              "Plans": [
                                                {
                                                  "Node Type": "Seq Scan",
                                                  "Parent Relationship": "Outer",
                                                  "Parallel Aware": false,
                                                  "Async Capable": false,
                                                  "Relation Name": "web_site",
                                                  "Alias": "web_site",
                                                  "Startup Cost": 0.0,
                                                  "Total Cost": 3.42,
                                                  "Plan Rows": 42,
                                                  "Plan Width": 21,
                                                  "parent": 65,
                                                  "ID": 66
                                                }
                                              ],
                                              "parent": 51,
                                              "ID": 65,
                                              "left": 66
                                            }
                                          ],
                                          "parent": 50,
                                          "ID": 51,
                                          "left": 52,
                                          "right": 65
                                        }
                                      ],
                                      "parent": 49,
                                      "ID": 50,
                                      "left": 51
                                    }
                                  ],
                                  "parent": 48,
                                  "ID": 49,
                                  "left": 50
                                }
                              ],
                              "parent": 47,
                              "ID": 48,
                              "left": 49
                            }
                          ],
                          "parent": 46,
                          "ID": 47,
                          "left": 48
                        }
                      ],
                      "parent": 3,
                      "ID": 46,
                      "left": 47
                    }
                  ],
                  "parent": 2,
                  "ID": 3,
                  "left": 4,
                  "right": 25
                }
              ],
              "parent": 1,
              "ID": 2,
              "left": 3
            }
          ],
          "parent": 0,
          "ID": 1,
          "left": 2
        }
      ],
      "parent": null,
      "ID": 0,
      "left": 1
    },
    "feat": {
      "utility": 2.1788098394368505e-06,
      "query_shape": [
        [
          "Seq Scan",
          "Hash Join",
          "Sort",
          "Aggregate",
          "Gather Merge",
          "Subquery Scan",
          "Append"
        ],
        [
          "Seq Scan",
          "Hash",
          "Hash Join",
          "Sort",
          "Aggregate",
          "Gather Merge",
          "Subquery Scan",
          "Append"
        ],
        [
          "Seq Scan",
          "Hash",
          "Hash Join",
          "Sort",
          "Aggregate",
          "Gather Merge",
          "Subquery Scan",
          "Append"
        ],
        [
          "Seq Scan",
          "Hash",
          "Hash Join",
          "Sort",
          "Aggregate",
          "Gather Merge",
          "Subquery Scan",
          "Append"
        ],
        [
          "Seq Scan",
          "Hash",
          "Hash Join",
          "Sort",
          "Aggregate",
          "Gather Merge",
          "Subquery Scan",
          "Append"
        ],
        [
          "Seq Scan",
          "Hash",
          "Hash Join",
          "Sort",
          "Aggregate",
          "Gather Merge",
          "Subquery Scan",
          "Append"
        ],
        [
          "Seq Scan",
          "Hash Join",
          "Sort",
          "Aggregate",
          "Gather Merge",
          "Subquery Scan",
          "Append"
        ],
        [
          "Seq Scan",
          "Hash",
          "Hash Join",
          "Sort",
          "Aggregate",
          "Gather Merge",
          "Subquery Scan",
          "Append"
        ],
        [
          "Seq Scan",
          "Hash",
          "Hash Join",
          "Sort",
          "Aggregate",
          "Gather Merge",
          "Subquery Scan",
          "Append"
        ],
        [
          "Seq Scan",
          "Hash",
          "Hash Join",
          "Sort",
          "Aggregate",
          "Gather Merge",
          "Subquery Scan",
          "Append"
        ],
        [
          "Seq Scan",
          "Hash",
          "Hash Join",
          "Sort",
          "Aggregate",
          "Gather Merge",
          "Subquery Scan",
          "Append"
        ],
        [
          "Seq Scan",
          "Hash",
          "Hash Join",
          "Sort",
          "Aggregate",
          "Gather Merge",
          "Subquery Scan",
          "Append"
        ],
        [
          "Seq Scan",
          "Hash Join",
          "Sort",
          "Aggregate",
          "Gather Merge",
          "Subquery Scan",
          "Append"
        ],
        [
          "Seq Scan",
          "Hash",
          "Hash Join",
          "Sort",
          "Aggregate",
          "Gather Merge",
          "Subquery Scan",
          "Append"
        ],
        [
          "Seq Scan",
          "Hash",
          "Hash Join",
          "Sort",
          "Aggregate",
          "Gather Merge",
          "Subquery Scan",
          "Append"
        ],
        [
          "Seq Scan",
          "Hash",
          "Hash Join",
          "Sort",
          "Aggregate",
          "Gather Merge",
          "Subquery Scan",
          "Append"
        ],
        [
          "Seq Scan",
          "Hash",
          "Hash Join",
          "Sort",
          "Aggregate",
          "Gather Merge",
          "Subquery Scan",
          "Append"
        ],
        [
          "Seq Scan",
          "Hash",
          "Hash Join",
          "Sort",
          "Aggregate",
          "Gather Merge",
          "Subquery Scan",
          "Append"
        ]
      ],
      "index_shape": [
        "join"
      ],
      "physical_operator": {
        "Hash Join": [
          0.0018267346539619918
        ]
      }
    }
  },
  {
    "query": "with ssr as\n (select  s_store_id as store_id,\n          sum(ss_ext_sales_price) as sales,\n          sum(coalesce(sr_return_amt, 0)) as returns,\n          sum(ss_net_profit - coalesce(sr_net_loss, 0)) as profit\n  from store_sales left outer join store_returns on\n         (ss_item_sk = sr_item_sk and ss_ticket_number = sr_ticket_number),\n     date_dim,\n     store,\n     item,\n     promotion\n where ss_sold_date_sk = d_date_sk\n       and d_date between cast('2000-08-02' as date) \n                  and (cast('2000-08-02' as date) +  interval '30 days')\n       and ss_store_sk = s_store_sk\n       and ss_item_sk = i_item_sk\n       and i_current_price > 50\n       and ss_promo_sk = p_promo_sk\n       and p_channel_tv = 'N'\n group by s_store_id)\n ,\n csr as\n (select  cp_catalog_page_id as catalog_page_id,\n          sum(cs_ext_sales_price) as sales,\n          sum(coalesce(cr_return_amount, 0)) as returns,\n          sum(cs_net_profit - coalesce(cr_net_loss, 0)) as profit\n  from catalog_sales left outer join catalog_returns on\n         (cs_item_sk = cr_item_sk and cs_order_number = cr_order_number),\n     date_dim,\n     catalog_page,\n     item,\n     promotion\n where cs_sold_date_sk = d_date_sk\n       and d_date between cast('2000-08-02' as date)\n                  and (cast('2000-08-02' as date) +  interval '30 days')\n        and cs_catalog_page_sk = cp_catalog_page_sk\n       and cs_item_sk = i_item_sk\n       and i_current_price > 50\n       and cs_promo_sk = p_promo_sk\n       and p_channel_tv = 'N'\ngroup by cp_catalog_page_id)\n ,\n wsr as\n (select  web_site_id,\n          sum(ws_ext_sales_price) as sales,\n          sum(coalesce(wr_return_amt, 0)) as returns,\n          sum(ws_net_profit - coalesce(wr_net_loss, 0)) as profit\n  from web_sales left outer join web_returns on\n         (ws_item_sk = wr_item_sk and ws_order_number = wr_order_number),\n     date_dim,\n     web_site,\n     item,\n     promotion\n where ws_sold_date_sk = d_date_sk\n       and d_date between cast('2000-08-02' as date)\n                  and (cast('2000-08-02' as date) +  interval '30 days')\n        and ws_web_site_sk = web_site_sk\n       and ws_item_sk = i_item_sk\n       and i_current_price > 50\n       and ws_promo_sk = p_promo_sk\n       and p_channel_tv = 'N'\ngroup by web_site_id)\n  select  channel\n        , id\n        , sum(sales) as sales\n        , sum(returns) as returns\n        , sum(profit) as profit\n from \n (select 'store channel' as channel\n        , 'store' || store_id as id\n        , sales\n        , returns\n        , profit\n from   ssr\n union all\n select 'catalog channel' as channel\n        , 'catalog_page' || catalog_page_id as id\n        , sales\n        , returns\n        , profit\n from  csr\n union all\n select 'web channel' as channel\n        , 'web_site' || web_site_id as id\n        , sales\n        , returns\n        , profit\n from   wsr\n ) x\n group by rollup (channel, id)\n order by channel\n         ,id\n limit 100;\n\n-- end query 61 in stream 4 using template query80.tpl\n",
    "indexes": "web_returns.wr_return_amt",
    "wo plan est": {
      "Node Type": "Limit",
      "Parallel Aware": false,
      "Async Capable": false,
      "Startup Cost": 1566793.64,
      "Total Cost": 1566796.93,
      "Plan Rows": 100,
      "Plan Width": 160,
      "Plans": [
        {
          "Node Type": "Aggregate",
          "Strategy": "Sorted",
          "Partial Mode": "Simple",
          "Parent Relationship": "Outer",
          "Parallel Aware": false,
          "Async Capable": false,
          "Startup Cost": 1566793.64,
          "Total Cost": 1566806.84,
          "Plan Rows": 401,
          "Plan Width": 160,
          "Grouping Sets": [
            {
              "Group Keys": [
                [
                  "('store channel'::text)",
                  "(('store'::text || (ssr.store_id)::text))"
                ],
                [
                  "('store channel'::text)"
                ],
                []
              ]
            }
          ],
          "Plans": [
            {
              "Node Type": "Sort",
              "Parent Relationship": "Outer",
              "Parallel Aware": false,
              "Async Capable": false,
              "Startup Cost": 1566793.64,
              "Total Cost": 1566794.67,
              "Plan Rows": 412,
              "Plan Width": 160,
              "Sort Key": [
                "('store channel'::text)",
                "(('store'::text || (ssr.store_id)::text))"
              ],
              "Plans": [
                {
                  "Node Type": "Append",
                  "Parent Relationship": "Outer",
                  "Parallel Aware": false,
                  "Async Capable": false,
                  "Startup Cost": 784596.3,
                  "Total Cost": 1566775.74,
                  "Plan Rows": 412,
                  "Plan Width": 160,
                  "Subplans Removed": 0,
                  "Plans": [
                    {
                      "Node Type": "Subquery Scan",
                      "Parent Relationship": "Member",
                      "Parallel Aware": false,
                      "Async Capable": false,
                      "Alias": "ssr",
                      "Startup Cost": 784596.3,
                      "Total Cost": 784616.16,
                      "Plan Rows": 51,
                      "Plan Width": 160,
                      "Plans": [
                        {
                          "Node Type": "Aggregate",
                          "Strategy": "Sorted",
                          "Partial Mode": "Finalize",
                          "Parent Relationship": "Subquery",
                          "Parallel Aware": false,
                          "Async Capable": false,
                          "Startup Cost": 784596.3,
                          "Total Cost": 784615.39,
                          "Plan Rows": 51,
                          "Plan Width": 113,
                          "Group Key": [
                            "store.s_store_id"
                          ],
                          "Plans": [
                            {
                              "Node Type": "Gather Merge",
                              "Parent Relationship": "Outer",
                              "Parallel Aware": false,
                              "Async Capable": false,
                              "Startup Cost": 784596.3,
                              "Total Cost": 784612.71,
                              "Plan Rows": 102,
                              "Plan Width": 113,
                              "Workers Planned": 2,
                              "Plans": [
                                {
                                  "Node Type": "Aggregate",
                                  "Strategy": "Sorted",
                                  "Partial Mode": "Partial",
                                  "Parent Relationship": "Outer",
                                  "Parallel Aware": false,
                                  "Async Capable": false,
                                  "Startup Cost": 783596.27,
                                  "Total Cost": 783600.92,
                                  "Plan Rows": 51,
                                  "Plan Width": 113,
                                  "Group Key": [
                                    "store.s_store_id"
                                  ],
                                  "Plans": [
                                    {
                                      "Node Type": "Sort",
                                      "Parent Relationship": "Outer",
                                      "Parallel Aware": false,
                                      "Async Capable": false,
                                      "Startup Cost": 783596.27,
                                      "Total Cost": 783596.9,
                                      "Plan Rows": 250,
                                      "Plan Width": 41,
                                      "Sort Key": [
                                        "store.s_store_id"
                                      ],
                                      "Plans": [
                                        {
                                          "Node Type": "Hash Join",
                                          "Parent Relationship": "Outer",
                                          "Parallel Aware": false,
                                          "Async Capable": false,
                                          "Join Type": "Inner",
                                          "Startup Cost": 94489.35,
                                          "Total Cost": 783586.32,
                                          "Plan Rows": 250,
                                          "Plan Width": 41,
                                          "Inner Unique": false,
                                          "Hash Cond": "(store_sales.ss_store_sk = store.s_store_sk)",
                                          "Plans": [
                                            {
                                              "Node Type": "Hash Join",
                                              "Parent Relationship": "Outer",
                                              "Parallel Aware": false,
                                              "Async Capable": false,
                                              "Join Type": "Inner",
                                              "Startup Cost": 94482.05,
                                              "Total Cost": 783575.54,
                                              "Plan Rows": 262,
                                              "Plan Width": 28,
                                              "Inner Unique": false,
                                              "Hash Cond": "(store_sales.ss_promo_sk = promotion.p_promo_sk)",
                                              "Plans": [
                                                {
                                                  "Node Type": "Hash Join",
                                                  "Parent Relationship": "Outer",
                                                  "Parallel Aware": true,
                                                  "Async Capable": false,
                                                  "Join Type": "Inner",
                                                  "Startup Cost": 94456.65,
                                                  "Total Cost": 783546.47,
                                                  "Plan Rows": 279,
                                                  "Plan Width": 32,
                                                  "Inner Unique": false,
                                                  "Hash Cond": "(store_sales.ss_item_sk = item.i_item_sk)",
                                                  "Plans": [
                                                    {
                                                      "Node Type": "Hash Join",
                                                      "Parent Relationship": "Outer",
                                                      "Parallel Aware": true,
                                                      "Async Capable": false,
                                                      "Join Type": "Left",
                                                      "Startup Cost": 86930.88,
                                                      "Total Cost": 776001.31,
                                                      "Plan Rows": 4860,
                                                      "Plan Width": 36,
                                                      "Inner Unique": false,
                                                      "Hash Cond": "((store_sales.ss_item_sk = store_returns.sr_item_sk) AND (store_sales.ss_ticket_number = store_returns.sr_ticket_number))",
                                                      "Plans": [
                                                        {
                                                          "Node Type": "Hash Join",
                                                          "Parent Relationship": "Outer",
                                                          "Parallel Aware": true,
                                                          "Async Capable": false,
                                                          "Join Type": "Inner",
                                                          "Startup Cost": 2049.78,
                                                          "Total Cost": 683994.75,
                                                          "Plan Rows": 4860,
                                                          "Plan Width": 28,
                                                          "Inner Unique": false,
                                                          "Hash Cond": "(store_sales.ss_sold_date_sk = date_dim.d_date_sk)",
                                                          "Plans": [
                                                            {
                                                              "Node Type": "Seq Scan",
                                                              "Parent Relationship": "Outer",
                                                              "Parallel Aware": true,
                                                              "Async Capable": false,
                                                              "Relation Name": "store_sales",
                                                              "Alias": "store_sales",
                                                              "Startup Cost": 0.0,
                                                              "Total Cost": 636914.37,
                                                              "Plan Rows": 12000637,
                                                              "Plan Width": 32,
                                                              "parent": 13,
                                                              "ID": 14
                                                            },
                                                            {
                                                              "Node Type": "Hash",
                                                              "Parent Relationship": "Inner",
                                                              "Parallel Aware": true,
                                                              "Async Capable": false,
                                                              "Startup Cost": 2049.55,
                                                              "Total Cost": 2049.55,
                                                              "Plan Rows": 18,
                                                              "Plan Width": 4,
                                                              "Plans": [
                                                                {
                                                                  "Node Type": "Seq Scan",
                                                                  "Parent Relationship": "Outer",
                                                                  "Parallel Aware": true,
                                                                  "Async Capable": false,
                                                                  "Relation Name": "date_dim",
                                                                  "Alias": "date_dim",
                                                                  "Startup Cost": 0.0,
                                                                  "Total Cost": 2049.55,
                                                                  "Plan Rows": 18,
                                                                  "Plan Width": 4,
                                                                  "Filter": "((d_date >= '2000-08-02'::date) AND (d_date <= '2000-09-01 00:00:00'::timestamp without time zone))",
                                                                  "parent": 15,
                                                                  "ID": 16
                                                                }
                                                              ],
                                                              "parent": 13,
                                                              "ID": 15,
                                                              "left": 16
                                                            }
                                                          ],
                                                          "parent": 12,
                                                          "ID": 13,
                                                          "left": 14,
                                                          "right": 15
                                                        },
                                                        {
                                                          "Node Type": "Hash",
                                                          "Parent Relationship": "Inner",
                                                          "Parallel Aware": true,
                                                          "Async Capable": false,
                                                          "Startup Cost": 59887.64,
                                                          "Total Cost": 59887.64,
                                                          "Plan Rows": 1198164,
                                                          "Plan Width": 20,
                                                          "Plans": [
                                                            {
                                                              "Node Type": "Seq Scan",
                                                              "Parent Relationship": "Outer",
                                                              "Parallel Aware": true,
                                                              "Async Capable": false,
                                                              "Relation Name": "store_returns",
                                                              "Alias": "store_returns",
                                                              "Startup Cost": 0.0,
                                                              "Total Cost": 59887.64,
                                                              "Plan Rows": 1198164,
                                                              "Plan Width": 20,
                                                              "parent": 17,
                                                              "ID": 18
                                                            }
                                                          ],
                                                          "parent": 12,
                                                          "ID": 17,
                                                          "left": 18
                                                        }
                                                      ],
                                                      "parent": 11,
                                                      "ID": 12,
                                                      "left": 13,
                                                      "right": 17
                                                    },
                                                    {
                                                      "Node Type": "Hash",
                                                      "Parent Relationship": "Inner",
                                                      "Parallel Aware": true,
                                                      "Async Capable": false,
                                                      "Startup Cost": 7495.25,
                                                      "Total Cost": 7495.25,
                                                      "Plan Rows": 2442,
                                                      "Plan Width": 4,
                                                      "Plans": [
                                                        {
                                                          "Node Type": "Seq Scan",
                                                          "Parent Relationship": "Outer",
                                                          "Parallel Aware": true,
                                                          "Async Capable": false,
                                                          "Relation Name": "item",
                                                          "Alias": "item",
                                                          "Startup Cost": 0.0,
                                                          "Total Cost": 7495.25,
                                                          "Plan Rows": 2442,
                                                          "Plan Width": 4,
                                                          "Filter": "(i_current_price > '50'::numeric)",
                                                          "parent": 19,
                                                          "ID": 20
                                                        }
                                                      ],
                                                      "parent": 11,
                                                      "ID": 19,
                                                      "left": 20
                                                    }
                                                  ],
                                                  "parent": 10,
                                                  "ID": 11,
                                                  "left": 12,
                                                  "right": 19
                                                },
                                                {
                                                  "Node Type": "Hash",
                                                  "Parent Relationship": "Inner",
                                                  "Parallel Aware": false,
                                                  "Async Capable": false,
                                                  "Startup Cost": 19.25,
                                                  "Total Cost": 19.25,
                                                  "Plan Rows": 492,
                                                  "Plan Width": 4,
                                                  "Plans": [
                                                    {
                                                      "Node Type": "Seq Scan",
                                                      "Parent Relationship": "Outer",
                                                      "Parallel Aware": false,
                                                      "Async Capable": false,
                                                      "Relation Name": "promotion",
                                                      "Alias": "promotion",
                                                      "Startup Cost": 0.0,
                                                      "Total Cost": 19.25,
                                                      "Plan Rows": 492,
                                                      "Plan Width": 4,
                                                      "Filter": "(p_channel_tv = 'N'::bpchar)",
                                                      "parent": 21,
                                                      "ID": 22
                                                    }
                                                  ],
                                                  "parent": 10,
                                                  "ID": 21,
                                                  "left": 22
                                                }
                                              ],
                                              "parent": 9,
                                              "ID": 10,
                                              "left": 11,
                                              "right": 21
                                            },
                                            {
                                              "Node Type": "Hash",
                                              "Parent Relationship": "Inner",
                                              "Parallel Aware": false,
                                              "Async Capable": false,
                                              "Startup Cost": 6.02,
                                              "Total Cost": 6.02,
                                              "Plan Rows": 102,
                                              "Plan Width": 21,
                                              "Plans": [
                                                {
                                                  "Node Type": "Seq Scan",
                                                  "Parent Relationship": "Outer",
                                                  "Parallel Aware": false,
                                                  "Async Capable": false,
                                                  "Relation Name": "store",
                                                  "Alias": "store",
                                                  "Startup Cost": 0.0,
                                                  "Total Cost": 6.02,
                                                  "Plan Rows": 102,
                                                  "Plan Width": 21,
                                                  "parent": 23,
                                                  "ID": 24
                                                }
                                              ],
                                              "parent": 9,
                                              "ID": 23,
                                              "left": 24
                                            }
                                          ],
                                          "parent": 8,
                                          "ID": 9,
                                          "left": 10,
                                          "right": 23
                                        }
                                      ],
                                      "parent": 7,
                                      "ID": 8,
                                      "left": 9
                                    }
                                  ],
                                  "parent": 6,
                                  "ID": 7,
                                  "left": 8
                                }
                              ],
                              "parent": 5,
                              "ID": 6,
                              "left": 7
                            }
                          ],
                          "parent": 4,
                          "ID": 5,
                          "left": 6
                        }
                      ],
                      "parent": 3,
                      "ID": 4,
                      "left": 5
                    },
                    {
                      "Node Type": "Subquery Scan",
                      "Parent Relationship": "Member",
                      "Parallel Aware": false,
                      "Async Capable": false,
                      "Alias": "csr",
                      "Startup Cost": 518177.36,
                      "Total Cost": 518230.78,
                      "Plan Rows": 340,
                      "Plan Width": 160,
                      "Plans": [
                        {
                          "Node Type": "Aggregate",
                          "Strategy": "Sorted",
                          "Partial Mode": "Finalize",
                          "Parent Relationship": "Subquery",
                          "Parallel Aware": false,
                          "Async Capable": false,
                          "Startup Cost": 518177.36,
                          "Total Cost": 518225.68,
                          "Plan Rows": 340,
                          "Plan Width": 113,
                          "Group Key": [
                            "catalog_page.cp_catalog_page_id"
                          ],
                          "Plans": [
                            {
                              "Node Type": "Gather Merge",
                              "Parent Relationship": "Outer",
                              "Parallel Aware": false,
                              "Async Capable": false,
                              "Startup Cost": 518177.36,
                              "Total Cost": 518214.76,
                              "Plan Rows": 284,
                              "Plan Width": 113,
                              "Workers Planned": 2,
                              "Plans": [
                                {
                                  "Node Type": "Aggregate",
                                  "Strategy": "Sorted",
                                  "Partial Mode": "Partial",
                                  "Parent Relationship": "Outer",
                                  "Parallel Aware": false,
                                  "Async Capable": false,
                                  "Startup Cost": 517177.34,
                                  "Total Cost": 517181.95,
                                  "Plan Rows": 142,
                                  "Plan Width": 113,
                                  "Group Key": [
                                    "catalog_page.cp_catalog_page_id"
                                  ],
                                  "Plans": [
                                    {
                                      "Node Type": "Sort",
                                      "Parent Relationship": "Outer",
                                      "Parallel Aware": false,
                                      "Async Capable": false,
                                      "Startup Cost": 517177.34,
                                      "Total Cost": 517177.69,
                                      "Plan Rows": 142,
                                      "Plan Width": 41,
                                      "Sort Key": [
                                        "catalog_page.cp_catalog_page_id"
                                      ],
                                      "Plans": [
                                        {
                                          "Node Type": "Hash Join",
                                          "Parent Relationship": "Outer",
                                          "Parallel Aware": false,
                                          "Async Capable": false,
                                          "Join Type": "Inner",
                                          "Startup Cost": 57382.33,
                                          "Total Cost": 517172.26,
                                          "Plan Rows": 142,
                                          "Plan Width": 41,
                                          "Inner Unique": false,
                                          "Hash Cond": "(catalog_sales.cs_catalog_page_sk = catalog_page.cp_catalog_page_sk)",
                                          "Plans": [
                                            {
                                              "Node Type": "Hash Join",
                                              "Parent Relationship": "Outer",
                                              "Parallel Aware": false,
                                              "Async Capable": false,
                                              "Join Type": "Inner",
                                              "Startup Cost": 56864.33,
                                              "Total Cost": 516652.32,
                                              "Plan Rows": 142,
                                              "Plan Width": 28,
                                              "Inner Unique": false,
                                              "Hash Cond": "(catalog_sales.cs_promo_sk = promotion_1.p_promo_sk)",
                                              "Plans": [
                                                {
                                                  "Node Type": "Hash Join",
                                                  "Parent Relationship": "Outer",
                                                  "Parallel Aware": true,
                                                  "Async Capable": false,
                                                  "Join Type": "Inner",
                                                  "Startup Cost": 56838.93,
                                                  "Total Cost": 516624.96,
                                                  "Plan Rows": 145,
                                                  "Plan Width": 32,
                                                  "Inner Unique": false,
                                                  "Hash Cond": "(catalog_sales.cs_item_sk = item_1.i_item_sk)",
                                                  "Plans": [
                                                    {
                                                      "Node Type": "Hash Join",
                                                      "Parent Relationship": "Outer",
                                                      "Parallel Aware": true,
                                                      "Async Capable": false,
                                                      "Join Type": "Left",
                                                      "Startup Cost": 49313.15,
                                                      "Total Cost": 509089.08,
                                                      "Plan Rows": 2532,
                                                      "Plan Width": 36,
                                                      "Inner Unique": false,
                                                      "Hash Cond": "((catalog_sales.cs_item_sk = catalog_returns.cr_item_sk) AND (catalog_sales.cs_order_number = catalog_returns.cr_order_number))",
                                                      "Plans": [
                                                        {
                                                          "Node Type": "Hash Join",
                                                          "Parent Relationship": "Outer",
                                                          "Parallel Aware": true,
                                                          "Async Capable": false,
                                                          "Join Type": "Inner",
                                                          "Startup Cost": 2049.78,
                                                          "Total Cost": 458254.7,
                                                          "Plan Rows": 2532,
                                                          "Plan Width": 28,
                                                          "Inner Unique": false,
                                                          "Hash Cond": "(catalog_sales.cs_sold_date_sk = date_dim_1.d_date_sk)",
                                                          "Plans": [
                                                            {
                                                              "Node Type": "Seq Scan",
                                                              "Parent Relationship": "Outer",
                                                              "Parallel Aware": true,
                                                              "Async Capable": false,
                                                              "Relation Name": "catalog_sales",
                                                              "Alias": "catalog_sales",
                                                              "Startup Cost": 0.0,
                                                              "Total Cost": 433688.25,
                                                              "Plan Rows": 6000525,
                                                              "Plan Width": 32,
                                                              "parent": 34,
                                                              "ID": 35
                                                            },
                                                            {
                                                              "Node Type": "Hash",
                                                              "Parent Relationship": "Inner",
                                                              "Parallel Aware": true,
                                                              "Async Capable": false,
                                                              "Startup Cost": 2049.55,
                                                              "Total Cost": 2049.55,
                                                              "Plan Rows": 18,
                                                              "Plan Width": 4,
                                                              "Plans": [
                                                                {
                                                                  "Node Type": "Seq Scan",
                                                                  "Parent Relationship": "Outer",
                                                                  "Parallel Aware": true,
                                                                  "Async Capable": false,
                                                                  "Relation Name": "date_dim",
                                                                  "Alias": "date_dim_1",
                                                                  "Startup Cost": 0.0,
                                                                  "Total Cost": 2049.55,
                                                                  "Plan Rows": 18,
                                                                  "Plan Width": 4,
                                                                  "Filter": "((d_date >= '2000-08-02'::date) AND (d_date <= '2000-09-01 00:00:00'::timestamp without time zone))",
                                                                  "parent": 36,
                                                                  "ID": 37
                                                                }
                                                              ],
                                                              "parent": 34,
                                                              "ID": 36,
                                                              "left": 37
                                                            }
                                                          ],
                                                          "parent": 33,
                                                          "ID": 34,
                                                          "left": 35,
                                                          "right": 36
                                                        },
                                                        {
                                                          "Node Type": "Hash",
                                                          "Parent Relationship": "Inner",
                                                          "Parallel Aware": true,
                                                          "Async Capable": false,
                                                          "Startup Cost": 34748.95,
                                                          "Total Cost": 34748.95,
                                                          "Plan Rows": 599895,
                                                          "Plan Width": 20,
                                                          "Plans": [
                                                            {
                                                              "Node Type": "Seq Scan",
                                                              "Parent Relationship": "Outer",
                                                              "Parallel Aware": true,
                                                              "Async Capable": false,
                                                              "Relation Name": "catalog_returns",
                                                              "Alias": "catalog_returns",
                                                              "Startup Cost": 0.0,
                                                              "Total Cost": 34748.95,
                                                              "Plan Rows": 599895,
                                                              "Plan Width": 20,
                                                              "parent": 38,
                                                              "ID": 39
                                                            }
                                                          ],
                                                          "parent": 33,
                                                          "ID": 38,
                                                          "left": 39
                                                        }
                                                      ],
                                                      "parent": 32,
                                                      "ID": 33,
                                                      "left": 34,
                                                      "right": 38
                                                    },
                                                    {
                                                      "Node Type": "Hash",
                                                      "Parent Relationship": "Inner",
                                                      "Parallel Aware": true,
                                                      "Async Capable": false,
                                                      "Startup Cost": 7495.25,
                                                      "Total Cost": 7495.25,
                                                      "Plan Rows": 2442,
                                                      "Plan Width": 4,
                                                      "Plans": [
                                                        {
                                                          "Node Type": "Seq Scan",
                                                          "Parent Relationship": "Outer",
                                                          "Parallel Aware": true,
                                                          "Async Capable": false,
                                                          "Relation Name": "item",
                                                          "Alias": "item_1",
                                                          "Startup Cost": 0.0,
                                                          "Total Cost": 7495.25,
                                                          "Plan Rows": 2442,
                                                          "Plan Width": 4,
                                                          "Filter": "(i_current_price > '50'::numeric)",
                                                          "parent": 40,
                                                          "ID": 41
                                                        }
                                                      ],
                                                      "parent": 32,
                                                      "ID": 40,
                                                      "left": 41
                                                    }
                                                  ],
                                                  "parent": 31,
                                                  "ID": 32,
                                                  "left": 33,
                                                  "right": 40
                                                },
                                                {
                                                  "Node Type": "Hash",
                                                  "Parent Relationship": "Inner",
                                                  "Parallel Aware": false,
                                                  "Async Capable": false,
                                                  "Startup Cost": 19.25,
                                                  "Total Cost": 19.25,
                                                  "Plan Rows": 492,
                                                  "Plan Width": 4,
                                                  "Plans": [
                                                    {
                                                      "Node Type": "Seq Scan",
                                                      "Parent Relationship": "Outer",
                                                      "Parallel Aware": false,
                                                      "Async Capable": false,
                                                      "Relation Name": "promotion",
                                                      "Alias": "promotion_1",
                                                      "Startup Cost": 0.0,
                                                      "Total Cost": 19.25,
                                                      "Plan Rows": 492,
                                                      "Plan Width": 4,
                                                      "Filter": "(p_channel_tv = 'N'::bpchar)",
                                                      "parent": 42,
                                                      "ID": 43
                                                    }
                                                  ],
                                                  "parent": 31,
                                                  "ID": 42,
                                                  "left": 43
                                                }
                                              ],
                                              "parent": 30,
                                              "ID": 31,
                                              "left": 32,
                                              "right": 42
                                            },
                                            {
                                              "Node Type": "Hash",
                                              "Parent Relationship": "Inner",
                                              "Parallel Aware": false,
                                              "Async Capable": false,
                                              "Startup Cost": 368.0,
                                              "Total Cost": 368.0,
                                              "Plan Rows": 12000,
                                              "Plan Width": 21,
                                              "Plans": [
                                                {
                                                  "Node Type": "Seq Scan",
                                                  "Parent Relationship": "Outer",
                                                  "Parallel Aware": false,
                                                  "Async Capable": false,
                                                  "Relation Name": "catalog_page",
                                                  "Alias": "catalog_page",
                                                  "Startup Cost": 0.0,
                                                  "Total Cost": 368.0,
                                                  "Plan Rows": 12000,
                                                  "Plan Width": 21,
                                                  "parent": 44,
                                                  "ID": 45
                                                }
                                              ],
                                              "parent": 30,
                                              "ID": 44,
                                              "left": 45
                                            }
                                          ],
                                          "parent": 29,
                                          "ID": 30,
                                          "left": 31,
                                          "right": 44
                                        }
                                      ],
                                      "parent": 28,
                                      "ID": 29,
                                      "left": 30
                                    }
                                  ],
                                  "parent": 27,
                                  "ID": 28,
                                  "left": 29
                                }
                              ],
                              "parent": 26,
                              "ID": 27,
                              "left": 28
                            }
                          ],
                          "parent": 25,
                          "ID": 26,
                          "left": 27
                        }
                      ],
                      "parent": 3,
                      "ID": 25,
                      "left": 26
                    },
                    {
                      "Node Type": "Subquery Scan",
                      "Parent Relationship": "Member",
                      "Parallel Aware": false,
                      "Async Capable": false,
                      "Alias": "wsr",
                      "Startup Cost": 263919.04,
                      "Total Cost": 263926.75,
                      "Plan Rows": 21,
                      "Plan Width": 160,
                      "Plans": [
                        {
                          "Node Type": "Aggregate",
                          "Strategy": "Sorted",
                          "Partial Mode": "Finalize",
                          "Parent Relationship": "Subquery",
                          "Parallel Aware": false,
                          "Async Capable": false,
                          "Startup Cost": 263919.04,
                          "Total Cost": 263926.43,
                          "Plan Rows": 21,
                          "Plan Width": 113,
                          "Group Key": [
                            "web_site.web_site_id"
                          ],
                          "Plans": [
                            {
                              "Node Type": "Gather Merge",
                              "Parent Relationship": "Outer",
                              "Parallel Aware": false,
                              "Async Capable": false,
                              "Startup Cost": 263919.04,
                              "Total Cost": 263925.33,
                              "Plan Rows": 42,
                              "Plan Width": 113,
                              "Workers Planned": 2,
                              "Plans": [
                                {
                                  "Node Type": "Aggregate",
                                  "Strategy": "Sorted",
                                  "Partial Mode": "Partial",
                                  "Parent Relationship": "Outer",
                                  "Parallel Aware": false,
                                  "Async Capable": false,
                                  "Startup Cost": 262919.01,
                                  "Total Cost": 262920.46,
                                  "Plan Rows": 21,
                                  "Plan Width": 113,
                                  "Group Key": [
                                    "web_site.web_site_id"
                                  ],
                                  "Plans": [
                                    {
                                      "Node Type": "Sort",
                                      "Parent Relationship": "Outer",
                                      "Parallel Aware": false,
                                      "Async Capable": false,
                                      "Startup Cost": 262919.01,
                                      "Total Cost": 262919.19,
                                      "Plan Rows": 72,
                                      "Plan Width": 41,
                                      "Sort Key": [
                                        "web_site.web_site_id"
                                      ],
                                      "Plans": [
                                        {
                                          "Node Type": "Hash Join",
                                          "Parent Relationship": "Outer",
                                          "Parallel Aware": false,
                                          "Async Capable": false,
                                          "Join Type": "Inner",
                                          "Startup Cost": 32134.74,
                                          "Total Cost": 262916.79,
                                          "Plan Rows": 72,
                                          "Plan Width": 41,
                                          "Inner Unique": false,
                                          "Hash Cond": "(web_sales.ws_web_site_sk = web_site.web_site_sk)",
                                          "Plans": [
                                            {
                                              "Node Type": "Hash Join",
                                              "Parent Relationship": "Outer",
                                              "Parallel Aware": false,
                                              "Async Capable": false,
                                              "Join Type": "Inner",
                                              "Startup Cost": 32130.8,
                                              "Total Cost": 262911.86,
                                              "Plan Rows": 72,
                                              "Plan Width": 28,
                                              "Inner Unique": false,
                                              "Hash Cond": "(web_sales.ws_promo_sk = promotion_2.p_promo_sk)",
                                              "Plans": [
                                                {
                                                  "Node Type": "Hash Join",
                                                  "Parent Relationship": "Outer",
                                                  "Parallel Aware": true,
                                                  "Async Capable": false,
                                                  "Join Type": "Inner",
                                                  "Startup Cost": 32105.4,
                                                  "Total Cost": 262885.46,
                                                  "Plan Rows": 73,
                                                  "Plan Width": 32,
                                                  "Inner Unique": false,
                                                  "Hash Cond": "(web_sales.ws_item_sk = item_2.i_item_sk)",
                                                  "Plans": [
                                                    {
                                                      "Node Type": "Hash Join",
                                                      "Parent Relationship": "Outer",
                                                      "Parallel Aware": true,
                                                      "Async Capable": false,
                                                      "Join Type": "Left",
                                                      "Startup Cost": 24579.62,
                                                      "Total Cost": 255354.62,
                                                      "Plan Rows": 1272,
                                                      "Plan Width": 36,
                                                      "Inner Unique": false,
                                                      "Hash Cond": "((web_sales.ws_item_sk = web_returns.wr_item_sk) AND (web_sales.ws_order_number = web_returns.wr_order_number))",
                                                      "Plans": [
                                                        {
                                                          "Node Type": "Hash Join",
                                                          "Parent Relationship": "Outer",
                                                          "Parallel Aware": true,
                                                          "Async Capable": false,
                                                          "Join Type": "Inner",
                                                          "Startup Cost": 2049.78,
                                                          "Total Cost": 231041.22,
                                                          "Plan Rows": 1272,
                                                          "Plan Width": 28,
                                                          "Inner Unique": false,
                                                          "Hash Cond": "(web_sales.ws_sold_date_sk = date_dim_2.d_date_sk)",
                                                          "Plans": [
                                                            {
                                                              "Node Type": "Seq Scan",
                                                              "Parent Relationship": "Outer",
                                                              "Parallel Aware": true,
                                                              "Async Capable": false,
                                                              "Relation Name": "web_sales",
                                                              "Alias": "web_sales",
                                                              "Startup Cost": 0.0,
                                                              "Total Cost": 217737.86,
                                                              "Plan Rows": 2998986,
                                                              "Plan Width": 32,
                                                              "parent": 55,
                                                              "ID": 56
                                                            },
                                                            {
                                                              "Node Type": "Hash",
                                                              "Parent Relationship": "Inner",
                                                              "Parallel Aware": true,
                                                              "Async Capable": false,
                                                              "Startup Cost": 2049.55,
                                                              "Total Cost": 2049.55,
                                                              "Plan Rows": 18,
                                                              "Plan Width": 4,
                                                              "Plans": [
                                                                {
                                                                  "Node Type": "Seq Scan",
                                                                  "Parent Relationship": "Outer",
                                                                  "Parallel Aware": true,
                                                                  "Async Capable": false,
                                                                  "Relation Name": "date_dim",
                                                                  "Alias": "date_dim_2",
                                                                  "Startup Cost": 0.0,
                                                                  "Total Cost": 2049.55,
                                                                  "Plan Rows": 18,
                                                                  "Plan Width": 4,
                                                                  "Filter": "((d_date >= '2000-08-02'::date) AND (d_date <= '2000-09-01 00:00:00'::timestamp without time zone))",
                                                                  "parent": 57,
                                                                  "ID": 58
                                                                }
                                                              ],
                                                              "parent": 55,
                                                              "ID": 57,
                                                              "left": 58
                                                            }
                                                          ],
                                                          "parent": 54,
                                                          "ID": 55,
                                                          "left": 56,
                                                          "right": 57
                                                        },
                                                        {
                                                          "Node Type": "Hash",
                                                          "Parent Relationship": "Inner",
                                                          "Parallel Aware": true,
                                                          "Async Capable": false,
                                                          "Startup Cost": 16278.74,
                                                          "Total Cost": 16278.74,
                                                          "Plan Rows": 299674,
                                                          "Plan Width": 20,
                                                          "Plans": [
                                                            {
                                                              "Node Type": "Seq Scan",
                                                              "Parent Relationship": "Outer",
                                                              "Parallel Aware": true,
                                                              "Async Capable": false,
                                                              "Relation Name": "web_returns",
                                                              "Alias": "web_returns",
                                                              "Startup Cost": 0.0,
                                                              "Total Cost": 16278.74,
                                                              "Plan Rows": 299674,
                                                              "Plan Width": 20,
                                                              "parent": 59,
                                                              "ID": 60
                                                            }
                                                          ],
                                                          "parent": 54,
                                                          "ID": 59,
                                                          "left": 60
                                                        }
                                                      ],
                                                      "parent": 53,
                                                      "ID": 54,
                                                      "left": 55,
                                                      "right": 59
                                                    },
                                                    {
                                                      "Node Type": "Hash",
                                                      "Parent Relationship": "Inner",
                                                      "Parallel Aware": true,
                                                      "Async Capable": false,
                                                      "Startup Cost": 7495.25,
                                                      "Total Cost": 7495.25,
                                                      "Plan Rows": 2442,
                                                      "Plan Width": 4,
                                                      "Plans": [
                                                        {
                                                          "Node Type": "Seq Scan",
                                                          "Parent Relationship": "Outer",
                                                          "Parallel Aware": true,
                                                          "Async Capable": false,
                                                          "Relation Name": "item",
                                                          "Alias": "item_2",
                                                          "Startup Cost": 0.0,
                                                          "Total Cost": 7495.25,
                                                          "Plan Rows": 2442,
                                                          "Plan Width": 4,
                                                          "Filter": "(i_current_price > '50'::numeric)",
                                                          "parent": 61,
                                                          "ID": 62
                                                        }
                                                      ],
                                                      "parent": 53,
                                                      "ID": 61,
                                                      "left": 62
                                                    }
                                                  ],
                                                  "parent": 52,
                                                  "ID": 53,
                                                  "left": 54,
                                                  "right": 61
                                                },
                                                {
                                                  "Node Type": "Hash",
                                                  "Parent Relationship": "Inner",
                                                  "Parallel Aware": false,
                                                  "Async Capable": false,
                                                  "Startup Cost": 19.25,
                                                  "Total Cost": 19.25,
                                                  "Plan Rows": 492,
                                                  "Plan Width": 4,
                                                  "Plans": [
                                                    {
                                                      "Node Type": "Seq Scan",
                                                      "Parent Relationship": "Outer",
                                                      "Parallel Aware": false,
                                                      "Async Capable": false,
                                                      "Relation Name": "promotion",
                                                      "Alias": "promotion_2",
                                                      "Startup Cost": 0.0,
                                                      "Total Cost": 19.25,
                                                      "Plan Rows": 492,
                                                      "Plan Width": 4,
                                                      "Filter": "(p_channel_tv = 'N'::bpchar)",
                                                      "parent": 63,
                                                      "ID": 64
                                                    }
                                                  ],
                                                  "parent": 52,
                                                  "ID": 63,
                                                  "left": 64
                                                }
                                              ],
                                              "parent": 51,
                                              "ID": 52,
                                              "left": 53,
                                              "right": 63
                                            },
                                            {
                                              "Node Type": "Hash",
                                              "Parent Relationship": "Inner",
                                              "Parallel Aware": false,
                                              "Async Capable": false,
                                              "Startup Cost": 3.42,
                                              "Total Cost": 3.42,
                                              "Plan Rows": 42,
                                              "Plan Width": 21,
                                              "Plans": [
                                                {
                                                  "Node Type": "Seq Scan",
                                                  "Parent Relationship": "Outer",
                                                  "Parallel Aware": false,
                                                  "Async Capable": false,
                                                  "Relation Name": "web_site",
                                                  "Alias": "web_site",
                                                  "Startup Cost": 0.0,
                                                  "Total Cost": 3.42,
                                                  "Plan Rows": 42,
                                                  "Plan Width": 21,
                                                  "parent": 65,
                                                  "ID": 66
                                                }
                                              ],
                                              "parent": 51,
                                              "ID": 65,
                                              "left": 66
                                            }
                                          ],
                                          "parent": 50,
                                          "ID": 51,
                                          "left": 52,
                                          "right": 65
                                        }
                                      ],
                                      "parent": 49,
                                      "ID": 50,
                                      "left": 51
                                    }
                                  ],
                                  "parent": 48,
                                  "ID": 49,
                                  "left": 50
                                }
                              ],
                              "parent": 47,
                              "ID": 48,
                              "left": 49
                            }
                          ],
                          "parent": 46,
                          "ID": 47,
                          "left": 48
                        }
                      ],
                      "parent": 3,
                      "ID": 46,
                      "left": 47
                    }
                  ],
                  "parent": 2,
                  "ID": 3,
                  "left": 4,
                  "right": 25
                }
              ],
              "parent": 1,
              "ID": 2,
              "left": 3
            }
          ],
          "parent": 0,
          "ID": 1,
          "left": 2
        }
      ],
      "parent": null,
      "ID": 0,
      "left": 1
    },
    "feat": {
      "utility": 0.0,
      "query_shape": [
        [
          "Seq Scan",
          "Hash Join",
          "Sort",
          "Aggregate",
          "Gather Merge",
          "Subquery Scan",
          "Append"
        ],
        [
          "Seq Scan",
          "Hash",
          "Hash Join",
          "Sort",
          "Aggregate",
          "Gather Merge",
          "Subquery Scan",
          "Append"
        ],
        [
          "Seq Scan",
          "Hash",
          "Hash Join",
          "Sort",
          "Aggregate",
          "Gather Merge",
          "Subquery Scan",
          "Append"
        ],
        [
          "Seq Scan",
          "Hash",
          "Hash Join",
          "Sort",
          "Aggregate",
          "Gather Merge",
          "Subquery Scan",
          "Append"
        ],
        [
          "Seq Scan",
          "Hash",
          "Hash Join",
          "Sort",
          "Aggregate",
          "Gather Merge",
          "Subquery Scan",
          "Append"
        ],
        [
          "Seq Scan",
          "Hash",
          "Hash Join",
          "Sort",
          "Aggregate",
          "Gather Merge",
          "Subquery Scan",
          "Append"
        ],
        [
          "Seq Scan",
          "Hash Join",
          "Sort",
          "Aggregate",
          "Gather Merge",
          "Subquery Scan",
          "Append"
        ],
        [
          "Seq Scan",
          "Hash",
          "Hash Join",
          "Sort",
          "Aggregate",
          "Gather Merge",
          "Subquery Scan",
          "Append"
        ],
        [
          "Seq Scan",
          "Hash",
          "Hash Join",
          "Sort",
          "Aggregate",
          "Gather Merge",
          "Subquery Scan",
          "Append"
        ],
        [
          "Seq Scan",
          "Hash",
          "Hash Join",
          "Sort",
          "Aggregate",
          "Gather Merge",
          "Subquery Scan",
          "Append"
        ],
        [
          "Seq Scan",
          "Hash",
          "Hash Join",
          "Sort",
          "Aggregate",
          "Gather Merge",
          "Subquery Scan",
          "Append"
        ],
        [
          "Seq Scan",
          "Hash",
          "Hash Join",
          "Sort",
          "Aggregate",
          "Gather Merge",
          "Subquery Scan",
          "Append"
        ],
        [
          "Seq Scan",
          "Hash Join",
          "Sort",
          "Aggregate",
          "Gather Merge",
          "Subquery Scan",
          "Append"
        ],
        [
          "Seq Scan",
          "Hash",
          "Hash Join",
          "Sort",
          "Aggregate",
          "Gather Merge",
          "Subquery Scan",
          "Append"
        ],
        [
          "Seq Scan",
          "Hash",
          "Hash Join",
          "Sort",
          "Aggregate",
          "Gather Merge",
          "Subquery Scan",
          "Append"
        ],
        [
          "Seq Scan",
          "Hash",
          "Hash Join",
          "Sort",
          "Aggregate",
          "Gather Merge",
          "Subquery Scan",
          "Append"
        ],
        [
          "Seq Scan",
          "Hash",
          "Hash Join",
          "Sort",
          "Aggregate",
          "Gather Merge",
          "Subquery Scan",
          "Append"
        ],
        [
          "Seq Scan",
          "Hash",
          "Hash Join",
          "Sort",
          "Aggregate",
          "Gather Merge",
          "Subquery Scan",
          "Append"
        ]
      ],
      "index_shape": [],
      "physical_operator": {}
    }
  },
  {
    "query": "with ssr as\n (select  s_store_id as store_id,\n          sum(ss_ext_sales_price) as sales,\n          sum(coalesce(sr_return_amt, 0)) as returns,\n          sum(ss_net_profit - coalesce(sr_net_loss, 0)) as profit\n  from store_sales left outer join store_returns on\n         (ss_item_sk = sr_item_sk and ss_ticket_number = sr_ticket_number),\n     date_dim,\n     store,\n     item,\n     promotion\n where ss_sold_date_sk = d_date_sk\n       and d_date between cast('2000-08-02' as date) \n                  and (cast('2000-08-02' as date) +  interval '30 days')\n       and ss_store_sk = s_store_sk\n       and ss_item_sk = i_item_sk\n       and i_current_price > 50\n       and ss_promo_sk = p_promo_sk\n       and p_channel_tv = 'N'\n group by s_store_id)\n ,\n csr as\n (select  cp_catalog_page_id as catalog_page_id,\n          sum(cs_ext_sales_price) as sales,\n          sum(coalesce(cr_return_amount, 0)) as returns,\n          sum(cs_net_profit - coalesce(cr_net_loss, 0)) as profit\n  from catalog_sales left outer join catalog_returns on\n         (cs_item_sk = cr_item_sk and cs_order_number = cr_order_number),\n     date_dim,\n     catalog_page,\n     item,\n     promotion\n where cs_sold_date_sk = d_date_sk\n       and d_date between cast('2000-08-02' as date)\n                  and (cast('2000-08-02' as date) +  interval '30 days')\n        and cs_catalog_page_sk = cp_catalog_page_sk\n       and cs_item_sk = i_item_sk\n       and i_current_price > 50\n       and cs_promo_sk = p_promo_sk\n       and p_channel_tv = 'N'\ngroup by cp_catalog_page_id)\n ,\n wsr as\n (select  web_site_id,\n          sum(ws_ext_sales_price) as sales,\n          sum(coalesce(wr_return_amt, 0)) as returns,\n          sum(ws_net_profit - coalesce(wr_net_loss, 0)) as profit\n  from web_sales left outer join web_returns on\n         (ws_item_sk = wr_item_sk and ws_order_number = wr_order_number),\n     date_dim,\n     web_site,\n     item,\n     promotion\n where ws_sold_date_sk = d_date_sk\n       and d_date between cast('2000-08-02' as date)\n                  and (cast('2000-08-02' as date) +  interval '30 days')\n        and ws_web_site_sk = web_site_sk\n       and ws_item_sk = i_item_sk\n       and i_current_price > 50\n       and ws_promo_sk = p_promo_sk\n       and p_channel_tv = 'N'\ngroup by web_site_id)\n  select  channel\n        , id\n        , sum(sales) as sales\n        , sum(returns) as returns\n        , sum(profit) as profit\n from \n (select 'store channel' as channel\n        , 'store' || store_id as id\n        , sales\n        , returns\n        , profit\n from   ssr\n union all\n select 'catalog channel' as channel\n        , 'catalog_page' || catalog_page_id as id\n        , sales\n        , returns\n        , profit\n from  csr\n union all\n select 'web channel' as channel\n        , 'web_site' || web_site_id as id\n        , sales\n        , returns\n        , profit\n from   wsr\n ) x\n group by rollup (channel, id)\n order by channel\n         ,id\n limit 100;\n\n-- end query 61 in stream 4 using template query80.tpl\n",
    "indexes": "web_returns.wr_net_loss",
    "wo plan est": {
      "Node Type": "Limit",
      "Parallel Aware": false,
      "Async Capable": false,
      "Startup Cost": 1566793.64,
      "Total Cost": 1566796.93,
      "Plan Rows": 100,
      "Plan Width": 160,
      "Plans": [
        {
          "Node Type": "Aggregate",
          "Strategy": "Sorted",
          "Partial Mode": "Simple",
          "Parent Relationship": "Outer",
          "Parallel Aware": false,
          "Async Capable": false,
          "Startup Cost": 1566793.64,
          "Total Cost": 1566806.84,
          "Plan Rows": 401,
          "Plan Width": 160,
          "Grouping Sets": [
            {
              "Group Keys": [
                [
                  "('store channel'::text)",
                  "(('store'::text || (ssr.store_id)::text))"
                ],
                [
                  "('store channel'::text)"
                ],
                []
              ]
            }
          ],
          "Plans": [
            {
              "Node Type": "Sort",
              "Parent Relationship": "Outer",
              "Parallel Aware": false,
              "Async Capable": false,
              "Startup Cost": 1566793.64,
              "Total Cost": 1566794.67,
              "Plan Rows": 412,
              "Plan Width": 160,
              "Sort Key": [
                "('store channel'::text)",
                "(('store'::text || (ssr.store_id)::text))"
              ],
              "Plans": [
                {
                  "Node Type": "Append",
                  "Parent Relationship": "Outer",
                  "Parallel Aware": false,
                  "Async Capable": false,
                  "Startup Cost": 784596.3,
                  "Total Cost": 1566775.74,
                  "Plan Rows": 412,
                  "Plan Width": 160,
                  "Subplans Removed": 0,
                  "Plans": [
                    {
                      "Node Type": "Subquery Scan",
                      "Parent Relationship": "Member",
                      "Parallel Aware": false,
                      "Async Capable": false,
                      "Alias": "ssr",
                      "Startup Cost": 784596.3,
                      "Total Cost": 784616.16,
                      "Plan Rows": 51,
                      "Plan Width": 160,
                      "Plans": [
                        {
                          "Node Type": "Aggregate",
                          "Strategy": "Sorted",
                          "Partial Mode": "Finalize",
                          "Parent Relationship": "Subquery",
                          "Parallel Aware": false,
                          "Async Capable": false,
                          "Startup Cost": 784596.3,
                          "Total Cost": 784615.39,
                          "Plan Rows": 51,
                          "Plan Width": 113,
                          "Group Key": [
                            "store.s_store_id"
                          ],
                          "Plans": [
                            {
                              "Node Type": "Gather Merge",
                              "Parent Relationship": "Outer",
                              "Parallel Aware": false,
                              "Async Capable": false,
                              "Startup Cost": 784596.3,
                              "Total Cost": 784612.71,
                              "Plan Rows": 102,
                              "Plan Width": 113,
                              "Workers Planned": 2,
                              "Plans": [
                                {
                                  "Node Type": "Aggregate",
                                  "Strategy": "Sorted",
                                  "Partial Mode": "Partial",
                                  "Parent Relationship": "Outer",
                                  "Parallel Aware": false,
                                  "Async Capable": false,
                                  "Startup Cost": 783596.27,
                                  "Total Cost": 783600.92,
                                  "Plan Rows": 51,
                                  "Plan Width": 113,
                                  "Group Key": [
                                    "store.s_store_id"
                                  ],
                                  "Plans": [
                                    {
                                      "Node Type": "Sort",
                                      "Parent Relationship": "Outer",
                                      "Parallel Aware": false,
                                      "Async Capable": false,
                                      "Startup Cost": 783596.27,
                                      "Total Cost": 783596.9,
                                      "Plan Rows": 250,
                                      "Plan Width": 41,
                                      "Sort Key": [
                                        "store.s_store_id"
                                      ],
                                      "Plans": [
                                        {
                                          "Node Type": "Hash Join",
                                          "Parent Relationship": "Outer",
                                          "Parallel Aware": false,
                                          "Async Capable": false,
                                          "Join Type": "Inner",
                                          "Startup Cost": 94489.35,
                                          "Total Cost": 783586.32,
                                          "Plan Rows": 250,
                                          "Plan Width": 41,
                                          "Inner Unique": false,
                                          "Hash Cond": "(store_sales.ss_store_sk = store.s_store_sk)",
                                          "Plans": [
                                            {
                                              "Node Type": "Hash Join",
                                              "Parent Relationship": "Outer",
                                              "Parallel Aware": false,
                                              "Async Capable": false,
                                              "Join Type": "Inner",
                                              "Startup Cost": 94482.05,
                                              "Total Cost": 783575.54,
                                              "Plan Rows": 262,
                                              "Plan Width": 28,
                                              "Inner Unique": false,
                                              "Hash Cond": "(store_sales.ss_promo_sk = promotion.p_promo_sk)",
                                              "Plans": [
                                                {
                                                  "Node Type": "Hash Join",
                                                  "Parent Relationship": "Outer",
                                                  "Parallel Aware": true,
                                                  "Async Capable": false,
                                                  "Join Type": "Inner",
                                                  "Startup Cost": 94456.65,
                                                  "Total Cost": 783546.47,
                                                  "Plan Rows": 279,
                                                  "Plan Width": 32,
                                                  "Inner Unique": false,
                                                  "Hash Cond": "(store_sales.ss_item_sk = item.i_item_sk)",
                                                  "Plans": [
                                                    {
                                                      "Node Type": "Hash Join",
                                                      "Parent Relationship": "Outer",
                                                      "Parallel Aware": true,
                                                      "Async Capable": false,
                                                      "Join Type": "Left",
                                                      "Startup Cost": 86930.88,
                                                      "Total Cost": 776001.31,
                                                      "Plan Rows": 4860,
                                                      "Plan Width": 36,
                                                      "Inner Unique": false,
                                                      "Hash Cond": "((store_sales.ss_item_sk = store_returns.sr_item_sk) AND (store_sales.ss_ticket_number = store_returns.sr_ticket_number))",
                                                      "Plans": [
                                                        {
                                                          "Node Type": "Hash Join",
                                                          "Parent Relationship": "Outer",
                                                          "Parallel Aware": true,
                                                          "Async Capable": false,
                                                          "Join Type": "Inner",
                                                          "Startup Cost": 2049.78,
                                                          "Total Cost": 683994.75,
                                                          "Plan Rows": 4860,
                                                          "Plan Width": 28,
                                                          "Inner Unique": false,
                                                          "Hash Cond": "(store_sales.ss_sold_date_sk = date_dim.d_date_sk)",
                                                          "Plans": [
                                                            {
                                                              "Node Type": "Seq Scan",
                                                              "Parent Relationship": "Outer",
                                                              "Parallel Aware": true,
                                                              "Async Capable": false,
                                                              "Relation Name": "store_sales",
                                                              "Alias": "store_sales",
                                                              "Startup Cost": 0.0,
                                                              "Total Cost": 636914.37,
                                                              "Plan Rows": 12000637,
                                                              "Plan Width": 32,
                                                              "parent": 13,
                                                              "ID": 14
                                                            },
                                                            {
                                                              "Node Type": "Hash",
                                                              "Parent Relationship": "Inner",
                                                              "Parallel Aware": true,
                                                              "Async Capable": false,
                                                              "Startup Cost": 2049.55,
                                                              "Total Cost": 2049.55,
                                                              "Plan Rows": 18,
                                                              "Plan Width": 4,
                                                              "Plans": [
                                                                {
                                                                  "Node Type": "Seq Scan",
                                                                  "Parent Relationship": "Outer",
                                                                  "Parallel Aware": true,
                                                                  "Async Capable": false,
                                                                  "Relation Name": "date_dim",
                                                                  "Alias": "date_dim",
                                                                  "Startup Cost": 0.0,
                                                                  "Total Cost": 2049.55,
                                                                  "Plan Rows": 18,
                                                                  "Plan Width": 4,
                                                                  "Filter": "((d_date >= '2000-08-02'::date) AND (d_date <= '2000-09-01 00:00:00'::timestamp without time zone))",
                                                                  "parent": 15,
                                                                  "ID": 16
                                                                }
                                                              ],
                                                              "parent": 13,
                                                              "ID": 15,
                                                              "left": 16
                                                            }
                                                          ],
                                                          "parent": 12,
                                                          "ID": 13,
                                                          "left": 14,
                                                          "right": 15
                                                        },
                                                        {
                                                          "Node Type": "Hash",
                                                          "Parent Relationship": "Inner",
                                                          "Parallel Aware": true,
                                                          "Async Capable": false,
                                                          "Startup Cost": 59887.64,
                                                          "Total Cost": 59887.64,
                                                          "Plan Rows": 1198164,
                                                          "Plan Width": 20,
                                                          "Plans": [
                                                            {
                                                              "Node Type": "Seq Scan",
                                                              "Parent Relationship": "Outer",
                                                              "Parallel Aware": true,
                                                              "Async Capable": false,
                                                              "Relation Name": "store_returns",
                                                              "Alias": "store_returns",
                                                              "Startup Cost": 0.0,
                                                              "Total Cost": 59887.64,
                                                              "Plan Rows": 1198164,
                                                              "Plan Width": 20,
                                                              "parent": 17,
                                                              "ID": 18
                                                            }
                                                          ],
                                                          "parent": 12,
                                                          "ID": 17,
                                                          "left": 18
                                                        }
                                                      ],
                                                      "parent": 11,
                                                      "ID": 12,
                                                      "left": 13,
                                                      "right": 17
                                                    },
                                                    {
                                                      "Node Type": "Hash",
                                                      "Parent Relationship": "Inner",
                                                      "Parallel Aware": true,
                                                      "Async Capable": false,
                                                      "Startup Cost": 7495.25,
                                                      "Total Cost": 7495.25,
                                                      "Plan Rows": 2442,
                                                      "Plan Width": 4,
                                                      "Plans": [
                                                        {
                                                          "Node Type": "Seq Scan",
                                                          "Parent Relationship": "Outer",
                                                          "Parallel Aware": true,
                                                          "Async Capable": false,
                                                          "Relation Name": "item",
                                                          "Alias": "item",
                                                          "Startup Cost": 0.0,
                                                          "Total Cost": 7495.25,
                                                          "Plan Rows": 2442,
                                                          "Plan Width": 4,
                                                          "Filter": "(i_current_price > '50'::numeric)",
                                                          "parent": 19,
                                                          "ID": 20
                                                        }
                                                      ],
                                                      "parent": 11,
                                                      "ID": 19,
                                                      "left": 20
                                                    }
                                                  ],
                                                  "parent": 10,
                                                  "ID": 11,
                                                  "left": 12,
                                                  "right": 19
                                                },
                                                {
                                                  "Node Type": "Hash",
                                                  "Parent Relationship": "Inner",
                                                  "Parallel Aware": false,
                                                  "Async Capable": false,
                                                  "Startup Cost": 19.25,
                                                  "Total Cost": 19.25,
                                                  "Plan Rows": 492,
                                                  "Plan Width": 4,
                                                  "Plans": [
                                                    {
                                                      "Node Type": "Seq Scan",
                                                      "Parent Relationship": "Outer",
                                                      "Parallel Aware": false,
                                                      "Async Capable": false,
                                                      "Relation Name": "promotion",
                                                      "Alias": "promotion",
                                                      "Startup Cost": 0.0,
                                                      "Total Cost": 19.25,
                                                      "Plan Rows": 492,
                                                      "Plan Width": 4,
                                                      "Filter": "(p_channel_tv = 'N'::bpchar)",
                                                      "parent": 21,
                                                      "ID": 22
                                                    }
                                                  ],
                                                  "parent": 10,
                                                  "ID": 21,
                                                  "left": 22
                                                }
                                              ],
                                              "parent": 9,
                                              "ID": 10,
                                              "left": 11,
                                              "right": 21
                                            },
                                            {
                                              "Node Type": "Hash",
                                              "Parent Relationship": "Inner",
                                              "Parallel Aware": false,
                                              "Async Capable": false,
                                              "Startup Cost": 6.02,
                                              "Total Cost": 6.02,
                                              "Plan Rows": 102,
                                              "Plan Width": 21,
                                              "Plans": [
                                                {
                                                  "Node Type": "Seq Scan",
                                                  "Parent Relationship": "Outer",
                                                  "Parallel Aware": false,
                                                  "Async Capable": false,
                                                  "Relation Name": "store",
                                                  "Alias": "store",
                                                  "Startup Cost": 0.0,
                                                  "Total Cost": 6.02,
                                                  "Plan Rows": 102,
                                                  "Plan Width": 21,
                                                  "parent": 23,
                                                  "ID": 24
                                                }
                                              ],
                                              "parent": 9,
                                              "ID": 23,
                                              "left": 24
                                            }
                                          ],
                                          "parent": 8,
                                          "ID": 9,
                                          "left": 10,
                                          "right": 23
                                        }
                                      ],
                                      "parent": 7,
                                      "ID": 8,
                                      "left": 9
                                    }
                                  ],
                                  "parent": 6,
                                  "ID": 7,
                                  "left": 8
                                }
                              ],
                              "parent": 5,
                              "ID": 6,
                              "left": 7
                            }
                          ],
                          "parent": 4,
                          "ID": 5,
                          "left": 6
                        }
                      ],
                      "parent": 3,
                      "ID": 4,
                      "left": 5
                    },
                    {
                      "Node Type": "Subquery Scan",
                      "Parent Relationship": "Member",
                      "Parallel Aware": false,
                      "Async Capable": false,
                      "Alias": "csr",
                      "Startup Cost": 518177.36,
                      "Total Cost": 518230.78,
                      "Plan Rows": 340,
                      "Plan Width": 160,
                      "Plans": [
                        {
                          "Node Type": "Aggregate",
                          "Strategy": "Sorted",
                          "Partial Mode": "Finalize",
                          "Parent Relationship": "Subquery",
                          "Parallel Aware": false,
                          "Async Capable": false,
                          "Startup Cost": 518177.36,
                          "Total Cost": 518225.68,
                          "Plan Rows": 340,
                          "Plan Width": 113,
                          "Group Key": [
                            "catalog_page.cp_catalog_page_id"
                          ],
                          "Plans": [
                            {
                              "Node Type": "Gather Merge",
                              "Parent Relationship": "Outer",
                              "Parallel Aware": false,
                              "Async Capable": false,
                              "Startup Cost": 518177.36,
                              "Total Cost": 518214.76,
                              "Plan Rows": 284,
                              "Plan Width": 113,
                              "Workers Planned": 2,
                              "Plans": [
                                {
                                  "Node Type": "Aggregate",
                                  "Strategy": "Sorted",
                                  "Partial Mode": "Partial",
                                  "Parent Relationship": "Outer",
                                  "Parallel Aware": false,
                                  "Async Capable": false,
                                  "Startup Cost": 517177.34,
                                  "Total Cost": 517181.95,
                                  "Plan Rows": 142,
                                  "Plan Width": 113,
                                  "Group Key": [
                                    "catalog_page.cp_catalog_page_id"
                                  ],
                                  "Plans": [
                                    {
                                      "Node Type": "Sort",
                                      "Parent Relationship": "Outer",
                                      "Parallel Aware": false,
                                      "Async Capable": false,
                                      "Startup Cost": 517177.34,
                                      "Total Cost": 517177.69,
                                      "Plan Rows": 142,
                                      "Plan Width": 41,
                                      "Sort Key": [
                                        "catalog_page.cp_catalog_page_id"
                                      ],
                                      "Plans": [
                                        {
                                          "Node Type": "Hash Join",
                                          "Parent Relationship": "Outer",
                                          "Parallel Aware": false,
                                          "Async Capable": false,
                                          "Join Type": "Inner",
                                          "Startup Cost": 57382.33,
                                          "Total Cost": 517172.26,
                                          "Plan Rows": 142,
                                          "Plan Width": 41,
                                          "Inner Unique": false,
                                          "Hash Cond": "(catalog_sales.cs_catalog_page_sk = catalog_page.cp_catalog_page_sk)",
                                          "Plans": [
                                            {
                                              "Node Type": "Hash Join",
                                              "Parent Relationship": "Outer",
                                              "Parallel Aware": false,
                                              "Async Capable": false,
                                              "Join Type": "Inner",
                                              "Startup Cost": 56864.33,
                                              "Total Cost": 516652.32,
                                              "Plan Rows": 142,
                                              "Plan Width": 28,
                                              "Inner Unique": false,
                                              "Hash Cond": "(catalog_sales.cs_promo_sk = promotion_1.p_promo_sk)",
                                              "Plans": [
                                                {
                                                  "Node Type": "Hash Join",
                                                  "Parent Relationship": "Outer",
                                                  "Parallel Aware": true,
                                                  "Async Capable": false,
                                                  "Join Type": "Inner",
                                                  "Startup Cost": 56838.93,
                                                  "Total Cost": 516624.96,
                                                  "Plan Rows": 145,
                                                  "Plan Width": 32,
                                                  "Inner Unique": false,
                                                  "Hash Cond": "(catalog_sales.cs_item_sk = item_1.i_item_sk)",
                                                  "Plans": [
                                                    {
                                                      "Node Type": "Hash Join",
                                                      "Parent Relationship": "Outer",
                                                      "Parallel Aware": true,
                                                      "Async Capable": false,
                                                      "Join Type": "Left",
                                                      "Startup Cost": 49313.15,
                                                      "Total Cost": 509089.08,
                                                      "Plan Rows": 2532,
                                                      "Plan Width": 36,
                                                      "Inner Unique": false,
                                                      "Hash Cond": "((catalog_sales.cs_item_sk = catalog_returns.cr_item_sk) AND (catalog_sales.cs_order_number = catalog_returns.cr_order_number))",
                                                      "Plans": [
                                                        {
                                                          "Node Type": "Hash Join",
                                                          "Parent Relationship": "Outer",
                                                          "Parallel Aware": true,
                                                          "Async Capable": false,
                                                          "Join Type": "Inner",
                                                          "Startup Cost": 2049.78,
                                                          "Total Cost": 458254.7,
                                                          "Plan Rows": 2532,
                                                          "Plan Width": 28,
                                                          "Inner Unique": false,
                                                          "Hash Cond": "(catalog_sales.cs_sold_date_sk = date_dim_1.d_date_sk)",
                                                          "Plans": [
                                                            {
                                                              "Node Type": "Seq Scan",
                                                              "Parent Relationship": "Outer",
                                                              "Parallel Aware": true,
                                                              "Async Capable": false,
                                                              "Relation Name": "catalog_sales",
                                                              "Alias": "catalog_sales",
                                                              "Startup Cost": 0.0,
                                                              "Total Cost": 433688.25,
                                                              "Plan Rows": 6000525,
                                                              "Plan Width": 32,
                                                              "parent": 34,
                                                              "ID": 35
                                                            },
                                                            {
                                                              "Node Type": "Hash",
                                                              "Parent Relationship": "Inner",
                                                              "Parallel Aware": true,
                                                              "Async Capable": false,
                                                              "Startup Cost": 2049.55,
                                                              "Total Cost": 2049.55,
                                                              "Plan Rows": 18,
                                                              "Plan Width": 4,
                                                              "Plans": [
                                                                {
                                                                  "Node Type": "Seq Scan",
                                                                  "Parent Relationship": "Outer",
                                                                  "Parallel Aware": true,
                                                                  "Async Capable": false,
                                                                  "Relation Name": "date_dim",
                                                                  "Alias": "date_dim_1",
                                                                  "Startup Cost": 0.0,
                                                                  "Total Cost": 2049.55,
                                                                  "Plan Rows": 18,
                                                                  "Plan Width": 4,
                                                                  "Filter": "((d_date >= '2000-08-02'::date) AND (d_date <= '2000-09-01 00:00:00'::timestamp without time zone))",
                                                                  "parent": 36,
                                                                  "ID": 37
                                                                }
                                                              ],
                                                              "parent": 34,
                                                              "ID": 36,
                                                              "left": 37
                                                            }
                                                          ],
                                                          "parent": 33,
                                                          "ID": 34,
                                                          "left": 35,
                                                          "right": 36
                                                        },
                                                        {
                                                          "Node Type": "Hash",
                                                          "Parent Relationship": "Inner",
                                                          "Parallel Aware": true,
                                                          "Async Capable": false,
                                                          "Startup Cost": 34748.95,
                                                          "Total Cost": 34748.95,
                                                          "Plan Rows": 599895,
                                                          "Plan Width": 20,
                                                          "Plans": [
                                                            {
                                                              "Node Type": "Seq Scan",
                                                              "Parent Relationship": "Outer",
                                                              "Parallel Aware": true,
                                                              "Async Capable": false,
                                                              "Relation Name": "catalog_returns",
                                                              "Alias": "catalog_returns",
                                                              "Startup Cost": 0.0,
                                                              "Total Cost": 34748.95,
                                                              "Plan Rows": 599895,
                                                              "Plan Width": 20,
                                                              "parent": 38,
                                                              "ID": 39
                                                            }
                                                          ],
                                                          "parent": 33,
                                                          "ID": 38,
                                                          "left": 39
                                                        }
                                                      ],
                                                      "parent": 32,
                                                      "ID": 33,
                                                      "left": 34,
                                                      "right": 38
                                                    },
                                                    {
                                                      "Node Type": "Hash",
                                                      "Parent Relationship": "Inner",
                                                      "Parallel Aware": true,
                                                      "Async Capable": false,
                                                      "Startup Cost": 7495.25,
                                                      "Total Cost": 7495.25,
                                                      "Plan Rows": 2442,
                                                      "Plan Width": 4,
                                                      "Plans": [
                                                        {
                                                          "Node Type": "Seq Scan",
                                                          "Parent Relationship": "Outer",
                                                          "Parallel Aware": true,
                                                          "Async Capable": false,
                                                          "Relation Name": "item",
                                                          "Alias": "item_1",
                                                          "Startup Cost": 0.0,
                                                          "Total Cost": 7495.25,
                                                          "Plan Rows": 2442,
                                                          "Plan Width": 4,
                                                          "Filter": "(i_current_price > '50'::numeric)",
                                                          "parent": 40,
                                                          "ID": 41
                                                        }
                                                      ],
                                                      "parent": 32,
                                                      "ID": 40,
                                                      "left": 41
                                                    }
                                                  ],
                                                  "parent": 31,
                                                  "ID": 32,
                                                  "left": 33,
                                                  "right": 40
                                                },
                                                {
                                                  "Node Type": "Hash",
                                                  "Parent Relationship": "Inner",
                                                  "Parallel Aware": false,
                                                  "Async Capable": false,
                                                  "Startup Cost": 19.25,
                                                  "Total Cost": 19.25,
                                                  "Plan Rows": 492,
                                                  "Plan Width": 4,
                                                  "Plans": [
                                                    {
                                                      "Node Type": "Seq Scan",
                                                      "Parent Relationship": "Outer",
                                                      "Parallel Aware": false,
                                                      "Async Capable": false,
                                                      "Relation Name": "promotion",
                                                      "Alias": "promotion_1",
                                                      "Startup Cost": 0.0,
                                                      "Total Cost": 19.25,
                                                      "Plan Rows": 492,
                                                      "Plan Width": 4,
                                                      "Filter": "(p_channel_tv = 'N'::bpchar)",
                                                      "parent": 42,
                                                      "ID": 43
                                                    }
                                                  ],
                                                  "parent": 31,
                                                  "ID": 42,
                                                  "left": 43
                                                }
                                              ],
                                              "parent": 30,
                                              "ID": 31,
                                              "left": 32,
                                              "right": 42
                                            },
                                            {
                                              "Node Type": "Hash",
                                              "Parent Relationship": "Inner",
                                              "Parallel Aware": false,
                                              "Async Capable": false,
                                              "Startup Cost": 368.0,
                                              "Total Cost": 368.0,
                                              "Plan Rows": 12000,
                                              "Plan Width": 21,
                                              "Plans": [
                                                {
                                                  "Node Type": "Seq Scan",
                                                  "Parent Relationship": "Outer",
                                                  "Parallel Aware": false,
                                                  "Async Capable": false,
                                                  "Relation Name": "catalog_page",
                                                  "Alias": "catalog_page",
                                                  "Startup Cost": 0.0,
                                                  "Total Cost": 368.0,
                                                  "Plan Rows": 12000,
                                                  "Plan Width": 21,
                                                  "parent": 44,
                                                  "ID": 45
                                                }
                                              ],
                                              "parent": 30,
                                              "ID": 44,
                                              "left": 45
                                            }
                                          ],
                                          "parent": 29,
                                          "ID": 30,
                                          "left": 31,
                                          "right": 44
                                        }
                                      ],
                                      "parent": 28,
                                      "ID": 29,
                                      "left": 30
                                    }
                                  ],
                                  "parent": 27,
                                  "ID": 28,
                                  "left": 29
                                }
                              ],
                              "parent": 26,
                              "ID": 27,
                              "left": 28
                            }
                          ],
                          "parent": 25,
                          "ID": 26,
                          "left": 27
                        }
                      ],
                      "parent": 3,
                      "ID": 25,
                      "left": 26
                    },
                    {
                      "Node Type": "Subquery Scan",
                      "Parent Relationship": "Member",
                      "Parallel Aware": false,
                      "Async Capable": false,
                      "Alias": "wsr",
                      "Startup Cost": 263919.04,
                      "Total Cost": 263926.75,
                      "Plan Rows": 21,
                      "Plan Width": 160,
                      "Plans": [
                        {
                          "Node Type": "Aggregate",
                          "Strategy": "Sorted",
                          "Partial Mode": "Finalize",
                          "Parent Relationship": "Subquery",
                          "Parallel Aware": false,
                          "Async Capable": false,
                          "Startup Cost": 263919.04,
                          "Total Cost": 263926.43,
                          "Plan Rows": 21,
                          "Plan Width": 113,
                          "Group Key": [
                            "web_site.web_site_id"
                          ],
                          "Plans": [
                            {
                              "Node Type": "Gather Merge",
                              "Parent Relationship": "Outer",
                              "Parallel Aware": false,
                              "Async Capable": false,
                              "Startup Cost": 263919.04,
                              "Total Cost": 263925.33,
                              "Plan Rows": 42,
                              "Plan Width": 113,
                              "Workers Planned": 2,
                              "Plans": [
                                {
                                  "Node Type": "Aggregate",
                                  "Strategy": "Sorted",
                                  "Partial Mode": "Partial",
                                  "Parent Relationship": "Outer",
                                  "Parallel Aware": false,
                                  "Async Capable": false,
                                  "Startup Cost": 262919.01,
                                  "Total Cost": 262920.46,
                                  "Plan Rows": 21,
                                  "Plan Width": 113,
                                  "Group Key": [
                                    "web_site.web_site_id"
                                  ],
                                  "Plans": [
                                    {
                                      "Node Type": "Sort",
                                      "Parent Relationship": "Outer",
                                      "Parallel Aware": false,
                                      "Async Capable": false,
                                      "Startup Cost": 262919.01,
                                      "Total Cost": 262919.19,
                                      "Plan Rows": 72,
                                      "Plan Width": 41,
                                      "Sort Key": [
                                        "web_site.web_site_id"
                                      ],
                                      "Plans": [
                                        {
                                          "Node Type": "Hash Join",
                                          "Parent Relationship": "Outer",
                                          "Parallel Aware": false,
                                          "Async Capable": false,
                                          "Join Type": "Inner",
                                          "Startup Cost": 32134.74,
                                          "Total Cost": 262916.79,
                                          "Plan Rows": 72,
                                          "Plan Width": 41,
                                          "Inner Unique": false,
                                          "Hash Cond": "(web_sales.ws_web_site_sk = web_site.web_site_sk)",
                                          "Plans": [
                                            {
                                              "Node Type": "Hash Join",
                                              "Parent Relationship": "Outer",
                                              "Parallel Aware": false,
                                              "Async Capable": false,
                                              "Join Type": "Inner",
                                              "Startup Cost": 32130.8,
                                              "Total Cost": 262911.86,
                                              "Plan Rows": 72,
                                              "Plan Width": 28,
                                              "Inner Unique": false,
                                              "Hash Cond": "(web_sales.ws_promo_sk = promotion_2.p_promo_sk)",
                                              "Plans": [
                                                {
                                                  "Node Type": "Hash Join",
                                                  "Parent Relationship": "Outer",
                                                  "Parallel Aware": true,
                                                  "Async Capable": false,
                                                  "Join Type": "Inner",
                                                  "Startup Cost": 32105.4,
                                                  "Total Cost": 262885.46,
                                                  "Plan Rows": 73,
                                                  "Plan Width": 32,
                                                  "Inner Unique": false,
                                                  "Hash Cond": "(web_sales.ws_item_sk = item_2.i_item_sk)",
                                                  "Plans": [
                                                    {
                                                      "Node Type": "Hash Join",
                                                      "Parent Relationship": "Outer",
                                                      "Parallel Aware": true,
                                                      "Async Capable": false,
                                                      "Join Type": "Left",
                                                      "Startup Cost": 24579.62,
                                                      "Total Cost": 255354.62,
                                                      "Plan Rows": 1272,
                                                      "Plan Width": 36,
                                                      "Inner Unique": false,
                                                      "Hash Cond": "((web_sales.ws_item_sk = web_returns.wr_item_sk) AND (web_sales.ws_order_number = web_returns.wr_order_number))",
                                                      "Plans": [
                                                        {
                                                          "Node Type": "Hash Join",
                                                          "Parent Relationship": "Outer",
                                                          "Parallel Aware": true,
                                                          "Async Capable": false,
                                                          "Join Type": "Inner",
                                                          "Startup Cost": 2049.78,
                                                          "Total Cost": 231041.22,
                                                          "Plan Rows": 1272,
                                                          "Plan Width": 28,
                                                          "Inner Unique": false,
                                                          "Hash Cond": "(web_sales.ws_sold_date_sk = date_dim_2.d_date_sk)",
                                                          "Plans": [
                                                            {
                                                              "Node Type": "Seq Scan",
                                                              "Parent Relationship": "Outer",
                                                              "Parallel Aware": true,
                                                              "Async Capable": false,
                                                              "Relation Name": "web_sales",
                                                              "Alias": "web_sales",
                                                              "Startup Cost": 0.0,
                                                              "Total Cost": 217737.86,
                                                              "Plan Rows": 2998986,
                                                              "Plan Width": 32,
                                                              "parent": 55,
                                                              "ID": 56
                                                            },
                                                            {
                                                              "Node Type": "Hash",
                                                              "Parent Relationship": "Inner",
                                                              "Parallel Aware": true,
                                                              "Async Capable": false,
                                                              "Startup Cost": 2049.55,
                                                              "Total Cost": 2049.55,
                                                              "Plan Rows": 18,
                                                              "Plan Width": 4,
                                                              "Plans": [
                                                                {
                                                                  "Node Type": "Seq Scan",
                                                                  "Parent Relationship": "Outer",
                                                                  "Parallel Aware": true,
                                                                  "Async Capable": false,
                                                                  "Relation Name": "date_dim",
                                                                  "Alias": "date_dim_2",
                                                                  "Startup Cost": 0.0,
                                                                  "Total Cost": 2049.55,
                                                                  "Plan Rows": 18,
                                                                  "Plan Width": 4,
                                                                  "Filter": "((d_date >= '2000-08-02'::date) AND (d_date <= '2000-09-01 00:00:00'::timestamp without time zone))",
                                                                  "parent": 57,
                                                                  "ID": 58
                                                                }
                                                              ],
                                                              "parent": 55,
                                                              "ID": 57,
                                                              "left": 58
                                                            }
                                                          ],
                                                          "parent": 54,
                                                          "ID": 55,
                                                          "left": 56,
                                                          "right": 57
                                                        },
                                                        {
                                                          "Node Type": "Hash",
                                                          "Parent Relationship": "Inner",
                                                          "Parallel Aware": true,
                                                          "Async Capable": false,
                                                          "Startup Cost": 16278.74,
                                                          "Total Cost": 16278.74,
                                                          "Plan Rows": 299674,
                                                          "Plan Width": 20,
                                                          "Plans": [
                                                            {
                                                              "Node Type": "Seq Scan",
                                                              "Parent Relationship": "Outer",
                                                              "Parallel Aware": true,
                                                              "Async Capable": false,
                                                              "Relation Name": "web_returns",
                                                              "Alias": "web_returns",
                                                              "Startup Cost": 0.0,
                                                              "Total Cost": 16278.74,
                                                              "Plan Rows": 299674,
                                                              "Plan Width": 20,
                                                              "parent": 59,
                                                              "ID": 60
                                                            }
                                                          ],
                                                          "parent": 54,
                                                          "ID": 59,
                                                          "left": 60
                                                        }
                                                      ],
                                                      "parent": 53,
                                                      "ID": 54,
                                                      "left": 55,
                                                      "right": 59
                                                    },
                                                    {
                                                      "Node Type": "Hash",
                                                      "Parent Relationship": "Inner",
                                                      "Parallel Aware": true,
                                                      "Async Capable": false,
                                                      "Startup Cost": 7495.25,
                                                      "Total Cost": 7495.25,
                                                      "Plan Rows": 2442,
                                                      "Plan Width": 4,
                                                      "Plans": [
                                                        {
                                                          "Node Type": "Seq Scan",
                                                          "Parent Relationship": "Outer",
                                                          "Parallel Aware": true,
                                                          "Async Capable": false,
                                                          "Relation Name": "item",
                                                          "Alias": "item_2",
                                                          "Startup Cost": 0.0,
                                                          "Total Cost": 7495.25,
                                                          "Plan Rows": 2442,
                                                          "Plan Width": 4,
                                                          "Filter": "(i_current_price > '50'::numeric)",
                                                          "parent": 61,
                                                          "ID": 62
                                                        }
                                                      ],
                                                      "parent": 53,
                                                      "ID": 61,
                                                      "left": 62
                                                    }
                                                  ],
                                                  "parent": 52,
                                                  "ID": 53,
                                                  "left": 54,
                                                  "right": 61
                                                },
                                                {
                                                  "Node Type": "Hash",
                                                  "Parent Relationship": "Inner",
                                                  "Parallel Aware": false,
                                                  "Async Capable": false,
                                                  "Startup Cost": 19.25,
                                                  "Total Cost": 19.25,
                                                  "Plan Rows": 492,
                                                  "Plan Width": 4,
                                                  "Plans": [
                                                    {
                                                      "Node Type": "Seq Scan",
                                                      "Parent Relationship": "Outer",
                                                      "Parallel Aware": false,
                                                      "Async Capable": false,
                                                      "Relation Name": "promotion",
                                                      "Alias": "promotion_2",
                                                      "Startup Cost": 0.0,
                                                      "Total Cost": 19.25,
                                                      "Plan Rows": 492,
                                                      "Plan Width": 4,
                                                      "Filter": "(p_channel_tv = 'N'::bpchar)",
                                                      "parent": 63,
                                                      "ID": 64
                                                    }
                                                  ],
                                                  "parent": 52,
                                                  "ID": 63,
                                                  "left": 64
                                                }
                                              ],
                                              "parent": 51,
                                              "ID": 52,
                                              "left": 53,
                                              "right": 63
                                            },
                                            {
                                              "Node Type": "Hash",
                                              "Parent Relationship": "Inner",
                                              "Parallel Aware": false,
                                              "Async Capable": false,
                                              "Startup Cost": 3.42,
                                              "Total Cost": 3.42,
                                              "Plan Rows": 42,
                                              "Plan Width": 21,
                                              "Plans": [
                                                {
                                                  "Node Type": "Seq Scan",
                                                  "Parent Relationship": "Outer",
                                                  "Parallel Aware": false,
                                                  "Async Capable": false,
                                                  "Relation Name": "web_site",
                                                  "Alias": "web_site",
                                                  "Startup Cost": 0.0,
                                                  "Total Cost": 3.42,
                                                  "Plan Rows": 42,
                                                  "Plan Width": 21,
                                                  "parent": 65,
                                                  "ID": 66
                                                }
                                              ],
                                              "parent": 51,
                                              "ID": 65,
                                              "left": 66
                                            }
                                          ],
                                          "parent": 50,
                                          "ID": 51,
                                          "left": 52,
                                          "right": 65
                                        }
                                      ],
                                      "parent": 49,
                                      "ID": 50,
                                      "left": 51
                                    }
                                  ],
                                  "parent": 48,
                                  "ID": 49,
                                  "left": 50
                                }
                              ],
                              "parent": 47,
                              "ID": 48,
                              "left": 49
                            }
                          ],
                          "parent": 46,
                          "ID": 47,
                          "left": 48
                        }
                      ],
                      "parent": 3,
                      "ID": 46,
                      "left": 47
                    }
                  ],
                  "parent": 2,
                  "ID": 3,
                  "left": 4,
                  "right": 25
                }
              ],
              "parent": 1,
              "ID": 2,
              "left": 3
            }
          ],
          "parent": 0,
          "ID": 1,
          "left": 2
        }
      ],
      "parent": null,
      "ID": 0,
      "left": 1
    },
    "feat": {
      "utility": 0.0,
      "query_shape": [
        [
          "Seq Scan",
          "Hash Join",
          "Sort",
          "Aggregate",
          "Gather Merge",
          "Subquery Scan",
          "Append"
        ],
        [
          "Seq Scan",
          "Hash",
          "Hash Join",
          "Sort",
          "Aggregate",
          "Gather Merge",
          "Subquery Scan",
          "Append"
        ],
        [
          "Seq Scan",
          "Hash",
          "Hash Join",
          "Sort",
          "Aggregate",
          "Gather Merge",
          "Subquery Scan",
          "Append"
        ],
        [
          "Seq Scan",
          "Hash",
          "Hash Join",
          "Sort",
          "Aggregate",
          "Gather Merge",
          "Subquery Scan",
          "Append"
        ],
        [
          "Seq Scan",
          "Hash",
          "Hash Join",
          "Sort",
          "Aggregate",
          "Gather Merge",
          "Subquery Scan",
          "Append"
        ],
        [
          "Seq Scan",
          "Hash",
          "Hash Join",
          "Sort",
          "Aggregate",
          "Gather Merge",
          "Subquery Scan",
          "Append"
        ],
        [
          "Seq Scan",
          "Hash Join",
          "Sort",
          "Aggregate",
          "Gather Merge",
          "Subquery Scan",
          "Append"
        ],
        [
          "Seq Scan",
          "Hash",
          "Hash Join",
          "Sort",
          "Aggregate",
          "Gather Merge",
          "Subquery Scan",
          "Append"
        ],
        [
          "Seq Scan",
          "Hash",
          "Hash Join",
          "Sort",
          "Aggregate",
          "Gather Merge",
          "Subquery Scan",
          "Append"
        ],
        [
          "Seq Scan",
          "Hash",
          "Hash Join",
          "Sort",
          "Aggregate",
          "Gather Merge",
          "Subquery Scan",
          "Append"
        ],
        [
          "Seq Scan",
          "Hash",
          "Hash Join",
          "Sort",
          "Aggregate",
          "Gather Merge",
          "Subquery Scan",
          "Append"
        ],
        [
          "Seq Scan",
          "Hash",
          "Hash Join",
          "Sort",
          "Aggregate",
          "Gather Merge",
          "Subquery Scan",
          "Append"
        ],
        [
          "Seq Scan",
          "Hash Join",
          "Sort",
          "Aggregate",
          "Gather Merge",
          "Subquery Scan",
          "Append"
        ],
        [
          "Seq Scan",
          "Hash",
          "Hash Join",
          "Sort",
          "Aggregate",
          "Gather Merge",
          "Subquery Scan",
          "Append"
        ],
        [
          "Seq Scan",
          "Hash",
          "Hash Join",
          "Sort",
          "Aggregate",
          "Gather Merge",
          "Subquery Scan",
          "Append"
        ],
        [
          "Seq Scan",
          "Hash",
          "Hash Join",
          "Sort",
          "Aggregate",
          "Gather Merge",
          "Subquery Scan",
          "Append"
        ],
        [
          "Seq Scan",
          "Hash",
          "Hash Join",
          "Sort",
          "Aggregate",
          "Gather Merge",
          "Subquery Scan",
          "Append"
        ],
        [
          "Seq Scan",
          "Hash",
          "Hash Join",
          "Sort",
          "Aggregate",
          "Gather Merge",
          "Subquery Scan",
          "Append"
        ]
      ],
      "index_shape": [],
      "physical_operator": {}
    }
  },
  {
    "query": "with ssr as\n (select  s_store_id as store_id,\n          sum(ss_ext_sales_price) as sales,\n          sum(coalesce(sr_return_amt, 0)) as returns,\n          sum(ss_net_profit - coalesce(sr_net_loss, 0)) as profit\n  from store_sales left outer join store_returns on\n         (ss_item_sk = sr_item_sk and ss_ticket_number = sr_ticket_number),\n     date_dim,\n     store,\n     item,\n     promotion\n where ss_sold_date_sk = d_date_sk\n       and d_date between cast('2000-08-02' as date) \n                  and (cast('2000-08-02' as date) +  interval '30 days')\n       and ss_store_sk = s_store_sk\n       and ss_item_sk = i_item_sk\n       and i_current_price > 50\n       and ss_promo_sk = p_promo_sk\n       and p_channel_tv = 'N'\n group by s_store_id)\n ,\n csr as\n (select  cp_catalog_page_id as catalog_page_id,\n          sum(cs_ext_sales_price) as sales,\n          sum(coalesce(cr_return_amount, 0)) as returns,\n          sum(cs_net_profit - coalesce(cr_net_loss, 0)) as profit\n  from catalog_sales left outer join catalog_returns on\n         (cs_item_sk = cr_item_sk and cs_order_number = cr_order_number),\n     date_dim,\n     catalog_page,\n     item,\n     promotion\n where cs_sold_date_sk = d_date_sk\n       and d_date between cast('2000-08-02' as date)\n                  and (cast('2000-08-02' as date) +  interval '30 days')\n        and cs_catalog_page_sk = cp_catalog_page_sk\n       and cs_item_sk = i_item_sk\n       and i_current_price > 50\n       and cs_promo_sk = p_promo_sk\n       and p_channel_tv = 'N'\ngroup by cp_catalog_page_id)\n ,\n wsr as\n (select  web_site_id,\n          sum(ws_ext_sales_price) as sales,\n          sum(coalesce(wr_return_amt, 0)) as returns,\n          sum(ws_net_profit - coalesce(wr_net_loss, 0)) as profit\n  from web_sales left outer join web_returns on\n         (ws_item_sk = wr_item_sk and ws_order_number = wr_order_number),\n     date_dim,\n     web_site,\n     item,\n     promotion\n where ws_sold_date_sk = d_date_sk\n       and d_date between cast('2000-08-02' as date)\n                  and (cast('2000-08-02' as date) +  interval '30 days')\n        and ws_web_site_sk = web_site_sk\n       and ws_item_sk = i_item_sk\n       and i_current_price > 50\n       and ws_promo_sk = p_promo_sk\n       and p_channel_tv = 'N'\ngroup by web_site_id)\n  select  channel\n        , id\n        , sum(sales) as sales\n        , sum(returns) as returns\n        , sum(profit) as profit\n from \n (select 'store channel' as channel\n        , 'store' || store_id as id\n        , sales\n        , returns\n        , profit\n from   ssr\n union all\n select 'catalog channel' as channel\n        , 'catalog_page' || catalog_page_id as id\n        , sales\n        , returns\n        , profit\n from  csr\n union all\n select 'web channel' as channel\n        , 'web_site' || web_site_id as id\n        , sales\n        , returns\n        , profit\n from   wsr\n ) x\n group by rollup (channel, id)\n order by channel\n         ,id\n limit 100;\n\n-- end query 61 in stream 4 using template query80.tpl\n",
    "indexes": "web_sales.ws_sold_date_sk",
    "wo plan est": {
      "Node Type": "Limit",
      "Parallel Aware": false,
      "Async Capable": false,
      "Startup Cost": 1566793.64,
      "Total Cost": 1566796.93,
      "Plan Rows": 100,
      "Plan Width": 160,
      "Plans": [
        {
          "Node Type": "Aggregate",
          "Strategy": "Sorted",
          "Partial Mode": "Simple",
          "Parent Relationship": "Outer",
          "Parallel Aware": false,
          "Async Capable": false,
          "Startup Cost": 1566793.64,
          "Total Cost": 1566806.84,
          "Plan Rows": 401,
          "Plan Width": 160,
          "Grouping Sets": [
            {
              "Group Keys": [
                [
                  "('store channel'::text)",
                  "(('store'::text || (ssr.store_id)::text))"
                ],
                [
                  "('store channel'::text)"
                ],
                []
              ]
            }
          ],
          "Plans": [
            {
              "Node Type": "Sort",
              "Parent Relationship": "Outer",
              "Parallel Aware": false,
              "Async Capable": false,
              "Startup Cost": 1566793.64,
              "Total Cost": 1566794.67,
              "Plan Rows": 412,
              "Plan Width": 160,
              "Sort Key": [
                "('store channel'::text)",
                "(('store'::text || (ssr.store_id)::text))"
              ],
              "Plans": [
                {
                  "Node Type": "Append",
                  "Parent Relationship": "Outer",
                  "Parallel Aware": false,
                  "Async Capable": false,
                  "Startup Cost": 784596.3,
                  "Total Cost": 1566775.74,
                  "Plan Rows": 412,
                  "Plan Width": 160,
                  "Subplans Removed": 0,
                  "Plans": [
                    {
                      "Node Type": "Subquery Scan",
                      "Parent Relationship": "Member",
                      "Parallel Aware": false,
                      "Async Capable": false,
                      "Alias": "ssr",
                      "Startup Cost": 784596.3,
                      "Total Cost": 784616.16,
                      "Plan Rows": 51,
                      "Plan Width": 160,
                      "Plans": [
                        {
                          "Node Type": "Aggregate",
                          "Strategy": "Sorted",
                          "Partial Mode": "Finalize",
                          "Parent Relationship": "Subquery",
                          "Parallel Aware": false,
                          "Async Capable": false,
                          "Startup Cost": 784596.3,
                          "Total Cost": 784615.39,
                          "Plan Rows": 51,
                          "Plan Width": 113,
                          "Group Key": [
                            "store.s_store_id"
                          ],
                          "Plans": [
                            {
                              "Node Type": "Gather Merge",
                              "Parent Relationship": "Outer",
                              "Parallel Aware": false,
                              "Async Capable": false,
                              "Startup Cost": 784596.3,
                              "Total Cost": 784612.71,
                              "Plan Rows": 102,
                              "Plan Width": 113,
                              "Workers Planned": 2,
                              "Plans": [
                                {
                                  "Node Type": "Aggregate",
                                  "Strategy": "Sorted",
                                  "Partial Mode": "Partial",
                                  "Parent Relationship": "Outer",
                                  "Parallel Aware": false,
                                  "Async Capable": false,
                                  "Startup Cost": 783596.27,
                                  "Total Cost": 783600.92,
                                  "Plan Rows": 51,
                                  "Plan Width": 113,
                                  "Group Key": [
                                    "store.s_store_id"
                                  ],
                                  "Plans": [
                                    {
                                      "Node Type": "Sort",
                                      "Parent Relationship": "Outer",
                                      "Parallel Aware": false,
                                      "Async Capable": false,
                                      "Startup Cost": 783596.27,
                                      "Total Cost": 783596.9,
                                      "Plan Rows": 250,
                                      "Plan Width": 41,
                                      "Sort Key": [
                                        "store.s_store_id"
                                      ],
                                      "Plans": [
                                        {
                                          "Node Type": "Hash Join",
                                          "Parent Relationship": "Outer",
                                          "Parallel Aware": false,
                                          "Async Capable": false,
                                          "Join Type": "Inner",
                                          "Startup Cost": 94489.35,
                                          "Total Cost": 783586.32,
                                          "Plan Rows": 250,
                                          "Plan Width": 41,
                                          "Inner Unique": false,
                                          "Hash Cond": "(store_sales.ss_store_sk = store.s_store_sk)",
                                          "Plans": [
                                            {
                                              "Node Type": "Hash Join",
                                              "Parent Relationship": "Outer",
                                              "Parallel Aware": false,
                                              "Async Capable": false,
                                              "Join Type": "Inner",
                                              "Startup Cost": 94482.05,
                                              "Total Cost": 783575.54,
                                              "Plan Rows": 262,
                                              "Plan Width": 28,
                                              "Inner Unique": false,
                                              "Hash Cond": "(store_sales.ss_promo_sk = promotion.p_promo_sk)",
                                              "Plans": [
                                                {
                                                  "Node Type": "Hash Join",
                                                  "Parent Relationship": "Outer",
                                                  "Parallel Aware": true,
                                                  "Async Capable": false,
                                                  "Join Type": "Inner",
                                                  "Startup Cost": 94456.65,
                                                  "Total Cost": 783546.47,
                                                  "Plan Rows": 279,
                                                  "Plan Width": 32,
                                                  "Inner Unique": false,
                                                  "Hash Cond": "(store_sales.ss_item_sk = item.i_item_sk)",
                                                  "Plans": [
                                                    {
                                                      "Node Type": "Hash Join",
                                                      "Parent Relationship": "Outer",
                                                      "Parallel Aware": true,
                                                      "Async Capable": false,
                                                      "Join Type": "Left",
                                                      "Startup Cost": 86930.88,
                                                      "Total Cost": 776001.31,
                                                      "Plan Rows": 4860,
                                                      "Plan Width": 36,
                                                      "Inner Unique": false,
                                                      "Hash Cond": "((store_sales.ss_item_sk = store_returns.sr_item_sk) AND (store_sales.ss_ticket_number = store_returns.sr_ticket_number))",
                                                      "Plans": [
                                                        {
                                                          "Node Type": "Hash Join",
                                                          "Parent Relationship": "Outer",
                                                          "Parallel Aware": true,
                                                          "Async Capable": false,
                                                          "Join Type": "Inner",
                                                          "Startup Cost": 2049.78,
                                                          "Total Cost": 683994.75,
                                                          "Plan Rows": 4860,
                                                          "Plan Width": 28,
                                                          "Inner Unique": false,
                                                          "Hash Cond": "(store_sales.ss_sold_date_sk = date_dim.d_date_sk)",
                                                          "Plans": [
                                                            {
                                                              "Node Type": "Seq Scan",
                                                              "Parent Relationship": "Outer",
                                                              "Parallel Aware": true,
                                                              "Async Capable": false,
                                                              "Relation Name": "store_sales",
                                                              "Alias": "store_sales",
                                                              "Startup Cost": 0.0,
                                                              "Total Cost": 636914.37,
                                                              "Plan Rows": 12000637,
                                                              "Plan Width": 32,
                                                              "parent": 13,
                                                              "ID": 14
                                                            },
                                                            {
                                                              "Node Type": "Hash",
                                                              "Parent Relationship": "Inner",
                                                              "Parallel Aware": true,
                                                              "Async Capable": false,
                                                              "Startup Cost": 2049.55,
                                                              "Total Cost": 2049.55,
                                                              "Plan Rows": 18,
                                                              "Plan Width": 4,
                                                              "Plans": [
                                                                {
                                                                  "Node Type": "Seq Scan",
                                                                  "Parent Relationship": "Outer",
                                                                  "Parallel Aware": true,
                                                                  "Async Capable": false,
                                                                  "Relation Name": "date_dim",
                                                                  "Alias": "date_dim",
                                                                  "Startup Cost": 0.0,
                                                                  "Total Cost": 2049.55,
                                                                  "Plan Rows": 18,
                                                                  "Plan Width": 4,
                                                                  "Filter": "((d_date >= '2000-08-02'::date) AND (d_date <= '2000-09-01 00:00:00'::timestamp without time zone))",
                                                                  "parent": 15,
                                                                  "ID": 16
                                                                }
                                                              ],
                                                              "parent": 13,
                                                              "ID": 15,
                                                              "left": 16
                                                            }
                                                          ],
                                                          "parent": 12,
                                                          "ID": 13,
                                                          "left": 14,
                                                          "right": 15
                                                        },
                                                        {
                                                          "Node Type": "Hash",
                                                          "Parent Relationship": "Inner",
                                                          "Parallel Aware": true,
                                                          "Async Capable": false,
                                                          "Startup Cost": 59887.64,
                                                          "Total Cost": 59887.64,
                                                          "Plan Rows": 1198164,
                                                          "Plan Width": 20,
                                                          "Plans": [
                                                            {
                                                              "Node Type": "Seq Scan",
                                                              "Parent Relationship": "Outer",
                                                              "Parallel Aware": true,
                                                              "Async Capable": false,
                                                              "Relation Name": "store_returns",
                                                              "Alias": "store_returns",
                                                              "Startup Cost": 0.0,
                                                              "Total Cost": 59887.64,
                                                              "Plan Rows": 1198164,
                                                              "Plan Width": 20,
                                                              "parent": 17,
                                                              "ID": 18
                                                            }
                                                          ],
                                                          "parent": 12,
                                                          "ID": 17,
                                                          "left": 18
                                                        }
                                                      ],
                                                      "parent": 11,
                                                      "ID": 12,
                                                      "left": 13,
                                                      "right": 17
                                                    },
                                                    {
                                                      "Node Type": "Hash",
                                                      "Parent Relationship": "Inner",
                                                      "Parallel Aware": true,
                                                      "Async Capable": false,
                                                      "Startup Cost": 7495.25,
                                                      "Total Cost": 7495.25,
                                                      "Plan Rows": 2442,
                                                      "Plan Width": 4,
                                                      "Plans": [
                                                        {
                                                          "Node Type": "Seq Scan",
                                                          "Parent Relationship": "Outer",
                                                          "Parallel Aware": true,
                                                          "Async Capable": false,
                                                          "Relation Name": "item",
                                                          "Alias": "item",
                                                          "Startup Cost": 0.0,
                                                          "Total Cost": 7495.25,
                                                          "Plan Rows": 2442,
                                                          "Plan Width": 4,
                                                          "Filter": "(i_current_price > '50'::numeric)",
                                                          "parent": 19,
                                                          "ID": 20
                                                        }
                                                      ],
                                                      "parent": 11,
                                                      "ID": 19,
                                                      "left": 20
                                                    }
                                                  ],
                                                  "parent": 10,
                                                  "ID": 11,
                                                  "left": 12,
                                                  "right": 19
                                                },
                                                {
                                                  "Node Type": "Hash",
                                                  "Parent Relationship": "Inner",
                                                  "Parallel Aware": false,
                                                  "Async Capable": false,
                                                  "Startup Cost": 19.25,
                                                  "Total Cost": 19.25,
                                                  "Plan Rows": 492,
                                                  "Plan Width": 4,
                                                  "Plans": [
                                                    {
                                                      "Node Type": "Seq Scan",
                                                      "Parent Relationship": "Outer",
                                                      "Parallel Aware": false,
                                                      "Async Capable": false,
                                                      "Relation Name": "promotion",
                                                      "Alias": "promotion",
                                                      "Startup Cost": 0.0,
                                                      "Total Cost": 19.25,
                                                      "Plan Rows": 492,
                                                      "Plan Width": 4,
                                                      "Filter": "(p_channel_tv = 'N'::bpchar)",
                                                      "parent": 21,
                                                      "ID": 22
                                                    }
                                                  ],
                                                  "parent": 10,
                                                  "ID": 21,
                                                  "left": 22
                                                }
                                              ],
                                              "parent": 9,
                                              "ID": 10,
                                              "left": 11,
                                              "right": 21
                                            },
                                            {
                                              "Node Type": "Hash",
                                              "Parent Relationship": "Inner",
                                              "Parallel Aware": false,
                                              "Async Capable": false,
                                              "Startup Cost": 6.02,
                                              "Total Cost": 6.02,
                                              "Plan Rows": 102,
                                              "Plan Width": 21,
                                              "Plans": [
                                                {
                                                  "Node Type": "Seq Scan",
                                                  "Parent Relationship": "Outer",
                                                  "Parallel Aware": false,
                                                  "Async Capable": false,
                                                  "Relation Name": "store",
                                                  "Alias": "store",
                                                  "Startup Cost": 0.0,
                                                  "Total Cost": 6.02,
                                                  "Plan Rows": 102,
                                                  "Plan Width": 21,
                                                  "parent": 23,
                                                  "ID": 24
                                                }
                                              ],
                                              "parent": 9,
                                              "ID": 23,
                                              "left": 24
                                            }
                                          ],
                                          "parent": 8,
                                          "ID": 9,
                                          "left": 10,
                                          "right": 23
                                        }
                                      ],
                                      "parent": 7,
                                      "ID": 8,
                                      "left": 9
                                    }
                                  ],
                                  "parent": 6,
                                  "ID": 7,
                                  "left": 8
                                }
                              ],
                              "parent": 5,
                              "ID": 6,
                              "left": 7
                            }
                          ],
                          "parent": 4,
                          "ID": 5,
                          "left": 6
                        }
                      ],
                      "parent": 3,
                      "ID": 4,
                      "left": 5
                    },
                    {
                      "Node Type": "Subquery Scan",
                      "Parent Relationship": "Member",
                      "Parallel Aware": false,
                      "Async Capable": false,
                      "Alias": "csr",
                      "Startup Cost": 518177.36,
                      "Total Cost": 518230.78,
                      "Plan Rows": 340,
                      "Plan Width": 160,
                      "Plans": [
                        {
                          "Node Type": "Aggregate",
                          "Strategy": "Sorted",
                          "Partial Mode": "Finalize",
                          "Parent Relationship": "Subquery",
                          "Parallel Aware": false,
                          "Async Capable": false,
                          "Startup Cost": 518177.36,
                          "Total Cost": 518225.68,
                          "Plan Rows": 340,
                          "Plan Width": 113,
                          "Group Key": [
                            "catalog_page.cp_catalog_page_id"
                          ],
                          "Plans": [
                            {
                              "Node Type": "Gather Merge",
                              "Parent Relationship": "Outer",
                              "Parallel Aware": false,
                              "Async Capable": false,
                              "Startup Cost": 518177.36,
                              "Total Cost": 518214.76,
                              "Plan Rows": 284,
                              "Plan Width": 113,
                              "Workers Planned": 2,
                              "Plans": [
                                {
                                  "Node Type": "Aggregate",
                                  "Strategy": "Sorted",
                                  "Partial Mode": "Partial",
                                  "Parent Relationship": "Outer",
                                  "Parallel Aware": false,
                                  "Async Capable": false,
                                  "Startup Cost": 517177.34,
                                  "Total Cost": 517181.95,
                                  "Plan Rows": 142,
                                  "Plan Width": 113,
                                  "Group Key": [
                                    "catalog_page.cp_catalog_page_id"
                                  ],
                                  "Plans": [
                                    {
                                      "Node Type": "Sort",
                                      "Parent Relationship": "Outer",
                                      "Parallel Aware": false,
                                      "Async Capable": false,
                                      "Startup Cost": 517177.34,
                                      "Total Cost": 517177.69,
                                      "Plan Rows": 142,
                                      "Plan Width": 41,
                                      "Sort Key": [
                                        "catalog_page.cp_catalog_page_id"
                                      ],
                                      "Plans": [
                                        {
                                          "Node Type": "Hash Join",
                                          "Parent Relationship": "Outer",
                                          "Parallel Aware": false,
                                          "Async Capable": false,
                                          "Join Type": "Inner",
                                          "Startup Cost": 57382.33,
                                          "Total Cost": 517172.26,
                                          "Plan Rows": 142,
                                          "Plan Width": 41,
                                          "Inner Unique": false,
                                          "Hash Cond": "(catalog_sales.cs_catalog_page_sk = catalog_page.cp_catalog_page_sk)",
                                          "Plans": [
                                            {
                                              "Node Type": "Hash Join",
                                              "Parent Relationship": "Outer",
                                              "Parallel Aware": false,
                                              "Async Capable": false,
                                              "Join Type": "Inner",
                                              "Startup Cost": 56864.33,
                                              "Total Cost": 516652.32,
                                              "Plan Rows": 142,
                                              "Plan Width": 28,
                                              "Inner Unique": false,
                                              "Hash Cond": "(catalog_sales.cs_promo_sk = promotion_1.p_promo_sk)",
                                              "Plans": [
                                                {
                                                  "Node Type": "Hash Join",
                                                  "Parent Relationship": "Outer",
                                                  "Parallel Aware": true,
                                                  "Async Capable": false,
                                                  "Join Type": "Inner",
                                                  "Startup Cost": 56838.93,
                                                  "Total Cost": 516624.96,
                                                  "Plan Rows": 145,
                                                  "Plan Width": 32,
                                                  "Inner Unique": false,
                                                  "Hash Cond": "(catalog_sales.cs_item_sk = item_1.i_item_sk)",
                                                  "Plans": [
                                                    {
                                                      "Node Type": "Hash Join",
                                                      "Parent Relationship": "Outer",
                                                      "Parallel Aware": true,
                                                      "Async Capable": false,
                                                      "Join Type": "Left",
                                                      "Startup Cost": 49313.15,
                                                      "Total Cost": 509089.08,
                                                      "Plan Rows": 2532,
                                                      "Plan Width": 36,
                                                      "Inner Unique": false,
                                                      "Hash Cond": "((catalog_sales.cs_item_sk = catalog_returns.cr_item_sk) AND (catalog_sales.cs_order_number = catalog_returns.cr_order_number))",
                                                      "Plans": [
                                                        {
                                                          "Node Type": "Hash Join",
                                                          "Parent Relationship": "Outer",
                                                          "Parallel Aware": true,
                                                          "Async Capable": false,
                                                          "Join Type": "Inner",
                                                          "Startup Cost": 2049.78,
                                                          "Total Cost": 458254.7,
                                                          "Plan Rows": 2532,
                                                          "Plan Width": 28,
                                                          "Inner Unique": false,
                                                          "Hash Cond": "(catalog_sales.cs_sold_date_sk = date_dim_1.d_date_sk)",
                                                          "Plans": [
                                                            {
                                                              "Node Type": "Seq Scan",
                                                              "Parent Relationship": "Outer",
                                                              "Parallel Aware": true,
                                                              "Async Capable": false,
                                                              "Relation Name": "catalog_sales",
                                                              "Alias": "catalog_sales",
                                                              "Startup Cost": 0.0,
                                                              "Total Cost": 433688.25,
                                                              "Plan Rows": 6000525,
                                                              "Plan Width": 32,
                                                              "parent": 34,
                                                              "ID": 35
                                                            },
                                                            {
                                                              "Node Type": "Hash",
                                                              "Parent Relationship": "Inner",
                                                              "Parallel Aware": true,
                                                              "Async Capable": false,
                                                              "Startup Cost": 2049.55,
                                                              "Total Cost": 2049.55,
                                                              "Plan Rows": 18,
                                                              "Plan Width": 4,
                                                              "Plans": [
                                                                {
                                                                  "Node Type": "Seq Scan",
                                                                  "Parent Relationship": "Outer",
                                                                  "Parallel Aware": true,
                                                                  "Async Capable": false,
                                                                  "Relation Name": "date_dim",
                                                                  "Alias": "date_dim_1",
                                                                  "Startup Cost": 0.0,
                                                                  "Total Cost": 2049.55,
                                                                  "Plan Rows": 18,
                                                                  "Plan Width": 4,
                                                                  "Filter": "((d_date >= '2000-08-02'::date) AND (d_date <= '2000-09-01 00:00:00'::timestamp without time zone))",
                                                                  "parent": 36,
                                                                  "ID": 37
                                                                }
                                                              ],
                                                              "parent": 34,
                                                              "ID": 36,
                                                              "left": 37
                                                            }
                                                          ],
                                                          "parent": 33,
                                                          "ID": 34,
                                                          "left": 35,
                                                          "right": 36
                                                        },
                                                        {
                                                          "Node Type": "Hash",
                                                          "Parent Relationship": "Inner",
                                                          "Parallel Aware": true,
                                                          "Async Capable": false,
                                                          "Startup Cost": 34748.95,
                                                          "Total Cost": 34748.95,
                                                          "Plan Rows": 599895,
                                                          "Plan Width": 20,
                                                          "Plans": [
                                                            {
                                                              "Node Type": "Seq Scan",
                                                              "Parent Relationship": "Outer",
                                                              "Parallel Aware": true,
                                                              "Async Capable": false,
                                                              "Relation Name": "catalog_returns",
                                                              "Alias": "catalog_returns",
                                                              "Startup Cost": 0.0,
                                                              "Total Cost": 34748.95,
                                                              "Plan Rows": 599895,
                                                              "Plan Width": 20,
                                                              "parent": 38,
                                                              "ID": 39
                                                            }
                                                          ],
                                                          "parent": 33,
                                                          "ID": 38,
                                                          "left": 39
                                                        }
                                                      ],
                                                      "parent": 32,
                                                      "ID": 33,
                                                      "left": 34,
                                                      "right": 38
                                                    },
                                                    {
                                                      "Node Type": "Hash",
                                                      "Parent Relationship": "Inner",
                                                      "Parallel Aware": true,
                                                      "Async Capable": false,
                                                      "Startup Cost": 7495.25,
                                                      "Total Cost": 7495.25,
                                                      "Plan Rows": 2442,
                                                      "Plan Width": 4,
                                                      "Plans": [
                                                        {
                                                          "Node Type": "Seq Scan",
                                                          "Parent Relationship": "Outer",
                                                          "Parallel Aware": true,
                                                          "Async Capable": false,
                                                          "Relation Name": "item",
                                                          "Alias": "item_1",
                                                          "Startup Cost": 0.0,
                                                          "Total Cost": 7495.25,
                                                          "Plan Rows": 2442,
                                                          "Plan Width": 4,
                                                          "Filter": "(i_current_price > '50'::numeric)",
                                                          "parent": 40,
                                                          "ID": 41
                                                        }
                                                      ],
                                                      "parent": 32,
                                                      "ID": 40,
                                                      "left": 41
                                                    }
                                                  ],
                                                  "parent": 31,
                                                  "ID": 32,
                                                  "left": 33,
                                                  "right": 40
                                                },
                                                {
                                                  "Node Type": "Hash",
                                                  "Parent Relationship": "Inner",
                                                  "Parallel Aware": false,
                                                  "Async Capable": false,
                                                  "Startup Cost": 19.25,
                                                  "Total Cost": 19.25,
                                                  "Plan Rows": 492,
                                                  "Plan Width": 4,
                                                  "Plans": [
                                                    {
                                                      "Node Type": "Seq Scan",
                                                      "Parent Relationship": "Outer",
                                                      "Parallel Aware": false,
                                                      "Async Capable": false,
                                                      "Relation Name": "promotion",
                                                      "Alias": "promotion_1",
                                                      "Startup Cost": 0.0,
                                                      "Total Cost": 19.25,
                                                      "Plan Rows": 492,
                                                      "Plan Width": 4,
                                                      "Filter": "(p_channel_tv = 'N'::bpchar)",
                                                      "parent": 42,
                                                      "ID": 43
                                                    }
                                                  ],
                                                  "parent": 31,
                                                  "ID": 42,
                                                  "left": 43
                                                }
                                              ],
                                              "parent": 30,
                                              "ID": 31,
                                              "left": 32,
                                              "right": 42
                                            },
                                            {
                                              "Node Type": "Hash",
                                              "Parent Relationship": "Inner",
                                              "Parallel Aware": false,
                                              "Async Capable": false,
                                              "Startup Cost": 368.0,
                                              "Total Cost": 368.0,
                                              "Plan Rows": 12000,
                                              "Plan Width": 21,
                                              "Plans": [
                                                {
                                                  "Node Type": "Seq Scan",
                                                  "Parent Relationship": "Outer",
                                                  "Parallel Aware": false,
                                                  "Async Capable": false,
                                                  "Relation Name": "catalog_page",
                                                  "Alias": "catalog_page",
                                                  "Startup Cost": 0.0,
                                                  "Total Cost": 368.0,
                                                  "Plan Rows": 12000,
                                                  "Plan Width": 21,
                                                  "parent": 44,
                                                  "ID": 45
                                                }
                                              ],
                                              "parent": 30,
                                              "ID": 44,
                                              "left": 45
                                            }
                                          ],
                                          "parent": 29,
                                          "ID": 30,
                                          "left": 31,
                                          "right": 44
                                        }
                                      ],
                                      "parent": 28,
                                      "ID": 29,
                                      "left": 30
                                    }
                                  ],
                                  "parent": 27,
                                  "ID": 28,
                                  "left": 29
                                }
                              ],
                              "parent": 26,
                              "ID": 27,
                              "left": 28
                            }
                          ],
                          "parent": 25,
                          "ID": 26,
                          "left": 27
                        }
                      ],
                      "parent": 3,
                      "ID": 25,
                      "left": 26
                    },
                    {
                      "Node Type": "Subquery Scan",
                      "Parent Relationship": "Member",
                      "Parallel Aware": false,
                      "Async Capable": false,
                      "Alias": "wsr",
                      "Startup Cost": 263919.04,
                      "Total Cost": 263926.75,
                      "Plan Rows": 21,
                      "Plan Width": 160,
                      "Plans": [
                        {
                          "Node Type": "Aggregate",
                          "Strategy": "Sorted",
                          "Partial Mode": "Finalize",
                          "Parent Relationship": "Subquery",
                          "Parallel Aware": false,
                          "Async Capable": false,
                          "Startup Cost": 263919.04,
                          "Total Cost": 263926.43,
                          "Plan Rows": 21,
                          "Plan Width": 113,
                          "Group Key": [
                            "web_site.web_site_id"
                          ],
                          "Plans": [
                            {
                              "Node Type": "Gather Merge",
                              "Parent Relationship": "Outer",
                              "Parallel Aware": false,
                              "Async Capable": false,
                              "Startup Cost": 263919.04,
                              "Total Cost": 263925.33,
                              "Plan Rows": 42,
                              "Plan Width": 113,
                              "Workers Planned": 2,
                              "Plans": [
                                {
                                  "Node Type": "Aggregate",
                                  "Strategy": "Sorted",
                                  "Partial Mode": "Partial",
                                  "Parent Relationship": "Outer",
                                  "Parallel Aware": false,
                                  "Async Capable": false,
                                  "Startup Cost": 262919.01,
                                  "Total Cost": 262920.46,
                                  "Plan Rows": 21,
                                  "Plan Width": 113,
                                  "Group Key": [
                                    "web_site.web_site_id"
                                  ],
                                  "Plans": [
                                    {
                                      "Node Type": "Sort",
                                      "Parent Relationship": "Outer",
                                      "Parallel Aware": false,
                                      "Async Capable": false,
                                      "Startup Cost": 262919.01,
                                      "Total Cost": 262919.19,
                                      "Plan Rows": 72,
                                      "Plan Width": 41,
                                      "Sort Key": [
                                        "web_site.web_site_id"
                                      ],
                                      "Plans": [
                                        {
                                          "Node Type": "Hash Join",
                                          "Parent Relationship": "Outer",
                                          "Parallel Aware": false,
                                          "Async Capable": false,
                                          "Join Type": "Inner",
                                          "Startup Cost": 32134.74,
                                          "Total Cost": 262916.79,
                                          "Plan Rows": 72,
                                          "Plan Width": 41,
                                          "Inner Unique": false,
                                          "Hash Cond": "(web_sales.ws_web_site_sk = web_site.web_site_sk)",
                                          "Plans": [
                                            {
                                              "Node Type": "Hash Join",
                                              "Parent Relationship": "Outer",
                                              "Parallel Aware": false,
                                              "Async Capable": false,
                                              "Join Type": "Inner",
                                              "Startup Cost": 32130.8,
                                              "Total Cost": 262911.86,
                                              "Plan Rows": 72,
                                              "Plan Width": 28,
                                              "Inner Unique": false,
                                              "Hash Cond": "(web_sales.ws_promo_sk = promotion_2.p_promo_sk)",
                                              "Plans": [
                                                {
                                                  "Node Type": "Hash Join",
                                                  "Parent Relationship": "Outer",
                                                  "Parallel Aware": true,
                                                  "Async Capable": false,
                                                  "Join Type": "Inner",
                                                  "Startup Cost": 32105.4,
                                                  "Total Cost": 262885.46,
                                                  "Plan Rows": 73,
                                                  "Plan Width": 32,
                                                  "Inner Unique": false,
                                                  "Hash Cond": "(web_sales.ws_item_sk = item_2.i_item_sk)",
                                                  "Plans": [
                                                    {
                                                      "Node Type": "Hash Join",
                                                      "Parent Relationship": "Outer",
                                                      "Parallel Aware": true,
                                                      "Async Capable": false,
                                                      "Join Type": "Left",
                                                      "Startup Cost": 24579.62,
                                                      "Total Cost": 255354.62,
                                                      "Plan Rows": 1272,
                                                      "Plan Width": 36,
                                                      "Inner Unique": false,
                                                      "Hash Cond": "((web_sales.ws_item_sk = web_returns.wr_item_sk) AND (web_sales.ws_order_number = web_returns.wr_order_number))",
                                                      "Plans": [
                                                        {
                                                          "Node Type": "Hash Join",
                                                          "Parent Relationship": "Outer",
                                                          "Parallel Aware": true,
                                                          "Async Capable": false,
                                                          "Join Type": "Inner",
                                                          "Startup Cost": 2049.78,
                                                          "Total Cost": 231041.22,
                                                          "Plan Rows": 1272,
                                                          "Plan Width": 28,
                                                          "Inner Unique": false,
                                                          "Hash Cond": "(web_sales.ws_sold_date_sk = date_dim_2.d_date_sk)",
                                                          "Plans": [
                                                            {
                                                              "Node Type": "Seq Scan",
                                                              "Parent Relationship": "Outer",
                                                              "Parallel Aware": true,
                                                              "Async Capable": false,
                                                              "Relation Name": "web_sales",
                                                              "Alias": "web_sales",
                                                              "Startup Cost": 0.0,
                                                              "Total Cost": 217737.86,
                                                              "Plan Rows": 2998986,
                                                              "Plan Width": 32,
                                                              "parent": 55,
                                                              "ID": 56
                                                            },
                                                            {
                                                              "Node Type": "Hash",
                                                              "Parent Relationship": "Inner",
                                                              "Parallel Aware": true,
                                                              "Async Capable": false,
                                                              "Startup Cost": 2049.55,
                                                              "Total Cost": 2049.55,
                                                              "Plan Rows": 18,
                                                              "Plan Width": 4,
                                                              "Plans": [
                                                                {
                                                                  "Node Type": "Seq Scan",
                                                                  "Parent Relationship": "Outer",
                                                                  "Parallel Aware": true,
                                                                  "Async Capable": false,
                                                                  "Relation Name": "date_dim",
                                                                  "Alias": "date_dim_2",
                                                                  "Startup Cost": 0.0,
                                                                  "Total Cost": 2049.55,
                                                                  "Plan Rows": 18,
                                                                  "Plan Width": 4,
                                                                  "Filter": "((d_date >= '2000-08-02'::date) AND (d_date <= '2000-09-01 00:00:00'::timestamp without time zone))",
                                                                  "parent": 57,
                                                                  "ID": 58
                                                                }
                                                              ],
                                                              "parent": 55,
                                                              "ID": 57,
                                                              "left": 58
                                                            }
                                                          ],
                                                          "parent": 54,
                                                          "ID": 55,
                                                          "left": 56,
                                                          "right": 57
                                                        },
                                                        {
                                                          "Node Type": "Hash",
                                                          "Parent Relationship": "Inner",
                                                          "Parallel Aware": true,
                                                          "Async Capable": false,
                                                          "Startup Cost": 16278.74,
                                                          "Total Cost": 16278.74,
                                                          "Plan Rows": 299674,
                                                          "Plan Width": 20,
                                                          "Plans": [
                                                            {
                                                              "Node Type": "Seq Scan",
                                                              "Parent Relationship": "Outer",
                                                              "Parallel Aware": true,
                                                              "Async Capable": false,
                                                              "Relation Name": "web_returns",
                                                              "Alias": "web_returns",
                                                              "Startup Cost": 0.0,
                                                              "Total Cost": 16278.74,
                                                              "Plan Rows": 299674,
                                                              "Plan Width": 20,
                                                              "parent": 59,
                                                              "ID": 60
                                                            }
                                                          ],
                                                          "parent": 54,
                                                          "ID": 59,
                                                          "left": 60
                                                        }
                                                      ],
                                                      "parent": 53,
                                                      "ID": 54,
                                                      "left": 55,
                                                      "right": 59
                                                    },
                                                    {
                                                      "Node Type": "Hash",
                                                      "Parent Relationship": "Inner",
                                                      "Parallel Aware": true,
                                                      "Async Capable": false,
                                                      "Startup Cost": 7495.25,
                                                      "Total Cost": 7495.25,
                                                      "Plan Rows": 2442,
                                                      "Plan Width": 4,
                                                      "Plans": [
                                                        {
                                                          "Node Type": "Seq Scan",
                                                          "Parent Relationship": "Outer",
                                                          "Parallel Aware": true,
                                                          "Async Capable": false,
                                                          "Relation Name": "item",
                                                          "Alias": "item_2",
                                                          "Startup Cost": 0.0,
                                                          "Total Cost": 7495.25,
                                                          "Plan Rows": 2442,
                                                          "Plan Width": 4,
                                                          "Filter": "(i_current_price > '50'::numeric)",
                                                          "parent": 61,
                                                          "ID": 62
                                                        }
                                                      ],
                                                      "parent": 53,
                                                      "ID": 61,
                                                      "left": 62
                                                    }
                                                  ],
                                                  "parent": 52,
                                                  "ID": 53,
                                                  "left": 54,
                                                  "right": 61
                                                },
                                                {
                                                  "Node Type": "Hash",
                                                  "Parent Relationship": "Inner",
                                                  "Parallel Aware": false,
                                                  "Async Capable": false,
                                                  "Startup Cost": 19.25,
                                                  "Total Cost": 19.25,
                                                  "Plan Rows": 492,
                                                  "Plan Width": 4,
                                                  "Plans": [
                                                    {
                                                      "Node Type": "Seq Scan",
                                                      "Parent Relationship": "Outer",
                                                      "Parallel Aware": false,
                                                      "Async Capable": false,
                                                      "Relation Name": "promotion",
                                                      "Alias": "promotion_2",
                                                      "Startup Cost": 0.0,
                                                      "Total Cost": 19.25,
                                                      "Plan Rows": 492,
                                                      "Plan Width": 4,
                                                      "Filter": "(p_channel_tv = 'N'::bpchar)",
                                                      "parent": 63,
                                                      "ID": 64
                                                    }
                                                  ],
                                                  "parent": 52,
                                                  "ID": 63,
                                                  "left": 64
                                                }
                                              ],
                                              "parent": 51,
                                              "ID": 52,
                                              "left": 53,
                                              "right": 63
                                            },
                                            {
                                              "Node Type": "Hash",
                                              "Parent Relationship": "Inner",
                                              "Parallel Aware": false,
                                              "Async Capable": false,
                                              "Startup Cost": 3.42,
                                              "Total Cost": 3.42,
                                              "Plan Rows": 42,
                                              "Plan Width": 21,
                                              "Plans": [
                                                {
                                                  "Node Type": "Seq Scan",
                                                  "Parent Relationship": "Outer",
                                                  "Parallel Aware": false,
                                                  "Async Capable": false,
                                                  "Relation Name": "web_site",
                                                  "Alias": "web_site",
                                                  "Startup Cost": 0.0,
                                                  "Total Cost": 3.42,
                                                  "Plan Rows": 42,
                                                  "Plan Width": 21,
                                                  "parent": 65,
                                                  "ID": 66
                                                }
                                              ],
                                              "parent": 51,
                                              "ID": 65,
                                              "left": 66
                                            }
                                          ],
                                          "parent": 50,
                                          "ID": 51,
                                          "left": 52,
                                          "right": 65
                                        }
                                      ],
                                      "parent": 49,
                                      "ID": 50,
                                      "left": 51
                                    }
                                  ],
                                  "parent": 48,
                                  "ID": 49,
                                  "left": 50
                                }
                              ],
                              "parent": 47,
                              "ID": 48,
                              "left": 49
                            }
                          ],
                          "parent": 46,
                          "ID": 47,
                          "left": 48
                        }
                      ],
                      "parent": 3,
                      "ID": 46,
                      "left": 47
                    }
                  ],
                  "parent": 2,
                  "ID": 3,
                  "left": 4,
                  "right": 25
                }
              ],
              "parent": 1,
              "ID": 2,
              "left": 3
            }
          ],
          "parent": 0,
          "ID": 1,
          "left": 2
        }
      ],
      "parent": null,
      "ID": 0,
      "left": 1
    },
    "feat": {
      "utility": 2.172201437469747e-06,
      "query_shape": [
        [
          "Seq Scan",
          "Hash Join",
          "Sort",
          "Aggregate",
          "Gather Merge",
          "Subquery Scan",
          "Append"
        ],
        [
          "Seq Scan",
          "Hash",
          "Hash Join",
          "Sort",
          "Aggregate",
          "Gather Merge",
          "Subquery Scan",
          "Append"
        ],
        [
          "Seq Scan",
          "Hash",
          "Hash Join",
          "Sort",
          "Aggregate",
          "Gather Merge",
          "Subquery Scan",
          "Append"
        ],
        [
          "Seq Scan",
          "Hash",
          "Hash Join",
          "Sort",
          "Aggregate",
          "Gather Merge",
          "Subquery Scan",
          "Append"
        ],
        [
          "Seq Scan",
          "Hash",
          "Hash Join",
          "Sort",
          "Aggregate",
          "Gather Merge",
          "Subquery Scan",
          "Append"
        ],
        [
          "Seq Scan",
          "Hash",
          "Hash Join",
          "Sort",
          "Aggregate",
          "Gather Merge",
          "Subquery Scan",
          "Append"
        ],
        [
          "Seq Scan",
          "Hash Join",
          "Sort",
          "Aggregate",
          "Gather Merge",
          "Subquery Scan",
          "Append"
        ],
        [
          "Seq Scan",
          "Hash",
          "Hash Join",
          "Sort",
          "Aggregate",
          "Gather Merge",
          "Subquery Scan",
          "Append"
        ],
        [
          "Seq Scan",
          "Hash",
          "Hash Join",
          "Sort",
          "Aggregate",
          "Gather Merge",
          "Subquery Scan",
          "Append"
        ],
        [
          "Seq Scan",
          "Hash",
          "Hash Join",
          "Sort",
          "Aggregate",
          "Gather Merge",
          "Subquery Scan",
          "Append"
        ],
        [
          "Seq Scan",
          "Hash",
          "Hash Join",
          "Sort",
          "Aggregate",
          "Gather Merge",
          "Subquery Scan",
          "Append"
        ],
        [
          "Seq Scan",
          "Hash",
          "Hash Join",
          "Sort",
          "Aggregate",
          "Gather Merge",
          "Subquery Scan",
          "Append"
        ],
        [
          "Seq Scan",
          "Hash Join",
          "Sort",
          "Aggregate",
          "Gather Merge",
          "Subquery Scan",
          "Append"
        ],
        [
          "Seq Scan",
          "Hash",
          "Hash Join",
          "Sort",
          "Aggregate",
          "Gather Merge",
          "Subquery Scan",
          "Append"
        ],
        [
          "Seq Scan",
          "Hash",
          "Hash Join",
          "Sort",
          "Aggregate",
          "Gather Merge",
          "Subquery Scan",
          "Append"
        ],
        [
          "Seq Scan",
          "Hash",
          "Hash Join",
          "Sort",
          "Aggregate",
          "Gather Merge",
          "Subquery Scan",
          "Append"
        ],
        [
          "Seq Scan",
          "Hash",
          "Hash Join",
          "Sort",
          "Aggregate",
          "Gather Merge",
          "Subquery Scan",
          "Append"
        ],
        [
          "Seq Scan",
          "Hash",
          "Hash Join",
          "Sort",
          "Aggregate",
          "Gather Merge",
          "Subquery Scan",
          "Append"
        ]
      ],
      "index_shape": [
        "join"
      ],
      "physical_operator": {
        "Hash Join": [
          0.004854227026553673
        ]
      }
    }
  },
  {
    "query": "with ssr as\n (select  s_store_id as store_id,\n          sum(ss_ext_sales_price) as sales,\n          sum(coalesce(sr_return_amt, 0)) as returns,\n          sum(ss_net_profit - coalesce(sr_net_loss, 0)) as profit\n  from store_sales left outer join store_returns on\n         (ss_item_sk = sr_item_sk and ss_ticket_number = sr_ticket_number),\n     date_dim,\n     store,\n     item,\n     promotion\n where ss_sold_date_sk = d_date_sk\n       and d_date between cast('2000-08-02' as date) \n                  and (cast('2000-08-02' as date) +  interval '30 days')\n       and ss_store_sk = s_store_sk\n       and ss_item_sk = i_item_sk\n       and i_current_price > 50\n       and ss_promo_sk = p_promo_sk\n       and p_channel_tv = 'N'\n group by s_store_id)\n ,\n csr as\n (select  cp_catalog_page_id as catalog_page_id,\n          sum(cs_ext_sales_price) as sales,\n          sum(coalesce(cr_return_amount, 0)) as returns,\n          sum(cs_net_profit - coalesce(cr_net_loss, 0)) as profit\n  from catalog_sales left outer join catalog_returns on\n         (cs_item_sk = cr_item_sk and cs_order_number = cr_order_number),\n     date_dim,\n     catalog_page,\n     item,\n     promotion\n where cs_sold_date_sk = d_date_sk\n       and d_date between cast('2000-08-02' as date)\n                  and (cast('2000-08-02' as date) +  interval '30 days')\n        and cs_catalog_page_sk = cp_catalog_page_sk\n       and cs_item_sk = i_item_sk\n       and i_current_price > 50\n       and cs_promo_sk = p_promo_sk\n       and p_channel_tv = 'N'\ngroup by cp_catalog_page_id)\n ,\n wsr as\n (select  web_site_id,\n          sum(ws_ext_sales_price) as sales,\n          sum(coalesce(wr_return_amt, 0)) as returns,\n          sum(ws_net_profit - coalesce(wr_net_loss, 0)) as profit\n  from web_sales left outer join web_returns on\n         (ws_item_sk = wr_item_sk and ws_order_number = wr_order_number),\n     date_dim,\n     web_site,\n     item,\n     promotion\n where ws_sold_date_sk = d_date_sk\n       and d_date between cast('2000-08-02' as date)\n                  and (cast('2000-08-02' as date) +  interval '30 days')\n        and ws_web_site_sk = web_site_sk\n       and ws_item_sk = i_item_sk\n       and i_current_price > 50\n       and ws_promo_sk = p_promo_sk\n       and p_channel_tv = 'N'\ngroup by web_site_id)\n  select  channel\n        , id\n        , sum(sales) as sales\n        , sum(returns) as returns\n        , sum(profit) as profit\n from \n (select 'store channel' as channel\n        , 'store' || store_id as id\n        , sales\n        , returns\n        , profit\n from   ssr\n union all\n select 'catalog channel' as channel\n        , 'catalog_page' || catalog_page_id as id\n        , sales\n        , returns\n        , profit\n from  csr\n union all\n select 'web channel' as channel\n        , 'web_site' || web_site_id as id\n        , sales\n        , returns\n        , profit\n from   wsr\n ) x\n group by rollup (channel, id)\n order by channel\n         ,id\n limit 100;\n\n-- end query 61 in stream 4 using template query80.tpl\n",
    "indexes": "web_sales.ws_item_sk",
    "wo plan est": {
      "Node Type": "Limit",
      "Parallel Aware": false,
      "Async Capable": false,
      "Startup Cost": 1566793.64,
      "Total Cost": 1566796.93,
      "Plan Rows": 100,
      "Plan Width": 160,
      "Plans": [
        {
          "Node Type": "Aggregate",
          "Strategy": "Sorted",
          "Partial Mode": "Simple",
          "Parent Relationship": "Outer",
          "Parallel Aware": false,
          "Async Capable": false,
          "Startup Cost": 1566793.64,
          "Total Cost": 1566806.84,
          "Plan Rows": 401,
          "Plan Width": 160,
          "Grouping Sets": [
            {
              "Group Keys": [
                [
                  "('store channel'::text)",
                  "(('store'::text || (ssr.store_id)::text))"
                ],
                [
                  "('store channel'::text)"
                ],
                []
              ]
            }
          ],
          "Plans": [
            {
              "Node Type": "Sort",
              "Parent Relationship": "Outer",
              "Parallel Aware": false,
              "Async Capable": false,
              "Startup Cost": 1566793.64,
              "Total Cost": 1566794.67,
              "Plan Rows": 412,
              "Plan Width": 160,
              "Sort Key": [
                "('store channel'::text)",
                "(('store'::text || (ssr.store_id)::text))"
              ],
              "Plans": [
                {
                  "Node Type": "Append",
                  "Parent Relationship": "Outer",
                  "Parallel Aware": false,
                  "Async Capable": false,
                  "Startup Cost": 784596.3,
                  "Total Cost": 1566775.74,
                  "Plan Rows": 412,
                  "Plan Width": 160,
                  "Subplans Removed": 0,
                  "Plans": [
                    {
                      "Node Type": "Subquery Scan",
                      "Parent Relationship": "Member",
                      "Parallel Aware": false,
                      "Async Capable": false,
                      "Alias": "ssr",
                      "Startup Cost": 784596.3,
                      "Total Cost": 784616.16,
                      "Plan Rows": 51,
                      "Plan Width": 160,
                      "Plans": [
                        {
                          "Node Type": "Aggregate",
                          "Strategy": "Sorted",
                          "Partial Mode": "Finalize",
                          "Parent Relationship": "Subquery",
                          "Parallel Aware": false,
                          "Async Capable": false,
                          "Startup Cost": 784596.3,
                          "Total Cost": 784615.39,
                          "Plan Rows": 51,
                          "Plan Width": 113,
                          "Group Key": [
                            "store.s_store_id"
                          ],
                          "Plans": [
                            {
                              "Node Type": "Gather Merge",
                              "Parent Relationship": "Outer",
                              "Parallel Aware": false,
                              "Async Capable": false,
                              "Startup Cost": 784596.3,
                              "Total Cost": 784612.71,
                              "Plan Rows": 102,
                              "Plan Width": 113,
                              "Workers Planned": 2,
                              "Plans": [
                                {
                                  "Node Type": "Aggregate",
                                  "Strategy": "Sorted",
                                  "Partial Mode": "Partial",
                                  "Parent Relationship": "Outer",
                                  "Parallel Aware": false,
                                  "Async Capable": false,
                                  "Startup Cost": 783596.27,
                                  "Total Cost": 783600.92,
                                  "Plan Rows": 51,
                                  "Plan Width": 113,
                                  "Group Key": [
                                    "store.s_store_id"
                                  ],
                                  "Plans": [
                                    {
                                      "Node Type": "Sort",
                                      "Parent Relationship": "Outer",
                                      "Parallel Aware": false,
                                      "Async Capable": false,
                                      "Startup Cost": 783596.27,
                                      "Total Cost": 783596.9,
                                      "Plan Rows": 250,
                                      "Plan Width": 41,
                                      "Sort Key": [
                                        "store.s_store_id"
                                      ],
                                      "Plans": [
                                        {
                                          "Node Type": "Hash Join",
                                          "Parent Relationship": "Outer",
                                          "Parallel Aware": false,
                                          "Async Capable": false,
                                          "Join Type": "Inner",
                                          "Startup Cost": 94489.35,
                                          "Total Cost": 783586.32,
                                          "Plan Rows": 250,
                                          "Plan Width": 41,
                                          "Inner Unique": false,
                                          "Hash Cond": "(store_sales.ss_store_sk = store.s_store_sk)",
                                          "Plans": [
                                            {
                                              "Node Type": "Hash Join",
                                              "Parent Relationship": "Outer",
                                              "Parallel Aware": false,
                                              "Async Capable": false,
                                              "Join Type": "Inner",
                                              "Startup Cost": 94482.05,
                                              "Total Cost": 783575.54,
                                              "Plan Rows": 262,
                                              "Plan Width": 28,
                                              "Inner Unique": false,
                                              "Hash Cond": "(store_sales.ss_promo_sk = promotion.p_promo_sk)",
                                              "Plans": [
                                                {
                                                  "Node Type": "Hash Join",
                                                  "Parent Relationship": "Outer",
                                                  "Parallel Aware": true,
                                                  "Async Capable": false,
                                                  "Join Type": "Inner",
                                                  "Startup Cost": 94456.65,
                                                  "Total Cost": 783546.47,
                                                  "Plan Rows": 279,
                                                  "Plan Width": 32,
                                                  "Inner Unique": false,
                                                  "Hash Cond": "(store_sales.ss_item_sk = item.i_item_sk)",
                                                  "Plans": [
                                                    {
                                                      "Node Type": "Hash Join",
                                                      "Parent Relationship": "Outer",
                                                      "Parallel Aware": true,
                                                      "Async Capable": false,
                                                      "Join Type": "Left",
                                                      "Startup Cost": 86930.88,
                                                      "Total Cost": 776001.31,
                                                      "Plan Rows": 4860,
                                                      "Plan Width": 36,
                                                      "Inner Unique": false,
                                                      "Hash Cond": "((store_sales.ss_item_sk = store_returns.sr_item_sk) AND (store_sales.ss_ticket_number = store_returns.sr_ticket_number))",
                                                      "Plans": [
                                                        {
                                                          "Node Type": "Hash Join",
                                                          "Parent Relationship": "Outer",
                                                          "Parallel Aware": true,
                                                          "Async Capable": false,
                                                          "Join Type": "Inner",
                                                          "Startup Cost": 2049.78,
                                                          "Total Cost": 683994.75,
                                                          "Plan Rows": 4860,
                                                          "Plan Width": 28,
                                                          "Inner Unique": false,
                                                          "Hash Cond": "(store_sales.ss_sold_date_sk = date_dim.d_date_sk)",
                                                          "Plans": [
                                                            {
                                                              "Node Type": "Seq Scan",
                                                              "Parent Relationship": "Outer",
                                                              "Parallel Aware": true,
                                                              "Async Capable": false,
                                                              "Relation Name": "store_sales",
                                                              "Alias": "store_sales",
                                                              "Startup Cost": 0.0,
                                                              "Total Cost": 636914.37,
                                                              "Plan Rows": 12000637,
                                                              "Plan Width": 32,
                                                              "parent": 13,
                                                              "ID": 14
                                                            },
                                                            {
                                                              "Node Type": "Hash",
                                                              "Parent Relationship": "Inner",
                                                              "Parallel Aware": true,
                                                              "Async Capable": false,
                                                              "Startup Cost": 2049.55,
                                                              "Total Cost": 2049.55,
                                                              "Plan Rows": 18,
                                                              "Plan Width": 4,
                                                              "Plans": [
                                                                {
                                                                  "Node Type": "Seq Scan",
                                                                  "Parent Relationship": "Outer",
                                                                  "Parallel Aware": true,
                                                                  "Async Capable": false,
                                                                  "Relation Name": "date_dim",
                                                                  "Alias": "date_dim",
                                                                  "Startup Cost": 0.0,
                                                                  "Total Cost": 2049.55,
                                                                  "Plan Rows": 18,
                                                                  "Plan Width": 4,
                                                                  "Filter": "((d_date >= '2000-08-02'::date) AND (d_date <= '2000-09-01 00:00:00'::timestamp without time zone))",
                                                                  "parent": 15,
                                                                  "ID": 16
                                                                }
                                                              ],
                                                              "parent": 13,
                                                              "ID": 15,
                                                              "left": 16
                                                            }
                                                          ],
                                                          "parent": 12,
                                                          "ID": 13,
                                                          "left": 14,
                                                          "right": 15
                                                        },
                                                        {
                                                          "Node Type": "Hash",
                                                          "Parent Relationship": "Inner",
                                                          "Parallel Aware": true,
                                                          "Async Capable": false,
                                                          "Startup Cost": 59887.64,
                                                          "Total Cost": 59887.64,
                                                          "Plan Rows": 1198164,
                                                          "Plan Width": 20,
                                                          "Plans": [
                                                            {
                                                              "Node Type": "Seq Scan",
                                                              "Parent Relationship": "Outer",
                                                              "Parallel Aware": true,
                                                              "Async Capable": false,
                                                              "Relation Name": "store_returns",
                                                              "Alias": "store_returns",
                                                              "Startup Cost": 0.0,
                                                              "Total Cost": 59887.64,
                                                              "Plan Rows": 1198164,
                                                              "Plan Width": 20,
                                                              "parent": 17,
                                                              "ID": 18
                                                            }
                                                          ],
                                                          "parent": 12,
                                                          "ID": 17,
                                                          "left": 18
                                                        }
                                                      ],
                                                      "parent": 11,
                                                      "ID": 12,
                                                      "left": 13,
                                                      "right": 17
                                                    },
                                                    {
                                                      "Node Type": "Hash",
                                                      "Parent Relationship": "Inner",
                                                      "Parallel Aware": true,
                                                      "Async Capable": false,
                                                      "Startup Cost": 7495.25,
                                                      "Total Cost": 7495.25,
                                                      "Plan Rows": 2442,
                                                      "Plan Width": 4,
                                                      "Plans": [
                                                        {
                                                          "Node Type": "Seq Scan",
                                                          "Parent Relationship": "Outer",
                                                          "Parallel Aware": true,
                                                          "Async Capable": false,
                                                          "Relation Name": "item",
                                                          "Alias": "item",
                                                          "Startup Cost": 0.0,
                                                          "Total Cost": 7495.25,
                                                          "Plan Rows": 2442,
                                                          "Plan Width": 4,
                                                          "Filter": "(i_current_price > '50'::numeric)",
                                                          "parent": 19,
                                                          "ID": 20
                                                        }
                                                      ],
                                                      "parent": 11,
                                                      "ID": 19,
                                                      "left": 20
                                                    }
                                                  ],
                                                  "parent": 10,
                                                  "ID": 11,
                                                  "left": 12,
                                                  "right": 19
                                                },
                                                {
                                                  "Node Type": "Hash",
                                                  "Parent Relationship": "Inner",
                                                  "Parallel Aware": false,
                                                  "Async Capable": false,
                                                  "Startup Cost": 19.25,
                                                  "Total Cost": 19.25,
                                                  "Plan Rows": 492,
                                                  "Plan Width": 4,
                                                  "Plans": [
                                                    {
                                                      "Node Type": "Seq Scan",
                                                      "Parent Relationship": "Outer",
                                                      "Parallel Aware": false,
                                                      "Async Capable": false,
                                                      "Relation Name": "promotion",
                                                      "Alias": "promotion",
                                                      "Startup Cost": 0.0,
                                                      "Total Cost": 19.25,
                                                      "Plan Rows": 492,
                                                      "Plan Width": 4,
                                                      "Filter": "(p_channel_tv = 'N'::bpchar)",
                                                      "parent": 21,
                                                      "ID": 22
                                                    }
                                                  ],
                                                  "parent": 10,
                                                  "ID": 21,
                                                  "left": 22
                                                }
                                              ],
                                              "parent": 9,
                                              "ID": 10,
                                              "left": 11,
                                              "right": 21
                                            },
                                            {
                                              "Node Type": "Hash",
                                              "Parent Relationship": "Inner",
                                              "Parallel Aware": false,
                                              "Async Capable": false,
                                              "Startup Cost": 6.02,
                                              "Total Cost": 6.02,
                                              "Plan Rows": 102,
                                              "Plan Width": 21,
                                              "Plans": [
                                                {
                                                  "Node Type": "Seq Scan",
                                                  "Parent Relationship": "Outer",
                                                  "Parallel Aware": false,
                                                  "Async Capable": false,
                                                  "Relation Name": "store",
                                                  "Alias": "store",
                                                  "Startup Cost": 0.0,
                                                  "Total Cost": 6.02,
                                                  "Plan Rows": 102,
                                                  "Plan Width": 21,
                                                  "parent": 23,
                                                  "ID": 24
                                                }
                                              ],
                                              "parent": 9,
                                              "ID": 23,
                                              "left": 24
                                            }
                                          ],
                                          "parent": 8,
                                          "ID": 9,
                                          "left": 10,
                                          "right": 23
                                        }
                                      ],
                                      "parent": 7,
                                      "ID": 8,
                                      "left": 9
                                    }
                                  ],
                                  "parent": 6,
                                  "ID": 7,
                                  "left": 8
                                }
                              ],
                              "parent": 5,
                              "ID": 6,
                              "left": 7
                            }
                          ],
                          "parent": 4,
                          "ID": 5,
                          "left": 6
                        }
                      ],
                      "parent": 3,
                      "ID": 4,
                      "left": 5
                    },
                    {
                      "Node Type": "Subquery Scan",
                      "Parent Relationship": "Member",
                      "Parallel Aware": false,
                      "Async Capable": false,
                      "Alias": "csr",
                      "Startup Cost": 518177.36,
                      "Total Cost": 518230.78,
                      "Plan Rows": 340,
                      "Plan Width": 160,
                      "Plans": [
                        {
                          "Node Type": "Aggregate",
                          "Strategy": "Sorted",
                          "Partial Mode": "Finalize",
                          "Parent Relationship": "Subquery",
                          "Parallel Aware": false,
                          "Async Capable": false,
                          "Startup Cost": 518177.36,
                          "Total Cost": 518225.68,
                          "Plan Rows": 340,
                          "Plan Width": 113,
                          "Group Key": [
                            "catalog_page.cp_catalog_page_id"
                          ],
                          "Plans": [
                            {
                              "Node Type": "Gather Merge",
                              "Parent Relationship": "Outer",
                              "Parallel Aware": false,
                              "Async Capable": false,
                              "Startup Cost": 518177.36,
                              "Total Cost": 518214.76,
                              "Plan Rows": 284,
                              "Plan Width": 113,
                              "Workers Planned": 2,
                              "Plans": [
                                {
                                  "Node Type": "Aggregate",
                                  "Strategy": "Sorted",
                                  "Partial Mode": "Partial",
                                  "Parent Relationship": "Outer",
                                  "Parallel Aware": false,
                                  "Async Capable": false,
                                  "Startup Cost": 517177.34,
                                  "Total Cost": 517181.95,
                                  "Plan Rows": 142,
                                  "Plan Width": 113,
                                  "Group Key": [
                                    "catalog_page.cp_catalog_page_id"
                                  ],
                                  "Plans": [
                                    {
                                      "Node Type": "Sort",
                                      "Parent Relationship": "Outer",
                                      "Parallel Aware": false,
                                      "Async Capable": false,
                                      "Startup Cost": 517177.34,
                                      "Total Cost": 517177.69,
                                      "Plan Rows": 142,
                                      "Plan Width": 41,
                                      "Sort Key": [
                                        "catalog_page.cp_catalog_page_id"
                                      ],
                                      "Plans": [
                                        {
                                          "Node Type": "Hash Join",
                                          "Parent Relationship": "Outer",
                                          "Parallel Aware": false,
                                          "Async Capable": false,
                                          "Join Type": "Inner",
                                          "Startup Cost": 57382.33,
                                          "Total Cost": 517172.26,
                                          "Plan Rows": 142,
                                          "Plan Width": 41,
                                          "Inner Unique": false,
                                          "Hash Cond": "(catalog_sales.cs_catalog_page_sk = catalog_page.cp_catalog_page_sk)",
                                          "Plans": [
                                            {
                                              "Node Type": "Hash Join",
                                              "Parent Relationship": "Outer",
                                              "Parallel Aware": false,
                                              "Async Capable": false,
                                              "Join Type": "Inner",
                                              "Startup Cost": 56864.33,
                                              "Total Cost": 516652.32,
                                              "Plan Rows": 142,
                                              "Plan Width": 28,
                                              "Inner Unique": false,
                                              "Hash Cond": "(catalog_sales.cs_promo_sk = promotion_1.p_promo_sk)",
                                              "Plans": [
                                                {
                                                  "Node Type": "Hash Join",
                                                  "Parent Relationship": "Outer",
                                                  "Parallel Aware": true,
                                                  "Async Capable": false,
                                                  "Join Type": "Inner",
                                                  "Startup Cost": 56838.93,
                                                  "Total Cost": 516624.96,
                                                  "Plan Rows": 145,
                                                  "Plan Width": 32,
                                                  "Inner Unique": false,
                                                  "Hash Cond": "(catalog_sales.cs_item_sk = item_1.i_item_sk)",
                                                  "Plans": [
                                                    {
                                                      "Node Type": "Hash Join",
                                                      "Parent Relationship": "Outer",
                                                      "Parallel Aware": true,
                                                      "Async Capable": false,
                                                      "Join Type": "Left",
                                                      "Startup Cost": 49313.15,
                                                      "Total Cost": 509089.08,
                                                      "Plan Rows": 2532,
                                                      "Plan Width": 36,
                                                      "Inner Unique": false,
                                                      "Hash Cond": "((catalog_sales.cs_item_sk = catalog_returns.cr_item_sk) AND (catalog_sales.cs_order_number = catalog_returns.cr_order_number))",
                                                      "Plans": [
                                                        {
                                                          "Node Type": "Hash Join",
                                                          "Parent Relationship": "Outer",
                                                          "Parallel Aware": true,
                                                          "Async Capable": false,
                                                          "Join Type": "Inner",
                                                          "Startup Cost": 2049.78,
                                                          "Total Cost": 458254.7,
                                                          "Plan Rows": 2532,
                                                          "Plan Width": 28,
                                                          "Inner Unique": false,
                                                          "Hash Cond": "(catalog_sales.cs_sold_date_sk = date_dim_1.d_date_sk)",
                                                          "Plans": [
                                                            {
                                                              "Node Type": "Seq Scan",
                                                              "Parent Relationship": "Outer",
                                                              "Parallel Aware": true,
                                                              "Async Capable": false,
                                                              "Relation Name": "catalog_sales",
                                                              "Alias": "catalog_sales",
                                                              "Startup Cost": 0.0,
                                                              "Total Cost": 433688.25,
                                                              "Plan Rows": 6000525,
                                                              "Plan Width": 32,
                                                              "parent": 34,
                                                              "ID": 35
                                                            },
                                                            {
                                                              "Node Type": "Hash",
                                                              "Parent Relationship": "Inner",
                                                              "Parallel Aware": true,
                                                              "Async Capable": false,
                                                              "Startup Cost": 2049.55,
                                                              "Total Cost": 2049.55,
                                                              "Plan Rows": 18,
                                                              "Plan Width": 4,
                                                              "Plans": [
                                                                {
                                                                  "Node Type": "Seq Scan",
                                                                  "Parent Relationship": "Outer",
                                                                  "Parallel Aware": true,
                                                                  "Async Capable": false,
                                                                  "Relation Name": "date_dim",
                                                                  "Alias": "date_dim_1",
                                                                  "Startup Cost": 0.0,
                                                                  "Total Cost": 2049.55,
                                                                  "Plan Rows": 18,
                                                                  "Plan Width": 4,
                                                                  "Filter": "((d_date >= '2000-08-02'::date) AND (d_date <= '2000-09-01 00:00:00'::timestamp without time zone))",
                                                                  "parent": 36,
                                                                  "ID": 37
                                                                }
                                                              ],
                                                              "parent": 34,
                                                              "ID": 36,
                                                              "left": 37
                                                            }
                                                          ],
                                                          "parent": 33,
                                                          "ID": 34,
                                                          "left": 35,
                                                          "right": 36
                                                        },
                                                        {
                                                          "Node Type": "Hash",
                                                          "Parent Relationship": "Inner",
                                                          "Parallel Aware": true,
                                                          "Async Capable": false,
                                                          "Startup Cost": 34748.95,
                                                          "Total Cost": 34748.95,
                                                          "Plan Rows": 599895,
                                                          "Plan Width": 20,
                                                          "Plans": [
                                                            {
                                                              "Node Type": "Seq Scan",
                                                              "Parent Relationship": "Outer",
                                                              "Parallel Aware": true,
                                                              "Async Capable": false,
                                                              "Relation Name": "catalog_returns",
                                                              "Alias": "catalog_returns",
                                                              "Startup Cost": 0.0,
                                                              "Total Cost": 34748.95,
                                                              "Plan Rows": 599895,
                                                              "Plan Width": 20,
                                                              "parent": 38,
                                                              "ID": 39
                                                            }
                                                          ],
                                                          "parent": 33,
                                                          "ID": 38,
                                                          "left": 39
                                                        }
                                                      ],
                                                      "parent": 32,
                                                      "ID": 33,
                                                      "left": 34,
                                                      "right": 38
                                                    },
                                                    {
                                                      "Node Type": "Hash",
                                                      "Parent Relationship": "Inner",
                                                      "Parallel Aware": true,
                                                      "Async Capable": false,
                                                      "Startup Cost": 7495.25,
                                                      "Total Cost": 7495.25,
                                                      "Plan Rows": 2442,
                                                      "Plan Width": 4,
                                                      "Plans": [
                                                        {
                                                          "Node Type": "Seq Scan",
                                                          "Parent Relationship": "Outer",
                                                          "Parallel Aware": true,
                                                          "Async Capable": false,
                                                          "Relation Name": "item",
                                                          "Alias": "item_1",
                                                          "Startup Cost": 0.0,
                                                          "Total Cost": 7495.25,
                                                          "Plan Rows": 2442,
                                                          "Plan Width": 4,
                                                          "Filter": "(i_current_price > '50'::numeric)",
                                                          "parent": 40,
                                                          "ID": 41
                                                        }
                                                      ],
                                                      "parent": 32,
                                                      "ID": 40,
                                                      "left": 41
                                                    }
                                                  ],
                                                  "parent": 31,
                                                  "ID": 32,
                                                  "left": 33,
                                                  "right": 40
                                                },
                                                {
                                                  "Node Type": "Hash",
                                                  "Parent Relationship": "Inner",
                                                  "Parallel Aware": false,
                                                  "Async Capable": false,
                                                  "Startup Cost": 19.25,
                                                  "Total Cost": 19.25,
                                                  "Plan Rows": 492,
                                                  "Plan Width": 4,
                                                  "Plans": [
                                                    {
                                                      "Node Type": "Seq Scan",
                                                      "Parent Relationship": "Outer",
                                                      "Parallel Aware": false,
                                                      "Async Capable": false,
                                                      "Relation Name": "promotion",
                                                      "Alias": "promotion_1",
                                                      "Startup Cost": 0.0,
                                                      "Total Cost": 19.25,
                                                      "Plan Rows": 492,
                                                      "Plan Width": 4,
                                                      "Filter": "(p_channel_tv = 'N'::bpchar)",
                                                      "parent": 42,
                                                      "ID": 43
                                                    }
                                                  ],
                                                  "parent": 31,
                                                  "ID": 42,
                                                  "left": 43
                                                }
                                              ],
                                              "parent": 30,
                                              "ID": 31,
                                              "left": 32,
                                              "right": 42
                                            },
                                            {
                                              "Node Type": "Hash",
                                              "Parent Relationship": "Inner",
                                              "Parallel Aware": false,
                                              "Async Capable": false,
                                              "Startup Cost": 368.0,
                                              "Total Cost": 368.0,
                                              "Plan Rows": 12000,
                                              "Plan Width": 21,
                                              "Plans": [
                                                {
                                                  "Node Type": "Seq Scan",
                                                  "Parent Relationship": "Outer",
                                                  "Parallel Aware": false,
                                                  "Async Capable": false,
                                                  "Relation Name": "catalog_page",
                                                  "Alias": "catalog_page",
                                                  "Startup Cost": 0.0,
                                                  "Total Cost": 368.0,
                                                  "Plan Rows": 12000,
                                                  "Plan Width": 21,
                                                  "parent": 44,
                                                  "ID": 45
                                                }
                                              ],
                                              "parent": 30,
                                              "ID": 44,
                                              "left": 45
                                            }
                                          ],
                                          "parent": 29,
                                          "ID": 30,
                                          "left": 31,
                                          "right": 44
                                        }
                                      ],
                                      "parent": 28,
                                      "ID": 29,
                                      "left": 30
                                    }
                                  ],
                                  "parent": 27,
                                  "ID": 28,
                                  "left": 29
                                }
                              ],
                              "parent": 26,
                              "ID": 27,
                              "left": 28
                            }
                          ],
                          "parent": 25,
                          "ID": 26,
                          "left": 27
                        }
                      ],
                      "parent": 3,
                      "ID": 25,
                      "left": 26
                    },
                    {
                      "Node Type": "Subquery Scan",
                      "Parent Relationship": "Member",
                      "Parallel Aware": false,
                      "Async Capable": false,
                      "Alias": "wsr",
                      "Startup Cost": 263919.04,
                      "Total Cost": 263926.75,
                      "Plan Rows": 21,
                      "Plan Width": 160,
                      "Plans": [
                        {
                          "Node Type": "Aggregate",
                          "Strategy": "Sorted",
                          "Partial Mode": "Finalize",
                          "Parent Relationship": "Subquery",
                          "Parallel Aware": false,
                          "Async Capable": false,
                          "Startup Cost": 263919.04,
                          "Total Cost": 263926.43,
                          "Plan Rows": 21,
                          "Plan Width": 113,
                          "Group Key": [
                            "web_site.web_site_id"
                          ],
                          "Plans": [
                            {
                              "Node Type": "Gather Merge",
                              "Parent Relationship": "Outer",
                              "Parallel Aware": false,
                              "Async Capable": false,
                              "Startup Cost": 263919.04,
                              "Total Cost": 263925.33,
                              "Plan Rows": 42,
                              "Plan Width": 113,
                              "Workers Planned": 2,
                              "Plans": [
                                {
                                  "Node Type": "Aggregate",
                                  "Strategy": "Sorted",
                                  "Partial Mode": "Partial",
                                  "Parent Relationship": "Outer",
                                  "Parallel Aware": false,
                                  "Async Capable": false,
                                  "Startup Cost": 262919.01,
                                  "Total Cost": 262920.46,
                                  "Plan Rows": 21,
                                  "Plan Width": 113,
                                  "Group Key": [
                                    "web_site.web_site_id"
                                  ],
                                  "Plans": [
                                    {
                                      "Node Type": "Sort",
                                      "Parent Relationship": "Outer",
                                      "Parallel Aware": false,
                                      "Async Capable": false,
                                      "Startup Cost": 262919.01,
                                      "Total Cost": 262919.19,
                                      "Plan Rows": 72,
                                      "Plan Width": 41,
                                      "Sort Key": [
                                        "web_site.web_site_id"
                                      ],
                                      "Plans": [
                                        {
                                          "Node Type": "Hash Join",
                                          "Parent Relationship": "Outer",
                                          "Parallel Aware": false,
                                          "Async Capable": false,
                                          "Join Type": "Inner",
                                          "Startup Cost": 32134.74,
                                          "Total Cost": 262916.79,
                                          "Plan Rows": 72,
                                          "Plan Width": 41,
                                          "Inner Unique": false,
                                          "Hash Cond": "(web_sales.ws_web_site_sk = web_site.web_site_sk)",
                                          "Plans": [
                                            {
                                              "Node Type": "Hash Join",
                                              "Parent Relationship": "Outer",
                                              "Parallel Aware": false,
                                              "Async Capable": false,
                                              "Join Type": "Inner",
                                              "Startup Cost": 32130.8,
                                              "Total Cost": 262911.86,
                                              "Plan Rows": 72,
                                              "Plan Width": 28,
                                              "Inner Unique": false,
                                              "Hash Cond": "(web_sales.ws_promo_sk = promotion_2.p_promo_sk)",
                                              "Plans": [
                                                {
                                                  "Node Type": "Hash Join",
                                                  "Parent Relationship": "Outer",
                                                  "Parallel Aware": true,
                                                  "Async Capable": false,
                                                  "Join Type": "Inner",
                                                  "Startup Cost": 32105.4,
                                                  "Total Cost": 262885.46,
                                                  "Plan Rows": 73,
                                                  "Plan Width": 32,
                                                  "Inner Unique": false,
                                                  "Hash Cond": "(web_sales.ws_item_sk = item_2.i_item_sk)",
                                                  "Plans": [
                                                    {
                                                      "Node Type": "Hash Join",
                                                      "Parent Relationship": "Outer",
                                                      "Parallel Aware": true,
                                                      "Async Capable": false,
                                                      "Join Type": "Left",
                                                      "Startup Cost": 24579.62,
                                                      "Total Cost": 255354.62,
                                                      "Plan Rows": 1272,
                                                      "Plan Width": 36,
                                                      "Inner Unique": false,
                                                      "Hash Cond": "((web_sales.ws_item_sk = web_returns.wr_item_sk) AND (web_sales.ws_order_number = web_returns.wr_order_number))",
                                                      "Plans": [
                                                        {
                                                          "Node Type": "Hash Join",
                                                          "Parent Relationship": "Outer",
                                                          "Parallel Aware": true,
                                                          "Async Capable": false,
                                                          "Join Type": "Inner",
                                                          "Startup Cost": 2049.78,
                                                          "Total Cost": 231041.22,
                                                          "Plan Rows": 1272,
                                                          "Plan Width": 28,
                                                          "Inner Unique": false,
                                                          "Hash Cond": "(web_sales.ws_sold_date_sk = date_dim_2.d_date_sk)",
                                                          "Plans": [
                                                            {
                                                              "Node Type": "Seq Scan",
                                                              "Parent Relationship": "Outer",
                                                              "Parallel Aware": true,
                                                              "Async Capable": false,
                                                              "Relation Name": "web_sales",
                                                              "Alias": "web_sales",
                                                              "Startup Cost": 0.0,
                                                              "Total Cost": 217737.86,
                                                              "Plan Rows": 2998986,
                                                              "Plan Width": 32,
                                                              "parent": 55,
                                                              "ID": 56
                                                            },
                                                            {
                                                              "Node Type": "Hash",
                                                              "Parent Relationship": "Inner",
                                                              "Parallel Aware": true,
                                                              "Async Capable": false,
                                                              "Startup Cost": 2049.55,
                                                              "Total Cost": 2049.55,
                                                              "Plan Rows": 18,
                                                              "Plan Width": 4,
                                                              "Plans": [
                                                                {
                                                                  "Node Type": "Seq Scan",
                                                                  "Parent Relationship": "Outer",
                                                                  "Parallel Aware": true,
                                                                  "Async Capable": false,
                                                                  "Relation Name": "date_dim",
                                                                  "Alias": "date_dim_2",
                                                                  "Startup Cost": 0.0,
                                                                  "Total Cost": 2049.55,
                                                                  "Plan Rows": 18,
                                                                  "Plan Width": 4,
                                                                  "Filter": "((d_date >= '2000-08-02'::date) AND (d_date <= '2000-09-01 00:00:00'::timestamp without time zone))",
                                                                  "parent": 57,
                                                                  "ID": 58
                                                                }
                                                              ],
                                                              "parent": 55,
                                                              "ID": 57,
                                                              "left": 58
                                                            }
                                                          ],
                                                          "parent": 54,
                                                          "ID": 55,
                                                          "left": 56,
                                                          "right": 57
                                                        },
                                                        {
                                                          "Node Type": "Hash",
                                                          "Parent Relationship": "Inner",
                                                          "Parallel Aware": true,
                                                          "Async Capable": false,
                                                          "Startup Cost": 16278.74,
                                                          "Total Cost": 16278.74,
                                                          "Plan Rows": 299674,
                                                          "Plan Width": 20,
                                                          "Plans": [
                                                            {
                                                              "Node Type": "Seq Scan",
                                                              "Parent Relationship": "Outer",
                                                              "Parallel Aware": true,
                                                              "Async Capable": false,
                                                              "Relation Name": "web_returns",
                                                              "Alias": "web_returns",
                                                              "Startup Cost": 0.0,
                                                              "Total Cost": 16278.74,
                                                              "Plan Rows": 299674,
                                                              "Plan Width": 20,
                                                              "parent": 59,
                                                              "ID": 60
                                                            }
                                                          ],
                                                          "parent": 54,
                                                          "ID": 59,
                                                          "left": 60
                                                        }
                                                      ],
                                                      "parent": 53,
                                                      "ID": 54,
                                                      "left": 55,
                                                      "right": 59
                                                    },
                                                    {
                                                      "Node Type": "Hash",
                                                      "Parent Relationship": "Inner",
                                                      "Parallel Aware": true,
                                                      "Async Capable": false,
                                                      "Startup Cost": 7495.25,
                                                      "Total Cost": 7495.25,
                                                      "Plan Rows": 2442,
                                                      "Plan Width": 4,
                                                      "Plans": [
                                                        {
                                                          "Node Type": "Seq Scan",
                                                          "Parent Relationship": "Outer",
                                                          "Parallel Aware": true,
                                                          "Async Capable": false,
                                                          "Relation Name": "item",
                                                          "Alias": "item_2",
                                                          "Startup Cost": 0.0,
                                                          "Total Cost": 7495.25,
                                                          "Plan Rows": 2442,
                                                          "Plan Width": 4,
                                                          "Filter": "(i_current_price > '50'::numeric)",
                                                          "parent": 61,
                                                          "ID": 62
                                                        }
                                                      ],
                                                      "parent": 53,
                                                      "ID": 61,
                                                      "left": 62
                                                    }
                                                  ],
                                                  "parent": 52,
                                                  "ID": 53,
                                                  "left": 54,
                                                  "right": 61
                                                },
                                                {
                                                  "Node Type": "Hash",
                                                  "Parent Relationship": "Inner",
                                                  "Parallel Aware": false,
                                                  "Async Capable": false,
                                                  "Startup Cost": 19.25,
                                                  "Total Cost": 19.25,
                                                  "Plan Rows": 492,
                                                  "Plan Width": 4,
                                                  "Plans": [
                                                    {
                                                      "Node Type": "Seq Scan",
                                                      "Parent Relationship": "Outer",
                                                      "Parallel Aware": false,
                                                      "Async Capable": false,
                                                      "Relation Name": "promotion",
                                                      "Alias": "promotion_2",
                                                      "Startup Cost": 0.0,
                                                      "Total Cost": 19.25,
                                                      "Plan Rows": 492,
                                                      "Plan Width": 4,
                                                      "Filter": "(p_channel_tv = 'N'::bpchar)",
                                                      "parent": 63,
                                                      "ID": 64
                                                    }
                                                  ],
                                                  "parent": 52,
                                                  "ID": 63,
                                                  "left": 64
                                                }
                                              ],
                                              "parent": 51,
                                              "ID": 52,
                                              "left": 53,
                                              "right": 63
                                            },
                                            {
                                              "Node Type": "Hash",
                                              "Parent Relationship": "Inner",
                                              "Parallel Aware": false,
                                              "Async Capable": false,
                                              "Startup Cost": 3.42,
                                              "Total Cost": 3.42,
                                              "Plan Rows": 42,
                                              "Plan Width": 21,
                                              "Plans": [
                                                {
                                                  "Node Type": "Seq Scan",
                                                  "Parent Relationship": "Outer",
                                                  "Parallel Aware": false,
                                                  "Async Capable": false,
                                                  "Relation Name": "web_site",
                                                  "Alias": "web_site",
                                                  "Startup Cost": 0.0,
                                                  "Total Cost": 3.42,
                                                  "Plan Rows": 42,
                                                  "Plan Width": 21,
                                                  "parent": 65,
                                                  "ID": 66
                                                }
                                              ],
                                              "parent": 51,
                                              "ID": 65,
                                              "left": 66
                                            }
                                          ],
                                          "parent": 50,
                                          "ID": 51,
                                          "left": 52,
                                          "right": 65
                                        }
                                      ],
                                      "parent": 49,
                                      "ID": 50,
                                      "left": 51
                                    }
                                  ],
                                  "parent": 48,
                                  "ID": 49,
                                  "left": 50
                                }
                              ],
                              "parent": 47,
                              "ID": 48,
                              "left": 49
                            }
                          ],
                          "parent": 46,
                          "ID": 47,
                          "left": 48
                        }
                      ],
                      "parent": 3,
                      "ID": 46,
                      "left": 47
                    }
                  ],
                  "parent": 2,
                  "ID": 3,
                  "left": 4,
                  "right": 25
                }
              ],
              "parent": 1,
              "ID": 2,
              "left": 3
            }
          ],
          "parent": 0,
          "ID": 1,
          "left": 2
        }
      ],
      "parent": null,
      "ID": 0,
      "left": 1
    },
    "feat": {
      "utility": 4.351025297268373e-06,
      "query_shape": [
        [
          "Seq Scan",
          "Hash Join",
          "Sort",
          "Aggregate",
          "Gather Merge",
          "Subquery Scan",
          "Append"
        ],
        [
          "Seq Scan",
          "Hash",
          "Hash Join",
          "Sort",
          "Aggregate",
          "Gather Merge",
          "Subquery Scan",
          "Append"
        ],
        [
          "Seq Scan",
          "Hash",
          "Hash Join",
          "Sort",
          "Aggregate",
          "Gather Merge",
          "Subquery Scan",
          "Append"
        ],
        [
          "Seq Scan",
          "Hash",
          "Hash Join",
          "Sort",
          "Aggregate",
          "Gather Merge",
          "Subquery Scan",
          "Append"
        ],
        [
          "Seq Scan",
          "Hash",
          "Hash Join",
          "Sort",
          "Aggregate",
          "Gather Merge",
          "Subquery Scan",
          "Append"
        ],
        [
          "Seq Scan",
          "Hash",
          "Hash Join",
          "Sort",
          "Aggregate",
          "Gather Merge",
          "Subquery Scan",
          "Append"
        ],
        [
          "Seq Scan",
          "Hash Join",
          "Sort",
          "Aggregate",
          "Gather Merge",
          "Subquery Scan",
          "Append"
        ],
        [
          "Seq Scan",
          "Hash",
          "Hash Join",
          "Sort",
          "Aggregate",
          "Gather Merge",
          "Subquery Scan",
          "Append"
        ],
        [
          "Seq Scan",
          "Hash",
          "Hash Join",
          "Sort",
          "Aggregate",
          "Gather Merge",
          "Subquery Scan",
          "Append"
        ],
        [
          "Seq Scan",
          "Hash",
          "Hash Join",
          "Sort",
          "Aggregate",
          "Gather Merge",
          "Subquery Scan",
          "Append"
        ],
        [
          "Seq Scan",
          "Hash",
          "Hash Join",
          "Sort",
          "Aggregate",
          "Gather Merge",
          "Subquery Scan",
          "Append"
        ],
        [
          "Seq Scan",
          "Hash",
          "Hash Join",
          "Sort",
          "Aggregate",
          "Gather Merge",
          "Subquery Scan",
          "Append"
        ],
        [
          "Seq Scan",
          "Hash Join",
          "Sort",
          "Aggregate",
          "Gather Merge",
          "Subquery Scan",
          "Append"
        ],
        [
          "Seq Scan",
          "Hash",
          "Hash Join",
          "Sort",
          "Aggregate",
          "Gather Merge",
          "Subquery Scan",
          "Append"
        ],
        [
          "Seq Scan",
          "Hash",
          "Hash Join",
          "Sort",
          "Aggregate",
          "Gather Merge",
          "Subquery Scan",
          "Append"
        ],
        [
          "Seq Scan",
          "Hash",
          "Hash Join",
          "Sort",
          "Aggregate",
          "Gather Merge",
          "Subquery Scan",
          "Append"
        ],
        [
          "Seq Scan",
          "Hash",
          "Hash Join",
          "Sort",
          "Aggregate",
          "Gather Merge",
          "Subquery Scan",
          "Append"
        ],
        [
          "Seq Scan",
          "Hash",
          "Hash Join",
          "Sort",
          "Aggregate",
          "Gather Merge",
          "Subquery Scan",
          "Append"
        ]
      ],
      "index_shape": [
        "join"
      ],
      "physical_operator": {
        "Hash Join": [
          0.004847803909657007,
          0.0018267346539619918
        ]
      }
    }
  },
  {
    "query": "with ssr as\n (select  s_store_id as store_id,\n          sum(ss_ext_sales_price) as sales,\n          sum(coalesce(sr_return_amt, 0)) as returns,\n          sum(ss_net_profit - coalesce(sr_net_loss, 0)) as profit\n  from store_sales left outer join store_returns on\n         (ss_item_sk = sr_item_sk and ss_ticket_number = sr_ticket_number),\n     date_dim,\n     store,\n     item,\n     promotion\n where ss_sold_date_sk = d_date_sk\n       and d_date between cast('2000-08-02' as date) \n                  and (cast('2000-08-02' as date) +  interval '30 days')\n       and ss_store_sk = s_store_sk\n       and ss_item_sk = i_item_sk\n       and i_current_price > 50\n       and ss_promo_sk = p_promo_sk\n       and p_channel_tv = 'N'\n group by s_store_id)\n ,\n csr as\n (select  cp_catalog_page_id as catalog_page_id,\n          sum(cs_ext_sales_price) as sales,\n          sum(coalesce(cr_return_amount, 0)) as returns,\n          sum(cs_net_profit - coalesce(cr_net_loss, 0)) as profit\n  from catalog_sales left outer join catalog_returns on\n         (cs_item_sk = cr_item_sk and cs_order_number = cr_order_number),\n     date_dim,\n     catalog_page,\n     item,\n     promotion\n where cs_sold_date_sk = d_date_sk\n       and d_date between cast('2000-08-02' as date)\n                  and (cast('2000-08-02' as date) +  interval '30 days')\n        and cs_catalog_page_sk = cp_catalog_page_sk\n       and cs_item_sk = i_item_sk\n       and i_current_price > 50\n       and cs_promo_sk = p_promo_sk\n       and p_channel_tv = 'N'\ngroup by cp_catalog_page_id)\n ,\n wsr as\n (select  web_site_id,\n          sum(ws_ext_sales_price) as sales,\n          sum(coalesce(wr_return_amt, 0)) as returns,\n          sum(ws_net_profit - coalesce(wr_net_loss, 0)) as profit\n  from web_sales left outer join web_returns on\n         (ws_item_sk = wr_item_sk and ws_order_number = wr_order_number),\n     date_dim,\n     web_site,\n     item,\n     promotion\n where ws_sold_date_sk = d_date_sk\n       and d_date between cast('2000-08-02' as date)\n                  and (cast('2000-08-02' as date) +  interval '30 days')\n        and ws_web_site_sk = web_site_sk\n       and ws_item_sk = i_item_sk\n       and i_current_price > 50\n       and ws_promo_sk = p_promo_sk\n       and p_channel_tv = 'N'\ngroup by web_site_id)\n  select  channel\n        , id\n        , sum(sales) as sales\n        , sum(returns) as returns\n        , sum(profit) as profit\n from \n (select 'store channel' as channel\n        , 'store' || store_id as id\n        , sales\n        , returns\n        , profit\n from   ssr\n union all\n select 'catalog channel' as channel\n        , 'catalog_page' || catalog_page_id as id\n        , sales\n        , returns\n        , profit\n from  csr\n union all\n select 'web channel' as channel\n        , 'web_site' || web_site_id as id\n        , sales\n        , returns\n        , profit\n from   wsr\n ) x\n group by rollup (channel, id)\n order by channel\n         ,id\n limit 100;\n\n-- end query 61 in stream 4 using template query80.tpl\n",
    "indexes": "web_sales.ws_web_site_sk",
    "wo plan est": {
      "Node Type": "Limit",
      "Parallel Aware": false,
      "Async Capable": false,
      "Startup Cost": 1566793.64,
      "Total Cost": 1566796.93,
      "Plan Rows": 100,
      "Plan Width": 160,
      "Plans": [
        {
          "Node Type": "Aggregate",
          "Strategy": "Sorted",
          "Partial Mode": "Simple",
          "Parent Relationship": "Outer",
          "Parallel Aware": false,
          "Async Capable": false,
          "Startup Cost": 1566793.64,
          "Total Cost": 1566806.84,
          "Plan Rows": 401,
          "Plan Width": 160,
          "Grouping Sets": [
            {
              "Group Keys": [
                [
                  "('store channel'::text)",
                  "(('store'::text || (ssr.store_id)::text))"
                ],
                [
                  "('store channel'::text)"
                ],
                []
              ]
            }
          ],
          "Plans": [
            {
              "Node Type": "Sort",
              "Parent Relationship": "Outer",
              "Parallel Aware": false,
              "Async Capable": false,
              "Startup Cost": 1566793.64,
              "Total Cost": 1566794.67,
              "Plan Rows": 412,
              "Plan Width": 160,
              "Sort Key": [
                "('store channel'::text)",
                "(('store'::text || (ssr.store_id)::text))"
              ],
              "Plans": [
                {
                  "Node Type": "Append",
                  "Parent Relationship": "Outer",
                  "Parallel Aware": false,
                  "Async Capable": false,
                  "Startup Cost": 784596.3,
                  "Total Cost": 1566775.74,
                  "Plan Rows": 412,
                  "Plan Width": 160,
                  "Subplans Removed": 0,
                  "Plans": [
                    {
                      "Node Type": "Subquery Scan",
                      "Parent Relationship": "Member",
                      "Parallel Aware": false,
                      "Async Capable": false,
                      "Alias": "ssr",
                      "Startup Cost": 784596.3,
                      "Total Cost": 784616.16,
                      "Plan Rows": 51,
                      "Plan Width": 160,
                      "Plans": [
                        {
                          "Node Type": "Aggregate",
                          "Strategy": "Sorted",
                          "Partial Mode": "Finalize",
                          "Parent Relationship": "Subquery",
                          "Parallel Aware": false,
                          "Async Capable": false,
                          "Startup Cost": 784596.3,
                          "Total Cost": 784615.39,
                          "Plan Rows": 51,
                          "Plan Width": 113,
                          "Group Key": [
                            "store.s_store_id"
                          ],
                          "Plans": [
                            {
                              "Node Type": "Gather Merge",
                              "Parent Relationship": "Outer",
                              "Parallel Aware": false,
                              "Async Capable": false,
                              "Startup Cost": 784596.3,
                              "Total Cost": 784612.71,
                              "Plan Rows": 102,
                              "Plan Width": 113,
                              "Workers Planned": 2,
                              "Plans": [
                                {
                                  "Node Type": "Aggregate",
                                  "Strategy": "Sorted",
                                  "Partial Mode": "Partial",
                                  "Parent Relationship": "Outer",
                                  "Parallel Aware": false,
                                  "Async Capable": false,
                                  "Startup Cost": 783596.27,
                                  "Total Cost": 783600.92,
                                  "Plan Rows": 51,
                                  "Plan Width": 113,
                                  "Group Key": [
                                    "store.s_store_id"
                                  ],
                                  "Plans": [
                                    {
                                      "Node Type": "Sort",
                                      "Parent Relationship": "Outer",
                                      "Parallel Aware": false,
                                      "Async Capable": false,
                                      "Startup Cost": 783596.27,
                                      "Total Cost": 783596.9,
                                      "Plan Rows": 250,
                                      "Plan Width": 41,
                                      "Sort Key": [
                                        "store.s_store_id"
                                      ],
                                      "Plans": [
                                        {
                                          "Node Type": "Hash Join",
                                          "Parent Relationship": "Outer",
                                          "Parallel Aware": false,
                                          "Async Capable": false,
                                          "Join Type": "Inner",
                                          "Startup Cost": 94489.35,
                                          "Total Cost": 783586.32,
                                          "Plan Rows": 250,
                                          "Plan Width": 41,
                                          "Inner Unique": false,
                                          "Hash Cond": "(store_sales.ss_store_sk = store.s_store_sk)",
                                          "Plans": [
                                            {
                                              "Node Type": "Hash Join",
                                              "Parent Relationship": "Outer",
                                              "Parallel Aware": false,
                                              "Async Capable": false,
                                              "Join Type": "Inner",
                                              "Startup Cost": 94482.05,
                                              "Total Cost": 783575.54,
                                              "Plan Rows": 262,
                                              "Plan Width": 28,
                                              "Inner Unique": false,
                                              "Hash Cond": "(store_sales.ss_promo_sk = promotion.p_promo_sk)",
                                              "Plans": [
                                                {
                                                  "Node Type": "Hash Join",
                                                  "Parent Relationship": "Outer",
                                                  "Parallel Aware": true,
                                                  "Async Capable": false,
                                                  "Join Type": "Inner",
                                                  "Startup Cost": 94456.65,
                                                  "Total Cost": 783546.47,
                                                  "Plan Rows": 279,
                                                  "Plan Width": 32,
                                                  "Inner Unique": false,
                                                  "Hash Cond": "(store_sales.ss_item_sk = item.i_item_sk)",
                                                  "Plans": [
                                                    {
                                                      "Node Type": "Hash Join",
                                                      "Parent Relationship": "Outer",
                                                      "Parallel Aware": true,
                                                      "Async Capable": false,
                                                      "Join Type": "Left",
                                                      "Startup Cost": 86930.88,
                                                      "Total Cost": 776001.31,
                                                      "Plan Rows": 4860,
                                                      "Plan Width": 36,
                                                      "Inner Unique": false,
                                                      "Hash Cond": "((store_sales.ss_item_sk = store_returns.sr_item_sk) AND (store_sales.ss_ticket_number = store_returns.sr_ticket_number))",
                                                      "Plans": [
                                                        {
                                                          "Node Type": "Hash Join",
                                                          "Parent Relationship": "Outer",
                                                          "Parallel Aware": true,
                                                          "Async Capable": false,
                                                          "Join Type": "Inner",
                                                          "Startup Cost": 2049.78,
                                                          "Total Cost": 683994.75,
                                                          "Plan Rows": 4860,
                                                          "Plan Width": 28,
                                                          "Inner Unique": false,
                                                          "Hash Cond": "(store_sales.ss_sold_date_sk = date_dim.d_date_sk)",
                                                          "Plans": [
                                                            {
                                                              "Node Type": "Seq Scan",
                                                              "Parent Relationship": "Outer",
                                                              "Parallel Aware": true,
                                                              "Async Capable": false,
                                                              "Relation Name": "store_sales",
                                                              "Alias": "store_sales",
                                                              "Startup Cost": 0.0,
                                                              "Total Cost": 636914.37,
                                                              "Plan Rows": 12000637,
                                                              "Plan Width": 32,
                                                              "parent": 13,
                                                              "ID": 14
                                                            },
                                                            {
                                                              "Node Type": "Hash",
                                                              "Parent Relationship": "Inner",
                                                              "Parallel Aware": true,
                                                              "Async Capable": false,
                                                              "Startup Cost": 2049.55,
                                                              "Total Cost": 2049.55,
                                                              "Plan Rows": 18,
                                                              "Plan Width": 4,
                                                              "Plans": [
                                                                {
                                                                  "Node Type": "Seq Scan",
                                                                  "Parent Relationship": "Outer",
                                                                  "Parallel Aware": true,
                                                                  "Async Capable": false,
                                                                  "Relation Name": "date_dim",
                                                                  "Alias": "date_dim",
                                                                  "Startup Cost": 0.0,
                                                                  "Total Cost": 2049.55,
                                                                  "Plan Rows": 18,
                                                                  "Plan Width": 4,
                                                                  "Filter": "((d_date >= '2000-08-02'::date) AND (d_date <= '2000-09-01 00:00:00'::timestamp without time zone))",
                                                                  "parent": 15,
                                                                  "ID": 16
                                                                }
                                                              ],
                                                              "parent": 13,
                                                              "ID": 15,
                                                              "left": 16
                                                            }
                                                          ],
                                                          "parent": 12,
                                                          "ID": 13,
                                                          "left": 14,
                                                          "right": 15
                                                        },
                                                        {
                                                          "Node Type": "Hash",
                                                          "Parent Relationship": "Inner",
                                                          "Parallel Aware": true,
                                                          "Async Capable": false,
                                                          "Startup Cost": 59887.64,
                                                          "Total Cost": 59887.64,
                                                          "Plan Rows": 1198164,
                                                          "Plan Width": 20,
                                                          "Plans": [
                                                            {
                                                              "Node Type": "Seq Scan",
                                                              "Parent Relationship": "Outer",
                                                              "Parallel Aware": true,
                                                              "Async Capable": false,
                                                              "Relation Name": "store_returns",
                                                              "Alias": "store_returns",
                                                              "Startup Cost": 0.0,
                                                              "Total Cost": 59887.64,
                                                              "Plan Rows": 1198164,
                                                              "Plan Width": 20,
                                                              "parent": 17,
                                                              "ID": 18
                                                            }
                                                          ],
                                                          "parent": 12,
                                                          "ID": 17,
                                                          "left": 18
                                                        }
                                                      ],
                                                      "parent": 11,
                                                      "ID": 12,
                                                      "left": 13,
                                                      "right": 17
                                                    },
                                                    {
                                                      "Node Type": "Hash",
                                                      "Parent Relationship": "Inner",
                                                      "Parallel Aware": true,
                                                      "Async Capable": false,
                                                      "Startup Cost": 7495.25,
                                                      "Total Cost": 7495.25,
                                                      "Plan Rows": 2442,
                                                      "Plan Width": 4,
                                                      "Plans": [
                                                        {
                                                          "Node Type": "Seq Scan",
                                                          "Parent Relationship": "Outer",
                                                          "Parallel Aware": true,
                                                          "Async Capable": false,
                                                          "Relation Name": "item",
                                                          "Alias": "item",
                                                          "Startup Cost": 0.0,
                                                          "Total Cost": 7495.25,
                                                          "Plan Rows": 2442,
                                                          "Plan Width": 4,
                                                          "Filter": "(i_current_price > '50'::numeric)",
                                                          "parent": 19,
                                                          "ID": 20
                                                        }
                                                      ],
                                                      "parent": 11,
                                                      "ID": 19,
                                                      "left": 20
                                                    }
                                                  ],
                                                  "parent": 10,
                                                  "ID": 11,
                                                  "left": 12,
                                                  "right": 19
                                                },
                                                {
                                                  "Node Type": "Hash",
                                                  "Parent Relationship": "Inner",
                                                  "Parallel Aware": false,
                                                  "Async Capable": false,
                                                  "Startup Cost": 19.25,
                                                  "Total Cost": 19.25,
                                                  "Plan Rows": 492,
                                                  "Plan Width": 4,
                                                  "Plans": [
                                                    {
                                                      "Node Type": "Seq Scan",
                                                      "Parent Relationship": "Outer",
                                                      "Parallel Aware": false,
                                                      "Async Capable": false,
                                                      "Relation Name": "promotion",
                                                      "Alias": "promotion",
                                                      "Startup Cost": 0.0,
                                                      "Total Cost": 19.25,
                                                      "Plan Rows": 492,
                                                      "Plan Width": 4,
                                                      "Filter": "(p_channel_tv = 'N'::bpchar)",
                                                      "parent": 21,
                                                      "ID": 22
                                                    }
                                                  ],
                                                  "parent": 10,
                                                  "ID": 21,
                                                  "left": 22
                                                }
                                              ],
                                              "parent": 9,
                                              "ID": 10,
                                              "left": 11,
                                              "right": 21
                                            },
                                            {
                                              "Node Type": "Hash",
                                              "Parent Relationship": "Inner",
                                              "Parallel Aware": false,
                                              "Async Capable": false,
                                              "Startup Cost": 6.02,
                                              "Total Cost": 6.02,
                                              "Plan Rows": 102,
                                              "Plan Width": 21,
                                              "Plans": [
                                                {
                                                  "Node Type": "Seq Scan",
                                                  "Parent Relationship": "Outer",
                                                  "Parallel Aware": false,
                                                  "Async Capable": false,
                                                  "Relation Name": "store",
                                                  "Alias": "store",
                                                  "Startup Cost": 0.0,
                                                  "Total Cost": 6.02,
                                                  "Plan Rows": 102,
                                                  "Plan Width": 21,
                                                  "parent": 23,
                                                  "ID": 24
                                                }
                                              ],
                                              "parent": 9,
                                              "ID": 23,
                                              "left": 24
                                            }
                                          ],
                                          "parent": 8,
                                          "ID": 9,
                                          "left": 10,
                                          "right": 23
                                        }
                                      ],
                                      "parent": 7,
                                      "ID": 8,
                                      "left": 9
                                    }
                                  ],
                                  "parent": 6,
                                  "ID": 7,
                                  "left": 8
                                }
                              ],
                              "parent": 5,
                              "ID": 6,
                              "left": 7
                            }
                          ],
                          "parent": 4,
                          "ID": 5,
                          "left": 6
                        }
                      ],
                      "parent": 3,
                      "ID": 4,
                      "left": 5
                    },
                    {
                      "Node Type": "Subquery Scan",
                      "Parent Relationship": "Member",
                      "Parallel Aware": false,
                      "Async Capable": false,
                      "Alias": "csr",
                      "Startup Cost": 518177.36,
                      "Total Cost": 518230.78,
                      "Plan Rows": 340,
                      "Plan Width": 160,
                      "Plans": [
                        {
                          "Node Type": "Aggregate",
                          "Strategy": "Sorted",
                          "Partial Mode": "Finalize",
                          "Parent Relationship": "Subquery",
                          "Parallel Aware": false,
                          "Async Capable": false,
                          "Startup Cost": 518177.36,
                          "Total Cost": 518225.68,
                          "Plan Rows": 340,
                          "Plan Width": 113,
                          "Group Key": [
                            "catalog_page.cp_catalog_page_id"
                          ],
                          "Plans": [
                            {
                              "Node Type": "Gather Merge",
                              "Parent Relationship": "Outer",
                              "Parallel Aware": false,
                              "Async Capable": false,
                              "Startup Cost": 518177.36,
                              "Total Cost": 518214.76,
                              "Plan Rows": 284,
                              "Plan Width": 113,
                              "Workers Planned": 2,
                              "Plans": [
                                {
                                  "Node Type": "Aggregate",
                                  "Strategy": "Sorted",
                                  "Partial Mode": "Partial",
                                  "Parent Relationship": "Outer",
                                  "Parallel Aware": false,
                                  "Async Capable": false,
                                  "Startup Cost": 517177.34,
                                  "Total Cost": 517181.95,
                                  "Plan Rows": 142,
                                  "Plan Width": 113,
                                  "Group Key": [
                                    "catalog_page.cp_catalog_page_id"
                                  ],
                                  "Plans": [
                                    {
                                      "Node Type": "Sort",
                                      "Parent Relationship": "Outer",
                                      "Parallel Aware": false,
                                      "Async Capable": false,
                                      "Startup Cost": 517177.34,
                                      "Total Cost": 517177.69,
                                      "Plan Rows": 142,
                                      "Plan Width": 41,
                                      "Sort Key": [
                                        "catalog_page.cp_catalog_page_id"
                                      ],
                                      "Plans": [
                                        {
                                          "Node Type": "Hash Join",
                                          "Parent Relationship": "Outer",
                                          "Parallel Aware": false,
                                          "Async Capable": false,
                                          "Join Type": "Inner",
                                          "Startup Cost": 57382.33,
                                          "Total Cost": 517172.26,
                                          "Plan Rows": 142,
                                          "Plan Width": 41,
                                          "Inner Unique": false,
                                          "Hash Cond": "(catalog_sales.cs_catalog_page_sk = catalog_page.cp_catalog_page_sk)",
                                          "Plans": [
                                            {
                                              "Node Type": "Hash Join",
                                              "Parent Relationship": "Outer",
                                              "Parallel Aware": false,
                                              "Async Capable": false,
                                              "Join Type": "Inner",
                                              "Startup Cost": 56864.33,
                                              "Total Cost": 516652.32,
                                              "Plan Rows": 142,
                                              "Plan Width": 28,
                                              "Inner Unique": false,
                                              "Hash Cond": "(catalog_sales.cs_promo_sk = promotion_1.p_promo_sk)",
                                              "Plans": [
                                                {
                                                  "Node Type": "Hash Join",
                                                  "Parent Relationship": "Outer",
                                                  "Parallel Aware": true,
                                                  "Async Capable": false,
                                                  "Join Type": "Inner",
                                                  "Startup Cost": 56838.93,
                                                  "Total Cost": 516624.96,
                                                  "Plan Rows": 145,
                                                  "Plan Width": 32,
                                                  "Inner Unique": false,
                                                  "Hash Cond": "(catalog_sales.cs_item_sk = item_1.i_item_sk)",
                                                  "Plans": [
                                                    {
                                                      "Node Type": "Hash Join",
                                                      "Parent Relationship": "Outer",
                                                      "Parallel Aware": true,
                                                      "Async Capable": false,
                                                      "Join Type": "Left",
                                                      "Startup Cost": 49313.15,
                                                      "Total Cost": 509089.08,
                                                      "Plan Rows": 2532,
                                                      "Plan Width": 36,
                                                      "Inner Unique": false,
                                                      "Hash Cond": "((catalog_sales.cs_item_sk = catalog_returns.cr_item_sk) AND (catalog_sales.cs_order_number = catalog_returns.cr_order_number))",
                                                      "Plans": [
                                                        {
                                                          "Node Type": "Hash Join",
                                                          "Parent Relationship": "Outer",
                                                          "Parallel Aware": true,
                                                          "Async Capable": false,
                                                          "Join Type": "Inner",
                                                          "Startup Cost": 2049.78,
                                                          "Total Cost": 458254.7,
                                                          "Plan Rows": 2532,
                                                          "Plan Width": 28,
                                                          "Inner Unique": false,
                                                          "Hash Cond": "(catalog_sales.cs_sold_date_sk = date_dim_1.d_date_sk)",
                                                          "Plans": [
                                                            {
                                                              "Node Type": "Seq Scan",
                                                              "Parent Relationship": "Outer",
                                                              "Parallel Aware": true,
                                                              "Async Capable": false,
                                                              "Relation Name": "catalog_sales",
                                                              "Alias": "catalog_sales",
                                                              "Startup Cost": 0.0,
                                                              "Total Cost": 433688.25,
                                                              "Plan Rows": 6000525,
                                                              "Plan Width": 32,
                                                              "parent": 34,
                                                              "ID": 35
                                                            },
                                                            {
                                                              "Node Type": "Hash",
                                                              "Parent Relationship": "Inner",
                                                              "Parallel Aware": true,
                                                              "Async Capable": false,
                                                              "Startup Cost": 2049.55,
                                                              "Total Cost": 2049.55,
                                                              "Plan Rows": 18,
                                                              "Plan Width": 4,
                                                              "Plans": [
                                                                {
                                                                  "Node Type": "Seq Scan",
                                                                  "Parent Relationship": "Outer",
                                                                  "Parallel Aware": true,
                                                                  "Async Capable": false,
                                                                  "Relation Name": "date_dim",
                                                                  "Alias": "date_dim_1",
                                                                  "Startup Cost": 0.0,
                                                                  "Total Cost": 2049.55,
                                                                  "Plan Rows": 18,
                                                                  "Plan Width": 4,
                                                                  "Filter": "((d_date >= '2000-08-02'::date) AND (d_date <= '2000-09-01 00:00:00'::timestamp without time zone))",
                                                                  "parent": 36,
                                                                  "ID": 37
                                                                }
                                                              ],
                                                              "parent": 34,
                                                              "ID": 36,
                                                              "left": 37
                                                            }
                                                          ],
                                                          "parent": 33,
                                                          "ID": 34,
                                                          "left": 35,
                                                          "right": 36
                                                        },
                                                        {
                                                          "Node Type": "Hash",
                                                          "Parent Relationship": "Inner",
                                                          "Parallel Aware": true,
                                                          "Async Capable": false,
                                                          "Startup Cost": 34748.95,
                                                          "Total Cost": 34748.95,
                                                          "Plan Rows": 599895,
                                                          "Plan Width": 20,
                                                          "Plans": [
                                                            {
                                                              "Node Type": "Seq Scan",
                                                              "Parent Relationship": "Outer",
                                                              "Parallel Aware": true,
                                                              "Async Capable": false,
                                                              "Relation Name": "catalog_returns",
                                                              "Alias": "catalog_returns",
                                                              "Startup Cost": 0.0,
                                                              "Total Cost": 34748.95,
                                                              "Plan Rows": 599895,
                                                              "Plan Width": 20,
                                                              "parent": 38,
                                                              "ID": 39
                                                            }
                                                          ],
                                                          "parent": 33,
                                                          "ID": 38,
                                                          "left": 39
                                                        }
                                                      ],
                                                      "parent": 32,
                                                      "ID": 33,
                                                      "left": 34,
                                                      "right": 38
                                                    },
                                                    {
                                                      "Node Type": "Hash",
                                                      "Parent Relationship": "Inner",
                                                      "Parallel Aware": true,
                                                      "Async Capable": false,
                                                      "Startup Cost": 7495.25,
                                                      "Total Cost": 7495.25,
                                                      "Plan Rows": 2442,
                                                      "Plan Width": 4,
                                                      "Plans": [
                                                        {
                                                          "Node Type": "Seq Scan",
                                                          "Parent Relationship": "Outer",
                                                          "Parallel Aware": true,
                                                          "Async Capable": false,
                                                          "Relation Name": "item",
                                                          "Alias": "item_1",
                                                          "Startup Cost": 0.0,
                                                          "Total Cost": 7495.25,
                                                          "Plan Rows": 2442,
                                                          "Plan Width": 4,
                                                          "Filter": "(i_current_price > '50'::numeric)",
                                                          "parent": 40,
                                                          "ID": 41
                                                        }
                                                      ],
                                                      "parent": 32,
                                                      "ID": 40,
                                                      "left": 41
                                                    }
                                                  ],
                                                  "parent": 31,
                                                  "ID": 32,
                                                  "left": 33,
                                                  "right": 40
                                                },
                                                {
                                                  "Node Type": "Hash",
                                                  "Parent Relationship": "Inner",
                                                  "Parallel Aware": false,
                                                  "Async Capable": false,
                                                  "Startup Cost": 19.25,
                                                  "Total Cost": 19.25,
                                                  "Plan Rows": 492,
                                                  "Plan Width": 4,
                                                  "Plans": [
                                                    {
                                                      "Node Type": "Seq Scan",
                                                      "Parent Relationship": "Outer",
                                                      "Parallel Aware": false,
                                                      "Async Capable": false,
                                                      "Relation Name": "promotion",
                                                      "Alias": "promotion_1",
                                                      "Startup Cost": 0.0,
                                                      "Total Cost": 19.25,
                                                      "Plan Rows": 492,
                                                      "Plan Width": 4,
                                                      "Filter": "(p_channel_tv = 'N'::bpchar)",
                                                      "parent": 42,
                                                      "ID": 43
                                                    }
                                                  ],
                                                  "parent": 31,
                                                  "ID": 42,
                                                  "left": 43
                                                }
                                              ],
                                              "parent": 30,
                                              "ID": 31,
                                              "left": 32,
                                              "right": 42
                                            },
                                            {
                                              "Node Type": "Hash",
                                              "Parent Relationship": "Inner",
                                              "Parallel Aware": false,
                                              "Async Capable": false,
                                              "Startup Cost": 368.0,
                                              "Total Cost": 368.0,
                                              "Plan Rows": 12000,
                                              "Plan Width": 21,
                                              "Plans": [
                                                {
                                                  "Node Type": "Seq Scan",
                                                  "Parent Relationship": "Outer",
                                                  "Parallel Aware": false,
                                                  "Async Capable": false,
                                                  "Relation Name": "catalog_page",
                                                  "Alias": "catalog_page",
                                                  "Startup Cost": 0.0,
                                                  "Total Cost": 368.0,
                                                  "Plan Rows": 12000,
                                                  "Plan Width": 21,
                                                  "parent": 44,
                                                  "ID": 45
                                                }
                                              ],
                                              "parent": 30,
                                              "ID": 44,
                                              "left": 45
                                            }
                                          ],
                                          "parent": 29,
                                          "ID": 30,
                                          "left": 31,
                                          "right": 44
                                        }
                                      ],
                                      "parent": 28,
                                      "ID": 29,
                                      "left": 30
                                    }
                                  ],
                                  "parent": 27,
                                  "ID": 28,
                                  "left": 29
                                }
                              ],
                              "parent": 26,
                              "ID": 27,
                              "left": 28
                            }
                          ],
                          "parent": 25,
                          "ID": 26,
                          "left": 27
                        }
                      ],
                      "parent": 3,
                      "ID": 25,
                      "left": 26
                    },
                    {
                      "Node Type": "Subquery Scan",
                      "Parent Relationship": "Member",
                      "Parallel Aware": false,
                      "Async Capable": false,
                      "Alias": "wsr",
                      "Startup Cost": 263919.04,
                      "Total Cost": 263926.75,
                      "Plan Rows": 21,
                      "Plan Width": 160,
                      "Plans": [
                        {
                          "Node Type": "Aggregate",
                          "Strategy": "Sorted",
                          "Partial Mode": "Finalize",
                          "Parent Relationship": "Subquery",
                          "Parallel Aware": false,
                          "Async Capable": false,
                          "Startup Cost": 263919.04,
                          "Total Cost": 263926.43,
                          "Plan Rows": 21,
                          "Plan Width": 113,
                          "Group Key": [
                            "web_site.web_site_id"
                          ],
                          "Plans": [
                            {
                              "Node Type": "Gather Merge",
                              "Parent Relationship": "Outer",
                              "Parallel Aware": false,
                              "Async Capable": false,
                              "Startup Cost": 263919.04,
                              "Total Cost": 263925.33,
                              "Plan Rows": 42,
                              "Plan Width": 113,
                              "Workers Planned": 2,
                              "Plans": [
                                {
                                  "Node Type": "Aggregate",
                                  "Strategy": "Sorted",
                                  "Partial Mode": "Partial",
                                  "Parent Relationship": "Outer",
                                  "Parallel Aware": false,
                                  "Async Capable": false,
                                  "Startup Cost": 262919.01,
                                  "Total Cost": 262920.46,
                                  "Plan Rows": 21,
                                  "Plan Width": 113,
                                  "Group Key": [
                                    "web_site.web_site_id"
                                  ],
                                  "Plans": [
                                    {
                                      "Node Type": "Sort",
                                      "Parent Relationship": "Outer",
                                      "Parallel Aware": false,
                                      "Async Capable": false,
                                      "Startup Cost": 262919.01,
                                      "Total Cost": 262919.19,
                                      "Plan Rows": 72,
                                      "Plan Width": 41,
                                      "Sort Key": [
                                        "web_site.web_site_id"
                                      ],
                                      "Plans": [
                                        {
                                          "Node Type": "Hash Join",
                                          "Parent Relationship": "Outer",
                                          "Parallel Aware": false,
                                          "Async Capable": false,
                                          "Join Type": "Inner",
                                          "Startup Cost": 32134.74,
                                          "Total Cost": 262916.79,
                                          "Plan Rows": 72,
                                          "Plan Width": 41,
                                          "Inner Unique": false,
                                          "Hash Cond": "(web_sales.ws_web_site_sk = web_site.web_site_sk)",
                                          "Plans": [
                                            {
                                              "Node Type": "Hash Join",
                                              "Parent Relationship": "Outer",
                                              "Parallel Aware": false,
                                              "Async Capable": false,
                                              "Join Type": "Inner",
                                              "Startup Cost": 32130.8,
                                              "Total Cost": 262911.86,
                                              "Plan Rows": 72,
                                              "Plan Width": 28,
                                              "Inner Unique": false,
                                              "Hash Cond": "(web_sales.ws_promo_sk = promotion_2.p_promo_sk)",
                                              "Plans": [
                                                {
                                                  "Node Type": "Hash Join",
                                                  "Parent Relationship": "Outer",
                                                  "Parallel Aware": true,
                                                  "Async Capable": false,
                                                  "Join Type": "Inner",
                                                  "Startup Cost": 32105.4,
                                                  "Total Cost": 262885.46,
                                                  "Plan Rows": 73,
                                                  "Plan Width": 32,
                                                  "Inner Unique": false,
                                                  "Hash Cond": "(web_sales.ws_item_sk = item_2.i_item_sk)",
                                                  "Plans": [
                                                    {
                                                      "Node Type": "Hash Join",
                                                      "Parent Relationship": "Outer",
                                                      "Parallel Aware": true,
                                                      "Async Capable": false,
                                                      "Join Type": "Left",
                                                      "Startup Cost": 24579.62,
                                                      "Total Cost": 255354.62,
                                                      "Plan Rows": 1272,
                                                      "Plan Width": 36,
                                                      "Inner Unique": false,
                                                      "Hash Cond": "((web_sales.ws_item_sk = web_returns.wr_item_sk) AND (web_sales.ws_order_number = web_returns.wr_order_number))",
                                                      "Plans": [
                                                        {
                                                          "Node Type": "Hash Join",
                                                          "Parent Relationship": "Outer",
                                                          "Parallel Aware": true,
                                                          "Async Capable": false,
                                                          "Join Type": "Inner",
                                                          "Startup Cost": 2049.78,
                                                          "Total Cost": 231041.22,
                                                          "Plan Rows": 1272,
                                                          "Plan Width": 28,
                                                          "Inner Unique": false,
                                                          "Hash Cond": "(web_sales.ws_sold_date_sk = date_dim_2.d_date_sk)",
                                                          "Plans": [
                                                            {
                                                              "Node Type": "Seq Scan",
                                                              "Parent Relationship": "Outer",
                                                              "Parallel Aware": true,
                                                              "Async Capable": false,
                                                              "Relation Name": "web_sales",
                                                              "Alias": "web_sales",
                                                              "Startup Cost": 0.0,
                                                              "Total Cost": 217737.86,
                                                              "Plan Rows": 2998986,
                                                              "Plan Width": 32,
                                                              "parent": 55,
                                                              "ID": 56
                                                            },
                                                            {
                                                              "Node Type": "Hash",
                                                              "Parent Relationship": "Inner",
                                                              "Parallel Aware": true,
                                                              "Async Capable": false,
                                                              "Startup Cost": 2049.55,
                                                              "Total Cost": 2049.55,
                                                              "Plan Rows": 18,
                                                              "Plan Width": 4,
                                                              "Plans": [
                                                                {
                                                                  "Node Type": "Seq Scan",
                                                                  "Parent Relationship": "Outer",
                                                                  "Parallel Aware": true,
                                                                  "Async Capable": false,
                                                                  "Relation Name": "date_dim",
                                                                  "Alias": "date_dim_2",
                                                                  "Startup Cost": 0.0,
                                                                  "Total Cost": 2049.55,
                                                                  "Plan Rows": 18,
                                                                  "Plan Width": 4,
                                                                  "Filter": "((d_date >= '2000-08-02'::date) AND (d_date <= '2000-09-01 00:00:00'::timestamp without time zone))",
                                                                  "parent": 57,
                                                                  "ID": 58
                                                                }
                                                              ],
                                                              "parent": 55,
                                                              "ID": 57,
                                                              "left": 58
                                                            }
                                                          ],
                                                          "parent": 54,
                                                          "ID": 55,
                                                          "left": 56,
                                                          "right": 57
                                                        },
                                                        {
                                                          "Node Type": "Hash",
                                                          "Parent Relationship": "Inner",
                                                          "Parallel Aware": true,
                                                          "Async Capable": false,
                                                          "Startup Cost": 16278.74,
                                                          "Total Cost": 16278.74,
                                                          "Plan Rows": 299674,
                                                          "Plan Width": 20,
                                                          "Plans": [
                                                            {
                                                              "Node Type": "Seq Scan",
                                                              "Parent Relationship": "Outer",
                                                              "Parallel Aware": true,
                                                              "Async Capable": false,
                                                              "Relation Name": "web_returns",
                                                              "Alias": "web_returns",
                                                              "Startup Cost": 0.0,
                                                              "Total Cost": 16278.74,
                                                              "Plan Rows": 299674,
                                                              "Plan Width": 20,
                                                              "parent": 59,
                                                              "ID": 60
                                                            }
                                                          ],
                                                          "parent": 54,
                                                          "ID": 59,
                                                          "left": 60
                                                        }
                                                      ],
                                                      "parent": 53,
                                                      "ID": 54,
                                                      "left": 55,
                                                      "right": 59
                                                    },
                                                    {
                                                      "Node Type": "Hash",
                                                      "Parent Relationship": "Inner",
                                                      "Parallel Aware": true,
                                                      "Async Capable": false,
                                                      "Startup Cost": 7495.25,
                                                      "Total Cost": 7495.25,
                                                      "Plan Rows": 2442,
                                                      "Plan Width": 4,
                                                      "Plans": [
                                                        {
                                                          "Node Type": "Seq Scan",
                                                          "Parent Relationship": "Outer",
                                                          "Parallel Aware": true,
                                                          "Async Capable": false,
                                                          "Relation Name": "item",
                                                          "Alias": "item_2",
                                                          "Startup Cost": 0.0,
                                                          "Total Cost": 7495.25,
                                                          "Plan Rows": 2442,
                                                          "Plan Width": 4,
                                                          "Filter": "(i_current_price > '50'::numeric)",
                                                          "parent": 61,
                                                          "ID": 62
                                                        }
                                                      ],
                                                      "parent": 53,
                                                      "ID": 61,
                                                      "left": 62
                                                    }
                                                  ],
                                                  "parent": 52,
                                                  "ID": 53,
                                                  "left": 54,
                                                  "right": 61
                                                },
                                                {
                                                  "Node Type": "Hash",
                                                  "Parent Relationship": "Inner",
                                                  "Parallel Aware": false,
                                                  "Async Capable": false,
                                                  "Startup Cost": 19.25,
                                                  "Total Cost": 19.25,
                                                  "Plan Rows": 492,
                                                  "Plan Width": 4,
                                                  "Plans": [
                                                    {
                                                      "Node Type": "Seq Scan",
                                                      "Parent Relationship": "Outer",
                                                      "Parallel Aware": false,
                                                      "Async Capable": false,
                                                      "Relation Name": "promotion",
                                                      "Alias": "promotion_2",
                                                      "Startup Cost": 0.0,
                                                      "Total Cost": 19.25,
                                                      "Plan Rows": 492,
                                                      "Plan Width": 4,
                                                      "Filter": "(p_channel_tv = 'N'::bpchar)",
                                                      "parent": 63,
                                                      "ID": 64
                                                    }
                                                  ],
                                                  "parent": 52,
                                                  "ID": 63,
                                                  "left": 64
                                                }
                                              ],
                                              "parent": 51,
                                              "ID": 52,
                                              "left": 53,
                                              "right": 63
                                            },
                                            {
                                              "Node Type": "Hash",
                                              "Parent Relationship": "Inner",
                                              "Parallel Aware": false,
                                              "Async Capable": false,
                                              "Startup Cost": 3.42,
                                              "Total Cost": 3.42,
                                              "Plan Rows": 42,
                                              "Plan Width": 21,
                                              "Plans": [
                                                {
                                                  "Node Type": "Seq Scan",
                                                  "Parent Relationship": "Outer",
                                                  "Parallel Aware": false,
                                                  "Async Capable": false,
                                                  "Relation Name": "web_site",
                                                  "Alias": "web_site",
                                                  "Startup Cost": 0.0,
                                                  "Total Cost": 3.42,
                                                  "Plan Rows": 42,
                                                  "Plan Width": 21,
                                                  "parent": 65,
                                                  "ID": 66
                                                }
                                              ],
                                              "parent": 51,
                                              "ID": 65,
                                              "left": 66
                                            }
                                          ],
                                          "parent": 50,
                                          "ID": 51,
                                          "left": 52,
                                          "right": 65
                                        }
                                      ],
                                      "parent": 49,
                                      "ID": 50,
                                      "left": 51
                                    }
                                  ],
                                  "parent": 48,
                                  "ID": 49,
                                  "left": 50
                                }
                              ],
                              "parent": 47,
                              "ID": 48,
                              "left": 49
                            }
                          ],
                          "parent": 46,
                          "ID": 47,
                          "left": 48
                        }
                      ],
                      "parent": 3,
                      "ID": 46,
                      "left": 47
                    }
                  ],
                  "parent": 2,
                  "ID": 3,
                  "left": 4,
                  "right": 25
                }
              ],
              "parent": 1,
              "ID": 2,
              "left": 3
            }
          ],
          "parent": 0,
          "ID": 1,
          "left": 2
        }
      ],
      "parent": null,
      "ID": 0,
      "left": 1
    },
    "feat": {
      "utility": 1.8459843057834213e-06,
      "query_shape": [
        [
          "Seq Scan",
          "Hash Join",
          "Sort",
          "Aggregate",
          "Gather Merge",
          "Subquery Scan",
          "Append"
        ],
        [
          "Seq Scan",
          "Hash",
          "Hash Join",
          "Sort",
          "Aggregate",
          "Gather Merge",
          "Subquery Scan",
          "Append"
        ],
        [
          "Seq Scan",
          "Hash",
          "Hash Join",
          "Sort",
          "Aggregate",
          "Gather Merge",
          "Subquery Scan",
          "Append"
        ],
        [
          "Seq Scan",
          "Hash",
          "Hash Join",
          "Sort",
          "Aggregate",
          "Gather Merge",
          "Subquery Scan",
          "Append"
        ],
        [
          "Seq Scan",
          "Hash",
          "Hash Join",
          "Sort",
          "Aggregate",
          "Gather Merge",
          "Subquery Scan",
          "Append"
        ],
        [
          "Seq Scan",
          "Hash",
          "Hash Join",
          "Sort",
          "Aggregate",
          "Gather Merge",
          "Subquery Scan",
          "Append"
        ],
        [
          "Seq Scan",
          "Hash Join",
          "Sort",
          "Aggregate",
          "Gather Merge",
          "Subquery Scan",
          "Append"
        ],
        [
          "Seq Scan",
          "Hash",
          "Hash Join",
          "Sort",
          "Aggregate",
          "Gather Merge",
          "Subquery Scan",
          "Append"
        ],
        [
          "Seq Scan",
          "Hash",
          "Hash Join",
          "Sort",
          "Aggregate",
          "Gather Merge",
          "Subquery Scan",
          "Append"
        ],
        [
          "Seq Scan",
          "Hash",
          "Hash Join",
          "Sort",
          "Aggregate",
          "Gather Merge",
          "Subquery Scan",
          "Append"
        ],
        [
          "Seq Scan",
          "Hash",
          "Hash Join",
          "Sort",
          "Aggregate",
          "Gather Merge",
          "Subquery Scan",
          "Append"
        ],
        [
          "Seq Scan",
          "Hash",
          "Hash Join",
          "Sort",
          "Aggregate",
          "Gather Merge",
          "Subquery Scan",
          "Append"
        ],
        [
          "Seq Scan",
          "Hash Join",
          "Sort",
          "Aggregate",
          "Gather Merge",
          "Subquery Scan",
          "Append"
        ],
        [
          "Seq Scan",
          "Hash",
          "Hash Join",
          "Sort",
          "Aggregate",
          "Gather Merge",
          "Subquery Scan",
          "Append"
        ],
        [
          "Seq Scan",
          "Hash",
          "Hash Join",
          "Sort",
          "Aggregate",
          "Gather Merge",
          "Subquery Scan",
          "Append"
        ],
        [
          "Seq Scan",
          "Hash",
          "Hash Join",
          "Sort",
          "Aggregate",
          "Gather Merge",
          "Subquery Scan",
          "Append"
        ],
        [
          "Seq Scan",
          "Hash",
          "Hash Join",
          "Sort",
          "Aggregate",
          "Gather Merge",
          "Subquery Scan",
          "Append"
        ],
        [
          "Seq Scan",
          "Hash",
          "Hash Join",
          "Sort",
          "Aggregate",
          "Gather Merge",
          "Subquery Scan",
          "Append"
        ]
      ],
      "index_shape": [
        "join"
      ],
      "physical_operator": {
        "Hash Join": [
          0.1543033499620919
        ]
      }
    }
  },
  {
    "query": "with ssr as\n (select  s_store_id as store_id,\n          sum(ss_ext_sales_price) as sales,\n          sum(coalesce(sr_return_amt, 0)) as returns,\n          sum(ss_net_profit - coalesce(sr_net_loss, 0)) as profit\n  from store_sales left outer join store_returns on\n         (ss_item_sk = sr_item_sk and ss_ticket_number = sr_ticket_number),\n     date_dim,\n     store,\n     item,\n     promotion\n where ss_sold_date_sk = d_date_sk\n       and d_date between cast('2000-08-02' as date) \n                  and (cast('2000-08-02' as date) +  interval '30 days')\n       and ss_store_sk = s_store_sk\n       and ss_item_sk = i_item_sk\n       and i_current_price > 50\n       and ss_promo_sk = p_promo_sk\n       and p_channel_tv = 'N'\n group by s_store_id)\n ,\n csr as\n (select  cp_catalog_page_id as catalog_page_id,\n          sum(cs_ext_sales_price) as sales,\n          sum(coalesce(cr_return_amount, 0)) as returns,\n          sum(cs_net_profit - coalesce(cr_net_loss, 0)) as profit\n  from catalog_sales left outer join catalog_returns on\n         (cs_item_sk = cr_item_sk and cs_order_number = cr_order_number),\n     date_dim,\n     catalog_page,\n     item,\n     promotion\n where cs_sold_date_sk = d_date_sk\n       and d_date between cast('2000-08-02' as date)\n                  and (cast('2000-08-02' as date) +  interval '30 days')\n        and cs_catalog_page_sk = cp_catalog_page_sk\n       and cs_item_sk = i_item_sk\n       and i_current_price > 50\n       and cs_promo_sk = p_promo_sk\n       and p_channel_tv = 'N'\ngroup by cp_catalog_page_id)\n ,\n wsr as\n (select  web_site_id,\n          sum(ws_ext_sales_price) as sales,\n          sum(coalesce(wr_return_amt, 0)) as returns,\n          sum(ws_net_profit - coalesce(wr_net_loss, 0)) as profit\n  from web_sales left outer join web_returns on\n         (ws_item_sk = wr_item_sk and ws_order_number = wr_order_number),\n     date_dim,\n     web_site,\n     item,\n     promotion\n where ws_sold_date_sk = d_date_sk\n       and d_date between cast('2000-08-02' as date)\n                  and (cast('2000-08-02' as date) +  interval '30 days')\n        and ws_web_site_sk = web_site_sk\n       and ws_item_sk = i_item_sk\n       and i_current_price > 50\n       and ws_promo_sk = p_promo_sk\n       and p_channel_tv = 'N'\ngroup by web_site_id)\n  select  channel\n        , id\n        , sum(sales) as sales\n        , sum(returns) as returns\n        , sum(profit) as profit\n from \n (select 'store channel' as channel\n        , 'store' || store_id as id\n        , sales\n        , returns\n        , profit\n from   ssr\n union all\n select 'catalog channel' as channel\n        , 'catalog_page' || catalog_page_id as id\n        , sales\n        , returns\n        , profit\n from  csr\n union all\n select 'web channel' as channel\n        , 'web_site' || web_site_id as id\n        , sales\n        , returns\n        , profit\n from   wsr\n ) x\n group by rollup (channel, id)\n order by channel\n         ,id\n limit 100;\n\n-- end query 61 in stream 4 using template query80.tpl\n",
    "indexes": "web_sales.ws_promo_sk",
    "wo plan est": {
      "Node Type": "Limit",
      "Parallel Aware": false,
      "Async Capable": false,
      "Startup Cost": 1566793.64,
      "Total Cost": 1566796.93,
      "Plan Rows": 100,
      "Plan Width": 160,
      "Plans": [
        {
          "Node Type": "Aggregate",
          "Strategy": "Sorted",
          "Partial Mode": "Simple",
          "Parent Relationship": "Outer",
          "Parallel Aware": false,
          "Async Capable": false,
          "Startup Cost": 1566793.64,
          "Total Cost": 1566806.84,
          "Plan Rows": 401,
          "Plan Width": 160,
          "Grouping Sets": [
            {
              "Group Keys": [
                [
                  "('store channel'::text)",
                  "(('store'::text || (ssr.store_id)::text))"
                ],
                [
                  "('store channel'::text)"
                ],
                []
              ]
            }
          ],
          "Plans": [
            {
              "Node Type": "Sort",
              "Parent Relationship": "Outer",
              "Parallel Aware": false,
              "Async Capable": false,
              "Startup Cost": 1566793.64,
              "Total Cost": 1566794.67,
              "Plan Rows": 412,
              "Plan Width": 160,
              "Sort Key": [
                "('store channel'::text)",
                "(('store'::text || (ssr.store_id)::text))"
              ],
              "Plans": [
                {
                  "Node Type": "Append",
                  "Parent Relationship": "Outer",
                  "Parallel Aware": false,
                  "Async Capable": false,
                  "Startup Cost": 784596.3,
                  "Total Cost": 1566775.74,
                  "Plan Rows": 412,
                  "Plan Width": 160,
                  "Subplans Removed": 0,
                  "Plans": [
                    {
                      "Node Type": "Subquery Scan",
                      "Parent Relationship": "Member",
                      "Parallel Aware": false,
                      "Async Capable": false,
                      "Alias": "ssr",
                      "Startup Cost": 784596.3,
                      "Total Cost": 784616.16,
                      "Plan Rows": 51,
                      "Plan Width": 160,
                      "Plans": [
                        {
                          "Node Type": "Aggregate",
                          "Strategy": "Sorted",
                          "Partial Mode": "Finalize",
                          "Parent Relationship": "Subquery",
                          "Parallel Aware": false,
                          "Async Capable": false,
                          "Startup Cost": 784596.3,
                          "Total Cost": 784615.39,
                          "Plan Rows": 51,
                          "Plan Width": 113,
                          "Group Key": [
                            "store.s_store_id"
                          ],
                          "Plans": [
                            {
                              "Node Type": "Gather Merge",
                              "Parent Relationship": "Outer",
                              "Parallel Aware": false,
                              "Async Capable": false,
                              "Startup Cost": 784596.3,
                              "Total Cost": 784612.71,
                              "Plan Rows": 102,
                              "Plan Width": 113,
                              "Workers Planned": 2,
                              "Plans": [
                                {
                                  "Node Type": "Aggregate",
                                  "Strategy": "Sorted",
                                  "Partial Mode": "Partial",
                                  "Parent Relationship": "Outer",
                                  "Parallel Aware": false,
                                  "Async Capable": false,
                                  "Startup Cost": 783596.27,
                                  "Total Cost": 783600.92,
                                  "Plan Rows": 51,
                                  "Plan Width": 113,
                                  "Group Key": [
                                    "store.s_store_id"
                                  ],
                                  "Plans": [
                                    {
                                      "Node Type": "Sort",
                                      "Parent Relationship": "Outer",
                                      "Parallel Aware": false,
                                      "Async Capable": false,
                                      "Startup Cost": 783596.27,
                                      "Total Cost": 783596.9,
                                      "Plan Rows": 250,
                                      "Plan Width": 41,
                                      "Sort Key": [
                                        "store.s_store_id"
                                      ],
                                      "Plans": [
                                        {
                                          "Node Type": "Hash Join",
                                          "Parent Relationship": "Outer",
                                          "Parallel Aware": false,
                                          "Async Capable": false,
                                          "Join Type": "Inner",
                                          "Startup Cost": 94489.35,
                                          "Total Cost": 783586.32,
                                          "Plan Rows": 250,
                                          "Plan Width": 41,
                                          "Inner Unique": false,
                                          "Hash Cond": "(store_sales.ss_store_sk = store.s_store_sk)",
                                          "Plans": [
                                            {
                                              "Node Type": "Hash Join",
                                              "Parent Relationship": "Outer",
                                              "Parallel Aware": false,
                                              "Async Capable": false,
                                              "Join Type": "Inner",
                                              "Startup Cost": 94482.05,
                                              "Total Cost": 783575.54,
                                              "Plan Rows": 262,
                                              "Plan Width": 28,
                                              "Inner Unique": false,
                                              "Hash Cond": "(store_sales.ss_promo_sk = promotion.p_promo_sk)",
                                              "Plans": [
                                                {
                                                  "Node Type": "Hash Join",
                                                  "Parent Relationship": "Outer",
                                                  "Parallel Aware": true,
                                                  "Async Capable": false,
                                                  "Join Type": "Inner",
                                                  "Startup Cost": 94456.65,
                                                  "Total Cost": 783546.47,
                                                  "Plan Rows": 279,
                                                  "Plan Width": 32,
                                                  "Inner Unique": false,
                                                  "Hash Cond": "(store_sales.ss_item_sk = item.i_item_sk)",
                                                  "Plans": [
                                                    {
                                                      "Node Type": "Hash Join",
                                                      "Parent Relationship": "Outer",
                                                      "Parallel Aware": true,
                                                      "Async Capable": false,
                                                      "Join Type": "Left",
                                                      "Startup Cost": 86930.88,
                                                      "Total Cost": 776001.31,
                                                      "Plan Rows": 4860,
                                                      "Plan Width": 36,
                                                      "Inner Unique": false,
                                                      "Hash Cond": "((store_sales.ss_item_sk = store_returns.sr_item_sk) AND (store_sales.ss_ticket_number = store_returns.sr_ticket_number))",
                                                      "Plans": [
                                                        {
                                                          "Node Type": "Hash Join",
                                                          "Parent Relationship": "Outer",
                                                          "Parallel Aware": true,
                                                          "Async Capable": false,
                                                          "Join Type": "Inner",
                                                          "Startup Cost": 2049.78,
                                                          "Total Cost": 683994.75,
                                                          "Plan Rows": 4860,
                                                          "Plan Width": 28,
                                                          "Inner Unique": false,
                                                          "Hash Cond": "(store_sales.ss_sold_date_sk = date_dim.d_date_sk)",
                                                          "Plans": [
                                                            {
                                                              "Node Type": "Seq Scan",
                                                              "Parent Relationship": "Outer",
                                                              "Parallel Aware": true,
                                                              "Async Capable": false,
                                                              "Relation Name": "store_sales",
                                                              "Alias": "store_sales",
                                                              "Startup Cost": 0.0,
                                                              "Total Cost": 636914.37,
                                                              "Plan Rows": 12000637,
                                                              "Plan Width": 32,
                                                              "parent": 13,
                                                              "ID": 14
                                                            },
                                                            {
                                                              "Node Type": "Hash",
                                                              "Parent Relationship": "Inner",
                                                              "Parallel Aware": true,
                                                              "Async Capable": false,
                                                              "Startup Cost": 2049.55,
                                                              "Total Cost": 2049.55,
                                                              "Plan Rows": 18,
                                                              "Plan Width": 4,
                                                              "Plans": [
                                                                {
                                                                  "Node Type": "Seq Scan",
                                                                  "Parent Relationship": "Outer",
                                                                  "Parallel Aware": true,
                                                                  "Async Capable": false,
                                                                  "Relation Name": "date_dim",
                                                                  "Alias": "date_dim",
                                                                  "Startup Cost": 0.0,
                                                                  "Total Cost": 2049.55,
                                                                  "Plan Rows": 18,
                                                                  "Plan Width": 4,
                                                                  "Filter": "((d_date >= '2000-08-02'::date) AND (d_date <= '2000-09-01 00:00:00'::timestamp without time zone))",
                                                                  "parent": 15,
                                                                  "ID": 16
                                                                }
                                                              ],
                                                              "parent": 13,
                                                              "ID": 15,
                                                              "left": 16
                                                            }
                                                          ],
                                                          "parent": 12,
                                                          "ID": 13,
                                                          "left": 14,
                                                          "right": 15
                                                        },
                                                        {
                                                          "Node Type": "Hash",
                                                          "Parent Relationship": "Inner",
                                                          "Parallel Aware": true,
                                                          "Async Capable": false,
                                                          "Startup Cost": 59887.64,
                                                          "Total Cost": 59887.64,
                                                          "Plan Rows": 1198164,
                                                          "Plan Width": 20,
                                                          "Plans": [
                                                            {
                                                              "Node Type": "Seq Scan",
                                                              "Parent Relationship": "Outer",
                                                              "Parallel Aware": true,
                                                              "Async Capable": false,
                                                              "Relation Name": "store_returns",
                                                              "Alias": "store_returns",
                                                              "Startup Cost": 0.0,
                                                              "Total Cost": 59887.64,
                                                              "Plan Rows": 1198164,
                                                              "Plan Width": 20,
                                                              "parent": 17,
                                                              "ID": 18
                                                            }
                                                          ],
                                                          "parent": 12,
                                                          "ID": 17,
                                                          "left": 18
                                                        }
                                                      ],
                                                      "parent": 11,
                                                      "ID": 12,
                                                      "left": 13,
                                                      "right": 17
                                                    },
                                                    {
                                                      "Node Type": "Hash",
                                                      "Parent Relationship": "Inner",
                                                      "Parallel Aware": true,
                                                      "Async Capable": false,
                                                      "Startup Cost": 7495.25,
                                                      "Total Cost": 7495.25,
                                                      "Plan Rows": 2442,
                                                      "Plan Width": 4,
                                                      "Plans": [
                                                        {
                                                          "Node Type": "Seq Scan",
                                                          "Parent Relationship": "Outer",
                                                          "Parallel Aware": true,
                                                          "Async Capable": false,
                                                          "Relation Name": "item",
                                                          "Alias": "item",
                                                          "Startup Cost": 0.0,
                                                          "Total Cost": 7495.25,
                                                          "Plan Rows": 2442,
                                                          "Plan Width": 4,
                                                          "Filter": "(i_current_price > '50'::numeric)",
                                                          "parent": 19,
                                                          "ID": 20
                                                        }
                                                      ],
                                                      "parent": 11,
                                                      "ID": 19,
                                                      "left": 20
                                                    }
                                                  ],
                                                  "parent": 10,
                                                  "ID": 11,
                                                  "left": 12,
                                                  "right": 19
                                                },
                                                {
                                                  "Node Type": "Hash",
                                                  "Parent Relationship": "Inner",
                                                  "Parallel Aware": false,
                                                  "Async Capable": false,
                                                  "Startup Cost": 19.25,
                                                  "Total Cost": 19.25,
                                                  "Plan Rows": 492,
                                                  "Plan Width": 4,
                                                  "Plans": [
                                                    {
                                                      "Node Type": "Seq Scan",
                                                      "Parent Relationship": "Outer",
                                                      "Parallel Aware": false,
                                                      "Async Capable": false,
                                                      "Relation Name": "promotion",
                                                      "Alias": "promotion",
                                                      "Startup Cost": 0.0,
                                                      "Total Cost": 19.25,
                                                      "Plan Rows": 492,
                                                      "Plan Width": 4,
                                                      "Filter": "(p_channel_tv = 'N'::bpchar)",
                                                      "parent": 21,
                                                      "ID": 22
                                                    }
                                                  ],
                                                  "parent": 10,
                                                  "ID": 21,
                                                  "left": 22
                                                }
                                              ],
                                              "parent": 9,
                                              "ID": 10,
                                              "left": 11,
                                              "right": 21
                                            },
                                            {
                                              "Node Type": "Hash",
                                              "Parent Relationship": "Inner",
                                              "Parallel Aware": false,
                                              "Async Capable": false,
                                              "Startup Cost": 6.02,
                                              "Total Cost": 6.02,
                                              "Plan Rows": 102,
                                              "Plan Width": 21,
                                              "Plans": [
                                                {
                                                  "Node Type": "Seq Scan",
                                                  "Parent Relationship": "Outer",
                                                  "Parallel Aware": false,
                                                  "Async Capable": false,
                                                  "Relation Name": "store",
                                                  "Alias": "store",
                                                  "Startup Cost": 0.0,
                                                  "Total Cost": 6.02,
                                                  "Plan Rows": 102,
                                                  "Plan Width": 21,
                                                  "parent": 23,
                                                  "ID": 24
                                                }
                                              ],
                                              "parent": 9,
                                              "ID": 23,
                                              "left": 24
                                            }
                                          ],
                                          "parent": 8,
                                          "ID": 9,
                                          "left": 10,
                                          "right": 23
                                        }
                                      ],
                                      "parent": 7,
                                      "ID": 8,
                                      "left": 9
                                    }
                                  ],
                                  "parent": 6,
                                  "ID": 7,
                                  "left": 8
                                }
                              ],
                              "parent": 5,
                              "ID": 6,
                              "left": 7
                            }
                          ],
                          "parent": 4,
                          "ID": 5,
                          "left": 6
                        }
                      ],
                      "parent": 3,
                      "ID": 4,
                      "left": 5
                    },
                    {
                      "Node Type": "Subquery Scan",
                      "Parent Relationship": "Member",
                      "Parallel Aware": false,
                      "Async Capable": false,
                      "Alias": "csr",
                      "Startup Cost": 518177.36,
                      "Total Cost": 518230.78,
                      "Plan Rows": 340,
                      "Plan Width": 160,
                      "Plans": [
                        {
                          "Node Type": "Aggregate",
                          "Strategy": "Sorted",
                          "Partial Mode": "Finalize",
                          "Parent Relationship": "Subquery",
                          "Parallel Aware": false,
                          "Async Capable": false,
                          "Startup Cost": 518177.36,
                          "Total Cost": 518225.68,
                          "Plan Rows": 340,
                          "Plan Width": 113,
                          "Group Key": [
                            "catalog_page.cp_catalog_page_id"
                          ],
                          "Plans": [
                            {
                              "Node Type": "Gather Merge",
                              "Parent Relationship": "Outer",
                              "Parallel Aware": false,
                              "Async Capable": false,
                              "Startup Cost": 518177.36,
                              "Total Cost": 518214.76,
                              "Plan Rows": 284,
                              "Plan Width": 113,
                              "Workers Planned": 2,
                              "Plans": [
                                {
                                  "Node Type": "Aggregate",
                                  "Strategy": "Sorted",
                                  "Partial Mode": "Partial",
                                  "Parent Relationship": "Outer",
                                  "Parallel Aware": false,
                                  "Async Capable": false,
                                  "Startup Cost": 517177.34,
                                  "Total Cost": 517181.95,
                                  "Plan Rows": 142,
                                  "Plan Width": 113,
                                  "Group Key": [
                                    "catalog_page.cp_catalog_page_id"
                                  ],
                                  "Plans": [
                                    {
                                      "Node Type": "Sort",
                                      "Parent Relationship": "Outer",
                                      "Parallel Aware": false,
                                      "Async Capable": false,
                                      "Startup Cost": 517177.34,
                                      "Total Cost": 517177.69,
                                      "Plan Rows": 142,
                                      "Plan Width": 41,
                                      "Sort Key": [
                                        "catalog_page.cp_catalog_page_id"
                                      ],
                                      "Plans": [
                                        {
                                          "Node Type": "Hash Join",
                                          "Parent Relationship": "Outer",
                                          "Parallel Aware": false,
                                          "Async Capable": false,
                                          "Join Type": "Inner",
                                          "Startup Cost": 57382.33,
                                          "Total Cost": 517172.26,
                                          "Plan Rows": 142,
                                          "Plan Width": 41,
                                          "Inner Unique": false,
                                          "Hash Cond": "(catalog_sales.cs_catalog_page_sk = catalog_page.cp_catalog_page_sk)",
                                          "Plans": [
                                            {
                                              "Node Type": "Hash Join",
                                              "Parent Relationship": "Outer",
                                              "Parallel Aware": false,
                                              "Async Capable": false,
                                              "Join Type": "Inner",
                                              "Startup Cost": 56864.33,
                                              "Total Cost": 516652.32,
                                              "Plan Rows": 142,
                                              "Plan Width": 28,
                                              "Inner Unique": false,
                                              "Hash Cond": "(catalog_sales.cs_promo_sk = promotion_1.p_promo_sk)",
                                              "Plans": [
                                                {
                                                  "Node Type": "Hash Join",
                                                  "Parent Relationship": "Outer",
                                                  "Parallel Aware": true,
                                                  "Async Capable": false,
                                                  "Join Type": "Inner",
                                                  "Startup Cost": 56838.93,
                                                  "Total Cost": 516624.96,
                                                  "Plan Rows": 145,
                                                  "Plan Width": 32,
                                                  "Inner Unique": false,
                                                  "Hash Cond": "(catalog_sales.cs_item_sk = item_1.i_item_sk)",
                                                  "Plans": [
                                                    {
                                                      "Node Type": "Hash Join",
                                                      "Parent Relationship": "Outer",
                                                      "Parallel Aware": true,
                                                      "Async Capable": false,
                                                      "Join Type": "Left",
                                                      "Startup Cost": 49313.15,
                                                      "Total Cost": 509089.08,
                                                      "Plan Rows": 2532,
                                                      "Plan Width": 36,
                                                      "Inner Unique": false,
                                                      "Hash Cond": "((catalog_sales.cs_item_sk = catalog_returns.cr_item_sk) AND (catalog_sales.cs_order_number = catalog_returns.cr_order_number))",
                                                      "Plans": [
                                                        {
                                                          "Node Type": "Hash Join",
                                                          "Parent Relationship": "Outer",
                                                          "Parallel Aware": true,
                                                          "Async Capable": false,
                                                          "Join Type": "Inner",
                                                          "Startup Cost": 2049.78,
                                                          "Total Cost": 458254.7,
                                                          "Plan Rows": 2532,
                                                          "Plan Width": 28,
                                                          "Inner Unique": false,
                                                          "Hash Cond": "(catalog_sales.cs_sold_date_sk = date_dim_1.d_date_sk)",
                                                          "Plans": [
                                                            {
                                                              "Node Type": "Seq Scan",
                                                              "Parent Relationship": "Outer",
                                                              "Parallel Aware": true,
                                                              "Async Capable": false,
                                                              "Relation Name": "catalog_sales",
                                                              "Alias": "catalog_sales",
                                                              "Startup Cost": 0.0,
                                                              "Total Cost": 433688.25,
                                                              "Plan Rows": 6000525,
                                                              "Plan Width": 32,
                                                              "parent": 34,
                                                              "ID": 35
                                                            },
                                                            {
                                                              "Node Type": "Hash",
                                                              "Parent Relationship": "Inner",
                                                              "Parallel Aware": true,
                                                              "Async Capable": false,
                                                              "Startup Cost": 2049.55,
                                                              "Total Cost": 2049.55,
                                                              "Plan Rows": 18,
                                                              "Plan Width": 4,
                                                              "Plans": [
                                                                {
                                                                  "Node Type": "Seq Scan",
                                                                  "Parent Relationship": "Outer",
                                                                  "Parallel Aware": true,
                                                                  "Async Capable": false,
                                                                  "Relation Name": "date_dim",
                                                                  "Alias": "date_dim_1",
                                                                  "Startup Cost": 0.0,
                                                                  "Total Cost": 2049.55,
                                                                  "Plan Rows": 18,
                                                                  "Plan Width": 4,
                                                                  "Filter": "((d_date >= '2000-08-02'::date) AND (d_date <= '2000-09-01 00:00:00'::timestamp without time zone))",
                                                                  "parent": 36,
                                                                  "ID": 37
                                                                }
                                                              ],
                                                              "parent": 34,
                                                              "ID": 36,
                                                              "left": 37
                                                            }
                                                          ],
                                                          "parent": 33,
                                                          "ID": 34,
                                                          "left": 35,
                                                          "right": 36
                                                        },
                                                        {
                                                          "Node Type": "Hash",
                                                          "Parent Relationship": "Inner",
                                                          "Parallel Aware": true,
                                                          "Async Capable": false,
                                                          "Startup Cost": 34748.95,
                                                          "Total Cost": 34748.95,
                                                          "Plan Rows": 599895,
                                                          "Plan Width": 20,
                                                          "Plans": [
                                                            {
                                                              "Node Type": "Seq Scan",
                                                              "Parent Relationship": "Outer",
                                                              "Parallel Aware": true,
                                                              "Async Capable": false,
                                                              "Relation Name": "catalog_returns",
                                                              "Alias": "catalog_returns",
                                                              "Startup Cost": 0.0,
                                                              "Total Cost": 34748.95,
                                                              "Plan Rows": 599895,
                                                              "Plan Width": 20,
                                                              "parent": 38,
                                                              "ID": 39
                                                            }
                                                          ],
                                                          "parent": 33,
                                                          "ID": 38,
                                                          "left": 39
                                                        }
                                                      ],
                                                      "parent": 32,
                                                      "ID": 33,
                                                      "left": 34,
                                                      "right": 38
                                                    },
                                                    {
                                                      "Node Type": "Hash",
                                                      "Parent Relationship": "Inner",
                                                      "Parallel Aware": true,
                                                      "Async Capable": false,
                                                      "Startup Cost": 7495.25,
                                                      "Total Cost": 7495.25,
                                                      "Plan Rows": 2442,
                                                      "Plan Width": 4,
                                                      "Plans": [
                                                        {
                                                          "Node Type": "Seq Scan",
                                                          "Parent Relationship": "Outer",
                                                          "Parallel Aware": true,
                                                          "Async Capable": false,
                                                          "Relation Name": "item",
                                                          "Alias": "item_1",
                                                          "Startup Cost": 0.0,
                                                          "Total Cost": 7495.25,
                                                          "Plan Rows": 2442,
                                                          "Plan Width": 4,
                                                          "Filter": "(i_current_price > '50'::numeric)",
                                                          "parent": 40,
                                                          "ID": 41
                                                        }
                                                      ],
                                                      "parent": 32,
                                                      "ID": 40,
                                                      "left": 41
                                                    }
                                                  ],
                                                  "parent": 31,
                                                  "ID": 32,
                                                  "left": 33,
                                                  "right": 40
                                                },
                                                {
                                                  "Node Type": "Hash",
                                                  "Parent Relationship": "Inner",
                                                  "Parallel Aware": false,
                                                  "Async Capable": false,
                                                  "Startup Cost": 19.25,
                                                  "Total Cost": 19.25,
                                                  "Plan Rows": 492,
                                                  "Plan Width": 4,
                                                  "Plans": [
                                                    {
                                                      "Node Type": "Seq Scan",
                                                      "Parent Relationship": "Outer",
                                                      "Parallel Aware": false,
                                                      "Async Capable": false,
                                                      "Relation Name": "promotion",
                                                      "Alias": "promotion_1",
                                                      "Startup Cost": 0.0,
                                                      "Total Cost": 19.25,
                                                      "Plan Rows": 492,
                                                      "Plan Width": 4,
                                                      "Filter": "(p_channel_tv = 'N'::bpchar)",
                                                      "parent": 42,
                                                      "ID": 43
                                                    }
                                                  ],
                                                  "parent": 31,
                                                  "ID": 42,
                                                  "left": 43
                                                }
                                              ],
                                              "parent": 30,
                                              "ID": 31,
                                              "left": 32,
                                              "right": 42
                                            },
                                            {
                                              "Node Type": "Hash",
                                              "Parent Relationship": "Inner",
                                              "Parallel Aware": false,
                                              "Async Capable": false,
                                              "Startup Cost": 368.0,
                                              "Total Cost": 368.0,
                                              "Plan Rows": 12000,
                                              "Plan Width": 21,
                                              "Plans": [
                                                {
                                                  "Node Type": "Seq Scan",
                                                  "Parent Relationship": "Outer",
                                                  "Parallel Aware": false,
                                                  "Async Capable": false,
                                                  "Relation Name": "catalog_page",
                                                  "Alias": "catalog_page",
                                                  "Startup Cost": 0.0,
                                                  "Total Cost": 368.0,
                                                  "Plan Rows": 12000,
                                                  "Plan Width": 21,
                                                  "parent": 44,
                                                  "ID": 45
                                                }
                                              ],
                                              "parent": 30,
                                              "ID": 44,
                                              "left": 45
                                            }
                                          ],
                                          "parent": 29,
                                          "ID": 30,
                                          "left": 31,
                                          "right": 44
                                        }
                                      ],
                                      "parent": 28,
                                      "ID": 29,
                                      "left": 30
                                    }
                                  ],
                                  "parent": 27,
                                  "ID": 28,
                                  "left": 29
                                }
                              ],
                              "parent": 26,
                              "ID": 27,
                              "left": 28
                            }
                          ],
                          "parent": 25,
                          "ID": 26,
                          "left": 27
                        }
                      ],
                      "parent": 3,
                      "ID": 25,
                      "left": 26
                    },
                    {
                      "Node Type": "Subquery Scan",
                      "Parent Relationship": "Member",
                      "Parallel Aware": false,
                      "Async Capable": false,
                      "Alias": "wsr",
                      "Startup Cost": 263919.04,
                      "Total Cost": 263926.75,
                      "Plan Rows": 21,
                      "Plan Width": 160,
                      "Plans": [
                        {
                          "Node Type": "Aggregate",
                          "Strategy": "Sorted",
                          "Partial Mode": "Finalize",
                          "Parent Relationship": "Subquery",
                          "Parallel Aware": false,
                          "Async Capable": false,
                          "Startup Cost": 263919.04,
                          "Total Cost": 263926.43,
                          "Plan Rows": 21,
                          "Plan Width": 113,
                          "Group Key": [
                            "web_site.web_site_id"
                          ],
                          "Plans": [
                            {
                              "Node Type": "Gather Merge",
                              "Parent Relationship": "Outer",
                              "Parallel Aware": false,
                              "Async Capable": false,
                              "Startup Cost": 263919.04,
                              "Total Cost": 263925.33,
                              "Plan Rows": 42,
                              "Plan Width": 113,
                              "Workers Planned": 2,
                              "Plans": [
                                {
                                  "Node Type": "Aggregate",
                                  "Strategy": "Sorted",
                                  "Partial Mode": "Partial",
                                  "Parent Relationship": "Outer",
                                  "Parallel Aware": false,
                                  "Async Capable": false,
                                  "Startup Cost": 262919.01,
                                  "Total Cost": 262920.46,
                                  "Plan Rows": 21,
                                  "Plan Width": 113,
                                  "Group Key": [
                                    "web_site.web_site_id"
                                  ],
                                  "Plans": [
                                    {
                                      "Node Type": "Sort",
                                      "Parent Relationship": "Outer",
                                      "Parallel Aware": false,
                                      "Async Capable": false,
                                      "Startup Cost": 262919.01,
                                      "Total Cost": 262919.19,
                                      "Plan Rows": 72,
                                      "Plan Width": 41,
                                      "Sort Key": [
                                        "web_site.web_site_id"
                                      ],
                                      "Plans": [
                                        {
                                          "Node Type": "Hash Join",
                                          "Parent Relationship": "Outer",
                                          "Parallel Aware": false,
                                          "Async Capable": false,
                                          "Join Type": "Inner",
                                          "Startup Cost": 32134.74,
                                          "Total Cost": 262916.79,
                                          "Plan Rows": 72,
                                          "Plan Width": 41,
                                          "Inner Unique": false,
                                          "Hash Cond": "(web_sales.ws_web_site_sk = web_site.web_site_sk)",
                                          "Plans": [
                                            {
                                              "Node Type": "Hash Join",
                                              "Parent Relationship": "Outer",
                                              "Parallel Aware": false,
                                              "Async Capable": false,
                                              "Join Type": "Inner",
                                              "Startup Cost": 32130.8,
                                              "Total Cost": 262911.86,
                                              "Plan Rows": 72,
                                              "Plan Width": 28,
                                              "Inner Unique": false,
                                              "Hash Cond": "(web_sales.ws_promo_sk = promotion_2.p_promo_sk)",
                                              "Plans": [
                                                {
                                                  "Node Type": "Hash Join",
                                                  "Parent Relationship": "Outer",
                                                  "Parallel Aware": true,
                                                  "Async Capable": false,
                                                  "Join Type": "Inner",
                                                  "Startup Cost": 32105.4,
                                                  "Total Cost": 262885.46,
                                                  "Plan Rows": 73,
                                                  "Plan Width": 32,
                                                  "Inner Unique": false,
                                                  "Hash Cond": "(web_sales.ws_item_sk = item_2.i_item_sk)",
                                                  "Plans": [
                                                    {
                                                      "Node Type": "Hash Join",
                                                      "Parent Relationship": "Outer",
                                                      "Parallel Aware": true,
                                                      "Async Capable": false,
                                                      "Join Type": "Left",
                                                      "Startup Cost": 24579.62,
                                                      "Total Cost": 255354.62,
                                                      "Plan Rows": 1272,
                                                      "Plan Width": 36,
                                                      "Inner Unique": false,
                                                      "Hash Cond": "((web_sales.ws_item_sk = web_returns.wr_item_sk) AND (web_sales.ws_order_number = web_returns.wr_order_number))",
                                                      "Plans": [
                                                        {
                                                          "Node Type": "Hash Join",
                                                          "Parent Relationship": "Outer",
                                                          "Parallel Aware": true,
                                                          "Async Capable": false,
                                                          "Join Type": "Inner",
                                                          "Startup Cost": 2049.78,
                                                          "Total Cost": 231041.22,
                                                          "Plan Rows": 1272,
                                                          "Plan Width": 28,
                                                          "Inner Unique": false,
                                                          "Hash Cond": "(web_sales.ws_sold_date_sk = date_dim_2.d_date_sk)",
                                                          "Plans": [
                                                            {
                                                              "Node Type": "Seq Scan",
                                                              "Parent Relationship": "Outer",
                                                              "Parallel Aware": true,
                                                              "Async Capable": false,
                                                              "Relation Name": "web_sales",
                                                              "Alias": "web_sales",
                                                              "Startup Cost": 0.0,
                                                              "Total Cost": 217737.86,
                                                              "Plan Rows": 2998986,
                                                              "Plan Width": 32,
                                                              "parent": 55,
                                                              "ID": 56
                                                            },
                                                            {
                                                              "Node Type": "Hash",
                                                              "Parent Relationship": "Inner",
                                                              "Parallel Aware": true,
                                                              "Async Capable": false,
                                                              "Startup Cost": 2049.55,
                                                              "Total Cost": 2049.55,
                                                              "Plan Rows": 18,
                                                              "Plan Width": 4,
                                                              "Plans": [
                                                                {
                                                                  "Node Type": "Seq Scan",
                                                                  "Parent Relationship": "Outer",
                                                                  "Parallel Aware": true,
                                                                  "Async Capable": false,
                                                                  "Relation Name": "date_dim",
                                                                  "Alias": "date_dim_2",
                                                                  "Startup Cost": 0.0,
                                                                  "Total Cost": 2049.55,
                                                                  "Plan Rows": 18,
                                                                  "Plan Width": 4,
                                                                  "Filter": "((d_date >= '2000-08-02'::date) AND (d_date <= '2000-09-01 00:00:00'::timestamp without time zone))",
                                                                  "parent": 57,
                                                                  "ID": 58
                                                                }
                                                              ],
                                                              "parent": 55,
                                                              "ID": 57,
                                                              "left": 58
                                                            }
                                                          ],
                                                          "parent": 54,
                                                          "ID": 55,
                                                          "left": 56,
                                                          "right": 57
                                                        },
                                                        {
                                                          "Node Type": "Hash",
                                                          "Parent Relationship": "Inner",
                                                          "Parallel Aware": true,
                                                          "Async Capable": false,
                                                          "Startup Cost": 16278.74,
                                                          "Total Cost": 16278.74,
                                                          "Plan Rows": 299674,
                                                          "Plan Width": 20,
                                                          "Plans": [
                                                            {
                                                              "Node Type": "Seq Scan",
                                                              "Parent Relationship": "Outer",
                                                              "Parallel Aware": true,
                                                              "Async Capable": false,
                                                              "Relation Name": "web_returns",
                                                              "Alias": "web_returns",
                                                              "Startup Cost": 0.0,
                                                              "Total Cost": 16278.74,
                                                              "Plan Rows": 299674,
                                                              "Plan Width": 20,
                                                              "parent": 59,
                                                              "ID": 60
                                                            }
                                                          ],
                                                          "parent": 54,
                                                          "ID": 59,
                                                          "left": 60
                                                        }
                                                      ],
                                                      "parent": 53,
                                                      "ID": 54,
                                                      "left": 55,
                                                      "right": 59
                                                    },
                                                    {
                                                      "Node Type": "Hash",
                                                      "Parent Relationship": "Inner",
                                                      "Parallel Aware": true,
                                                      "Async Capable": false,
                                                      "Startup Cost": 7495.25,
                                                      "Total Cost": 7495.25,
                                                      "Plan Rows": 2442,
                                                      "Plan Width": 4,
                                                      "Plans": [
                                                        {
                                                          "Node Type": "Seq Scan",
                                                          "Parent Relationship": "Outer",
                                                          "Parallel Aware": true,
                                                          "Async Capable": false,
                                                          "Relation Name": "item",
                                                          "Alias": "item_2",
                                                          "Startup Cost": 0.0,
                                                          "Total Cost": 7495.25,
                                                          "Plan Rows": 2442,
                                                          "Plan Width": 4,
                                                          "Filter": "(i_current_price > '50'::numeric)",
                                                          "parent": 61,
                                                          "ID": 62
                                                        }
                                                      ],
                                                      "parent": 53,
                                                      "ID": 61,
                                                      "left": 62
                                                    }
                                                  ],
                                                  "parent": 52,
                                                  "ID": 53,
                                                  "left": 54,
                                                  "right": 61
                                                },
                                                {
                                                  "Node Type": "Hash",
                                                  "Parent Relationship": "Inner",
                                                  "Parallel Aware": false,
                                                  "Async Capable": false,
                                                  "Startup Cost": 19.25,
                                                  "Total Cost": 19.25,
                                                  "Plan Rows": 492,
                                                  "Plan Width": 4,
                                                  "Plans": [
                                                    {
                                                      "Node Type": "Seq Scan",
                                                      "Parent Relationship": "Outer",
                                                      "Parallel Aware": false,
                                                      "Async Capable": false,
                                                      "Relation Name": "promotion",
                                                      "Alias": "promotion_2",
                                                      "Startup Cost": 0.0,
                                                      "Total Cost": 19.25,
                                                      "Plan Rows": 492,
                                                      "Plan Width": 4,
                                                      "Filter": "(p_channel_tv = 'N'::bpchar)",
                                                      "parent": 63,
                                                      "ID": 64
                                                    }
                                                  ],
                                                  "parent": 52,
                                                  "ID": 63,
                                                  "left": 64
                                                }
                                              ],
                                              "parent": 51,
                                              "ID": 52,
                                              "left": 53,
                                              "right": 63
                                            },
                                            {
                                              "Node Type": "Hash",
                                              "Parent Relationship": "Inner",
                                              "Parallel Aware": false,
                                              "Async Capable": false,
                                              "Startup Cost": 3.42,
                                              "Total Cost": 3.42,
                                              "Plan Rows": 42,
                                              "Plan Width": 21,
                                              "Plans": [
                                                {
                                                  "Node Type": "Seq Scan",
                                                  "Parent Relationship": "Outer",
                                                  "Parallel Aware": false,
                                                  "Async Capable": false,
                                                  "Relation Name": "web_site",
                                                  "Alias": "web_site",
                                                  "Startup Cost": 0.0,
                                                  "Total Cost": 3.42,
                                                  "Plan Rows": 42,
                                                  "Plan Width": 21,
                                                  "parent": 65,
                                                  "ID": 66
                                                }
                                              ],
                                              "parent": 51,
                                              "ID": 65,
                                              "left": 66
                                            }
                                          ],
                                          "parent": 50,
                                          "ID": 51,
                                          "left": 52,
                                          "right": 65
                                        }
                                      ],
                                      "parent": 49,
                                      "ID": 50,
                                      "left": 51
                                    }
                                  ],
                                  "parent": 48,
                                  "ID": 49,
                                  "left": 50
                                }
                              ],
                              "parent": 47,
                              "ID": 48,
                              "left": 49
                            }
                          ],
                          "parent": 46,
                          "ID": 47,
                          "left": 48
                        }
                      ],
                      "parent": 3,
                      "ID": 46,
                      "left": 47
                    }
                  ],
                  "parent": 2,
                  "ID": 3,
                  "left": 4,
                  "right": 25
                }
              ],
              "parent": 1,
              "ID": 2,
              "left": 3
            }
          ],
          "parent": 0,
          "ID": 1,
          "left": 2
        }
      ],
      "parent": null,
      "ID": 0,
      "left": 1
    },
    "feat": {
      "utility": 2.0850654840376086e-06,
      "query_shape": [
        [
          "Seq Scan",
          "Hash Join",
          "Sort",
          "Aggregate",
          "Gather Merge",
          "Subquery Scan",
          "Append"
        ],
        [
          "Seq Scan",
          "Hash",
          "Hash Join",
          "Sort",
          "Aggregate",
          "Gather Merge",
          "Subquery Scan",
          "Append"
        ],
        [
          "Seq Scan",
          "Hash",
          "Hash Join",
          "Sort",
          "Aggregate",
          "Gather Merge",
          "Subquery Scan",
          "Append"
        ],
        [
          "Seq Scan",
          "Hash",
          "Hash Join",
          "Sort",
          "Aggregate",
          "Gather Merge",
          "Subquery Scan",
          "Append"
        ],
        [
          "Seq Scan",
          "Hash",
          "Hash Join",
          "Sort",
          "Aggregate",
          "Gather Merge",
          "Subquery Scan",
          "Append"
        ],
        [
          "Seq Scan",
          "Hash",
          "Hash Join",
          "Sort",
          "Aggregate",
          "Gather Merge",
          "Subquery Scan",
          "Append"
        ],
        [
          "Seq Scan",
          "Hash Join",
          "Sort",
          "Aggregate",
          "Gather Merge",
          "Subquery Scan",
          "Append"
        ],
        [
          "Seq Scan",
          "Hash",
          "Hash Join",
          "Sort",
          "Aggregate",
          "Gather Merge",
          "Subquery Scan",
          "Append"
        ],
        [
          "Seq Scan",
          "Hash",
          "Hash Join",
          "Sort",
          "Aggregate",
          "Gather Merge",
          "Subquery Scan",
          "Append"
        ],
        [
          "Seq Scan",
          "Hash",
          "Hash Join",
          "Sort",
          "Aggregate",
          "Gather Merge",
          "Subquery Scan",
          "Append"
        ],
        [
          "Seq Scan",
          "Hash",
          "Hash Join",
          "Sort",
          "Aggregate",
          "Gather Merge",
          "Subquery Scan",
          "Append"
        ],
        [
          "Seq Scan",
          "Hash",
          "Hash Join",
          "Sort",
          "Aggregate",
          "Gather Merge",
          "Subquery Scan",
          "Append"
        ],
        [
          "Seq Scan",
          "Hash Join",
          "Sort",
          "Aggregate",
          "Gather Merge",
          "Subquery Scan",
          "Append"
        ],
        [
          "Seq Scan",
          "Hash",
          "Hash Join",
          "Sort",
          "Aggregate",
          "Gather Merge",
          "Subquery Scan",
          "Append"
        ],
        [
          "Seq Scan",
          "Hash",
          "Hash Join",
          "Sort",
          "Aggregate",
          "Gather Merge",
          "Subquery Scan",
          "Append"
        ],
        [
          "Seq Scan",
          "Hash",
          "Hash Join",
          "Sort",
          "Aggregate",
          "Gather Merge",
          "Subquery Scan",
          "Append"
        ],
        [
          "Seq Scan",
          "Hash",
          "Hash Join",
          "Sort",
          "Aggregate",
          "Gather Merge",
          "Subquery Scan",
          "Append"
        ],
        [
          "Seq Scan",
          "Hash",
          "Hash Join",
          "Sort",
          "Aggregate",
          "Gather Merge",
          "Subquery Scan",
          "Append"
        ]
      ],
      "index_shape": [
        "join"
      ],
      "physical_operator": {
        "Hash Join": [
          0.04477362595348276
        ]
      }
    }
  },
  {
    "query": "with ssr as\n (select  s_store_id as store_id,\n          sum(ss_ext_sales_price) as sales,\n          sum(coalesce(sr_return_amt, 0)) as returns,\n          sum(ss_net_profit - coalesce(sr_net_loss, 0)) as profit\n  from store_sales left outer join store_returns on\n         (ss_item_sk = sr_item_sk and ss_ticket_number = sr_ticket_number),\n     date_dim,\n     store,\n     item,\n     promotion\n where ss_sold_date_sk = d_date_sk\n       and d_date between cast('2000-08-02' as date) \n                  and (cast('2000-08-02' as date) +  interval '30 days')\n       and ss_store_sk = s_store_sk\n       and ss_item_sk = i_item_sk\n       and i_current_price > 50\n       and ss_promo_sk = p_promo_sk\n       and p_channel_tv = 'N'\n group by s_store_id)\n ,\n csr as\n (select  cp_catalog_page_id as catalog_page_id,\n          sum(cs_ext_sales_price) as sales,\n          sum(coalesce(cr_return_amount, 0)) as returns,\n          sum(cs_net_profit - coalesce(cr_net_loss, 0)) as profit\n  from catalog_sales left outer join catalog_returns on\n         (cs_item_sk = cr_item_sk and cs_order_number = cr_order_number),\n     date_dim,\n     catalog_page,\n     item,\n     promotion\n where cs_sold_date_sk = d_date_sk\n       and d_date between cast('2000-08-02' as date)\n                  and (cast('2000-08-02' as date) +  interval '30 days')\n        and cs_catalog_page_sk = cp_catalog_page_sk\n       and cs_item_sk = i_item_sk\n       and i_current_price > 50\n       and cs_promo_sk = p_promo_sk\n       and p_channel_tv = 'N'\ngroup by cp_catalog_page_id)\n ,\n wsr as\n (select  web_site_id,\n          sum(ws_ext_sales_price) as sales,\n          sum(coalesce(wr_return_amt, 0)) as returns,\n          sum(ws_net_profit - coalesce(wr_net_loss, 0)) as profit\n  from web_sales left outer join web_returns on\n         (ws_item_sk = wr_item_sk and ws_order_number = wr_order_number),\n     date_dim,\n     web_site,\n     item,\n     promotion\n where ws_sold_date_sk = d_date_sk\n       and d_date between cast('2000-08-02' as date)\n                  and (cast('2000-08-02' as date) +  interval '30 days')\n        and ws_web_site_sk = web_site_sk\n       and ws_item_sk = i_item_sk\n       and i_current_price > 50\n       and ws_promo_sk = p_promo_sk\n       and p_channel_tv = 'N'\ngroup by web_site_id)\n  select  channel\n        , id\n        , sum(sales) as sales\n        , sum(returns) as returns\n        , sum(profit) as profit\n from \n (select 'store channel' as channel\n        , 'store' || store_id as id\n        , sales\n        , returns\n        , profit\n from   ssr\n union all\n select 'catalog channel' as channel\n        , 'catalog_page' || catalog_page_id as id\n        , sales\n        , returns\n        , profit\n from  csr\n union all\n select 'web channel' as channel\n        , 'web_site' || web_site_id as id\n        , sales\n        , returns\n        , profit\n from   wsr\n ) x\n group by rollup (channel, id)\n order by channel\n         ,id\n limit 100;\n\n-- end query 61 in stream 4 using template query80.tpl\n",
    "indexes": "web_sales.ws_order_number",
    "wo plan est": {
      "Node Type": "Limit",
      "Parallel Aware": false,
      "Async Capable": false,
      "Startup Cost": 1566793.64,
      "Total Cost": 1566796.93,
      "Plan Rows": 100,
      "Plan Width": 160,
      "Plans": [
        {
          "Node Type": "Aggregate",
          "Strategy": "Sorted",
          "Partial Mode": "Simple",
          "Parent Relationship": "Outer",
          "Parallel Aware": false,
          "Async Capable": false,
          "Startup Cost": 1566793.64,
          "Total Cost": 1566806.84,
          "Plan Rows": 401,
          "Plan Width": 160,
          "Grouping Sets": [
            {
              "Group Keys": [
                [
                  "('store channel'::text)",
                  "(('store'::text || (ssr.store_id)::text))"
                ],
                [
                  "('store channel'::text)"
                ],
                []
              ]
            }
          ],
          "Plans": [
            {
              "Node Type": "Sort",
              "Parent Relationship": "Outer",
              "Parallel Aware": false,
              "Async Capable": false,
              "Startup Cost": 1566793.64,
              "Total Cost": 1566794.67,
              "Plan Rows": 412,
              "Plan Width": 160,
              "Sort Key": [
                "('store channel'::text)",
                "(('store'::text || (ssr.store_id)::text))"
              ],
              "Plans": [
                {
                  "Node Type": "Append",
                  "Parent Relationship": "Outer",
                  "Parallel Aware": false,
                  "Async Capable": false,
                  "Startup Cost": 784596.3,
                  "Total Cost": 1566775.74,
                  "Plan Rows": 412,
                  "Plan Width": 160,
                  "Subplans Removed": 0,
                  "Plans": [
                    {
                      "Node Type": "Subquery Scan",
                      "Parent Relationship": "Member",
                      "Parallel Aware": false,
                      "Async Capable": false,
                      "Alias": "ssr",
                      "Startup Cost": 784596.3,
                      "Total Cost": 784616.16,
                      "Plan Rows": 51,
                      "Plan Width": 160,
                      "Plans": [
                        {
                          "Node Type": "Aggregate",
                          "Strategy": "Sorted",
                          "Partial Mode": "Finalize",
                          "Parent Relationship": "Subquery",
                          "Parallel Aware": false,
                          "Async Capable": false,
                          "Startup Cost": 784596.3,
                          "Total Cost": 784615.39,
                          "Plan Rows": 51,
                          "Plan Width": 113,
                          "Group Key": [
                            "store.s_store_id"
                          ],
                          "Plans": [
                            {
                              "Node Type": "Gather Merge",
                              "Parent Relationship": "Outer",
                              "Parallel Aware": false,
                              "Async Capable": false,
                              "Startup Cost": 784596.3,
                              "Total Cost": 784612.71,
                              "Plan Rows": 102,
                              "Plan Width": 113,
                              "Workers Planned": 2,
                              "Plans": [
                                {
                                  "Node Type": "Aggregate",
                                  "Strategy": "Sorted",
                                  "Partial Mode": "Partial",
                                  "Parent Relationship": "Outer",
                                  "Parallel Aware": false,
                                  "Async Capable": false,
                                  "Startup Cost": 783596.27,
                                  "Total Cost": 783600.92,
                                  "Plan Rows": 51,
                                  "Plan Width": 113,
                                  "Group Key": [
                                    "store.s_store_id"
                                  ],
                                  "Plans": [
                                    {
                                      "Node Type": "Sort",
                                      "Parent Relationship": "Outer",
                                      "Parallel Aware": false,
                                      "Async Capable": false,
                                      "Startup Cost": 783596.27,
                                      "Total Cost": 783596.9,
                                      "Plan Rows": 250,
                                      "Plan Width": 41,
                                      "Sort Key": [
                                        "store.s_store_id"
                                      ],
                                      "Plans": [
                                        {
                                          "Node Type": "Hash Join",
                                          "Parent Relationship": "Outer",
                                          "Parallel Aware": false,
                                          "Async Capable": false,
                                          "Join Type": "Inner",
                                          "Startup Cost": 94489.35,
                                          "Total Cost": 783586.32,
                                          "Plan Rows": 250,
                                          "Plan Width": 41,
                                          "Inner Unique": false,
                                          "Hash Cond": "(store_sales.ss_store_sk = store.s_store_sk)",
                                          "Plans": [
                                            {
                                              "Node Type": "Hash Join",
                                              "Parent Relationship": "Outer",
                                              "Parallel Aware": false,
                                              "Async Capable": false,
                                              "Join Type": "Inner",
                                              "Startup Cost": 94482.05,
                                              "Total Cost": 783575.54,
                                              "Plan Rows": 262,
                                              "Plan Width": 28,
                                              "Inner Unique": false,
                                              "Hash Cond": "(store_sales.ss_promo_sk = promotion.p_promo_sk)",
                                              "Plans": [
                                                {
                                                  "Node Type": "Hash Join",
                                                  "Parent Relationship": "Outer",
                                                  "Parallel Aware": true,
                                                  "Async Capable": false,
                                                  "Join Type": "Inner",
                                                  "Startup Cost": 94456.65,
                                                  "Total Cost": 783546.47,
                                                  "Plan Rows": 279,
                                                  "Plan Width": 32,
                                                  "Inner Unique": false,
                                                  "Hash Cond": "(store_sales.ss_item_sk = item.i_item_sk)",
                                                  "Plans": [
                                                    {
                                                      "Node Type": "Hash Join",
                                                      "Parent Relationship": "Outer",
                                                      "Parallel Aware": true,
                                                      "Async Capable": false,
                                                      "Join Type": "Left",
                                                      "Startup Cost": 86930.88,
                                                      "Total Cost": 776001.31,
                                                      "Plan Rows": 4860,
                                                      "Plan Width": 36,
                                                      "Inner Unique": false,
                                                      "Hash Cond": "((store_sales.ss_item_sk = store_returns.sr_item_sk) AND (store_sales.ss_ticket_number = store_returns.sr_ticket_number))",
                                                      "Plans": [
                                                        {
                                                          "Node Type": "Hash Join",
                                                          "Parent Relationship": "Outer",
                                                          "Parallel Aware": true,
                                                          "Async Capable": false,
                                                          "Join Type": "Inner",
                                                          "Startup Cost": 2049.78,
                                                          "Total Cost": 683994.75,
                                                          "Plan Rows": 4860,
                                                          "Plan Width": 28,
                                                          "Inner Unique": false,
                                                          "Hash Cond": "(store_sales.ss_sold_date_sk = date_dim.d_date_sk)",
                                                          "Plans": [
                                                            {
                                                              "Node Type": "Seq Scan",
                                                              "Parent Relationship": "Outer",
                                                              "Parallel Aware": true,
                                                              "Async Capable": false,
                                                              "Relation Name": "store_sales",
                                                              "Alias": "store_sales",
                                                              "Startup Cost": 0.0,
                                                              "Total Cost": 636914.37,
                                                              "Plan Rows": 12000637,
                                                              "Plan Width": 32,
                                                              "parent": 13,
                                                              "ID": 14
                                                            },
                                                            {
                                                              "Node Type": "Hash",
                                                              "Parent Relationship": "Inner",
                                                              "Parallel Aware": true,
                                                              "Async Capable": false,
                                                              "Startup Cost": 2049.55,
                                                              "Total Cost": 2049.55,
                                                              "Plan Rows": 18,
                                                              "Plan Width": 4,
                                                              "Plans": [
                                                                {
                                                                  "Node Type": "Seq Scan",
                                                                  "Parent Relationship": "Outer",
                                                                  "Parallel Aware": true,
                                                                  "Async Capable": false,
                                                                  "Relation Name": "date_dim",
                                                                  "Alias": "date_dim",
                                                                  "Startup Cost": 0.0,
                                                                  "Total Cost": 2049.55,
                                                                  "Plan Rows": 18,
                                                                  "Plan Width": 4,
                                                                  "Filter": "((d_date >= '2000-08-02'::date) AND (d_date <= '2000-09-01 00:00:00'::timestamp without time zone))",
                                                                  "parent": 15,
                                                                  "ID": 16
                                                                }
                                                              ],
                                                              "parent": 13,
                                                              "ID": 15,
                                                              "left": 16
                                                            }
                                                          ],
                                                          "parent": 12,
                                                          "ID": 13,
                                                          "left": 14,
                                                          "right": 15
                                                        },
                                                        {
                                                          "Node Type": "Hash",
                                                          "Parent Relationship": "Inner",
                                                          "Parallel Aware": true,
                                                          "Async Capable": false,
                                                          "Startup Cost": 59887.64,
                                                          "Total Cost": 59887.64,
                                                          "Plan Rows": 1198164,
                                                          "Plan Width": 20,
                                                          "Plans": [
                                                            {
                                                              "Node Type": "Seq Scan",
                                                              "Parent Relationship": "Outer",
                                                              "Parallel Aware": true,
                                                              "Async Capable": false,
                                                              "Relation Name": "store_returns",
                                                              "Alias": "store_returns",
                                                              "Startup Cost": 0.0,
                                                              "Total Cost": 59887.64,
                                                              "Plan Rows": 1198164,
                                                              "Plan Width": 20,
                                                              "parent": 17,
                                                              "ID": 18
                                                            }
                                                          ],
                                                          "parent": 12,
                                                          "ID": 17,
                                                          "left": 18
                                                        }
                                                      ],
                                                      "parent": 11,
                                                      "ID": 12,
                                                      "left": 13,
                                                      "right": 17
                                                    },
                                                    {
                                                      "Node Type": "Hash",
                                                      "Parent Relationship": "Inner",
                                                      "Parallel Aware": true,
                                                      "Async Capable": false,
                                                      "Startup Cost": 7495.25,
                                                      "Total Cost": 7495.25,
                                                      "Plan Rows": 2442,
                                                      "Plan Width": 4,
                                                      "Plans": [
                                                        {
                                                          "Node Type": "Seq Scan",
                                                          "Parent Relationship": "Outer",
                                                          "Parallel Aware": true,
                                                          "Async Capable": false,
                                                          "Relation Name": "item",
                                                          "Alias": "item",
                                                          "Startup Cost": 0.0,
                                                          "Total Cost": 7495.25,
                                                          "Plan Rows": 2442,
                                                          "Plan Width": 4,
                                                          "Filter": "(i_current_price > '50'::numeric)",
                                                          "parent": 19,
                                                          "ID": 20
                                                        }
                                                      ],
                                                      "parent": 11,
                                                      "ID": 19,
                                                      "left": 20
                                                    }
                                                  ],
                                                  "parent": 10,
                                                  "ID": 11,
                                                  "left": 12,
                                                  "right": 19
                                                },
                                                {
                                                  "Node Type": "Hash",
                                                  "Parent Relationship": "Inner",
                                                  "Parallel Aware": false,
                                                  "Async Capable": false,
                                                  "Startup Cost": 19.25,
                                                  "Total Cost": 19.25,
                                                  "Plan Rows": 492,
                                                  "Plan Width": 4,
                                                  "Plans": [
                                                    {
                                                      "Node Type": "Seq Scan",
                                                      "Parent Relationship": "Outer",
                                                      "Parallel Aware": false,
                                                      "Async Capable": false,
                                                      "Relation Name": "promotion",
                                                      "Alias": "promotion",
                                                      "Startup Cost": 0.0,
                                                      "Total Cost": 19.25,
                                                      "Plan Rows": 492,
                                                      "Plan Width": 4,
                                                      "Filter": "(p_channel_tv = 'N'::bpchar)",
                                                      "parent": 21,
                                                      "ID": 22
                                                    }
                                                  ],
                                                  "parent": 10,
                                                  "ID": 21,
                                                  "left": 22
                                                }
                                              ],
                                              "parent": 9,
                                              "ID": 10,
                                              "left": 11,
                                              "right": 21
                                            },
                                            {
                                              "Node Type": "Hash",
                                              "Parent Relationship": "Inner",
                                              "Parallel Aware": false,
                                              "Async Capable": false,
                                              "Startup Cost": 6.02,
                                              "Total Cost": 6.02,
                                              "Plan Rows": 102,
                                              "Plan Width": 21,
                                              "Plans": [
                                                {
                                                  "Node Type": "Seq Scan",
                                                  "Parent Relationship": "Outer",
                                                  "Parallel Aware": false,
                                                  "Async Capable": false,
                                                  "Relation Name": "store",
                                                  "Alias": "store",
                                                  "Startup Cost": 0.0,
                                                  "Total Cost": 6.02,
                                                  "Plan Rows": 102,
                                                  "Plan Width": 21,
                                                  "parent": 23,
                                                  "ID": 24
                                                }
                                              ],
                                              "parent": 9,
                                              "ID": 23,
                                              "left": 24
                                            }
                                          ],
                                          "parent": 8,
                                          "ID": 9,
                                          "left": 10,
                                          "right": 23
                                        }
                                      ],
                                      "parent": 7,
                                      "ID": 8,
                                      "left": 9
                                    }
                                  ],
                                  "parent": 6,
                                  "ID": 7,
                                  "left": 8
                                }
                              ],
                              "parent": 5,
                              "ID": 6,
                              "left": 7
                            }
                          ],
                          "parent": 4,
                          "ID": 5,
                          "left": 6
                        }
                      ],
                      "parent": 3,
                      "ID": 4,
                      "left": 5
                    },
                    {
                      "Node Type": "Subquery Scan",
                      "Parent Relationship": "Member",
                      "Parallel Aware": false,
                      "Async Capable": false,
                      "Alias": "csr",
                      "Startup Cost": 518177.36,
                      "Total Cost": 518230.78,
                      "Plan Rows": 340,
                      "Plan Width": 160,
                      "Plans": [
                        {
                          "Node Type": "Aggregate",
                          "Strategy": "Sorted",
                          "Partial Mode": "Finalize",
                          "Parent Relationship": "Subquery",
                          "Parallel Aware": false,
                          "Async Capable": false,
                          "Startup Cost": 518177.36,
                          "Total Cost": 518225.68,
                          "Plan Rows": 340,
                          "Plan Width": 113,
                          "Group Key": [
                            "catalog_page.cp_catalog_page_id"
                          ],
                          "Plans": [
                            {
                              "Node Type": "Gather Merge",
                              "Parent Relationship": "Outer",
                              "Parallel Aware": false,
                              "Async Capable": false,
                              "Startup Cost": 518177.36,
                              "Total Cost": 518214.76,
                              "Plan Rows": 284,
                              "Plan Width": 113,
                              "Workers Planned": 2,
                              "Plans": [
                                {
                                  "Node Type": "Aggregate",
                                  "Strategy": "Sorted",
                                  "Partial Mode": "Partial",
                                  "Parent Relationship": "Outer",
                                  "Parallel Aware": false,
                                  "Async Capable": false,
                                  "Startup Cost": 517177.34,
                                  "Total Cost": 517181.95,
                                  "Plan Rows": 142,
                                  "Plan Width": 113,
                                  "Group Key": [
                                    "catalog_page.cp_catalog_page_id"
                                  ],
                                  "Plans": [
                                    {
                                      "Node Type": "Sort",
                                      "Parent Relationship": "Outer",
                                      "Parallel Aware": false,
                                      "Async Capable": false,
                                      "Startup Cost": 517177.34,
                                      "Total Cost": 517177.69,
                                      "Plan Rows": 142,
                                      "Plan Width": 41,
                                      "Sort Key": [
                                        "catalog_page.cp_catalog_page_id"
                                      ],
                                      "Plans": [
                                        {
                                          "Node Type": "Hash Join",
                                          "Parent Relationship": "Outer",
                                          "Parallel Aware": false,
                                          "Async Capable": false,
                                          "Join Type": "Inner",
                                          "Startup Cost": 57382.33,
                                          "Total Cost": 517172.26,
                                          "Plan Rows": 142,
                                          "Plan Width": 41,
                                          "Inner Unique": false,
                                          "Hash Cond": "(catalog_sales.cs_catalog_page_sk = catalog_page.cp_catalog_page_sk)",
                                          "Plans": [
                                            {
                                              "Node Type": "Hash Join",
                                              "Parent Relationship": "Outer",
                                              "Parallel Aware": false,
                                              "Async Capable": false,
                                              "Join Type": "Inner",
                                              "Startup Cost": 56864.33,
                                              "Total Cost": 516652.32,
                                              "Plan Rows": 142,
                                              "Plan Width": 28,
                                              "Inner Unique": false,
                                              "Hash Cond": "(catalog_sales.cs_promo_sk = promotion_1.p_promo_sk)",
                                              "Plans": [
                                                {
                                                  "Node Type": "Hash Join",
                                                  "Parent Relationship": "Outer",
                                                  "Parallel Aware": true,
                                                  "Async Capable": false,
                                                  "Join Type": "Inner",
                                                  "Startup Cost": 56838.93,
                                                  "Total Cost": 516624.96,
                                                  "Plan Rows": 145,
                                                  "Plan Width": 32,
                                                  "Inner Unique": false,
                                                  "Hash Cond": "(catalog_sales.cs_item_sk = item_1.i_item_sk)",
                                                  "Plans": [
                                                    {
                                                      "Node Type": "Hash Join",
                                                      "Parent Relationship": "Outer",
                                                      "Parallel Aware": true,
                                                      "Async Capable": false,
                                                      "Join Type": "Left",
                                                      "Startup Cost": 49313.15,
                                                      "Total Cost": 509089.08,
                                                      "Plan Rows": 2532,
                                                      "Plan Width": 36,
                                                      "Inner Unique": false,
                                                      "Hash Cond": "((catalog_sales.cs_item_sk = catalog_returns.cr_item_sk) AND (catalog_sales.cs_order_number = catalog_returns.cr_order_number))",
                                                      "Plans": [
                                                        {
                                                          "Node Type": "Hash Join",
                                                          "Parent Relationship": "Outer",
                                                          "Parallel Aware": true,
                                                          "Async Capable": false,
                                                          "Join Type": "Inner",
                                                          "Startup Cost": 2049.78,
                                                          "Total Cost": 458254.7,
                                                          "Plan Rows": 2532,
                                                          "Plan Width": 28,
                                                          "Inner Unique": false,
                                                          "Hash Cond": "(catalog_sales.cs_sold_date_sk = date_dim_1.d_date_sk)",
                                                          "Plans": [
                                                            {
                                                              "Node Type": "Seq Scan",
                                                              "Parent Relationship": "Outer",
                                                              "Parallel Aware": true,
                                                              "Async Capable": false,
                                                              "Relation Name": "catalog_sales",
                                                              "Alias": "catalog_sales",
                                                              "Startup Cost": 0.0,
                                                              "Total Cost": 433688.25,
                                                              "Plan Rows": 6000525,
                                                              "Plan Width": 32,
                                                              "parent": 34,
                                                              "ID": 35
                                                            },
                                                            {
                                                              "Node Type": "Hash",
                                                              "Parent Relationship": "Inner",
                                                              "Parallel Aware": true,
                                                              "Async Capable": false,
                                                              "Startup Cost": 2049.55,
                                                              "Total Cost": 2049.55,
                                                              "Plan Rows": 18,
                                                              "Plan Width": 4,
                                                              "Plans": [
                                                                {
                                                                  "Node Type": "Seq Scan",
                                                                  "Parent Relationship": "Outer",
                                                                  "Parallel Aware": true,
                                                                  "Async Capable": false,
                                                                  "Relation Name": "date_dim",
                                                                  "Alias": "date_dim_1",
                                                                  "Startup Cost": 0.0,
                                                                  "Total Cost": 2049.55,
                                                                  "Plan Rows": 18,
                                                                  "Plan Width": 4,
                                                                  "Filter": "((d_date >= '2000-08-02'::date) AND (d_date <= '2000-09-01 00:00:00'::timestamp without time zone))",
                                                                  "parent": 36,
                                                                  "ID": 37
                                                                }
                                                              ],
                                                              "parent": 34,
                                                              "ID": 36,
                                                              "left": 37
                                                            }
                                                          ],
                                                          "parent": 33,
                                                          "ID": 34,
                                                          "left": 35,
                                                          "right": 36
                                                        },
                                                        {
                                                          "Node Type": "Hash",
                                                          "Parent Relationship": "Inner",
                                                          "Parallel Aware": true,
                                                          "Async Capable": false,
                                                          "Startup Cost": 34748.95,
                                                          "Total Cost": 34748.95,
                                                          "Plan Rows": 599895,
                                                          "Plan Width": 20,
                                                          "Plans": [
                                                            {
                                                              "Node Type": "Seq Scan",
                                                              "Parent Relationship": "Outer",
                                                              "Parallel Aware": true,
                                                              "Async Capable": false,
                                                              "Relation Name": "catalog_returns",
                                                              "Alias": "catalog_returns",
                                                              "Startup Cost": 0.0,
                                                              "Total Cost": 34748.95,
                                                              "Plan Rows": 599895,
                                                              "Plan Width": 20,
                                                              "parent": 38,
                                                              "ID": 39
                                                            }
                                                          ],
                                                          "parent": 33,
                                                          "ID": 38,
                                                          "left": 39
                                                        }
                                                      ],
                                                      "parent": 32,
                                                      "ID": 33,
                                                      "left": 34,
                                                      "right": 38
                                                    },
                                                    {
                                                      "Node Type": "Hash",
                                                      "Parent Relationship": "Inner",
                                                      "Parallel Aware": true,
                                                      "Async Capable": false,
                                                      "Startup Cost": 7495.25,
                                                      "Total Cost": 7495.25,
                                                      "Plan Rows": 2442,
                                                      "Plan Width": 4,
                                                      "Plans": [
                                                        {
                                                          "Node Type": "Seq Scan",
                                                          "Parent Relationship": "Outer",
                                                          "Parallel Aware": true,
                                                          "Async Capable": false,
                                                          "Relation Name": "item",
                                                          "Alias": "item_1",
                                                          "Startup Cost": 0.0,
                                                          "Total Cost": 7495.25,
                                                          "Plan Rows": 2442,
                                                          "Plan Width": 4,
                                                          "Filter": "(i_current_price > '50'::numeric)",
                                                          "parent": 40,
                                                          "ID": 41
                                                        }
                                                      ],
                                                      "parent": 32,
                                                      "ID": 40,
                                                      "left": 41
                                                    }
                                                  ],
                                                  "parent": 31,
                                                  "ID": 32,
                                                  "left": 33,
                                                  "right": 40
                                                },
                                                {
                                                  "Node Type": "Hash",
                                                  "Parent Relationship": "Inner",
                                                  "Parallel Aware": false,
                                                  "Async Capable": false,
                                                  "Startup Cost": 19.25,
                                                  "Total Cost": 19.25,
                                                  "Plan Rows": 492,
                                                  "Plan Width": 4,
                                                  "Plans": [
                                                    {
                                                      "Node Type": "Seq Scan",
                                                      "Parent Relationship": "Outer",
                                                      "Parallel Aware": false,
                                                      "Async Capable": false,
                                                      "Relation Name": "promotion",
                                                      "Alias": "promotion_1",
                                                      "Startup Cost": 0.0,
                                                      "Total Cost": 19.25,
                                                      "Plan Rows": 492,
                                                      "Plan Width": 4,
                                                      "Filter": "(p_channel_tv = 'N'::bpchar)",
                                                      "parent": 42,
                                                      "ID": 43
                                                    }
                                                  ],
                                                  "parent": 31,
                                                  "ID": 42,
                                                  "left": 43
                                                }
                                              ],
                                              "parent": 30,
                                              "ID": 31,
                                              "left": 32,
                                              "right": 42
                                            },
                                            {
                                              "Node Type": "Hash",
                                              "Parent Relationship": "Inner",
                                              "Parallel Aware": false,
                                              "Async Capable": false,
                                              "Startup Cost": 368.0,
                                              "Total Cost": 368.0,
                                              "Plan Rows": 12000,
                                              "Plan Width": 21,
                                              "Plans": [
                                                {
                                                  "Node Type": "Seq Scan",
                                                  "Parent Relationship": "Outer",
                                                  "Parallel Aware": false,
                                                  "Async Capable": false,
                                                  "Relation Name": "catalog_page",
                                                  "Alias": "catalog_page",
                                                  "Startup Cost": 0.0,
                                                  "Total Cost": 368.0,
                                                  "Plan Rows": 12000,
                                                  "Plan Width": 21,
                                                  "parent": 44,
                                                  "ID": 45
                                                }
                                              ],
                                              "parent": 30,
                                              "ID": 44,
                                              "left": 45
                                            }
                                          ],
                                          "parent": 29,
                                          "ID": 30,
                                          "left": 31,
                                          "right": 44
                                        }
                                      ],
                                      "parent": 28,
                                      "ID": 29,
                                      "left": 30
                                    }
                                  ],
                                  "parent": 27,
                                  "ID": 28,
                                  "left": 29
                                }
                              ],
                              "parent": 26,
                              "ID": 27,
                              "left": 28
                            }
                          ],
                          "parent": 25,
                          "ID": 26,
                          "left": 27
                        }
                      ],
                      "parent": 3,
                      "ID": 25,
                      "left": 26
                    },
                    {
                      "Node Type": "Subquery Scan",
                      "Parent Relationship": "Member",
                      "Parallel Aware": false,
                      "Async Capable": false,
                      "Alias": "wsr",
                      "Startup Cost": 263919.04,
                      "Total Cost": 263926.75,
                      "Plan Rows": 21,
                      "Plan Width": 160,
                      "Plans": [
                        {
                          "Node Type": "Aggregate",
                          "Strategy": "Sorted",
                          "Partial Mode": "Finalize",
                          "Parent Relationship": "Subquery",
                          "Parallel Aware": false,
                          "Async Capable": false,
                          "Startup Cost": 263919.04,
                          "Total Cost": 263926.43,
                          "Plan Rows": 21,
                          "Plan Width": 113,
                          "Group Key": [
                            "web_site.web_site_id"
                          ],
                          "Plans": [
                            {
                              "Node Type": "Gather Merge",
                              "Parent Relationship": "Outer",
                              "Parallel Aware": false,
                              "Async Capable": false,
                              "Startup Cost": 263919.04,
                              "Total Cost": 263925.33,
                              "Plan Rows": 42,
                              "Plan Width": 113,
                              "Workers Planned": 2,
                              "Plans": [
                                {
                                  "Node Type": "Aggregate",
                                  "Strategy": "Sorted",
                                  "Partial Mode": "Partial",
                                  "Parent Relationship": "Outer",
                                  "Parallel Aware": false,
                                  "Async Capable": false,
                                  "Startup Cost": 262919.01,
                                  "Total Cost": 262920.46,
                                  "Plan Rows": 21,
                                  "Plan Width": 113,
                                  "Group Key": [
                                    "web_site.web_site_id"
                                  ],
                                  "Plans": [
                                    {
                                      "Node Type": "Sort",
                                      "Parent Relationship": "Outer",
                                      "Parallel Aware": false,
                                      "Async Capable": false,
                                      "Startup Cost": 262919.01,
                                      "Total Cost": 262919.19,
                                      "Plan Rows": 72,
                                      "Plan Width": 41,
                                      "Sort Key": [
                                        "web_site.web_site_id"
                                      ],
                                      "Plans": [
                                        {
                                          "Node Type": "Hash Join",
                                          "Parent Relationship": "Outer",
                                          "Parallel Aware": false,
                                          "Async Capable": false,
                                          "Join Type": "Inner",
                                          "Startup Cost": 32134.74,
                                          "Total Cost": 262916.79,
                                          "Plan Rows": 72,
                                          "Plan Width": 41,
                                          "Inner Unique": false,
                                          "Hash Cond": "(web_sales.ws_web_site_sk = web_site.web_site_sk)",
                                          "Plans": [
                                            {
                                              "Node Type": "Hash Join",
                                              "Parent Relationship": "Outer",
                                              "Parallel Aware": false,
                                              "Async Capable": false,
                                              "Join Type": "Inner",
                                              "Startup Cost": 32130.8,
                                              "Total Cost": 262911.86,
                                              "Plan Rows": 72,
                                              "Plan Width": 28,
                                              "Inner Unique": false,
                                              "Hash Cond": "(web_sales.ws_promo_sk = promotion_2.p_promo_sk)",
                                              "Plans": [
                                                {
                                                  "Node Type": "Hash Join",
                                                  "Parent Relationship": "Outer",
                                                  "Parallel Aware": true,
                                                  "Async Capable": false,
                                                  "Join Type": "Inner",
                                                  "Startup Cost": 32105.4,
                                                  "Total Cost": 262885.46,
                                                  "Plan Rows": 73,
                                                  "Plan Width": 32,
                                                  "Inner Unique": false,
                                                  "Hash Cond": "(web_sales.ws_item_sk = item_2.i_item_sk)",
                                                  "Plans": [
                                                    {
                                                      "Node Type": "Hash Join",
                                                      "Parent Relationship": "Outer",
                                                      "Parallel Aware": true,
                                                      "Async Capable": false,
                                                      "Join Type": "Left",
                                                      "Startup Cost": 24579.62,
                                                      "Total Cost": 255354.62,
                                                      "Plan Rows": 1272,
                                                      "Plan Width": 36,
                                                      "Inner Unique": false,
                                                      "Hash Cond": "((web_sales.ws_item_sk = web_returns.wr_item_sk) AND (web_sales.ws_order_number = web_returns.wr_order_number))",
                                                      "Plans": [
                                                        {
                                                          "Node Type": "Hash Join",
                                                          "Parent Relationship": "Outer",
                                                          "Parallel Aware": true,
                                                          "Async Capable": false,
                                                          "Join Type": "Inner",
                                                          "Startup Cost": 2049.78,
                                                          "Total Cost": 231041.22,
                                                          "Plan Rows": 1272,
                                                          "Plan Width": 28,
                                                          "Inner Unique": false,
                                                          "Hash Cond": "(web_sales.ws_sold_date_sk = date_dim_2.d_date_sk)",
                                                          "Plans": [
                                                            {
                                                              "Node Type": "Seq Scan",
                                                              "Parent Relationship": "Outer",
                                                              "Parallel Aware": true,
                                                              "Async Capable": false,
                                                              "Relation Name": "web_sales",
                                                              "Alias": "web_sales",
                                                              "Startup Cost": 0.0,
                                                              "Total Cost": 217737.86,
                                                              "Plan Rows": 2998986,
                                                              "Plan Width": 32,
                                                              "parent": 55,
                                                              "ID": 56
                                                            },
                                                            {
                                                              "Node Type": "Hash",
                                                              "Parent Relationship": "Inner",
                                                              "Parallel Aware": true,
                                                              "Async Capable": false,
                                                              "Startup Cost": 2049.55,
                                                              "Total Cost": 2049.55,
                                                              "Plan Rows": 18,
                                                              "Plan Width": 4,
                                                              "Plans": [
                                                                {
                                                                  "Node Type": "Seq Scan",
                                                                  "Parent Relationship": "Outer",
                                                                  "Parallel Aware": true,
                                                                  "Async Capable": false,
                                                                  "Relation Name": "date_dim",
                                                                  "Alias": "date_dim_2",
                                                                  "Startup Cost": 0.0,
                                                                  "Total Cost": 2049.55,
                                                                  "Plan Rows": 18,
                                                                  "Plan Width": 4,
                                                                  "Filter": "((d_date >= '2000-08-02'::date) AND (d_date <= '2000-09-01 00:00:00'::timestamp without time zone))",
                                                                  "parent": 57,
                                                                  "ID": 58
                                                                }
                                                              ],
                                                              "parent": 55,
                                                              "ID": 57,
                                                              "left": 58
                                                            }
                                                          ],
                                                          "parent": 54,
                                                          "ID": 55,
                                                          "left": 56,
                                                          "right": 57
                                                        },
                                                        {
                                                          "Node Type": "Hash",
                                                          "Parent Relationship": "Inner",
                                                          "Parallel Aware": true,
                                                          "Async Capable": false,
                                                          "Startup Cost": 16278.74,
                                                          "Total Cost": 16278.74,
                                                          "Plan Rows": 299674,
                                                          "Plan Width": 20,
                                                          "Plans": [
                                                            {
                                                              "Node Type": "Seq Scan",
                                                              "Parent Relationship": "Outer",
                                                              "Parallel Aware": true,
                                                              "Async Capable": false,
                                                              "Relation Name": "web_returns",
                                                              "Alias": "web_returns",
                                                              "Startup Cost": 0.0,
                                                              "Total Cost": 16278.74,
                                                              "Plan Rows": 299674,
                                                              "Plan Width": 20,
                                                              "parent": 59,
                                                              "ID": 60
                                                            }
                                                          ],
                                                          "parent": 54,
                                                          "ID": 59,
                                                          "left": 60
                                                        }
                                                      ],
                                                      "parent": 53,
                                                      "ID": 54,
                                                      "left": 55,
                                                      "right": 59
                                                    },
                                                    {
                                                      "Node Type": "Hash",
                                                      "Parent Relationship": "Inner",
                                                      "Parallel Aware": true,
                                                      "Async Capable": false,
                                                      "Startup Cost": 7495.25,
                                                      "Total Cost": 7495.25,
                                                      "Plan Rows": 2442,
                                                      "Plan Width": 4,
                                                      "Plans": [
                                                        {
                                                          "Node Type": "Seq Scan",
                                                          "Parent Relationship": "Outer",
                                                          "Parallel Aware": true,
                                                          "Async Capable": false,
                                                          "Relation Name": "item",
                                                          "Alias": "item_2",
                                                          "Startup Cost": 0.0,
                                                          "Total Cost": 7495.25,
                                                          "Plan Rows": 2442,
                                                          "Plan Width": 4,
                                                          "Filter": "(i_current_price > '50'::numeric)",
                                                          "parent": 61,
                                                          "ID": 62
                                                        }
                                                      ],
                                                      "parent": 53,
                                                      "ID": 61,
                                                      "left": 62
                                                    }
                                                  ],
                                                  "parent": 52,
                                                  "ID": 53,
                                                  "left": 54,
                                                  "right": 61
                                                },
                                                {
                                                  "Node Type": "Hash",
                                                  "Parent Relationship": "Inner",
                                                  "Parallel Aware": false,
                                                  "Async Capable": false,
                                                  "Startup Cost": 19.25,
                                                  "Total Cost": 19.25,
                                                  "Plan Rows": 492,
                                                  "Plan Width": 4,
                                                  "Plans": [
                                                    {
                                                      "Node Type": "Seq Scan",
                                                      "Parent Relationship": "Outer",
                                                      "Parallel Aware": false,
                                                      "Async Capable": false,
                                                      "Relation Name": "promotion",
                                                      "Alias": "promotion_2",
                                                      "Startup Cost": 0.0,
                                                      "Total Cost": 19.25,
                                                      "Plan Rows": 492,
                                                      "Plan Width": 4,
                                                      "Filter": "(p_channel_tv = 'N'::bpchar)",
                                                      "parent": 63,
                                                      "ID": 64
                                                    }
                                                  ],
                                                  "parent": 52,
                                                  "ID": 63,
                                                  "left": 64
                                                }
                                              ],
                                              "parent": 51,
                                              "ID": 52,
                                              "left": 53,
                                              "right": 63
                                            },
                                            {
                                              "Node Type": "Hash",
                                              "Parent Relationship": "Inner",
                                              "Parallel Aware": false,
                                              "Async Capable": false,
                                              "Startup Cost": 3.42,
                                              "Total Cost": 3.42,
                                              "Plan Rows": 42,
                                              "Plan Width": 21,
                                              "Plans": [
                                                {
                                                  "Node Type": "Seq Scan",
                                                  "Parent Relationship": "Outer",
                                                  "Parallel Aware": false,
                                                  "Async Capable": false,
                                                  "Relation Name": "web_site",
                                                  "Alias": "web_site",
                                                  "Startup Cost": 0.0,
                                                  "Total Cost": 3.42,
                                                  "Plan Rows": 42,
                                                  "Plan Width": 21,
                                                  "parent": 65,
                                                  "ID": 66
                                                }
                                              ],
                                              "parent": 51,
                                              "ID": 65,
                                              "left": 66
                                            }
                                          ],
                                          "parent": 50,
                                          "ID": 51,
                                          "left": 52,
                                          "right": 65
                                        }
                                      ],
                                      "parent": 49,
                                      "ID": 50,
                                      "left": 51
                                    }
                                  ],
                                  "parent": 48,
                                  "ID": 49,
                                  "left": 50
                                }
                              ],
                              "parent": 47,
                              "ID": 48,
                              "left": 49
                            }
                          ],
                          "parent": 46,
                          "ID": 47,
                          "left": 48
                        }
                      ],
                      "parent": 3,
                      "ID": 46,
                      "left": 47
                    }
                  ],
                  "parent": 2,
                  "ID": 3,
                  "left": 4,
                  "right": 25
                }
              ],
              "parent": 1,
              "ID": 2,
              "left": 3
            }
          ],
          "parent": 0,
          "ID": 1,
          "left": 2
        }
      ],
      "parent": null,
      "ID": 0,
      "left": 1
    },
    "feat": {
      "utility": 2.1788098394368505e-06,
      "query_shape": [
        [
          "Seq Scan",
          "Hash Join",
          "Sort",
          "Aggregate",
          "Gather Merge",
          "Subquery Scan",
          "Append"
        ],
        [
          "Seq Scan",
          "Hash",
          "Hash Join",
          "Sort",
          "Aggregate",
          "Gather Merge",
          "Subquery Scan",
          "Append"
        ],
        [
          "Seq Scan",
          "Hash",
          "Hash Join",
          "Sort",
          "Aggregate",
          "Gather Merge",
          "Subquery Scan",
          "Append"
        ],
        [
          "Seq Scan",
          "Hash",
          "Hash Join",
          "Sort",
          "Aggregate",
          "Gather Merge",
          "Subquery Scan",
          "Append"
        ],
        [
          "Seq Scan",
          "Hash",
          "Hash Join",
          "Sort",
          "Aggregate",
          "Gather Merge",
          "Subquery Scan",
          "Append"
        ],
        [
          "Seq Scan",
          "Hash",
          "Hash Join",
          "Sort",
          "Aggregate",
          "Gather Merge",
          "Subquery Scan",
          "Append"
        ],
        [
          "Seq Scan",
          "Hash Join",
          "Sort",
          "Aggregate",
          "Gather Merge",
          "Subquery Scan",
          "Append"
        ],
        [
          "Seq Scan",
          "Hash",
          "Hash Join",
          "Sort",
          "Aggregate",
          "Gather Merge",
          "Subquery Scan",
          "Append"
        ],
        [
          "Seq Scan",
          "Hash",
          "Hash Join",
          "Sort",
          "Aggregate",
          "Gather Merge",
          "Subquery Scan",
          "Append"
        ],
        [
          "Seq Scan",
          "Hash",
          "Hash Join",
          "Sort",
          "Aggregate",
          "Gather Merge",
          "Subquery Scan",
          "Append"
        ],
        [
          "Seq Scan",
          "Hash",
          "Hash Join",
          "Sort",
          "Aggregate",
          "Gather Merge",
          "Subquery Scan",
          "Append"
        ],
        [
          "Seq Scan",
          "Hash",
          "Hash Join",
          "Sort",
          "Aggregate",
          "Gather Merge",
          "Subquery Scan",
          "Append"
        ],
        [
          "Seq Scan",
          "Hash Join",
          "Sort",
          "Aggregate",
          "Gather Merge",
          "Subquery Scan",
          "Append"
        ],
        [
          "Seq Scan",
          "Hash",
          "Hash Join",
          "Sort",
          "Aggregate",
          "Gather Merge",
          "Subquery Scan",
          "Append"
        ],
        [
          "Seq Scan",
          "Hash",
          "Hash Join",
          "Sort",
          "Aggregate",
          "Gather Merge",
          "Subquery Scan",
          "Append"
        ],
        [
          "Seq Scan",
          "Hash",
          "Hash Join",
          "Sort",
          "Aggregate",
          "Gather Merge",
          "Subquery Scan",
          "Append"
        ],
        [
          "Seq Scan",
          "Hash",
          "Hash Join",
          "Sort",
          "Aggregate",
          "Gather Merge",
          "Subquery Scan",
          "Append"
        ],
        [
          "Seq Scan",
          "Hash",
          "Hash Join",
          "Sort",
          "Aggregate",
          "Gather Merge",
          "Subquery Scan",
          "Append"
        ]
      ],
      "index_shape": [
        "join"
      ],
      "physical_operator": {
        "Hash Join": [
          0.0018267346539619918
        ]
      }
    }
  },
  {
    "query": "with ssr as\n (select  s_store_id as store_id,\n          sum(ss_ext_sales_price) as sales,\n          sum(coalesce(sr_return_amt, 0)) as returns,\n          sum(ss_net_profit - coalesce(sr_net_loss, 0)) as profit\n  from store_sales left outer join store_returns on\n         (ss_item_sk = sr_item_sk and ss_ticket_number = sr_ticket_number),\n     date_dim,\n     store,\n     item,\n     promotion\n where ss_sold_date_sk = d_date_sk\n       and d_date between cast('2000-08-02' as date) \n                  and (cast('2000-08-02' as date) +  interval '30 days')\n       and ss_store_sk = s_store_sk\n       and ss_item_sk = i_item_sk\n       and i_current_price > 50\n       and ss_promo_sk = p_promo_sk\n       and p_channel_tv = 'N'\n group by s_store_id)\n ,\n csr as\n (select  cp_catalog_page_id as catalog_page_id,\n          sum(cs_ext_sales_price) as sales,\n          sum(coalesce(cr_return_amount, 0)) as returns,\n          sum(cs_net_profit - coalesce(cr_net_loss, 0)) as profit\n  from catalog_sales left outer join catalog_returns on\n         (cs_item_sk = cr_item_sk and cs_order_number = cr_order_number),\n     date_dim,\n     catalog_page,\n     item,\n     promotion\n where cs_sold_date_sk = d_date_sk\n       and d_date between cast('2000-08-02' as date)\n                  and (cast('2000-08-02' as date) +  interval '30 days')\n        and cs_catalog_page_sk = cp_catalog_page_sk\n       and cs_item_sk = i_item_sk\n       and i_current_price > 50\n       and cs_promo_sk = p_promo_sk\n       and p_channel_tv = 'N'\ngroup by cp_catalog_page_id)\n ,\n wsr as\n (select  web_site_id,\n          sum(ws_ext_sales_price) as sales,\n          sum(coalesce(wr_return_amt, 0)) as returns,\n          sum(ws_net_profit - coalesce(wr_net_loss, 0)) as profit\n  from web_sales left outer join web_returns on\n         (ws_item_sk = wr_item_sk and ws_order_number = wr_order_number),\n     date_dim,\n     web_site,\n     item,\n     promotion\n where ws_sold_date_sk = d_date_sk\n       and d_date between cast('2000-08-02' as date)\n                  and (cast('2000-08-02' as date) +  interval '30 days')\n        and ws_web_site_sk = web_site_sk\n       and ws_item_sk = i_item_sk\n       and i_current_price > 50\n       and ws_promo_sk = p_promo_sk\n       and p_channel_tv = 'N'\ngroup by web_site_id)\n  select  channel\n        , id\n        , sum(sales) as sales\n        , sum(returns) as returns\n        , sum(profit) as profit\n from \n (select 'store channel' as channel\n        , 'store' || store_id as id\n        , sales\n        , returns\n        , profit\n from   ssr\n union all\n select 'catalog channel' as channel\n        , 'catalog_page' || catalog_page_id as id\n        , sales\n        , returns\n        , profit\n from  csr\n union all\n select 'web channel' as channel\n        , 'web_site' || web_site_id as id\n        , sales\n        , returns\n        , profit\n from   wsr\n ) x\n group by rollup (channel, id)\n order by channel\n         ,id\n limit 100;\n\n-- end query 61 in stream 4 using template query80.tpl\n",
    "indexes": "web_sales.ws_ext_sales_price",
    "wo plan est": {
      "Node Type": "Limit",
      "Parallel Aware": false,
      "Async Capable": false,
      "Startup Cost": 1566793.64,
      "Total Cost": 1566796.93,
      "Plan Rows": 100,
      "Plan Width": 160,
      "Plans": [
        {
          "Node Type": "Aggregate",
          "Strategy": "Sorted",
          "Partial Mode": "Simple",
          "Parent Relationship": "Outer",
          "Parallel Aware": false,
          "Async Capable": false,
          "Startup Cost": 1566793.64,
          "Total Cost": 1566806.84,
          "Plan Rows": 401,
          "Plan Width": 160,
          "Grouping Sets": [
            {
              "Group Keys": [
                [
                  "('store channel'::text)",
                  "(('store'::text || (ssr.store_id)::text))"
                ],
                [
                  "('store channel'::text)"
                ],
                []
              ]
            }
          ],
          "Plans": [
            {
              "Node Type": "Sort",
              "Parent Relationship": "Outer",
              "Parallel Aware": false,
              "Async Capable": false,
              "Startup Cost": 1566793.64,
              "Total Cost": 1566794.67,
              "Plan Rows": 412,
              "Plan Width": 160,
              "Sort Key": [
                "('store channel'::text)",
                "(('store'::text || (ssr.store_id)::text))"
              ],
              "Plans": [
                {
                  "Node Type": "Append",
                  "Parent Relationship": "Outer",
                  "Parallel Aware": false,
                  "Async Capable": false,
                  "Startup Cost": 784596.3,
                  "Total Cost": 1566775.74,
                  "Plan Rows": 412,
                  "Plan Width": 160,
                  "Subplans Removed": 0,
                  "Plans": [
                    {
                      "Node Type": "Subquery Scan",
                      "Parent Relationship": "Member",
                      "Parallel Aware": false,
                      "Async Capable": false,
                      "Alias": "ssr",
                      "Startup Cost": 784596.3,
                      "Total Cost": 784616.16,
                      "Plan Rows": 51,
                      "Plan Width": 160,
                      "Plans": [
                        {
                          "Node Type": "Aggregate",
                          "Strategy": "Sorted",
                          "Partial Mode": "Finalize",
                          "Parent Relationship": "Subquery",
                          "Parallel Aware": false,
                          "Async Capable": false,
                          "Startup Cost": 784596.3,
                          "Total Cost": 784615.39,
                          "Plan Rows": 51,
                          "Plan Width": 113,
                          "Group Key": [
                            "store.s_store_id"
                          ],
                          "Plans": [
                            {
                              "Node Type": "Gather Merge",
                              "Parent Relationship": "Outer",
                              "Parallel Aware": false,
                              "Async Capable": false,
                              "Startup Cost": 784596.3,
                              "Total Cost": 784612.71,
                              "Plan Rows": 102,
                              "Plan Width": 113,
                              "Workers Planned": 2,
                              "Plans": [
                                {
                                  "Node Type": "Aggregate",
                                  "Strategy": "Sorted",
                                  "Partial Mode": "Partial",
                                  "Parent Relationship": "Outer",
                                  "Parallel Aware": false,
                                  "Async Capable": false,
                                  "Startup Cost": 783596.27,
                                  "Total Cost": 783600.92,
                                  "Plan Rows": 51,
                                  "Plan Width": 113,
                                  "Group Key": [
                                    "store.s_store_id"
                                  ],
                                  "Plans": [
                                    {
                                      "Node Type": "Sort",
                                      "Parent Relationship": "Outer",
                                      "Parallel Aware": false,
                                      "Async Capable": false,
                                      "Startup Cost": 783596.27,
                                      "Total Cost": 783596.9,
                                      "Plan Rows": 250,
                                      "Plan Width": 41,
                                      "Sort Key": [
                                        "store.s_store_id"
                                      ],
                                      "Plans": [
                                        {
                                          "Node Type": "Hash Join",
                                          "Parent Relationship": "Outer",
                                          "Parallel Aware": false,
                                          "Async Capable": false,
                                          "Join Type": "Inner",
                                          "Startup Cost": 94489.35,
                                          "Total Cost": 783586.32,
                                          "Plan Rows": 250,
                                          "Plan Width": 41,
                                          "Inner Unique": false,
                                          "Hash Cond": "(store_sales.ss_store_sk = store.s_store_sk)",
                                          "Plans": [
                                            {
                                              "Node Type": "Hash Join",
                                              "Parent Relationship": "Outer",
                                              "Parallel Aware": false,
                                              "Async Capable": false,
                                              "Join Type": "Inner",
                                              "Startup Cost": 94482.05,
                                              "Total Cost": 783575.54,
                                              "Plan Rows": 262,
                                              "Plan Width": 28,
                                              "Inner Unique": false,
                                              "Hash Cond": "(store_sales.ss_promo_sk = promotion.p_promo_sk)",
                                              "Plans": [
                                                {
                                                  "Node Type": "Hash Join",
                                                  "Parent Relationship": "Outer",
                                                  "Parallel Aware": true,
                                                  "Async Capable": false,
                                                  "Join Type": "Inner",
                                                  "Startup Cost": 94456.65,
                                                  "Total Cost": 783546.47,
                                                  "Plan Rows": 279,
                                                  "Plan Width": 32,
                                                  "Inner Unique": false,
                                                  "Hash Cond": "(store_sales.ss_item_sk = item.i_item_sk)",
                                                  "Plans": [
                                                    {
                                                      "Node Type": "Hash Join",
                                                      "Parent Relationship": "Outer",
                                                      "Parallel Aware": true,
                                                      "Async Capable": false,
                                                      "Join Type": "Left",
                                                      "Startup Cost": 86930.88,
                                                      "Total Cost": 776001.31,
                                                      "Plan Rows": 4860,
                                                      "Plan Width": 36,
                                                      "Inner Unique": false,
                                                      "Hash Cond": "((store_sales.ss_item_sk = store_returns.sr_item_sk) AND (store_sales.ss_ticket_number = store_returns.sr_ticket_number))",
                                                      "Plans": [
                                                        {
                                                          "Node Type": "Hash Join",
                                                          "Parent Relationship": "Outer",
                                                          "Parallel Aware": true,
                                                          "Async Capable": false,
                                                          "Join Type": "Inner",
                                                          "Startup Cost": 2049.78,
                                                          "Total Cost": 683994.75,
                                                          "Plan Rows": 4860,
                                                          "Plan Width": 28,
                                                          "Inner Unique": false,
                                                          "Hash Cond": "(store_sales.ss_sold_date_sk = date_dim.d_date_sk)",
                                                          "Plans": [
                                                            {
                                                              "Node Type": "Seq Scan",
                                                              "Parent Relationship": "Outer",
                                                              "Parallel Aware": true,
                                                              "Async Capable": false,
                                                              "Relation Name": "store_sales",
                                                              "Alias": "store_sales",
                                                              "Startup Cost": 0.0,
                                                              "Total Cost": 636914.37,
                                                              "Plan Rows": 12000637,
                                                              "Plan Width": 32,
                                                              "parent": 13,
                                                              "ID": 14
                                                            },
                                                            {
                                                              "Node Type": "Hash",
                                                              "Parent Relationship": "Inner",
                                                              "Parallel Aware": true,
                                                              "Async Capable": false,
                                                              "Startup Cost": 2049.55,
                                                              "Total Cost": 2049.55,
                                                              "Plan Rows": 18,
                                                              "Plan Width": 4,
                                                              "Plans": [
                                                                {
                                                                  "Node Type": "Seq Scan",
                                                                  "Parent Relationship": "Outer",
                                                                  "Parallel Aware": true,
                                                                  "Async Capable": false,
                                                                  "Relation Name": "date_dim",
                                                                  "Alias": "date_dim",
                                                                  "Startup Cost": 0.0,
                                                                  "Total Cost": 2049.55,
                                                                  "Plan Rows": 18,
                                                                  "Plan Width": 4,
                                                                  "Filter": "((d_date >= '2000-08-02'::date) AND (d_date <= '2000-09-01 00:00:00'::timestamp without time zone))",
                                                                  "parent": 15,
                                                                  "ID": 16
                                                                }
                                                              ],
                                                              "parent": 13,
                                                              "ID": 15,
                                                              "left": 16
                                                            }
                                                          ],
                                                          "parent": 12,
                                                          "ID": 13,
                                                          "left": 14,
                                                          "right": 15
                                                        },
                                                        {
                                                          "Node Type": "Hash",
                                                          "Parent Relationship": "Inner",
                                                          "Parallel Aware": true,
                                                          "Async Capable": false,
                                                          "Startup Cost": 59887.64,
                                                          "Total Cost": 59887.64,
                                                          "Plan Rows": 1198164,
                                                          "Plan Width": 20,
                                                          "Plans": [
                                                            {
                                                              "Node Type": "Seq Scan",
                                                              "Parent Relationship": "Outer",
                                                              "Parallel Aware": true,
                                                              "Async Capable": false,
                                                              "Relation Name": "store_returns",
                                                              "Alias": "store_returns",
                                                              "Startup Cost": 0.0,
                                                              "Total Cost": 59887.64,
                                                              "Plan Rows": 1198164,
                                                              "Plan Width": 20,
                                                              "parent": 17,
                                                              "ID": 18
                                                            }
                                                          ],
                                                          "parent": 12,
                                                          "ID": 17,
                                                          "left": 18
                                                        }
                                                      ],
                                                      "parent": 11,
                                                      "ID": 12,
                                                      "left": 13,
                                                      "right": 17
                                                    },
                                                    {
                                                      "Node Type": "Hash",
                                                      "Parent Relationship": "Inner",
                                                      "Parallel Aware": true,
                                                      "Async Capable": false,
                                                      "Startup Cost": 7495.25,
                                                      "Total Cost": 7495.25,
                                                      "Plan Rows": 2442,
                                                      "Plan Width": 4,
                                                      "Plans": [
                                                        {
                                                          "Node Type": "Seq Scan",
                                                          "Parent Relationship": "Outer",
                                                          "Parallel Aware": true,
                                                          "Async Capable": false,
                                                          "Relation Name": "item",
                                                          "Alias": "item",
                                                          "Startup Cost": 0.0,
                                                          "Total Cost": 7495.25,
                                                          "Plan Rows": 2442,
                                                          "Plan Width": 4,
                                                          "Filter": "(i_current_price > '50'::numeric)",
                                                          "parent": 19,
                                                          "ID": 20
                                                        }
                                                      ],
                                                      "parent": 11,
                                                      "ID": 19,
                                                      "left": 20
                                                    }
                                                  ],
                                                  "parent": 10,
                                                  "ID": 11,
                                                  "left": 12,
                                                  "right": 19
                                                },
                                                {
                                                  "Node Type": "Hash",
                                                  "Parent Relationship": "Inner",
                                                  "Parallel Aware": false,
                                                  "Async Capable": false,
                                                  "Startup Cost": 19.25,
                                                  "Total Cost": 19.25,
                                                  "Plan Rows": 492,
                                                  "Plan Width": 4,
                                                  "Plans": [
                                                    {
                                                      "Node Type": "Seq Scan",
                                                      "Parent Relationship": "Outer",
                                                      "Parallel Aware": false,
                                                      "Async Capable": false,
                                                      "Relation Name": "promotion",
                                                      "Alias": "promotion",
                                                      "Startup Cost": 0.0,
                                                      "Total Cost": 19.25,
                                                      "Plan Rows": 492,
                                                      "Plan Width": 4,
                                                      "Filter": "(p_channel_tv = 'N'::bpchar)",
                                                      "parent": 21,
                                                      "ID": 22
                                                    }
                                                  ],
                                                  "parent": 10,
                                                  "ID": 21,
                                                  "left": 22
                                                }
                                              ],
                                              "parent": 9,
                                              "ID": 10,
                                              "left": 11,
                                              "right": 21
                                            },
                                            {
                                              "Node Type": "Hash",
                                              "Parent Relationship": "Inner",
                                              "Parallel Aware": false,
                                              "Async Capable": false,
                                              "Startup Cost": 6.02,
                                              "Total Cost": 6.02,
                                              "Plan Rows": 102,
                                              "Plan Width": 21,
                                              "Plans": [
                                                {
                                                  "Node Type": "Seq Scan",
                                                  "Parent Relationship": "Outer",
                                                  "Parallel Aware": false,
                                                  "Async Capable": false,
                                                  "Relation Name": "store",
                                                  "Alias": "store",
                                                  "Startup Cost": 0.0,
                                                  "Total Cost": 6.02,
                                                  "Plan Rows": 102,
                                                  "Plan Width": 21,
                                                  "parent": 23,
                                                  "ID": 24
                                                }
                                              ],
                                              "parent": 9,
                                              "ID": 23,
                                              "left": 24
                                            }
                                          ],
                                          "parent": 8,
                                          "ID": 9,
                                          "left": 10,
                                          "right": 23
                                        }
                                      ],
                                      "parent": 7,
                                      "ID": 8,
                                      "left": 9
                                    }
                                  ],
                                  "parent": 6,
                                  "ID": 7,
                                  "left": 8
                                }
                              ],
                              "parent": 5,
                              "ID": 6,
                              "left": 7
                            }
                          ],
                          "parent": 4,
                          "ID": 5,
                          "left": 6
                        }
                      ],
                      "parent": 3,
                      "ID": 4,
                      "left": 5
                    },
                    {
                      "Node Type": "Subquery Scan",
                      "Parent Relationship": "Member",
                      "Parallel Aware": false,
                      "Async Capable": false,
                      "Alias": "csr",
                      "Startup Cost": 518177.36,
                      "Total Cost": 518230.78,
                      "Plan Rows": 340,
                      "Plan Width": 160,
                      "Plans": [
                        {
                          "Node Type": "Aggregate",
                          "Strategy": "Sorted",
                          "Partial Mode": "Finalize",
                          "Parent Relationship": "Subquery",
                          "Parallel Aware": false,
                          "Async Capable": false,
                          "Startup Cost": 518177.36,
                          "Total Cost": 518225.68,
                          "Plan Rows": 340,
                          "Plan Width": 113,
                          "Group Key": [
                            "catalog_page.cp_catalog_page_id"
                          ],
                          "Plans": [
                            {
                              "Node Type": "Gather Merge",
                              "Parent Relationship": "Outer",
                              "Parallel Aware": false,
                              "Async Capable": false,
                              "Startup Cost": 518177.36,
                              "Total Cost": 518214.76,
                              "Plan Rows": 284,
                              "Plan Width": 113,
                              "Workers Planned": 2,
                              "Plans": [
                                {
                                  "Node Type": "Aggregate",
                                  "Strategy": "Sorted",
                                  "Partial Mode": "Partial",
                                  "Parent Relationship": "Outer",
                                  "Parallel Aware": false,
                                  "Async Capable": false,
                                  "Startup Cost": 517177.34,
                                  "Total Cost": 517181.95,
                                  "Plan Rows": 142,
                                  "Plan Width": 113,
                                  "Group Key": [
                                    "catalog_page.cp_catalog_page_id"
                                  ],
                                  "Plans": [
                                    {
                                      "Node Type": "Sort",
                                      "Parent Relationship": "Outer",
                                      "Parallel Aware": false,
                                      "Async Capable": false,
                                      "Startup Cost": 517177.34,
                                      "Total Cost": 517177.69,
                                      "Plan Rows": 142,
                                      "Plan Width": 41,
                                      "Sort Key": [
                                        "catalog_page.cp_catalog_page_id"
                                      ],
                                      "Plans": [
                                        {
                                          "Node Type": "Hash Join",
                                          "Parent Relationship": "Outer",
                                          "Parallel Aware": false,
                                          "Async Capable": false,
                                          "Join Type": "Inner",
                                          "Startup Cost": 57382.33,
                                          "Total Cost": 517172.26,
                                          "Plan Rows": 142,
                                          "Plan Width": 41,
                                          "Inner Unique": false,
                                          "Hash Cond": "(catalog_sales.cs_catalog_page_sk = catalog_page.cp_catalog_page_sk)",
                                          "Plans": [
                                            {
                                              "Node Type": "Hash Join",
                                              "Parent Relationship": "Outer",
                                              "Parallel Aware": false,
                                              "Async Capable": false,
                                              "Join Type": "Inner",
                                              "Startup Cost": 56864.33,
                                              "Total Cost": 516652.32,
                                              "Plan Rows": 142,
                                              "Plan Width": 28,
                                              "Inner Unique": false,
                                              "Hash Cond": "(catalog_sales.cs_promo_sk = promotion_1.p_promo_sk)",
                                              "Plans": [
                                                {
                                                  "Node Type": "Hash Join",
                                                  "Parent Relationship": "Outer",
                                                  "Parallel Aware": true,
                                                  "Async Capable": false,
                                                  "Join Type": "Inner",
                                                  "Startup Cost": 56838.93,
                                                  "Total Cost": 516624.96,
                                                  "Plan Rows": 145,
                                                  "Plan Width": 32,
                                                  "Inner Unique": false,
                                                  "Hash Cond": "(catalog_sales.cs_item_sk = item_1.i_item_sk)",
                                                  "Plans": [
                                                    {
                                                      "Node Type": "Hash Join",
                                                      "Parent Relationship": "Outer",
                                                      "Parallel Aware": true,
                                                      "Async Capable": false,
                                                      "Join Type": "Left",
                                                      "Startup Cost": 49313.15,
                                                      "Total Cost": 509089.08,
                                                      "Plan Rows": 2532,
                                                      "Plan Width": 36,
                                                      "Inner Unique": false,
                                                      "Hash Cond": "((catalog_sales.cs_item_sk = catalog_returns.cr_item_sk) AND (catalog_sales.cs_order_number = catalog_returns.cr_order_number))",
                                                      "Plans": [
                                                        {
                                                          "Node Type": "Hash Join",
                                                          "Parent Relationship": "Outer",
                                                          "Parallel Aware": true,
                                                          "Async Capable": false,
                                                          "Join Type": "Inner",
                                                          "Startup Cost": 2049.78,
                                                          "Total Cost": 458254.7,
                                                          "Plan Rows": 2532,
                                                          "Plan Width": 28,
                                                          "Inner Unique": false,
                                                          "Hash Cond": "(catalog_sales.cs_sold_date_sk = date_dim_1.d_date_sk)",
                                                          "Plans": [
                                                            {
                                                              "Node Type": "Seq Scan",
                                                              "Parent Relationship": "Outer",
                                                              "Parallel Aware": true,
                                                              "Async Capable": false,
                                                              "Relation Name": "catalog_sales",
                                                              "Alias": "catalog_sales",
                                                              "Startup Cost": 0.0,
                                                              "Total Cost": 433688.25,
                                                              "Plan Rows": 6000525,
                                                              "Plan Width": 32,
                                                              "parent": 34,
                                                              "ID": 35
                                                            },
                                                            {
                                                              "Node Type": "Hash",
                                                              "Parent Relationship": "Inner",
                                                              "Parallel Aware": true,
                                                              "Async Capable": false,
                                                              "Startup Cost": 2049.55,
                                                              "Total Cost": 2049.55,
                                                              "Plan Rows": 18,
                                                              "Plan Width": 4,
                                                              "Plans": [
                                                                {
                                                                  "Node Type": "Seq Scan",
                                                                  "Parent Relationship": "Outer",
                                                                  "Parallel Aware": true,
                                                                  "Async Capable": false,
                                                                  "Relation Name": "date_dim",
                                                                  "Alias": "date_dim_1",
                                                                  "Startup Cost": 0.0,
                                                                  "Total Cost": 2049.55,
                                                                  "Plan Rows": 18,
                                                                  "Plan Width": 4,
                                                                  "Filter": "((d_date >= '2000-08-02'::date) AND (d_date <= '2000-09-01 00:00:00'::timestamp without time zone))",
                                                                  "parent": 36,
                                                                  "ID": 37
                                                                }
                                                              ],
                                                              "parent": 34,
                                                              "ID": 36,
                                                              "left": 37
                                                            }
                                                          ],
                                                          "parent": 33,
                                                          "ID": 34,
                                                          "left": 35,
                                                          "right": 36
                                                        },
                                                        {
                                                          "Node Type": "Hash",
                                                          "Parent Relationship": "Inner",
                                                          "Parallel Aware": true,
                                                          "Async Capable": false,
                                                          "Startup Cost": 34748.95,
                                                          "Total Cost": 34748.95,
                                                          "Plan Rows": 599895,
                                                          "Plan Width": 20,
                                                          "Plans": [
                                                            {
                                                              "Node Type": "Seq Scan",
                                                              "Parent Relationship": "Outer",
                                                              "Parallel Aware": true,
                                                              "Async Capable": false,
                                                              "Relation Name": "catalog_returns",
                                                              "Alias": "catalog_returns",
                                                              "Startup Cost": 0.0,
                                                              "Total Cost": 34748.95,
                                                              "Plan Rows": 599895,
                                                              "Plan Width": 20,
                                                              "parent": 38,
                                                              "ID": 39
                                                            }
                                                          ],
                                                          "parent": 33,
                                                          "ID": 38,
                                                          "left": 39
                                                        }
                                                      ],
                                                      "parent": 32,
                                                      "ID": 33,
                                                      "left": 34,
                                                      "right": 38
                                                    },
                                                    {
                                                      "Node Type": "Hash",
                                                      "Parent Relationship": "Inner",
                                                      "Parallel Aware": true,
                                                      "Async Capable": false,
                                                      "Startup Cost": 7495.25,
                                                      "Total Cost": 7495.25,
                                                      "Plan Rows": 2442,
                                                      "Plan Width": 4,
                                                      "Plans": [
                                                        {
                                                          "Node Type": "Seq Scan",
                                                          "Parent Relationship": "Outer",
                                                          "Parallel Aware": true,
                                                          "Async Capable": false,
                                                          "Relation Name": "item",
                                                          "Alias": "item_1",
                                                          "Startup Cost": 0.0,
                                                          "Total Cost": 7495.25,
                                                          "Plan Rows": 2442,
                                                          "Plan Width": 4,
                                                          "Filter": "(i_current_price > '50'::numeric)",
                                                          "parent": 40,
                                                          "ID": 41
                                                        }
                                                      ],
                                                      "parent": 32,
                                                      "ID": 40,
                                                      "left": 41
                                                    }
                                                  ],
                                                  "parent": 31,
                                                  "ID": 32,
                                                  "left": 33,
                                                  "right": 40
                                                },
                                                {
                                                  "Node Type": "Hash",
                                                  "Parent Relationship": "Inner",
                                                  "Parallel Aware": false,
                                                  "Async Capable": false,
                                                  "Startup Cost": 19.25,
                                                  "Total Cost": 19.25,
                                                  "Plan Rows": 492,
                                                  "Plan Width": 4,
                                                  "Plans": [
                                                    {
                                                      "Node Type": "Seq Scan",
                                                      "Parent Relationship": "Outer",
                                                      "Parallel Aware": false,
                                                      "Async Capable": false,
                                                      "Relation Name": "promotion",
                                                      "Alias": "promotion_1",
                                                      "Startup Cost": 0.0,
                                                      "Total Cost": 19.25,
                                                      "Plan Rows": 492,
                                                      "Plan Width": 4,
                                                      "Filter": "(p_channel_tv = 'N'::bpchar)",
                                                      "parent": 42,
                                                      "ID": 43
                                                    }
                                                  ],
                                                  "parent": 31,
                                                  "ID": 42,
                                                  "left": 43
                                                }
                                              ],
                                              "parent": 30,
                                              "ID": 31,
                                              "left": 32,
                                              "right": 42
                                            },
                                            {
                                              "Node Type": "Hash",
                                              "Parent Relationship": "Inner",
                                              "Parallel Aware": false,
                                              "Async Capable": false,
                                              "Startup Cost": 368.0,
                                              "Total Cost": 368.0,
                                              "Plan Rows": 12000,
                                              "Plan Width": 21,
                                              "Plans": [
                                                {
                                                  "Node Type": "Seq Scan",
                                                  "Parent Relationship": "Outer",
                                                  "Parallel Aware": false,
                                                  "Async Capable": false,
                                                  "Relation Name": "catalog_page",
                                                  "Alias": "catalog_page",
                                                  "Startup Cost": 0.0,
                                                  "Total Cost": 368.0,
                                                  "Plan Rows": 12000,
                                                  "Plan Width": 21,
                                                  "parent": 44,
                                                  "ID": 45
                                                }
                                              ],
                                              "parent": 30,
                                              "ID": 44,
                                              "left": 45
                                            }
                                          ],
                                          "parent": 29,
                                          "ID": 30,
                                          "left": 31,
                                          "right": 44
                                        }
                                      ],
                                      "parent": 28,
                                      "ID": 29,
                                      "left": 30
                                    }
                                  ],
                                  "parent": 27,
                                  "ID": 28,
                                  "left": 29
                                }
                              ],
                              "parent": 26,
                              "ID": 27,
                              "left": 28
                            }
                          ],
                          "parent": 25,
                          "ID": 26,
                          "left": 27
                        }
                      ],
                      "parent": 3,
                      "ID": 25,
                      "left": 26
                    },
                    {
                      "Node Type": "Subquery Scan",
                      "Parent Relationship": "Member",
                      "Parallel Aware": false,
                      "Async Capable": false,
                      "Alias": "wsr",
                      "Startup Cost": 263919.04,
                      "Total Cost": 263926.75,
                      "Plan Rows": 21,
                      "Plan Width": 160,
                      "Plans": [
                        {
                          "Node Type": "Aggregate",
                          "Strategy": "Sorted",
                          "Partial Mode": "Finalize",
                          "Parent Relationship": "Subquery",
                          "Parallel Aware": false,
                          "Async Capable": false,
                          "Startup Cost": 263919.04,
                          "Total Cost": 263926.43,
                          "Plan Rows": 21,
                          "Plan Width": 113,
                          "Group Key": [
                            "web_site.web_site_id"
                          ],
                          "Plans": [
                            {
                              "Node Type": "Gather Merge",
                              "Parent Relationship": "Outer",
                              "Parallel Aware": false,
                              "Async Capable": false,
                              "Startup Cost": 263919.04,
                              "Total Cost": 263925.33,
                              "Plan Rows": 42,
                              "Plan Width": 113,
                              "Workers Planned": 2,
                              "Plans": [
                                {
                                  "Node Type": "Aggregate",
                                  "Strategy": "Sorted",
                                  "Partial Mode": "Partial",
                                  "Parent Relationship": "Outer",
                                  "Parallel Aware": false,
                                  "Async Capable": false,
                                  "Startup Cost": 262919.01,
                                  "Total Cost": 262920.46,
                                  "Plan Rows": 21,
                                  "Plan Width": 113,
                                  "Group Key": [
                                    "web_site.web_site_id"
                                  ],
                                  "Plans": [
                                    {
                                      "Node Type": "Sort",
                                      "Parent Relationship": "Outer",
                                      "Parallel Aware": false,
                                      "Async Capable": false,
                                      "Startup Cost": 262919.01,
                                      "Total Cost": 262919.19,
                                      "Plan Rows": 72,
                                      "Plan Width": 41,
                                      "Sort Key": [
                                        "web_site.web_site_id"
                                      ],
                                      "Plans": [
                                        {
                                          "Node Type": "Hash Join",
                                          "Parent Relationship": "Outer",
                                          "Parallel Aware": false,
                                          "Async Capable": false,
                                          "Join Type": "Inner",
                                          "Startup Cost": 32134.74,
                                          "Total Cost": 262916.79,
                                          "Plan Rows": 72,
                                          "Plan Width": 41,
                                          "Inner Unique": false,
                                          "Hash Cond": "(web_sales.ws_web_site_sk = web_site.web_site_sk)",
                                          "Plans": [
                                            {
                                              "Node Type": "Hash Join",
                                              "Parent Relationship": "Outer",
                                              "Parallel Aware": false,
                                              "Async Capable": false,
                                              "Join Type": "Inner",
                                              "Startup Cost": 32130.8,
                                              "Total Cost": 262911.86,
                                              "Plan Rows": 72,
                                              "Plan Width": 28,
                                              "Inner Unique": false,
                                              "Hash Cond": "(web_sales.ws_promo_sk = promotion_2.p_promo_sk)",
                                              "Plans": [
                                                {
                                                  "Node Type": "Hash Join",
                                                  "Parent Relationship": "Outer",
                                                  "Parallel Aware": true,
                                                  "Async Capable": false,
                                                  "Join Type": "Inner",
                                                  "Startup Cost": 32105.4,
                                                  "Total Cost": 262885.46,
                                                  "Plan Rows": 73,
                                                  "Plan Width": 32,
                                                  "Inner Unique": false,
                                                  "Hash Cond": "(web_sales.ws_item_sk = item_2.i_item_sk)",
                                                  "Plans": [
                                                    {
                                                      "Node Type": "Hash Join",
                                                      "Parent Relationship": "Outer",
                                                      "Parallel Aware": true,
                                                      "Async Capable": false,
                                                      "Join Type": "Left",
                                                      "Startup Cost": 24579.62,
                                                      "Total Cost": 255354.62,
                                                      "Plan Rows": 1272,
                                                      "Plan Width": 36,
                                                      "Inner Unique": false,
                                                      "Hash Cond": "((web_sales.ws_item_sk = web_returns.wr_item_sk) AND (web_sales.ws_order_number = web_returns.wr_order_number))",
                                                      "Plans": [
                                                        {
                                                          "Node Type": "Hash Join",
                                                          "Parent Relationship": "Outer",
                                                          "Parallel Aware": true,
                                                          "Async Capable": false,
                                                          "Join Type": "Inner",
                                                          "Startup Cost": 2049.78,
                                                          "Total Cost": 231041.22,
                                                          "Plan Rows": 1272,
                                                          "Plan Width": 28,
                                                          "Inner Unique": false,
                                                          "Hash Cond": "(web_sales.ws_sold_date_sk = date_dim_2.d_date_sk)",
                                                          "Plans": [
                                                            {
                                                              "Node Type": "Seq Scan",
                                                              "Parent Relationship": "Outer",
                                                              "Parallel Aware": true,
                                                              "Async Capable": false,
                                                              "Relation Name": "web_sales",
                                                              "Alias": "web_sales",
                                                              "Startup Cost": 0.0,
                                                              "Total Cost": 217737.86,
                                                              "Plan Rows": 2998986,
                                                              "Plan Width": 32,
                                                              "parent": 55,
                                                              "ID": 56
                                                            },
                                                            {
                                                              "Node Type": "Hash",
                                                              "Parent Relationship": "Inner",
                                                              "Parallel Aware": true,
                                                              "Async Capable": false,
                                                              "Startup Cost": 2049.55,
                                                              "Total Cost": 2049.55,
                                                              "Plan Rows": 18,
                                                              "Plan Width": 4,
                                                              "Plans": [
                                                                {
                                                                  "Node Type": "Seq Scan",
                                                                  "Parent Relationship": "Outer",
                                                                  "Parallel Aware": true,
                                                                  "Async Capable": false,
                                                                  "Relation Name": "date_dim",
                                                                  "Alias": "date_dim_2",
                                                                  "Startup Cost": 0.0,
                                                                  "Total Cost": 2049.55,
                                                                  "Plan Rows": 18,
                                                                  "Plan Width": 4,
                                                                  "Filter": "((d_date >= '2000-08-02'::date) AND (d_date <= '2000-09-01 00:00:00'::timestamp without time zone))",
                                                                  "parent": 57,
                                                                  "ID": 58
                                                                }
                                                              ],
                                                              "parent": 55,
                                                              "ID": 57,
                                                              "left": 58
                                                            }
                                                          ],
                                                          "parent": 54,
                                                          "ID": 55,
                                                          "left": 56,
                                                          "right": 57
                                                        },
                                                        {
                                                          "Node Type": "Hash",
                                                          "Parent Relationship": "Inner",
                                                          "Parallel Aware": true,
                                                          "Async Capable": false,
                                                          "Startup Cost": 16278.74,
                                                          "Total Cost": 16278.74,
                                                          "Plan Rows": 299674,
                                                          "Plan Width": 20,
                                                          "Plans": [
                                                            {
                                                              "Node Type": "Seq Scan",
                                                              "Parent Relationship": "Outer",
                                                              "Parallel Aware": true,
                                                              "Async Capable": false,
                                                              "Relation Name": "web_returns",
                                                              "Alias": "web_returns",
                                                              "Startup Cost": 0.0,
                                                              "Total Cost": 16278.74,
                                                              "Plan Rows": 299674,
                                                              "Plan Width": 20,
                                                              "parent": 59,
                                                              "ID": 60
                                                            }
                                                          ],
                                                          "parent": 54,
                                                          "ID": 59,
                                                          "left": 60
                                                        }
                                                      ],
                                                      "parent": 53,
                                                      "ID": 54,
                                                      "left": 55,
                                                      "right": 59
                                                    },
                                                    {
                                                      "Node Type": "Hash",
                                                      "Parent Relationship": "Inner",
                                                      "Parallel Aware": true,
                                                      "Async Capable": false,
                                                      "Startup Cost": 7495.25,
                                                      "Total Cost": 7495.25,
                                                      "Plan Rows": 2442,
                                                      "Plan Width": 4,
                                                      "Plans": [
                                                        {
                                                          "Node Type": "Seq Scan",
                                                          "Parent Relationship": "Outer",
                                                          "Parallel Aware": true,
                                                          "Async Capable": false,
                                                          "Relation Name": "item",
                                                          "Alias": "item_2",
                                                          "Startup Cost": 0.0,
                                                          "Total Cost": 7495.25,
                                                          "Plan Rows": 2442,
                                                          "Plan Width": 4,
                                                          "Filter": "(i_current_price > '50'::numeric)",
                                                          "parent": 61,
                                                          "ID": 62
                                                        }
                                                      ],
                                                      "parent": 53,
                                                      "ID": 61,
                                                      "left": 62
                                                    }
                                                  ],
                                                  "parent": 52,
                                                  "ID": 53,
                                                  "left": 54,
                                                  "right": 61
                                                },
                                                {
                                                  "Node Type": "Hash",
                                                  "Parent Relationship": "Inner",
                                                  "Parallel Aware": false,
                                                  "Async Capable": false,
                                                  "Startup Cost": 19.25,
                                                  "Total Cost": 19.25,
                                                  "Plan Rows": 492,
                                                  "Plan Width": 4,
                                                  "Plans": [
                                                    {
                                                      "Node Type": "Seq Scan",
                                                      "Parent Relationship": "Outer",
                                                      "Parallel Aware": false,
                                                      "Async Capable": false,
                                                      "Relation Name": "promotion",
                                                      "Alias": "promotion_2",
                                                      "Startup Cost": 0.0,
                                                      "Total Cost": 19.25,
                                                      "Plan Rows": 492,
                                                      "Plan Width": 4,
                                                      "Filter": "(p_channel_tv = 'N'::bpchar)",
                                                      "parent": 63,
                                                      "ID": 64
                                                    }
                                                  ],
                                                  "parent": 52,
                                                  "ID": 63,
                                                  "left": 64
                                                }
                                              ],
                                              "parent": 51,
                                              "ID": 52,
                                              "left": 53,
                                              "right": 63
                                            },
                                            {
                                              "Node Type": "Hash",
                                              "Parent Relationship": "Inner",
                                              "Parallel Aware": false,
                                              "Async Capable": false,
                                              "Startup Cost": 3.42,
                                              "Total Cost": 3.42,
                                              "Plan Rows": 42,
                                              "Plan Width": 21,
                                              "Plans": [
                                                {
                                                  "Node Type": "Seq Scan",
                                                  "Parent Relationship": "Outer",
                                                  "Parallel Aware": false,
                                                  "Async Capable": false,
                                                  "Relation Name": "web_site",
                                                  "Alias": "web_site",
                                                  "Startup Cost": 0.0,
                                                  "Total Cost": 3.42,
                                                  "Plan Rows": 42,
                                                  "Plan Width": 21,
                                                  "parent": 65,
                                                  "ID": 66
                                                }
                                              ],
                                              "parent": 51,
                                              "ID": 65,
                                              "left": 66
                                            }
                                          ],
                                          "parent": 50,
                                          "ID": 51,
                                          "left": 52,
                                          "right": 65
                                        }
                                      ],
                                      "parent": 49,
                                      "ID": 50,
                                      "left": 51
                                    }
                                  ],
                                  "parent": 48,
                                  "ID": 49,
                                  "left": 50
                                }
                              ],
                              "parent": 47,
                              "ID": 48,
                              "left": 49
                            }
                          ],
                          "parent": 46,
                          "ID": 47,
                          "left": 48
                        }
                      ],
                      "parent": 3,
                      "ID": 46,
                      "left": 47
                    }
                  ],
                  "parent": 2,
                  "ID": 3,
                  "left": 4,
                  "right": 25
                }
              ],
              "parent": 1,
              "ID": 2,
              "left": 3
            }
          ],
          "parent": 0,
          "ID": 1,
          "left": 2
        }
      ],
      "parent": null,
      "ID": 0,
      "left": 1
    },
    "feat": {
      "utility": 0.0,
      "query_shape": [
        [
          "Seq Scan",
          "Hash Join",
          "Sort",
          "Aggregate",
          "Gather Merge",
          "Subquery Scan",
          "Append"
        ],
        [
          "Seq Scan",
          "Hash",
          "Hash Join",
          "Sort",
          "Aggregate",
          "Gather Merge",
          "Subquery Scan",
          "Append"
        ],
        [
          "Seq Scan",
          "Hash",
          "Hash Join",
          "Sort",
          "Aggregate",
          "Gather Merge",
          "Subquery Scan",
          "Append"
        ],
        [
          "Seq Scan",
          "Hash",
          "Hash Join",
          "Sort",
          "Aggregate",
          "Gather Merge",
          "Subquery Scan",
          "Append"
        ],
        [
          "Seq Scan",
          "Hash",
          "Hash Join",
          "Sort",
          "Aggregate",
          "Gather Merge",
          "Subquery Scan",
          "Append"
        ],
        [
          "Seq Scan",
          "Hash",
          "Hash Join",
          "Sort",
          "Aggregate",
          "Gather Merge",
          "Subquery Scan",
          "Append"
        ],
        [
          "Seq Scan",
          "Hash Join",
          "Sort",
          "Aggregate",
          "Gather Merge",
          "Subquery Scan",
          "Append"
        ],
        [
          "Seq Scan",
          "Hash",
          "Hash Join",
          "Sort",
          "Aggregate",
          "Gather Merge",
          "Subquery Scan",
          "Append"
        ],
        [
          "Seq Scan",
          "Hash",
          "Hash Join",
          "Sort",
          "Aggregate",
          "Gather Merge",
          "Subquery Scan",
          "Append"
        ],
        [
          "Seq Scan",
          "Hash",
          "Hash Join",
          "Sort",
          "Aggregate",
          "Gather Merge",
          "Subquery Scan",
          "Append"
        ],
        [
          "Seq Scan",
          "Hash",
          "Hash Join",
          "Sort",
          "Aggregate",
          "Gather Merge",
          "Subquery Scan",
          "Append"
        ],
        [
          "Seq Scan",
          "Hash",
          "Hash Join",
          "Sort",
          "Aggregate",
          "Gather Merge",
          "Subquery Scan",
          "Append"
        ],
        [
          "Seq Scan",
          "Hash Join",
          "Sort",
          "Aggregate",
          "Gather Merge",
          "Subquery Scan",
          "Append"
        ],
        [
          "Seq Scan",
          "Hash",
          "Hash Join",
          "Sort",
          "Aggregate",
          "Gather Merge",
          "Subquery Scan",
          "Append"
        ],
        [
          "Seq Scan",
          "Hash",
          "Hash Join",
          "Sort",
          "Aggregate",
          "Gather Merge",
          "Subquery Scan",
          "Append"
        ],
        [
          "Seq Scan",
          "Hash",
          "Hash Join",
          "Sort",
          "Aggregate",
          "Gather Merge",
          "Subquery Scan",
          "Append"
        ],
        [
          "Seq Scan",
          "Hash",
          "Hash Join",
          "Sort",
          "Aggregate",
          "Gather Merge",
          "Subquery Scan",
          "Append"
        ],
        [
          "Seq Scan",
          "Hash",
          "Hash Join",
          "Sort",
          "Aggregate",
          "Gather Merge",
          "Subquery Scan",
          "Append"
        ]
      ],
      "index_shape": [],
      "physical_operator": {}
    }
  },
  {
    "query": "with ssr as\n (select  s_store_id as store_id,\n          sum(ss_ext_sales_price) as sales,\n          sum(coalesce(sr_return_amt, 0)) as returns,\n          sum(ss_net_profit - coalesce(sr_net_loss, 0)) as profit\n  from store_sales left outer join store_returns on\n         (ss_item_sk = sr_item_sk and ss_ticket_number = sr_ticket_number),\n     date_dim,\n     store,\n     item,\n     promotion\n where ss_sold_date_sk = d_date_sk\n       and d_date between cast('2000-08-02' as date) \n                  and (cast('2000-08-02' as date) +  interval '30 days')\n       and ss_store_sk = s_store_sk\n       and ss_item_sk = i_item_sk\n       and i_current_price > 50\n       and ss_promo_sk = p_promo_sk\n       and p_channel_tv = 'N'\n group by s_store_id)\n ,\n csr as\n (select  cp_catalog_page_id as catalog_page_id,\n          sum(cs_ext_sales_price) as sales,\n          sum(coalesce(cr_return_amount, 0)) as returns,\n          sum(cs_net_profit - coalesce(cr_net_loss, 0)) as profit\n  from catalog_sales left outer join catalog_returns on\n         (cs_item_sk = cr_item_sk and cs_order_number = cr_order_number),\n     date_dim,\n     catalog_page,\n     item,\n     promotion\n where cs_sold_date_sk = d_date_sk\n       and d_date between cast('2000-08-02' as date)\n                  and (cast('2000-08-02' as date) +  interval '30 days')\n        and cs_catalog_page_sk = cp_catalog_page_sk\n       and cs_item_sk = i_item_sk\n       and i_current_price > 50\n       and cs_promo_sk = p_promo_sk\n       and p_channel_tv = 'N'\ngroup by cp_catalog_page_id)\n ,\n wsr as\n (select  web_site_id,\n          sum(ws_ext_sales_price) as sales,\n          sum(coalesce(wr_return_amt, 0)) as returns,\n          sum(ws_net_profit - coalesce(wr_net_loss, 0)) as profit\n  from web_sales left outer join web_returns on\n         (ws_item_sk = wr_item_sk and ws_order_number = wr_order_number),\n     date_dim,\n     web_site,\n     item,\n     promotion\n where ws_sold_date_sk = d_date_sk\n       and d_date between cast('2000-08-02' as date)\n                  and (cast('2000-08-02' as date) +  interval '30 days')\n        and ws_web_site_sk = web_site_sk\n       and ws_item_sk = i_item_sk\n       and i_current_price > 50\n       and ws_promo_sk = p_promo_sk\n       and p_channel_tv = 'N'\ngroup by web_site_id)\n  select  channel\n        , id\n        , sum(sales) as sales\n        , sum(returns) as returns\n        , sum(profit) as profit\n from \n (select 'store channel' as channel\n        , 'store' || store_id as id\n        , sales\n        , returns\n        , profit\n from   ssr\n union all\n select 'catalog channel' as channel\n        , 'catalog_page' || catalog_page_id as id\n        , sales\n        , returns\n        , profit\n from  csr\n union all\n select 'web channel' as channel\n        , 'web_site' || web_site_id as id\n        , sales\n        , returns\n        , profit\n from   wsr\n ) x\n group by rollup (channel, id)\n order by channel\n         ,id\n limit 100;\n\n-- end query 61 in stream 4 using template query80.tpl\n",
    "indexes": "web_sales.ws_net_profit",
    "wo plan est": {
      "Node Type": "Limit",
      "Parallel Aware": false,
      "Async Capable": false,
      "Startup Cost": 1566793.64,
      "Total Cost": 1566796.93,
      "Plan Rows": 100,
      "Plan Width": 160,
      "Plans": [
        {
          "Node Type": "Aggregate",
          "Strategy": "Sorted",
          "Partial Mode": "Simple",
          "Parent Relationship": "Outer",
          "Parallel Aware": false,
          "Async Capable": false,
          "Startup Cost": 1566793.64,
          "Total Cost": 1566806.84,
          "Plan Rows": 401,
          "Plan Width": 160,
          "Grouping Sets": [
            {
              "Group Keys": [
                [
                  "('store channel'::text)",
                  "(('store'::text || (ssr.store_id)::text))"
                ],
                [
                  "('store channel'::text)"
                ],
                []
              ]
            }
          ],
          "Plans": [
            {
              "Node Type": "Sort",
              "Parent Relationship": "Outer",
              "Parallel Aware": false,
              "Async Capable": false,
              "Startup Cost": 1566793.64,
              "Total Cost": 1566794.67,
              "Plan Rows": 412,
              "Plan Width": 160,
              "Sort Key": [
                "('store channel'::text)",
                "(('store'::text || (ssr.store_id)::text))"
              ],
              "Plans": [
                {
                  "Node Type": "Append",
                  "Parent Relationship": "Outer",
                  "Parallel Aware": false,
                  "Async Capable": false,
                  "Startup Cost": 784596.3,
                  "Total Cost": 1566775.74,
                  "Plan Rows": 412,
                  "Plan Width": 160,
                  "Subplans Removed": 0,
                  "Plans": [
                    {
                      "Node Type": "Subquery Scan",
                      "Parent Relationship": "Member",
                      "Parallel Aware": false,
                      "Async Capable": false,
                      "Alias": "ssr",
                      "Startup Cost": 784596.3,
                      "Total Cost": 784616.16,
                      "Plan Rows": 51,
                      "Plan Width": 160,
                      "Plans": [
                        {
                          "Node Type": "Aggregate",
                          "Strategy": "Sorted",
                          "Partial Mode": "Finalize",
                          "Parent Relationship": "Subquery",
                          "Parallel Aware": false,
                          "Async Capable": false,
                          "Startup Cost": 784596.3,
                          "Total Cost": 784615.39,
                          "Plan Rows": 51,
                          "Plan Width": 113,
                          "Group Key": [
                            "store.s_store_id"
                          ],
                          "Plans": [
                            {
                              "Node Type": "Gather Merge",
                              "Parent Relationship": "Outer",
                              "Parallel Aware": false,
                              "Async Capable": false,
                              "Startup Cost": 784596.3,
                              "Total Cost": 784612.71,
                              "Plan Rows": 102,
                              "Plan Width": 113,
                              "Workers Planned": 2,
                              "Plans": [
                                {
                                  "Node Type": "Aggregate",
                                  "Strategy": "Sorted",
                                  "Partial Mode": "Partial",
                                  "Parent Relationship": "Outer",
                                  "Parallel Aware": false,
                                  "Async Capable": false,
                                  "Startup Cost": 783596.27,
                                  "Total Cost": 783600.92,
                                  "Plan Rows": 51,
                                  "Plan Width": 113,
                                  "Group Key": [
                                    "store.s_store_id"
                                  ],
                                  "Plans": [
                                    {
                                      "Node Type": "Sort",
                                      "Parent Relationship": "Outer",
                                      "Parallel Aware": false,
                                      "Async Capable": false,
                                      "Startup Cost": 783596.27,
                                      "Total Cost": 783596.9,
                                      "Plan Rows": 250,
                                      "Plan Width": 41,
                                      "Sort Key": [
                                        "store.s_store_id"
                                      ],
                                      "Plans": [
                                        {
                                          "Node Type": "Hash Join",
                                          "Parent Relationship": "Outer",
                                          "Parallel Aware": false,
                                          "Async Capable": false,
                                          "Join Type": "Inner",
                                          "Startup Cost": 94489.35,
                                          "Total Cost": 783586.32,
                                          "Plan Rows": 250,
                                          "Plan Width": 41,
                                          "Inner Unique": false,
                                          "Hash Cond": "(store_sales.ss_store_sk = store.s_store_sk)",
                                          "Plans": [
                                            {
                                              "Node Type": "Hash Join",
                                              "Parent Relationship": "Outer",
                                              "Parallel Aware": false,
                                              "Async Capable": false,
                                              "Join Type": "Inner",
                                              "Startup Cost": 94482.05,
                                              "Total Cost": 783575.54,
                                              "Plan Rows": 262,
                                              "Plan Width": 28,
                                              "Inner Unique": false,
                                              "Hash Cond": "(store_sales.ss_promo_sk = promotion.p_promo_sk)",
                                              "Plans": [
                                                {
                                                  "Node Type": "Hash Join",
                                                  "Parent Relationship": "Outer",
                                                  "Parallel Aware": true,
                                                  "Async Capable": false,
                                                  "Join Type": "Inner",
                                                  "Startup Cost": 94456.65,
                                                  "Total Cost": 783546.47,
                                                  "Plan Rows": 279,
                                                  "Plan Width": 32,
                                                  "Inner Unique": false,
                                                  "Hash Cond": "(store_sales.ss_item_sk = item.i_item_sk)",
                                                  "Plans": [
                                                    {
                                                      "Node Type": "Hash Join",
                                                      "Parent Relationship": "Outer",
                                                      "Parallel Aware": true,
                                                      "Async Capable": false,
                                                      "Join Type": "Left",
                                                      "Startup Cost": 86930.88,
                                                      "Total Cost": 776001.31,
                                                      "Plan Rows": 4860,
                                                      "Plan Width": 36,
                                                      "Inner Unique": false,
                                                      "Hash Cond": "((store_sales.ss_item_sk = store_returns.sr_item_sk) AND (store_sales.ss_ticket_number = store_returns.sr_ticket_number))",
                                                      "Plans": [
                                                        {
                                                          "Node Type": "Hash Join",
                                                          "Parent Relationship": "Outer",
                                                          "Parallel Aware": true,
                                                          "Async Capable": false,
                                                          "Join Type": "Inner",
                                                          "Startup Cost": 2049.78,
                                                          "Total Cost": 683994.75,
                                                          "Plan Rows": 4860,
                                                          "Plan Width": 28,
                                                          "Inner Unique": false,
                                                          "Hash Cond": "(store_sales.ss_sold_date_sk = date_dim.d_date_sk)",
                                                          "Plans": [
                                                            {
                                                              "Node Type": "Seq Scan",
                                                              "Parent Relationship": "Outer",
                                                              "Parallel Aware": true,
                                                              "Async Capable": false,
                                                              "Relation Name": "store_sales",
                                                              "Alias": "store_sales",
                                                              "Startup Cost": 0.0,
                                                              "Total Cost": 636914.37,
                                                              "Plan Rows": 12000637,
                                                              "Plan Width": 32,
                                                              "parent": 13,
                                                              "ID": 14
                                                            },
                                                            {
                                                              "Node Type": "Hash",
                                                              "Parent Relationship": "Inner",
                                                              "Parallel Aware": true,
                                                              "Async Capable": false,
                                                              "Startup Cost": 2049.55,
                                                              "Total Cost": 2049.55,
                                                              "Plan Rows": 18,
                                                              "Plan Width": 4,
                                                              "Plans": [
                                                                {
                                                                  "Node Type": "Seq Scan",
                                                                  "Parent Relationship": "Outer",
                                                                  "Parallel Aware": true,
                                                                  "Async Capable": false,
                                                                  "Relation Name": "date_dim",
                                                                  "Alias": "date_dim",
                                                                  "Startup Cost": 0.0,
                                                                  "Total Cost": 2049.55,
                                                                  "Plan Rows": 18,
                                                                  "Plan Width": 4,
                                                                  "Filter": "((d_date >= '2000-08-02'::date) AND (d_date <= '2000-09-01 00:00:00'::timestamp without time zone))",
                                                                  "parent": 15,
                                                                  "ID": 16
                                                                }
                                                              ],
                                                              "parent": 13,
                                                              "ID": 15,
                                                              "left": 16
                                                            }
                                                          ],
                                                          "parent": 12,
                                                          "ID": 13,
                                                          "left": 14,
                                                          "right": 15
                                                        },
                                                        {
                                                          "Node Type": "Hash",
                                                          "Parent Relationship": "Inner",
                                                          "Parallel Aware": true,
                                                          "Async Capable": false,
                                                          "Startup Cost": 59887.64,
                                                          "Total Cost": 59887.64,
                                                          "Plan Rows": 1198164,
                                                          "Plan Width": 20,
                                                          "Plans": [
                                                            {
                                                              "Node Type": "Seq Scan",
                                                              "Parent Relationship": "Outer",
                                                              "Parallel Aware": true,
                                                              "Async Capable": false,
                                                              "Relation Name": "store_returns",
                                                              "Alias": "store_returns",
                                                              "Startup Cost": 0.0,
                                                              "Total Cost": 59887.64,
                                                              "Plan Rows": 1198164,
                                                              "Plan Width": 20,
                                                              "parent": 17,
                                                              "ID": 18
                                                            }
                                                          ],
                                                          "parent": 12,
                                                          "ID": 17,
                                                          "left": 18
                                                        }
                                                      ],
                                                      "parent": 11,
                                                      "ID": 12,
                                                      "left": 13,
                                                      "right": 17
                                                    },
                                                    {
                                                      "Node Type": "Hash",
                                                      "Parent Relationship": "Inner",
                                                      "Parallel Aware": true,
                                                      "Async Capable": false,
                                                      "Startup Cost": 7495.25,
                                                      "Total Cost": 7495.25,
                                                      "Plan Rows": 2442,
                                                      "Plan Width": 4,
                                                      "Plans": [
                                                        {
                                                          "Node Type": "Seq Scan",
                                                          "Parent Relationship": "Outer",
                                                          "Parallel Aware": true,
                                                          "Async Capable": false,
                                                          "Relation Name": "item",
                                                          "Alias": "item",
                                                          "Startup Cost": 0.0,
                                                          "Total Cost": 7495.25,
                                                          "Plan Rows": 2442,
                                                          "Plan Width": 4,
                                                          "Filter": "(i_current_price > '50'::numeric)",
                                                          "parent": 19,
                                                          "ID": 20
                                                        }
                                                      ],
                                                      "parent": 11,
                                                      "ID": 19,
                                                      "left": 20
                                                    }
                                                  ],
                                                  "parent": 10,
                                                  "ID": 11,
                                                  "left": 12,
                                                  "right": 19
                                                },
                                                {
                                                  "Node Type": "Hash",
                                                  "Parent Relationship": "Inner",
                                                  "Parallel Aware": false,
                                                  "Async Capable": false,
                                                  "Startup Cost": 19.25,
                                                  "Total Cost": 19.25,
                                                  "Plan Rows": 492,
                                                  "Plan Width": 4,
                                                  "Plans": [
                                                    {
                                                      "Node Type": "Seq Scan",
                                                      "Parent Relationship": "Outer",
                                                      "Parallel Aware": false,
                                                      "Async Capable": false,
                                                      "Relation Name": "promotion",
                                                      "Alias": "promotion",
                                                      "Startup Cost": 0.0,
                                                      "Total Cost": 19.25,
                                                      "Plan Rows": 492,
                                                      "Plan Width": 4,
                                                      "Filter": "(p_channel_tv = 'N'::bpchar)",
                                                      "parent": 21,
                                                      "ID": 22
                                                    }
                                                  ],
                                                  "parent": 10,
                                                  "ID": 21,
                                                  "left": 22
                                                }
                                              ],
                                              "parent": 9,
                                              "ID": 10,
                                              "left": 11,
                                              "right": 21
                                            },
                                            {
                                              "Node Type": "Hash",
                                              "Parent Relationship": "Inner",
                                              "Parallel Aware": false,
                                              "Async Capable": false,
                                              "Startup Cost": 6.02,
                                              "Total Cost": 6.02,
                                              "Plan Rows": 102,
                                              "Plan Width": 21,
                                              "Plans": [
                                                {
                                                  "Node Type": "Seq Scan",
                                                  "Parent Relationship": "Outer",
                                                  "Parallel Aware": false,
                                                  "Async Capable": false,
                                                  "Relation Name": "store",
                                                  "Alias": "store",
                                                  "Startup Cost": 0.0,
                                                  "Total Cost": 6.02,
                                                  "Plan Rows": 102,
                                                  "Plan Width": 21,
                                                  "parent": 23,
                                                  "ID": 24
                                                }
                                              ],
                                              "parent": 9,
                                              "ID": 23,
                                              "left": 24
                                            }
                                          ],
                                          "parent": 8,
                                          "ID": 9,
                                          "left": 10,
                                          "right": 23
                                        }
                                      ],
                                      "parent": 7,
                                      "ID": 8,
                                      "left": 9
                                    }
                                  ],
                                  "parent": 6,
                                  "ID": 7,
                                  "left": 8
                                }
                              ],
                              "parent": 5,
                              "ID": 6,
                              "left": 7
                            }
                          ],
                          "parent": 4,
                          "ID": 5,
                          "left": 6
                        }
                      ],
                      "parent": 3,
                      "ID": 4,
                      "left": 5
                    },
                    {
                      "Node Type": "Subquery Scan",
                      "Parent Relationship": "Member",
                      "Parallel Aware": false,
                      "Async Capable": false,
                      "Alias": "csr",
                      "Startup Cost": 518177.36,
                      "Total Cost": 518230.78,
                      "Plan Rows": 340,
                      "Plan Width": 160,
                      "Plans": [
                        {
                          "Node Type": "Aggregate",
                          "Strategy": "Sorted",
                          "Partial Mode": "Finalize",
                          "Parent Relationship": "Subquery",
                          "Parallel Aware": false,
                          "Async Capable": false,
                          "Startup Cost": 518177.36,
                          "Total Cost": 518225.68,
                          "Plan Rows": 340,
                          "Plan Width": 113,
                          "Group Key": [
                            "catalog_page.cp_catalog_page_id"
                          ],
                          "Plans": [
                            {
                              "Node Type": "Gather Merge",
                              "Parent Relationship": "Outer",
                              "Parallel Aware": false,
                              "Async Capable": false,
                              "Startup Cost": 518177.36,
                              "Total Cost": 518214.76,
                              "Plan Rows": 284,
                              "Plan Width": 113,
                              "Workers Planned": 2,
                              "Plans": [
                                {
                                  "Node Type": "Aggregate",
                                  "Strategy": "Sorted",
                                  "Partial Mode": "Partial",
                                  "Parent Relationship": "Outer",
                                  "Parallel Aware": false,
                                  "Async Capable": false,
                                  "Startup Cost": 517177.34,
                                  "Total Cost": 517181.95,
                                  "Plan Rows": 142,
                                  "Plan Width": 113,
                                  "Group Key": [
                                    "catalog_page.cp_catalog_page_id"
                                  ],
                                  "Plans": [
                                    {
                                      "Node Type": "Sort",
                                      "Parent Relationship": "Outer",
                                      "Parallel Aware": false,
                                      "Async Capable": false,
                                      "Startup Cost": 517177.34,
                                      "Total Cost": 517177.69,
                                      "Plan Rows": 142,
                                      "Plan Width": 41,
                                      "Sort Key": [
                                        "catalog_page.cp_catalog_page_id"
                                      ],
                                      "Plans": [
                                        {
                                          "Node Type": "Hash Join",
                                          "Parent Relationship": "Outer",
                                          "Parallel Aware": false,
                                          "Async Capable": false,
                                          "Join Type": "Inner",
                                          "Startup Cost": 57382.33,
                                          "Total Cost": 517172.26,
                                          "Plan Rows": 142,
                                          "Plan Width": 41,
                                          "Inner Unique": false,
                                          "Hash Cond": "(catalog_sales.cs_catalog_page_sk = catalog_page.cp_catalog_page_sk)",
                                          "Plans": [
                                            {
                                              "Node Type": "Hash Join",
                                              "Parent Relationship": "Outer",
                                              "Parallel Aware": false,
                                              "Async Capable": false,
                                              "Join Type": "Inner",
                                              "Startup Cost": 56864.33,
                                              "Total Cost": 516652.32,
                                              "Plan Rows": 142,
                                              "Plan Width": 28,
                                              "Inner Unique": false,
                                              "Hash Cond": "(catalog_sales.cs_promo_sk = promotion_1.p_promo_sk)",
                                              "Plans": [
                                                {
                                                  "Node Type": "Hash Join",
                                                  "Parent Relationship": "Outer",
                                                  "Parallel Aware": true,
                                                  "Async Capable": false,
                                                  "Join Type": "Inner",
                                                  "Startup Cost": 56838.93,
                                                  "Total Cost": 516624.96,
                                                  "Plan Rows": 145,
                                                  "Plan Width": 32,
                                                  "Inner Unique": false,
                                                  "Hash Cond": "(catalog_sales.cs_item_sk = item_1.i_item_sk)",
                                                  "Plans": [
                                                    {
                                                      "Node Type": "Hash Join",
                                                      "Parent Relationship": "Outer",
                                                      "Parallel Aware": true,
                                                      "Async Capable": false,
                                                      "Join Type": "Left",
                                                      "Startup Cost": 49313.15,
                                                      "Total Cost": 509089.08,
                                                      "Plan Rows": 2532,
                                                      "Plan Width": 36,
                                                      "Inner Unique": false,
                                                      "Hash Cond": "((catalog_sales.cs_item_sk = catalog_returns.cr_item_sk) AND (catalog_sales.cs_order_number = catalog_returns.cr_order_number))",
                                                      "Plans": [
                                                        {
                                                          "Node Type": "Hash Join",
                                                          "Parent Relationship": "Outer",
                                                          "Parallel Aware": true,
                                                          "Async Capable": false,
                                                          "Join Type": "Inner",
                                                          "Startup Cost": 2049.78,
                                                          "Total Cost": 458254.7,
                                                          "Plan Rows": 2532,
                                                          "Plan Width": 28,
                                                          "Inner Unique": false,
                                                          "Hash Cond": "(catalog_sales.cs_sold_date_sk = date_dim_1.d_date_sk)",
                                                          "Plans": [
                                                            {
                                                              "Node Type": "Seq Scan",
                                                              "Parent Relationship": "Outer",
                                                              "Parallel Aware": true,
                                                              "Async Capable": false,
                                                              "Relation Name": "catalog_sales",
                                                              "Alias": "catalog_sales",
                                                              "Startup Cost": 0.0,
                                                              "Total Cost": 433688.25,
                                                              "Plan Rows": 6000525,
                                                              "Plan Width": 32,
                                                              "parent": 34,
                                                              "ID": 35
                                                            },
                                                            {
                                                              "Node Type": "Hash",
                                                              "Parent Relationship": "Inner",
                                                              "Parallel Aware": true,
                                                              "Async Capable": false,
                                                              "Startup Cost": 2049.55,
                                                              "Total Cost": 2049.55,
                                                              "Plan Rows": 18,
                                                              "Plan Width": 4,
                                                              "Plans": [
                                                                {
                                                                  "Node Type": "Seq Scan",
                                                                  "Parent Relationship": "Outer",
                                                                  "Parallel Aware": true,
                                                                  "Async Capable": false,
                                                                  "Relation Name": "date_dim",
                                                                  "Alias": "date_dim_1",
                                                                  "Startup Cost": 0.0,
                                                                  "Total Cost": 2049.55,
                                                                  "Plan Rows": 18,
                                                                  "Plan Width": 4,
                                                                  "Filter": "((d_date >= '2000-08-02'::date) AND (d_date <= '2000-09-01 00:00:00'::timestamp without time zone))",
                                                                  "parent": 36,
                                                                  "ID": 37
                                                                }
                                                              ],
                                                              "parent": 34,
                                                              "ID": 36,
                                                              "left": 37
                                                            }
                                                          ],
                                                          "parent": 33,
                                                          "ID": 34,
                                                          "left": 35,
                                                          "right": 36
                                                        },
                                                        {
                                                          "Node Type": "Hash",
                                                          "Parent Relationship": "Inner",
                                                          "Parallel Aware": true,
                                                          "Async Capable": false,
                                                          "Startup Cost": 34748.95,
                                                          "Total Cost": 34748.95,
                                                          "Plan Rows": 599895,
                                                          "Plan Width": 20,
                                                          "Plans": [
                                                            {
                                                              "Node Type": "Seq Scan",
                                                              "Parent Relationship": "Outer",
                                                              "Parallel Aware": true,
                                                              "Async Capable": false,
                                                              "Relation Name": "catalog_returns",
                                                              "Alias": "catalog_returns",
                                                              "Startup Cost": 0.0,
                                                              "Total Cost": 34748.95,
                                                              "Plan Rows": 599895,
                                                              "Plan Width": 20,
                                                              "parent": 38,
                                                              "ID": 39
                                                            }
                                                          ],
                                                          "parent": 33,
                                                          "ID": 38,
                                                          "left": 39
                                                        }
                                                      ],
                                                      "parent": 32,
                                                      "ID": 33,
                                                      "left": 34,
                                                      "right": 38
                                                    },
                                                    {
                                                      "Node Type": "Hash",
                                                      "Parent Relationship": "Inner",
                                                      "Parallel Aware": true,
                                                      "Async Capable": false,
                                                      "Startup Cost": 7495.25,
                                                      "Total Cost": 7495.25,
                                                      "Plan Rows": 2442,
                                                      "Plan Width": 4,
                                                      "Plans": [
                                                        {
                                                          "Node Type": "Seq Scan",
                                                          "Parent Relationship": "Outer",
                                                          "Parallel Aware": true,
                                                          "Async Capable": false,
                                                          "Relation Name": "item",
                                                          "Alias": "item_1",
                                                          "Startup Cost": 0.0,
                                                          "Total Cost": 7495.25,
                                                          "Plan Rows": 2442,
                                                          "Plan Width": 4,
                                                          "Filter": "(i_current_price > '50'::numeric)",
                                                          "parent": 40,
                                                          "ID": 41
                                                        }
                                                      ],
                                                      "parent": 32,
                                                      "ID": 40,
                                                      "left": 41
                                                    }
                                                  ],
                                                  "parent": 31,
                                                  "ID": 32,
                                                  "left": 33,
                                                  "right": 40
                                                },
                                                {
                                                  "Node Type": "Hash",
                                                  "Parent Relationship": "Inner",
                                                  "Parallel Aware": false,
                                                  "Async Capable": false,
                                                  "Startup Cost": 19.25,
                                                  "Total Cost": 19.25,
                                                  "Plan Rows": 492,
                                                  "Plan Width": 4,
                                                  "Plans": [
                                                    {
                                                      "Node Type": "Seq Scan",
                                                      "Parent Relationship": "Outer",
                                                      "Parallel Aware": false,
                                                      "Async Capable": false,
                                                      "Relation Name": "promotion",
                                                      "Alias": "promotion_1",
                                                      "Startup Cost": 0.0,
                                                      "Total Cost": 19.25,
                                                      "Plan Rows": 492,
                                                      "Plan Width": 4,
                                                      "Filter": "(p_channel_tv = 'N'::bpchar)",
                                                      "parent": 42,
                                                      "ID": 43
                                                    }
                                                  ],
                                                  "parent": 31,
                                                  "ID": 42,
                                                  "left": 43
                                                }
                                              ],
                                              "parent": 30,
                                              "ID": 31,
                                              "left": 32,
                                              "right": 42
                                            },
                                            {
                                              "Node Type": "Hash",
                                              "Parent Relationship": "Inner",
                                              "Parallel Aware": false,
                                              "Async Capable": false,
                                              "Startup Cost": 368.0,
                                              "Total Cost": 368.0,
                                              "Plan Rows": 12000,
                                              "Plan Width": 21,
                                              "Plans": [
                                                {
                                                  "Node Type": "Seq Scan",
                                                  "Parent Relationship": "Outer",
                                                  "Parallel Aware": false,
                                                  "Async Capable": false,
                                                  "Relation Name": "catalog_page",
                                                  "Alias": "catalog_page",
                                                  "Startup Cost": 0.0,
                                                  "Total Cost": 368.0,
                                                  "Plan Rows": 12000,
                                                  "Plan Width": 21,
                                                  "parent": 44,
                                                  "ID": 45
                                                }
                                              ],
                                              "parent": 30,
                                              "ID": 44,
                                              "left": 45
                                            }
                                          ],
                                          "parent": 29,
                                          "ID": 30,
                                          "left": 31,
                                          "right": 44
                                        }
                                      ],
                                      "parent": 28,
                                      "ID": 29,
                                      "left": 30
                                    }
                                  ],
                                  "parent": 27,
                                  "ID": 28,
                                  "left": 29
                                }
                              ],
                              "parent": 26,
                              "ID": 27,
                              "left": 28
                            }
                          ],
                          "parent": 25,
                          "ID": 26,
                          "left": 27
                        }
                      ],
                      "parent": 3,
                      "ID": 25,
                      "left": 26
                    },
                    {
                      "Node Type": "Subquery Scan",
                      "Parent Relationship": "Member",
                      "Parallel Aware": false,
                      "Async Capable": false,
                      "Alias": "wsr",
                      "Startup Cost": 263919.04,
                      "Total Cost": 263926.75,
                      "Plan Rows": 21,
                      "Plan Width": 160,
                      "Plans": [
                        {
                          "Node Type": "Aggregate",
                          "Strategy": "Sorted",
                          "Partial Mode": "Finalize",
                          "Parent Relationship": "Subquery",
                          "Parallel Aware": false,
                          "Async Capable": false,
                          "Startup Cost": 263919.04,
                          "Total Cost": 263926.43,
                          "Plan Rows": 21,
                          "Plan Width": 113,
                          "Group Key": [
                            "web_site.web_site_id"
                          ],
                          "Plans": [
                            {
                              "Node Type": "Gather Merge",
                              "Parent Relationship": "Outer",
                              "Parallel Aware": false,
                              "Async Capable": false,
                              "Startup Cost": 263919.04,
                              "Total Cost": 263925.33,
                              "Plan Rows": 42,
                              "Plan Width": 113,
                              "Workers Planned": 2,
                              "Plans": [
                                {
                                  "Node Type": "Aggregate",
                                  "Strategy": "Sorted",
                                  "Partial Mode": "Partial",
                                  "Parent Relationship": "Outer",
                                  "Parallel Aware": false,
                                  "Async Capable": false,
                                  "Startup Cost": 262919.01,
                                  "Total Cost": 262920.46,
                                  "Plan Rows": 21,
                                  "Plan Width": 113,
                                  "Group Key": [
                                    "web_site.web_site_id"
                                  ],
                                  "Plans": [
                                    {
                                      "Node Type": "Sort",
                                      "Parent Relationship": "Outer",
                                      "Parallel Aware": false,
                                      "Async Capable": false,
                                      "Startup Cost": 262919.01,
                                      "Total Cost": 262919.19,
                                      "Plan Rows": 72,
                                      "Plan Width": 41,
                                      "Sort Key": [
                                        "web_site.web_site_id"
                                      ],
                                      "Plans": [
                                        {
                                          "Node Type": "Hash Join",
                                          "Parent Relationship": "Outer",
                                          "Parallel Aware": false,
                                          "Async Capable": false,
                                          "Join Type": "Inner",
                                          "Startup Cost": 32134.74,
                                          "Total Cost": 262916.79,
                                          "Plan Rows": 72,
                                          "Plan Width": 41,
                                          "Inner Unique": false,
                                          "Hash Cond": "(web_sales.ws_web_site_sk = web_site.web_site_sk)",
                                          "Plans": [
                                            {
                                              "Node Type": "Hash Join",
                                              "Parent Relationship": "Outer",
                                              "Parallel Aware": false,
                                              "Async Capable": false,
                                              "Join Type": "Inner",
                                              "Startup Cost": 32130.8,
                                              "Total Cost": 262911.86,
                                              "Plan Rows": 72,
                                              "Plan Width": 28,
                                              "Inner Unique": false,
                                              "Hash Cond": "(web_sales.ws_promo_sk = promotion_2.p_promo_sk)",
                                              "Plans": [
                                                {
                                                  "Node Type": "Hash Join",
                                                  "Parent Relationship": "Outer",
                                                  "Parallel Aware": true,
                                                  "Async Capable": false,
                                                  "Join Type": "Inner",
                                                  "Startup Cost": 32105.4,
                                                  "Total Cost": 262885.46,
                                                  "Plan Rows": 73,
                                                  "Plan Width": 32,
                                                  "Inner Unique": false,
                                                  "Hash Cond": "(web_sales.ws_item_sk = item_2.i_item_sk)",
                                                  "Plans": [
                                                    {
                                                      "Node Type": "Hash Join",
                                                      "Parent Relationship": "Outer",
                                                      "Parallel Aware": true,
                                                      "Async Capable": false,
                                                      "Join Type": "Left",
                                                      "Startup Cost": 24579.62,
                                                      "Total Cost": 255354.62,
                                                      "Plan Rows": 1272,
                                                      "Plan Width": 36,
                                                      "Inner Unique": false,
                                                      "Hash Cond": "((web_sales.ws_item_sk = web_returns.wr_item_sk) AND (web_sales.ws_order_number = web_returns.wr_order_number))",
                                                      "Plans": [
                                                        {
                                                          "Node Type": "Hash Join",
                                                          "Parent Relationship": "Outer",
                                                          "Parallel Aware": true,
                                                          "Async Capable": false,
                                                          "Join Type": "Inner",
                                                          "Startup Cost": 2049.78,
                                                          "Total Cost": 231041.22,
                                                          "Plan Rows": 1272,
                                                          "Plan Width": 28,
                                                          "Inner Unique": false,
                                                          "Hash Cond": "(web_sales.ws_sold_date_sk = date_dim_2.d_date_sk)",
                                                          "Plans": [
                                                            {
                                                              "Node Type": "Seq Scan",
                                                              "Parent Relationship": "Outer",
                                                              "Parallel Aware": true,
                                                              "Async Capable": false,
                                                              "Relation Name": "web_sales",
                                                              "Alias": "web_sales",
                                                              "Startup Cost": 0.0,
                                                              "Total Cost": 217737.86,
                                                              "Plan Rows": 2998986,
                                                              "Plan Width": 32,
                                                              "parent": 55,
                                                              "ID": 56
                                                            },
                                                            {
                                                              "Node Type": "Hash",
                                                              "Parent Relationship": "Inner",
                                                              "Parallel Aware": true,
                                                              "Async Capable": false,
                                                              "Startup Cost": 2049.55,
                                                              "Total Cost": 2049.55,
                                                              "Plan Rows": 18,
                                                              "Plan Width": 4,
                                                              "Plans": [
                                                                {
                                                                  "Node Type": "Seq Scan",
                                                                  "Parent Relationship": "Outer",
                                                                  "Parallel Aware": true,
                                                                  "Async Capable": false,
                                                                  "Relation Name": "date_dim",
                                                                  "Alias": "date_dim_2",
                                                                  "Startup Cost": 0.0,
                                                                  "Total Cost": 2049.55,
                                                                  "Plan Rows": 18,
                                                                  "Plan Width": 4,
                                                                  "Filter": "((d_date >= '2000-08-02'::date) AND (d_date <= '2000-09-01 00:00:00'::timestamp without time zone))",
                                                                  "parent": 57,
                                                                  "ID": 58
                                                                }
                                                              ],
                                                              "parent": 55,
                                                              "ID": 57,
                                                              "left": 58
                                                            }
                                                          ],
                                                          "parent": 54,
                                                          "ID": 55,
                                                          "left": 56,
                                                          "right": 57
                                                        },
                                                        {
                                                          "Node Type": "Hash",
                                                          "Parent Relationship": "Inner",
                                                          "Parallel Aware": true,
                                                          "Async Capable": false,
                                                          "Startup Cost": 16278.74,
                                                          "Total Cost": 16278.74,
                                                          "Plan Rows": 299674,
                                                          "Plan Width": 20,
                                                          "Plans": [
                                                            {
                                                              "Node Type": "Seq Scan",
                                                              "Parent Relationship": "Outer",
                                                              "Parallel Aware": true,
                                                              "Async Capable": false,
                                                              "Relation Name": "web_returns",
                                                              "Alias": "web_returns",
                                                              "Startup Cost": 0.0,
                                                              "Total Cost": 16278.74,
                                                              "Plan Rows": 299674,
                                                              "Plan Width": 20,
                                                              "parent": 59,
                                                              "ID": 60
                                                            }
                                                          ],
                                                          "parent": 54,
                                                          "ID": 59,
                                                          "left": 60
                                                        }
                                                      ],
                                                      "parent": 53,
                                                      "ID": 54,
                                                      "left": 55,
                                                      "right": 59
                                                    },
                                                    {
                                                      "Node Type": "Hash",
                                                      "Parent Relationship": "Inner",
                                                      "Parallel Aware": true,
                                                      "Async Capable": false,
                                                      "Startup Cost": 7495.25,
                                                      "Total Cost": 7495.25,
                                                      "Plan Rows": 2442,
                                                      "Plan Width": 4,
                                                      "Plans": [
                                                        {
                                                          "Node Type": "Seq Scan",
                                                          "Parent Relationship": "Outer",
                                                          "Parallel Aware": true,
                                                          "Async Capable": false,
                                                          "Relation Name": "item",
                                                          "Alias": "item_2",
                                                          "Startup Cost": 0.0,
                                                          "Total Cost": 7495.25,
                                                          "Plan Rows": 2442,
                                                          "Plan Width": 4,
                                                          "Filter": "(i_current_price > '50'::numeric)",
                                                          "parent": 61,
                                                          "ID": 62
                                                        }
                                                      ],
                                                      "parent": 53,
                                                      "ID": 61,
                                                      "left": 62
                                                    }
                                                  ],
                                                  "parent": 52,
                                                  "ID": 53,
                                                  "left": 54,
                                                  "right": 61
                                                },
                                                {
                                                  "Node Type": "Hash",
                                                  "Parent Relationship": "Inner",
                                                  "Parallel Aware": false,
                                                  "Async Capable": false,
                                                  "Startup Cost": 19.25,
                                                  "Total Cost": 19.25,
                                                  "Plan Rows": 492,
                                                  "Plan Width": 4,
                                                  "Plans": [
                                                    {
                                                      "Node Type": "Seq Scan",
                                                      "Parent Relationship": "Outer",
                                                      "Parallel Aware": false,
                                                      "Async Capable": false,
                                                      "Relation Name": "promotion",
                                                      "Alias": "promotion_2",
                                                      "Startup Cost": 0.0,
                                                      "Total Cost": 19.25,
                                                      "Plan Rows": 492,
                                                      "Plan Width": 4,
                                                      "Filter": "(p_channel_tv = 'N'::bpchar)",
                                                      "parent": 63,
                                                      "ID": 64
                                                    }
                                                  ],
                                                  "parent": 52,
                                                  "ID": 63,
                                                  "left": 64
                                                }
                                              ],
                                              "parent": 51,
                                              "ID": 52,
                                              "left": 53,
                                              "right": 63
                                            },
                                            {
                                              "Node Type": "Hash",
                                              "Parent Relationship": "Inner",
                                              "Parallel Aware": false,
                                              "Async Capable": false,
                                              "Startup Cost": 3.42,
                                              "Total Cost": 3.42,
                                              "Plan Rows": 42,
                                              "Plan Width": 21,
                                              "Plans": [
                                                {
                                                  "Node Type": "Seq Scan",
                                                  "Parent Relationship": "Outer",
                                                  "Parallel Aware": false,
                                                  "Async Capable": false,
                                                  "Relation Name": "web_site",
                                                  "Alias": "web_site",
                                                  "Startup Cost": 0.0,
                                                  "Total Cost": 3.42,
                                                  "Plan Rows": 42,
                                                  "Plan Width": 21,
                                                  "parent": 65,
                                                  "ID": 66
                                                }
                                              ],
                                              "parent": 51,
                                              "ID": 65,
                                              "left": 66
                                            }
                                          ],
                                          "parent": 50,
                                          "ID": 51,
                                          "left": 52,
                                          "right": 65
                                        }
                                      ],
                                      "parent": 49,
                                      "ID": 50,
                                      "left": 51
                                    }
                                  ],
                                  "parent": 48,
                                  "ID": 49,
                                  "left": 50
                                }
                              ],
                              "parent": 47,
                              "ID": 48,
                              "left": 49
                            }
                          ],
                          "parent": 46,
                          "ID": 47,
                          "left": 48
                        }
                      ],
                      "parent": 3,
                      "ID": 46,
                      "left": 47
                    }
                  ],
                  "parent": 2,
                  "ID": 3,
                  "left": 4,
                  "right": 25
                }
              ],
              "parent": 1,
              "ID": 2,
              "left": 3
            }
          ],
          "parent": 0,
          "ID": 1,
          "left": 2
        }
      ],
      "parent": null,
      "ID": 0,
      "left": 1
    },
    "feat": {
      "utility": 0.0,
      "query_shape": [
        [
          "Seq Scan",
          "Hash Join",
          "Sort",
          "Aggregate",
          "Gather Merge",
          "Subquery Scan",
          "Append"
        ],
        [
          "Seq Scan",
          "Hash",
          "Hash Join",
          "Sort",
          "Aggregate",
          "Gather Merge",
          "Subquery Scan",
          "Append"
        ],
        [
          "Seq Scan",
          "Hash",
          "Hash Join",
          "Sort",
          "Aggregate",
          "Gather Merge",
          "Subquery Scan",
          "Append"
        ],
        [
          "Seq Scan",
          "Hash",
          "Hash Join",
          "Sort",
          "Aggregate",
          "Gather Merge",
          "Subquery Scan",
          "Append"
        ],
        [
          "Seq Scan",
          "Hash",
          "Hash Join",
          "Sort",
          "Aggregate",
          "Gather Merge",
          "Subquery Scan",
          "Append"
        ],
        [
          "Seq Scan",
          "Hash",
          "Hash Join",
          "Sort",
          "Aggregate",
          "Gather Merge",
          "Subquery Scan",
          "Append"
        ],
        [
          "Seq Scan",
          "Hash Join",
          "Sort",
          "Aggregate",
          "Gather Merge",
          "Subquery Scan",
          "Append"
        ],
        [
          "Seq Scan",
          "Hash",
          "Hash Join",
          "Sort",
          "Aggregate",
          "Gather Merge",
          "Subquery Scan",
          "Append"
        ],
        [
          "Seq Scan",
          "Hash",
          "Hash Join",
          "Sort",
          "Aggregate",
          "Gather Merge",
          "Subquery Scan",
          "Append"
        ],
        [
          "Seq Scan",
          "Hash",
          "Hash Join",
          "Sort",
          "Aggregate",
          "Gather Merge",
          "Subquery Scan",
          "Append"
        ],
        [
          "Seq Scan",
          "Hash",
          "Hash Join",
          "Sort",
          "Aggregate",
          "Gather Merge",
          "Subquery Scan",
          "Append"
        ],
        [
          "Seq Scan",
          "Hash",
          "Hash Join",
          "Sort",
          "Aggregate",
          "Gather Merge",
          "Subquery Scan",
          "Append"
        ],
        [
          "Seq Scan",
          "Hash Join",
          "Sort",
          "Aggregate",
          "Gather Merge",
          "Subquery Scan",
          "Append"
        ],
        [
          "Seq Scan",
          "Hash",
          "Hash Join",
          "Sort",
          "Aggregate",
          "Gather Merge",
          "Subquery Scan",
          "Append"
        ],
        [
          "Seq Scan",
          "Hash",
          "Hash Join",
          "Sort",
          "Aggregate",
          "Gather Merge",
          "Subquery Scan",
          "Append"
        ],
        [
          "Seq Scan",
          "Hash",
          "Hash Join",
          "Sort",
          "Aggregate",
          "Gather Merge",
          "Subquery Scan",
          "Append"
        ],
        [
          "Seq Scan",
          "Hash",
          "Hash Join",
          "Sort",
          "Aggregate",
          "Gather Merge",
          "Subquery Scan",
          "Append"
        ],
        [
          "Seq Scan",
          "Hash",
          "Hash Join",
          "Sort",
          "Aggregate",
          "Gather Merge",
          "Subquery Scan",
          "Append"
        ]
      ],
      "index_shape": [],
      "physical_operator": {}
    }
  }
]